ppo_ros_continuous.py --env-id Hopper-v4 -s expert/b_16/no_clip --total-timesteps 32768 --eval-freq 1 --eval-episodes 0 -b 16 --num-steps 1024 -lr 0 --update-epochs 0 --anneal-lr 0 --ros-num-steps 256 --ros-update-epochs 16 --ros-target-kl 0.05 --ros-clip-coef 999999999 --ros-lambda 0.1 -ros-lr 0.001 --ros-anneal-lr 0 --se 1 --se-freq 1 --se-lr 1e-3 --se-epochs 1000 --policy-path policies/Hopper-v4/best_model.zip --normalization-dir policies/Hopper-v4
Obtaining file:///var/lib/condor/execute/slot1/dir_1142466/PPOROS/PPOROS/custom-envs
  Preparing metadata (setup.py): started
  Preparing metadata (setup.py): finished with status 'done'
Requirement already satisfied: gym in /var/lib/condor/execute/slot1/dir_1142466/PPOROS/ppo-ros_env/lib/python3.9/site-packages (from custom-envs==0.0.1) (0.21.0)
Requirement already satisfied: numpy>=1.18.0 in /var/lib/condor/execute/slot1/dir_1142466/PPOROS/ppo-ros_env/lib/python3.9/site-packages (from gym->custom-envs==0.0.1) (1.24.2)
Requirement already satisfied: cloudpickle>=1.2.0 in /var/lib/condor/execute/slot1/dir_1142466/PPOROS/ppo-ros_env/lib/python3.9/site-packages (from gym->custom-envs==0.0.1) (2.2.1)
Installing collected packages: custom-envs
  Running setup.py develop for custom-envs
Successfully installed custom-envs-0.0.1
seed: 2
Eval num_timesteps=0, episode_reward=nan +/- nan
Eval num_timesteps=0, episode_success=nan +/- nan
se
1 1024 1024
diff [0.021333329379558563]
ref [0.08035845309495926]
[0.10169178247451782]
Training time: 15 	steps per sec: 65
Eval num_timesteps=1024, episode_reward=nan +/- nan
Eval num_timesteps=1024, episode_success=nan +/- nan
se
2 2048 1024
diff [0.021333329379558563, -0.011211071163415909]
ref [0.08035845309495926, 0.05317933112382889]
[0.10169178247451782, 0.04196825996041298]
Training time: 38 	steps per sec: 53
Eval num_timesteps=2048, episode_reward=nan +/- nan
Eval num_timesteps=2048, episode_success=nan +/- nan
se
3 3072 1024
diff [0.021333329379558563, -0.011211071163415909, 0.0029348544776439667]
ref [0.08035845309495926, 0.05317933112382889, 0.026904208585619926]
[0.10169178247451782, 0.04196825996041298, 0.029839063063263893]
Training time: 67 	steps per sec: 45
Eval num_timesteps=3072, episode_reward=nan +/- nan
Eval num_timesteps=3072, episode_success=nan +/- nan
se
4 4096 1024
diff [0.021333329379558563, -0.011211071163415909, 0.0029348544776439667, -0.006483759731054306]
ref [0.08035845309495926, 0.05317933112382889, 0.026904208585619926, 0.02816186100244522]
[0.10169178247451782, 0.04196825996041298, 0.029839063063263893, 0.021678101271390915]
Training time: 105 	steps per sec: 38
Eval num_timesteps=4096, episode_reward=nan +/- nan
Eval num_timesteps=4096, episode_success=nan +/- nan
se
5 5120 1024
diff [0.021333329379558563, -0.011211071163415909, 0.0029348544776439667, -0.006483759731054306, 0.00044577382504940033]
ref [0.08035845309495926, 0.05317933112382889, 0.026904208585619926, 0.02816186100244522, 0.018386615440249443]
[0.10169178247451782, 0.04196825996041298, 0.029839063063263893, 0.021678101271390915, 0.018832389265298843]
Training time: 149 	steps per sec: 34
Eval num_timesteps=5120, episode_reward=nan +/- nan
Eval num_timesteps=5120, episode_success=nan +/- nan
se
6 6144 1024
diff [0.021333329379558563, -0.011211071163415909, 0.0029348544776439667, -0.006483759731054306, 0.00044577382504940033, -0.0021363236010074615]
ref [0.08035845309495926, 0.05317933112382889, 0.026904208585619926, 0.02816186100244522, 0.018386615440249443, 0.014999848790466785]
[0.10169178247451782, 0.04196825996041298, 0.029839063063263893, 0.021678101271390915, 0.018832389265298843, 0.012863525189459324]
Training time: 193 	steps per sec: 31
Eval num_timesteps=6144, episode_reward=nan +/- nan
Eval num_timesteps=6144, episode_success=nan +/- nan
se
7 7168 1024
diff [0.021333329379558563, -0.011211071163415909, 0.0029348544776439667, -0.006483759731054306, 0.00044577382504940033, -0.0021363236010074615, -0.0068105654790997505]
ref [0.08035845309495926, 0.05317933112382889, 0.026904208585619926, 0.02816186100244522, 0.018386615440249443, 0.014999848790466785, 0.016517488285899162]
[0.10169178247451782, 0.04196825996041298, 0.029839063063263893, 0.021678101271390915, 0.018832389265298843, 0.012863525189459324, 0.009706922806799412]
Training time: 237 	steps per sec: 30
Eval num_timesteps=7168, episode_reward=nan +/- nan
Eval num_timesteps=7168, episode_success=nan +/- nan
se
8 8192 1024
diff [0.021333329379558563, -0.011211071163415909, 0.0029348544776439667, -0.006483759731054306, 0.00044577382504940033, -0.0021363236010074615, -0.0068105654790997505, -0.004755047149956226]
ref [0.08035845309495926, 0.05317933112382889, 0.026904208585619926, 0.02816186100244522, 0.018386615440249443, 0.014999848790466785, 0.016517488285899162, 0.01343470998108387]
[0.10169178247451782, 0.04196825996041298, 0.029839063063263893, 0.021678101271390915, 0.018832389265298843, 0.012863525189459324, 0.009706922806799412, 0.008679662831127644]
Training time: 285 	steps per sec: 28
Eval num_timesteps=8192, episode_reward=nan +/- nan
Eval num_timesteps=8192, episode_success=nan +/- nan
se
9 9216 1024
diff [0.021333329379558563, -0.011211071163415909, 0.0029348544776439667, -0.006483759731054306, 0.00044577382504940033, -0.0021363236010074615, -0.0068105654790997505, -0.004755047149956226, -0.004786250181496143]
ref [0.08035845309495926, 0.05317933112382889, 0.026904208585619926, 0.02816186100244522, 0.018386615440249443, 0.014999848790466785, 0.016517488285899162, 0.01343470998108387, 0.01275304239243269]
[0.10169178247451782, 0.04196825996041298, 0.029839063063263893, 0.021678101271390915, 0.018832389265298843, 0.012863525189459324, 0.009706922806799412, 0.008679662831127644, 0.007966792210936546]
Training time: 334 	steps per sec: 27
Eval num_timesteps=9216, episode_reward=nan +/- nan
Eval num_timesteps=9216, episode_success=nan +/- nan
se
10 10240 1024
diff [0.021333329379558563, -0.011211071163415909, 0.0029348544776439667, -0.006483759731054306, 0.00044577382504940033, -0.0021363236010074615, -0.0068105654790997505, -0.004755047149956226, -0.004786250181496143, -0.0034120194613933563]
ref [0.08035845309495926, 0.05317933112382889, 0.026904208585619926, 0.02816186100244522, 0.018386615440249443, 0.014999848790466785, 0.016517488285899162, 0.01343470998108387, 0.01275304239243269, 0.010543599724769592]
[0.10169178247451782, 0.04196825996041298, 0.029839063063263893, 0.021678101271390915, 0.018832389265298843, 0.012863525189459324, 0.009706922806799412, 0.008679662831127644, 0.007966792210936546, 0.007131580263376236]
Training time: 383 	steps per sec: 26
Eval num_timesteps=10240, episode_reward=nan +/- nan
Eval num_timesteps=10240, episode_success=nan +/- nan
se
11 11264 1024
diff [0.021333329379558563, -0.011211071163415909, 0.0029348544776439667, -0.006483759731054306, 0.00044577382504940033, -0.0021363236010074615, -0.0068105654790997505, -0.004755047149956226, -0.004786250181496143, -0.0034120194613933563, -0.003494013100862503]
ref [0.08035845309495926, 0.05317933112382889, 0.026904208585619926, 0.02816186100244522, 0.018386615440249443, 0.014999848790466785, 0.016517488285899162, 0.01343470998108387, 0.01275304239243269, 0.010543599724769592, 0.010473647154867649]
[0.10169178247451782, 0.04196825996041298, 0.029839063063263893, 0.021678101271390915, 0.018832389265298843, 0.012863525189459324, 0.009706922806799412, 0.008679662831127644, 0.007966792210936546, 0.007131580263376236, 0.006979634054005146]
Training time: 435 	steps per sec: 25
Eval num_timesteps=11264, episode_reward=nan +/- nan
Eval num_timesteps=11264, episode_success=nan +/- nan
se
12 12288 1024
diff [0.021333329379558563, -0.011211071163415909, 0.0029348544776439667, -0.006483759731054306, 0.00044577382504940033, -0.0021363236010074615, -0.0068105654790997505, -0.004755047149956226, -0.004786250181496143, -0.0034120194613933563, -0.003494013100862503, -0.002222903538495302]
ref [0.08035845309495926, 0.05317933112382889, 0.026904208585619926, 0.02816186100244522, 0.018386615440249443, 0.014999848790466785, 0.016517488285899162, 0.01343470998108387, 0.01275304239243269, 0.010543599724769592, 0.010473647154867649, 0.009096729569137096]
[0.10169178247451782, 0.04196825996041298, 0.029839063063263893, 0.021678101271390915, 0.018832389265298843, 0.012863525189459324, 0.009706922806799412, 0.008679662831127644, 0.007966792210936546, 0.007131580263376236, 0.006979634054005146, 0.006873826030641794]
Training time: 491 	steps per sec: 24
Eval num_timesteps=12288, episode_reward=nan +/- nan
Eval num_timesteps=12288, episode_success=nan +/- nan
se
13 13312 1024
diff [0.021333329379558563, -0.011211071163415909, 0.0029348544776439667, -0.006483759731054306, 0.00044577382504940033, -0.0021363236010074615, -0.0068105654790997505, -0.004755047149956226, -0.004786250181496143, -0.0034120194613933563, -0.003494013100862503, -0.002222903538495302, -0.003084189258515835]
ref [0.08035845309495926, 0.05317933112382889, 0.026904208585619926, 0.02816186100244522, 0.018386615440249443, 0.014999848790466785, 0.016517488285899162, 0.01343470998108387, 0.01275304239243269, 0.010543599724769592, 0.010473647154867649, 0.009096729569137096, 0.009058652445673943]
[0.10169178247451782, 0.04196825996041298, 0.029839063063263893, 0.021678101271390915, 0.018832389265298843, 0.012863525189459324, 0.009706922806799412, 0.008679662831127644, 0.007966792210936546, 0.007131580263376236, 0.006979634054005146, 0.006873826030641794, 0.005974463187158108]
Training time: 552 	steps per sec: 24
Eval num_timesteps=13312, episode_reward=nan +/- nan
Eval num_timesteps=13312, episode_success=nan +/- nan
se
14 14336 1024
diff [0.021333329379558563, -0.011211071163415909, 0.0029348544776439667, -0.006483759731054306, 0.00044577382504940033, -0.0021363236010074615, -0.0068105654790997505, -0.004755047149956226, -0.004786250181496143, -0.0034120194613933563, -0.003494013100862503, -0.002222903538495302, -0.003084189258515835, -0.0020507704466581345]
ref [0.08035845309495926, 0.05317933112382889, 0.026904208585619926, 0.02816186100244522, 0.018386615440249443, 0.014999848790466785, 0.016517488285899162, 0.01343470998108387, 0.01275304239243269, 0.010543599724769592, 0.010473647154867649, 0.009096729569137096, 0.009058652445673943, 0.007735020015388727]
[0.10169178247451782, 0.04196825996041298, 0.029839063063263893, 0.021678101271390915, 0.018832389265298843, 0.012863525189459324, 0.009706922806799412, 0.008679662831127644, 0.007966792210936546, 0.007131580263376236, 0.006979634054005146, 0.006873826030641794, 0.005974463187158108, 0.005684249568730593]
Training time: 638 	steps per sec: 22
Eval num_timesteps=14336, episode_reward=nan +/- nan
Eval num_timesteps=14336, episode_success=nan +/- nan
se
15 15360 1024
diff [0.021333329379558563, -0.011211071163415909, 0.0029348544776439667, -0.006483759731054306, 0.00044577382504940033, -0.0021363236010074615, -0.0068105654790997505, -0.004755047149956226, -0.004786250181496143, -0.0034120194613933563, -0.003494013100862503, -0.002222903538495302, -0.003084189258515835, -0.0020507704466581345, -0.0024752020835876465]
ref [0.08035845309495926, 0.05317933112382889, 0.026904208585619926, 0.02816186100244522, 0.018386615440249443, 0.014999848790466785, 0.016517488285899162, 0.01343470998108387, 0.01275304239243269, 0.010543599724769592, 0.010473647154867649, 0.009096729569137096, 0.009058652445673943, 0.007735020015388727, 0.007785045076161623]
[0.10169178247451782, 0.04196825996041298, 0.029839063063263893, 0.021678101271390915, 0.018832389265298843, 0.012863525189459324, 0.009706922806799412, 0.008679662831127644, 0.007966792210936546, 0.007131580263376236, 0.006979634054005146, 0.006873826030641794, 0.005974463187158108, 0.005684249568730593, 0.0053098429925739765]
Training time: 731 	steps per sec: 21
Eval num_timesteps=15360, episode_reward=nan +/- nan
Eval num_timesteps=15360, episode_success=nan +/- nan
se
16 16384 1024
diff [0.021333329379558563, -0.011211071163415909, 0.0029348544776439667, -0.006483759731054306, 0.00044577382504940033, -0.0021363236010074615, -0.0068105654790997505, -0.004755047149956226, -0.004786250181496143, -0.0034120194613933563, -0.003494013100862503, -0.002222903538495302, -0.003084189258515835, -0.0020507704466581345, -0.0024752020835876465, -0.0018966421484947205]
ref [0.08035845309495926, 0.05317933112382889, 0.026904208585619926, 0.02816186100244522, 0.018386615440249443, 0.014999848790466785, 0.016517488285899162, 0.01343470998108387, 0.01275304239243269, 0.010543599724769592, 0.010473647154867649, 0.009096729569137096, 0.009058652445673943, 0.007735020015388727, 0.007785045076161623, 0.0067789508029818535]
[0.10169178247451782, 0.04196825996041298, 0.029839063063263893, 0.021678101271390915, 0.018832389265298843, 0.012863525189459324, 0.009706922806799412, 0.008679662831127644, 0.007966792210936546, 0.007131580263376236, 0.006979634054005146, 0.006873826030641794, 0.005974463187158108, 0.005684249568730593, 0.0053098429925739765, 0.004882308654487133]
Training time: 868 	steps per sec: 18
Eval num_timesteps=16384, episode_reward=nan +/- nan
Eval num_timesteps=16384, episode_success=nan +/- nan
se
16 16384 1024
diff [0.021333329379558563, -0.011211071163415909, 0.0029348544776439667, -0.006483759731054306, 0.00044577382504940033, -0.0021363236010074615, -0.0068105654790997505, -0.004755047149956226, -0.004786250181496143, -0.0034120194613933563, -0.003494013100862503, -0.002222903538495302, -0.003084189258515835, -0.0020507704466581345, -0.0024752020835876465, -0.0018966421484947205, -0.0015221214853227139]
ref [0.08035845309495926, 0.05317933112382889, 0.026904208585619926, 0.02816186100244522, 0.018386615440249443, 0.014999848790466785, 0.016517488285899162, 0.01343470998108387, 0.01275304239243269, 0.010543599724769592, 0.010473647154867649, 0.009096729569137096, 0.009058652445673943, 0.007735020015388727, 0.007785045076161623, 0.0067789508029818535, 0.007101170253008604]
[0.10169178247451782, 0.04196825996041298, 0.029839063063263893, 0.021678101271390915, 0.018832389265298843, 0.012863525189459324, 0.009706922806799412, 0.008679662831127644, 0.007966792210936546, 0.007131580263376236, 0.006979634054005146, 0.006873826030641794, 0.005974463187158108, 0.005684249568730593, 0.0053098429925739765, 0.004882308654487133, 0.00557904876768589]
Training time: 972 	steps per sec: 17
Eval num_timesteps=17408, episode_reward=nan +/- nan
Eval num_timesteps=17408, episode_success=nan +/- nan
se
16 16384 1024
diff [0.021333329379558563, -0.011211071163415909, 0.0029348544776439667, -0.006483759731054306, 0.00044577382504940033, -0.0021363236010074615, -0.0068105654790997505, -0.004755047149956226, -0.004786250181496143, -0.0034120194613933563, -0.003494013100862503, -0.002222903538495302, -0.003084189258515835, -0.0020507704466581345, -0.0024752020835876465, -0.0018966421484947205, -0.0015221214853227139, -0.0017478647641837597]
ref [0.08035845309495926, 0.05317933112382889, 0.026904208585619926, 0.02816186100244522, 0.018386615440249443, 0.014999848790466785, 0.016517488285899162, 0.01343470998108387, 0.01275304239243269, 0.010543599724769592, 0.010473647154867649, 0.009096729569137096, 0.009058652445673943, 0.007735020015388727, 0.007785045076161623, 0.0067789508029818535, 0.007101170253008604, 0.007714197039604187]
[0.10169178247451782, 0.04196825996041298, 0.029839063063263893, 0.021678101271390915, 0.018832389265298843, 0.012863525189459324, 0.009706922806799412, 0.008679662831127644, 0.007966792210936546, 0.007131580263376236, 0.006979634054005146, 0.006873826030641794, 0.005974463187158108, 0.005684249568730593, 0.0053098429925739765, 0.004882308654487133, 0.00557904876768589, 0.005966332275420427]
Training time: 1098 	steps per sec: 16
Eval num_timesteps=18432, episode_reward=nan +/- nan
Eval num_timesteps=18432, episode_success=nan +/- nan
se
16 16384 1024
diff [0.021333329379558563, -0.011211071163415909, 0.0029348544776439667, -0.006483759731054306, 0.00044577382504940033, -0.0021363236010074615, -0.0068105654790997505, -0.004755047149956226, -0.004786250181496143, -0.0034120194613933563, -0.003494013100862503, -0.002222903538495302, -0.003084189258515835, -0.0020507704466581345, -0.0024752020835876465, -0.0018966421484947205, -0.0015221214853227139, -0.0017478647641837597, -0.0015980042517185211]
ref [0.08035845309495926, 0.05317933112382889, 0.026904208585619926, 0.02816186100244522, 0.018386615440249443, 0.014999848790466785, 0.016517488285899162, 0.01343470998108387, 0.01275304239243269, 0.010543599724769592, 0.010473647154867649, 0.009096729569137096, 0.009058652445673943, 0.007735020015388727, 0.007785045076161623, 0.0067789508029818535, 0.007101170253008604, 0.007714197039604187, 0.007884644903242588]
[0.10169178247451782, 0.04196825996041298, 0.029839063063263893, 0.021678101271390915, 0.018832389265298843, 0.012863525189459324, 0.009706922806799412, 0.008679662831127644, 0.007966792210936546, 0.007131580263376236, 0.006979634054005146, 0.006873826030641794, 0.005974463187158108, 0.005684249568730593, 0.0053098429925739765, 0.004882308654487133, 0.00557904876768589, 0.005966332275420427, 0.006286640651524067]
Training time: 1190 	steps per sec: 16
Eval num_timesteps=19456, episode_reward=nan +/- nan
Eval num_timesteps=19456, episode_success=nan +/- nan
se
16 16384 1024
diff [0.021333329379558563, -0.011211071163415909, 0.0029348544776439667, -0.006483759731054306, 0.00044577382504940033, -0.0021363236010074615, -0.0068105654790997505, -0.004755047149956226, -0.004786250181496143, -0.0034120194613933563, -0.003494013100862503, -0.002222903538495302, -0.003084189258515835, -0.0020507704466581345, -0.0024752020835876465, -0.0018966421484947205, -0.0015221214853227139, -0.0017478647641837597, -0.0015980042517185211, -0.0014649853110313416]
ref [0.08035845309495926, 0.05317933112382889, 0.026904208585619926, 0.02816186100244522, 0.018386615440249443, 0.014999848790466785, 0.016517488285899162, 0.01343470998108387, 0.01275304239243269, 0.010543599724769592, 0.010473647154867649, 0.009096729569137096, 0.009058652445673943, 0.007735020015388727, 0.007785045076161623, 0.0067789508029818535, 0.007101170253008604, 0.007714197039604187, 0.007884644903242588, 0.0077220844104886055]
[0.10169178247451782, 0.04196825996041298, 0.029839063063263893, 0.021678101271390915, 0.018832389265298843, 0.012863525189459324, 0.009706922806799412, 0.008679662831127644, 0.007966792210936546, 0.007131580263376236, 0.006979634054005146, 0.006873826030641794, 0.005974463187158108, 0.005684249568730593, 0.0053098429925739765, 0.004882308654487133, 0.00557904876768589, 0.005966332275420427, 0.006286640651524067, 0.006257099099457264]
Training time: 1279 	steps per sec: 16
Eval num_timesteps=20480, episode_reward=nan +/- nan
Eval num_timesteps=20480, episode_success=nan +/- nan
se
16 16384 1024
diff [0.021333329379558563, -0.011211071163415909, 0.0029348544776439667, -0.006483759731054306, 0.00044577382504940033, -0.0021363236010074615, -0.0068105654790997505, -0.004755047149956226, -0.004786250181496143, -0.0034120194613933563, -0.003494013100862503, -0.002222903538495302, -0.003084189258515835, -0.0020507704466581345, -0.0024752020835876465, -0.0018966421484947205, -0.0015221214853227139, -0.0017478647641837597, -0.0015980042517185211, -0.0014649853110313416, -0.0006708400323987007]
ref [0.08035845309495926, 0.05317933112382889, 0.026904208585619926, 0.02816186100244522, 0.018386615440249443, 0.014999848790466785, 0.016517488285899162, 0.01343470998108387, 0.01275304239243269, 0.010543599724769592, 0.010473647154867649, 0.009096729569137096, 0.009058652445673943, 0.007735020015388727, 0.007785045076161623, 0.0067789508029818535, 0.007101170253008604, 0.007714197039604187, 0.007884644903242588, 0.0077220844104886055, 0.006832108832895756]
[0.10169178247451782, 0.04196825996041298, 0.029839063063263893, 0.021678101271390915, 0.018832389265298843, 0.012863525189459324, 0.009706922806799412, 0.008679662831127644, 0.007966792210936546, 0.007131580263376236, 0.006979634054005146, 0.006873826030641794, 0.005974463187158108, 0.005684249568730593, 0.0053098429925739765, 0.004882308654487133, 0.00557904876768589, 0.005966332275420427, 0.006286640651524067, 0.006257099099457264, 0.006161268800497055]
Training time: 1364 	steps per sec: 15
Eval num_timesteps=21504, episode_reward=nan +/- nan
Eval num_timesteps=21504, episode_success=nan +/- nan
se
16 16384 1024
diff [0.021333329379558563, -0.011211071163415909, 0.0029348544776439667, -0.006483759731054306, 0.00044577382504940033, -0.0021363236010074615, -0.0068105654790997505, -0.004755047149956226, -0.004786250181496143, -0.0034120194613933563, -0.003494013100862503, -0.002222903538495302, -0.003084189258515835, -0.0020507704466581345, -0.0024752020835876465, -0.0018966421484947205, -0.0015221214853227139, -0.0017478647641837597, -0.0015980042517185211, -0.0014649853110313416, -0.0006708400323987007, -3.635929897427559e-05]
ref [0.08035845309495926, 0.05317933112382889, 0.026904208585619926, 0.02816186100244522, 0.018386615440249443, 0.014999848790466785, 0.016517488285899162, 0.01343470998108387, 0.01275304239243269, 0.010543599724769592, 0.010473647154867649, 0.009096729569137096, 0.009058652445673943, 0.007735020015388727, 0.007785045076161623, 0.0067789508029818535, 0.007101170253008604, 0.007714197039604187, 0.007884644903242588, 0.0077220844104886055, 0.006832108832895756, 0.006319243460893631]
[0.10169178247451782, 0.04196825996041298, 0.029839063063263893, 0.021678101271390915, 0.018832389265298843, 0.012863525189459324, 0.009706922806799412, 0.008679662831127644, 0.007966792210936546, 0.007131580263376236, 0.006979634054005146, 0.006873826030641794, 0.005974463187158108, 0.005684249568730593, 0.0053098429925739765, 0.004882308654487133, 0.00557904876768589, 0.005966332275420427, 0.006286640651524067, 0.006257099099457264, 0.006161268800497055, 0.006282884161919355]
Training time: 1453 	steps per sec: 15
Eval num_timesteps=22528, episode_reward=nan +/- nan
Eval num_timesteps=22528, episode_success=nan +/- nan
se
16 16384 1024
diff [0.021333329379558563, -0.011211071163415909, 0.0029348544776439667, -0.006483759731054306, 0.00044577382504940033, -0.0021363236010074615, -0.0068105654790997505, -0.004755047149956226, -0.004786250181496143, -0.0034120194613933563, -0.003494013100862503, -0.002222903538495302, -0.003084189258515835, -0.0020507704466581345, -0.0024752020835876465, -0.0018966421484947205, -0.0015221214853227139, -0.0017478647641837597, -0.0015980042517185211, -0.0014649853110313416, -0.0006708400323987007, -3.635929897427559e-05, -0.0013516517356038094]
ref [0.08035845309495926, 0.05317933112382889, 0.026904208585619926, 0.02816186100244522, 0.018386615440249443, 0.014999848790466785, 0.016517488285899162, 0.01343470998108387, 0.01275304239243269, 0.010543599724769592, 0.010473647154867649, 0.009096729569137096, 0.009058652445673943, 0.007735020015388727, 0.007785045076161623, 0.0067789508029818535, 0.007101170253008604, 0.007714197039604187, 0.007884644903242588, 0.0077220844104886055, 0.006832108832895756, 0.006319243460893631, 0.0076039452105760574]
[0.10169178247451782, 0.04196825996041298, 0.029839063063263893, 0.021678101271390915, 0.018832389265298843, 0.012863525189459324, 0.009706922806799412, 0.008679662831127644, 0.007966792210936546, 0.007131580263376236, 0.006979634054005146, 0.006873826030641794, 0.005974463187158108, 0.005684249568730593, 0.0053098429925739765, 0.004882308654487133, 0.00557904876768589, 0.005966332275420427, 0.006286640651524067, 0.006257099099457264, 0.006161268800497055, 0.006282884161919355, 0.006252293474972248]
Training time: 1531 	steps per sec: 15
Eval num_timesteps=23552, episode_reward=nan +/- nan
Eval num_timesteps=23552, episode_success=nan +/- nan
se
16 16384 1024
diff [0.021333329379558563, -0.011211071163415909, 0.0029348544776439667, -0.006483759731054306, 0.00044577382504940033, -0.0021363236010074615, -0.0068105654790997505, -0.004755047149956226, -0.004786250181496143, -0.0034120194613933563, -0.003494013100862503, -0.002222903538495302, -0.003084189258515835, -0.0020507704466581345, -0.0024752020835876465, -0.0018966421484947205, -0.0015221214853227139, -0.0017478647641837597, -0.0015980042517185211, -0.0014649853110313416, -0.0006708400323987007, -3.635929897427559e-05, -0.0013516517356038094, -0.0005924324505031109]
ref [0.08035845309495926, 0.05317933112382889, 0.026904208585619926, 0.02816186100244522, 0.018386615440249443, 0.014999848790466785, 0.016517488285899162, 0.01343470998108387, 0.01275304239243269, 0.010543599724769592, 0.010473647154867649, 0.009096729569137096, 0.009058652445673943, 0.007735020015388727, 0.007785045076161623, 0.0067789508029818535, 0.007101170253008604, 0.007714197039604187, 0.007884644903242588, 0.0077220844104886055, 0.006832108832895756, 0.006319243460893631, 0.0076039452105760574, 0.006535796448588371]
[0.10169178247451782, 0.04196825996041298, 0.029839063063263893, 0.021678101271390915, 0.018832389265298843, 0.012863525189459324, 0.009706922806799412, 0.008679662831127644, 0.007966792210936546, 0.007131580263376236, 0.006979634054005146, 0.006873826030641794, 0.005974463187158108, 0.005684249568730593, 0.0053098429925739765, 0.004882308654487133, 0.00557904876768589, 0.005966332275420427, 0.006286640651524067, 0.006257099099457264, 0.006161268800497055, 0.006282884161919355, 0.006252293474972248, 0.00594336399808526]
Training time: 1605 	steps per sec: 15
Eval num_timesteps=24576, episode_reward=nan +/- nan
Eval num_timesteps=24576, episode_success=nan +/- nan
se
16 16384 1024
diff [0.021333329379558563, -0.011211071163415909, 0.0029348544776439667, -0.006483759731054306, 0.00044577382504940033, -0.0021363236010074615, -0.0068105654790997505, -0.004755047149956226, -0.004786250181496143, -0.0034120194613933563, -0.003494013100862503, -0.002222903538495302, -0.003084189258515835, -0.0020507704466581345, -0.0024752020835876465, -0.0018966421484947205, -0.0015221214853227139, -0.0017478647641837597, -0.0015980042517185211, -0.0014649853110313416, -0.0006708400323987007, -3.635929897427559e-05, -0.0013516517356038094, -0.0005924324505031109, 0.00014422647655010223]
ref [0.08035845309495926, 0.05317933112382889, 0.026904208585619926, 0.02816186100244522, 0.018386615440249443, 0.014999848790466785, 0.016517488285899162, 0.01343470998108387, 0.01275304239243269, 0.010543599724769592, 0.010473647154867649, 0.009096729569137096, 0.009058652445673943, 0.007735020015388727, 0.007785045076161623, 0.0067789508029818535, 0.007101170253008604, 0.007714197039604187, 0.007884644903242588, 0.0077220844104886055, 0.006832108832895756, 0.006319243460893631, 0.0076039452105760574, 0.006535796448588371, 0.006302675232291222]
[0.10169178247451782, 0.04196825996041298, 0.029839063063263893, 0.021678101271390915, 0.018832389265298843, 0.012863525189459324, 0.009706922806799412, 0.008679662831127644, 0.007966792210936546, 0.007131580263376236, 0.006979634054005146, 0.006873826030641794, 0.005974463187158108, 0.005684249568730593, 0.0053098429925739765, 0.004882308654487133, 0.00557904876768589, 0.005966332275420427, 0.006286640651524067, 0.006257099099457264, 0.006161268800497055, 0.006282884161919355, 0.006252293474972248, 0.00594336399808526, 0.006446901708841324]
Training time: 1683 	steps per sec: 15
Eval num_timesteps=25600, episode_reward=nan +/- nan
Eval num_timesteps=25600, episode_success=nan +/- nan
se
16 16384 1024
diff [0.021333329379558563, -0.011211071163415909, 0.0029348544776439667, -0.006483759731054306, 0.00044577382504940033, -0.0021363236010074615, -0.0068105654790997505, -0.004755047149956226, -0.004786250181496143, -0.0034120194613933563, -0.003494013100862503, -0.002222903538495302, -0.003084189258515835, -0.0020507704466581345, -0.0024752020835876465, -0.0018966421484947205, -0.0015221214853227139, -0.0017478647641837597, -0.0015980042517185211, -0.0014649853110313416, -0.0006708400323987007, -3.635929897427559e-05, -0.0013516517356038094, -0.0005924324505031109, 0.00014422647655010223, -0.000959344208240509]
ref [0.08035845309495926, 0.05317933112382889, 0.026904208585619926, 0.02816186100244522, 0.018386615440249443, 0.014999848790466785, 0.016517488285899162, 0.01343470998108387, 0.01275304239243269, 0.010543599724769592, 0.010473647154867649, 0.009096729569137096, 0.009058652445673943, 0.007735020015388727, 0.007785045076161623, 0.0067789508029818535, 0.007101170253008604, 0.007714197039604187, 0.007884644903242588, 0.0077220844104886055, 0.006832108832895756, 0.006319243460893631, 0.0076039452105760574, 0.006535796448588371, 0.006302675232291222, 0.00693800812587142]
[0.10169178247451782, 0.04196825996041298, 0.029839063063263893, 0.021678101271390915, 0.018832389265298843, 0.012863525189459324, 0.009706922806799412, 0.008679662831127644, 0.007966792210936546, 0.007131580263376236, 0.006979634054005146, 0.006873826030641794, 0.005974463187158108, 0.005684249568730593, 0.0053098429925739765, 0.004882308654487133, 0.00557904876768589, 0.005966332275420427, 0.006286640651524067, 0.006257099099457264, 0.006161268800497055, 0.006282884161919355, 0.006252293474972248, 0.00594336399808526, 0.006446901708841324, 0.005978663917630911]
Training time: 1766 	steps per sec: 15
Eval num_timesteps=26624, episode_reward=nan +/- nan
Eval num_timesteps=26624, episode_success=nan +/- nan
se
16 16384 1024
diff [0.021333329379558563, -0.011211071163415909, 0.0029348544776439667, -0.006483759731054306, 0.00044577382504940033, -0.0021363236010074615, -0.0068105654790997505, -0.004755047149956226, -0.004786250181496143, -0.0034120194613933563, -0.003494013100862503, -0.002222903538495302, -0.003084189258515835, -0.0020507704466581345, -0.0024752020835876465, -0.0018966421484947205, -0.0015221214853227139, -0.0017478647641837597, -0.0015980042517185211, -0.0014649853110313416, -0.0006708400323987007, -3.635929897427559e-05, -0.0013516517356038094, -0.0005924324505031109, 0.00014422647655010223, -0.000959344208240509, -0.0008596298284828663]
ref [0.08035845309495926, 0.05317933112382889, 0.026904208585619926, 0.02816186100244522, 0.018386615440249443, 0.014999848790466785, 0.016517488285899162, 0.01343470998108387, 0.01275304239243269, 0.010543599724769592, 0.010473647154867649, 0.009096729569137096, 0.009058652445673943, 0.007735020015388727, 0.007785045076161623, 0.0067789508029818535, 0.007101170253008604, 0.007714197039604187, 0.007884644903242588, 0.0077220844104886055, 0.006832108832895756, 0.006319243460893631, 0.0076039452105760574, 0.006535796448588371, 0.006302675232291222, 0.00693800812587142, 0.006512669380754232]
[0.10169178247451782, 0.04196825996041298, 0.029839063063263893, 0.021678101271390915, 0.018832389265298843, 0.012863525189459324, 0.009706922806799412, 0.008679662831127644, 0.007966792210936546, 0.007131580263376236, 0.006979634054005146, 0.006873826030641794, 0.005974463187158108, 0.005684249568730593, 0.0053098429925739765, 0.004882308654487133, 0.00557904876768589, 0.005966332275420427, 0.006286640651524067, 0.006257099099457264, 0.006161268800497055, 0.006282884161919355, 0.006252293474972248, 0.00594336399808526, 0.006446901708841324, 0.005978663917630911, 0.005653039552271366]
Training time: 1851 	steps per sec: 14
Eval num_timesteps=27648, episode_reward=nan +/- nan
Eval num_timesteps=27648, episode_success=nan +/- nan
se
16 16384 1024
diff [0.021333329379558563, -0.011211071163415909, 0.0029348544776439667, -0.006483759731054306, 0.00044577382504940033, -0.0021363236010074615, -0.0068105654790997505, -0.004755047149956226, -0.004786250181496143, -0.0034120194613933563, -0.003494013100862503, -0.002222903538495302, -0.003084189258515835, -0.0020507704466581345, -0.0024752020835876465, -0.0018966421484947205, -0.0015221214853227139, -0.0017478647641837597, -0.0015980042517185211, -0.0014649853110313416, -0.0006708400323987007, -3.635929897427559e-05, -0.0013516517356038094, -0.0005924324505031109, 0.00014422647655010223, -0.000959344208240509, -0.0008596298284828663, -0.0013299472630023956]
ref [0.08035845309495926, 0.05317933112382889, 0.026904208585619926, 0.02816186100244522, 0.018386615440249443, 0.014999848790466785, 0.016517488285899162, 0.01343470998108387, 0.01275304239243269, 0.010543599724769592, 0.010473647154867649, 0.009096729569137096, 0.009058652445673943, 0.007735020015388727, 0.007785045076161623, 0.0067789508029818535, 0.007101170253008604, 0.007714197039604187, 0.007884644903242588, 0.0077220844104886055, 0.006832108832895756, 0.006319243460893631, 0.0076039452105760574, 0.006535796448588371, 0.006302675232291222, 0.00693800812587142, 0.006512669380754232, 0.007654332090169191]
[0.10169178247451782, 0.04196825996041298, 0.029839063063263893, 0.021678101271390915, 0.018832389265298843, 0.012863525189459324, 0.009706922806799412, 0.008679662831127644, 0.007966792210936546, 0.007131580263376236, 0.006979634054005146, 0.006873826030641794, 0.005974463187158108, 0.005684249568730593, 0.0053098429925739765, 0.004882308654487133, 0.00557904876768589, 0.005966332275420427, 0.006286640651524067, 0.006257099099457264, 0.006161268800497055, 0.006282884161919355, 0.006252293474972248, 0.00594336399808526, 0.006446901708841324, 0.005978663917630911, 0.005653039552271366, 0.006324384827166796]
Training time: 1938 	steps per sec: 14
Eval num_timesteps=28672, episode_reward=nan +/- nan
Eval num_timesteps=28672, episode_success=nan +/- nan
se
16 16384 1024
diff [0.021333329379558563, -0.011211071163415909, 0.0029348544776439667, -0.006483759731054306, 0.00044577382504940033, -0.0021363236010074615, -0.0068105654790997505, -0.004755047149956226, -0.004786250181496143, -0.0034120194613933563, -0.003494013100862503, -0.002222903538495302, -0.003084189258515835, -0.0020507704466581345, -0.0024752020835876465, -0.0018966421484947205, -0.0015221214853227139, -0.0017478647641837597, -0.0015980042517185211, -0.0014649853110313416, -0.0006708400323987007, -3.635929897427559e-05, -0.0013516517356038094, -0.0005924324505031109, 0.00014422647655010223, -0.000959344208240509, -0.0008596298284828663, -0.0013299472630023956, -0.00248812697827816]
ref [0.08035845309495926, 0.05317933112382889, 0.026904208585619926, 0.02816186100244522, 0.018386615440249443, 0.014999848790466785, 0.016517488285899162, 0.01343470998108387, 0.01275304239243269, 0.010543599724769592, 0.010473647154867649, 0.009096729569137096, 0.009058652445673943, 0.007735020015388727, 0.007785045076161623, 0.0067789508029818535, 0.007101170253008604, 0.007714197039604187, 0.007884644903242588, 0.0077220844104886055, 0.006832108832895756, 0.006319243460893631, 0.0076039452105760574, 0.006535796448588371, 0.006302675232291222, 0.00693800812587142, 0.006512669380754232, 0.007654332090169191, 0.00819101370871067]
[0.10169178247451782, 0.04196825996041298, 0.029839063063263893, 0.021678101271390915, 0.018832389265298843, 0.012863525189459324, 0.009706922806799412, 0.008679662831127644, 0.007966792210936546, 0.007131580263376236, 0.006979634054005146, 0.006873826030641794, 0.005974463187158108, 0.005684249568730593, 0.0053098429925739765, 0.004882308654487133, 0.00557904876768589, 0.005966332275420427, 0.006286640651524067, 0.006257099099457264, 0.006161268800497055, 0.006282884161919355, 0.006252293474972248, 0.00594336399808526, 0.006446901708841324, 0.005978663917630911, 0.005653039552271366, 0.006324384827166796, 0.00570288673043251]
Training time: 2028 	steps per sec: 14
Eval num_timesteps=29696, episode_reward=nan +/- nan
Eval num_timesteps=29696, episode_success=nan +/- nan
se
16 16384 1024
diff [0.021333329379558563, -0.011211071163415909, 0.0029348544776439667, -0.006483759731054306, 0.00044577382504940033, -0.0021363236010074615, -0.0068105654790997505, -0.004755047149956226, -0.004786250181496143, -0.0034120194613933563, -0.003494013100862503, -0.002222903538495302, -0.003084189258515835, -0.0020507704466581345, -0.0024752020835876465, -0.0018966421484947205, -0.0015221214853227139, -0.0017478647641837597, -0.0015980042517185211, -0.0014649853110313416, -0.0006708400323987007, -3.635929897427559e-05, -0.0013516517356038094, -0.0005924324505031109, 0.00014422647655010223, -0.000959344208240509, -0.0008596298284828663, -0.0013299472630023956, -0.00248812697827816, -0.0002836226485669613]
ref [0.08035845309495926, 0.05317933112382889, 0.026904208585619926, 0.02816186100244522, 0.018386615440249443, 0.014999848790466785, 0.016517488285899162, 0.01343470998108387, 0.01275304239243269, 0.010543599724769592, 0.010473647154867649, 0.009096729569137096, 0.009058652445673943, 0.007735020015388727, 0.007785045076161623, 0.0067789508029818535, 0.007101170253008604, 0.007714197039604187, 0.007884644903242588, 0.0077220844104886055, 0.006832108832895756, 0.006319243460893631, 0.0076039452105760574, 0.006535796448588371, 0.006302675232291222, 0.00693800812587142, 0.006512669380754232, 0.007654332090169191, 0.00819101370871067, 0.006745746359229088]
[0.10169178247451782, 0.04196825996041298, 0.029839063063263893, 0.021678101271390915, 0.018832389265298843, 0.012863525189459324, 0.009706922806799412, 0.008679662831127644, 0.007966792210936546, 0.007131580263376236, 0.006979634054005146, 0.006873826030641794, 0.005974463187158108, 0.005684249568730593, 0.0053098429925739765, 0.004882308654487133, 0.00557904876768589, 0.005966332275420427, 0.006286640651524067, 0.006257099099457264, 0.006161268800497055, 0.006282884161919355, 0.006252293474972248, 0.00594336399808526, 0.006446901708841324, 0.005978663917630911, 0.005653039552271366, 0.006324384827166796, 0.00570288673043251, 0.0064621237106621265]
Training time: 2114 	steps per sec: 14
Eval num_timesteps=30720, episode_reward=nan +/- nan
Eval num_timesteps=30720, episode_success=nan +/- nan
se
16 16384 1024
diff [0.021333329379558563, -0.011211071163415909, 0.0029348544776439667, -0.006483759731054306, 0.00044577382504940033, -0.0021363236010074615, -0.0068105654790997505, -0.004755047149956226, -0.004786250181496143, -0.0034120194613933563, -0.003494013100862503, -0.002222903538495302, -0.003084189258515835, -0.0020507704466581345, -0.0024752020835876465, -0.0018966421484947205, -0.0015221214853227139, -0.0017478647641837597, -0.0015980042517185211, -0.0014649853110313416, -0.0006708400323987007, -3.635929897427559e-05, -0.0013516517356038094, -0.0005924324505031109, 0.00014422647655010223, -0.000959344208240509, -0.0008596298284828663, -0.0013299472630023956, -0.00248812697827816, -0.0002836226485669613, -0.001899882685393095]
ref [0.08035845309495926, 0.05317933112382889, 0.026904208585619926, 0.02816186100244522, 0.018386615440249443, 0.014999848790466785, 0.016517488285899162, 0.01343470998108387, 0.01275304239243269, 0.010543599724769592, 0.010473647154867649, 0.009096729569137096, 0.009058652445673943, 0.007735020015388727, 0.007785045076161623, 0.0067789508029818535, 0.007101170253008604, 0.007714197039604187, 0.007884644903242588, 0.0077220844104886055, 0.006832108832895756, 0.006319243460893631, 0.0076039452105760574, 0.006535796448588371, 0.006302675232291222, 0.00693800812587142, 0.006512669380754232, 0.007654332090169191, 0.00819101370871067, 0.006745746359229088, 0.008344349451363087]
[0.10169178247451782, 0.04196825996041298, 0.029839063063263893, 0.021678101271390915, 0.018832389265298843, 0.012863525189459324, 0.009706922806799412, 0.008679662831127644, 0.007966792210936546, 0.007131580263376236, 0.006979634054005146, 0.006873826030641794, 0.005974463187158108, 0.005684249568730593, 0.0053098429925739765, 0.004882308654487133, 0.00557904876768589, 0.005966332275420427, 0.006286640651524067, 0.006257099099457264, 0.006161268800497055, 0.006282884161919355, 0.006252293474972248, 0.00594336399808526, 0.006446901708841324, 0.005978663917630911, 0.005653039552271366, 0.006324384827166796, 0.00570288673043251, 0.0064621237106621265, 0.006444466765969992]
Training time: 2197 	steps per sec: 14
Eval num_timesteps=31744, episode_reward=nan +/- nan
Eval num_timesteps=31744, episode_success=nan +/- nan
se
16 16384 1024
diff [0.021333329379558563, -0.011211071163415909, 0.0029348544776439667, -0.006483759731054306, 0.00044577382504940033, -0.0021363236010074615, -0.0068105654790997505, -0.004755047149956226, -0.004786250181496143, -0.0034120194613933563, -0.003494013100862503, -0.002222903538495302, -0.003084189258515835, -0.0020507704466581345, -0.0024752020835876465, -0.0018966421484947205, -0.0015221214853227139, -0.0017478647641837597, -0.0015980042517185211, -0.0014649853110313416, -0.0006708400323987007, -3.635929897427559e-05, -0.0013516517356038094, -0.0005924324505031109, 0.00014422647655010223, -0.000959344208240509, -0.0008596298284828663, -0.0013299472630023956, -0.00248812697827816, -0.0002836226485669613, -0.001899882685393095, 0.00024259136989712715]
ref [0.08035845309495926, 0.05317933112382889, 0.026904208585619926, 0.02816186100244522, 0.018386615440249443, 0.014999848790466785, 0.016517488285899162, 0.01343470998108387, 0.01275304239243269, 0.010543599724769592, 0.010473647154867649, 0.009096729569137096, 0.009058652445673943, 0.007735020015388727, 0.007785045076161623, 0.0067789508029818535, 0.007101170253008604, 0.007714197039604187, 0.007884644903242588, 0.0077220844104886055, 0.006832108832895756, 0.006319243460893631, 0.0076039452105760574, 0.006535796448588371, 0.006302675232291222, 0.00693800812587142, 0.006512669380754232, 0.007654332090169191, 0.00819101370871067, 0.006745746359229088, 0.008344349451363087, 0.006851965561509132]
[0.10169178247451782, 0.04196825996041298, 0.029839063063263893, 0.021678101271390915, 0.018832389265298843, 0.012863525189459324, 0.009706922806799412, 0.008679662831127644, 0.007966792210936546, 0.007131580263376236, 0.006979634054005146, 0.006873826030641794, 0.005974463187158108, 0.005684249568730593, 0.0053098429925739765, 0.004882308654487133, 0.00557904876768589, 0.005966332275420427, 0.006286640651524067, 0.006257099099457264, 0.006161268800497055, 0.006282884161919355, 0.006252293474972248, 0.00594336399808526, 0.006446901708841324, 0.005978663917630911, 0.005653039552271366, 0.006324384827166796, 0.00570288673043251, 0.0064621237106621265, 0.006444466765969992, 0.0070945569314062595]
Training time: 2281 	steps per sec: 14
Eval num_timesteps=32768, episode_reward=nan +/- nan
Eval num_timesteps=32768, episode_success=nan +/- nan
results/Hopper-v4/
results/Hopper-v4/ppo_ros/
results/Hopper-v4/ppo_ros/expert/
results/Hopper-v4/ppo_ros/expert/b_16/
results/Hopper-v4/ppo_ros/expert/b_16/no_clip/
results/Hopper-v4/ppo_ros/expert/b_16/no_clip/run_2/
results/Hopper-v4/ppo_ros/expert/b_16/no_clip/run_2/evaluations.npz
results/Hopper-v4/ppo_ros/expert/b_16/no_clip/run_2/config.yml
results/Hopper-v4/ppo_ros/expert/b_16/no_clip/run_2/stats.npz
