ppo_ros_continuous.py --env-id Walker2d-v4 -s expert/b_16/no_clip --total-timesteps 32768 --eval-freq 1 --eval-episodes 0 -b 16 --num-steps 1024 -lr 0 --update-epochs 0 --anneal-lr 0 --ros-num-steps 256 --ros-update-epochs 16 --ros-target-kl 0.05 --ros-clip-coef 999999999 --ros-lambda 0.1 -ros-lr 0.001 --ros-anneal-lr 0 --se 1 --se-freq 1 --se-lr 1e-3 --se-epochs 1000 --policy-path policies/Walker2d-v4/best_model.zip --normalization-dir policies/Walker2d-v4
Obtaining file:///var/lib/condor/execute/slot1/dir_20287/PPOROS/PPOROS/custom-envs
  Preparing metadata (setup.py): started
  Preparing metadata (setup.py): finished with status 'done'
Requirement already satisfied: gym in /var/lib/condor/execute/slot1/dir_20287/PPOROS/ppo-ros_env/lib/python3.9/site-packages (from custom-envs==0.0.1) (0.21.0)
Requirement already satisfied: cloudpickle>=1.2.0 in /var/lib/condor/execute/slot1/dir_20287/PPOROS/ppo-ros_env/lib/python3.9/site-packages (from gym->custom-envs==0.0.1) (2.2.1)
Requirement already satisfied: numpy>=1.18.0 in /var/lib/condor/execute/slot1/dir_20287/PPOROS/ppo-ros_env/lib/python3.9/site-packages (from gym->custom-envs==0.0.1) (1.24.2)
Installing collected packages: custom-envs
  Running setup.py develop for custom-envs
Successfully installed custom-envs-0.0.1
seed: 0
Eval num_timesteps=0, episode_reward=nan +/- nan
Eval num_timesteps=0, episode_success=nan +/- nan
se
1 1024 1024
diff [0.033004552125930786]
ref [0.30906912684440613]
[0.3420736789703369]
Training time: 39 	steps per sec: 25
Eval num_timesteps=1024, episode_reward=nan +/- nan
Eval num_timesteps=1024, episode_success=nan +/- nan
se
2 2048 1024
diff [0.033004552125930786, 0.007178470492362976]
ref [0.30906912684440613, 0.14463193714618683]
[0.3420736789703369, 0.1518104076385498]
Training time: 86 	steps per sec: 23
Eval num_timesteps=2048, episode_reward=nan +/- nan
Eval num_timesteps=2048, episode_success=nan +/- nan
se
3 3072 1024
diff [0.033004552125930786, 0.007178470492362976, -0.02129346877336502]
ref [0.30906912684440613, 0.14463193714618683, 0.09788387268781662]
[0.3420736789703369, 0.1518104076385498, 0.0765904039144516]
Training time: 150 	steps per sec: 20
Eval num_timesteps=3072, episode_reward=nan +/- nan
Eval num_timesteps=3072, episode_success=nan +/- nan
se
4 4096 1024
diff [0.033004552125930786, 0.007178470492362976, -0.02129346877336502, -0.0046214088797569275]
ref [0.30906912684440613, 0.14463193714618683, 0.09788387268781662, 0.06513524055480957]
[0.3420736789703369, 0.1518104076385498, 0.0765904039144516, 0.06051383167505264]
Training time: 219 	steps per sec: 18
Eval num_timesteps=4096, episode_reward=nan +/- nan
Eval num_timesteps=4096, episode_success=nan +/- nan
se
5 5120 1024
diff [0.033004552125930786, 0.007178470492362976, -0.02129346877336502, -0.0046214088797569275, -0.010276183485984802]
ref [0.30906912684440613, 0.14463193714618683, 0.09788387268781662, 0.06513524055480957, 0.052971791476011276]
[0.3420736789703369, 0.1518104076385498, 0.0765904039144516, 0.06051383167505264, 0.042695607990026474]
Training time: 310 	steps per sec: 16
Eval num_timesteps=5120, episode_reward=nan +/- nan
Eval num_timesteps=5120, episode_success=nan +/- nan
se
6 6144 1024
diff [0.033004552125930786, 0.007178470492362976, -0.02129346877336502, -0.0046214088797569275, -0.010276183485984802, -0.007366795092821121]
ref [0.30906912684440613, 0.14463193714618683, 0.09788387268781662, 0.06513524055480957, 0.052971791476011276, 0.04253429174423218]
[0.3420736789703369, 0.1518104076385498, 0.0765904039144516, 0.06051383167505264, 0.042695607990026474, 0.035167496651411057]
Training time: 398 	steps per sec: 15
Eval num_timesteps=6144, episode_reward=nan +/- nan
Eval num_timesteps=6144, episode_success=nan +/- nan
se
7 7168 1024
diff [0.033004552125930786, 0.007178470492362976, -0.02129346877336502, -0.0046214088797569275, -0.010276183485984802, -0.007366795092821121, -0.013453688472509384]
ref [0.30906912684440613, 0.14463193714618683, 0.09788387268781662, 0.06513524055480957, 0.052971791476011276, 0.04253429174423218, 0.0434550940990448]
[0.3420736789703369, 0.1518104076385498, 0.0765904039144516, 0.06051383167505264, 0.042695607990026474, 0.035167496651411057, 0.030001405626535416]
Training time: 500 	steps per sec: 14
Eval num_timesteps=7168, episode_reward=nan +/- nan
Eval num_timesteps=7168, episode_success=nan +/- nan
se
8 8192 1024
diff [0.033004552125930786, 0.007178470492362976, -0.02129346877336502, -0.0046214088797569275, -0.010276183485984802, -0.007366795092821121, -0.013453688472509384, -0.0064236074686050415]
ref [0.30906912684440613, 0.14463193714618683, 0.09788387268781662, 0.06513524055480957, 0.052971791476011276, 0.04253429174423218, 0.0434550940990448, 0.03311777114868164]
[0.3420736789703369, 0.1518104076385498, 0.0765904039144516, 0.06051383167505264, 0.042695607990026474, 0.035167496651411057, 0.030001405626535416, 0.0266941636800766]
Training time: 605 	steps per sec: 13
Eval num_timesteps=8192, episode_reward=nan +/- nan
Eval num_timesteps=8192, episode_success=nan +/- nan
se
9 9216 1024
diff [0.033004552125930786, 0.007178470492362976, -0.02129346877336502, -0.0046214088797569275, -0.010276183485984802, -0.007366795092821121, -0.013453688472509384, -0.0064236074686050415, -0.007859291508793831]
ref [0.30906912684440613, 0.14463193714618683, 0.09788387268781662, 0.06513524055480957, 0.052971791476011276, 0.04253429174423218, 0.0434550940990448, 0.03311777114868164, 0.030346175655722618]
[0.3420736789703369, 0.1518104076385498, 0.0765904039144516, 0.06051383167505264, 0.042695607990026474, 0.035167496651411057, 0.030001405626535416, 0.0266941636800766, 0.022486884146928787]
Training time: 728 	steps per sec: 12
Eval num_timesteps=9216, episode_reward=nan +/- nan
Eval num_timesteps=9216, episode_success=nan +/- nan
se
10 10240 1024
diff [0.033004552125930786, 0.007178470492362976, -0.02129346877336502, -0.0046214088797569275, -0.010276183485984802, -0.007366795092821121, -0.013453688472509384, -0.0064236074686050415, -0.007859291508793831, -0.008348120376467705]
ref [0.30906912684440613, 0.14463193714618683, 0.09788387268781662, 0.06513524055480957, 0.052971791476011276, 0.04253429174423218, 0.0434550940990448, 0.03311777114868164, 0.030346175655722618, 0.027264082804322243]
[0.3420736789703369, 0.1518104076385498, 0.0765904039144516, 0.06051383167505264, 0.042695607990026474, 0.035167496651411057, 0.030001405626535416, 0.0266941636800766, 0.022486884146928787, 0.018915962427854538]
Training time: 855 	steps per sec: 11
Eval num_timesteps=10240, episode_reward=nan +/- nan
Eval num_timesteps=10240, episode_success=nan +/- nan
se
11 11264 1024
diff [0.033004552125930786, 0.007178470492362976, -0.02129346877336502, -0.0046214088797569275, -0.010276183485984802, -0.007366795092821121, -0.013453688472509384, -0.0064236074686050415, -0.007859291508793831, -0.008348120376467705, -0.005409842357039452]
ref [0.30906912684440613, 0.14463193714618683, 0.09788387268781662, 0.06513524055480957, 0.052971791476011276, 0.04253429174423218, 0.0434550940990448, 0.03311777114868164, 0.030346175655722618, 0.027264082804322243, 0.024105913937091827]
[0.3420736789703369, 0.1518104076385498, 0.0765904039144516, 0.06051383167505264, 0.042695607990026474, 0.035167496651411057, 0.030001405626535416, 0.0266941636800766, 0.022486884146928787, 0.018915962427854538, 0.018696071580052376]
Training time: 1001 	steps per sec: 11
Eval num_timesteps=11264, episode_reward=nan +/- nan
Eval num_timesteps=11264, episode_success=nan +/- nan
se
12 12288 1024
diff [0.033004552125930786, 0.007178470492362976, -0.02129346877336502, -0.0046214088797569275, -0.010276183485984802, -0.007366795092821121, -0.013453688472509384, -0.0064236074686050415, -0.007859291508793831, -0.008348120376467705, -0.005409842357039452, -0.006881697103381157]
ref [0.30906912684440613, 0.14463193714618683, 0.09788387268781662, 0.06513524055480957, 0.052971791476011276, 0.04253429174423218, 0.0434550940990448, 0.03311777114868164, 0.030346175655722618, 0.027264082804322243, 0.024105913937091827, 0.022697120904922485]
[0.3420736789703369, 0.1518104076385498, 0.0765904039144516, 0.06051383167505264, 0.042695607990026474, 0.035167496651411057, 0.030001405626535416, 0.0266941636800766, 0.022486884146928787, 0.018915962427854538, 0.018696071580052376, 0.01581542380154133]
Training time: 1147 	steps per sec: 10
Eval num_timesteps=12288, episode_reward=nan +/- nan
Eval num_timesteps=12288, episode_success=nan +/- nan
se
13 13312 1024
diff [0.033004552125930786, 0.007178470492362976, -0.02129346877336502, -0.0046214088797569275, -0.010276183485984802, -0.007366795092821121, -0.013453688472509384, -0.0064236074686050415, -0.007859291508793831, -0.008348120376467705, -0.005409842357039452, -0.006881697103381157, -0.0053151873871684074]
ref [0.30906912684440613, 0.14463193714618683, 0.09788387268781662, 0.06513524055480957, 0.052971791476011276, 0.04253429174423218, 0.0434550940990448, 0.03311777114868164, 0.030346175655722618, 0.027264082804322243, 0.024105913937091827, 0.022697120904922485, 0.020037071779370308]
[0.3420736789703369, 0.1518104076385498, 0.0765904039144516, 0.06051383167505264, 0.042695607990026474, 0.035167496651411057, 0.030001405626535416, 0.0266941636800766, 0.022486884146928787, 0.018915962427854538, 0.018696071580052376, 0.01581542380154133, 0.0147218843922019]
Training time: 1311 	steps per sec: 10
Eval num_timesteps=13312, episode_reward=nan +/- nan
Eval num_timesteps=13312, episode_success=nan +/- nan
se
14 14336 1024
diff [0.033004552125930786, 0.007178470492362976, -0.02129346877336502, -0.0046214088797569275, -0.010276183485984802, -0.007366795092821121, -0.013453688472509384, -0.0064236074686050415, -0.007859291508793831, -0.008348120376467705, -0.005409842357039452, -0.006881697103381157, -0.0053151873871684074, -0.004245143383741379]
ref [0.30906912684440613, 0.14463193714618683, 0.09788387268781662, 0.06513524055480957, 0.052971791476011276, 0.04253429174423218, 0.0434550940990448, 0.03311777114868164, 0.030346175655722618, 0.027264082804322243, 0.024105913937091827, 0.022697120904922485, 0.020037071779370308, 0.01743435673415661]
[0.3420736789703369, 0.1518104076385498, 0.0765904039144516, 0.06051383167505264, 0.042695607990026474, 0.035167496651411057, 0.030001405626535416, 0.0266941636800766, 0.022486884146928787, 0.018915962427854538, 0.018696071580052376, 0.01581542380154133, 0.0147218843922019, 0.01318921335041523]
Training time: 1478 	steps per sec: 9
Eval num_timesteps=14336, episode_reward=nan +/- nan
Eval num_timesteps=14336, episode_success=nan +/- nan
se
15 15360 1024
diff [0.033004552125930786, 0.007178470492362976, -0.02129346877336502, -0.0046214088797569275, -0.010276183485984802, -0.007366795092821121, -0.013453688472509384, -0.0064236074686050415, -0.007859291508793831, -0.008348120376467705, -0.005409842357039452, -0.006881697103381157, -0.0053151873871684074, -0.004245143383741379, -0.00317506305873394]
ref [0.30906912684440613, 0.14463193714618683, 0.09788387268781662, 0.06513524055480957, 0.052971791476011276, 0.04253429174423218, 0.0434550940990448, 0.03311777114868164, 0.030346175655722618, 0.027264082804322243, 0.024105913937091827, 0.022697120904922485, 0.020037071779370308, 0.01743435673415661, 0.015703784301877022]
[0.3420736789703369, 0.1518104076385498, 0.0765904039144516, 0.06051383167505264, 0.042695607990026474, 0.035167496651411057, 0.030001405626535416, 0.0266941636800766, 0.022486884146928787, 0.018915962427854538, 0.018696071580052376, 0.01581542380154133, 0.0147218843922019, 0.01318921335041523, 0.012528721243143082]
Training time: 1666 	steps per sec: 9
Eval num_timesteps=15360, episode_reward=nan +/- nan
Eval num_timesteps=15360, episode_success=nan +/- nan
se
16 16384 1024
diff [0.033004552125930786, 0.007178470492362976, -0.02129346877336502, -0.0046214088797569275, -0.010276183485984802, -0.007366795092821121, -0.013453688472509384, -0.0064236074686050415, -0.007859291508793831, -0.008348120376467705, -0.005409842357039452, -0.006881697103381157, -0.0053151873871684074, -0.004245143383741379, -0.00317506305873394, -0.004764672368764877]
ref [0.30906912684440613, 0.14463193714618683, 0.09788387268781662, 0.06513524055480957, 0.052971791476011276, 0.04253429174423218, 0.0434550940990448, 0.03311777114868164, 0.030346175655722618, 0.027264082804322243, 0.024105913937091827, 0.022697120904922485, 0.020037071779370308, 0.01743435673415661, 0.015703784301877022, 0.016904206946492195]
[0.3420736789703369, 0.1518104076385498, 0.0765904039144516, 0.06051383167505264, 0.042695607990026474, 0.035167496651411057, 0.030001405626535416, 0.0266941636800766, 0.022486884146928787, 0.018915962427854538, 0.018696071580052376, 0.01581542380154133, 0.0147218843922019, 0.01318921335041523, 0.012528721243143082, 0.012139534577727318]
Training time: 1862 	steps per sec: 8
Eval num_timesteps=16384, episode_reward=nan +/- nan
Eval num_timesteps=16384, episode_success=nan +/- nan
se
16 16384 1024
diff [0.033004552125930786, 0.007178470492362976, -0.02129346877336502, -0.0046214088797569275, -0.010276183485984802, -0.007366795092821121, -0.013453688472509384, -0.0064236074686050415, -0.007859291508793831, -0.008348120376467705, -0.005409842357039452, -0.006881697103381157, -0.0053151873871684074, -0.004245143383741379, -0.00317506305873394, -0.004764672368764877, -0.005514923483133316]
ref [0.30906912684440613, 0.14463193714618683, 0.09788387268781662, 0.06513524055480957, 0.052971791476011276, 0.04253429174423218, 0.0434550940990448, 0.03311777114868164, 0.030346175655722618, 0.027264082804322243, 0.024105913937091827, 0.022697120904922485, 0.020037071779370308, 0.01743435673415661, 0.015703784301877022, 0.016904206946492195, 0.017602739855647087]
[0.3420736789703369, 0.1518104076385498, 0.0765904039144516, 0.06051383167505264, 0.042695607990026474, 0.035167496651411057, 0.030001405626535416, 0.0266941636800766, 0.022486884146928787, 0.018915962427854538, 0.018696071580052376, 0.01581542380154133, 0.0147218843922019, 0.01318921335041523, 0.012528721243143082, 0.012139534577727318, 0.012087816372513771]
Training time: 2072 	steps per sec: 8
Eval num_timesteps=17408, episode_reward=nan +/- nan
Eval num_timesteps=17408, episode_success=nan +/- nan
se
16 16384 1024
diff [0.033004552125930786, 0.007178470492362976, -0.02129346877336502, -0.0046214088797569275, -0.010276183485984802, -0.007366795092821121, -0.013453688472509384, -0.0064236074686050415, -0.007859291508793831, -0.008348120376467705, -0.005409842357039452, -0.006881697103381157, -0.0053151873871684074, -0.004245143383741379, -0.00317506305873394, -0.004764672368764877, -0.005514923483133316, -0.004336833953857422]
ref [0.30906912684440613, 0.14463193714618683, 0.09788387268781662, 0.06513524055480957, 0.052971791476011276, 0.04253429174423218, 0.0434550940990448, 0.03311777114868164, 0.030346175655722618, 0.027264082804322243, 0.024105913937091827, 0.022697120904922485, 0.020037071779370308, 0.01743435673415661, 0.015703784301877022, 0.016904206946492195, 0.017602739855647087, 0.0162197295576334]
[0.3420736789703369, 0.1518104076385498, 0.0765904039144516, 0.06051383167505264, 0.042695607990026474, 0.035167496651411057, 0.030001405626535416, 0.0266941636800766, 0.022486884146928787, 0.018915962427854538, 0.018696071580052376, 0.01581542380154133, 0.0147218843922019, 0.01318921335041523, 0.012528721243143082, 0.012139534577727318, 0.012087816372513771, 0.011882895603775978]
Training time: 2272 	steps per sec: 8
Eval num_timesteps=18432, episode_reward=nan +/- nan
Eval num_timesteps=18432, episode_success=nan +/- nan
se
16 16384 1024
diff [0.033004552125930786, 0.007178470492362976, -0.02129346877336502, -0.0046214088797569275, -0.010276183485984802, -0.007366795092821121, -0.013453688472509384, -0.0064236074686050415, -0.007859291508793831, -0.008348120376467705, -0.005409842357039452, -0.006881697103381157, -0.0053151873871684074, -0.004245143383741379, -0.00317506305873394, -0.004764672368764877, -0.005514923483133316, -0.004336833953857422, -0.0031742509454488754]
ref [0.30906912684440613, 0.14463193714618683, 0.09788387268781662, 0.06513524055480957, 0.052971791476011276, 0.04253429174423218, 0.0434550940990448, 0.03311777114868164, 0.030346175655722618, 0.027264082804322243, 0.024105913937091827, 0.022697120904922485, 0.020037071779370308, 0.01743435673415661, 0.015703784301877022, 0.016904206946492195, 0.017602739855647087, 0.0162197295576334, 0.01652941107749939]
[0.3420736789703369, 0.1518104076385498, 0.0765904039144516, 0.06051383167505264, 0.042695607990026474, 0.035167496651411057, 0.030001405626535416, 0.0266941636800766, 0.022486884146928787, 0.018915962427854538, 0.018696071580052376, 0.01581542380154133, 0.0147218843922019, 0.01318921335041523, 0.012528721243143082, 0.012139534577727318, 0.012087816372513771, 0.011882895603775978, 0.013355160132050514]
Training time: 2463 	steps per sec: 7
Eval num_timesteps=19456, episode_reward=nan +/- nan
Eval num_timesteps=19456, episode_success=nan +/- nan
se
16 16384 1024
diff [0.033004552125930786, 0.007178470492362976, -0.02129346877336502, -0.0046214088797569275, -0.010276183485984802, -0.007366795092821121, -0.013453688472509384, -0.0064236074686050415, -0.007859291508793831, -0.008348120376467705, -0.005409842357039452, -0.006881697103381157, -0.0053151873871684074, -0.004245143383741379, -0.00317506305873394, -0.004764672368764877, -0.005514923483133316, -0.004336833953857422, -0.0031742509454488754, -0.00321945920586586]
ref [0.30906912684440613, 0.14463193714618683, 0.09788387268781662, 0.06513524055480957, 0.052971791476011276, 0.04253429174423218, 0.0434550940990448, 0.03311777114868164, 0.030346175655722618, 0.027264082804322243, 0.024105913937091827, 0.022697120904922485, 0.020037071779370308, 0.01743435673415661, 0.015703784301877022, 0.016904206946492195, 0.017602739855647087, 0.0162197295576334, 0.01652941107749939, 0.01648128032684326]
[0.3420736789703369, 0.1518104076385498, 0.0765904039144516, 0.06051383167505264, 0.042695607990026474, 0.035167496651411057, 0.030001405626535416, 0.0266941636800766, 0.022486884146928787, 0.018915962427854538, 0.018696071580052376, 0.01581542380154133, 0.0147218843922019, 0.01318921335041523, 0.012528721243143082, 0.012139534577727318, 0.012087816372513771, 0.011882895603775978, 0.013355160132050514, 0.013261821120977402]
Training time: 2649 	steps per sec: 7
Eval num_timesteps=20480, episode_reward=nan +/- nan
Eval num_timesteps=20480, episode_success=nan +/- nan
se
16 16384 1024
diff [0.033004552125930786, 0.007178470492362976, -0.02129346877336502, -0.0046214088797569275, -0.010276183485984802, -0.007366795092821121, -0.013453688472509384, -0.0064236074686050415, -0.007859291508793831, -0.008348120376467705, -0.005409842357039452, -0.006881697103381157, -0.0053151873871684074, -0.004245143383741379, -0.00317506305873394, -0.004764672368764877, -0.005514923483133316, -0.004336833953857422, -0.0031742509454488754, -0.00321945920586586, -0.004515155218541622]
ref [0.30906912684440613, 0.14463193714618683, 0.09788387268781662, 0.06513524055480957, 0.052971791476011276, 0.04253429174423218, 0.0434550940990448, 0.03311777114868164, 0.030346175655722618, 0.027264082804322243, 0.024105913937091827, 0.022697120904922485, 0.020037071779370308, 0.01743435673415661, 0.015703784301877022, 0.016904206946492195, 0.017602739855647087, 0.0162197295576334, 0.01652941107749939, 0.01648128032684326, 0.017657063901424408]
[0.3420736789703369, 0.1518104076385498, 0.0765904039144516, 0.06051383167505264, 0.042695607990026474, 0.035167496651411057, 0.030001405626535416, 0.0266941636800766, 0.022486884146928787, 0.018915962427854538, 0.018696071580052376, 0.01581542380154133, 0.0147218843922019, 0.01318921335041523, 0.012528721243143082, 0.012139534577727318, 0.012087816372513771, 0.011882895603775978, 0.013355160132050514, 0.013261821120977402, 0.013141908682882786]
Training time: 2836 	steps per sec: 7
Eval num_timesteps=21504, episode_reward=nan +/- nan
Eval num_timesteps=21504, episode_success=nan +/- nan
se
16 16384 1024
diff [0.033004552125930786, 0.007178470492362976, -0.02129346877336502, -0.0046214088797569275, -0.010276183485984802, -0.007366795092821121, -0.013453688472509384, -0.0064236074686050415, -0.007859291508793831, -0.008348120376467705, -0.005409842357039452, -0.006881697103381157, -0.0053151873871684074, -0.004245143383741379, -0.00317506305873394, -0.004764672368764877, -0.005514923483133316, -0.004336833953857422, -0.0031742509454488754, -0.00321945920586586, -0.004515155218541622, -0.004744095727801323]
ref [0.30906912684440613, 0.14463193714618683, 0.09788387268781662, 0.06513524055480957, 0.052971791476011276, 0.04253429174423218, 0.0434550940990448, 0.03311777114868164, 0.030346175655722618, 0.027264082804322243, 0.024105913937091827, 0.022697120904922485, 0.020037071779370308, 0.01743435673415661, 0.015703784301877022, 0.016904206946492195, 0.017602739855647087, 0.0162197295576334, 0.01652941107749939, 0.01648128032684326, 0.017657063901424408, 0.017901288345456123]
[0.3420736789703369, 0.1518104076385498, 0.0765904039144516, 0.06051383167505264, 0.042695607990026474, 0.035167496651411057, 0.030001405626535416, 0.0266941636800766, 0.022486884146928787, 0.018915962427854538, 0.018696071580052376, 0.01581542380154133, 0.0147218843922019, 0.01318921335041523, 0.012528721243143082, 0.012139534577727318, 0.012087816372513771, 0.011882895603775978, 0.013355160132050514, 0.013261821120977402, 0.013141908682882786, 0.0131571926176548]
Training time: 3026 	steps per sec: 7
Eval num_timesteps=22528, episode_reward=nan +/- nan
Eval num_timesteps=22528, episode_success=nan +/- nan
se
16 16384 1024
diff [0.033004552125930786, 0.007178470492362976, -0.02129346877336502, -0.0046214088797569275, -0.010276183485984802, -0.007366795092821121, -0.013453688472509384, -0.0064236074686050415, -0.007859291508793831, -0.008348120376467705, -0.005409842357039452, -0.006881697103381157, -0.0053151873871684074, -0.004245143383741379, -0.00317506305873394, -0.004764672368764877, -0.005514923483133316, -0.004336833953857422, -0.0031742509454488754, -0.00321945920586586, -0.004515155218541622, -0.004744095727801323, -0.002582908608019352]
ref [0.30906912684440613, 0.14463193714618683, 0.09788387268781662, 0.06513524055480957, 0.052971791476011276, 0.04253429174423218, 0.0434550940990448, 0.03311777114868164, 0.030346175655722618, 0.027264082804322243, 0.024105913937091827, 0.022697120904922485, 0.020037071779370308, 0.01743435673415661, 0.015703784301877022, 0.016904206946492195, 0.017602739855647087, 0.0162197295576334, 0.01652941107749939, 0.01648128032684326, 0.017657063901424408, 0.017901288345456123, 0.01604057103395462]
[0.3420736789703369, 0.1518104076385498, 0.0765904039144516, 0.06051383167505264, 0.042695607990026474, 0.035167496651411057, 0.030001405626535416, 0.0266941636800766, 0.022486884146928787, 0.018915962427854538, 0.018696071580052376, 0.01581542380154133, 0.0147218843922019, 0.01318921335041523, 0.012528721243143082, 0.012139534577727318, 0.012087816372513771, 0.011882895603775978, 0.013355160132050514, 0.013261821120977402, 0.013141908682882786, 0.0131571926176548, 0.013457662425935268]
Training time: 3209 	steps per sec: 7
Eval num_timesteps=23552, episode_reward=nan +/- nan
Eval num_timesteps=23552, episode_success=nan +/- nan
se
16 16384 1024
diff [0.033004552125930786, 0.007178470492362976, -0.02129346877336502, -0.0046214088797569275, -0.010276183485984802, -0.007366795092821121, -0.013453688472509384, -0.0064236074686050415, -0.007859291508793831, -0.008348120376467705, -0.005409842357039452, -0.006881697103381157, -0.0053151873871684074, -0.004245143383741379, -0.00317506305873394, -0.004764672368764877, -0.005514923483133316, -0.004336833953857422, -0.0031742509454488754, -0.00321945920586586, -0.004515155218541622, -0.004744095727801323, -0.002582908608019352, -0.003006785176694393]
ref [0.30906912684440613, 0.14463193714618683, 0.09788387268781662, 0.06513524055480957, 0.052971791476011276, 0.04253429174423218, 0.0434550940990448, 0.03311777114868164, 0.030346175655722618, 0.027264082804322243, 0.024105913937091827, 0.022697120904922485, 0.020037071779370308, 0.01743435673415661, 0.015703784301877022, 0.016904206946492195, 0.017602739855647087, 0.0162197295576334, 0.01652941107749939, 0.01648128032684326, 0.017657063901424408, 0.017901288345456123, 0.01604057103395462, 0.01663772389292717]
[0.3420736789703369, 0.1518104076385498, 0.0765904039144516, 0.06051383167505264, 0.042695607990026474, 0.035167496651411057, 0.030001405626535416, 0.0266941636800766, 0.022486884146928787, 0.018915962427854538, 0.018696071580052376, 0.01581542380154133, 0.0147218843922019, 0.01318921335041523, 0.012528721243143082, 0.012139534577727318, 0.012087816372513771, 0.011882895603775978, 0.013355160132050514, 0.013261821120977402, 0.013141908682882786, 0.0131571926176548, 0.013457662425935268, 0.013630938716232777]
Training time: 3403 	steps per sec: 7
Eval num_timesteps=24576, episode_reward=nan +/- nan
Eval num_timesteps=24576, episode_success=nan +/- nan
se
16 16384 1024
diff [0.033004552125930786, 0.007178470492362976, -0.02129346877336502, -0.0046214088797569275, -0.010276183485984802, -0.007366795092821121, -0.013453688472509384, -0.0064236074686050415, -0.007859291508793831, -0.008348120376467705, -0.005409842357039452, -0.006881697103381157, -0.0053151873871684074, -0.004245143383741379, -0.00317506305873394, -0.004764672368764877, -0.005514923483133316, -0.004336833953857422, -0.0031742509454488754, -0.00321945920586586, -0.004515155218541622, -0.004744095727801323, -0.002582908608019352, -0.003006785176694393, -0.0015906784683465958]
ref [0.30906912684440613, 0.14463193714618683, 0.09788387268781662, 0.06513524055480957, 0.052971791476011276, 0.04253429174423218, 0.0434550940990448, 0.03311777114868164, 0.030346175655722618, 0.027264082804322243, 0.024105913937091827, 0.022697120904922485, 0.020037071779370308, 0.01743435673415661, 0.015703784301877022, 0.016904206946492195, 0.017602739855647087, 0.0162197295576334, 0.01652941107749939, 0.01648128032684326, 0.017657063901424408, 0.017901288345456123, 0.01604057103395462, 0.01663772389292717, 0.014640826731920242]
[0.3420736789703369, 0.1518104076385498, 0.0765904039144516, 0.06051383167505264, 0.042695607990026474, 0.035167496651411057, 0.030001405626535416, 0.0266941636800766, 0.022486884146928787, 0.018915962427854538, 0.018696071580052376, 0.01581542380154133, 0.0147218843922019, 0.01318921335041523, 0.012528721243143082, 0.012139534577727318, 0.012087816372513771, 0.011882895603775978, 0.013355160132050514, 0.013261821120977402, 0.013141908682882786, 0.0131571926176548, 0.013457662425935268, 0.013630938716232777, 0.013050148263573647]
Training time: 3585 	steps per sec: 7
Eval num_timesteps=25600, episode_reward=nan +/- nan
Eval num_timesteps=25600, episode_success=nan +/- nan
se
16 16384 1024
diff [0.033004552125930786, 0.007178470492362976, -0.02129346877336502, -0.0046214088797569275, -0.010276183485984802, -0.007366795092821121, -0.013453688472509384, -0.0064236074686050415, -0.007859291508793831, -0.008348120376467705, -0.005409842357039452, -0.006881697103381157, -0.0053151873871684074, -0.004245143383741379, -0.00317506305873394, -0.004764672368764877, -0.005514923483133316, -0.004336833953857422, -0.0031742509454488754, -0.00321945920586586, -0.004515155218541622, -0.004744095727801323, -0.002582908608019352, -0.003006785176694393, -0.0015906784683465958, -0.0033978838473558426]
ref [0.30906912684440613, 0.14463193714618683, 0.09788387268781662, 0.06513524055480957, 0.052971791476011276, 0.04253429174423218, 0.0434550940990448, 0.03311777114868164, 0.030346175655722618, 0.027264082804322243, 0.024105913937091827, 0.022697120904922485, 0.020037071779370308, 0.01743435673415661, 0.015703784301877022, 0.016904206946492195, 0.017602739855647087, 0.0162197295576334, 0.01652941107749939, 0.01648128032684326, 0.017657063901424408, 0.017901288345456123, 0.01604057103395462, 0.01663772389292717, 0.014640826731920242, 0.016799576580524445]
[0.3420736789703369, 0.1518104076385498, 0.0765904039144516, 0.06051383167505264, 0.042695607990026474, 0.035167496651411057, 0.030001405626535416, 0.0266941636800766, 0.022486884146928787, 0.018915962427854538, 0.018696071580052376, 0.01581542380154133, 0.0147218843922019, 0.01318921335041523, 0.012528721243143082, 0.012139534577727318, 0.012087816372513771, 0.011882895603775978, 0.013355160132050514, 0.013261821120977402, 0.013141908682882786, 0.0131571926176548, 0.013457662425935268, 0.013630938716232777, 0.013050148263573647, 0.013401692733168602]
Training time: 3769 	steps per sec: 7
Eval num_timesteps=26624, episode_reward=nan +/- nan
Eval num_timesteps=26624, episode_success=nan +/- nan
se
16 16384 1024
diff [0.033004552125930786, 0.007178470492362976, -0.02129346877336502, -0.0046214088797569275, -0.010276183485984802, -0.007366795092821121, -0.013453688472509384, -0.0064236074686050415, -0.007859291508793831, -0.008348120376467705, -0.005409842357039452, -0.006881697103381157, -0.0053151873871684074, -0.004245143383741379, -0.00317506305873394, -0.004764672368764877, -0.005514923483133316, -0.004336833953857422, -0.0031742509454488754, -0.00321945920586586, -0.004515155218541622, -0.004744095727801323, -0.002582908608019352, -0.003006785176694393, -0.0015906784683465958, -0.0033978838473558426, -0.003524758853018284]
ref [0.30906912684440613, 0.14463193714618683, 0.09788387268781662, 0.06513524055480957, 0.052971791476011276, 0.04253429174423218, 0.0434550940990448, 0.03311777114868164, 0.030346175655722618, 0.027264082804322243, 0.024105913937091827, 0.022697120904922485, 0.020037071779370308, 0.01743435673415661, 0.015703784301877022, 0.016904206946492195, 0.017602739855647087, 0.0162197295576334, 0.01652941107749939, 0.01648128032684326, 0.017657063901424408, 0.017901288345456123, 0.01604057103395462, 0.01663772389292717, 0.014640826731920242, 0.016799576580524445, 0.01656137779355049]
[0.3420736789703369, 0.1518104076385498, 0.0765904039144516, 0.06051383167505264, 0.042695607990026474, 0.035167496651411057, 0.030001405626535416, 0.0266941636800766, 0.022486884146928787, 0.018915962427854538, 0.018696071580052376, 0.01581542380154133, 0.0147218843922019, 0.01318921335041523, 0.012528721243143082, 0.012139534577727318, 0.012087816372513771, 0.011882895603775978, 0.013355160132050514, 0.013261821120977402, 0.013141908682882786, 0.0131571926176548, 0.013457662425935268, 0.013630938716232777, 0.013050148263573647, 0.013401692733168602, 0.013036618940532207]
Training time: 3961 	steps per sec: 6
Eval num_timesteps=27648, episode_reward=nan +/- nan
Eval num_timesteps=27648, episode_success=nan +/- nan
se
16 16384 1024
diff [0.033004552125930786, 0.007178470492362976, -0.02129346877336502, -0.0046214088797569275, -0.010276183485984802, -0.007366795092821121, -0.013453688472509384, -0.0064236074686050415, -0.007859291508793831, -0.008348120376467705, -0.005409842357039452, -0.006881697103381157, -0.0053151873871684074, -0.004245143383741379, -0.00317506305873394, -0.004764672368764877, -0.005514923483133316, -0.004336833953857422, -0.0031742509454488754, -0.00321945920586586, -0.004515155218541622, -0.004744095727801323, -0.002582908608019352, -0.003006785176694393, -0.0015906784683465958, -0.0033978838473558426, -0.003524758853018284, -0.005750951357185841]
ref [0.30906912684440613, 0.14463193714618683, 0.09788387268781662, 0.06513524055480957, 0.052971791476011276, 0.04253429174423218, 0.0434550940990448, 0.03311777114868164, 0.030346175655722618, 0.027264082804322243, 0.024105913937091827, 0.022697120904922485, 0.020037071779370308, 0.01743435673415661, 0.015703784301877022, 0.016904206946492195, 0.017602739855647087, 0.0162197295576334, 0.01652941107749939, 0.01648128032684326, 0.017657063901424408, 0.017901288345456123, 0.01604057103395462, 0.01663772389292717, 0.014640826731920242, 0.016799576580524445, 0.01656137779355049, 0.017644166946411133]
[0.3420736789703369, 0.1518104076385498, 0.0765904039144516, 0.06051383167505264, 0.042695607990026474, 0.035167496651411057, 0.030001405626535416, 0.0266941636800766, 0.022486884146928787, 0.018915962427854538, 0.018696071580052376, 0.01581542380154133, 0.0147218843922019, 0.01318921335041523, 0.012528721243143082, 0.012139534577727318, 0.012087816372513771, 0.011882895603775978, 0.013355160132050514, 0.013261821120977402, 0.013141908682882786, 0.0131571926176548, 0.013457662425935268, 0.013630938716232777, 0.013050148263573647, 0.013401692733168602, 0.013036618940532207, 0.011893215589225292]
Training time: 4149 	steps per sec: 6
Eval num_timesteps=28672, episode_reward=nan +/- nan
Eval num_timesteps=28672, episode_success=nan +/- nan
se
16 16384 1024
diff [0.033004552125930786, 0.007178470492362976, -0.02129346877336502, -0.0046214088797569275, -0.010276183485984802, -0.007366795092821121, -0.013453688472509384, -0.0064236074686050415, -0.007859291508793831, -0.008348120376467705, -0.005409842357039452, -0.006881697103381157, -0.0053151873871684074, -0.004245143383741379, -0.00317506305873394, -0.004764672368764877, -0.005514923483133316, -0.004336833953857422, -0.0031742509454488754, -0.00321945920586586, -0.004515155218541622, -0.004744095727801323, -0.002582908608019352, -0.003006785176694393, -0.0015906784683465958, -0.0033978838473558426, -0.003524758853018284, -0.005750951357185841, -0.004164442420005798]
ref [0.30906912684440613, 0.14463193714618683, 0.09788387268781662, 0.06513524055480957, 0.052971791476011276, 0.04253429174423218, 0.0434550940990448, 0.03311777114868164, 0.030346175655722618, 0.027264082804322243, 0.024105913937091827, 0.022697120904922485, 0.020037071779370308, 0.01743435673415661, 0.015703784301877022, 0.016904206946492195, 0.017602739855647087, 0.0162197295576334, 0.01652941107749939, 0.01648128032684326, 0.017657063901424408, 0.017901288345456123, 0.01604057103395462, 0.01663772389292717, 0.014640826731920242, 0.016799576580524445, 0.01656137779355049, 0.017644166946411133, 0.01601390168070793]
[0.3420736789703369, 0.1518104076385498, 0.0765904039144516, 0.06051383167505264, 0.042695607990026474, 0.035167496651411057, 0.030001405626535416, 0.0266941636800766, 0.022486884146928787, 0.018915962427854538, 0.018696071580052376, 0.01581542380154133, 0.0147218843922019, 0.01318921335041523, 0.012528721243143082, 0.012139534577727318, 0.012087816372513771, 0.011882895603775978, 0.013355160132050514, 0.013261821120977402, 0.013141908682882786, 0.0131571926176548, 0.013457662425935268, 0.013630938716232777, 0.013050148263573647, 0.013401692733168602, 0.013036618940532207, 0.011893215589225292, 0.011849459260702133]
Training time: 4340 	steps per sec: 6
Eval num_timesteps=29696, episode_reward=nan +/- nan
Eval num_timesteps=29696, episode_success=nan +/- nan
se
16 16384 1024
diff [0.033004552125930786, 0.007178470492362976, -0.02129346877336502, -0.0046214088797569275, -0.010276183485984802, -0.007366795092821121, -0.013453688472509384, -0.0064236074686050415, -0.007859291508793831, -0.008348120376467705, -0.005409842357039452, -0.006881697103381157, -0.0053151873871684074, -0.004245143383741379, -0.00317506305873394, -0.004764672368764877, -0.005514923483133316, -0.004336833953857422, -0.0031742509454488754, -0.00321945920586586, -0.004515155218541622, -0.004744095727801323, -0.002582908608019352, -0.003006785176694393, -0.0015906784683465958, -0.0033978838473558426, -0.003524758853018284, -0.005750951357185841, -0.004164442420005798, -0.0044798776507377625]
ref [0.30906912684440613, 0.14463193714618683, 0.09788387268781662, 0.06513524055480957, 0.052971791476011276, 0.04253429174423218, 0.0434550940990448, 0.03311777114868164, 0.030346175655722618, 0.027264082804322243, 0.024105913937091827, 0.022697120904922485, 0.020037071779370308, 0.01743435673415661, 0.015703784301877022, 0.016904206946492195, 0.017602739855647087, 0.0162197295576334, 0.01652941107749939, 0.01648128032684326, 0.017657063901424408, 0.017901288345456123, 0.01604057103395462, 0.01663772389292717, 0.014640826731920242, 0.016799576580524445, 0.01656137779355049, 0.017644166946411133, 0.01601390168070793, 0.016677813604474068]
[0.3420736789703369, 0.1518104076385498, 0.0765904039144516, 0.06051383167505264, 0.042695607990026474, 0.035167496651411057, 0.030001405626535416, 0.0266941636800766, 0.022486884146928787, 0.018915962427854538, 0.018696071580052376, 0.01581542380154133, 0.0147218843922019, 0.01318921335041523, 0.012528721243143082, 0.012139534577727318, 0.012087816372513771, 0.011882895603775978, 0.013355160132050514, 0.013261821120977402, 0.013141908682882786, 0.0131571926176548, 0.013457662425935268, 0.013630938716232777, 0.013050148263573647, 0.013401692733168602, 0.013036618940532207, 0.011893215589225292, 0.011849459260702133, 0.012197935953736305]
Training time: 4532 	steps per sec: 6
Eval num_timesteps=30720, episode_reward=nan +/- nan
Eval num_timesteps=30720, episode_success=nan +/- nan
se
16 16384 1024
diff [0.033004552125930786, 0.007178470492362976, -0.02129346877336502, -0.0046214088797569275, -0.010276183485984802, -0.007366795092821121, -0.013453688472509384, -0.0064236074686050415, -0.007859291508793831, -0.008348120376467705, -0.005409842357039452, -0.006881697103381157, -0.0053151873871684074, -0.004245143383741379, -0.00317506305873394, -0.004764672368764877, -0.005514923483133316, -0.004336833953857422, -0.0031742509454488754, -0.00321945920586586, -0.004515155218541622, -0.004744095727801323, -0.002582908608019352, -0.003006785176694393, -0.0015906784683465958, -0.0033978838473558426, -0.003524758853018284, -0.005750951357185841, -0.004164442420005798, -0.0044798776507377625, -0.004936765879392624]
ref [0.30906912684440613, 0.14463193714618683, 0.09788387268781662, 0.06513524055480957, 0.052971791476011276, 0.04253429174423218, 0.0434550940990448, 0.03311777114868164, 0.030346175655722618, 0.027264082804322243, 0.024105913937091827, 0.022697120904922485, 0.020037071779370308, 0.01743435673415661, 0.015703784301877022, 0.016904206946492195, 0.017602739855647087, 0.0162197295576334, 0.01652941107749939, 0.01648128032684326, 0.017657063901424408, 0.017901288345456123, 0.01604057103395462, 0.01663772389292717, 0.014640826731920242, 0.016799576580524445, 0.01656137779355049, 0.017644166946411133, 0.01601390168070793, 0.016677813604474068, 0.01710900478065014]
[0.3420736789703369, 0.1518104076385498, 0.0765904039144516, 0.06051383167505264, 0.042695607990026474, 0.035167496651411057, 0.030001405626535416, 0.0266941636800766, 0.022486884146928787, 0.018915962427854538, 0.018696071580052376, 0.01581542380154133, 0.0147218843922019, 0.01318921335041523, 0.012528721243143082, 0.012139534577727318, 0.012087816372513771, 0.011882895603775978, 0.013355160132050514, 0.013261821120977402, 0.013141908682882786, 0.0131571926176548, 0.013457662425935268, 0.013630938716232777, 0.013050148263573647, 0.013401692733168602, 0.013036618940532207, 0.011893215589225292, 0.011849459260702133, 0.012197935953736305, 0.012172238901257515]
Training time: 4720 	steps per sec: 6
Eval num_timesteps=31744, episode_reward=nan +/- nan
Eval num_timesteps=31744, episode_success=nan +/- nan
se
16 16384 1024
diff [0.033004552125930786, 0.007178470492362976, -0.02129346877336502, -0.0046214088797569275, -0.010276183485984802, -0.007366795092821121, -0.013453688472509384, -0.0064236074686050415, -0.007859291508793831, -0.008348120376467705, -0.005409842357039452, -0.006881697103381157, -0.0053151873871684074, -0.004245143383741379, -0.00317506305873394, -0.004764672368764877, -0.005514923483133316, -0.004336833953857422, -0.0031742509454488754, -0.00321945920586586, -0.004515155218541622, -0.004744095727801323, -0.002582908608019352, -0.003006785176694393, -0.0015906784683465958, -0.0033978838473558426, -0.003524758853018284, -0.005750951357185841, -0.004164442420005798, -0.0044798776507377625, -0.004936765879392624, -0.002981348894536495]
ref [0.30906912684440613, 0.14463193714618683, 0.09788387268781662, 0.06513524055480957, 0.052971791476011276, 0.04253429174423218, 0.0434550940990448, 0.03311777114868164, 0.030346175655722618, 0.027264082804322243, 0.024105913937091827, 0.022697120904922485, 0.020037071779370308, 0.01743435673415661, 0.015703784301877022, 0.016904206946492195, 0.017602739855647087, 0.0162197295576334, 0.01652941107749939, 0.01648128032684326, 0.017657063901424408, 0.017901288345456123, 0.01604057103395462, 0.01663772389292717, 0.014640826731920242, 0.016799576580524445, 0.01656137779355049, 0.017644166946411133, 0.01601390168070793, 0.016677813604474068, 0.01710900478065014, 0.015439087525010109]
[0.3420736789703369, 0.1518104076385498, 0.0765904039144516, 0.06051383167505264, 0.042695607990026474, 0.035167496651411057, 0.030001405626535416, 0.0266941636800766, 0.022486884146928787, 0.018915962427854538, 0.018696071580052376, 0.01581542380154133, 0.0147218843922019, 0.01318921335041523, 0.012528721243143082, 0.012139534577727318, 0.012087816372513771, 0.011882895603775978, 0.013355160132050514, 0.013261821120977402, 0.013141908682882786, 0.0131571926176548, 0.013457662425935268, 0.013630938716232777, 0.013050148263573647, 0.013401692733168602, 0.013036618940532207, 0.011893215589225292, 0.011849459260702133, 0.012197935953736305, 0.012172238901257515, 0.012457738630473614]
Training time: 4907 	steps per sec: 6
Eval num_timesteps=32768, episode_reward=nan +/- nan
Eval num_timesteps=32768, episode_success=nan +/- nan
results/Walker2d-v4/
results/Walker2d-v4/ppo_ros/
results/Walker2d-v4/ppo_ros/expert/
results/Walker2d-v4/ppo_ros/expert/b_16/
results/Walker2d-v4/ppo_ros/expert/b_16/no_clip/
results/Walker2d-v4/ppo_ros/expert/b_16/no_clip/run_0/
results/Walker2d-v4/ppo_ros/expert/b_16/no_clip/run_0/config.yml
results/Walker2d-v4/ppo_ros/expert/b_16/no_clip/run_0/evaluations.npz
results/Walker2d-v4/ppo_ros/expert/b_16/no_clip/run_0/stats.npz
