ppo_ros_continuous.py --env-id Hopper-v4 -s expert/b_16/no_clip_lambda --total-timesteps 32768 --eval-freq 1 --eval-episodes 0 -b 16 --num-steps 1024 -lr 0 --update-epochs 0 --anneal-lr 0 --ros-num-steps 256 --ros-update-epochs 16 --ros-target-kl 0.05 --ros-clip-coef 999999999 --ros-lambda 0 -ros-lr 0.001 --ros-anneal-lr 0 --se 1 --se-freq 1 --se-lr 1e-3 --se-epochs 1000 --policy-path policies/Hopper-v4/best_model.zip --normalization-dir policies/Hopper-v4
Obtaining file:///var/lib/condor/execute/slot1/dir_394839/PPOROS/PPOROS/custom-envs
  Preparing metadata (setup.py): started
  Preparing metadata (setup.py): finished with status 'done'
Requirement already satisfied: gym in /var/lib/condor/execute/slot1/dir_394839/PPOROS/ppo-ros_env/lib/python3.9/site-packages (from custom-envs==0.0.1) (0.21.0)
Requirement already satisfied: numpy>=1.18.0 in /var/lib/condor/execute/slot1/dir_394839/PPOROS/ppo-ros_env/lib/python3.9/site-packages (from gym->custom-envs==0.0.1) (1.24.2)
Requirement already satisfied: cloudpickle>=1.2.0 in /var/lib/condor/execute/slot1/dir_394839/PPOROS/ppo-ros_env/lib/python3.9/site-packages (from gym->custom-envs==0.0.1) (2.2.1)
Installing collected packages: custom-envs
  Running setup.py develop for custom-envs
Successfully installed custom-envs-0.0.1
seed: 3
Eval num_timesteps=0, episode_reward=nan +/- nan
Eval num_timesteps=0, episode_success=nan +/- nan
se
1 1024 1024
diff [0.04164435714483261]
ref [0.07193832844495773]
[0.11358268558979034]
Training time: 17 	steps per sec: 58
Eval num_timesteps=1024, episode_reward=nan +/- nan
Eval num_timesteps=1024, episode_success=nan +/- nan
se
2 2048 1024
diff [0.04164435714483261, -0.00993819534778595]
ref [0.07193832844495773, 0.05088474601507187]
[0.11358268558979034, 0.04094655066728592]
Training time: 42 	steps per sec: 47
Eval num_timesteps=2048, episode_reward=nan +/- nan
Eval num_timesteps=2048, episode_success=nan +/- nan
se
3 3072 1024
diff [0.04164435714483261, -0.00993819534778595, -0.0051275137811899185]
ref [0.07193832844495773, 0.05088474601507187, 0.034683916717767715]
[0.11358268558979034, 0.04094655066728592, 0.029556402936577797]
Training time: 74 	steps per sec: 41
Eval num_timesteps=3072, episode_reward=nan +/- nan
Eval num_timesteps=3072, episode_success=nan +/- nan
se
4 4096 1024
diff [0.04164435714483261, -0.00993819534778595, -0.0051275137811899185, -0.004080284386873245]
ref [0.07193832844495773, 0.05088474601507187, 0.034683916717767715, 0.02801935374736786]
[0.11358268558979034, 0.04094655066728592, 0.029556402936577797, 0.023939069360494614]
Training time: 114 	steps per sec: 35
Eval num_timesteps=4096, episode_reward=nan +/- nan
Eval num_timesteps=4096, episode_success=nan +/- nan
se
5 5120 1024
diff [0.04164435714483261, -0.00993819534778595, -0.0051275137811899185, -0.004080284386873245, -0.00026194751262664795]
ref [0.07193832844495773, 0.05088474601507187, 0.034683916717767715, 0.02801935374736786, 0.01992250420153141]
[0.11358268558979034, 0.04094655066728592, 0.029556402936577797, 0.023939069360494614, 0.019660556688904762]
Training time: 162 	steps per sec: 31
Eval num_timesteps=5120, episode_reward=nan +/- nan
Eval num_timesteps=5120, episode_success=nan +/- nan
se
6 6144 1024
diff [0.04164435714483261, -0.00993819534778595, -0.0051275137811899185, -0.004080284386873245, -0.00026194751262664795, 0.004573110491037369]
ref [0.07193832844495773, 0.05088474601507187, 0.034683916717767715, 0.02801935374736786, 0.01992250420153141, 0.012772869318723679]
[0.11358268558979034, 0.04094655066728592, 0.029556402936577797, 0.023939069360494614, 0.019660556688904762, 0.017345979809761047]
Training time: 220 	steps per sec: 27
Eval num_timesteps=6144, episode_reward=nan +/- nan
Eval num_timesteps=6144, episode_success=nan +/- nan
se
7 7168 1024
diff [0.04164435714483261, -0.00993819534778595, -0.0051275137811899185, -0.004080284386873245, -0.00026194751262664795, 0.004573110491037369, 0.0005687940865755081]
ref [0.07193832844495773, 0.05088474601507187, 0.034683916717767715, 0.02801935374736786, 0.01992250420153141, 0.012772869318723679, 0.014387314207851887]
[0.11358268558979034, 0.04094655066728592, 0.029556402936577797, 0.023939069360494614, 0.019660556688904762, 0.017345979809761047, 0.014956108294427395]
Training time: 283 	steps per sec: 25
Eval num_timesteps=7168, episode_reward=nan +/- nan
Eval num_timesteps=7168, episode_success=nan +/- nan
se
8 8192 1024
diff [0.04164435714483261, -0.00993819534778595, -0.0051275137811899185, -0.004080284386873245, -0.00026194751262664795, 0.004573110491037369, 0.0005687940865755081, -0.0018068961799144745]
ref [0.07193832844495773, 0.05088474601507187, 0.034683916717767715, 0.02801935374736786, 0.01992250420153141, 0.012772869318723679, 0.014387314207851887, 0.015625124797225]
[0.11358268558979034, 0.04094655066728592, 0.029556402936577797, 0.023939069360494614, 0.019660556688904762, 0.017345979809761047, 0.014956108294427395, 0.013818228617310524]
Training time: 362 	steps per sec: 22
Eval num_timesteps=8192, episode_reward=nan +/- nan
Eval num_timesteps=8192, episode_success=nan +/- nan
se
9 9216 1024
diff [0.04164435714483261, -0.00993819534778595, -0.0051275137811899185, -0.004080284386873245, -0.00026194751262664795, 0.004573110491037369, 0.0005687940865755081, -0.0018068961799144745, 0.0034242719411849976]
ref [0.07193832844495773, 0.05088474601507187, 0.034683916717767715, 0.02801935374736786, 0.01992250420153141, 0.012772869318723679, 0.014387314207851887, 0.015625124797225, 0.009682189673185349]
[0.11358268558979034, 0.04094655066728592, 0.029556402936577797, 0.023939069360494614, 0.019660556688904762, 0.017345979809761047, 0.014956108294427395, 0.013818228617310524, 0.013106461614370346]
Training time: 442 	steps per sec: 20
Eval num_timesteps=9216, episode_reward=nan +/- nan
Eval num_timesteps=9216, episode_success=nan +/- nan
se
10 10240 1024
diff [0.04164435714483261, -0.00993819534778595, -0.0051275137811899185, -0.004080284386873245, -0.00026194751262664795, 0.004573110491037369, 0.0005687940865755081, -0.0018068961799144745, 0.0034242719411849976, 0.0023702550679445267]
ref [0.07193832844495773, 0.05088474601507187, 0.034683916717767715, 0.02801935374736786, 0.01992250420153141, 0.012772869318723679, 0.014387314207851887, 0.015625124797225, 0.009682189673185349, 0.009311508387327194]
[0.11358268558979034, 0.04094655066728592, 0.029556402936577797, 0.023939069360494614, 0.019660556688904762, 0.017345979809761047, 0.014956108294427395, 0.013818228617310524, 0.013106461614370346, 0.011681763455271721]
Training time: 536 	steps per sec: 19
Eval num_timesteps=10240, episode_reward=nan +/- nan
Eval num_timesteps=10240, episode_success=nan +/- nan
se
11 11264 1024
diff [0.04164435714483261, -0.00993819534778595, -0.0051275137811899185, -0.004080284386873245, -0.00026194751262664795, 0.004573110491037369, 0.0005687940865755081, -0.0018068961799144745, 0.0034242719411849976, 0.0023702550679445267, 0.00036356132477521896]
ref [0.07193832844495773, 0.05088474601507187, 0.034683916717767715, 0.02801935374736786, 0.01992250420153141, 0.012772869318723679, 0.014387314207851887, 0.015625124797225, 0.009682189673185349, 0.009311508387327194, 0.009462586604058743]
[0.11358268558979034, 0.04094655066728592, 0.029556402936577797, 0.023939069360494614, 0.019660556688904762, 0.017345979809761047, 0.014956108294427395, 0.013818228617310524, 0.013106461614370346, 0.011681763455271721, 0.009826147928833961]
Training time: 635 	steps per sec: 17
Eval num_timesteps=11264, episode_reward=nan +/- nan
Eval num_timesteps=11264, episode_success=nan +/- nan
se
12 12288 1024
diff [0.04164435714483261, -0.00993819534778595, -0.0051275137811899185, -0.004080284386873245, -0.00026194751262664795, 0.004573110491037369, 0.0005687940865755081, -0.0018068961799144745, 0.0034242719411849976, 0.0023702550679445267, 0.00036356132477521896, 0.0007599955424666405]
ref [0.07193832844495773, 0.05088474601507187, 0.034683916717767715, 0.02801935374736786, 0.01992250420153141, 0.012772869318723679, 0.014387314207851887, 0.015625124797225, 0.009682189673185349, 0.009311508387327194, 0.009462586604058743, 0.009017091244459152]
[0.11358268558979034, 0.04094655066728592, 0.029556402936577797, 0.023939069360494614, 0.019660556688904762, 0.017345979809761047, 0.014956108294427395, 0.013818228617310524, 0.013106461614370346, 0.011681763455271721, 0.009826147928833961, 0.009777086786925793]
Training time: 738 	steps per sec: 16
Eval num_timesteps=12288, episode_reward=nan +/- nan
Eval num_timesteps=12288, episode_success=nan +/- nan
se
13 13312 1024
diff [0.04164435714483261, -0.00993819534778595, -0.0051275137811899185, -0.004080284386873245, -0.00026194751262664795, 0.004573110491037369, 0.0005687940865755081, -0.0018068961799144745, 0.0034242719411849976, 0.0023702550679445267, 0.00036356132477521896, 0.0007599955424666405, 0.0005924059078097343]
ref [0.07193832844495773, 0.05088474601507187, 0.034683916717767715, 0.02801935374736786, 0.01992250420153141, 0.012772869318723679, 0.014387314207851887, 0.015625124797225, 0.009682189673185349, 0.009311508387327194, 0.009462586604058743, 0.009017091244459152, 0.008504558354616165]
[0.11358268558979034, 0.04094655066728592, 0.029556402936577797, 0.023939069360494614, 0.019660556688904762, 0.017345979809761047, 0.014956108294427395, 0.013818228617310524, 0.013106461614370346, 0.011681763455271721, 0.009826147928833961, 0.009777086786925793, 0.0090969642624259]
Training time: 847 	steps per sec: 15
Eval num_timesteps=13312, episode_reward=nan +/- nan
Eval num_timesteps=13312, episode_success=nan +/- nan
se
14 14336 1024
diff [0.04164435714483261, -0.00993819534778595, -0.0051275137811899185, -0.004080284386873245, -0.00026194751262664795, 0.004573110491037369, 0.0005687940865755081, -0.0018068961799144745, 0.0034242719411849976, 0.0023702550679445267, 0.00036356132477521896, 0.0007599955424666405, 0.0005924059078097343, -0.0009657377377152443]
ref [0.07193832844495773, 0.05088474601507187, 0.034683916717767715, 0.02801935374736786, 0.01992250420153141, 0.012772869318723679, 0.014387314207851887, 0.015625124797225, 0.009682189673185349, 0.009311508387327194, 0.009462586604058743, 0.009017091244459152, 0.008504558354616165, 0.008851343765854836]
[0.11358268558979034, 0.04094655066728592, 0.029556402936577797, 0.023939069360494614, 0.019660556688904762, 0.017345979809761047, 0.014956108294427395, 0.013818228617310524, 0.013106461614370346, 0.011681763455271721, 0.009826147928833961, 0.009777086786925793, 0.0090969642624259, 0.007885606028139591]
Training time: 963 	steps per sec: 14
Eval num_timesteps=14336, episode_reward=nan +/- nan
Eval num_timesteps=14336, episode_success=nan +/- nan
se
15 15360 1024
diff [0.04164435714483261, -0.00993819534778595, -0.0051275137811899185, -0.004080284386873245, -0.00026194751262664795, 0.004573110491037369, 0.0005687940865755081, -0.0018068961799144745, 0.0034242719411849976, 0.0023702550679445267, 0.00036356132477521896, 0.0007599955424666405, 0.0005924059078097343, -0.0009657377377152443, -0.0013255863450467587]
ref [0.07193832844495773, 0.05088474601507187, 0.034683916717767715, 0.02801935374736786, 0.01992250420153141, 0.012772869318723679, 0.014387314207851887, 0.015625124797225, 0.009682189673185349, 0.009311508387327194, 0.009462586604058743, 0.009017091244459152, 0.008504558354616165, 0.008851343765854836, 0.008258923888206482]
[0.11358268558979034, 0.04094655066728592, 0.029556402936577797, 0.023939069360494614, 0.019660556688904762, 0.017345979809761047, 0.014956108294427395, 0.013818228617310524, 0.013106461614370346, 0.011681763455271721, 0.009826147928833961, 0.009777086786925793, 0.0090969642624259, 0.007885606028139591, 0.006933337543159723]
Training time: 1085 	steps per sec: 14
Eval num_timesteps=15360, episode_reward=nan +/- nan
Eval num_timesteps=15360, episode_success=nan +/- nan
se
16 16384 1024
diff [0.04164435714483261, -0.00993819534778595, -0.0051275137811899185, -0.004080284386873245, -0.00026194751262664795, 0.004573110491037369, 0.0005687940865755081, -0.0018068961799144745, 0.0034242719411849976, 0.0023702550679445267, 0.00036356132477521896, 0.0007599955424666405, 0.0005924059078097343, -0.0009657377377152443, -0.0013255863450467587, 0.0003226548433303833]
ref [0.07193832844495773, 0.05088474601507187, 0.034683916717767715, 0.02801935374736786, 0.01992250420153141, 0.012772869318723679, 0.014387314207851887, 0.015625124797225, 0.009682189673185349, 0.009311508387327194, 0.009462586604058743, 0.009017091244459152, 0.008504558354616165, 0.008851343765854836, 0.008258923888206482, 0.00653989939019084]
[0.11358268558979034, 0.04094655066728592, 0.029556402936577797, 0.023939069360494614, 0.019660556688904762, 0.017345979809761047, 0.014956108294427395, 0.013818228617310524, 0.013106461614370346, 0.011681763455271721, 0.009826147928833961, 0.009777086786925793, 0.0090969642624259, 0.007885606028139591, 0.006933337543159723, 0.006862554233521223]
Training time: 1213 	steps per sec: 13
Eval num_timesteps=16384, episode_reward=nan +/- nan
Eval num_timesteps=16384, episode_success=nan +/- nan
se
16 16384 1024
diff [0.04164435714483261, -0.00993819534778595, -0.0051275137811899185, -0.004080284386873245, -0.00026194751262664795, 0.004573110491037369, 0.0005687940865755081, -0.0018068961799144745, 0.0034242719411849976, 0.0023702550679445267, 0.00036356132477521896, 0.0007599955424666405, 0.0005924059078097343, -0.0009657377377152443, -0.0013255863450467587, 0.0003226548433303833, -0.0006982679478824139]
ref [0.07193832844495773, 0.05088474601507187, 0.034683916717767715, 0.02801935374736786, 0.01992250420153141, 0.012772869318723679, 0.014387314207851887, 0.015625124797225, 0.009682189673185349, 0.009311508387327194, 0.009462586604058743, 0.009017091244459152, 0.008504558354616165, 0.008851343765854836, 0.008258923888206482, 0.00653989939019084, 0.006961118895560503]
[0.11358268558979034, 0.04094655066728592, 0.029556402936577797, 0.023939069360494614, 0.019660556688904762, 0.017345979809761047, 0.014956108294427395, 0.013818228617310524, 0.013106461614370346, 0.011681763455271721, 0.009826147928833961, 0.009777086786925793, 0.0090969642624259, 0.007885606028139591, 0.006933337543159723, 0.006862554233521223, 0.006262850947678089]
Training time: 1342 	steps per sec: 12
Eval num_timesteps=17408, episode_reward=nan +/- nan
Eval num_timesteps=17408, episode_success=nan +/- nan
se
16 16384 1024
diff [0.04164435714483261, -0.00993819534778595, -0.0051275137811899185, -0.004080284386873245, -0.00026194751262664795, 0.004573110491037369, 0.0005687940865755081, -0.0018068961799144745, 0.0034242719411849976, 0.0023702550679445267, 0.00036356132477521896, 0.0007599955424666405, 0.0005924059078097343, -0.0009657377377152443, -0.0013255863450467587, 0.0003226548433303833, -0.0006982679478824139, -0.0015090941451489925]
ref [0.07193832844495773, 0.05088474601507187, 0.034683916717767715, 0.02801935374736786, 0.01992250420153141, 0.012772869318723679, 0.014387314207851887, 0.015625124797225, 0.009682189673185349, 0.009311508387327194, 0.009462586604058743, 0.009017091244459152, 0.008504558354616165, 0.008851343765854836, 0.008258923888206482, 0.00653989939019084, 0.006961118895560503, 0.007869848981499672]
[0.11358268558979034, 0.04094655066728592, 0.029556402936577797, 0.023939069360494614, 0.019660556688904762, 0.017345979809761047, 0.014956108294427395, 0.013818228617310524, 0.013106461614370346, 0.011681763455271721, 0.009826147928833961, 0.009777086786925793, 0.0090969642624259, 0.007885606028139591, 0.006933337543159723, 0.006862554233521223, 0.006262850947678089, 0.006360754836350679]
Training time: 1474 	steps per sec: 12
Eval num_timesteps=18432, episode_reward=nan +/- nan
Eval num_timesteps=18432, episode_success=nan +/- nan
se
16 16384 1024
diff [0.04164435714483261, -0.00993819534778595, -0.0051275137811899185, -0.004080284386873245, -0.00026194751262664795, 0.004573110491037369, 0.0005687940865755081, -0.0018068961799144745, 0.0034242719411849976, 0.0023702550679445267, 0.00036356132477521896, 0.0007599955424666405, 0.0005924059078097343, -0.0009657377377152443, -0.0013255863450467587, 0.0003226548433303833, -0.0006982679478824139, -0.0015090941451489925, -0.0011208849027752876]
ref [0.07193832844495773, 0.05088474601507187, 0.034683916717767715, 0.02801935374736786, 0.01992250420153141, 0.012772869318723679, 0.014387314207851887, 0.015625124797225, 0.009682189673185349, 0.009311508387327194, 0.009462586604058743, 0.009017091244459152, 0.008504558354616165, 0.008851343765854836, 0.008258923888206482, 0.00653989939019084, 0.006961118895560503, 0.007869848981499672, 0.00779722398146987]
[0.11358268558979034, 0.04094655066728592, 0.029556402936577797, 0.023939069360494614, 0.019660556688904762, 0.017345979809761047, 0.014956108294427395, 0.013818228617310524, 0.013106461614370346, 0.011681763455271721, 0.009826147928833961, 0.009777086786925793, 0.0090969642624259, 0.007885606028139591, 0.006933337543159723, 0.006862554233521223, 0.006262850947678089, 0.006360754836350679, 0.006676339078694582]
Training time: 1589 	steps per sec: 12
Eval num_timesteps=19456, episode_reward=nan +/- nan
Eval num_timesteps=19456, episode_success=nan +/- nan
se
16 16384 1024
diff [0.04164435714483261, -0.00993819534778595, -0.0051275137811899185, -0.004080284386873245, -0.00026194751262664795, 0.004573110491037369, 0.0005687940865755081, -0.0018068961799144745, 0.0034242719411849976, 0.0023702550679445267, 0.00036356132477521896, 0.0007599955424666405, 0.0005924059078097343, -0.0009657377377152443, -0.0013255863450467587, 0.0003226548433303833, -0.0006982679478824139, -0.0015090941451489925, -0.0011208849027752876, -0.0008904240094125271]
ref [0.07193832844495773, 0.05088474601507187, 0.034683916717767715, 0.02801935374736786, 0.01992250420153141, 0.012772869318723679, 0.014387314207851887, 0.015625124797225, 0.009682189673185349, 0.009311508387327194, 0.009462586604058743, 0.009017091244459152, 0.008504558354616165, 0.008851343765854836, 0.008258923888206482, 0.00653989939019084, 0.006961118895560503, 0.007869848981499672, 0.00779722398146987, 0.007295290939509869]
[0.11358268558979034, 0.04094655066728592, 0.029556402936577797, 0.023939069360494614, 0.019660556688904762, 0.017345979809761047, 0.014956108294427395, 0.013818228617310524, 0.013106461614370346, 0.011681763455271721, 0.009826147928833961, 0.009777086786925793, 0.0090969642624259, 0.007885606028139591, 0.006933337543159723, 0.006862554233521223, 0.006262850947678089, 0.006360754836350679, 0.006676339078694582, 0.0064048669300973415]
Training time: 1718 	steps per sec: 11
Eval num_timesteps=20480, episode_reward=nan +/- nan
Eval num_timesteps=20480, episode_success=nan +/- nan
se
16 16384 1024
diff [0.04164435714483261, -0.00993819534778595, -0.0051275137811899185, -0.004080284386873245, -0.00026194751262664795, 0.004573110491037369, 0.0005687940865755081, -0.0018068961799144745, 0.0034242719411849976, 0.0023702550679445267, 0.00036356132477521896, 0.0007599955424666405, 0.0005924059078097343, -0.0009657377377152443, -0.0013255863450467587, 0.0003226548433303833, -0.0006982679478824139, -0.0015090941451489925, -0.0011208849027752876, -0.0008904240094125271, 0.0004495866596698761]
ref [0.07193832844495773, 0.05088474601507187, 0.034683916717767715, 0.02801935374736786, 0.01992250420153141, 0.012772869318723679, 0.014387314207851887, 0.015625124797225, 0.009682189673185349, 0.009311508387327194, 0.009462586604058743, 0.009017091244459152, 0.008504558354616165, 0.008851343765854836, 0.008258923888206482, 0.00653989939019084, 0.006961118895560503, 0.007869848981499672, 0.00779722398146987, 0.007295290939509869, 0.006079956889152527]
[0.11358268558979034, 0.04094655066728592, 0.029556402936577797, 0.023939069360494614, 0.019660556688904762, 0.017345979809761047, 0.014956108294427395, 0.013818228617310524, 0.013106461614370346, 0.011681763455271721, 0.009826147928833961, 0.009777086786925793, 0.0090969642624259, 0.007885606028139591, 0.006933337543159723, 0.006862554233521223, 0.006262850947678089, 0.006360754836350679, 0.006676339078694582, 0.0064048669300973415, 0.006529543548822403]
Training time: 1847 	steps per sec: 11
Eval num_timesteps=21504, episode_reward=nan +/- nan
Eval num_timesteps=21504, episode_success=nan +/- nan
se
16 16384 1024
diff [0.04164435714483261, -0.00993819534778595, -0.0051275137811899185, -0.004080284386873245, -0.00026194751262664795, 0.004573110491037369, 0.0005687940865755081, -0.0018068961799144745, 0.0034242719411849976, 0.0023702550679445267, 0.00036356132477521896, 0.0007599955424666405, 0.0005924059078097343, -0.0009657377377152443, -0.0013255863450467587, 0.0003226548433303833, -0.0006982679478824139, -0.0015090941451489925, -0.0011208849027752876, -0.0008904240094125271, 0.0004495866596698761, -0.0003528068773448467]
ref [0.07193832844495773, 0.05088474601507187, 0.034683916717767715, 0.02801935374736786, 0.01992250420153141, 0.012772869318723679, 0.014387314207851887, 0.015625124797225, 0.009682189673185349, 0.009311508387327194, 0.009462586604058743, 0.009017091244459152, 0.008504558354616165, 0.008851343765854836, 0.008258923888206482, 0.00653989939019084, 0.006961118895560503, 0.007869848981499672, 0.00779722398146987, 0.007295290939509869, 0.006079956889152527, 0.006717901676893234]
[0.11358268558979034, 0.04094655066728592, 0.029556402936577797, 0.023939069360494614, 0.019660556688904762, 0.017345979809761047, 0.014956108294427395, 0.013818228617310524, 0.013106461614370346, 0.011681763455271721, 0.009826147928833961, 0.009777086786925793, 0.0090969642624259, 0.007885606028139591, 0.006933337543159723, 0.006862554233521223, 0.006262850947678089, 0.006360754836350679, 0.006676339078694582, 0.0064048669300973415, 0.006529543548822403, 0.0063650947995483875]
Training time: 1983 	steps per sec: 11
Eval num_timesteps=22528, episode_reward=nan +/- nan
Eval num_timesteps=22528, episode_success=nan +/- nan
se
16 16384 1024
diff [0.04164435714483261, -0.00993819534778595, -0.0051275137811899185, -0.004080284386873245, -0.00026194751262664795, 0.004573110491037369, 0.0005687940865755081, -0.0018068961799144745, 0.0034242719411849976, 0.0023702550679445267, 0.00036356132477521896, 0.0007599955424666405, 0.0005924059078097343, -0.0009657377377152443, -0.0013255863450467587, 0.0003226548433303833, -0.0006982679478824139, -0.0015090941451489925, -0.0011208849027752876, -0.0008904240094125271, 0.0004495866596698761, -0.0003528068773448467, -6.25094398856163e-05]
ref [0.07193832844495773, 0.05088474601507187, 0.034683916717767715, 0.02801935374736786, 0.01992250420153141, 0.012772869318723679, 0.014387314207851887, 0.015625124797225, 0.009682189673185349, 0.009311508387327194, 0.009462586604058743, 0.009017091244459152, 0.008504558354616165, 0.008851343765854836, 0.008258923888206482, 0.00653989939019084, 0.006961118895560503, 0.007869848981499672, 0.00779722398146987, 0.007295290939509869, 0.006079956889152527, 0.006717901676893234, 0.007071539759635925]
[0.11358268558979034, 0.04094655066728592, 0.029556402936577797, 0.023939069360494614, 0.019660556688904762, 0.017345979809761047, 0.014956108294427395, 0.013818228617310524, 0.013106461614370346, 0.011681763455271721, 0.009826147928833961, 0.009777086786925793, 0.0090969642624259, 0.007885606028139591, 0.006933337543159723, 0.006862554233521223, 0.006262850947678089, 0.006360754836350679, 0.006676339078694582, 0.0064048669300973415, 0.006529543548822403, 0.0063650947995483875, 0.007009030319750309]
Training time: 2131 	steps per sec: 11
Eval num_timesteps=23552, episode_reward=nan +/- nan
Eval num_timesteps=23552, episode_success=nan +/- nan
se
16 16384 1024
diff [0.04164435714483261, -0.00993819534778595, -0.0051275137811899185, -0.004080284386873245, -0.00026194751262664795, 0.004573110491037369, 0.0005687940865755081, -0.0018068961799144745, 0.0034242719411849976, 0.0023702550679445267, 0.00036356132477521896, 0.0007599955424666405, 0.0005924059078097343, -0.0009657377377152443, -0.0013255863450467587, 0.0003226548433303833, -0.0006982679478824139, -0.0015090941451489925, -0.0011208849027752876, -0.0008904240094125271, 0.0004495866596698761, -0.0003528068773448467, -6.25094398856163e-05, -6.783008575439453e-05]
ref [0.07193832844495773, 0.05088474601507187, 0.034683916717767715, 0.02801935374736786, 0.01992250420153141, 0.012772869318723679, 0.014387314207851887, 0.015625124797225, 0.009682189673185349, 0.009311508387327194, 0.009462586604058743, 0.009017091244459152, 0.008504558354616165, 0.008851343765854836, 0.008258923888206482, 0.00653989939019084, 0.006961118895560503, 0.007869848981499672, 0.00779722398146987, 0.007295290939509869, 0.006079956889152527, 0.006717901676893234, 0.007071539759635925, 0.0069775208830833435]
[0.11358268558979034, 0.04094655066728592, 0.029556402936577797, 0.023939069360494614, 0.019660556688904762, 0.017345979809761047, 0.014956108294427395, 0.013818228617310524, 0.013106461614370346, 0.011681763455271721, 0.009826147928833961, 0.009777086786925793, 0.0090969642624259, 0.007885606028139591, 0.006933337543159723, 0.006862554233521223, 0.006262850947678089, 0.006360754836350679, 0.006676339078694582, 0.0064048669300973415, 0.006529543548822403, 0.0063650947995483875, 0.007009030319750309, 0.006909690797328949]
Training time: 2286 	steps per sec: 10
Eval num_timesteps=24576, episode_reward=nan +/- nan
Eval num_timesteps=24576, episode_success=nan +/- nan
se
16 16384 1024
diff [0.04164435714483261, -0.00993819534778595, -0.0051275137811899185, -0.004080284386873245, -0.00026194751262664795, 0.004573110491037369, 0.0005687940865755081, -0.0018068961799144745, 0.0034242719411849976, 0.0023702550679445267, 0.00036356132477521896, 0.0007599955424666405, 0.0005924059078097343, -0.0009657377377152443, -0.0013255863450467587, 0.0003226548433303833, -0.0006982679478824139, -0.0015090941451489925, -0.0011208849027752876, -0.0008904240094125271, 0.0004495866596698761, -0.0003528068773448467, -6.25094398856163e-05, -6.783008575439453e-05, -0.0005973530933260918]
ref [0.07193832844495773, 0.05088474601507187, 0.034683916717767715, 0.02801935374736786, 0.01992250420153141, 0.012772869318723679, 0.014387314207851887, 0.015625124797225, 0.009682189673185349, 0.009311508387327194, 0.009462586604058743, 0.009017091244459152, 0.008504558354616165, 0.008851343765854836, 0.008258923888206482, 0.00653989939019084, 0.006961118895560503, 0.007869848981499672, 0.00779722398146987, 0.007295290939509869, 0.006079956889152527, 0.006717901676893234, 0.007071539759635925, 0.0069775208830833435, 0.00786919891834259]
[0.11358268558979034, 0.04094655066728592, 0.029556402936577797, 0.023939069360494614, 0.019660556688904762, 0.017345979809761047, 0.014956108294427395, 0.013818228617310524, 0.013106461614370346, 0.011681763455271721, 0.009826147928833961, 0.009777086786925793, 0.0090969642624259, 0.007885606028139591, 0.006933337543159723, 0.006862554233521223, 0.006262850947678089, 0.006360754836350679, 0.006676339078694582, 0.0064048669300973415, 0.006529543548822403, 0.0063650947995483875, 0.007009030319750309, 0.006909690797328949, 0.0072718458250164986]
Training time: 2413 	steps per sec: 10
Eval num_timesteps=25600, episode_reward=nan +/- nan
Eval num_timesteps=25600, episode_success=nan +/- nan
se
16 16384 1024
diff [0.04164435714483261, -0.00993819534778595, -0.0051275137811899185, -0.004080284386873245, -0.00026194751262664795, 0.004573110491037369, 0.0005687940865755081, -0.0018068961799144745, 0.0034242719411849976, 0.0023702550679445267, 0.00036356132477521896, 0.0007599955424666405, 0.0005924059078097343, -0.0009657377377152443, -0.0013255863450467587, 0.0003226548433303833, -0.0006982679478824139, -0.0015090941451489925, -0.0011208849027752876, -0.0008904240094125271, 0.0004495866596698761, -0.0003528068773448467, -6.25094398856163e-05, -6.783008575439453e-05, -0.0005973530933260918, 0.0013423594646155834]
ref [0.07193832844495773, 0.05088474601507187, 0.034683916717767715, 0.02801935374736786, 0.01992250420153141, 0.012772869318723679, 0.014387314207851887, 0.015625124797225, 0.009682189673185349, 0.009311508387327194, 0.009462586604058743, 0.009017091244459152, 0.008504558354616165, 0.008851343765854836, 0.008258923888206482, 0.00653989939019084, 0.006961118895560503, 0.007869848981499672, 0.00779722398146987, 0.007295290939509869, 0.006079956889152527, 0.006717901676893234, 0.007071539759635925, 0.0069775208830833435, 0.00786919891834259, 0.006067971233278513]
[0.11358268558979034, 0.04094655066728592, 0.029556402936577797, 0.023939069360494614, 0.019660556688904762, 0.017345979809761047, 0.014956108294427395, 0.013818228617310524, 0.013106461614370346, 0.011681763455271721, 0.009826147928833961, 0.009777086786925793, 0.0090969642624259, 0.007885606028139591, 0.006933337543159723, 0.006862554233521223, 0.006262850947678089, 0.006360754836350679, 0.006676339078694582, 0.0064048669300973415, 0.006529543548822403, 0.0063650947995483875, 0.007009030319750309, 0.006909690797328949, 0.0072718458250164986, 0.007410330697894096]
Training time: 2539 	steps per sec: 10
Eval num_timesteps=26624, episode_reward=nan +/- nan
Eval num_timesteps=26624, episode_success=nan +/- nan
se
16 16384 1024
diff [0.04164435714483261, -0.00993819534778595, -0.0051275137811899185, -0.004080284386873245, -0.00026194751262664795, 0.004573110491037369, 0.0005687940865755081, -0.0018068961799144745, 0.0034242719411849976, 0.0023702550679445267, 0.00036356132477521896, 0.0007599955424666405, 0.0005924059078097343, -0.0009657377377152443, -0.0013255863450467587, 0.0003226548433303833, -0.0006982679478824139, -0.0015090941451489925, -0.0011208849027752876, -0.0008904240094125271, 0.0004495866596698761, -0.0003528068773448467, -6.25094398856163e-05, -6.783008575439453e-05, -0.0005973530933260918, 0.0013423594646155834, 0.0013261493295431137]
ref [0.07193832844495773, 0.05088474601507187, 0.034683916717767715, 0.02801935374736786, 0.01992250420153141, 0.012772869318723679, 0.014387314207851887, 0.015625124797225, 0.009682189673185349, 0.009311508387327194, 0.009462586604058743, 0.009017091244459152, 0.008504558354616165, 0.008851343765854836, 0.008258923888206482, 0.00653989939019084, 0.006961118895560503, 0.007869848981499672, 0.00779722398146987, 0.007295290939509869, 0.006079956889152527, 0.006717901676893234, 0.007071539759635925, 0.0069775208830833435, 0.00786919891834259, 0.006067971233278513, 0.006341075990349054]
[0.11358268558979034, 0.04094655066728592, 0.029556402936577797, 0.023939069360494614, 0.019660556688904762, 0.017345979809761047, 0.014956108294427395, 0.013818228617310524, 0.013106461614370346, 0.011681763455271721, 0.009826147928833961, 0.009777086786925793, 0.0090969642624259, 0.007885606028139591, 0.006933337543159723, 0.006862554233521223, 0.006262850947678089, 0.006360754836350679, 0.006676339078694582, 0.0064048669300973415, 0.006529543548822403, 0.0063650947995483875, 0.007009030319750309, 0.006909690797328949, 0.0072718458250164986, 0.007410330697894096, 0.007667225319892168]
Training time: 2684 	steps per sec: 10
Eval num_timesteps=27648, episode_reward=nan +/- nan
Eval num_timesteps=27648, episode_success=nan +/- nan
se
16 16384 1024
diff [0.04164435714483261, -0.00993819534778595, -0.0051275137811899185, -0.004080284386873245, -0.00026194751262664795, 0.004573110491037369, 0.0005687940865755081, -0.0018068961799144745, 0.0034242719411849976, 0.0023702550679445267, 0.00036356132477521896, 0.0007599955424666405, 0.0005924059078097343, -0.0009657377377152443, -0.0013255863450467587, 0.0003226548433303833, -0.0006982679478824139, -0.0015090941451489925, -0.0011208849027752876, -0.0008904240094125271, 0.0004495866596698761, -0.0003528068773448467, -6.25094398856163e-05, -6.783008575439453e-05, -0.0005973530933260918, 0.0013423594646155834, 0.0013261493295431137, 0.0006347694434225559]
ref [0.07193832844495773, 0.05088474601507187, 0.034683916717767715, 0.02801935374736786, 0.01992250420153141, 0.012772869318723679, 0.014387314207851887, 0.015625124797225, 0.009682189673185349, 0.009311508387327194, 0.009462586604058743, 0.009017091244459152, 0.008504558354616165, 0.008851343765854836, 0.008258923888206482, 0.00653989939019084, 0.006961118895560503, 0.007869848981499672, 0.00779722398146987, 0.007295290939509869, 0.006079956889152527, 0.006717901676893234, 0.007071539759635925, 0.0069775208830833435, 0.00786919891834259, 0.006067971233278513, 0.006341075990349054, 0.0074027287773787975]
[0.11358268558979034, 0.04094655066728592, 0.029556402936577797, 0.023939069360494614, 0.019660556688904762, 0.017345979809761047, 0.014956108294427395, 0.013818228617310524, 0.013106461614370346, 0.011681763455271721, 0.009826147928833961, 0.009777086786925793, 0.0090969642624259, 0.007885606028139591, 0.006933337543159723, 0.006862554233521223, 0.006262850947678089, 0.006360754836350679, 0.006676339078694582, 0.0064048669300973415, 0.006529543548822403, 0.0063650947995483875, 0.007009030319750309, 0.006909690797328949, 0.0072718458250164986, 0.007410330697894096, 0.007667225319892168, 0.008037498220801353]
Training time: 2828 	steps per sec: 10
Eval num_timesteps=28672, episode_reward=nan +/- nan
Eval num_timesteps=28672, episode_success=nan +/- nan
se
16 16384 1024
diff [0.04164435714483261, -0.00993819534778595, -0.0051275137811899185, -0.004080284386873245, -0.00026194751262664795, 0.004573110491037369, 0.0005687940865755081, -0.0018068961799144745, 0.0034242719411849976, 0.0023702550679445267, 0.00036356132477521896, 0.0007599955424666405, 0.0005924059078097343, -0.0009657377377152443, -0.0013255863450467587, 0.0003226548433303833, -0.0006982679478824139, -0.0015090941451489925, -0.0011208849027752876, -0.0008904240094125271, 0.0004495866596698761, -0.0003528068773448467, -6.25094398856163e-05, -6.783008575439453e-05, -0.0005973530933260918, 0.0013423594646155834, 0.0013261493295431137, 0.0006347694434225559, 0.0013597612269222736]
ref [0.07193832844495773, 0.05088474601507187, 0.034683916717767715, 0.02801935374736786, 0.01992250420153141, 0.012772869318723679, 0.014387314207851887, 0.015625124797225, 0.009682189673185349, 0.009311508387327194, 0.009462586604058743, 0.009017091244459152, 0.008504558354616165, 0.008851343765854836, 0.008258923888206482, 0.00653989939019084, 0.006961118895560503, 0.007869848981499672, 0.00779722398146987, 0.007295290939509869, 0.006079956889152527, 0.006717901676893234, 0.007071539759635925, 0.0069775208830833435, 0.00786919891834259, 0.006067971233278513, 0.006341075990349054, 0.0074027287773787975, 0.006647061090916395]
[0.11358268558979034, 0.04094655066728592, 0.029556402936577797, 0.023939069360494614, 0.019660556688904762, 0.017345979809761047, 0.014956108294427395, 0.013818228617310524, 0.013106461614370346, 0.011681763455271721, 0.009826147928833961, 0.009777086786925793, 0.0090969642624259, 0.007885606028139591, 0.006933337543159723, 0.006862554233521223, 0.006262850947678089, 0.006360754836350679, 0.006676339078694582, 0.0064048669300973415, 0.006529543548822403, 0.0063650947995483875, 0.007009030319750309, 0.006909690797328949, 0.0072718458250164986, 0.007410330697894096, 0.007667225319892168, 0.008037498220801353, 0.008006822317838669]
Training time: 2966 	steps per sec: 10
Eval num_timesteps=29696, episode_reward=nan +/- nan
Eval num_timesteps=29696, episode_success=nan +/- nan
se
16 16384 1024
diff [0.04164435714483261, -0.00993819534778595, -0.0051275137811899185, -0.004080284386873245, -0.00026194751262664795, 0.004573110491037369, 0.0005687940865755081, -0.0018068961799144745, 0.0034242719411849976, 0.0023702550679445267, 0.00036356132477521896, 0.0007599955424666405, 0.0005924059078097343, -0.0009657377377152443, -0.0013255863450467587, 0.0003226548433303833, -0.0006982679478824139, -0.0015090941451489925, -0.0011208849027752876, -0.0008904240094125271, 0.0004495866596698761, -0.0003528068773448467, -6.25094398856163e-05, -6.783008575439453e-05, -0.0005973530933260918, 0.0013423594646155834, 0.0013261493295431137, 0.0006347694434225559, 0.0013597612269222736, 0.003542383201420307]
ref [0.07193832844495773, 0.05088474601507187, 0.034683916717767715, 0.02801935374736786, 0.01992250420153141, 0.012772869318723679, 0.014387314207851887, 0.015625124797225, 0.009682189673185349, 0.009311508387327194, 0.009462586604058743, 0.009017091244459152, 0.008504558354616165, 0.008851343765854836, 0.008258923888206482, 0.00653989939019084, 0.006961118895560503, 0.007869848981499672, 0.00779722398146987, 0.007295290939509869, 0.006079956889152527, 0.006717901676893234, 0.007071539759635925, 0.0069775208830833435, 0.00786919891834259, 0.006067971233278513, 0.006341075990349054, 0.0074027287773787975, 0.006647061090916395, 0.005487206391990185]
[0.11358268558979034, 0.04094655066728592, 0.029556402936577797, 0.023939069360494614, 0.019660556688904762, 0.017345979809761047, 0.014956108294427395, 0.013818228617310524, 0.013106461614370346, 0.011681763455271721, 0.009826147928833961, 0.009777086786925793, 0.0090969642624259, 0.007885606028139591, 0.006933337543159723, 0.006862554233521223, 0.006262850947678089, 0.006360754836350679, 0.006676339078694582, 0.0064048669300973415, 0.006529543548822403, 0.0063650947995483875, 0.007009030319750309, 0.006909690797328949, 0.0072718458250164986, 0.007410330697894096, 0.007667225319892168, 0.008037498220801353, 0.008006822317838669, 0.009029589593410492]
Training time: 3111 	steps per sec: 9
Eval num_timesteps=30720, episode_reward=nan +/- nan
Eval num_timesteps=30720, episode_success=nan +/- nan
se
16 16384 1024
diff [0.04164435714483261, -0.00993819534778595, -0.0051275137811899185, -0.004080284386873245, -0.00026194751262664795, 0.004573110491037369, 0.0005687940865755081, -0.0018068961799144745, 0.0034242719411849976, 0.0023702550679445267, 0.00036356132477521896, 0.0007599955424666405, 0.0005924059078097343, -0.0009657377377152443, -0.0013255863450467587, 0.0003226548433303833, -0.0006982679478824139, -0.0015090941451489925, -0.0011208849027752876, -0.0008904240094125271, 0.0004495866596698761, -0.0003528068773448467, -6.25094398856163e-05, -6.783008575439453e-05, -0.0005973530933260918, 0.0013423594646155834, 0.0013261493295431137, 0.0006347694434225559, 0.0013597612269222736, 0.003542383201420307, 0.0022302991710603237]
ref [0.07193832844495773, 0.05088474601507187, 0.034683916717767715, 0.02801935374736786, 0.01992250420153141, 0.012772869318723679, 0.014387314207851887, 0.015625124797225, 0.009682189673185349, 0.009311508387327194, 0.009462586604058743, 0.009017091244459152, 0.008504558354616165, 0.008851343765854836, 0.008258923888206482, 0.00653989939019084, 0.006961118895560503, 0.007869848981499672, 0.00779722398146987, 0.007295290939509869, 0.006079956889152527, 0.006717901676893234, 0.007071539759635925, 0.0069775208830833435, 0.00786919891834259, 0.006067971233278513, 0.006341075990349054, 0.0074027287773787975, 0.006647061090916395, 0.005487206391990185, 0.006638312246650457]
[0.11358268558979034, 0.04094655066728592, 0.029556402936577797, 0.023939069360494614, 0.019660556688904762, 0.017345979809761047, 0.014956108294427395, 0.013818228617310524, 0.013106461614370346, 0.011681763455271721, 0.009826147928833961, 0.009777086786925793, 0.0090969642624259, 0.007885606028139591, 0.006933337543159723, 0.006862554233521223, 0.006262850947678089, 0.006360754836350679, 0.006676339078694582, 0.0064048669300973415, 0.006529543548822403, 0.0063650947995483875, 0.007009030319750309, 0.006909690797328949, 0.0072718458250164986, 0.007410330697894096, 0.007667225319892168, 0.008037498220801353, 0.008006822317838669, 0.009029589593410492, 0.008868611417710781]
Training time: 3252 	steps per sec: 9
Eval num_timesteps=31744, episode_reward=nan +/- nan
Eval num_timesteps=31744, episode_success=nan +/- nan
se
16 16384 1024
diff [0.04164435714483261, -0.00993819534778595, -0.0051275137811899185, -0.004080284386873245, -0.00026194751262664795, 0.004573110491037369, 0.0005687940865755081, -0.0018068961799144745, 0.0034242719411849976, 0.0023702550679445267, 0.00036356132477521896, 0.0007599955424666405, 0.0005924059078097343, -0.0009657377377152443, -0.0013255863450467587, 0.0003226548433303833, -0.0006982679478824139, -0.0015090941451489925, -0.0011208849027752876, -0.0008904240094125271, 0.0004495866596698761, -0.0003528068773448467, -6.25094398856163e-05, -6.783008575439453e-05, -0.0005973530933260918, 0.0013423594646155834, 0.0013261493295431137, 0.0006347694434225559, 0.0013597612269222736, 0.003542383201420307, 0.0022302991710603237, 0.000892062671482563]
ref [0.07193832844495773, 0.05088474601507187, 0.034683916717767715, 0.02801935374736786, 0.01992250420153141, 0.012772869318723679, 0.014387314207851887, 0.015625124797225, 0.009682189673185349, 0.009311508387327194, 0.009462586604058743, 0.009017091244459152, 0.008504558354616165, 0.008851343765854836, 0.008258923888206482, 0.00653989939019084, 0.006961118895560503, 0.007869848981499672, 0.00779722398146987, 0.007295290939509869, 0.006079956889152527, 0.006717901676893234, 0.007071539759635925, 0.0069775208830833435, 0.00786919891834259, 0.006067971233278513, 0.006341075990349054, 0.0074027287773787975, 0.006647061090916395, 0.005487206391990185, 0.006638312246650457, 0.007230960763990879]
[0.11358268558979034, 0.04094655066728592, 0.029556402936577797, 0.023939069360494614, 0.019660556688904762, 0.017345979809761047, 0.014956108294427395, 0.013818228617310524, 0.013106461614370346, 0.011681763455271721, 0.009826147928833961, 0.009777086786925793, 0.0090969642624259, 0.007885606028139591, 0.006933337543159723, 0.006862554233521223, 0.006262850947678089, 0.006360754836350679, 0.006676339078694582, 0.0064048669300973415, 0.006529543548822403, 0.0063650947995483875, 0.007009030319750309, 0.006909690797328949, 0.0072718458250164986, 0.007410330697894096, 0.007667225319892168, 0.008037498220801353, 0.008006822317838669, 0.009029589593410492, 0.008868611417710781, 0.008123023435473442]
Training time: 3391 	steps per sec: 9
Eval num_timesteps=32768, episode_reward=nan +/- nan
Eval num_timesteps=32768, episode_success=nan +/- nan
results/Hopper-v4/
results/Hopper-v4/ppo_ros/
results/Hopper-v4/ppo_ros/expert/
results/Hopper-v4/ppo_ros/expert/b_16/
results/Hopper-v4/ppo_ros/expert/b_16/no_clip_lambda/
results/Hopper-v4/ppo_ros/expert/b_16/no_clip_lambda/run_3/
results/Hopper-v4/ppo_ros/expert/b_16/no_clip_lambda/run_3/evaluations.npz
results/Hopper-v4/ppo_ros/expert/b_16/no_clip_lambda/run_3/config.yml
results/Hopper-v4/ppo_ros/expert/b_16/no_clip_lambda/run_3/stats.npz
