ppo_ros_continuous.py --env-id HalfCheetah-v4 -s expert/b_16/no_lambda --total-timesteps 32768 --eval-freq 1 --eval-episodes 0 -b 16 --num-steps 1024 -lr 0 --update-epochs 0 --anneal-lr 0 --ros-num-steps 256 --ros-update-epochs 16 --ros-target-kl 0.05 --ros-clip-coef 0.3 --ros-lambda 0 -ros-lr 0.001 --ros-anneal-lr 0 --se 1 --se-freq 1 --se-lr 1e-3 --se-epochs 1000 --policy-path policies/HalfCheetah-v4/best_model.zip --normalization-dir policies/HalfCheetah-v4
Obtaining file:///var/lib/condor/execute/slot1/dir_394879/PPOROS/PPOROS/custom-envs
  Preparing metadata (setup.py): started
  Preparing metadata (setup.py): finished with status 'done'
Requirement already satisfied: gym in /var/lib/condor/execute/slot1/dir_394879/PPOROS/ppo-ros_env/lib/python3.9/site-packages (from custom-envs==0.0.1) (0.21.0)
Requirement already satisfied: cloudpickle>=1.2.0 in /var/lib/condor/execute/slot1/dir_394879/PPOROS/ppo-ros_env/lib/python3.9/site-packages (from gym->custom-envs==0.0.1) (2.2.1)
Requirement already satisfied: numpy>=1.18.0 in /var/lib/condor/execute/slot1/dir_394879/PPOROS/ppo-ros_env/lib/python3.9/site-packages (from gym->custom-envs==0.0.1) (1.24.2)
Installing collected packages: custom-envs
  Running setup.py develop for custom-envs
Successfully installed custom-envs-0.0.1
seed: 0
Eval num_timesteps=0, episode_reward=nan +/- nan
Eval num_timesteps=0, episode_success=nan +/- nan
se
1 1024 1024
diff [-0.02555990219116211]
ref [0.30120545625686646]
[0.27564555406570435]
Training time: 16 	steps per sec: 63
Eval num_timesteps=1024, episode_reward=nan +/- nan
Eval num_timesteps=1024, episode_success=nan +/- nan
se
2 2048 1024
diff [-0.02555990219116211, -0.04338827729225159]
ref [0.30120545625686646, 0.13098694384098053]
[0.27564555406570435, 0.08759866654872894]
Training time: 42 	steps per sec: 48
Eval num_timesteps=2048, episode_reward=nan +/- nan
Eval num_timesteps=2048, episode_success=nan +/- nan
se
3 3072 1024
diff [-0.02555990219116211, -0.04338827729225159, -0.020754024386405945]
ref [0.30120545625686646, 0.13098694384098053, 0.08355649560689926]
[0.27564555406570435, 0.08759866654872894, 0.06280247122049332]
Training time: 73 	steps per sec: 41
Eval num_timesteps=3072, episode_reward=nan +/- nan
Eval num_timesteps=3072, episode_success=nan +/- nan
se
4 4096 1024
diff [-0.02555990219116211, -0.04338827729225159, -0.020754024386405945, -0.014837756752967834]
ref [0.30120545625686646, 0.13098694384098053, 0.08355649560689926, 0.059490446001291275]
[0.27564555406570435, 0.08759866654872894, 0.06280247122049332, 0.04465268924832344]
Training time: 111 	steps per sec: 36
Eval num_timesteps=4096, episode_reward=nan +/- nan
Eval num_timesteps=4096, episode_success=nan +/- nan
se
5 5120 1024
diff [-0.02555990219116211, -0.04338827729225159, -0.020754024386405945, -0.014837756752967834, -0.013976775109767914]
ref [0.30120545625686646, 0.13098694384098053, 0.08355649560689926, 0.059490446001291275, 0.045585308223962784]
[0.27564555406570435, 0.08759866654872894, 0.06280247122049332, 0.04465268924832344, 0.03160853311419487]
Training time: 160 	steps per sec: 31
Eval num_timesteps=5120, episode_reward=nan +/- nan
Eval num_timesteps=5120, episode_success=nan +/- nan
se
6 6144 1024
diff [-0.02555990219116211, -0.04338827729225159, -0.020754024386405945, -0.014837756752967834, -0.013976775109767914, -0.01793663762509823]
ref [0.30120545625686646, 0.13098694384098053, 0.08355649560689926, 0.059490446001291275, 0.045585308223962784, 0.043930355459451675]
[0.27564555406570435, 0.08759866654872894, 0.06280247122049332, 0.04465268924832344, 0.03160853311419487, 0.025993717834353447]
Training time: 222 	steps per sec: 27
Eval num_timesteps=6144, episode_reward=nan +/- nan
Eval num_timesteps=6144, episode_success=nan +/- nan
se
7 7168 1024
diff [-0.02555990219116211, -0.04338827729225159, -0.020754024386405945, -0.014837756752967834, -0.013976775109767914, -0.01793663762509823, -0.015397042036056519]
ref [0.30120545625686646, 0.13098694384098053, 0.08355649560689926, 0.059490446001291275, 0.045585308223962784, 0.043930355459451675, 0.03634369373321533]
[0.27564555406570435, 0.08759866654872894, 0.06280247122049332, 0.04465268924832344, 0.03160853311419487, 0.025993717834353447, 0.020946651697158813]
Training time: 293 	steps per sec: 24
Eval num_timesteps=7168, episode_reward=nan +/- nan
Eval num_timesteps=7168, episode_success=nan +/- nan
se
8 8192 1024
diff [-0.02555990219116211, -0.04338827729225159, -0.020754024386405945, -0.014837756752967834, -0.013976775109767914, -0.01793663762509823, -0.015397042036056519, -0.012097261846065521]
ref [0.30120545625686646, 0.13098694384098053, 0.08355649560689926, 0.059490446001291275, 0.045585308223962784, 0.043930355459451675, 0.03634369373321533, 0.02989594265818596]
[0.27564555406570435, 0.08759866654872894, 0.06280247122049332, 0.04465268924832344, 0.03160853311419487, 0.025993717834353447, 0.020946651697158813, 0.017798680812120438]
Training time: 373 	steps per sec: 21
Eval num_timesteps=8192, episode_reward=nan +/- nan
Eval num_timesteps=8192, episode_success=nan +/- nan
se
9 9216 1024
diff [-0.02555990219116211, -0.04338827729225159, -0.020754024386405945, -0.014837756752967834, -0.013976775109767914, -0.01793663762509823, -0.015397042036056519, -0.012097261846065521, -0.011724520474672318]
ref [0.30120545625686646, 0.13098694384098053, 0.08355649560689926, 0.059490446001291275, 0.045585308223962784, 0.043930355459451675, 0.03634369373321533, 0.02989594265818596, 0.027764683589339256]
[0.27564555406570435, 0.08759866654872894, 0.06280247122049332, 0.04465268924832344, 0.03160853311419487, 0.025993717834353447, 0.020946651697158813, 0.017798680812120438, 0.01604016311466694]
Training time: 466 	steps per sec: 19
Eval num_timesteps=9216, episode_reward=nan +/- nan
Eval num_timesteps=9216, episode_success=nan +/- nan
se
10 10240 1024
diff [-0.02555990219116211, -0.04338827729225159, -0.020754024386405945, -0.014837756752967834, -0.013976775109767914, -0.01793663762509823, -0.015397042036056519, -0.012097261846065521, -0.011724520474672318, -0.01192445494234562]
ref [0.30120545625686646, 0.13098694384098053, 0.08355649560689926, 0.059490446001291275, 0.045585308223962784, 0.043930355459451675, 0.03634369373321533, 0.02989594265818596, 0.027764683589339256, 0.026414796710014343]
[0.27564555406570435, 0.08759866654872894, 0.06280247122049332, 0.04465268924832344, 0.03160853311419487, 0.025993717834353447, 0.020946651697158813, 0.017798680812120438, 0.01604016311466694, 0.014490341767668724]
Training time: 566 	steps per sec: 18
Eval num_timesteps=10240, episode_reward=nan +/- nan
Eval num_timesteps=10240, episode_success=nan +/- nan
se
11 11264 1024
diff [-0.02555990219116211, -0.04338827729225159, -0.020754024386405945, -0.014837756752967834, -0.013976775109767914, -0.01793663762509823, -0.015397042036056519, -0.012097261846065521, -0.011724520474672318, -0.01192445494234562, -0.011656616814434528]
ref [0.30120545625686646, 0.13098694384098053, 0.08355649560689926, 0.059490446001291275, 0.045585308223962784, 0.043930355459451675, 0.03634369373321533, 0.02989594265818596, 0.027764683589339256, 0.026414796710014343, 0.025210125371813774]
[0.27564555406570435, 0.08759866654872894, 0.06280247122049332, 0.04465268924832344, 0.03160853311419487, 0.025993717834353447, 0.020946651697158813, 0.017798680812120438, 0.01604016311466694, 0.014490341767668724, 0.013553508557379246]
Training time: 678 	steps per sec: 16
Eval num_timesteps=11264, episode_reward=nan +/- nan
Eval num_timesteps=11264, episode_success=nan +/- nan
se
12 12288 1024
diff [-0.02555990219116211, -0.04338827729225159, -0.020754024386405945, -0.014837756752967834, -0.013976775109767914, -0.01793663762509823, -0.015397042036056519, -0.012097261846065521, -0.011724520474672318, -0.01192445494234562, -0.011656616814434528, -0.010178866796195507]
ref [0.30120545625686646, 0.13098694384098053, 0.08355649560689926, 0.059490446001291275, 0.045585308223962784, 0.043930355459451675, 0.03634369373321533, 0.02989594265818596, 0.027764683589339256, 0.026414796710014343, 0.025210125371813774, 0.0225250031799078]
[0.27564555406570435, 0.08759866654872894, 0.06280247122049332, 0.04465268924832344, 0.03160853311419487, 0.025993717834353447, 0.020946651697158813, 0.017798680812120438, 0.01604016311466694, 0.014490341767668724, 0.013553508557379246, 0.012346136383712292]
Training time: 796 	steps per sec: 15
Eval num_timesteps=12288, episode_reward=nan +/- nan
Eval num_timesteps=12288, episode_success=nan +/- nan
se
13 13312 1024
diff [-0.02555990219116211, -0.04338827729225159, -0.020754024386405945, -0.014837756752967834, -0.013976775109767914, -0.01793663762509823, -0.015397042036056519, -0.012097261846065521, -0.011724520474672318, -0.01192445494234562, -0.011656616814434528, -0.010178866796195507, -0.0064809853211045265]
ref [0.30120545625686646, 0.13098694384098053, 0.08355649560689926, 0.059490446001291275, 0.045585308223962784, 0.043930355459451675, 0.03634369373321533, 0.02989594265818596, 0.027764683589339256, 0.026414796710014343, 0.025210125371813774, 0.0225250031799078, 0.01804703287780285]
[0.27564555406570435, 0.08759866654872894, 0.06280247122049332, 0.04465268924832344, 0.03160853311419487, 0.025993717834353447, 0.020946651697158813, 0.017798680812120438, 0.01604016311466694, 0.014490341767668724, 0.013553508557379246, 0.012346136383712292, 0.011566047556698322]
Training time: 925 	steps per sec: 14
Eval num_timesteps=13312, episode_reward=nan +/- nan
Eval num_timesteps=13312, episode_success=nan +/- nan
se
14 14336 1024
diff [-0.02555990219116211, -0.04338827729225159, -0.020754024386405945, -0.014837756752967834, -0.013976775109767914, -0.01793663762509823, -0.015397042036056519, -0.012097261846065521, -0.011724520474672318, -0.01192445494234562, -0.011656616814434528, -0.010178866796195507, -0.0064809853211045265, -0.0047828443348407745]
ref [0.30120545625686646, 0.13098694384098053, 0.08355649560689926, 0.059490446001291275, 0.045585308223962784, 0.043930355459451675, 0.03634369373321533, 0.02989594265818596, 0.027764683589339256, 0.026414796710014343, 0.025210125371813774, 0.0225250031799078, 0.01804703287780285, 0.014724393375217915]
[0.27564555406570435, 0.08759866654872894, 0.06280247122049332, 0.04465268924832344, 0.03160853311419487, 0.025993717834353447, 0.020946651697158813, 0.017798680812120438, 0.01604016311466694, 0.014490341767668724, 0.013553508557379246, 0.012346136383712292, 0.011566047556698322, 0.00994154904037714]
Training time: 1061 	steps per sec: 13
Eval num_timesteps=14336, episode_reward=nan +/- nan
Eval num_timesteps=14336, episode_success=nan +/- nan
se
15 15360 1024
diff [-0.02555990219116211, -0.04338827729225159, -0.020754024386405945, -0.014837756752967834, -0.013976775109767914, -0.01793663762509823, -0.015397042036056519, -0.012097261846065521, -0.011724520474672318, -0.01192445494234562, -0.011656616814434528, -0.010178866796195507, -0.0064809853211045265, -0.0047828443348407745, -0.0072045838460326195]
ref [0.30120545625686646, 0.13098694384098053, 0.08355649560689926, 0.059490446001291275, 0.045585308223962784, 0.043930355459451675, 0.03634369373321533, 0.02989594265818596, 0.027764683589339256, 0.026414796710014343, 0.025210125371813774, 0.0225250031799078, 0.01804703287780285, 0.014724393375217915, 0.01645835116505623]
[0.27564555406570435, 0.08759866654872894, 0.06280247122049332, 0.04465268924832344, 0.03160853311419487, 0.025993717834353447, 0.020946651697158813, 0.017798680812120438, 0.01604016311466694, 0.014490341767668724, 0.013553508557379246, 0.012346136383712292, 0.011566047556698322, 0.00994154904037714, 0.00925376731902361]
Training time: 1207 	steps per sec: 12
Eval num_timesteps=15360, episode_reward=nan +/- nan
Eval num_timesteps=15360, episode_success=nan +/- nan
se
16 16384 1024
diff [-0.02555990219116211, -0.04338827729225159, -0.020754024386405945, -0.014837756752967834, -0.013976775109767914, -0.01793663762509823, -0.015397042036056519, -0.012097261846065521, -0.011724520474672318, -0.01192445494234562, -0.011656616814434528, -0.010178866796195507, -0.0064809853211045265, -0.0047828443348407745, -0.0072045838460326195, -0.008479812182486057]
ref [0.30120545625686646, 0.13098694384098053, 0.08355649560689926, 0.059490446001291275, 0.045585308223962784, 0.043930355459451675, 0.03634369373321533, 0.02989594265818596, 0.027764683589339256, 0.026414796710014343, 0.025210125371813774, 0.0225250031799078, 0.01804703287780285, 0.014724393375217915, 0.01645835116505623, 0.0171374399214983]
[0.27564555406570435, 0.08759866654872894, 0.06280247122049332, 0.04465268924832344, 0.03160853311419487, 0.025993717834353447, 0.020946651697158813, 0.017798680812120438, 0.01604016311466694, 0.014490341767668724, 0.013553508557379246, 0.012346136383712292, 0.011566047556698322, 0.00994154904037714, 0.00925376731902361, 0.008657627739012241]
Training time: 1358 	steps per sec: 12
Eval num_timesteps=16384, episode_reward=nan +/- nan
Eval num_timesteps=16384, episode_success=nan +/- nan
se
16 16384 1024
diff [-0.02555990219116211, -0.04338827729225159, -0.020754024386405945, -0.014837756752967834, -0.013976775109767914, -0.01793663762509823, -0.015397042036056519, -0.012097261846065521, -0.011724520474672318, -0.01192445494234562, -0.011656616814434528, -0.010178866796195507, -0.0064809853211045265, -0.0047828443348407745, -0.0072045838460326195, -0.008479812182486057, -0.006726517342031002]
ref [0.30120545625686646, 0.13098694384098053, 0.08355649560689926, 0.059490446001291275, 0.045585308223962784, 0.043930355459451675, 0.03634369373321533, 0.02989594265818596, 0.027764683589339256, 0.026414796710014343, 0.025210125371813774, 0.0225250031799078, 0.01804703287780285, 0.014724393375217915, 0.01645835116505623, 0.0171374399214983, 0.015740374103188515]
[0.27564555406570435, 0.08759866654872894, 0.06280247122049332, 0.04465268924832344, 0.03160853311419487, 0.025993717834353447, 0.020946651697158813, 0.017798680812120438, 0.01604016311466694, 0.014490341767668724, 0.013553508557379246, 0.012346136383712292, 0.011566047556698322, 0.00994154904037714, 0.00925376731902361, 0.008657627739012241, 0.009013856761157513]
Training time: 1519 	steps per sec: 11
Eval num_timesteps=17408, episode_reward=nan +/- nan
Eval num_timesteps=17408, episode_success=nan +/- nan
se
16 16384 1024
diff [-0.02555990219116211, -0.04338827729225159, -0.020754024386405945, -0.014837756752967834, -0.013976775109767914, -0.01793663762509823, -0.015397042036056519, -0.012097261846065521, -0.011724520474672318, -0.01192445494234562, -0.011656616814434528, -0.010178866796195507, -0.0064809853211045265, -0.0047828443348407745, -0.0072045838460326195, -0.008479812182486057, -0.006726517342031002, -0.007253999821841717]
ref [0.30120545625686646, 0.13098694384098053, 0.08355649560689926, 0.059490446001291275, 0.045585308223962784, 0.043930355459451675, 0.03634369373321533, 0.02989594265818596, 0.027764683589339256, 0.026414796710014343, 0.025210125371813774, 0.0225250031799078, 0.01804703287780285, 0.014724393375217915, 0.01645835116505623, 0.0171374399214983, 0.015740374103188515, 0.01690688356757164]
[0.27564555406570435, 0.08759866654872894, 0.06280247122049332, 0.04465268924832344, 0.03160853311419487, 0.025993717834353447, 0.020946651697158813, 0.017798680812120438, 0.01604016311466694, 0.014490341767668724, 0.013553508557379246, 0.012346136383712292, 0.011566047556698322, 0.00994154904037714, 0.00925376731902361, 0.008657627739012241, 0.009013856761157513, 0.009652883745729923]
Training time: 1687 	steps per sec: 10
Eval num_timesteps=18432, episode_reward=nan +/- nan
Eval num_timesteps=18432, episode_success=nan +/- nan
se
16 16384 1024
diff [-0.02555990219116211, -0.04338827729225159, -0.020754024386405945, -0.014837756752967834, -0.013976775109767914, -0.01793663762509823, -0.015397042036056519, -0.012097261846065521, -0.011724520474672318, -0.01192445494234562, -0.011656616814434528, -0.010178866796195507, -0.0064809853211045265, -0.0047828443348407745, -0.0072045838460326195, -0.008479812182486057, -0.006726517342031002, -0.007253999821841717, -0.006631163880228996]
ref [0.30120545625686646, 0.13098694384098053, 0.08355649560689926, 0.059490446001291275, 0.045585308223962784, 0.043930355459451675, 0.03634369373321533, 0.02989594265818596, 0.027764683589339256, 0.026414796710014343, 0.025210125371813774, 0.0225250031799078, 0.01804703287780285, 0.014724393375217915, 0.01645835116505623, 0.0171374399214983, 0.015740374103188515, 0.01690688356757164, 0.016575375571846962]
[0.27564555406570435, 0.08759866654872894, 0.06280247122049332, 0.04465268924832344, 0.03160853311419487, 0.025993717834353447, 0.020946651697158813, 0.017798680812120438, 0.01604016311466694, 0.014490341767668724, 0.013553508557379246, 0.012346136383712292, 0.011566047556698322, 0.00994154904037714, 0.00925376731902361, 0.008657627739012241, 0.009013856761157513, 0.009652883745729923, 0.009944211691617966]
Training time: 1857 	steps per sec: 10
Eval num_timesteps=19456, episode_reward=nan +/- nan
Eval num_timesteps=19456, episode_success=nan +/- nan
se
16 16384 1024
diff [-0.02555990219116211, -0.04338827729225159, -0.020754024386405945, -0.014837756752967834, -0.013976775109767914, -0.01793663762509823, -0.015397042036056519, -0.012097261846065521, -0.011724520474672318, -0.01192445494234562, -0.011656616814434528, -0.010178866796195507, -0.0064809853211045265, -0.0047828443348407745, -0.0072045838460326195, -0.008479812182486057, -0.006726517342031002, -0.007253999821841717, -0.006631163880228996, -0.004863163456320763]
ref [0.30120545625686646, 0.13098694384098053, 0.08355649560689926, 0.059490446001291275, 0.045585308223962784, 0.043930355459451675, 0.03634369373321533, 0.02989594265818596, 0.027764683589339256, 0.026414796710014343, 0.025210125371813774, 0.0225250031799078, 0.01804703287780285, 0.014724393375217915, 0.01645835116505623, 0.0171374399214983, 0.015740374103188515, 0.01690688356757164, 0.016575375571846962, 0.014821527525782585]
[0.27564555406570435, 0.08759866654872894, 0.06280247122049332, 0.04465268924832344, 0.03160853311419487, 0.025993717834353447, 0.020946651697158813, 0.017798680812120438, 0.01604016311466694, 0.014490341767668724, 0.013553508557379246, 0.012346136383712292, 0.011566047556698322, 0.00994154904037714, 0.00925376731902361, 0.008657627739012241, 0.009013856761157513, 0.009652883745729923, 0.009944211691617966, 0.009958364069461823]
Training time: 2071 	steps per sec: 9
Eval num_timesteps=20480, episode_reward=nan +/- nan
Eval num_timesteps=20480, episode_success=nan +/- nan
se
16 16384 1024
diff [-0.02555990219116211, -0.04338827729225159, -0.020754024386405945, -0.014837756752967834, -0.013976775109767914, -0.01793663762509823, -0.015397042036056519, -0.012097261846065521, -0.011724520474672318, -0.01192445494234562, -0.011656616814434528, -0.010178866796195507, -0.0064809853211045265, -0.0047828443348407745, -0.0072045838460326195, -0.008479812182486057, -0.006726517342031002, -0.007253999821841717, -0.006631163880228996, -0.004863163456320763, -0.007341180928051472]
ref [0.30120545625686646, 0.13098694384098053, 0.08355649560689926, 0.059490446001291275, 0.045585308223962784, 0.043930355459451675, 0.03634369373321533, 0.02989594265818596, 0.027764683589339256, 0.026414796710014343, 0.025210125371813774, 0.0225250031799078, 0.01804703287780285, 0.014724393375217915, 0.01645835116505623, 0.0171374399214983, 0.015740374103188515, 0.01690688356757164, 0.016575375571846962, 0.014821527525782585, 0.016816487535834312]
[0.27564555406570435, 0.08759866654872894, 0.06280247122049332, 0.04465268924832344, 0.03160853311419487, 0.025993717834353447, 0.020946651697158813, 0.017798680812120438, 0.01604016311466694, 0.014490341767668724, 0.013553508557379246, 0.012346136383712292, 0.011566047556698322, 0.00994154904037714, 0.00925376731902361, 0.008657627739012241, 0.009013856761157513, 0.009652883745729923, 0.009944211691617966, 0.009958364069461823, 0.00947530660778284]
Training time: 2241 	steps per sec: 9
Eval num_timesteps=21504, episode_reward=nan +/- nan
Eval num_timesteps=21504, episode_success=nan +/- nan
se
16 16384 1024
diff [-0.02555990219116211, -0.04338827729225159, -0.020754024386405945, -0.014837756752967834, -0.013976775109767914, -0.01793663762509823, -0.015397042036056519, -0.012097261846065521, -0.011724520474672318, -0.01192445494234562, -0.011656616814434528, -0.010178866796195507, -0.0064809853211045265, -0.0047828443348407745, -0.0072045838460326195, -0.008479812182486057, -0.006726517342031002, -0.007253999821841717, -0.006631163880228996, -0.004863163456320763, -0.007341180928051472, -0.0058283498510718346]
ref [0.30120545625686646, 0.13098694384098053, 0.08355649560689926, 0.059490446001291275, 0.045585308223962784, 0.043930355459451675, 0.03634369373321533, 0.02989594265818596, 0.027764683589339256, 0.026414796710014343, 0.025210125371813774, 0.0225250031799078, 0.01804703287780285, 0.014724393375217915, 0.01645835116505623, 0.0171374399214983, 0.015740374103188515, 0.01690688356757164, 0.016575375571846962, 0.014821527525782585, 0.016816487535834312, 0.014990990050137043]
[0.27564555406570435, 0.08759866654872894, 0.06280247122049332, 0.04465268924832344, 0.03160853311419487, 0.025993717834353447, 0.020946651697158813, 0.017798680812120438, 0.01604016311466694, 0.014490341767668724, 0.013553508557379246, 0.012346136383712292, 0.011566047556698322, 0.00994154904037714, 0.00925376731902361, 0.008657627739012241, 0.009013856761157513, 0.009652883745729923, 0.009944211691617966, 0.009958364069461823, 0.00947530660778284, 0.009162640199065208]
Training time: 2402 	steps per sec: 9
Eval num_timesteps=22528, episode_reward=nan +/- nan
Eval num_timesteps=22528, episode_success=nan +/- nan
se
16 16384 1024
diff [-0.02555990219116211, -0.04338827729225159, -0.020754024386405945, -0.014837756752967834, -0.013976775109767914, -0.01793663762509823, -0.015397042036056519, -0.012097261846065521, -0.011724520474672318, -0.01192445494234562, -0.011656616814434528, -0.010178866796195507, -0.0064809853211045265, -0.0047828443348407745, -0.0072045838460326195, -0.008479812182486057, -0.006726517342031002, -0.007253999821841717, -0.006631163880228996, -0.004863163456320763, -0.007341180928051472, -0.0058283498510718346, -0.006812330335378647]
ref [0.30120545625686646, 0.13098694384098053, 0.08355649560689926, 0.059490446001291275, 0.045585308223962784, 0.043930355459451675, 0.03634369373321533, 0.02989594265818596, 0.027764683589339256, 0.026414796710014343, 0.025210125371813774, 0.0225250031799078, 0.01804703287780285, 0.014724393375217915, 0.01645835116505623, 0.0171374399214983, 0.015740374103188515, 0.01690688356757164, 0.016575375571846962, 0.014821527525782585, 0.016816487535834312, 0.014990990050137043, 0.016497032716870308]
[0.27564555406570435, 0.08759866654872894, 0.06280247122049332, 0.04465268924832344, 0.03160853311419487, 0.025993717834353447, 0.020946651697158813, 0.017798680812120438, 0.01604016311466694, 0.014490341767668724, 0.013553508557379246, 0.012346136383712292, 0.011566047556698322, 0.00994154904037714, 0.00925376731902361, 0.008657627739012241, 0.009013856761157513, 0.009652883745729923, 0.009944211691617966, 0.009958364069461823, 0.00947530660778284, 0.009162640199065208, 0.009684702381491661]
Training time: 2572 	steps per sec: 9
Eval num_timesteps=23552, episode_reward=nan +/- nan
Eval num_timesteps=23552, episode_success=nan +/- nan
se
16 16384 1024
diff [-0.02555990219116211, -0.04338827729225159, -0.020754024386405945, -0.014837756752967834, -0.013976775109767914, -0.01793663762509823, -0.015397042036056519, -0.012097261846065521, -0.011724520474672318, -0.01192445494234562, -0.011656616814434528, -0.010178866796195507, -0.0064809853211045265, -0.0047828443348407745, -0.0072045838460326195, -0.008479812182486057, -0.006726517342031002, -0.007253999821841717, -0.006631163880228996, -0.004863163456320763, -0.007341180928051472, -0.0058283498510718346, -0.006812330335378647, -0.006479913368821144]
ref [0.30120545625686646, 0.13098694384098053, 0.08355649560689926, 0.059490446001291275, 0.045585308223962784, 0.043930355459451675, 0.03634369373321533, 0.02989594265818596, 0.027764683589339256, 0.026414796710014343, 0.025210125371813774, 0.0225250031799078, 0.01804703287780285, 0.014724393375217915, 0.01645835116505623, 0.0171374399214983, 0.015740374103188515, 0.01690688356757164, 0.016575375571846962, 0.014821527525782585, 0.016816487535834312, 0.014990990050137043, 0.016497032716870308, 0.0164889395236969]
[0.27564555406570435, 0.08759866654872894, 0.06280247122049332, 0.04465268924832344, 0.03160853311419487, 0.025993717834353447, 0.020946651697158813, 0.017798680812120438, 0.01604016311466694, 0.014490341767668724, 0.013553508557379246, 0.012346136383712292, 0.011566047556698322, 0.00994154904037714, 0.00925376731902361, 0.008657627739012241, 0.009013856761157513, 0.009652883745729923, 0.009944211691617966, 0.009958364069461823, 0.00947530660778284, 0.009162640199065208, 0.009684702381491661, 0.010009026154875755]
Training time: 2787 	steps per sec: 8
Eval num_timesteps=24576, episode_reward=nan +/- nan
Eval num_timesteps=24576, episode_success=nan +/- nan
se
16 16384 1024
diff [-0.02555990219116211, -0.04338827729225159, -0.020754024386405945, -0.014837756752967834, -0.013976775109767914, -0.01793663762509823, -0.015397042036056519, -0.012097261846065521, -0.011724520474672318, -0.01192445494234562, -0.011656616814434528, -0.010178866796195507, -0.0064809853211045265, -0.0047828443348407745, -0.0072045838460326195, -0.008479812182486057, -0.006726517342031002, -0.007253999821841717, -0.006631163880228996, -0.004863163456320763, -0.007341180928051472, -0.0058283498510718346, -0.006812330335378647, -0.006479913368821144, -0.0049125319346785545]
ref [0.30120545625686646, 0.13098694384098053, 0.08355649560689926, 0.059490446001291275, 0.045585308223962784, 0.043930355459451675, 0.03634369373321533, 0.02989594265818596, 0.027764683589339256, 0.026414796710014343, 0.025210125371813774, 0.0225250031799078, 0.01804703287780285, 0.014724393375217915, 0.01645835116505623, 0.0171374399214983, 0.015740374103188515, 0.01690688356757164, 0.016575375571846962, 0.014821527525782585, 0.016816487535834312, 0.014990990050137043, 0.016497032716870308, 0.0164889395236969, 0.014359635300934315]
[0.27564555406570435, 0.08759866654872894, 0.06280247122049332, 0.04465268924832344, 0.03160853311419487, 0.025993717834353447, 0.020946651697158813, 0.017798680812120438, 0.01604016311466694, 0.014490341767668724, 0.013553508557379246, 0.012346136383712292, 0.011566047556698322, 0.00994154904037714, 0.00925376731902361, 0.008657627739012241, 0.009013856761157513, 0.009652883745729923, 0.009944211691617966, 0.009958364069461823, 0.00947530660778284, 0.009162640199065208, 0.009684702381491661, 0.010009026154875755, 0.00944710336625576]
Training time: 2968 	steps per sec: 8
Eval num_timesteps=25600, episode_reward=nan +/- nan
Eval num_timesteps=25600, episode_success=nan +/- nan
se
16 16384 1024
diff [-0.02555990219116211, -0.04338827729225159, -0.020754024386405945, -0.014837756752967834, -0.013976775109767914, -0.01793663762509823, -0.015397042036056519, -0.012097261846065521, -0.011724520474672318, -0.01192445494234562, -0.011656616814434528, -0.010178866796195507, -0.0064809853211045265, -0.0047828443348407745, -0.0072045838460326195, -0.008479812182486057, -0.006726517342031002, -0.007253999821841717, -0.006631163880228996, -0.004863163456320763, -0.007341180928051472, -0.0058283498510718346, -0.006812330335378647, -0.006479913368821144, -0.0049125319346785545, -0.003554997034370899]
ref [0.30120545625686646, 0.13098694384098053, 0.08355649560689926, 0.059490446001291275, 0.045585308223962784, 0.043930355459451675, 0.03634369373321533, 0.02989594265818596, 0.027764683589339256, 0.026414796710014343, 0.025210125371813774, 0.0225250031799078, 0.01804703287780285, 0.014724393375217915, 0.01645835116505623, 0.0171374399214983, 0.015740374103188515, 0.01690688356757164, 0.016575375571846962, 0.014821527525782585, 0.016816487535834312, 0.014990990050137043, 0.016497032716870308, 0.0164889395236969, 0.014359635300934315, 0.013808412477374077]
[0.27564555406570435, 0.08759866654872894, 0.06280247122049332, 0.04465268924832344, 0.03160853311419487, 0.025993717834353447, 0.020946651697158813, 0.017798680812120438, 0.01604016311466694, 0.014490341767668724, 0.013553508557379246, 0.012346136383712292, 0.011566047556698322, 0.00994154904037714, 0.00925376731902361, 0.008657627739012241, 0.009013856761157513, 0.009652883745729923, 0.009944211691617966, 0.009958364069461823, 0.00947530660778284, 0.009162640199065208, 0.009684702381491661, 0.010009026154875755, 0.00944710336625576, 0.010253415443003178]
Training time: 3170 	steps per sec: 8
Eval num_timesteps=26624, episode_reward=nan +/- nan
Eval num_timesteps=26624, episode_success=nan +/- nan
se
16 16384 1024
diff [-0.02555990219116211, -0.04338827729225159, -0.020754024386405945, -0.014837756752967834, -0.013976775109767914, -0.01793663762509823, -0.015397042036056519, -0.012097261846065521, -0.011724520474672318, -0.01192445494234562, -0.011656616814434528, -0.010178866796195507, -0.0064809853211045265, -0.0047828443348407745, -0.0072045838460326195, -0.008479812182486057, -0.006726517342031002, -0.007253999821841717, -0.006631163880228996, -0.004863163456320763, -0.007341180928051472, -0.0058283498510718346, -0.006812330335378647, -0.006479913368821144, -0.0049125319346785545, -0.003554997034370899, -0.006963161751627922]
ref [0.30120545625686646, 0.13098694384098053, 0.08355649560689926, 0.059490446001291275, 0.045585308223962784, 0.043930355459451675, 0.03634369373321533, 0.02989594265818596, 0.027764683589339256, 0.026414796710014343, 0.025210125371813774, 0.0225250031799078, 0.01804703287780285, 0.014724393375217915, 0.01645835116505623, 0.0171374399214983, 0.015740374103188515, 0.01690688356757164, 0.016575375571846962, 0.014821527525782585, 0.016816487535834312, 0.014990990050137043, 0.016497032716870308, 0.0164889395236969, 0.014359635300934315, 0.013808412477374077, 0.016477055847644806]
[0.27564555406570435, 0.08759866654872894, 0.06280247122049332, 0.04465268924832344, 0.03160853311419487, 0.025993717834353447, 0.020946651697158813, 0.017798680812120438, 0.01604016311466694, 0.014490341767668724, 0.013553508557379246, 0.012346136383712292, 0.011566047556698322, 0.00994154904037714, 0.00925376731902361, 0.008657627739012241, 0.009013856761157513, 0.009652883745729923, 0.009944211691617966, 0.009958364069461823, 0.00947530660778284, 0.009162640199065208, 0.009684702381491661, 0.010009026154875755, 0.00944710336625576, 0.010253415443003178, 0.009513894096016884]
Training time: 3335 	steps per sec: 8
Eval num_timesteps=27648, episode_reward=nan +/- nan
Eval num_timesteps=27648, episode_success=nan +/- nan
se
16 16384 1024
diff [-0.02555990219116211, -0.04338827729225159, -0.020754024386405945, -0.014837756752967834, -0.013976775109767914, -0.01793663762509823, -0.015397042036056519, -0.012097261846065521, -0.011724520474672318, -0.01192445494234562, -0.011656616814434528, -0.010178866796195507, -0.0064809853211045265, -0.0047828443348407745, -0.0072045838460326195, -0.008479812182486057, -0.006726517342031002, -0.007253999821841717, -0.006631163880228996, -0.004863163456320763, -0.007341180928051472, -0.0058283498510718346, -0.006812330335378647, -0.006479913368821144, -0.0049125319346785545, -0.003554997034370899, -0.006963161751627922, -0.008431164547801018]
ref [0.30120545625686646, 0.13098694384098053, 0.08355649560689926, 0.059490446001291275, 0.045585308223962784, 0.043930355459451675, 0.03634369373321533, 0.02989594265818596, 0.027764683589339256, 0.026414796710014343, 0.025210125371813774, 0.0225250031799078, 0.01804703287780285, 0.014724393375217915, 0.01645835116505623, 0.0171374399214983, 0.015740374103188515, 0.01690688356757164, 0.016575375571846962, 0.014821527525782585, 0.016816487535834312, 0.014990990050137043, 0.016497032716870308, 0.0164889395236969, 0.014359635300934315, 0.013808412477374077, 0.016477055847644806, 0.0179996769875288]
[0.27564555406570435, 0.08759866654872894, 0.06280247122049332, 0.04465268924832344, 0.03160853311419487, 0.025993717834353447, 0.020946651697158813, 0.017798680812120438, 0.01604016311466694, 0.014490341767668724, 0.013553508557379246, 0.012346136383712292, 0.011566047556698322, 0.00994154904037714, 0.00925376731902361, 0.008657627739012241, 0.009013856761157513, 0.009652883745729923, 0.009944211691617966, 0.009958364069461823, 0.00947530660778284, 0.009162640199065208, 0.009684702381491661, 0.010009026154875755, 0.00944710336625576, 0.010253415443003178, 0.009513894096016884, 0.009568512439727783]
Training time: 3498 	steps per sec: 8
Eval num_timesteps=28672, episode_reward=nan +/- nan
Eval num_timesteps=28672, episode_success=nan +/- nan
se
16 16384 1024
diff [-0.02555990219116211, -0.04338827729225159, -0.020754024386405945, -0.014837756752967834, -0.013976775109767914, -0.01793663762509823, -0.015397042036056519, -0.012097261846065521, -0.011724520474672318, -0.01192445494234562, -0.011656616814434528, -0.010178866796195507, -0.0064809853211045265, -0.0047828443348407745, -0.0072045838460326195, -0.008479812182486057, -0.006726517342031002, -0.007253999821841717, -0.006631163880228996, -0.004863163456320763, -0.007341180928051472, -0.0058283498510718346, -0.006812330335378647, -0.006479913368821144, -0.0049125319346785545, -0.003554997034370899, -0.006963161751627922, -0.008431164547801018, -0.00375411007553339]
ref [0.30120545625686646, 0.13098694384098053, 0.08355649560689926, 0.059490446001291275, 0.045585308223962784, 0.043930355459451675, 0.03634369373321533, 0.02989594265818596, 0.027764683589339256, 0.026414796710014343, 0.025210125371813774, 0.0225250031799078, 0.01804703287780285, 0.014724393375217915, 0.01645835116505623, 0.0171374399214983, 0.015740374103188515, 0.01690688356757164, 0.016575375571846962, 0.014821527525782585, 0.016816487535834312, 0.014990990050137043, 0.016497032716870308, 0.0164889395236969, 0.014359635300934315, 0.013808412477374077, 0.016477055847644806, 0.0179996769875288, 0.013881776481866837]
[0.27564555406570435, 0.08759866654872894, 0.06280247122049332, 0.04465268924832344, 0.03160853311419487, 0.025993717834353447, 0.020946651697158813, 0.017798680812120438, 0.01604016311466694, 0.014490341767668724, 0.013553508557379246, 0.012346136383712292, 0.011566047556698322, 0.00994154904037714, 0.00925376731902361, 0.008657627739012241, 0.009013856761157513, 0.009652883745729923, 0.009944211691617966, 0.009958364069461823, 0.00947530660778284, 0.009162640199065208, 0.009684702381491661, 0.010009026154875755, 0.00944710336625576, 0.010253415443003178, 0.009513894096016884, 0.009568512439727783, 0.010127666406333447]
Training time: 3660 	steps per sec: 8
Eval num_timesteps=29696, episode_reward=nan +/- nan
Eval num_timesteps=29696, episode_success=nan +/- nan
se
16 16384 1024
diff [-0.02555990219116211, -0.04338827729225159, -0.020754024386405945, -0.014837756752967834, -0.013976775109767914, -0.01793663762509823, -0.015397042036056519, -0.012097261846065521, -0.011724520474672318, -0.01192445494234562, -0.011656616814434528, -0.010178866796195507, -0.0064809853211045265, -0.0047828443348407745, -0.0072045838460326195, -0.008479812182486057, -0.006726517342031002, -0.007253999821841717, -0.006631163880228996, -0.004863163456320763, -0.007341180928051472, -0.0058283498510718346, -0.006812330335378647, -0.006479913368821144, -0.0049125319346785545, -0.003554997034370899, -0.006963161751627922, -0.008431164547801018, -0.00375411007553339, -0.0035173324868083]
ref [0.30120545625686646, 0.13098694384098053, 0.08355649560689926, 0.059490446001291275, 0.045585308223962784, 0.043930355459451675, 0.03634369373321533, 0.02989594265818596, 0.027764683589339256, 0.026414796710014343, 0.025210125371813774, 0.0225250031799078, 0.01804703287780285, 0.014724393375217915, 0.01645835116505623, 0.0171374399214983, 0.015740374103188515, 0.01690688356757164, 0.016575375571846962, 0.014821527525782585, 0.016816487535834312, 0.014990990050137043, 0.016497032716870308, 0.0164889395236969, 0.014359635300934315, 0.013808412477374077, 0.016477055847644806, 0.0179996769875288, 0.013881776481866837, 0.014082295820116997]
[0.27564555406570435, 0.08759866654872894, 0.06280247122049332, 0.04465268924832344, 0.03160853311419487, 0.025993717834353447, 0.020946651697158813, 0.017798680812120438, 0.01604016311466694, 0.014490341767668724, 0.013553508557379246, 0.012346136383712292, 0.011566047556698322, 0.00994154904037714, 0.00925376731902361, 0.008657627739012241, 0.009013856761157513, 0.009652883745729923, 0.009944211691617966, 0.009958364069461823, 0.00947530660778284, 0.009162640199065208, 0.009684702381491661, 0.010009026154875755, 0.00944710336625576, 0.010253415443003178, 0.009513894096016884, 0.009568512439727783, 0.010127666406333447, 0.010564963333308697]
Training time: 3881 	steps per sec: 7
Eval num_timesteps=30720, episode_reward=nan +/- nan
Eval num_timesteps=30720, episode_success=nan +/- nan
se
16 16384 1024
diff [-0.02555990219116211, -0.04338827729225159, -0.020754024386405945, -0.014837756752967834, -0.013976775109767914, -0.01793663762509823, -0.015397042036056519, -0.012097261846065521, -0.011724520474672318, -0.01192445494234562, -0.011656616814434528, -0.010178866796195507, -0.0064809853211045265, -0.0047828443348407745, -0.0072045838460326195, -0.008479812182486057, -0.006726517342031002, -0.007253999821841717, -0.006631163880228996, -0.004863163456320763, -0.007341180928051472, -0.0058283498510718346, -0.006812330335378647, -0.006479913368821144, -0.0049125319346785545, -0.003554997034370899, -0.006963161751627922, -0.008431164547801018, -0.00375411007553339, -0.0035173324868083, -0.006209040060639381]
ref [0.30120545625686646, 0.13098694384098053, 0.08355649560689926, 0.059490446001291275, 0.045585308223962784, 0.043930355459451675, 0.03634369373321533, 0.02989594265818596, 0.027764683589339256, 0.026414796710014343, 0.025210125371813774, 0.0225250031799078, 0.01804703287780285, 0.014724393375217915, 0.01645835116505623, 0.0171374399214983, 0.015740374103188515, 0.01690688356757164, 0.016575375571846962, 0.014821527525782585, 0.016816487535834312, 0.014990990050137043, 0.016497032716870308, 0.0164889395236969, 0.014359635300934315, 0.013808412477374077, 0.016477055847644806, 0.0179996769875288, 0.013881776481866837, 0.014082295820116997, 0.01690440997481346]
[0.27564555406570435, 0.08759866654872894, 0.06280247122049332, 0.04465268924832344, 0.03160853311419487, 0.025993717834353447, 0.020946651697158813, 0.017798680812120438, 0.01604016311466694, 0.014490341767668724, 0.013553508557379246, 0.012346136383712292, 0.011566047556698322, 0.00994154904037714, 0.00925376731902361, 0.008657627739012241, 0.009013856761157513, 0.009652883745729923, 0.009944211691617966, 0.009958364069461823, 0.00947530660778284, 0.009162640199065208, 0.009684702381491661, 0.010009026154875755, 0.00944710336625576, 0.010253415443003178, 0.009513894096016884, 0.009568512439727783, 0.010127666406333447, 0.010564963333308697, 0.01069536991417408]
Training time: 4067 	steps per sec: 7
Eval num_timesteps=31744, episode_reward=nan +/- nan
Eval num_timesteps=31744, episode_success=nan +/- nan
se
16 16384 1024
diff [-0.02555990219116211, -0.04338827729225159, -0.020754024386405945, -0.014837756752967834, -0.013976775109767914, -0.01793663762509823, -0.015397042036056519, -0.012097261846065521, -0.011724520474672318, -0.01192445494234562, -0.011656616814434528, -0.010178866796195507, -0.0064809853211045265, -0.0047828443348407745, -0.0072045838460326195, -0.008479812182486057, -0.006726517342031002, -0.007253999821841717, -0.006631163880228996, -0.004863163456320763, -0.007341180928051472, -0.0058283498510718346, -0.006812330335378647, -0.006479913368821144, -0.0049125319346785545, -0.003554997034370899, -0.006963161751627922, -0.008431164547801018, -0.00375411007553339, -0.0035173324868083, -0.006209040060639381, -0.00523777399212122]
ref [0.30120545625686646, 0.13098694384098053, 0.08355649560689926, 0.059490446001291275, 0.045585308223962784, 0.043930355459451675, 0.03634369373321533, 0.02989594265818596, 0.027764683589339256, 0.026414796710014343, 0.025210125371813774, 0.0225250031799078, 0.01804703287780285, 0.014724393375217915, 0.01645835116505623, 0.0171374399214983, 0.015740374103188515, 0.01690688356757164, 0.016575375571846962, 0.014821527525782585, 0.016816487535834312, 0.014990990050137043, 0.016497032716870308, 0.0164889395236969, 0.014359635300934315, 0.013808412477374077, 0.016477055847644806, 0.0179996769875288, 0.013881776481866837, 0.014082295820116997, 0.01690440997481346, 0.016275864094495773]
[0.27564555406570435, 0.08759866654872894, 0.06280247122049332, 0.04465268924832344, 0.03160853311419487, 0.025993717834353447, 0.020946651697158813, 0.017798680812120438, 0.01604016311466694, 0.014490341767668724, 0.013553508557379246, 0.012346136383712292, 0.011566047556698322, 0.00994154904037714, 0.00925376731902361, 0.008657627739012241, 0.009013856761157513, 0.009652883745729923, 0.009944211691617966, 0.009958364069461823, 0.00947530660778284, 0.009162640199065208, 0.009684702381491661, 0.010009026154875755, 0.00944710336625576, 0.010253415443003178, 0.009513894096016884, 0.009568512439727783, 0.010127666406333447, 0.010564963333308697, 0.01069536991417408, 0.011038090102374554]
Training time: 4215 	steps per sec: 7
Eval num_timesteps=32768, episode_reward=nan +/- nan
Eval num_timesteps=32768, episode_success=nan +/- nan
results/HalfCheetah-v4/
results/HalfCheetah-v4/ppo_ros/
results/HalfCheetah-v4/ppo_ros/expert/
results/HalfCheetah-v4/ppo_ros/expert/b_16/
results/HalfCheetah-v4/ppo_ros/expert/b_16/no_lambda/
results/HalfCheetah-v4/ppo_ros/expert/b_16/no_lambda/run_0/
results/HalfCheetah-v4/ppo_ros/expert/b_16/no_lambda/run_0/evaluations.npz
results/HalfCheetah-v4/ppo_ros/expert/b_16/no_lambda/run_0/config.yml
results/HalfCheetah-v4/ppo_ros/expert/b_16/no_lambda/run_0/stats.npz
