ppo_ros_continuous.py --env-id Swimmer-v4 -s expert/b_16/no_clip --total-timesteps 32768 --eval-freq 1 --eval-episodes 0 -b 16 --num-steps 1024 -lr 0 --update-epochs 0 --anneal-lr 0 --ros-num-steps 256 --ros-update-epochs 16 --ros-target-kl 0.05 --ros-clip-coef 999999999 --ros-lambda 0.1 -ros-lr 0.0001 --ros-anneal-lr 0 --se 1 --se-freq 1 --se-lr 1e-3 --se-epochs 1000 --policy-path policies/Swimmer-v4/best_model.zip --normalization-dir policies/Swimmer-v4
Obtaining file:///var/lib/condor/execute/slot1/dir_652031/PPOROS/PPOROS/custom-envs
  Preparing metadata (setup.py): started
  Preparing metadata (setup.py): finished with status 'done'
Requirement already satisfied: gym in /var/lib/condor/execute/slot1/dir_652031/PPOROS/ppo-ros_env/lib/python3.9/site-packages (from custom-envs==0.0.1) (0.21.0)
Requirement already satisfied: numpy>=1.18.0 in /var/lib/condor/execute/slot1/dir_652031/PPOROS/ppo-ros_env/lib/python3.9/site-packages (from gym->custom-envs==0.0.1) (1.24.2)
Requirement already satisfied: cloudpickle>=1.2.0 in /var/lib/condor/execute/slot1/dir_652031/PPOROS/ppo-ros_env/lib/python3.9/site-packages (from gym->custom-envs==0.0.1) (2.2.1)
Installing collected packages: custom-envs
  Running setup.py develop for custom-envs
Successfully installed custom-envs-0.0.1
seed: 3
Eval num_timesteps=0, episode_reward=nan +/- nan
Eval num_timesteps=0, episode_success=nan +/- nan
se
1 1024 1024
diff [-0.02795475721359253]
ref [0.1759447306394577]
[0.14798997342586517]
Training time: 11 	steps per sec: 89
Eval num_timesteps=1024, episode_reward=nan +/- nan
Eval num_timesteps=1024, episode_success=nan +/- nan
se
2 2048 1024
diff [-0.02795475721359253, 0.014790620654821396]
ref [0.1759447306394577, 0.03489846736192703]
[0.14798997342586517, 0.04968908801674843]
Training time: 28 	steps per sec: 70
Eval num_timesteps=2048, episode_reward=nan +/- nan
Eval num_timesteps=2048, episode_success=nan +/- nan
se
3 3072 1024
diff [-0.02795475721359253, 0.014790620654821396, -0.005079001188278198]
ref [0.1759447306394577, 0.03489846736192703, 0.03878888115286827]
[0.14798997342586517, 0.04968908801674843, 0.03370987996459007]
Training time: 54 	steps per sec: 56
Eval num_timesteps=3072, episode_reward=nan +/- nan
Eval num_timesteps=3072, episode_success=nan +/- nan
se
4 4096 1024
diff [-0.02795475721359253, 0.014790620654821396, -0.005079001188278198, -0.011572390794754028]
ref [0.1759447306394577, 0.03489846736192703, 0.03878888115286827, 0.03204672038555145]
[0.14798997342586517, 0.04968908801674843, 0.03370987996459007, 0.020474329590797424]
Training time: 85 	steps per sec: 48
Eval num_timesteps=4096, episode_reward=nan +/- nan
Eval num_timesteps=4096, episode_success=nan +/- nan
se
5 5120 1024
diff [-0.02795475721359253, 0.014790620654821396, -0.005079001188278198, -0.011572390794754028, -3.238022327423096e-05]
ref [0.1759447306394577, 0.03489846736192703, 0.03878888115286827, 0.03204672038555145, 0.015027480199933052]
[0.14798997342586517, 0.04968908801674843, 0.03370987996459007, 0.020474329590797424, 0.014995099976658821]
Training time: 121 	steps per sec: 42
Eval num_timesteps=5120, episode_reward=nan +/- nan
Eval num_timesteps=5120, episode_success=nan +/- nan
se
6 6144 1024
diff [-0.02795475721359253, 0.014790620654821396, -0.005079001188278198, -0.011572390794754028, -3.238022327423096e-05, -0.007212374359369278]
ref [0.1759447306394577, 0.03489846736192703, 0.03878888115286827, 0.03204672038555145, 0.015027480199933052, 0.024149423465132713]
[0.14798997342586517, 0.04968908801674843, 0.03370987996459007, 0.020474329590797424, 0.014995099976658821, 0.016937049105763435]
Training time: 163 	steps per sec: 37
Eval num_timesteps=6144, episode_reward=nan +/- nan
Eval num_timesteps=6144, episode_success=nan +/- nan
se
7 7168 1024
diff [-0.02795475721359253, 0.014790620654821396, -0.005079001188278198, -0.011572390794754028, -3.238022327423096e-05, -0.007212374359369278, 0.003084433265030384]
ref [0.1759447306394577, 0.03489846736192703, 0.03878888115286827, 0.03204672038555145, 0.015027480199933052, 0.024149423465132713, 0.01448646280914545]
[0.14798997342586517, 0.04968908801674843, 0.03370987996459007, 0.020474329590797424, 0.014995099976658821, 0.016937049105763435, 0.017570896074175835]
Training time: 210 	steps per sec: 33
Eval num_timesteps=7168, episode_reward=nan +/- nan
Eval num_timesteps=7168, episode_success=nan +/- nan
se
8 8192 1024
diff [-0.02795475721359253, 0.014790620654821396, -0.005079001188278198, -0.011572390794754028, -3.238022327423096e-05, -0.007212374359369278, 0.003084433265030384, 0.0013572508469223976]
ref [0.1759447306394577, 0.03489846736192703, 0.03878888115286827, 0.03204672038555145, 0.015027480199933052, 0.024149423465132713, 0.01448646280914545, 0.012091674841940403]
[0.14798997342586517, 0.04968908801674843, 0.03370987996459007, 0.020474329590797424, 0.014995099976658821, 0.016937049105763435, 0.017570896074175835, 0.0134489256888628]
Training time: 264 	steps per sec: 31
Eval num_timesteps=8192, episode_reward=nan +/- nan
Eval num_timesteps=8192, episode_success=nan +/- nan
se
9 9216 1024
diff [-0.02795475721359253, 0.014790620654821396, -0.005079001188278198, -0.011572390794754028, -3.238022327423096e-05, -0.007212374359369278, 0.003084433265030384, 0.0013572508469223976, 0.001637997105717659]
ref [0.1759447306394577, 0.03489846736192703, 0.03878888115286827, 0.03204672038555145, 0.015027480199933052, 0.024149423465132713, 0.01448646280914545, 0.012091674841940403, 0.010697390884160995]
[0.14798997342586517, 0.04968908801674843, 0.03370987996459007, 0.020474329590797424, 0.014995099976658821, 0.016937049105763435, 0.017570896074175835, 0.0134489256888628, 0.012335387989878654]
Training time: 322 	steps per sec: 28
Eval num_timesteps=9216, episode_reward=nan +/- nan
Eval num_timesteps=9216, episode_success=nan +/- nan
se
10 10240 1024
diff [-0.02795475721359253, 0.014790620654821396, -0.005079001188278198, -0.011572390794754028, -3.238022327423096e-05, -0.007212374359369278, 0.003084433265030384, 0.0013572508469223976, 0.001637997105717659, 0.00019974075257778168]
ref [0.1759447306394577, 0.03489846736192703, 0.03878888115286827, 0.03204672038555145, 0.015027480199933052, 0.024149423465132713, 0.01448646280914545, 0.012091674841940403, 0.010697390884160995, 0.009806905873119831]
[0.14798997342586517, 0.04968908801674843, 0.03370987996459007, 0.020474329590797424, 0.014995099976658821, 0.016937049105763435, 0.017570896074175835, 0.0134489256888628, 0.012335387989878654, 0.010006646625697613]
Training time: 368 	steps per sec: 27
Eval num_timesteps=10240, episode_reward=nan +/- nan
Eval num_timesteps=10240, episode_success=nan +/- nan
se
11 11264 1024
diff [-0.02795475721359253, 0.014790620654821396, -0.005079001188278198, -0.011572390794754028, -3.238022327423096e-05, -0.007212374359369278, 0.003084433265030384, 0.0013572508469223976, 0.001637997105717659, 0.00019974075257778168, 0.0003611929714679718]
ref [0.1759447306394577, 0.03489846736192703, 0.03878888115286827, 0.03204672038555145, 0.015027480199933052, 0.024149423465132713, 0.01448646280914545, 0.012091674841940403, 0.010697390884160995, 0.009806905873119831, 0.008172457106411457]
[0.14798997342586517, 0.04968908801674843, 0.03370987996459007, 0.020474329590797424, 0.014995099976658821, 0.016937049105763435, 0.017570896074175835, 0.0134489256888628, 0.012335387989878654, 0.010006646625697613, 0.008533650077879429]
Training time: 414 	steps per sec: 27
Eval num_timesteps=11264, episode_reward=nan +/- nan
Eval num_timesteps=11264, episode_success=nan +/- nan
se
12 12288 1024
diff [-0.02795475721359253, 0.014790620654821396, -0.005079001188278198, -0.011572390794754028, -3.238022327423096e-05, -0.007212374359369278, 0.003084433265030384, 0.0013572508469223976, 0.001637997105717659, 0.00019974075257778168, 0.0003611929714679718, -0.0007436340674757957]
ref [0.1759447306394577, 0.03489846736192703, 0.03878888115286827, 0.03204672038555145, 0.015027480199933052, 0.024149423465132713, 0.01448646280914545, 0.012091674841940403, 0.010697390884160995, 0.009806905873119831, 0.008172457106411457, 0.00829863827675581]
[0.14798997342586517, 0.04968908801674843, 0.03370987996459007, 0.020474329590797424, 0.014995099976658821, 0.016937049105763435, 0.017570896074175835, 0.0134489256888628, 0.012335387989878654, 0.010006646625697613, 0.008533650077879429, 0.007555004209280014]
Training time: 464 	steps per sec: 26
Eval num_timesteps=12288, episode_reward=nan +/- nan
Eval num_timesteps=12288, episode_success=nan +/- nan
se
13 13312 1024
diff [-0.02795475721359253, 0.014790620654821396, -0.005079001188278198, -0.011572390794754028, -3.238022327423096e-05, -0.007212374359369278, 0.003084433265030384, 0.0013572508469223976, 0.001637997105717659, 0.00019974075257778168, 0.0003611929714679718, -0.0007436340674757957, -0.003363565541803837]
ref [0.1759447306394577, 0.03489846736192703, 0.03878888115286827, 0.03204672038555145, 0.015027480199933052, 0.024149423465132713, 0.01448646280914545, 0.012091674841940403, 0.010697390884160995, 0.009806905873119831, 0.008172457106411457, 0.00829863827675581, 0.009897141717374325]
[0.14798997342586517, 0.04968908801674843, 0.03370987996459007, 0.020474329590797424, 0.014995099976658821, 0.016937049105763435, 0.017570896074175835, 0.0134489256888628, 0.012335387989878654, 0.010006646625697613, 0.008533650077879429, 0.007555004209280014, 0.006533576175570488]
Training time: 518 	steps per sec: 25
Eval num_timesteps=13312, episode_reward=nan +/- nan
Eval num_timesteps=13312, episode_success=nan +/- nan
se
14 14336 1024
diff [-0.02795475721359253, 0.014790620654821396, -0.005079001188278198, -0.011572390794754028, -3.238022327423096e-05, -0.007212374359369278, 0.003084433265030384, 0.0013572508469223976, 0.001637997105717659, 0.00019974075257778168, 0.0003611929714679718, -0.0007436340674757957, -0.003363565541803837, -0.002020442858338356]
ref [0.1759447306394577, 0.03489846736192703, 0.03878888115286827, 0.03204672038555145, 0.015027480199933052, 0.024149423465132713, 0.01448646280914545, 0.012091674841940403, 0.010697390884160995, 0.009806905873119831, 0.008172457106411457, 0.00829863827675581, 0.009897141717374325, 0.007852530106902122]
[0.14798997342586517, 0.04968908801674843, 0.03370987996459007, 0.020474329590797424, 0.014995099976658821, 0.016937049105763435, 0.017570896074175835, 0.0134489256888628, 0.012335387989878654, 0.010006646625697613, 0.008533650077879429, 0.007555004209280014, 0.006533576175570488, 0.0058320872485637665]
Training time: 575 	steps per sec: 24
Eval num_timesteps=14336, episode_reward=nan +/- nan
Eval num_timesteps=14336, episode_success=nan +/- nan
se
15 15360 1024
diff [-0.02795475721359253, 0.014790620654821396, -0.005079001188278198, -0.011572390794754028, -3.238022327423096e-05, -0.007212374359369278, 0.003084433265030384, 0.0013572508469223976, 0.001637997105717659, 0.00019974075257778168, 0.0003611929714679718, -0.0007436340674757957, -0.003363565541803837, -0.002020442858338356, -0.0008027120493352413]
ref [0.1759447306394577, 0.03489846736192703, 0.03878888115286827, 0.03204672038555145, 0.015027480199933052, 0.024149423465132713, 0.01448646280914545, 0.012091674841940403, 0.010697390884160995, 0.009806905873119831, 0.008172457106411457, 0.00829863827675581, 0.009897141717374325, 0.007852530106902122, 0.0062660095281898975]
[0.14798997342586517, 0.04968908801674843, 0.03370987996459007, 0.020474329590797424, 0.014995099976658821, 0.016937049105763435, 0.017570896074175835, 0.0134489256888628, 0.012335387989878654, 0.010006646625697613, 0.008533650077879429, 0.007555004209280014, 0.006533576175570488, 0.0058320872485637665, 0.005463297478854656]
Training time: 636 	steps per sec: 24
Eval num_timesteps=15360, episode_reward=nan +/- nan
Eval num_timesteps=15360, episode_success=nan +/- nan
se
16 16384 1024
diff [-0.02795475721359253, 0.014790620654821396, -0.005079001188278198, -0.011572390794754028, -3.238022327423096e-05, -0.007212374359369278, 0.003084433265030384, 0.0013572508469223976, 0.001637997105717659, 0.00019974075257778168, 0.0003611929714679718, -0.0007436340674757957, -0.003363565541803837, -0.002020442858338356, -0.0008027120493352413, -0.00035542063415050507]
ref [0.1759447306394577, 0.03489846736192703, 0.03878888115286827, 0.03204672038555145, 0.015027480199933052, 0.024149423465132713, 0.01448646280914545, 0.012091674841940403, 0.010697390884160995, 0.009806905873119831, 0.008172457106411457, 0.00829863827675581, 0.009897141717374325, 0.007852530106902122, 0.0062660095281898975, 0.005281286779791117]
[0.14798997342586517, 0.04968908801674843, 0.03370987996459007, 0.020474329590797424, 0.014995099976658821, 0.016937049105763435, 0.017570896074175835, 0.0134489256888628, 0.012335387989878654, 0.010006646625697613, 0.008533650077879429, 0.007555004209280014, 0.006533576175570488, 0.0058320872485637665, 0.005463297478854656, 0.004925866145640612]
Training time: 698 	steps per sec: 23
Eval num_timesteps=16384, episode_reward=nan +/- nan
Eval num_timesteps=16384, episode_success=nan +/- nan
se
16 16384 1024
diff [-0.02795475721359253, 0.014790620654821396, -0.005079001188278198, -0.011572390794754028, -3.238022327423096e-05, -0.007212374359369278, 0.003084433265030384, 0.0013572508469223976, 0.001637997105717659, 0.00019974075257778168, 0.0003611929714679718, -0.0007436340674757957, -0.003363565541803837, -0.002020442858338356, -0.0008027120493352413, -0.00035542063415050507, -0.001894462388008833]
ref [0.1759447306394577, 0.03489846736192703, 0.03878888115286827, 0.03204672038555145, 0.015027480199933052, 0.024149423465132713, 0.01448646280914545, 0.012091674841940403, 0.010697390884160995, 0.009806905873119831, 0.008172457106411457, 0.00829863827675581, 0.009897141717374325, 0.007852530106902122, 0.0062660095281898975, 0.005281286779791117, 0.006978476885706186]
[0.14798997342586517, 0.04968908801674843, 0.03370987996459007, 0.020474329590797424, 0.014995099976658821, 0.016937049105763435, 0.017570896074175835, 0.0134489256888628, 0.012335387989878654, 0.010006646625697613, 0.008533650077879429, 0.007555004209280014, 0.006533576175570488, 0.0058320872485637665, 0.005463297478854656, 0.004925866145640612, 0.005084014497697353]
Training time: 761 	steps per sec: 22
Eval num_timesteps=17408, episode_reward=nan +/- nan
Eval num_timesteps=17408, episode_success=nan +/- nan
se
16 16384 1024
diff [-0.02795475721359253, 0.014790620654821396, -0.005079001188278198, -0.011572390794754028, -3.238022327423096e-05, -0.007212374359369278, 0.003084433265030384, 0.0013572508469223976, 0.001637997105717659, 0.00019974075257778168, 0.0003611929714679718, -0.0007436340674757957, -0.003363565541803837, -0.002020442858338356, -0.0008027120493352413, -0.00035542063415050507, -0.001894462388008833, -0.0011384650133550167]
ref [0.1759447306394577, 0.03489846736192703, 0.03878888115286827, 0.03204672038555145, 0.015027480199933052, 0.024149423465132713, 0.01448646280914545, 0.012091674841940403, 0.010697390884160995, 0.009806905873119831, 0.008172457106411457, 0.00829863827675581, 0.009897141717374325, 0.007852530106902122, 0.0062660095281898975, 0.005281286779791117, 0.006978476885706186, 0.00647875526919961]
[0.14798997342586517, 0.04968908801674843, 0.03370987996459007, 0.020474329590797424, 0.014995099976658821, 0.016937049105763435, 0.017570896074175835, 0.0134489256888628, 0.012335387989878654, 0.010006646625697613, 0.008533650077879429, 0.007555004209280014, 0.006533576175570488, 0.0058320872485637665, 0.005463297478854656, 0.004925866145640612, 0.005084014497697353, 0.005340290255844593]
Training time: 824 	steps per sec: 22
Eval num_timesteps=18432, episode_reward=nan +/- nan
Eval num_timesteps=18432, episode_success=nan +/- nan
se
16 16384 1024
diff [-0.02795475721359253, 0.014790620654821396, -0.005079001188278198, -0.011572390794754028, -3.238022327423096e-05, -0.007212374359369278, 0.003084433265030384, 0.0013572508469223976, 0.001637997105717659, 0.00019974075257778168, 0.0003611929714679718, -0.0007436340674757957, -0.003363565541803837, -0.002020442858338356, -0.0008027120493352413, -0.00035542063415050507, -0.001894462388008833, -0.0011384650133550167, 0.0021019303239881992]
ref [0.1759447306394577, 0.03489846736192703, 0.03878888115286827, 0.03204672038555145, 0.015027480199933052, 0.024149423465132713, 0.01448646280914545, 0.012091674841940403, 0.010697390884160995, 0.009806905873119831, 0.008172457106411457, 0.00829863827675581, 0.009897141717374325, 0.007852530106902122, 0.0062660095281898975, 0.005281286779791117, 0.006978476885706186, 0.00647875526919961, 0.004449964035302401]
[0.14798997342586517, 0.04968908801674843, 0.03370987996459007, 0.020474329590797424, 0.014995099976658821, 0.016937049105763435, 0.017570896074175835, 0.0134489256888628, 0.012335387989878654, 0.010006646625697613, 0.008533650077879429, 0.007555004209280014, 0.006533576175570488, 0.0058320872485637665, 0.005463297478854656, 0.004925866145640612, 0.005084014497697353, 0.005340290255844593, 0.0065518943592906]
Training time: 887 	steps per sec: 21
Eval num_timesteps=19456, episode_reward=nan +/- nan
Eval num_timesteps=19456, episode_success=nan +/- nan
se
16 16384 1024
diff [-0.02795475721359253, 0.014790620654821396, -0.005079001188278198, -0.011572390794754028, -3.238022327423096e-05, -0.007212374359369278, 0.003084433265030384, 0.0013572508469223976, 0.001637997105717659, 0.00019974075257778168, 0.0003611929714679718, -0.0007436340674757957, -0.003363565541803837, -0.002020442858338356, -0.0008027120493352413, -0.00035542063415050507, -0.001894462388008833, -0.0011384650133550167, 0.0021019303239881992, 0.003304104320704937]
ref [0.1759447306394577, 0.03489846736192703, 0.03878888115286827, 0.03204672038555145, 0.015027480199933052, 0.024149423465132713, 0.01448646280914545, 0.012091674841940403, 0.010697390884160995, 0.009806905873119831, 0.008172457106411457, 0.00829863827675581, 0.009897141717374325, 0.007852530106902122, 0.0062660095281898975, 0.005281286779791117, 0.006978476885706186, 0.00647875526919961, 0.004449964035302401, 0.004905040375888348]
[0.14798997342586517, 0.04968908801674843, 0.03370987996459007, 0.020474329590797424, 0.014995099976658821, 0.016937049105763435, 0.017570896074175835, 0.0134489256888628, 0.012335387989878654, 0.010006646625697613, 0.008533650077879429, 0.007555004209280014, 0.006533576175570488, 0.0058320872485637665, 0.005463297478854656, 0.004925866145640612, 0.005084014497697353, 0.005340290255844593, 0.0065518943592906, 0.008209144696593285]
Training time: 950 	steps per sec: 21
Eval num_timesteps=20480, episode_reward=nan +/- nan
Eval num_timesteps=20480, episode_success=nan +/- nan
se
16 16384 1024
diff [-0.02795475721359253, 0.014790620654821396, -0.005079001188278198, -0.011572390794754028, -3.238022327423096e-05, -0.007212374359369278, 0.003084433265030384, 0.0013572508469223976, 0.001637997105717659, 0.00019974075257778168, 0.0003611929714679718, -0.0007436340674757957, -0.003363565541803837, -0.002020442858338356, -0.0008027120493352413, -0.00035542063415050507, -0.001894462388008833, -0.0011384650133550167, 0.0021019303239881992, 0.003304104320704937, 0.004466792102903128]
ref [0.1759447306394577, 0.03489846736192703, 0.03878888115286827, 0.03204672038555145, 0.015027480199933052, 0.024149423465132713, 0.01448646280914545, 0.012091674841940403, 0.010697390884160995, 0.009806905873119831, 0.008172457106411457, 0.00829863827675581, 0.009897141717374325, 0.007852530106902122, 0.0062660095281898975, 0.005281286779791117, 0.006978476885706186, 0.00647875526919961, 0.004449964035302401, 0.004905040375888348, 0.005741852801293135]
[0.14798997342586517, 0.04968908801674843, 0.03370987996459007, 0.020474329590797424, 0.014995099976658821, 0.016937049105763435, 0.017570896074175835, 0.0134489256888628, 0.012335387989878654, 0.010006646625697613, 0.008533650077879429, 0.007555004209280014, 0.006533576175570488, 0.0058320872485637665, 0.005463297478854656, 0.004925866145640612, 0.005084014497697353, 0.005340290255844593, 0.0065518943592906, 0.008209144696593285, 0.010208644904196262]
Training time: 1013 	steps per sec: 21
Eval num_timesteps=21504, episode_reward=nan +/- nan
Eval num_timesteps=21504, episode_success=nan +/- nan
se
16 16384 1024
diff [-0.02795475721359253, 0.014790620654821396, -0.005079001188278198, -0.011572390794754028, -3.238022327423096e-05, -0.007212374359369278, 0.003084433265030384, 0.0013572508469223976, 0.001637997105717659, 0.00019974075257778168, 0.0003611929714679718, -0.0007436340674757957, -0.003363565541803837, -0.002020442858338356, -0.0008027120493352413, -0.00035542063415050507, -0.001894462388008833, -0.0011384650133550167, 0.0021019303239881992, 0.003304104320704937, 0.004466792102903128, 0.0045133354142308235]
ref [0.1759447306394577, 0.03489846736192703, 0.03878888115286827, 0.03204672038555145, 0.015027480199933052, 0.024149423465132713, 0.01448646280914545, 0.012091674841940403, 0.010697390884160995, 0.009806905873119831, 0.008172457106411457, 0.00829863827675581, 0.009897141717374325, 0.007852530106902122, 0.0062660095281898975, 0.005281286779791117, 0.006978476885706186, 0.00647875526919961, 0.004449964035302401, 0.004905040375888348, 0.005741852801293135, 0.005776953883469105]
[0.14798997342586517, 0.04968908801674843, 0.03370987996459007, 0.020474329590797424, 0.014995099976658821, 0.016937049105763435, 0.017570896074175835, 0.0134489256888628, 0.012335387989878654, 0.010006646625697613, 0.008533650077879429, 0.007555004209280014, 0.006533576175570488, 0.0058320872485637665, 0.005463297478854656, 0.004925866145640612, 0.005084014497697353, 0.005340290255844593, 0.0065518943592906, 0.008209144696593285, 0.010208644904196262, 0.010290289297699928]
Training time: 1094 	steps per sec: 20
Eval num_timesteps=22528, episode_reward=nan +/- nan
Eval num_timesteps=22528, episode_success=nan +/- nan
se
16 16384 1024
diff [-0.02795475721359253, 0.014790620654821396, -0.005079001188278198, -0.011572390794754028, -3.238022327423096e-05, -0.007212374359369278, 0.003084433265030384, 0.0013572508469223976, 0.001637997105717659, 0.00019974075257778168, 0.0003611929714679718, -0.0007436340674757957, -0.003363565541803837, -0.002020442858338356, -0.0008027120493352413, -0.00035542063415050507, -0.001894462388008833, -0.0011384650133550167, 0.0021019303239881992, 0.003304104320704937, 0.004466792102903128, 0.0045133354142308235, -0.0016698269173502922]
ref [0.1759447306394577, 0.03489846736192703, 0.03878888115286827, 0.03204672038555145, 0.015027480199933052, 0.024149423465132713, 0.01448646280914545, 0.012091674841940403, 0.010697390884160995, 0.009806905873119831, 0.008172457106411457, 0.00829863827675581, 0.009897141717374325, 0.007852530106902122, 0.0062660095281898975, 0.005281286779791117, 0.006978476885706186, 0.00647875526919961, 0.004449964035302401, 0.004905040375888348, 0.005741852801293135, 0.005776953883469105, 0.006392274983227253]
[0.14798997342586517, 0.04968908801674843, 0.03370987996459007, 0.020474329590797424, 0.014995099976658821, 0.016937049105763435, 0.017570896074175835, 0.0134489256888628, 0.012335387989878654, 0.010006646625697613, 0.008533650077879429, 0.007555004209280014, 0.006533576175570488, 0.0058320872485637665, 0.005463297478854656, 0.004925866145640612, 0.005084014497697353, 0.005340290255844593, 0.0065518943592906, 0.008209144696593285, 0.010208644904196262, 0.010290289297699928, 0.004722448065876961]
Training time: 1182 	steps per sec: 19
Eval num_timesteps=23552, episode_reward=nan +/- nan
Eval num_timesteps=23552, episode_success=nan +/- nan
se
16 16384 1024
diff [-0.02795475721359253, 0.014790620654821396, -0.005079001188278198, -0.011572390794754028, -3.238022327423096e-05, -0.007212374359369278, 0.003084433265030384, 0.0013572508469223976, 0.001637997105717659, 0.00019974075257778168, 0.0003611929714679718, -0.0007436340674757957, -0.003363565541803837, -0.002020442858338356, -0.0008027120493352413, -0.00035542063415050507, -0.001894462388008833, -0.0011384650133550167, 0.0021019303239881992, 0.003304104320704937, 0.004466792102903128, 0.0045133354142308235, -0.0016698269173502922, -0.0019414625130593777]
ref [0.1759447306394577, 0.03489846736192703, 0.03878888115286827, 0.03204672038555145, 0.015027480199933052, 0.024149423465132713, 0.01448646280914545, 0.012091674841940403, 0.010697390884160995, 0.009806905873119831, 0.008172457106411457, 0.00829863827675581, 0.009897141717374325, 0.007852530106902122, 0.0062660095281898975, 0.005281286779791117, 0.006978476885706186, 0.00647875526919961, 0.004449964035302401, 0.004905040375888348, 0.005741852801293135, 0.005776953883469105, 0.006392274983227253, 0.0063674310222268105]
[0.14798997342586517, 0.04968908801674843, 0.03370987996459007, 0.020474329590797424, 0.014995099976658821, 0.016937049105763435, 0.017570896074175835, 0.0134489256888628, 0.012335387989878654, 0.010006646625697613, 0.008533650077879429, 0.007555004209280014, 0.006533576175570488, 0.0058320872485637665, 0.005463297478854656, 0.004925866145640612, 0.005084014497697353, 0.005340290255844593, 0.0065518943592906, 0.008209144696593285, 0.010208644904196262, 0.010290289297699928, 0.004722448065876961, 0.004425968509167433]
Training time: 1275 	steps per sec: 19
Eval num_timesteps=24576, episode_reward=nan +/- nan
Eval num_timesteps=24576, episode_success=nan +/- nan
se
16 16384 1024
diff [-0.02795475721359253, 0.014790620654821396, -0.005079001188278198, -0.011572390794754028, -3.238022327423096e-05, -0.007212374359369278, 0.003084433265030384, 0.0013572508469223976, 0.001637997105717659, 0.00019974075257778168, 0.0003611929714679718, -0.0007436340674757957, -0.003363565541803837, -0.002020442858338356, -0.0008027120493352413, -0.00035542063415050507, -0.001894462388008833, -0.0011384650133550167, 0.0021019303239881992, 0.003304104320704937, 0.004466792102903128, 0.0045133354142308235, -0.0016698269173502922, -0.0019414625130593777, -0.0038617243990302086]
ref [0.1759447306394577, 0.03489846736192703, 0.03878888115286827, 0.03204672038555145, 0.015027480199933052, 0.024149423465132713, 0.01448646280914545, 0.012091674841940403, 0.010697390884160995, 0.009806905873119831, 0.008172457106411457, 0.00829863827675581, 0.009897141717374325, 0.007852530106902122, 0.0062660095281898975, 0.005281286779791117, 0.006978476885706186, 0.00647875526919961, 0.004449964035302401, 0.004905040375888348, 0.005741852801293135, 0.005776953883469105, 0.006392274983227253, 0.0063674310222268105, 0.008025355637073517]
[0.14798997342586517, 0.04968908801674843, 0.03370987996459007, 0.020474329590797424, 0.014995099976658821, 0.016937049105763435, 0.017570896074175835, 0.0134489256888628, 0.012335387989878654, 0.010006646625697613, 0.008533650077879429, 0.007555004209280014, 0.006533576175570488, 0.0058320872485637665, 0.005463297478854656, 0.004925866145640612, 0.005084014497697353, 0.005340290255844593, 0.0065518943592906, 0.008209144696593285, 0.010208644904196262, 0.010290289297699928, 0.004722448065876961, 0.004425968509167433, 0.004163631238043308]
Training time: 1363 	steps per sec: 18
Eval num_timesteps=25600, episode_reward=nan +/- nan
Eval num_timesteps=25600, episode_success=nan +/- nan
se
16 16384 1024
diff [-0.02795475721359253, 0.014790620654821396, -0.005079001188278198, -0.011572390794754028, -3.238022327423096e-05, -0.007212374359369278, 0.003084433265030384, 0.0013572508469223976, 0.001637997105717659, 0.00019974075257778168, 0.0003611929714679718, -0.0007436340674757957, -0.003363565541803837, -0.002020442858338356, -0.0008027120493352413, -0.00035542063415050507, -0.001894462388008833, -0.0011384650133550167, 0.0021019303239881992, 0.003304104320704937, 0.004466792102903128, 0.0045133354142308235, -0.0016698269173502922, -0.0019414625130593777, -0.0038617243990302086, -0.0025204364210367203]
ref [0.1759447306394577, 0.03489846736192703, 0.03878888115286827, 0.03204672038555145, 0.015027480199933052, 0.024149423465132713, 0.01448646280914545, 0.012091674841940403, 0.010697390884160995, 0.009806905873119831, 0.008172457106411457, 0.00829863827675581, 0.009897141717374325, 0.007852530106902122, 0.0062660095281898975, 0.005281286779791117, 0.006978476885706186, 0.00647875526919961, 0.004449964035302401, 0.004905040375888348, 0.005741852801293135, 0.005776953883469105, 0.006392274983227253, 0.0063674310222268105, 0.008025355637073517, 0.006816047243773937]
[0.14798997342586517, 0.04968908801674843, 0.03370987996459007, 0.020474329590797424, 0.014995099976658821, 0.016937049105763435, 0.017570896074175835, 0.0134489256888628, 0.012335387989878654, 0.010006646625697613, 0.008533650077879429, 0.007555004209280014, 0.006533576175570488, 0.0058320872485637665, 0.005463297478854656, 0.004925866145640612, 0.005084014497697353, 0.005340290255844593, 0.0065518943592906, 0.008209144696593285, 0.010208644904196262, 0.010290289297699928, 0.004722448065876961, 0.004425968509167433, 0.004163631238043308, 0.004295610822737217]
Training time: 1451 	steps per sec: 18
Eval num_timesteps=26624, episode_reward=nan +/- nan
Eval num_timesteps=26624, episode_success=nan +/- nan
se
16 16384 1024
diff [-0.02795475721359253, 0.014790620654821396, -0.005079001188278198, -0.011572390794754028, -3.238022327423096e-05, -0.007212374359369278, 0.003084433265030384, 0.0013572508469223976, 0.001637997105717659, 0.00019974075257778168, 0.0003611929714679718, -0.0007436340674757957, -0.003363565541803837, -0.002020442858338356, -0.0008027120493352413, -0.00035542063415050507, -0.001894462388008833, -0.0011384650133550167, 0.0021019303239881992, 0.003304104320704937, 0.004466792102903128, 0.0045133354142308235, -0.0016698269173502922, -0.0019414625130593777, -0.0038617243990302086, -0.0025204364210367203, -0.0006637522019445896]
ref [0.1759447306394577, 0.03489846736192703, 0.03878888115286827, 0.03204672038555145, 0.015027480199933052, 0.024149423465132713, 0.01448646280914545, 0.012091674841940403, 0.010697390884160995, 0.009806905873119831, 0.008172457106411457, 0.00829863827675581, 0.009897141717374325, 0.007852530106902122, 0.0062660095281898975, 0.005281286779791117, 0.006978476885706186, 0.00647875526919961, 0.004449964035302401, 0.004905040375888348, 0.005741852801293135, 0.005776953883469105, 0.006392274983227253, 0.0063674310222268105, 0.008025355637073517, 0.006816047243773937, 0.005069232080131769]
[0.14798997342586517, 0.04968908801674843, 0.03370987996459007, 0.020474329590797424, 0.014995099976658821, 0.016937049105763435, 0.017570896074175835, 0.0134489256888628, 0.012335387989878654, 0.010006646625697613, 0.008533650077879429, 0.007555004209280014, 0.006533576175570488, 0.0058320872485637665, 0.005463297478854656, 0.004925866145640612, 0.005084014497697353, 0.005340290255844593, 0.0065518943592906, 0.008209144696593285, 0.010208644904196262, 0.010290289297699928, 0.004722448065876961, 0.004425968509167433, 0.004163631238043308, 0.004295610822737217, 0.0044054798781871796]
Training time: 1547 	steps per sec: 17
Eval num_timesteps=27648, episode_reward=nan +/- nan
Eval num_timesteps=27648, episode_success=nan +/- nan
se
16 16384 1024
diff [-0.02795475721359253, 0.014790620654821396, -0.005079001188278198, -0.011572390794754028, -3.238022327423096e-05, -0.007212374359369278, 0.003084433265030384, 0.0013572508469223976, 0.001637997105717659, 0.00019974075257778168, 0.0003611929714679718, -0.0007436340674757957, -0.003363565541803837, -0.002020442858338356, -0.0008027120493352413, -0.00035542063415050507, -0.001894462388008833, -0.0011384650133550167, 0.0021019303239881992, 0.003304104320704937, 0.004466792102903128, 0.0045133354142308235, -0.0016698269173502922, -0.0019414625130593777, -0.0038617243990302086, -0.0025204364210367203, -0.0006637522019445896, -0.0018866942264139652]
ref [0.1759447306394577, 0.03489846736192703, 0.03878888115286827, 0.03204672038555145, 0.015027480199933052, 0.024149423465132713, 0.01448646280914545, 0.012091674841940403, 0.010697390884160995, 0.009806905873119831, 0.008172457106411457, 0.00829863827675581, 0.009897141717374325, 0.007852530106902122, 0.0062660095281898975, 0.005281286779791117, 0.006978476885706186, 0.00647875526919961, 0.004449964035302401, 0.004905040375888348, 0.005741852801293135, 0.005776953883469105, 0.006392274983227253, 0.0063674310222268105, 0.008025355637073517, 0.006816047243773937, 0.005069232080131769, 0.005799072328954935]
[0.14798997342586517, 0.04968908801674843, 0.03370987996459007, 0.020474329590797424, 0.014995099976658821, 0.016937049105763435, 0.017570896074175835, 0.0134489256888628, 0.012335387989878654, 0.010006646625697613, 0.008533650077879429, 0.007555004209280014, 0.006533576175570488, 0.0058320872485637665, 0.005463297478854656, 0.004925866145640612, 0.005084014497697353, 0.005340290255844593, 0.0065518943592906, 0.008209144696593285, 0.010208644904196262, 0.010290289297699928, 0.004722448065876961, 0.004425968509167433, 0.004163631238043308, 0.004295610822737217, 0.0044054798781871796, 0.00391237810254097]
Training time: 1617 	steps per sec: 17
Eval num_timesteps=28672, episode_reward=nan +/- nan
Eval num_timesteps=28672, episode_success=nan +/- nan
se
16 16384 1024
diff [-0.02795475721359253, 0.014790620654821396, -0.005079001188278198, -0.011572390794754028, -3.238022327423096e-05, -0.007212374359369278, 0.003084433265030384, 0.0013572508469223976, 0.001637997105717659, 0.00019974075257778168, 0.0003611929714679718, -0.0007436340674757957, -0.003363565541803837, -0.002020442858338356, -0.0008027120493352413, -0.00035542063415050507, -0.001894462388008833, -0.0011384650133550167, 0.0021019303239881992, 0.003304104320704937, 0.004466792102903128, 0.0045133354142308235, -0.0016698269173502922, -0.0019414625130593777, -0.0038617243990302086, -0.0025204364210367203, -0.0006637522019445896, -0.0018866942264139652, -0.0018121781758964062]
ref [0.1759447306394577, 0.03489846736192703, 0.03878888115286827, 0.03204672038555145, 0.015027480199933052, 0.024149423465132713, 0.01448646280914545, 0.012091674841940403, 0.010697390884160995, 0.009806905873119831, 0.008172457106411457, 0.00829863827675581, 0.009897141717374325, 0.007852530106902122, 0.0062660095281898975, 0.005281286779791117, 0.006978476885706186, 0.00647875526919961, 0.004449964035302401, 0.004905040375888348, 0.005741852801293135, 0.005776953883469105, 0.006392274983227253, 0.0063674310222268105, 0.008025355637073517, 0.006816047243773937, 0.005069232080131769, 0.005799072328954935, 0.006083573680371046]
[0.14798997342586517, 0.04968908801674843, 0.03370987996459007, 0.020474329590797424, 0.014995099976658821, 0.016937049105763435, 0.017570896074175835, 0.0134489256888628, 0.012335387989878654, 0.010006646625697613, 0.008533650077879429, 0.007555004209280014, 0.006533576175570488, 0.0058320872485637665, 0.005463297478854656, 0.004925866145640612, 0.005084014497697353, 0.005340290255844593, 0.0065518943592906, 0.008209144696593285, 0.010208644904196262, 0.010290289297699928, 0.004722448065876961, 0.004425968509167433, 0.004163631238043308, 0.004295610822737217, 0.0044054798781871796, 0.00391237810254097, 0.00427139550447464]
Training time: 1684 	steps per sec: 17
Eval num_timesteps=29696, episode_reward=nan +/- nan
Eval num_timesteps=29696, episode_success=nan +/- nan
se
16 16384 1024
diff [-0.02795475721359253, 0.014790620654821396, -0.005079001188278198, -0.011572390794754028, -3.238022327423096e-05, -0.007212374359369278, 0.003084433265030384, 0.0013572508469223976, 0.001637997105717659, 0.00019974075257778168, 0.0003611929714679718, -0.0007436340674757957, -0.003363565541803837, -0.002020442858338356, -0.0008027120493352413, -0.00035542063415050507, -0.001894462388008833, -0.0011384650133550167, 0.0021019303239881992, 0.003304104320704937, 0.004466792102903128, 0.0045133354142308235, -0.0016698269173502922, -0.0019414625130593777, -0.0038617243990302086, -0.0025204364210367203, -0.0006637522019445896, -0.0018866942264139652, -0.0018121781758964062, -0.0010145916603505611]
ref [0.1759447306394577, 0.03489846736192703, 0.03878888115286827, 0.03204672038555145, 0.015027480199933052, 0.024149423465132713, 0.01448646280914545, 0.012091674841940403, 0.010697390884160995, 0.009806905873119831, 0.008172457106411457, 0.00829863827675581, 0.009897141717374325, 0.007852530106902122, 0.0062660095281898975, 0.005281286779791117, 0.006978476885706186, 0.00647875526919961, 0.004449964035302401, 0.004905040375888348, 0.005741852801293135, 0.005776953883469105, 0.006392274983227253, 0.0063674310222268105, 0.008025355637073517, 0.006816047243773937, 0.005069232080131769, 0.005799072328954935, 0.006083573680371046, 0.005211132578551769]
[0.14798997342586517, 0.04968908801674843, 0.03370987996459007, 0.020474329590797424, 0.014995099976658821, 0.016937049105763435, 0.017570896074175835, 0.0134489256888628, 0.012335387989878654, 0.010006646625697613, 0.008533650077879429, 0.007555004209280014, 0.006533576175570488, 0.0058320872485637665, 0.005463297478854656, 0.004925866145640612, 0.005084014497697353, 0.005340290255844593, 0.0065518943592906, 0.008209144696593285, 0.010208644904196262, 0.010290289297699928, 0.004722448065876961, 0.004425968509167433, 0.004163631238043308, 0.004295610822737217, 0.0044054798781871796, 0.00391237810254097, 0.00427139550447464, 0.004196540918201208]
Training time: 1773 	steps per sec: 17
Eval num_timesteps=30720, episode_reward=nan +/- nan
Eval num_timesteps=30720, episode_success=nan +/- nan
se
16 16384 1024
diff [-0.02795475721359253, 0.014790620654821396, -0.005079001188278198, -0.011572390794754028, -3.238022327423096e-05, -0.007212374359369278, 0.003084433265030384, 0.0013572508469223976, 0.001637997105717659, 0.00019974075257778168, 0.0003611929714679718, -0.0007436340674757957, -0.003363565541803837, -0.002020442858338356, -0.0008027120493352413, -0.00035542063415050507, -0.001894462388008833, -0.0011384650133550167, 0.0021019303239881992, 0.003304104320704937, 0.004466792102903128, 0.0045133354142308235, -0.0016698269173502922, -0.0019414625130593777, -0.0038617243990302086, -0.0025204364210367203, -0.0006637522019445896, -0.0018866942264139652, -0.0018121781758964062, -0.0010145916603505611, -0.0009708516299724579]
ref [0.1759447306394577, 0.03489846736192703, 0.03878888115286827, 0.03204672038555145, 0.015027480199933052, 0.024149423465132713, 0.01448646280914545, 0.012091674841940403, 0.010697390884160995, 0.009806905873119831, 0.008172457106411457, 0.00829863827675581, 0.009897141717374325, 0.007852530106902122, 0.0062660095281898975, 0.005281286779791117, 0.006978476885706186, 0.00647875526919961, 0.004449964035302401, 0.004905040375888348, 0.005741852801293135, 0.005776953883469105, 0.006392274983227253, 0.0063674310222268105, 0.008025355637073517, 0.006816047243773937, 0.005069232080131769, 0.005799072328954935, 0.006083573680371046, 0.005211132578551769, 0.005158395506441593]
[0.14798997342586517, 0.04968908801674843, 0.03370987996459007, 0.020474329590797424, 0.014995099976658821, 0.016937049105763435, 0.017570896074175835, 0.0134489256888628, 0.012335387989878654, 0.010006646625697613, 0.008533650077879429, 0.007555004209280014, 0.006533576175570488, 0.0058320872485637665, 0.005463297478854656, 0.004925866145640612, 0.005084014497697353, 0.005340290255844593, 0.0065518943592906, 0.008209144696593285, 0.010208644904196262, 0.010290289297699928, 0.004722448065876961, 0.004425968509167433, 0.004163631238043308, 0.004295610822737217, 0.0044054798781871796, 0.00391237810254097, 0.00427139550447464, 0.004196540918201208, 0.004187543876469135]
Training time: 1869 	steps per sec: 16
Eval num_timesteps=31744, episode_reward=nan +/- nan
Eval num_timesteps=31744, episode_success=nan +/- nan
se
16 16384 1024
diff [-0.02795475721359253, 0.014790620654821396, -0.005079001188278198, -0.011572390794754028, -3.238022327423096e-05, -0.007212374359369278, 0.003084433265030384, 0.0013572508469223976, 0.001637997105717659, 0.00019974075257778168, 0.0003611929714679718, -0.0007436340674757957, -0.003363565541803837, -0.002020442858338356, -0.0008027120493352413, -0.00035542063415050507, -0.001894462388008833, -0.0011384650133550167, 0.0021019303239881992, 0.003304104320704937, 0.004466792102903128, 0.0045133354142308235, -0.0016698269173502922, -0.0019414625130593777, -0.0038617243990302086, -0.0025204364210367203, -0.0006637522019445896, -0.0018866942264139652, -0.0018121781758964062, -0.0010145916603505611, -0.0009708516299724579, -0.0018584863282740116]
ref [0.1759447306394577, 0.03489846736192703, 0.03878888115286827, 0.03204672038555145, 0.015027480199933052, 0.024149423465132713, 0.01448646280914545, 0.012091674841940403, 0.010697390884160995, 0.009806905873119831, 0.008172457106411457, 0.00829863827675581, 0.009897141717374325, 0.007852530106902122, 0.0062660095281898975, 0.005281286779791117, 0.006978476885706186, 0.00647875526919961, 0.004449964035302401, 0.004905040375888348, 0.005741852801293135, 0.005776953883469105, 0.006392274983227253, 0.0063674310222268105, 0.008025355637073517, 0.006816047243773937, 0.005069232080131769, 0.005799072328954935, 0.006083573680371046, 0.005211132578551769, 0.005158395506441593, 0.005727718584239483]
[0.14798997342586517, 0.04968908801674843, 0.03370987996459007, 0.020474329590797424, 0.014995099976658821, 0.016937049105763435, 0.017570896074175835, 0.0134489256888628, 0.012335387989878654, 0.010006646625697613, 0.008533650077879429, 0.007555004209280014, 0.006533576175570488, 0.0058320872485637665, 0.005463297478854656, 0.004925866145640612, 0.005084014497697353, 0.005340290255844593, 0.0065518943592906, 0.008209144696593285, 0.010208644904196262, 0.010290289297699928, 0.004722448065876961, 0.004425968509167433, 0.004163631238043308, 0.004295610822737217, 0.0044054798781871796, 0.00391237810254097, 0.00427139550447464, 0.004196540918201208, 0.004187543876469135, 0.0038692322559654713]
Training time: 1969 	steps per sec: 16
Eval num_timesteps=32768, episode_reward=nan +/- nan
Eval num_timesteps=32768, episode_success=nan +/- nan
results/Swimmer-v4/
results/Swimmer-v4/ppo_ros/
results/Swimmer-v4/ppo_ros/expert/
results/Swimmer-v4/ppo_ros/expert/b_16/
results/Swimmer-v4/ppo_ros/expert/b_16/no_clip/
results/Swimmer-v4/ppo_ros/expert/b_16/no_clip/run_3/
results/Swimmer-v4/ppo_ros/expert/b_16/no_clip/run_3/evaluations.npz
results/Swimmer-v4/ppo_ros/expert/b_16/no_clip/run_3/stats.npz
results/Swimmer-v4/ppo_ros/expert/b_16/no_clip/run_3/config.yml
