ppo_ros_continuous.py --env-id Hopper-v4 -s expert/b_16/no_lambda --total-timesteps 32768 --eval-freq 1 --eval-episodes 0 -b 16 --num-steps 1024 -lr 0 --update-epochs 0 --anneal-lr 0 --ros-num-steps 256 --ros-update-epochs 16 --ros-target-kl 0.05 --ros-clip-coef 0.3 --ros-lambda 0 -ros-lr 0.001 --ros-anneal-lr 0 --se 1 --se-freq 1 --se-lr 1e-3 --se-epochs 1000 --policy-path policies/Hopper-v4/best_model.zip --normalization-dir policies/Hopper-v4
Obtaining file:///var/lib/condor/execute/slot1/dir_394797/PPOROS/PPOROS/custom-envs
  Preparing metadata (setup.py): started
  Preparing metadata (setup.py): finished with status 'done'
Requirement already satisfied: gym in /var/lib/condor/execute/slot1/dir_394797/PPOROS/ppo-ros_env/lib/python3.9/site-packages (from custom-envs==0.0.1) (0.21.0)
Requirement already satisfied: numpy>=1.18.0 in /var/lib/condor/execute/slot1/dir_394797/PPOROS/ppo-ros_env/lib/python3.9/site-packages (from gym->custom-envs==0.0.1) (1.24.2)
Requirement already satisfied: cloudpickle>=1.2.0 in /var/lib/condor/execute/slot1/dir_394797/PPOROS/ppo-ros_env/lib/python3.9/site-packages (from gym->custom-envs==0.0.1) (2.2.1)
Installing collected packages: custom-envs
  Running setup.py develop for custom-envs
Successfully installed custom-envs-0.0.1
seed: 2
Eval num_timesteps=0, episode_reward=nan +/- nan
Eval num_timesteps=0, episode_success=nan +/- nan
se
1 1024 1024
diff [-0.008282311260700226]
ref [0.07980556786060333]
[0.0715232565999031]
Training time: 20 	steps per sec: 50
Eval num_timesteps=1024, episode_reward=nan +/- nan
Eval num_timesteps=1024, episode_success=nan +/- nan
se
2 2048 1024
diff [-0.008282311260700226, -0.006055828183889389]
ref [0.07980556786060333, 0.04056379944086075]
[0.0715232565999031, 0.03450797125697136]
Training time: 43 	steps per sec: 47
Eval num_timesteps=2048, episode_reward=nan +/- nan
Eval num_timesteps=2048, episode_success=nan +/- nan
se
3 3072 1024
diff [-0.008282311260700226, -0.006055828183889389, -0.006455348804593086]
ref [0.07980556786060333, 0.04056379944086075, 0.034678321331739426]
[0.0715232565999031, 0.03450797125697136, 0.02822297252714634]
Training time: 82 	steps per sec: 37
Eval num_timesteps=3072, episode_reward=nan +/- nan
Eval num_timesteps=3072, episode_success=nan +/- nan
se
4 4096 1024
diff [-0.008282311260700226, -0.006055828183889389, -0.006455348804593086, -0.006154956296086311]
ref [0.07980556786060333, 0.04056379944086075, 0.034678321331739426, 0.02380966953933239]
[0.0715232565999031, 0.03450797125697136, 0.02822297252714634, 0.01765471324324608]
Training time: 126 	steps per sec: 32
Eval num_timesteps=4096, episode_reward=nan +/- nan
Eval num_timesteps=4096, episode_success=nan +/- nan
se
5 5120 1024
diff [-0.008282311260700226, -0.006055828183889389, -0.006455348804593086, -0.006154956296086311, -0.009937137365341187]
ref [0.07980556786060333, 0.04056379944086075, 0.034678321331739426, 0.02380966953933239, 0.021750202402472496]
[0.0715232565999031, 0.03450797125697136, 0.02822297252714634, 0.01765471324324608, 0.01181306503713131]
Training time: 189 	steps per sec: 26
Eval num_timesteps=5120, episode_reward=nan +/- nan
Eval num_timesteps=5120, episode_success=nan +/- nan
se
6 6144 1024
diff [-0.008282311260700226, -0.006055828183889389, -0.006455348804593086, -0.006154956296086311, -0.009937137365341187, -0.007873743772506714]
ref [0.07980556786060333, 0.04056379944086075, 0.034678321331739426, 0.02380966953933239, 0.021750202402472496, 0.01688842475414276]
[0.0715232565999031, 0.03450797125697136, 0.02822297252714634, 0.01765471324324608, 0.01181306503713131, 0.009014680981636047]
Training time: 255 	steps per sec: 24
Eval num_timesteps=6144, episode_reward=nan +/- nan
Eval num_timesteps=6144, episode_success=nan +/- nan
se
7 7168 1024
diff [-0.008282311260700226, -0.006055828183889389, -0.006455348804593086, -0.006154956296086311, -0.009937137365341187, -0.007873743772506714, -0.007489847019314766]
ref [0.07980556786060333, 0.04056379944086075, 0.034678321331739426, 0.02380966953933239, 0.021750202402472496, 0.01688842475414276, 0.01531858928501606]
[0.0715232565999031, 0.03450797125697136, 0.02822297252714634, 0.01765471324324608, 0.01181306503713131, 0.009014680981636047, 0.007828742265701294]
Training time: 329 	steps per sec: 21
Eval num_timesteps=7168, episode_reward=nan +/- nan
Eval num_timesteps=7168, episode_success=nan +/- nan
se
8 8192 1024
diff [-0.008282311260700226, -0.006055828183889389, -0.006455348804593086, -0.006154956296086311, -0.009937137365341187, -0.007873743772506714, -0.007489847019314766, -0.0036956090480089188]
ref [0.07980556786060333, 0.04056379944086075, 0.034678321331739426, 0.02380966953933239, 0.021750202402472496, 0.01688842475414276, 0.01531858928501606, 0.012243946082890034]
[0.0715232565999031, 0.03450797125697136, 0.02822297252714634, 0.01765471324324608, 0.01181306503713131, 0.009014680981636047, 0.007828742265701294, 0.008548337034881115]
Training time: 419 	steps per sec: 19
Eval num_timesteps=8192, episode_reward=nan +/- nan
Eval num_timesteps=8192, episode_success=nan +/- nan
se
9 9216 1024
diff [-0.008282311260700226, -0.006055828183889389, -0.006455348804593086, -0.006154956296086311, -0.009937137365341187, -0.007873743772506714, -0.007489847019314766, -0.0036956090480089188, -0.0040753185749053955]
ref [0.07980556786060333, 0.04056379944086075, 0.034678321331739426, 0.02380966953933239, 0.021750202402472496, 0.01688842475414276, 0.01531858928501606, 0.012243946082890034, 0.01222017128020525]
[0.0715232565999031, 0.03450797125697136, 0.02822297252714634, 0.01765471324324608, 0.01181306503713131, 0.009014680981636047, 0.007828742265701294, 0.008548337034881115, 0.008144852705299854]
Training time: 516 	steps per sec: 17
Eval num_timesteps=9216, episode_reward=nan +/- nan
Eval num_timesteps=9216, episode_success=nan +/- nan
se
10 10240 1024
diff [-0.008282311260700226, -0.006055828183889389, -0.006455348804593086, -0.006154956296086311, -0.009937137365341187, -0.007873743772506714, -0.007489847019314766, -0.0036956090480089188, -0.0040753185749053955, -0.00466673169285059]
ref [0.07980556786060333, 0.04056379944086075, 0.034678321331739426, 0.02380966953933239, 0.021750202402472496, 0.01688842475414276, 0.01531858928501606, 0.012243946082890034, 0.01222017128020525, 0.011627502739429474]
[0.0715232565999031, 0.03450797125697136, 0.02822297252714634, 0.01765471324324608, 0.01181306503713131, 0.009014680981636047, 0.007828742265701294, 0.008548337034881115, 0.008144852705299854, 0.006960771046578884]
Training time: 628 	steps per sec: 16
Eval num_timesteps=10240, episode_reward=nan +/- nan
Eval num_timesteps=10240, episode_success=nan +/- nan
se
11 11264 1024
diff [-0.008282311260700226, -0.006055828183889389, -0.006455348804593086, -0.006154956296086311, -0.009937137365341187, -0.007873743772506714, -0.007489847019314766, -0.0036956090480089188, -0.0040753185749053955, -0.00466673169285059, -0.0035876641049981117]
ref [0.07980556786060333, 0.04056379944086075, 0.034678321331739426, 0.02380966953933239, 0.021750202402472496, 0.01688842475414276, 0.01531858928501606, 0.012243946082890034, 0.01222017128020525, 0.011627502739429474, 0.01013769581913948]
[0.0715232565999031, 0.03450797125697136, 0.02822297252714634, 0.01765471324324608, 0.01181306503713131, 0.009014680981636047, 0.007828742265701294, 0.008548337034881115, 0.008144852705299854, 0.006960771046578884, 0.006550031714141369]
Training time: 743 	steps per sec: 15
Eval num_timesteps=11264, episode_reward=nan +/- nan
Eval num_timesteps=11264, episode_success=nan +/- nan
se
12 12288 1024
diff [-0.008282311260700226, -0.006055828183889389, -0.006455348804593086, -0.006154956296086311, -0.009937137365341187, -0.007873743772506714, -0.007489847019314766, -0.0036956090480089188, -0.0040753185749053955, -0.00466673169285059, -0.0035876641049981117, -0.0024631558917462826]
ref [0.07980556786060333, 0.04056379944086075, 0.034678321331739426, 0.02380966953933239, 0.021750202402472496, 0.01688842475414276, 0.01531858928501606, 0.012243946082890034, 0.01222017128020525, 0.011627502739429474, 0.01013769581913948, 0.008222606033086777]
[0.0715232565999031, 0.03450797125697136, 0.02822297252714634, 0.01765471324324608, 0.01181306503713131, 0.009014680981636047, 0.007828742265701294, 0.008548337034881115, 0.008144852705299854, 0.006960771046578884, 0.006550031714141369, 0.005759450141340494]
Training time: 868 	steps per sec: 14
Eval num_timesteps=12288, episode_reward=nan +/- nan
Eval num_timesteps=12288, episode_success=nan +/- nan
se
13 13312 1024
diff [-0.008282311260700226, -0.006055828183889389, -0.006455348804593086, -0.006154956296086311, -0.009937137365341187, -0.007873743772506714, -0.007489847019314766, -0.0036956090480089188, -0.0040753185749053955, -0.00466673169285059, -0.0035876641049981117, -0.0024631558917462826, -0.0028851120732724667]
ref [0.07980556786060333, 0.04056379944086075, 0.034678321331739426, 0.02380966953933239, 0.021750202402472496, 0.01688842475414276, 0.01531858928501606, 0.012243946082890034, 0.01222017128020525, 0.011627502739429474, 0.01013769581913948, 0.008222606033086777, 0.008131934329867363]
[0.0715232565999031, 0.03450797125697136, 0.02822297252714634, 0.01765471324324608, 0.01181306503713131, 0.009014680981636047, 0.007828742265701294, 0.008548337034881115, 0.008144852705299854, 0.006960771046578884, 0.006550031714141369, 0.005759450141340494, 0.005246822256594896]
Training time: 997 	steps per sec: 13
Eval num_timesteps=13312, episode_reward=nan +/- nan
Eval num_timesteps=13312, episode_success=nan +/- nan
se
14 14336 1024
diff [-0.008282311260700226, -0.006055828183889389, -0.006455348804593086, -0.006154956296086311, -0.009937137365341187, -0.007873743772506714, -0.007489847019314766, -0.0036956090480089188, -0.0040753185749053955, -0.00466673169285059, -0.0035876641049981117, -0.0024631558917462826, -0.0028851120732724667, -0.0027817916125059128]
ref [0.07980556786060333, 0.04056379944086075, 0.034678321331739426, 0.02380966953933239, 0.021750202402472496, 0.01688842475414276, 0.01531858928501606, 0.012243946082890034, 0.01222017128020525, 0.011627502739429474, 0.01013769581913948, 0.008222606033086777, 0.008131934329867363, 0.00768861873075366]
[0.0715232565999031, 0.03450797125697136, 0.02822297252714634, 0.01765471324324608, 0.01181306503713131, 0.009014680981636047, 0.007828742265701294, 0.008548337034881115, 0.008144852705299854, 0.006960771046578884, 0.006550031714141369, 0.005759450141340494, 0.005246822256594896, 0.004906827118247747]
Training time: 1162 	steps per sec: 12
Eval num_timesteps=14336, episode_reward=nan +/- nan
Eval num_timesteps=14336, episode_success=nan +/- nan
se
15 15360 1024
diff [-0.008282311260700226, -0.006055828183889389, -0.006455348804593086, -0.006154956296086311, -0.009937137365341187, -0.007873743772506714, -0.007489847019314766, -0.0036956090480089188, -0.0040753185749053955, -0.00466673169285059, -0.0035876641049981117, -0.0024631558917462826, -0.0028851120732724667, -0.0027817916125059128, -0.002357419580221176]
ref [0.07980556786060333, 0.04056379944086075, 0.034678321331739426, 0.02380966953933239, 0.021750202402472496, 0.01688842475414276, 0.01531858928501606, 0.012243946082890034, 0.01222017128020525, 0.011627502739429474, 0.01013769581913948, 0.008222606033086777, 0.008131934329867363, 0.00768861873075366, 0.00654876884073019]
[0.0715232565999031, 0.03450797125697136, 0.02822297252714634, 0.01765471324324608, 0.01181306503713131, 0.009014680981636047, 0.007828742265701294, 0.008548337034881115, 0.008144852705299854, 0.006960771046578884, 0.006550031714141369, 0.005759450141340494, 0.005246822256594896, 0.004906827118247747, 0.004191349260509014]
Training time: 1316 	steps per sec: 11
Eval num_timesteps=15360, episode_reward=nan +/- nan
Eval num_timesteps=15360, episode_success=nan +/- nan
se
16 16384 1024
diff [-0.008282311260700226, -0.006055828183889389, -0.006455348804593086, -0.006154956296086311, -0.009937137365341187, -0.007873743772506714, -0.007489847019314766, -0.0036956090480089188, -0.0040753185749053955, -0.00466673169285059, -0.0035876641049981117, -0.0024631558917462826, -0.0028851120732724667, -0.0027817916125059128, -0.002357419580221176, -0.0030545243062078953]
ref [0.07980556786060333, 0.04056379944086075, 0.034678321331739426, 0.02380966953933239, 0.021750202402472496, 0.01688842475414276, 0.01531858928501606, 0.012243946082890034, 0.01222017128020525, 0.011627502739429474, 0.01013769581913948, 0.008222606033086777, 0.008131934329867363, 0.00768861873075366, 0.00654876884073019, 0.007128795608878136]
[0.0715232565999031, 0.03450797125697136, 0.02822297252714634, 0.01765471324324608, 0.01181306503713131, 0.009014680981636047, 0.007828742265701294, 0.008548337034881115, 0.008144852705299854, 0.006960771046578884, 0.006550031714141369, 0.005759450141340494, 0.005246822256594896, 0.004906827118247747, 0.004191349260509014, 0.00407427130267024]
Training time: 1484 	steps per sec: 11
Eval num_timesteps=16384, episode_reward=nan +/- nan
Eval num_timesteps=16384, episode_success=nan +/- nan
se
16 16384 1024
diff [-0.008282311260700226, -0.006055828183889389, -0.006455348804593086, -0.006154956296086311, -0.009937137365341187, -0.007873743772506714, -0.007489847019314766, -0.0036956090480089188, -0.0040753185749053955, -0.00466673169285059, -0.0035876641049981117, -0.0024631558917462826, -0.0028851120732724667, -0.0027817916125059128, -0.002357419580221176, -0.0030545243062078953, -0.0024967333301901817]
ref [0.07980556786060333, 0.04056379944086075, 0.034678321331739426, 0.02380966953933239, 0.021750202402472496, 0.01688842475414276, 0.01531858928501606, 0.012243946082890034, 0.01222017128020525, 0.011627502739429474, 0.01013769581913948, 0.008222606033086777, 0.008131934329867363, 0.00768861873075366, 0.00654876884073019, 0.007128795608878136, 0.006741123273968697]
[0.0715232565999031, 0.03450797125697136, 0.02822297252714634, 0.01765471324324608, 0.01181306503713131, 0.009014680981636047, 0.007828742265701294, 0.008548337034881115, 0.008144852705299854, 0.006960771046578884, 0.006550031714141369, 0.005759450141340494, 0.005246822256594896, 0.004906827118247747, 0.004191349260509014, 0.00407427130267024, 0.004244389943778515]
Training time: 1666 	steps per sec: 10
Eval num_timesteps=17408, episode_reward=nan +/- nan
Eval num_timesteps=17408, episode_success=nan +/- nan
se
16 16384 1024
diff [-0.008282311260700226, -0.006055828183889389, -0.006455348804593086, -0.006154956296086311, -0.009937137365341187, -0.007873743772506714, -0.007489847019314766, -0.0036956090480089188, -0.0040753185749053955, -0.00466673169285059, -0.0035876641049981117, -0.0024631558917462826, -0.0028851120732724667, -0.0027817916125059128, -0.002357419580221176, -0.0030545243062078953, -0.0024967333301901817, -0.0024391254410147667]
ref [0.07980556786060333, 0.04056379944086075, 0.034678321331739426, 0.02380966953933239, 0.021750202402472496, 0.01688842475414276, 0.01531858928501606, 0.012243946082890034, 0.01222017128020525, 0.011627502739429474, 0.01013769581913948, 0.008222606033086777, 0.008131934329867363, 0.00768861873075366, 0.00654876884073019, 0.007128795608878136, 0.006741123273968697, 0.006510043982416391]
[0.0715232565999031, 0.03450797125697136, 0.02822297252714634, 0.01765471324324608, 0.01181306503713131, 0.009014680981636047, 0.007828742265701294, 0.008548337034881115, 0.008144852705299854, 0.006960771046578884, 0.006550031714141369, 0.005759450141340494, 0.005246822256594896, 0.004906827118247747, 0.004191349260509014, 0.00407427130267024, 0.004244389943778515, 0.004070918541401625]
Training time: 1863 	steps per sec: 9
Eval num_timesteps=18432, episode_reward=nan +/- nan
Eval num_timesteps=18432, episode_success=nan +/- nan
se
16 16384 1024
diff [-0.008282311260700226, -0.006055828183889389, -0.006455348804593086, -0.006154956296086311, -0.009937137365341187, -0.007873743772506714, -0.007489847019314766, -0.0036956090480089188, -0.0040753185749053955, -0.00466673169285059, -0.0035876641049981117, -0.0024631558917462826, -0.0028851120732724667, -0.0027817916125059128, -0.002357419580221176, -0.0030545243062078953, -0.0024967333301901817, -0.0024391254410147667, -0.0028582876548171043]
ref [0.07980556786060333, 0.04056379944086075, 0.034678321331739426, 0.02380966953933239, 0.021750202402472496, 0.01688842475414276, 0.01531858928501606, 0.012243946082890034, 0.01222017128020525, 0.011627502739429474, 0.01013769581913948, 0.008222606033086777, 0.008131934329867363, 0.00768861873075366, 0.00654876884073019, 0.007128795608878136, 0.006741123273968697, 0.006510043982416391, 0.006961029954254627]
[0.0715232565999031, 0.03450797125697136, 0.02822297252714634, 0.01765471324324608, 0.01181306503713131, 0.009014680981636047, 0.007828742265701294, 0.008548337034881115, 0.008144852705299854, 0.006960771046578884, 0.006550031714141369, 0.005759450141340494, 0.005246822256594896, 0.004906827118247747, 0.004191349260509014, 0.00407427130267024, 0.004244389943778515, 0.004070918541401625, 0.004102742299437523]
Training time: 2062 	steps per sec: 9
Eval num_timesteps=19456, episode_reward=nan +/- nan
Eval num_timesteps=19456, episode_success=nan +/- nan
se
16 16384 1024
diff [-0.008282311260700226, -0.006055828183889389, -0.006455348804593086, -0.006154956296086311, -0.009937137365341187, -0.007873743772506714, -0.007489847019314766, -0.0036956090480089188, -0.0040753185749053955, -0.00466673169285059, -0.0035876641049981117, -0.0024631558917462826, -0.0028851120732724667, -0.0027817916125059128, -0.002357419580221176, -0.0030545243062078953, -0.0024967333301901817, -0.0024391254410147667, -0.0028582876548171043, -0.0031396858394145966]
ref [0.07980556786060333, 0.04056379944086075, 0.034678321331739426, 0.02380966953933239, 0.021750202402472496, 0.01688842475414276, 0.01531858928501606, 0.012243946082890034, 0.01222017128020525, 0.011627502739429474, 0.01013769581913948, 0.008222606033086777, 0.008131934329867363, 0.00768861873075366, 0.00654876884073019, 0.007128795608878136, 0.006741123273968697, 0.006510043982416391, 0.006961029954254627, 0.00737930228933692]
[0.0715232565999031, 0.03450797125697136, 0.02822297252714634, 0.01765471324324608, 0.01181306503713131, 0.009014680981636047, 0.007828742265701294, 0.008548337034881115, 0.008144852705299854, 0.006960771046578884, 0.006550031714141369, 0.005759450141340494, 0.005246822256594896, 0.004906827118247747, 0.004191349260509014, 0.00407427130267024, 0.004244389943778515, 0.004070918541401625, 0.004102742299437523, 0.004239616449922323]
Training time: 2249 	steps per sec: 9
Eval num_timesteps=20480, episode_reward=nan +/- nan
Eval num_timesteps=20480, episode_success=nan +/- nan
se
16 16384 1024
diff [-0.008282311260700226, -0.006055828183889389, -0.006455348804593086, -0.006154956296086311, -0.009937137365341187, -0.007873743772506714, -0.007489847019314766, -0.0036956090480089188, -0.0040753185749053955, -0.00466673169285059, -0.0035876641049981117, -0.0024631558917462826, -0.0028851120732724667, -0.0027817916125059128, -0.002357419580221176, -0.0030545243062078953, -0.0024967333301901817, -0.0024391254410147667, -0.0028582876548171043, -0.0031396858394145966, -0.001939582172781229]
ref [0.07980556786060333, 0.04056379944086075, 0.034678321331739426, 0.02380966953933239, 0.021750202402472496, 0.01688842475414276, 0.01531858928501606, 0.012243946082890034, 0.01222017128020525, 0.011627502739429474, 0.01013769581913948, 0.008222606033086777, 0.008131934329867363, 0.00768861873075366, 0.00654876884073019, 0.007128795608878136, 0.006741123273968697, 0.006510043982416391, 0.006961029954254627, 0.00737930228933692, 0.00603371299803257]
[0.0715232565999031, 0.03450797125697136, 0.02822297252714634, 0.01765471324324608, 0.01181306503713131, 0.009014680981636047, 0.007828742265701294, 0.008548337034881115, 0.008144852705299854, 0.006960771046578884, 0.006550031714141369, 0.005759450141340494, 0.005246822256594896, 0.004906827118247747, 0.004191349260509014, 0.00407427130267024, 0.004244389943778515, 0.004070918541401625, 0.004102742299437523, 0.004239616449922323, 0.004094130825251341]
Training time: 2391 	steps per sec: 8
Eval num_timesteps=21504, episode_reward=nan +/- nan
Eval num_timesteps=21504, episode_success=nan +/- nan
se
16 16384 1024
diff [-0.008282311260700226, -0.006055828183889389, -0.006455348804593086, -0.006154956296086311, -0.009937137365341187, -0.007873743772506714, -0.007489847019314766, -0.0036956090480089188, -0.0040753185749053955, -0.00466673169285059, -0.0035876641049981117, -0.0024631558917462826, -0.0028851120732724667, -0.0027817916125059128, -0.002357419580221176, -0.0030545243062078953, -0.0024967333301901817, -0.0024391254410147667, -0.0028582876548171043, -0.0031396858394145966, -0.001939582172781229, -0.0032671326771378517]
ref [0.07980556786060333, 0.04056379944086075, 0.034678321331739426, 0.02380966953933239, 0.021750202402472496, 0.01688842475414276, 0.01531858928501606, 0.012243946082890034, 0.01222017128020525, 0.011627502739429474, 0.01013769581913948, 0.008222606033086777, 0.008131934329867363, 0.00768861873075366, 0.00654876884073019, 0.007128795608878136, 0.006741123273968697, 0.006510043982416391, 0.006961029954254627, 0.00737930228933692, 0.00603371299803257, 0.0071261292323470116]
[0.0715232565999031, 0.03450797125697136, 0.02822297252714634, 0.01765471324324608, 0.01181306503713131, 0.009014680981636047, 0.007828742265701294, 0.008548337034881115, 0.008144852705299854, 0.006960771046578884, 0.006550031714141369, 0.005759450141340494, 0.005246822256594896, 0.004906827118247747, 0.004191349260509014, 0.00407427130267024, 0.004244389943778515, 0.004070918541401625, 0.004102742299437523, 0.004239616449922323, 0.004094130825251341, 0.00385899655520916]
Training time: 2533 	steps per sec: 8
Eval num_timesteps=22528, episode_reward=nan +/- nan
Eval num_timesteps=22528, episode_success=nan +/- nan
se
16 16384 1024
diff [-0.008282311260700226, -0.006055828183889389, -0.006455348804593086, -0.006154956296086311, -0.009937137365341187, -0.007873743772506714, -0.007489847019314766, -0.0036956090480089188, -0.0040753185749053955, -0.00466673169285059, -0.0035876641049981117, -0.0024631558917462826, -0.0028851120732724667, -0.0027817916125059128, -0.002357419580221176, -0.0030545243062078953, -0.0024967333301901817, -0.0024391254410147667, -0.0028582876548171043, -0.0031396858394145966, -0.001939582172781229, -0.0032671326771378517, -0.003866915125399828]
ref [0.07980556786060333, 0.04056379944086075, 0.034678321331739426, 0.02380966953933239, 0.021750202402472496, 0.01688842475414276, 0.01531858928501606, 0.012243946082890034, 0.01222017128020525, 0.011627502739429474, 0.01013769581913948, 0.008222606033086777, 0.008131934329867363, 0.00768861873075366, 0.00654876884073019, 0.007128795608878136, 0.006741123273968697, 0.006510043982416391, 0.006961029954254627, 0.00737930228933692, 0.00603371299803257, 0.0071261292323470116, 0.007747463881969452]
[0.0715232565999031, 0.03450797125697136, 0.02822297252714634, 0.01765471324324608, 0.01181306503713131, 0.009014680981636047, 0.007828742265701294, 0.008548337034881115, 0.008144852705299854, 0.006960771046578884, 0.006550031714141369, 0.005759450141340494, 0.005246822256594896, 0.004906827118247747, 0.004191349260509014, 0.00407427130267024, 0.004244389943778515, 0.004070918541401625, 0.004102742299437523, 0.004239616449922323, 0.004094130825251341, 0.00385899655520916, 0.003880548756569624]
Training time: 2674 	steps per sec: 8
Eval num_timesteps=23552, episode_reward=nan +/- nan
Eval num_timesteps=23552, episode_success=nan +/- nan
se
16 16384 1024
diff [-0.008282311260700226, -0.006055828183889389, -0.006455348804593086, -0.006154956296086311, -0.009937137365341187, -0.007873743772506714, -0.007489847019314766, -0.0036956090480089188, -0.0040753185749053955, -0.00466673169285059, -0.0035876641049981117, -0.0024631558917462826, -0.0028851120732724667, -0.0027817916125059128, -0.002357419580221176, -0.0030545243062078953, -0.0024967333301901817, -0.0024391254410147667, -0.0028582876548171043, -0.0031396858394145966, -0.001939582172781229, -0.0032671326771378517, -0.003866915125399828, -0.0028563644737005234]
ref [0.07980556786060333, 0.04056379944086075, 0.034678321331739426, 0.02380966953933239, 0.021750202402472496, 0.01688842475414276, 0.01531858928501606, 0.012243946082890034, 0.01222017128020525, 0.011627502739429474, 0.01013769581913948, 0.008222606033086777, 0.008131934329867363, 0.00768861873075366, 0.00654876884073019, 0.007128795608878136, 0.006741123273968697, 0.006510043982416391, 0.006961029954254627, 0.00737930228933692, 0.00603371299803257, 0.0071261292323470116, 0.007747463881969452, 0.006708957254886627]
[0.0715232565999031, 0.03450797125697136, 0.02822297252714634, 0.01765471324324608, 0.01181306503713131, 0.009014680981636047, 0.007828742265701294, 0.008548337034881115, 0.008144852705299854, 0.006960771046578884, 0.006550031714141369, 0.005759450141340494, 0.005246822256594896, 0.004906827118247747, 0.004191349260509014, 0.00407427130267024, 0.004244389943778515, 0.004070918541401625, 0.004102742299437523, 0.004239616449922323, 0.004094130825251341, 0.00385899655520916, 0.003880548756569624, 0.003852592781186104]
Training time: 2817 	steps per sec: 8
Eval num_timesteps=24576, episode_reward=nan +/- nan
Eval num_timesteps=24576, episode_success=nan +/- nan
se
16 16384 1024
diff [-0.008282311260700226, -0.006055828183889389, -0.006455348804593086, -0.006154956296086311, -0.009937137365341187, -0.007873743772506714, -0.007489847019314766, -0.0036956090480089188, -0.0040753185749053955, -0.00466673169285059, -0.0035876641049981117, -0.0024631558917462826, -0.0028851120732724667, -0.0027817916125059128, -0.002357419580221176, -0.0030545243062078953, -0.0024967333301901817, -0.0024391254410147667, -0.0028582876548171043, -0.0031396858394145966, -0.001939582172781229, -0.0032671326771378517, -0.003866915125399828, -0.0028563644737005234, -0.003473058808594942]
ref [0.07980556786060333, 0.04056379944086075, 0.034678321331739426, 0.02380966953933239, 0.021750202402472496, 0.01688842475414276, 0.01531858928501606, 0.012243946082890034, 0.01222017128020525, 0.011627502739429474, 0.01013769581913948, 0.008222606033086777, 0.008131934329867363, 0.00768861873075366, 0.00654876884073019, 0.007128795608878136, 0.006741123273968697, 0.006510043982416391, 0.006961029954254627, 0.00737930228933692, 0.00603371299803257, 0.0071261292323470116, 0.007747463881969452, 0.006708957254886627, 0.007371493615210056]
[0.0715232565999031, 0.03450797125697136, 0.02822297252714634, 0.01765471324324608, 0.01181306503713131, 0.009014680981636047, 0.007828742265701294, 0.008548337034881115, 0.008144852705299854, 0.006960771046578884, 0.006550031714141369, 0.005759450141340494, 0.005246822256594896, 0.004906827118247747, 0.004191349260509014, 0.00407427130267024, 0.004244389943778515, 0.004070918541401625, 0.004102742299437523, 0.004239616449922323, 0.004094130825251341, 0.00385899655520916, 0.003880548756569624, 0.003852592781186104, 0.003898434806615114]
Training time: 2956 	steps per sec: 8
Eval num_timesteps=25600, episode_reward=nan +/- nan
Eval num_timesteps=25600, episode_success=nan +/- nan
se
16 16384 1024
diff [-0.008282311260700226, -0.006055828183889389, -0.006455348804593086, -0.006154956296086311, -0.009937137365341187, -0.007873743772506714, -0.007489847019314766, -0.0036956090480089188, -0.0040753185749053955, -0.00466673169285059, -0.0035876641049981117, -0.0024631558917462826, -0.0028851120732724667, -0.0027817916125059128, -0.002357419580221176, -0.0030545243062078953, -0.0024967333301901817, -0.0024391254410147667, -0.0028582876548171043, -0.0031396858394145966, -0.001939582172781229, -0.0032671326771378517, -0.003866915125399828, -0.0028563644737005234, -0.003473058808594942, -0.00407314975745976]
ref [0.07980556786060333, 0.04056379944086075, 0.034678321331739426, 0.02380966953933239, 0.021750202402472496, 0.01688842475414276, 0.01531858928501606, 0.012243946082890034, 0.01222017128020525, 0.011627502739429474, 0.01013769581913948, 0.008222606033086777, 0.008131934329867363, 0.00768861873075366, 0.00654876884073019, 0.007128795608878136, 0.006741123273968697, 0.006510043982416391, 0.006961029954254627, 0.00737930228933692, 0.00603371299803257, 0.0071261292323470116, 0.007747463881969452, 0.006708957254886627, 0.007371493615210056, 0.007619672454893589]
[0.0715232565999031, 0.03450797125697136, 0.02822297252714634, 0.01765471324324608, 0.01181306503713131, 0.009014680981636047, 0.007828742265701294, 0.008548337034881115, 0.008144852705299854, 0.006960771046578884, 0.006550031714141369, 0.005759450141340494, 0.005246822256594896, 0.004906827118247747, 0.004191349260509014, 0.00407427130267024, 0.004244389943778515, 0.004070918541401625, 0.004102742299437523, 0.004239616449922323, 0.004094130825251341, 0.00385899655520916, 0.003880548756569624, 0.003852592781186104, 0.003898434806615114, 0.0035465226974338293]
Training time: 3097 	steps per sec: 8
Eval num_timesteps=26624, episode_reward=nan +/- nan
Eval num_timesteps=26624, episode_success=nan +/- nan
se
16 16384 1024
diff [-0.008282311260700226, -0.006055828183889389, -0.006455348804593086, -0.006154956296086311, -0.009937137365341187, -0.007873743772506714, -0.007489847019314766, -0.0036956090480089188, -0.0040753185749053955, -0.00466673169285059, -0.0035876641049981117, -0.0024631558917462826, -0.0028851120732724667, -0.0027817916125059128, -0.002357419580221176, -0.0030545243062078953, -0.0024967333301901817, -0.0024391254410147667, -0.0028582876548171043, -0.0031396858394145966, -0.001939582172781229, -0.0032671326771378517, -0.003866915125399828, -0.0028563644737005234, -0.003473058808594942, -0.00407314975745976, -0.0045269750989973545]
ref [0.07980556786060333, 0.04056379944086075, 0.034678321331739426, 0.02380966953933239, 0.021750202402472496, 0.01688842475414276, 0.01531858928501606, 0.012243946082890034, 0.01222017128020525, 0.011627502739429474, 0.01013769581913948, 0.008222606033086777, 0.008131934329867363, 0.00768861873075366, 0.00654876884073019, 0.007128795608878136, 0.006741123273968697, 0.006510043982416391, 0.006961029954254627, 0.00737930228933692, 0.00603371299803257, 0.0071261292323470116, 0.007747463881969452, 0.006708957254886627, 0.007371493615210056, 0.007619672454893589, 0.008142109028995037]
[0.0715232565999031, 0.03450797125697136, 0.02822297252714634, 0.01765471324324608, 0.01181306503713131, 0.009014680981636047, 0.007828742265701294, 0.008548337034881115, 0.008144852705299854, 0.006960771046578884, 0.006550031714141369, 0.005759450141340494, 0.005246822256594896, 0.004906827118247747, 0.004191349260509014, 0.00407427130267024, 0.004244389943778515, 0.004070918541401625, 0.004102742299437523, 0.004239616449922323, 0.004094130825251341, 0.00385899655520916, 0.003880548756569624, 0.003852592781186104, 0.003898434806615114, 0.0035465226974338293, 0.0036151339299976826]
Training time: 3243 	steps per sec: 8
Eval num_timesteps=27648, episode_reward=nan +/- nan
Eval num_timesteps=27648, episode_success=nan +/- nan
se
16 16384 1024
diff [-0.008282311260700226, -0.006055828183889389, -0.006455348804593086, -0.006154956296086311, -0.009937137365341187, -0.007873743772506714, -0.007489847019314766, -0.0036956090480089188, -0.0040753185749053955, -0.00466673169285059, -0.0035876641049981117, -0.0024631558917462826, -0.0028851120732724667, -0.0027817916125059128, -0.002357419580221176, -0.0030545243062078953, -0.0024967333301901817, -0.0024391254410147667, -0.0028582876548171043, -0.0031396858394145966, -0.001939582172781229, -0.0032671326771378517, -0.003866915125399828, -0.0028563644737005234, -0.003473058808594942, -0.00407314975745976, -0.0045269750989973545, -0.0026473472826182842]
ref [0.07980556786060333, 0.04056379944086075, 0.034678321331739426, 0.02380966953933239, 0.021750202402472496, 0.01688842475414276, 0.01531858928501606, 0.012243946082890034, 0.01222017128020525, 0.011627502739429474, 0.01013769581913948, 0.008222606033086777, 0.008131934329867363, 0.00768861873075366, 0.00654876884073019, 0.007128795608878136, 0.006741123273968697, 0.006510043982416391, 0.006961029954254627, 0.00737930228933692, 0.00603371299803257, 0.0071261292323470116, 0.007747463881969452, 0.006708957254886627, 0.007371493615210056, 0.007619672454893589, 0.008142109028995037, 0.006696293596178293]
[0.0715232565999031, 0.03450797125697136, 0.02822297252714634, 0.01765471324324608, 0.01181306503713131, 0.009014680981636047, 0.007828742265701294, 0.008548337034881115, 0.008144852705299854, 0.006960771046578884, 0.006550031714141369, 0.005759450141340494, 0.005246822256594896, 0.004906827118247747, 0.004191349260509014, 0.00407427130267024, 0.004244389943778515, 0.004070918541401625, 0.004102742299437523, 0.004239616449922323, 0.004094130825251341, 0.00385899655520916, 0.003880548756569624, 0.003852592781186104, 0.003898434806615114, 0.0035465226974338293, 0.0036151339299976826, 0.004048946313560009]
Training time: 3398 	steps per sec: 8
Eval num_timesteps=28672, episode_reward=nan +/- nan
Eval num_timesteps=28672, episode_success=nan +/- nan
se
16 16384 1024
diff [-0.008282311260700226, -0.006055828183889389, -0.006455348804593086, -0.006154956296086311, -0.009937137365341187, -0.007873743772506714, -0.007489847019314766, -0.0036956090480089188, -0.0040753185749053955, -0.00466673169285059, -0.0035876641049981117, -0.0024631558917462826, -0.0028851120732724667, -0.0027817916125059128, -0.002357419580221176, -0.0030545243062078953, -0.0024967333301901817, -0.0024391254410147667, -0.0028582876548171043, -0.0031396858394145966, -0.001939582172781229, -0.0032671326771378517, -0.003866915125399828, -0.0028563644737005234, -0.003473058808594942, -0.00407314975745976, -0.0045269750989973545, -0.0026473472826182842, -0.0034801713190972805]
ref [0.07980556786060333, 0.04056379944086075, 0.034678321331739426, 0.02380966953933239, 0.021750202402472496, 0.01688842475414276, 0.01531858928501606, 0.012243946082890034, 0.01222017128020525, 0.011627502739429474, 0.01013769581913948, 0.008222606033086777, 0.008131934329867363, 0.00768861873075366, 0.00654876884073019, 0.007128795608878136, 0.006741123273968697, 0.006510043982416391, 0.006961029954254627, 0.00737930228933692, 0.00603371299803257, 0.0071261292323470116, 0.007747463881969452, 0.006708957254886627, 0.007371493615210056, 0.007619672454893589, 0.008142109028995037, 0.006696293596178293, 0.007740445900708437]
[0.0715232565999031, 0.03450797125697136, 0.02822297252714634, 0.01765471324324608, 0.01181306503713131, 0.009014680981636047, 0.007828742265701294, 0.008548337034881115, 0.008144852705299854, 0.006960771046578884, 0.006550031714141369, 0.005759450141340494, 0.005246822256594896, 0.004906827118247747, 0.004191349260509014, 0.00407427130267024, 0.004244389943778515, 0.004070918541401625, 0.004102742299437523, 0.004239616449922323, 0.004094130825251341, 0.00385899655520916, 0.003880548756569624, 0.003852592781186104, 0.003898434806615114, 0.0035465226974338293, 0.0036151339299976826, 0.004048946313560009, 0.0042602745816111565]
Training time: 3557 	steps per sec: 8
Eval num_timesteps=29696, episode_reward=nan +/- nan
Eval num_timesteps=29696, episode_success=nan +/- nan
se
16 16384 1024
diff [-0.008282311260700226, -0.006055828183889389, -0.006455348804593086, -0.006154956296086311, -0.009937137365341187, -0.007873743772506714, -0.007489847019314766, -0.0036956090480089188, -0.0040753185749053955, -0.00466673169285059, -0.0035876641049981117, -0.0024631558917462826, -0.0028851120732724667, -0.0027817916125059128, -0.002357419580221176, -0.0030545243062078953, -0.0024967333301901817, -0.0024391254410147667, -0.0028582876548171043, -0.0031396858394145966, -0.001939582172781229, -0.0032671326771378517, -0.003866915125399828, -0.0028563644737005234, -0.003473058808594942, -0.00407314975745976, -0.0045269750989973545, -0.0026473472826182842, -0.0034801713190972805, -0.0022943420335650444]
ref [0.07980556786060333, 0.04056379944086075, 0.034678321331739426, 0.02380966953933239, 0.021750202402472496, 0.01688842475414276, 0.01531858928501606, 0.012243946082890034, 0.01222017128020525, 0.011627502739429474, 0.01013769581913948, 0.008222606033086777, 0.008131934329867363, 0.00768861873075366, 0.00654876884073019, 0.007128795608878136, 0.006741123273968697, 0.006510043982416391, 0.006961029954254627, 0.00737930228933692, 0.00603371299803257, 0.0071261292323470116, 0.007747463881969452, 0.006708957254886627, 0.007371493615210056, 0.007619672454893589, 0.008142109028995037, 0.006696293596178293, 0.007740445900708437, 0.006680808961391449]
[0.0715232565999031, 0.03450797125697136, 0.02822297252714634, 0.01765471324324608, 0.01181306503713131, 0.009014680981636047, 0.007828742265701294, 0.008548337034881115, 0.008144852705299854, 0.006960771046578884, 0.006550031714141369, 0.005759450141340494, 0.005246822256594896, 0.004906827118247747, 0.004191349260509014, 0.00407427130267024, 0.004244389943778515, 0.004070918541401625, 0.004102742299437523, 0.004239616449922323, 0.004094130825251341, 0.00385899655520916, 0.003880548756569624, 0.003852592781186104, 0.003898434806615114, 0.0035465226974338293, 0.0036151339299976826, 0.004048946313560009, 0.0042602745816111565, 0.004386466927826405]
Training time: 3708 	steps per sec: 8
Eval num_timesteps=30720, episode_reward=nan +/- nan
Eval num_timesteps=30720, episode_success=nan +/- nan
se
16 16384 1024
diff [-0.008282311260700226, -0.006055828183889389, -0.006455348804593086, -0.006154956296086311, -0.009937137365341187, -0.007873743772506714, -0.007489847019314766, -0.0036956090480089188, -0.0040753185749053955, -0.00466673169285059, -0.0035876641049981117, -0.0024631558917462826, -0.0028851120732724667, -0.0027817916125059128, -0.002357419580221176, -0.0030545243062078953, -0.0024967333301901817, -0.0024391254410147667, -0.0028582876548171043, -0.0031396858394145966, -0.001939582172781229, -0.0032671326771378517, -0.003866915125399828, -0.0028563644737005234, -0.003473058808594942, -0.00407314975745976, -0.0045269750989973545, -0.0026473472826182842, -0.0034801713190972805, -0.0022943420335650444, -0.002128872089087963]
ref [0.07980556786060333, 0.04056379944086075, 0.034678321331739426, 0.02380966953933239, 0.021750202402472496, 0.01688842475414276, 0.01531858928501606, 0.012243946082890034, 0.01222017128020525, 0.011627502739429474, 0.01013769581913948, 0.008222606033086777, 0.008131934329867363, 0.00768861873075366, 0.00654876884073019, 0.007128795608878136, 0.006741123273968697, 0.006510043982416391, 0.006961029954254627, 0.00737930228933692, 0.00603371299803257, 0.0071261292323470116, 0.007747463881969452, 0.006708957254886627, 0.007371493615210056, 0.007619672454893589, 0.008142109028995037, 0.006696293596178293, 0.007740445900708437, 0.006680808961391449, 0.0068245697766542435]
[0.0715232565999031, 0.03450797125697136, 0.02822297252714634, 0.01765471324324608, 0.01181306503713131, 0.009014680981636047, 0.007828742265701294, 0.008548337034881115, 0.008144852705299854, 0.006960771046578884, 0.006550031714141369, 0.005759450141340494, 0.005246822256594896, 0.004906827118247747, 0.004191349260509014, 0.00407427130267024, 0.004244389943778515, 0.004070918541401625, 0.004102742299437523, 0.004239616449922323, 0.004094130825251341, 0.00385899655520916, 0.003880548756569624, 0.003852592781186104, 0.003898434806615114, 0.0035465226974338293, 0.0036151339299976826, 0.004048946313560009, 0.0042602745816111565, 0.004386466927826405, 0.00469569768756628]
Training time: 3860 	steps per sec: 8
Eval num_timesteps=31744, episode_reward=nan +/- nan
Eval num_timesteps=31744, episode_success=nan +/- nan
se
16 16384 1024
diff [-0.008282311260700226, -0.006055828183889389, -0.006455348804593086, -0.006154956296086311, -0.009937137365341187, -0.007873743772506714, -0.007489847019314766, -0.0036956090480089188, -0.0040753185749053955, -0.00466673169285059, -0.0035876641049981117, -0.0024631558917462826, -0.0028851120732724667, -0.0027817916125059128, -0.002357419580221176, -0.0030545243062078953, -0.0024967333301901817, -0.0024391254410147667, -0.0028582876548171043, -0.0031396858394145966, -0.001939582172781229, -0.0032671326771378517, -0.003866915125399828, -0.0028563644737005234, -0.003473058808594942, -0.00407314975745976, -0.0045269750989973545, -0.0026473472826182842, -0.0034801713190972805, -0.0022943420335650444, -0.002128872089087963, -0.0012525790371000767]
ref [0.07980556786060333, 0.04056379944086075, 0.034678321331739426, 0.02380966953933239, 0.021750202402472496, 0.01688842475414276, 0.01531858928501606, 0.012243946082890034, 0.01222017128020525, 0.011627502739429474, 0.01013769581913948, 0.008222606033086777, 0.008131934329867363, 0.00768861873075366, 0.00654876884073019, 0.007128795608878136, 0.006741123273968697, 0.006510043982416391, 0.006961029954254627, 0.00737930228933692, 0.00603371299803257, 0.0071261292323470116, 0.007747463881969452, 0.006708957254886627, 0.007371493615210056, 0.007619672454893589, 0.008142109028995037, 0.006696293596178293, 0.007740445900708437, 0.006680808961391449, 0.0068245697766542435, 0.006131982430815697]
[0.0715232565999031, 0.03450797125697136, 0.02822297252714634, 0.01765471324324608, 0.01181306503713131, 0.009014680981636047, 0.007828742265701294, 0.008548337034881115, 0.008144852705299854, 0.006960771046578884, 0.006550031714141369, 0.005759450141340494, 0.005246822256594896, 0.004906827118247747, 0.004191349260509014, 0.00407427130267024, 0.004244389943778515, 0.004070918541401625, 0.004102742299437523, 0.004239616449922323, 0.004094130825251341, 0.00385899655520916, 0.003880548756569624, 0.003852592781186104, 0.003898434806615114, 0.0035465226974338293, 0.0036151339299976826, 0.004048946313560009, 0.0042602745816111565, 0.004386466927826405, 0.00469569768756628, 0.00487940339371562]
Training time: 3998 	steps per sec: 8
Eval num_timesteps=32768, episode_reward=nan +/- nan
Eval num_timesteps=32768, episode_success=nan +/- nan
results/Hopper-v4/
results/Hopper-v4/ppo_ros/
results/Hopper-v4/ppo_ros/expert/
results/Hopper-v4/ppo_ros/expert/b_16/
results/Hopper-v4/ppo_ros/expert/b_16/no_lambda/
results/Hopper-v4/ppo_ros/expert/b_16/no_lambda/run_2/
results/Hopper-v4/ppo_ros/expert/b_16/no_lambda/run_2/evaluations.npz
results/Hopper-v4/ppo_ros/expert/b_16/no_lambda/run_2/config.yml
results/Hopper-v4/ppo_ros/expert/b_16/no_lambda/run_2/stats.npz
