ppo_ros_continuous.py --env-id HalfCheetah-v4 -s expert/b_16/no_clip --total-timesteps 32768 --eval-freq 1 --eval-episodes 0 -b 16 --num-steps 1024 -lr 0 --update-epochs 0 --anneal-lr 0 --ros-num-steps 256 --ros-update-epochs 16 --ros-target-kl 0.05 --ros-clip-coef 999999999 --ros-lambda 0.1 -ros-lr 0.001 --ros-anneal-lr 0 --se 1 --se-freq 1 --se-lr 1e-3 --se-epochs 1000 --policy-path policies/HalfCheetah-v4/best_model.zip --normalization-dir policies/HalfCheetah-v4
Obtaining file:///var/lib/condor/execute/slot1/dir_394859/PPOROS/PPOROS/custom-envs
  Preparing metadata (setup.py): started
  Preparing metadata (setup.py): finished with status 'done'
Requirement already satisfied: gym in /var/lib/condor/execute/slot1/dir_394859/PPOROS/ppo-ros_env/lib/python3.9/site-packages (from custom-envs==0.0.1) (0.21.0)
Requirement already satisfied: numpy>=1.18.0 in /var/lib/condor/execute/slot1/dir_394859/PPOROS/ppo-ros_env/lib/python3.9/site-packages (from gym->custom-envs==0.0.1) (1.24.2)
Requirement already satisfied: cloudpickle>=1.2.0 in /var/lib/condor/execute/slot1/dir_394859/PPOROS/ppo-ros_env/lib/python3.9/site-packages (from gym->custom-envs==0.0.1) (2.2.1)
Installing collected packages: custom-envs
  Running setup.py develop for custom-envs
Successfully installed custom-envs-0.0.1
seed: 4
Eval num_timesteps=0, episode_reward=nan +/- nan
Eval num_timesteps=0, episode_success=nan +/- nan
se
1 1024 1024
diff [0.021789222955703735]
ref [0.2988641560077667]
[0.32065337896347046]
Training time: 17 	steps per sec: 59
Eval num_timesteps=1024, episode_reward=nan +/- nan
Eval num_timesteps=1024, episode_success=nan +/- nan
se
2 2048 1024
diff [0.021789222955703735, -0.004388734698295593]
ref [0.2988641560077667, 0.13088858127593994]
[0.32065337896347046, 0.12649984657764435]
Training time: 39 	steps per sec: 51
Eval num_timesteps=2048, episode_reward=nan +/- nan
Eval num_timesteps=2048, episode_success=nan +/- nan
se
3 3072 1024
diff [0.021789222955703735, -0.004388734698295593, -0.014252454042434692]
ref [0.2988641560077667, 0.13088858127593994, 0.08762586861848831]
[0.32065337896347046, 0.12649984657764435, 0.07337341457605362]
Training time: 77 	steps per sec: 39
Eval num_timesteps=3072, episode_reward=nan +/- nan
Eval num_timesteps=3072, episode_success=nan +/- nan
se
4 4096 1024
diff [0.021789222955703735, -0.004388734698295593, -0.014252454042434692, -0.00959683582186699]
ref [0.2988641560077667, 0.13088858127593994, 0.08762586861848831, 0.0644032433629036]
[0.32065337896347046, 0.12649984657764435, 0.07337341457605362, 0.054806407541036606]
Training time: 115 	steps per sec: 35
Eval num_timesteps=4096, episode_reward=nan +/- nan
Eval num_timesteps=4096, episode_success=nan +/- nan
se
5 5120 1024
diff [0.021789222955703735, -0.004388734698295593, -0.014252454042434692, -0.00959683582186699, -0.0032211653888225555]
ref [0.2988641560077667, 0.13088858127593994, 0.08762586861848831, 0.0644032433629036, 0.04770677536725998]
[0.32065337896347046, 0.12649984657764435, 0.07337341457605362, 0.054806407541036606, 0.044485609978437424]
Training time: 161 	steps per sec: 31
Eval num_timesteps=5120, episode_reward=nan +/- nan
Eval num_timesteps=5120, episode_success=nan +/- nan
se
6 6144 1024
diff [0.021789222955703735, -0.004388734698295593, -0.014252454042434692, -0.00959683582186699, -0.0032211653888225555, -0.00563473254442215]
ref [0.2988641560077667, 0.13088858127593994, 0.08762586861848831, 0.0644032433629036, 0.04770677536725998, 0.04097500070929527]
[0.32065337896347046, 0.12649984657764435, 0.07337341457605362, 0.054806407541036606, 0.044485609978437424, 0.03534026816487312]
Training time: 210 	steps per sec: 29
Eval num_timesteps=6144, episode_reward=nan +/- nan
Eval num_timesteps=6144, episode_success=nan +/- nan
se
7 7168 1024
diff [0.021789222955703735, -0.004388734698295593, -0.014252454042434692, -0.00959683582186699, -0.0032211653888225555, -0.00563473254442215, -0.0071396008133888245]
ref [0.2988641560077667, 0.13088858127593994, 0.08762586861848831, 0.0644032433629036, 0.04770677536725998, 0.04097500070929527, 0.0343543104827404]
[0.32065337896347046, 0.12649984657764435, 0.07337341457605362, 0.054806407541036606, 0.044485609978437424, 0.03534026816487312, 0.027214709669351578]
Training time: 262 	steps per sec: 27
Eval num_timesteps=7168, episode_reward=nan +/- nan
Eval num_timesteps=7168, episode_success=nan +/- nan
se
8 8192 1024
diff [0.021789222955703735, -0.004388734698295593, -0.014252454042434692, -0.00959683582186699, -0.0032211653888225555, -0.00563473254442215, -0.0071396008133888245, -0.005621388554573059]
ref [0.2988641560077667, 0.13088858127593994, 0.08762586861848831, 0.0644032433629036, 0.04770677536725998, 0.04097500070929527, 0.0343543104827404, 0.029636960476636887]
[0.32065337896347046, 0.12649984657764435, 0.07337341457605362, 0.054806407541036606, 0.044485609978437424, 0.03534026816487312, 0.027214709669351578, 0.024015571922063828]
Training time: 325 	steps per sec: 25
Eval num_timesteps=8192, episode_reward=nan +/- nan
Eval num_timesteps=8192, episode_success=nan +/- nan
se
9 9216 1024
diff [0.021789222955703735, -0.004388734698295593, -0.014252454042434692, -0.00959683582186699, -0.0032211653888225555, -0.00563473254442215, -0.0071396008133888245, -0.005621388554573059, -0.005459686741232872]
ref [0.2988641560077667, 0.13088858127593994, 0.08762586861848831, 0.0644032433629036, 0.04770677536725998, 0.04097500070929527, 0.0343543104827404, 0.029636960476636887, 0.0273443590849638]
[0.32065337896347046, 0.12649984657764435, 0.07337341457605362, 0.054806407541036606, 0.044485609978437424, 0.03534026816487312, 0.027214709669351578, 0.024015571922063828, 0.021884672343730927]
Training time: 396 	steps per sec: 23
Eval num_timesteps=9216, episode_reward=nan +/- nan
Eval num_timesteps=9216, episode_success=nan +/- nan
se
10 10240 1024
diff [0.021789222955703735, -0.004388734698295593, -0.014252454042434692, -0.00959683582186699, -0.0032211653888225555, -0.00563473254442215, -0.0071396008133888245, -0.005621388554573059, -0.005459686741232872, -0.006611647084355354]
ref [0.2988641560077667, 0.13088858127593994, 0.08762586861848831, 0.0644032433629036, 0.04770677536725998, 0.04097500070929527, 0.0343543104827404, 0.029636960476636887, 0.0273443590849638, 0.026439685374498367]
[0.32065337896347046, 0.12649984657764435, 0.07337341457605362, 0.054806407541036606, 0.044485609978437424, 0.03534026816487312, 0.027214709669351578, 0.024015571922063828, 0.021884672343730927, 0.019828038290143013]
Training time: 474 	steps per sec: 21
Eval num_timesteps=10240, episode_reward=nan +/- nan
Eval num_timesteps=10240, episode_success=nan +/- nan
se
11 11264 1024
diff [0.021789222955703735, -0.004388734698295593, -0.014252454042434692, -0.00959683582186699, -0.0032211653888225555, -0.00563473254442215, -0.0071396008133888245, -0.005621388554573059, -0.005459686741232872, -0.006611647084355354, -0.002250080928206444]
ref [0.2988641560077667, 0.13088858127593994, 0.08762586861848831, 0.0644032433629036, 0.04770677536725998, 0.04097500070929527, 0.0343543104827404, 0.029636960476636887, 0.0273443590849638, 0.026439685374498367, 0.02003350667655468]
[0.32065337896347046, 0.12649984657764435, 0.07337341457605362, 0.054806407541036606, 0.044485609978437424, 0.03534026816487312, 0.027214709669351578, 0.024015571922063828, 0.021884672343730927, 0.019828038290143013, 0.017783425748348236]
Training time: 562 	steps per sec: 20
Eval num_timesteps=11264, episode_reward=nan +/- nan
Eval num_timesteps=11264, episode_success=nan +/- nan
se
12 12288 1024
diff [0.021789222955703735, -0.004388734698295593, -0.014252454042434692, -0.00959683582186699, -0.0032211653888225555, -0.00563473254442215, -0.0071396008133888245, -0.005621388554573059, -0.005459686741232872, -0.006611647084355354, -0.002250080928206444, -0.006163042038679123]
ref [0.2988641560077667, 0.13088858127593994, 0.08762586861848831, 0.0644032433629036, 0.04770677536725998, 0.04097500070929527, 0.0343543104827404, 0.029636960476636887, 0.0273443590849638, 0.026439685374498367, 0.02003350667655468, 0.022934934124350548]
[0.32065337896347046, 0.12649984657764435, 0.07337341457605362, 0.054806407541036606, 0.044485609978437424, 0.03534026816487312, 0.027214709669351578, 0.024015571922063828, 0.021884672343730927, 0.019828038290143013, 0.017783425748348236, 0.016771892085671425]
Training time: 656 	steps per sec: 18
Eval num_timesteps=12288, episode_reward=nan +/- nan
Eval num_timesteps=12288, episode_success=nan +/- nan
se
13 13312 1024
diff [0.021789222955703735, -0.004388734698295593, -0.014252454042434692, -0.00959683582186699, -0.0032211653888225555, -0.00563473254442215, -0.0071396008133888245, -0.005621388554573059, -0.005459686741232872, -0.006611647084355354, -0.002250080928206444, -0.006163042038679123, -0.008800290524959564]
ref [0.2988641560077667, 0.13088858127593994, 0.08762586861848831, 0.0644032433629036, 0.04770677536725998, 0.04097500070929527, 0.0343543104827404, 0.029636960476636887, 0.0273443590849638, 0.026439685374498367, 0.02003350667655468, 0.022934934124350548, 0.02337091788649559]
[0.32065337896347046, 0.12649984657764435, 0.07337341457605362, 0.054806407541036606, 0.044485609978437424, 0.03534026816487312, 0.027214709669351578, 0.024015571922063828, 0.021884672343730927, 0.019828038290143013, 0.017783425748348236, 0.016771892085671425, 0.014570627361536026]
Training time: 759 	steps per sec: 17
Eval num_timesteps=13312, episode_reward=nan +/- nan
Eval num_timesteps=13312, episode_success=nan +/- nan
se
14 14336 1024
diff [0.021789222955703735, -0.004388734698295593, -0.014252454042434692, -0.00959683582186699, -0.0032211653888225555, -0.00563473254442215, -0.0071396008133888245, -0.005621388554573059, -0.005459686741232872, -0.006611647084355354, -0.002250080928206444, -0.006163042038679123, -0.008800290524959564, -0.004617377184331417]
ref [0.2988641560077667, 0.13088858127593994, 0.08762586861848831, 0.0644032433629036, 0.04770677536725998, 0.04097500070929527, 0.0343543104827404, 0.029636960476636887, 0.0273443590849638, 0.026439685374498367, 0.02003350667655468, 0.022934934124350548, 0.02337091788649559, 0.018097728490829468]
[0.32065337896347046, 0.12649984657764435, 0.07337341457605362, 0.054806407541036606, 0.044485609978437424, 0.03534026816487312, 0.027214709669351578, 0.024015571922063828, 0.021884672343730927, 0.019828038290143013, 0.017783425748348236, 0.016771892085671425, 0.014570627361536026, 0.01348035130649805]
Training time: 877 	steps per sec: 16
Eval num_timesteps=14336, episode_reward=nan +/- nan
Eval num_timesteps=14336, episode_success=nan +/- nan
se
15 15360 1024
diff [0.021789222955703735, -0.004388734698295593, -0.014252454042434692, -0.00959683582186699, -0.0032211653888225555, -0.00563473254442215, -0.0071396008133888245, -0.005621388554573059, -0.005459686741232872, -0.006611647084355354, -0.002250080928206444, -0.006163042038679123, -0.008800290524959564, -0.004617377184331417, -0.00195995531976223]
ref [0.2988641560077667, 0.13088858127593994, 0.08762586861848831, 0.0644032433629036, 0.04770677536725998, 0.04097500070929527, 0.0343543104827404, 0.029636960476636887, 0.0273443590849638, 0.026439685374498367, 0.02003350667655468, 0.022934934124350548, 0.02337091788649559, 0.018097728490829468, 0.015191643498837948]
[0.32065337896347046, 0.12649984657764435, 0.07337341457605362, 0.054806407541036606, 0.044485609978437424, 0.03534026816487312, 0.027214709669351578, 0.024015571922063828, 0.021884672343730927, 0.019828038290143013, 0.017783425748348236, 0.016771892085671425, 0.014570627361536026, 0.01348035130649805, 0.013231688179075718]
Training time: 1014 	steps per sec: 15
Eval num_timesteps=15360, episode_reward=nan +/- nan
Eval num_timesteps=15360, episode_success=nan +/- nan
se
16 16384 1024
diff [0.021789222955703735, -0.004388734698295593, -0.014252454042434692, -0.00959683582186699, -0.0032211653888225555, -0.00563473254442215, -0.0071396008133888245, -0.005621388554573059, -0.005459686741232872, -0.006611647084355354, -0.002250080928206444, -0.006163042038679123, -0.008800290524959564, -0.004617377184331417, -0.00195995531976223, -0.003470400348305702]
ref [0.2988641560077667, 0.13088858127593994, 0.08762586861848831, 0.0644032433629036, 0.04770677536725998, 0.04097500070929527, 0.0343543104827404, 0.029636960476636887, 0.0273443590849638, 0.026439685374498367, 0.02003350667655468, 0.022934934124350548, 0.02337091788649559, 0.018097728490829468, 0.015191643498837948, 0.01635715551674366]
[0.32065337896347046, 0.12649984657764435, 0.07337341457605362, 0.054806407541036606, 0.044485609978437424, 0.03534026816487312, 0.027214709669351578, 0.024015571922063828, 0.021884672343730927, 0.019828038290143013, 0.017783425748348236, 0.016771892085671425, 0.014570627361536026, 0.01348035130649805, 0.013231688179075718, 0.012886755168437958]
Training time: 1158 	steps per sec: 14
Eval num_timesteps=16384, episode_reward=nan +/- nan
Eval num_timesteps=16384, episode_success=nan +/- nan
se
16 16384 1024
diff [0.021789222955703735, -0.004388734698295593, -0.014252454042434692, -0.00959683582186699, -0.0032211653888225555, -0.00563473254442215, -0.0071396008133888245, -0.005621388554573059, -0.005459686741232872, -0.006611647084355354, -0.002250080928206444, -0.006163042038679123, -0.008800290524959564, -0.004617377184331417, -0.00195995531976223, -0.003470400348305702, -0.0034544626250863075]
ref [0.2988641560077667, 0.13088858127593994, 0.08762586861848831, 0.0644032433629036, 0.04770677536725998, 0.04097500070929527, 0.0343543104827404, 0.029636960476636887, 0.0273443590849638, 0.026439685374498367, 0.02003350667655468, 0.022934934124350548, 0.02337091788649559, 0.018097728490829468, 0.015191643498837948, 0.01635715551674366, 0.01602066680788994]
[0.32065337896347046, 0.12649984657764435, 0.07337341457605362, 0.054806407541036606, 0.044485609978437424, 0.03534026816487312, 0.027214709669351578, 0.024015571922063828, 0.021884672343730927, 0.019828038290143013, 0.017783425748348236, 0.016771892085671425, 0.014570627361536026, 0.01348035130649805, 0.013231688179075718, 0.012886755168437958, 0.01256620418280363]
Training time: 1304 	steps per sec: 13
Eval num_timesteps=17408, episode_reward=nan +/- nan
Eval num_timesteps=17408, episode_success=nan +/- nan
se
16 16384 1024
diff [0.021789222955703735, -0.004388734698295593, -0.014252454042434692, -0.00959683582186699, -0.0032211653888225555, -0.00563473254442215, -0.0071396008133888245, -0.005621388554573059, -0.005459686741232872, -0.006611647084355354, -0.002250080928206444, -0.006163042038679123, -0.008800290524959564, -0.004617377184331417, -0.00195995531976223, -0.003470400348305702, -0.0034544626250863075, -0.0013632392510771751]
ref [0.2988641560077667, 0.13088858127593994, 0.08762586861848831, 0.0644032433629036, 0.04770677536725998, 0.04097500070929527, 0.0343543104827404, 0.029636960476636887, 0.0273443590849638, 0.026439685374498367, 0.02003350667655468, 0.022934934124350548, 0.02337091788649559, 0.018097728490829468, 0.015191643498837948, 0.01635715551674366, 0.01602066680788994, 0.014141387306153774]
[0.32065337896347046, 0.12649984657764435, 0.07337341457605362, 0.054806407541036606, 0.044485609978437424, 0.03534026816487312, 0.027214709669351578, 0.024015571922063828, 0.021884672343730927, 0.019828038290143013, 0.017783425748348236, 0.016771892085671425, 0.014570627361536026, 0.01348035130649805, 0.013231688179075718, 0.012886755168437958, 0.01256620418280363, 0.012778148055076599]
Training time: 1457 	steps per sec: 12
Eval num_timesteps=18432, episode_reward=nan +/- nan
Eval num_timesteps=18432, episode_success=nan +/- nan
se
16 16384 1024
diff [0.021789222955703735, -0.004388734698295593, -0.014252454042434692, -0.00959683582186699, -0.0032211653888225555, -0.00563473254442215, -0.0071396008133888245, -0.005621388554573059, -0.005459686741232872, -0.006611647084355354, -0.002250080928206444, -0.006163042038679123, -0.008800290524959564, -0.004617377184331417, -0.00195995531976223, -0.003470400348305702, -0.0034544626250863075, -0.0013632392510771751, -0.0021836282685399055]
ref [0.2988641560077667, 0.13088858127593994, 0.08762586861848831, 0.0644032433629036, 0.04770677536725998, 0.04097500070929527, 0.0343543104827404, 0.029636960476636887, 0.0273443590849638, 0.026439685374498367, 0.02003350667655468, 0.022934934124350548, 0.02337091788649559, 0.018097728490829468, 0.015191643498837948, 0.01635715551674366, 0.01602066680788994, 0.014141387306153774, 0.01539144478738308]
[0.32065337896347046, 0.12649984657764435, 0.07337341457605362, 0.054806407541036606, 0.044485609978437424, 0.03534026816487312, 0.027214709669351578, 0.024015571922063828, 0.021884672343730927, 0.019828038290143013, 0.017783425748348236, 0.016771892085671425, 0.014570627361536026, 0.01348035130649805, 0.013231688179075718, 0.012886755168437958, 0.01256620418280363, 0.012778148055076599, 0.013207816518843174]
Training time: 1629 	steps per sec: 11
Eval num_timesteps=19456, episode_reward=nan +/- nan
Eval num_timesteps=19456, episode_success=nan +/- nan
se
16 16384 1024
diff [0.021789222955703735, -0.004388734698295593, -0.014252454042434692, -0.00959683582186699, -0.0032211653888225555, -0.00563473254442215, -0.0071396008133888245, -0.005621388554573059, -0.005459686741232872, -0.006611647084355354, -0.002250080928206444, -0.006163042038679123, -0.008800290524959564, -0.004617377184331417, -0.00195995531976223, -0.003470400348305702, -0.0034544626250863075, -0.0013632392510771751, -0.0021836282685399055, -0.0027163419872522354]
ref [0.2988641560077667, 0.13088858127593994, 0.08762586861848831, 0.0644032433629036, 0.04770677536725998, 0.04097500070929527, 0.0343543104827404, 0.029636960476636887, 0.0273443590849638, 0.026439685374498367, 0.02003350667655468, 0.022934934124350548, 0.02337091788649559, 0.018097728490829468, 0.015191643498837948, 0.01635715551674366, 0.01602066680788994, 0.014141387306153774, 0.01539144478738308, 0.015989957377314568]
[0.32065337896347046, 0.12649984657764435, 0.07337341457605362, 0.054806407541036606, 0.044485609978437424, 0.03534026816487312, 0.027214709669351578, 0.024015571922063828, 0.021884672343730927, 0.019828038290143013, 0.017783425748348236, 0.016771892085671425, 0.014570627361536026, 0.01348035130649805, 0.013231688179075718, 0.012886755168437958, 0.01256620418280363, 0.012778148055076599, 0.013207816518843174, 0.013273615390062332]
Training time: 1778 	steps per sec: 11
Eval num_timesteps=20480, episode_reward=nan +/- nan
Eval num_timesteps=20480, episode_success=nan +/- nan
se
16 16384 1024
diff [0.021789222955703735, -0.004388734698295593, -0.014252454042434692, -0.00959683582186699, -0.0032211653888225555, -0.00563473254442215, -0.0071396008133888245, -0.005621388554573059, -0.005459686741232872, -0.006611647084355354, -0.002250080928206444, -0.006163042038679123, -0.008800290524959564, -0.004617377184331417, -0.00195995531976223, -0.003470400348305702, -0.0034544626250863075, -0.0013632392510771751, -0.0021836282685399055, -0.0027163419872522354, -0.0028708260506391525]
ref [0.2988641560077667, 0.13088858127593994, 0.08762586861848831, 0.0644032433629036, 0.04770677536725998, 0.04097500070929527, 0.0343543104827404, 0.029636960476636887, 0.0273443590849638, 0.026439685374498367, 0.02003350667655468, 0.022934934124350548, 0.02337091788649559, 0.018097728490829468, 0.015191643498837948, 0.01635715551674366, 0.01602066680788994, 0.014141387306153774, 0.01539144478738308, 0.015989957377314568, 0.016040770336985588]
[0.32065337896347046, 0.12649984657764435, 0.07337341457605362, 0.054806407541036606, 0.044485609978437424, 0.03534026816487312, 0.027214709669351578, 0.024015571922063828, 0.021884672343730927, 0.019828038290143013, 0.017783425748348236, 0.016771892085671425, 0.014570627361536026, 0.01348035130649805, 0.013231688179075718, 0.012886755168437958, 0.01256620418280363, 0.012778148055076599, 0.013207816518843174, 0.013273615390062332, 0.013169944286346436]
Training time: 1925 	steps per sec: 11
Eval num_timesteps=21504, episode_reward=nan +/- nan
Eval num_timesteps=21504, episode_success=nan +/- nan
se
16 16384 1024
diff [0.021789222955703735, -0.004388734698295593, -0.014252454042434692, -0.00959683582186699, -0.0032211653888225555, -0.00563473254442215, -0.0071396008133888245, -0.005621388554573059, -0.005459686741232872, -0.006611647084355354, -0.002250080928206444, -0.006163042038679123, -0.008800290524959564, -0.004617377184331417, -0.00195995531976223, -0.003470400348305702, -0.0034544626250863075, -0.0013632392510771751, -0.0021836282685399055, -0.0027163419872522354, -0.0028708260506391525, -0.001568380743265152]
ref [0.2988641560077667, 0.13088858127593994, 0.08762586861848831, 0.0644032433629036, 0.04770677536725998, 0.04097500070929527, 0.0343543104827404, 0.029636960476636887, 0.0273443590849638, 0.026439685374498367, 0.02003350667655468, 0.022934934124350548, 0.02337091788649559, 0.018097728490829468, 0.015191643498837948, 0.01635715551674366, 0.01602066680788994, 0.014141387306153774, 0.01539144478738308, 0.015989957377314568, 0.016040770336985588, 0.01519697904586792]
[0.32065337896347046, 0.12649984657764435, 0.07337341457605362, 0.054806407541036606, 0.044485609978437424, 0.03534026816487312, 0.027214709669351578, 0.024015571922063828, 0.021884672343730927, 0.019828038290143013, 0.017783425748348236, 0.016771892085671425, 0.014570627361536026, 0.01348035130649805, 0.013231688179075718, 0.012886755168437958, 0.01256620418280363, 0.012778148055076599, 0.013207816518843174, 0.013273615390062332, 0.013169944286346436, 0.013628598302602768]
Training time: 2074 	steps per sec: 10
Eval num_timesteps=22528, episode_reward=nan +/- nan
Eval num_timesteps=22528, episode_success=nan +/- nan
se
16 16384 1024
diff [0.021789222955703735, -0.004388734698295593, -0.014252454042434692, -0.00959683582186699, -0.0032211653888225555, -0.00563473254442215, -0.0071396008133888245, -0.005621388554573059, -0.005459686741232872, -0.006611647084355354, -0.002250080928206444, -0.006163042038679123, -0.008800290524959564, -0.004617377184331417, -0.00195995531976223, -0.003470400348305702, -0.0034544626250863075, -0.0013632392510771751, -0.0021836282685399055, -0.0027163419872522354, -0.0028708260506391525, -0.001568380743265152, -0.003935772925615311]
ref [0.2988641560077667, 0.13088858127593994, 0.08762586861848831, 0.0644032433629036, 0.04770677536725998, 0.04097500070929527, 0.0343543104827404, 0.029636960476636887, 0.0273443590849638, 0.026439685374498367, 0.02003350667655468, 0.022934934124350548, 0.02337091788649559, 0.018097728490829468, 0.015191643498837948, 0.01635715551674366, 0.01602066680788994, 0.014141387306153774, 0.01539144478738308, 0.015989957377314568, 0.016040770336985588, 0.01519697904586792, 0.01684141345322132]
[0.32065337896347046, 0.12649984657764435, 0.07337341457605362, 0.054806407541036606, 0.044485609978437424, 0.03534026816487312, 0.027214709669351578, 0.024015571922063828, 0.021884672343730927, 0.019828038290143013, 0.017783425748348236, 0.016771892085671425, 0.014570627361536026, 0.01348035130649805, 0.013231688179075718, 0.012886755168437958, 0.01256620418280363, 0.012778148055076599, 0.013207816518843174, 0.013273615390062332, 0.013169944286346436, 0.013628598302602768, 0.01290564052760601]
Training time: 2225 	steps per sec: 10
Eval num_timesteps=23552, episode_reward=nan +/- nan
Eval num_timesteps=23552, episode_success=nan +/- nan
se
16 16384 1024
diff [0.021789222955703735, -0.004388734698295593, -0.014252454042434692, -0.00959683582186699, -0.0032211653888225555, -0.00563473254442215, -0.0071396008133888245, -0.005621388554573059, -0.005459686741232872, -0.006611647084355354, -0.002250080928206444, -0.006163042038679123, -0.008800290524959564, -0.004617377184331417, -0.00195995531976223, -0.003470400348305702, -0.0034544626250863075, -0.0013632392510771751, -0.0021836282685399055, -0.0027163419872522354, -0.0028708260506391525, -0.001568380743265152, -0.003935772925615311, -0.0013796761631965637]
ref [0.2988641560077667, 0.13088858127593994, 0.08762586861848831, 0.0644032433629036, 0.04770677536725998, 0.04097500070929527, 0.0343543104827404, 0.029636960476636887, 0.0273443590849638, 0.026439685374498367, 0.02003350667655468, 0.022934934124350548, 0.02337091788649559, 0.018097728490829468, 0.015191643498837948, 0.01635715551674366, 0.01602066680788994, 0.014141387306153774, 0.01539144478738308, 0.015989957377314568, 0.016040770336985588, 0.01519697904586792, 0.01684141345322132, 0.014812380075454712]
[0.32065337896347046, 0.12649984657764435, 0.07337341457605362, 0.054806407541036606, 0.044485609978437424, 0.03534026816487312, 0.027214709669351578, 0.024015571922063828, 0.021884672343730927, 0.019828038290143013, 0.017783425748348236, 0.016771892085671425, 0.014570627361536026, 0.01348035130649805, 0.013231688179075718, 0.012886755168437958, 0.01256620418280363, 0.012778148055076599, 0.013207816518843174, 0.013273615390062332, 0.013169944286346436, 0.013628598302602768, 0.01290564052760601, 0.013432703912258148]
Training time: 2374 	steps per sec: 10
Eval num_timesteps=24576, episode_reward=nan +/- nan
Eval num_timesteps=24576, episode_success=nan +/- nan
se
16 16384 1024
diff [0.021789222955703735, -0.004388734698295593, -0.014252454042434692, -0.00959683582186699, -0.0032211653888225555, -0.00563473254442215, -0.0071396008133888245, -0.005621388554573059, -0.005459686741232872, -0.006611647084355354, -0.002250080928206444, -0.006163042038679123, -0.008800290524959564, -0.004617377184331417, -0.00195995531976223, -0.003470400348305702, -0.0034544626250863075, -0.0013632392510771751, -0.0021836282685399055, -0.0027163419872522354, -0.0028708260506391525, -0.001568380743265152, -0.003935772925615311, -0.0013796761631965637, -0.0026732031255960464]
ref [0.2988641560077667, 0.13088858127593994, 0.08762586861848831, 0.0644032433629036, 0.04770677536725998, 0.04097500070929527, 0.0343543104827404, 0.029636960476636887, 0.0273443590849638, 0.026439685374498367, 0.02003350667655468, 0.022934934124350548, 0.02337091788649559, 0.018097728490829468, 0.015191643498837948, 0.01635715551674366, 0.01602066680788994, 0.014141387306153774, 0.01539144478738308, 0.015989957377314568, 0.016040770336985588, 0.01519697904586792, 0.01684141345322132, 0.014812380075454712, 0.015927862375974655]
[0.32065337896347046, 0.12649984657764435, 0.07337341457605362, 0.054806407541036606, 0.044485609978437424, 0.03534026816487312, 0.027214709669351578, 0.024015571922063828, 0.021884672343730927, 0.019828038290143013, 0.017783425748348236, 0.016771892085671425, 0.014570627361536026, 0.01348035130649805, 0.013231688179075718, 0.012886755168437958, 0.01256620418280363, 0.012778148055076599, 0.013207816518843174, 0.013273615390062332, 0.013169944286346436, 0.013628598302602768, 0.01290564052760601, 0.013432703912258148, 0.013254659250378609]
Training time: 2524 	steps per sec: 10
Eval num_timesteps=25600, episode_reward=nan +/- nan
Eval num_timesteps=25600, episode_success=nan +/- nan
se
16 16384 1024
diff [0.021789222955703735, -0.004388734698295593, -0.014252454042434692, -0.00959683582186699, -0.0032211653888225555, -0.00563473254442215, -0.0071396008133888245, -0.005621388554573059, -0.005459686741232872, -0.006611647084355354, -0.002250080928206444, -0.006163042038679123, -0.008800290524959564, -0.004617377184331417, -0.00195995531976223, -0.003470400348305702, -0.0034544626250863075, -0.0013632392510771751, -0.0021836282685399055, -0.0027163419872522354, -0.0028708260506391525, -0.001568380743265152, -0.003935772925615311, -0.0013796761631965637, -0.0026732031255960464, -0.002148718573153019]
ref [0.2988641560077667, 0.13088858127593994, 0.08762586861848831, 0.0644032433629036, 0.04770677536725998, 0.04097500070929527, 0.0343543104827404, 0.029636960476636887, 0.0273443590849638, 0.026439685374498367, 0.02003350667655468, 0.022934934124350548, 0.02337091788649559, 0.018097728490829468, 0.015191643498837948, 0.01635715551674366, 0.01602066680788994, 0.014141387306153774, 0.01539144478738308, 0.015989957377314568, 0.016040770336985588, 0.01519697904586792, 0.01684141345322132, 0.014812380075454712, 0.015927862375974655, 0.01562359370291233]
[0.32065337896347046, 0.12649984657764435, 0.07337341457605362, 0.054806407541036606, 0.044485609978437424, 0.03534026816487312, 0.027214709669351578, 0.024015571922063828, 0.021884672343730927, 0.019828038290143013, 0.017783425748348236, 0.016771892085671425, 0.014570627361536026, 0.01348035130649805, 0.013231688179075718, 0.012886755168437958, 0.01256620418280363, 0.012778148055076599, 0.013207816518843174, 0.013273615390062332, 0.013169944286346436, 0.013628598302602768, 0.01290564052760601, 0.013432703912258148, 0.013254659250378609, 0.013474875129759312]
Training time: 2689 	steps per sec: 9
Eval num_timesteps=26624, episode_reward=nan +/- nan
Eval num_timesteps=26624, episode_success=nan +/- nan
se
16 16384 1024
diff [0.021789222955703735, -0.004388734698295593, -0.014252454042434692, -0.00959683582186699, -0.0032211653888225555, -0.00563473254442215, -0.0071396008133888245, -0.005621388554573059, -0.005459686741232872, -0.006611647084355354, -0.002250080928206444, -0.006163042038679123, -0.008800290524959564, -0.004617377184331417, -0.00195995531976223, -0.003470400348305702, -0.0034544626250863075, -0.0013632392510771751, -0.0021836282685399055, -0.0027163419872522354, -0.0028708260506391525, -0.001568380743265152, -0.003935772925615311, -0.0013796761631965637, -0.0026732031255960464, -0.002148718573153019, -0.0026405034586787224]
ref [0.2988641560077667, 0.13088858127593994, 0.08762586861848831, 0.0644032433629036, 0.04770677536725998, 0.04097500070929527, 0.0343543104827404, 0.029636960476636887, 0.0273443590849638, 0.026439685374498367, 0.02003350667655468, 0.022934934124350548, 0.02337091788649559, 0.018097728490829468, 0.015191643498837948, 0.01635715551674366, 0.01602066680788994, 0.014141387306153774, 0.01539144478738308, 0.015989957377314568, 0.016040770336985588, 0.01519697904586792, 0.01684141345322132, 0.014812380075454712, 0.015927862375974655, 0.01562359370291233, 0.016606571152806282]
[0.32065337896347046, 0.12649984657764435, 0.07337341457605362, 0.054806407541036606, 0.044485609978437424, 0.03534026816487312, 0.027214709669351578, 0.024015571922063828, 0.021884672343730927, 0.019828038290143013, 0.017783425748348236, 0.016771892085671425, 0.014570627361536026, 0.01348035130649805, 0.013231688179075718, 0.012886755168437958, 0.01256620418280363, 0.012778148055076599, 0.013207816518843174, 0.013273615390062332, 0.013169944286346436, 0.013628598302602768, 0.01290564052760601, 0.013432703912258148, 0.013254659250378609, 0.013474875129759312, 0.01396606769412756]
Training time: 2861 	steps per sec: 9
Eval num_timesteps=27648, episode_reward=nan +/- nan
Eval num_timesteps=27648, episode_success=nan +/- nan
se
16 16384 1024
diff [0.021789222955703735, -0.004388734698295593, -0.014252454042434692, -0.00959683582186699, -0.0032211653888225555, -0.00563473254442215, -0.0071396008133888245, -0.005621388554573059, -0.005459686741232872, -0.006611647084355354, -0.002250080928206444, -0.006163042038679123, -0.008800290524959564, -0.004617377184331417, -0.00195995531976223, -0.003470400348305702, -0.0034544626250863075, -0.0013632392510771751, -0.0021836282685399055, -0.0027163419872522354, -0.0028708260506391525, -0.001568380743265152, -0.003935772925615311, -0.0013796761631965637, -0.0026732031255960464, -0.002148718573153019, -0.0026405034586787224, -0.0015622461214661598]
ref [0.2988641560077667, 0.13088858127593994, 0.08762586861848831, 0.0644032433629036, 0.04770677536725998, 0.04097500070929527, 0.0343543104827404, 0.029636960476636887, 0.0273443590849638, 0.026439685374498367, 0.02003350667655468, 0.022934934124350548, 0.02337091788649559, 0.018097728490829468, 0.015191643498837948, 0.01635715551674366, 0.01602066680788994, 0.014141387306153774, 0.01539144478738308, 0.015989957377314568, 0.016040770336985588, 0.01519697904586792, 0.01684141345322132, 0.014812380075454712, 0.015927862375974655, 0.01562359370291233, 0.016606571152806282, 0.015899313613772392]
[0.32065337896347046, 0.12649984657764435, 0.07337341457605362, 0.054806407541036606, 0.044485609978437424, 0.03534026816487312, 0.027214709669351578, 0.024015571922063828, 0.021884672343730927, 0.019828038290143013, 0.017783425748348236, 0.016771892085671425, 0.014570627361536026, 0.01348035130649805, 0.013231688179075718, 0.012886755168437958, 0.01256620418280363, 0.012778148055076599, 0.013207816518843174, 0.013273615390062332, 0.013169944286346436, 0.013628598302602768, 0.01290564052760601, 0.013432703912258148, 0.013254659250378609, 0.013474875129759312, 0.01396606769412756, 0.014337067492306232]
Training time: 3062 	steps per sec: 9
Eval num_timesteps=28672, episode_reward=nan +/- nan
Eval num_timesteps=28672, episode_success=nan +/- nan
se
16 16384 1024
diff [0.021789222955703735, -0.004388734698295593, -0.014252454042434692, -0.00959683582186699, -0.0032211653888225555, -0.00563473254442215, -0.0071396008133888245, -0.005621388554573059, -0.005459686741232872, -0.006611647084355354, -0.002250080928206444, -0.006163042038679123, -0.008800290524959564, -0.004617377184331417, -0.00195995531976223, -0.003470400348305702, -0.0034544626250863075, -0.0013632392510771751, -0.0021836282685399055, -0.0027163419872522354, -0.0028708260506391525, -0.001568380743265152, -0.003935772925615311, -0.0013796761631965637, -0.0026732031255960464, -0.002148718573153019, -0.0026405034586787224, -0.0015622461214661598, -0.0018738135695457458]
ref [0.2988641560077667, 0.13088858127593994, 0.08762586861848831, 0.0644032433629036, 0.04770677536725998, 0.04097500070929527, 0.0343543104827404, 0.029636960476636887, 0.0273443590849638, 0.026439685374498367, 0.02003350667655468, 0.022934934124350548, 0.02337091788649559, 0.018097728490829468, 0.015191643498837948, 0.01635715551674366, 0.01602066680788994, 0.014141387306153774, 0.01539144478738308, 0.015989957377314568, 0.016040770336985588, 0.01519697904586792, 0.01684141345322132, 0.014812380075454712, 0.015927862375974655, 0.01562359370291233, 0.016606571152806282, 0.015899313613772392, 0.01526065357029438]
[0.32065337896347046, 0.12649984657764435, 0.07337341457605362, 0.054806407541036606, 0.044485609978437424, 0.03534026816487312, 0.027214709669351578, 0.024015571922063828, 0.021884672343730927, 0.019828038290143013, 0.017783425748348236, 0.016771892085671425, 0.014570627361536026, 0.01348035130649805, 0.013231688179075718, 0.012886755168437958, 0.01256620418280363, 0.012778148055076599, 0.013207816518843174, 0.013273615390062332, 0.013169944286346436, 0.013628598302602768, 0.01290564052760601, 0.013432703912258148, 0.013254659250378609, 0.013474875129759312, 0.01396606769412756, 0.014337067492306232, 0.013386840000748634]
Training time: 3265 	steps per sec: 9
Eval num_timesteps=29696, episode_reward=nan +/- nan
Eval num_timesteps=29696, episode_success=nan +/- nan
se
16 16384 1024
diff [0.021789222955703735, -0.004388734698295593, -0.014252454042434692, -0.00959683582186699, -0.0032211653888225555, -0.00563473254442215, -0.0071396008133888245, -0.005621388554573059, -0.005459686741232872, -0.006611647084355354, -0.002250080928206444, -0.006163042038679123, -0.008800290524959564, -0.004617377184331417, -0.00195995531976223, -0.003470400348305702, -0.0034544626250863075, -0.0013632392510771751, -0.0021836282685399055, -0.0027163419872522354, -0.0028708260506391525, -0.001568380743265152, -0.003935772925615311, -0.0013796761631965637, -0.0026732031255960464, -0.002148718573153019, -0.0026405034586787224, -0.0015622461214661598, -0.0018738135695457458, -0.0021623214706778526]
ref [0.2988641560077667, 0.13088858127593994, 0.08762586861848831, 0.0644032433629036, 0.04770677536725998, 0.04097500070929527, 0.0343543104827404, 0.029636960476636887, 0.0273443590849638, 0.026439685374498367, 0.02003350667655468, 0.022934934124350548, 0.02337091788649559, 0.018097728490829468, 0.015191643498837948, 0.01635715551674366, 0.01602066680788994, 0.014141387306153774, 0.01539144478738308, 0.015989957377314568, 0.016040770336985588, 0.01519697904586792, 0.01684141345322132, 0.014812380075454712, 0.015927862375974655, 0.01562359370291233, 0.016606571152806282, 0.015899313613772392, 0.01526065357029438, 0.01607123576104641]
[0.32065337896347046, 0.12649984657764435, 0.07337341457605362, 0.054806407541036606, 0.044485609978437424, 0.03534026816487312, 0.027214709669351578, 0.024015571922063828, 0.021884672343730927, 0.019828038290143013, 0.017783425748348236, 0.016771892085671425, 0.014570627361536026, 0.01348035130649805, 0.013231688179075718, 0.012886755168437958, 0.01256620418280363, 0.012778148055076599, 0.013207816518843174, 0.013273615390062332, 0.013169944286346436, 0.013628598302602768, 0.01290564052760601, 0.013432703912258148, 0.013254659250378609, 0.013474875129759312, 0.01396606769412756, 0.014337067492306232, 0.013386840000748634, 0.013908914290368557]
Training time: 3408 	steps per sec: 9
Eval num_timesteps=30720, episode_reward=nan +/- nan
Eval num_timesteps=30720, episode_success=nan +/- nan
se
16 16384 1024
diff [0.021789222955703735, -0.004388734698295593, -0.014252454042434692, -0.00959683582186699, -0.0032211653888225555, -0.00563473254442215, -0.0071396008133888245, -0.005621388554573059, -0.005459686741232872, -0.006611647084355354, -0.002250080928206444, -0.006163042038679123, -0.008800290524959564, -0.004617377184331417, -0.00195995531976223, -0.003470400348305702, -0.0034544626250863075, -0.0013632392510771751, -0.0021836282685399055, -0.0027163419872522354, -0.0028708260506391525, -0.001568380743265152, -0.003935772925615311, -0.0013796761631965637, -0.0026732031255960464, -0.002148718573153019, -0.0026405034586787224, -0.0015622461214661598, -0.0018738135695457458, -0.0021623214706778526, -0.0022492092102766037]
ref [0.2988641560077667, 0.13088858127593994, 0.08762586861848831, 0.0644032433629036, 0.04770677536725998, 0.04097500070929527, 0.0343543104827404, 0.029636960476636887, 0.0273443590849638, 0.026439685374498367, 0.02003350667655468, 0.022934934124350548, 0.02337091788649559, 0.018097728490829468, 0.015191643498837948, 0.01635715551674366, 0.01602066680788994, 0.014141387306153774, 0.01539144478738308, 0.015989957377314568, 0.016040770336985588, 0.01519697904586792, 0.01684141345322132, 0.014812380075454712, 0.015927862375974655, 0.01562359370291233, 0.016606571152806282, 0.015899313613772392, 0.01526065357029438, 0.01607123576104641, 0.01537958811968565]
[0.32065337896347046, 0.12649984657764435, 0.07337341457605362, 0.054806407541036606, 0.044485609978437424, 0.03534026816487312, 0.027214709669351578, 0.024015571922063828, 0.021884672343730927, 0.019828038290143013, 0.017783425748348236, 0.016771892085671425, 0.014570627361536026, 0.01348035130649805, 0.013231688179075718, 0.012886755168437958, 0.01256620418280363, 0.012778148055076599, 0.013207816518843174, 0.013273615390062332, 0.013169944286346436, 0.013628598302602768, 0.01290564052760601, 0.013432703912258148, 0.013254659250378609, 0.013474875129759312, 0.01396606769412756, 0.014337067492306232, 0.013386840000748634, 0.013908914290368557, 0.013130378909409046]
Training time: 3550 	steps per sec: 8
Eval num_timesteps=31744, episode_reward=nan +/- nan
Eval num_timesteps=31744, episode_success=nan +/- nan
se
16 16384 1024
diff [0.021789222955703735, -0.004388734698295593, -0.014252454042434692, -0.00959683582186699, -0.0032211653888225555, -0.00563473254442215, -0.0071396008133888245, -0.005621388554573059, -0.005459686741232872, -0.006611647084355354, -0.002250080928206444, -0.006163042038679123, -0.008800290524959564, -0.004617377184331417, -0.00195995531976223, -0.003470400348305702, -0.0034544626250863075, -0.0013632392510771751, -0.0021836282685399055, -0.0027163419872522354, -0.0028708260506391525, -0.001568380743265152, -0.003935772925615311, -0.0013796761631965637, -0.0026732031255960464, -0.002148718573153019, -0.0026405034586787224, -0.0015622461214661598, -0.0018738135695457458, -0.0021623214706778526, -0.0022492092102766037, -0.0015739547088742256]
ref [0.2988641560077667, 0.13088858127593994, 0.08762586861848831, 0.0644032433629036, 0.04770677536725998, 0.04097500070929527, 0.0343543104827404, 0.029636960476636887, 0.0273443590849638, 0.026439685374498367, 0.02003350667655468, 0.022934934124350548, 0.02337091788649559, 0.018097728490829468, 0.015191643498837948, 0.01635715551674366, 0.01602066680788994, 0.014141387306153774, 0.01539144478738308, 0.015989957377314568, 0.016040770336985588, 0.01519697904586792, 0.01684141345322132, 0.014812380075454712, 0.015927862375974655, 0.01562359370291233, 0.016606571152806282, 0.015899313613772392, 0.01526065357029438, 0.01607123576104641, 0.01537958811968565, 0.015152763575315475]
[0.32065337896347046, 0.12649984657764435, 0.07337341457605362, 0.054806407541036606, 0.044485609978437424, 0.03534026816487312, 0.027214709669351578, 0.024015571922063828, 0.021884672343730927, 0.019828038290143013, 0.017783425748348236, 0.016771892085671425, 0.014570627361536026, 0.01348035130649805, 0.013231688179075718, 0.012886755168437958, 0.01256620418280363, 0.012778148055076599, 0.013207816518843174, 0.013273615390062332, 0.013169944286346436, 0.013628598302602768, 0.01290564052760601, 0.013432703912258148, 0.013254659250378609, 0.013474875129759312, 0.01396606769412756, 0.014337067492306232, 0.013386840000748634, 0.013908914290368557, 0.013130378909409046, 0.01357880886644125]
Training time: 3690 	steps per sec: 8
Eval num_timesteps=32768, episode_reward=nan +/- nan
Eval num_timesteps=32768, episode_success=nan +/- nan
results/HalfCheetah-v4/
results/HalfCheetah-v4/ppo_ros/
results/HalfCheetah-v4/ppo_ros/expert/
results/HalfCheetah-v4/ppo_ros/expert/b_16/
results/HalfCheetah-v4/ppo_ros/expert/b_16/no_clip/
results/HalfCheetah-v4/ppo_ros/expert/b_16/no_clip/run_4/
results/HalfCheetah-v4/ppo_ros/expert/b_16/no_clip/run_4/evaluations.npz
results/HalfCheetah-v4/ppo_ros/expert/b_16/no_clip/run_4/config.yml
results/HalfCheetah-v4/ppo_ros/expert/b_16/no_clip/run_4/stats.npz
