ppo_ros_continuous.py --env-id Ant-v4 -s expert/b_16/no_clip --total-timesteps 32768 --eval-freq 1 --eval-episodes 0 -b 16 --num-steps 1024 -lr 0 --update-epochs 0 --anneal-lr 0 --ros-num-steps 256 --ros-update-epochs 16 --ros-target-kl 0.05 --ros-clip-coef 999999999 --ros-lambda 0.3 -ros-lr 0.0001 --ros-anneal-lr 0 --se 1 --se-freq 1 --se-lr 1e-3 --se-epochs 1000 --policy-path policies/Ant-v4/best_model.zip --normalization-dir policies/Ant-v4
Obtaining file:///var/lib/condor/execute/slot1/dir_8059/PPOROS/PPOROS/custom-envs
  Preparing metadata (setup.py): started
  Preparing metadata (setup.py): finished with status 'done'
Requirement already satisfied: gym in /var/lib/condor/execute/slot1/dir_8059/PPOROS/ppo-ros_env/lib/python3.9/site-packages (from custom-envs==0.0.1) (0.21.0)
Requirement already satisfied: numpy>=1.18.0 in /var/lib/condor/execute/slot1/dir_8059/PPOROS/ppo-ros_env/lib/python3.9/site-packages (from gym->custom-envs==0.0.1) (1.24.2)
Requirement already satisfied: cloudpickle>=1.2.0 in /var/lib/condor/execute/slot1/dir_8059/PPOROS/ppo-ros_env/lib/python3.9/site-packages (from gym->custom-envs==0.0.1) (2.2.1)
Installing collected packages: custom-envs
  Running setup.py develop for custom-envs
Successfully installed custom-envs-0.0.1
seed: 2
Eval num_timesteps=0, episode_reward=nan +/- nan
Eval num_timesteps=0, episode_success=nan +/- nan
se
1 1024 1024
diff [0.14859014749526978]
ref [0.676043689250946]
[0.8246338367462158]
Training time: 39 	steps per sec: 25
Eval num_timesteps=1024, episode_reward=nan +/- nan
Eval num_timesteps=1024, episode_success=nan +/- nan
se
2 2048 1024
diff [0.14859014749526978, 0.050201937556266785]
ref [0.676043689250946, 0.20438022911548615]
[0.8246338367462158, 0.25458216667175293]
Training time: 93 	steps per sec: 21
Eval num_timesteps=2048, episode_reward=nan +/- nan
Eval num_timesteps=2048, episode_success=nan +/- nan
se
3 3072 1024
diff [0.14859014749526978, 0.050201937556266785, -0.008421823382377625]
ref [0.676043689250946, 0.20438022911548615, 0.14558464288711548]
[0.8246338367462158, 0.25458216667175293, 0.13716281950473785]
Training time: 161 	steps per sec: 19
Eval num_timesteps=3072, episode_reward=nan +/- nan
Eval num_timesteps=3072, episode_success=nan +/- nan
se
4 4096 1024
diff [0.14859014749526978, 0.050201937556266785, -0.008421823382377625, -0.0020385608077049255]
ref [0.676043689250946, 0.20438022911548615, 0.14558464288711548, 0.09959214925765991]
[0.8246338367462158, 0.25458216667175293, 0.13716281950473785, 0.09755358844995499]
Training time: 251 	steps per sec: 16
Eval num_timesteps=4096, episode_reward=nan +/- nan
Eval num_timesteps=4096, episode_success=nan +/- nan
se
5 5120 1024
diff [0.14859014749526978, 0.050201937556266785, -0.008421823382377625, -0.0020385608077049255, -0.006264902651309967]
ref [0.676043689250946, 0.20438022911548615, 0.14558464288711548, 0.09959214925765991, 0.07762771844863892]
[0.8246338367462158, 0.25458216667175293, 0.13716281950473785, 0.09755358844995499, 0.07136281579732895]
Training time: 354 	steps per sec: 14
Eval num_timesteps=5120, episode_reward=nan +/- nan
Eval num_timesteps=5120, episode_success=nan +/- nan
se
6 6144 1024
diff [0.14859014749526978, 0.050201937556266785, -0.008421823382377625, -0.0020385608077049255, -0.006264902651309967, -0.006281003355979919]
ref [0.676043689250946, 0.20438022911548615, 0.14558464288711548, 0.09959214925765991, 0.07762771844863892, 0.06089770793914795]
[0.8246338367462158, 0.25458216667175293, 0.13716281950473785, 0.09755358844995499, 0.07136281579732895, 0.05461670458316803]
Training time: 474 	steps per sec: 12
Eval num_timesteps=6144, episode_reward=nan +/- nan
Eval num_timesteps=6144, episode_success=nan +/- nan
se
7 7168 1024
diff [0.14859014749526978, 0.050201937556266785, -0.008421823382377625, -0.0020385608077049255, -0.006264902651309967, -0.006281003355979919, -0.005901504307985306]
ref [0.676043689250946, 0.20438022911548615, 0.14558464288711548, 0.09959214925765991, 0.07762771844863892, 0.06089770793914795, 0.051998771727085114]
[0.8246338367462158, 0.25458216667175293, 0.13716281950473785, 0.09755358844995499, 0.07136281579732895, 0.05461670458316803, 0.04609726741909981]
Training time: 605 	steps per sec: 11
Eval num_timesteps=7168, episode_reward=nan +/- nan
Eval num_timesteps=7168, episode_success=nan +/- nan
se
8 8192 1024
diff [0.14859014749526978, 0.050201937556266785, -0.008421823382377625, -0.0020385608077049255, -0.006264902651309967, -0.006281003355979919, -0.005901504307985306, -0.011207249015569687]
ref [0.676043689250946, 0.20438022911548615, 0.14558464288711548, 0.09959214925765991, 0.07762771844863892, 0.06089770793914795, 0.051998771727085114, 0.05006745830178261]
[0.8246338367462158, 0.25458216667175293, 0.13716281950473785, 0.09755358844995499, 0.07136281579732895, 0.05461670458316803, 0.04609726741909981, 0.03886020928621292]
Training time: 752 	steps per sec: 10
Eval num_timesteps=8192, episode_reward=nan +/- nan
Eval num_timesteps=8192, episode_success=nan +/- nan
se
9 9216 1024
diff [0.14859014749526978, 0.050201937556266785, -0.008421823382377625, -0.0020385608077049255, -0.006264902651309967, -0.006281003355979919, -0.005901504307985306, -0.011207249015569687, -0.00752619281411171]
ref [0.676043689250946, 0.20438022911548615, 0.14558464288711548, 0.09959214925765991, 0.07762771844863892, 0.06089770793914795, 0.051998771727085114, 0.05006745830178261, 0.038839008659124374]
[0.8246338367462158, 0.25458216667175293, 0.13716281950473785, 0.09755358844995499, 0.07136281579732895, 0.05461670458316803, 0.04609726741909981, 0.03886020928621292, 0.031312815845012665]
Training time: 915 	steps per sec: 10
Eval num_timesteps=9216, episode_reward=nan +/- nan
Eval num_timesteps=9216, episode_success=nan +/- nan
se
10 10240 1024
diff [0.14859014749526978, 0.050201937556266785, -0.008421823382377625, -0.0020385608077049255, -0.006264902651309967, -0.006281003355979919, -0.005901504307985306, -0.011207249015569687, -0.00752619281411171, -0.004962023347616196]
ref [0.676043689250946, 0.20438022911548615, 0.14558464288711548, 0.09959214925765991, 0.07762771844863892, 0.06089770793914795, 0.051998771727085114, 0.05006745830178261, 0.038839008659124374, 0.0318601094186306]
[0.8246338367462158, 0.25458216667175293, 0.13716281950473785, 0.09755358844995499, 0.07136281579732895, 0.05461670458316803, 0.04609726741909981, 0.03886020928621292, 0.031312815845012665, 0.026898086071014404]
Training time: 1094 	steps per sec: 9
Eval num_timesteps=10240, episode_reward=nan +/- nan
Eval num_timesteps=10240, episode_success=nan +/- nan
se
11 11264 1024
diff [0.14859014749526978, 0.050201937556266785, -0.008421823382377625, -0.0020385608077049255, -0.006264902651309967, -0.006281003355979919, -0.005901504307985306, -0.011207249015569687, -0.00752619281411171, -0.004962023347616196, -0.010323852300643921]
ref [0.676043689250946, 0.20438022911548615, 0.14558464288711548, 0.09959214925765991, 0.07762771844863892, 0.06089770793914795, 0.051998771727085114, 0.05006745830178261, 0.038839008659124374, 0.0318601094186306, 0.032800815999507904]
[0.8246338367462158, 0.25458216667175293, 0.13716281950473785, 0.09755358844995499, 0.07136281579732895, 0.05461670458316803, 0.04609726741909981, 0.03886020928621292, 0.031312815845012665, 0.026898086071014404, 0.022476963698863983]
Training time: 1278 	steps per sec: 8
Eval num_timesteps=11264, episode_reward=nan +/- nan
Eval num_timesteps=11264, episode_success=nan +/- nan
se
12 12288 1024
diff [0.14859014749526978, 0.050201937556266785, -0.008421823382377625, -0.0020385608077049255, -0.006264902651309967, -0.006281003355979919, -0.005901504307985306, -0.011207249015569687, -0.00752619281411171, -0.004962023347616196, -0.010323852300643921, -0.011557269841432571]
ref [0.676043689250946, 0.20438022911548615, 0.14558464288711548, 0.09959214925765991, 0.07762771844863892, 0.06089770793914795, 0.051998771727085114, 0.05006745830178261, 0.038839008659124374, 0.0318601094186306, 0.032800815999507904, 0.031542643904685974]
[0.8246338367462158, 0.25458216667175293, 0.13716281950473785, 0.09755358844995499, 0.07136281579732895, 0.05461670458316803, 0.04609726741909981, 0.03886020928621292, 0.031312815845012665, 0.026898086071014404, 0.022476963698863983, 0.019985374063253403]
Training time: 1476 	steps per sec: 8
Eval num_timesteps=12288, episode_reward=nan +/- nan
Eval num_timesteps=12288, episode_success=nan +/- nan
se
13 13312 1024
diff [0.14859014749526978, 0.050201937556266785, -0.008421823382377625, -0.0020385608077049255, -0.006264902651309967, -0.006281003355979919, -0.005901504307985306, -0.011207249015569687, -0.00752619281411171, -0.004962023347616196, -0.010323852300643921, -0.011557269841432571, -0.006465813145041466]
ref [0.676043689250946, 0.20438022911548615, 0.14558464288711548, 0.09959214925765991, 0.07762771844863892, 0.06089770793914795, 0.051998771727085114, 0.05006745830178261, 0.038839008659124374, 0.0318601094186306, 0.032800815999507904, 0.031542643904685974, 0.025778990238904953]
[0.8246338367462158, 0.25458216667175293, 0.13716281950473785, 0.09755358844995499, 0.07136281579732895, 0.05461670458316803, 0.04609726741909981, 0.03886020928621292, 0.031312815845012665, 0.026898086071014404, 0.022476963698863983, 0.019985374063253403, 0.019313177093863487]
Training time: 1692 	steps per sec: 7
Eval num_timesteps=13312, episode_reward=nan +/- nan
Eval num_timesteps=13312, episode_success=nan +/- nan
se
14 14336 1024
diff [0.14859014749526978, 0.050201937556266785, -0.008421823382377625, -0.0020385608077049255, -0.006264902651309967, -0.006281003355979919, -0.005901504307985306, -0.011207249015569687, -0.00752619281411171, -0.004962023347616196, -0.010323852300643921, -0.011557269841432571, -0.006465813145041466, -0.003404604271054268]
ref [0.676043689250946, 0.20438022911548615, 0.14558464288711548, 0.09959214925765991, 0.07762771844863892, 0.06089770793914795, 0.051998771727085114, 0.05006745830178261, 0.038839008659124374, 0.0318601094186306, 0.032800815999507904, 0.031542643904685974, 0.025778990238904953, 0.021074999123811722]
[0.8246338367462158, 0.25458216667175293, 0.13716281950473785, 0.09755358844995499, 0.07136281579732895, 0.05461670458316803, 0.04609726741909981, 0.03886020928621292, 0.031312815845012665, 0.026898086071014404, 0.022476963698863983, 0.019985374063253403, 0.019313177093863487, 0.017670394852757454]
Training time: 1921 	steps per sec: 7
Eval num_timesteps=14336, episode_reward=nan +/- nan
Eval num_timesteps=14336, episode_success=nan +/- nan
se
15 15360 1024
diff [0.14859014749526978, 0.050201937556266785, -0.008421823382377625, -0.0020385608077049255, -0.006264902651309967, -0.006281003355979919, -0.005901504307985306, -0.011207249015569687, -0.00752619281411171, -0.004962023347616196, -0.010323852300643921, -0.011557269841432571, -0.006465813145041466, -0.003404604271054268, -0.005144156515598297]
ref [0.676043689250946, 0.20438022911548615, 0.14558464288711548, 0.09959214925765991, 0.07762771844863892, 0.06089770793914795, 0.051998771727085114, 0.05006745830178261, 0.038839008659124374, 0.0318601094186306, 0.032800815999507904, 0.031542643904685974, 0.025778990238904953, 0.021074999123811722, 0.021196961402893066]
[0.8246338367462158, 0.25458216667175293, 0.13716281950473785, 0.09755358844995499, 0.07136281579732895, 0.05461670458316803, 0.04609726741909981, 0.03886020928621292, 0.031312815845012665, 0.026898086071014404, 0.022476963698863983, 0.019985374063253403, 0.019313177093863487, 0.017670394852757454, 0.01605280488729477]
Training time: 2168 	steps per sec: 7
Eval num_timesteps=15360, episode_reward=nan +/- nan
Eval num_timesteps=15360, episode_success=nan +/- nan
se
16 16384 1024
diff [0.14859014749526978, 0.050201937556266785, -0.008421823382377625, -0.0020385608077049255, -0.006264902651309967, -0.006281003355979919, -0.005901504307985306, -0.011207249015569687, -0.00752619281411171, -0.004962023347616196, -0.010323852300643921, -0.011557269841432571, -0.006465813145041466, -0.003404604271054268, -0.005144156515598297, -0.007596343755722046]
ref [0.676043689250946, 0.20438022911548615, 0.14558464288711548, 0.09959214925765991, 0.07762771844863892, 0.06089770793914795, 0.051998771727085114, 0.05006745830178261, 0.038839008659124374, 0.0318601094186306, 0.032800815999507904, 0.031542643904685974, 0.025778990238904953, 0.021074999123811722, 0.021196961402893066, 0.02284037321805954]
[0.8246338367462158, 0.25458216667175293, 0.13716281950473785, 0.09755358844995499, 0.07136281579732895, 0.05461670458316803, 0.04609726741909981, 0.03886020928621292, 0.031312815845012665, 0.026898086071014404, 0.022476963698863983, 0.019985374063253403, 0.019313177093863487, 0.017670394852757454, 0.01605280488729477, 0.015244029462337494]
Training time: 2427 	steps per sec: 6
Eval num_timesteps=16384, episode_reward=nan +/- nan
Eval num_timesteps=16384, episode_success=nan +/- nan
se
16 16384 1024
diff [0.14859014749526978, 0.050201937556266785, -0.008421823382377625, -0.0020385608077049255, -0.006264902651309967, -0.006281003355979919, -0.005901504307985306, -0.011207249015569687, -0.00752619281411171, -0.004962023347616196, -0.010323852300643921, -0.011557269841432571, -0.006465813145041466, -0.003404604271054268, -0.005144156515598297, -0.007596343755722046, -0.006440464407205582]
ref [0.676043689250946, 0.20438022911548615, 0.14558464288711548, 0.09959214925765991, 0.07762771844863892, 0.06089770793914795, 0.051998771727085114, 0.05006745830178261, 0.038839008659124374, 0.0318601094186306, 0.032800815999507904, 0.031542643904685974, 0.025778990238904953, 0.021074999123811722, 0.021196961402893066, 0.02284037321805954, 0.021064169704914093]
[0.8246338367462158, 0.25458216667175293, 0.13716281950473785, 0.09755358844995499, 0.07136281579732895, 0.05461670458316803, 0.04609726741909981, 0.03886020928621292, 0.031312815845012665, 0.026898086071014404, 0.022476963698863983, 0.019985374063253403, 0.019313177093863487, 0.017670394852757454, 0.01605280488729477, 0.015244029462337494, 0.014623705297708511]
Training time: 2676 	steps per sec: 6
Eval num_timesteps=17408, episode_reward=nan +/- nan
Eval num_timesteps=17408, episode_success=nan +/- nan
se
16 16384 1024
diff [0.14859014749526978, 0.050201937556266785, -0.008421823382377625, -0.0020385608077049255, -0.006264902651309967, -0.006281003355979919, -0.005901504307985306, -0.011207249015569687, -0.00752619281411171, -0.004962023347616196, -0.010323852300643921, -0.011557269841432571, -0.006465813145041466, -0.003404604271054268, -0.005144156515598297, -0.007596343755722046, -0.006440464407205582, -0.004554742947220802]
ref [0.676043689250946, 0.20438022911548615, 0.14558464288711548, 0.09959214925765991, 0.07762771844863892, 0.06089770793914795, 0.051998771727085114, 0.05006745830178261, 0.038839008659124374, 0.0318601094186306, 0.032800815999507904, 0.031542643904685974, 0.025778990238904953, 0.021074999123811722, 0.021196961402893066, 0.02284037321805954, 0.021064169704914093, 0.019531985744833946]
[0.8246338367462158, 0.25458216667175293, 0.13716281950473785, 0.09755358844995499, 0.07136281579732895, 0.05461670458316803, 0.04609726741909981, 0.03886020928621292, 0.031312815845012665, 0.026898086071014404, 0.022476963698863983, 0.019985374063253403, 0.019313177093863487, 0.017670394852757454, 0.01605280488729477, 0.015244029462337494, 0.014623705297708511, 0.014977242797613144]
Training time: 2919 	steps per sec: 6
Eval num_timesteps=18432, episode_reward=nan +/- nan
Eval num_timesteps=18432, episode_success=nan +/- nan
se
16 16384 1024
diff [0.14859014749526978, 0.050201937556266785, -0.008421823382377625, -0.0020385608077049255, -0.006264902651309967, -0.006281003355979919, -0.005901504307985306, -0.011207249015569687, -0.00752619281411171, -0.004962023347616196, -0.010323852300643921, -0.011557269841432571, -0.006465813145041466, -0.003404604271054268, -0.005144156515598297, -0.007596343755722046, -0.006440464407205582, -0.004554742947220802, -0.007608886808156967]
ref [0.676043689250946, 0.20438022911548615, 0.14558464288711548, 0.09959214925765991, 0.07762771844863892, 0.06089770793914795, 0.051998771727085114, 0.05006745830178261, 0.038839008659124374, 0.0318601094186306, 0.032800815999507904, 0.031542643904685974, 0.025778990238904953, 0.021074999123811722, 0.021196961402893066, 0.02284037321805954, 0.021064169704914093, 0.019531985744833946, 0.021980000659823418]
[0.8246338367462158, 0.25458216667175293, 0.13716281950473785, 0.09755358844995499, 0.07136281579732895, 0.05461670458316803, 0.04609726741909981, 0.03886020928621292, 0.031312815845012665, 0.026898086071014404, 0.022476963698863983, 0.019985374063253403, 0.019313177093863487, 0.017670394852757454, 0.01605280488729477, 0.015244029462337494, 0.014623705297708511, 0.014977242797613144, 0.01437111385166645]
Training time: 3159 	steps per sec: 6
Eval num_timesteps=19456, episode_reward=nan +/- nan
Eval num_timesteps=19456, episode_success=nan +/- nan
se
16 16384 1024
diff [0.14859014749526978, 0.050201937556266785, -0.008421823382377625, -0.0020385608077049255, -0.006264902651309967, -0.006281003355979919, -0.005901504307985306, -0.011207249015569687, -0.00752619281411171, -0.004962023347616196, -0.010323852300643921, -0.011557269841432571, -0.006465813145041466, -0.003404604271054268, -0.005144156515598297, -0.007596343755722046, -0.006440464407205582, -0.004554742947220802, -0.007608886808156967, -0.007081232033669949]
ref [0.676043689250946, 0.20438022911548615, 0.14558464288711548, 0.09959214925765991, 0.07762771844863892, 0.06089770793914795, 0.051998771727085114, 0.05006745830178261, 0.038839008659124374, 0.0318601094186306, 0.032800815999507904, 0.031542643904685974, 0.025778990238904953, 0.021074999123811722, 0.021196961402893066, 0.02284037321805954, 0.021064169704914093, 0.019531985744833946, 0.021980000659823418, 0.021637775003910065]
[0.8246338367462158, 0.25458216667175293, 0.13716281950473785, 0.09755358844995499, 0.07136281579732895, 0.05461670458316803, 0.04609726741909981, 0.03886020928621292, 0.031312815845012665, 0.026898086071014404, 0.022476963698863983, 0.019985374063253403, 0.019313177093863487, 0.017670394852757454, 0.01605280488729477, 0.015244029462337494, 0.014623705297708511, 0.014977242797613144, 0.01437111385166645, 0.014556542970240116]
Training time: 3398 	steps per sec: 6
Eval num_timesteps=20480, episode_reward=nan +/- nan
Eval num_timesteps=20480, episode_success=nan +/- nan
se
16 16384 1024
diff [0.14859014749526978, 0.050201937556266785, -0.008421823382377625, -0.0020385608077049255, -0.006264902651309967, -0.006281003355979919, -0.005901504307985306, -0.011207249015569687, -0.00752619281411171, -0.004962023347616196, -0.010323852300643921, -0.011557269841432571, -0.006465813145041466, -0.003404604271054268, -0.005144156515598297, -0.007596343755722046, -0.006440464407205582, -0.004554742947220802, -0.007608886808156967, -0.007081232033669949, -0.0077563701197505]
ref [0.676043689250946, 0.20438022911548615, 0.14558464288711548, 0.09959214925765991, 0.07762771844863892, 0.06089770793914795, 0.051998771727085114, 0.05006745830178261, 0.038839008659124374, 0.0318601094186306, 0.032800815999507904, 0.031542643904685974, 0.025778990238904953, 0.021074999123811722, 0.021196961402893066, 0.02284037321805954, 0.021064169704914093, 0.019531985744833946, 0.021980000659823418, 0.021637775003910065, 0.022138426080346107]
[0.8246338367462158, 0.25458216667175293, 0.13716281950473785, 0.09755358844995499, 0.07136281579732895, 0.05461670458316803, 0.04609726741909981, 0.03886020928621292, 0.031312815845012665, 0.026898086071014404, 0.022476963698863983, 0.019985374063253403, 0.019313177093863487, 0.017670394852757454, 0.01605280488729477, 0.015244029462337494, 0.014623705297708511, 0.014977242797613144, 0.01437111385166645, 0.014556542970240116, 0.014382055960595608]
Training time: 3640 	steps per sec: 5
Eval num_timesteps=21504, episode_reward=nan +/- nan
Eval num_timesteps=21504, episode_success=nan +/- nan
se
16 16384 1024
diff [0.14859014749526978, 0.050201937556266785, -0.008421823382377625, -0.0020385608077049255, -0.006264902651309967, -0.006281003355979919, -0.005901504307985306, -0.011207249015569687, -0.00752619281411171, -0.004962023347616196, -0.010323852300643921, -0.011557269841432571, -0.006465813145041466, -0.003404604271054268, -0.005144156515598297, -0.007596343755722046, -0.006440464407205582, -0.004554742947220802, -0.007608886808156967, -0.007081232033669949, -0.0077563701197505, -0.00382164865732193]
ref [0.676043689250946, 0.20438022911548615, 0.14558464288711548, 0.09959214925765991, 0.07762771844863892, 0.06089770793914795, 0.051998771727085114, 0.05006745830178261, 0.038839008659124374, 0.0318601094186306, 0.032800815999507904, 0.031542643904685974, 0.025778990238904953, 0.021074999123811722, 0.021196961402893066, 0.02284037321805954, 0.021064169704914093, 0.019531985744833946, 0.021980000659823418, 0.021637775003910065, 0.022138426080346107, 0.019218772649765015]
[0.8246338367462158, 0.25458216667175293, 0.13716281950473785, 0.09755358844995499, 0.07136281579732895, 0.05461670458316803, 0.04609726741909981, 0.03886020928621292, 0.031312815845012665, 0.026898086071014404, 0.022476963698863983, 0.019985374063253403, 0.019313177093863487, 0.017670394852757454, 0.01605280488729477, 0.015244029462337494, 0.014623705297708511, 0.014977242797613144, 0.01437111385166645, 0.014556542970240116, 0.014382055960595608, 0.015397123992443085]
Training time: 3884 	steps per sec: 5
Eval num_timesteps=22528, episode_reward=nan +/- nan
Eval num_timesteps=22528, episode_success=nan +/- nan
se
16 16384 1024
diff [0.14859014749526978, 0.050201937556266785, -0.008421823382377625, -0.0020385608077049255, -0.006264902651309967, -0.006281003355979919, -0.005901504307985306, -0.011207249015569687, -0.00752619281411171, -0.004962023347616196, -0.010323852300643921, -0.011557269841432571, -0.006465813145041466, -0.003404604271054268, -0.005144156515598297, -0.007596343755722046, -0.006440464407205582, -0.004554742947220802, -0.007608886808156967, -0.007081232033669949, -0.0077563701197505, -0.00382164865732193, -0.005183461122214794]
ref [0.676043689250946, 0.20438022911548615, 0.14558464288711548, 0.09959214925765991, 0.07762771844863892, 0.06089770793914795, 0.051998771727085114, 0.05006745830178261, 0.038839008659124374, 0.0318601094186306, 0.032800815999507904, 0.031542643904685974, 0.025778990238904953, 0.021074999123811722, 0.021196961402893066, 0.02284037321805954, 0.021064169704914093, 0.019531985744833946, 0.021980000659823418, 0.021637775003910065, 0.022138426080346107, 0.019218772649765015, 0.02050815522670746]
[0.8246338367462158, 0.25458216667175293, 0.13716281950473785, 0.09755358844995499, 0.07136281579732895, 0.05461670458316803, 0.04609726741909981, 0.03886020928621292, 0.031312815845012665, 0.026898086071014404, 0.022476963698863983, 0.019985374063253403, 0.019313177093863487, 0.017670394852757454, 0.01605280488729477, 0.015244029462337494, 0.014623705297708511, 0.014977242797613144, 0.01437111385166645, 0.014556542970240116, 0.014382055960595608, 0.015397123992443085, 0.015324694104492664]
Training time: 4135 	steps per sec: 5
Eval num_timesteps=23552, episode_reward=nan +/- nan
Eval num_timesteps=23552, episode_success=nan +/- nan
se
16 16384 1024
diff [0.14859014749526978, 0.050201937556266785, -0.008421823382377625, -0.0020385608077049255, -0.006264902651309967, -0.006281003355979919, -0.005901504307985306, -0.011207249015569687, -0.00752619281411171, -0.004962023347616196, -0.010323852300643921, -0.011557269841432571, -0.006465813145041466, -0.003404604271054268, -0.005144156515598297, -0.007596343755722046, -0.006440464407205582, -0.004554742947220802, -0.007608886808156967, -0.007081232033669949, -0.0077563701197505, -0.00382164865732193, -0.005183461122214794, -0.005697808228433132]
ref [0.676043689250946, 0.20438022911548615, 0.14558464288711548, 0.09959214925765991, 0.07762771844863892, 0.06089770793914795, 0.051998771727085114, 0.05006745830178261, 0.038839008659124374, 0.0318601094186306, 0.032800815999507904, 0.031542643904685974, 0.025778990238904953, 0.021074999123811722, 0.021196961402893066, 0.02284037321805954, 0.021064169704914093, 0.019531985744833946, 0.021980000659823418, 0.021637775003910065, 0.022138426080346107, 0.019218772649765015, 0.02050815522670746, 0.020730920135974884]
[0.8246338367462158, 0.25458216667175293, 0.13716281950473785, 0.09755358844995499, 0.07136281579732895, 0.05461670458316803, 0.04609726741909981, 0.03886020928621292, 0.031312815845012665, 0.026898086071014404, 0.022476963698863983, 0.019985374063253403, 0.019313177093863487, 0.017670394852757454, 0.01605280488729477, 0.015244029462337494, 0.014623705297708511, 0.014977242797613144, 0.01437111385166645, 0.014556542970240116, 0.014382055960595608, 0.015397123992443085, 0.015324694104492664, 0.015033111907541752]
Training time: 4388 	steps per sec: 5
Eval num_timesteps=24576, episode_reward=nan +/- nan
Eval num_timesteps=24576, episode_success=nan +/- nan
se
16 16384 1024
diff [0.14859014749526978, 0.050201937556266785, -0.008421823382377625, -0.0020385608077049255, -0.006264902651309967, -0.006281003355979919, -0.005901504307985306, -0.011207249015569687, -0.00752619281411171, -0.004962023347616196, -0.010323852300643921, -0.011557269841432571, -0.006465813145041466, -0.003404604271054268, -0.005144156515598297, -0.007596343755722046, -0.006440464407205582, -0.004554742947220802, -0.007608886808156967, -0.007081232033669949, -0.0077563701197505, -0.00382164865732193, -0.005183461122214794, -0.005697808228433132, -0.006236894056200981]
ref [0.676043689250946, 0.20438022911548615, 0.14558464288711548, 0.09959214925765991, 0.07762771844863892, 0.06089770793914795, 0.051998771727085114, 0.05006745830178261, 0.038839008659124374, 0.0318601094186306, 0.032800815999507904, 0.031542643904685974, 0.025778990238904953, 0.021074999123811722, 0.021196961402893066, 0.02284037321805954, 0.021064169704914093, 0.019531985744833946, 0.021980000659823418, 0.021637775003910065, 0.022138426080346107, 0.019218772649765015, 0.02050815522670746, 0.020730920135974884, 0.022651271894574165]
[0.8246338367462158, 0.25458216667175293, 0.13716281950473785, 0.09755358844995499, 0.07136281579732895, 0.05461670458316803, 0.04609726741909981, 0.03886020928621292, 0.031312815845012665, 0.026898086071014404, 0.022476963698863983, 0.019985374063253403, 0.019313177093863487, 0.017670394852757454, 0.01605280488729477, 0.015244029462337494, 0.014623705297708511, 0.014977242797613144, 0.01437111385166645, 0.014556542970240116, 0.014382055960595608, 0.015397123992443085, 0.015324694104492664, 0.015033111907541752, 0.016414377838373184]
Training time: 4641 	steps per sec: 5
Eval num_timesteps=25600, episode_reward=nan +/- nan
Eval num_timesteps=25600, episode_success=nan +/- nan
se
16 16384 1024
diff [0.14859014749526978, 0.050201937556266785, -0.008421823382377625, -0.0020385608077049255, -0.006264902651309967, -0.006281003355979919, -0.005901504307985306, -0.011207249015569687, -0.00752619281411171, -0.004962023347616196, -0.010323852300643921, -0.011557269841432571, -0.006465813145041466, -0.003404604271054268, -0.005144156515598297, -0.007596343755722046, -0.006440464407205582, -0.004554742947220802, -0.007608886808156967, -0.007081232033669949, -0.0077563701197505, -0.00382164865732193, -0.005183461122214794, -0.005697808228433132, -0.006236894056200981, -0.003001691773533821]
ref [0.676043689250946, 0.20438022911548615, 0.14558464288711548, 0.09959214925765991, 0.07762771844863892, 0.06089770793914795, 0.051998771727085114, 0.05006745830178261, 0.038839008659124374, 0.0318601094186306, 0.032800815999507904, 0.031542643904685974, 0.025778990238904953, 0.021074999123811722, 0.021196961402893066, 0.02284037321805954, 0.021064169704914093, 0.019531985744833946, 0.021980000659823418, 0.021637775003910065, 0.022138426080346107, 0.019218772649765015, 0.02050815522670746, 0.020730920135974884, 0.022651271894574165, 0.019558629021048546]
[0.8246338367462158, 0.25458216667175293, 0.13716281950473785, 0.09755358844995499, 0.07136281579732895, 0.05461670458316803, 0.04609726741909981, 0.03886020928621292, 0.031312815845012665, 0.026898086071014404, 0.022476963698863983, 0.019985374063253403, 0.019313177093863487, 0.017670394852757454, 0.01605280488729477, 0.015244029462337494, 0.014623705297708511, 0.014977242797613144, 0.01437111385166645, 0.014556542970240116, 0.014382055960595608, 0.015397123992443085, 0.015324694104492664, 0.015033111907541752, 0.016414377838373184, 0.016556937247514725]
Training time: 4888 	steps per sec: 5
Eval num_timesteps=26624, episode_reward=nan +/- nan
Eval num_timesteps=26624, episode_success=nan +/- nan
se
16 16384 1024
diff [0.14859014749526978, 0.050201937556266785, -0.008421823382377625, -0.0020385608077049255, -0.006264902651309967, -0.006281003355979919, -0.005901504307985306, -0.011207249015569687, -0.00752619281411171, -0.004962023347616196, -0.010323852300643921, -0.011557269841432571, -0.006465813145041466, -0.003404604271054268, -0.005144156515598297, -0.007596343755722046, -0.006440464407205582, -0.004554742947220802, -0.007608886808156967, -0.007081232033669949, -0.0077563701197505, -0.00382164865732193, -0.005183461122214794, -0.005697808228433132, -0.006236894056200981, -0.003001691773533821, -0.0019099004566669464]
ref [0.676043689250946, 0.20438022911548615, 0.14558464288711548, 0.09959214925765991, 0.07762771844863892, 0.06089770793914795, 0.051998771727085114, 0.05006745830178261, 0.038839008659124374, 0.0318601094186306, 0.032800815999507904, 0.031542643904685974, 0.025778990238904953, 0.021074999123811722, 0.021196961402893066, 0.02284037321805954, 0.021064169704914093, 0.019531985744833946, 0.021980000659823418, 0.021637775003910065, 0.022138426080346107, 0.019218772649765015, 0.02050815522670746, 0.020730920135974884, 0.022651271894574165, 0.019558629021048546, 0.02014346420764923]
[0.8246338367462158, 0.25458216667175293, 0.13716281950473785, 0.09755358844995499, 0.07136281579732895, 0.05461670458316803, 0.04609726741909981, 0.03886020928621292, 0.031312815845012665, 0.026898086071014404, 0.022476963698863983, 0.019985374063253403, 0.019313177093863487, 0.017670394852757454, 0.01605280488729477, 0.015244029462337494, 0.014623705297708511, 0.014977242797613144, 0.01437111385166645, 0.014556542970240116, 0.014382055960595608, 0.015397123992443085, 0.015324694104492664, 0.015033111907541752, 0.016414377838373184, 0.016556937247514725, 0.018233563750982285]
Training time: 5134 	steps per sec: 5
Eval num_timesteps=27648, episode_reward=nan +/- nan
Eval num_timesteps=27648, episode_success=nan +/- nan
se
16 16384 1024
diff [0.14859014749526978, 0.050201937556266785, -0.008421823382377625, -0.0020385608077049255, -0.006264902651309967, -0.006281003355979919, -0.005901504307985306, -0.011207249015569687, -0.00752619281411171, -0.004962023347616196, -0.010323852300643921, -0.011557269841432571, -0.006465813145041466, -0.003404604271054268, -0.005144156515598297, -0.007596343755722046, -0.006440464407205582, -0.004554742947220802, -0.007608886808156967, -0.007081232033669949, -0.0077563701197505, -0.00382164865732193, -0.005183461122214794, -0.005697808228433132, -0.006236894056200981, -0.003001691773533821, -0.0019099004566669464, -0.0017239321023225784]
ref [0.676043689250946, 0.20438022911548615, 0.14558464288711548, 0.09959214925765991, 0.07762771844863892, 0.06089770793914795, 0.051998771727085114, 0.05006745830178261, 0.038839008659124374, 0.0318601094186306, 0.032800815999507904, 0.031542643904685974, 0.025778990238904953, 0.021074999123811722, 0.021196961402893066, 0.02284037321805954, 0.021064169704914093, 0.019531985744833946, 0.021980000659823418, 0.021637775003910065, 0.022138426080346107, 0.019218772649765015, 0.02050815522670746, 0.020730920135974884, 0.022651271894574165, 0.019558629021048546, 0.02014346420764923, 0.020662540569901466]
[0.8246338367462158, 0.25458216667175293, 0.13716281950473785, 0.09755358844995499, 0.07136281579732895, 0.05461670458316803, 0.04609726741909981, 0.03886020928621292, 0.031312815845012665, 0.026898086071014404, 0.022476963698863983, 0.019985374063253403, 0.019313177093863487, 0.017670394852757454, 0.01605280488729477, 0.015244029462337494, 0.014623705297708511, 0.014977242797613144, 0.01437111385166645, 0.014556542970240116, 0.014382055960595608, 0.015397123992443085, 0.015324694104492664, 0.015033111907541752, 0.016414377838373184, 0.016556937247514725, 0.018233563750982285, 0.018938608467578888]
Training time: 5375 	steps per sec: 5
Eval num_timesteps=28672, episode_reward=nan +/- nan
Eval num_timesteps=28672, episode_success=nan +/- nan
se
16 16384 1024
diff [0.14859014749526978, 0.050201937556266785, -0.008421823382377625, -0.0020385608077049255, -0.006264902651309967, -0.006281003355979919, -0.005901504307985306, -0.011207249015569687, -0.00752619281411171, -0.004962023347616196, -0.010323852300643921, -0.011557269841432571, -0.006465813145041466, -0.003404604271054268, -0.005144156515598297, -0.007596343755722046, -0.006440464407205582, -0.004554742947220802, -0.007608886808156967, -0.007081232033669949, -0.0077563701197505, -0.00382164865732193, -0.005183461122214794, -0.005697808228433132, -0.006236894056200981, -0.003001691773533821, -0.0019099004566669464, -0.0017239321023225784, -0.0022116005420684814]
ref [0.676043689250946, 0.20438022911548615, 0.14558464288711548, 0.09959214925765991, 0.07762771844863892, 0.06089770793914795, 0.051998771727085114, 0.05006745830178261, 0.038839008659124374, 0.0318601094186306, 0.032800815999507904, 0.031542643904685974, 0.025778990238904953, 0.021074999123811722, 0.021196961402893066, 0.02284037321805954, 0.021064169704914093, 0.019531985744833946, 0.021980000659823418, 0.021637775003910065, 0.022138426080346107, 0.019218772649765015, 0.02050815522670746, 0.020730920135974884, 0.022651271894574165, 0.019558629021048546, 0.02014346420764923, 0.020662540569901466, 0.020502232015132904]
[0.8246338367462158, 0.25458216667175293, 0.13716281950473785, 0.09755358844995499, 0.07136281579732895, 0.05461670458316803, 0.04609726741909981, 0.03886020928621292, 0.031312815845012665, 0.026898086071014404, 0.022476963698863983, 0.019985374063253403, 0.019313177093863487, 0.017670394852757454, 0.01605280488729477, 0.015244029462337494, 0.014623705297708511, 0.014977242797613144, 0.01437111385166645, 0.014556542970240116, 0.014382055960595608, 0.015397123992443085, 0.015324694104492664, 0.015033111907541752, 0.016414377838373184, 0.016556937247514725, 0.018233563750982285, 0.018938608467578888, 0.018290631473064423]
Training time: 5630 	steps per sec: 5
Eval num_timesteps=29696, episode_reward=nan +/- nan
Eval num_timesteps=29696, episode_success=nan +/- nan
se
16 16384 1024
diff [0.14859014749526978, 0.050201937556266785, -0.008421823382377625, -0.0020385608077049255, -0.006264902651309967, -0.006281003355979919, -0.005901504307985306, -0.011207249015569687, -0.00752619281411171, -0.004962023347616196, -0.010323852300643921, -0.011557269841432571, -0.006465813145041466, -0.003404604271054268, -0.005144156515598297, -0.007596343755722046, -0.006440464407205582, -0.004554742947220802, -0.007608886808156967, -0.007081232033669949, -0.0077563701197505, -0.00382164865732193, -0.005183461122214794, -0.005697808228433132, -0.006236894056200981, -0.003001691773533821, -0.0019099004566669464, -0.0017239321023225784, -0.0022116005420684814, -0.0031354185193777084]
ref [0.676043689250946, 0.20438022911548615, 0.14558464288711548, 0.09959214925765991, 0.07762771844863892, 0.06089770793914795, 0.051998771727085114, 0.05006745830178261, 0.038839008659124374, 0.0318601094186306, 0.032800815999507904, 0.031542643904685974, 0.025778990238904953, 0.021074999123811722, 0.021196961402893066, 0.02284037321805954, 0.021064169704914093, 0.019531985744833946, 0.021980000659823418, 0.021637775003910065, 0.022138426080346107, 0.019218772649765015, 0.02050815522670746, 0.020730920135974884, 0.022651271894574165, 0.019558629021048546, 0.02014346420764923, 0.020662540569901466, 0.020502232015132904, 0.021330926567316055]
[0.8246338367462158, 0.25458216667175293, 0.13716281950473785, 0.09755358844995499, 0.07136281579732895, 0.05461670458316803, 0.04609726741909981, 0.03886020928621292, 0.031312815845012665, 0.026898086071014404, 0.022476963698863983, 0.019985374063253403, 0.019313177093863487, 0.017670394852757454, 0.01605280488729477, 0.015244029462337494, 0.014623705297708511, 0.014977242797613144, 0.01437111385166645, 0.014556542970240116, 0.014382055960595608, 0.015397123992443085, 0.015324694104492664, 0.015033111907541752, 0.016414377838373184, 0.016556937247514725, 0.018233563750982285, 0.018938608467578888, 0.018290631473064423, 0.018195508047938347]
Training time: 5887 	steps per sec: 5
Eval num_timesteps=30720, episode_reward=nan +/- nan
Eval num_timesteps=30720, episode_success=nan +/- nan
se
16 16384 1024
diff [0.14859014749526978, 0.050201937556266785, -0.008421823382377625, -0.0020385608077049255, -0.006264902651309967, -0.006281003355979919, -0.005901504307985306, -0.011207249015569687, -0.00752619281411171, -0.004962023347616196, -0.010323852300643921, -0.011557269841432571, -0.006465813145041466, -0.003404604271054268, -0.005144156515598297, -0.007596343755722046, -0.006440464407205582, -0.004554742947220802, -0.007608886808156967, -0.007081232033669949, -0.0077563701197505, -0.00382164865732193, -0.005183461122214794, -0.005697808228433132, -0.006236894056200981, -0.003001691773533821, -0.0019099004566669464, -0.0017239321023225784, -0.0022116005420684814, -0.0031354185193777084, -0.004185101017355919]
ref [0.676043689250946, 0.20438022911548615, 0.14558464288711548, 0.09959214925765991, 0.07762771844863892, 0.06089770793914795, 0.051998771727085114, 0.05006745830178261, 0.038839008659124374, 0.0318601094186306, 0.032800815999507904, 0.031542643904685974, 0.025778990238904953, 0.021074999123811722, 0.021196961402893066, 0.02284037321805954, 0.021064169704914093, 0.019531985744833946, 0.021980000659823418, 0.021637775003910065, 0.022138426080346107, 0.019218772649765015, 0.02050815522670746, 0.020730920135974884, 0.022651271894574165, 0.019558629021048546, 0.02014346420764923, 0.020662540569901466, 0.020502232015132904, 0.021330926567316055, 0.02213958650827408]
[0.8246338367462158, 0.25458216667175293, 0.13716281950473785, 0.09755358844995499, 0.07136281579732895, 0.05461670458316803, 0.04609726741909981, 0.03886020928621292, 0.031312815845012665, 0.026898086071014404, 0.022476963698863983, 0.019985374063253403, 0.019313177093863487, 0.017670394852757454, 0.01605280488729477, 0.015244029462337494, 0.014623705297708511, 0.014977242797613144, 0.01437111385166645, 0.014556542970240116, 0.014382055960595608, 0.015397123992443085, 0.015324694104492664, 0.015033111907541752, 0.016414377838373184, 0.016556937247514725, 0.018233563750982285, 0.018938608467578888, 0.018290631473064423, 0.018195508047938347, 0.01795448549091816]
Training time: 6149 	steps per sec: 5
Eval num_timesteps=31744, episode_reward=nan +/- nan
Eval num_timesteps=31744, episode_success=nan +/- nan
se
16 16384 1024
diff [0.14859014749526978, 0.050201937556266785, -0.008421823382377625, -0.0020385608077049255, -0.006264902651309967, -0.006281003355979919, -0.005901504307985306, -0.011207249015569687, -0.00752619281411171, -0.004962023347616196, -0.010323852300643921, -0.011557269841432571, -0.006465813145041466, -0.003404604271054268, -0.005144156515598297, -0.007596343755722046, -0.006440464407205582, -0.004554742947220802, -0.007608886808156967, -0.007081232033669949, -0.0077563701197505, -0.00382164865732193, -0.005183461122214794, -0.005697808228433132, -0.006236894056200981, -0.003001691773533821, -0.0019099004566669464, -0.0017239321023225784, -0.0022116005420684814, -0.0031354185193777084, -0.004185101017355919, -0.0025445427745580673]
ref [0.676043689250946, 0.20438022911548615, 0.14558464288711548, 0.09959214925765991, 0.07762771844863892, 0.06089770793914795, 0.051998771727085114, 0.05006745830178261, 0.038839008659124374, 0.0318601094186306, 0.032800815999507904, 0.031542643904685974, 0.025778990238904953, 0.021074999123811722, 0.021196961402893066, 0.02284037321805954, 0.021064169704914093, 0.019531985744833946, 0.021980000659823418, 0.021637775003910065, 0.022138426080346107, 0.019218772649765015, 0.02050815522670746, 0.020730920135974884, 0.022651271894574165, 0.019558629021048546, 0.02014346420764923, 0.020662540569901466, 0.020502232015132904, 0.021330926567316055, 0.02213958650827408, 0.021354863420128822]
[0.8246338367462158, 0.25458216667175293, 0.13716281950473785, 0.09755358844995499, 0.07136281579732895, 0.05461670458316803, 0.04609726741909981, 0.03886020928621292, 0.031312815845012665, 0.026898086071014404, 0.022476963698863983, 0.019985374063253403, 0.019313177093863487, 0.017670394852757454, 0.01605280488729477, 0.015244029462337494, 0.014623705297708511, 0.014977242797613144, 0.01437111385166645, 0.014556542970240116, 0.014382055960595608, 0.015397123992443085, 0.015324694104492664, 0.015033111907541752, 0.016414377838373184, 0.016556937247514725, 0.018233563750982285, 0.018938608467578888, 0.018290631473064423, 0.018195508047938347, 0.01795448549091816, 0.018810320645570755]
Training time: 6410 	steps per sec: 5
Eval num_timesteps=32768, episode_reward=nan +/- nan
Eval num_timesteps=32768, episode_success=nan +/- nan
results/Ant-v4/
results/Ant-v4/ppo_ros/
results/Ant-v4/ppo_ros/expert/
results/Ant-v4/ppo_ros/expert/b_16/
results/Ant-v4/ppo_ros/expert/b_16/no_clip/
results/Ant-v4/ppo_ros/expert/b_16/no_clip/run_2/
results/Ant-v4/ppo_ros/expert/b_16/no_clip/run_2/evaluations.npz
results/Ant-v4/ppo_ros/expert/b_16/no_clip/run_2/stats.npz
results/Ant-v4/ppo_ros/expert/b_16/no_clip/run_2/config.yml
