ppo_ros_continuous.py --env-id HalfCheetah-v4 -s expert/b_16/no_clip --total-timesteps 32768 --eval-freq 1 --eval-episodes 0 -b 16 --num-steps 1024 -lr 0 --update-epochs 0 --anneal-lr 0 --ros-num-steps 256 --ros-update-epochs 16 --ros-target-kl 0.05 --ros-clip-coef 999999999 --ros-lambda 0.1 -ros-lr 0.001 --ros-anneal-lr 0 --se 1 --se-freq 1 --se-lr 1e-3 --se-epochs 1000 --policy-path policies/HalfCheetah-v4/best_model.zip --normalization-dir policies/HalfCheetah-v4
Obtaining file:///var/lib/condor/execute/slot1/dir_394845/PPOROS/PPOROS/custom-envs
  Preparing metadata (setup.py): started
  Preparing metadata (setup.py): finished with status 'done'
Requirement already satisfied: gym in /var/lib/condor/execute/slot1/dir_394845/PPOROS/ppo-ros_env/lib/python3.9/site-packages (from custom-envs==0.0.1) (0.21.0)
Requirement already satisfied: numpy>=1.18.0 in /var/lib/condor/execute/slot1/dir_394845/PPOROS/ppo-ros_env/lib/python3.9/site-packages (from gym->custom-envs==0.0.1) (1.24.2)
Requirement already satisfied: cloudpickle>=1.2.0 in /var/lib/condor/execute/slot1/dir_394845/PPOROS/ppo-ros_env/lib/python3.9/site-packages (from gym->custom-envs==0.0.1) (2.2.1)
Installing collected packages: custom-envs
  Running setup.py develop for custom-envs
Successfully installed custom-envs-0.0.1
seed: 1
Eval num_timesteps=0, episode_reward=nan +/- nan
Eval num_timesteps=0, episode_success=nan +/- nan
se
1 1024 1024
diff [0.017507851123809814]
ref [0.250212162733078]
[0.2677200138568878]
Training time: 14 	steps per sec: 70
Eval num_timesteps=1024, episode_reward=nan +/- nan
Eval num_timesteps=1024, episode_success=nan +/- nan
se
2 2048 1024
diff [0.017507851123809814, 0.001840837299823761]
ref [0.250212162733078, 0.09701184928417206]
[0.2677200138568878, 0.09885268658399582]
Training time: 39 	steps per sec: 52
Eval num_timesteps=2048, episode_reward=nan +/- nan
Eval num_timesteps=2048, episode_success=nan +/- nan
se
3 3072 1024
diff [0.017507851123809814, 0.001840837299823761, -0.009962961077690125]
ref [0.250212162733078, 0.09701184928417206, 0.0748789981007576]
[0.2677200138568878, 0.09885268658399582, 0.06491603702306747]
Training time: 73 	steps per sec: 41
Eval num_timesteps=3072, episode_reward=nan +/- nan
Eval num_timesteps=3072, episode_success=nan +/- nan
se
4 4096 1024
diff [0.017507851123809814, 0.001840837299823761, -0.009962961077690125, -0.024278681725263596]
ref [0.250212162733078, 0.09701184928417206, 0.0748789981007576, 0.0712495818734169]
[0.2677200138568878, 0.09885268658399582, 0.06491603702306747, 0.046970900148153305]
Training time: 112 	steps per sec: 36
Eval num_timesteps=4096, episode_reward=nan +/- nan
Eval num_timesteps=4096, episode_success=nan +/- nan
se
5 5120 1024
diff [0.017507851123809814, 0.001840837299823761, -0.009962961077690125, -0.024278681725263596, -0.006454966962337494]
ref [0.250212162733078, 0.09701184928417206, 0.0748789981007576, 0.0712495818734169, 0.04681852459907532]
[0.2677200138568878, 0.09885268658399582, 0.06491603702306747, 0.046970900148153305, 0.040363557636737823]
Training time: 160 	steps per sec: 31
Eval num_timesteps=5120, episode_reward=nan +/- nan
Eval num_timesteps=5120, episode_success=nan +/- nan
se
6 6144 1024
diff [0.017507851123809814, 0.001840837299823761, -0.009962961077690125, -0.024278681725263596, -0.006454966962337494, -0.01186857745051384]
ref [0.250212162733078, 0.09701184928417206, 0.0748789981007576, 0.0712495818734169, 0.04681852459907532, 0.0440802276134491]
[0.2677200138568878, 0.09885268658399582, 0.06491603702306747, 0.046970900148153305, 0.040363557636737823, 0.03221165016293526]
Training time: 215 	steps per sec: 28
Eval num_timesteps=6144, episode_reward=nan +/- nan
Eval num_timesteps=6144, episode_success=nan +/- nan
se
7 7168 1024
diff [0.017507851123809814, 0.001840837299823761, -0.009962961077690125, -0.024278681725263596, -0.006454966962337494, -0.01186857745051384, -0.006373530253767967]
ref [0.250212162733078, 0.09701184928417206, 0.0748789981007576, 0.0712495818734169, 0.04681852459907532, 0.0440802276134491, 0.031882144510746]
[0.2677200138568878, 0.09885268658399582, 0.06491603702306747, 0.046970900148153305, 0.040363557636737823, 0.03221165016293526, 0.025508614256978035]
Training time: 279 	steps per sec: 25
Eval num_timesteps=7168, episode_reward=nan +/- nan
Eval num_timesteps=7168, episode_success=nan +/- nan
se
8 8192 1024
diff [0.017507851123809814, 0.001840837299823761, -0.009962961077690125, -0.024278681725263596, -0.006454966962337494, -0.01186857745051384, -0.006373530253767967, -0.010447809472680092]
ref [0.250212162733078, 0.09701184928417206, 0.0748789981007576, 0.0712495818734169, 0.04681852459907532, 0.0440802276134491, 0.031882144510746, 0.031713586300611496]
[0.2677200138568878, 0.09885268658399582, 0.06491603702306747, 0.046970900148153305, 0.040363557636737823, 0.03221165016293526, 0.025508614256978035, 0.021265776827931404]
Training time: 351 	steps per sec: 23
Eval num_timesteps=8192, episode_reward=nan +/- nan
Eval num_timesteps=8192, episode_success=nan +/- nan
se
9 9216 1024
diff [0.017507851123809814, 0.001840837299823761, -0.009962961077690125, -0.024278681725263596, -0.006454966962337494, -0.01186857745051384, -0.006373530253767967, -0.010447809472680092, 0.002498852089047432]
ref [0.250212162733078, 0.09701184928417206, 0.0748789981007576, 0.0712495818734169, 0.04681852459907532, 0.0440802276134491, 0.031882144510746, 0.031713586300611496, 0.026495933532714844]
[0.2677200138568878, 0.09885268658399582, 0.06491603702306747, 0.046970900148153305, 0.040363557636737823, 0.03221165016293526, 0.025508614256978035, 0.021265776827931404, 0.028994785621762276]
Training time: 432 	steps per sec: 21
Eval num_timesteps=9216, episode_reward=nan +/- nan
Eval num_timesteps=9216, episode_success=nan +/- nan
se
10 10240 1024
diff [0.017507851123809814, 0.001840837299823761, -0.009962961077690125, -0.024278681725263596, -0.006454966962337494, -0.01186857745051384, -0.006373530253767967, -0.010447809472680092, 0.002498852089047432, 0.002397138625383377]
ref [0.250212162733078, 0.09701184928417206, 0.0748789981007576, 0.0712495818734169, 0.04681852459907532, 0.0440802276134491, 0.031882144510746, 0.031713586300611496, 0.026495933532714844, 0.02166331186890602]
[0.2677200138568878, 0.09885268658399582, 0.06491603702306747, 0.046970900148153305, 0.040363557636737823, 0.03221165016293526, 0.025508614256978035, 0.021265776827931404, 0.028994785621762276, 0.024060450494289398]
Training time: 517 	steps per sec: 19
Eval num_timesteps=10240, episode_reward=nan +/- nan
Eval num_timesteps=10240, episode_success=nan +/- nan
se
11 11264 1024
diff [0.017507851123809814, 0.001840837299823761, -0.009962961077690125, -0.024278681725263596, -0.006454966962337494, -0.01186857745051384, -0.006373530253767967, -0.010447809472680092, 0.002498852089047432, 0.002397138625383377, 0.0029395539313554764]
ref [0.250212162733078, 0.09701184928417206, 0.0748789981007576, 0.0712495818734169, 0.04681852459907532, 0.0440802276134491, 0.031882144510746, 0.031713586300611496, 0.026495933532714844, 0.02166331186890602, 0.019757114350795746]
[0.2677200138568878, 0.09885268658399582, 0.06491603702306747, 0.046970900148153305, 0.040363557636737823, 0.03221165016293526, 0.025508614256978035, 0.021265776827931404, 0.028994785621762276, 0.024060450494289398, 0.022696668282151222]
Training time: 611 	steps per sec: 18
Eval num_timesteps=11264, episode_reward=nan +/- nan
Eval num_timesteps=11264, episode_success=nan +/- nan
se
12 12288 1024
diff [0.017507851123809814, 0.001840837299823761, -0.009962961077690125, -0.024278681725263596, -0.006454966962337494, -0.01186857745051384, -0.006373530253767967, -0.010447809472680092, 0.002498852089047432, 0.002397138625383377, 0.0029395539313554764, 0.0011597909033298492]
ref [0.250212162733078, 0.09701184928417206, 0.0748789981007576, 0.0712495818734169, 0.04681852459907532, 0.0440802276134491, 0.031882144510746, 0.031713586300611496, 0.026495933532714844, 0.02166331186890602, 0.019757114350795746, 0.019942888990044594]
[0.2677200138568878, 0.09885268658399582, 0.06491603702306747, 0.046970900148153305, 0.040363557636737823, 0.03221165016293526, 0.025508614256978035, 0.021265776827931404, 0.028994785621762276, 0.024060450494289398, 0.022696668282151222, 0.021102679893374443]
Training time: 710 	steps per sec: 17
Eval num_timesteps=12288, episode_reward=nan +/- nan
Eval num_timesteps=12288, episode_success=nan +/- nan
se
13 13312 1024
diff [0.017507851123809814, 0.001840837299823761, -0.009962961077690125, -0.024278681725263596, -0.006454966962337494, -0.01186857745051384, -0.006373530253767967, -0.010447809472680092, 0.002498852089047432, 0.002397138625383377, 0.0029395539313554764, 0.0011597909033298492, -0.001350918784737587]
ref [0.250212162733078, 0.09701184928417206, 0.0748789981007576, 0.0712495818734169, 0.04681852459907532, 0.0440802276134491, 0.031882144510746, 0.031713586300611496, 0.026495933532714844, 0.02166331186890602, 0.019757114350795746, 0.019942888990044594, 0.020559262484312057]
[0.2677200138568878, 0.09885268658399582, 0.06491603702306747, 0.046970900148153305, 0.040363557636737823, 0.03221165016293526, 0.025508614256978035, 0.021265776827931404, 0.028994785621762276, 0.024060450494289398, 0.022696668282151222, 0.021102679893374443, 0.01920834369957447]
Training time: 817 	steps per sec: 16
Eval num_timesteps=13312, episode_reward=nan +/- nan
Eval num_timesteps=13312, episode_success=nan +/- nan
se
14 14336 1024
diff [0.017507851123809814, 0.001840837299823761, -0.009962961077690125, -0.024278681725263596, -0.006454966962337494, -0.01186857745051384, -0.006373530253767967, -0.010447809472680092, 0.002498852089047432, 0.002397138625383377, 0.0029395539313554764, 0.0011597909033298492, -0.001350918784737587, 0.00013966113328933716]
ref [0.250212162733078, 0.09701184928417206, 0.0748789981007576, 0.0712495818734169, 0.04681852459907532, 0.0440802276134491, 0.031882144510746, 0.031713586300611496, 0.026495933532714844, 0.02166331186890602, 0.019757114350795746, 0.019942888990044594, 0.020559262484312057, 0.017178455367684364]
[0.2677200138568878, 0.09885268658399582, 0.06491603702306747, 0.046970900148153305, 0.040363557636737823, 0.03221165016293526, 0.025508614256978035, 0.021265776827931404, 0.028994785621762276, 0.024060450494289398, 0.022696668282151222, 0.021102679893374443, 0.01920834369957447, 0.0173181165009737]
Training time: 929 	steps per sec: 15
Eval num_timesteps=14336, episode_reward=nan +/- nan
Eval num_timesteps=14336, episode_success=nan +/- nan
se
15 15360 1024
diff [0.017507851123809814, 0.001840837299823761, -0.009962961077690125, -0.024278681725263596, -0.006454966962337494, -0.01186857745051384, -0.006373530253767967, -0.010447809472680092, 0.002498852089047432, 0.002397138625383377, 0.0029395539313554764, 0.0011597909033298492, -0.001350918784737587, 0.00013966113328933716, 0.0006631864234805107]
ref [0.250212162733078, 0.09701184928417206, 0.0748789981007576, 0.0712495818734169, 0.04681852459907532, 0.0440802276134491, 0.031882144510746, 0.031713586300611496, 0.026495933532714844, 0.02166331186890602, 0.019757114350795746, 0.019942888990044594, 0.020559262484312057, 0.017178455367684364, 0.015602155588567257]
[0.2677200138568878, 0.09885268658399582, 0.06491603702306747, 0.046970900148153305, 0.040363557636737823, 0.03221165016293526, 0.025508614256978035, 0.021265776827931404, 0.028994785621762276, 0.024060450494289398, 0.022696668282151222, 0.021102679893374443, 0.01920834369957447, 0.0173181165009737, 0.016265342012047768]
Training time: 1046 	steps per sec: 14
Eval num_timesteps=15360, episode_reward=nan +/- nan
Eval num_timesteps=15360, episode_success=nan +/- nan
se
16 16384 1024
diff [0.017507851123809814, 0.001840837299823761, -0.009962961077690125, -0.024278681725263596, -0.006454966962337494, -0.01186857745051384, -0.006373530253767967, -0.010447809472680092, 0.002498852089047432, 0.002397138625383377, 0.0029395539313554764, 0.0011597909033298492, -0.001350918784737587, 0.00013966113328933716, 0.0006631864234805107, -0.0027461405843496323]
ref [0.250212162733078, 0.09701184928417206, 0.0748789981007576, 0.0712495818734169, 0.04681852459907532, 0.0440802276134491, 0.031882144510746, 0.031713586300611496, 0.026495933532714844, 0.02166331186890602, 0.019757114350795746, 0.019942888990044594, 0.020559262484312057, 0.017178455367684364, 0.015602155588567257, 0.01678246632218361]
[0.2677200138568878, 0.09885268658399582, 0.06491603702306747, 0.046970900148153305, 0.040363557636737823, 0.03221165016293526, 0.025508614256978035, 0.021265776827931404, 0.028994785621762276, 0.024060450494289398, 0.022696668282151222, 0.021102679893374443, 0.01920834369957447, 0.0173181165009737, 0.016265342012047768, 0.014036325737833977]
Training time: 1174 	steps per sec: 13
Eval num_timesteps=16384, episode_reward=nan +/- nan
Eval num_timesteps=16384, episode_success=nan +/- nan
se
16 16384 1024
diff [0.017507851123809814, 0.001840837299823761, -0.009962961077690125, -0.024278681725263596, -0.006454966962337494, -0.01186857745051384, -0.006373530253767967, -0.010447809472680092, 0.002498852089047432, 0.002397138625383377, 0.0029395539313554764, 0.0011597909033298492, -0.001350918784737587, 0.00013966113328933716, 0.0006631864234805107, -0.0027461405843496323, -0.0010419916361570358]
ref [0.250212162733078, 0.09701184928417206, 0.0748789981007576, 0.0712495818734169, 0.04681852459907532, 0.0440802276134491, 0.031882144510746, 0.031713586300611496, 0.026495933532714844, 0.02166331186890602, 0.019757114350795746, 0.019942888990044594, 0.020559262484312057, 0.017178455367684364, 0.015602155588567257, 0.01678246632218361, 0.014977973885834217]
[0.2677200138568878, 0.09885268658399582, 0.06491603702306747, 0.046970900148153305, 0.040363557636737823, 0.03221165016293526, 0.025508614256978035, 0.021265776827931404, 0.028994785621762276, 0.024060450494289398, 0.022696668282151222, 0.021102679893374443, 0.01920834369957447, 0.0173181165009737, 0.016265342012047768, 0.014036325737833977, 0.013935982249677181]
Training time: 1310 	steps per sec: 13
Eval num_timesteps=17408, episode_reward=nan +/- nan
Eval num_timesteps=17408, episode_success=nan +/- nan
se
16 16384 1024
diff [0.017507851123809814, 0.001840837299823761, -0.009962961077690125, -0.024278681725263596, -0.006454966962337494, -0.01186857745051384, -0.006373530253767967, -0.010447809472680092, 0.002498852089047432, 0.002397138625383377, 0.0029395539313554764, 0.0011597909033298492, -0.001350918784737587, 0.00013966113328933716, 0.0006631864234805107, -0.0027461405843496323, -0.0010419916361570358, -0.0014302628114819527]
ref [0.250212162733078, 0.09701184928417206, 0.0748789981007576, 0.0712495818734169, 0.04681852459907532, 0.0440802276134491, 0.031882144510746, 0.031713586300611496, 0.026495933532714844, 0.02166331186890602, 0.019757114350795746, 0.019942888990044594, 0.020559262484312057, 0.017178455367684364, 0.015602155588567257, 0.01678246632218361, 0.014977973885834217, 0.01492111012339592]
[0.2677200138568878, 0.09885268658399582, 0.06491603702306747, 0.046970900148153305, 0.040363557636737823, 0.03221165016293526, 0.025508614256978035, 0.021265776827931404, 0.028994785621762276, 0.024060450494289398, 0.022696668282151222, 0.021102679893374443, 0.01920834369957447, 0.0173181165009737, 0.016265342012047768, 0.014036325737833977, 0.013935982249677181, 0.013490847311913967]
Training time: 1443 	steps per sec: 12
Eval num_timesteps=18432, episode_reward=nan +/- nan
Eval num_timesteps=18432, episode_success=nan +/- nan
se
16 16384 1024
diff [0.017507851123809814, 0.001840837299823761, -0.009962961077690125, -0.024278681725263596, -0.006454966962337494, -0.01186857745051384, -0.006373530253767967, -0.010447809472680092, 0.002498852089047432, 0.002397138625383377, 0.0029395539313554764, 0.0011597909033298492, -0.001350918784737587, 0.00013966113328933716, 0.0006631864234805107, -0.0027461405843496323, -0.0010419916361570358, -0.0014302628114819527, -0.0024061473086476326]
ref [0.250212162733078, 0.09701184928417206, 0.0748789981007576, 0.0712495818734169, 0.04681852459907532, 0.0440802276134491, 0.031882144510746, 0.031713586300611496, 0.026495933532714844, 0.02166331186890602, 0.019757114350795746, 0.019942888990044594, 0.020559262484312057, 0.017178455367684364, 0.015602155588567257, 0.01678246632218361, 0.014977973885834217, 0.01492111012339592, 0.01617126725614071]
[0.2677200138568878, 0.09885268658399582, 0.06491603702306747, 0.046970900148153305, 0.040363557636737823, 0.03221165016293526, 0.025508614256978035, 0.021265776827931404, 0.028994785621762276, 0.024060450494289398, 0.022696668282151222, 0.021102679893374443, 0.01920834369957447, 0.0173181165009737, 0.016265342012047768, 0.014036325737833977, 0.013935982249677181, 0.013490847311913967, 0.013765119947493076]
Training time: 1579 	steps per sec: 12
Eval num_timesteps=19456, episode_reward=nan +/- nan
Eval num_timesteps=19456, episode_success=nan +/- nan
se
16 16384 1024
diff [0.017507851123809814, 0.001840837299823761, -0.009962961077690125, -0.024278681725263596, -0.006454966962337494, -0.01186857745051384, -0.006373530253767967, -0.010447809472680092, 0.002498852089047432, 0.002397138625383377, 0.0029395539313554764, 0.0011597909033298492, -0.001350918784737587, 0.00013966113328933716, 0.0006631864234805107, -0.0027461405843496323, -0.0010419916361570358, -0.0014302628114819527, -0.0024061473086476326, -0.0014191064983606339]
ref [0.250212162733078, 0.09701184928417206, 0.0748789981007576, 0.0712495818734169, 0.04681852459907532, 0.0440802276134491, 0.031882144510746, 0.031713586300611496, 0.026495933532714844, 0.02166331186890602, 0.019757114350795746, 0.019942888990044594, 0.020559262484312057, 0.017178455367684364, 0.015602155588567257, 0.01678246632218361, 0.014977973885834217, 0.01492111012339592, 0.01617126725614071, 0.01497532706707716]
[0.2677200138568878, 0.09885268658399582, 0.06491603702306747, 0.046970900148153305, 0.040363557636737823, 0.03221165016293526, 0.025508614256978035, 0.021265776827931404, 0.028994785621762276, 0.024060450494289398, 0.022696668282151222, 0.021102679893374443, 0.01920834369957447, 0.0173181165009737, 0.016265342012047768, 0.014036325737833977, 0.013935982249677181, 0.013490847311913967, 0.013765119947493076, 0.013556220568716526]
Training time: 1706 	steps per sec: 12
Eval num_timesteps=20480, episode_reward=nan +/- nan
Eval num_timesteps=20480, episode_success=nan +/- nan
se
16 16384 1024
diff [0.017507851123809814, 0.001840837299823761, -0.009962961077690125, -0.024278681725263596, -0.006454966962337494, -0.01186857745051384, -0.006373530253767967, -0.010447809472680092, 0.002498852089047432, 0.002397138625383377, 0.0029395539313554764, 0.0011597909033298492, -0.001350918784737587, 0.00013966113328933716, 0.0006631864234805107, -0.0027461405843496323, -0.0010419916361570358, -0.0014302628114819527, -0.0024061473086476326, -0.0014191064983606339, -0.00470728799700737]
ref [0.250212162733078, 0.09701184928417206, 0.0748789981007576, 0.0712495818734169, 0.04681852459907532, 0.0440802276134491, 0.031882144510746, 0.031713586300611496, 0.026495933532714844, 0.02166331186890602, 0.019757114350795746, 0.019942888990044594, 0.020559262484312057, 0.017178455367684364, 0.015602155588567257, 0.01678246632218361, 0.014977973885834217, 0.01492111012339592, 0.01617126725614071, 0.01497532706707716, 0.01767478510737419]
[0.2677200138568878, 0.09885268658399582, 0.06491603702306747, 0.046970900148153305, 0.040363557636737823, 0.03221165016293526, 0.025508614256978035, 0.021265776827931404, 0.028994785621762276, 0.024060450494289398, 0.022696668282151222, 0.021102679893374443, 0.01920834369957447, 0.0173181165009737, 0.016265342012047768, 0.014036325737833977, 0.013935982249677181, 0.013490847311913967, 0.013765119947493076, 0.013556220568716526, 0.012967497110366821]
Training time: 1833 	steps per sec: 11
Eval num_timesteps=21504, episode_reward=nan +/- nan
Eval num_timesteps=21504, episode_success=nan +/- nan
se
16 16384 1024
diff [0.017507851123809814, 0.001840837299823761, -0.009962961077690125, -0.024278681725263596, -0.006454966962337494, -0.01186857745051384, -0.006373530253767967, -0.010447809472680092, 0.002498852089047432, 0.002397138625383377, 0.0029395539313554764, 0.0011597909033298492, -0.001350918784737587, 0.00013966113328933716, 0.0006631864234805107, -0.0027461405843496323, -0.0010419916361570358, -0.0014302628114819527, -0.0024061473086476326, -0.0014191064983606339, -0.00470728799700737, -0.0030394643545150757]
ref [0.250212162733078, 0.09701184928417206, 0.0748789981007576, 0.0712495818734169, 0.04681852459907532, 0.0440802276134491, 0.031882144510746, 0.031713586300611496, 0.026495933532714844, 0.02166331186890602, 0.019757114350795746, 0.019942888990044594, 0.020559262484312057, 0.017178455367684364, 0.015602155588567257, 0.01678246632218361, 0.014977973885834217, 0.01492111012339592, 0.01617126725614071, 0.01497532706707716, 0.01767478510737419, 0.015086757019162178]
[0.2677200138568878, 0.09885268658399582, 0.06491603702306747, 0.046970900148153305, 0.040363557636737823, 0.03221165016293526, 0.025508614256978035, 0.021265776827931404, 0.028994785621762276, 0.024060450494289398, 0.022696668282151222, 0.021102679893374443, 0.01920834369957447, 0.0173181165009737, 0.016265342012047768, 0.014036325737833977, 0.013935982249677181, 0.013490847311913967, 0.013765119947493076, 0.013556220568716526, 0.012967497110366821, 0.012047292664647102]
Training time: 1958 	steps per sec: 11
Eval num_timesteps=22528, episode_reward=nan +/- nan
Eval num_timesteps=22528, episode_success=nan +/- nan
se
16 16384 1024
diff [0.017507851123809814, 0.001840837299823761, -0.009962961077690125, -0.024278681725263596, -0.006454966962337494, -0.01186857745051384, -0.006373530253767967, -0.010447809472680092, 0.002498852089047432, 0.002397138625383377, 0.0029395539313554764, 0.0011597909033298492, -0.001350918784737587, 0.00013966113328933716, 0.0006631864234805107, -0.0027461405843496323, -0.0010419916361570358, -0.0014302628114819527, -0.0024061473086476326, -0.0014191064983606339, -0.00470728799700737, -0.0030394643545150757, -0.0029802201315760612]
ref [0.250212162733078, 0.09701184928417206, 0.0748789981007576, 0.0712495818734169, 0.04681852459907532, 0.0440802276134491, 0.031882144510746, 0.031713586300611496, 0.026495933532714844, 0.02166331186890602, 0.019757114350795746, 0.019942888990044594, 0.020559262484312057, 0.017178455367684364, 0.015602155588567257, 0.01678246632218361, 0.014977973885834217, 0.01492111012339592, 0.01617126725614071, 0.01497532706707716, 0.01767478510737419, 0.015086757019162178, 0.01625704951584339]
[0.2677200138568878, 0.09885268658399582, 0.06491603702306747, 0.046970900148153305, 0.040363557636737823, 0.03221165016293526, 0.025508614256978035, 0.021265776827931404, 0.028994785621762276, 0.024060450494289398, 0.022696668282151222, 0.021102679893374443, 0.01920834369957447, 0.0173181165009737, 0.016265342012047768, 0.014036325737833977, 0.013935982249677181, 0.013490847311913967, 0.013765119947493076, 0.013556220568716526, 0.012967497110366821, 0.012047292664647102, 0.01327682938426733]
Training time: 2079 	steps per sec: 11
Eval num_timesteps=23552, episode_reward=nan +/- nan
Eval num_timesteps=23552, episode_success=nan +/- nan
se
16 16384 1024
diff [0.017507851123809814, 0.001840837299823761, -0.009962961077690125, -0.024278681725263596, -0.006454966962337494, -0.01186857745051384, -0.006373530253767967, -0.010447809472680092, 0.002498852089047432, 0.002397138625383377, 0.0029395539313554764, 0.0011597909033298492, -0.001350918784737587, 0.00013966113328933716, 0.0006631864234805107, -0.0027461405843496323, -0.0010419916361570358, -0.0014302628114819527, -0.0024061473086476326, -0.0014191064983606339, -0.00470728799700737, -0.0030394643545150757, -0.0029802201315760612, -0.002724073827266693]
ref [0.250212162733078, 0.09701184928417206, 0.0748789981007576, 0.0712495818734169, 0.04681852459907532, 0.0440802276134491, 0.031882144510746, 0.031713586300611496, 0.026495933532714844, 0.02166331186890602, 0.019757114350795746, 0.019942888990044594, 0.020559262484312057, 0.017178455367684364, 0.015602155588567257, 0.01678246632218361, 0.014977973885834217, 0.01492111012339592, 0.01617126725614071, 0.01497532706707716, 0.01767478510737419, 0.015086757019162178, 0.01625704951584339, 0.01618715561926365]
[0.2677200138568878, 0.09885268658399582, 0.06491603702306747, 0.046970900148153305, 0.040363557636737823, 0.03221165016293526, 0.025508614256978035, 0.021265776827931404, 0.028994785621762276, 0.024060450494289398, 0.022696668282151222, 0.021102679893374443, 0.01920834369957447, 0.0173181165009737, 0.016265342012047768, 0.014036325737833977, 0.013935982249677181, 0.013490847311913967, 0.013765119947493076, 0.013556220568716526, 0.012967497110366821, 0.012047292664647102, 0.01327682938426733, 0.013463081791996956]
Training time: 2202 	steps per sec: 11
Eval num_timesteps=24576, episode_reward=nan +/- nan
Eval num_timesteps=24576, episode_success=nan +/- nan
se
16 16384 1024
diff [0.017507851123809814, 0.001840837299823761, -0.009962961077690125, -0.024278681725263596, -0.006454966962337494, -0.01186857745051384, -0.006373530253767967, -0.010447809472680092, 0.002498852089047432, 0.002397138625383377, 0.0029395539313554764, 0.0011597909033298492, -0.001350918784737587, 0.00013966113328933716, 0.0006631864234805107, -0.0027461405843496323, -0.0010419916361570358, -0.0014302628114819527, -0.0024061473086476326, -0.0014191064983606339, -0.00470728799700737, -0.0030394643545150757, -0.0029802201315760612, -0.002724073827266693, 0.001229913905262947]
ref [0.250212162733078, 0.09701184928417206, 0.0748789981007576, 0.0712495818734169, 0.04681852459907532, 0.0440802276134491, 0.031882144510746, 0.031713586300611496, 0.026495933532714844, 0.02166331186890602, 0.019757114350795746, 0.019942888990044594, 0.020559262484312057, 0.017178455367684364, 0.015602155588567257, 0.01678246632218361, 0.014977973885834217, 0.01492111012339592, 0.01617126725614071, 0.01497532706707716, 0.01767478510737419, 0.015086757019162178, 0.01625704951584339, 0.01618715561926365, 0.015937456861138344]
[0.2677200138568878, 0.09885268658399582, 0.06491603702306747, 0.046970900148153305, 0.040363557636737823, 0.03221165016293526, 0.025508614256978035, 0.021265776827931404, 0.028994785621762276, 0.024060450494289398, 0.022696668282151222, 0.021102679893374443, 0.01920834369957447, 0.0173181165009737, 0.016265342012047768, 0.014036325737833977, 0.013935982249677181, 0.013490847311913967, 0.013765119947493076, 0.013556220568716526, 0.012967497110366821, 0.012047292664647102, 0.01327682938426733, 0.013463081791996956, 0.01716737076640129]
Training time: 2327 	steps per sec: 11
Eval num_timesteps=25600, episode_reward=nan +/- nan
Eval num_timesteps=25600, episode_success=nan +/- nan
se
16 16384 1024
diff [0.017507851123809814, 0.001840837299823761, -0.009962961077690125, -0.024278681725263596, -0.006454966962337494, -0.01186857745051384, -0.006373530253767967, -0.010447809472680092, 0.002498852089047432, 0.002397138625383377, 0.0029395539313554764, 0.0011597909033298492, -0.001350918784737587, 0.00013966113328933716, 0.0006631864234805107, -0.0027461405843496323, -0.0010419916361570358, -0.0014302628114819527, -0.0024061473086476326, -0.0014191064983606339, -0.00470728799700737, -0.0030394643545150757, -0.0029802201315760612, -0.002724073827266693, 0.001229913905262947, -0.000998280942440033]
ref [0.250212162733078, 0.09701184928417206, 0.0748789981007576, 0.0712495818734169, 0.04681852459907532, 0.0440802276134491, 0.031882144510746, 0.031713586300611496, 0.026495933532714844, 0.02166331186890602, 0.019757114350795746, 0.019942888990044594, 0.020559262484312057, 0.017178455367684364, 0.015602155588567257, 0.01678246632218361, 0.014977973885834217, 0.01492111012339592, 0.01617126725614071, 0.01497532706707716, 0.01767478510737419, 0.015086757019162178, 0.01625704951584339, 0.01618715561926365, 0.015937456861138344, 0.01512688398361206]
[0.2677200138568878, 0.09885268658399582, 0.06491603702306747, 0.046970900148153305, 0.040363557636737823, 0.03221165016293526, 0.025508614256978035, 0.021265776827931404, 0.028994785621762276, 0.024060450494289398, 0.022696668282151222, 0.021102679893374443, 0.01920834369957447, 0.0173181165009737, 0.016265342012047768, 0.014036325737833977, 0.013935982249677181, 0.013490847311913967, 0.013765119947493076, 0.013556220568716526, 0.012967497110366821, 0.012047292664647102, 0.01327682938426733, 0.013463081791996956, 0.01716737076640129, 0.014128603041172028]
Training time: 2445 	steps per sec: 10
Eval num_timesteps=26624, episode_reward=nan +/- nan
Eval num_timesteps=26624, episode_success=nan +/- nan
se
16 16384 1024
diff [0.017507851123809814, 0.001840837299823761, -0.009962961077690125, -0.024278681725263596, -0.006454966962337494, -0.01186857745051384, -0.006373530253767967, -0.010447809472680092, 0.002498852089047432, 0.002397138625383377, 0.0029395539313554764, 0.0011597909033298492, -0.001350918784737587, 0.00013966113328933716, 0.0006631864234805107, -0.0027461405843496323, -0.0010419916361570358, -0.0014302628114819527, -0.0024061473086476326, -0.0014191064983606339, -0.00470728799700737, -0.0030394643545150757, -0.0029802201315760612, -0.002724073827266693, 0.001229913905262947, -0.000998280942440033, -0.0025870539247989655]
ref [0.250212162733078, 0.09701184928417206, 0.0748789981007576, 0.0712495818734169, 0.04681852459907532, 0.0440802276134491, 0.031882144510746, 0.031713586300611496, 0.026495933532714844, 0.02166331186890602, 0.019757114350795746, 0.019942888990044594, 0.020559262484312057, 0.017178455367684364, 0.015602155588567257, 0.01678246632218361, 0.014977973885834217, 0.01492111012339592, 0.01617126725614071, 0.01497532706707716, 0.01767478510737419, 0.015086757019162178, 0.01625704951584339, 0.01618715561926365, 0.015937456861138344, 0.01512688398361206, 0.017171356827020645]
[0.2677200138568878, 0.09885268658399582, 0.06491603702306747, 0.046970900148153305, 0.040363557636737823, 0.03221165016293526, 0.025508614256978035, 0.021265776827931404, 0.028994785621762276, 0.024060450494289398, 0.022696668282151222, 0.021102679893374443, 0.01920834369957447, 0.0173181165009737, 0.016265342012047768, 0.014036325737833977, 0.013935982249677181, 0.013490847311913967, 0.013765119947493076, 0.013556220568716526, 0.012967497110366821, 0.012047292664647102, 0.01327682938426733, 0.013463081791996956, 0.01716737076640129, 0.014128603041172028, 0.01458430290222168]
Training time: 2559 	steps per sec: 10
Eval num_timesteps=27648, episode_reward=nan +/- nan
Eval num_timesteps=27648, episode_success=nan +/- nan
se
16 16384 1024
diff [0.017507851123809814, 0.001840837299823761, -0.009962961077690125, -0.024278681725263596, -0.006454966962337494, -0.01186857745051384, -0.006373530253767967, -0.010447809472680092, 0.002498852089047432, 0.002397138625383377, 0.0029395539313554764, 0.0011597909033298492, -0.001350918784737587, 0.00013966113328933716, 0.0006631864234805107, -0.0027461405843496323, -0.0010419916361570358, -0.0014302628114819527, -0.0024061473086476326, -0.0014191064983606339, -0.00470728799700737, -0.0030394643545150757, -0.0029802201315760612, -0.002724073827266693, 0.001229913905262947, -0.000998280942440033, -0.0025870539247989655, 0.0007627233862876892]
ref [0.250212162733078, 0.09701184928417206, 0.0748789981007576, 0.0712495818734169, 0.04681852459907532, 0.0440802276134491, 0.031882144510746, 0.031713586300611496, 0.026495933532714844, 0.02166331186890602, 0.019757114350795746, 0.019942888990044594, 0.020559262484312057, 0.017178455367684364, 0.015602155588567257, 0.01678246632218361, 0.014977973885834217, 0.01492111012339592, 0.01617126725614071, 0.01497532706707716, 0.01767478510737419, 0.015086757019162178, 0.01625704951584339, 0.01618715561926365, 0.015937456861138344, 0.01512688398361206, 0.017171356827020645, 0.014718874357640743]
[0.2677200138568878, 0.09885268658399582, 0.06491603702306747, 0.046970900148153305, 0.040363557636737823, 0.03221165016293526, 0.025508614256978035, 0.021265776827931404, 0.028994785621762276, 0.024060450494289398, 0.022696668282151222, 0.021102679893374443, 0.01920834369957447, 0.0173181165009737, 0.016265342012047768, 0.014036325737833977, 0.013935982249677181, 0.013490847311913967, 0.013765119947493076, 0.013556220568716526, 0.012967497110366821, 0.012047292664647102, 0.01327682938426733, 0.013463081791996956, 0.01716737076640129, 0.014128603041172028, 0.01458430290222168, 0.015481597743928432]
Training time: 2679 	steps per sec: 10
Eval num_timesteps=28672, episode_reward=nan +/- nan
Eval num_timesteps=28672, episode_success=nan +/- nan
se
16 16384 1024
diff [0.017507851123809814, 0.001840837299823761, -0.009962961077690125, -0.024278681725263596, -0.006454966962337494, -0.01186857745051384, -0.006373530253767967, -0.010447809472680092, 0.002498852089047432, 0.002397138625383377, 0.0029395539313554764, 0.0011597909033298492, -0.001350918784737587, 0.00013966113328933716, 0.0006631864234805107, -0.0027461405843496323, -0.0010419916361570358, -0.0014302628114819527, -0.0024061473086476326, -0.0014191064983606339, -0.00470728799700737, -0.0030394643545150757, -0.0029802201315760612, -0.002724073827266693, 0.001229913905262947, -0.000998280942440033, -0.0025870539247989655, 0.0007627233862876892, 0.0010354826226830482]
ref [0.250212162733078, 0.09701184928417206, 0.0748789981007576, 0.0712495818734169, 0.04681852459907532, 0.0440802276134491, 0.031882144510746, 0.031713586300611496, 0.026495933532714844, 0.02166331186890602, 0.019757114350795746, 0.019942888990044594, 0.020559262484312057, 0.017178455367684364, 0.015602155588567257, 0.01678246632218361, 0.014977973885834217, 0.01492111012339592, 0.01617126725614071, 0.01497532706707716, 0.01767478510737419, 0.015086757019162178, 0.01625704951584339, 0.01618715561926365, 0.015937456861138344, 0.01512688398361206, 0.017171356827020645, 0.014718874357640743, 0.015110361389815807]
[0.2677200138568878, 0.09885268658399582, 0.06491603702306747, 0.046970900148153305, 0.040363557636737823, 0.03221165016293526, 0.025508614256978035, 0.021265776827931404, 0.028994785621762276, 0.024060450494289398, 0.022696668282151222, 0.021102679893374443, 0.01920834369957447, 0.0173181165009737, 0.016265342012047768, 0.014036325737833977, 0.013935982249677181, 0.013490847311913967, 0.013765119947493076, 0.013556220568716526, 0.012967497110366821, 0.012047292664647102, 0.01327682938426733, 0.013463081791996956, 0.01716737076640129, 0.014128603041172028, 0.01458430290222168, 0.015481597743928432, 0.016145844012498856]
Training time: 2808 	steps per sec: 10
Eval num_timesteps=29696, episode_reward=nan +/- nan
Eval num_timesteps=29696, episode_success=nan +/- nan
se
16 16384 1024
diff [0.017507851123809814, 0.001840837299823761, -0.009962961077690125, -0.024278681725263596, -0.006454966962337494, -0.01186857745051384, -0.006373530253767967, -0.010447809472680092, 0.002498852089047432, 0.002397138625383377, 0.0029395539313554764, 0.0011597909033298492, -0.001350918784737587, 0.00013966113328933716, 0.0006631864234805107, -0.0027461405843496323, -0.0010419916361570358, -0.0014302628114819527, -0.0024061473086476326, -0.0014191064983606339, -0.00470728799700737, -0.0030394643545150757, -0.0029802201315760612, -0.002724073827266693, 0.001229913905262947, -0.000998280942440033, -0.0025870539247989655, 0.0007627233862876892, 0.0010354826226830482, 0.0005821278318762779]
ref [0.250212162733078, 0.09701184928417206, 0.0748789981007576, 0.0712495818734169, 0.04681852459907532, 0.0440802276134491, 0.031882144510746, 0.031713586300611496, 0.026495933532714844, 0.02166331186890602, 0.019757114350795746, 0.019942888990044594, 0.020559262484312057, 0.017178455367684364, 0.015602155588567257, 0.01678246632218361, 0.014977973885834217, 0.01492111012339592, 0.01617126725614071, 0.01497532706707716, 0.01767478510737419, 0.015086757019162178, 0.01625704951584339, 0.01618715561926365, 0.015937456861138344, 0.01512688398361206, 0.017171356827020645, 0.014718874357640743, 0.015110361389815807, 0.015049110166728497]
[0.2677200138568878, 0.09885268658399582, 0.06491603702306747, 0.046970900148153305, 0.040363557636737823, 0.03221165016293526, 0.025508614256978035, 0.021265776827931404, 0.028994785621762276, 0.024060450494289398, 0.022696668282151222, 0.021102679893374443, 0.01920834369957447, 0.0173181165009737, 0.016265342012047768, 0.014036325737833977, 0.013935982249677181, 0.013490847311913967, 0.013765119947493076, 0.013556220568716526, 0.012967497110366821, 0.012047292664647102, 0.01327682938426733, 0.013463081791996956, 0.01716737076640129, 0.014128603041172028, 0.01458430290222168, 0.015481597743928432, 0.016145844012498856, 0.015631237998604774]
Training time: 2928 	steps per sec: 10
Eval num_timesteps=30720, episode_reward=nan +/- nan
Eval num_timesteps=30720, episode_success=nan +/- nan
se
16 16384 1024
diff [0.017507851123809814, 0.001840837299823761, -0.009962961077690125, -0.024278681725263596, -0.006454966962337494, -0.01186857745051384, -0.006373530253767967, -0.010447809472680092, 0.002498852089047432, 0.002397138625383377, 0.0029395539313554764, 0.0011597909033298492, -0.001350918784737587, 0.00013966113328933716, 0.0006631864234805107, -0.0027461405843496323, -0.0010419916361570358, -0.0014302628114819527, -0.0024061473086476326, -0.0014191064983606339, -0.00470728799700737, -0.0030394643545150757, -0.0029802201315760612, -0.002724073827266693, 0.001229913905262947, -0.000998280942440033, -0.0025870539247989655, 0.0007627233862876892, 0.0010354826226830482, 0.0005821278318762779, 0.001993093639612198]
ref [0.250212162733078, 0.09701184928417206, 0.0748789981007576, 0.0712495818734169, 0.04681852459907532, 0.0440802276134491, 0.031882144510746, 0.031713586300611496, 0.026495933532714844, 0.02166331186890602, 0.019757114350795746, 0.019942888990044594, 0.020559262484312057, 0.017178455367684364, 0.015602155588567257, 0.01678246632218361, 0.014977973885834217, 0.01492111012339592, 0.01617126725614071, 0.01497532706707716, 0.01767478510737419, 0.015086757019162178, 0.01625704951584339, 0.01618715561926365, 0.015937456861138344, 0.01512688398361206, 0.017171356827020645, 0.014718874357640743, 0.015110361389815807, 0.015049110166728497, 0.014736993238329887]
[0.2677200138568878, 0.09885268658399582, 0.06491603702306747, 0.046970900148153305, 0.040363557636737823, 0.03221165016293526, 0.025508614256978035, 0.021265776827931404, 0.028994785621762276, 0.024060450494289398, 0.022696668282151222, 0.021102679893374443, 0.01920834369957447, 0.0173181165009737, 0.016265342012047768, 0.014036325737833977, 0.013935982249677181, 0.013490847311913967, 0.013765119947493076, 0.013556220568716526, 0.012967497110366821, 0.012047292664647102, 0.01327682938426733, 0.013463081791996956, 0.01716737076640129, 0.014128603041172028, 0.01458430290222168, 0.015481597743928432, 0.016145844012498856, 0.015631237998604774, 0.016730086877942085]
Training time: 3047 	steps per sec: 10
Eval num_timesteps=31744, episode_reward=nan +/- nan
Eval num_timesteps=31744, episode_success=nan +/- nan
se
16 16384 1024
diff [0.017507851123809814, 0.001840837299823761, -0.009962961077690125, -0.024278681725263596, -0.006454966962337494, -0.01186857745051384, -0.006373530253767967, -0.010447809472680092, 0.002498852089047432, 0.002397138625383377, 0.0029395539313554764, 0.0011597909033298492, -0.001350918784737587, 0.00013966113328933716, 0.0006631864234805107, -0.0027461405843496323, -0.0010419916361570358, -0.0014302628114819527, -0.0024061473086476326, -0.0014191064983606339, -0.00470728799700737, -0.0030394643545150757, -0.0029802201315760612, -0.002724073827266693, 0.001229913905262947, -0.000998280942440033, -0.0025870539247989655, 0.0007627233862876892, 0.0010354826226830482, 0.0005821278318762779, 0.001993093639612198, 0.0018755774945020676]
ref [0.250212162733078, 0.09701184928417206, 0.0748789981007576, 0.0712495818734169, 0.04681852459907532, 0.0440802276134491, 0.031882144510746, 0.031713586300611496, 0.026495933532714844, 0.02166331186890602, 0.019757114350795746, 0.019942888990044594, 0.020559262484312057, 0.017178455367684364, 0.015602155588567257, 0.01678246632218361, 0.014977973885834217, 0.01492111012339592, 0.01617126725614071, 0.01497532706707716, 0.01767478510737419, 0.015086757019162178, 0.01625704951584339, 0.01618715561926365, 0.015937456861138344, 0.01512688398361206, 0.017171356827020645, 0.014718874357640743, 0.015110361389815807, 0.015049110166728497, 0.014736993238329887, 0.014770125970244408]
[0.2677200138568878, 0.09885268658399582, 0.06491603702306747, 0.046970900148153305, 0.040363557636737823, 0.03221165016293526, 0.025508614256978035, 0.021265776827931404, 0.028994785621762276, 0.024060450494289398, 0.022696668282151222, 0.021102679893374443, 0.01920834369957447, 0.0173181165009737, 0.016265342012047768, 0.014036325737833977, 0.013935982249677181, 0.013490847311913967, 0.013765119947493076, 0.013556220568716526, 0.012967497110366821, 0.012047292664647102, 0.01327682938426733, 0.013463081791996956, 0.01716737076640129, 0.014128603041172028, 0.01458430290222168, 0.015481597743928432, 0.016145844012498856, 0.015631237998604774, 0.016730086877942085, 0.016645703464746475]
Training time: 3164 	steps per sec: 10
Eval num_timesteps=32768, episode_reward=nan +/- nan
Eval num_timesteps=32768, episode_success=nan +/- nan
results/HalfCheetah-v4/
results/HalfCheetah-v4/ppo_ros/
results/HalfCheetah-v4/ppo_ros/expert/
results/HalfCheetah-v4/ppo_ros/expert/b_16/
results/HalfCheetah-v4/ppo_ros/expert/b_16/no_clip/
results/HalfCheetah-v4/ppo_ros/expert/b_16/no_clip/run_1/
results/HalfCheetah-v4/ppo_ros/expert/b_16/no_clip/run_1/evaluations.npz
results/HalfCheetah-v4/ppo_ros/expert/b_16/no_clip/run_1/config.yml
results/HalfCheetah-v4/ppo_ros/expert/b_16/no_clip/run_1/stats.npz
