ppo_ros_continuous.py --env-id Ant-v4 -s expert/b_16/no_lambda --total-timesteps 32768 --eval-freq 1 --eval-episodes 0 -b 16 --num-steps 1024 -lr 0 --update-epochs 0 --anneal-lr 0 --ros-num-steps 256 --ros-update-epochs 16 --ros-target-kl 0.05 --ros-clip-coef 0.3 --ros-lambda 0 -ros-lr 0.0001 --ros-anneal-lr 0 --se 1 --se-freq 1 --se-lr 1e-3 --se-epochs 1000 --policy-path policies/Ant-v4/best_model.zip --normalization-dir policies/Ant-v4
Obtaining file:///var/lib/condor/execute/slot1/dir_1904664/PPOROS/PPOROS/custom-envs
  Preparing metadata (setup.py): started
  Preparing metadata (setup.py): finished with status 'done'
Requirement already satisfied: gym in /var/lib/condor/execute/slot1/dir_1904664/PPOROS/ppo-ros_env/lib/python3.9/site-packages (from custom-envs==0.0.1) (0.21.0)
Requirement already satisfied: cloudpickle>=1.2.0 in /var/lib/condor/execute/slot1/dir_1904664/PPOROS/ppo-ros_env/lib/python3.9/site-packages (from gym->custom-envs==0.0.1) (2.2.1)
Requirement already satisfied: numpy>=1.18.0 in /var/lib/condor/execute/slot1/dir_1904664/PPOROS/ppo-ros_env/lib/python3.9/site-packages (from gym->custom-envs==0.0.1) (1.24.2)
Installing collected packages: custom-envs
  Running setup.py develop for custom-envs
Successfully installed custom-envs-0.0.1
seed: 0
Eval num_timesteps=0, episode_reward=nan +/- nan
Eval num_timesteps=0, episode_success=nan +/- nan
se
1 1024 1024
diff [-0.03909522294998169]
ref [0.7560427188873291]
[0.7169474959373474]
Training time: 14 	steps per sec: 72
Eval num_timesteps=1024, episode_reward=nan +/- nan
Eval num_timesteps=1024, episode_success=nan +/- nan
se
2 2048 1024
diff [-0.03909522294998169, -0.0002200305461883545]
ref [0.7560427188873291, 0.22135838866233826]
[0.7169474959373474, 0.2211383581161499]
Training time: 36 	steps per sec: 55
Eval num_timesteps=2048, episode_reward=nan +/- nan
Eval num_timesteps=2048, episode_success=nan +/- nan
se
3 3072 1024
diff [-0.03909522294998169, -0.0002200305461883545, -0.014466501772403717]
ref [0.7560427188873291, 0.22135838866233826, 0.13307766616344452]
[0.7169474959373474, 0.2211383581161499, 0.1186111643910408]
Training time: 65 	steps per sec: 46
Eval num_timesteps=3072, episode_reward=nan +/- nan
Eval num_timesteps=3072, episode_success=nan +/- nan
se
4 4096 1024
diff [-0.03909522294998169, -0.0002200305461883545, -0.014466501772403717, -0.008122153580188751]
ref [0.7560427188873291, 0.22135838866233826, 0.13307766616344452, 0.0967506468296051]
[0.7169474959373474, 0.2211383581161499, 0.1186111643910408, 0.08862849324941635]
Training time: 104 	steps per sec: 39
Eval num_timesteps=4096, episode_reward=nan +/- nan
Eval num_timesteps=4096, episode_success=nan +/- nan
se
5 5120 1024
diff [-0.03909522294998169, -0.0002200305461883545, -0.014466501772403717, -0.008122153580188751, -0.012768805027008057]
ref [0.7560427188873291, 0.22135838866233826, 0.13307766616344452, 0.0967506468296051, 0.07894103229045868]
[0.7169474959373474, 0.2211383581161499, 0.1186111643910408, 0.08862849324941635, 0.06617222726345062]
Training time: 152 	steps per sec: 33
Eval num_timesteps=5120, episode_reward=nan +/- nan
Eval num_timesteps=5120, episode_success=nan +/- nan
se
6 6144 1024
diff [-0.03909522294998169, -0.0002200305461883545, -0.014466501772403717, -0.008122153580188751, -0.012768805027008057, -0.0045094676315784454]
ref [0.7560427188873291, 0.22135838866233826, 0.13307766616344452, 0.0967506468296051, 0.07894103229045868, 0.05845712125301361]
[0.7169474959373474, 0.2211383581161499, 0.1186111643910408, 0.08862849324941635, 0.06617222726345062, 0.053947653621435165]
Training time: 206 	steps per sec: 29
Eval num_timesteps=6144, episode_reward=nan +/- nan
Eval num_timesteps=6144, episode_success=nan +/- nan
se
7 7168 1024
diff [-0.03909522294998169, -0.0002200305461883545, -0.014466501772403717, -0.008122153580188751, -0.012768805027008057, -0.0045094676315784454, -0.010754227638244629]
ref [0.7560427188873291, 0.22135838866233826, 0.13307766616344452, 0.0967506468296051, 0.07894103229045868, 0.05845712125301361, 0.05229927971959114]
[0.7169474959373474, 0.2211383581161499, 0.1186111643910408, 0.08862849324941635, 0.06617222726345062, 0.053947653621435165, 0.04154505208134651]
Training time: 265 	steps per sec: 27
Eval num_timesteps=7168, episode_reward=nan +/- nan
Eval num_timesteps=7168, episode_success=nan +/- nan
se
8 8192 1024
diff [-0.03909522294998169, -0.0002200305461883545, -0.014466501772403717, -0.008122153580188751, -0.012768805027008057, -0.0045094676315784454, -0.010754227638244629, -0.012288801372051239]
ref [0.7560427188873291, 0.22135838866233826, 0.13307766616344452, 0.0967506468296051, 0.07894103229045868, 0.05845712125301361, 0.05229927971959114, 0.045484866946935654]
[0.7169474959373474, 0.2211383581161499, 0.1186111643910408, 0.08862849324941635, 0.06617222726345062, 0.053947653621435165, 0.04154505208134651, 0.033196065574884415]
Training time: 331 	steps per sec: 24
Eval num_timesteps=8192, episode_reward=nan +/- nan
Eval num_timesteps=8192, episode_success=nan +/- nan
se
9 9216 1024
diff [-0.03909522294998169, -0.0002200305461883545, -0.014466501772403717, -0.008122153580188751, -0.012768805027008057, -0.0045094676315784454, -0.010754227638244629, -0.012288801372051239, -0.0110801812261343]
ref [0.7560427188873291, 0.22135838866233826, 0.13307766616344452, 0.0967506468296051, 0.07894103229045868, 0.05845712125301361, 0.05229927971959114, 0.045484866946935654, 0.04076012223958969]
[0.7169474959373474, 0.2211383581161499, 0.1186111643910408, 0.08862849324941635, 0.06617222726345062, 0.053947653621435165, 0.04154505208134651, 0.033196065574884415, 0.02967994101345539]
Training time: 405 	steps per sec: 22
Eval num_timesteps=9216, episode_reward=nan +/- nan
Eval num_timesteps=9216, episode_success=nan +/- nan
se
10 10240 1024
diff [-0.03909522294998169, -0.0002200305461883545, -0.014466501772403717, -0.008122153580188751, -0.012768805027008057, -0.0045094676315784454, -0.010754227638244629, -0.012288801372051239, -0.0110801812261343, -0.008832566440105438]
ref [0.7560427188873291, 0.22135838866233826, 0.13307766616344452, 0.0967506468296051, 0.07894103229045868, 0.05845712125301361, 0.05229927971959114, 0.045484866946935654, 0.04076012223958969, 0.035533614456653595]
[0.7169474959373474, 0.2211383581161499, 0.1186111643910408, 0.08862849324941635, 0.06617222726345062, 0.053947653621435165, 0.04154505208134651, 0.033196065574884415, 0.02967994101345539, 0.026701048016548157]
Training time: 489 	steps per sec: 20
Eval num_timesteps=10240, episode_reward=nan +/- nan
Eval num_timesteps=10240, episode_success=nan +/- nan
se
11 11264 1024
diff [-0.03909522294998169, -0.0002200305461883545, -0.014466501772403717, -0.008122153580188751, -0.012768805027008057, -0.0045094676315784454, -0.010754227638244629, -0.012288801372051239, -0.0110801812261343, -0.008832566440105438, -0.009355152025818825]
ref [0.7560427188873291, 0.22135838866233826, 0.13307766616344452, 0.0967506468296051, 0.07894103229045868, 0.05845712125301361, 0.05229927971959114, 0.045484866946935654, 0.04076012223958969, 0.035533614456653595, 0.03258751705288887]
[0.7169474959373474, 0.2211383581161499, 0.1186111643910408, 0.08862849324941635, 0.06617222726345062, 0.053947653621435165, 0.04154505208134651, 0.033196065574884415, 0.02967994101345539, 0.026701048016548157, 0.023232365027070045]
Training time: 587 	steps per sec: 19
Eval num_timesteps=11264, episode_reward=nan +/- nan
Eval num_timesteps=11264, episode_success=nan +/- nan
se
12 12288 1024
diff [-0.03909522294998169, -0.0002200305461883545, -0.014466501772403717, -0.008122153580188751, -0.012768805027008057, -0.0045094676315784454, -0.010754227638244629, -0.012288801372051239, -0.0110801812261343, -0.008832566440105438, -0.009355152025818825, -0.004077492281794548]
ref [0.7560427188873291, 0.22135838866233826, 0.13307766616344452, 0.0967506468296051, 0.07894103229045868, 0.05845712125301361, 0.05229927971959114, 0.045484866946935654, 0.04076012223958969, 0.035533614456653595, 0.03258751705288887, 0.02503715455532074]
[0.7169474959373474, 0.2211383581161499, 0.1186111643910408, 0.08862849324941635, 0.06617222726345062, 0.053947653621435165, 0.04154505208134651, 0.033196065574884415, 0.02967994101345539, 0.026701048016548157, 0.023232365027070045, 0.02095966227352619]
Training time: 701 	steps per sec: 17
Eval num_timesteps=12288, episode_reward=nan +/- nan
Eval num_timesteps=12288, episode_success=nan +/- nan
se
13 13312 1024
diff [-0.03909522294998169, -0.0002200305461883545, -0.014466501772403717, -0.008122153580188751, -0.012768805027008057, -0.0045094676315784454, -0.010754227638244629, -0.012288801372051239, -0.0110801812261343, -0.008832566440105438, -0.009355152025818825, -0.004077492281794548, -0.007864974439144135]
ref [0.7560427188873291, 0.22135838866233826, 0.13307766616344452, 0.0967506468296051, 0.07894103229045868, 0.05845712125301361, 0.05229927971959114, 0.045484866946935654, 0.04076012223958969, 0.035533614456653595, 0.03258751705288887, 0.02503715455532074, 0.026733985170722008]
[0.7169474959373474, 0.2211383581161499, 0.1186111643910408, 0.08862849324941635, 0.06617222726345062, 0.053947653621435165, 0.04154505208134651, 0.033196065574884415, 0.02967994101345539, 0.026701048016548157, 0.023232365027070045, 0.02095966227352619, 0.018869010731577873]
Training time: 826 	steps per sec: 16
Eval num_timesteps=13312, episode_reward=nan +/- nan
Eval num_timesteps=13312, episode_success=nan +/- nan
se
14 14336 1024
diff [-0.03909522294998169, -0.0002200305461883545, -0.014466501772403717, -0.008122153580188751, -0.012768805027008057, -0.0045094676315784454, -0.010754227638244629, -0.012288801372051239, -0.0110801812261343, -0.008832566440105438, -0.009355152025818825, -0.004077492281794548, -0.007864974439144135, -0.006599070504307747]
ref [0.7560427188873291, 0.22135838866233826, 0.13307766616344452, 0.0967506468296051, 0.07894103229045868, 0.05845712125301361, 0.05229927971959114, 0.045484866946935654, 0.04076012223958969, 0.035533614456653595, 0.03258751705288887, 0.02503715455532074, 0.026733985170722008, 0.02441716007888317]
[0.7169474959373474, 0.2211383581161499, 0.1186111643910408, 0.08862849324941635, 0.06617222726345062, 0.053947653621435165, 0.04154505208134651, 0.033196065574884415, 0.02967994101345539, 0.026701048016548157, 0.023232365027070045, 0.02095966227352619, 0.018869010731577873, 0.017818089574575424]
Training time: 971 	steps per sec: 14
Eval num_timesteps=14336, episode_reward=nan +/- nan
Eval num_timesteps=14336, episode_success=nan +/- nan
se
15 15360 1024
diff [-0.03909522294998169, -0.0002200305461883545, -0.014466501772403717, -0.008122153580188751, -0.012768805027008057, -0.0045094676315784454, -0.010754227638244629, -0.012288801372051239, -0.0110801812261343, -0.008832566440105438, -0.009355152025818825, -0.004077492281794548, -0.007864974439144135, -0.006599070504307747, -0.0067213959991931915]
ref [0.7560427188873291, 0.22135838866233826, 0.13307766616344452, 0.0967506468296051, 0.07894103229045868, 0.05845712125301361, 0.05229927971959114, 0.045484866946935654, 0.04076012223958969, 0.035533614456653595, 0.03258751705288887, 0.02503715455532074, 0.026733985170722008, 0.02441716007888317, 0.02281958796083927]
[0.7169474959373474, 0.2211383581161499, 0.1186111643910408, 0.08862849324941635, 0.06617222726345062, 0.053947653621435165, 0.04154505208134651, 0.033196065574884415, 0.02967994101345539, 0.026701048016548157, 0.023232365027070045, 0.02095966227352619, 0.018869010731577873, 0.017818089574575424, 0.01609819196164608]
Training time: 1112 	steps per sec: 13
Eval num_timesteps=15360, episode_reward=nan +/- nan
Eval num_timesteps=15360, episode_success=nan +/- nan
se
16 16384 1024
diff [-0.03909522294998169, -0.0002200305461883545, -0.014466501772403717, -0.008122153580188751, -0.012768805027008057, -0.0045094676315784454, -0.010754227638244629, -0.012288801372051239, -0.0110801812261343, -0.008832566440105438, -0.009355152025818825, -0.004077492281794548, -0.007864974439144135, -0.006599070504307747, -0.0067213959991931915, -0.006653814576566219]
ref [0.7560427188873291, 0.22135838866233826, 0.13307766616344452, 0.0967506468296051, 0.07894103229045868, 0.05845712125301361, 0.05229927971959114, 0.045484866946935654, 0.04076012223958969, 0.035533614456653595, 0.03258751705288887, 0.02503715455532074, 0.026733985170722008, 0.02441716007888317, 0.02281958796083927, 0.021370770409703255]
[0.7169474959373474, 0.2211383581161499, 0.1186111643910408, 0.08862849324941635, 0.06617222726345062, 0.053947653621435165, 0.04154505208134651, 0.033196065574884415, 0.02967994101345539, 0.026701048016548157, 0.023232365027070045, 0.02095966227352619, 0.018869010731577873, 0.017818089574575424, 0.01609819196164608, 0.014716955833137035]
Training time: 1262 	steps per sec: 12
Eval num_timesteps=16384, episode_reward=nan +/- nan
Eval num_timesteps=16384, episode_success=nan +/- nan
se
16 16384 1024
diff [-0.03909522294998169, -0.0002200305461883545, -0.014466501772403717, -0.008122153580188751, -0.012768805027008057, -0.0045094676315784454, -0.010754227638244629, -0.012288801372051239, -0.0110801812261343, -0.008832566440105438, -0.009355152025818825, -0.004077492281794548, -0.007864974439144135, -0.006599070504307747, -0.0067213959991931915, -0.006653814576566219, -0.0060340641066432]
ref [0.7560427188873291, 0.22135838866233826, 0.13307766616344452, 0.0967506468296051, 0.07894103229045868, 0.05845712125301361, 0.05229927971959114, 0.045484866946935654, 0.04076012223958969, 0.035533614456653595, 0.03258751705288887, 0.02503715455532074, 0.026733985170722008, 0.02441716007888317, 0.02281958796083927, 0.021370770409703255, 0.021212711930274963]
[0.7169474959373474, 0.2211383581161499, 0.1186111643910408, 0.08862849324941635, 0.06617222726345062, 0.053947653621435165, 0.04154505208134651, 0.033196065574884415, 0.02967994101345539, 0.026701048016548157, 0.023232365027070045, 0.02095966227352619, 0.018869010731577873, 0.017818089574575424, 0.01609819196164608, 0.014716955833137035, 0.015178647823631763]
Training time: 1410 	steps per sec: 12
Eval num_timesteps=17408, episode_reward=nan +/- nan
Eval num_timesteps=17408, episode_success=nan +/- nan
se
16 16384 1024
diff [-0.03909522294998169, -0.0002200305461883545, -0.014466501772403717, -0.008122153580188751, -0.012768805027008057, -0.0045094676315784454, -0.010754227638244629, -0.012288801372051239, -0.0110801812261343, -0.008832566440105438, -0.009355152025818825, -0.004077492281794548, -0.007864974439144135, -0.006599070504307747, -0.0067213959991931915, -0.006653814576566219, -0.0060340641066432, -0.006608426570892334]
ref [0.7560427188873291, 0.22135838866233826, 0.13307766616344452, 0.0967506468296051, 0.07894103229045868, 0.05845712125301361, 0.05229927971959114, 0.045484866946935654, 0.04076012223958969, 0.035533614456653595, 0.03258751705288887, 0.02503715455532074, 0.026733985170722008, 0.02441716007888317, 0.02281958796083927, 0.021370770409703255, 0.021212711930274963, 0.022978655993938446]
[0.7169474959373474, 0.2211383581161499, 0.1186111643910408, 0.08862849324941635, 0.06617222726345062, 0.053947653621435165, 0.04154505208134651, 0.033196065574884415, 0.02967994101345539, 0.026701048016548157, 0.023232365027070045, 0.02095966227352619, 0.018869010731577873, 0.017818089574575424, 0.01609819196164608, 0.014716955833137035, 0.015178647823631763, 0.016370229423046112]
Training time: 1551 	steps per sec: 11
Eval num_timesteps=18432, episode_reward=nan +/- nan
Eval num_timesteps=18432, episode_success=nan +/- nan
se
16 16384 1024
diff [-0.03909522294998169, -0.0002200305461883545, -0.014466501772403717, -0.008122153580188751, -0.012768805027008057, -0.0045094676315784454, -0.010754227638244629, -0.012288801372051239, -0.0110801812261343, -0.008832566440105438, -0.009355152025818825, -0.004077492281794548, -0.007864974439144135, -0.006599070504307747, -0.0067213959991931915, -0.006653814576566219, -0.0060340641066432, -0.006608426570892334, -0.004128677770495415]
ref [0.7560427188873291, 0.22135838866233826, 0.13307766616344452, 0.0967506468296051, 0.07894103229045868, 0.05845712125301361, 0.05229927971959114, 0.045484866946935654, 0.04076012223958969, 0.035533614456653595, 0.03258751705288887, 0.02503715455532074, 0.026733985170722008, 0.02441716007888317, 0.02281958796083927, 0.021370770409703255, 0.021212711930274963, 0.022978655993938446, 0.01987498812377453]
[0.7169474959373474, 0.2211383581161499, 0.1186111643910408, 0.08862849324941635, 0.06617222726345062, 0.053947653621435165, 0.04154505208134651, 0.033196065574884415, 0.02967994101345539, 0.026701048016548157, 0.023232365027070045, 0.02095966227352619, 0.018869010731577873, 0.017818089574575424, 0.01609819196164608, 0.014716955833137035, 0.015178647823631763, 0.016370229423046112, 0.015746310353279114]
Training time: 1690 	steps per sec: 11
Eval num_timesteps=19456, episode_reward=nan +/- nan
Eval num_timesteps=19456, episode_success=nan +/- nan
se
16 16384 1024
diff [-0.03909522294998169, -0.0002200305461883545, -0.014466501772403717, -0.008122153580188751, -0.012768805027008057, -0.0045094676315784454, -0.010754227638244629, -0.012288801372051239, -0.0110801812261343, -0.008832566440105438, -0.009355152025818825, -0.004077492281794548, -0.007864974439144135, -0.006599070504307747, -0.0067213959991931915, -0.006653814576566219, -0.0060340641066432, -0.006608426570892334, -0.004128677770495415, -0.004835871979594231]
ref [0.7560427188873291, 0.22135838866233826, 0.13307766616344452, 0.0967506468296051, 0.07894103229045868, 0.05845712125301361, 0.05229927971959114, 0.045484866946935654, 0.04076012223958969, 0.035533614456653595, 0.03258751705288887, 0.02503715455532074, 0.026733985170722008, 0.02441716007888317, 0.02281958796083927, 0.021370770409703255, 0.021212711930274963, 0.022978655993938446, 0.01987498812377453, 0.020164620131254196]
[0.7169474959373474, 0.2211383581161499, 0.1186111643910408, 0.08862849324941635, 0.06617222726345062, 0.053947653621435165, 0.04154505208134651, 0.033196065574884415, 0.02967994101345539, 0.026701048016548157, 0.023232365027070045, 0.02095966227352619, 0.018869010731577873, 0.017818089574575424, 0.01609819196164608, 0.014716955833137035, 0.015178647823631763, 0.016370229423046112, 0.015746310353279114, 0.015328748151659966]
Training time: 1829 	steps per sec: 11
Eval num_timesteps=20480, episode_reward=nan +/- nan
Eval num_timesteps=20480, episode_success=nan +/- nan
se
16 16384 1024
diff [-0.03909522294998169, -0.0002200305461883545, -0.014466501772403717, -0.008122153580188751, -0.012768805027008057, -0.0045094676315784454, -0.010754227638244629, -0.012288801372051239, -0.0110801812261343, -0.008832566440105438, -0.009355152025818825, -0.004077492281794548, -0.007864974439144135, -0.006599070504307747, -0.0067213959991931915, -0.006653814576566219, -0.0060340641066432, -0.006608426570892334, -0.004128677770495415, -0.004835871979594231, -0.008223931305110455]
ref [0.7560427188873291, 0.22135838866233826, 0.13307766616344452, 0.0967506468296051, 0.07894103229045868, 0.05845712125301361, 0.05229927971959114, 0.045484866946935654, 0.04076012223958969, 0.035533614456653595, 0.03258751705288887, 0.02503715455532074, 0.026733985170722008, 0.02441716007888317, 0.02281958796083927, 0.021370770409703255, 0.021212711930274963, 0.022978655993938446, 0.01987498812377453, 0.020164620131254196, 0.023676931858062744]
[0.7169474959373474, 0.2211383581161499, 0.1186111643910408, 0.08862849324941635, 0.06617222726345062, 0.053947653621435165, 0.04154505208134651, 0.033196065574884415, 0.02967994101345539, 0.026701048016548157, 0.023232365027070045, 0.02095966227352619, 0.018869010731577873, 0.017818089574575424, 0.01609819196164608, 0.014716955833137035, 0.015178647823631763, 0.016370229423046112, 0.015746310353279114, 0.015328748151659966, 0.01545300055295229]
Training time: 1964 	steps per sec: 10
Eval num_timesteps=21504, episode_reward=nan +/- nan
Eval num_timesteps=21504, episode_success=nan +/- nan
se
16 16384 1024
diff [-0.03909522294998169, -0.0002200305461883545, -0.014466501772403717, -0.008122153580188751, -0.012768805027008057, -0.0045094676315784454, -0.010754227638244629, -0.012288801372051239, -0.0110801812261343, -0.008832566440105438, -0.009355152025818825, -0.004077492281794548, -0.007864974439144135, -0.006599070504307747, -0.0067213959991931915, -0.006653814576566219, -0.0060340641066432, -0.006608426570892334, -0.004128677770495415, -0.004835871979594231, -0.008223931305110455, -0.00637098029255867]
ref [0.7560427188873291, 0.22135838866233826, 0.13307766616344452, 0.0967506468296051, 0.07894103229045868, 0.05845712125301361, 0.05229927971959114, 0.045484866946935654, 0.04076012223958969, 0.035533614456653595, 0.03258751705288887, 0.02503715455532074, 0.026733985170722008, 0.02441716007888317, 0.02281958796083927, 0.021370770409703255, 0.021212711930274963, 0.022978655993938446, 0.01987498812377453, 0.020164620131254196, 0.023676931858062744, 0.02072116732597351]
[0.7169474959373474, 0.2211383581161499, 0.1186111643910408, 0.08862849324941635, 0.06617222726345062, 0.053947653621435165, 0.04154505208134651, 0.033196065574884415, 0.02967994101345539, 0.026701048016548157, 0.023232365027070045, 0.02095966227352619, 0.018869010731577873, 0.017818089574575424, 0.01609819196164608, 0.014716955833137035, 0.015178647823631763, 0.016370229423046112, 0.015746310353279114, 0.015328748151659966, 0.01545300055295229, 0.01435018703341484]
Training time: 2100 	steps per sec: 10
Eval num_timesteps=22528, episode_reward=nan +/- nan
Eval num_timesteps=22528, episode_success=nan +/- nan
se
16 16384 1024
diff [-0.03909522294998169, -0.0002200305461883545, -0.014466501772403717, -0.008122153580188751, -0.012768805027008057, -0.0045094676315784454, -0.010754227638244629, -0.012288801372051239, -0.0110801812261343, -0.008832566440105438, -0.009355152025818825, -0.004077492281794548, -0.007864974439144135, -0.006599070504307747, -0.0067213959991931915, -0.006653814576566219, -0.0060340641066432, -0.006608426570892334, -0.004128677770495415, -0.004835871979594231, -0.008223931305110455, -0.00637098029255867, -0.009157422930002213]
ref [0.7560427188873291, 0.22135838866233826, 0.13307766616344452, 0.0967506468296051, 0.07894103229045868, 0.05845712125301361, 0.05229927971959114, 0.045484866946935654, 0.04076012223958969, 0.035533614456653595, 0.03258751705288887, 0.02503715455532074, 0.026733985170722008, 0.02441716007888317, 0.02281958796083927, 0.021370770409703255, 0.021212711930274963, 0.022978655993938446, 0.01987498812377453, 0.020164620131254196, 0.023676931858062744, 0.02072116732597351, 0.02337861806154251]
[0.7169474959373474, 0.2211383581161499, 0.1186111643910408, 0.08862849324941635, 0.06617222726345062, 0.053947653621435165, 0.04154505208134651, 0.033196065574884415, 0.02967994101345539, 0.026701048016548157, 0.023232365027070045, 0.02095966227352619, 0.018869010731577873, 0.017818089574575424, 0.01609819196164608, 0.014716955833137035, 0.015178647823631763, 0.016370229423046112, 0.015746310353279114, 0.015328748151659966, 0.01545300055295229, 0.01435018703341484, 0.014221195131540298]
Training time: 2235 	steps per sec: 10
Eval num_timesteps=23552, episode_reward=nan +/- nan
Eval num_timesteps=23552, episode_success=nan +/- nan
se
16 16384 1024
diff [-0.03909522294998169, -0.0002200305461883545, -0.014466501772403717, -0.008122153580188751, -0.012768805027008057, -0.0045094676315784454, -0.010754227638244629, -0.012288801372051239, -0.0110801812261343, -0.008832566440105438, -0.009355152025818825, -0.004077492281794548, -0.007864974439144135, -0.006599070504307747, -0.0067213959991931915, -0.006653814576566219, -0.0060340641066432, -0.006608426570892334, -0.004128677770495415, -0.004835871979594231, -0.008223931305110455, -0.00637098029255867, -0.009157422930002213, -0.00679535698145628]
ref [0.7560427188873291, 0.22135838866233826, 0.13307766616344452, 0.0967506468296051, 0.07894103229045868, 0.05845712125301361, 0.05229927971959114, 0.045484866946935654, 0.04076012223958969, 0.035533614456653595, 0.03258751705288887, 0.02503715455532074, 0.026733985170722008, 0.02441716007888317, 0.02281958796083927, 0.021370770409703255, 0.021212711930274963, 0.022978655993938446, 0.01987498812377453, 0.020164620131254196, 0.023676931858062744, 0.02072116732597351, 0.02337861806154251, 0.02203477919101715]
[0.7169474959373474, 0.2211383581161499, 0.1186111643910408, 0.08862849324941635, 0.06617222726345062, 0.053947653621435165, 0.04154505208134651, 0.033196065574884415, 0.02967994101345539, 0.026701048016548157, 0.023232365027070045, 0.02095966227352619, 0.018869010731577873, 0.017818089574575424, 0.01609819196164608, 0.014716955833137035, 0.015178647823631763, 0.016370229423046112, 0.015746310353279114, 0.015328748151659966, 0.01545300055295229, 0.01435018703341484, 0.014221195131540298, 0.015239422209560871]
Training time: 2368 	steps per sec: 10
Eval num_timesteps=24576, episode_reward=nan +/- nan
Eval num_timesteps=24576, episode_success=nan +/- nan
se
16 16384 1024
diff [-0.03909522294998169, -0.0002200305461883545, -0.014466501772403717, -0.008122153580188751, -0.012768805027008057, -0.0045094676315784454, -0.010754227638244629, -0.012288801372051239, -0.0110801812261343, -0.008832566440105438, -0.009355152025818825, -0.004077492281794548, -0.007864974439144135, -0.006599070504307747, -0.0067213959991931915, -0.006653814576566219, -0.0060340641066432, -0.006608426570892334, -0.004128677770495415, -0.004835871979594231, -0.008223931305110455, -0.00637098029255867, -0.009157422930002213, -0.00679535698145628, -0.0063787782564759254]
ref [0.7560427188873291, 0.22135838866233826, 0.13307766616344452, 0.0967506468296051, 0.07894103229045868, 0.05845712125301361, 0.05229927971959114, 0.045484866946935654, 0.04076012223958969, 0.035533614456653595, 0.03258751705288887, 0.02503715455532074, 0.026733985170722008, 0.02441716007888317, 0.02281958796083927, 0.021370770409703255, 0.021212711930274963, 0.022978655993938446, 0.01987498812377453, 0.020164620131254196, 0.023676931858062744, 0.02072116732597351, 0.02337861806154251, 0.02203477919101715, 0.021036503836512566]
[0.7169474959373474, 0.2211383581161499, 0.1186111643910408, 0.08862849324941635, 0.06617222726345062, 0.053947653621435165, 0.04154505208134651, 0.033196065574884415, 0.02967994101345539, 0.026701048016548157, 0.023232365027070045, 0.02095966227352619, 0.018869010731577873, 0.017818089574575424, 0.01609819196164608, 0.014716955833137035, 0.015178647823631763, 0.016370229423046112, 0.015746310353279114, 0.015328748151659966, 0.01545300055295229, 0.01435018703341484, 0.014221195131540298, 0.015239422209560871, 0.01465772558003664]
Training time: 2526 	steps per sec: 10
Eval num_timesteps=25600, episode_reward=nan +/- nan
Eval num_timesteps=25600, episode_success=nan +/- nan
se
16 16384 1024
diff [-0.03909522294998169, -0.0002200305461883545, -0.014466501772403717, -0.008122153580188751, -0.012768805027008057, -0.0045094676315784454, -0.010754227638244629, -0.012288801372051239, -0.0110801812261343, -0.008832566440105438, -0.009355152025818825, -0.004077492281794548, -0.007864974439144135, -0.006599070504307747, -0.0067213959991931915, -0.006653814576566219, -0.0060340641066432, -0.006608426570892334, -0.004128677770495415, -0.004835871979594231, -0.008223931305110455, -0.00637098029255867, -0.009157422930002213, -0.00679535698145628, -0.0063787782564759254, -0.00819519441574812]
ref [0.7560427188873291, 0.22135838866233826, 0.13307766616344452, 0.0967506468296051, 0.07894103229045868, 0.05845712125301361, 0.05229927971959114, 0.045484866946935654, 0.04076012223958969, 0.035533614456653595, 0.03258751705288887, 0.02503715455532074, 0.026733985170722008, 0.02441716007888317, 0.02281958796083927, 0.021370770409703255, 0.021212711930274963, 0.022978655993938446, 0.01987498812377453, 0.020164620131254196, 0.023676931858062744, 0.02072116732597351, 0.02337861806154251, 0.02203477919101715, 0.021036503836512566, 0.022428082302212715]
[0.7169474959373474, 0.2211383581161499, 0.1186111643910408, 0.08862849324941635, 0.06617222726345062, 0.053947653621435165, 0.04154505208134651, 0.033196065574884415, 0.02967994101345539, 0.026701048016548157, 0.023232365027070045, 0.02095966227352619, 0.018869010731577873, 0.017818089574575424, 0.01609819196164608, 0.014716955833137035, 0.015178647823631763, 0.016370229423046112, 0.015746310353279114, 0.015328748151659966, 0.01545300055295229, 0.01435018703341484, 0.014221195131540298, 0.015239422209560871, 0.01465772558003664, 0.014232887886464596]
Training time: 2685 	steps per sec: 9
Eval num_timesteps=26624, episode_reward=nan +/- nan
Eval num_timesteps=26624, episode_success=nan +/- nan
se
16 16384 1024
diff [-0.03909522294998169, -0.0002200305461883545, -0.014466501772403717, -0.008122153580188751, -0.012768805027008057, -0.0045094676315784454, -0.010754227638244629, -0.012288801372051239, -0.0110801812261343, -0.008832566440105438, -0.009355152025818825, -0.004077492281794548, -0.007864974439144135, -0.006599070504307747, -0.0067213959991931915, -0.006653814576566219, -0.0060340641066432, -0.006608426570892334, -0.004128677770495415, -0.004835871979594231, -0.008223931305110455, -0.00637098029255867, -0.009157422930002213, -0.00679535698145628, -0.0063787782564759254, -0.00819519441574812, -0.008942755870521069]
ref [0.7560427188873291, 0.22135838866233826, 0.13307766616344452, 0.0967506468296051, 0.07894103229045868, 0.05845712125301361, 0.05229927971959114, 0.045484866946935654, 0.04076012223958969, 0.035533614456653595, 0.03258751705288887, 0.02503715455532074, 0.026733985170722008, 0.02441716007888317, 0.02281958796083927, 0.021370770409703255, 0.021212711930274963, 0.022978655993938446, 0.01987498812377453, 0.020164620131254196, 0.023676931858062744, 0.02072116732597351, 0.02337861806154251, 0.02203477919101715, 0.021036503836512566, 0.022428082302212715, 0.023487407714128494]
[0.7169474959373474, 0.2211383581161499, 0.1186111643910408, 0.08862849324941635, 0.06617222726345062, 0.053947653621435165, 0.04154505208134651, 0.033196065574884415, 0.02967994101345539, 0.026701048016548157, 0.023232365027070045, 0.02095966227352619, 0.018869010731577873, 0.017818089574575424, 0.01609819196164608, 0.014716955833137035, 0.015178647823631763, 0.016370229423046112, 0.015746310353279114, 0.015328748151659966, 0.01545300055295229, 0.01435018703341484, 0.014221195131540298, 0.015239422209560871, 0.01465772558003664, 0.014232887886464596, 0.014544651843607426]
Training time: 2833 	steps per sec: 9
Eval num_timesteps=27648, episode_reward=nan +/- nan
Eval num_timesteps=27648, episode_success=nan +/- nan
se
16 16384 1024
diff [-0.03909522294998169, -0.0002200305461883545, -0.014466501772403717, -0.008122153580188751, -0.012768805027008057, -0.0045094676315784454, -0.010754227638244629, -0.012288801372051239, -0.0110801812261343, -0.008832566440105438, -0.009355152025818825, -0.004077492281794548, -0.007864974439144135, -0.006599070504307747, -0.0067213959991931915, -0.006653814576566219, -0.0060340641066432, -0.006608426570892334, -0.004128677770495415, -0.004835871979594231, -0.008223931305110455, -0.00637098029255867, -0.009157422930002213, -0.00679535698145628, -0.0063787782564759254, -0.00819519441574812, -0.008942755870521069, -0.0070018768310546875]
ref [0.7560427188873291, 0.22135838866233826, 0.13307766616344452, 0.0967506468296051, 0.07894103229045868, 0.05845712125301361, 0.05229927971959114, 0.045484866946935654, 0.04076012223958969, 0.035533614456653595, 0.03258751705288887, 0.02503715455532074, 0.026733985170722008, 0.02441716007888317, 0.02281958796083927, 0.021370770409703255, 0.021212711930274963, 0.022978655993938446, 0.01987498812377453, 0.020164620131254196, 0.023676931858062744, 0.02072116732597351, 0.02337861806154251, 0.02203477919101715, 0.021036503836512566, 0.022428082302212715, 0.023487407714128494, 0.02191595733165741]
[0.7169474959373474, 0.2211383581161499, 0.1186111643910408, 0.08862849324941635, 0.06617222726345062, 0.053947653621435165, 0.04154505208134651, 0.033196065574884415, 0.02967994101345539, 0.026701048016548157, 0.023232365027070045, 0.02095966227352619, 0.018869010731577873, 0.017818089574575424, 0.01609819196164608, 0.014716955833137035, 0.015178647823631763, 0.016370229423046112, 0.015746310353279114, 0.015328748151659966, 0.01545300055295229, 0.01435018703341484, 0.014221195131540298, 0.015239422209560871, 0.01465772558003664, 0.014232887886464596, 0.014544651843607426, 0.014914080500602722]
Training time: 2979 	steps per sec: 9
Eval num_timesteps=28672, episode_reward=nan +/- nan
Eval num_timesteps=28672, episode_success=nan +/- nan
se
16 16384 1024
diff [-0.03909522294998169, -0.0002200305461883545, -0.014466501772403717, -0.008122153580188751, -0.012768805027008057, -0.0045094676315784454, -0.010754227638244629, -0.012288801372051239, -0.0110801812261343, -0.008832566440105438, -0.009355152025818825, -0.004077492281794548, -0.007864974439144135, -0.006599070504307747, -0.0067213959991931915, -0.006653814576566219, -0.0060340641066432, -0.006608426570892334, -0.004128677770495415, -0.004835871979594231, -0.008223931305110455, -0.00637098029255867, -0.009157422930002213, -0.00679535698145628, -0.0063787782564759254, -0.00819519441574812, -0.008942755870521069, -0.0070018768310546875, -0.008197624236345291]
ref [0.7560427188873291, 0.22135838866233826, 0.13307766616344452, 0.0967506468296051, 0.07894103229045868, 0.05845712125301361, 0.05229927971959114, 0.045484866946935654, 0.04076012223958969, 0.035533614456653595, 0.03258751705288887, 0.02503715455532074, 0.026733985170722008, 0.02441716007888317, 0.02281958796083927, 0.021370770409703255, 0.021212711930274963, 0.022978655993938446, 0.01987498812377453, 0.020164620131254196, 0.023676931858062744, 0.02072116732597351, 0.02337861806154251, 0.02203477919101715, 0.021036503836512566, 0.022428082302212715, 0.023487407714128494, 0.02191595733165741, 0.022762030363082886]
[0.7169474959373474, 0.2211383581161499, 0.1186111643910408, 0.08862849324941635, 0.06617222726345062, 0.053947653621435165, 0.04154505208134651, 0.033196065574884415, 0.02967994101345539, 0.026701048016548157, 0.023232365027070045, 0.02095966227352619, 0.018869010731577873, 0.017818089574575424, 0.01609819196164608, 0.014716955833137035, 0.015178647823631763, 0.016370229423046112, 0.015746310353279114, 0.015328748151659966, 0.01545300055295229, 0.01435018703341484, 0.014221195131540298, 0.015239422209560871, 0.01465772558003664, 0.014232887886464596, 0.014544651843607426, 0.014914080500602722, 0.014564406126737595]
Training time: 3121 	steps per sec: 9
Eval num_timesteps=29696, episode_reward=nan +/- nan
Eval num_timesteps=29696, episode_success=nan +/- nan
se
16 16384 1024
diff [-0.03909522294998169, -0.0002200305461883545, -0.014466501772403717, -0.008122153580188751, -0.012768805027008057, -0.0045094676315784454, -0.010754227638244629, -0.012288801372051239, -0.0110801812261343, -0.008832566440105438, -0.009355152025818825, -0.004077492281794548, -0.007864974439144135, -0.006599070504307747, -0.0067213959991931915, -0.006653814576566219, -0.0060340641066432, -0.006608426570892334, -0.004128677770495415, -0.004835871979594231, -0.008223931305110455, -0.00637098029255867, -0.009157422930002213, -0.00679535698145628, -0.0063787782564759254, -0.00819519441574812, -0.008942755870521069, -0.0070018768310546875, -0.008197624236345291, -0.005642072297632694]
ref [0.7560427188873291, 0.22135838866233826, 0.13307766616344452, 0.0967506468296051, 0.07894103229045868, 0.05845712125301361, 0.05229927971959114, 0.045484866946935654, 0.04076012223958969, 0.035533614456653595, 0.03258751705288887, 0.02503715455532074, 0.026733985170722008, 0.02441716007888317, 0.02281958796083927, 0.021370770409703255, 0.021212711930274963, 0.022978655993938446, 0.01987498812377453, 0.020164620131254196, 0.023676931858062744, 0.02072116732597351, 0.02337861806154251, 0.02203477919101715, 0.021036503836512566, 0.022428082302212715, 0.023487407714128494, 0.02191595733165741, 0.022762030363082886, 0.020839892327785492]
[0.7169474959373474, 0.2211383581161499, 0.1186111643910408, 0.08862849324941635, 0.06617222726345062, 0.053947653621435165, 0.04154505208134651, 0.033196065574884415, 0.02967994101345539, 0.026701048016548157, 0.023232365027070045, 0.02095966227352619, 0.018869010731577873, 0.017818089574575424, 0.01609819196164608, 0.014716955833137035, 0.015178647823631763, 0.016370229423046112, 0.015746310353279114, 0.015328748151659966, 0.01545300055295229, 0.01435018703341484, 0.014221195131540298, 0.015239422209560871, 0.01465772558003664, 0.014232887886464596, 0.014544651843607426, 0.014914080500602722, 0.014564406126737595, 0.015197820030152798]
Training time: 3270 	steps per sec: 9
Eval num_timesteps=30720, episode_reward=nan +/- nan
Eval num_timesteps=30720, episode_success=nan +/- nan
se
16 16384 1024
diff [-0.03909522294998169, -0.0002200305461883545, -0.014466501772403717, -0.008122153580188751, -0.012768805027008057, -0.0045094676315784454, -0.010754227638244629, -0.012288801372051239, -0.0110801812261343, -0.008832566440105438, -0.009355152025818825, -0.004077492281794548, -0.007864974439144135, -0.006599070504307747, -0.0067213959991931915, -0.006653814576566219, -0.0060340641066432, -0.006608426570892334, -0.004128677770495415, -0.004835871979594231, -0.008223931305110455, -0.00637098029255867, -0.009157422930002213, -0.00679535698145628, -0.0063787782564759254, -0.00819519441574812, -0.008942755870521069, -0.0070018768310546875, -0.008197624236345291, -0.005642072297632694, -0.006867680698633194]
ref [0.7560427188873291, 0.22135838866233826, 0.13307766616344452, 0.0967506468296051, 0.07894103229045868, 0.05845712125301361, 0.05229927971959114, 0.045484866946935654, 0.04076012223958969, 0.035533614456653595, 0.03258751705288887, 0.02503715455532074, 0.026733985170722008, 0.02441716007888317, 0.02281958796083927, 0.021370770409703255, 0.021212711930274963, 0.022978655993938446, 0.01987498812377453, 0.020164620131254196, 0.023676931858062744, 0.02072116732597351, 0.02337861806154251, 0.02203477919101715, 0.021036503836512566, 0.022428082302212715, 0.023487407714128494, 0.02191595733165741, 0.022762030363082886, 0.020839892327785492, 0.022810714319348335]
[0.7169474959373474, 0.2211383581161499, 0.1186111643910408, 0.08862849324941635, 0.06617222726345062, 0.053947653621435165, 0.04154505208134651, 0.033196065574884415, 0.02967994101345539, 0.026701048016548157, 0.023232365027070045, 0.02095966227352619, 0.018869010731577873, 0.017818089574575424, 0.01609819196164608, 0.014716955833137035, 0.015178647823631763, 0.016370229423046112, 0.015746310353279114, 0.015328748151659966, 0.01545300055295229, 0.01435018703341484, 0.014221195131540298, 0.015239422209560871, 0.01465772558003664, 0.014232887886464596, 0.014544651843607426, 0.014914080500602722, 0.014564406126737595, 0.015197820030152798, 0.01594303362071514]
Training time: 3421 	steps per sec: 9
Eval num_timesteps=31744, episode_reward=nan +/- nan
Eval num_timesteps=31744, episode_success=nan +/- nan
se
16 16384 1024
diff [-0.03909522294998169, -0.0002200305461883545, -0.014466501772403717, -0.008122153580188751, -0.012768805027008057, -0.0045094676315784454, -0.010754227638244629, -0.012288801372051239, -0.0110801812261343, -0.008832566440105438, -0.009355152025818825, -0.004077492281794548, -0.007864974439144135, -0.006599070504307747, -0.0067213959991931915, -0.006653814576566219, -0.0060340641066432, -0.006608426570892334, -0.004128677770495415, -0.004835871979594231, -0.008223931305110455, -0.00637098029255867, -0.009157422930002213, -0.00679535698145628, -0.0063787782564759254, -0.00819519441574812, -0.008942755870521069, -0.0070018768310546875, -0.008197624236345291, -0.005642072297632694, -0.006867680698633194, -0.005012655630707741]
ref [0.7560427188873291, 0.22135838866233826, 0.13307766616344452, 0.0967506468296051, 0.07894103229045868, 0.05845712125301361, 0.05229927971959114, 0.045484866946935654, 0.04076012223958969, 0.035533614456653595, 0.03258751705288887, 0.02503715455532074, 0.026733985170722008, 0.02441716007888317, 0.02281958796083927, 0.021370770409703255, 0.021212711930274963, 0.022978655993938446, 0.01987498812377453, 0.020164620131254196, 0.023676931858062744, 0.02072116732597351, 0.02337861806154251, 0.02203477919101715, 0.021036503836512566, 0.022428082302212715, 0.023487407714128494, 0.02191595733165741, 0.022762030363082886, 0.020839892327785492, 0.022810714319348335, 0.021674510091543198]
[0.7169474959373474, 0.2211383581161499, 0.1186111643910408, 0.08862849324941635, 0.06617222726345062, 0.053947653621435165, 0.04154505208134651, 0.033196065574884415, 0.02967994101345539, 0.026701048016548157, 0.023232365027070045, 0.02095966227352619, 0.018869010731577873, 0.017818089574575424, 0.01609819196164608, 0.014716955833137035, 0.015178647823631763, 0.016370229423046112, 0.015746310353279114, 0.015328748151659966, 0.01545300055295229, 0.01435018703341484, 0.014221195131540298, 0.015239422209560871, 0.01465772558003664, 0.014232887886464596, 0.014544651843607426, 0.014914080500602722, 0.014564406126737595, 0.015197820030152798, 0.01594303362071514, 0.016661854460835457]
Training time: 3574 	steps per sec: 9
Eval num_timesteps=32768, episode_reward=nan +/- nan
Eval num_timesteps=32768, episode_success=nan +/- nan
results/Ant-v4/
results/Ant-v4/ppo_ros/
results/Ant-v4/ppo_ros/expert/
results/Ant-v4/ppo_ros/expert/b_16/
results/Ant-v4/ppo_ros/expert/b_16/no_lambda/
results/Ant-v4/ppo_ros/expert/b_16/no_lambda/run_0/
results/Ant-v4/ppo_ros/expert/b_16/no_lambda/run_0/evaluations.npz
results/Ant-v4/ppo_ros/expert/b_16/no_lambda/run_0/config.yml
results/Ant-v4/ppo_ros/expert/b_16/no_lambda/run_0/stats.npz
