ppo_ros_continuous.py --env-id Walker2d-v4 -s expert/b_16/no_clip --total-timesteps 32768 --eval-freq 1 --eval-episodes 0 -b 16 --num-steps 1024 -lr 0 --update-epochs 0 --anneal-lr 0 --ros-num-steps 256 --ros-update-epochs 16 --ros-target-kl 0.05 --ros-clip-coef 999999999 --ros-lambda 0.1 -ros-lr 0.001 --ros-anneal-lr 0 --se 1 --se-freq 1 --se-lr 1e-3 --se-epochs 1000 --policy-path policies/Walker2d-v4/best_model.zip --normalization-dir policies/Walker2d-v4
Obtaining file:///var/lib/condor/execute/slot1/dir_394772/PPOROS/PPOROS/custom-envs
  Preparing metadata (setup.py): started
  Preparing metadata (setup.py): finished with status 'done'
Requirement already satisfied: gym in /var/lib/condor/execute/slot1/dir_394772/PPOROS/ppo-ros_env/lib/python3.9/site-packages (from custom-envs==0.0.1) (0.21.0)
Requirement already satisfied: numpy>=1.18.0 in /var/lib/condor/execute/slot1/dir_394772/PPOROS/ppo-ros_env/lib/python3.9/site-packages (from gym->custom-envs==0.0.1) (1.24.2)
Requirement already satisfied: cloudpickle>=1.2.0 in /var/lib/condor/execute/slot1/dir_394772/PPOROS/ppo-ros_env/lib/python3.9/site-packages (from gym->custom-envs==0.0.1) (2.2.1)
Installing collected packages: custom-envs
  Running setup.py develop for custom-envs
Successfully installed custom-envs-0.0.1
seed: 1
Eval num_timesteps=0, episode_reward=nan +/- nan
Eval num_timesteps=0, episode_success=nan +/- nan
se
1 1024 1024
diff [0.1235608458518982]
ref [0.2459230124950409]
[0.3694838583469391]
Training time: 11 	steps per sec: 85
Eval num_timesteps=1024, episode_reward=nan +/- nan
Eval num_timesteps=1024, episode_success=nan +/- nan
se
2 2048 1024
diff [0.1235608458518982, 0.01173369586467743]
ref [0.2459230124950409, 0.13236765563488007]
[0.3694838583469391, 0.1441013514995575]
Training time: 31 	steps per sec: 65
Eval num_timesteps=2048, episode_reward=nan +/- nan
Eval num_timesteps=2048, episode_success=nan +/- nan
se
3 3072 1024
diff [0.1235608458518982, 0.01173369586467743, -0.01938183605670929]
ref [0.2459230124950409, 0.13236765563488007, 0.09980589896440506]
[0.3694838583469391, 0.1441013514995575, 0.08042406290769577]
Training time: 57 	steps per sec: 53
Eval num_timesteps=3072, episode_reward=nan +/- nan
Eval num_timesteps=3072, episode_success=nan +/- nan
se
4 4096 1024
diff [0.1235608458518982, 0.01173369586467743, -0.01938183605670929, -0.015556525439023972]
ref [0.2459230124950409, 0.13236765563488007, 0.09980589896440506, 0.0679311752319336]
[0.3694838583469391, 0.1441013514995575, 0.08042406290769577, 0.05237464979290962]
Training time: 93 	steps per sec: 43
Eval num_timesteps=4096, episode_reward=nan +/- nan
Eval num_timesteps=4096, episode_success=nan +/- nan
se
5 5120 1024
diff [0.1235608458518982, 0.01173369586467743, -0.01938183605670929, -0.015556525439023972, -0.01079261302947998]
ref [0.2459230124950409, 0.13236765563488007, 0.09980589896440506, 0.0679311752319336, 0.052652716636657715]
[0.3694838583469391, 0.1441013514995575, 0.08042406290769577, 0.05237464979290962, 0.041860103607177734]
Training time: 137 	steps per sec: 37
Eval num_timesteps=5120, episode_reward=nan +/- nan
Eval num_timesteps=5120, episode_success=nan +/- nan
se
6 6144 1024
diff [0.1235608458518982, 0.01173369586467743, -0.01938183605670929, -0.015556525439023972, -0.01079261302947998, -0.012461215257644653]
ref [0.2459230124950409, 0.13236765563488007, 0.09980589896440506, 0.0679311752319336, 0.052652716636657715, 0.0464831180870533]
[0.3694838583469391, 0.1441013514995575, 0.08042406290769577, 0.05237464979290962, 0.041860103607177734, 0.034021902829408646]
Training time: 190 	steps per sec: 32
Eval num_timesteps=6144, episode_reward=nan +/- nan
Eval num_timesteps=6144, episode_success=nan +/- nan
se
7 7168 1024
diff [0.1235608458518982, 0.01173369586467743, -0.01938183605670929, -0.015556525439023972, -0.01079261302947998, -0.012461215257644653, -0.005489926785230637]
ref [0.2459230124950409, 0.13236765563488007, 0.09980589896440506, 0.0679311752319336, 0.052652716636657715, 0.0464831180870533, 0.03406379744410515]
[0.3694838583469391, 0.1441013514995575, 0.08042406290769577, 0.05237464979290962, 0.041860103607177734, 0.034021902829408646, 0.02857387065887451]
Training time: 251 	steps per sec: 28
Eval num_timesteps=7168, episode_reward=nan +/- nan
Eval num_timesteps=7168, episode_success=nan +/- nan
se
8 8192 1024
diff [0.1235608458518982, 0.01173369586467743, -0.01938183605670929, -0.015556525439023972, -0.01079261302947998, -0.012461215257644653, -0.005489926785230637, -0.0061089396476745605]
ref [0.2459230124950409, 0.13236765563488007, 0.09980589896440506, 0.0679311752319336, 0.052652716636657715, 0.0464831180870533, 0.03406379744410515, 0.03115072473883629]
[0.3694838583469391, 0.1441013514995575, 0.08042406290769577, 0.05237464979290962, 0.041860103607177734, 0.034021902829408646, 0.02857387065887451, 0.025041785091161728]
Training time: 322 	steps per sec: 25
Eval num_timesteps=8192, episode_reward=nan +/- nan
Eval num_timesteps=8192, episode_success=nan +/- nan
se
9 9216 1024
diff [0.1235608458518982, 0.01173369586467743, -0.01938183605670929, -0.015556525439023972, -0.01079261302947998, -0.012461215257644653, -0.005489926785230637, -0.0061089396476745605, -0.006758291274309158]
ref [0.2459230124950409, 0.13236765563488007, 0.09980589896440506, 0.0679311752319336, 0.052652716636657715, 0.0464831180870533, 0.03406379744410515, 0.03115072473883629, 0.028596920892596245]
[0.3694838583469391, 0.1441013514995575, 0.08042406290769577, 0.05237464979290962, 0.041860103607177734, 0.034021902829408646, 0.02857387065887451, 0.025041785091161728, 0.021838629618287086]
Training time: 401 	steps per sec: 22
Eval num_timesteps=9216, episode_reward=nan +/- nan
Eval num_timesteps=9216, episode_success=nan +/- nan
se
10 10240 1024
diff [0.1235608458518982, 0.01173369586467743, -0.01938183605670929, -0.015556525439023972, -0.01079261302947998, -0.012461215257644653, -0.005489926785230637, -0.0061089396476745605, -0.006758291274309158, -0.00951606035232544]
ref [0.2459230124950409, 0.13236765563488007, 0.09980589896440506, 0.0679311752319336, 0.052652716636657715, 0.0464831180870533, 0.03406379744410515, 0.03115072473883629, 0.028596920892596245, 0.028419721871614456]
[0.3694838583469391, 0.1441013514995575, 0.08042406290769577, 0.05237464979290962, 0.041860103607177734, 0.034021902829408646, 0.02857387065887451, 0.025041785091161728, 0.021838629618287086, 0.018903661519289017]
Training time: 485 	steps per sec: 21
Eval num_timesteps=10240, episode_reward=nan +/- nan
Eval num_timesteps=10240, episode_success=nan +/- nan
se
11 11264 1024
diff [0.1235608458518982, 0.01173369586467743, -0.01938183605670929, -0.015556525439023972, -0.01079261302947998, -0.012461215257644653, -0.005489926785230637, -0.0061089396476745605, -0.006758291274309158, -0.00951606035232544, -0.004125485196709633]
ref [0.2459230124950409, 0.13236765563488007, 0.09980589896440506, 0.0679311752319336, 0.052652716636657715, 0.0464831180870533, 0.03406379744410515, 0.03115072473883629, 0.028596920892596245, 0.028419721871614456, 0.02260478213429451]
[0.3694838583469391, 0.1441013514995575, 0.08042406290769577, 0.05237464979290962, 0.041860103607177734, 0.034021902829408646, 0.02857387065887451, 0.025041785091161728, 0.021838629618287086, 0.018903661519289017, 0.018479296937584877]
Training time: 573 	steps per sec: 19
Eval num_timesteps=11264, episode_reward=nan +/- nan
Eval num_timesteps=11264, episode_success=nan +/- nan
se
12 12288 1024
diff [0.1235608458518982, 0.01173369586467743, -0.01938183605670929, -0.015556525439023972, -0.01079261302947998, -0.012461215257644653, -0.005489926785230637, -0.0061089396476745605, -0.006758291274309158, -0.00951606035232544, -0.004125485196709633, -0.004619276151061058]
ref [0.2459230124950409, 0.13236765563488007, 0.09980589896440506, 0.0679311752319336, 0.052652716636657715, 0.0464831180870533, 0.03406379744410515, 0.03115072473883629, 0.028596920892596245, 0.028419721871614456, 0.02260478213429451, 0.020912833511829376]
[0.3694838583469391, 0.1441013514995575, 0.08042406290769577, 0.05237464979290962, 0.041860103607177734, 0.034021902829408646, 0.02857387065887451, 0.025041785091161728, 0.021838629618287086, 0.018903661519289017, 0.018479296937584877, 0.016293557360768318]
Training time: 666 	steps per sec: 18
Eval num_timesteps=12288, episode_reward=nan +/- nan
Eval num_timesteps=12288, episode_success=nan +/- nan
se
13 13312 1024
diff [0.1235608458518982, 0.01173369586467743, -0.01938183605670929, -0.015556525439023972, -0.01079261302947998, -0.012461215257644653, -0.005489926785230637, -0.0061089396476745605, -0.006758291274309158, -0.00951606035232544, -0.004125485196709633, -0.004619276151061058, -0.006568452343344688]
ref [0.2459230124950409, 0.13236765563488007, 0.09980589896440506, 0.0679311752319336, 0.052652716636657715, 0.0464831180870533, 0.03406379744410515, 0.03115072473883629, 0.028596920892596245, 0.028419721871614456, 0.02260478213429451, 0.020912833511829376, 0.020850637927651405]
[0.3694838583469391, 0.1441013514995575, 0.08042406290769577, 0.05237464979290962, 0.041860103607177734, 0.034021902829408646, 0.02857387065887451, 0.025041785091161728, 0.021838629618287086, 0.018903661519289017, 0.018479296937584877, 0.016293557360768318, 0.014282185584306717]
Training time: 768 	steps per sec: 17
Eval num_timesteps=13312, episode_reward=nan +/- nan
Eval num_timesteps=13312, episode_success=nan +/- nan
se
14 14336 1024
diff [0.1235608458518982, 0.01173369586467743, -0.01938183605670929, -0.015556525439023972, -0.01079261302947998, -0.012461215257644653, -0.005489926785230637, -0.0061089396476745605, -0.006758291274309158, -0.00951606035232544, -0.004125485196709633, -0.004619276151061058, -0.006568452343344688, -0.004424245096743107]
ref [0.2459230124950409, 0.13236765563488007, 0.09980589896440506, 0.0679311752319336, 0.052652716636657715, 0.0464831180870533, 0.03406379744410515, 0.03115072473883629, 0.028596920892596245, 0.028419721871614456, 0.02260478213429451, 0.020912833511829376, 0.020850637927651405, 0.018096325919032097]
[0.3694838583469391, 0.1441013514995575, 0.08042406290769577, 0.05237464979290962, 0.041860103607177734, 0.034021902829408646, 0.02857387065887451, 0.025041785091161728, 0.021838629618287086, 0.018903661519289017, 0.018479296937584877, 0.016293557360768318, 0.014282185584306717, 0.01367208082228899]
Training time: 880 	steps per sec: 16
Eval num_timesteps=14336, episode_reward=nan +/- nan
Eval num_timesteps=14336, episode_success=nan +/- nan
se
15 15360 1024
diff [0.1235608458518982, 0.01173369586467743, -0.01938183605670929, -0.015556525439023972, -0.01079261302947998, -0.012461215257644653, -0.005489926785230637, -0.0061089396476745605, -0.006758291274309158, -0.00951606035232544, -0.004125485196709633, -0.004619276151061058, -0.006568452343344688, -0.004424245096743107, -0.0019850898534059525]
ref [0.2459230124950409, 0.13236765563488007, 0.09980589896440506, 0.0679311752319336, 0.052652716636657715, 0.0464831180870533, 0.03406379744410515, 0.03115072473883629, 0.028596920892596245, 0.028419721871614456, 0.02260478213429451, 0.020912833511829376, 0.020850637927651405, 0.018096325919032097, 0.015413111075758934]
[0.3694838583469391, 0.1441013514995575, 0.08042406290769577, 0.05237464979290962, 0.041860103607177734, 0.034021902829408646, 0.02857387065887451, 0.025041785091161728, 0.021838629618287086, 0.018903661519289017, 0.018479296937584877, 0.016293557360768318, 0.014282185584306717, 0.01367208082228899, 0.013428021222352982]
Training time: 1001 	steps per sec: 15
Eval num_timesteps=15360, episode_reward=nan +/- nan
Eval num_timesteps=15360, episode_success=nan +/- nan
se
16 16384 1024
diff [0.1235608458518982, 0.01173369586467743, -0.01938183605670929, -0.015556525439023972, -0.01079261302947998, -0.012461215257644653, -0.005489926785230637, -0.0061089396476745605, -0.006758291274309158, -0.00951606035232544, -0.004125485196709633, -0.004619276151061058, -0.006568452343344688, -0.004424245096743107, -0.0019850898534059525, -0.0042817313224077225]
ref [0.2459230124950409, 0.13236765563488007, 0.09980589896440506, 0.0679311752319336, 0.052652716636657715, 0.0464831180870533, 0.03406379744410515, 0.03115072473883629, 0.028596920892596245, 0.028419721871614456, 0.02260478213429451, 0.020912833511829376, 0.020850637927651405, 0.018096325919032097, 0.015413111075758934, 0.01629100739955902]
[0.3694838583469391, 0.1441013514995575, 0.08042406290769577, 0.05237464979290962, 0.041860103607177734, 0.034021902829408646, 0.02857387065887451, 0.025041785091161728, 0.021838629618287086, 0.018903661519289017, 0.018479296937584877, 0.016293557360768318, 0.014282185584306717, 0.01367208082228899, 0.013428021222352982, 0.012009276077151299]
Training time: 1137 	steps per sec: 14
Eval num_timesteps=16384, episode_reward=nan +/- nan
Eval num_timesteps=16384, episode_success=nan +/- nan
se
16 16384 1024
diff [0.1235608458518982, 0.01173369586467743, -0.01938183605670929, -0.015556525439023972, -0.01079261302947998, -0.012461215257644653, -0.005489926785230637, -0.0061089396476745605, -0.006758291274309158, -0.00951606035232544, -0.004125485196709633, -0.004619276151061058, -0.006568452343344688, -0.004424245096743107, -0.0019850898534059525, -0.0042817313224077225, -0.004250246100127697]
ref [0.2459230124950409, 0.13236765563488007, 0.09980589896440506, 0.0679311752319336, 0.052652716636657715, 0.0464831180870533, 0.03406379744410515, 0.03115072473883629, 0.028596920892596245, 0.028419721871614456, 0.02260478213429451, 0.020912833511829376, 0.020850637927651405, 0.018096325919032097, 0.015413111075758934, 0.01629100739955902, 0.016294904053211212]
[0.3694838583469391, 0.1441013514995575, 0.08042406290769577, 0.05237464979290962, 0.041860103607177734, 0.034021902829408646, 0.02857387065887451, 0.025041785091161728, 0.021838629618287086, 0.018903661519289017, 0.018479296937584877, 0.016293557360768318, 0.014282185584306717, 0.01367208082228899, 0.013428021222352982, 0.012009276077151299, 0.012044657953083515]
Training time: 1263 	steps per sec: 13
Eval num_timesteps=17408, episode_reward=nan +/- nan
Eval num_timesteps=17408, episode_success=nan +/- nan
se
16 16384 1024
diff [0.1235608458518982, 0.01173369586467743, -0.01938183605670929, -0.015556525439023972, -0.01079261302947998, -0.012461215257644653, -0.005489926785230637, -0.0061089396476745605, -0.006758291274309158, -0.00951606035232544, -0.004125485196709633, -0.004619276151061058, -0.006568452343344688, -0.004424245096743107, -0.0019850898534059525, -0.0042817313224077225, -0.004250246100127697, -0.0027873488143086433]
ref [0.2459230124950409, 0.13236765563488007, 0.09980589896440506, 0.0679311752319336, 0.052652716636657715, 0.0464831180870533, 0.03406379744410515, 0.03115072473883629, 0.028596920892596245, 0.028419721871614456, 0.02260478213429451, 0.020912833511829376, 0.020850637927651405, 0.018096325919032097, 0.015413111075758934, 0.01629100739955902, 0.016294904053211212, 0.014949188567698002]
[0.3694838583469391, 0.1441013514995575, 0.08042406290769577, 0.05237464979290962, 0.041860103607177734, 0.034021902829408646, 0.02857387065887451, 0.025041785091161728, 0.021838629618287086, 0.018903661519289017, 0.018479296937584877, 0.016293557360768318, 0.014282185584306717, 0.01367208082228899, 0.013428021222352982, 0.012009276077151299, 0.012044657953083515, 0.012161839753389359]
Training time: 1394 	steps per sec: 13
Eval num_timesteps=18432, episode_reward=nan +/- nan
Eval num_timesteps=18432, episode_success=nan +/- nan
se
16 16384 1024
diff [0.1235608458518982, 0.01173369586467743, -0.01938183605670929, -0.015556525439023972, -0.01079261302947998, -0.012461215257644653, -0.005489926785230637, -0.0061089396476745605, -0.006758291274309158, -0.00951606035232544, -0.004125485196709633, -0.004619276151061058, -0.006568452343344688, -0.004424245096743107, -0.0019850898534059525, -0.0042817313224077225, -0.004250246100127697, -0.0027873488143086433, -0.003660326823592186]
ref [0.2459230124950409, 0.13236765563488007, 0.09980589896440506, 0.0679311752319336, 0.052652716636657715, 0.0464831180870533, 0.03406379744410515, 0.03115072473883629, 0.028596920892596245, 0.028419721871614456, 0.02260478213429451, 0.020912833511829376, 0.020850637927651405, 0.018096325919032097, 0.015413111075758934, 0.01629100739955902, 0.016294904053211212, 0.014949188567698002, 0.015564006753265858]
[0.3694838583469391, 0.1441013514995575, 0.08042406290769577, 0.05237464979290962, 0.041860103607177734, 0.034021902829408646, 0.02857387065887451, 0.025041785091161728, 0.021838629618287086, 0.018903661519289017, 0.018479296937584877, 0.016293557360768318, 0.014282185584306717, 0.01367208082228899, 0.013428021222352982, 0.012009276077151299, 0.012044657953083515, 0.012161839753389359, 0.011903679929673672]
Training time: 1524 	steps per sec: 12
Eval num_timesteps=19456, episode_reward=nan +/- nan
Eval num_timesteps=19456, episode_success=nan +/- nan
se
16 16384 1024
diff [0.1235608458518982, 0.01173369586467743, -0.01938183605670929, -0.015556525439023972, -0.01079261302947998, -0.012461215257644653, -0.005489926785230637, -0.0061089396476745605, -0.006758291274309158, -0.00951606035232544, -0.004125485196709633, -0.004619276151061058, -0.006568452343344688, -0.004424245096743107, -0.0019850898534059525, -0.0042817313224077225, -0.004250246100127697, -0.0027873488143086433, -0.003660326823592186, -0.002276325598359108]
ref [0.2459230124950409, 0.13236765563488007, 0.09980589896440506, 0.0679311752319336, 0.052652716636657715, 0.0464831180870533, 0.03406379744410515, 0.03115072473883629, 0.028596920892596245, 0.028419721871614456, 0.02260478213429451, 0.020912833511829376, 0.020850637927651405, 0.018096325919032097, 0.015413111075758934, 0.01629100739955902, 0.016294904053211212, 0.014949188567698002, 0.015564006753265858, 0.01494508609175682]
[0.3694838583469391, 0.1441013514995575, 0.08042406290769577, 0.05237464979290962, 0.041860103607177734, 0.034021902829408646, 0.02857387065887451, 0.025041785091161728, 0.021838629618287086, 0.018903661519289017, 0.018479296937584877, 0.016293557360768318, 0.014282185584306717, 0.01367208082228899, 0.013428021222352982, 0.012009276077151299, 0.012044657953083515, 0.012161839753389359, 0.011903679929673672, 0.012668760493397713]
Training time: 1663 	steps per sec: 12
Eval num_timesteps=20480, episode_reward=nan +/- nan
Eval num_timesteps=20480, episode_success=nan +/- nan
se
16 16384 1024
diff [0.1235608458518982, 0.01173369586467743, -0.01938183605670929, -0.015556525439023972, -0.01079261302947998, -0.012461215257644653, -0.005489926785230637, -0.0061089396476745605, -0.006758291274309158, -0.00951606035232544, -0.004125485196709633, -0.004619276151061058, -0.006568452343344688, -0.004424245096743107, -0.0019850898534059525, -0.0042817313224077225, -0.004250246100127697, -0.0027873488143086433, -0.003660326823592186, -0.002276325598359108, -0.004799669608473778]
ref [0.2459230124950409, 0.13236765563488007, 0.09980589896440506, 0.0679311752319336, 0.052652716636657715, 0.0464831180870533, 0.03406379744410515, 0.03115072473883629, 0.028596920892596245, 0.028419721871614456, 0.02260478213429451, 0.020912833511829376, 0.020850637927651405, 0.018096325919032097, 0.015413111075758934, 0.01629100739955902, 0.016294904053211212, 0.014949188567698002, 0.015564006753265858, 0.01494508609175682, 0.01773647405207157]
[0.3694838583469391, 0.1441013514995575, 0.08042406290769577, 0.05237464979290962, 0.041860103607177734, 0.034021902829408646, 0.02857387065887451, 0.025041785091161728, 0.021838629618287086, 0.018903661519289017, 0.018479296937584877, 0.016293557360768318, 0.014282185584306717, 0.01367208082228899, 0.013428021222352982, 0.012009276077151299, 0.012044657953083515, 0.012161839753389359, 0.011903679929673672, 0.012668760493397713, 0.012936804443597794]
Training time: 1794 	steps per sec: 11
Eval num_timesteps=21504, episode_reward=nan +/- nan
Eval num_timesteps=21504, episode_success=nan +/- nan
se
16 16384 1024
diff [0.1235608458518982, 0.01173369586467743, -0.01938183605670929, -0.015556525439023972, -0.01079261302947998, -0.012461215257644653, -0.005489926785230637, -0.0061089396476745605, -0.006758291274309158, -0.00951606035232544, -0.004125485196709633, -0.004619276151061058, -0.006568452343344688, -0.004424245096743107, -0.0019850898534059525, -0.0042817313224077225, -0.004250246100127697, -0.0027873488143086433, -0.003660326823592186, -0.002276325598359108, -0.004799669608473778, -0.0029594609513878822]
ref [0.2459230124950409, 0.13236765563488007, 0.09980589896440506, 0.0679311752319336, 0.052652716636657715, 0.0464831180870533, 0.03406379744410515, 0.03115072473883629, 0.028596920892596245, 0.028419721871614456, 0.02260478213429451, 0.020912833511829376, 0.020850637927651405, 0.018096325919032097, 0.015413111075758934, 0.01629100739955902, 0.016294904053211212, 0.014949188567698002, 0.015564006753265858, 0.01494508609175682, 0.01773647405207157, 0.015242017805576324]
[0.3694838583469391, 0.1441013514995575, 0.08042406290769577, 0.05237464979290962, 0.041860103607177734, 0.034021902829408646, 0.02857387065887451, 0.025041785091161728, 0.021838629618287086, 0.018903661519289017, 0.018479296937584877, 0.016293557360768318, 0.014282185584306717, 0.01367208082228899, 0.013428021222352982, 0.012009276077151299, 0.012044657953083515, 0.012161839753389359, 0.011903679929673672, 0.012668760493397713, 0.012936804443597794, 0.012282556854188442]
Training time: 1924 	steps per sec: 11
Eval num_timesteps=22528, episode_reward=nan +/- nan
Eval num_timesteps=22528, episode_success=nan +/- nan
se
16 16384 1024
diff [0.1235608458518982, 0.01173369586467743, -0.01938183605670929, -0.015556525439023972, -0.01079261302947998, -0.012461215257644653, -0.005489926785230637, -0.0061089396476745605, -0.006758291274309158, -0.00951606035232544, -0.004125485196709633, -0.004619276151061058, -0.006568452343344688, -0.004424245096743107, -0.0019850898534059525, -0.0042817313224077225, -0.004250246100127697, -0.0027873488143086433, -0.003660326823592186, -0.002276325598359108, -0.004799669608473778, -0.0029594609513878822, -0.003665321506559849]
ref [0.2459230124950409, 0.13236765563488007, 0.09980589896440506, 0.0679311752319336, 0.052652716636657715, 0.0464831180870533, 0.03406379744410515, 0.03115072473883629, 0.028596920892596245, 0.028419721871614456, 0.02260478213429451, 0.020912833511829376, 0.020850637927651405, 0.018096325919032097, 0.015413111075758934, 0.01629100739955902, 0.016294904053211212, 0.014949188567698002, 0.015564006753265858, 0.01494508609175682, 0.01773647405207157, 0.015242017805576324, 0.0169160645455122]
[0.3694838583469391, 0.1441013514995575, 0.08042406290769577, 0.05237464979290962, 0.041860103607177734, 0.034021902829408646, 0.02857387065887451, 0.025041785091161728, 0.021838629618287086, 0.018903661519289017, 0.018479296937584877, 0.016293557360768318, 0.014282185584306717, 0.01367208082228899, 0.013428021222352982, 0.012009276077151299, 0.012044657953083515, 0.012161839753389359, 0.011903679929673672, 0.012668760493397713, 0.012936804443597794, 0.012282556854188442, 0.01325074303895235]
Training time: 2065 	steps per sec: 11
Eval num_timesteps=23552, episode_reward=nan +/- nan
Eval num_timesteps=23552, episode_success=nan +/- nan
se
16 16384 1024
diff [0.1235608458518982, 0.01173369586467743, -0.01938183605670929, -0.015556525439023972, -0.01079261302947998, -0.012461215257644653, -0.005489926785230637, -0.0061089396476745605, -0.006758291274309158, -0.00951606035232544, -0.004125485196709633, -0.004619276151061058, -0.006568452343344688, -0.004424245096743107, -0.0019850898534059525, -0.0042817313224077225, -0.004250246100127697, -0.0027873488143086433, -0.003660326823592186, -0.002276325598359108, -0.004799669608473778, -0.0029594609513878822, -0.003665321506559849, -0.002994803711771965]
ref [0.2459230124950409, 0.13236765563488007, 0.09980589896440506, 0.0679311752319336, 0.052652716636657715, 0.0464831180870533, 0.03406379744410515, 0.03115072473883629, 0.028596920892596245, 0.028419721871614456, 0.02260478213429451, 0.020912833511829376, 0.020850637927651405, 0.018096325919032097, 0.015413111075758934, 0.01629100739955902, 0.016294904053211212, 0.014949188567698002, 0.015564006753265858, 0.01494508609175682, 0.01773647405207157, 0.015242017805576324, 0.0169160645455122, 0.01690882071852684]
[0.3694838583469391, 0.1441013514995575, 0.08042406290769577, 0.05237464979290962, 0.041860103607177734, 0.034021902829408646, 0.02857387065887451, 0.025041785091161728, 0.021838629618287086, 0.018903661519289017, 0.018479296937584877, 0.016293557360768318, 0.014282185584306717, 0.01367208082228899, 0.013428021222352982, 0.012009276077151299, 0.012044657953083515, 0.012161839753389359, 0.011903679929673672, 0.012668760493397713, 0.012936804443597794, 0.012282556854188442, 0.01325074303895235, 0.013914017006754875]
Training time: 2219 	steps per sec: 11
Eval num_timesteps=24576, episode_reward=nan +/- nan
Eval num_timesteps=24576, episode_success=nan +/- nan
se
16 16384 1024
diff [0.1235608458518982, 0.01173369586467743, -0.01938183605670929, -0.015556525439023972, -0.01079261302947998, -0.012461215257644653, -0.005489926785230637, -0.0061089396476745605, -0.006758291274309158, -0.00951606035232544, -0.004125485196709633, -0.004619276151061058, -0.006568452343344688, -0.004424245096743107, -0.0019850898534059525, -0.0042817313224077225, -0.004250246100127697, -0.0027873488143086433, -0.003660326823592186, -0.002276325598359108, -0.004799669608473778, -0.0029594609513878822, -0.003665321506559849, -0.002994803711771965, -0.001730388030409813]
ref [0.2459230124950409, 0.13236765563488007, 0.09980589896440506, 0.0679311752319336, 0.052652716636657715, 0.0464831180870533, 0.03406379744410515, 0.03115072473883629, 0.028596920892596245, 0.028419721871614456, 0.02260478213429451, 0.020912833511829376, 0.020850637927651405, 0.018096325919032097, 0.015413111075758934, 0.01629100739955902, 0.016294904053211212, 0.014949188567698002, 0.015564006753265858, 0.01494508609175682, 0.01773647405207157, 0.015242017805576324, 0.0169160645455122, 0.01690882071852684, 0.015296531841158867]
[0.3694838583469391, 0.1441013514995575, 0.08042406290769577, 0.05237464979290962, 0.041860103607177734, 0.034021902829408646, 0.02857387065887451, 0.025041785091161728, 0.021838629618287086, 0.018903661519289017, 0.018479296937584877, 0.016293557360768318, 0.014282185584306717, 0.01367208082228899, 0.013428021222352982, 0.012009276077151299, 0.012044657953083515, 0.012161839753389359, 0.011903679929673672, 0.012668760493397713, 0.012936804443597794, 0.012282556854188442, 0.01325074303895235, 0.013914017006754875, 0.013566143810749054]
Training time: 2370 	steps per sec: 10
Eval num_timesteps=25600, episode_reward=nan +/- nan
Eval num_timesteps=25600, episode_success=nan +/- nan
se
16 16384 1024
diff [0.1235608458518982, 0.01173369586467743, -0.01938183605670929, -0.015556525439023972, -0.01079261302947998, -0.012461215257644653, -0.005489926785230637, -0.0061089396476745605, -0.006758291274309158, -0.00951606035232544, -0.004125485196709633, -0.004619276151061058, -0.006568452343344688, -0.004424245096743107, -0.0019850898534059525, -0.0042817313224077225, -0.004250246100127697, -0.0027873488143086433, -0.003660326823592186, -0.002276325598359108, -0.004799669608473778, -0.0029594609513878822, -0.003665321506559849, -0.002994803711771965, -0.001730388030409813, -0.003989965654909611]
ref [0.2459230124950409, 0.13236765563488007, 0.09980589896440506, 0.0679311752319336, 0.052652716636657715, 0.0464831180870533, 0.03406379744410515, 0.03115072473883629, 0.028596920892596245, 0.028419721871614456, 0.02260478213429451, 0.020912833511829376, 0.020850637927651405, 0.018096325919032097, 0.015413111075758934, 0.01629100739955902, 0.016294904053211212, 0.014949188567698002, 0.015564006753265858, 0.01494508609175682, 0.01773647405207157, 0.015242017805576324, 0.0169160645455122, 0.01690882071852684, 0.015296531841158867, 0.018181562423706055]
[0.3694838583469391, 0.1441013514995575, 0.08042406290769577, 0.05237464979290962, 0.041860103607177734, 0.034021902829408646, 0.02857387065887451, 0.025041785091161728, 0.021838629618287086, 0.018903661519289017, 0.018479296937584877, 0.016293557360768318, 0.014282185584306717, 0.01367208082228899, 0.013428021222352982, 0.012009276077151299, 0.012044657953083515, 0.012161839753389359, 0.011903679929673672, 0.012668760493397713, 0.012936804443597794, 0.012282556854188442, 0.01325074303895235, 0.013914017006754875, 0.013566143810749054, 0.014191596768796444]
Training time: 2500 	steps per sec: 10
Eval num_timesteps=26624, episode_reward=nan +/- nan
Eval num_timesteps=26624, episode_success=nan +/- nan
se
16 16384 1024
diff [0.1235608458518982, 0.01173369586467743, -0.01938183605670929, -0.015556525439023972, -0.01079261302947998, -0.012461215257644653, -0.005489926785230637, -0.0061089396476745605, -0.006758291274309158, -0.00951606035232544, -0.004125485196709633, -0.004619276151061058, -0.006568452343344688, -0.004424245096743107, -0.0019850898534059525, -0.0042817313224077225, -0.004250246100127697, -0.0027873488143086433, -0.003660326823592186, -0.002276325598359108, -0.004799669608473778, -0.0029594609513878822, -0.003665321506559849, -0.002994803711771965, -0.001730388030409813, -0.003989965654909611, -0.002110901288688183]
ref [0.2459230124950409, 0.13236765563488007, 0.09980589896440506, 0.0679311752319336, 0.052652716636657715, 0.0464831180870533, 0.03406379744410515, 0.03115072473883629, 0.028596920892596245, 0.028419721871614456, 0.02260478213429451, 0.020912833511829376, 0.020850637927651405, 0.018096325919032097, 0.015413111075758934, 0.01629100739955902, 0.016294904053211212, 0.014949188567698002, 0.015564006753265858, 0.01494508609175682, 0.01773647405207157, 0.015242017805576324, 0.0169160645455122, 0.01690882071852684, 0.015296531841158867, 0.018181562423706055, 0.016866063699126244]
[0.3694838583469391, 0.1441013514995575, 0.08042406290769577, 0.05237464979290962, 0.041860103607177734, 0.034021902829408646, 0.02857387065887451, 0.025041785091161728, 0.021838629618287086, 0.018903661519289017, 0.018479296937584877, 0.016293557360768318, 0.014282185584306717, 0.01367208082228899, 0.013428021222352982, 0.012009276077151299, 0.012044657953083515, 0.012161839753389359, 0.011903679929673672, 0.012668760493397713, 0.012936804443597794, 0.012282556854188442, 0.01325074303895235, 0.013914017006754875, 0.013566143810749054, 0.014191596768796444, 0.01475516241043806]
Training time: 2632 	steps per sec: 10
Eval num_timesteps=27648, episode_reward=nan +/- nan
Eval num_timesteps=27648, episode_success=nan +/- nan
se
16 16384 1024
diff [0.1235608458518982, 0.01173369586467743, -0.01938183605670929, -0.015556525439023972, -0.01079261302947998, -0.012461215257644653, -0.005489926785230637, -0.0061089396476745605, -0.006758291274309158, -0.00951606035232544, -0.004125485196709633, -0.004619276151061058, -0.006568452343344688, -0.004424245096743107, -0.0019850898534059525, -0.0042817313224077225, -0.004250246100127697, -0.0027873488143086433, -0.003660326823592186, -0.002276325598359108, -0.004799669608473778, -0.0029594609513878822, -0.003665321506559849, -0.002994803711771965, -0.001730388030409813, -0.003989965654909611, -0.002110901288688183, -0.00043886061757802963]
ref [0.2459230124950409, 0.13236765563488007, 0.09980589896440506, 0.0679311752319336, 0.052652716636657715, 0.0464831180870533, 0.03406379744410515, 0.03115072473883629, 0.028596920892596245, 0.028419721871614456, 0.02260478213429451, 0.020912833511829376, 0.020850637927651405, 0.018096325919032097, 0.015413111075758934, 0.01629100739955902, 0.016294904053211212, 0.014949188567698002, 0.015564006753265858, 0.01494508609175682, 0.01773647405207157, 0.015242017805576324, 0.0169160645455122, 0.01690882071852684, 0.015296531841158867, 0.018181562423706055, 0.016866063699126244, 0.015047822147607803]
[0.3694838583469391, 0.1441013514995575, 0.08042406290769577, 0.05237464979290962, 0.041860103607177734, 0.034021902829408646, 0.02857387065887451, 0.025041785091161728, 0.021838629618287086, 0.018903661519289017, 0.018479296937584877, 0.016293557360768318, 0.014282185584306717, 0.01367208082228899, 0.013428021222352982, 0.012009276077151299, 0.012044657953083515, 0.012161839753389359, 0.011903679929673672, 0.012668760493397713, 0.012936804443597794, 0.012282556854188442, 0.01325074303895235, 0.013914017006754875, 0.013566143810749054, 0.014191596768796444, 0.01475516241043806, 0.014608961530029774]
Training time: 2758 	steps per sec: 10
Eval num_timesteps=28672, episode_reward=nan +/- nan
Eval num_timesteps=28672, episode_success=nan +/- nan
se
16 16384 1024
diff [0.1235608458518982, 0.01173369586467743, -0.01938183605670929, -0.015556525439023972, -0.01079261302947998, -0.012461215257644653, -0.005489926785230637, -0.0061089396476745605, -0.006758291274309158, -0.00951606035232544, -0.004125485196709633, -0.004619276151061058, -0.006568452343344688, -0.004424245096743107, -0.0019850898534059525, -0.0042817313224077225, -0.004250246100127697, -0.0027873488143086433, -0.003660326823592186, -0.002276325598359108, -0.004799669608473778, -0.0029594609513878822, -0.003665321506559849, -0.002994803711771965, -0.001730388030409813, -0.003989965654909611, -0.002110901288688183, -0.00043886061757802963, -0.00218126829713583]
ref [0.2459230124950409, 0.13236765563488007, 0.09980589896440506, 0.0679311752319336, 0.052652716636657715, 0.0464831180870533, 0.03406379744410515, 0.03115072473883629, 0.028596920892596245, 0.028419721871614456, 0.02260478213429451, 0.020912833511829376, 0.020850637927651405, 0.018096325919032097, 0.015413111075758934, 0.01629100739955902, 0.016294904053211212, 0.014949188567698002, 0.015564006753265858, 0.01494508609175682, 0.01773647405207157, 0.015242017805576324, 0.0169160645455122, 0.01690882071852684, 0.015296531841158867, 0.018181562423706055, 0.016866063699126244, 0.015047822147607803, 0.017128635197877884]
[0.3694838583469391, 0.1441013514995575, 0.08042406290769577, 0.05237464979290962, 0.041860103607177734, 0.034021902829408646, 0.02857387065887451, 0.025041785091161728, 0.021838629618287086, 0.018903661519289017, 0.018479296937584877, 0.016293557360768318, 0.014282185584306717, 0.01367208082228899, 0.013428021222352982, 0.012009276077151299, 0.012044657953083515, 0.012161839753389359, 0.011903679929673672, 0.012668760493397713, 0.012936804443597794, 0.012282556854188442, 0.01325074303895235, 0.013914017006754875, 0.013566143810749054, 0.014191596768796444, 0.01475516241043806, 0.014608961530029774, 0.014947366900742054]
Training time: 2894 	steps per sec: 10
Eval num_timesteps=29696, episode_reward=nan +/- nan
Eval num_timesteps=29696, episode_success=nan +/- nan
se
16 16384 1024
diff [0.1235608458518982, 0.01173369586467743, -0.01938183605670929, -0.015556525439023972, -0.01079261302947998, -0.012461215257644653, -0.005489926785230637, -0.0061089396476745605, -0.006758291274309158, -0.00951606035232544, -0.004125485196709633, -0.004619276151061058, -0.006568452343344688, -0.004424245096743107, -0.0019850898534059525, -0.0042817313224077225, -0.004250246100127697, -0.0027873488143086433, -0.003660326823592186, -0.002276325598359108, -0.004799669608473778, -0.0029594609513878822, -0.003665321506559849, -0.002994803711771965, -0.001730388030409813, -0.003989965654909611, -0.002110901288688183, -0.00043886061757802963, -0.00218126829713583, 0.0014490419998764992]
ref [0.2459230124950409, 0.13236765563488007, 0.09980589896440506, 0.0679311752319336, 0.052652716636657715, 0.0464831180870533, 0.03406379744410515, 0.03115072473883629, 0.028596920892596245, 0.028419721871614456, 0.02260478213429451, 0.020912833511829376, 0.020850637927651405, 0.018096325919032097, 0.015413111075758934, 0.01629100739955902, 0.016294904053211212, 0.014949188567698002, 0.015564006753265858, 0.01494508609175682, 0.01773647405207157, 0.015242017805576324, 0.0169160645455122, 0.01690882071852684, 0.015296531841158867, 0.018181562423706055, 0.016866063699126244, 0.015047822147607803, 0.017128635197877884, 0.014652288518846035]
[0.3694838583469391, 0.1441013514995575, 0.08042406290769577, 0.05237464979290962, 0.041860103607177734, 0.034021902829408646, 0.02857387065887451, 0.025041785091161728, 0.021838629618287086, 0.018903661519289017, 0.018479296937584877, 0.016293557360768318, 0.014282185584306717, 0.01367208082228899, 0.013428021222352982, 0.012009276077151299, 0.012044657953083515, 0.012161839753389359, 0.011903679929673672, 0.012668760493397713, 0.012936804443597794, 0.012282556854188442, 0.01325074303895235, 0.013914017006754875, 0.013566143810749054, 0.014191596768796444, 0.01475516241043806, 0.014608961530029774, 0.014947366900742054, 0.016101330518722534]
Training time: 3033 	steps per sec: 10
Eval num_timesteps=30720, episode_reward=nan +/- nan
Eval num_timesteps=30720, episode_success=nan +/- nan
se
16 16384 1024
diff [0.1235608458518982, 0.01173369586467743, -0.01938183605670929, -0.015556525439023972, -0.01079261302947998, -0.012461215257644653, -0.005489926785230637, -0.0061089396476745605, -0.006758291274309158, -0.00951606035232544, -0.004125485196709633, -0.004619276151061058, -0.006568452343344688, -0.004424245096743107, -0.0019850898534059525, -0.0042817313224077225, -0.004250246100127697, -0.0027873488143086433, -0.003660326823592186, -0.002276325598359108, -0.004799669608473778, -0.0029594609513878822, -0.003665321506559849, -0.002994803711771965, -0.001730388030409813, -0.003989965654909611, -0.002110901288688183, -0.00043886061757802963, -0.00218126829713583, 0.0014490419998764992, -0.0017285197973251343]
ref [0.2459230124950409, 0.13236765563488007, 0.09980589896440506, 0.0679311752319336, 0.052652716636657715, 0.0464831180870533, 0.03406379744410515, 0.03115072473883629, 0.028596920892596245, 0.028419721871614456, 0.02260478213429451, 0.020912833511829376, 0.020850637927651405, 0.018096325919032097, 0.015413111075758934, 0.01629100739955902, 0.016294904053211212, 0.014949188567698002, 0.015564006753265858, 0.01494508609175682, 0.01773647405207157, 0.015242017805576324, 0.0169160645455122, 0.01690882071852684, 0.015296531841158867, 0.018181562423706055, 0.016866063699126244, 0.015047822147607803, 0.017128635197877884, 0.014652288518846035, 0.01780882105231285]
[0.3694838583469391, 0.1441013514995575, 0.08042406290769577, 0.05237464979290962, 0.041860103607177734, 0.034021902829408646, 0.02857387065887451, 0.025041785091161728, 0.021838629618287086, 0.018903661519289017, 0.018479296937584877, 0.016293557360768318, 0.014282185584306717, 0.01367208082228899, 0.013428021222352982, 0.012009276077151299, 0.012044657953083515, 0.012161839753389359, 0.011903679929673672, 0.012668760493397713, 0.012936804443597794, 0.012282556854188442, 0.01325074303895235, 0.013914017006754875, 0.013566143810749054, 0.014191596768796444, 0.01475516241043806, 0.014608961530029774, 0.014947366900742054, 0.016101330518722534, 0.016080301254987717]
Training time: 3189 	steps per sec: 9
Eval num_timesteps=31744, episode_reward=nan +/- nan
Eval num_timesteps=31744, episode_success=nan +/- nan
se
16 16384 1024
diff [0.1235608458518982, 0.01173369586467743, -0.01938183605670929, -0.015556525439023972, -0.01079261302947998, -0.012461215257644653, -0.005489926785230637, -0.0061089396476745605, -0.006758291274309158, -0.00951606035232544, -0.004125485196709633, -0.004619276151061058, -0.006568452343344688, -0.004424245096743107, -0.0019850898534059525, -0.0042817313224077225, -0.004250246100127697, -0.0027873488143086433, -0.003660326823592186, -0.002276325598359108, -0.004799669608473778, -0.0029594609513878822, -0.003665321506559849, -0.002994803711771965, -0.001730388030409813, -0.003989965654909611, -0.002110901288688183, -0.00043886061757802963, -0.00218126829713583, 0.0014490419998764992, -0.0017285197973251343, -0.0002712756395339966]
ref [0.2459230124950409, 0.13236765563488007, 0.09980589896440506, 0.0679311752319336, 0.052652716636657715, 0.0464831180870533, 0.03406379744410515, 0.03115072473883629, 0.028596920892596245, 0.028419721871614456, 0.02260478213429451, 0.020912833511829376, 0.020850637927651405, 0.018096325919032097, 0.015413111075758934, 0.01629100739955902, 0.016294904053211212, 0.014949188567698002, 0.015564006753265858, 0.01494508609175682, 0.01773647405207157, 0.015242017805576324, 0.0169160645455122, 0.01690882071852684, 0.015296531841158867, 0.018181562423706055, 0.016866063699126244, 0.015047822147607803, 0.017128635197877884, 0.014652288518846035, 0.01780882105231285, 0.016012806445360184]
[0.3694838583469391, 0.1441013514995575, 0.08042406290769577, 0.05237464979290962, 0.041860103607177734, 0.034021902829408646, 0.02857387065887451, 0.025041785091161728, 0.021838629618287086, 0.018903661519289017, 0.018479296937584877, 0.016293557360768318, 0.014282185584306717, 0.01367208082228899, 0.013428021222352982, 0.012009276077151299, 0.012044657953083515, 0.012161839753389359, 0.011903679929673672, 0.012668760493397713, 0.012936804443597794, 0.012282556854188442, 0.01325074303895235, 0.013914017006754875, 0.013566143810749054, 0.014191596768796444, 0.01475516241043806, 0.014608961530029774, 0.014947366900742054, 0.016101330518722534, 0.016080301254987717, 0.015741530805826187]
Training time: 3345 	steps per sec: 9
Eval num_timesteps=32768, episode_reward=nan +/- nan
Eval num_timesteps=32768, episode_success=nan +/- nan
results/Walker2d-v4/
results/Walker2d-v4/ppo_ros/
results/Walker2d-v4/ppo_ros/expert/
results/Walker2d-v4/ppo_ros/expert/b_16/
results/Walker2d-v4/ppo_ros/expert/b_16/no_clip/
results/Walker2d-v4/ppo_ros/expert/b_16/no_clip/run_1/
results/Walker2d-v4/ppo_ros/expert/b_16/no_clip/run_1/evaluations.npz
results/Walker2d-v4/ppo_ros/expert/b_16/no_clip/run_1/config.yml
results/Walker2d-v4/ppo_ros/expert/b_16/no_clip/run_1/stats.npz
