ppo_ros_continuous.py --env-id Walker2d-v4 -s expert/b_16/no_clip --total-timesteps 32768 --eval-freq 1 --eval-episodes 0 -b 16 --num-steps 1024 -lr 0 --update-epochs 0 --anneal-lr 0 --ros-num-steps 256 --ros-update-epochs 16 --ros-target-kl 0.05 --ros-clip-coef 999999999 --ros-lambda 0.1 -ros-lr 0.001 --ros-anneal-lr 0 --se 1 --se-freq 1 --se-lr 1e-3 --se-epochs 1000 --policy-path policies/Walker2d-v4/best_model.zip --normalization-dir policies/Walker2d-v4
Obtaining file:///var/lib/condor/execute/slot1/dir_394778/PPOROS/PPOROS/custom-envs
  Preparing metadata (setup.py): started
  Preparing metadata (setup.py): finished with status 'done'
Requirement already satisfied: gym in /var/lib/condor/execute/slot1/dir_394778/PPOROS/ppo-ros_env/lib/python3.9/site-packages (from custom-envs==0.0.1) (0.21.0)
Requirement already satisfied: numpy>=1.18.0 in /var/lib/condor/execute/slot1/dir_394778/PPOROS/ppo-ros_env/lib/python3.9/site-packages (from gym->custom-envs==0.0.1) (1.24.2)
Requirement already satisfied: cloudpickle>=1.2.0 in /var/lib/condor/execute/slot1/dir_394778/PPOROS/ppo-ros_env/lib/python3.9/site-packages (from gym->custom-envs==0.0.1) (2.2.1)
Installing collected packages: custom-envs
  Running setup.py develop for custom-envs
Successfully installed custom-envs-0.0.1
seed: 4
Eval num_timesteps=0, episode_reward=nan +/- nan
Eval num_timesteps=0, episode_success=nan +/- nan
se
1 1024 1024
diff [-0.027020663022994995]
ref [0.31049323081970215]
[0.28347256779670715]
Training time: 16 	steps per sec: 61
Eval num_timesteps=1024, episode_reward=nan +/- nan
Eval num_timesteps=1024, episode_success=nan +/- nan
se
2 2048 1024
diff [-0.027020663022994995, -0.03347761929035187]
ref [0.31049323081970215, 0.13947157561779022]
[0.28347256779670715, 0.10599395632743835]
Training time: 44 	steps per sec: 45
Eval num_timesteps=2048, episode_reward=nan +/- nan
Eval num_timesteps=2048, episode_success=nan +/- nan
se
3 3072 1024
diff [-0.027020663022994995, -0.03347761929035187, -0.005484439432621002]
ref [0.31049323081970215, 0.13947157561779022, 0.08764272928237915]
[0.28347256779670715, 0.10599395632743835, 0.08215828984975815]
Training time: 74 	steps per sec: 40
Eval num_timesteps=3072, episode_reward=nan +/- nan
Eval num_timesteps=3072, episode_success=nan +/- nan
se
4 4096 1024
diff [-0.027020663022994995, -0.03347761929035187, -0.005484439432621002, -0.002330474555492401]
ref [0.31049323081970215, 0.13947157561779022, 0.08764272928237915, 0.06583252549171448]
[0.28347256779670715, 0.10599395632743835, 0.08215828984975815, 0.06350205093622208]
Training time: 138 	steps per sec: 29
Eval num_timesteps=4096, episode_reward=nan +/- nan
Eval num_timesteps=4096, episode_success=nan +/- nan
se
5 5120 1024
diff [-0.027020663022994995, -0.03347761929035187, -0.005484439432621002, -0.002330474555492401, 0.00026347115635871887]
ref [0.31049323081970215, 0.13947157561779022, 0.08764272928237915, 0.06583252549171448, 0.0504172258079052]
[0.28347256779670715, 0.10599395632743835, 0.08215828984975815, 0.06350205093622208, 0.050680696964263916]
Training time: 206 	steps per sec: 24
Eval num_timesteps=5120, episode_reward=nan +/- nan
Eval num_timesteps=5120, episode_success=nan +/- nan
se
6 6144 1024
diff [-0.027020663022994995, -0.03347761929035187, -0.005484439432621002, -0.002330474555492401, 0.00026347115635871887, -0.008035574108362198]
ref [0.31049323081970215, 0.13947157561779022, 0.08764272928237915, 0.06583252549171448, 0.0504172258079052, 0.047449592500925064]
[0.28347256779670715, 0.10599395632743835, 0.08215828984975815, 0.06350205093622208, 0.050680696964263916, 0.039414018392562866]
Training time: 285 	steps per sec: 21
Eval num_timesteps=6144, episode_reward=nan +/- nan
Eval num_timesteps=6144, episode_success=nan +/- nan
se
7 7168 1024
diff [-0.027020663022994995, -0.03347761929035187, -0.005484439432621002, -0.002330474555492401, 0.00026347115635871887, -0.008035574108362198, -0.010067827999591827]
ref [0.31049323081970215, 0.13947157561779022, 0.08764272928237915, 0.06583252549171448, 0.0504172258079052, 0.047449592500925064, 0.040595415979623795]
[0.28347256779670715, 0.10599395632743835, 0.08215828984975815, 0.06350205093622208, 0.050680696964263916, 0.039414018392562866, 0.030527587980031967]
Training time: 375 	steps per sec: 19
Eval num_timesteps=7168, episode_reward=nan +/- nan
Eval num_timesteps=7168, episode_success=nan +/- nan
se
8 8192 1024
diff [-0.027020663022994995, -0.03347761929035187, -0.005484439432621002, -0.002330474555492401, 0.00026347115635871887, -0.008035574108362198, -0.010067827999591827, -0.006658105179667473]
ref [0.31049323081970215, 0.13947157561779022, 0.08764272928237915, 0.06583252549171448, 0.0504172258079052, 0.047449592500925064, 0.040595415979623795, 0.03142818063497543]
[0.28347256779670715, 0.10599395632743835, 0.08215828984975815, 0.06350205093622208, 0.050680696964263916, 0.039414018392562866, 0.030527587980031967, 0.02477007545530796]
Training time: 470 	steps per sec: 17
Eval num_timesteps=8192, episode_reward=nan +/- nan
Eval num_timesteps=8192, episode_success=nan +/- nan
se
9 9216 1024
diff [-0.027020663022994995, -0.03347761929035187, -0.005484439432621002, -0.002330474555492401, 0.00026347115635871887, -0.008035574108362198, -0.010067827999591827, -0.006658105179667473, -0.007227335125207901]
ref [0.31049323081970215, 0.13947157561779022, 0.08764272928237915, 0.06583252549171448, 0.0504172258079052, 0.047449592500925064, 0.040595415979623795, 0.03142818063497543, 0.030256982892751694]
[0.28347256779670715, 0.10599395632743835, 0.08215828984975815, 0.06350205093622208, 0.050680696964263916, 0.039414018392562866, 0.030527587980031967, 0.02477007545530796, 0.023029647767543793]
Training time: 572 	steps per sec: 16
Eval num_timesteps=9216, episode_reward=nan +/- nan
Eval num_timesteps=9216, episode_success=nan +/- nan
se
10 10240 1024
diff [-0.027020663022994995, -0.03347761929035187, -0.005484439432621002, -0.002330474555492401, 0.00026347115635871887, -0.008035574108362198, -0.010067827999591827, -0.006658105179667473, -0.007227335125207901, -0.0038387831300497055]
ref [0.31049323081970215, 0.13947157561779022, 0.08764272928237915, 0.06583252549171448, 0.0504172258079052, 0.047449592500925064, 0.040595415979623795, 0.03142818063497543, 0.030256982892751694, 0.02478041872382164]
[0.28347256779670715, 0.10599395632743835, 0.08215828984975815, 0.06350205093622208, 0.050680696964263916, 0.039414018392562866, 0.030527587980031967, 0.02477007545530796, 0.023029647767543793, 0.020941635593771935]
Training time: 690 	steps per sec: 14
Eval num_timesteps=10240, episode_reward=nan +/- nan
Eval num_timesteps=10240, episode_success=nan +/- nan
se
11 11264 1024
diff [-0.027020663022994995, -0.03347761929035187, -0.005484439432621002, -0.002330474555492401, 0.00026347115635871887, -0.008035574108362198, -0.010067827999591827, -0.006658105179667473, -0.007227335125207901, -0.0038387831300497055, -0.005116920918226242]
ref [0.31049323081970215, 0.13947157561779022, 0.08764272928237915, 0.06583252549171448, 0.0504172258079052, 0.047449592500925064, 0.040595415979623795, 0.03142818063497543, 0.030256982892751694, 0.02478041872382164, 0.022865353152155876]
[0.28347256779670715, 0.10599395632743835, 0.08215828984975815, 0.06350205093622208, 0.050680696964263916, 0.039414018392562866, 0.030527587980031967, 0.02477007545530796, 0.023029647767543793, 0.020941635593771935, 0.017748432233929634]
Training time: 795 	steps per sec: 14
Eval num_timesteps=11264, episode_reward=nan +/- nan
Eval num_timesteps=11264, episode_success=nan +/- nan
se
12 12288 1024
diff [-0.027020663022994995, -0.03347761929035187, -0.005484439432621002, -0.002330474555492401, 0.00026347115635871887, -0.008035574108362198, -0.010067827999591827, -0.006658105179667473, -0.007227335125207901, -0.0038387831300497055, -0.005116920918226242, -0.004618506878614426]
ref [0.31049323081970215, 0.13947157561779022, 0.08764272928237915, 0.06583252549171448, 0.0504172258079052, 0.047449592500925064, 0.040595415979623795, 0.03142818063497543, 0.030256982892751694, 0.02478041872382164, 0.022865353152155876, 0.021061087027192116]
[0.28347256779670715, 0.10599395632743835, 0.08215828984975815, 0.06350205093622208, 0.050680696964263916, 0.039414018392562866, 0.030527587980031967, 0.02477007545530796, 0.023029647767543793, 0.020941635593771935, 0.017748432233929634, 0.01644258014857769]
Training time: 933 	steps per sec: 13
Eval num_timesteps=12288, episode_reward=nan +/- nan
Eval num_timesteps=12288, episode_success=nan +/- nan
se
13 13312 1024
diff [-0.027020663022994995, -0.03347761929035187, -0.005484439432621002, -0.002330474555492401, 0.00026347115635871887, -0.008035574108362198, -0.010067827999591827, -0.006658105179667473, -0.007227335125207901, -0.0038387831300497055, -0.005116920918226242, -0.004618506878614426, -0.0026651564985513687]
ref [0.31049323081970215, 0.13947157561779022, 0.08764272928237915, 0.06583252549171448, 0.0504172258079052, 0.047449592500925064, 0.040595415979623795, 0.03142818063497543, 0.030256982892751694, 0.02478041872382164, 0.022865353152155876, 0.021061087027192116, 0.01883765310049057]
[0.28347256779670715, 0.10599395632743835, 0.08215828984975815, 0.06350205093622208, 0.050680696964263916, 0.039414018392562866, 0.030527587980031967, 0.02477007545530796, 0.023029647767543793, 0.020941635593771935, 0.017748432233929634, 0.01644258014857769, 0.0161724966019392]
Training time: 1086 	steps per sec: 12
Eval num_timesteps=13312, episode_reward=nan +/- nan
Eval num_timesteps=13312, episode_success=nan +/- nan
se
14 14336 1024
diff [-0.027020663022994995, -0.03347761929035187, -0.005484439432621002, -0.002330474555492401, 0.00026347115635871887, -0.008035574108362198, -0.010067827999591827, -0.006658105179667473, -0.007227335125207901, -0.0038387831300497055, -0.005116920918226242, -0.004618506878614426, -0.0026651564985513687, -0.0033170385286211967]
ref [0.31049323081970215, 0.13947157561779022, 0.08764272928237915, 0.06583252549171448, 0.0504172258079052, 0.047449592500925064, 0.040595415979623795, 0.03142818063497543, 0.030256982892751694, 0.02478041872382164, 0.022865353152155876, 0.021061087027192116, 0.01883765310049057, 0.01772364042699337]
[0.28347256779670715, 0.10599395632743835, 0.08215828984975815, 0.06350205093622208, 0.050680696964263916, 0.039414018392562866, 0.030527587980031967, 0.02477007545530796, 0.023029647767543793, 0.020941635593771935, 0.017748432233929634, 0.01644258014857769, 0.0161724966019392, 0.014406601898372173]
Training time: 1243 	steps per sec: 11
Eval num_timesteps=14336, episode_reward=nan +/- nan
Eval num_timesteps=14336, episode_success=nan +/- nan
se
15 15360 1024
diff [-0.027020663022994995, -0.03347761929035187, -0.005484439432621002, -0.002330474555492401, 0.00026347115635871887, -0.008035574108362198, -0.010067827999591827, -0.006658105179667473, -0.007227335125207901, -0.0038387831300497055, -0.005116920918226242, -0.004618506878614426, -0.0026651564985513687, -0.0033170385286211967, -0.006011133082211018]
ref [0.31049323081970215, 0.13947157561779022, 0.08764272928237915, 0.06583252549171448, 0.0504172258079052, 0.047449592500925064, 0.040595415979623795, 0.03142818063497543, 0.030256982892751694, 0.02478041872382164, 0.022865353152155876, 0.021061087027192116, 0.01883765310049057, 0.01772364042699337, 0.019262585788965225]
[0.28347256779670715, 0.10599395632743835, 0.08215828984975815, 0.06350205093622208, 0.050680696964263916, 0.039414018392562866, 0.030527587980031967, 0.02477007545530796, 0.023029647767543793, 0.020941635593771935, 0.017748432233929634, 0.01644258014857769, 0.0161724966019392, 0.014406601898372173, 0.013251452706754208]
Training time: 1412 	steps per sec: 10
Eval num_timesteps=15360, episode_reward=nan +/- nan
Eval num_timesteps=15360, episode_success=nan +/- nan
se
16 16384 1024
diff [-0.027020663022994995, -0.03347761929035187, -0.005484439432621002, -0.002330474555492401, 0.00026347115635871887, -0.008035574108362198, -0.010067827999591827, -0.006658105179667473, -0.007227335125207901, -0.0038387831300497055, -0.005116920918226242, -0.004618506878614426, -0.0026651564985513687, -0.0033170385286211967, -0.006011133082211018, -0.0033917492255568504]
ref [0.31049323081970215, 0.13947157561779022, 0.08764272928237915, 0.06583252549171448, 0.0504172258079052, 0.047449592500925064, 0.040595415979623795, 0.03142818063497543, 0.030256982892751694, 0.02478041872382164, 0.022865353152155876, 0.021061087027192116, 0.01883765310049057, 0.01772364042699337, 0.019262585788965225, 0.015339626930654049]
[0.28347256779670715, 0.10599395632743835, 0.08215828984975815, 0.06350205093622208, 0.050680696964263916, 0.039414018392562866, 0.030527587980031967, 0.02477007545530796, 0.023029647767543793, 0.020941635593771935, 0.017748432233929634, 0.01644258014857769, 0.0161724966019392, 0.014406601898372173, 0.013251452706754208, 0.011947877705097198]
Training time: 1590 	steps per sec: 10
Eval num_timesteps=16384, episode_reward=nan +/- nan
Eval num_timesteps=16384, episode_success=nan +/- nan
se
16 16384 1024
diff [-0.027020663022994995, -0.03347761929035187, -0.005484439432621002, -0.002330474555492401, 0.00026347115635871887, -0.008035574108362198, -0.010067827999591827, -0.006658105179667473, -0.007227335125207901, -0.0038387831300497055, -0.005116920918226242, -0.004618506878614426, -0.0026651564985513687, -0.0033170385286211967, -0.006011133082211018, -0.0033917492255568504, -0.003637933172285557]
ref [0.31049323081970215, 0.13947157561779022, 0.08764272928237915, 0.06583252549171448, 0.0504172258079052, 0.047449592500925064, 0.040595415979623795, 0.03142818063497543, 0.030256982892751694, 0.02478041872382164, 0.022865353152155876, 0.021061087027192116, 0.01883765310049057, 0.01772364042699337, 0.019262585788965225, 0.015339626930654049, 0.015710782259702682]
[0.28347256779670715, 0.10599395632743835, 0.08215828984975815, 0.06350205093622208, 0.050680696964263916, 0.039414018392562866, 0.030527587980031967, 0.02477007545530796, 0.023029647767543793, 0.020941635593771935, 0.017748432233929634, 0.01644258014857769, 0.0161724966019392, 0.014406601898372173, 0.013251452706754208, 0.011947877705097198, 0.012072849087417126]
Training time: 1753 	steps per sec: 9
Eval num_timesteps=17408, episode_reward=nan +/- nan
Eval num_timesteps=17408, episode_success=nan +/- nan
se
16 16384 1024
diff [-0.027020663022994995, -0.03347761929035187, -0.005484439432621002, -0.002330474555492401, 0.00026347115635871887, -0.008035574108362198, -0.010067827999591827, -0.006658105179667473, -0.007227335125207901, -0.0038387831300497055, -0.005116920918226242, -0.004618506878614426, -0.0026651564985513687, -0.0033170385286211967, -0.006011133082211018, -0.0033917492255568504, -0.003637933172285557, -0.003338683396577835]
ref [0.31049323081970215, 0.13947157561779022, 0.08764272928237915, 0.06583252549171448, 0.0504172258079052, 0.047449592500925064, 0.040595415979623795, 0.03142818063497543, 0.030256982892751694, 0.02478041872382164, 0.022865353152155876, 0.021061087027192116, 0.01883765310049057, 0.01772364042699337, 0.019262585788965225, 0.015339626930654049, 0.015710782259702682, 0.015694500878453255]
[0.28347256779670715, 0.10599395632743835, 0.08215828984975815, 0.06350205093622208, 0.050680696964263916, 0.039414018392562866, 0.030527587980031967, 0.02477007545530796, 0.023029647767543793, 0.020941635593771935, 0.017748432233929634, 0.01644258014857769, 0.0161724966019392, 0.014406601898372173, 0.013251452706754208, 0.011947877705097198, 0.012072849087417126, 0.01235581748187542]
Training time: 1913 	steps per sec: 9
Eval num_timesteps=18432, episode_reward=nan +/- nan
Eval num_timesteps=18432, episode_success=nan +/- nan
se
16 16384 1024
diff [-0.027020663022994995, -0.03347761929035187, -0.005484439432621002, -0.002330474555492401, 0.00026347115635871887, -0.008035574108362198, -0.010067827999591827, -0.006658105179667473, -0.007227335125207901, -0.0038387831300497055, -0.005116920918226242, -0.004618506878614426, -0.0026651564985513687, -0.0033170385286211967, -0.006011133082211018, -0.0033917492255568504, -0.003637933172285557, -0.003338683396577835, -0.005075464956462383]
ref [0.31049323081970215, 0.13947157561779022, 0.08764272928237915, 0.06583252549171448, 0.0504172258079052, 0.047449592500925064, 0.040595415979623795, 0.03142818063497543, 0.030256982892751694, 0.02478041872382164, 0.022865353152155876, 0.021061087027192116, 0.01883765310049057, 0.01772364042699337, 0.019262585788965225, 0.015339626930654049, 0.015710782259702682, 0.015694500878453255, 0.017280275002121925]
[0.28347256779670715, 0.10599395632743835, 0.08215828984975815, 0.06350205093622208, 0.050680696964263916, 0.039414018392562866, 0.030527587980031967, 0.02477007545530796, 0.023029647767543793, 0.020941635593771935, 0.017748432233929634, 0.01644258014857769, 0.0161724966019392, 0.014406601898372173, 0.013251452706754208, 0.011947877705097198, 0.012072849087417126, 0.01235581748187542, 0.012204810045659542]
Training time: 2070 	steps per sec: 9
Eval num_timesteps=19456, episode_reward=nan +/- nan
Eval num_timesteps=19456, episode_success=nan +/- nan
se
16 16384 1024
diff [-0.027020663022994995, -0.03347761929035187, -0.005484439432621002, -0.002330474555492401, 0.00026347115635871887, -0.008035574108362198, -0.010067827999591827, -0.006658105179667473, -0.007227335125207901, -0.0038387831300497055, -0.005116920918226242, -0.004618506878614426, -0.0026651564985513687, -0.0033170385286211967, -0.006011133082211018, -0.0033917492255568504, -0.003637933172285557, -0.003338683396577835, -0.005075464956462383, -0.004215172491967678]
ref [0.31049323081970215, 0.13947157561779022, 0.08764272928237915, 0.06583252549171448, 0.0504172258079052, 0.047449592500925064, 0.040595415979623795, 0.03142818063497543, 0.030256982892751694, 0.02478041872382164, 0.022865353152155876, 0.021061087027192116, 0.01883765310049057, 0.01772364042699337, 0.019262585788965225, 0.015339626930654049, 0.015710782259702682, 0.015694500878453255, 0.017280275002121925, 0.015728391706943512]
[0.28347256779670715, 0.10599395632743835, 0.08215828984975815, 0.06350205093622208, 0.050680696964263916, 0.039414018392562866, 0.030527587980031967, 0.02477007545530796, 0.023029647767543793, 0.020941635593771935, 0.017748432233929634, 0.01644258014857769, 0.0161724966019392, 0.014406601898372173, 0.013251452706754208, 0.011947877705097198, 0.012072849087417126, 0.01235581748187542, 0.012204810045659542, 0.011513219214975834]
Training time: 2227 	steps per sec: 9
Eval num_timesteps=20480, episode_reward=nan +/- nan
Eval num_timesteps=20480, episode_success=nan +/- nan
se
16 16384 1024
diff [-0.027020663022994995, -0.03347761929035187, -0.005484439432621002, -0.002330474555492401, 0.00026347115635871887, -0.008035574108362198, -0.010067827999591827, -0.006658105179667473, -0.007227335125207901, -0.0038387831300497055, -0.005116920918226242, -0.004618506878614426, -0.0026651564985513687, -0.0033170385286211967, -0.006011133082211018, -0.0033917492255568504, -0.003637933172285557, -0.003338683396577835, -0.005075464956462383, -0.004215172491967678, -0.0033261356875300407]
ref [0.31049323081970215, 0.13947157561779022, 0.08764272928237915, 0.06583252549171448, 0.0504172258079052, 0.047449592500925064, 0.040595415979623795, 0.03142818063497543, 0.030256982892751694, 0.02478041872382164, 0.022865353152155876, 0.021061087027192116, 0.01883765310049057, 0.01772364042699337, 0.019262585788965225, 0.015339626930654049, 0.015710782259702682, 0.015694500878453255, 0.017280275002121925, 0.015728391706943512, 0.015327594242990017]
[0.28347256779670715, 0.10599395632743835, 0.08215828984975815, 0.06350205093622208, 0.050680696964263916, 0.039414018392562866, 0.030527587980031967, 0.02477007545530796, 0.023029647767543793, 0.020941635593771935, 0.017748432233929634, 0.01644258014857769, 0.0161724966019392, 0.014406601898372173, 0.013251452706754208, 0.011947877705097198, 0.012072849087417126, 0.01235581748187542, 0.012204810045659542, 0.011513219214975834, 0.012001458555459976]
Training time: 2373 	steps per sec: 9
Eval num_timesteps=21504, episode_reward=nan +/- nan
Eval num_timesteps=21504, episode_success=nan +/- nan
se
16 16384 1024
diff [-0.027020663022994995, -0.03347761929035187, -0.005484439432621002, -0.002330474555492401, 0.00026347115635871887, -0.008035574108362198, -0.010067827999591827, -0.006658105179667473, -0.007227335125207901, -0.0038387831300497055, -0.005116920918226242, -0.004618506878614426, -0.0026651564985513687, -0.0033170385286211967, -0.006011133082211018, -0.0033917492255568504, -0.003637933172285557, -0.003338683396577835, -0.005075464956462383, -0.004215172491967678, -0.0033261356875300407, -0.004971981979906559]
ref [0.31049323081970215, 0.13947157561779022, 0.08764272928237915, 0.06583252549171448, 0.0504172258079052, 0.047449592500925064, 0.040595415979623795, 0.03142818063497543, 0.030256982892751694, 0.02478041872382164, 0.022865353152155876, 0.021061087027192116, 0.01883765310049057, 0.01772364042699337, 0.019262585788965225, 0.015339626930654049, 0.015710782259702682, 0.015694500878453255, 0.017280275002121925, 0.015728391706943512, 0.015327594242990017, 0.016695385798811913]
[0.28347256779670715, 0.10599395632743835, 0.08215828984975815, 0.06350205093622208, 0.050680696964263916, 0.039414018392562866, 0.030527587980031967, 0.02477007545530796, 0.023029647767543793, 0.020941635593771935, 0.017748432233929634, 0.01644258014857769, 0.0161724966019392, 0.014406601898372173, 0.013251452706754208, 0.011947877705097198, 0.012072849087417126, 0.01235581748187542, 0.012204810045659542, 0.011513219214975834, 0.012001458555459976, 0.011723403818905354]
Training time: 2515 	steps per sec: 8
Eval num_timesteps=22528, episode_reward=nan +/- nan
Eval num_timesteps=22528, episode_success=nan +/- nan
se
16 16384 1024
diff [-0.027020663022994995, -0.03347761929035187, -0.005484439432621002, -0.002330474555492401, 0.00026347115635871887, -0.008035574108362198, -0.010067827999591827, -0.006658105179667473, -0.007227335125207901, -0.0038387831300497055, -0.005116920918226242, -0.004618506878614426, -0.0026651564985513687, -0.0033170385286211967, -0.006011133082211018, -0.0033917492255568504, -0.003637933172285557, -0.003338683396577835, -0.005075464956462383, -0.004215172491967678, -0.0033261356875300407, -0.004971981979906559, -0.004434446804225445]
ref [0.31049323081970215, 0.13947157561779022, 0.08764272928237915, 0.06583252549171448, 0.0504172258079052, 0.047449592500925064, 0.040595415979623795, 0.03142818063497543, 0.030256982892751694, 0.02478041872382164, 0.022865353152155876, 0.021061087027192116, 0.01883765310049057, 0.01772364042699337, 0.019262585788965225, 0.015339626930654049, 0.015710782259702682, 0.015694500878453255, 0.017280275002121925, 0.015728391706943512, 0.015327594242990017, 0.016695385798811913, 0.01641695573925972]
[0.28347256779670715, 0.10599395632743835, 0.08215828984975815, 0.06350205093622208, 0.050680696964263916, 0.039414018392562866, 0.030527587980031967, 0.02477007545530796, 0.023029647767543793, 0.020941635593771935, 0.017748432233929634, 0.01644258014857769, 0.0161724966019392, 0.014406601898372173, 0.013251452706754208, 0.011947877705097198, 0.012072849087417126, 0.01235581748187542, 0.012204810045659542, 0.011513219214975834, 0.012001458555459976, 0.011723403818905354, 0.011982508935034275]
Training time: 2661 	steps per sec: 8
Eval num_timesteps=23552, episode_reward=nan +/- nan
Eval num_timesteps=23552, episode_success=nan +/- nan
se
16 16384 1024
diff [-0.027020663022994995, -0.03347761929035187, -0.005484439432621002, -0.002330474555492401, 0.00026347115635871887, -0.008035574108362198, -0.010067827999591827, -0.006658105179667473, -0.007227335125207901, -0.0038387831300497055, -0.005116920918226242, -0.004618506878614426, -0.0026651564985513687, -0.0033170385286211967, -0.006011133082211018, -0.0033917492255568504, -0.003637933172285557, -0.003338683396577835, -0.005075464956462383, -0.004215172491967678, -0.0033261356875300407, -0.004971981979906559, -0.004434446804225445, -0.005000986158847809]
ref [0.31049323081970215, 0.13947157561779022, 0.08764272928237915, 0.06583252549171448, 0.0504172258079052, 0.047449592500925064, 0.040595415979623795, 0.03142818063497543, 0.030256982892751694, 0.02478041872382164, 0.022865353152155876, 0.021061087027192116, 0.01883765310049057, 0.01772364042699337, 0.019262585788965225, 0.015339626930654049, 0.015710782259702682, 0.015694500878453255, 0.017280275002121925, 0.015728391706943512, 0.015327594242990017, 0.016695385798811913, 0.01641695573925972, 0.016812406480312347]
[0.28347256779670715, 0.10599395632743835, 0.08215828984975815, 0.06350205093622208, 0.050680696964263916, 0.039414018392562866, 0.030527587980031967, 0.02477007545530796, 0.023029647767543793, 0.020941635593771935, 0.017748432233929634, 0.01644258014857769, 0.0161724966019392, 0.014406601898372173, 0.013251452706754208, 0.011947877705097198, 0.012072849087417126, 0.01235581748187542, 0.012204810045659542, 0.011513219214975834, 0.012001458555459976, 0.011723403818905354, 0.011982508935034275, 0.011811420321464539]
Training time: 2807 	steps per sec: 8
Eval num_timesteps=24576, episode_reward=nan +/- nan
Eval num_timesteps=24576, episode_success=nan +/- nan
se
16 16384 1024
diff [-0.027020663022994995, -0.03347761929035187, -0.005484439432621002, -0.002330474555492401, 0.00026347115635871887, -0.008035574108362198, -0.010067827999591827, -0.006658105179667473, -0.007227335125207901, -0.0038387831300497055, -0.005116920918226242, -0.004618506878614426, -0.0026651564985513687, -0.0033170385286211967, -0.006011133082211018, -0.0033917492255568504, -0.003637933172285557, -0.003338683396577835, -0.005075464956462383, -0.004215172491967678, -0.0033261356875300407, -0.004971981979906559, -0.004434446804225445, -0.005000986158847809, -0.0036308234557509422]
ref [0.31049323081970215, 0.13947157561779022, 0.08764272928237915, 0.06583252549171448, 0.0504172258079052, 0.047449592500925064, 0.040595415979623795, 0.03142818063497543, 0.030256982892751694, 0.02478041872382164, 0.022865353152155876, 0.021061087027192116, 0.01883765310049057, 0.01772364042699337, 0.019262585788965225, 0.015339626930654049, 0.015710782259702682, 0.015694500878453255, 0.017280275002121925, 0.015728391706943512, 0.015327594242990017, 0.016695385798811913, 0.01641695573925972, 0.016812406480312347, 0.01522352546453476]
[0.28347256779670715, 0.10599395632743835, 0.08215828984975815, 0.06350205093622208, 0.050680696964263916, 0.039414018392562866, 0.030527587980031967, 0.02477007545530796, 0.023029647767543793, 0.020941635593771935, 0.017748432233929634, 0.01644258014857769, 0.0161724966019392, 0.014406601898372173, 0.013251452706754208, 0.011947877705097198, 0.012072849087417126, 0.01235581748187542, 0.012204810045659542, 0.011513219214975834, 0.012001458555459976, 0.011723403818905354, 0.011982508935034275, 0.011811420321464539, 0.011592702008783817]
Training time: 2952 	steps per sec: 8
Eval num_timesteps=25600, episode_reward=nan +/- nan
Eval num_timesteps=25600, episode_success=nan +/- nan
se
16 16384 1024
diff [-0.027020663022994995, -0.03347761929035187, -0.005484439432621002, -0.002330474555492401, 0.00026347115635871887, -0.008035574108362198, -0.010067827999591827, -0.006658105179667473, -0.007227335125207901, -0.0038387831300497055, -0.005116920918226242, -0.004618506878614426, -0.0026651564985513687, -0.0033170385286211967, -0.006011133082211018, -0.0033917492255568504, -0.003637933172285557, -0.003338683396577835, -0.005075464956462383, -0.004215172491967678, -0.0033261356875300407, -0.004971981979906559, -0.004434446804225445, -0.005000986158847809, -0.0036308234557509422, -0.0038779666647315025]
ref [0.31049323081970215, 0.13947157561779022, 0.08764272928237915, 0.06583252549171448, 0.0504172258079052, 0.047449592500925064, 0.040595415979623795, 0.03142818063497543, 0.030256982892751694, 0.02478041872382164, 0.022865353152155876, 0.021061087027192116, 0.01883765310049057, 0.01772364042699337, 0.019262585788965225, 0.015339626930654049, 0.015710782259702682, 0.015694500878453255, 0.017280275002121925, 0.015728391706943512, 0.015327594242990017, 0.016695385798811913, 0.01641695573925972, 0.016812406480312347, 0.01522352546453476, 0.016447147354483604]
[0.28347256779670715, 0.10599395632743835, 0.08215828984975815, 0.06350205093622208, 0.050680696964263916, 0.039414018392562866, 0.030527587980031967, 0.02477007545530796, 0.023029647767543793, 0.020941635593771935, 0.017748432233929634, 0.01644258014857769, 0.0161724966019392, 0.014406601898372173, 0.013251452706754208, 0.011947877705097198, 0.012072849087417126, 0.01235581748187542, 0.012204810045659542, 0.011513219214975834, 0.012001458555459976, 0.011723403818905354, 0.011982508935034275, 0.011811420321464539, 0.011592702008783817, 0.012569180689752102]
Training time: 3099 	steps per sec: 8
Eval num_timesteps=26624, episode_reward=nan +/- nan
Eval num_timesteps=26624, episode_success=nan +/- nan
se
16 16384 1024
diff [-0.027020663022994995, -0.03347761929035187, -0.005484439432621002, -0.002330474555492401, 0.00026347115635871887, -0.008035574108362198, -0.010067827999591827, -0.006658105179667473, -0.007227335125207901, -0.0038387831300497055, -0.005116920918226242, -0.004618506878614426, -0.0026651564985513687, -0.0033170385286211967, -0.006011133082211018, -0.0033917492255568504, -0.003637933172285557, -0.003338683396577835, -0.005075464956462383, -0.004215172491967678, -0.0033261356875300407, -0.004971981979906559, -0.004434446804225445, -0.005000986158847809, -0.0036308234557509422, -0.0038779666647315025, -0.004052537493407726]
ref [0.31049323081970215, 0.13947157561779022, 0.08764272928237915, 0.06583252549171448, 0.0504172258079052, 0.047449592500925064, 0.040595415979623795, 0.03142818063497543, 0.030256982892751694, 0.02478041872382164, 0.022865353152155876, 0.021061087027192116, 0.01883765310049057, 0.01772364042699337, 0.019262585788965225, 0.015339626930654049, 0.015710782259702682, 0.015694500878453255, 0.017280275002121925, 0.015728391706943512, 0.015327594242990017, 0.016695385798811913, 0.01641695573925972, 0.016812406480312347, 0.01522352546453476, 0.016447147354483604, 0.017183629795908928]
[0.28347256779670715, 0.10599395632743835, 0.08215828984975815, 0.06350205093622208, 0.050680696964263916, 0.039414018392562866, 0.030527587980031967, 0.02477007545530796, 0.023029647767543793, 0.020941635593771935, 0.017748432233929634, 0.01644258014857769, 0.0161724966019392, 0.014406601898372173, 0.013251452706754208, 0.011947877705097198, 0.012072849087417126, 0.01235581748187542, 0.012204810045659542, 0.011513219214975834, 0.012001458555459976, 0.011723403818905354, 0.011982508935034275, 0.011811420321464539, 0.011592702008783817, 0.012569180689752102, 0.013131092302501202]
Training time: 3267 	steps per sec: 8
Eval num_timesteps=27648, episode_reward=nan +/- nan
Eval num_timesteps=27648, episode_success=nan +/- nan
se
16 16384 1024
diff [-0.027020663022994995, -0.03347761929035187, -0.005484439432621002, -0.002330474555492401, 0.00026347115635871887, -0.008035574108362198, -0.010067827999591827, -0.006658105179667473, -0.007227335125207901, -0.0038387831300497055, -0.005116920918226242, -0.004618506878614426, -0.0026651564985513687, -0.0033170385286211967, -0.006011133082211018, -0.0033917492255568504, -0.003637933172285557, -0.003338683396577835, -0.005075464956462383, -0.004215172491967678, -0.0033261356875300407, -0.004971981979906559, -0.004434446804225445, -0.005000986158847809, -0.0036308234557509422, -0.0038779666647315025, -0.004052537493407726, -0.0031488677486777306]
ref [0.31049323081970215, 0.13947157561779022, 0.08764272928237915, 0.06583252549171448, 0.0504172258079052, 0.047449592500925064, 0.040595415979623795, 0.03142818063497543, 0.030256982892751694, 0.02478041872382164, 0.022865353152155876, 0.021061087027192116, 0.01883765310049057, 0.01772364042699337, 0.019262585788965225, 0.015339626930654049, 0.015710782259702682, 0.015694500878453255, 0.017280275002121925, 0.015728391706943512, 0.015327594242990017, 0.016695385798811913, 0.01641695573925972, 0.016812406480312347, 0.01522352546453476, 0.016447147354483604, 0.017183629795908928, 0.016722705215215683]
[0.28347256779670715, 0.10599395632743835, 0.08215828984975815, 0.06350205093622208, 0.050680696964263916, 0.039414018392562866, 0.030527587980031967, 0.02477007545530796, 0.023029647767543793, 0.020941635593771935, 0.017748432233929634, 0.01644258014857769, 0.0161724966019392, 0.014406601898372173, 0.013251452706754208, 0.011947877705097198, 0.012072849087417126, 0.01235581748187542, 0.012204810045659542, 0.011513219214975834, 0.012001458555459976, 0.011723403818905354, 0.011982508935034275, 0.011811420321464539, 0.011592702008783817, 0.012569180689752102, 0.013131092302501202, 0.013573837466537952]
Training time: 3451 	steps per sec: 8
Eval num_timesteps=28672, episode_reward=nan +/- nan
Eval num_timesteps=28672, episode_success=nan +/- nan
se
16 16384 1024
diff [-0.027020663022994995, -0.03347761929035187, -0.005484439432621002, -0.002330474555492401, 0.00026347115635871887, -0.008035574108362198, -0.010067827999591827, -0.006658105179667473, -0.007227335125207901, -0.0038387831300497055, -0.005116920918226242, -0.004618506878614426, -0.0026651564985513687, -0.0033170385286211967, -0.006011133082211018, -0.0033917492255568504, -0.003637933172285557, -0.003338683396577835, -0.005075464956462383, -0.004215172491967678, -0.0033261356875300407, -0.004971981979906559, -0.004434446804225445, -0.005000986158847809, -0.0036308234557509422, -0.0038779666647315025, -0.004052537493407726, -0.0031488677486777306, -0.004004147835075855]
ref [0.31049323081970215, 0.13947157561779022, 0.08764272928237915, 0.06583252549171448, 0.0504172258079052, 0.047449592500925064, 0.040595415979623795, 0.03142818063497543, 0.030256982892751694, 0.02478041872382164, 0.022865353152155876, 0.021061087027192116, 0.01883765310049057, 0.01772364042699337, 0.019262585788965225, 0.015339626930654049, 0.015710782259702682, 0.015694500878453255, 0.017280275002121925, 0.015728391706943512, 0.015327594242990017, 0.016695385798811913, 0.01641695573925972, 0.016812406480312347, 0.01522352546453476, 0.016447147354483604, 0.017183629795908928, 0.016722705215215683, 0.01764524169266224]
[0.28347256779670715, 0.10599395632743835, 0.08215828984975815, 0.06350205093622208, 0.050680696964263916, 0.039414018392562866, 0.030527587980031967, 0.02477007545530796, 0.023029647767543793, 0.020941635593771935, 0.017748432233929634, 0.01644258014857769, 0.0161724966019392, 0.014406601898372173, 0.013251452706754208, 0.011947877705097198, 0.012072849087417126, 0.01235581748187542, 0.012204810045659542, 0.011513219214975834, 0.012001458555459976, 0.011723403818905354, 0.011982508935034275, 0.011811420321464539, 0.011592702008783817, 0.012569180689752102, 0.013131092302501202, 0.013573837466537952, 0.013641093857586384]
Training time: 3585 	steps per sec: 8
Eval num_timesteps=29696, episode_reward=nan +/- nan
Eval num_timesteps=29696, episode_success=nan +/- nan
se
16 16384 1024
diff [-0.027020663022994995, -0.03347761929035187, -0.005484439432621002, -0.002330474555492401, 0.00026347115635871887, -0.008035574108362198, -0.010067827999591827, -0.006658105179667473, -0.007227335125207901, -0.0038387831300497055, -0.005116920918226242, -0.004618506878614426, -0.0026651564985513687, -0.0033170385286211967, -0.006011133082211018, -0.0033917492255568504, -0.003637933172285557, -0.003338683396577835, -0.005075464956462383, -0.004215172491967678, -0.0033261356875300407, -0.004971981979906559, -0.004434446804225445, -0.005000986158847809, -0.0036308234557509422, -0.0038779666647315025, -0.004052537493407726, -0.0031488677486777306, -0.004004147835075855, -0.0012608813121914864]
ref [0.31049323081970215, 0.13947157561779022, 0.08764272928237915, 0.06583252549171448, 0.0504172258079052, 0.047449592500925064, 0.040595415979623795, 0.03142818063497543, 0.030256982892751694, 0.02478041872382164, 0.022865353152155876, 0.021061087027192116, 0.01883765310049057, 0.01772364042699337, 0.019262585788965225, 0.015339626930654049, 0.015710782259702682, 0.015694500878453255, 0.017280275002121925, 0.015728391706943512, 0.015327594242990017, 0.016695385798811913, 0.01641695573925972, 0.016812406480312347, 0.01522352546453476, 0.016447147354483604, 0.017183629795908928, 0.016722705215215683, 0.01764524169266224, 0.015605290420353413]
[0.28347256779670715, 0.10599395632743835, 0.08215828984975815, 0.06350205093622208, 0.050680696964263916, 0.039414018392562866, 0.030527587980031967, 0.02477007545530796, 0.023029647767543793, 0.020941635593771935, 0.017748432233929634, 0.01644258014857769, 0.0161724966019392, 0.014406601898372173, 0.013251452706754208, 0.011947877705097198, 0.012072849087417126, 0.01235581748187542, 0.012204810045659542, 0.011513219214975834, 0.012001458555459976, 0.011723403818905354, 0.011982508935034275, 0.011811420321464539, 0.011592702008783817, 0.012569180689752102, 0.013131092302501202, 0.013573837466537952, 0.013641093857586384, 0.014344409108161926]
Training time: 3728 	steps per sec: 8
Eval num_timesteps=30720, episode_reward=nan +/- nan
Eval num_timesteps=30720, episode_success=nan +/- nan
se
16 16384 1024
diff [-0.027020663022994995, -0.03347761929035187, -0.005484439432621002, -0.002330474555492401, 0.00026347115635871887, -0.008035574108362198, -0.010067827999591827, -0.006658105179667473, -0.007227335125207901, -0.0038387831300497055, -0.005116920918226242, -0.004618506878614426, -0.0026651564985513687, -0.0033170385286211967, -0.006011133082211018, -0.0033917492255568504, -0.003637933172285557, -0.003338683396577835, -0.005075464956462383, -0.004215172491967678, -0.0033261356875300407, -0.004971981979906559, -0.004434446804225445, -0.005000986158847809, -0.0036308234557509422, -0.0038779666647315025, -0.004052537493407726, -0.0031488677486777306, -0.004004147835075855, -0.0012608813121914864, -0.003322170116007328]
ref [0.31049323081970215, 0.13947157561779022, 0.08764272928237915, 0.06583252549171448, 0.0504172258079052, 0.047449592500925064, 0.040595415979623795, 0.03142818063497543, 0.030256982892751694, 0.02478041872382164, 0.022865353152155876, 0.021061087027192116, 0.01883765310049057, 0.01772364042699337, 0.019262585788965225, 0.015339626930654049, 0.015710782259702682, 0.015694500878453255, 0.017280275002121925, 0.015728391706943512, 0.015327594242990017, 0.016695385798811913, 0.01641695573925972, 0.016812406480312347, 0.01522352546453476, 0.016447147354483604, 0.017183629795908928, 0.016722705215215683, 0.01764524169266224, 0.015605290420353413, 0.016800642013549805]
[0.28347256779670715, 0.10599395632743835, 0.08215828984975815, 0.06350205093622208, 0.050680696964263916, 0.039414018392562866, 0.030527587980031967, 0.02477007545530796, 0.023029647767543793, 0.020941635593771935, 0.017748432233929634, 0.01644258014857769, 0.0161724966019392, 0.014406601898372173, 0.013251452706754208, 0.011947877705097198, 0.012072849087417126, 0.01235581748187542, 0.012204810045659542, 0.011513219214975834, 0.012001458555459976, 0.011723403818905354, 0.011982508935034275, 0.011811420321464539, 0.011592702008783817, 0.012569180689752102, 0.013131092302501202, 0.013573837466537952, 0.013641093857586384, 0.014344409108161926, 0.013478471897542477]
Training time: 3847 	steps per sec: 8
Eval num_timesteps=31744, episode_reward=nan +/- nan
Eval num_timesteps=31744, episode_success=nan +/- nan
se
16 16384 1024
diff [-0.027020663022994995, -0.03347761929035187, -0.005484439432621002, -0.002330474555492401, 0.00026347115635871887, -0.008035574108362198, -0.010067827999591827, -0.006658105179667473, -0.007227335125207901, -0.0038387831300497055, -0.005116920918226242, -0.004618506878614426, -0.0026651564985513687, -0.0033170385286211967, -0.006011133082211018, -0.0033917492255568504, -0.003637933172285557, -0.003338683396577835, -0.005075464956462383, -0.004215172491967678, -0.0033261356875300407, -0.004971981979906559, -0.004434446804225445, -0.005000986158847809, -0.0036308234557509422, -0.0038779666647315025, -0.004052537493407726, -0.0031488677486777306, -0.004004147835075855, -0.0012608813121914864, -0.003322170116007328, -0.0015639979392290115]
ref [0.31049323081970215, 0.13947157561779022, 0.08764272928237915, 0.06583252549171448, 0.0504172258079052, 0.047449592500925064, 0.040595415979623795, 0.03142818063497543, 0.030256982892751694, 0.02478041872382164, 0.022865353152155876, 0.021061087027192116, 0.01883765310049057, 0.01772364042699337, 0.019262585788965225, 0.015339626930654049, 0.015710782259702682, 0.015694500878453255, 0.017280275002121925, 0.015728391706943512, 0.015327594242990017, 0.016695385798811913, 0.01641695573925972, 0.016812406480312347, 0.01522352546453476, 0.016447147354483604, 0.017183629795908928, 0.016722705215215683, 0.01764524169266224, 0.015605290420353413, 0.016800642013549805, 0.014609758742153645]
[0.28347256779670715, 0.10599395632743835, 0.08215828984975815, 0.06350205093622208, 0.050680696964263916, 0.039414018392562866, 0.030527587980031967, 0.02477007545530796, 0.023029647767543793, 0.020941635593771935, 0.017748432233929634, 0.01644258014857769, 0.0161724966019392, 0.014406601898372173, 0.013251452706754208, 0.011947877705097198, 0.012072849087417126, 0.01235581748187542, 0.012204810045659542, 0.011513219214975834, 0.012001458555459976, 0.011723403818905354, 0.011982508935034275, 0.011811420321464539, 0.011592702008783817, 0.012569180689752102, 0.013131092302501202, 0.013573837466537952, 0.013641093857586384, 0.014344409108161926, 0.013478471897542477, 0.013045760802924633]
Training time: 3961 	steps per sec: 8
Eval num_timesteps=32768, episode_reward=nan +/- nan
Eval num_timesteps=32768, episode_success=nan +/- nan
results/Walker2d-v4/
results/Walker2d-v4/ppo_ros/
results/Walker2d-v4/ppo_ros/expert/
results/Walker2d-v4/ppo_ros/expert/b_16/
results/Walker2d-v4/ppo_ros/expert/b_16/no_clip/
results/Walker2d-v4/ppo_ros/expert/b_16/no_clip/run_4/
results/Walker2d-v4/ppo_ros/expert/b_16/no_clip/run_4/evaluations.npz
results/Walker2d-v4/ppo_ros/expert/b_16/no_clip/run_4/config.yml
results/Walker2d-v4/ppo_ros/expert/b_16/no_clip/run_4/stats.npz
