ppo_ros_continuous.py --env-id Hopper-v4 -s expert/b_16/no_lambda --total-timesteps 32768 --eval-freq 1 --eval-episodes 0 -b 16 --num-steps 1024 -lr 0 --update-epochs 0 --anneal-lr 0 --ros-num-steps 256 --ros-update-epochs 16 --ros-target-kl 0.05 --ros-clip-coef 0.3 --ros-lambda 0 -ros-lr 0.001 --ros-anneal-lr 0 --se 1 --se-freq 1 --se-lr 1e-3 --se-epochs 1000 --policy-path policies/Hopper-v4/best_model.zip --normalization-dir policies/Hopper-v4
Obtaining file:///var/lib/condor/execute/slot1/dir_3351771/PPOROS/PPOROS/custom-envs
  Preparing metadata (setup.py): started
  Preparing metadata (setup.py): finished with status 'done'
Requirement already satisfied: gym in /var/lib/condor/execute/slot1/dir_3351771/PPOROS/ppo-ros_env/lib/python3.9/site-packages (from custom-envs==0.0.1) (0.21.0)
Requirement already satisfied: numpy>=1.18.0 in /var/lib/condor/execute/slot1/dir_3351771/PPOROS/ppo-ros_env/lib/python3.9/site-packages (from gym->custom-envs==0.0.1) (1.24.2)
Requirement already satisfied: cloudpickle>=1.2.0 in /var/lib/condor/execute/slot1/dir_3351771/PPOROS/ppo-ros_env/lib/python3.9/site-packages (from gym->custom-envs==0.0.1) (2.2.1)
Installing collected packages: custom-envs
  Running setup.py develop for custom-envs
Successfully installed custom-envs-0.0.1
seed: 3
Eval num_timesteps=0, episode_reward=nan +/- nan
Eval num_timesteps=0, episode_success=nan +/- nan
se
1 1024 1024
diff [0.009232044219970703]
ref [0.08136314153671265]
[0.09059518575668335]
Training time: 8 	steps per sec: 123
Eval num_timesteps=1024, episode_reward=nan +/- nan
Eval num_timesteps=1024, episode_success=nan +/- nan
se
2 2048 1024
diff [0.009232044219970703, -0.002517424523830414]
ref [0.08136314153671265, 0.0439961776137352]
[0.09059518575668335, 0.041478753089904785]
Training time: 19 	steps per sec: 103
Eval num_timesteps=2048, episode_reward=nan +/- nan
Eval num_timesteps=2048, episode_success=nan +/- nan
se
3 3072 1024
diff [0.009232044219970703, -0.002517424523830414, -0.0009072050452232361]
ref [0.08136314153671265, 0.0439961776137352, 0.028506964445114136]
[0.09059518575668335, 0.041478753089904785, 0.0275997593998909]
Training time: 34 	steps per sec: 88
Eval num_timesteps=3072, episode_reward=nan +/- nan
Eval num_timesteps=3072, episode_success=nan +/- nan
se
4 4096 1024
diff [0.009232044219970703, -0.002517424523830414, -0.0009072050452232361, -0.004832632839679718]
ref [0.08136314153671265, 0.0439961776137352, 0.028506964445114136, 0.024084102362394333]
[0.09059518575668335, 0.041478753089904785, 0.0275997593998909, 0.019251469522714615]
Training time: 53 	steps per sec: 75
Eval num_timesteps=4096, episode_reward=nan +/- nan
Eval num_timesteps=4096, episode_success=nan +/- nan
se
5 5120 1024
diff [0.009232044219970703, -0.002517424523830414, -0.0009072050452232361, -0.004832632839679718, -0.0077138906344771385]
ref [0.08136314153671265, 0.0439961776137352, 0.028506964445114136, 0.024084102362394333, 0.021907631307840347]
[0.09059518575668335, 0.041478753089904785, 0.0275997593998909, 0.019251469522714615, 0.014193740673363209]
Training time: 77 	steps per sec: 65
Eval num_timesteps=5120, episode_reward=nan +/- nan
Eval num_timesteps=5120, episode_success=nan +/- nan
se
6 6144 1024
diff [0.009232044219970703, -0.002517424523830414, -0.0009072050452232361, -0.004832632839679718, -0.0077138906344771385, -0.003101769834756851]
ref [0.08136314153671265, 0.0439961776137352, 0.028506964445114136, 0.024084102362394333, 0.021907631307840347, 0.014133532531559467]
[0.09059518575668335, 0.041478753089904785, 0.0275997593998909, 0.019251469522714615, 0.014193740673363209, 0.011031762696802616]
Training time: 105 	steps per sec: 58
Eval num_timesteps=6144, episode_reward=nan +/- nan
Eval num_timesteps=6144, episode_success=nan +/- nan
se
7 7168 1024
diff [0.009232044219970703, -0.002517424523830414, -0.0009072050452232361, -0.004832632839679718, -0.0077138906344771385, -0.003101769834756851, -0.00484547670930624]
ref [0.08136314153671265, 0.0439961776137352, 0.028506964445114136, 0.024084102362394333, 0.021907631307840347, 0.014133532531559467, 0.01409246027469635]
[0.09059518575668335, 0.041478753089904785, 0.0275997593998909, 0.019251469522714615, 0.014193740673363209, 0.011031762696802616, 0.00924698356539011]
Training time: 137 	steps per sec: 52
Eval num_timesteps=7168, episode_reward=nan +/- nan
Eval num_timesteps=7168, episode_success=nan +/- nan
se
8 8192 1024
diff [0.009232044219970703, -0.002517424523830414, -0.0009072050452232361, -0.004832632839679718, -0.0077138906344771385, -0.003101769834756851, -0.00484547670930624, -0.005490242503583431]
ref [0.08136314153671265, 0.0439961776137352, 0.028506964445114136, 0.024084102362394333, 0.021907631307840347, 0.014133532531559467, 0.01409246027469635, 0.013235954567790031]
[0.09059518575668335, 0.041478753089904785, 0.0275997593998909, 0.019251469522714615, 0.014193740673363209, 0.011031762696802616, 0.00924698356539011, 0.0077457120642066]
Training time: 173 	steps per sec: 47
Eval num_timesteps=8192, episode_reward=nan +/- nan
Eval num_timesteps=8192, episode_success=nan +/- nan
se
9 9216 1024
diff [0.009232044219970703, -0.002517424523830414, -0.0009072050452232361, -0.004832632839679718, -0.0077138906344771385, -0.003101769834756851, -0.00484547670930624, -0.005490242503583431, -0.00430623535066843]
ref [0.08136314153671265, 0.0439961776137352, 0.028506964445114136, 0.024084102362394333, 0.021907631307840347, 0.014133532531559467, 0.01409246027469635, 0.013235954567790031, 0.011122829280793667]
[0.09059518575668335, 0.041478753089904785, 0.0275997593998909, 0.019251469522714615, 0.014193740673363209, 0.011031762696802616, 0.00924698356539011, 0.0077457120642066, 0.0068165939301252365]
Training time: 213 	steps per sec: 43
Eval num_timesteps=9216, episode_reward=nan +/- nan
Eval num_timesteps=9216, episode_success=nan +/- nan
se
10 10240 1024
diff [0.009232044219970703, -0.002517424523830414, -0.0009072050452232361, -0.004832632839679718, -0.0077138906344771385, -0.003101769834756851, -0.00484547670930624, -0.005490242503583431, -0.00430623535066843, -0.00558678200468421]
ref [0.08136314153671265, 0.0439961776137352, 0.028506964445114136, 0.024084102362394333, 0.021907631307840347, 0.014133532531559467, 0.01409246027469635, 0.013235954567790031, 0.011122829280793667, 0.011474747210741043]
[0.09059518575668335, 0.041478753089904785, 0.0275997593998909, 0.019251469522714615, 0.014193740673363209, 0.011031762696802616, 0.00924698356539011, 0.0077457120642066, 0.0068165939301252365, 0.005887965206056833]
Training time: 259 	steps per sec: 39
Eval num_timesteps=10240, episode_reward=nan +/- nan
Eval num_timesteps=10240, episode_success=nan +/- nan
se
11 11264 1024
diff [0.009232044219970703, -0.002517424523830414, -0.0009072050452232361, -0.004832632839679718, -0.0077138906344771385, -0.003101769834756851, -0.00484547670930624, -0.005490242503583431, -0.00430623535066843, -0.00558678200468421, -0.004193393513560295]
ref [0.08136314153671265, 0.0439961776137352, 0.028506964445114136, 0.024084102362394333, 0.021907631307840347, 0.014133532531559467, 0.01409246027469635, 0.013235954567790031, 0.011122829280793667, 0.011474747210741043, 0.009477143175899982]
[0.09059518575668335, 0.041478753089904785, 0.0275997593998909, 0.019251469522714615, 0.014193740673363209, 0.011031762696802616, 0.00924698356539011, 0.0077457120642066, 0.0068165939301252365, 0.005887965206056833, 0.005283749662339687]
Training time: 309 	steps per sec: 36
Eval num_timesteps=11264, episode_reward=nan +/- nan
Eval num_timesteps=11264, episode_success=nan +/- nan
se
12 12288 1024
diff [0.009232044219970703, -0.002517424523830414, -0.0009072050452232361, -0.004832632839679718, -0.0077138906344771385, -0.003101769834756851, -0.00484547670930624, -0.005490242503583431, -0.00430623535066843, -0.00558678200468421, -0.004193393513560295, -0.004506480880081654]
ref [0.08136314153671265, 0.0439961776137352, 0.028506964445114136, 0.024084102362394333, 0.021907631307840347, 0.014133532531559467, 0.01409246027469635, 0.013235954567790031, 0.011122829280793667, 0.011474747210741043, 0.009477143175899982, 0.009120085276663303]
[0.09059518575668335, 0.041478753089904785, 0.0275997593998909, 0.019251469522714615, 0.014193740673363209, 0.011031762696802616, 0.00924698356539011, 0.0077457120642066, 0.0068165939301252365, 0.005887965206056833, 0.005283749662339687, 0.00461360439658165]
Training time: 361 	steps per sec: 34
Eval num_timesteps=12288, episode_reward=nan +/- nan
Eval num_timesteps=12288, episode_success=nan +/- nan
se
13 13312 1024
diff [0.009232044219970703, -0.002517424523830414, -0.0009072050452232361, -0.004832632839679718, -0.0077138906344771385, -0.003101769834756851, -0.00484547670930624, -0.005490242503583431, -0.00430623535066843, -0.00558678200468421, -0.004193393513560295, -0.004506480880081654, -0.0032826424576342106]
ref [0.08136314153671265, 0.0439961776137352, 0.028506964445114136, 0.024084102362394333, 0.021907631307840347, 0.014133532531559467, 0.01409246027469635, 0.013235954567790031, 0.011122829280793667, 0.011474747210741043, 0.009477143175899982, 0.009120085276663303, 0.007824236527085304]
[0.09059518575668335, 0.041478753089904785, 0.0275997593998909, 0.019251469522714615, 0.014193740673363209, 0.011031762696802616, 0.00924698356539011, 0.0077457120642066, 0.0068165939301252365, 0.005887965206056833, 0.005283749662339687, 0.00461360439658165, 0.004541594069451094]
Training time: 419 	steps per sec: 31
Eval num_timesteps=13312, episode_reward=nan +/- nan
Eval num_timesteps=13312, episode_success=nan +/- nan
se
14 14336 1024
diff [0.009232044219970703, -0.002517424523830414, -0.0009072050452232361, -0.004832632839679718, -0.0077138906344771385, -0.003101769834756851, -0.00484547670930624, -0.005490242503583431, -0.00430623535066843, -0.00558678200468421, -0.004193393513560295, -0.004506480880081654, -0.0032826424576342106, -0.003434614511206746]
ref [0.08136314153671265, 0.0439961776137352, 0.028506964445114136, 0.024084102362394333, 0.021907631307840347, 0.014133532531559467, 0.01409246027469635, 0.013235954567790031, 0.011122829280793667, 0.011474747210741043, 0.009477143175899982, 0.009120085276663303, 0.007824236527085304, 0.007238640449941158]
[0.09059518575668335, 0.041478753089904785, 0.0275997593998909, 0.019251469522714615, 0.014193740673363209, 0.011031762696802616, 0.00924698356539011, 0.0077457120642066, 0.0068165939301252365, 0.005887965206056833, 0.005283749662339687, 0.00461360439658165, 0.004541594069451094, 0.003804025938734412]
Training time: 481 	steps per sec: 29
Eval num_timesteps=14336, episode_reward=nan +/- nan
Eval num_timesteps=14336, episode_success=nan +/- nan
se
15 15360 1024
diff [0.009232044219970703, -0.002517424523830414, -0.0009072050452232361, -0.004832632839679718, -0.0077138906344771385, -0.003101769834756851, -0.00484547670930624, -0.005490242503583431, -0.00430623535066843, -0.00558678200468421, -0.004193393513560295, -0.004506480880081654, -0.0032826424576342106, -0.003434614511206746, -0.004469538573175669]
ref [0.08136314153671265, 0.0439961776137352, 0.028506964445114136, 0.024084102362394333, 0.021907631307840347, 0.014133532531559467, 0.01409246027469635, 0.013235954567790031, 0.011122829280793667, 0.011474747210741043, 0.009477143175899982, 0.009120085276663303, 0.007824236527085304, 0.007238640449941158, 0.00801188312470913]
[0.09059518575668335, 0.041478753089904785, 0.0275997593998909, 0.019251469522714615, 0.014193740673363209, 0.011031762696802616, 0.00924698356539011, 0.0077457120642066, 0.0068165939301252365, 0.005887965206056833, 0.005283749662339687, 0.00461360439658165, 0.004541594069451094, 0.003804025938734412, 0.0035423445515334606]
Training time: 546 	steps per sec: 28
Eval num_timesteps=15360, episode_reward=nan +/- nan
Eval num_timesteps=15360, episode_success=nan +/- nan
se
16 16384 1024
diff [0.009232044219970703, -0.002517424523830414, -0.0009072050452232361, -0.004832632839679718, -0.0077138906344771385, -0.003101769834756851, -0.00484547670930624, -0.005490242503583431, -0.00430623535066843, -0.00558678200468421, -0.004193393513560295, -0.004506480880081654, -0.0032826424576342106, -0.003434614511206746, -0.004469538573175669, -0.004019421059638262]
ref [0.08136314153671265, 0.0439961776137352, 0.028506964445114136, 0.024084102362394333, 0.021907631307840347, 0.014133532531559467, 0.01409246027469635, 0.013235954567790031, 0.011122829280793667, 0.011474747210741043, 0.009477143175899982, 0.009120085276663303, 0.007824236527085304, 0.007238640449941158, 0.00801188312470913, 0.007183156907558441]
[0.09059518575668335, 0.041478753089904785, 0.0275997593998909, 0.019251469522714615, 0.014193740673363209, 0.011031762696802616, 0.00924698356539011, 0.0077457120642066, 0.0068165939301252365, 0.005887965206056833, 0.005283749662339687, 0.00461360439658165, 0.004541594069451094, 0.003804025938734412, 0.0035423445515334606, 0.0031637358479201794]
Training time: 613 	steps per sec: 26
Eval num_timesteps=16384, episode_reward=nan +/- nan
Eval num_timesteps=16384, episode_success=nan +/- nan
se
16 16384 1024
diff [0.009232044219970703, -0.002517424523830414, -0.0009072050452232361, -0.004832632839679718, -0.0077138906344771385, -0.003101769834756851, -0.00484547670930624, -0.005490242503583431, -0.00430623535066843, -0.00558678200468421, -0.004193393513560295, -0.004506480880081654, -0.0032826424576342106, -0.003434614511206746, -0.004469538573175669, -0.004019421059638262, -0.0036498159170150757]
ref [0.08136314153671265, 0.0439961776137352, 0.028506964445114136, 0.024084102362394333, 0.021907631307840347, 0.014133532531559467, 0.01409246027469635, 0.013235954567790031, 0.011122829280793667, 0.011474747210741043, 0.009477143175899982, 0.009120085276663303, 0.007824236527085304, 0.007238640449941158, 0.00801188312470913, 0.007183156907558441, 0.006984388455748558]
[0.09059518575668335, 0.041478753089904785, 0.0275997593998909, 0.019251469522714615, 0.014193740673363209, 0.011031762696802616, 0.00924698356539011, 0.0077457120642066, 0.0068165939301252365, 0.005887965206056833, 0.005283749662339687, 0.00461360439658165, 0.004541594069451094, 0.003804025938734412, 0.0035423445515334606, 0.0031637358479201794, 0.0033345725387334824]
Training time: 680 	steps per sec: 25
Eval num_timesteps=17408, episode_reward=nan +/- nan
Eval num_timesteps=17408, episode_success=nan +/- nan
se
16 16384 1024
diff [0.009232044219970703, -0.002517424523830414, -0.0009072050452232361, -0.004832632839679718, -0.0077138906344771385, -0.003101769834756851, -0.00484547670930624, -0.005490242503583431, -0.00430623535066843, -0.00558678200468421, -0.004193393513560295, -0.004506480880081654, -0.0032826424576342106, -0.003434614511206746, -0.004469538573175669, -0.004019421059638262, -0.0036498159170150757, -0.0037044575437903404]
ref [0.08136314153671265, 0.0439961776137352, 0.028506964445114136, 0.024084102362394333, 0.021907631307840347, 0.014133532531559467, 0.01409246027469635, 0.013235954567790031, 0.011122829280793667, 0.011474747210741043, 0.009477143175899982, 0.009120085276663303, 0.007824236527085304, 0.007238640449941158, 0.00801188312470913, 0.007183156907558441, 0.006984388455748558, 0.0073565333150327206]
[0.09059518575668335, 0.041478753089904785, 0.0275997593998909, 0.019251469522714615, 0.014193740673363209, 0.011031762696802616, 0.00924698356539011, 0.0077457120642066, 0.0068165939301252365, 0.005887965206056833, 0.005283749662339687, 0.00461360439658165, 0.004541594069451094, 0.003804025938734412, 0.0035423445515334606, 0.0031637358479201794, 0.0033345725387334824, 0.00365207577124238]
Training time: 747 	steps per sec: 24
Eval num_timesteps=18432, episode_reward=nan +/- nan
Eval num_timesteps=18432, episode_success=nan +/- nan
se
16 16384 1024
diff [0.009232044219970703, -0.002517424523830414, -0.0009072050452232361, -0.004832632839679718, -0.0077138906344771385, -0.003101769834756851, -0.00484547670930624, -0.005490242503583431, -0.00430623535066843, -0.00558678200468421, -0.004193393513560295, -0.004506480880081654, -0.0032826424576342106, -0.003434614511206746, -0.004469538573175669, -0.004019421059638262, -0.0036498159170150757, -0.0037044575437903404, -0.0033012235071510077]
ref [0.08136314153671265, 0.0439961776137352, 0.028506964445114136, 0.024084102362394333, 0.021907631307840347, 0.014133532531559467, 0.01409246027469635, 0.013235954567790031, 0.011122829280793667, 0.011474747210741043, 0.009477143175899982, 0.009120085276663303, 0.007824236527085304, 0.007238640449941158, 0.00801188312470913, 0.007183156907558441, 0.006984388455748558, 0.0073565333150327206, 0.006632665172219276]
[0.09059518575668335, 0.041478753089904785, 0.0275997593998909, 0.019251469522714615, 0.014193740673363209, 0.011031762696802616, 0.00924698356539011, 0.0077457120642066, 0.0068165939301252365, 0.005887965206056833, 0.005283749662339687, 0.00461360439658165, 0.004541594069451094, 0.003804025938734412, 0.0035423445515334606, 0.0031637358479201794, 0.0033345725387334824, 0.00365207577124238, 0.0033314416650682688]
Training time: 814 	steps per sec: 23
Eval num_timesteps=19456, episode_reward=nan +/- nan
Eval num_timesteps=19456, episode_success=nan +/- nan
se
16 16384 1024
diff [0.009232044219970703, -0.002517424523830414, -0.0009072050452232361, -0.004832632839679718, -0.0077138906344771385, -0.003101769834756851, -0.00484547670930624, -0.005490242503583431, -0.00430623535066843, -0.00558678200468421, -0.004193393513560295, -0.004506480880081654, -0.0032826424576342106, -0.003434614511206746, -0.004469538573175669, -0.004019421059638262, -0.0036498159170150757, -0.0037044575437903404, -0.0033012235071510077, -0.0035251984372735023]
ref [0.08136314153671265, 0.0439961776137352, 0.028506964445114136, 0.024084102362394333, 0.021907631307840347, 0.014133532531559467, 0.01409246027469635, 0.013235954567790031, 0.011122829280793667, 0.011474747210741043, 0.009477143175899982, 0.009120085276663303, 0.007824236527085304, 0.007238640449941158, 0.00801188312470913, 0.007183156907558441, 0.006984388455748558, 0.0073565333150327206, 0.006632665172219276, 0.0075966976583004]
[0.09059518575668335, 0.041478753089904785, 0.0275997593998909, 0.019251469522714615, 0.014193740673363209, 0.011031762696802616, 0.00924698356539011, 0.0077457120642066, 0.0068165939301252365, 0.005887965206056833, 0.005283749662339687, 0.00461360439658165, 0.004541594069451094, 0.003804025938734412, 0.0035423445515334606, 0.0031637358479201794, 0.0033345725387334824, 0.00365207577124238, 0.0033314416650682688, 0.004071499221026897]
Training time: 879 	steps per sec: 23
Eval num_timesteps=20480, episode_reward=nan +/- nan
Eval num_timesteps=20480, episode_success=nan +/- nan
se
16 16384 1024
diff [0.009232044219970703, -0.002517424523830414, -0.0009072050452232361, -0.004832632839679718, -0.0077138906344771385, -0.003101769834756851, -0.00484547670930624, -0.005490242503583431, -0.00430623535066843, -0.00558678200468421, -0.004193393513560295, -0.004506480880081654, -0.0032826424576342106, -0.003434614511206746, -0.004469538573175669, -0.004019421059638262, -0.0036498159170150757, -0.0037044575437903404, -0.0033012235071510077, -0.0035251984372735023, -0.0027449135668575764]
ref [0.08136314153671265, 0.0439961776137352, 0.028506964445114136, 0.024084102362394333, 0.021907631307840347, 0.014133532531559467, 0.01409246027469635, 0.013235954567790031, 0.011122829280793667, 0.011474747210741043, 0.009477143175899982, 0.009120085276663303, 0.007824236527085304, 0.007238640449941158, 0.00801188312470913, 0.007183156907558441, 0.006984388455748558, 0.0073565333150327206, 0.006632665172219276, 0.0075966976583004, 0.00703735277056694]
[0.09059518575668335, 0.041478753089904785, 0.0275997593998909, 0.019251469522714615, 0.014193740673363209, 0.011031762696802616, 0.00924698356539011, 0.0077457120642066, 0.0068165939301252365, 0.005887965206056833, 0.005283749662339687, 0.00461360439658165, 0.004541594069451094, 0.003804025938734412, 0.0035423445515334606, 0.0031637358479201794, 0.0033345725387334824, 0.00365207577124238, 0.0033314416650682688, 0.004071499221026897, 0.004292439203709364]
Training time: 946 	steps per sec: 22
Eval num_timesteps=21504, episode_reward=nan +/- nan
Eval num_timesteps=21504, episode_success=nan +/- nan
se
16 16384 1024
diff [0.009232044219970703, -0.002517424523830414, -0.0009072050452232361, -0.004832632839679718, -0.0077138906344771385, -0.003101769834756851, -0.00484547670930624, -0.005490242503583431, -0.00430623535066843, -0.00558678200468421, -0.004193393513560295, -0.004506480880081654, -0.0032826424576342106, -0.003434614511206746, -0.004469538573175669, -0.004019421059638262, -0.0036498159170150757, -0.0037044575437903404, -0.0033012235071510077, -0.0035251984372735023, -0.0027449135668575764, -0.002716503106057644]
ref [0.08136314153671265, 0.0439961776137352, 0.028506964445114136, 0.024084102362394333, 0.021907631307840347, 0.014133532531559467, 0.01409246027469635, 0.013235954567790031, 0.011122829280793667, 0.011474747210741043, 0.009477143175899982, 0.009120085276663303, 0.007824236527085304, 0.007238640449941158, 0.00801188312470913, 0.007183156907558441, 0.006984388455748558, 0.0073565333150327206, 0.006632665172219276, 0.0075966976583004, 0.00703735277056694, 0.007093769032508135]
[0.09059518575668335, 0.041478753089904785, 0.0275997593998909, 0.019251469522714615, 0.014193740673363209, 0.011031762696802616, 0.00924698356539011, 0.0077457120642066, 0.0068165939301252365, 0.005887965206056833, 0.005283749662339687, 0.00461360439658165, 0.004541594069451094, 0.003804025938734412, 0.0035423445515334606, 0.0031637358479201794, 0.0033345725387334824, 0.00365207577124238, 0.0033314416650682688, 0.004071499221026897, 0.004292439203709364, 0.004377265926450491]
Training time: 1014 	steps per sec: 22
Eval num_timesteps=22528, episode_reward=nan +/- nan
Eval num_timesteps=22528, episode_success=nan +/- nan
se
16 16384 1024
diff [0.009232044219970703, -0.002517424523830414, -0.0009072050452232361, -0.004832632839679718, -0.0077138906344771385, -0.003101769834756851, -0.00484547670930624, -0.005490242503583431, -0.00430623535066843, -0.00558678200468421, -0.004193393513560295, -0.004506480880081654, -0.0032826424576342106, -0.003434614511206746, -0.004469538573175669, -0.004019421059638262, -0.0036498159170150757, -0.0037044575437903404, -0.0033012235071510077, -0.0035251984372735023, -0.0027449135668575764, -0.002716503106057644, -0.003332007210701704]
ref [0.08136314153671265, 0.0439961776137352, 0.028506964445114136, 0.024084102362394333, 0.021907631307840347, 0.014133532531559467, 0.01409246027469635, 0.013235954567790031, 0.011122829280793667, 0.011474747210741043, 0.009477143175899982, 0.009120085276663303, 0.007824236527085304, 0.007238640449941158, 0.00801188312470913, 0.007183156907558441, 0.006984388455748558, 0.0073565333150327206, 0.006632665172219276, 0.0075966976583004, 0.00703735277056694, 0.007093769032508135, 0.007451530080288649]
[0.09059518575668335, 0.041478753089904785, 0.0275997593998909, 0.019251469522714615, 0.014193740673363209, 0.011031762696802616, 0.00924698356539011, 0.0077457120642066, 0.0068165939301252365, 0.005887965206056833, 0.005283749662339687, 0.00461360439658165, 0.004541594069451094, 0.003804025938734412, 0.0035423445515334606, 0.0031637358479201794, 0.0033345725387334824, 0.00365207577124238, 0.0033314416650682688, 0.004071499221026897, 0.004292439203709364, 0.004377265926450491, 0.004119522869586945]
Training time: 1082 	steps per sec: 21
Eval num_timesteps=23552, episode_reward=nan +/- nan
Eval num_timesteps=23552, episode_success=nan +/- nan
se
16 16384 1024
diff [0.009232044219970703, -0.002517424523830414, -0.0009072050452232361, -0.004832632839679718, -0.0077138906344771385, -0.003101769834756851, -0.00484547670930624, -0.005490242503583431, -0.00430623535066843, -0.00558678200468421, -0.004193393513560295, -0.004506480880081654, -0.0032826424576342106, -0.003434614511206746, -0.004469538573175669, -0.004019421059638262, -0.0036498159170150757, -0.0037044575437903404, -0.0033012235071510077, -0.0035251984372735023, -0.0027449135668575764, -0.002716503106057644, -0.003332007210701704, -0.003054262138903141]
ref [0.08136314153671265, 0.0439961776137352, 0.028506964445114136, 0.024084102362394333, 0.021907631307840347, 0.014133532531559467, 0.01409246027469635, 0.013235954567790031, 0.011122829280793667, 0.011474747210741043, 0.009477143175899982, 0.009120085276663303, 0.007824236527085304, 0.007238640449941158, 0.00801188312470913, 0.007183156907558441, 0.006984388455748558, 0.0073565333150327206, 0.006632665172219276, 0.0075966976583004, 0.00703735277056694, 0.007093769032508135, 0.007451530080288649, 0.007321723271161318]
[0.09059518575668335, 0.041478753089904785, 0.0275997593998909, 0.019251469522714615, 0.014193740673363209, 0.011031762696802616, 0.00924698356539011, 0.0077457120642066, 0.0068165939301252365, 0.005887965206056833, 0.005283749662339687, 0.00461360439658165, 0.004541594069451094, 0.003804025938734412, 0.0035423445515334606, 0.0031637358479201794, 0.0033345725387334824, 0.00365207577124238, 0.0033314416650682688, 0.004071499221026897, 0.004292439203709364, 0.004377265926450491, 0.004119522869586945, 0.004267461132258177]
Training time: 1150 	steps per sec: 21
Eval num_timesteps=24576, episode_reward=nan +/- nan
Eval num_timesteps=24576, episode_success=nan +/- nan
se
16 16384 1024
diff [0.009232044219970703, -0.002517424523830414, -0.0009072050452232361, -0.004832632839679718, -0.0077138906344771385, -0.003101769834756851, -0.00484547670930624, -0.005490242503583431, -0.00430623535066843, -0.00558678200468421, -0.004193393513560295, -0.004506480880081654, -0.0032826424576342106, -0.003434614511206746, -0.004469538573175669, -0.004019421059638262, -0.0036498159170150757, -0.0037044575437903404, -0.0033012235071510077, -0.0035251984372735023, -0.0027449135668575764, -0.002716503106057644, -0.003332007210701704, -0.003054262138903141, -0.0010155374184250832]
ref [0.08136314153671265, 0.0439961776137352, 0.028506964445114136, 0.024084102362394333, 0.021907631307840347, 0.014133532531559467, 0.01409246027469635, 0.013235954567790031, 0.011122829280793667, 0.011474747210741043, 0.009477143175899982, 0.009120085276663303, 0.007824236527085304, 0.007238640449941158, 0.00801188312470913, 0.007183156907558441, 0.006984388455748558, 0.0073565333150327206, 0.006632665172219276, 0.0075966976583004, 0.00703735277056694, 0.007093769032508135, 0.007451530080288649, 0.007321723271161318, 0.005301629193127155]
[0.09059518575668335, 0.041478753089904785, 0.0275997593998909, 0.019251469522714615, 0.014193740673363209, 0.011031762696802616, 0.00924698356539011, 0.0077457120642066, 0.0068165939301252365, 0.005887965206056833, 0.005283749662339687, 0.00461360439658165, 0.004541594069451094, 0.003804025938734412, 0.0035423445515334606, 0.0031637358479201794, 0.0033345725387334824, 0.00365207577124238, 0.0033314416650682688, 0.004071499221026897, 0.004292439203709364, 0.004377265926450491, 0.004119522869586945, 0.004267461132258177, 0.004286091774702072]
Training time: 1220 	steps per sec: 20
Eval num_timesteps=25600, episode_reward=nan +/- nan
Eval num_timesteps=25600, episode_success=nan +/- nan
se
16 16384 1024
diff [0.009232044219970703, -0.002517424523830414, -0.0009072050452232361, -0.004832632839679718, -0.0077138906344771385, -0.003101769834756851, -0.00484547670930624, -0.005490242503583431, -0.00430623535066843, -0.00558678200468421, -0.004193393513560295, -0.004506480880081654, -0.0032826424576342106, -0.003434614511206746, -0.004469538573175669, -0.004019421059638262, -0.0036498159170150757, -0.0037044575437903404, -0.0033012235071510077, -0.0035251984372735023, -0.0027449135668575764, -0.002716503106057644, -0.003332007210701704, -0.003054262138903141, -0.0010155374184250832, -0.0013893386349081993]
ref [0.08136314153671265, 0.0439961776137352, 0.028506964445114136, 0.024084102362394333, 0.021907631307840347, 0.014133532531559467, 0.01409246027469635, 0.013235954567790031, 0.011122829280793667, 0.011474747210741043, 0.009477143175899982, 0.009120085276663303, 0.007824236527085304, 0.007238640449941158, 0.00801188312470913, 0.007183156907558441, 0.006984388455748558, 0.0073565333150327206, 0.006632665172219276, 0.0075966976583004, 0.00703735277056694, 0.007093769032508135, 0.007451530080288649, 0.007321723271161318, 0.005301629193127155, 0.005840564612299204]
[0.09059518575668335, 0.041478753089904785, 0.0275997593998909, 0.019251469522714615, 0.014193740673363209, 0.011031762696802616, 0.00924698356539011, 0.0077457120642066, 0.0068165939301252365, 0.005887965206056833, 0.005283749662339687, 0.00461360439658165, 0.004541594069451094, 0.003804025938734412, 0.0035423445515334606, 0.0031637358479201794, 0.0033345725387334824, 0.00365207577124238, 0.0033314416650682688, 0.004071499221026897, 0.004292439203709364, 0.004377265926450491, 0.004119522869586945, 0.004267461132258177, 0.004286091774702072, 0.0044512259773910046]
Training time: 1291 	steps per sec: 20
Eval num_timesteps=26624, episode_reward=nan +/- nan
Eval num_timesteps=26624, episode_success=nan +/- nan
se
16 16384 1024
diff [0.009232044219970703, -0.002517424523830414, -0.0009072050452232361, -0.004832632839679718, -0.0077138906344771385, -0.003101769834756851, -0.00484547670930624, -0.005490242503583431, -0.00430623535066843, -0.00558678200468421, -0.004193393513560295, -0.004506480880081654, -0.0032826424576342106, -0.003434614511206746, -0.004469538573175669, -0.004019421059638262, -0.0036498159170150757, -0.0037044575437903404, -0.0033012235071510077, -0.0035251984372735023, -0.0027449135668575764, -0.002716503106057644, -0.003332007210701704, -0.003054262138903141, -0.0010155374184250832, -0.0013893386349081993, -0.0024932497180998325]
ref [0.08136314153671265, 0.0439961776137352, 0.028506964445114136, 0.024084102362394333, 0.021907631307840347, 0.014133532531559467, 0.01409246027469635, 0.013235954567790031, 0.011122829280793667, 0.011474747210741043, 0.009477143175899982, 0.009120085276663303, 0.007824236527085304, 0.007238640449941158, 0.00801188312470913, 0.007183156907558441, 0.006984388455748558, 0.0073565333150327206, 0.006632665172219276, 0.0075966976583004, 0.00703735277056694, 0.007093769032508135, 0.007451530080288649, 0.007321723271161318, 0.005301629193127155, 0.005840564612299204, 0.00713415676727891]
[0.09059518575668335, 0.041478753089904785, 0.0275997593998909, 0.019251469522714615, 0.014193740673363209, 0.011031762696802616, 0.00924698356539011, 0.0077457120642066, 0.0068165939301252365, 0.005887965206056833, 0.005283749662339687, 0.00461360439658165, 0.004541594069451094, 0.003804025938734412, 0.0035423445515334606, 0.0031637358479201794, 0.0033345725387334824, 0.00365207577124238, 0.0033314416650682688, 0.004071499221026897, 0.004292439203709364, 0.004377265926450491, 0.004119522869586945, 0.004267461132258177, 0.004286091774702072, 0.0044512259773910046, 0.004640907049179077]
Training time: 1358 	steps per sec: 20
Eval num_timesteps=27648, episode_reward=nan +/- nan
Eval num_timesteps=27648, episode_success=nan +/- nan
se
16 16384 1024
diff [0.009232044219970703, -0.002517424523830414, -0.0009072050452232361, -0.004832632839679718, -0.0077138906344771385, -0.003101769834756851, -0.00484547670930624, -0.005490242503583431, -0.00430623535066843, -0.00558678200468421, -0.004193393513560295, -0.004506480880081654, -0.0032826424576342106, -0.003434614511206746, -0.004469538573175669, -0.004019421059638262, -0.0036498159170150757, -0.0037044575437903404, -0.0033012235071510077, -0.0035251984372735023, -0.0027449135668575764, -0.002716503106057644, -0.003332007210701704, -0.003054262138903141, -0.0010155374184250832, -0.0013893386349081993, -0.0024932497180998325, -0.0026718690060079098]
ref [0.08136314153671265, 0.0439961776137352, 0.028506964445114136, 0.024084102362394333, 0.021907631307840347, 0.014133532531559467, 0.01409246027469635, 0.013235954567790031, 0.011122829280793667, 0.011474747210741043, 0.009477143175899982, 0.009120085276663303, 0.007824236527085304, 0.007238640449941158, 0.00801188312470913, 0.007183156907558441, 0.006984388455748558, 0.0073565333150327206, 0.006632665172219276, 0.0075966976583004, 0.00703735277056694, 0.007093769032508135, 0.007451530080288649, 0.007321723271161318, 0.005301629193127155, 0.005840564612299204, 0.00713415676727891, 0.006851576268672943]
[0.09059518575668335, 0.041478753089904785, 0.0275997593998909, 0.019251469522714615, 0.014193740673363209, 0.011031762696802616, 0.00924698356539011, 0.0077457120642066, 0.0068165939301252365, 0.005887965206056833, 0.005283749662339687, 0.00461360439658165, 0.004541594069451094, 0.003804025938734412, 0.0035423445515334606, 0.0031637358479201794, 0.0033345725387334824, 0.00365207577124238, 0.0033314416650682688, 0.004071499221026897, 0.004292439203709364, 0.004377265926450491, 0.004119522869586945, 0.004267461132258177, 0.004286091774702072, 0.0044512259773910046, 0.004640907049179077, 0.004179707262665033]
Training time: 1423 	steps per sec: 20
Eval num_timesteps=28672, episode_reward=nan +/- nan
Eval num_timesteps=28672, episode_success=nan +/- nan
se
16 16384 1024
diff [0.009232044219970703, -0.002517424523830414, -0.0009072050452232361, -0.004832632839679718, -0.0077138906344771385, -0.003101769834756851, -0.00484547670930624, -0.005490242503583431, -0.00430623535066843, -0.00558678200468421, -0.004193393513560295, -0.004506480880081654, -0.0032826424576342106, -0.003434614511206746, -0.004469538573175669, -0.004019421059638262, -0.0036498159170150757, -0.0037044575437903404, -0.0033012235071510077, -0.0035251984372735023, -0.0027449135668575764, -0.002716503106057644, -0.003332007210701704, -0.003054262138903141, -0.0010155374184250832, -0.0013893386349081993, -0.0024932497180998325, -0.0026718690060079098, -0.003465330461040139]
ref [0.08136314153671265, 0.0439961776137352, 0.028506964445114136, 0.024084102362394333, 0.021907631307840347, 0.014133532531559467, 0.01409246027469635, 0.013235954567790031, 0.011122829280793667, 0.011474747210741043, 0.009477143175899982, 0.009120085276663303, 0.007824236527085304, 0.007238640449941158, 0.00801188312470913, 0.007183156907558441, 0.006984388455748558, 0.0073565333150327206, 0.006632665172219276, 0.0075966976583004, 0.00703735277056694, 0.007093769032508135, 0.007451530080288649, 0.007321723271161318, 0.005301629193127155, 0.005840564612299204, 0.00713415676727891, 0.006851576268672943, 0.007136661559343338]
[0.09059518575668335, 0.041478753089904785, 0.0275997593998909, 0.019251469522714615, 0.014193740673363209, 0.011031762696802616, 0.00924698356539011, 0.0077457120642066, 0.0068165939301252365, 0.005887965206056833, 0.005283749662339687, 0.00461360439658165, 0.004541594069451094, 0.003804025938734412, 0.0035423445515334606, 0.0031637358479201794, 0.0033345725387334824, 0.00365207577124238, 0.0033314416650682688, 0.004071499221026897, 0.004292439203709364, 0.004377265926450491, 0.004119522869586945, 0.004267461132258177, 0.004286091774702072, 0.0044512259773910046, 0.004640907049179077, 0.004179707262665033, 0.003671331098303199]
Training time: 1489 	steps per sec: 19
Eval num_timesteps=29696, episode_reward=nan +/- nan
Eval num_timesteps=29696, episode_success=nan +/- nan
se
16 16384 1024
diff [0.009232044219970703, -0.002517424523830414, -0.0009072050452232361, -0.004832632839679718, -0.0077138906344771385, -0.003101769834756851, -0.00484547670930624, -0.005490242503583431, -0.00430623535066843, -0.00558678200468421, -0.004193393513560295, -0.004506480880081654, -0.0032826424576342106, -0.003434614511206746, -0.004469538573175669, -0.004019421059638262, -0.0036498159170150757, -0.0037044575437903404, -0.0033012235071510077, -0.0035251984372735023, -0.0027449135668575764, -0.002716503106057644, -0.003332007210701704, -0.003054262138903141, -0.0010155374184250832, -0.0013893386349081993, -0.0024932497180998325, -0.0026718690060079098, -0.003465330461040139, -0.003979845205321908]
ref [0.08136314153671265, 0.0439961776137352, 0.028506964445114136, 0.024084102362394333, 0.021907631307840347, 0.014133532531559467, 0.01409246027469635, 0.013235954567790031, 0.011122829280793667, 0.011474747210741043, 0.009477143175899982, 0.009120085276663303, 0.007824236527085304, 0.007238640449941158, 0.00801188312470913, 0.007183156907558441, 0.006984388455748558, 0.0073565333150327206, 0.006632665172219276, 0.0075966976583004, 0.00703735277056694, 0.007093769032508135, 0.007451530080288649, 0.007321723271161318, 0.005301629193127155, 0.005840564612299204, 0.00713415676727891, 0.006851576268672943, 0.007136661559343338, 0.00769490422680974]
[0.09059518575668335, 0.041478753089904785, 0.0275997593998909, 0.019251469522714615, 0.014193740673363209, 0.011031762696802616, 0.00924698356539011, 0.0077457120642066, 0.0068165939301252365, 0.005887965206056833, 0.005283749662339687, 0.00461360439658165, 0.004541594069451094, 0.003804025938734412, 0.0035423445515334606, 0.0031637358479201794, 0.0033345725387334824, 0.00365207577124238, 0.0033314416650682688, 0.004071499221026897, 0.004292439203709364, 0.004377265926450491, 0.004119522869586945, 0.004267461132258177, 0.004286091774702072, 0.0044512259773910046, 0.004640907049179077, 0.004179707262665033, 0.003671331098303199, 0.003715059021487832]
Training time: 1552 	steps per sec: 19
Eval num_timesteps=30720, episode_reward=nan +/- nan
Eval num_timesteps=30720, episode_success=nan +/- nan
se
16 16384 1024
diff [0.009232044219970703, -0.002517424523830414, -0.0009072050452232361, -0.004832632839679718, -0.0077138906344771385, -0.003101769834756851, -0.00484547670930624, -0.005490242503583431, -0.00430623535066843, -0.00558678200468421, -0.004193393513560295, -0.004506480880081654, -0.0032826424576342106, -0.003434614511206746, -0.004469538573175669, -0.004019421059638262, -0.0036498159170150757, -0.0037044575437903404, -0.0033012235071510077, -0.0035251984372735023, -0.0027449135668575764, -0.002716503106057644, -0.003332007210701704, -0.003054262138903141, -0.0010155374184250832, -0.0013893386349081993, -0.0024932497180998325, -0.0026718690060079098, -0.003465330461040139, -0.003979845205321908, -0.003367932513356209]
ref [0.08136314153671265, 0.0439961776137352, 0.028506964445114136, 0.024084102362394333, 0.021907631307840347, 0.014133532531559467, 0.01409246027469635, 0.013235954567790031, 0.011122829280793667, 0.011474747210741043, 0.009477143175899982, 0.009120085276663303, 0.007824236527085304, 0.007238640449941158, 0.00801188312470913, 0.007183156907558441, 0.006984388455748558, 0.0073565333150327206, 0.006632665172219276, 0.0075966976583004, 0.00703735277056694, 0.007093769032508135, 0.007451530080288649, 0.007321723271161318, 0.005301629193127155, 0.005840564612299204, 0.00713415676727891, 0.006851576268672943, 0.007136661559343338, 0.00769490422680974, 0.0074906302616000175]
[0.09059518575668335, 0.041478753089904785, 0.0275997593998909, 0.019251469522714615, 0.014193740673363209, 0.011031762696802616, 0.00924698356539011, 0.0077457120642066, 0.0068165939301252365, 0.005887965206056833, 0.005283749662339687, 0.00461360439658165, 0.004541594069451094, 0.003804025938734412, 0.0035423445515334606, 0.0031637358479201794, 0.0033345725387334824, 0.00365207577124238, 0.0033314416650682688, 0.004071499221026897, 0.004292439203709364, 0.004377265926450491, 0.004119522869586945, 0.004267461132258177, 0.004286091774702072, 0.0044512259773910046, 0.004640907049179077, 0.004179707262665033, 0.003671331098303199, 0.003715059021487832, 0.004122697748243809]
Training time: 1613 	steps per sec: 19
Eval num_timesteps=31744, episode_reward=nan +/- nan
Eval num_timesteps=31744, episode_success=nan +/- nan
se
16 16384 1024
diff [0.009232044219970703, -0.002517424523830414, -0.0009072050452232361, -0.004832632839679718, -0.0077138906344771385, -0.003101769834756851, -0.00484547670930624, -0.005490242503583431, -0.00430623535066843, -0.00558678200468421, -0.004193393513560295, -0.004506480880081654, -0.0032826424576342106, -0.003434614511206746, -0.004469538573175669, -0.004019421059638262, -0.0036498159170150757, -0.0037044575437903404, -0.0033012235071510077, -0.0035251984372735023, -0.0027449135668575764, -0.002716503106057644, -0.003332007210701704, -0.003054262138903141, -0.0010155374184250832, -0.0013893386349081993, -0.0024932497180998325, -0.0026718690060079098, -0.003465330461040139, -0.003979845205321908, -0.003367932513356209, -0.0024953200481832027]
ref [0.08136314153671265, 0.0439961776137352, 0.028506964445114136, 0.024084102362394333, 0.021907631307840347, 0.014133532531559467, 0.01409246027469635, 0.013235954567790031, 0.011122829280793667, 0.011474747210741043, 0.009477143175899982, 0.009120085276663303, 0.007824236527085304, 0.007238640449941158, 0.00801188312470913, 0.007183156907558441, 0.006984388455748558, 0.0073565333150327206, 0.006632665172219276, 0.0075966976583004, 0.00703735277056694, 0.007093769032508135, 0.007451530080288649, 0.007321723271161318, 0.005301629193127155, 0.005840564612299204, 0.00713415676727891, 0.006851576268672943, 0.007136661559343338, 0.00769490422680974, 0.0074906302616000175, 0.006658574100583792]
[0.09059518575668335, 0.041478753089904785, 0.0275997593998909, 0.019251469522714615, 0.014193740673363209, 0.011031762696802616, 0.00924698356539011, 0.0077457120642066, 0.0068165939301252365, 0.005887965206056833, 0.005283749662339687, 0.00461360439658165, 0.004541594069451094, 0.003804025938734412, 0.0035423445515334606, 0.0031637358479201794, 0.0033345725387334824, 0.00365207577124238, 0.0033314416650682688, 0.004071499221026897, 0.004292439203709364, 0.004377265926450491, 0.004119522869586945, 0.004267461132258177, 0.004286091774702072, 0.0044512259773910046, 0.004640907049179077, 0.004179707262665033, 0.003671331098303199, 0.003715059021487832, 0.004122697748243809, 0.004163254052400589]
Training time: 1676 	steps per sec: 19
Eval num_timesteps=32768, episode_reward=nan +/- nan
Eval num_timesteps=32768, episode_success=nan +/- nan
results/Hopper-v4/
results/Hopper-v4/ppo_ros/
results/Hopper-v4/ppo_ros/expert/
results/Hopper-v4/ppo_ros/expert/b_16/
results/Hopper-v4/ppo_ros/expert/b_16/no_lambda/
results/Hopper-v4/ppo_ros/expert/b_16/no_lambda/run_3/
results/Hopper-v4/ppo_ros/expert/b_16/no_lambda/run_3/config.yml
results/Hopper-v4/ppo_ros/expert/b_16/no_lambda/run_3/stats.npz
results/Hopper-v4/ppo_ros/expert/b_16/no_lambda/run_3/evaluations.npz
