ppo_ros_continuous.py --env-id HalfCheetah-v4 -s expert/b_16/no_clip --total-timesteps 32768 --eval-freq 1 --eval-episodes 0 -b 16 --num-steps 1024 -lr 0 --update-epochs 0 --anneal-lr 0 --ros-num-steps 256 --ros-update-epochs 16 --ros-target-kl 0.05 --ros-clip-coef 999999999 --ros-lambda 0.1 -ros-lr 0.001 --ros-anneal-lr 0 --se 1 --se-freq 1 --se-lr 1e-3 --se-epochs 1000 --policy-path policies/HalfCheetah-v4/best_model.zip --normalization-dir policies/HalfCheetah-v4
Obtaining file:///var/lib/condor/execute/slot1/dir_394843/PPOROS/PPOROS/custom-envs
  Preparing metadata (setup.py): started
  Preparing metadata (setup.py): finished with status 'done'
Requirement already satisfied: gym in /var/lib/condor/execute/slot1/dir_394843/PPOROS/ppo-ros_env/lib/python3.9/site-packages (from custom-envs==0.0.1) (0.21.0)
Requirement already satisfied: numpy>=1.18.0 in /var/lib/condor/execute/slot1/dir_394843/PPOROS/ppo-ros_env/lib/python3.9/site-packages (from gym->custom-envs==0.0.1) (1.24.2)
Requirement already satisfied: cloudpickle>=1.2.0 in /var/lib/condor/execute/slot1/dir_394843/PPOROS/ppo-ros_env/lib/python3.9/site-packages (from gym->custom-envs==0.0.1) (2.2.1)
Installing collected packages: custom-envs
  Running setup.py develop for custom-envs
Successfully installed custom-envs-0.0.1
seed: 0
Eval num_timesteps=0, episode_reward=nan +/- nan
Eval num_timesteps=0, episode_success=nan +/- nan
se
1 1024 1024
diff [-0.07807615399360657]
ref [0.35053759813308716]
[0.2724614441394806]
Training time: 13 	steps per sec: 77
Eval num_timesteps=1024, episode_reward=nan +/- nan
Eval num_timesteps=1024, episode_success=nan +/- nan
se
2 2048 1024
diff [-0.07807615399360657, -0.01907189190387726]
ref [0.35053759813308716, 0.12104515731334686]
[0.2724614441394806, 0.1019732654094696]
Training time: 32 	steps per sec: 62
Eval num_timesteps=2048, episode_reward=nan +/- nan
Eval num_timesteps=2048, episode_success=nan +/- nan
se
3 3072 1024
diff [-0.07807615399360657, -0.01907189190387726, -0.01720287650823593]
ref [0.35053759813308716, 0.12104515731334686, 0.07980097085237503]
[0.2724614441394806, 0.1019732654094696, 0.0625980943441391]
Training time: 60 	steps per sec: 51
Eval num_timesteps=3072, episode_reward=nan +/- nan
Eval num_timesteps=3072, episode_success=nan +/- nan
se
4 4096 1024
diff [-0.07807615399360657, -0.01907189190387726, -0.01720287650823593, -0.021430321037769318]
ref [0.35053759813308716, 0.12104515731334686, 0.07980097085237503, 0.06550635397434235]
[0.2724614441394806, 0.1019732654094696, 0.0625980943441391, 0.04407603293657303]
Training time: 95 	steps per sec: 42
Eval num_timesteps=4096, episode_reward=nan +/- nan
Eval num_timesteps=4096, episode_success=nan +/- nan
se
5 5120 1024
diff [-0.07807615399360657, -0.01907189190387726, -0.01720287650823593, -0.021430321037769318, -0.015861842781305313]
ref [0.35053759813308716, 0.12104515731334686, 0.07980097085237503, 0.06550635397434235, 0.04985103756189346]
[0.2724614441394806, 0.1019732654094696, 0.0625980943441391, 0.04407603293657303, 0.03398919478058815]
Training time: 141 	steps per sec: 36
Eval num_timesteps=5120, episode_reward=nan +/- nan
Eval num_timesteps=5120, episode_success=nan +/- nan
se
6 6144 1024
diff [-0.07807615399360657, -0.01907189190387726, -0.01720287650823593, -0.021430321037769318, -0.015861842781305313, -0.009253280237317085]
ref [0.35053759813308716, 0.12104515731334686, 0.07980097085237503, 0.06550635397434235, 0.04985103756189346, 0.040170568972826004]
[0.2724614441394806, 0.1019732654094696, 0.0625980943441391, 0.04407603293657303, 0.03398919478058815, 0.03091728873550892]
Training time: 191 	steps per sec: 32
Eval num_timesteps=6144, episode_reward=nan +/- nan
Eval num_timesteps=6144, episode_success=nan +/- nan
se
7 7168 1024
diff [-0.07807615399360657, -0.01907189190387726, -0.01720287650823593, -0.021430321037769318, -0.015861842781305313, -0.009253280237317085, -0.004755210131406784]
ref [0.35053759813308716, 0.12104515731334686, 0.07980097085237503, 0.06550635397434235, 0.04985103756189346, 0.040170568972826004, 0.03257022053003311]
[0.2724614441394806, 0.1019732654094696, 0.0625980943441391, 0.04407603293657303, 0.03398919478058815, 0.03091728873550892, 0.027815010398626328]
Training time: 244 	steps per sec: 29
Eval num_timesteps=7168, episode_reward=nan +/- nan
Eval num_timesteps=7168, episode_success=nan +/- nan
se
8 8192 1024
diff [-0.07807615399360657, -0.01907189190387726, -0.01720287650823593, -0.021430321037769318, -0.015861842781305313, -0.009253280237317085, -0.004755210131406784, -0.007187085226178169]
ref [0.35053759813308716, 0.12104515731334686, 0.07980097085237503, 0.06550635397434235, 0.04985103756189346, 0.040170568972826004, 0.03257022053003311, 0.03228330239653587]
[0.2724614441394806, 0.1019732654094696, 0.0625980943441391, 0.04407603293657303, 0.03398919478058815, 0.03091728873550892, 0.027815010398626328, 0.025096217170357704]
Training time: 302 	steps per sec: 27
Eval num_timesteps=8192, episode_reward=nan +/- nan
Eval num_timesteps=8192, episode_success=nan +/- nan
se
9 9216 1024
diff [-0.07807615399360657, -0.01907189190387726, -0.01720287650823593, -0.021430321037769318, -0.015861842781305313, -0.009253280237317085, -0.004755210131406784, -0.007187085226178169, -0.006877804175019264]
ref [0.35053759813308716, 0.12104515731334686, 0.07980097085237503, 0.06550635397434235, 0.04985103756189346, 0.040170568972826004, 0.03257022053003311, 0.03228330239653587, 0.028850959613919258]
[0.2724614441394806, 0.1019732654094696, 0.0625980943441391, 0.04407603293657303, 0.03398919478058815, 0.03091728873550892, 0.027815010398626328, 0.025096217170357704, 0.021973155438899994]
Training time: 365 	steps per sec: 25
Eval num_timesteps=9216, episode_reward=nan +/- nan
Eval num_timesteps=9216, episode_success=nan +/- nan
se
10 10240 1024
diff [-0.07807615399360657, -0.01907189190387726, -0.01720287650823593, -0.021430321037769318, -0.015861842781305313, -0.009253280237317085, -0.004755210131406784, -0.007187085226178169, -0.006877804175019264, -0.002185450866818428]
ref [0.35053759813308716, 0.12104515731334686, 0.07980097085237503, 0.06550635397434235, 0.04985103756189346, 0.040170568972826004, 0.03257022053003311, 0.03228330239653587, 0.028850959613919258, 0.02262970432639122]
[0.2724614441394806, 0.1019732654094696, 0.0625980943441391, 0.04407603293657303, 0.03398919478058815, 0.03091728873550892, 0.027815010398626328, 0.025096217170357704, 0.021973155438899994, 0.020444253459572792]
Training time: 436 	steps per sec: 23
Eval num_timesteps=10240, episode_reward=nan +/- nan
Eval num_timesteps=10240, episode_success=nan +/- nan
se
11 11264 1024
diff [-0.07807615399360657, -0.01907189190387726, -0.01720287650823593, -0.021430321037769318, -0.015861842781305313, -0.009253280237317085, -0.004755210131406784, -0.007187085226178169, -0.006877804175019264, -0.002185450866818428, -0.0020130090415477753]
ref [0.35053759813308716, 0.12104515731334686, 0.07980097085237503, 0.06550635397434235, 0.04985103756189346, 0.040170568972826004, 0.03257022053003311, 0.03228330239653587, 0.028850959613919258, 0.02262970432639122, 0.020500285550951958]
[0.2724614441394806, 0.1019732654094696, 0.0625980943441391, 0.04407603293657303, 0.03398919478058815, 0.03091728873550892, 0.027815010398626328, 0.025096217170357704, 0.021973155438899994, 0.020444253459572792, 0.018487276509404182]
Training time: 515 	steps per sec: 21
Eval num_timesteps=11264, episode_reward=nan +/- nan
Eval num_timesteps=11264, episode_success=nan +/- nan
se
12 12288 1024
diff [-0.07807615399360657, -0.01907189190387726, -0.01720287650823593, -0.021430321037769318, -0.015861842781305313, -0.009253280237317085, -0.004755210131406784, -0.007187085226178169, -0.006877804175019264, -0.002185450866818428, -0.0020130090415477753, -0.006774155423045158]
ref [0.35053759813308716, 0.12104515731334686, 0.07980097085237503, 0.06550635397434235, 0.04985103756189346, 0.040170568972826004, 0.03257022053003311, 0.03228330239653587, 0.028850959613919258, 0.02262970432639122, 0.020500285550951958, 0.02274782769382]
[0.2724614441394806, 0.1019732654094696, 0.0625980943441391, 0.04407603293657303, 0.03398919478058815, 0.03091728873550892, 0.027815010398626328, 0.025096217170357704, 0.021973155438899994, 0.020444253459572792, 0.018487276509404182, 0.01597367227077484]
Training time: 609 	steps per sec: 20
Eval num_timesteps=12288, episode_reward=nan +/- nan
Eval num_timesteps=12288, episode_success=nan +/- nan
se
13 13312 1024
diff [-0.07807615399360657, -0.01907189190387726, -0.01720287650823593, -0.021430321037769318, -0.015861842781305313, -0.009253280237317085, -0.004755210131406784, -0.007187085226178169, -0.006877804175019264, -0.002185450866818428, -0.0020130090415477753, -0.006774155423045158, -0.005691599100828171]
ref [0.35053759813308716, 0.12104515731334686, 0.07980097085237503, 0.06550635397434235, 0.04985103756189346, 0.040170568972826004, 0.03257022053003311, 0.03228330239653587, 0.028850959613919258, 0.02262970432639122, 0.020500285550951958, 0.02274782769382, 0.018879037350416183]
[0.2724614441394806, 0.1019732654094696, 0.0625980943441391, 0.04407603293657303, 0.03398919478058815, 0.03091728873550892, 0.027815010398626328, 0.025096217170357704, 0.021973155438899994, 0.020444253459572792, 0.018487276509404182, 0.01597367227077484, 0.013187438249588013]
Training time: 707 	steps per sec: 18
Eval num_timesteps=13312, episode_reward=nan +/- nan
Eval num_timesteps=13312, episode_success=nan +/- nan
se
14 14336 1024
diff [-0.07807615399360657, -0.01907189190387726, -0.01720287650823593, -0.021430321037769318, -0.015861842781305313, -0.009253280237317085, -0.004755210131406784, -0.007187085226178169, -0.006877804175019264, -0.002185450866818428, -0.0020130090415477753, -0.006774155423045158, -0.005691599100828171, -0.009326436556875706]
ref [0.35053759813308716, 0.12104515731334686, 0.07980097085237503, 0.06550635397434235, 0.04985103756189346, 0.040170568972826004, 0.03257022053003311, 0.03228330239653587, 0.028850959613919258, 0.02262970432639122, 0.020500285550951958, 0.02274782769382, 0.018879037350416183, 0.021899119019508362]
[0.2724614441394806, 0.1019732654094696, 0.0625980943441391, 0.04407603293657303, 0.03398919478058815, 0.03091728873550892, 0.027815010398626328, 0.025096217170357704, 0.021973155438899994, 0.020444253459572792, 0.018487276509404182, 0.01597367227077484, 0.013187438249588013, 0.012572682462632656]
Training time: 814 	steps per sec: 17
Eval num_timesteps=14336, episode_reward=nan +/- nan
Eval num_timesteps=14336, episode_success=nan +/- nan
se
15 15360 1024
diff [-0.07807615399360657, -0.01907189190387726, -0.01720287650823593, -0.021430321037769318, -0.015861842781305313, -0.009253280237317085, -0.004755210131406784, -0.007187085226178169, -0.006877804175019264, -0.002185450866818428, -0.0020130090415477753, -0.006774155423045158, -0.005691599100828171, -0.009326436556875706, -0.004421906545758247]
ref [0.35053759813308716, 0.12104515731334686, 0.07980097085237503, 0.06550635397434235, 0.04985103756189346, 0.040170568972826004, 0.03257022053003311, 0.03228330239653587, 0.028850959613919258, 0.02262970432639122, 0.020500285550951958, 0.02274782769382, 0.018879037350416183, 0.021899119019508362, 0.016361063346266747]
[0.2724614441394806, 0.1019732654094696, 0.0625980943441391, 0.04407603293657303, 0.03398919478058815, 0.03091728873550892, 0.027815010398626328, 0.025096217170357704, 0.021973155438899994, 0.020444253459572792, 0.018487276509404182, 0.01597367227077484, 0.013187438249588013, 0.012572682462632656, 0.0119391568005085]
Training time: 929 	steps per sec: 16
Eval num_timesteps=15360, episode_reward=nan +/- nan
Eval num_timesteps=15360, episode_success=nan +/- nan
se
16 16384 1024
diff [-0.07807615399360657, -0.01907189190387726, -0.01720287650823593, -0.021430321037769318, -0.015861842781305313, -0.009253280237317085, -0.004755210131406784, -0.007187085226178169, -0.006877804175019264, -0.002185450866818428, -0.0020130090415477753, -0.006774155423045158, -0.005691599100828171, -0.009326436556875706, -0.004421906545758247, -0.004197754897177219]
ref [0.35053759813308716, 0.12104515731334686, 0.07980097085237503, 0.06550635397434235, 0.04985103756189346, 0.040170568972826004, 0.03257022053003311, 0.03228330239653587, 0.028850959613919258, 0.02262970432639122, 0.020500285550951958, 0.02274782769382, 0.018879037350416183, 0.021899119019508362, 0.016361063346266747, 0.015937741845846176]
[0.2724614441394806, 0.1019732654094696, 0.0625980943441391, 0.04407603293657303, 0.03398919478058815, 0.03091728873550892, 0.027815010398626328, 0.025096217170357704, 0.021973155438899994, 0.020444253459572792, 0.018487276509404182, 0.01597367227077484, 0.013187438249588013, 0.012572682462632656, 0.0119391568005085, 0.011739986948668957]
Training time: 1045 	steps per sec: 15
Eval num_timesteps=16384, episode_reward=nan +/- nan
Eval num_timesteps=16384, episode_success=nan +/- nan
se
16 16384 1024
diff [-0.07807615399360657, -0.01907189190387726, -0.01720287650823593, -0.021430321037769318, -0.015861842781305313, -0.009253280237317085, -0.004755210131406784, -0.007187085226178169, -0.006877804175019264, -0.002185450866818428, -0.0020130090415477753, -0.006774155423045158, -0.005691599100828171, -0.009326436556875706, -0.004421906545758247, -0.004197754897177219, -0.004572410136461258]
ref [0.35053759813308716, 0.12104515731334686, 0.07980097085237503, 0.06550635397434235, 0.04985103756189346, 0.040170568972826004, 0.03257022053003311, 0.03228330239653587, 0.028850959613919258, 0.02262970432639122, 0.020500285550951958, 0.02274782769382, 0.018879037350416183, 0.021899119019508362, 0.016361063346266747, 0.015937741845846176, 0.015478704124689102]
[0.2724614441394806, 0.1019732654094696, 0.0625980943441391, 0.04407603293657303, 0.03398919478058815, 0.03091728873550892, 0.027815010398626328, 0.025096217170357704, 0.021973155438899994, 0.020444253459572792, 0.018487276509404182, 0.01597367227077484, 0.013187438249588013, 0.012572682462632656, 0.0119391568005085, 0.011739986948668957, 0.010906293988227844]
Training time: 1152 	steps per sec: 15
Eval num_timesteps=17408, episode_reward=nan +/- nan
Eval num_timesteps=17408, episode_success=nan +/- nan
se
16 16384 1024
diff [-0.07807615399360657, -0.01907189190387726, -0.01720287650823593, -0.021430321037769318, -0.015861842781305313, -0.009253280237317085, -0.004755210131406784, -0.007187085226178169, -0.006877804175019264, -0.002185450866818428, -0.0020130090415477753, -0.006774155423045158, -0.005691599100828171, -0.009326436556875706, -0.004421906545758247, -0.004197754897177219, -0.004572410136461258, -0.004523738287389278]
ref [0.35053759813308716, 0.12104515731334686, 0.07980097085237503, 0.06550635397434235, 0.04985103756189346, 0.040170568972826004, 0.03257022053003311, 0.03228330239653587, 0.028850959613919258, 0.02262970432639122, 0.020500285550951958, 0.02274782769382, 0.018879037350416183, 0.021899119019508362, 0.016361063346266747, 0.015937741845846176, 0.015478704124689102, 0.015116437338292599]
[0.2724614441394806, 0.1019732654094696, 0.0625980943441391, 0.04407603293657303, 0.03398919478058815, 0.03091728873550892, 0.027815010398626328, 0.025096217170357704, 0.021973155438899994, 0.020444253459572792, 0.018487276509404182, 0.01597367227077484, 0.013187438249588013, 0.012572682462632656, 0.0119391568005085, 0.011739986948668957, 0.010906293988227844, 0.01059269905090332]
Training time: 1257 	steps per sec: 14
Eval num_timesteps=18432, episode_reward=nan +/- nan
Eval num_timesteps=18432, episode_success=nan +/- nan
se
16 16384 1024
diff [-0.07807615399360657, -0.01907189190387726, -0.01720287650823593, -0.021430321037769318, -0.015861842781305313, -0.009253280237317085, -0.004755210131406784, -0.007187085226178169, -0.006877804175019264, -0.002185450866818428, -0.0020130090415477753, -0.006774155423045158, -0.005691599100828171, -0.009326436556875706, -0.004421906545758247, -0.004197754897177219, -0.004572410136461258, -0.004523738287389278, -0.004476008005440235]
ref [0.35053759813308716, 0.12104515731334686, 0.07980097085237503, 0.06550635397434235, 0.04985103756189346, 0.040170568972826004, 0.03257022053003311, 0.03228330239653587, 0.028850959613919258, 0.02262970432639122, 0.020500285550951958, 0.02274782769382, 0.018879037350416183, 0.021899119019508362, 0.016361063346266747, 0.015937741845846176, 0.015478704124689102, 0.015116437338292599, 0.01523672230541706]
[0.2724614441394806, 0.1019732654094696, 0.0625980943441391, 0.04407603293657303, 0.03398919478058815, 0.03091728873550892, 0.027815010398626328, 0.025096217170357704, 0.021973155438899994, 0.020444253459572792, 0.018487276509404182, 0.01597367227077484, 0.013187438249588013, 0.012572682462632656, 0.0119391568005085, 0.011739986948668957, 0.010906293988227844, 0.01059269905090332, 0.010760714299976826]
Training time: 1368 	steps per sec: 14
Eval num_timesteps=19456, episode_reward=nan +/- nan
Eval num_timesteps=19456, episode_success=nan +/- nan
se
16 16384 1024
diff [-0.07807615399360657, -0.01907189190387726, -0.01720287650823593, -0.021430321037769318, -0.015861842781305313, -0.009253280237317085, -0.004755210131406784, -0.007187085226178169, -0.006877804175019264, -0.002185450866818428, -0.0020130090415477753, -0.006774155423045158, -0.005691599100828171, -0.009326436556875706, -0.004421906545758247, -0.004197754897177219, -0.004572410136461258, -0.004523738287389278, -0.004476008005440235, -0.006082290783524513]
ref [0.35053759813308716, 0.12104515731334686, 0.07980097085237503, 0.06550635397434235, 0.04985103756189346, 0.040170568972826004, 0.03257022053003311, 0.03228330239653587, 0.028850959613919258, 0.02262970432639122, 0.020500285550951958, 0.02274782769382, 0.018879037350416183, 0.021899119019508362, 0.016361063346266747, 0.015937741845846176, 0.015478704124689102, 0.015116437338292599, 0.01523672230541706, 0.01719864457845688]
[0.2724614441394806, 0.1019732654094696, 0.0625980943441391, 0.04407603293657303, 0.03398919478058815, 0.03091728873550892, 0.027815010398626328, 0.025096217170357704, 0.021973155438899994, 0.020444253459572792, 0.018487276509404182, 0.01597367227077484, 0.013187438249588013, 0.012572682462632656, 0.0119391568005085, 0.011739986948668957, 0.010906293988227844, 0.01059269905090332, 0.010760714299976826, 0.011116353794932365]
Training time: 1482 	steps per sec: 13
Eval num_timesteps=20480, episode_reward=nan +/- nan
Eval num_timesteps=20480, episode_success=nan +/- nan
se
16 16384 1024
diff [-0.07807615399360657, -0.01907189190387726, -0.01720287650823593, -0.021430321037769318, -0.015861842781305313, -0.009253280237317085, -0.004755210131406784, -0.007187085226178169, -0.006877804175019264, -0.002185450866818428, -0.0020130090415477753, -0.006774155423045158, -0.005691599100828171, -0.009326436556875706, -0.004421906545758247, -0.004197754897177219, -0.004572410136461258, -0.004523738287389278, -0.004476008005440235, -0.006082290783524513, -0.00666891410946846]
ref [0.35053759813308716, 0.12104515731334686, 0.07980097085237503, 0.06550635397434235, 0.04985103756189346, 0.040170568972826004, 0.03257022053003311, 0.03228330239653587, 0.028850959613919258, 0.02262970432639122, 0.020500285550951958, 0.02274782769382, 0.018879037350416183, 0.021899119019508362, 0.016361063346266747, 0.015937741845846176, 0.015478704124689102, 0.015116437338292599, 0.01523672230541706, 0.01719864457845688, 0.018438423052430153]
[0.2724614441394806, 0.1019732654094696, 0.0625980943441391, 0.04407603293657303, 0.03398919478058815, 0.03091728873550892, 0.027815010398626328, 0.025096217170357704, 0.021973155438899994, 0.020444253459572792, 0.018487276509404182, 0.01597367227077484, 0.013187438249588013, 0.012572682462632656, 0.0119391568005085, 0.011739986948668957, 0.010906293988227844, 0.01059269905090332, 0.010760714299976826, 0.011116353794932365, 0.011769508942961693]
Training time: 1597 	steps per sec: 13
Eval num_timesteps=21504, episode_reward=nan +/- nan
Eval num_timesteps=21504, episode_success=nan +/- nan
se
16 16384 1024
diff [-0.07807615399360657, -0.01907189190387726, -0.01720287650823593, -0.021430321037769318, -0.015861842781305313, -0.009253280237317085, -0.004755210131406784, -0.007187085226178169, -0.006877804175019264, -0.002185450866818428, -0.0020130090415477753, -0.006774155423045158, -0.005691599100828171, -0.009326436556875706, -0.004421906545758247, -0.004197754897177219, -0.004572410136461258, -0.004523738287389278, -0.004476008005440235, -0.006082290783524513, -0.00666891410946846, -0.0022197458893060684]
ref [0.35053759813308716, 0.12104515731334686, 0.07980097085237503, 0.06550635397434235, 0.04985103756189346, 0.040170568972826004, 0.03257022053003311, 0.03228330239653587, 0.028850959613919258, 0.02262970432639122, 0.020500285550951958, 0.02274782769382, 0.018879037350416183, 0.021899119019508362, 0.016361063346266747, 0.015937741845846176, 0.015478704124689102, 0.015116437338292599, 0.01523672230541706, 0.01719864457845688, 0.018438423052430153, 0.013992547988891602]
[0.2724614441394806, 0.1019732654094696, 0.0625980943441391, 0.04407603293657303, 0.03398919478058815, 0.03091728873550892, 0.027815010398626328, 0.025096217170357704, 0.021973155438899994, 0.020444253459572792, 0.018487276509404182, 0.01597367227077484, 0.013187438249588013, 0.012572682462632656, 0.0119391568005085, 0.011739986948668957, 0.010906293988227844, 0.01059269905090332, 0.010760714299976826, 0.011116353794932365, 0.011769508942961693, 0.011772802099585533]
Training time: 1721 	steps per sec: 13
Eval num_timesteps=22528, episode_reward=nan +/- nan
Eval num_timesteps=22528, episode_success=nan +/- nan
se
16 16384 1024
diff [-0.07807615399360657, -0.01907189190387726, -0.01720287650823593, -0.021430321037769318, -0.015861842781305313, -0.009253280237317085, -0.004755210131406784, -0.007187085226178169, -0.006877804175019264, -0.002185450866818428, -0.0020130090415477753, -0.006774155423045158, -0.005691599100828171, -0.009326436556875706, -0.004421906545758247, -0.004197754897177219, -0.004572410136461258, -0.004523738287389278, -0.004476008005440235, -0.006082290783524513, -0.00666891410946846, -0.0022197458893060684, -0.0024855295196175575]
ref [0.35053759813308716, 0.12104515731334686, 0.07980097085237503, 0.06550635397434235, 0.04985103756189346, 0.040170568972826004, 0.03257022053003311, 0.03228330239653587, 0.028850959613919258, 0.02262970432639122, 0.020500285550951958, 0.02274782769382, 0.018879037350416183, 0.021899119019508362, 0.016361063346266747, 0.015937741845846176, 0.015478704124689102, 0.015116437338292599, 0.01523672230541706, 0.01719864457845688, 0.018438423052430153, 0.013992547988891602, 0.0150674507021904]
[0.2724614441394806, 0.1019732654094696, 0.0625980943441391, 0.04407603293657303, 0.03398919478058815, 0.03091728873550892, 0.027815010398626328, 0.025096217170357704, 0.021973155438899994, 0.020444253459572792, 0.018487276509404182, 0.01597367227077484, 0.013187438249588013, 0.012572682462632656, 0.0119391568005085, 0.011739986948668957, 0.010906293988227844, 0.01059269905090332, 0.010760714299976826, 0.011116353794932365, 0.011769508942961693, 0.011772802099585533, 0.012581921182572842]
Training time: 1893 	steps per sec: 12
Eval num_timesteps=23552, episode_reward=nan +/- nan
Eval num_timesteps=23552, episode_success=nan +/- nan
se
16 16384 1024
diff [-0.07807615399360657, -0.01907189190387726, -0.01720287650823593, -0.021430321037769318, -0.015861842781305313, -0.009253280237317085, -0.004755210131406784, -0.007187085226178169, -0.006877804175019264, -0.002185450866818428, -0.0020130090415477753, -0.006774155423045158, -0.005691599100828171, -0.009326436556875706, -0.004421906545758247, -0.004197754897177219, -0.004572410136461258, -0.004523738287389278, -0.004476008005440235, -0.006082290783524513, -0.00666891410946846, -0.0022197458893060684, -0.0024855295196175575, -0.00408363901078701]
ref [0.35053759813308716, 0.12104515731334686, 0.07980097085237503, 0.06550635397434235, 0.04985103756189346, 0.040170568972826004, 0.03257022053003311, 0.03228330239653587, 0.028850959613919258, 0.02262970432639122, 0.020500285550951958, 0.02274782769382, 0.018879037350416183, 0.021899119019508362, 0.016361063346266747, 0.015937741845846176, 0.015478704124689102, 0.015116437338292599, 0.01523672230541706, 0.01719864457845688, 0.018438423052430153, 0.013992547988891602, 0.0150674507021904, 0.017160113900899887]
[0.2724614441394806, 0.1019732654094696, 0.0625980943441391, 0.04407603293657303, 0.03398919478058815, 0.03091728873550892, 0.027815010398626328, 0.025096217170357704, 0.021973155438899994, 0.020444253459572792, 0.018487276509404182, 0.01597367227077484, 0.013187438249588013, 0.012572682462632656, 0.0119391568005085, 0.011739986948668957, 0.010906293988227844, 0.01059269905090332, 0.010760714299976826, 0.011116353794932365, 0.011769508942961693, 0.011772802099585533, 0.012581921182572842, 0.013076474890112877]
Training time: 2060 	steps per sec: 11
Eval num_timesteps=24576, episode_reward=nan +/- nan
Eval num_timesteps=24576, episode_success=nan +/- nan
se
16 16384 1024
diff [-0.07807615399360657, -0.01907189190387726, -0.01720287650823593, -0.021430321037769318, -0.015861842781305313, -0.009253280237317085, -0.004755210131406784, -0.007187085226178169, -0.006877804175019264, -0.002185450866818428, -0.0020130090415477753, -0.006774155423045158, -0.005691599100828171, -0.009326436556875706, -0.004421906545758247, -0.004197754897177219, -0.004572410136461258, -0.004523738287389278, -0.004476008005440235, -0.006082290783524513, -0.00666891410946846, -0.0022197458893060684, -0.0024855295196175575, -0.00408363901078701, -0.0035866480320692062]
ref [0.35053759813308716, 0.12104515731334686, 0.07980097085237503, 0.06550635397434235, 0.04985103756189346, 0.040170568972826004, 0.03257022053003311, 0.03228330239653587, 0.028850959613919258, 0.02262970432639122, 0.020500285550951958, 0.02274782769382, 0.018879037350416183, 0.021899119019508362, 0.016361063346266747, 0.015937741845846176, 0.015478704124689102, 0.015116437338292599, 0.01523672230541706, 0.01719864457845688, 0.018438423052430153, 0.013992547988891602, 0.0150674507021904, 0.017160113900899887, 0.016375061124563217]
[0.2724614441394806, 0.1019732654094696, 0.0625980943441391, 0.04407603293657303, 0.03398919478058815, 0.03091728873550892, 0.027815010398626328, 0.025096217170357704, 0.021973155438899994, 0.020444253459572792, 0.018487276509404182, 0.01597367227077484, 0.013187438249588013, 0.012572682462632656, 0.0119391568005085, 0.011739986948668957, 0.010906293988227844, 0.01059269905090332, 0.010760714299976826, 0.011116353794932365, 0.011769508942961693, 0.011772802099585533, 0.012581921182572842, 0.013076474890112877, 0.012788413092494011]
Training time: 2261 	steps per sec: 11
Eval num_timesteps=25600, episode_reward=nan +/- nan
Eval num_timesteps=25600, episode_success=nan +/- nan
se
16 16384 1024
diff [-0.07807615399360657, -0.01907189190387726, -0.01720287650823593, -0.021430321037769318, -0.015861842781305313, -0.009253280237317085, -0.004755210131406784, -0.007187085226178169, -0.006877804175019264, -0.002185450866818428, -0.0020130090415477753, -0.006774155423045158, -0.005691599100828171, -0.009326436556875706, -0.004421906545758247, -0.004197754897177219, -0.004572410136461258, -0.004523738287389278, -0.004476008005440235, -0.006082290783524513, -0.00666891410946846, -0.0022197458893060684, -0.0024855295196175575, -0.00408363901078701, -0.0035866480320692062, 0.0002471059560775757]
ref [0.35053759813308716, 0.12104515731334686, 0.07980097085237503, 0.06550635397434235, 0.04985103756189346, 0.040170568972826004, 0.03257022053003311, 0.03228330239653587, 0.028850959613919258, 0.02262970432639122, 0.020500285550951958, 0.02274782769382, 0.018879037350416183, 0.021899119019508362, 0.016361063346266747, 0.015937741845846176, 0.015478704124689102, 0.015116437338292599, 0.01523672230541706, 0.01719864457845688, 0.018438423052430153, 0.013992547988891602, 0.0150674507021904, 0.017160113900899887, 0.016375061124563217, 0.013234533369541168]
[0.2724614441394806, 0.1019732654094696, 0.0625980943441391, 0.04407603293657303, 0.03398919478058815, 0.03091728873550892, 0.027815010398626328, 0.025096217170357704, 0.021973155438899994, 0.020444253459572792, 0.018487276509404182, 0.01597367227077484, 0.013187438249588013, 0.012572682462632656, 0.0119391568005085, 0.011739986948668957, 0.010906293988227844, 0.01059269905090332, 0.010760714299976826, 0.011116353794932365, 0.011769508942961693, 0.011772802099585533, 0.012581921182572842, 0.013076474890112877, 0.012788413092494011, 0.013481639325618744]
Training time: 2428 	steps per sec: 10
Eval num_timesteps=26624, episode_reward=nan +/- nan
Eval num_timesteps=26624, episode_success=nan +/- nan
se
16 16384 1024
diff [-0.07807615399360657, -0.01907189190387726, -0.01720287650823593, -0.021430321037769318, -0.015861842781305313, -0.009253280237317085, -0.004755210131406784, -0.007187085226178169, -0.006877804175019264, -0.002185450866818428, -0.0020130090415477753, -0.006774155423045158, -0.005691599100828171, -0.009326436556875706, -0.004421906545758247, -0.004197754897177219, -0.004572410136461258, -0.004523738287389278, -0.004476008005440235, -0.006082290783524513, -0.00666891410946846, -0.0022197458893060684, -0.0024855295196175575, -0.00408363901078701, -0.0035866480320692062, 0.0002471059560775757, -0.002841707319021225]
ref [0.35053759813308716, 0.12104515731334686, 0.07980097085237503, 0.06550635397434235, 0.04985103756189346, 0.040170568972826004, 0.03257022053003311, 0.03228330239653587, 0.028850959613919258, 0.02262970432639122, 0.020500285550951958, 0.02274782769382, 0.018879037350416183, 0.021899119019508362, 0.016361063346266747, 0.015937741845846176, 0.015478704124689102, 0.015116437338292599, 0.01523672230541706, 0.01719864457845688, 0.018438423052430153, 0.013992547988891602, 0.0150674507021904, 0.017160113900899887, 0.016375061124563217, 0.013234533369541168, 0.016188811510801315]
[0.2724614441394806, 0.1019732654094696, 0.0625980943441391, 0.04407603293657303, 0.03398919478058815, 0.03091728873550892, 0.027815010398626328, 0.025096217170357704, 0.021973155438899994, 0.020444253459572792, 0.018487276509404182, 0.01597367227077484, 0.013187438249588013, 0.012572682462632656, 0.0119391568005085, 0.011739986948668957, 0.010906293988227844, 0.01059269905090332, 0.010760714299976826, 0.011116353794932365, 0.011769508942961693, 0.011772802099585533, 0.012581921182572842, 0.013076474890112877, 0.012788413092494011, 0.013481639325618744, 0.01334710419178009]
Training time: 2568 	steps per sec: 10
Eval num_timesteps=27648, episode_reward=nan +/- nan
Eval num_timesteps=27648, episode_success=nan +/- nan
se
16 16384 1024
diff [-0.07807615399360657, -0.01907189190387726, -0.01720287650823593, -0.021430321037769318, -0.015861842781305313, -0.009253280237317085, -0.004755210131406784, -0.007187085226178169, -0.006877804175019264, -0.002185450866818428, -0.0020130090415477753, -0.006774155423045158, -0.005691599100828171, -0.009326436556875706, -0.004421906545758247, -0.004197754897177219, -0.004572410136461258, -0.004523738287389278, -0.004476008005440235, -0.006082290783524513, -0.00666891410946846, -0.0022197458893060684, -0.0024855295196175575, -0.00408363901078701, -0.0035866480320692062, 0.0002471059560775757, -0.002841707319021225, -0.0030130473896861076]
ref [0.35053759813308716, 0.12104515731334686, 0.07980097085237503, 0.06550635397434235, 0.04985103756189346, 0.040170568972826004, 0.03257022053003311, 0.03228330239653587, 0.028850959613919258, 0.02262970432639122, 0.020500285550951958, 0.02274782769382, 0.018879037350416183, 0.021899119019508362, 0.016361063346266747, 0.015937741845846176, 0.015478704124689102, 0.015116437338292599, 0.01523672230541706, 0.01719864457845688, 0.018438423052430153, 0.013992547988891602, 0.0150674507021904, 0.017160113900899887, 0.016375061124563217, 0.013234533369541168, 0.016188811510801315, 0.01677202247083187]
[0.2724614441394806, 0.1019732654094696, 0.0625980943441391, 0.04407603293657303, 0.03398919478058815, 0.03091728873550892, 0.027815010398626328, 0.025096217170357704, 0.021973155438899994, 0.020444253459572792, 0.018487276509404182, 0.01597367227077484, 0.013187438249588013, 0.012572682462632656, 0.0119391568005085, 0.011739986948668957, 0.010906293988227844, 0.01059269905090332, 0.010760714299976826, 0.011116353794932365, 0.011769508942961693, 0.011772802099585533, 0.012581921182572842, 0.013076474890112877, 0.012788413092494011, 0.013481639325618744, 0.01334710419178009, 0.013758975081145763]
Training time: 2711 	steps per sec: 10
Eval num_timesteps=28672, episode_reward=nan +/- nan
Eval num_timesteps=28672, episode_success=nan +/- nan
se
16 16384 1024
diff [-0.07807615399360657, -0.01907189190387726, -0.01720287650823593, -0.021430321037769318, -0.015861842781305313, -0.009253280237317085, -0.004755210131406784, -0.007187085226178169, -0.006877804175019264, -0.002185450866818428, -0.0020130090415477753, -0.006774155423045158, -0.005691599100828171, -0.009326436556875706, -0.004421906545758247, -0.004197754897177219, -0.004572410136461258, -0.004523738287389278, -0.004476008005440235, -0.006082290783524513, -0.00666891410946846, -0.0022197458893060684, -0.0024855295196175575, -0.00408363901078701, -0.0035866480320692062, 0.0002471059560775757, -0.002841707319021225, -0.0030130473896861076, -0.0029518064111471176]
ref [0.35053759813308716, 0.12104515731334686, 0.07980097085237503, 0.06550635397434235, 0.04985103756189346, 0.040170568972826004, 0.03257022053003311, 0.03228330239653587, 0.028850959613919258, 0.02262970432639122, 0.020500285550951958, 0.02274782769382, 0.018879037350416183, 0.021899119019508362, 0.016361063346266747, 0.015937741845846176, 0.015478704124689102, 0.015116437338292599, 0.01523672230541706, 0.01719864457845688, 0.018438423052430153, 0.013992547988891602, 0.0150674507021904, 0.017160113900899887, 0.016375061124563217, 0.013234533369541168, 0.016188811510801315, 0.01677202247083187, 0.015946894884109497]
[0.2724614441394806, 0.1019732654094696, 0.0625980943441391, 0.04407603293657303, 0.03398919478058815, 0.03091728873550892, 0.027815010398626328, 0.025096217170357704, 0.021973155438899994, 0.020444253459572792, 0.018487276509404182, 0.01597367227077484, 0.013187438249588013, 0.012572682462632656, 0.0119391568005085, 0.011739986948668957, 0.010906293988227844, 0.01059269905090332, 0.010760714299976826, 0.011116353794932365, 0.011769508942961693, 0.011772802099585533, 0.012581921182572842, 0.013076474890112877, 0.012788413092494011, 0.013481639325618744, 0.01334710419178009, 0.013758975081145763, 0.01299508847296238]
Training time: 2841 	steps per sec: 10
Eval num_timesteps=29696, episode_reward=nan +/- nan
Eval num_timesteps=29696, episode_success=nan +/- nan
se
16 16384 1024
diff [-0.07807615399360657, -0.01907189190387726, -0.01720287650823593, -0.021430321037769318, -0.015861842781305313, -0.009253280237317085, -0.004755210131406784, -0.007187085226178169, -0.006877804175019264, -0.002185450866818428, -0.0020130090415477753, -0.006774155423045158, -0.005691599100828171, -0.009326436556875706, -0.004421906545758247, -0.004197754897177219, -0.004572410136461258, -0.004523738287389278, -0.004476008005440235, -0.006082290783524513, -0.00666891410946846, -0.0022197458893060684, -0.0024855295196175575, -0.00408363901078701, -0.0035866480320692062, 0.0002471059560775757, -0.002841707319021225, -0.0030130473896861076, -0.0029518064111471176, -0.003993312828242779]
ref [0.35053759813308716, 0.12104515731334686, 0.07980097085237503, 0.06550635397434235, 0.04985103756189346, 0.040170568972826004, 0.03257022053003311, 0.03228330239653587, 0.028850959613919258, 0.02262970432639122, 0.020500285550951958, 0.02274782769382, 0.018879037350416183, 0.021899119019508362, 0.016361063346266747, 0.015937741845846176, 0.015478704124689102, 0.015116437338292599, 0.01523672230541706, 0.01719864457845688, 0.018438423052430153, 0.013992547988891602, 0.0150674507021904, 0.017160113900899887, 0.016375061124563217, 0.013234533369541168, 0.016188811510801315, 0.01677202247083187, 0.015946894884109497, 0.01640585996210575]
[0.2724614441394806, 0.1019732654094696, 0.0625980943441391, 0.04407603293657303, 0.03398919478058815, 0.03091728873550892, 0.027815010398626328, 0.025096217170357704, 0.021973155438899994, 0.020444253459572792, 0.018487276509404182, 0.01597367227077484, 0.013187438249588013, 0.012572682462632656, 0.0119391568005085, 0.011739986948668957, 0.010906293988227844, 0.01059269905090332, 0.010760714299976826, 0.011116353794932365, 0.011769508942961693, 0.011772802099585533, 0.012581921182572842, 0.013076474890112877, 0.012788413092494011, 0.013481639325618744, 0.01334710419178009, 0.013758975081145763, 0.01299508847296238, 0.012412547133862972]
Training time: 2982 	steps per sec: 10
Eval num_timesteps=30720, episode_reward=nan +/- nan
Eval num_timesteps=30720, episode_success=nan +/- nan
se
16 16384 1024
diff [-0.07807615399360657, -0.01907189190387726, -0.01720287650823593, -0.021430321037769318, -0.015861842781305313, -0.009253280237317085, -0.004755210131406784, -0.007187085226178169, -0.006877804175019264, -0.002185450866818428, -0.0020130090415477753, -0.006774155423045158, -0.005691599100828171, -0.009326436556875706, -0.004421906545758247, -0.004197754897177219, -0.004572410136461258, -0.004523738287389278, -0.004476008005440235, -0.006082290783524513, -0.00666891410946846, -0.0022197458893060684, -0.0024855295196175575, -0.00408363901078701, -0.0035866480320692062, 0.0002471059560775757, -0.002841707319021225, -0.0030130473896861076, -0.0029518064111471176, -0.003993312828242779, -0.0028738100081682205]
ref [0.35053759813308716, 0.12104515731334686, 0.07980097085237503, 0.06550635397434235, 0.04985103756189346, 0.040170568972826004, 0.03257022053003311, 0.03228330239653587, 0.028850959613919258, 0.02262970432639122, 0.020500285550951958, 0.02274782769382, 0.018879037350416183, 0.021899119019508362, 0.016361063346266747, 0.015937741845846176, 0.015478704124689102, 0.015116437338292599, 0.01523672230541706, 0.01719864457845688, 0.018438423052430153, 0.013992547988891602, 0.0150674507021904, 0.017160113900899887, 0.016375061124563217, 0.013234533369541168, 0.016188811510801315, 0.01677202247083187, 0.015946894884109497, 0.01640585996210575, 0.016117705032229424]
[0.2724614441394806, 0.1019732654094696, 0.0625980943441391, 0.04407603293657303, 0.03398919478058815, 0.03091728873550892, 0.027815010398626328, 0.025096217170357704, 0.021973155438899994, 0.020444253459572792, 0.018487276509404182, 0.01597367227077484, 0.013187438249588013, 0.012572682462632656, 0.0119391568005085, 0.011739986948668957, 0.010906293988227844, 0.01059269905090332, 0.010760714299976826, 0.011116353794932365, 0.011769508942961693, 0.011772802099585533, 0.012581921182572842, 0.013076474890112877, 0.012788413092494011, 0.013481639325618744, 0.01334710419178009, 0.013758975081145763, 0.01299508847296238, 0.012412547133862972, 0.013243895024061203]
Training time: 3123 	steps per sec: 10
Eval num_timesteps=31744, episode_reward=nan +/- nan
Eval num_timesteps=31744, episode_success=nan +/- nan
se
16 16384 1024
diff [-0.07807615399360657, -0.01907189190387726, -0.01720287650823593, -0.021430321037769318, -0.015861842781305313, -0.009253280237317085, -0.004755210131406784, -0.007187085226178169, -0.006877804175019264, -0.002185450866818428, -0.0020130090415477753, -0.006774155423045158, -0.005691599100828171, -0.009326436556875706, -0.004421906545758247, -0.004197754897177219, -0.004572410136461258, -0.004523738287389278, -0.004476008005440235, -0.006082290783524513, -0.00666891410946846, -0.0022197458893060684, -0.0024855295196175575, -0.00408363901078701, -0.0035866480320692062, 0.0002471059560775757, -0.002841707319021225, -0.0030130473896861076, -0.0029518064111471176, -0.003993312828242779, -0.0028738100081682205, -0.00218852236866951]
ref [0.35053759813308716, 0.12104515731334686, 0.07980097085237503, 0.06550635397434235, 0.04985103756189346, 0.040170568972826004, 0.03257022053003311, 0.03228330239653587, 0.028850959613919258, 0.02262970432639122, 0.020500285550951958, 0.02274782769382, 0.018879037350416183, 0.021899119019508362, 0.016361063346266747, 0.015937741845846176, 0.015478704124689102, 0.015116437338292599, 0.01523672230541706, 0.01719864457845688, 0.018438423052430153, 0.013992547988891602, 0.0150674507021904, 0.017160113900899887, 0.016375061124563217, 0.013234533369541168, 0.016188811510801315, 0.01677202247083187, 0.015946894884109497, 0.01640585996210575, 0.016117705032229424, 0.0145640317350626]
[0.2724614441394806, 0.1019732654094696, 0.0625980943441391, 0.04407603293657303, 0.03398919478058815, 0.03091728873550892, 0.027815010398626328, 0.025096217170357704, 0.021973155438899994, 0.020444253459572792, 0.018487276509404182, 0.01597367227077484, 0.013187438249588013, 0.012572682462632656, 0.0119391568005085, 0.011739986948668957, 0.010906293988227844, 0.01059269905090332, 0.010760714299976826, 0.011116353794932365, 0.011769508942961693, 0.011772802099585533, 0.012581921182572842, 0.013076474890112877, 0.012788413092494011, 0.013481639325618744, 0.01334710419178009, 0.013758975081145763, 0.01299508847296238, 0.012412547133862972, 0.013243895024061203, 0.01237550936639309]
Training time: 3260 	steps per sec: 10
Eval num_timesteps=32768, episode_reward=nan +/- nan
Eval num_timesteps=32768, episode_success=nan +/- nan
results/HalfCheetah-v4/
results/HalfCheetah-v4/ppo_ros/
results/HalfCheetah-v4/ppo_ros/expert/
results/HalfCheetah-v4/ppo_ros/expert/b_16/
results/HalfCheetah-v4/ppo_ros/expert/b_16/no_clip/
results/HalfCheetah-v4/ppo_ros/expert/b_16/no_clip/run_0/
results/HalfCheetah-v4/ppo_ros/expert/b_16/no_clip/run_0/evaluations.npz
results/HalfCheetah-v4/ppo_ros/expert/b_16/no_clip/run_0/config.yml
results/HalfCheetah-v4/ppo_ros/expert/b_16/no_clip/run_0/stats.npz
