ppo_ros_continuous.py --env-id Walker2d-v4 -s expert/b_16/no_clip --total-timesteps 32768 --eval-freq 1 --eval-episodes 0 -b 16 --num-steps 1024 -lr 0 --update-epochs 0 --anneal-lr 0 --ros-num-steps 256 --ros-update-epochs 16 --ros-target-kl 0.05 --ros-clip-coef 999999999 --ros-lambda 0.1 -ros-lr 0.001 --ros-anneal-lr 0 --se 1 --se-freq 1 --se-lr 1e-3 --se-epochs 1000 --policy-path policies/Walker2d-v4/best_model.zip --normalization-dir policies/Walker2d-v4
Obtaining file:///var/lib/condor/execute/slot1/dir_3167163/PPOROS/PPOROS/custom-envs
  Preparing metadata (setup.py): started
  Preparing metadata (setup.py): finished with status 'done'
Requirement already satisfied: gym in /var/lib/condor/execute/slot1/dir_3167163/PPOROS/ppo-ros_env/lib/python3.9/site-packages (from custom-envs==0.0.1) (0.21.0)
Requirement already satisfied: numpy>=1.18.0 in /var/lib/condor/execute/slot1/dir_3167163/PPOROS/ppo-ros_env/lib/python3.9/site-packages (from gym->custom-envs==0.0.1) (1.24.2)
Requirement already satisfied: cloudpickle>=1.2.0 in /var/lib/condor/execute/slot1/dir_3167163/PPOROS/ppo-ros_env/lib/python3.9/site-packages (from gym->custom-envs==0.0.1) (2.2.1)
Installing collected packages: custom-envs
  Running setup.py develop for custom-envs
Successfully installed custom-envs-0.0.1
seed: 2
Eval num_timesteps=0, episode_reward=nan +/- nan
Eval num_timesteps=0, episode_success=nan +/- nan
se
1 1024 1024
diff [-0.016995340585708618]
ref [0.2681017816066742]
[0.2511064410209656]
Training time: 16 	steps per sec: 61
Eval num_timesteps=1024, episode_reward=nan +/- nan
Eval num_timesteps=1024, episode_success=nan +/- nan
se
2 2048 1024
diff [-0.016995340585708618, -0.04367095232009888]
ref [0.2681017816066742, 0.15142211318016052]
[0.2511064410209656, 0.10775116086006165]
Training time: 35 	steps per sec: 58
Eval num_timesteps=2048, episode_reward=nan +/- nan
Eval num_timesteps=2048, episode_success=nan +/- nan
se
3 3072 1024
diff [-0.016995340585708618, -0.04367095232009888, -0.0051761195063591]
ref [0.2681017816066742, 0.15142211318016052, 0.09383963793516159]
[0.2511064410209656, 0.10775116086006165, 0.08866351842880249]
Training time: 59 	steps per sec: 51
Eval num_timesteps=3072, episode_reward=nan +/- nan
Eval num_timesteps=3072, episode_success=nan +/- nan
se
4 4096 1024
diff [-0.016995340585708618, -0.04367095232009888, -0.0051761195063591, -0.007676735520362854]
ref [0.2681017816066742, 0.15142211318016052, 0.09383963793516159, 0.06679674983024597]
[0.2511064410209656, 0.10775116086006165, 0.08866351842880249, 0.05912001430988312]
Training time: 91 	steps per sec: 44
Eval num_timesteps=4096, episode_reward=nan +/- nan
Eval num_timesteps=4096, episode_success=nan +/- nan
se
5 5120 1024
diff [-0.016995340585708618, -0.04367095232009888, -0.0051761195063591, -0.007676735520362854, -0.008357599377632141]
ref [0.2681017816066742, 0.15142211318016052, 0.09383963793516159, 0.06679674983024597, 0.05461586266756058]
[0.2511064410209656, 0.10775116086006165, 0.08866351842880249, 0.05912001430988312, 0.046258263289928436]
Training time: 119 	steps per sec: 42
Eval num_timesteps=5120, episode_reward=nan +/- nan
Eval num_timesteps=5120, episode_success=nan +/- nan
se
6 6144 1024
diff [-0.016995340585708618, -0.04367095232009888, -0.0051761195063591, -0.007676735520362854, -0.008357599377632141, -0.005734991282224655]
ref [0.2681017816066742, 0.15142211318016052, 0.09383963793516159, 0.06679674983024597, 0.05461586266756058, 0.04460427537560463]
[0.2511064410209656, 0.10775116086006165, 0.08866351842880249, 0.05912001430988312, 0.046258263289928436, 0.038869284093379974]
Training time: 151 	steps per sec: 40
Eval num_timesteps=6144, episode_reward=nan +/- nan
Eval num_timesteps=6144, episode_success=nan +/- nan
se
7 7168 1024
diff [-0.016995340585708618, -0.04367095232009888, -0.0051761195063591, -0.007676735520362854, -0.008357599377632141, -0.005734991282224655, -0.006950190290808678]
ref [0.2681017816066742, 0.15142211318016052, 0.09383963793516159, 0.06679674983024597, 0.05461586266756058, 0.04460427537560463, 0.037949711084365845]
[0.2511064410209656, 0.10775116086006165, 0.08866351842880249, 0.05912001430988312, 0.046258263289928436, 0.038869284093379974, 0.030999520793557167]
Training time: 196 	steps per sec: 36
Eval num_timesteps=7168, episode_reward=nan +/- nan
Eval num_timesteps=7168, episode_success=nan +/- nan
se
8 8192 1024
diff [-0.016995340585708618, -0.04367095232009888, -0.0051761195063591, -0.007676735520362854, -0.008357599377632141, -0.005734991282224655, -0.006950190290808678, -0.0015658289194107056]
ref [0.2681017816066742, 0.15142211318016052, 0.09383963793516159, 0.06679674983024597, 0.05461586266756058, 0.04460427537560463, 0.037949711084365845, 0.02844776213169098]
[0.2511064410209656, 0.10775116086006165, 0.08866351842880249, 0.05912001430988312, 0.046258263289928436, 0.038869284093379974, 0.030999520793557167, 0.026881933212280273]
Training time: 252 	steps per sec: 32
Eval num_timesteps=8192, episode_reward=nan +/- nan
Eval num_timesteps=8192, episode_success=nan +/- nan
se
9 9216 1024
diff [-0.016995340585708618, -0.04367095232009888, -0.0051761195063591, -0.007676735520362854, -0.008357599377632141, -0.005734991282224655, -0.006950190290808678, -0.0015658289194107056, -0.004113685339689255]
ref [0.2681017816066742, 0.15142211318016052, 0.09383963793516159, 0.06679674983024597, 0.05461586266756058, 0.04460427537560463, 0.037949711084365845, 0.02844776213169098, 0.02838081121444702]
[0.2511064410209656, 0.10775116086006165, 0.08866351842880249, 0.05912001430988312, 0.046258263289928436, 0.038869284093379974, 0.030999520793557167, 0.026881933212280273, 0.024267125874757767]
Training time: 321 	steps per sec: 28
Eval num_timesteps=9216, episode_reward=nan +/- nan
Eval num_timesteps=9216, episode_success=nan +/- nan
se
10 10240 1024
diff [-0.016995340585708618, -0.04367095232009888, -0.0051761195063591, -0.007676735520362854, -0.008357599377632141, -0.005734991282224655, -0.006950190290808678, -0.0015658289194107056, -0.004113685339689255, -0.00389883853495121]
ref [0.2681017816066742, 0.15142211318016052, 0.09383963793516159, 0.06679674983024597, 0.05461586266756058, 0.04460427537560463, 0.037949711084365845, 0.02844776213169098, 0.02838081121444702, 0.025493573397397995]
[0.2511064410209656, 0.10775116086006165, 0.08866351842880249, 0.05912001430988312, 0.046258263289928436, 0.038869284093379974, 0.030999520793557167, 0.026881933212280273, 0.024267125874757767, 0.021594734862446785]
Training time: 397 	steps per sec: 25
Eval num_timesteps=10240, episode_reward=nan +/- nan
Eval num_timesteps=10240, episode_success=nan +/- nan
se
11 11264 1024
diff [-0.016995340585708618, -0.04367095232009888, -0.0051761195063591, -0.007676735520362854, -0.008357599377632141, -0.005734991282224655, -0.006950190290808678, -0.0015658289194107056, -0.004113685339689255, -0.00389883853495121, -0.003209894523024559]
ref [0.2681017816066742, 0.15142211318016052, 0.09383963793516159, 0.06679674983024597, 0.05461586266756058, 0.04460427537560463, 0.037949711084365845, 0.02844776213169098, 0.02838081121444702, 0.025493573397397995, 0.023464439436793327]
[0.2511064410209656, 0.10775116086006165, 0.08866351842880249, 0.05912001430988312, 0.046258263289928436, 0.038869284093379974, 0.030999520793557167, 0.026881933212280273, 0.024267125874757767, 0.021594734862446785, 0.02025454491376877]
Training time: 455 	steps per sec: 24
Eval num_timesteps=11264, episode_reward=nan +/- nan
Eval num_timesteps=11264, episode_success=nan +/- nan
se
12 12288 1024
diff [-0.016995340585708618, -0.04367095232009888, -0.0051761195063591, -0.007676735520362854, -0.008357599377632141, -0.005734991282224655, -0.006950190290808678, -0.0015658289194107056, -0.004113685339689255, -0.00389883853495121, -0.003209894523024559, -0.002774348482489586]
ref [0.2681017816066742, 0.15142211318016052, 0.09383963793516159, 0.06679674983024597, 0.05461586266756058, 0.04460427537560463, 0.037949711084365845, 0.02844776213169098, 0.02838081121444702, 0.025493573397397995, 0.023464439436793327, 0.021002262830734253]
[0.2511064410209656, 0.10775116086006165, 0.08866351842880249, 0.05912001430988312, 0.046258263289928436, 0.038869284093379974, 0.030999520793557167, 0.026881933212280273, 0.024267125874757767, 0.021594734862446785, 0.02025454491376877, 0.018227914348244667]
Training time: 524 	steps per sec: 23
Eval num_timesteps=12288, episode_reward=nan +/- nan
Eval num_timesteps=12288, episode_success=nan +/- nan
se
13 13312 1024
diff [-0.016995340585708618, -0.04367095232009888, -0.0051761195063591, -0.007676735520362854, -0.008357599377632141, -0.005734991282224655, -0.006950190290808678, -0.0015658289194107056, -0.004113685339689255, -0.00389883853495121, -0.003209894523024559, -0.002774348482489586, -0.0028672125190496445]
ref [0.2681017816066742, 0.15142211318016052, 0.09383963793516159, 0.06679674983024597, 0.05461586266756058, 0.04460427537560463, 0.037949711084365845, 0.02844776213169098, 0.02838081121444702, 0.025493573397397995, 0.023464439436793327, 0.021002262830734253, 0.02013722062110901]
[0.2511064410209656, 0.10775116086006165, 0.08866351842880249, 0.05912001430988312, 0.046258263289928436, 0.038869284093379974, 0.030999520793557167, 0.026881933212280273, 0.024267125874757767, 0.021594734862446785, 0.02025454491376877, 0.018227914348244667, 0.017270008102059364]
Training time: 610 	steps per sec: 21
Eval num_timesteps=13312, episode_reward=nan +/- nan
Eval num_timesteps=13312, episode_success=nan +/- nan
se
14 14336 1024
diff [-0.016995340585708618, -0.04367095232009888, -0.0051761195063591, -0.007676735520362854, -0.008357599377632141, -0.005734991282224655, -0.006950190290808678, -0.0015658289194107056, -0.004113685339689255, -0.00389883853495121, -0.003209894523024559, -0.002774348482489586, -0.0028672125190496445, -0.003040601499378681]
ref [0.2681017816066742, 0.15142211318016052, 0.09383963793516159, 0.06679674983024597, 0.05461586266756058, 0.04460427537560463, 0.037949711084365845, 0.02844776213169098, 0.02838081121444702, 0.025493573397397995, 0.023464439436793327, 0.021002262830734253, 0.02013722062110901, 0.01845617964863777]
[0.2511064410209656, 0.10775116086006165, 0.08866351842880249, 0.05912001430988312, 0.046258263289928436, 0.038869284093379974, 0.030999520793557167, 0.026881933212280273, 0.024267125874757767, 0.021594734862446785, 0.02025454491376877, 0.018227914348244667, 0.017270008102059364, 0.01541557814925909]
Training time: 701 	steps per sec: 20
Eval num_timesteps=14336, episode_reward=nan +/- nan
Eval num_timesteps=14336, episode_success=nan +/- nan
se
15 15360 1024
diff [-0.016995340585708618, -0.04367095232009888, -0.0051761195063591, -0.007676735520362854, -0.008357599377632141, -0.005734991282224655, -0.006950190290808678, -0.0015658289194107056, -0.004113685339689255, -0.00389883853495121, -0.003209894523024559, -0.002774348482489586, -0.0028672125190496445, -0.003040601499378681, -0.0027738017961382866]
ref [0.2681017816066742, 0.15142211318016052, 0.09383963793516159, 0.06679674983024597, 0.05461586266756058, 0.04460427537560463, 0.037949711084365845, 0.02844776213169098, 0.02838081121444702, 0.025493573397397995, 0.023464439436793327, 0.021002262830734253, 0.02013722062110901, 0.01845617964863777, 0.016866810619831085]
[0.2511064410209656, 0.10775116086006165, 0.08866351842880249, 0.05912001430988312, 0.046258263289928436, 0.038869284093379974, 0.030999520793557167, 0.026881933212280273, 0.024267125874757767, 0.021594734862446785, 0.02025454491376877, 0.018227914348244667, 0.017270008102059364, 0.01541557814925909, 0.014093008823692799]
Training time: 800 	steps per sec: 19
Eval num_timesteps=15360, episode_reward=nan +/- nan
Eval num_timesteps=15360, episode_success=nan +/- nan
se
16 16384 1024
diff [-0.016995340585708618, -0.04367095232009888, -0.0051761195063591, -0.007676735520362854, -0.008357599377632141, -0.005734991282224655, -0.006950190290808678, -0.0015658289194107056, -0.004113685339689255, -0.00389883853495121, -0.003209894523024559, -0.002774348482489586, -0.0028672125190496445, -0.003040601499378681, -0.0027738017961382866, -0.003221379593014717]
ref [0.2681017816066742, 0.15142211318016052, 0.09383963793516159, 0.06679674983024597, 0.05461586266756058, 0.04460427537560463, 0.037949711084365845, 0.02844776213169098, 0.02838081121444702, 0.025493573397397995, 0.023464439436793327, 0.021002262830734253, 0.02013722062110901, 0.01845617964863777, 0.016866810619831085, 0.0166197307407856]
[0.2511064410209656, 0.10775116086006165, 0.08866351842880249, 0.05912001430988312, 0.046258263289928436, 0.038869284093379974, 0.030999520793557167, 0.026881933212280273, 0.024267125874757767, 0.021594734862446785, 0.02025454491376877, 0.018227914348244667, 0.017270008102059364, 0.01541557814925909, 0.014093008823692799, 0.013398351147770882]
Training time: 909 	steps per sec: 18
Eval num_timesteps=16384, episode_reward=nan +/- nan
Eval num_timesteps=16384, episode_success=nan +/- nan
se
16 16384 1024
diff [-0.016995340585708618, -0.04367095232009888, -0.0051761195063591, -0.007676735520362854, -0.008357599377632141, -0.005734991282224655, -0.006950190290808678, -0.0015658289194107056, -0.004113685339689255, -0.00389883853495121, -0.003209894523024559, -0.002774348482489586, -0.0028672125190496445, -0.003040601499378681, -0.0027738017961382866, -0.003221379593014717, -0.004326376132667065]
ref [0.2681017816066742, 0.15142211318016052, 0.09383963793516159, 0.06679674983024597, 0.05461586266756058, 0.04460427537560463, 0.037949711084365845, 0.02844776213169098, 0.02838081121444702, 0.025493573397397995, 0.023464439436793327, 0.021002262830734253, 0.02013722062110901, 0.01845617964863777, 0.016866810619831085, 0.0166197307407856, 0.018024135380983353]
[0.2511064410209656, 0.10775116086006165, 0.08866351842880249, 0.05912001430988312, 0.046258263289928436, 0.038869284093379974, 0.030999520793557167, 0.026881933212280273, 0.024267125874757767, 0.021594734862446785, 0.02025454491376877, 0.018227914348244667, 0.017270008102059364, 0.01541557814925909, 0.014093008823692799, 0.013398351147770882, 0.013697759248316288]
Training time: 1016 	steps per sec: 17
Eval num_timesteps=17408, episode_reward=nan +/- nan
Eval num_timesteps=17408, episode_success=nan +/- nan
se
16 16384 1024
diff [-0.016995340585708618, -0.04367095232009888, -0.0051761195063591, -0.007676735520362854, -0.008357599377632141, -0.005734991282224655, -0.006950190290808678, -0.0015658289194107056, -0.004113685339689255, -0.00389883853495121, -0.003209894523024559, -0.002774348482489586, -0.0028672125190496445, -0.003040601499378681, -0.0027738017961382866, -0.003221379593014717, -0.004326376132667065, -0.0004023890942335129]
ref [0.2681017816066742, 0.15142211318016052, 0.09383963793516159, 0.06679674983024597, 0.05461586266756058, 0.04460427537560463, 0.037949711084365845, 0.02844776213169098, 0.02838081121444702, 0.025493573397397995, 0.023464439436793327, 0.021002262830734253, 0.02013722062110901, 0.01845617964863777, 0.016866810619831085, 0.0166197307407856, 0.018024135380983353, 0.014438578858971596]
[0.2511064410209656, 0.10775116086006165, 0.08866351842880249, 0.05912001430988312, 0.046258263289928436, 0.038869284093379974, 0.030999520793557167, 0.026881933212280273, 0.024267125874757767, 0.021594734862446785, 0.02025454491376877, 0.018227914348244667, 0.017270008102059364, 0.01541557814925909, 0.014093008823692799, 0.013398351147770882, 0.013697759248316288, 0.014036189764738083]
Training time: 1123 	steps per sec: 16
Eval num_timesteps=18432, episode_reward=nan +/- nan
Eval num_timesteps=18432, episode_success=nan +/- nan
se
16 16384 1024
diff [-0.016995340585708618, -0.04367095232009888, -0.0051761195063591, -0.007676735520362854, -0.008357599377632141, -0.005734991282224655, -0.006950190290808678, -0.0015658289194107056, -0.004113685339689255, -0.00389883853495121, -0.003209894523024559, -0.002774348482489586, -0.0028672125190496445, -0.003040601499378681, -0.0027738017961382866, -0.003221379593014717, -0.004326376132667065, -0.0004023890942335129, -0.002808447927236557]
ref [0.2681017816066742, 0.15142211318016052, 0.09383963793516159, 0.06679674983024597, 0.05461586266756058, 0.04460427537560463, 0.037949711084365845, 0.02844776213169098, 0.02838081121444702, 0.025493573397397995, 0.023464439436793327, 0.021002262830734253, 0.02013722062110901, 0.01845617964863777, 0.016866810619831085, 0.0166197307407856, 0.018024135380983353, 0.014438578858971596, 0.017068222165107727]
[0.2511064410209656, 0.10775116086006165, 0.08866351842880249, 0.05912001430988312, 0.046258263289928436, 0.038869284093379974, 0.030999520793557167, 0.026881933212280273, 0.024267125874757767, 0.021594734862446785, 0.02025454491376877, 0.018227914348244667, 0.017270008102059364, 0.01541557814925909, 0.014093008823692799, 0.013398351147770882, 0.013697759248316288, 0.014036189764738083, 0.01425977423787117]
Training time: 1227 	steps per sec: 15
Eval num_timesteps=19456, episode_reward=nan +/- nan
Eval num_timesteps=19456, episode_success=nan +/- nan
se
16 16384 1024
diff [-0.016995340585708618, -0.04367095232009888, -0.0051761195063591, -0.007676735520362854, -0.008357599377632141, -0.005734991282224655, -0.006950190290808678, -0.0015658289194107056, -0.004113685339689255, -0.00389883853495121, -0.003209894523024559, -0.002774348482489586, -0.0028672125190496445, -0.003040601499378681, -0.0027738017961382866, -0.003221379593014717, -0.004326376132667065, -0.0004023890942335129, -0.002808447927236557, 8.759740740060806e-05]
ref [0.2681017816066742, 0.15142211318016052, 0.09383963793516159, 0.06679674983024597, 0.05461586266756058, 0.04460427537560463, 0.037949711084365845, 0.02844776213169098, 0.02838081121444702, 0.025493573397397995, 0.023464439436793327, 0.021002262830734253, 0.02013722062110901, 0.01845617964863777, 0.016866810619831085, 0.0166197307407856, 0.018024135380983353, 0.014438578858971596, 0.017068222165107727, 0.014709562994539738]
[0.2511064410209656, 0.10775116086006165, 0.08866351842880249, 0.05912001430988312, 0.046258263289928436, 0.038869284093379974, 0.030999520793557167, 0.026881933212280273, 0.024267125874757767, 0.021594734862446785, 0.02025454491376877, 0.018227914348244667, 0.017270008102059364, 0.01541557814925909, 0.014093008823692799, 0.013398351147770882, 0.013697759248316288, 0.014036189764738083, 0.01425977423787117, 0.014797160401940346]
Training time: 1326 	steps per sec: 15
Eval num_timesteps=20480, episode_reward=nan +/- nan
Eval num_timesteps=20480, episode_success=nan +/- nan
se
16 16384 1024
diff [-0.016995340585708618, -0.04367095232009888, -0.0051761195063591, -0.007676735520362854, -0.008357599377632141, -0.005734991282224655, -0.006950190290808678, -0.0015658289194107056, -0.004113685339689255, -0.00389883853495121, -0.003209894523024559, -0.002774348482489586, -0.0028672125190496445, -0.003040601499378681, -0.0027738017961382866, -0.003221379593014717, -0.004326376132667065, -0.0004023890942335129, -0.002808447927236557, 8.759740740060806e-05, -0.0006620660424232483]
ref [0.2681017816066742, 0.15142211318016052, 0.09383963793516159, 0.06679674983024597, 0.05461586266756058, 0.04460427537560463, 0.037949711084365845, 0.02844776213169098, 0.02838081121444702, 0.025493573397397995, 0.023464439436793327, 0.021002262830734253, 0.02013722062110901, 0.01845617964863777, 0.016866810619831085, 0.0166197307407856, 0.018024135380983353, 0.014438578858971596, 0.017068222165107727, 0.014709562994539738, 0.015380488708615303]
[0.2511064410209656, 0.10775116086006165, 0.08866351842880249, 0.05912001430988312, 0.046258263289928436, 0.038869284093379974, 0.030999520793557167, 0.026881933212280273, 0.024267125874757767, 0.021594734862446785, 0.02025454491376877, 0.018227914348244667, 0.017270008102059364, 0.01541557814925909, 0.014093008823692799, 0.013398351147770882, 0.013697759248316288, 0.014036189764738083, 0.01425977423787117, 0.014797160401940346, 0.014718422666192055]
Training time: 1416 	steps per sec: 15
Eval num_timesteps=21504, episode_reward=nan +/- nan
Eval num_timesteps=21504, episode_success=nan +/- nan
se
16 16384 1024
diff [-0.016995340585708618, -0.04367095232009888, -0.0051761195063591, -0.007676735520362854, -0.008357599377632141, -0.005734991282224655, -0.006950190290808678, -0.0015658289194107056, -0.004113685339689255, -0.00389883853495121, -0.003209894523024559, -0.002774348482489586, -0.0028672125190496445, -0.003040601499378681, -0.0027738017961382866, -0.003221379593014717, -0.004326376132667065, -0.0004023890942335129, -0.002808447927236557, 8.759740740060806e-05, -0.0006620660424232483, 0.0003453493118286133]
ref [0.2681017816066742, 0.15142211318016052, 0.09383963793516159, 0.06679674983024597, 0.05461586266756058, 0.04460427537560463, 0.037949711084365845, 0.02844776213169098, 0.02838081121444702, 0.025493573397397995, 0.023464439436793327, 0.021002262830734253, 0.02013722062110901, 0.01845617964863777, 0.016866810619831085, 0.0166197307407856, 0.018024135380983353, 0.014438578858971596, 0.017068222165107727, 0.014709562994539738, 0.015380488708615303, 0.014920029789209366]
[0.2511064410209656, 0.10775116086006165, 0.08866351842880249, 0.05912001430988312, 0.046258263289928436, 0.038869284093379974, 0.030999520793557167, 0.026881933212280273, 0.024267125874757767, 0.021594734862446785, 0.02025454491376877, 0.018227914348244667, 0.017270008102059364, 0.01541557814925909, 0.014093008823692799, 0.013398351147770882, 0.013697759248316288, 0.014036189764738083, 0.01425977423787117, 0.014797160401940346, 0.014718422666192055, 0.015265379101037979]
Training time: 1505 	steps per sec: 14
Eval num_timesteps=22528, episode_reward=nan +/- nan
Eval num_timesteps=22528, episode_success=nan +/- nan
se
16 16384 1024
diff [-0.016995340585708618, -0.04367095232009888, -0.0051761195063591, -0.007676735520362854, -0.008357599377632141, -0.005734991282224655, -0.006950190290808678, -0.0015658289194107056, -0.004113685339689255, -0.00389883853495121, -0.003209894523024559, -0.002774348482489586, -0.0028672125190496445, -0.003040601499378681, -0.0027738017961382866, -0.003221379593014717, -0.004326376132667065, -0.0004023890942335129, -0.002808447927236557, 8.759740740060806e-05, -0.0006620660424232483, 0.0003453493118286133, 0.00028746481984853745]
ref [0.2681017816066742, 0.15142211318016052, 0.09383963793516159, 0.06679674983024597, 0.05461586266756058, 0.04460427537560463, 0.037949711084365845, 0.02844776213169098, 0.02838081121444702, 0.025493573397397995, 0.023464439436793327, 0.021002262830734253, 0.02013722062110901, 0.01845617964863777, 0.016866810619831085, 0.0166197307407856, 0.018024135380983353, 0.014438578858971596, 0.017068222165107727, 0.014709562994539738, 0.015380488708615303, 0.014920029789209366, 0.015142188407480717]
[0.2511064410209656, 0.10775116086006165, 0.08866351842880249, 0.05912001430988312, 0.046258263289928436, 0.038869284093379974, 0.030999520793557167, 0.026881933212280273, 0.024267125874757767, 0.021594734862446785, 0.02025454491376877, 0.018227914348244667, 0.017270008102059364, 0.01541557814925909, 0.014093008823692799, 0.013398351147770882, 0.013697759248316288, 0.014036189764738083, 0.01425977423787117, 0.014797160401940346, 0.014718422666192055, 0.015265379101037979, 0.015429653227329254]
Training time: 1606 	steps per sec: 14
Eval num_timesteps=23552, episode_reward=nan +/- nan
Eval num_timesteps=23552, episode_success=nan +/- nan
se
16 16384 1024
diff [-0.016995340585708618, -0.04367095232009888, -0.0051761195063591, -0.007676735520362854, -0.008357599377632141, -0.005734991282224655, -0.006950190290808678, -0.0015658289194107056, -0.004113685339689255, -0.00389883853495121, -0.003209894523024559, -0.002774348482489586, -0.0028672125190496445, -0.003040601499378681, -0.0027738017961382866, -0.003221379593014717, -0.004326376132667065, -0.0004023890942335129, -0.002808447927236557, 8.759740740060806e-05, -0.0006620660424232483, 0.0003453493118286133, 0.00028746481984853745, -0.0008153002709150314]
ref [0.2681017816066742, 0.15142211318016052, 0.09383963793516159, 0.06679674983024597, 0.05461586266756058, 0.04460427537560463, 0.037949711084365845, 0.02844776213169098, 0.02838081121444702, 0.025493573397397995, 0.023464439436793327, 0.021002262830734253, 0.02013722062110901, 0.01845617964863777, 0.016866810619831085, 0.0166197307407856, 0.018024135380983353, 0.014438578858971596, 0.017068222165107727, 0.014709562994539738, 0.015380488708615303, 0.014920029789209366, 0.015142188407480717, 0.01568388193845749]
[0.2511064410209656, 0.10775116086006165, 0.08866351842880249, 0.05912001430988312, 0.046258263289928436, 0.038869284093379974, 0.030999520793557167, 0.026881933212280273, 0.024267125874757767, 0.021594734862446785, 0.02025454491376877, 0.018227914348244667, 0.017270008102059364, 0.01541557814925909, 0.014093008823692799, 0.013398351147770882, 0.013697759248316288, 0.014036189764738083, 0.01425977423787117, 0.014797160401940346, 0.014718422666192055, 0.015265379101037979, 0.015429653227329254, 0.014868581667542458]
Training time: 1714 	steps per sec: 14
Eval num_timesteps=24576, episode_reward=nan +/- nan
Eval num_timesteps=24576, episode_success=nan +/- nan
se
16 16384 1024
diff [-0.016995340585708618, -0.04367095232009888, -0.0051761195063591, -0.007676735520362854, -0.008357599377632141, -0.005734991282224655, -0.006950190290808678, -0.0015658289194107056, -0.004113685339689255, -0.00389883853495121, -0.003209894523024559, -0.002774348482489586, -0.0028672125190496445, -0.003040601499378681, -0.0027738017961382866, -0.003221379593014717, -0.004326376132667065, -0.0004023890942335129, -0.002808447927236557, 8.759740740060806e-05, -0.0006620660424232483, 0.0003453493118286133, 0.00028746481984853745, -0.0008153002709150314, -0.002445736899971962]
ref [0.2681017816066742, 0.15142211318016052, 0.09383963793516159, 0.06679674983024597, 0.05461586266756058, 0.04460427537560463, 0.037949711084365845, 0.02844776213169098, 0.02838081121444702, 0.025493573397397995, 0.023464439436793327, 0.021002262830734253, 0.02013722062110901, 0.01845617964863777, 0.016866810619831085, 0.0166197307407856, 0.018024135380983353, 0.014438578858971596, 0.017068222165107727, 0.014709562994539738, 0.015380488708615303, 0.014920029789209366, 0.015142188407480717, 0.01568388193845749, 0.017006978392601013]
[0.2511064410209656, 0.10775116086006165, 0.08866351842880249, 0.05912001430988312, 0.046258263289928436, 0.038869284093379974, 0.030999520793557167, 0.026881933212280273, 0.024267125874757767, 0.021594734862446785, 0.02025454491376877, 0.018227914348244667, 0.017270008102059364, 0.01541557814925909, 0.014093008823692799, 0.013398351147770882, 0.013697759248316288, 0.014036189764738083, 0.01425977423787117, 0.014797160401940346, 0.014718422666192055, 0.015265379101037979, 0.015429653227329254, 0.014868581667542458, 0.014561241492629051]
Training time: 1810 	steps per sec: 14
Eval num_timesteps=25600, episode_reward=nan +/- nan
Eval num_timesteps=25600, episode_success=nan +/- nan
se
16 16384 1024
diff [-0.016995340585708618, -0.04367095232009888, -0.0051761195063591, -0.007676735520362854, -0.008357599377632141, -0.005734991282224655, -0.006950190290808678, -0.0015658289194107056, -0.004113685339689255, -0.00389883853495121, -0.003209894523024559, -0.002774348482489586, -0.0028672125190496445, -0.003040601499378681, -0.0027738017961382866, -0.003221379593014717, -0.004326376132667065, -0.0004023890942335129, -0.002808447927236557, 8.759740740060806e-05, -0.0006620660424232483, 0.0003453493118286133, 0.00028746481984853745, -0.0008153002709150314, -0.002445736899971962, -0.0014254767447710037]
ref [0.2681017816066742, 0.15142211318016052, 0.09383963793516159, 0.06679674983024597, 0.05461586266756058, 0.04460427537560463, 0.037949711084365845, 0.02844776213169098, 0.02838081121444702, 0.025493573397397995, 0.023464439436793327, 0.021002262830734253, 0.02013722062110901, 0.01845617964863777, 0.016866810619831085, 0.0166197307407856, 0.018024135380983353, 0.014438578858971596, 0.017068222165107727, 0.014709562994539738, 0.015380488708615303, 0.014920029789209366, 0.015142188407480717, 0.01568388193845749, 0.017006978392601013, 0.015662696212530136]
[0.2511064410209656, 0.10775116086006165, 0.08866351842880249, 0.05912001430988312, 0.046258263289928436, 0.038869284093379974, 0.030999520793557167, 0.026881933212280273, 0.024267125874757767, 0.021594734862446785, 0.02025454491376877, 0.018227914348244667, 0.017270008102059364, 0.01541557814925909, 0.014093008823692799, 0.013398351147770882, 0.013697759248316288, 0.014036189764738083, 0.01425977423787117, 0.014797160401940346, 0.014718422666192055, 0.015265379101037979, 0.015429653227329254, 0.014868581667542458, 0.014561241492629051, 0.014237219467759132]
Training time: 1912 	steps per sec: 13
Eval num_timesteps=26624, episode_reward=nan +/- nan
Eval num_timesteps=26624, episode_success=nan +/- nan
se
16 16384 1024
diff [-0.016995340585708618, -0.04367095232009888, -0.0051761195063591, -0.007676735520362854, -0.008357599377632141, -0.005734991282224655, -0.006950190290808678, -0.0015658289194107056, -0.004113685339689255, -0.00389883853495121, -0.003209894523024559, -0.002774348482489586, -0.0028672125190496445, -0.003040601499378681, -0.0027738017961382866, -0.003221379593014717, -0.004326376132667065, -0.0004023890942335129, -0.002808447927236557, 8.759740740060806e-05, -0.0006620660424232483, 0.0003453493118286133, 0.00028746481984853745, -0.0008153002709150314, -0.002445736899971962, -0.0014254767447710037, -0.0025926120579242706]
ref [0.2681017816066742, 0.15142211318016052, 0.09383963793516159, 0.06679674983024597, 0.05461586266756058, 0.04460427537560463, 0.037949711084365845, 0.02844776213169098, 0.02838081121444702, 0.025493573397397995, 0.023464439436793327, 0.021002262830734253, 0.02013722062110901, 0.01845617964863777, 0.016866810619831085, 0.0166197307407856, 0.018024135380983353, 0.014438578858971596, 0.017068222165107727, 0.014709562994539738, 0.015380488708615303, 0.014920029789209366, 0.015142188407480717, 0.01568388193845749, 0.017006978392601013, 0.015662696212530136, 0.016625141724944115]
[0.2511064410209656, 0.10775116086006165, 0.08866351842880249, 0.05912001430988312, 0.046258263289928436, 0.038869284093379974, 0.030999520793557167, 0.026881933212280273, 0.024267125874757767, 0.021594734862446785, 0.02025454491376877, 0.018227914348244667, 0.017270008102059364, 0.01541557814925909, 0.014093008823692799, 0.013398351147770882, 0.013697759248316288, 0.014036189764738083, 0.01425977423787117, 0.014797160401940346, 0.014718422666192055, 0.015265379101037979, 0.015429653227329254, 0.014868581667542458, 0.014561241492629051, 0.014237219467759132, 0.014032529667019844]
Training time: 2011 	steps per sec: 13
Eval num_timesteps=27648, episode_reward=nan +/- nan
Eval num_timesteps=27648, episode_success=nan +/- nan
se
16 16384 1024
diff [-0.016995340585708618, -0.04367095232009888, -0.0051761195063591, -0.007676735520362854, -0.008357599377632141, -0.005734991282224655, -0.006950190290808678, -0.0015658289194107056, -0.004113685339689255, -0.00389883853495121, -0.003209894523024559, -0.002774348482489586, -0.0028672125190496445, -0.003040601499378681, -0.0027738017961382866, -0.003221379593014717, -0.004326376132667065, -0.0004023890942335129, -0.002808447927236557, 8.759740740060806e-05, -0.0006620660424232483, 0.0003453493118286133, 0.00028746481984853745, -0.0008153002709150314, -0.002445736899971962, -0.0014254767447710037, -0.0025926120579242706, -0.003868523985147476]
ref [0.2681017816066742, 0.15142211318016052, 0.09383963793516159, 0.06679674983024597, 0.05461586266756058, 0.04460427537560463, 0.037949711084365845, 0.02844776213169098, 0.02838081121444702, 0.025493573397397995, 0.023464439436793327, 0.021002262830734253, 0.02013722062110901, 0.01845617964863777, 0.016866810619831085, 0.0166197307407856, 0.018024135380983353, 0.014438578858971596, 0.017068222165107727, 0.014709562994539738, 0.015380488708615303, 0.014920029789209366, 0.015142188407480717, 0.01568388193845749, 0.017006978392601013, 0.015662696212530136, 0.016625141724944115, 0.017254192382097244]
[0.2511064410209656, 0.10775116086006165, 0.08866351842880249, 0.05912001430988312, 0.046258263289928436, 0.038869284093379974, 0.030999520793557167, 0.026881933212280273, 0.024267125874757767, 0.021594734862446785, 0.02025454491376877, 0.018227914348244667, 0.017270008102059364, 0.01541557814925909, 0.014093008823692799, 0.013398351147770882, 0.013697759248316288, 0.014036189764738083, 0.01425977423787117, 0.014797160401940346, 0.014718422666192055, 0.015265379101037979, 0.015429653227329254, 0.014868581667542458, 0.014561241492629051, 0.014237219467759132, 0.014032529667019844, 0.013385668396949768]
Training time: 2110 	steps per sec: 13
Eval num_timesteps=28672, episode_reward=nan +/- nan
Eval num_timesteps=28672, episode_success=nan +/- nan
se
16 16384 1024
diff [-0.016995340585708618, -0.04367095232009888, -0.0051761195063591, -0.007676735520362854, -0.008357599377632141, -0.005734991282224655, -0.006950190290808678, -0.0015658289194107056, -0.004113685339689255, -0.00389883853495121, -0.003209894523024559, -0.002774348482489586, -0.0028672125190496445, -0.003040601499378681, -0.0027738017961382866, -0.003221379593014717, -0.004326376132667065, -0.0004023890942335129, -0.002808447927236557, 8.759740740060806e-05, -0.0006620660424232483, 0.0003453493118286133, 0.00028746481984853745, -0.0008153002709150314, -0.002445736899971962, -0.0014254767447710037, -0.0025926120579242706, -0.003868523985147476, -0.0021919840946793556]
ref [0.2681017816066742, 0.15142211318016052, 0.09383963793516159, 0.06679674983024597, 0.05461586266756058, 0.04460427537560463, 0.037949711084365845, 0.02844776213169098, 0.02838081121444702, 0.025493573397397995, 0.023464439436793327, 0.021002262830734253, 0.02013722062110901, 0.01845617964863777, 0.016866810619831085, 0.0166197307407856, 0.018024135380983353, 0.014438578858971596, 0.017068222165107727, 0.014709562994539738, 0.015380488708615303, 0.014920029789209366, 0.015142188407480717, 0.01568388193845749, 0.017006978392601013, 0.015662696212530136, 0.016625141724944115, 0.017254192382097244, 0.015060222707688808]
[0.2511064410209656, 0.10775116086006165, 0.08866351842880249, 0.05912001430988312, 0.046258263289928436, 0.038869284093379974, 0.030999520793557167, 0.026881933212280273, 0.024267125874757767, 0.021594734862446785, 0.02025454491376877, 0.018227914348244667, 0.017270008102059364, 0.01541557814925909, 0.014093008823692799, 0.013398351147770882, 0.013697759248316288, 0.014036189764738083, 0.01425977423787117, 0.014797160401940346, 0.014718422666192055, 0.015265379101037979, 0.015429653227329254, 0.014868581667542458, 0.014561241492629051, 0.014237219467759132, 0.014032529667019844, 0.013385668396949768, 0.012868238613009453]
Training time: 2217 	steps per sec: 13
Eval num_timesteps=29696, episode_reward=nan +/- nan
Eval num_timesteps=29696, episode_success=nan +/- nan
se
16 16384 1024
diff [-0.016995340585708618, -0.04367095232009888, -0.0051761195063591, -0.007676735520362854, -0.008357599377632141, -0.005734991282224655, -0.006950190290808678, -0.0015658289194107056, -0.004113685339689255, -0.00389883853495121, -0.003209894523024559, -0.002774348482489586, -0.0028672125190496445, -0.003040601499378681, -0.0027738017961382866, -0.003221379593014717, -0.004326376132667065, -0.0004023890942335129, -0.002808447927236557, 8.759740740060806e-05, -0.0006620660424232483, 0.0003453493118286133, 0.00028746481984853745, -0.0008153002709150314, -0.002445736899971962, -0.0014254767447710037, -0.0025926120579242706, -0.003868523985147476, -0.0021919840946793556, -0.003972671926021576]
ref [0.2681017816066742, 0.15142211318016052, 0.09383963793516159, 0.06679674983024597, 0.05461586266756058, 0.04460427537560463, 0.037949711084365845, 0.02844776213169098, 0.02838081121444702, 0.025493573397397995, 0.023464439436793327, 0.021002262830734253, 0.02013722062110901, 0.01845617964863777, 0.016866810619831085, 0.0166197307407856, 0.018024135380983353, 0.014438578858971596, 0.017068222165107727, 0.014709562994539738, 0.015380488708615303, 0.014920029789209366, 0.015142188407480717, 0.01568388193845749, 0.017006978392601013, 0.015662696212530136, 0.016625141724944115, 0.017254192382097244, 0.015060222707688808, 0.016470886766910553]
[0.2511064410209656, 0.10775116086006165, 0.08866351842880249, 0.05912001430988312, 0.046258263289928436, 0.038869284093379974, 0.030999520793557167, 0.026881933212280273, 0.024267125874757767, 0.021594734862446785, 0.02025454491376877, 0.018227914348244667, 0.017270008102059364, 0.01541557814925909, 0.014093008823692799, 0.013398351147770882, 0.013697759248316288, 0.014036189764738083, 0.01425977423787117, 0.014797160401940346, 0.014718422666192055, 0.015265379101037979, 0.015429653227329254, 0.014868581667542458, 0.014561241492629051, 0.014237219467759132, 0.014032529667019844, 0.013385668396949768, 0.012868238613009453, 0.012498214840888977]
Training time: 2323 	steps per sec: 13
Eval num_timesteps=30720, episode_reward=nan +/- nan
Eval num_timesteps=30720, episode_success=nan +/- nan
se
16 16384 1024
diff [-0.016995340585708618, -0.04367095232009888, -0.0051761195063591, -0.007676735520362854, -0.008357599377632141, -0.005734991282224655, -0.006950190290808678, -0.0015658289194107056, -0.004113685339689255, -0.00389883853495121, -0.003209894523024559, -0.002774348482489586, -0.0028672125190496445, -0.003040601499378681, -0.0027738017961382866, -0.003221379593014717, -0.004326376132667065, -0.0004023890942335129, -0.002808447927236557, 8.759740740060806e-05, -0.0006620660424232483, 0.0003453493118286133, 0.00028746481984853745, -0.0008153002709150314, -0.002445736899971962, -0.0014254767447710037, -0.0025926120579242706, -0.003868523985147476, -0.0021919840946793556, -0.003972671926021576, -0.004722003825008869]
ref [0.2681017816066742, 0.15142211318016052, 0.09383963793516159, 0.06679674983024597, 0.05461586266756058, 0.04460427537560463, 0.037949711084365845, 0.02844776213169098, 0.02838081121444702, 0.025493573397397995, 0.023464439436793327, 0.021002262830734253, 0.02013722062110901, 0.01845617964863777, 0.016866810619831085, 0.0166197307407856, 0.018024135380983353, 0.014438578858971596, 0.017068222165107727, 0.014709562994539738, 0.015380488708615303, 0.014920029789209366, 0.015142188407480717, 0.01568388193845749, 0.017006978392601013, 0.015662696212530136, 0.016625141724944115, 0.017254192382097244, 0.015060222707688808, 0.016470886766910553, 0.016692858189344406]
[0.2511064410209656, 0.10775116086006165, 0.08866351842880249, 0.05912001430988312, 0.046258263289928436, 0.038869284093379974, 0.030999520793557167, 0.026881933212280273, 0.024267125874757767, 0.021594734862446785, 0.02025454491376877, 0.018227914348244667, 0.017270008102059364, 0.01541557814925909, 0.014093008823692799, 0.013398351147770882, 0.013697759248316288, 0.014036189764738083, 0.01425977423787117, 0.014797160401940346, 0.014718422666192055, 0.015265379101037979, 0.015429653227329254, 0.014868581667542458, 0.014561241492629051, 0.014237219467759132, 0.014032529667019844, 0.013385668396949768, 0.012868238613009453, 0.012498214840888977, 0.011970854364335537]
Training time: 2432 	steps per sec: 13
Eval num_timesteps=31744, episode_reward=nan +/- nan
Eval num_timesteps=31744, episode_success=nan +/- nan
se
16 16384 1024
diff [-0.016995340585708618, -0.04367095232009888, -0.0051761195063591, -0.007676735520362854, -0.008357599377632141, -0.005734991282224655, -0.006950190290808678, -0.0015658289194107056, -0.004113685339689255, -0.00389883853495121, -0.003209894523024559, -0.002774348482489586, -0.0028672125190496445, -0.003040601499378681, -0.0027738017961382866, -0.003221379593014717, -0.004326376132667065, -0.0004023890942335129, -0.002808447927236557, 8.759740740060806e-05, -0.0006620660424232483, 0.0003453493118286133, 0.00028746481984853745, -0.0008153002709150314, -0.002445736899971962, -0.0014254767447710037, -0.0025926120579242706, -0.003868523985147476, -0.0021919840946793556, -0.003972671926021576, -0.004722003825008869, -0.002780747599899769]
ref [0.2681017816066742, 0.15142211318016052, 0.09383963793516159, 0.06679674983024597, 0.05461586266756058, 0.04460427537560463, 0.037949711084365845, 0.02844776213169098, 0.02838081121444702, 0.025493573397397995, 0.023464439436793327, 0.021002262830734253, 0.02013722062110901, 0.01845617964863777, 0.016866810619831085, 0.0166197307407856, 0.018024135380983353, 0.014438578858971596, 0.017068222165107727, 0.014709562994539738, 0.015380488708615303, 0.014920029789209366, 0.015142188407480717, 0.01568388193845749, 0.017006978392601013, 0.015662696212530136, 0.016625141724944115, 0.017254192382097244, 0.015060222707688808, 0.016470886766910553, 0.016692858189344406, 0.014839946292340755]
[0.2511064410209656, 0.10775116086006165, 0.08866351842880249, 0.05912001430988312, 0.046258263289928436, 0.038869284093379974, 0.030999520793557167, 0.026881933212280273, 0.024267125874757767, 0.021594734862446785, 0.02025454491376877, 0.018227914348244667, 0.017270008102059364, 0.01541557814925909, 0.014093008823692799, 0.013398351147770882, 0.013697759248316288, 0.014036189764738083, 0.01425977423787117, 0.014797160401940346, 0.014718422666192055, 0.015265379101037979, 0.015429653227329254, 0.014868581667542458, 0.014561241492629051, 0.014237219467759132, 0.014032529667019844, 0.013385668396949768, 0.012868238613009453, 0.012498214840888977, 0.011970854364335537, 0.012059198692440987]
Training time: 2541 	steps per sec: 12
Eval num_timesteps=32768, episode_reward=nan +/- nan
Eval num_timesteps=32768, episode_success=nan +/- nan
results/Walker2d-v4/
results/Walker2d-v4/ppo_ros/
results/Walker2d-v4/ppo_ros/expert/
results/Walker2d-v4/ppo_ros/expert/b_16/
results/Walker2d-v4/ppo_ros/expert/b_16/no_clip/
results/Walker2d-v4/ppo_ros/expert/b_16/no_clip/run_2/
results/Walker2d-v4/ppo_ros/expert/b_16/no_clip/run_2/stats.npz
results/Walker2d-v4/ppo_ros/expert/b_16/no_clip/run_2/evaluations.npz
results/Walker2d-v4/ppo_ros/expert/b_16/no_clip/run_2/config.yml
