ppo_ros_continuous.py --env-id Walker2d-v4 -s expert/b_16/no_lambda --total-timesteps 32768 --eval-freq 1 --eval-episodes 0 -b 16 --num-steps 1024 -lr 0 --update-epochs 0 --anneal-lr 0 --ros-num-steps 256 --ros-update-epochs 16 --ros-target-kl 0.05 --ros-clip-coef 0.3 --ros-lambda 0 -ros-lr 0.001 --ros-anneal-lr 0 --se 1 --se-freq 1 --se-lr 1e-3 --se-epochs 1000 --policy-path policies/Walker2d-v4/best_model.zip --normalization-dir policies/Walker2d-v4
Obtaining file:///var/lib/condor/execute/slot1/dir_3167175/PPOROS/PPOROS/custom-envs
  Preparing metadata (setup.py): started
  Preparing metadata (setup.py): finished with status 'done'
Requirement already satisfied: gym in /var/lib/condor/execute/slot1/dir_3167175/PPOROS/ppo-ros_env/lib/python3.9/site-packages (from custom-envs==0.0.1) (0.21.0)
Requirement already satisfied: cloudpickle>=1.2.0 in /var/lib/condor/execute/slot1/dir_3167175/PPOROS/ppo-ros_env/lib/python3.9/site-packages (from gym->custom-envs==0.0.1) (2.2.1)
Requirement already satisfied: numpy>=1.18.0 in /var/lib/condor/execute/slot1/dir_3167175/PPOROS/ppo-ros_env/lib/python3.9/site-packages (from gym->custom-envs==0.0.1) (1.24.2)
Installing collected packages: custom-envs
  Running setup.py develop for custom-envs
Successfully installed custom-envs-0.0.1
seed: 0
Eval num_timesteps=0, episode_reward=nan +/- nan
Eval num_timesteps=0, episode_success=nan +/- nan
se
1 1024 1024
diff [-0.017185121774673462]
ref [0.29959267377853394]
[0.2824075520038605]
Training time: 14 	steps per sec: 70
Eval num_timesteps=1024, episode_reward=nan +/- nan
Eval num_timesteps=1024, episode_success=nan +/- nan
se
2 2048 1024
diff [-0.017185121774673462, -0.004845462739467621]
ref [0.29959267377853394, 0.11647076904773712]
[0.2824075520038605, 0.1116253063082695]
Training time: 33 	steps per sec: 61
Eval num_timesteps=2048, episode_reward=nan +/- nan
Eval num_timesteps=2048, episode_success=nan +/- nan
se
3 3072 1024
diff [-0.017185121774673462, -0.004845462739467621, -0.01470906287431717]
ref [0.29959267377853394, 0.11647076904773712, 0.09119843691587448]
[0.2824075520038605, 0.1116253063082695, 0.07648937404155731]
Training time: 59 	steps per sec: 51
Eval num_timesteps=3072, episode_reward=nan +/- nan
Eval num_timesteps=3072, episode_success=nan +/- nan
se
4 4096 1024
diff [-0.017185121774673462, -0.004845462739467621, -0.01470906287431717, -0.002201482653617859]
ref [0.29959267377853394, 0.11647076904773712, 0.09119843691587448, 0.05730878934264183]
[0.2824075520038605, 0.1116253063082695, 0.07648937404155731, 0.05510730668902397]
Training time: 90 	steps per sec: 45
Eval num_timesteps=4096, episode_reward=nan +/- nan
Eval num_timesteps=4096, episode_success=nan +/- nan
se
5 5120 1024
diff [-0.017185121774673462, -0.004845462739467621, -0.01470906287431717, -0.002201482653617859, -0.014618434011936188]
ref [0.29959267377853394, 0.11647076904773712, 0.09119843691587448, 0.05730878934264183, 0.05301517993211746]
[0.2824075520038605, 0.1116253063082695, 0.07648937404155731, 0.05510730668902397, 0.038396745920181274]
Training time: 128 	steps per sec: 39
Eval num_timesteps=5120, episode_reward=nan +/- nan
Eval num_timesteps=5120, episode_success=nan +/- nan
se
6 6144 1024
diff [-0.017185121774673462, -0.004845462739467621, -0.01470906287431717, -0.002201482653617859, -0.014618434011936188, -0.01671634614467621]
ref [0.29959267377853394, 0.11647076904773712, 0.09119843691587448, 0.05730878934264183, 0.05301517993211746, 0.04569515585899353]
[0.2824075520038605, 0.1116253063082695, 0.07648937404155731, 0.05510730668902397, 0.038396745920181274, 0.028978809714317322]
Training time: 171 	steps per sec: 35
Eval num_timesteps=6144, episode_reward=nan +/- nan
Eval num_timesteps=6144, episode_success=nan +/- nan
se
7 7168 1024
diff [-0.017185121774673462, -0.004845462739467621, -0.01470906287431717, -0.002201482653617859, -0.014618434011936188, -0.01671634614467621, -0.017583511769771576]
ref [0.29959267377853394, 0.11647076904773712, 0.09119843691587448, 0.05730878934264183, 0.05301517993211746, 0.04569515585899353, 0.041985683143138885]
[0.2824075520038605, 0.1116253063082695, 0.07648937404155731, 0.05510730668902397, 0.038396745920181274, 0.028978809714317322, 0.02440217137336731]
Training time: 222 	steps per sec: 32
Eval num_timesteps=7168, episode_reward=nan +/- nan
Eval num_timesteps=7168, episode_success=nan +/- nan
se
8 8192 1024
diff [-0.017185121774673462, -0.004845462739467621, -0.01470906287431717, -0.002201482653617859, -0.014618434011936188, -0.01671634614467621, -0.017583511769771576, -0.013030635192990303]
ref [0.29959267377853394, 0.11647076904773712, 0.09119843691587448, 0.05730878934264183, 0.05301517993211746, 0.04569515585899353, 0.041985683143138885, 0.035066377371549606]
[0.2824075520038605, 0.1116253063082695, 0.07648937404155731, 0.05510730668902397, 0.038396745920181274, 0.028978809714317322, 0.02440217137336731, 0.022035742178559303]
Training time: 278 	steps per sec: 29
Eval num_timesteps=8192, episode_reward=nan +/- nan
Eval num_timesteps=8192, episode_success=nan +/- nan
se
9 9216 1024
diff [-0.017185121774673462, -0.004845462739467621, -0.01470906287431717, -0.002201482653617859, -0.014618434011936188, -0.01671634614467621, -0.017583511769771576, -0.013030635192990303, -0.011441759765148163]
ref [0.29959267377853394, 0.11647076904773712, 0.09119843691587448, 0.05730878934264183, 0.05301517993211746, 0.04569515585899353, 0.041985683143138885, 0.035066377371549606, 0.031384970992803574]
[0.2824075520038605, 0.1116253063082695, 0.07648937404155731, 0.05510730668902397, 0.038396745920181274, 0.028978809714317322, 0.02440217137336731, 0.022035742178559303, 0.01994321122765541]
Training time: 340 	steps per sec: 27
Eval num_timesteps=9216, episode_reward=nan +/- nan
Eval num_timesteps=9216, episode_success=nan +/- nan
se
10 10240 1024
diff [-0.017185121774673462, -0.004845462739467621, -0.01470906287431717, -0.002201482653617859, -0.014618434011936188, -0.01671634614467621, -0.017583511769771576, -0.013030635192990303, -0.011441759765148163, -0.012983672320842743]
ref [0.29959267377853394, 0.11647076904773712, 0.09119843691587448, 0.05730878934264183, 0.05301517993211746, 0.04569515585899353, 0.041985683143138885, 0.035066377371549606, 0.031384970992803574, 0.029691476374864578]
[0.2824075520038605, 0.1116253063082695, 0.07648937404155731, 0.05510730668902397, 0.038396745920181274, 0.028978809714317322, 0.02440217137336731, 0.022035742178559303, 0.01994321122765541, 0.016707804054021835]
Training time: 409 	steps per sec: 25
Eval num_timesteps=10240, episode_reward=nan +/- nan
Eval num_timesteps=10240, episode_success=nan +/- nan
se
11 11264 1024
diff [-0.017185121774673462, -0.004845462739467621, -0.01470906287431717, -0.002201482653617859, -0.014618434011936188, -0.01671634614467621, -0.017583511769771576, -0.013030635192990303, -0.011441759765148163, -0.012983672320842743, -0.006548083387315273]
ref [0.29959267377853394, 0.11647076904773712, 0.09119843691587448, 0.05730878934264183, 0.05301517993211746, 0.04569515585899353, 0.041985683143138885, 0.035066377371549606, 0.031384970992803574, 0.029691476374864578, 0.022080112248659134]
[0.2824075520038605, 0.1116253063082695, 0.07648937404155731, 0.05510730668902397, 0.038396745920181274, 0.028978809714317322, 0.02440217137336731, 0.022035742178559303, 0.01994321122765541, 0.016707804054021835, 0.01553202886134386]
Training time: 483 	steps per sec: 23
Eval num_timesteps=11264, episode_reward=nan +/- nan
Eval num_timesteps=11264, episode_success=nan +/- nan
se
12 12288 1024
diff [-0.017185121774673462, -0.004845462739467621, -0.01470906287431717, -0.002201482653617859, -0.014618434011936188, -0.01671634614467621, -0.017583511769771576, -0.013030635192990303, -0.011441759765148163, -0.012983672320842743, -0.006548083387315273, -0.00715241115540266]
ref [0.29959267377853394, 0.11647076904773712, 0.09119843691587448, 0.05730878934264183, 0.05301517993211746, 0.04569515585899353, 0.041985683143138885, 0.035066377371549606, 0.031384970992803574, 0.029691476374864578, 0.022080112248659134, 0.0222588200122118]
[0.2824075520038605, 0.1116253063082695, 0.07648937404155731, 0.05510730668902397, 0.038396745920181274, 0.028978809714317322, 0.02440217137336731, 0.022035742178559303, 0.01994321122765541, 0.016707804054021835, 0.01553202886134386, 0.01510640885680914]
Training time: 563 	steps per sec: 21
Eval num_timesteps=12288, episode_reward=nan +/- nan
Eval num_timesteps=12288, episode_success=nan +/- nan
se
13 13312 1024
diff [-0.017185121774673462, -0.004845462739467621, -0.01470906287431717, -0.002201482653617859, -0.014618434011936188, -0.01671634614467621, -0.017583511769771576, -0.013030635192990303, -0.011441759765148163, -0.012983672320842743, -0.006548083387315273, -0.00715241115540266, -0.007347019389271736]
ref [0.29959267377853394, 0.11647076904773712, 0.09119843691587448, 0.05730878934264183, 0.05301517993211746, 0.04569515585899353, 0.041985683143138885, 0.035066377371549606, 0.031384970992803574, 0.029691476374864578, 0.022080112248659134, 0.0222588200122118, 0.020253531634807587]
[0.2824075520038605, 0.1116253063082695, 0.07648937404155731, 0.05510730668902397, 0.038396745920181274, 0.028978809714317322, 0.02440217137336731, 0.022035742178559303, 0.01994321122765541, 0.016707804054021835, 0.01553202886134386, 0.01510640885680914, 0.01290651224553585]
Training time: 646 	steps per sec: 20
Eval num_timesteps=13312, episode_reward=nan +/- nan
Eval num_timesteps=13312, episode_success=nan +/- nan
se
14 14336 1024
diff [-0.017185121774673462, -0.004845462739467621, -0.01470906287431717, -0.002201482653617859, -0.014618434011936188, -0.01671634614467621, -0.017583511769771576, -0.013030635192990303, -0.011441759765148163, -0.012983672320842743, -0.006548083387315273, -0.00715241115540266, -0.007347019389271736, -0.005493129603564739]
ref [0.29959267377853394, 0.11647076904773712, 0.09119843691587448, 0.05730878934264183, 0.05301517993211746, 0.04569515585899353, 0.041985683143138885, 0.035066377371549606, 0.031384970992803574, 0.029691476374864578, 0.022080112248659134, 0.0222588200122118, 0.020253531634807587, 0.016704944893717766]
[0.2824075520038605, 0.1116253063082695, 0.07648937404155731, 0.05510730668902397, 0.038396745920181274, 0.028978809714317322, 0.02440217137336731, 0.022035742178559303, 0.01994321122765541, 0.016707804054021835, 0.01553202886134386, 0.01510640885680914, 0.01290651224553585, 0.011211815290153027]
Training time: 744 	steps per sec: 19
Eval num_timesteps=14336, episode_reward=nan +/- nan
Eval num_timesteps=14336, episode_success=nan +/- nan
se
15 15360 1024
diff [-0.017185121774673462, -0.004845462739467621, -0.01470906287431717, -0.002201482653617859, -0.014618434011936188, -0.01671634614467621, -0.017583511769771576, -0.013030635192990303, -0.011441759765148163, -0.012983672320842743, -0.006548083387315273, -0.00715241115540266, -0.007347019389271736, -0.005493129603564739, -0.004483303986489773]
ref [0.29959267377853394, 0.11647076904773712, 0.09119843691587448, 0.05730878934264183, 0.05301517993211746, 0.04569515585899353, 0.041985683143138885, 0.035066377371549606, 0.031384970992803574, 0.029691476374864578, 0.022080112248659134, 0.0222588200122118, 0.020253531634807587, 0.016704944893717766, 0.014565365388989449]
[0.2824075520038605, 0.1116253063082695, 0.07648937404155731, 0.05510730668902397, 0.038396745920181274, 0.028978809714317322, 0.02440217137336731, 0.022035742178559303, 0.01994321122765541, 0.016707804054021835, 0.01553202886134386, 0.01510640885680914, 0.01290651224553585, 0.011211815290153027, 0.010082061402499676]
Training time: 838 	steps per sec: 18
Eval num_timesteps=15360, episode_reward=nan +/- nan
Eval num_timesteps=15360, episode_success=nan +/- nan
se
16 16384 1024
diff [-0.017185121774673462, -0.004845462739467621, -0.01470906287431717, -0.002201482653617859, -0.014618434011936188, -0.01671634614467621, -0.017583511769771576, -0.013030635192990303, -0.011441759765148163, -0.012983672320842743, -0.006548083387315273, -0.00715241115540266, -0.007347019389271736, -0.005493129603564739, -0.004483303986489773, -0.008348613046109676]
ref [0.29959267377853394, 0.11647076904773712, 0.09119843691587448, 0.05730878934264183, 0.05301517993211746, 0.04569515585899353, 0.041985683143138885, 0.035066377371549606, 0.031384970992803574, 0.029691476374864578, 0.022080112248659134, 0.0222588200122118, 0.020253531634807587, 0.016704944893717766, 0.014565365388989449, 0.017591500654816628]
[0.2824075520038605, 0.1116253063082695, 0.07648937404155731, 0.05510730668902397, 0.038396745920181274, 0.028978809714317322, 0.02440217137336731, 0.022035742178559303, 0.01994321122765541, 0.016707804054021835, 0.01553202886134386, 0.01510640885680914, 0.01290651224553585, 0.011211815290153027, 0.010082061402499676, 0.009242887608706951]
Training time: 918 	steps per sec: 17
Eval num_timesteps=16384, episode_reward=nan +/- nan
Eval num_timesteps=16384, episode_success=nan +/- nan
se
16 16384 1024
diff [-0.017185121774673462, -0.004845462739467621, -0.01470906287431717, -0.002201482653617859, -0.014618434011936188, -0.01671634614467621, -0.017583511769771576, -0.013030635192990303, -0.011441759765148163, -0.012983672320842743, -0.006548083387315273, -0.00715241115540266, -0.007347019389271736, -0.005493129603564739, -0.004483303986489773, -0.008348613046109676, -0.007501096464693546]
ref [0.29959267377853394, 0.11647076904773712, 0.09119843691587448, 0.05730878934264183, 0.05301517993211746, 0.04569515585899353, 0.041985683143138885, 0.035066377371549606, 0.031384970992803574, 0.029691476374864578, 0.022080112248659134, 0.0222588200122118, 0.020253531634807587, 0.016704944893717766, 0.014565365388989449, 0.017591500654816628, 0.01700866036117077]
[0.2824075520038605, 0.1116253063082695, 0.07648937404155731, 0.05510730668902397, 0.038396745920181274, 0.028978809714317322, 0.02440217137336731, 0.022035742178559303, 0.01994321122765541, 0.016707804054021835, 0.01553202886134386, 0.01510640885680914, 0.01290651224553585, 0.011211815290153027, 0.010082061402499676, 0.009242887608706951, 0.009507563896477222]
Training time: 1035 	steps per sec: 16
Eval num_timesteps=17408, episode_reward=nan +/- nan
Eval num_timesteps=17408, episode_success=nan +/- nan
se
16 16384 1024
diff [-0.017185121774673462, -0.004845462739467621, -0.01470906287431717, -0.002201482653617859, -0.014618434011936188, -0.01671634614467621, -0.017583511769771576, -0.013030635192990303, -0.011441759765148163, -0.012983672320842743, -0.006548083387315273, -0.00715241115540266, -0.007347019389271736, -0.005493129603564739, -0.004483303986489773, -0.008348613046109676, -0.007501096464693546, -0.006874381564557552]
ref [0.29959267377853394, 0.11647076904773712, 0.09119843691587448, 0.05730878934264183, 0.05301517993211746, 0.04569515585899353, 0.041985683143138885, 0.035066377371549606, 0.031384970992803574, 0.029691476374864578, 0.022080112248659134, 0.0222588200122118, 0.020253531634807587, 0.016704944893717766, 0.014565365388989449, 0.017591500654816628, 0.01700866036117077, 0.01719239167869091]
[0.2824075520038605, 0.1116253063082695, 0.07648937404155731, 0.05510730668902397, 0.038396745920181274, 0.028978809714317322, 0.02440217137336731, 0.022035742178559303, 0.01994321122765541, 0.016707804054021835, 0.01553202886134386, 0.01510640885680914, 0.01290651224553585, 0.011211815290153027, 0.010082061402499676, 0.009242887608706951, 0.009507563896477222, 0.010318010114133358]
Training time: 1157 	steps per sec: 15
Eval num_timesteps=18432, episode_reward=nan +/- nan
Eval num_timesteps=18432, episode_success=nan +/- nan
se
16 16384 1024
diff [-0.017185121774673462, -0.004845462739467621, -0.01470906287431717, -0.002201482653617859, -0.014618434011936188, -0.01671634614467621, -0.017583511769771576, -0.013030635192990303, -0.011441759765148163, -0.012983672320842743, -0.006548083387315273, -0.00715241115540266, -0.007347019389271736, -0.005493129603564739, -0.004483303986489773, -0.008348613046109676, -0.007501096464693546, -0.006874381564557552, -0.004513929598033428]
ref [0.29959267377853394, 0.11647076904773712, 0.09119843691587448, 0.05730878934264183, 0.05301517993211746, 0.04569515585899353, 0.041985683143138885, 0.035066377371549606, 0.031384970992803574, 0.029691476374864578, 0.022080112248659134, 0.0222588200122118, 0.020253531634807587, 0.016704944893717766, 0.014565365388989449, 0.017591500654816628, 0.01700866036117077, 0.01719239167869091, 0.015200185589492321]
[0.2824075520038605, 0.1116253063082695, 0.07648937404155731, 0.05510730668902397, 0.038396745920181274, 0.028978809714317322, 0.02440217137336731, 0.022035742178559303, 0.01994321122765541, 0.016707804054021835, 0.01553202886134386, 0.01510640885680914, 0.01290651224553585, 0.011211815290153027, 0.010082061402499676, 0.009242887608706951, 0.009507563896477222, 0.010318010114133358, 0.010686255991458893]
Training time: 1270 	steps per sec: 15
Eval num_timesteps=19456, episode_reward=nan +/- nan
Eval num_timesteps=19456, episode_success=nan +/- nan
se
16 16384 1024
diff [-0.017185121774673462, -0.004845462739467621, -0.01470906287431717, -0.002201482653617859, -0.014618434011936188, -0.01671634614467621, -0.017583511769771576, -0.013030635192990303, -0.011441759765148163, -0.012983672320842743, -0.006548083387315273, -0.00715241115540266, -0.007347019389271736, -0.005493129603564739, -0.004483303986489773, -0.008348613046109676, -0.007501096464693546, -0.006874381564557552, -0.004513929598033428, -0.005516504868865013]
ref [0.29959267377853394, 0.11647076904773712, 0.09119843691587448, 0.05730878934264183, 0.05301517993211746, 0.04569515585899353, 0.041985683143138885, 0.035066377371549606, 0.031384970992803574, 0.029691476374864578, 0.022080112248659134, 0.0222588200122118, 0.020253531634807587, 0.016704944893717766, 0.014565365388989449, 0.017591500654816628, 0.01700866036117077, 0.01719239167869091, 0.015200185589492321, 0.016614768654108047]
[0.2824075520038605, 0.1116253063082695, 0.07648937404155731, 0.05510730668902397, 0.038396745920181274, 0.028978809714317322, 0.02440217137336731, 0.022035742178559303, 0.01994321122765541, 0.016707804054021835, 0.01553202886134386, 0.01510640885680914, 0.01290651224553585, 0.011211815290153027, 0.010082061402499676, 0.009242887608706951, 0.009507563896477222, 0.010318010114133358, 0.010686255991458893, 0.011098263785243034]
Training time: 1387 	steps per sec: 14
Eval num_timesteps=20480, episode_reward=nan +/- nan
Eval num_timesteps=20480, episode_success=nan +/- nan
se
16 16384 1024
diff [-0.017185121774673462, -0.004845462739467621, -0.01470906287431717, -0.002201482653617859, -0.014618434011936188, -0.01671634614467621, -0.017583511769771576, -0.013030635192990303, -0.011441759765148163, -0.012983672320842743, -0.006548083387315273, -0.00715241115540266, -0.007347019389271736, -0.005493129603564739, -0.004483303986489773, -0.008348613046109676, -0.007501096464693546, -0.006874381564557552, -0.004513929598033428, -0.005516504868865013, -0.006837015971541405]
ref [0.29959267377853394, 0.11647076904773712, 0.09119843691587448, 0.05730878934264183, 0.05301517993211746, 0.04569515585899353, 0.041985683143138885, 0.035066377371549606, 0.031384970992803574, 0.029691476374864578, 0.022080112248659134, 0.0222588200122118, 0.020253531634807587, 0.016704944893717766, 0.014565365388989449, 0.017591500654816628, 0.01700866036117077, 0.01719239167869091, 0.015200185589492321, 0.016614768654108047, 0.01763986237347126]
[0.2824075520038605, 0.1116253063082695, 0.07648937404155731, 0.05510730668902397, 0.038396745920181274, 0.028978809714317322, 0.02440217137336731, 0.022035742178559303, 0.01994321122765541, 0.016707804054021835, 0.01553202886134386, 0.01510640885680914, 0.01290651224553585, 0.011211815290153027, 0.010082061402499676, 0.009242887608706951, 0.009507563896477222, 0.010318010114133358, 0.010686255991458893, 0.011098263785243034, 0.010802846401929855]
Training time: 1516 	steps per sec: 14
Eval num_timesteps=21504, episode_reward=nan +/- nan
Eval num_timesteps=21504, episode_success=nan +/- nan
se
16 16384 1024
diff [-0.017185121774673462, -0.004845462739467621, -0.01470906287431717, -0.002201482653617859, -0.014618434011936188, -0.01671634614467621, -0.017583511769771576, -0.013030635192990303, -0.011441759765148163, -0.012983672320842743, -0.006548083387315273, -0.00715241115540266, -0.007347019389271736, -0.005493129603564739, -0.004483303986489773, -0.008348613046109676, -0.007501096464693546, -0.006874381564557552, -0.004513929598033428, -0.005516504868865013, -0.006837015971541405, -0.006293346174061298]
ref [0.29959267377853394, 0.11647076904773712, 0.09119843691587448, 0.05730878934264183, 0.05301517993211746, 0.04569515585899353, 0.041985683143138885, 0.035066377371549606, 0.031384970992803574, 0.029691476374864578, 0.022080112248659134, 0.0222588200122118, 0.020253531634807587, 0.016704944893717766, 0.014565365388989449, 0.017591500654816628, 0.01700866036117077, 0.01719239167869091, 0.015200185589492321, 0.016614768654108047, 0.01763986237347126, 0.017087746411561966]
[0.2824075520038605, 0.1116253063082695, 0.07648937404155731, 0.05510730668902397, 0.038396745920181274, 0.028978809714317322, 0.02440217137336731, 0.022035742178559303, 0.01994321122765541, 0.016707804054021835, 0.01553202886134386, 0.01510640885680914, 0.01290651224553585, 0.011211815290153027, 0.010082061402499676, 0.009242887608706951, 0.009507563896477222, 0.010318010114133358, 0.010686255991458893, 0.011098263785243034, 0.010802846401929855, 0.010794400237500668]
Training time: 1653 	steps per sec: 13
Eval num_timesteps=22528, episode_reward=nan +/- nan
Eval num_timesteps=22528, episode_success=nan +/- nan
se
16 16384 1024
diff [-0.017185121774673462, -0.004845462739467621, -0.01470906287431717, -0.002201482653617859, -0.014618434011936188, -0.01671634614467621, -0.017583511769771576, -0.013030635192990303, -0.011441759765148163, -0.012983672320842743, -0.006548083387315273, -0.00715241115540266, -0.007347019389271736, -0.005493129603564739, -0.004483303986489773, -0.008348613046109676, -0.007501096464693546, -0.006874381564557552, -0.004513929598033428, -0.005516504868865013, -0.006837015971541405, -0.006293346174061298, -0.004470692947506905]
ref [0.29959267377853394, 0.11647076904773712, 0.09119843691587448, 0.05730878934264183, 0.05301517993211746, 0.04569515585899353, 0.041985683143138885, 0.035066377371549606, 0.031384970992803574, 0.029691476374864578, 0.022080112248659134, 0.0222588200122118, 0.020253531634807587, 0.016704944893717766, 0.014565365388989449, 0.017591500654816628, 0.01700866036117077, 0.01719239167869091, 0.015200185589492321, 0.016614768654108047, 0.01763986237347126, 0.017087746411561966, 0.015274330973625183]
[0.2824075520038605, 0.1116253063082695, 0.07648937404155731, 0.05510730668902397, 0.038396745920181274, 0.028978809714317322, 0.02440217137336731, 0.022035742178559303, 0.01994321122765541, 0.016707804054021835, 0.01553202886134386, 0.01510640885680914, 0.01290651224553585, 0.011211815290153027, 0.010082061402499676, 0.009242887608706951, 0.009507563896477222, 0.010318010114133358, 0.010686255991458893, 0.011098263785243034, 0.010802846401929855, 0.010794400237500668, 0.010803638026118279]
Training time: 1781 	steps per sec: 13
Eval num_timesteps=23552, episode_reward=nan +/- nan
Eval num_timesteps=23552, episode_success=nan +/- nan
se
16 16384 1024
diff [-0.017185121774673462, -0.004845462739467621, -0.01470906287431717, -0.002201482653617859, -0.014618434011936188, -0.01671634614467621, -0.017583511769771576, -0.013030635192990303, -0.011441759765148163, -0.012983672320842743, -0.006548083387315273, -0.00715241115540266, -0.007347019389271736, -0.005493129603564739, -0.004483303986489773, -0.008348613046109676, -0.007501096464693546, -0.006874381564557552, -0.004513929598033428, -0.005516504868865013, -0.006837015971541405, -0.006293346174061298, -0.004470692947506905, -0.006857415661215782]
ref [0.29959267377853394, 0.11647076904773712, 0.09119843691587448, 0.05730878934264183, 0.05301517993211746, 0.04569515585899353, 0.041985683143138885, 0.035066377371549606, 0.031384970992803574, 0.029691476374864578, 0.022080112248659134, 0.0222588200122118, 0.020253531634807587, 0.016704944893717766, 0.014565365388989449, 0.017591500654816628, 0.01700866036117077, 0.01719239167869091, 0.015200185589492321, 0.016614768654108047, 0.01763986237347126, 0.017087746411561966, 0.015274330973625183, 0.01797735132277012]
[0.2824075520038605, 0.1116253063082695, 0.07648937404155731, 0.05510730668902397, 0.038396745920181274, 0.028978809714317322, 0.02440217137336731, 0.022035742178559303, 0.01994321122765541, 0.016707804054021835, 0.01553202886134386, 0.01510640885680914, 0.01290651224553585, 0.011211815290153027, 0.010082061402499676, 0.009242887608706951, 0.009507563896477222, 0.010318010114133358, 0.010686255991458893, 0.011098263785243034, 0.010802846401929855, 0.010794400237500668, 0.010803638026118279, 0.011119935661554337]
Training time: 1906 	steps per sec: 12
Eval num_timesteps=24576, episode_reward=nan +/- nan
Eval num_timesteps=24576, episode_success=nan +/- nan
se
16 16384 1024
diff [-0.017185121774673462, -0.004845462739467621, -0.01470906287431717, -0.002201482653617859, -0.014618434011936188, -0.01671634614467621, -0.017583511769771576, -0.013030635192990303, -0.011441759765148163, -0.012983672320842743, -0.006548083387315273, -0.00715241115540266, -0.007347019389271736, -0.005493129603564739, -0.004483303986489773, -0.008348613046109676, -0.007501096464693546, -0.006874381564557552, -0.004513929598033428, -0.005516504868865013, -0.006837015971541405, -0.006293346174061298, -0.004470692947506905, -0.006857415661215782, -0.004700896330177784]
ref [0.29959267377853394, 0.11647076904773712, 0.09119843691587448, 0.05730878934264183, 0.05301517993211746, 0.04569515585899353, 0.041985683143138885, 0.035066377371549606, 0.031384970992803574, 0.029691476374864578, 0.022080112248659134, 0.0222588200122118, 0.020253531634807587, 0.016704944893717766, 0.014565365388989449, 0.017591500654816628, 0.01700866036117077, 0.01719239167869091, 0.015200185589492321, 0.016614768654108047, 0.01763986237347126, 0.017087746411561966, 0.015274330973625183, 0.01797735132277012, 0.015648983418941498]
[0.2824075520038605, 0.1116253063082695, 0.07648937404155731, 0.05510730668902397, 0.038396745920181274, 0.028978809714317322, 0.02440217137336731, 0.022035742178559303, 0.01994321122765541, 0.016707804054021835, 0.01553202886134386, 0.01510640885680914, 0.01290651224553585, 0.011211815290153027, 0.010082061402499676, 0.009242887608706951, 0.009507563896477222, 0.010318010114133358, 0.010686255991458893, 0.011098263785243034, 0.010802846401929855, 0.010794400237500668, 0.010803638026118279, 0.011119935661554337, 0.010948087088763714]
Training time: 2032 	steps per sec: 12
Eval num_timesteps=25600, episode_reward=nan +/- nan
Eval num_timesteps=25600, episode_success=nan +/- nan
se
16 16384 1024
diff [-0.017185121774673462, -0.004845462739467621, -0.01470906287431717, -0.002201482653617859, -0.014618434011936188, -0.01671634614467621, -0.017583511769771576, -0.013030635192990303, -0.011441759765148163, -0.012983672320842743, -0.006548083387315273, -0.00715241115540266, -0.007347019389271736, -0.005493129603564739, -0.004483303986489773, -0.008348613046109676, -0.007501096464693546, -0.006874381564557552, -0.004513929598033428, -0.005516504868865013, -0.006837015971541405, -0.006293346174061298, -0.004470692947506905, -0.006857415661215782, -0.004700896330177784, -0.007020076736807823]
ref [0.29959267377853394, 0.11647076904773712, 0.09119843691587448, 0.05730878934264183, 0.05301517993211746, 0.04569515585899353, 0.041985683143138885, 0.035066377371549606, 0.031384970992803574, 0.029691476374864578, 0.022080112248659134, 0.0222588200122118, 0.020253531634807587, 0.016704944893717766, 0.014565365388989449, 0.017591500654816628, 0.01700866036117077, 0.01719239167869091, 0.015200185589492321, 0.016614768654108047, 0.01763986237347126, 0.017087746411561966, 0.015274330973625183, 0.01797735132277012, 0.015648983418941498, 0.018643870949745178]
[0.2824075520038605, 0.1116253063082695, 0.07648937404155731, 0.05510730668902397, 0.038396745920181274, 0.028978809714317322, 0.02440217137336731, 0.022035742178559303, 0.01994321122765541, 0.016707804054021835, 0.01553202886134386, 0.01510640885680914, 0.01290651224553585, 0.011211815290153027, 0.010082061402499676, 0.009242887608706951, 0.009507563896477222, 0.010318010114133358, 0.010686255991458893, 0.011098263785243034, 0.010802846401929855, 0.010794400237500668, 0.010803638026118279, 0.011119935661554337, 0.010948087088763714, 0.011623794212937355]
Training time: 2154 	steps per sec: 12
Eval num_timesteps=26624, episode_reward=nan +/- nan
Eval num_timesteps=26624, episode_success=nan +/- nan
se
16 16384 1024
diff [-0.017185121774673462, -0.004845462739467621, -0.01470906287431717, -0.002201482653617859, -0.014618434011936188, -0.01671634614467621, -0.017583511769771576, -0.013030635192990303, -0.011441759765148163, -0.012983672320842743, -0.006548083387315273, -0.00715241115540266, -0.007347019389271736, -0.005493129603564739, -0.004483303986489773, -0.008348613046109676, -0.007501096464693546, -0.006874381564557552, -0.004513929598033428, -0.005516504868865013, -0.006837015971541405, -0.006293346174061298, -0.004470692947506905, -0.006857415661215782, -0.004700896330177784, -0.007020076736807823, -0.005061224102973938]
ref [0.29959267377853394, 0.11647076904773712, 0.09119843691587448, 0.05730878934264183, 0.05301517993211746, 0.04569515585899353, 0.041985683143138885, 0.035066377371549606, 0.031384970992803574, 0.029691476374864578, 0.022080112248659134, 0.0222588200122118, 0.020253531634807587, 0.016704944893717766, 0.014565365388989449, 0.017591500654816628, 0.01700866036117077, 0.01719239167869091, 0.015200185589492321, 0.016614768654108047, 0.01763986237347126, 0.017087746411561966, 0.015274330973625183, 0.01797735132277012, 0.015648983418941498, 0.018643870949745178, 0.01594405621290207]
[0.2824075520038605, 0.1116253063082695, 0.07648937404155731, 0.05510730668902397, 0.038396745920181274, 0.028978809714317322, 0.02440217137336731, 0.022035742178559303, 0.01994321122765541, 0.016707804054021835, 0.01553202886134386, 0.01510640885680914, 0.01290651224553585, 0.011211815290153027, 0.010082061402499676, 0.009242887608706951, 0.009507563896477222, 0.010318010114133358, 0.010686255991458893, 0.011098263785243034, 0.010802846401929855, 0.010794400237500668, 0.010803638026118279, 0.011119935661554337, 0.010948087088763714, 0.011623794212937355, 0.010882832109928131]
Training time: 2286 	steps per sec: 12
Eval num_timesteps=27648, episode_reward=nan +/- nan
Eval num_timesteps=27648, episode_success=nan +/- nan
se
16 16384 1024
diff [-0.017185121774673462, -0.004845462739467621, -0.01470906287431717, -0.002201482653617859, -0.014618434011936188, -0.01671634614467621, -0.017583511769771576, -0.013030635192990303, -0.011441759765148163, -0.012983672320842743, -0.006548083387315273, -0.00715241115540266, -0.007347019389271736, -0.005493129603564739, -0.004483303986489773, -0.008348613046109676, -0.007501096464693546, -0.006874381564557552, -0.004513929598033428, -0.005516504868865013, -0.006837015971541405, -0.006293346174061298, -0.004470692947506905, -0.006857415661215782, -0.004700896330177784, -0.007020076736807823, -0.005061224102973938, -0.005933643318712711]
ref [0.29959267377853394, 0.11647076904773712, 0.09119843691587448, 0.05730878934264183, 0.05301517993211746, 0.04569515585899353, 0.041985683143138885, 0.035066377371549606, 0.031384970992803574, 0.029691476374864578, 0.022080112248659134, 0.0222588200122118, 0.020253531634807587, 0.016704944893717766, 0.014565365388989449, 0.017591500654816628, 0.01700866036117077, 0.01719239167869091, 0.015200185589492321, 0.016614768654108047, 0.01763986237347126, 0.017087746411561966, 0.015274330973625183, 0.01797735132277012, 0.015648983418941498, 0.018643870949745178, 0.01594405621290207, 0.016655953601002693]
[0.2824075520038605, 0.1116253063082695, 0.07648937404155731, 0.05510730668902397, 0.038396745920181274, 0.028978809714317322, 0.02440217137336731, 0.022035742178559303, 0.01994321122765541, 0.016707804054021835, 0.01553202886134386, 0.01510640885680914, 0.01290651224553585, 0.011211815290153027, 0.010082061402499676, 0.009242887608706951, 0.009507563896477222, 0.010318010114133358, 0.010686255991458893, 0.011098263785243034, 0.010802846401929855, 0.010794400237500668, 0.010803638026118279, 0.011119935661554337, 0.010948087088763714, 0.011623794212937355, 0.010882832109928131, 0.010722310282289982]
Training time: 2379 	steps per sec: 12
Eval num_timesteps=28672, episode_reward=nan +/- nan
Eval num_timesteps=28672, episode_success=nan +/- nan
se
16 16384 1024
diff [-0.017185121774673462, -0.004845462739467621, -0.01470906287431717, -0.002201482653617859, -0.014618434011936188, -0.01671634614467621, -0.017583511769771576, -0.013030635192990303, -0.011441759765148163, -0.012983672320842743, -0.006548083387315273, -0.00715241115540266, -0.007347019389271736, -0.005493129603564739, -0.004483303986489773, -0.008348613046109676, -0.007501096464693546, -0.006874381564557552, -0.004513929598033428, -0.005516504868865013, -0.006837015971541405, -0.006293346174061298, -0.004470692947506905, -0.006857415661215782, -0.004700896330177784, -0.007020076736807823, -0.005061224102973938, -0.005933643318712711, -0.005663085728883743]
ref [0.29959267377853394, 0.11647076904773712, 0.09119843691587448, 0.05730878934264183, 0.05301517993211746, 0.04569515585899353, 0.041985683143138885, 0.035066377371549606, 0.031384970992803574, 0.029691476374864578, 0.022080112248659134, 0.0222588200122118, 0.020253531634807587, 0.016704944893717766, 0.014565365388989449, 0.017591500654816628, 0.01700866036117077, 0.01719239167869091, 0.015200185589492321, 0.016614768654108047, 0.01763986237347126, 0.017087746411561966, 0.015274330973625183, 0.01797735132277012, 0.015648983418941498, 0.018643870949745178, 0.01594405621290207, 0.016655953601002693, 0.016126848757267]
[0.2824075520038605, 0.1116253063082695, 0.07648937404155731, 0.05510730668902397, 0.038396745920181274, 0.028978809714317322, 0.02440217137336731, 0.022035742178559303, 0.01994321122765541, 0.016707804054021835, 0.01553202886134386, 0.01510640885680914, 0.01290651224553585, 0.011211815290153027, 0.010082061402499676, 0.009242887608706951, 0.009507563896477222, 0.010318010114133358, 0.010686255991458893, 0.011098263785243034, 0.010802846401929855, 0.010794400237500668, 0.010803638026118279, 0.011119935661554337, 0.010948087088763714, 0.011623794212937355, 0.010882832109928131, 0.010722310282289982, 0.010463763028383255]
Training time: 2489 	steps per sec: 11
Eval num_timesteps=29696, episode_reward=nan +/- nan
Eval num_timesteps=29696, episode_success=nan +/- nan
se
16 16384 1024
diff [-0.017185121774673462, -0.004845462739467621, -0.01470906287431717, -0.002201482653617859, -0.014618434011936188, -0.01671634614467621, -0.017583511769771576, -0.013030635192990303, -0.011441759765148163, -0.012983672320842743, -0.006548083387315273, -0.00715241115540266, -0.007347019389271736, -0.005493129603564739, -0.004483303986489773, -0.008348613046109676, -0.007501096464693546, -0.006874381564557552, -0.004513929598033428, -0.005516504868865013, -0.006837015971541405, -0.006293346174061298, -0.004470692947506905, -0.006857415661215782, -0.004700896330177784, -0.007020076736807823, -0.005061224102973938, -0.005933643318712711, -0.005663085728883743, -0.005215851590037346]
ref [0.29959267377853394, 0.11647076904773712, 0.09119843691587448, 0.05730878934264183, 0.05301517993211746, 0.04569515585899353, 0.041985683143138885, 0.035066377371549606, 0.031384970992803574, 0.029691476374864578, 0.022080112248659134, 0.0222588200122118, 0.020253531634807587, 0.016704944893717766, 0.014565365388989449, 0.017591500654816628, 0.01700866036117077, 0.01719239167869091, 0.015200185589492321, 0.016614768654108047, 0.01763986237347126, 0.017087746411561966, 0.015274330973625183, 0.01797735132277012, 0.015648983418941498, 0.018643870949745178, 0.01594405621290207, 0.016655953601002693, 0.016126848757267, 0.015501224435865879]
[0.2824075520038605, 0.1116253063082695, 0.07648937404155731, 0.05510730668902397, 0.038396745920181274, 0.028978809714317322, 0.02440217137336731, 0.022035742178559303, 0.01994321122765541, 0.016707804054021835, 0.01553202886134386, 0.01510640885680914, 0.01290651224553585, 0.011211815290153027, 0.010082061402499676, 0.009242887608706951, 0.009507563896477222, 0.010318010114133358, 0.010686255991458893, 0.011098263785243034, 0.010802846401929855, 0.010794400237500668, 0.010803638026118279, 0.011119935661554337, 0.010948087088763714, 0.011623794212937355, 0.010882832109928131, 0.010722310282289982, 0.010463763028383255, 0.010285372845828533]
Training time: 2604 	steps per sec: 11
Eval num_timesteps=30720, episode_reward=nan +/- nan
Eval num_timesteps=30720, episode_success=nan +/- nan
se
16 16384 1024
diff [-0.017185121774673462, -0.004845462739467621, -0.01470906287431717, -0.002201482653617859, -0.014618434011936188, -0.01671634614467621, -0.017583511769771576, -0.013030635192990303, -0.011441759765148163, -0.012983672320842743, -0.006548083387315273, -0.00715241115540266, -0.007347019389271736, -0.005493129603564739, -0.004483303986489773, -0.008348613046109676, -0.007501096464693546, -0.006874381564557552, -0.004513929598033428, -0.005516504868865013, -0.006837015971541405, -0.006293346174061298, -0.004470692947506905, -0.006857415661215782, -0.004700896330177784, -0.007020076736807823, -0.005061224102973938, -0.005933643318712711, -0.005663085728883743, -0.005215851590037346, -0.004857673309743404]
ref [0.29959267377853394, 0.11647076904773712, 0.09119843691587448, 0.05730878934264183, 0.05301517993211746, 0.04569515585899353, 0.041985683143138885, 0.035066377371549606, 0.031384970992803574, 0.029691476374864578, 0.022080112248659134, 0.0222588200122118, 0.020253531634807587, 0.016704944893717766, 0.014565365388989449, 0.017591500654816628, 0.01700866036117077, 0.01719239167869091, 0.015200185589492321, 0.016614768654108047, 0.01763986237347126, 0.017087746411561966, 0.015274330973625183, 0.01797735132277012, 0.015648983418941498, 0.018643870949745178, 0.01594405621290207, 0.016655953601002693, 0.016126848757267, 0.015501224435865879, 0.015681086108088493]
[0.2824075520038605, 0.1116253063082695, 0.07648937404155731, 0.05510730668902397, 0.038396745920181274, 0.028978809714317322, 0.02440217137336731, 0.022035742178559303, 0.01994321122765541, 0.016707804054021835, 0.01553202886134386, 0.01510640885680914, 0.01290651224553585, 0.011211815290153027, 0.010082061402499676, 0.009242887608706951, 0.009507563896477222, 0.010318010114133358, 0.010686255991458893, 0.011098263785243034, 0.010802846401929855, 0.010794400237500668, 0.010803638026118279, 0.011119935661554337, 0.010948087088763714, 0.011623794212937355, 0.010882832109928131, 0.010722310282289982, 0.010463763028383255, 0.010285372845828533, 0.010823412798345089]
Training time: 2742 	steps per sec: 11
Eval num_timesteps=31744, episode_reward=nan +/- nan
Eval num_timesteps=31744, episode_success=nan +/- nan
se
16 16384 1024
diff [-0.017185121774673462, -0.004845462739467621, -0.01470906287431717, -0.002201482653617859, -0.014618434011936188, -0.01671634614467621, -0.017583511769771576, -0.013030635192990303, -0.011441759765148163, -0.012983672320842743, -0.006548083387315273, -0.00715241115540266, -0.007347019389271736, -0.005493129603564739, -0.004483303986489773, -0.008348613046109676, -0.007501096464693546, -0.006874381564557552, -0.004513929598033428, -0.005516504868865013, -0.006837015971541405, -0.006293346174061298, -0.004470692947506905, -0.006857415661215782, -0.004700896330177784, -0.007020076736807823, -0.005061224102973938, -0.005933643318712711, -0.005663085728883743, -0.005215851590037346, -0.004857673309743404, -0.005297565832734108]
ref [0.29959267377853394, 0.11647076904773712, 0.09119843691587448, 0.05730878934264183, 0.05301517993211746, 0.04569515585899353, 0.041985683143138885, 0.035066377371549606, 0.031384970992803574, 0.029691476374864578, 0.022080112248659134, 0.0222588200122118, 0.020253531634807587, 0.016704944893717766, 0.014565365388989449, 0.017591500654816628, 0.01700866036117077, 0.01719239167869091, 0.015200185589492321, 0.016614768654108047, 0.01763986237347126, 0.017087746411561966, 0.015274330973625183, 0.01797735132277012, 0.015648983418941498, 0.018643870949745178, 0.01594405621290207, 0.016655953601002693, 0.016126848757267, 0.015501224435865879, 0.015681086108088493, 0.016037549823522568]
[0.2824075520038605, 0.1116253063082695, 0.07648937404155731, 0.05510730668902397, 0.038396745920181274, 0.028978809714317322, 0.02440217137336731, 0.022035742178559303, 0.01994321122765541, 0.016707804054021835, 0.01553202886134386, 0.01510640885680914, 0.01290651224553585, 0.011211815290153027, 0.010082061402499676, 0.009242887608706951, 0.009507563896477222, 0.010318010114133358, 0.010686255991458893, 0.011098263785243034, 0.010802846401929855, 0.010794400237500668, 0.010803638026118279, 0.011119935661554337, 0.010948087088763714, 0.011623794212937355, 0.010882832109928131, 0.010722310282289982, 0.010463763028383255, 0.010285372845828533, 0.010823412798345089, 0.01073998399078846]
Training time: 2864 	steps per sec: 11
Eval num_timesteps=32768, episode_reward=nan +/- nan
Eval num_timesteps=32768, episode_success=nan +/- nan
results/Walker2d-v4/
results/Walker2d-v4/ppo_ros/
results/Walker2d-v4/ppo_ros/expert/
results/Walker2d-v4/ppo_ros/expert/b_16/
results/Walker2d-v4/ppo_ros/expert/b_16/no_lambda/
results/Walker2d-v4/ppo_ros/expert/b_16/no_lambda/run_0/
results/Walker2d-v4/ppo_ros/expert/b_16/no_lambda/run_0/config.yml
results/Walker2d-v4/ppo_ros/expert/b_16/no_lambda/run_0/stats.npz
results/Walker2d-v4/ppo_ros/expert/b_16/no_lambda/run_0/evaluations.npz
