ppo_ros_continuous.py --env-id Walker2d-v4 -s expert/b_16/no_clip_lambda --total-timesteps 32768 --eval-freq 1 --eval-episodes 0 -b 16 --num-steps 1024 -lr 0 --update-epochs 0 --anneal-lr 0 --ros-num-steps 256 --ros-update-epochs 16 --ros-target-kl 0.05 --ros-clip-coef 999999999 --ros-lambda 0 -ros-lr 0.001 --ros-anneal-lr 0 --se 1 --se-freq 1 --se-lr 1e-3 --se-epochs 1000 --policy-path policies/Walker2d-v4/best_model.zip --normalization-dir policies/Walker2d-v4
Obtaining file:///var/lib/condor/execute/slot1/dir_394785/PPOROS/PPOROS/custom-envs
  Preparing metadata (setup.py): started
  Preparing metadata (setup.py): finished with status 'done'
Requirement already satisfied: gym in /var/lib/condor/execute/slot1/dir_394785/PPOROS/ppo-ros_env/lib/python3.9/site-packages (from custom-envs==0.0.1) (0.21.0)
Requirement already satisfied: numpy>=1.18.0 in /var/lib/condor/execute/slot1/dir_394785/PPOROS/ppo-ros_env/lib/python3.9/site-packages (from gym->custom-envs==0.0.1) (1.24.2)
Requirement already satisfied: cloudpickle>=1.2.0 in /var/lib/condor/execute/slot1/dir_394785/PPOROS/ppo-ros_env/lib/python3.9/site-packages (from gym->custom-envs==0.0.1) (2.2.1)
Installing collected packages: custom-envs
  Running setup.py develop for custom-envs
Successfully installed custom-envs-0.0.1
seed: 2
Eval num_timesteps=0, episode_reward=nan +/- nan
Eval num_timesteps=0, episode_success=nan +/- nan
se
1 1024 1024
diff [0.0636419951915741]
ref [0.295756995677948]
[0.3593989908695221]
Training time: 13 	steps per sec: 75
Eval num_timesteps=1024, episode_reward=nan +/- nan
Eval num_timesteps=1024, episode_success=nan +/- nan
se
2 2048 1024
diff [0.0636419951915741, -0.035774216055870056]
ref [0.295756995677948, 0.15621834993362427]
[0.3593989908695221, 0.12044413387775421]
Training time: 32 	steps per sec: 62
Eval num_timesteps=2048, episode_reward=nan +/- nan
Eval num_timesteps=2048, episode_success=nan +/- nan
se
3 3072 1024
diff [0.0636419951915741, -0.035774216055870056, -0.013009414076805115]
ref [0.295756995677948, 0.15621834993362427, 0.0858289897441864]
[0.3593989908695221, 0.12044413387775421, 0.07281957566738129]
Training time: 61 	steps per sec: 49
Eval num_timesteps=3072, episode_reward=nan +/- nan
Eval num_timesteps=3072, episode_success=nan +/- nan
se
4 4096 1024
diff [0.0636419951915741, -0.035774216055870056, -0.013009414076805115, -0.006108373403549194]
ref [0.295756995677948, 0.15621834993362427, 0.0858289897441864, 0.06296359747648239]
[0.3593989908695221, 0.12044413387775421, 0.07281957566738129, 0.0568552240729332]
Training time: 99 	steps per sec: 41
Eval num_timesteps=4096, episode_reward=nan +/- nan
Eval num_timesteps=4096, episode_success=nan +/- nan
se
5 5120 1024
diff [0.0636419951915741, -0.035774216055870056, -0.013009414076805115, -0.006108373403549194, -0.007111977785825729]
ref [0.295756995677948, 0.15621834993362427, 0.0858289897441864, 0.06296359747648239, 0.054896771907806396]
[0.3593989908695221, 0.12044413387775421, 0.07281957566738129, 0.0568552240729332, 0.04778479412198067]
Training time: 151 	steps per sec: 33
Eval num_timesteps=5120, episode_reward=nan +/- nan
Eval num_timesteps=5120, episode_success=nan +/- nan
se
6 6144 1024
diff [0.0636419951915741, -0.035774216055870056, -0.013009414076805115, -0.006108373403549194, -0.007111977785825729, -0.0025307685136795044]
ref [0.295756995677948, 0.15621834993362427, 0.0858289897441864, 0.06296359747648239, 0.054896771907806396, 0.04500937461853027]
[0.3593989908695221, 0.12044413387775421, 0.07281957566738129, 0.0568552240729332, 0.04778479412198067, 0.04247860610485077]
Training time: 212 	steps per sec: 28
Eval num_timesteps=6144, episode_reward=nan +/- nan
Eval num_timesteps=6144, episode_success=nan +/- nan
se
7 7168 1024
diff [0.0636419951915741, -0.035774216055870056, -0.013009414076805115, -0.006108373403549194, -0.007111977785825729, -0.0025307685136795044, 0.0007274746894836426]
ref [0.295756995677948, 0.15621834993362427, 0.0858289897441864, 0.06296359747648239, 0.054896771907806396, 0.04500937461853027, 0.035161446779966354]
[0.3593989908695221, 0.12044413387775421, 0.07281957566738129, 0.0568552240729332, 0.04778479412198067, 0.04247860610485077, 0.03588892146945]
Training time: 277 	steps per sec: 25
Eval num_timesteps=7168, episode_reward=nan +/- nan
Eval num_timesteps=7168, episode_success=nan +/- nan
se
8 8192 1024
diff [0.0636419951915741, -0.035774216055870056, -0.013009414076805115, -0.006108373403549194, -0.007111977785825729, -0.0025307685136795044, 0.0007274746894836426, 0.0012506414204835892]
ref [0.295756995677948, 0.15621834993362427, 0.0858289897441864, 0.06296359747648239, 0.054896771907806396, 0.04500937461853027, 0.035161446779966354, 0.030200546607375145]
[0.3593989908695221, 0.12044413387775421, 0.07281957566738129, 0.0568552240729332, 0.04778479412198067, 0.04247860610485077, 0.03588892146945, 0.031451188027858734]
Training time: 352 	steps per sec: 23
Eval num_timesteps=8192, episode_reward=nan +/- nan
Eval num_timesteps=8192, episode_success=nan +/- nan
se
9 9216 1024
diff [0.0636419951915741, -0.035774216055870056, -0.013009414076805115, -0.006108373403549194, -0.007111977785825729, -0.0025307685136795044, 0.0007274746894836426, 0.0012506414204835892, -0.0017889104783535004]
ref [0.295756995677948, 0.15621834993362427, 0.0858289897441864, 0.06296359747648239, 0.054896771907806396, 0.04500937461853027, 0.035161446779966354, 0.030200546607375145, 0.028718074783682823]
[0.3593989908695221, 0.12044413387775421, 0.07281957566738129, 0.0568552240729332, 0.04778479412198067, 0.04247860610485077, 0.03588892146945, 0.031451188027858734, 0.026929164305329323]
Training time: 433 	steps per sec: 21
Eval num_timesteps=9216, episode_reward=nan +/- nan
Eval num_timesteps=9216, episode_success=nan +/- nan
se
10 10240 1024
diff [0.0636419951915741, -0.035774216055870056, -0.013009414076805115, -0.006108373403549194, -0.007111977785825729, -0.0025307685136795044, 0.0007274746894836426, 0.0012506414204835892, -0.0017889104783535004, -0.0018061492592096329]
ref [0.295756995677948, 0.15621834993362427, 0.0858289897441864, 0.06296359747648239, 0.054896771907806396, 0.04500937461853027, 0.035161446779966354, 0.030200546607375145, 0.028718074783682823, 0.02626950666308403]
[0.3593989908695221, 0.12044413387775421, 0.07281957566738129, 0.0568552240729332, 0.04778479412198067, 0.04247860610485077, 0.03588892146945, 0.031451188027858734, 0.026929164305329323, 0.024463357403874397]
Training time: 525 	steps per sec: 19
Eval num_timesteps=10240, episode_reward=nan +/- nan
Eval num_timesteps=10240, episode_success=nan +/- nan
se
11 11264 1024
diff [0.0636419951915741, -0.035774216055870056, -0.013009414076805115, -0.006108373403549194, -0.007111977785825729, -0.0025307685136795044, 0.0007274746894836426, 0.0012506414204835892, -0.0017889104783535004, -0.0018061492592096329, -0.0023471470922231674]
ref [0.295756995677948, 0.15621834993362427, 0.0858289897441864, 0.06296359747648239, 0.054896771907806396, 0.04500937461853027, 0.035161446779966354, 0.030200546607375145, 0.028718074783682823, 0.02626950666308403, 0.02454448491334915]
[0.3593989908695221, 0.12044413387775421, 0.07281957566738129, 0.0568552240729332, 0.04778479412198067, 0.04247860610485077, 0.03588892146945, 0.031451188027858734, 0.026929164305329323, 0.024463357403874397, 0.022197337821125984]
Training time: 623 	steps per sec: 18
Eval num_timesteps=11264, episode_reward=nan +/- nan
Eval num_timesteps=11264, episode_success=nan +/- nan
se
12 12288 1024
diff [0.0636419951915741, -0.035774216055870056, -0.013009414076805115, -0.006108373403549194, -0.007111977785825729, -0.0025307685136795044, 0.0007274746894836426, 0.0012506414204835892, -0.0017889104783535004, -0.0018061492592096329, -0.0023471470922231674, -0.002177909016609192]
ref [0.295756995677948, 0.15621834993362427, 0.0858289897441864, 0.06296359747648239, 0.054896771907806396, 0.04500937461853027, 0.035161446779966354, 0.030200546607375145, 0.028718074783682823, 0.02626950666308403, 0.02454448491334915, 0.021783532574772835]
[0.3593989908695221, 0.12044413387775421, 0.07281957566738129, 0.0568552240729332, 0.04778479412198067, 0.04247860610485077, 0.03588892146945, 0.031451188027858734, 0.026929164305329323, 0.024463357403874397, 0.022197337821125984, 0.019605623558163643]
Training time: 730 	steps per sec: 16
Eval num_timesteps=12288, episode_reward=nan +/- nan
Eval num_timesteps=12288, episode_success=nan +/- nan
se
13 13312 1024
diff [0.0636419951915741, -0.035774216055870056, -0.013009414076805115, -0.006108373403549194, -0.007111977785825729, -0.0025307685136795044, 0.0007274746894836426, 0.0012506414204835892, -0.0017889104783535004, -0.0018061492592096329, -0.0023471470922231674, -0.002177909016609192, -0.002125045284628868]
ref [0.295756995677948, 0.15621834993362427, 0.0858289897441864, 0.06296359747648239, 0.054896771907806396, 0.04500937461853027, 0.035161446779966354, 0.030200546607375145, 0.028718074783682823, 0.02626950666308403, 0.02454448491334915, 0.021783532574772835, 0.019868025556206703]
[0.3593989908695221, 0.12044413387775421, 0.07281957566738129, 0.0568552240729332, 0.04778479412198067, 0.04247860610485077, 0.03588892146945, 0.031451188027858734, 0.026929164305329323, 0.024463357403874397, 0.022197337821125984, 0.019605623558163643, 0.017742980271577835]
Training time: 846 	steps per sec: 15
Eval num_timesteps=13312, episode_reward=nan +/- nan
Eval num_timesteps=13312, episode_success=nan +/- nan
se
14 14336 1024
diff [0.0636419951915741, -0.035774216055870056, -0.013009414076805115, -0.006108373403549194, -0.007111977785825729, -0.0025307685136795044, 0.0007274746894836426, 0.0012506414204835892, -0.0017889104783535004, -0.0018061492592096329, -0.0023471470922231674, -0.002177909016609192, -0.002125045284628868, -0.0034391339868307114]
ref [0.295756995677948, 0.15621834993362427, 0.0858289897441864, 0.06296359747648239, 0.054896771907806396, 0.04500937461853027, 0.035161446779966354, 0.030200546607375145, 0.028718074783682823, 0.02626950666308403, 0.02454448491334915, 0.021783532574772835, 0.019868025556206703, 0.019467491656541824]
[0.3593989908695221, 0.12044413387775421, 0.07281957566738129, 0.0568552240729332, 0.04778479412198067, 0.04247860610485077, 0.03588892146945, 0.031451188027858734, 0.026929164305329323, 0.024463357403874397, 0.022197337821125984, 0.019605623558163643, 0.017742980271577835, 0.016028357669711113]
Training time: 970 	steps per sec: 14
Eval num_timesteps=14336, episode_reward=nan +/- nan
Eval num_timesteps=14336, episode_success=nan +/- nan
se
15 15360 1024
diff [0.0636419951915741, -0.035774216055870056, -0.013009414076805115, -0.006108373403549194, -0.007111977785825729, -0.0025307685136795044, 0.0007274746894836426, 0.0012506414204835892, -0.0017889104783535004, -0.0018061492592096329, -0.0023471470922231674, -0.002177909016609192, -0.002125045284628868, -0.0034391339868307114, -0.0021353326737880707]
ref [0.295756995677948, 0.15621834993362427, 0.0858289897441864, 0.06296359747648239, 0.054896771907806396, 0.04500937461853027, 0.035161446779966354, 0.030200546607375145, 0.028718074783682823, 0.02626950666308403, 0.02454448491334915, 0.021783532574772835, 0.019868025556206703, 0.019467491656541824, 0.016916992142796516]
[0.3593989908695221, 0.12044413387775421, 0.07281957566738129, 0.0568552240729332, 0.04778479412198067, 0.04247860610485077, 0.03588892146945, 0.031451188027858734, 0.026929164305329323, 0.024463357403874397, 0.022197337821125984, 0.019605623558163643, 0.017742980271577835, 0.016028357669711113, 0.014781659469008446]
Training time: 1103 	steps per sec: 13
Eval num_timesteps=15360, episode_reward=nan +/- nan
Eval num_timesteps=15360, episode_success=nan +/- nan
se
16 16384 1024
diff [0.0636419951915741, -0.035774216055870056, -0.013009414076805115, -0.006108373403549194, -0.007111977785825729, -0.0025307685136795044, 0.0007274746894836426, 0.0012506414204835892, -0.0017889104783535004, -0.0018061492592096329, -0.0023471470922231674, -0.002177909016609192, -0.002125045284628868, -0.0034391339868307114, -0.0021353326737880707, -0.0034268954768776894]
ref [0.295756995677948, 0.15621834993362427, 0.0858289897441864, 0.06296359747648239, 0.054896771907806396, 0.04500937461853027, 0.035161446779966354, 0.030200546607375145, 0.028718074783682823, 0.02626950666308403, 0.02454448491334915, 0.021783532574772835, 0.019868025556206703, 0.019467491656541824, 0.016916992142796516, 0.016251632943749428]
[0.3593989908695221, 0.12044413387775421, 0.07281957566738129, 0.0568552240729332, 0.04778479412198067, 0.04247860610485077, 0.03588892146945, 0.031451188027858734, 0.026929164305329323, 0.024463357403874397, 0.022197337821125984, 0.019605623558163643, 0.017742980271577835, 0.016028357669711113, 0.014781659469008446, 0.012824737466871738]
Training time: 1242 	steps per sec: 13
Eval num_timesteps=16384, episode_reward=nan +/- nan
Eval num_timesteps=16384, episode_success=nan +/- nan
se
16 16384 1024
diff [0.0636419951915741, -0.035774216055870056, -0.013009414076805115, -0.006108373403549194, -0.007111977785825729, -0.0025307685136795044, 0.0007274746894836426, 0.0012506414204835892, -0.0017889104783535004, -0.0018061492592096329, -0.0023471470922231674, -0.002177909016609192, -0.002125045284628868, -0.0034391339868307114, -0.0021353326737880707, -0.0034268954768776894, -0.003078891895711422]
ref [0.295756995677948, 0.15621834993362427, 0.0858289897441864, 0.06296359747648239, 0.054896771907806396, 0.04500937461853027, 0.035161446779966354, 0.030200546607375145, 0.028718074783682823, 0.02626950666308403, 0.02454448491334915, 0.021783532574772835, 0.019868025556206703, 0.019467491656541824, 0.016916992142796516, 0.016251632943749428, 0.01603933610022068]
[0.3593989908695221, 0.12044413387775421, 0.07281957566738129, 0.0568552240729332, 0.04778479412198067, 0.04247860610485077, 0.03588892146945, 0.031451188027858734, 0.026929164305329323, 0.024463357403874397, 0.022197337821125984, 0.019605623558163643, 0.017742980271577835, 0.016028357669711113, 0.014781659469008446, 0.012824737466871738, 0.012960444204509258]
Training time: 1381 	steps per sec: 12
Eval num_timesteps=17408, episode_reward=nan +/- nan
Eval num_timesteps=17408, episode_success=nan +/- nan
se
16 16384 1024
diff [0.0636419951915741, -0.035774216055870056, -0.013009414076805115, -0.006108373403549194, -0.007111977785825729, -0.0025307685136795044, 0.0007274746894836426, 0.0012506414204835892, -0.0017889104783535004, -0.0018061492592096329, -0.0023471470922231674, -0.002177909016609192, -0.002125045284628868, -0.0034391339868307114, -0.0021353326737880707, -0.0034268954768776894, -0.003078891895711422, -0.004673581570386887]
ref [0.295756995677948, 0.15621834993362427, 0.0858289897441864, 0.06296359747648239, 0.054896771907806396, 0.04500937461853027, 0.035161446779966354, 0.030200546607375145, 0.028718074783682823, 0.02626950666308403, 0.02454448491334915, 0.021783532574772835, 0.019868025556206703, 0.019467491656541824, 0.016916992142796516, 0.016251632943749428, 0.01603933610022068, 0.01823997125029564]
[0.3593989908695221, 0.12044413387775421, 0.07281957566738129, 0.0568552240729332, 0.04778479412198067, 0.04247860610485077, 0.03588892146945, 0.031451188027858734, 0.026929164305329323, 0.024463357403874397, 0.022197337821125984, 0.019605623558163643, 0.017742980271577835, 0.016028357669711113, 0.014781659469008446, 0.012824737466871738, 0.012960444204509258, 0.013566389679908752]
Training time: 1521 	steps per sec: 12
Eval num_timesteps=18432, episode_reward=nan +/- nan
Eval num_timesteps=18432, episode_success=nan +/- nan
se
16 16384 1024
diff [0.0636419951915741, -0.035774216055870056, -0.013009414076805115, -0.006108373403549194, -0.007111977785825729, -0.0025307685136795044, 0.0007274746894836426, 0.0012506414204835892, -0.0017889104783535004, -0.0018061492592096329, -0.0023471470922231674, -0.002177909016609192, -0.002125045284628868, -0.0034391339868307114, -0.0021353326737880707, -0.0034268954768776894, -0.003078891895711422, -0.004673581570386887, -0.0014713723212480545]
ref [0.295756995677948, 0.15621834993362427, 0.0858289897441864, 0.06296359747648239, 0.054896771907806396, 0.04500937461853027, 0.035161446779966354, 0.030200546607375145, 0.028718074783682823, 0.02626950666308403, 0.02454448491334915, 0.021783532574772835, 0.019868025556206703, 0.019467491656541824, 0.016916992142796516, 0.016251632943749428, 0.01603933610022068, 0.01823997125029564, 0.01657661609351635]
[0.3593989908695221, 0.12044413387775421, 0.07281957566738129, 0.0568552240729332, 0.04778479412198067, 0.04247860610485077, 0.03588892146945, 0.031451188027858734, 0.026929164305329323, 0.024463357403874397, 0.022197337821125984, 0.019605623558163643, 0.017742980271577835, 0.016028357669711113, 0.014781659469008446, 0.012824737466871738, 0.012960444204509258, 0.013566389679908752, 0.015105243772268295]
Training time: 1675 	steps per sec: 11
Eval num_timesteps=19456, episode_reward=nan +/- nan
Eval num_timesteps=19456, episode_success=nan +/- nan
se
16 16384 1024
diff [0.0636419951915741, -0.035774216055870056, -0.013009414076805115, -0.006108373403549194, -0.007111977785825729, -0.0025307685136795044, 0.0007274746894836426, 0.0012506414204835892, -0.0017889104783535004, -0.0018061492592096329, -0.0023471470922231674, -0.002177909016609192, -0.002125045284628868, -0.0034391339868307114, -0.0021353326737880707, -0.0034268954768776894, -0.003078891895711422, -0.004673581570386887, -0.0014713723212480545, -0.0033595282584428787]
ref [0.295756995677948, 0.15621834993362427, 0.0858289897441864, 0.06296359747648239, 0.054896771907806396, 0.04500937461853027, 0.035161446779966354, 0.030200546607375145, 0.028718074783682823, 0.02626950666308403, 0.02454448491334915, 0.021783532574772835, 0.019868025556206703, 0.019467491656541824, 0.016916992142796516, 0.016251632943749428, 0.01603933610022068, 0.01823997125029564, 0.01657661609351635, 0.017536690458655357]
[0.3593989908695221, 0.12044413387775421, 0.07281957566738129, 0.0568552240729332, 0.04778479412198067, 0.04247860610485077, 0.03588892146945, 0.031451188027858734, 0.026929164305329323, 0.024463357403874397, 0.022197337821125984, 0.019605623558163643, 0.017742980271577835, 0.016028357669711113, 0.014781659469008446, 0.012824737466871738, 0.012960444204509258, 0.013566389679908752, 0.015105243772268295, 0.014177162200212479]
Training time: 1825 	steps per sec: 11
Eval num_timesteps=20480, episode_reward=nan +/- nan
Eval num_timesteps=20480, episode_success=nan +/- nan
se
16 16384 1024
diff [0.0636419951915741, -0.035774216055870056, -0.013009414076805115, -0.006108373403549194, -0.007111977785825729, -0.0025307685136795044, 0.0007274746894836426, 0.0012506414204835892, -0.0017889104783535004, -0.0018061492592096329, -0.0023471470922231674, -0.002177909016609192, -0.002125045284628868, -0.0034391339868307114, -0.0021353326737880707, -0.0034268954768776894, -0.003078891895711422, -0.004673581570386887, -0.0014713723212480545, -0.0033595282584428787, -0.0016896538436412811]
ref [0.295756995677948, 0.15621834993362427, 0.0858289897441864, 0.06296359747648239, 0.054896771907806396, 0.04500937461853027, 0.035161446779966354, 0.030200546607375145, 0.028718074783682823, 0.02626950666308403, 0.02454448491334915, 0.021783532574772835, 0.019868025556206703, 0.019467491656541824, 0.016916992142796516, 0.016251632943749428, 0.01603933610022068, 0.01823997125029564, 0.01657661609351635, 0.017536690458655357, 0.015607781708240509]
[0.3593989908695221, 0.12044413387775421, 0.07281957566738129, 0.0568552240729332, 0.04778479412198067, 0.04247860610485077, 0.03588892146945, 0.031451188027858734, 0.026929164305329323, 0.024463357403874397, 0.022197337821125984, 0.019605623558163643, 0.017742980271577835, 0.016028357669711113, 0.014781659469008446, 0.012824737466871738, 0.012960444204509258, 0.013566389679908752, 0.015105243772268295, 0.014177162200212479, 0.013918127864599228]
Training time: 1982 	steps per sec: 10
Eval num_timesteps=21504, episode_reward=nan +/- nan
Eval num_timesteps=21504, episode_success=nan +/- nan
se
16 16384 1024
diff [0.0636419951915741, -0.035774216055870056, -0.013009414076805115, -0.006108373403549194, -0.007111977785825729, -0.0025307685136795044, 0.0007274746894836426, 0.0012506414204835892, -0.0017889104783535004, -0.0018061492592096329, -0.0023471470922231674, -0.002177909016609192, -0.002125045284628868, -0.0034391339868307114, -0.0021353326737880707, -0.0034268954768776894, -0.003078891895711422, -0.004673581570386887, -0.0014713723212480545, -0.0033595282584428787, -0.0016896538436412811, -0.00222698412835598]
ref [0.295756995677948, 0.15621834993362427, 0.0858289897441864, 0.06296359747648239, 0.054896771907806396, 0.04500937461853027, 0.035161446779966354, 0.030200546607375145, 0.028718074783682823, 0.02626950666308403, 0.02454448491334915, 0.021783532574772835, 0.019868025556206703, 0.019467491656541824, 0.016916992142796516, 0.016251632943749428, 0.01603933610022068, 0.01823997125029564, 0.01657661609351635, 0.017536690458655357, 0.015607781708240509, 0.016787158325314522]
[0.3593989908695221, 0.12044413387775421, 0.07281957566738129, 0.0568552240729332, 0.04778479412198067, 0.04247860610485077, 0.03588892146945, 0.031451188027858734, 0.026929164305329323, 0.024463357403874397, 0.022197337821125984, 0.019605623558163643, 0.017742980271577835, 0.016028357669711113, 0.014781659469008446, 0.012824737466871738, 0.012960444204509258, 0.013566389679908752, 0.015105243772268295, 0.014177162200212479, 0.013918127864599228, 0.014560174196958542]
Training time: 2127 	steps per sec: 10
Eval num_timesteps=22528, episode_reward=nan +/- nan
Eval num_timesteps=22528, episode_success=nan +/- nan
se
16 16384 1024
diff [0.0636419951915741, -0.035774216055870056, -0.013009414076805115, -0.006108373403549194, -0.007111977785825729, -0.0025307685136795044, 0.0007274746894836426, 0.0012506414204835892, -0.0017889104783535004, -0.0018061492592096329, -0.0023471470922231674, -0.002177909016609192, -0.002125045284628868, -0.0034391339868307114, -0.0021353326737880707, -0.0034268954768776894, -0.003078891895711422, -0.004673581570386887, -0.0014713723212480545, -0.0033595282584428787, -0.0016896538436412811, -0.00222698412835598, -0.003370288759469986]
ref [0.295756995677948, 0.15621834993362427, 0.0858289897441864, 0.06296359747648239, 0.054896771907806396, 0.04500937461853027, 0.035161446779966354, 0.030200546607375145, 0.028718074783682823, 0.02626950666308403, 0.02454448491334915, 0.021783532574772835, 0.019868025556206703, 0.019467491656541824, 0.016916992142796516, 0.016251632943749428, 0.01603933610022068, 0.01823997125029564, 0.01657661609351635, 0.017536690458655357, 0.015607781708240509, 0.016787158325314522, 0.017527742311358452]
[0.3593989908695221, 0.12044413387775421, 0.07281957566738129, 0.0568552240729332, 0.04778479412198067, 0.04247860610485077, 0.03588892146945, 0.031451188027858734, 0.026929164305329323, 0.024463357403874397, 0.022197337821125984, 0.019605623558163643, 0.017742980271577835, 0.016028357669711113, 0.014781659469008446, 0.012824737466871738, 0.012960444204509258, 0.013566389679908752, 0.015105243772268295, 0.014177162200212479, 0.013918127864599228, 0.014560174196958542, 0.014157453551888466]
Training time: 2272 	steps per sec: 10
Eval num_timesteps=23552, episode_reward=nan +/- nan
Eval num_timesteps=23552, episode_success=nan +/- nan
se
16 16384 1024
diff [0.0636419951915741, -0.035774216055870056, -0.013009414076805115, -0.006108373403549194, -0.007111977785825729, -0.0025307685136795044, 0.0007274746894836426, 0.0012506414204835892, -0.0017889104783535004, -0.0018061492592096329, -0.0023471470922231674, -0.002177909016609192, -0.002125045284628868, -0.0034391339868307114, -0.0021353326737880707, -0.0034268954768776894, -0.003078891895711422, -0.004673581570386887, -0.0014713723212480545, -0.0033595282584428787, -0.0016896538436412811, -0.00222698412835598, -0.003370288759469986, -0.003919348120689392]
ref [0.295756995677948, 0.15621834993362427, 0.0858289897441864, 0.06296359747648239, 0.054896771907806396, 0.04500937461853027, 0.035161446779966354, 0.030200546607375145, 0.028718074783682823, 0.02626950666308403, 0.02454448491334915, 0.021783532574772835, 0.019868025556206703, 0.019467491656541824, 0.016916992142796516, 0.016251632943749428, 0.01603933610022068, 0.01823997125029564, 0.01657661609351635, 0.017536690458655357, 0.015607781708240509, 0.016787158325314522, 0.017527742311358452, 0.018628248944878578]
[0.3593989908695221, 0.12044413387775421, 0.07281957566738129, 0.0568552240729332, 0.04778479412198067, 0.04247860610485077, 0.03588892146945, 0.031451188027858734, 0.026929164305329323, 0.024463357403874397, 0.022197337821125984, 0.019605623558163643, 0.017742980271577835, 0.016028357669711113, 0.014781659469008446, 0.012824737466871738, 0.012960444204509258, 0.013566389679908752, 0.015105243772268295, 0.014177162200212479, 0.013918127864599228, 0.014560174196958542, 0.014157453551888466, 0.014708900824189186]
Training time: 2422 	steps per sec: 10
Eval num_timesteps=24576, episode_reward=nan +/- nan
Eval num_timesteps=24576, episode_success=nan +/- nan
se
16 16384 1024
diff [0.0636419951915741, -0.035774216055870056, -0.013009414076805115, -0.006108373403549194, -0.007111977785825729, -0.0025307685136795044, 0.0007274746894836426, 0.0012506414204835892, -0.0017889104783535004, -0.0018061492592096329, -0.0023471470922231674, -0.002177909016609192, -0.002125045284628868, -0.0034391339868307114, -0.0021353326737880707, -0.0034268954768776894, -0.003078891895711422, -0.004673581570386887, -0.0014713723212480545, -0.0033595282584428787, -0.0016896538436412811, -0.00222698412835598, -0.003370288759469986, -0.003919348120689392, -0.0021575400605797768]
ref [0.295756995677948, 0.15621834993362427, 0.0858289897441864, 0.06296359747648239, 0.054896771907806396, 0.04500937461853027, 0.035161446779966354, 0.030200546607375145, 0.028718074783682823, 0.02626950666308403, 0.02454448491334915, 0.021783532574772835, 0.019868025556206703, 0.019467491656541824, 0.016916992142796516, 0.016251632943749428, 0.01603933610022068, 0.01823997125029564, 0.01657661609351635, 0.017536690458655357, 0.015607781708240509, 0.016787158325314522, 0.017527742311358452, 0.018628248944878578, 0.016428634524345398]
[0.3593989908695221, 0.12044413387775421, 0.07281957566738129, 0.0568552240729332, 0.04778479412198067, 0.04247860610485077, 0.03588892146945, 0.031451188027858734, 0.026929164305329323, 0.024463357403874397, 0.022197337821125984, 0.019605623558163643, 0.017742980271577835, 0.016028357669711113, 0.014781659469008446, 0.012824737466871738, 0.012960444204509258, 0.013566389679908752, 0.015105243772268295, 0.014177162200212479, 0.013918127864599228, 0.014560174196958542, 0.014157453551888466, 0.014708900824189186, 0.014271094463765621]
Training time: 2550 	steps per sec: 10
Eval num_timesteps=25600, episode_reward=nan +/- nan
Eval num_timesteps=25600, episode_success=nan +/- nan
se
16 16384 1024
diff [0.0636419951915741, -0.035774216055870056, -0.013009414076805115, -0.006108373403549194, -0.007111977785825729, -0.0025307685136795044, 0.0007274746894836426, 0.0012506414204835892, -0.0017889104783535004, -0.0018061492592096329, -0.0023471470922231674, -0.002177909016609192, -0.002125045284628868, -0.0034391339868307114, -0.0021353326737880707, -0.0034268954768776894, -0.003078891895711422, -0.004673581570386887, -0.0014713723212480545, -0.0033595282584428787, -0.0016896538436412811, -0.00222698412835598, -0.003370288759469986, -0.003919348120689392, -0.0021575400605797768, -0.0007963832467794418]
ref [0.295756995677948, 0.15621834993362427, 0.0858289897441864, 0.06296359747648239, 0.054896771907806396, 0.04500937461853027, 0.035161446779966354, 0.030200546607375145, 0.028718074783682823, 0.02626950666308403, 0.02454448491334915, 0.021783532574772835, 0.019868025556206703, 0.019467491656541824, 0.016916992142796516, 0.016251632943749428, 0.01603933610022068, 0.01823997125029564, 0.01657661609351635, 0.017536690458655357, 0.015607781708240509, 0.016787158325314522, 0.017527742311358452, 0.018628248944878578, 0.016428634524345398, 0.01569792628288269]
[0.3593989908695221, 0.12044413387775421, 0.07281957566738129, 0.0568552240729332, 0.04778479412198067, 0.04247860610485077, 0.03588892146945, 0.031451188027858734, 0.026929164305329323, 0.024463357403874397, 0.022197337821125984, 0.019605623558163643, 0.017742980271577835, 0.016028357669711113, 0.014781659469008446, 0.012824737466871738, 0.012960444204509258, 0.013566389679908752, 0.015105243772268295, 0.014177162200212479, 0.013918127864599228, 0.014560174196958542, 0.014157453551888466, 0.014708900824189186, 0.014271094463765621, 0.014901543036103249]
Training time: 2673 	steps per sec: 9
Eval num_timesteps=26624, episode_reward=nan +/- nan
Eval num_timesteps=26624, episode_success=nan +/- nan
se
16 16384 1024
diff [0.0636419951915741, -0.035774216055870056, -0.013009414076805115, -0.006108373403549194, -0.007111977785825729, -0.0025307685136795044, 0.0007274746894836426, 0.0012506414204835892, -0.0017889104783535004, -0.0018061492592096329, -0.0023471470922231674, -0.002177909016609192, -0.002125045284628868, -0.0034391339868307114, -0.0021353326737880707, -0.0034268954768776894, -0.003078891895711422, -0.004673581570386887, -0.0014713723212480545, -0.0033595282584428787, -0.0016896538436412811, -0.00222698412835598, -0.003370288759469986, -0.003919348120689392, -0.0021575400605797768, -0.0007963832467794418, -0.0014452878385782242]
ref [0.295756995677948, 0.15621834993362427, 0.0858289897441864, 0.06296359747648239, 0.054896771907806396, 0.04500937461853027, 0.035161446779966354, 0.030200546607375145, 0.028718074783682823, 0.02626950666308403, 0.02454448491334915, 0.021783532574772835, 0.019868025556206703, 0.019467491656541824, 0.016916992142796516, 0.016251632943749428, 0.01603933610022068, 0.01823997125029564, 0.01657661609351635, 0.017536690458655357, 0.015607781708240509, 0.016787158325314522, 0.017527742311358452, 0.018628248944878578, 0.016428634524345398, 0.01569792628288269, 0.015864206477999687]
[0.3593989908695221, 0.12044413387775421, 0.07281957566738129, 0.0568552240729332, 0.04778479412198067, 0.04247860610485077, 0.03588892146945, 0.031451188027858734, 0.026929164305329323, 0.024463357403874397, 0.022197337821125984, 0.019605623558163643, 0.017742980271577835, 0.016028357669711113, 0.014781659469008446, 0.012824737466871738, 0.012960444204509258, 0.013566389679908752, 0.015105243772268295, 0.014177162200212479, 0.013918127864599228, 0.014560174196958542, 0.014157453551888466, 0.014708900824189186, 0.014271094463765621, 0.014901543036103249, 0.014418918639421463]
Training time: 2799 	steps per sec: 9
Eval num_timesteps=27648, episode_reward=nan +/- nan
Eval num_timesteps=27648, episode_success=nan +/- nan
se
16 16384 1024
diff [0.0636419951915741, -0.035774216055870056, -0.013009414076805115, -0.006108373403549194, -0.007111977785825729, -0.0025307685136795044, 0.0007274746894836426, 0.0012506414204835892, -0.0017889104783535004, -0.0018061492592096329, -0.0023471470922231674, -0.002177909016609192, -0.002125045284628868, -0.0034391339868307114, -0.0021353326737880707, -0.0034268954768776894, -0.003078891895711422, -0.004673581570386887, -0.0014713723212480545, -0.0033595282584428787, -0.0016896538436412811, -0.00222698412835598, -0.003370288759469986, -0.003919348120689392, -0.0021575400605797768, -0.0007963832467794418, -0.0014452878385782242, -0.002798730507493019]
ref [0.295756995677948, 0.15621834993362427, 0.0858289897441864, 0.06296359747648239, 0.054896771907806396, 0.04500937461853027, 0.035161446779966354, 0.030200546607375145, 0.028718074783682823, 0.02626950666308403, 0.02454448491334915, 0.021783532574772835, 0.019868025556206703, 0.019467491656541824, 0.016916992142796516, 0.016251632943749428, 0.01603933610022068, 0.01823997125029564, 0.01657661609351635, 0.017536690458655357, 0.015607781708240509, 0.016787158325314522, 0.017527742311358452, 0.018628248944878578, 0.016428634524345398, 0.01569792628288269, 0.015864206477999687, 0.016945937648415565]
[0.3593989908695221, 0.12044413387775421, 0.07281957566738129, 0.0568552240729332, 0.04778479412198067, 0.04247860610485077, 0.03588892146945, 0.031451188027858734, 0.026929164305329323, 0.024463357403874397, 0.022197337821125984, 0.019605623558163643, 0.017742980271577835, 0.016028357669711113, 0.014781659469008446, 0.012824737466871738, 0.012960444204509258, 0.013566389679908752, 0.015105243772268295, 0.014177162200212479, 0.013918127864599228, 0.014560174196958542, 0.014157453551888466, 0.014708900824189186, 0.014271094463765621, 0.014901543036103249, 0.014418918639421463, 0.014147207140922546]
Training time: 2929 	steps per sec: 9
Eval num_timesteps=28672, episode_reward=nan +/- nan
Eval num_timesteps=28672, episode_success=nan +/- nan
se
16 16384 1024
diff [0.0636419951915741, -0.035774216055870056, -0.013009414076805115, -0.006108373403549194, -0.007111977785825729, -0.0025307685136795044, 0.0007274746894836426, 0.0012506414204835892, -0.0017889104783535004, -0.0018061492592096329, -0.0023471470922231674, -0.002177909016609192, -0.002125045284628868, -0.0034391339868307114, -0.0021353326737880707, -0.0034268954768776894, -0.003078891895711422, -0.004673581570386887, -0.0014713723212480545, -0.0033595282584428787, -0.0016896538436412811, -0.00222698412835598, -0.003370288759469986, -0.003919348120689392, -0.0021575400605797768, -0.0007963832467794418, -0.0014452878385782242, -0.002798730507493019, -0.0031157666817307472]
ref [0.295756995677948, 0.15621834993362427, 0.0858289897441864, 0.06296359747648239, 0.054896771907806396, 0.04500937461853027, 0.035161446779966354, 0.030200546607375145, 0.028718074783682823, 0.02626950666308403, 0.02454448491334915, 0.021783532574772835, 0.019868025556206703, 0.019467491656541824, 0.016916992142796516, 0.016251632943749428, 0.01603933610022068, 0.01823997125029564, 0.01657661609351635, 0.017536690458655357, 0.015607781708240509, 0.016787158325314522, 0.017527742311358452, 0.018628248944878578, 0.016428634524345398, 0.01569792628288269, 0.015864206477999687, 0.016945937648415565, 0.016609808430075645]
[0.3593989908695221, 0.12044413387775421, 0.07281957566738129, 0.0568552240729332, 0.04778479412198067, 0.04247860610485077, 0.03588892146945, 0.031451188027858734, 0.026929164305329323, 0.024463357403874397, 0.022197337821125984, 0.019605623558163643, 0.017742980271577835, 0.016028357669711113, 0.014781659469008446, 0.012824737466871738, 0.012960444204509258, 0.013566389679908752, 0.015105243772268295, 0.014177162200212479, 0.013918127864599228, 0.014560174196958542, 0.014157453551888466, 0.014708900824189186, 0.014271094463765621, 0.014901543036103249, 0.014418918639421463, 0.014147207140922546, 0.013494041748344898]
Training time: 3056 	steps per sec: 9
Eval num_timesteps=29696, episode_reward=nan +/- nan
Eval num_timesteps=29696, episode_success=nan +/- nan
se
16 16384 1024
diff [0.0636419951915741, -0.035774216055870056, -0.013009414076805115, -0.006108373403549194, -0.007111977785825729, -0.0025307685136795044, 0.0007274746894836426, 0.0012506414204835892, -0.0017889104783535004, -0.0018061492592096329, -0.0023471470922231674, -0.002177909016609192, -0.002125045284628868, -0.0034391339868307114, -0.0021353326737880707, -0.0034268954768776894, -0.003078891895711422, -0.004673581570386887, -0.0014713723212480545, -0.0033595282584428787, -0.0016896538436412811, -0.00222698412835598, -0.003370288759469986, -0.003919348120689392, -0.0021575400605797768, -0.0007963832467794418, -0.0014452878385782242, -0.002798730507493019, -0.0031157666817307472, -0.0002750791609287262]
ref [0.295756995677948, 0.15621834993362427, 0.0858289897441864, 0.06296359747648239, 0.054896771907806396, 0.04500937461853027, 0.035161446779966354, 0.030200546607375145, 0.028718074783682823, 0.02626950666308403, 0.02454448491334915, 0.021783532574772835, 0.019868025556206703, 0.019467491656541824, 0.016916992142796516, 0.016251632943749428, 0.01603933610022068, 0.01823997125029564, 0.01657661609351635, 0.017536690458655357, 0.015607781708240509, 0.016787158325314522, 0.017527742311358452, 0.018628248944878578, 0.016428634524345398, 0.01569792628288269, 0.015864206477999687, 0.016945937648415565, 0.016609808430075645, 0.014732140116393566]
[0.3593989908695221, 0.12044413387775421, 0.07281957566738129, 0.0568552240729332, 0.04778479412198067, 0.04247860610485077, 0.03588892146945, 0.031451188027858734, 0.026929164305329323, 0.024463357403874397, 0.022197337821125984, 0.019605623558163643, 0.017742980271577835, 0.016028357669711113, 0.014781659469008446, 0.012824737466871738, 0.012960444204509258, 0.013566389679908752, 0.015105243772268295, 0.014177162200212479, 0.013918127864599228, 0.014560174196958542, 0.014157453551888466, 0.014708900824189186, 0.014271094463765621, 0.014901543036103249, 0.014418918639421463, 0.014147207140922546, 0.013494041748344898, 0.01445706095546484]
Training time: 3180 	steps per sec: 9
Eval num_timesteps=30720, episode_reward=nan +/- nan
Eval num_timesteps=30720, episode_success=nan +/- nan
se
16 16384 1024
diff [0.0636419951915741, -0.035774216055870056, -0.013009414076805115, -0.006108373403549194, -0.007111977785825729, -0.0025307685136795044, 0.0007274746894836426, 0.0012506414204835892, -0.0017889104783535004, -0.0018061492592096329, -0.0023471470922231674, -0.002177909016609192, -0.002125045284628868, -0.0034391339868307114, -0.0021353326737880707, -0.0034268954768776894, -0.003078891895711422, -0.004673581570386887, -0.0014713723212480545, -0.0033595282584428787, -0.0016896538436412811, -0.00222698412835598, -0.003370288759469986, -0.003919348120689392, -0.0021575400605797768, -0.0007963832467794418, -0.0014452878385782242, -0.002798730507493019, -0.0031157666817307472, -0.0002750791609287262, -0.0017575426027178764]
ref [0.295756995677948, 0.15621834993362427, 0.0858289897441864, 0.06296359747648239, 0.054896771907806396, 0.04500937461853027, 0.035161446779966354, 0.030200546607375145, 0.028718074783682823, 0.02626950666308403, 0.02454448491334915, 0.021783532574772835, 0.019868025556206703, 0.019467491656541824, 0.016916992142796516, 0.016251632943749428, 0.01603933610022068, 0.01823997125029564, 0.01657661609351635, 0.017536690458655357, 0.015607781708240509, 0.016787158325314522, 0.017527742311358452, 0.018628248944878578, 0.016428634524345398, 0.01569792628288269, 0.015864206477999687, 0.016945937648415565, 0.016609808430075645, 0.014732140116393566, 0.016103753820061684]
[0.3593989908695221, 0.12044413387775421, 0.07281957566738129, 0.0568552240729332, 0.04778479412198067, 0.04247860610485077, 0.03588892146945, 0.031451188027858734, 0.026929164305329323, 0.024463357403874397, 0.022197337821125984, 0.019605623558163643, 0.017742980271577835, 0.016028357669711113, 0.014781659469008446, 0.012824737466871738, 0.012960444204509258, 0.013566389679908752, 0.015105243772268295, 0.014177162200212479, 0.013918127864599228, 0.014560174196958542, 0.014157453551888466, 0.014708900824189186, 0.014271094463765621, 0.014901543036103249, 0.014418918639421463, 0.014147207140922546, 0.013494041748344898, 0.01445706095546484, 0.014346211217343807]
Training time: 3312 	steps per sec: 9
Eval num_timesteps=31744, episode_reward=nan +/- nan
Eval num_timesteps=31744, episode_success=nan +/- nan
se
16 16384 1024
diff [0.0636419951915741, -0.035774216055870056, -0.013009414076805115, -0.006108373403549194, -0.007111977785825729, -0.0025307685136795044, 0.0007274746894836426, 0.0012506414204835892, -0.0017889104783535004, -0.0018061492592096329, -0.0023471470922231674, -0.002177909016609192, -0.002125045284628868, -0.0034391339868307114, -0.0021353326737880707, -0.0034268954768776894, -0.003078891895711422, -0.004673581570386887, -0.0014713723212480545, -0.0033595282584428787, -0.0016896538436412811, -0.00222698412835598, -0.003370288759469986, -0.003919348120689392, -0.0021575400605797768, -0.0007963832467794418, -0.0014452878385782242, -0.002798730507493019, -0.0031157666817307472, -0.0002750791609287262, -0.0017575426027178764, -0.0003589056432247162]
ref [0.295756995677948, 0.15621834993362427, 0.0858289897441864, 0.06296359747648239, 0.054896771907806396, 0.04500937461853027, 0.035161446779966354, 0.030200546607375145, 0.028718074783682823, 0.02626950666308403, 0.02454448491334915, 0.021783532574772835, 0.019868025556206703, 0.019467491656541824, 0.016916992142796516, 0.016251632943749428, 0.01603933610022068, 0.01823997125029564, 0.01657661609351635, 0.017536690458655357, 0.015607781708240509, 0.016787158325314522, 0.017527742311358452, 0.018628248944878578, 0.016428634524345398, 0.01569792628288269, 0.015864206477999687, 0.016945937648415565, 0.016609808430075645, 0.014732140116393566, 0.016103753820061684, 0.01564495824277401]
[0.3593989908695221, 0.12044413387775421, 0.07281957566738129, 0.0568552240729332, 0.04778479412198067, 0.04247860610485077, 0.03588892146945, 0.031451188027858734, 0.026929164305329323, 0.024463357403874397, 0.022197337821125984, 0.019605623558163643, 0.017742980271577835, 0.016028357669711113, 0.014781659469008446, 0.012824737466871738, 0.012960444204509258, 0.013566389679908752, 0.015105243772268295, 0.014177162200212479, 0.013918127864599228, 0.014560174196958542, 0.014157453551888466, 0.014708900824189186, 0.014271094463765621, 0.014901543036103249, 0.014418918639421463, 0.014147207140922546, 0.013494041748344898, 0.01445706095546484, 0.014346211217343807, 0.015286052599549294]
Training time: 3442 	steps per sec: 9
Eval num_timesteps=32768, episode_reward=nan +/- nan
Eval num_timesteps=32768, episode_success=nan +/- nan
results/Walker2d-v4/
results/Walker2d-v4/ppo_ros/
results/Walker2d-v4/ppo_ros/expert/
results/Walker2d-v4/ppo_ros/expert/b_16/
results/Walker2d-v4/ppo_ros/expert/b_16/no_clip_lambda/
results/Walker2d-v4/ppo_ros/expert/b_16/no_clip_lambda/run_2/
results/Walker2d-v4/ppo_ros/expert/b_16/no_clip_lambda/run_2/evaluations.npz
results/Walker2d-v4/ppo_ros/expert/b_16/no_clip_lambda/run_2/config.yml
results/Walker2d-v4/ppo_ros/expert/b_16/no_clip_lambda/run_2/stats.npz
