ppo_ros_continuous.py --env-id Ant-v4 -s expert/b_16/no_clip --total-timesteps 32768 --eval-freq 1 --eval-episodes 0 -b 16 --num-steps 1024 -lr 0 --update-epochs 0 --anneal-lr 0 --ros-num-steps 256 --ros-update-epochs 16 --ros-target-kl 0.05 --ros-clip-coef 999999999 --ros-lambda 0.3 -ros-lr 0.0001 --ros-anneal-lr 0 --se 1 --se-freq 1 --se-lr 1e-3 --se-epochs 1000 --policy-path policies/Ant-v4/best_model.zip --normalization-dir policies/Ant-v4
Obtaining file:///var/lib/condor/execute/slot1/dir_3008575/PPOROS/PPOROS/custom-envs
  Preparing metadata (setup.py): started
  Preparing metadata (setup.py): finished with status 'done'
Requirement already satisfied: gym in /var/lib/condor/execute/slot1/dir_3008575/PPOROS/ppo-ros_env/lib/python3.9/site-packages (from custom-envs==0.0.1) (0.21.0)
Requirement already satisfied: numpy>=1.18.0 in /var/lib/condor/execute/slot1/dir_3008575/PPOROS/ppo-ros_env/lib/python3.9/site-packages (from gym->custom-envs==0.0.1) (1.24.2)
Requirement already satisfied: cloudpickle>=1.2.0 in /var/lib/condor/execute/slot1/dir_3008575/PPOROS/ppo-ros_env/lib/python3.9/site-packages (from gym->custom-envs==0.0.1) (2.2.1)
Installing collected packages: custom-envs
  Running setup.py develop for custom-envs
Successfully installed custom-envs-0.0.1
seed: 4
Eval num_timesteps=0, episode_reward=nan +/- nan
Eval num_timesteps=0, episode_success=nan +/- nan
se
1 1024 1024
diff [0.03874647617340088]
ref [0.6289697885513306]
[0.6677162647247314]
Training time: 12 	steps per sec: 79
Eval num_timesteps=1024, episode_reward=nan +/- nan
Eval num_timesteps=1024, episode_success=nan +/- nan
se
2 2048 1024
diff [0.03874647617340088, -0.032984599471092224]
ref [0.6289697885513306, 0.2619313597679138]
[0.6677162647247314, 0.2289467602968216]
Training time: 31 	steps per sec: 64
Eval num_timesteps=2048, episode_reward=nan +/- nan
Eval num_timesteps=2048, episode_success=nan +/- nan
se
3 3072 1024
diff [0.03874647617340088, -0.032984599471092224, -0.0008019059896469116]
ref [0.6289697885513306, 0.2619313597679138, 0.14308077096939087]
[0.6677162647247314, 0.2289467602968216, 0.14227886497974396]
Training time: 60 	steps per sec: 50
Eval num_timesteps=3072, episode_reward=nan +/- nan
Eval num_timesteps=3072, episode_success=nan +/- nan
se
4 4096 1024
diff [0.03874647617340088, -0.032984599471092224, -0.0008019059896469116, -0.017202697694301605]
ref [0.6289697885513306, 0.2619313597679138, 0.14308077096939087, 0.11426810175180435]
[0.6677162647247314, 0.2289467602968216, 0.14227886497974396, 0.09706540405750275]
Training time: 94 	steps per sec: 43
Eval num_timesteps=4096, episode_reward=nan +/- nan
Eval num_timesteps=4096, episode_success=nan +/- nan
se
5 5120 1024
diff [0.03874647617340088, -0.032984599471092224, -0.0008019059896469116, -0.017202697694301605, -0.011222831904888153]
ref [0.6289697885513306, 0.2619313597679138, 0.14308077096939087, 0.11426810175180435, 0.08107016980648041]
[0.6677162647247314, 0.2289467602968216, 0.14227886497974396, 0.09706540405750275, 0.06984733790159225]
Training time: 132 	steps per sec: 38
Eval num_timesteps=5120, episode_reward=nan +/- nan
Eval num_timesteps=5120, episode_success=nan +/- nan
se
6 6144 1024
diff [0.03874647617340088, -0.032984599471092224, -0.0008019059896469116, -0.017202697694301605, -0.011222831904888153, -0.004987362772226334]
ref [0.6289697885513306, 0.2619313597679138, 0.14308077096939087, 0.11426810175180435, 0.08107016980648041, 0.05985269322991371]
[0.6677162647247314, 0.2289467602968216, 0.14227886497974396, 0.09706540405750275, 0.06984733790159225, 0.05486533045768738]
Training time: 178 	steps per sec: 34
Eval num_timesteps=6144, episode_reward=nan +/- nan
Eval num_timesteps=6144, episode_success=nan +/- nan
se
7 7168 1024
diff [0.03874647617340088, -0.032984599471092224, -0.0008019059896469116, -0.017202697694301605, -0.011222831904888153, -0.004987362772226334, -0.0027926303446292877]
ref [0.6289697885513306, 0.2619313597679138, 0.14308077096939087, 0.11426810175180435, 0.08107016980648041, 0.05985269322991371, 0.050843965262174606]
[0.6677162647247314, 0.2289467602968216, 0.14227886497974396, 0.09706540405750275, 0.06984733790159225, 0.05486533045768738, 0.04805133491754532]
Training time: 233 	steps per sec: 30
Eval num_timesteps=7168, episode_reward=nan +/- nan
Eval num_timesteps=7168, episode_success=nan +/- nan
se
8 8192 1024
diff [0.03874647617340088, -0.032984599471092224, -0.0008019059896469116, -0.017202697694301605, -0.011222831904888153, -0.004987362772226334, -0.0027926303446292877, -0.0043190717697143555]
ref [0.6289697885513306, 0.2619313597679138, 0.14308077096939087, 0.11426810175180435, 0.08107016980648041, 0.05985269322991371, 0.050843965262174606, 0.04616802930831909]
[0.6677162647247314, 0.2289467602968216, 0.14227886497974396, 0.09706540405750275, 0.06984733790159225, 0.05486533045768738, 0.04805133491754532, 0.041848957538604736]
Training time: 301 	steps per sec: 27
Eval num_timesteps=8192, episode_reward=nan +/- nan
Eval num_timesteps=8192, episode_success=nan +/- nan
se
9 9216 1024
diff [0.03874647617340088, -0.032984599471092224, -0.0008019059896469116, -0.017202697694301605, -0.011222831904888153, -0.004987362772226334, -0.0027926303446292877, -0.0043190717697143555, -0.008402708917856216]
ref [0.6289697885513306, 0.2619313597679138, 0.14308077096939087, 0.11426810175180435, 0.08107016980648041, 0.05985269322991371, 0.050843965262174606, 0.04616802930831909, 0.043875351548194885]
[0.6677162647247314, 0.2289467602968216, 0.14227886497974396, 0.09706540405750275, 0.06984733790159225, 0.05486533045768738, 0.04805133491754532, 0.041848957538604736, 0.03547264263033867]
Training time: 377 	steps per sec: 24
Eval num_timesteps=9216, episode_reward=nan +/- nan
Eval num_timesteps=9216, episode_success=nan +/- nan
se
10 10240 1024
diff [0.03874647617340088, -0.032984599471092224, -0.0008019059896469116, -0.017202697694301605, -0.011222831904888153, -0.004987362772226334, -0.0027926303446292877, -0.0043190717697143555, -0.008402708917856216, -0.007450420409440994]
ref [0.6289697885513306, 0.2619313597679138, 0.14308077096939087, 0.11426810175180435, 0.08107016980648041, 0.05985269322991371, 0.050843965262174606, 0.04616802930831909, 0.043875351548194885, 0.037041075527668]
[0.6677162647247314, 0.2289467602968216, 0.14227886497974396, 0.09706540405750275, 0.06984733790159225, 0.05486533045768738, 0.04805133491754532, 0.041848957538604736, 0.03547264263033867, 0.029590655118227005]
Training time: 458 	steps per sec: 22
Eval num_timesteps=10240, episode_reward=nan +/- nan
Eval num_timesteps=10240, episode_success=nan +/- nan
se
11 11264 1024
diff [0.03874647617340088, -0.032984599471092224, -0.0008019059896469116, -0.017202697694301605, -0.011222831904888153, -0.004987362772226334, -0.0027926303446292877, -0.0043190717697143555, -0.008402708917856216, -0.007450420409440994, -0.0067877396941185]
ref [0.6289697885513306, 0.2619313597679138, 0.14308077096939087, 0.11426810175180435, 0.08107016980648041, 0.05985269322991371, 0.050843965262174606, 0.04616802930831909, 0.043875351548194885, 0.037041075527668, 0.03177190199494362]
[0.6677162647247314, 0.2289467602968216, 0.14227886497974396, 0.09706540405750275, 0.06984733790159225, 0.05486533045768738, 0.04805133491754532, 0.041848957538604736, 0.03547264263033867, 0.029590655118227005, 0.02498416230082512]
Training time: 546 	steps per sec: 20
Eval num_timesteps=11264, episode_reward=nan +/- nan
Eval num_timesteps=11264, episode_success=nan +/- nan
se
12 12288 1024
diff [0.03874647617340088, -0.032984599471092224, -0.0008019059896469116, -0.017202697694301605, -0.011222831904888153, -0.004987362772226334, -0.0027926303446292877, -0.0043190717697143555, -0.008402708917856216, -0.007450420409440994, -0.0067877396941185, -0.007003031671047211]
ref [0.6289697885513306, 0.2619313597679138, 0.14308077096939087, 0.11426810175180435, 0.08107016980648041, 0.05985269322991371, 0.050843965262174606, 0.04616802930831909, 0.043875351548194885, 0.037041075527668, 0.03177190199494362, 0.028319478034973145]
[0.6677162647247314, 0.2289467602968216, 0.14227886497974396, 0.09706540405750275, 0.06984733790159225, 0.05486533045768738, 0.04805133491754532, 0.041848957538604736, 0.03547264263033867, 0.029590655118227005, 0.02498416230082512, 0.021316446363925934]
Training time: 639 	steps per sec: 19
Eval num_timesteps=12288, episode_reward=nan +/- nan
Eval num_timesteps=12288, episode_success=nan +/- nan
se
13 13312 1024
diff [0.03874647617340088, -0.032984599471092224, -0.0008019059896469116, -0.017202697694301605, -0.011222831904888153, -0.004987362772226334, -0.0027926303446292877, -0.0043190717697143555, -0.008402708917856216, -0.007450420409440994, -0.0067877396941185, -0.007003031671047211, -0.009322158992290497]
ref [0.6289697885513306, 0.2619313597679138, 0.14308077096939087, 0.11426810175180435, 0.08107016980648041, 0.05985269322991371, 0.050843965262174606, 0.04616802930831909, 0.043875351548194885, 0.037041075527668, 0.03177190199494362, 0.028319478034973145, 0.028996894136071205]
[0.6677162647247314, 0.2289467602968216, 0.14227886497974396, 0.09706540405750275, 0.06984733790159225, 0.05486533045768738, 0.04805133491754532, 0.041848957538604736, 0.03547264263033867, 0.029590655118227005, 0.02498416230082512, 0.021316446363925934, 0.01967473514378071]
Training time: 735 	steps per sec: 18
Eval num_timesteps=13312, episode_reward=nan +/- nan
Eval num_timesteps=13312, episode_success=nan +/- nan
se
14 14336 1024
diff [0.03874647617340088, -0.032984599471092224, -0.0008019059896469116, -0.017202697694301605, -0.011222831904888153, -0.004987362772226334, -0.0027926303446292877, -0.0043190717697143555, -0.008402708917856216, -0.007450420409440994, -0.0067877396941185, -0.007003031671047211, -0.009322158992290497, -0.008680250495672226]
ref [0.6289697885513306, 0.2619313597679138, 0.14308077096939087, 0.11426810175180435, 0.08107016980648041, 0.05985269322991371, 0.050843965262174606, 0.04616802930831909, 0.043875351548194885, 0.037041075527668, 0.03177190199494362, 0.028319478034973145, 0.028996894136071205, 0.02645951136946678]
[0.6677162647247314, 0.2289467602968216, 0.14227886497974396, 0.09706540405750275, 0.06984733790159225, 0.05486533045768738, 0.04805133491754532, 0.041848957538604736, 0.03547264263033867, 0.029590655118227005, 0.02498416230082512, 0.021316446363925934, 0.01967473514378071, 0.017779260873794556]
Training time: 834 	steps per sec: 17
Eval num_timesteps=14336, episode_reward=nan +/- nan
Eval num_timesteps=14336, episode_success=nan +/- nan
se
15 15360 1024
diff [0.03874647617340088, -0.032984599471092224, -0.0008019059896469116, -0.017202697694301605, -0.011222831904888153, -0.004987362772226334, -0.0027926303446292877, -0.0043190717697143555, -0.008402708917856216, -0.007450420409440994, -0.0067877396941185, -0.007003031671047211, -0.009322158992290497, -0.008680250495672226, -0.006296316161751747]
ref [0.6289697885513306, 0.2619313597679138, 0.14308077096939087, 0.11426810175180435, 0.08107016980648041, 0.05985269322991371, 0.050843965262174606, 0.04616802930831909, 0.043875351548194885, 0.037041075527668, 0.03177190199494362, 0.028319478034973145, 0.028996894136071205, 0.02645951136946678, 0.02369009330868721]
[0.6677162647247314, 0.2289467602968216, 0.14227886497974396, 0.09706540405750275, 0.06984733790159225, 0.05486533045768738, 0.04805133491754532, 0.041848957538604736, 0.03547264263033867, 0.029590655118227005, 0.02498416230082512, 0.021316446363925934, 0.01967473514378071, 0.017779260873794556, 0.017393777146935463]
Training time: 938 	steps per sec: 16
Eval num_timesteps=15360, episode_reward=nan +/- nan
Eval num_timesteps=15360, episode_success=nan +/- nan
se
16 16384 1024
diff [0.03874647617340088, -0.032984599471092224, -0.0008019059896469116, -0.017202697694301605, -0.011222831904888153, -0.004987362772226334, -0.0027926303446292877, -0.0043190717697143555, -0.008402708917856216, -0.007450420409440994, -0.0067877396941185, -0.007003031671047211, -0.009322158992290497, -0.008680250495672226, -0.006296316161751747, -0.0064042117446660995]
ref [0.6289697885513306, 0.2619313597679138, 0.14308077096939087, 0.11426810175180435, 0.08107016980648041, 0.05985269322991371, 0.050843965262174606, 0.04616802930831909, 0.043875351548194885, 0.037041075527668, 0.03177190199494362, 0.028319478034973145, 0.028996894136071205, 0.02645951136946678, 0.02369009330868721, 0.0223962664604187]
[0.6677162647247314, 0.2289467602968216, 0.14227886497974396, 0.09706540405750275, 0.06984733790159225, 0.05486533045768738, 0.04805133491754532, 0.041848957538604736, 0.03547264263033867, 0.029590655118227005, 0.02498416230082512, 0.021316446363925934, 0.01967473514378071, 0.017779260873794556, 0.017393777146935463, 0.0159920547157526]
Training time: 1057 	steps per sec: 15
Eval num_timesteps=16384, episode_reward=nan +/- nan
Eval num_timesteps=16384, episode_success=nan +/- nan
se
16 16384 1024
diff [0.03874647617340088, -0.032984599471092224, -0.0008019059896469116, -0.017202697694301605, -0.011222831904888153, -0.004987362772226334, -0.0027926303446292877, -0.0043190717697143555, -0.008402708917856216, -0.007450420409440994, -0.0067877396941185, -0.007003031671047211, -0.009322158992290497, -0.008680250495672226, -0.006296316161751747, -0.0064042117446660995, -0.006842087954282761]
ref [0.6289697885513306, 0.2619313597679138, 0.14308077096939087, 0.11426810175180435, 0.08107016980648041, 0.05985269322991371, 0.050843965262174606, 0.04616802930831909, 0.043875351548194885, 0.037041075527668, 0.03177190199494362, 0.028319478034973145, 0.028996894136071205, 0.02645951136946678, 0.02369009330868721, 0.0223962664604187, 0.023166410624980927]
[0.6677162647247314, 0.2289467602968216, 0.14227886497974396, 0.09706540405750275, 0.06984733790159225, 0.05486533045768738, 0.04805133491754532, 0.041848957538604736, 0.03547264263033867, 0.029590655118227005, 0.02498416230082512, 0.021316446363925934, 0.01967473514378071, 0.017779260873794556, 0.017393777146935463, 0.0159920547157526, 0.016324322670698166]
Training time: 1178 	steps per sec: 14
Eval num_timesteps=17408, episode_reward=nan +/- nan
Eval num_timesteps=17408, episode_success=nan +/- nan
se
16 16384 1024
diff [0.03874647617340088, -0.032984599471092224, -0.0008019059896469116, -0.017202697694301605, -0.011222831904888153, -0.004987362772226334, -0.0027926303446292877, -0.0043190717697143555, -0.008402708917856216, -0.007450420409440994, -0.0067877396941185, -0.007003031671047211, -0.009322158992290497, -0.008680250495672226, -0.006296316161751747, -0.0064042117446660995, -0.006842087954282761, -0.006086062639951706]
ref [0.6289697885513306, 0.2619313597679138, 0.14308077096939087, 0.11426810175180435, 0.08107016980648041, 0.05985269322991371, 0.050843965262174606, 0.04616802930831909, 0.043875351548194885, 0.037041075527668, 0.03177190199494362, 0.028319478034973145, 0.028996894136071205, 0.02645951136946678, 0.02369009330868721, 0.0223962664604187, 0.023166410624980927, 0.02256914973258972]
[0.6677162647247314, 0.2289467602968216, 0.14227886497974396, 0.09706540405750275, 0.06984733790159225, 0.05486533045768738, 0.04805133491754532, 0.041848957538604736, 0.03547264263033867, 0.029590655118227005, 0.02498416230082512, 0.021316446363925934, 0.01967473514378071, 0.017779260873794556, 0.017393777146935463, 0.0159920547157526, 0.016324322670698166, 0.016483087092638016]
Training time: 1294 	steps per sec: 14
Eval num_timesteps=18432, episode_reward=nan +/- nan
Eval num_timesteps=18432, episode_success=nan +/- nan
se
16 16384 1024
diff [0.03874647617340088, -0.032984599471092224, -0.0008019059896469116, -0.017202697694301605, -0.011222831904888153, -0.004987362772226334, -0.0027926303446292877, -0.0043190717697143555, -0.008402708917856216, -0.007450420409440994, -0.0067877396941185, -0.007003031671047211, -0.009322158992290497, -0.008680250495672226, -0.006296316161751747, -0.0064042117446660995, -0.006842087954282761, -0.006086062639951706, -0.004661405459046364]
ref [0.6289697885513306, 0.2619313597679138, 0.14308077096939087, 0.11426810175180435, 0.08107016980648041, 0.05985269322991371, 0.050843965262174606, 0.04616802930831909, 0.043875351548194885, 0.037041075527668, 0.03177190199494362, 0.028319478034973145, 0.028996894136071205, 0.02645951136946678, 0.02369009330868721, 0.0223962664604187, 0.023166410624980927, 0.02256914973258972, 0.02091461978852749]
[0.6677162647247314, 0.2289467602968216, 0.14227886497974396, 0.09706540405750275, 0.06984733790159225, 0.05486533045768738, 0.04805133491754532, 0.041848957538604736, 0.03547264263033867, 0.029590655118227005, 0.02498416230082512, 0.021316446363925934, 0.01967473514378071, 0.017779260873794556, 0.017393777146935463, 0.0159920547157526, 0.016324322670698166, 0.016483087092638016, 0.016253214329481125]
Training time: 1406 	steps per sec: 13
Eval num_timesteps=19456, episode_reward=nan +/- nan
Eval num_timesteps=19456, episode_success=nan +/- nan
se
16 16384 1024
diff [0.03874647617340088, -0.032984599471092224, -0.0008019059896469116, -0.017202697694301605, -0.011222831904888153, -0.004987362772226334, -0.0027926303446292877, -0.0043190717697143555, -0.008402708917856216, -0.007450420409440994, -0.0067877396941185, -0.007003031671047211, -0.009322158992290497, -0.008680250495672226, -0.006296316161751747, -0.0064042117446660995, -0.006842087954282761, -0.006086062639951706, -0.004661405459046364, -0.006737641058862209]
ref [0.6289697885513306, 0.2619313597679138, 0.14308077096939087, 0.11426810175180435, 0.08107016980648041, 0.05985269322991371, 0.050843965262174606, 0.04616802930831909, 0.043875351548194885, 0.037041075527668, 0.03177190199494362, 0.028319478034973145, 0.028996894136071205, 0.02645951136946678, 0.02369009330868721, 0.0223962664604187, 0.023166410624980927, 0.02256914973258972, 0.02091461978852749, 0.02214907854795456]
[0.6677162647247314, 0.2289467602968216, 0.14227886497974396, 0.09706540405750275, 0.06984733790159225, 0.05486533045768738, 0.04805133491754532, 0.041848957538604736, 0.03547264263033867, 0.029590655118227005, 0.02498416230082512, 0.021316446363925934, 0.01967473514378071, 0.017779260873794556, 0.017393777146935463, 0.0159920547157526, 0.016324322670698166, 0.016483087092638016, 0.016253214329481125, 0.01541143748909235]
Training time: 1515 	steps per sec: 13
Eval num_timesteps=20480, episode_reward=nan +/- nan
Eval num_timesteps=20480, episode_success=nan +/- nan
se
16 16384 1024
diff [0.03874647617340088, -0.032984599471092224, -0.0008019059896469116, -0.017202697694301605, -0.011222831904888153, -0.004987362772226334, -0.0027926303446292877, -0.0043190717697143555, -0.008402708917856216, -0.007450420409440994, -0.0067877396941185, -0.007003031671047211, -0.009322158992290497, -0.008680250495672226, -0.006296316161751747, -0.0064042117446660995, -0.006842087954282761, -0.006086062639951706, -0.004661405459046364, -0.006737641058862209, -0.004622451961040497]
ref [0.6289697885513306, 0.2619313597679138, 0.14308077096939087, 0.11426810175180435, 0.08107016980648041, 0.05985269322991371, 0.050843965262174606, 0.04616802930831909, 0.043875351548194885, 0.037041075527668, 0.03177190199494362, 0.028319478034973145, 0.028996894136071205, 0.02645951136946678, 0.02369009330868721, 0.0223962664604187, 0.023166410624980927, 0.02256914973258972, 0.02091461978852749, 0.02214907854795456, 0.01975816860795021]
[0.6677162647247314, 0.2289467602968216, 0.14227886497974396, 0.09706540405750275, 0.06984733790159225, 0.05486533045768738, 0.04805133491754532, 0.041848957538604736, 0.03547264263033867, 0.029590655118227005, 0.02498416230082512, 0.021316446363925934, 0.01967473514378071, 0.017779260873794556, 0.017393777146935463, 0.0159920547157526, 0.016324322670698166, 0.016483087092638016, 0.016253214329481125, 0.01541143748909235, 0.015135716646909714]
Training time: 1633 	steps per sec: 13
Eval num_timesteps=21504, episode_reward=nan +/- nan
Eval num_timesteps=21504, episode_success=nan +/- nan
se
16 16384 1024
diff [0.03874647617340088, -0.032984599471092224, -0.0008019059896469116, -0.017202697694301605, -0.011222831904888153, -0.004987362772226334, -0.0027926303446292877, -0.0043190717697143555, -0.008402708917856216, -0.007450420409440994, -0.0067877396941185, -0.007003031671047211, -0.009322158992290497, -0.008680250495672226, -0.006296316161751747, -0.0064042117446660995, -0.006842087954282761, -0.006086062639951706, -0.004661405459046364, -0.006737641058862209, -0.004622451961040497, -0.008431713096797466]
ref [0.6289697885513306, 0.2619313597679138, 0.14308077096939087, 0.11426810175180435, 0.08107016980648041, 0.05985269322991371, 0.050843965262174606, 0.04616802930831909, 0.043875351548194885, 0.037041075527668, 0.03177190199494362, 0.028319478034973145, 0.028996894136071205, 0.02645951136946678, 0.02369009330868721, 0.0223962664604187, 0.023166410624980927, 0.02256914973258972, 0.02091461978852749, 0.02214907854795456, 0.01975816860795021, 0.02343093790113926]
[0.6677162647247314, 0.2289467602968216, 0.14227886497974396, 0.09706540405750275, 0.06984733790159225, 0.05486533045768738, 0.04805133491754532, 0.041848957538604736, 0.03547264263033867, 0.029590655118227005, 0.02498416230082512, 0.021316446363925934, 0.01967473514378071, 0.017779260873794556, 0.017393777146935463, 0.0159920547157526, 0.016324322670698166, 0.016483087092638016, 0.016253214329481125, 0.01541143748909235, 0.015135716646909714, 0.014999224804341793]
Training time: 1750 	steps per sec: 12
Eval num_timesteps=22528, episode_reward=nan +/- nan
Eval num_timesteps=22528, episode_success=nan +/- nan
se
16 16384 1024
diff [0.03874647617340088, -0.032984599471092224, -0.0008019059896469116, -0.017202697694301605, -0.011222831904888153, -0.004987362772226334, -0.0027926303446292877, -0.0043190717697143555, -0.008402708917856216, -0.007450420409440994, -0.0067877396941185, -0.007003031671047211, -0.009322158992290497, -0.008680250495672226, -0.006296316161751747, -0.0064042117446660995, -0.006842087954282761, -0.006086062639951706, -0.004661405459046364, -0.006737641058862209, -0.004622451961040497, -0.008431713096797466, -0.005305081605911255]
ref [0.6289697885513306, 0.2619313597679138, 0.14308077096939087, 0.11426810175180435, 0.08107016980648041, 0.05985269322991371, 0.050843965262174606, 0.04616802930831909, 0.043875351548194885, 0.037041075527668, 0.03177190199494362, 0.028319478034973145, 0.028996894136071205, 0.02645951136946678, 0.02369009330868721, 0.0223962664604187, 0.023166410624980927, 0.02256914973258972, 0.02091461978852749, 0.02214907854795456, 0.01975816860795021, 0.02343093790113926, 0.020019976422190666]
[0.6677162647247314, 0.2289467602968216, 0.14227886497974396, 0.09706540405750275, 0.06984733790159225, 0.05486533045768738, 0.04805133491754532, 0.041848957538604736, 0.03547264263033867, 0.029590655118227005, 0.02498416230082512, 0.021316446363925934, 0.01967473514378071, 0.017779260873794556, 0.017393777146935463, 0.0159920547157526, 0.016324322670698166, 0.016483087092638016, 0.016253214329481125, 0.01541143748909235, 0.015135716646909714, 0.014999224804341793, 0.014714894816279411]
Training time: 1860 	steps per sec: 12
Eval num_timesteps=23552, episode_reward=nan +/- nan
Eval num_timesteps=23552, episode_success=nan +/- nan
se
16 16384 1024
diff [0.03874647617340088, -0.032984599471092224, -0.0008019059896469116, -0.017202697694301605, -0.011222831904888153, -0.004987362772226334, -0.0027926303446292877, -0.0043190717697143555, -0.008402708917856216, -0.007450420409440994, -0.0067877396941185, -0.007003031671047211, -0.009322158992290497, -0.008680250495672226, -0.006296316161751747, -0.0064042117446660995, -0.006842087954282761, -0.006086062639951706, -0.004661405459046364, -0.006737641058862209, -0.004622451961040497, -0.008431713096797466, -0.005305081605911255, -0.0069137439131736755]
ref [0.6289697885513306, 0.2619313597679138, 0.14308077096939087, 0.11426810175180435, 0.08107016980648041, 0.05985269322991371, 0.050843965262174606, 0.04616802930831909, 0.043875351548194885, 0.037041075527668, 0.03177190199494362, 0.028319478034973145, 0.028996894136071205, 0.02645951136946678, 0.02369009330868721, 0.0223962664604187, 0.023166410624980927, 0.02256914973258972, 0.02091461978852749, 0.02214907854795456, 0.01975816860795021, 0.02343093790113926, 0.020019976422190666, 0.02200476825237274]
[0.6677162647247314, 0.2289467602968216, 0.14227886497974396, 0.09706540405750275, 0.06984733790159225, 0.05486533045768738, 0.04805133491754532, 0.041848957538604736, 0.03547264263033867, 0.029590655118227005, 0.02498416230082512, 0.021316446363925934, 0.01967473514378071, 0.017779260873794556, 0.017393777146935463, 0.0159920547157526, 0.016324322670698166, 0.016483087092638016, 0.016253214329481125, 0.01541143748909235, 0.015135716646909714, 0.014999224804341793, 0.014714894816279411, 0.015091024339199066]
Training time: 1973 	steps per sec: 12
Eval num_timesteps=24576, episode_reward=nan +/- nan
Eval num_timesteps=24576, episode_success=nan +/- nan
se
16 16384 1024
diff [0.03874647617340088, -0.032984599471092224, -0.0008019059896469116, -0.017202697694301605, -0.011222831904888153, -0.004987362772226334, -0.0027926303446292877, -0.0043190717697143555, -0.008402708917856216, -0.007450420409440994, -0.0067877396941185, -0.007003031671047211, -0.009322158992290497, -0.008680250495672226, -0.006296316161751747, -0.0064042117446660995, -0.006842087954282761, -0.006086062639951706, -0.004661405459046364, -0.006737641058862209, -0.004622451961040497, -0.008431713096797466, -0.005305081605911255, -0.0069137439131736755, -0.008127367123961449]
ref [0.6289697885513306, 0.2619313597679138, 0.14308077096939087, 0.11426810175180435, 0.08107016980648041, 0.05985269322991371, 0.050843965262174606, 0.04616802930831909, 0.043875351548194885, 0.037041075527668, 0.03177190199494362, 0.028319478034973145, 0.028996894136071205, 0.02645951136946678, 0.02369009330868721, 0.0223962664604187, 0.023166410624980927, 0.02256914973258972, 0.02091461978852749, 0.02214907854795456, 0.01975816860795021, 0.02343093790113926, 0.020019976422190666, 0.02200476825237274, 0.022702571004629135]
[0.6677162647247314, 0.2289467602968216, 0.14227886497974396, 0.09706540405750275, 0.06984733790159225, 0.05486533045768738, 0.04805133491754532, 0.041848957538604736, 0.03547264263033867, 0.029590655118227005, 0.02498416230082512, 0.021316446363925934, 0.01967473514378071, 0.017779260873794556, 0.017393777146935463, 0.0159920547157526, 0.016324322670698166, 0.016483087092638016, 0.016253214329481125, 0.01541143748909235, 0.015135716646909714, 0.014999224804341793, 0.014714894816279411, 0.015091024339199066, 0.014575203880667686]
Training time: 2092 	steps per sec: 12
Eval num_timesteps=25600, episode_reward=nan +/- nan
Eval num_timesteps=25600, episode_success=nan +/- nan
se
16 16384 1024
diff [0.03874647617340088, -0.032984599471092224, -0.0008019059896469116, -0.017202697694301605, -0.011222831904888153, -0.004987362772226334, -0.0027926303446292877, -0.0043190717697143555, -0.008402708917856216, -0.007450420409440994, -0.0067877396941185, -0.007003031671047211, -0.009322158992290497, -0.008680250495672226, -0.006296316161751747, -0.0064042117446660995, -0.006842087954282761, -0.006086062639951706, -0.004661405459046364, -0.006737641058862209, -0.004622451961040497, -0.008431713096797466, -0.005305081605911255, -0.0069137439131736755, -0.008127367123961449, -0.005874080583453178]
ref [0.6289697885513306, 0.2619313597679138, 0.14308077096939087, 0.11426810175180435, 0.08107016980648041, 0.05985269322991371, 0.050843965262174606, 0.04616802930831909, 0.043875351548194885, 0.037041075527668, 0.03177190199494362, 0.028319478034973145, 0.028996894136071205, 0.02645951136946678, 0.02369009330868721, 0.0223962664604187, 0.023166410624980927, 0.02256914973258972, 0.02091461978852749, 0.02214907854795456, 0.01975816860795021, 0.02343093790113926, 0.020019976422190666, 0.02200476825237274, 0.022702571004629135, 0.019730353727936745]
[0.6677162647247314, 0.2289467602968216, 0.14227886497974396, 0.09706540405750275, 0.06984733790159225, 0.05486533045768738, 0.04805133491754532, 0.041848957538604736, 0.03547264263033867, 0.029590655118227005, 0.02498416230082512, 0.021316446363925934, 0.01967473514378071, 0.017779260873794556, 0.017393777146935463, 0.0159920547157526, 0.016324322670698166, 0.016483087092638016, 0.016253214329481125, 0.01541143748909235, 0.015135716646909714, 0.014999224804341793, 0.014714894816279411, 0.015091024339199066, 0.014575203880667686, 0.013856273144483566]
Training time: 2208 	steps per sec: 12
Eval num_timesteps=26624, episode_reward=nan +/- nan
Eval num_timesteps=26624, episode_success=nan +/- nan
se
16 16384 1024
diff [0.03874647617340088, -0.032984599471092224, -0.0008019059896469116, -0.017202697694301605, -0.011222831904888153, -0.004987362772226334, -0.0027926303446292877, -0.0043190717697143555, -0.008402708917856216, -0.007450420409440994, -0.0067877396941185, -0.007003031671047211, -0.009322158992290497, -0.008680250495672226, -0.006296316161751747, -0.0064042117446660995, -0.006842087954282761, -0.006086062639951706, -0.004661405459046364, -0.006737641058862209, -0.004622451961040497, -0.008431713096797466, -0.005305081605911255, -0.0069137439131736755, -0.008127367123961449, -0.005874080583453178, -0.006622271612286568]
ref [0.6289697885513306, 0.2619313597679138, 0.14308077096939087, 0.11426810175180435, 0.08107016980648041, 0.05985269322991371, 0.050843965262174606, 0.04616802930831909, 0.043875351548194885, 0.037041075527668, 0.03177190199494362, 0.028319478034973145, 0.028996894136071205, 0.02645951136946678, 0.02369009330868721, 0.0223962664604187, 0.023166410624980927, 0.02256914973258972, 0.02091461978852749, 0.02214907854795456, 0.01975816860795021, 0.02343093790113926, 0.020019976422190666, 0.02200476825237274, 0.022702571004629135, 0.019730353727936745, 0.020506661385297775]
[0.6677162647247314, 0.2289467602968216, 0.14227886497974396, 0.09706540405750275, 0.06984733790159225, 0.05486533045768738, 0.04805133491754532, 0.041848957538604736, 0.03547264263033867, 0.029590655118227005, 0.02498416230082512, 0.021316446363925934, 0.01967473514378071, 0.017779260873794556, 0.017393777146935463, 0.0159920547157526, 0.016324322670698166, 0.016483087092638016, 0.016253214329481125, 0.01541143748909235, 0.015135716646909714, 0.014999224804341793, 0.014714894816279411, 0.015091024339199066, 0.014575203880667686, 0.013856273144483566, 0.013884389773011208]
Training time: 2320 	steps per sec: 11
Eval num_timesteps=27648, episode_reward=nan +/- nan
Eval num_timesteps=27648, episode_success=nan +/- nan
se
16 16384 1024
diff [0.03874647617340088, -0.032984599471092224, -0.0008019059896469116, -0.017202697694301605, -0.011222831904888153, -0.004987362772226334, -0.0027926303446292877, -0.0043190717697143555, -0.008402708917856216, -0.007450420409440994, -0.0067877396941185, -0.007003031671047211, -0.009322158992290497, -0.008680250495672226, -0.006296316161751747, -0.0064042117446660995, -0.006842087954282761, -0.006086062639951706, -0.004661405459046364, -0.006737641058862209, -0.004622451961040497, -0.008431713096797466, -0.005305081605911255, -0.0069137439131736755, -0.008127367123961449, -0.005874080583453178, -0.006622271612286568, -0.007726512849330902]
ref [0.6289697885513306, 0.2619313597679138, 0.14308077096939087, 0.11426810175180435, 0.08107016980648041, 0.05985269322991371, 0.050843965262174606, 0.04616802930831909, 0.043875351548194885, 0.037041075527668, 0.03177190199494362, 0.028319478034973145, 0.028996894136071205, 0.02645951136946678, 0.02369009330868721, 0.0223962664604187, 0.023166410624980927, 0.02256914973258972, 0.02091461978852749, 0.02214907854795456, 0.01975816860795021, 0.02343093790113926, 0.020019976422190666, 0.02200476825237274, 0.022702571004629135, 0.019730353727936745, 0.020506661385297775, 0.02171020396053791]
[0.6677162647247314, 0.2289467602968216, 0.14227886497974396, 0.09706540405750275, 0.06984733790159225, 0.05486533045768738, 0.04805133491754532, 0.041848957538604736, 0.03547264263033867, 0.029590655118227005, 0.02498416230082512, 0.021316446363925934, 0.01967473514378071, 0.017779260873794556, 0.017393777146935463, 0.0159920547157526, 0.016324322670698166, 0.016483087092638016, 0.016253214329481125, 0.01541143748909235, 0.015135716646909714, 0.014999224804341793, 0.014714894816279411, 0.015091024339199066, 0.014575203880667686, 0.013856273144483566, 0.013884389773011208, 0.013983691111207008]
Training time: 2432 	steps per sec: 11
Eval num_timesteps=28672, episode_reward=nan +/- nan
Eval num_timesteps=28672, episode_success=nan +/- nan
se
16 16384 1024
diff [0.03874647617340088, -0.032984599471092224, -0.0008019059896469116, -0.017202697694301605, -0.011222831904888153, -0.004987362772226334, -0.0027926303446292877, -0.0043190717697143555, -0.008402708917856216, -0.007450420409440994, -0.0067877396941185, -0.007003031671047211, -0.009322158992290497, -0.008680250495672226, -0.006296316161751747, -0.0064042117446660995, -0.006842087954282761, -0.006086062639951706, -0.004661405459046364, -0.006737641058862209, -0.004622451961040497, -0.008431713096797466, -0.005305081605911255, -0.0069137439131736755, -0.008127367123961449, -0.005874080583453178, -0.006622271612286568, -0.007726512849330902, -0.007580414414405823]
ref [0.6289697885513306, 0.2619313597679138, 0.14308077096939087, 0.11426810175180435, 0.08107016980648041, 0.05985269322991371, 0.050843965262174606, 0.04616802930831909, 0.043875351548194885, 0.037041075527668, 0.03177190199494362, 0.028319478034973145, 0.028996894136071205, 0.02645951136946678, 0.02369009330868721, 0.0223962664604187, 0.023166410624980927, 0.02256914973258972, 0.02091461978852749, 0.02214907854795456, 0.01975816860795021, 0.02343093790113926, 0.020019976422190666, 0.02200476825237274, 0.022702571004629135, 0.019730353727936745, 0.020506661385297775, 0.02171020396053791, 0.02097182348370552]
[0.6677162647247314, 0.2289467602968216, 0.14227886497974396, 0.09706540405750275, 0.06984733790159225, 0.05486533045768738, 0.04805133491754532, 0.041848957538604736, 0.03547264263033867, 0.029590655118227005, 0.02498416230082512, 0.021316446363925934, 0.01967473514378071, 0.017779260873794556, 0.017393777146935463, 0.0159920547157526, 0.016324322670698166, 0.016483087092638016, 0.016253214329481125, 0.01541143748909235, 0.015135716646909714, 0.014999224804341793, 0.014714894816279411, 0.015091024339199066, 0.014575203880667686, 0.013856273144483566, 0.013884389773011208, 0.013983691111207008, 0.013391409069299698]
Training time: 2546 	steps per sec: 11
Eval num_timesteps=29696, episode_reward=nan +/- nan
Eval num_timesteps=29696, episode_success=nan +/- nan
se
16 16384 1024
diff [0.03874647617340088, -0.032984599471092224, -0.0008019059896469116, -0.017202697694301605, -0.011222831904888153, -0.004987362772226334, -0.0027926303446292877, -0.0043190717697143555, -0.008402708917856216, -0.007450420409440994, -0.0067877396941185, -0.007003031671047211, -0.009322158992290497, -0.008680250495672226, -0.006296316161751747, -0.0064042117446660995, -0.006842087954282761, -0.006086062639951706, -0.004661405459046364, -0.006737641058862209, -0.004622451961040497, -0.008431713096797466, -0.005305081605911255, -0.0069137439131736755, -0.008127367123961449, -0.005874080583453178, -0.006622271612286568, -0.007726512849330902, -0.007580414414405823, -0.00848396122455597]
ref [0.6289697885513306, 0.2619313597679138, 0.14308077096939087, 0.11426810175180435, 0.08107016980648041, 0.05985269322991371, 0.050843965262174606, 0.04616802930831909, 0.043875351548194885, 0.037041075527668, 0.03177190199494362, 0.028319478034973145, 0.028996894136071205, 0.02645951136946678, 0.02369009330868721, 0.0223962664604187, 0.023166410624980927, 0.02256914973258972, 0.02091461978852749, 0.02214907854795456, 0.01975816860795021, 0.02343093790113926, 0.020019976422190666, 0.02200476825237274, 0.022702571004629135, 0.019730353727936745, 0.020506661385297775, 0.02171020396053791, 0.02097182348370552, 0.022556457668542862]
[0.6677162647247314, 0.2289467602968216, 0.14227886497974396, 0.09706540405750275, 0.06984733790159225, 0.05486533045768738, 0.04805133491754532, 0.041848957538604736, 0.03547264263033867, 0.029590655118227005, 0.02498416230082512, 0.021316446363925934, 0.01967473514378071, 0.017779260873794556, 0.017393777146935463, 0.0159920547157526, 0.016324322670698166, 0.016483087092638016, 0.016253214329481125, 0.01541143748909235, 0.015135716646909714, 0.014999224804341793, 0.014714894816279411, 0.015091024339199066, 0.014575203880667686, 0.013856273144483566, 0.013884389773011208, 0.013983691111207008, 0.013391409069299698, 0.014072496443986893]
Training time: 2664 	steps per sec: 11
Eval num_timesteps=30720, episode_reward=nan +/- nan
Eval num_timesteps=30720, episode_success=nan +/- nan
se
16 16384 1024
diff [0.03874647617340088, -0.032984599471092224, -0.0008019059896469116, -0.017202697694301605, -0.011222831904888153, -0.004987362772226334, -0.0027926303446292877, -0.0043190717697143555, -0.008402708917856216, -0.007450420409440994, -0.0067877396941185, -0.007003031671047211, -0.009322158992290497, -0.008680250495672226, -0.006296316161751747, -0.0064042117446660995, -0.006842087954282761, -0.006086062639951706, -0.004661405459046364, -0.006737641058862209, -0.004622451961040497, -0.008431713096797466, -0.005305081605911255, -0.0069137439131736755, -0.008127367123961449, -0.005874080583453178, -0.006622271612286568, -0.007726512849330902, -0.007580414414405823, -0.00848396122455597, -0.009258834645152092]
ref [0.6289697885513306, 0.2619313597679138, 0.14308077096939087, 0.11426810175180435, 0.08107016980648041, 0.05985269322991371, 0.050843965262174606, 0.04616802930831909, 0.043875351548194885, 0.037041075527668, 0.03177190199494362, 0.028319478034973145, 0.028996894136071205, 0.02645951136946678, 0.02369009330868721, 0.0223962664604187, 0.023166410624980927, 0.02256914973258972, 0.02091461978852749, 0.02214907854795456, 0.01975816860795021, 0.02343093790113926, 0.020019976422190666, 0.02200476825237274, 0.022702571004629135, 0.019730353727936745, 0.020506661385297775, 0.02171020396053791, 0.02097182348370552, 0.022556457668542862, 0.02405930496752262]
[0.6677162647247314, 0.2289467602968216, 0.14227886497974396, 0.09706540405750275, 0.06984733790159225, 0.05486533045768738, 0.04805133491754532, 0.041848957538604736, 0.03547264263033867, 0.029590655118227005, 0.02498416230082512, 0.021316446363925934, 0.01967473514378071, 0.017779260873794556, 0.017393777146935463, 0.0159920547157526, 0.016324322670698166, 0.016483087092638016, 0.016253214329481125, 0.01541143748909235, 0.015135716646909714, 0.014999224804341793, 0.014714894816279411, 0.015091024339199066, 0.014575203880667686, 0.013856273144483566, 0.013884389773011208, 0.013983691111207008, 0.013391409069299698, 0.014072496443986893, 0.01480047032237053]
Training time: 2790 	steps per sec: 11
Eval num_timesteps=31744, episode_reward=nan +/- nan
Eval num_timesteps=31744, episode_success=nan +/- nan
se
16 16384 1024
diff [0.03874647617340088, -0.032984599471092224, -0.0008019059896469116, -0.017202697694301605, -0.011222831904888153, -0.004987362772226334, -0.0027926303446292877, -0.0043190717697143555, -0.008402708917856216, -0.007450420409440994, -0.0067877396941185, -0.007003031671047211, -0.009322158992290497, -0.008680250495672226, -0.006296316161751747, -0.0064042117446660995, -0.006842087954282761, -0.006086062639951706, -0.004661405459046364, -0.006737641058862209, -0.004622451961040497, -0.008431713096797466, -0.005305081605911255, -0.0069137439131736755, -0.008127367123961449, -0.005874080583453178, -0.006622271612286568, -0.007726512849330902, -0.007580414414405823, -0.00848396122455597, -0.009258834645152092, -0.007153302431106567]
ref [0.6289697885513306, 0.2619313597679138, 0.14308077096939087, 0.11426810175180435, 0.08107016980648041, 0.05985269322991371, 0.050843965262174606, 0.04616802930831909, 0.043875351548194885, 0.037041075527668, 0.03177190199494362, 0.028319478034973145, 0.028996894136071205, 0.02645951136946678, 0.02369009330868721, 0.0223962664604187, 0.023166410624980927, 0.02256914973258972, 0.02091461978852749, 0.02214907854795456, 0.01975816860795021, 0.02343093790113926, 0.020019976422190666, 0.02200476825237274, 0.022702571004629135, 0.019730353727936745, 0.020506661385297775, 0.02171020396053791, 0.02097182348370552, 0.022556457668542862, 0.02405930496752262, 0.02245037630200386]
[0.6677162647247314, 0.2289467602968216, 0.14227886497974396, 0.09706540405750275, 0.06984733790159225, 0.05486533045768738, 0.04805133491754532, 0.041848957538604736, 0.03547264263033867, 0.029590655118227005, 0.02498416230082512, 0.021316446363925934, 0.01967473514378071, 0.017779260873794556, 0.017393777146935463, 0.0159920547157526, 0.016324322670698166, 0.016483087092638016, 0.016253214329481125, 0.01541143748909235, 0.015135716646909714, 0.014999224804341793, 0.014714894816279411, 0.015091024339199066, 0.014575203880667686, 0.013856273144483566, 0.013884389773011208, 0.013983691111207008, 0.013391409069299698, 0.014072496443986893, 0.01480047032237053, 0.015297073870897293]
Training time: 2906 	steps per sec: 11
Eval num_timesteps=32768, episode_reward=nan +/- nan
Eval num_timesteps=32768, episode_success=nan +/- nan
results/Ant-v4/
results/Ant-v4/ppo_ros/
results/Ant-v4/ppo_ros/expert/
results/Ant-v4/ppo_ros/expert/b_16/
results/Ant-v4/ppo_ros/expert/b_16/no_clip/
results/Ant-v4/ppo_ros/expert/b_16/no_clip/run_4/
results/Ant-v4/ppo_ros/expert/b_16/no_clip/run_4/evaluations.npz
results/Ant-v4/ppo_ros/expert/b_16/no_clip/run_4/stats.npz
results/Ant-v4/ppo_ros/expert/b_16/no_clip/run_4/config.yml
