ppo_ros_continuous.py --env-id Hopper-v4 -s expert/b_16/no_clip_lambda --total-timesteps 32768 --eval-freq 1 --eval-episodes 0 -b 16 --num-steps 1024 -lr 0 --update-epochs 0 --anneal-lr 0 --ros-num-steps 256 --ros-update-epochs 16 --ros-target-kl 0.05 --ros-clip-coef 999999999 --ros-lambda 0 -ros-lr 0.001 --ros-anneal-lr 0 --se 1 --se-freq 1 --se-lr 1e-3 --se-epochs 1000 --policy-path policies/Hopper-v4/best_model.zip --normalization-dir policies/Hopper-v4
Obtaining file:///var/lib/condor/execute/slot1/dir_394825/PPOROS/PPOROS/custom-envs
  Preparing metadata (setup.py): started
  Preparing metadata (setup.py): finished with status 'done'
Requirement already satisfied: gym in /var/lib/condor/execute/slot1/dir_394825/PPOROS/ppo-ros_env/lib/python3.9/site-packages (from custom-envs==0.0.1) (0.21.0)
Requirement already satisfied: numpy>=1.18.0 in /var/lib/condor/execute/slot1/dir_394825/PPOROS/ppo-ros_env/lib/python3.9/site-packages (from gym->custom-envs==0.0.1) (1.24.2)
Requirement already satisfied: cloudpickle>=1.2.0 in /var/lib/condor/execute/slot1/dir_394825/PPOROS/ppo-ros_env/lib/python3.9/site-packages (from gym->custom-envs==0.0.1) (2.2.1)
Installing collected packages: custom-envs
  Running setup.py develop for custom-envs
Successfully installed custom-envs-0.0.1
seed: 2
Eval num_timesteps=0, episode_reward=nan +/- nan
Eval num_timesteps=0, episode_success=nan +/- nan
se
1 1024 1024
diff [0.01814159005880356]
ref [0.08045199513435364]
[0.0985935851931572]
Training time: 14 	steps per sec: 69
Eval num_timesteps=1024, episode_reward=nan +/- nan
Eval num_timesteps=1024, episode_success=nan +/- nan
se
2 2048 1024
diff [0.01814159005880356, -0.011120378971099854]
ref [0.08045199513435364, 0.046640969812870026]
[0.0985935851931572, 0.03552059084177017]
Training time: 34 	steps per sec: 59
Eval num_timesteps=2048, episode_reward=nan +/- nan
Eval num_timesteps=2048, episode_success=nan +/- nan
se
3 3072 1024
diff [0.01814159005880356, -0.011120378971099854, 0.0107314083725214]
ref [0.08045199513435364, 0.046640969812870026, 0.023505041375756264]
[0.0985935851931572, 0.03552059084177017, 0.034236449748277664]
Training time: 64 	steps per sec: 47
Eval num_timesteps=3072, episode_reward=nan +/- nan
Eval num_timesteps=3072, episode_success=nan +/- nan
se
4 4096 1024
diff [0.01814159005880356, -0.011120378971099854, 0.0107314083725214, -7.307901978492737e-05]
ref [0.08045199513435364, 0.046640969812870026, 0.023505041375756264, 0.02335497923195362]
[0.0985935851931572, 0.03552059084177017, 0.034236449748277664, 0.023281900212168694]
Training time: 106 	steps per sec: 38
Eval num_timesteps=4096, episode_reward=nan +/- nan
Eval num_timesteps=4096, episode_success=nan +/- nan
se
5 5120 1024
diff [0.01814159005880356, -0.011120378971099854, 0.0107314083725214, -7.307901978492737e-05, 0.001241276040673256]
ref [0.08045199513435364, 0.046640969812870026, 0.023505041375756264, 0.02335497923195362, 0.01830735243856907]
[0.0985935851931572, 0.03552059084177017, 0.034236449748277664, 0.023281900212168694, 0.019548628479242325]
Training time: 151 	steps per sec: 33
Eval num_timesteps=5120, episode_reward=nan +/- nan
Eval num_timesteps=5120, episode_success=nan +/- nan
se
6 6144 1024
diff [0.01814159005880356, -0.011120378971099854, 0.0107314083725214, -7.307901978492737e-05, 0.001241276040673256, -0.004294984973967075]
ref [0.08045199513435364, 0.046640969812870026, 0.023505041375756264, 0.02335497923195362, 0.01830735243856907, 0.019243542104959488]
[0.0985935851931572, 0.03552059084177017, 0.034236449748277664, 0.023281900212168694, 0.019548628479242325, 0.014948557130992413]
Training time: 203 	steps per sec: 30
Eval num_timesteps=6144, episode_reward=nan +/- nan
Eval num_timesteps=6144, episode_success=nan +/- nan
se
7 7168 1024
diff [0.01814159005880356, -0.011120378971099854, 0.0107314083725214, -7.307901978492737e-05, 0.001241276040673256, -0.004294984973967075, -0.004843859001994133]
ref [0.08045199513435364, 0.046640969812870026, 0.023505041375756264, 0.02335497923195362, 0.01830735243856907, 0.019243542104959488, 0.01782967895269394]
[0.0985935851931572, 0.03552059084177017, 0.034236449748277664, 0.023281900212168694, 0.019548628479242325, 0.014948557130992413, 0.012985819950699806]
Training time: 261 	steps per sec: 27
Eval num_timesteps=7168, episode_reward=nan +/- nan
Eval num_timesteps=7168, episode_success=nan +/- nan
se
8 8192 1024
diff [0.01814159005880356, -0.011120378971099854, 0.0107314083725214, -7.307901978492737e-05, 0.001241276040673256, -0.004294984973967075, -0.004843859001994133, 0.0018088072538375854]
ref [0.08045199513435364, 0.046640969812870026, 0.023505041375756264, 0.02335497923195362, 0.01830735243856907, 0.019243542104959488, 0.01782967895269394, 0.010142176412045956]
[0.0985935851931572, 0.03552059084177017, 0.034236449748277664, 0.023281900212168694, 0.019548628479242325, 0.014948557130992413, 0.012985819950699806, 0.011950983665883541]
Training time: 327 	steps per sec: 25
Eval num_timesteps=8192, episode_reward=nan +/- nan
Eval num_timesteps=8192, episode_success=nan +/- nan
se
9 9216 1024
diff [0.01814159005880356, -0.011120378971099854, 0.0107314083725214, -7.307901978492737e-05, 0.001241276040673256, -0.004294984973967075, -0.004843859001994133, 0.0018088072538375854, -0.002973555587232113]
ref [0.08045199513435364, 0.046640969812870026, 0.023505041375756264, 0.02335497923195362, 0.01830735243856907, 0.019243542104959488, 0.01782967895269394, 0.010142176412045956, 0.013391095213592052]
[0.0985935851931572, 0.03552059084177017, 0.034236449748277664, 0.023281900212168694, 0.019548628479242325, 0.014948557130992413, 0.012985819950699806, 0.011950983665883541, 0.01041753962635994]
Training time: 400 	steps per sec: 23
Eval num_timesteps=9216, episode_reward=nan +/- nan
Eval num_timesteps=9216, episode_success=nan +/- nan
se
10 10240 1024
diff [0.01814159005880356, -0.011120378971099854, 0.0107314083725214, -7.307901978492737e-05, 0.001241276040673256, -0.004294984973967075, -0.004843859001994133, 0.0018088072538375854, -0.002973555587232113, -0.0014867540448904037]
ref [0.08045199513435364, 0.046640969812870026, 0.023505041375756264, 0.02335497923195362, 0.01830735243856907, 0.019243542104959488, 0.01782967895269394, 0.010142176412045956, 0.013391095213592052, 0.01134931854903698]
[0.0985935851931572, 0.03552059084177017, 0.034236449748277664, 0.023281900212168694, 0.019548628479242325, 0.014948557130992413, 0.012985819950699806, 0.011950983665883541, 0.01041753962635994, 0.009862564504146576]
Training time: 483 	steps per sec: 21
Eval num_timesteps=10240, episode_reward=nan +/- nan
Eval num_timesteps=10240, episode_success=nan +/- nan
se
11 11264 1024
diff [0.01814159005880356, -0.011120378971099854, 0.0107314083725214, -7.307901978492737e-05, 0.001241276040673256, -0.004294984973967075, -0.004843859001994133, 0.0018088072538375854, -0.002973555587232113, -0.0014867540448904037, -0.0026631588116288185]
ref [0.08045199513435364, 0.046640969812870026, 0.023505041375756264, 0.02335497923195362, 0.01830735243856907, 0.019243542104959488, 0.01782967895269394, 0.010142176412045956, 0.013391095213592052, 0.01134931854903698, 0.01139096263796091]
[0.0985935851931572, 0.03552059084177017, 0.034236449748277664, 0.023281900212168694, 0.019548628479242325, 0.014948557130992413, 0.012985819950699806, 0.011950983665883541, 0.01041753962635994, 0.009862564504146576, 0.008727803826332092]
Training time: 580 	steps per sec: 19
Eval num_timesteps=11264, episode_reward=nan +/- nan
Eval num_timesteps=11264, episode_success=nan +/- nan
se
12 12288 1024
diff [0.01814159005880356, -0.011120378971099854, 0.0107314083725214, -7.307901978492737e-05, 0.001241276040673256, -0.004294984973967075, -0.004843859001994133, 0.0018088072538375854, -0.002973555587232113, -0.0014867540448904037, -0.0026631588116288185, -0.0006417408585548401]
ref [0.08045199513435364, 0.046640969812870026, 0.023505041375756264, 0.02335497923195362, 0.01830735243856907, 0.019243542104959488, 0.01782967895269394, 0.010142176412045956, 0.013391095213592052, 0.01134931854903698, 0.01139096263796091, 0.008482750505208969]
[0.0985935851931572, 0.03552059084177017, 0.034236449748277664, 0.023281900212168694, 0.019548628479242325, 0.014948557130992413, 0.012985819950699806, 0.011950983665883541, 0.01041753962635994, 0.009862564504146576, 0.008727803826332092, 0.007841009646654129]
Training time: 683 	steps per sec: 17
Eval num_timesteps=12288, episode_reward=nan +/- nan
Eval num_timesteps=12288, episode_success=nan +/- nan
se
13 13312 1024
diff [0.01814159005880356, -0.011120378971099854, 0.0107314083725214, -7.307901978492737e-05, 0.001241276040673256, -0.004294984973967075, -0.004843859001994133, 0.0018088072538375854, -0.002973555587232113, -0.0014867540448904037, -0.0026631588116288185, -0.0006417408585548401, -0.0012662829831242561]
ref [0.08045199513435364, 0.046640969812870026, 0.023505041375756264, 0.02335497923195362, 0.01830735243856907, 0.019243542104959488, 0.01782967895269394, 0.010142176412045956, 0.013391095213592052, 0.01134931854903698, 0.01139096263796091, 0.008482750505208969, 0.008255555294454098]
[0.0985935851931572, 0.03552059084177017, 0.034236449748277664, 0.023281900212168694, 0.019548628479242325, 0.014948557130992413, 0.012985819950699806, 0.011950983665883541, 0.01041753962635994, 0.009862564504146576, 0.008727803826332092, 0.007841009646654129, 0.006989272311329842]
Training time: 788 	steps per sec: 16
Eval num_timesteps=13312, episode_reward=nan +/- nan
Eval num_timesteps=13312, episode_success=nan +/- nan
se
14 14336 1024
diff [0.01814159005880356, -0.011120378971099854, 0.0107314083725214, -7.307901978492737e-05, 0.001241276040673256, -0.004294984973967075, -0.004843859001994133, 0.0018088072538375854, -0.002973555587232113, -0.0014867540448904037, -0.0026631588116288185, -0.0006417408585548401, -0.0012662829831242561, -0.0002300674095749855]
ref [0.08045199513435364, 0.046640969812870026, 0.023505041375756264, 0.02335497923195362, 0.01830735243856907, 0.019243542104959488, 0.01782967895269394, 0.010142176412045956, 0.013391095213592052, 0.01134931854903698, 0.01139096263796091, 0.008482750505208969, 0.008255555294454098, 0.007445266004651785]
[0.0985935851931572, 0.03552059084177017, 0.034236449748277664, 0.023281900212168694, 0.019548628479242325, 0.014948557130992413, 0.012985819950699806, 0.011950983665883541, 0.01041753962635994, 0.009862564504146576, 0.008727803826332092, 0.007841009646654129, 0.006989272311329842, 0.007215198595076799]
Training time: 901 	steps per sec: 15
Eval num_timesteps=14336, episode_reward=nan +/- nan
Eval num_timesteps=14336, episode_success=nan +/- nan
se
15 15360 1024
diff [0.01814159005880356, -0.011120378971099854, 0.0107314083725214, -7.307901978492737e-05, 0.001241276040673256, -0.004294984973967075, -0.004843859001994133, 0.0018088072538375854, -0.002973555587232113, -0.0014867540448904037, -0.0026631588116288185, -0.0006417408585548401, -0.0012662829831242561, -0.0002300674095749855, -0.0006464566104114056]
ref [0.08045199513435364, 0.046640969812870026, 0.023505041375756264, 0.02335497923195362, 0.01830735243856907, 0.019243542104959488, 0.01782967895269394, 0.010142176412045956, 0.013391095213592052, 0.01134931854903698, 0.01139096263796091, 0.008482750505208969, 0.008255555294454098, 0.007445266004651785, 0.007269515190273523]
[0.0985935851931572, 0.03552059084177017, 0.034236449748277664, 0.023281900212168694, 0.019548628479242325, 0.014948557130992413, 0.012985819950699806, 0.011950983665883541, 0.01041753962635994, 0.009862564504146576, 0.008727803826332092, 0.007841009646654129, 0.006989272311329842, 0.007215198595076799, 0.006623058579862118]
Training time: 1025 	steps per sec: 14
Eval num_timesteps=15360, episode_reward=nan +/- nan
Eval num_timesteps=15360, episode_success=nan +/- nan
se
16 16384 1024
diff [0.01814159005880356, -0.011120378971099854, 0.0107314083725214, -7.307901978492737e-05, 0.001241276040673256, -0.004294984973967075, -0.004843859001994133, 0.0018088072538375854, -0.002973555587232113, -0.0014867540448904037, -0.0026631588116288185, -0.0006417408585548401, -0.0012662829831242561, -0.0002300674095749855, -0.0006464566104114056, 2.2036954760551453e-05]
ref [0.08045199513435364, 0.046640969812870026, 0.023505041375756264, 0.02335497923195362, 0.01830735243856907, 0.019243542104959488, 0.01782967895269394, 0.010142176412045956, 0.013391095213592052, 0.01134931854903698, 0.01139096263796091, 0.008482750505208969, 0.008255555294454098, 0.007445266004651785, 0.007269515190273523, 0.006305675953626633]
[0.0985935851931572, 0.03552059084177017, 0.034236449748277664, 0.023281900212168694, 0.019548628479242325, 0.014948557130992413, 0.012985819950699806, 0.011950983665883541, 0.01041753962635994, 0.009862564504146576, 0.008727803826332092, 0.007841009646654129, 0.006989272311329842, 0.007215198595076799, 0.006623058579862118, 0.006327712908387184]
Training time: 1158 	steps per sec: 14
Eval num_timesteps=16384, episode_reward=nan +/- nan
Eval num_timesteps=16384, episode_success=nan +/- nan
se
16 16384 1024
diff [0.01814159005880356, -0.011120378971099854, 0.0107314083725214, -7.307901978492737e-05, 0.001241276040673256, -0.004294984973967075, -0.004843859001994133, 0.0018088072538375854, -0.002973555587232113, -0.0014867540448904037, -0.0026631588116288185, -0.0006417408585548401, -0.0012662829831242561, -0.0002300674095749855, -0.0006464566104114056, 2.2036954760551453e-05, -0.0009035193361341953]
ref [0.08045199513435364, 0.046640969812870026, 0.023505041375756264, 0.02335497923195362, 0.01830735243856907, 0.019243542104959488, 0.01782967895269394, 0.010142176412045956, 0.013391095213592052, 0.01134931854903698, 0.01139096263796091, 0.008482750505208969, 0.008255555294454098, 0.007445266004651785, 0.007269515190273523, 0.006305675953626633, 0.007436441257596016]
[0.0985935851931572, 0.03552059084177017, 0.034236449748277664, 0.023281900212168694, 0.019548628479242325, 0.014948557130992413, 0.012985819950699806, 0.011950983665883541, 0.01041753962635994, 0.009862564504146576, 0.008727803826332092, 0.007841009646654129, 0.006989272311329842, 0.007215198595076799, 0.006623058579862118, 0.006327712908387184, 0.006532921921461821]
Training time: 1289 	steps per sec: 13
Eval num_timesteps=17408, episode_reward=nan +/- nan
Eval num_timesteps=17408, episode_success=nan +/- nan
se
16 16384 1024
diff [0.01814159005880356, -0.011120378971099854, 0.0107314083725214, -7.307901978492737e-05, 0.001241276040673256, -0.004294984973967075, -0.004843859001994133, 0.0018088072538375854, -0.002973555587232113, -0.0014867540448904037, -0.0026631588116288185, -0.0006417408585548401, -0.0012662829831242561, -0.0002300674095749855, -0.0006464566104114056, 2.2036954760551453e-05, -0.0009035193361341953, -0.0004527866840362549]
ref [0.08045199513435364, 0.046640969812870026, 0.023505041375756264, 0.02335497923195362, 0.01830735243856907, 0.019243542104959488, 0.01782967895269394, 0.010142176412045956, 0.013391095213592052, 0.01134931854903698, 0.01139096263796091, 0.008482750505208969, 0.008255555294454098, 0.007445266004651785, 0.007269515190273523, 0.006305675953626633, 0.007436441257596016, 0.0068617528304457664]
[0.0985935851931572, 0.03552059084177017, 0.034236449748277664, 0.023281900212168694, 0.019548628479242325, 0.014948557130992413, 0.012985819950699806, 0.011950983665883541, 0.01041753962635994, 0.009862564504146576, 0.008727803826332092, 0.007841009646654129, 0.006989272311329842, 0.007215198595076799, 0.006623058579862118, 0.006327712908387184, 0.006532921921461821, 0.0064089661464095116]
Training time: 1416 	steps per sec: 13
Eval num_timesteps=18432, episode_reward=nan +/- nan
Eval num_timesteps=18432, episode_success=nan +/- nan
se
16 16384 1024
diff [0.01814159005880356, -0.011120378971099854, 0.0107314083725214, -7.307901978492737e-05, 0.001241276040673256, -0.004294984973967075, -0.004843859001994133, 0.0018088072538375854, -0.002973555587232113, -0.0014867540448904037, -0.0026631588116288185, -0.0006417408585548401, -0.0012662829831242561, -0.0002300674095749855, -0.0006464566104114056, 2.2036954760551453e-05, -0.0009035193361341953, -0.0004527866840362549, -0.0002970905043184757]
ref [0.08045199513435364, 0.046640969812870026, 0.023505041375756264, 0.02335497923195362, 0.01830735243856907, 0.019243542104959488, 0.01782967895269394, 0.010142176412045956, 0.013391095213592052, 0.01134931854903698, 0.01139096263796091, 0.008482750505208969, 0.008255555294454098, 0.007445266004651785, 0.007269515190273523, 0.006305675953626633, 0.007436441257596016, 0.0068617528304457664, 0.007177864201366901]
[0.0985935851931572, 0.03552059084177017, 0.034236449748277664, 0.023281900212168694, 0.019548628479242325, 0.014948557130992413, 0.012985819950699806, 0.011950983665883541, 0.01041753962635994, 0.009862564504146576, 0.008727803826332092, 0.007841009646654129, 0.006989272311329842, 0.007215198595076799, 0.006623058579862118, 0.006327712908387184, 0.006532921921461821, 0.0064089661464095116, 0.006880773697048426]
Training time: 1555 	steps per sec: 12
Eval num_timesteps=19456, episode_reward=nan +/- nan
Eval num_timesteps=19456, episode_success=nan +/- nan
se
16 16384 1024
diff [0.01814159005880356, -0.011120378971099854, 0.0107314083725214, -7.307901978492737e-05, 0.001241276040673256, -0.004294984973967075, -0.004843859001994133, 0.0018088072538375854, -0.002973555587232113, -0.0014867540448904037, -0.0026631588116288185, -0.0006417408585548401, -0.0012662829831242561, -0.0002300674095749855, -0.0006464566104114056, 2.2036954760551453e-05, -0.0009035193361341953, -0.0004527866840362549, -0.0002970905043184757, 0.00016882363706827164]
ref [0.08045199513435364, 0.046640969812870026, 0.023505041375756264, 0.02335497923195362, 0.01830735243856907, 0.019243542104959488, 0.01782967895269394, 0.010142176412045956, 0.013391095213592052, 0.01134931854903698, 0.01139096263796091, 0.008482750505208969, 0.008255555294454098, 0.007445266004651785, 0.007269515190273523, 0.006305675953626633, 0.007436441257596016, 0.0068617528304457664, 0.007177864201366901, 0.007060594856739044]
[0.0985935851931572, 0.03552059084177017, 0.034236449748277664, 0.023281900212168694, 0.019548628479242325, 0.014948557130992413, 0.012985819950699806, 0.011950983665883541, 0.01041753962635994, 0.009862564504146576, 0.008727803826332092, 0.007841009646654129, 0.006989272311329842, 0.007215198595076799, 0.006623058579862118, 0.006327712908387184, 0.006532921921461821, 0.0064089661464095116, 0.006880773697048426, 0.007229418493807316]
Training time: 1732 	steps per sec: 11
Eval num_timesteps=20480, episode_reward=nan +/- nan
Eval num_timesteps=20480, episode_success=nan +/- nan
se
16 16384 1024
diff [0.01814159005880356, -0.011120378971099854, 0.0107314083725214, -7.307901978492737e-05, 0.001241276040673256, -0.004294984973967075, -0.004843859001994133, 0.0018088072538375854, -0.002973555587232113, -0.0014867540448904037, -0.0026631588116288185, -0.0006417408585548401, -0.0012662829831242561, -0.0002300674095749855, -0.0006464566104114056, 2.2036954760551453e-05, -0.0009035193361341953, -0.0004527866840362549, -0.0002970905043184757, 0.00016882363706827164, 0.0006462023593485355]
ref [0.08045199513435364, 0.046640969812870026, 0.023505041375756264, 0.02335497923195362, 0.01830735243856907, 0.019243542104959488, 0.01782967895269394, 0.010142176412045956, 0.013391095213592052, 0.01134931854903698, 0.01139096263796091, 0.008482750505208969, 0.008255555294454098, 0.007445266004651785, 0.007269515190273523, 0.006305675953626633, 0.007436441257596016, 0.0068617528304457664, 0.007177864201366901, 0.007060594856739044, 0.006547089666128159]
[0.0985935851931572, 0.03552059084177017, 0.034236449748277664, 0.023281900212168694, 0.019548628479242325, 0.014948557130992413, 0.012985819950699806, 0.011950983665883541, 0.01041753962635994, 0.009862564504146576, 0.008727803826332092, 0.007841009646654129, 0.006989272311329842, 0.007215198595076799, 0.006623058579862118, 0.006327712908387184, 0.006532921921461821, 0.0064089661464095116, 0.006880773697048426, 0.007229418493807316, 0.007193292025476694]
Training time: 1904 	steps per sec: 11
Eval num_timesteps=21504, episode_reward=nan +/- nan
Eval num_timesteps=21504, episode_success=nan +/- nan
se
16 16384 1024
diff [0.01814159005880356, -0.011120378971099854, 0.0107314083725214, -7.307901978492737e-05, 0.001241276040673256, -0.004294984973967075, -0.004843859001994133, 0.0018088072538375854, -0.002973555587232113, -0.0014867540448904037, -0.0026631588116288185, -0.0006417408585548401, -0.0012662829831242561, -0.0002300674095749855, -0.0006464566104114056, 2.2036954760551453e-05, -0.0009035193361341953, -0.0004527866840362549, -0.0002970905043184757, 0.00016882363706827164, 0.0006462023593485355, 0.001982833258807659]
ref [0.08045199513435364, 0.046640969812870026, 0.023505041375756264, 0.02335497923195362, 0.01830735243856907, 0.019243542104959488, 0.01782967895269394, 0.010142176412045956, 0.013391095213592052, 0.01134931854903698, 0.01139096263796091, 0.008482750505208969, 0.008255555294454098, 0.007445266004651785, 0.007269515190273523, 0.006305675953626633, 0.007436441257596016, 0.0068617528304457664, 0.007177864201366901, 0.007060594856739044, 0.006547089666128159, 0.006113449111580849]
[0.0985935851931572, 0.03552059084177017, 0.034236449748277664, 0.023281900212168694, 0.019548628479242325, 0.014948557130992413, 0.012985819950699806, 0.011950983665883541, 0.01041753962635994, 0.009862564504146576, 0.008727803826332092, 0.007841009646654129, 0.006989272311329842, 0.007215198595076799, 0.006623058579862118, 0.006327712908387184, 0.006532921921461821, 0.0064089661464095116, 0.006880773697048426, 0.007229418493807316, 0.007193292025476694, 0.008096282370388508]
Training time: 2044 	steps per sec: 11
Eval num_timesteps=22528, episode_reward=nan +/- nan
Eval num_timesteps=22528, episode_success=nan +/- nan
se
16 16384 1024
diff [0.01814159005880356, -0.011120378971099854, 0.0107314083725214, -7.307901978492737e-05, 0.001241276040673256, -0.004294984973967075, -0.004843859001994133, 0.0018088072538375854, -0.002973555587232113, -0.0014867540448904037, -0.0026631588116288185, -0.0006417408585548401, -0.0012662829831242561, -0.0002300674095749855, -0.0006464566104114056, 2.2036954760551453e-05, -0.0009035193361341953, -0.0004527866840362549, -0.0002970905043184757, 0.00016882363706827164, 0.0006462023593485355, 0.001982833258807659, 0.0014772610738873482]
ref [0.08045199513435364, 0.046640969812870026, 0.023505041375756264, 0.02335497923195362, 0.01830735243856907, 0.019243542104959488, 0.01782967895269394, 0.010142176412045956, 0.013391095213592052, 0.01134931854903698, 0.01139096263796091, 0.008482750505208969, 0.008255555294454098, 0.007445266004651785, 0.007269515190273523, 0.006305675953626633, 0.007436441257596016, 0.0068617528304457664, 0.007177864201366901, 0.007060594856739044, 0.006547089666128159, 0.006113449111580849, 0.006372297182679176]
[0.0985935851931572, 0.03552059084177017, 0.034236449748277664, 0.023281900212168694, 0.019548628479242325, 0.014948557130992413, 0.012985819950699806, 0.011950983665883541, 0.01041753962635994, 0.009862564504146576, 0.008727803826332092, 0.007841009646654129, 0.006989272311329842, 0.007215198595076799, 0.006623058579862118, 0.006327712908387184, 0.006532921921461821, 0.0064089661464095116, 0.006880773697048426, 0.007229418493807316, 0.007193292025476694, 0.008096282370388508, 0.007849558256566525]
Training time: 2182 	steps per sec: 10
Eval num_timesteps=23552, episode_reward=nan +/- nan
Eval num_timesteps=23552, episode_success=nan +/- nan
se
16 16384 1024
diff [0.01814159005880356, -0.011120378971099854, 0.0107314083725214, -7.307901978492737e-05, 0.001241276040673256, -0.004294984973967075, -0.004843859001994133, 0.0018088072538375854, -0.002973555587232113, -0.0014867540448904037, -0.0026631588116288185, -0.0006417408585548401, -0.0012662829831242561, -0.0002300674095749855, -0.0006464566104114056, 2.2036954760551453e-05, -0.0009035193361341953, -0.0004527866840362549, -0.0002970905043184757, 0.00016882363706827164, 0.0006462023593485355, 0.001982833258807659, 0.0014772610738873482, 0.00041232025250792503]
ref [0.08045199513435364, 0.046640969812870026, 0.023505041375756264, 0.02335497923195362, 0.01830735243856907, 0.019243542104959488, 0.01782967895269394, 0.010142176412045956, 0.013391095213592052, 0.01134931854903698, 0.01139096263796091, 0.008482750505208969, 0.008255555294454098, 0.007445266004651785, 0.007269515190273523, 0.006305675953626633, 0.007436441257596016, 0.0068617528304457664, 0.007177864201366901, 0.007060594856739044, 0.006547089666128159, 0.006113449111580849, 0.006372297182679176, 0.007361175958067179]
[0.0985935851931572, 0.03552059084177017, 0.034236449748277664, 0.023281900212168694, 0.019548628479242325, 0.014948557130992413, 0.012985819950699806, 0.011950983665883541, 0.01041753962635994, 0.009862564504146576, 0.008727803826332092, 0.007841009646654129, 0.006989272311329842, 0.007215198595076799, 0.006623058579862118, 0.006327712908387184, 0.006532921921461821, 0.0064089661464095116, 0.006880773697048426, 0.007229418493807316, 0.007193292025476694, 0.008096282370388508, 0.007849558256566525, 0.007773496210575104]
Training time: 2315 	steps per sec: 10
Eval num_timesteps=24576, episode_reward=nan +/- nan
Eval num_timesteps=24576, episode_success=nan +/- nan
se
16 16384 1024
diff [0.01814159005880356, -0.011120378971099854, 0.0107314083725214, -7.307901978492737e-05, 0.001241276040673256, -0.004294984973967075, -0.004843859001994133, 0.0018088072538375854, -0.002973555587232113, -0.0014867540448904037, -0.0026631588116288185, -0.0006417408585548401, -0.0012662829831242561, -0.0002300674095749855, -0.0006464566104114056, 2.2036954760551453e-05, -0.0009035193361341953, -0.0004527866840362549, -0.0002970905043184757, 0.00016882363706827164, 0.0006462023593485355, 0.001982833258807659, 0.0014772610738873482, 0.00041232025250792503, 0.00020968960598111153]
ref [0.08045199513435364, 0.046640969812870026, 0.023505041375756264, 0.02335497923195362, 0.01830735243856907, 0.019243542104959488, 0.01782967895269394, 0.010142176412045956, 0.013391095213592052, 0.01134931854903698, 0.01139096263796091, 0.008482750505208969, 0.008255555294454098, 0.007445266004651785, 0.007269515190273523, 0.006305675953626633, 0.007436441257596016, 0.0068617528304457664, 0.007177864201366901, 0.007060594856739044, 0.006547089666128159, 0.006113449111580849, 0.006372297182679176, 0.007361175958067179, 0.007447455078363419]
[0.0985935851931572, 0.03552059084177017, 0.034236449748277664, 0.023281900212168694, 0.019548628479242325, 0.014948557130992413, 0.012985819950699806, 0.011950983665883541, 0.01041753962635994, 0.009862564504146576, 0.008727803826332092, 0.007841009646654129, 0.006989272311329842, 0.007215198595076799, 0.006623058579862118, 0.006327712908387184, 0.006532921921461821, 0.0064089661464095116, 0.006880773697048426, 0.007229418493807316, 0.007193292025476694, 0.008096282370388508, 0.007849558256566525, 0.007773496210575104, 0.00765714468434453]
Training time: 2445 	steps per sec: 10
Eval num_timesteps=25600, episode_reward=nan +/- nan
Eval num_timesteps=25600, episode_success=nan +/- nan
se
16 16384 1024
diff [0.01814159005880356, -0.011120378971099854, 0.0107314083725214, -7.307901978492737e-05, 0.001241276040673256, -0.004294984973967075, -0.004843859001994133, 0.0018088072538375854, -0.002973555587232113, -0.0014867540448904037, -0.0026631588116288185, -0.0006417408585548401, -0.0012662829831242561, -0.0002300674095749855, -0.0006464566104114056, 2.2036954760551453e-05, -0.0009035193361341953, -0.0004527866840362549, -0.0002970905043184757, 0.00016882363706827164, 0.0006462023593485355, 0.001982833258807659, 0.0014772610738873482, 0.00041232025250792503, 0.00020968960598111153, 0.0008211019448935986]
ref [0.08045199513435364, 0.046640969812870026, 0.023505041375756264, 0.02335497923195362, 0.01830735243856907, 0.019243542104959488, 0.01782967895269394, 0.010142176412045956, 0.013391095213592052, 0.01134931854903698, 0.01139096263796091, 0.008482750505208969, 0.008255555294454098, 0.007445266004651785, 0.007269515190273523, 0.006305675953626633, 0.007436441257596016, 0.0068617528304457664, 0.007177864201366901, 0.007060594856739044, 0.006547089666128159, 0.006113449111580849, 0.006372297182679176, 0.007361175958067179, 0.007447455078363419, 0.006240553688257933]
[0.0985935851931572, 0.03552059084177017, 0.034236449748277664, 0.023281900212168694, 0.019548628479242325, 0.014948557130992413, 0.012985819950699806, 0.011950983665883541, 0.01041753962635994, 0.009862564504146576, 0.008727803826332092, 0.007841009646654129, 0.006989272311329842, 0.007215198595076799, 0.006623058579862118, 0.006327712908387184, 0.006532921921461821, 0.0064089661464095116, 0.006880773697048426, 0.007229418493807316, 0.007193292025476694, 0.008096282370388508, 0.007849558256566525, 0.007773496210575104, 0.00765714468434453, 0.007061655633151531]
Training time: 2559 	steps per sec: 10
Eval num_timesteps=26624, episode_reward=nan +/- nan
Eval num_timesteps=26624, episode_success=nan +/- nan
se
16 16384 1024
diff [0.01814159005880356, -0.011120378971099854, 0.0107314083725214, -7.307901978492737e-05, 0.001241276040673256, -0.004294984973967075, -0.004843859001994133, 0.0018088072538375854, -0.002973555587232113, -0.0014867540448904037, -0.0026631588116288185, -0.0006417408585548401, -0.0012662829831242561, -0.0002300674095749855, -0.0006464566104114056, 2.2036954760551453e-05, -0.0009035193361341953, -0.0004527866840362549, -0.0002970905043184757, 0.00016882363706827164, 0.0006462023593485355, 0.001982833258807659, 0.0014772610738873482, 0.00041232025250792503, 0.00020968960598111153, 0.0008211019448935986, -0.0005935989320278168]
ref [0.08045199513435364, 0.046640969812870026, 0.023505041375756264, 0.02335497923195362, 0.01830735243856907, 0.019243542104959488, 0.01782967895269394, 0.010142176412045956, 0.013391095213592052, 0.01134931854903698, 0.01139096263796091, 0.008482750505208969, 0.008255555294454098, 0.007445266004651785, 0.007269515190273523, 0.006305675953626633, 0.007436441257596016, 0.0068617528304457664, 0.007177864201366901, 0.007060594856739044, 0.006547089666128159, 0.006113449111580849, 0.006372297182679176, 0.007361175958067179, 0.007447455078363419, 0.006240553688257933, 0.007927672937512398]
[0.0985935851931572, 0.03552059084177017, 0.034236449748277664, 0.023281900212168694, 0.019548628479242325, 0.014948557130992413, 0.012985819950699806, 0.011950983665883541, 0.01041753962635994, 0.009862564504146576, 0.008727803826332092, 0.007841009646654129, 0.006989272311329842, 0.007215198595076799, 0.006623058579862118, 0.006327712908387184, 0.006532921921461821, 0.0064089661464095116, 0.006880773697048426, 0.007229418493807316, 0.007193292025476694, 0.008096282370388508, 0.007849558256566525, 0.007773496210575104, 0.00765714468434453, 0.007061655633151531, 0.007334074005484581]
Training time: 2682 	steps per sec: 10
Eval num_timesteps=27648, episode_reward=nan +/- nan
Eval num_timesteps=27648, episode_success=nan +/- nan
se
16 16384 1024
diff [0.01814159005880356, -0.011120378971099854, 0.0107314083725214, -7.307901978492737e-05, 0.001241276040673256, -0.004294984973967075, -0.004843859001994133, 0.0018088072538375854, -0.002973555587232113, -0.0014867540448904037, -0.0026631588116288185, -0.0006417408585548401, -0.0012662829831242561, -0.0002300674095749855, -0.0006464566104114056, 2.2036954760551453e-05, -0.0009035193361341953, -0.0004527866840362549, -0.0002970905043184757, 0.00016882363706827164, 0.0006462023593485355, 0.001982833258807659, 0.0014772610738873482, 0.00041232025250792503, 0.00020968960598111153, 0.0008211019448935986, -0.0005935989320278168, -1.2028031051158905e-06]
ref [0.08045199513435364, 0.046640969812870026, 0.023505041375756264, 0.02335497923195362, 0.01830735243856907, 0.019243542104959488, 0.01782967895269394, 0.010142176412045956, 0.013391095213592052, 0.01134931854903698, 0.01139096263796091, 0.008482750505208969, 0.008255555294454098, 0.007445266004651785, 0.007269515190273523, 0.006305675953626633, 0.007436441257596016, 0.0068617528304457664, 0.007177864201366901, 0.007060594856739044, 0.006547089666128159, 0.006113449111580849, 0.006372297182679176, 0.007361175958067179, 0.007447455078363419, 0.006240553688257933, 0.007927672937512398, 0.007363191340118647]
[0.0985935851931572, 0.03552059084177017, 0.034236449748277664, 0.023281900212168694, 0.019548628479242325, 0.014948557130992413, 0.012985819950699806, 0.011950983665883541, 0.01041753962635994, 0.009862564504146576, 0.008727803826332092, 0.007841009646654129, 0.006989272311329842, 0.007215198595076799, 0.006623058579862118, 0.006327712908387184, 0.006532921921461821, 0.0064089661464095116, 0.006880773697048426, 0.007229418493807316, 0.007193292025476694, 0.008096282370388508, 0.007849558256566525, 0.007773496210575104, 0.00765714468434453, 0.007061655633151531, 0.007334074005484581, 0.007361988537013531]
Training time: 2800 	steps per sec: 10
Eval num_timesteps=28672, episode_reward=nan +/- nan
Eval num_timesteps=28672, episode_success=nan +/- nan
se
16 16384 1024
diff [0.01814159005880356, -0.011120378971099854, 0.0107314083725214, -7.307901978492737e-05, 0.001241276040673256, -0.004294984973967075, -0.004843859001994133, 0.0018088072538375854, -0.002973555587232113, -0.0014867540448904037, -0.0026631588116288185, -0.0006417408585548401, -0.0012662829831242561, -0.0002300674095749855, -0.0006464566104114056, 2.2036954760551453e-05, -0.0009035193361341953, -0.0004527866840362549, -0.0002970905043184757, 0.00016882363706827164, 0.0006462023593485355, 0.001982833258807659, 0.0014772610738873482, 0.00041232025250792503, 0.00020968960598111153, 0.0008211019448935986, -0.0005935989320278168, -1.2028031051158905e-06, -0.00011500343680381775]
ref [0.08045199513435364, 0.046640969812870026, 0.023505041375756264, 0.02335497923195362, 0.01830735243856907, 0.019243542104959488, 0.01782967895269394, 0.010142176412045956, 0.013391095213592052, 0.01134931854903698, 0.01139096263796091, 0.008482750505208969, 0.008255555294454098, 0.007445266004651785, 0.007269515190273523, 0.006305675953626633, 0.007436441257596016, 0.0068617528304457664, 0.007177864201366901, 0.007060594856739044, 0.006547089666128159, 0.006113449111580849, 0.006372297182679176, 0.007361175958067179, 0.007447455078363419, 0.006240553688257933, 0.007927672937512398, 0.007363191340118647, 0.007007259409874678]
[0.0985935851931572, 0.03552059084177017, 0.034236449748277664, 0.023281900212168694, 0.019548628479242325, 0.014948557130992413, 0.012985819950699806, 0.011950983665883541, 0.01041753962635994, 0.009862564504146576, 0.008727803826332092, 0.007841009646654129, 0.006989272311329842, 0.007215198595076799, 0.006623058579862118, 0.006327712908387184, 0.006532921921461821, 0.0064089661464095116, 0.006880773697048426, 0.007229418493807316, 0.007193292025476694, 0.008096282370388508, 0.007849558256566525, 0.007773496210575104, 0.00765714468434453, 0.007061655633151531, 0.007334074005484581, 0.007361988537013531, 0.00689225597307086]
Training time: 2917 	steps per sec: 10
Eval num_timesteps=29696, episode_reward=nan +/- nan
Eval num_timesteps=29696, episode_success=nan +/- nan
se
16 16384 1024
diff [0.01814159005880356, -0.011120378971099854, 0.0107314083725214, -7.307901978492737e-05, 0.001241276040673256, -0.004294984973967075, -0.004843859001994133, 0.0018088072538375854, -0.002973555587232113, -0.0014867540448904037, -0.0026631588116288185, -0.0006417408585548401, -0.0012662829831242561, -0.0002300674095749855, -0.0006464566104114056, 2.2036954760551453e-05, -0.0009035193361341953, -0.0004527866840362549, -0.0002970905043184757, 0.00016882363706827164, 0.0006462023593485355, 0.001982833258807659, 0.0014772610738873482, 0.00041232025250792503, 0.00020968960598111153, 0.0008211019448935986, -0.0005935989320278168, -1.2028031051158905e-06, -0.00011500343680381775, -0.0005000513046979904]
ref [0.08045199513435364, 0.046640969812870026, 0.023505041375756264, 0.02335497923195362, 0.01830735243856907, 0.019243542104959488, 0.01782967895269394, 0.010142176412045956, 0.013391095213592052, 0.01134931854903698, 0.01139096263796091, 0.008482750505208969, 0.008255555294454098, 0.007445266004651785, 0.007269515190273523, 0.006305675953626633, 0.007436441257596016, 0.0068617528304457664, 0.007177864201366901, 0.007060594856739044, 0.006547089666128159, 0.006113449111580849, 0.006372297182679176, 0.007361175958067179, 0.007447455078363419, 0.006240553688257933, 0.007927672937512398, 0.007363191340118647, 0.007007259409874678, 0.007430016063153744]
[0.0985935851931572, 0.03552059084177017, 0.034236449748277664, 0.023281900212168694, 0.019548628479242325, 0.014948557130992413, 0.012985819950699806, 0.011950983665883541, 0.01041753962635994, 0.009862564504146576, 0.008727803826332092, 0.007841009646654129, 0.006989272311329842, 0.007215198595076799, 0.006623058579862118, 0.006327712908387184, 0.006532921921461821, 0.0064089661464095116, 0.006880773697048426, 0.007229418493807316, 0.007193292025476694, 0.008096282370388508, 0.007849558256566525, 0.007773496210575104, 0.00765714468434453, 0.007061655633151531, 0.007334074005484581, 0.007361988537013531, 0.00689225597307086, 0.006929964758455753]
Training time: 3035 	steps per sec: 10
Eval num_timesteps=30720, episode_reward=nan +/- nan
Eval num_timesteps=30720, episode_success=nan +/- nan
se
16 16384 1024
diff [0.01814159005880356, -0.011120378971099854, 0.0107314083725214, -7.307901978492737e-05, 0.001241276040673256, -0.004294984973967075, -0.004843859001994133, 0.0018088072538375854, -0.002973555587232113, -0.0014867540448904037, -0.0026631588116288185, -0.0006417408585548401, -0.0012662829831242561, -0.0002300674095749855, -0.0006464566104114056, 2.2036954760551453e-05, -0.0009035193361341953, -0.0004527866840362549, -0.0002970905043184757, 0.00016882363706827164, 0.0006462023593485355, 0.001982833258807659, 0.0014772610738873482, 0.00041232025250792503, 0.00020968960598111153, 0.0008211019448935986, -0.0005935989320278168, -1.2028031051158905e-06, -0.00011500343680381775, -0.0005000513046979904, 0.0016786251217126846]
ref [0.08045199513435364, 0.046640969812870026, 0.023505041375756264, 0.02335497923195362, 0.01830735243856907, 0.019243542104959488, 0.01782967895269394, 0.010142176412045956, 0.013391095213592052, 0.01134931854903698, 0.01139096263796091, 0.008482750505208969, 0.008255555294454098, 0.007445266004651785, 0.007269515190273523, 0.006305675953626633, 0.007436441257596016, 0.0068617528304457664, 0.007177864201366901, 0.007060594856739044, 0.006547089666128159, 0.006113449111580849, 0.006372297182679176, 0.007361175958067179, 0.007447455078363419, 0.006240553688257933, 0.007927672937512398, 0.007363191340118647, 0.007007259409874678, 0.007430016063153744, 0.006154071539640427]
[0.0985935851931572, 0.03552059084177017, 0.034236449748277664, 0.023281900212168694, 0.019548628479242325, 0.014948557130992413, 0.012985819950699806, 0.011950983665883541, 0.01041753962635994, 0.009862564504146576, 0.008727803826332092, 0.007841009646654129, 0.006989272311329842, 0.007215198595076799, 0.006623058579862118, 0.006327712908387184, 0.006532921921461821, 0.0064089661464095116, 0.006880773697048426, 0.007229418493807316, 0.007193292025476694, 0.008096282370388508, 0.007849558256566525, 0.007773496210575104, 0.00765714468434453, 0.007061655633151531, 0.007334074005484581, 0.007361988537013531, 0.00689225597307086, 0.006929964758455753, 0.007832696661353111]
Training time: 3148 	steps per sec: 10
Eval num_timesteps=31744, episode_reward=nan +/- nan
Eval num_timesteps=31744, episode_success=nan +/- nan
se
16 16384 1024
diff [0.01814159005880356, -0.011120378971099854, 0.0107314083725214, -7.307901978492737e-05, 0.001241276040673256, -0.004294984973967075, -0.004843859001994133, 0.0018088072538375854, -0.002973555587232113, -0.0014867540448904037, -0.0026631588116288185, -0.0006417408585548401, -0.0012662829831242561, -0.0002300674095749855, -0.0006464566104114056, 2.2036954760551453e-05, -0.0009035193361341953, -0.0004527866840362549, -0.0002970905043184757, 0.00016882363706827164, 0.0006462023593485355, 0.001982833258807659, 0.0014772610738873482, 0.00041232025250792503, 0.00020968960598111153, 0.0008211019448935986, -0.0005935989320278168, -1.2028031051158905e-06, -0.00011500343680381775, -0.0005000513046979904, 0.0016786251217126846, 0.0014344877563416958]
ref [0.08045199513435364, 0.046640969812870026, 0.023505041375756264, 0.02335497923195362, 0.01830735243856907, 0.019243542104959488, 0.01782967895269394, 0.010142176412045956, 0.013391095213592052, 0.01134931854903698, 0.01139096263796091, 0.008482750505208969, 0.008255555294454098, 0.007445266004651785, 0.007269515190273523, 0.006305675953626633, 0.007436441257596016, 0.0068617528304457664, 0.007177864201366901, 0.007060594856739044, 0.006547089666128159, 0.006113449111580849, 0.006372297182679176, 0.007361175958067179, 0.007447455078363419, 0.006240553688257933, 0.007927672937512398, 0.007363191340118647, 0.007007259409874678, 0.007430016063153744, 0.006154071539640427, 0.006567425560206175]
[0.0985935851931572, 0.03552059084177017, 0.034236449748277664, 0.023281900212168694, 0.019548628479242325, 0.014948557130992413, 0.012985819950699806, 0.011950983665883541, 0.01041753962635994, 0.009862564504146576, 0.008727803826332092, 0.007841009646654129, 0.006989272311329842, 0.007215198595076799, 0.006623058579862118, 0.006327712908387184, 0.006532921921461821, 0.0064089661464095116, 0.006880773697048426, 0.007229418493807316, 0.007193292025476694, 0.008096282370388508, 0.007849558256566525, 0.007773496210575104, 0.00765714468434453, 0.007061655633151531, 0.007334074005484581, 0.007361988537013531, 0.00689225597307086, 0.006929964758455753, 0.007832696661353111, 0.00800191331654787]
Training time: 3271 	steps per sec: 10
Eval num_timesteps=32768, episode_reward=nan +/- nan
Eval num_timesteps=32768, episode_success=nan +/- nan
results/Hopper-v4/
results/Hopper-v4/ppo_ros/
results/Hopper-v4/ppo_ros/expert/
results/Hopper-v4/ppo_ros/expert/b_16/
results/Hopper-v4/ppo_ros/expert/b_16/no_clip_lambda/
results/Hopper-v4/ppo_ros/expert/b_16/no_clip_lambda/run_2/
results/Hopper-v4/ppo_ros/expert/b_16/no_clip_lambda/run_2/evaluations.npz
results/Hopper-v4/ppo_ros/expert/b_16/no_clip_lambda/run_2/config.yml
results/Hopper-v4/ppo_ros/expert/b_16/no_clip_lambda/run_2/stats.npz
