ppo_ros_continuous.py --env-id Walker2d-v4 -s expert/b_16/no_lambda --total-timesteps 32768 --eval-freq 1 --eval-episodes 0 -b 16 --num-steps 1024 -lr 0 --update-epochs 0 --anneal-lr 0 --ros-num-steps 256 --ros-update-epochs 16 --ros-target-kl 0.05 --ros-clip-coef 0.3 --ros-lambda 0 -ros-lr 0.001 --ros-anneal-lr 0 --se 1 --se-freq 1 --se-lr 1e-3 --se-epochs 1000 --policy-path policies/Walker2d-v4/best_model.zip --normalization-dir policies/Walker2d-v4
Obtaining file:///var/lib/condor/execute/slot1/dir_8380/PPOROS/PPOROS/custom-envs
  Preparing metadata (setup.py): started
  Preparing metadata (setup.py): finished with status 'done'
Requirement already satisfied: gym in /var/lib/condor/execute/slot1/dir_8380/PPOROS/ppo-ros_env/lib/python3.9/site-packages (from custom-envs==0.0.1) (0.21.0)
Requirement already satisfied: numpy>=1.18.0 in /var/lib/condor/execute/slot1/dir_8380/PPOROS/ppo-ros_env/lib/python3.9/site-packages (from gym->custom-envs==0.0.1) (1.24.2)
Requirement already satisfied: cloudpickle>=1.2.0 in /var/lib/condor/execute/slot1/dir_8380/PPOROS/ppo-ros_env/lib/python3.9/site-packages (from gym->custom-envs==0.0.1) (2.2.1)
Installing collected packages: custom-envs
  Running setup.py develop for custom-envs
Successfully installed custom-envs-0.0.1
seed: 1
Eval num_timesteps=0, episode_reward=nan +/- nan
Eval num_timesteps=0, episode_success=nan +/- nan
se
1 1024 1024
diff [-0.0204312801361084]
ref [0.30465051531791687]
[0.28421923518180847]
Training time: 38 	steps per sec: 26
Eval num_timesteps=1024, episode_reward=nan +/- nan
Eval num_timesteps=1024, episode_success=nan +/- nan
se
2 2048 1024
diff [-0.0204312801361084, -0.023919008672237396]
ref [0.30465051531791687, 0.13377158343791962]
[0.28421923518180847, 0.10985257476568222]
Training time: 84 	steps per sec: 24
Eval num_timesteps=2048, episode_reward=nan +/- nan
Eval num_timesteps=2048, episode_success=nan +/- nan
se
3 3072 1024
diff [-0.0204312801361084, -0.023919008672237396, -0.03731762617826462]
ref [0.30465051531791687, 0.13377158343791962, 0.10209614038467407]
[0.28421923518180847, 0.10985257476568222, 0.06477851420640945]
Training time: 146 	steps per sec: 20
Eval num_timesteps=3072, episode_reward=nan +/- nan
Eval num_timesteps=3072, episode_success=nan +/- nan
se
4 4096 1024
diff [-0.0204312801361084, -0.023919008672237396, -0.03731762617826462, -0.02364417165517807]
ref [0.30465051531791687, 0.13377158343791962, 0.10209614038467407, 0.07279433310031891]
[0.28421923518180847, 0.10985257476568222, 0.06477851420640945, 0.04915016144514084]
Training time: 221 	steps per sec: 18
Eval num_timesteps=4096, episode_reward=nan +/- nan
Eval num_timesteps=4096, episode_success=nan +/- nan
se
5 5120 1024
diff [-0.0204312801361084, -0.023919008672237396, -0.03731762617826462, -0.02364417165517807, -0.007836878299713135]
ref [0.30465051531791687, 0.13377158343791962, 0.10209614038467407, 0.07279433310031891, 0.04684921354055405]
[0.28421923518180847, 0.10985257476568222, 0.06477851420640945, 0.04915016144514084, 0.03901233524084091]
Training time: 311 	steps per sec: 16
Eval num_timesteps=5120, episode_reward=nan +/- nan
Eval num_timesteps=5120, episode_success=nan +/- nan
se
6 6144 1024
diff [-0.0204312801361084, -0.023919008672237396, -0.03731762617826462, -0.02364417165517807, -0.007836878299713135, -0.008842682465910912]
ref [0.30465051531791687, 0.13377158343791962, 0.10209614038467407, 0.07279433310031891, 0.04684921354055405, 0.039429210126399994]
[0.28421923518180847, 0.10985257476568222, 0.06477851420640945, 0.04915016144514084, 0.03901233524084091, 0.030586527660489082]
Training time: 412 	steps per sec: 14
Eval num_timesteps=6144, episode_reward=nan +/- nan
Eval num_timesteps=6144, episode_success=nan +/- nan
se
7 7168 1024
diff [-0.0204312801361084, -0.023919008672237396, -0.03731762617826462, -0.02364417165517807, -0.007836878299713135, -0.008842682465910912, -0.009524684399366379]
ref [0.30465051531791687, 0.13377158343791962, 0.10209614038467407, 0.07279433310031891, 0.04684921354055405, 0.039429210126399994, 0.03753763437271118]
[0.28421923518180847, 0.10985257476568222, 0.06477851420640945, 0.04915016144514084, 0.03901233524084091, 0.030586527660489082, 0.028012949973344803]
Training time: 529 	steps per sec: 13
Eval num_timesteps=7168, episode_reward=nan +/- nan
Eval num_timesteps=7168, episode_success=nan +/- nan
se
8 8192 1024
diff [-0.0204312801361084, -0.023919008672237396, -0.03731762617826462, -0.02364417165517807, -0.007836878299713135, -0.008842682465910912, -0.009524684399366379, -0.007638249546289444]
ref [0.30465051531791687, 0.13377158343791962, 0.10209614038467407, 0.07279433310031891, 0.04684921354055405, 0.039429210126399994, 0.03753763437271118, 0.03156358748674393]
[0.28421923518180847, 0.10985257476568222, 0.06477851420640945, 0.04915016144514084, 0.03901233524084091, 0.030586527660489082, 0.028012949973344803, 0.023925337940454483]
Training time: 659 	steps per sec: 12
Eval num_timesteps=8192, episode_reward=nan +/- nan
Eval num_timesteps=8192, episode_success=nan +/- nan
se
9 9216 1024
diff [-0.0204312801361084, -0.023919008672237396, -0.03731762617826462, -0.02364417165517807, -0.007836878299713135, -0.008842682465910912, -0.009524684399366379, -0.007638249546289444, -0.007901603356003761]
ref [0.30465051531791687, 0.13377158343791962, 0.10209614038467407, 0.07279433310031891, 0.04684921354055405, 0.039429210126399994, 0.03753763437271118, 0.03156358748674393, 0.027886254712939262]
[0.28421923518180847, 0.10985257476568222, 0.06477851420640945, 0.04915016144514084, 0.03901233524084091, 0.030586527660489082, 0.028012949973344803, 0.023925337940454483, 0.0199846513569355]
Training time: 804 	steps per sec: 11
Eval num_timesteps=9216, episode_reward=nan +/- nan
Eval num_timesteps=9216, episode_success=nan +/- nan
se
10 10240 1024
diff [-0.0204312801361084, -0.023919008672237396, -0.03731762617826462, -0.02364417165517807, -0.007836878299713135, -0.008842682465910912, -0.009524684399366379, -0.007638249546289444, -0.007901603356003761, -0.010170767083764076]
ref [0.30465051531791687, 0.13377158343791962, 0.10209614038467407, 0.07279433310031891, 0.04684921354055405, 0.039429210126399994, 0.03753763437271118, 0.03156358748674393, 0.027886254712939262, 0.02765640988945961]
[0.28421923518180847, 0.10985257476568222, 0.06477851420640945, 0.04915016144514084, 0.03901233524084091, 0.030586527660489082, 0.028012949973344803, 0.023925337940454483, 0.0199846513569355, 0.017485642805695534]
Training time: 959 	steps per sec: 10
Eval num_timesteps=10240, episode_reward=nan +/- nan
Eval num_timesteps=10240, episode_success=nan +/- nan
se
11 11264 1024
diff [-0.0204312801361084, -0.023919008672237396, -0.03731762617826462, -0.02364417165517807, -0.007836878299713135, -0.008842682465910912, -0.009524684399366379, -0.007638249546289444, -0.007901603356003761, -0.010170767083764076, -0.006400531157851219]
ref [0.30465051531791687, 0.13377158343791962, 0.10209614038467407, 0.07279433310031891, 0.04684921354055405, 0.039429210126399994, 0.03753763437271118, 0.03156358748674393, 0.027886254712939262, 0.02765640988945961, 0.022339636459946632]
[0.28421923518180847, 0.10985257476568222, 0.06477851420640945, 0.04915016144514084, 0.03901233524084091, 0.030586527660489082, 0.028012949973344803, 0.023925337940454483, 0.0199846513569355, 0.017485642805695534, 0.015939105302095413]
Training time: 1130 	steps per sec: 9
Eval num_timesteps=11264, episode_reward=nan +/- nan
Eval num_timesteps=11264, episode_success=nan +/- nan
se
12 12288 1024
diff [-0.0204312801361084, -0.023919008672237396, -0.03731762617826462, -0.02364417165517807, -0.007836878299713135, -0.008842682465910912, -0.009524684399366379, -0.007638249546289444, -0.007901603356003761, -0.010170767083764076, -0.006400531157851219, -0.0057628219947218895]
ref [0.30465051531791687, 0.13377158343791962, 0.10209614038467407, 0.07279433310031891, 0.04684921354055405, 0.039429210126399994, 0.03753763437271118, 0.03156358748674393, 0.027886254712939262, 0.02765640988945961, 0.022339636459946632, 0.019300976768136024]
[0.28421923518180847, 0.10985257476568222, 0.06477851420640945, 0.04915016144514084, 0.03901233524084091, 0.030586527660489082, 0.028012949973344803, 0.023925337940454483, 0.0199846513569355, 0.017485642805695534, 0.015939105302095413, 0.013538154773414135]
Training time: 1302 	steps per sec: 9
Eval num_timesteps=12288, episode_reward=nan +/- nan
Eval num_timesteps=12288, episode_success=nan +/- nan
se
13 13312 1024
diff [-0.0204312801361084, -0.023919008672237396, -0.03731762617826462, -0.02364417165517807, -0.007836878299713135, -0.008842682465910912, -0.009524684399366379, -0.007638249546289444, -0.007901603356003761, -0.010170767083764076, -0.006400531157851219, -0.0057628219947218895, -0.008007743395864964]
ref [0.30465051531791687, 0.13377158343791962, 0.10209614038467407, 0.07279433310031891, 0.04684921354055405, 0.039429210126399994, 0.03753763437271118, 0.03156358748674393, 0.027886254712939262, 0.02765640988945961, 0.022339636459946632, 0.019300976768136024, 0.020016612485051155]
[0.28421923518180847, 0.10985257476568222, 0.06477851420640945, 0.04915016144514084, 0.03901233524084091, 0.030586527660489082, 0.028012949973344803, 0.023925337940454483, 0.0199846513569355, 0.017485642805695534, 0.015939105302095413, 0.013538154773414135, 0.012008869089186192]
Training time: 1485 	steps per sec: 8
Eval num_timesteps=13312, episode_reward=nan +/- nan
Eval num_timesteps=13312, episode_success=nan +/- nan
se
14 14336 1024
diff [-0.0204312801361084, -0.023919008672237396, -0.03731762617826462, -0.02364417165517807, -0.007836878299713135, -0.008842682465910912, -0.009524684399366379, -0.007638249546289444, -0.007901603356003761, -0.010170767083764076, -0.006400531157851219, -0.0057628219947218895, -0.008007743395864964, -0.00840754434466362]
ref [0.30465051531791687, 0.13377158343791962, 0.10209614038467407, 0.07279433310031891, 0.04684921354055405, 0.039429210126399994, 0.03753763437271118, 0.03156358748674393, 0.027886254712939262, 0.02765640988945961, 0.022339636459946632, 0.019300976768136024, 0.020016612485051155, 0.01926444098353386]
[0.28421923518180847, 0.10985257476568222, 0.06477851420640945, 0.04915016144514084, 0.03901233524084091, 0.030586527660489082, 0.028012949973344803, 0.023925337940454483, 0.0199846513569355, 0.017485642805695534, 0.015939105302095413, 0.013538154773414135, 0.012008869089186192, 0.01085689663887024]
Training time: 1689 	steps per sec: 8
Eval num_timesteps=14336, episode_reward=nan +/- nan
Eval num_timesteps=14336, episode_success=nan +/- nan
se
15 15360 1024
diff [-0.0204312801361084, -0.023919008672237396, -0.03731762617826462, -0.02364417165517807, -0.007836878299713135, -0.008842682465910912, -0.009524684399366379, -0.007638249546289444, -0.007901603356003761, -0.010170767083764076, -0.006400531157851219, -0.0057628219947218895, -0.008007743395864964, -0.00840754434466362, -0.005543702282011509]
ref [0.30465051531791687, 0.13377158343791962, 0.10209614038467407, 0.07279433310031891, 0.04684921354055405, 0.039429210126399994, 0.03753763437271118, 0.03156358748674393, 0.027886254712939262, 0.02765640988945961, 0.022339636459946632, 0.019300976768136024, 0.020016612485051155, 0.01926444098353386, 0.01572475954890251]
[0.28421923518180847, 0.10985257476568222, 0.06477851420640945, 0.04915016144514084, 0.03901233524084091, 0.030586527660489082, 0.028012949973344803, 0.023925337940454483, 0.0199846513569355, 0.017485642805695534, 0.015939105302095413, 0.013538154773414135, 0.012008869089186192, 0.01085689663887024, 0.010181057266891003]
Training time: 1901 	steps per sec: 8
Eval num_timesteps=15360, episode_reward=nan +/- nan
Eval num_timesteps=15360, episode_success=nan +/- nan
se
16 16384 1024
diff [-0.0204312801361084, -0.023919008672237396, -0.03731762617826462, -0.02364417165517807, -0.007836878299713135, -0.008842682465910912, -0.009524684399366379, -0.007638249546289444, -0.007901603356003761, -0.010170767083764076, -0.006400531157851219, -0.0057628219947218895, -0.008007743395864964, -0.00840754434466362, -0.005543702282011509, -0.006960398517549038]
ref [0.30465051531791687, 0.13377158343791962, 0.10209614038467407, 0.07279433310031891, 0.04684921354055405, 0.039429210126399994, 0.03753763437271118, 0.03156358748674393, 0.027886254712939262, 0.02765640988945961, 0.022339636459946632, 0.019300976768136024, 0.020016612485051155, 0.01926444098353386, 0.01572475954890251, 0.0161714069545269]
[0.28421923518180847, 0.10985257476568222, 0.06477851420640945, 0.04915016144514084, 0.03901233524084091, 0.030586527660489082, 0.028012949973344803, 0.023925337940454483, 0.0199846513569355, 0.017485642805695534, 0.015939105302095413, 0.013538154773414135, 0.012008869089186192, 0.01085689663887024, 0.010181057266891003, 0.009211008436977863]
Training time: 2126 	steps per sec: 7
Eval num_timesteps=16384, episode_reward=nan +/- nan
Eval num_timesteps=16384, episode_success=nan +/- nan
se
16 16384 1024
diff [-0.0204312801361084, -0.023919008672237396, -0.03731762617826462, -0.02364417165517807, -0.007836878299713135, -0.008842682465910912, -0.009524684399366379, -0.007638249546289444, -0.007901603356003761, -0.010170767083764076, -0.006400531157851219, -0.0057628219947218895, -0.008007743395864964, -0.00840754434466362, -0.005543702282011509, -0.006960398517549038, -0.005777399986982346]
ref [0.30465051531791687, 0.13377158343791962, 0.10209614038467407, 0.07279433310031891, 0.04684921354055405, 0.039429210126399994, 0.03753763437271118, 0.03156358748674393, 0.027886254712939262, 0.02765640988945961, 0.022339636459946632, 0.019300976768136024, 0.020016612485051155, 0.01926444098353386, 0.01572475954890251, 0.0161714069545269, 0.015425401739776134]
[0.28421923518180847, 0.10985257476568222, 0.06477851420640945, 0.04915016144514084, 0.03901233524084091, 0.030586527660489082, 0.028012949973344803, 0.023925337940454483, 0.0199846513569355, 0.017485642805695534, 0.015939105302095413, 0.013538154773414135, 0.012008869089186192, 0.01085689663887024, 0.010181057266891003, 0.009211008436977863, 0.009648001752793789]
Training time: 2356 	steps per sec: 7
Eval num_timesteps=17408, episode_reward=nan +/- nan
Eval num_timesteps=17408, episode_success=nan +/- nan
se
16 16384 1024
diff [-0.0204312801361084, -0.023919008672237396, -0.03731762617826462, -0.02364417165517807, -0.007836878299713135, -0.008842682465910912, -0.009524684399366379, -0.007638249546289444, -0.007901603356003761, -0.010170767083764076, -0.006400531157851219, -0.0057628219947218895, -0.008007743395864964, -0.00840754434466362, -0.005543702282011509, -0.006960398517549038, -0.005777399986982346, -0.00837844330817461]
ref [0.30465051531791687, 0.13377158343791962, 0.10209614038467407, 0.07279433310031891, 0.04684921354055405, 0.039429210126399994, 0.03753763437271118, 0.03156358748674393, 0.027886254712939262, 0.02765640988945961, 0.022339636459946632, 0.019300976768136024, 0.020016612485051155, 0.01926444098353386, 0.01572475954890251, 0.0161714069545269, 0.015425401739776134, 0.017045171931385994]
[0.28421923518180847, 0.10985257476568222, 0.06477851420640945, 0.04915016144514084, 0.03901233524084091, 0.030586527660489082, 0.028012949973344803, 0.023925337940454483, 0.0199846513569355, 0.017485642805695534, 0.015939105302095413, 0.013538154773414135, 0.012008869089186192, 0.01085689663887024, 0.010181057266891003, 0.009211008436977863, 0.009648001752793789, 0.008666728623211384]
Training time: 2579 	steps per sec: 7
Eval num_timesteps=18432, episode_reward=nan +/- nan
Eval num_timesteps=18432, episode_success=nan +/- nan
se
16 16384 1024
diff [-0.0204312801361084, -0.023919008672237396, -0.03731762617826462, -0.02364417165517807, -0.007836878299713135, -0.008842682465910912, -0.009524684399366379, -0.007638249546289444, -0.007901603356003761, -0.010170767083764076, -0.006400531157851219, -0.0057628219947218895, -0.008007743395864964, -0.00840754434466362, -0.005543702282011509, -0.006960398517549038, -0.005777399986982346, -0.00837844330817461, -0.006405181251466274]
ref [0.30465051531791687, 0.13377158343791962, 0.10209614038467407, 0.07279433310031891, 0.04684921354055405, 0.039429210126399994, 0.03753763437271118, 0.03156358748674393, 0.027886254712939262, 0.02765640988945961, 0.022339636459946632, 0.019300976768136024, 0.020016612485051155, 0.01926444098353386, 0.01572475954890251, 0.0161714069545269, 0.015425401739776134, 0.017045171931385994, 0.014941902831196785]
[0.28421923518180847, 0.10985257476568222, 0.06477851420640945, 0.04915016144514084, 0.03901233524084091, 0.030586527660489082, 0.028012949973344803, 0.023925337940454483, 0.0199846513569355, 0.017485642805695534, 0.015939105302095413, 0.013538154773414135, 0.012008869089186192, 0.01085689663887024, 0.010181057266891003, 0.009211008436977863, 0.009648001752793789, 0.008666728623211384, 0.00853672157973051]
Training time: 2794 	steps per sec: 6
Eval num_timesteps=19456, episode_reward=nan +/- nan
Eval num_timesteps=19456, episode_success=nan +/- nan
se
16 16384 1024
diff [-0.0204312801361084, -0.023919008672237396, -0.03731762617826462, -0.02364417165517807, -0.007836878299713135, -0.008842682465910912, -0.009524684399366379, -0.007638249546289444, -0.007901603356003761, -0.010170767083764076, -0.006400531157851219, -0.0057628219947218895, -0.008007743395864964, -0.00840754434466362, -0.005543702282011509, -0.006960398517549038, -0.005777399986982346, -0.00837844330817461, -0.006405181251466274, -0.01007617637515068]
ref [0.30465051531791687, 0.13377158343791962, 0.10209614038467407, 0.07279433310031891, 0.04684921354055405, 0.039429210126399994, 0.03753763437271118, 0.03156358748674393, 0.027886254712939262, 0.02765640988945961, 0.022339636459946632, 0.019300976768136024, 0.020016612485051155, 0.01926444098353386, 0.01572475954890251, 0.0161714069545269, 0.015425401739776134, 0.017045171931385994, 0.014941902831196785, 0.019225722178816795]
[0.28421923518180847, 0.10985257476568222, 0.06477851420640945, 0.04915016144514084, 0.03901233524084091, 0.030586527660489082, 0.028012949973344803, 0.023925337940454483, 0.0199846513569355, 0.017485642805695534, 0.015939105302095413, 0.013538154773414135, 0.012008869089186192, 0.01085689663887024, 0.010181057266891003, 0.009211008436977863, 0.009648001752793789, 0.008666728623211384, 0.00853672157973051, 0.009149545803666115]
Training time: 3010 	steps per sec: 6
Eval num_timesteps=20480, episode_reward=nan +/- nan
Eval num_timesteps=20480, episode_success=nan +/- nan
se
16 16384 1024
diff [-0.0204312801361084, -0.023919008672237396, -0.03731762617826462, -0.02364417165517807, -0.007836878299713135, -0.008842682465910912, -0.009524684399366379, -0.007638249546289444, -0.007901603356003761, -0.010170767083764076, -0.006400531157851219, -0.0057628219947218895, -0.008007743395864964, -0.00840754434466362, -0.005543702282011509, -0.006960398517549038, -0.005777399986982346, -0.00837844330817461, -0.006405181251466274, -0.01007617637515068, -0.004929646849632263]
ref [0.30465051531791687, 0.13377158343791962, 0.10209614038467407, 0.07279433310031891, 0.04684921354055405, 0.039429210126399994, 0.03753763437271118, 0.03156358748674393, 0.027886254712939262, 0.02765640988945961, 0.022339636459946632, 0.019300976768136024, 0.020016612485051155, 0.01926444098353386, 0.01572475954890251, 0.0161714069545269, 0.015425401739776134, 0.017045171931385994, 0.014941902831196785, 0.019225722178816795, 0.014619077555835247]
[0.28421923518180847, 0.10985257476568222, 0.06477851420640945, 0.04915016144514084, 0.03901233524084091, 0.030586527660489082, 0.028012949973344803, 0.023925337940454483, 0.0199846513569355, 0.017485642805695534, 0.015939105302095413, 0.013538154773414135, 0.012008869089186192, 0.01085689663887024, 0.010181057266891003, 0.009211008436977863, 0.009648001752793789, 0.008666728623211384, 0.00853672157973051, 0.009149545803666115, 0.009689430706202984]
Training time: 3220 	steps per sec: 6
Eval num_timesteps=21504, episode_reward=nan +/- nan
Eval num_timesteps=21504, episode_success=nan +/- nan
se
16 16384 1024
diff [-0.0204312801361084, -0.023919008672237396, -0.03731762617826462, -0.02364417165517807, -0.007836878299713135, -0.008842682465910912, -0.009524684399366379, -0.007638249546289444, -0.007901603356003761, -0.010170767083764076, -0.006400531157851219, -0.0057628219947218895, -0.008007743395864964, -0.00840754434466362, -0.005543702282011509, -0.006960398517549038, -0.005777399986982346, -0.00837844330817461, -0.006405181251466274, -0.01007617637515068, -0.004929646849632263, -0.005988134071230888]
ref [0.30465051531791687, 0.13377158343791962, 0.10209614038467407, 0.07279433310031891, 0.04684921354055405, 0.039429210126399994, 0.03753763437271118, 0.03156358748674393, 0.027886254712939262, 0.02765640988945961, 0.022339636459946632, 0.019300976768136024, 0.020016612485051155, 0.01926444098353386, 0.01572475954890251, 0.0161714069545269, 0.015425401739776134, 0.017045171931385994, 0.014941902831196785, 0.019225722178816795, 0.014619077555835247, 0.0152607886120677]
[0.28421923518180847, 0.10985257476568222, 0.06477851420640945, 0.04915016144514084, 0.03901233524084091, 0.030586527660489082, 0.028012949973344803, 0.023925337940454483, 0.0199846513569355, 0.017485642805695534, 0.015939105302095413, 0.013538154773414135, 0.012008869089186192, 0.01085689663887024, 0.010181057266891003, 0.009211008436977863, 0.009648001752793789, 0.008666728623211384, 0.00853672157973051, 0.009149545803666115, 0.009689430706202984, 0.009272654540836811]
Training time: 3431 	steps per sec: 6
Eval num_timesteps=22528, episode_reward=nan +/- nan
Eval num_timesteps=22528, episode_success=nan +/- nan
se
16 16384 1024
diff [-0.0204312801361084, -0.023919008672237396, -0.03731762617826462, -0.02364417165517807, -0.007836878299713135, -0.008842682465910912, -0.009524684399366379, -0.007638249546289444, -0.007901603356003761, -0.010170767083764076, -0.006400531157851219, -0.0057628219947218895, -0.008007743395864964, -0.00840754434466362, -0.005543702282011509, -0.006960398517549038, -0.005777399986982346, -0.00837844330817461, -0.006405181251466274, -0.01007617637515068, -0.004929646849632263, -0.005988134071230888, -0.006675179116427898]
ref [0.30465051531791687, 0.13377158343791962, 0.10209614038467407, 0.07279433310031891, 0.04684921354055405, 0.039429210126399994, 0.03753763437271118, 0.03156358748674393, 0.027886254712939262, 0.02765640988945961, 0.022339636459946632, 0.019300976768136024, 0.020016612485051155, 0.01926444098353386, 0.01572475954890251, 0.0161714069545269, 0.015425401739776134, 0.017045171931385994, 0.014941902831196785, 0.019225722178816795, 0.014619077555835247, 0.0152607886120677, 0.01646224409341812]
[0.28421923518180847, 0.10985257476568222, 0.06477851420640945, 0.04915016144514084, 0.03901233524084091, 0.030586527660489082, 0.028012949973344803, 0.023925337940454483, 0.0199846513569355, 0.017485642805695534, 0.015939105302095413, 0.013538154773414135, 0.012008869089186192, 0.01085689663887024, 0.010181057266891003, 0.009211008436977863, 0.009648001752793789, 0.008666728623211384, 0.00853672157973051, 0.009149545803666115, 0.009689430706202984, 0.009272654540836811, 0.009787064976990223]
Training time: 3641 	steps per sec: 6
Eval num_timesteps=23552, episode_reward=nan +/- nan
Eval num_timesteps=23552, episode_success=nan +/- nan
se
16 16384 1024
diff [-0.0204312801361084, -0.023919008672237396, -0.03731762617826462, -0.02364417165517807, -0.007836878299713135, -0.008842682465910912, -0.009524684399366379, -0.007638249546289444, -0.007901603356003761, -0.010170767083764076, -0.006400531157851219, -0.0057628219947218895, -0.008007743395864964, -0.00840754434466362, -0.005543702282011509, -0.006960398517549038, -0.005777399986982346, -0.00837844330817461, -0.006405181251466274, -0.01007617637515068, -0.004929646849632263, -0.005988134071230888, -0.006675179116427898, -0.006572192534804344]
ref [0.30465051531791687, 0.13377158343791962, 0.10209614038467407, 0.07279433310031891, 0.04684921354055405, 0.039429210126399994, 0.03753763437271118, 0.03156358748674393, 0.027886254712939262, 0.02765640988945961, 0.022339636459946632, 0.019300976768136024, 0.020016612485051155, 0.01926444098353386, 0.01572475954890251, 0.0161714069545269, 0.015425401739776134, 0.017045171931385994, 0.014941902831196785, 0.019225722178816795, 0.014619077555835247, 0.0152607886120677, 0.01646224409341812, 0.017149675637483597]
[0.28421923518180847, 0.10985257476568222, 0.06477851420640945, 0.04915016144514084, 0.03901233524084091, 0.030586527660489082, 0.028012949973344803, 0.023925337940454483, 0.0199846513569355, 0.017485642805695534, 0.015939105302095413, 0.013538154773414135, 0.012008869089186192, 0.01085689663887024, 0.010181057266891003, 0.009211008436977863, 0.009648001752793789, 0.008666728623211384, 0.00853672157973051, 0.009149545803666115, 0.009689430706202984, 0.009272654540836811, 0.009787064976990223, 0.010577483102679253]
Training time: 3859 	steps per sec: 6
Eval num_timesteps=24576, episode_reward=nan +/- nan
Eval num_timesteps=24576, episode_success=nan +/- nan
se
16 16384 1024
diff [-0.0204312801361084, -0.023919008672237396, -0.03731762617826462, -0.02364417165517807, -0.007836878299713135, -0.008842682465910912, -0.009524684399366379, -0.007638249546289444, -0.007901603356003761, -0.010170767083764076, -0.006400531157851219, -0.0057628219947218895, -0.008007743395864964, -0.00840754434466362, -0.005543702282011509, -0.006960398517549038, -0.005777399986982346, -0.00837844330817461, -0.006405181251466274, -0.01007617637515068, -0.004929646849632263, -0.005988134071230888, -0.006675179116427898, -0.006572192534804344, -0.006378755904734135]
ref [0.30465051531791687, 0.13377158343791962, 0.10209614038467407, 0.07279433310031891, 0.04684921354055405, 0.039429210126399994, 0.03753763437271118, 0.03156358748674393, 0.027886254712939262, 0.02765640988945961, 0.022339636459946632, 0.019300976768136024, 0.020016612485051155, 0.01926444098353386, 0.01572475954890251, 0.0161714069545269, 0.015425401739776134, 0.017045171931385994, 0.014941902831196785, 0.019225722178816795, 0.014619077555835247, 0.0152607886120677, 0.01646224409341812, 0.017149675637483597, 0.017065580934286118]
[0.28421923518180847, 0.10985257476568222, 0.06477851420640945, 0.04915016144514084, 0.03901233524084091, 0.030586527660489082, 0.028012949973344803, 0.023925337940454483, 0.0199846513569355, 0.017485642805695534, 0.015939105302095413, 0.013538154773414135, 0.012008869089186192, 0.01085689663887024, 0.010181057266891003, 0.009211008436977863, 0.009648001752793789, 0.008666728623211384, 0.00853672157973051, 0.009149545803666115, 0.009689430706202984, 0.009272654540836811, 0.009787064976990223, 0.010577483102679253, 0.010686825029551983]
Training time: 4079 	steps per sec: 6
Eval num_timesteps=25600, episode_reward=nan +/- nan
Eval num_timesteps=25600, episode_success=nan +/- nan
se
16 16384 1024
diff [-0.0204312801361084, -0.023919008672237396, -0.03731762617826462, -0.02364417165517807, -0.007836878299713135, -0.008842682465910912, -0.009524684399366379, -0.007638249546289444, -0.007901603356003761, -0.010170767083764076, -0.006400531157851219, -0.0057628219947218895, -0.008007743395864964, -0.00840754434466362, -0.005543702282011509, -0.006960398517549038, -0.005777399986982346, -0.00837844330817461, -0.006405181251466274, -0.01007617637515068, -0.004929646849632263, -0.005988134071230888, -0.006675179116427898, -0.006572192534804344, -0.006378755904734135, -0.005777522921562195]
ref [0.30465051531791687, 0.13377158343791962, 0.10209614038467407, 0.07279433310031891, 0.04684921354055405, 0.039429210126399994, 0.03753763437271118, 0.03156358748674393, 0.027886254712939262, 0.02765640988945961, 0.022339636459946632, 0.019300976768136024, 0.020016612485051155, 0.01926444098353386, 0.01572475954890251, 0.0161714069545269, 0.015425401739776134, 0.017045171931385994, 0.014941902831196785, 0.019225722178816795, 0.014619077555835247, 0.0152607886120677, 0.01646224409341812, 0.017149675637483597, 0.017065580934286118, 0.016292162239551544]
[0.28421923518180847, 0.10985257476568222, 0.06477851420640945, 0.04915016144514084, 0.03901233524084091, 0.030586527660489082, 0.028012949973344803, 0.023925337940454483, 0.0199846513569355, 0.017485642805695534, 0.015939105302095413, 0.013538154773414135, 0.012008869089186192, 0.01085689663887024, 0.010181057266891003, 0.009211008436977863, 0.009648001752793789, 0.008666728623211384, 0.00853672157973051, 0.009149545803666115, 0.009689430706202984, 0.009272654540836811, 0.009787064976990223, 0.010577483102679253, 0.010686825029551983, 0.01051463931798935]
Training time: 4307 	steps per sec: 6
Eval num_timesteps=26624, episode_reward=nan +/- nan
Eval num_timesteps=26624, episode_success=nan +/- nan
se
16 16384 1024
diff [-0.0204312801361084, -0.023919008672237396, -0.03731762617826462, -0.02364417165517807, -0.007836878299713135, -0.008842682465910912, -0.009524684399366379, -0.007638249546289444, -0.007901603356003761, -0.010170767083764076, -0.006400531157851219, -0.0057628219947218895, -0.008007743395864964, -0.00840754434466362, -0.005543702282011509, -0.006960398517549038, -0.005777399986982346, -0.00837844330817461, -0.006405181251466274, -0.01007617637515068, -0.004929646849632263, -0.005988134071230888, -0.006675179116427898, -0.006572192534804344, -0.006378755904734135, -0.005777522921562195, -0.007619730196893215]
ref [0.30465051531791687, 0.13377158343791962, 0.10209614038467407, 0.07279433310031891, 0.04684921354055405, 0.039429210126399994, 0.03753763437271118, 0.03156358748674393, 0.027886254712939262, 0.02765640988945961, 0.022339636459946632, 0.019300976768136024, 0.020016612485051155, 0.01926444098353386, 0.01572475954890251, 0.0161714069545269, 0.015425401739776134, 0.017045171931385994, 0.014941902831196785, 0.019225722178816795, 0.014619077555835247, 0.0152607886120677, 0.01646224409341812, 0.017149675637483597, 0.017065580934286118, 0.016292162239551544, 0.018294483423233032]
[0.28421923518180847, 0.10985257476568222, 0.06477851420640945, 0.04915016144514084, 0.03901233524084091, 0.030586527660489082, 0.028012949973344803, 0.023925337940454483, 0.0199846513569355, 0.017485642805695534, 0.015939105302095413, 0.013538154773414135, 0.012008869089186192, 0.01085689663887024, 0.010181057266891003, 0.009211008436977863, 0.009648001752793789, 0.008666728623211384, 0.00853672157973051, 0.009149545803666115, 0.009689430706202984, 0.009272654540836811, 0.009787064976990223, 0.010577483102679253, 0.010686825029551983, 0.01051463931798935, 0.010674753226339817]
Training time: 4539 	steps per sec: 6
Eval num_timesteps=27648, episode_reward=nan +/- nan
Eval num_timesteps=27648, episode_success=nan +/- nan
se
16 16384 1024
diff [-0.0204312801361084, -0.023919008672237396, -0.03731762617826462, -0.02364417165517807, -0.007836878299713135, -0.008842682465910912, -0.009524684399366379, -0.007638249546289444, -0.007901603356003761, -0.010170767083764076, -0.006400531157851219, -0.0057628219947218895, -0.008007743395864964, -0.00840754434466362, -0.005543702282011509, -0.006960398517549038, -0.005777399986982346, -0.00837844330817461, -0.006405181251466274, -0.01007617637515068, -0.004929646849632263, -0.005988134071230888, -0.006675179116427898, -0.006572192534804344, -0.006378755904734135, -0.005777522921562195, -0.007619730196893215, -0.0038148183375597]
ref [0.30465051531791687, 0.13377158343791962, 0.10209614038467407, 0.07279433310031891, 0.04684921354055405, 0.039429210126399994, 0.03753763437271118, 0.03156358748674393, 0.027886254712939262, 0.02765640988945961, 0.022339636459946632, 0.019300976768136024, 0.020016612485051155, 0.01926444098353386, 0.01572475954890251, 0.0161714069545269, 0.015425401739776134, 0.017045171931385994, 0.014941902831196785, 0.019225722178816795, 0.014619077555835247, 0.0152607886120677, 0.01646224409341812, 0.017149675637483597, 0.017065580934286118, 0.016292162239551544, 0.018294483423233032, 0.015145585872232914]
[0.28421923518180847, 0.10985257476568222, 0.06477851420640945, 0.04915016144514084, 0.03901233524084091, 0.030586527660489082, 0.028012949973344803, 0.023925337940454483, 0.0199846513569355, 0.017485642805695534, 0.015939105302095413, 0.013538154773414135, 0.012008869089186192, 0.01085689663887024, 0.010181057266891003, 0.009211008436977863, 0.009648001752793789, 0.008666728623211384, 0.00853672157973051, 0.009149545803666115, 0.009689430706202984, 0.009272654540836811, 0.009787064976990223, 0.010577483102679253, 0.010686825029551983, 0.01051463931798935, 0.010674753226339817, 0.011330767534673214]
Training time: 4763 	steps per sec: 6
Eval num_timesteps=28672, episode_reward=nan +/- nan
Eval num_timesteps=28672, episode_success=nan +/- nan
se
16 16384 1024
diff [-0.0204312801361084, -0.023919008672237396, -0.03731762617826462, -0.02364417165517807, -0.007836878299713135, -0.008842682465910912, -0.009524684399366379, -0.007638249546289444, -0.007901603356003761, -0.010170767083764076, -0.006400531157851219, -0.0057628219947218895, -0.008007743395864964, -0.00840754434466362, -0.005543702282011509, -0.006960398517549038, -0.005777399986982346, -0.00837844330817461, -0.006405181251466274, -0.01007617637515068, -0.004929646849632263, -0.005988134071230888, -0.006675179116427898, -0.006572192534804344, -0.006378755904734135, -0.005777522921562195, -0.007619730196893215, -0.0038148183375597, -0.004293730482459068]
ref [0.30465051531791687, 0.13377158343791962, 0.10209614038467407, 0.07279433310031891, 0.04684921354055405, 0.039429210126399994, 0.03753763437271118, 0.03156358748674393, 0.027886254712939262, 0.02765640988945961, 0.022339636459946632, 0.019300976768136024, 0.020016612485051155, 0.01926444098353386, 0.01572475954890251, 0.0161714069545269, 0.015425401739776134, 0.017045171931385994, 0.014941902831196785, 0.019225722178816795, 0.014619077555835247, 0.0152607886120677, 0.01646224409341812, 0.017149675637483597, 0.017065580934286118, 0.016292162239551544, 0.018294483423233032, 0.015145585872232914, 0.016087690368294716]
[0.28421923518180847, 0.10985257476568222, 0.06477851420640945, 0.04915016144514084, 0.03901233524084091, 0.030586527660489082, 0.028012949973344803, 0.023925337940454483, 0.0199846513569355, 0.017485642805695534, 0.015939105302095413, 0.013538154773414135, 0.012008869089186192, 0.01085689663887024, 0.010181057266891003, 0.009211008436977863, 0.009648001752793789, 0.008666728623211384, 0.00853672157973051, 0.009149545803666115, 0.009689430706202984, 0.009272654540836811, 0.009787064976990223, 0.010577483102679253, 0.010686825029551983, 0.01051463931798935, 0.010674753226339817, 0.011330767534673214, 0.011793959885835648]
Training time: 4979 	steps per sec: 5
Eval num_timesteps=29696, episode_reward=nan +/- nan
Eval num_timesteps=29696, episode_success=nan +/- nan
se
16 16384 1024
diff [-0.0204312801361084, -0.023919008672237396, -0.03731762617826462, -0.02364417165517807, -0.007836878299713135, -0.008842682465910912, -0.009524684399366379, -0.007638249546289444, -0.007901603356003761, -0.010170767083764076, -0.006400531157851219, -0.0057628219947218895, -0.008007743395864964, -0.00840754434466362, -0.005543702282011509, -0.006960398517549038, -0.005777399986982346, -0.00837844330817461, -0.006405181251466274, -0.01007617637515068, -0.004929646849632263, -0.005988134071230888, -0.006675179116427898, -0.006572192534804344, -0.006378755904734135, -0.005777522921562195, -0.007619730196893215, -0.0038148183375597, -0.004293730482459068, -0.004287462681531906]
ref [0.30465051531791687, 0.13377158343791962, 0.10209614038467407, 0.07279433310031891, 0.04684921354055405, 0.039429210126399994, 0.03753763437271118, 0.03156358748674393, 0.027886254712939262, 0.02765640988945961, 0.022339636459946632, 0.019300976768136024, 0.020016612485051155, 0.01926444098353386, 0.01572475954890251, 0.0161714069545269, 0.015425401739776134, 0.017045171931385994, 0.014941902831196785, 0.019225722178816795, 0.014619077555835247, 0.0152607886120677, 0.01646224409341812, 0.017149675637483597, 0.017065580934286118, 0.016292162239551544, 0.018294483423233032, 0.015145585872232914, 0.016087690368294716, 0.016853712499141693]
[0.28421923518180847, 0.10985257476568222, 0.06477851420640945, 0.04915016144514084, 0.03901233524084091, 0.030586527660489082, 0.028012949973344803, 0.023925337940454483, 0.0199846513569355, 0.017485642805695534, 0.015939105302095413, 0.013538154773414135, 0.012008869089186192, 0.01085689663887024, 0.010181057266891003, 0.009211008436977863, 0.009648001752793789, 0.008666728623211384, 0.00853672157973051, 0.009149545803666115, 0.009689430706202984, 0.009272654540836811, 0.009787064976990223, 0.010577483102679253, 0.010686825029551983, 0.01051463931798935, 0.010674753226339817, 0.011330767534673214, 0.011793959885835648, 0.012566249817609787]
Training time: 5201 	steps per sec: 5
Eval num_timesteps=30720, episode_reward=nan +/- nan
Eval num_timesteps=30720, episode_success=nan +/- nan
se
16 16384 1024
diff [-0.0204312801361084, -0.023919008672237396, -0.03731762617826462, -0.02364417165517807, -0.007836878299713135, -0.008842682465910912, -0.009524684399366379, -0.007638249546289444, -0.007901603356003761, -0.010170767083764076, -0.006400531157851219, -0.0057628219947218895, -0.008007743395864964, -0.00840754434466362, -0.005543702282011509, -0.006960398517549038, -0.005777399986982346, -0.00837844330817461, -0.006405181251466274, -0.01007617637515068, -0.004929646849632263, -0.005988134071230888, -0.006675179116427898, -0.006572192534804344, -0.006378755904734135, -0.005777522921562195, -0.007619730196893215, -0.0038148183375597, -0.004293730482459068, -0.004287462681531906, -0.0028185462579131126]
ref [0.30465051531791687, 0.13377158343791962, 0.10209614038467407, 0.07279433310031891, 0.04684921354055405, 0.039429210126399994, 0.03753763437271118, 0.03156358748674393, 0.027886254712939262, 0.02765640988945961, 0.022339636459946632, 0.019300976768136024, 0.020016612485051155, 0.01926444098353386, 0.01572475954890251, 0.0161714069545269, 0.015425401739776134, 0.017045171931385994, 0.014941902831196785, 0.019225722178816795, 0.014619077555835247, 0.0152607886120677, 0.01646224409341812, 0.017149675637483597, 0.017065580934286118, 0.016292162239551544, 0.018294483423233032, 0.015145585872232914, 0.016087690368294716, 0.016853712499141693, 0.01598440110683441]
[0.28421923518180847, 0.10985257476568222, 0.06477851420640945, 0.04915016144514084, 0.03901233524084091, 0.030586527660489082, 0.028012949973344803, 0.023925337940454483, 0.0199846513569355, 0.017485642805695534, 0.015939105302095413, 0.013538154773414135, 0.012008869089186192, 0.01085689663887024, 0.010181057266891003, 0.009211008436977863, 0.009648001752793789, 0.008666728623211384, 0.00853672157973051, 0.009149545803666115, 0.009689430706202984, 0.009272654540836811, 0.009787064976990223, 0.010577483102679253, 0.010686825029551983, 0.01051463931798935, 0.010674753226339817, 0.011330767534673214, 0.011793959885835648, 0.012566249817609787, 0.013165854848921299]
Training time: 5419 	steps per sec: 5
Eval num_timesteps=31744, episode_reward=nan +/- nan
Eval num_timesteps=31744, episode_success=nan +/- nan
se
16 16384 1024
diff [-0.0204312801361084, -0.023919008672237396, -0.03731762617826462, -0.02364417165517807, -0.007836878299713135, -0.008842682465910912, -0.009524684399366379, -0.007638249546289444, -0.007901603356003761, -0.010170767083764076, -0.006400531157851219, -0.0057628219947218895, -0.008007743395864964, -0.00840754434466362, -0.005543702282011509, -0.006960398517549038, -0.005777399986982346, -0.00837844330817461, -0.006405181251466274, -0.01007617637515068, -0.004929646849632263, -0.005988134071230888, -0.006675179116427898, -0.006572192534804344, -0.006378755904734135, -0.005777522921562195, -0.007619730196893215, -0.0038148183375597, -0.004293730482459068, -0.004287462681531906, -0.0028185462579131126, -0.00429016537964344]
ref [0.30465051531791687, 0.13377158343791962, 0.10209614038467407, 0.07279433310031891, 0.04684921354055405, 0.039429210126399994, 0.03753763437271118, 0.03156358748674393, 0.027886254712939262, 0.02765640988945961, 0.022339636459946632, 0.019300976768136024, 0.020016612485051155, 0.01926444098353386, 0.01572475954890251, 0.0161714069545269, 0.015425401739776134, 0.017045171931385994, 0.014941902831196785, 0.019225722178816795, 0.014619077555835247, 0.0152607886120677, 0.01646224409341812, 0.017149675637483597, 0.017065580934286118, 0.016292162239551544, 0.018294483423233032, 0.015145585872232914, 0.016087690368294716, 0.016853712499141693, 0.01598440110683441, 0.017323985695838928]
[0.28421923518180847, 0.10985257476568222, 0.06477851420640945, 0.04915016144514084, 0.03901233524084091, 0.030586527660489082, 0.028012949973344803, 0.023925337940454483, 0.0199846513569355, 0.017485642805695534, 0.015939105302095413, 0.013538154773414135, 0.012008869089186192, 0.01085689663887024, 0.010181057266891003, 0.009211008436977863, 0.009648001752793789, 0.008666728623211384, 0.00853672157973051, 0.009149545803666115, 0.009689430706202984, 0.009272654540836811, 0.009787064976990223, 0.010577483102679253, 0.010686825029551983, 0.01051463931798935, 0.010674753226339817, 0.011330767534673214, 0.011793959885835648, 0.012566249817609787, 0.013165854848921299, 0.013033820316195488]
Training time: 5644 	steps per sec: 5
Eval num_timesteps=32768, episode_reward=nan +/- nan
Eval num_timesteps=32768, episode_success=nan +/- nan
results/Walker2d-v4/
results/Walker2d-v4/ppo_ros/
results/Walker2d-v4/ppo_ros/expert/
results/Walker2d-v4/ppo_ros/expert/b_16/
results/Walker2d-v4/ppo_ros/expert/b_16/no_lambda/
results/Walker2d-v4/ppo_ros/expert/b_16/no_lambda/run_1/
results/Walker2d-v4/ppo_ros/expert/b_16/no_lambda/run_1/evaluations.npz
results/Walker2d-v4/ppo_ros/expert/b_16/no_lambda/run_1/stats.npz
results/Walker2d-v4/ppo_ros/expert/b_16/no_lambda/run_1/config.yml
