ppo_ros_continuous.py --env-id HalfCheetah-v4 -s expert/b_16/no_lambda --total-timesteps 32768 --eval-freq 1 --eval-episodes 0 -b 16 --num-steps 1024 -lr 0 --update-epochs 0 --anneal-lr 0 --ros-num-steps 256 --ros-update-epochs 16 --ros-target-kl 0.05 --ros-clip-coef 0.3 --ros-lambda 0 -ros-lr 0.001 --ros-anneal-lr 0 --se 1 --se-freq 1 --se-lr 1e-3 --se-epochs 1000 --policy-path policies/HalfCheetah-v4/best_model.zip --normalization-dir policies/HalfCheetah-v4
Obtaining file:///var/lib/condor/execute/slot1/dir_394902/PPOROS/PPOROS/custom-envs
  Preparing metadata (setup.py): started
  Preparing metadata (setup.py): finished with status 'done'
Requirement already satisfied: gym in /var/lib/condor/execute/slot1/dir_394902/PPOROS/ppo-ros_env/lib/python3.9/site-packages (from custom-envs==0.0.1) (0.21.0)
Requirement already satisfied: numpy>=1.18.0 in /var/lib/condor/execute/slot1/dir_394902/PPOROS/ppo-ros_env/lib/python3.9/site-packages (from gym->custom-envs==0.0.1) (1.24.2)
Requirement already satisfied: cloudpickle>=1.2.0 in /var/lib/condor/execute/slot1/dir_394902/PPOROS/ppo-ros_env/lib/python3.9/site-packages (from gym->custom-envs==0.0.1) (2.2.1)
Installing collected packages: custom-envs
  Running setup.py develop for custom-envs
Successfully installed custom-envs-0.0.1
seed: 1
Eval num_timesteps=0, episode_reward=nan +/- nan
Eval num_timesteps=0, episode_success=nan +/- nan
se
1 1024 1024
diff [0.029785752296447754]
ref [0.2982744574546814]
[0.32806020975112915]
Training time: 17 	steps per sec: 58
Eval num_timesteps=1024, episode_reward=nan +/- nan
Eval num_timesteps=1024, episode_success=nan +/- nan
se
2 2048 1024
diff [0.029785752296447754, -0.0029522404074668884]
ref [0.2982744574546814, 0.11320995539426804]
[0.32806020975112915, 0.11025771498680115]
Training time: 51 	steps per sec: 40
Eval num_timesteps=2048, episode_reward=nan +/- nan
Eval num_timesteps=2048, episode_success=nan +/- nan
se
3 3072 1024
diff [0.029785752296447754, -0.0029522404074668884, -0.04811127483844757]
ref [0.2982744574546814, 0.11320995539426804, 0.11650440841913223]
[0.32806020975112915, 0.11025771498680115, 0.06839313358068466]
Training time: 102 	steps per sec: 29
Eval num_timesteps=3072, episode_reward=nan +/- nan
Eval num_timesteps=3072, episode_success=nan +/- nan
se
4 4096 1024
diff [0.029785752296447754, -0.0029522404074668884, -0.04811127483844757, -0.014569249004125595]
ref [0.2982744574546814, 0.11320995539426804, 0.11650440841913223, 0.0590335950255394]
[0.32806020975112915, 0.11025771498680115, 0.06839313358068466, 0.0444643460214138]
Training time: 159 	steps per sec: 25
Eval num_timesteps=4096, episode_reward=nan +/- nan
Eval num_timesteps=4096, episode_success=nan +/- nan
se
5 5120 1024
diff [0.029785752296447754, -0.0029522404074668884, -0.04811127483844757, -0.014569249004125595, -0.005544658750295639]
ref [0.2982744574546814, 0.11320995539426804, 0.11650440841913223, 0.0590335950255394, 0.04541639983654022]
[0.32806020975112915, 0.11025771498680115, 0.06839313358068466, 0.0444643460214138, 0.03987174108624458]
Training time: 217 	steps per sec: 23
Eval num_timesteps=5120, episode_reward=nan +/- nan
Eval num_timesteps=5120, episode_success=nan +/- nan
se
6 6144 1024
diff [0.029785752296447754, -0.0029522404074668884, -0.04811127483844757, -0.014569249004125595, -0.005544658750295639, -0.0047239139676094055]
ref [0.2982744574546814, 0.11320995539426804, 0.11650440841913223, 0.0590335950255394, 0.04541639983654022, 0.038265410810709]
[0.32806020975112915, 0.11025771498680115, 0.06839313358068466, 0.0444643460214138, 0.03987174108624458, 0.033541496843099594]
Training time: 303 	steps per sec: 20
Eval num_timesteps=6144, episode_reward=nan +/- nan
Eval num_timesteps=6144, episode_success=nan +/- nan
se
7 7168 1024
diff [0.029785752296447754, -0.0029522404074668884, -0.04811127483844757, -0.014569249004125595, -0.005544658750295639, -0.0047239139676094055, -0.007067393511533737]
ref [0.2982744574546814, 0.11320995539426804, 0.11650440841913223, 0.0590335950255394, 0.04541639983654022, 0.038265410810709, 0.035881198942661285]
[0.32806020975112915, 0.11025771498680115, 0.06839313358068466, 0.0444643460214138, 0.03987174108624458, 0.033541496843099594, 0.028813805431127548]
Training time: 395 	steps per sec: 18
Eval num_timesteps=7168, episode_reward=nan +/- nan
Eval num_timesteps=7168, episode_success=nan +/- nan
se
8 8192 1024
diff [0.029785752296447754, -0.0029522404074668884, -0.04811127483844757, -0.014569249004125595, -0.005544658750295639, -0.0047239139676094055, -0.007067393511533737, -0.007613645866513252]
ref [0.2982744574546814, 0.11320995539426804, 0.11650440841913223, 0.0590335950255394, 0.04541639983654022, 0.038265410810709, 0.035881198942661285, 0.03107219934463501]
[0.32806020975112915, 0.11025771498680115, 0.06839313358068466, 0.0444643460214138, 0.03987174108624458, 0.033541496843099594, 0.028813805431127548, 0.023458553478121758]
Training time: 494 	steps per sec: 16
Eval num_timesteps=8192, episode_reward=nan +/- nan
Eval num_timesteps=8192, episode_success=nan +/- nan
se
9 9216 1024
diff [0.029785752296447754, -0.0029522404074668884, -0.04811127483844757, -0.014569249004125595, -0.005544658750295639, -0.0047239139676094055, -0.007067393511533737, -0.007613645866513252, -0.005421813577413559]
ref [0.2982744574546814, 0.11320995539426804, 0.11650440841913223, 0.0590335950255394, 0.04541639983654022, 0.038265410810709, 0.035881198942661285, 0.03107219934463501, 0.02671327441930771]
[0.32806020975112915, 0.11025771498680115, 0.06839313358068466, 0.0444643460214138, 0.03987174108624458, 0.033541496843099594, 0.028813805431127548, 0.023458553478121758, 0.02129146084189415]
Training time: 594 	steps per sec: 15
Eval num_timesteps=9216, episode_reward=nan +/- nan
Eval num_timesteps=9216, episode_success=nan +/- nan
se
10 10240 1024
diff [0.029785752296447754, -0.0029522404074668884, -0.04811127483844757, -0.014569249004125595, -0.005544658750295639, -0.0047239139676094055, -0.007067393511533737, -0.007613645866513252, -0.005421813577413559, -0.005062958225607872]
ref [0.2982744574546814, 0.11320995539426804, 0.11650440841913223, 0.0590335950255394, 0.04541639983654022, 0.038265410810709, 0.035881198942661285, 0.03107219934463501, 0.02671327441930771, 0.024236781522631645]
[0.32806020975112915, 0.11025771498680115, 0.06839313358068466, 0.0444643460214138, 0.03987174108624458, 0.033541496843099594, 0.028813805431127548, 0.023458553478121758, 0.02129146084189415, 0.019173823297023773]
Training time: 695 	steps per sec: 14
Eval num_timesteps=10240, episode_reward=nan +/- nan
Eval num_timesteps=10240, episode_success=nan +/- nan
se
11 11264 1024
diff [0.029785752296447754, -0.0029522404074668884, -0.04811127483844757, -0.014569249004125595, -0.005544658750295639, -0.0047239139676094055, -0.007067393511533737, -0.007613645866513252, -0.005421813577413559, -0.005062958225607872, -0.005327168852090836]
ref [0.2982744574546814, 0.11320995539426804, 0.11650440841913223, 0.0590335950255394, 0.04541639983654022, 0.038265410810709, 0.035881198942661285, 0.03107219934463501, 0.02671327441930771, 0.024236781522631645, 0.022549502551555634]
[0.32806020975112915, 0.11025771498680115, 0.06839313358068466, 0.0444643460214138, 0.03987174108624458, 0.033541496843099594, 0.028813805431127548, 0.023458553478121758, 0.02129146084189415, 0.019173823297023773, 0.017222333699464798]
Training time: 797 	steps per sec: 14
Eval num_timesteps=11264, episode_reward=nan +/- nan
Eval num_timesteps=11264, episode_success=nan +/- nan
se
12 12288 1024
diff [0.029785752296447754, -0.0029522404074668884, -0.04811127483844757, -0.014569249004125595, -0.005544658750295639, -0.0047239139676094055, -0.007067393511533737, -0.007613645866513252, -0.005421813577413559, -0.005062958225607872, -0.005327168852090836, -0.005153020843863487]
ref [0.2982744574546814, 0.11320995539426804, 0.11650440841913223, 0.0590335950255394, 0.04541639983654022, 0.038265410810709, 0.035881198942661285, 0.03107219934463501, 0.02671327441930771, 0.024236781522631645, 0.022549502551555634, 0.019427480176091194]
[0.32806020975112915, 0.11025771498680115, 0.06839313358068466, 0.0444643460214138, 0.03987174108624458, 0.033541496843099594, 0.028813805431127548, 0.023458553478121758, 0.02129146084189415, 0.019173823297023773, 0.017222333699464798, 0.014274459332227707]
Training time: 928 	steps per sec: 13
Eval num_timesteps=12288, episode_reward=nan +/- nan
Eval num_timesteps=12288, episode_success=nan +/- nan
se
13 13312 1024
diff [0.029785752296447754, -0.0029522404074668884, -0.04811127483844757, -0.014569249004125595, -0.005544658750295639, -0.0047239139676094055, -0.007067393511533737, -0.007613645866513252, -0.005421813577413559, -0.005062958225607872, -0.005327168852090836, -0.005153020843863487, -0.007796701043844223]
ref [0.2982744574546814, 0.11320995539426804, 0.11650440841913223, 0.0590335950255394, 0.04541639983654022, 0.038265410810709, 0.035881198942661285, 0.03107219934463501, 0.02671327441930771, 0.024236781522631645, 0.022549502551555634, 0.019427480176091194, 0.020586173981428146]
[0.32806020975112915, 0.11025771498680115, 0.06839313358068466, 0.0444643460214138, 0.03987174108624458, 0.033541496843099594, 0.028813805431127548, 0.023458553478121758, 0.02129146084189415, 0.019173823297023773, 0.017222333699464798, 0.014274459332227707, 0.012789472937583923]
Training time: 1066 	steps per sec: 12
Eval num_timesteps=13312, episode_reward=nan +/- nan
Eval num_timesteps=13312, episode_success=nan +/- nan
se
14 14336 1024
diff [0.029785752296447754, -0.0029522404074668884, -0.04811127483844757, -0.014569249004125595, -0.005544658750295639, -0.0047239139676094055, -0.007067393511533737, -0.007613645866513252, -0.005421813577413559, -0.005062958225607872, -0.005327168852090836, -0.005153020843863487, -0.007796701043844223, -0.006848146207630634]
ref [0.2982744574546814, 0.11320995539426804, 0.11650440841913223, 0.0590335950255394, 0.04541639983654022, 0.038265410810709, 0.035881198942661285, 0.03107219934463501, 0.02671327441930771, 0.024236781522631645, 0.022549502551555634, 0.019427480176091194, 0.020586173981428146, 0.01810736581683159]
[0.32806020975112915, 0.11025771498680115, 0.06839313358068466, 0.0444643460214138, 0.03987174108624458, 0.033541496843099594, 0.028813805431127548, 0.023458553478121758, 0.02129146084189415, 0.019173823297023773, 0.017222333699464798, 0.014274459332227707, 0.012789472937583923, 0.011259219609200954]
Training time: 1207 	steps per sec: 11
Eval num_timesteps=14336, episode_reward=nan +/- nan
Eval num_timesteps=14336, episode_success=nan +/- nan
se
15 15360 1024
diff [0.029785752296447754, -0.0029522404074668884, -0.04811127483844757, -0.014569249004125595, -0.005544658750295639, -0.0047239139676094055, -0.007067393511533737, -0.007613645866513252, -0.005421813577413559, -0.005062958225607872, -0.005327168852090836, -0.005153020843863487, -0.007796701043844223, -0.006848146207630634, -0.006015436723828316]
ref [0.2982744574546814, 0.11320995539426804, 0.11650440841913223, 0.0590335950255394, 0.04541639983654022, 0.038265410810709, 0.035881198942661285, 0.03107219934463501, 0.02671327441930771, 0.024236781522631645, 0.022549502551555634, 0.019427480176091194, 0.020586173981428146, 0.01810736581683159, 0.016392357647418976]
[0.32806020975112915, 0.11025771498680115, 0.06839313358068466, 0.0444643460214138, 0.03987174108624458, 0.033541496843099594, 0.028813805431127548, 0.023458553478121758, 0.02129146084189415, 0.019173823297023773, 0.017222333699464798, 0.014274459332227707, 0.012789472937583923, 0.011259219609200954, 0.01037692092359066]
Training time: 1359 	steps per sec: 11
Eval num_timesteps=15360, episode_reward=nan +/- nan
Eval num_timesteps=15360, episode_success=nan +/- nan
se
16 16384 1024
diff [0.029785752296447754, -0.0029522404074668884, -0.04811127483844757, -0.014569249004125595, -0.005544658750295639, -0.0047239139676094055, -0.007067393511533737, -0.007613645866513252, -0.005421813577413559, -0.005062958225607872, -0.005327168852090836, -0.005153020843863487, -0.007796701043844223, -0.006848146207630634, -0.006015436723828316, -0.007139776833355427]
ref [0.2982744574546814, 0.11320995539426804, 0.11650440841913223, 0.0590335950255394, 0.04541639983654022, 0.038265410810709, 0.035881198942661285, 0.03107219934463501, 0.02671327441930771, 0.024236781522631645, 0.022549502551555634, 0.019427480176091194, 0.020586173981428146, 0.01810736581683159, 0.016392357647418976, 0.017210770398378372]
[0.32806020975112915, 0.11025771498680115, 0.06839313358068466, 0.0444643460214138, 0.03987174108624458, 0.033541496843099594, 0.028813805431127548, 0.023458553478121758, 0.02129146084189415, 0.019173823297023773, 0.017222333699464798, 0.014274459332227707, 0.012789472937583923, 0.011259219609200954, 0.01037692092359066, 0.010070993565022945]
Training time: 1522 	steps per sec: 10
Eval num_timesteps=16384, episode_reward=nan +/- nan
Eval num_timesteps=16384, episode_success=nan +/- nan
se
16 16384 1024
diff [0.029785752296447754, -0.0029522404074668884, -0.04811127483844757, -0.014569249004125595, -0.005544658750295639, -0.0047239139676094055, -0.007067393511533737, -0.007613645866513252, -0.005421813577413559, -0.005062958225607872, -0.005327168852090836, -0.005153020843863487, -0.007796701043844223, -0.006848146207630634, -0.006015436723828316, -0.007139776833355427, -0.005565210245549679]
ref [0.2982744574546814, 0.11320995539426804, 0.11650440841913223, 0.0590335950255394, 0.04541639983654022, 0.038265410810709, 0.035881198942661285, 0.03107219934463501, 0.02671327441930771, 0.024236781522631645, 0.022549502551555634, 0.019427480176091194, 0.020586173981428146, 0.01810736581683159, 0.016392357647418976, 0.017210770398378372, 0.01626691222190857]
[0.32806020975112915, 0.11025771498680115, 0.06839313358068466, 0.0444643460214138, 0.03987174108624458, 0.033541496843099594, 0.028813805431127548, 0.023458553478121758, 0.02129146084189415, 0.019173823297023773, 0.017222333699464798, 0.014274459332227707, 0.012789472937583923, 0.011259219609200954, 0.01037692092359066, 0.010070993565022945, 0.01070170197635889]
Training time: 1702 	steps per sec: 10
Eval num_timesteps=17408, episode_reward=nan +/- nan
Eval num_timesteps=17408, episode_success=nan +/- nan
se
16 16384 1024
diff [0.029785752296447754, -0.0029522404074668884, -0.04811127483844757, -0.014569249004125595, -0.005544658750295639, -0.0047239139676094055, -0.007067393511533737, -0.007613645866513252, -0.005421813577413559, -0.005062958225607872, -0.005327168852090836, -0.005153020843863487, -0.007796701043844223, -0.006848146207630634, -0.006015436723828316, -0.007139776833355427, -0.005565210245549679, -0.00493244081735611]
ref [0.2982744574546814, 0.11320995539426804, 0.11650440841913223, 0.0590335950255394, 0.04541639983654022, 0.038265410810709, 0.035881198942661285, 0.03107219934463501, 0.02671327441930771, 0.024236781522631645, 0.022549502551555634, 0.019427480176091194, 0.020586173981428146, 0.01810736581683159, 0.016392357647418976, 0.017210770398378372, 0.01626691222190857, 0.015018677338957787]
[0.32806020975112915, 0.11025771498680115, 0.06839313358068466, 0.0444643460214138, 0.03987174108624458, 0.033541496843099594, 0.028813805431127548, 0.023458553478121758, 0.02129146084189415, 0.019173823297023773, 0.017222333699464798, 0.014274459332227707, 0.012789472937583923, 0.011259219609200954, 0.01037692092359066, 0.010070993565022945, 0.01070170197635889, 0.010086236521601677]
Training time: 1865 	steps per sec: 9
Eval num_timesteps=18432, episode_reward=nan +/- nan
Eval num_timesteps=18432, episode_success=nan +/- nan
se
16 16384 1024
diff [0.029785752296447754, -0.0029522404074668884, -0.04811127483844757, -0.014569249004125595, -0.005544658750295639, -0.0047239139676094055, -0.007067393511533737, -0.007613645866513252, -0.005421813577413559, -0.005062958225607872, -0.005327168852090836, -0.005153020843863487, -0.007796701043844223, -0.006848146207630634, -0.006015436723828316, -0.007139776833355427, -0.005565210245549679, -0.00493244081735611, -0.006092016585171223]
ref [0.2982744574546814, 0.11320995539426804, 0.11650440841913223, 0.0590335950255394, 0.04541639983654022, 0.038265410810709, 0.035881198942661285, 0.03107219934463501, 0.02671327441930771, 0.024236781522631645, 0.022549502551555634, 0.019427480176091194, 0.020586173981428146, 0.01810736581683159, 0.016392357647418976, 0.017210770398378372, 0.01626691222190857, 0.015018677338957787, 0.016554610803723335]
[0.32806020975112915, 0.11025771498680115, 0.06839313358068466, 0.0444643460214138, 0.03987174108624458, 0.033541496843099594, 0.028813805431127548, 0.023458553478121758, 0.02129146084189415, 0.019173823297023773, 0.017222333699464798, 0.014274459332227707, 0.012789472937583923, 0.011259219609200954, 0.01037692092359066, 0.010070993565022945, 0.01070170197635889, 0.010086236521601677, 0.010462594218552113]
Training time: 2050 	steps per sec: 9
Eval num_timesteps=19456, episode_reward=nan +/- nan
Eval num_timesteps=19456, episode_success=nan +/- nan
se
16 16384 1024
diff [0.029785752296447754, -0.0029522404074668884, -0.04811127483844757, -0.014569249004125595, -0.005544658750295639, -0.0047239139676094055, -0.007067393511533737, -0.007613645866513252, -0.005421813577413559, -0.005062958225607872, -0.005327168852090836, -0.005153020843863487, -0.007796701043844223, -0.006848146207630634, -0.006015436723828316, -0.007139776833355427, -0.005565210245549679, -0.00493244081735611, -0.006092016585171223, -0.0048656584694981575]
ref [0.2982744574546814, 0.11320995539426804, 0.11650440841913223, 0.0590335950255394, 0.04541639983654022, 0.038265410810709, 0.035881198942661285, 0.03107219934463501, 0.02671327441930771, 0.024236781522631645, 0.022549502551555634, 0.019427480176091194, 0.020586173981428146, 0.01810736581683159, 0.016392357647418976, 0.017210770398378372, 0.01626691222190857, 0.015018677338957787, 0.016554610803723335, 0.014903059229254723]
[0.32806020975112915, 0.11025771498680115, 0.06839313358068466, 0.0444643460214138, 0.03987174108624458, 0.033541496843099594, 0.028813805431127548, 0.023458553478121758, 0.02129146084189415, 0.019173823297023773, 0.017222333699464798, 0.014274459332227707, 0.012789472937583923, 0.011259219609200954, 0.01037692092359066, 0.010070993565022945, 0.01070170197635889, 0.010086236521601677, 0.010462594218552113, 0.010037400759756565]
Training time: 2277 	steps per sec: 8
Eval num_timesteps=20480, episode_reward=nan +/- nan
Eval num_timesteps=20480, episode_success=nan +/- nan
se
16 16384 1024
diff [0.029785752296447754, -0.0029522404074668884, -0.04811127483844757, -0.014569249004125595, -0.005544658750295639, -0.0047239139676094055, -0.007067393511533737, -0.007613645866513252, -0.005421813577413559, -0.005062958225607872, -0.005327168852090836, -0.005153020843863487, -0.007796701043844223, -0.006848146207630634, -0.006015436723828316, -0.007139776833355427, -0.005565210245549679, -0.00493244081735611, -0.006092016585171223, -0.0048656584694981575, -0.004176528193056583]
ref [0.2982744574546814, 0.11320995539426804, 0.11650440841913223, 0.0590335950255394, 0.04541639983654022, 0.038265410810709, 0.035881198942661285, 0.03107219934463501, 0.02671327441930771, 0.024236781522631645, 0.022549502551555634, 0.019427480176091194, 0.020586173981428146, 0.01810736581683159, 0.016392357647418976, 0.017210770398378372, 0.01626691222190857, 0.015018677338957787, 0.016554610803723335, 0.014903059229254723, 0.01476369146257639]
[0.32806020975112915, 0.11025771498680115, 0.06839313358068466, 0.0444643460214138, 0.03987174108624458, 0.033541496843099594, 0.028813805431127548, 0.023458553478121758, 0.02129146084189415, 0.019173823297023773, 0.017222333699464798, 0.014274459332227707, 0.012789472937583923, 0.011259219609200954, 0.01037692092359066, 0.010070993565022945, 0.01070170197635889, 0.010086236521601677, 0.010462594218552113, 0.010037400759756565, 0.010587163269519806]
Training time: 2522 	steps per sec: 8
Eval num_timesteps=21504, episode_reward=nan +/- nan
Eval num_timesteps=21504, episode_success=nan +/- nan
se
16 16384 1024
diff [0.029785752296447754, -0.0029522404074668884, -0.04811127483844757, -0.014569249004125595, -0.005544658750295639, -0.0047239139676094055, -0.007067393511533737, -0.007613645866513252, -0.005421813577413559, -0.005062958225607872, -0.005327168852090836, -0.005153020843863487, -0.007796701043844223, -0.006848146207630634, -0.006015436723828316, -0.007139776833355427, -0.005565210245549679, -0.00493244081735611, -0.006092016585171223, -0.0048656584694981575, -0.004176528193056583, -0.003919464536011219]
ref [0.2982744574546814, 0.11320995539426804, 0.11650440841913223, 0.0590335950255394, 0.04541639983654022, 0.038265410810709, 0.035881198942661285, 0.03107219934463501, 0.02671327441930771, 0.024236781522631645, 0.022549502551555634, 0.019427480176091194, 0.020586173981428146, 0.01810736581683159, 0.016392357647418976, 0.017210770398378372, 0.01626691222190857, 0.015018677338957787, 0.016554610803723335, 0.014903059229254723, 0.01476369146257639, 0.014393667690455914]
[0.32806020975112915, 0.11025771498680115, 0.06839313358068466, 0.0444643460214138, 0.03987174108624458, 0.033541496843099594, 0.028813805431127548, 0.023458553478121758, 0.02129146084189415, 0.019173823297023773, 0.017222333699464798, 0.014274459332227707, 0.012789472937583923, 0.011259219609200954, 0.01037692092359066, 0.010070993565022945, 0.01070170197635889, 0.010086236521601677, 0.010462594218552113, 0.010037400759756565, 0.010587163269519806, 0.010474203154444695]
Training time: 2718 	steps per sec: 8
Eval num_timesteps=22528, episode_reward=nan +/- nan
Eval num_timesteps=22528, episode_success=nan +/- nan
se
16 16384 1024
diff [0.029785752296447754, -0.0029522404074668884, -0.04811127483844757, -0.014569249004125595, -0.005544658750295639, -0.0047239139676094055, -0.007067393511533737, -0.007613645866513252, -0.005421813577413559, -0.005062958225607872, -0.005327168852090836, -0.005153020843863487, -0.007796701043844223, -0.006848146207630634, -0.006015436723828316, -0.007139776833355427, -0.005565210245549679, -0.00493244081735611, -0.006092016585171223, -0.0048656584694981575, -0.004176528193056583, -0.003919464536011219, -0.0063677458092570305]
ref [0.2982744574546814, 0.11320995539426804, 0.11650440841913223, 0.0590335950255394, 0.04541639983654022, 0.038265410810709, 0.035881198942661285, 0.03107219934463501, 0.02671327441930771, 0.024236781522631645, 0.022549502551555634, 0.019427480176091194, 0.020586173981428146, 0.01810736581683159, 0.016392357647418976, 0.017210770398378372, 0.01626691222190857, 0.015018677338957787, 0.016554610803723335, 0.014903059229254723, 0.01476369146257639, 0.014393667690455914, 0.01667170785367489]
[0.32806020975112915, 0.11025771498680115, 0.06839313358068466, 0.0444643460214138, 0.03987174108624458, 0.033541496843099594, 0.028813805431127548, 0.023458553478121758, 0.02129146084189415, 0.019173823297023773, 0.017222333699464798, 0.014274459332227707, 0.012789472937583923, 0.011259219609200954, 0.01037692092359066, 0.010070993565022945, 0.01070170197635889, 0.010086236521601677, 0.010462594218552113, 0.010037400759756565, 0.010587163269519806, 0.010474203154444695, 0.010303962044417858]
Training time: 2902 	steps per sec: 8
Eval num_timesteps=23552, episode_reward=nan +/- nan
Eval num_timesteps=23552, episode_success=nan +/- nan
se
16 16384 1024
diff [0.029785752296447754, -0.0029522404074668884, -0.04811127483844757, -0.014569249004125595, -0.005544658750295639, -0.0047239139676094055, -0.007067393511533737, -0.007613645866513252, -0.005421813577413559, -0.005062958225607872, -0.005327168852090836, -0.005153020843863487, -0.007796701043844223, -0.006848146207630634, -0.006015436723828316, -0.007139776833355427, -0.005565210245549679, -0.00493244081735611, -0.006092016585171223, -0.0048656584694981575, -0.004176528193056583, -0.003919464536011219, -0.0063677458092570305, -0.004561436362564564]
ref [0.2982744574546814, 0.11320995539426804, 0.11650440841913223, 0.0590335950255394, 0.04541639983654022, 0.038265410810709, 0.035881198942661285, 0.03107219934463501, 0.02671327441930771, 0.024236781522631645, 0.022549502551555634, 0.019427480176091194, 0.020586173981428146, 0.01810736581683159, 0.016392357647418976, 0.017210770398378372, 0.01626691222190857, 0.015018677338957787, 0.016554610803723335, 0.014903059229254723, 0.01476369146257639, 0.014393667690455914, 0.01667170785367489, 0.014940845780074596]
[0.32806020975112915, 0.11025771498680115, 0.06839313358068466, 0.0444643460214138, 0.03987174108624458, 0.033541496843099594, 0.028813805431127548, 0.023458553478121758, 0.02129146084189415, 0.019173823297023773, 0.017222333699464798, 0.014274459332227707, 0.012789472937583923, 0.011259219609200954, 0.01037692092359066, 0.010070993565022945, 0.01070170197635889, 0.010086236521601677, 0.010462594218552113, 0.010037400759756565, 0.010587163269519806, 0.010474203154444695, 0.010303962044417858, 0.010379409417510033]
Training time: 3083 	steps per sec: 7
Eval num_timesteps=24576, episode_reward=nan +/- nan
Eval num_timesteps=24576, episode_success=nan +/- nan
se
16 16384 1024
diff [0.029785752296447754, -0.0029522404074668884, -0.04811127483844757, -0.014569249004125595, -0.005544658750295639, -0.0047239139676094055, -0.007067393511533737, -0.007613645866513252, -0.005421813577413559, -0.005062958225607872, -0.005327168852090836, -0.005153020843863487, -0.007796701043844223, -0.006848146207630634, -0.006015436723828316, -0.007139776833355427, -0.005565210245549679, -0.00493244081735611, -0.006092016585171223, -0.0048656584694981575, -0.004176528193056583, -0.003919464536011219, -0.0063677458092570305, -0.004561436362564564, -0.003927461802959442]
ref [0.2982744574546814, 0.11320995539426804, 0.11650440841913223, 0.0590335950255394, 0.04541639983654022, 0.038265410810709, 0.035881198942661285, 0.03107219934463501, 0.02671327441930771, 0.024236781522631645, 0.022549502551555634, 0.019427480176091194, 0.020586173981428146, 0.01810736581683159, 0.016392357647418976, 0.017210770398378372, 0.01626691222190857, 0.015018677338957787, 0.016554610803723335, 0.014903059229254723, 0.01476369146257639, 0.014393667690455914, 0.01667170785367489, 0.014940845780074596, 0.014326434582471848]
[0.32806020975112915, 0.11025771498680115, 0.06839313358068466, 0.0444643460214138, 0.03987174108624458, 0.033541496843099594, 0.028813805431127548, 0.023458553478121758, 0.02129146084189415, 0.019173823297023773, 0.017222333699464798, 0.014274459332227707, 0.012789472937583923, 0.011259219609200954, 0.01037692092359066, 0.010070993565022945, 0.01070170197635889, 0.010086236521601677, 0.010462594218552113, 0.010037400759756565, 0.010587163269519806, 0.010474203154444695, 0.010303962044417858, 0.010379409417510033, 0.010398972779512405]
Training time: 3239 	steps per sec: 7
Eval num_timesteps=25600, episode_reward=nan +/- nan
Eval num_timesteps=25600, episode_success=nan +/- nan
se
16 16384 1024
diff [0.029785752296447754, -0.0029522404074668884, -0.04811127483844757, -0.014569249004125595, -0.005544658750295639, -0.0047239139676094055, -0.007067393511533737, -0.007613645866513252, -0.005421813577413559, -0.005062958225607872, -0.005327168852090836, -0.005153020843863487, -0.007796701043844223, -0.006848146207630634, -0.006015436723828316, -0.007139776833355427, -0.005565210245549679, -0.00493244081735611, -0.006092016585171223, -0.0048656584694981575, -0.004176528193056583, -0.003919464536011219, -0.0063677458092570305, -0.004561436362564564, -0.003927461802959442, -0.005120503716170788]
ref [0.2982744574546814, 0.11320995539426804, 0.11650440841913223, 0.0590335950255394, 0.04541639983654022, 0.038265410810709, 0.035881198942661285, 0.03107219934463501, 0.02671327441930771, 0.024236781522631645, 0.022549502551555634, 0.019427480176091194, 0.020586173981428146, 0.01810736581683159, 0.016392357647418976, 0.017210770398378372, 0.01626691222190857, 0.015018677338957787, 0.016554610803723335, 0.014903059229254723, 0.01476369146257639, 0.014393667690455914, 0.01667170785367489, 0.014940845780074596, 0.014326434582471848, 0.015663350000977516]
[0.32806020975112915, 0.11025771498680115, 0.06839313358068466, 0.0444643460214138, 0.03987174108624458, 0.033541496843099594, 0.028813805431127548, 0.023458553478121758, 0.02129146084189415, 0.019173823297023773, 0.017222333699464798, 0.014274459332227707, 0.012789472937583923, 0.011259219609200954, 0.01037692092359066, 0.010070993565022945, 0.01070170197635889, 0.010086236521601677, 0.010462594218552113, 0.010037400759756565, 0.010587163269519806, 0.010474203154444695, 0.010303962044417858, 0.010379409417510033, 0.010398972779512405, 0.010542846284806728]
Training time: 3410 	steps per sec: 7
Eval num_timesteps=26624, episode_reward=nan +/- nan
Eval num_timesteps=26624, episode_success=nan +/- nan
se
16 16384 1024
diff [0.029785752296447754, -0.0029522404074668884, -0.04811127483844757, -0.014569249004125595, -0.005544658750295639, -0.0047239139676094055, -0.007067393511533737, -0.007613645866513252, -0.005421813577413559, -0.005062958225607872, -0.005327168852090836, -0.005153020843863487, -0.007796701043844223, -0.006848146207630634, -0.006015436723828316, -0.007139776833355427, -0.005565210245549679, -0.00493244081735611, -0.006092016585171223, -0.0048656584694981575, -0.004176528193056583, -0.003919464536011219, -0.0063677458092570305, -0.004561436362564564, -0.003927461802959442, -0.005120503716170788, -0.005079428665339947]
ref [0.2982744574546814, 0.11320995539426804, 0.11650440841913223, 0.0590335950255394, 0.04541639983654022, 0.038265410810709, 0.035881198942661285, 0.03107219934463501, 0.02671327441930771, 0.024236781522631645, 0.022549502551555634, 0.019427480176091194, 0.020586173981428146, 0.01810736581683159, 0.016392357647418976, 0.017210770398378372, 0.01626691222190857, 0.015018677338957787, 0.016554610803723335, 0.014903059229254723, 0.01476369146257639, 0.014393667690455914, 0.01667170785367489, 0.014940845780074596, 0.014326434582471848, 0.015663350000977516, 0.016369257122278214]
[0.32806020975112915, 0.11025771498680115, 0.06839313358068466, 0.0444643460214138, 0.03987174108624458, 0.033541496843099594, 0.028813805431127548, 0.023458553478121758, 0.02129146084189415, 0.019173823297023773, 0.017222333699464798, 0.014274459332227707, 0.012789472937583923, 0.011259219609200954, 0.01037692092359066, 0.010070993565022945, 0.01070170197635889, 0.010086236521601677, 0.010462594218552113, 0.010037400759756565, 0.010587163269519806, 0.010474203154444695, 0.010303962044417858, 0.010379409417510033, 0.010398972779512405, 0.010542846284806728, 0.011289828456938267]
Training time: 3575 	steps per sec: 7
Eval num_timesteps=27648, episode_reward=nan +/- nan
Eval num_timesteps=27648, episode_success=nan +/- nan
se
16 16384 1024
diff [0.029785752296447754, -0.0029522404074668884, -0.04811127483844757, -0.014569249004125595, -0.005544658750295639, -0.0047239139676094055, -0.007067393511533737, -0.007613645866513252, -0.005421813577413559, -0.005062958225607872, -0.005327168852090836, -0.005153020843863487, -0.007796701043844223, -0.006848146207630634, -0.006015436723828316, -0.007139776833355427, -0.005565210245549679, -0.00493244081735611, -0.006092016585171223, -0.0048656584694981575, -0.004176528193056583, -0.003919464536011219, -0.0063677458092570305, -0.004561436362564564, -0.003927461802959442, -0.005120503716170788, -0.005079428665339947, -0.004581260494887829]
ref [0.2982744574546814, 0.11320995539426804, 0.11650440841913223, 0.0590335950255394, 0.04541639983654022, 0.038265410810709, 0.035881198942661285, 0.03107219934463501, 0.02671327441930771, 0.024236781522631645, 0.022549502551555634, 0.019427480176091194, 0.020586173981428146, 0.01810736581683159, 0.016392357647418976, 0.017210770398378372, 0.01626691222190857, 0.015018677338957787, 0.016554610803723335, 0.014903059229254723, 0.01476369146257639, 0.014393667690455914, 0.01667170785367489, 0.014940845780074596, 0.014326434582471848, 0.015663350000977516, 0.016369257122278214, 0.015970641747117043]
[0.32806020975112915, 0.11025771498680115, 0.06839313358068466, 0.0444643460214138, 0.03987174108624458, 0.033541496843099594, 0.028813805431127548, 0.023458553478121758, 0.02129146084189415, 0.019173823297023773, 0.017222333699464798, 0.014274459332227707, 0.012789472937583923, 0.011259219609200954, 0.01037692092359066, 0.010070993565022945, 0.01070170197635889, 0.010086236521601677, 0.010462594218552113, 0.010037400759756565, 0.010587163269519806, 0.010474203154444695, 0.010303962044417858, 0.010379409417510033, 0.010398972779512405, 0.010542846284806728, 0.011289828456938267, 0.011389381252229214]
Training time: 3720 	steps per sec: 7
Eval num_timesteps=28672, episode_reward=nan +/- nan
Eval num_timesteps=28672, episode_success=nan +/- nan
se
16 16384 1024
diff [0.029785752296447754, -0.0029522404074668884, -0.04811127483844757, -0.014569249004125595, -0.005544658750295639, -0.0047239139676094055, -0.007067393511533737, -0.007613645866513252, -0.005421813577413559, -0.005062958225607872, -0.005327168852090836, -0.005153020843863487, -0.007796701043844223, -0.006848146207630634, -0.006015436723828316, -0.007139776833355427, -0.005565210245549679, -0.00493244081735611, -0.006092016585171223, -0.0048656584694981575, -0.004176528193056583, -0.003919464536011219, -0.0063677458092570305, -0.004561436362564564, -0.003927461802959442, -0.005120503716170788, -0.005079428665339947, -0.004581260494887829, -0.005007569678127766]
ref [0.2982744574546814, 0.11320995539426804, 0.11650440841913223, 0.0590335950255394, 0.04541639983654022, 0.038265410810709, 0.035881198942661285, 0.03107219934463501, 0.02671327441930771, 0.024236781522631645, 0.022549502551555634, 0.019427480176091194, 0.020586173981428146, 0.01810736581683159, 0.016392357647418976, 0.017210770398378372, 0.01626691222190857, 0.015018677338957787, 0.016554610803723335, 0.014903059229254723, 0.01476369146257639, 0.014393667690455914, 0.01667170785367489, 0.014940845780074596, 0.014326434582471848, 0.015663350000977516, 0.016369257122278214, 0.015970641747117043, 0.016283778473734856]
[0.32806020975112915, 0.11025771498680115, 0.06839313358068466, 0.0444643460214138, 0.03987174108624458, 0.033541496843099594, 0.028813805431127548, 0.023458553478121758, 0.02129146084189415, 0.019173823297023773, 0.017222333699464798, 0.014274459332227707, 0.012789472937583923, 0.011259219609200954, 0.01037692092359066, 0.010070993565022945, 0.01070170197635889, 0.010086236521601677, 0.010462594218552113, 0.010037400759756565, 0.010587163269519806, 0.010474203154444695, 0.010303962044417858, 0.010379409417510033, 0.010398972779512405, 0.010542846284806728, 0.011289828456938267, 0.011389381252229214, 0.01127620879560709]
Training time: 3870 	steps per sec: 7
Eval num_timesteps=29696, episode_reward=nan +/- nan
Eval num_timesteps=29696, episode_success=nan +/- nan
se
16 16384 1024
diff [0.029785752296447754, -0.0029522404074668884, -0.04811127483844757, -0.014569249004125595, -0.005544658750295639, -0.0047239139676094055, -0.007067393511533737, -0.007613645866513252, -0.005421813577413559, -0.005062958225607872, -0.005327168852090836, -0.005153020843863487, -0.007796701043844223, -0.006848146207630634, -0.006015436723828316, -0.007139776833355427, -0.005565210245549679, -0.00493244081735611, -0.006092016585171223, -0.0048656584694981575, -0.004176528193056583, -0.003919464536011219, -0.0063677458092570305, -0.004561436362564564, -0.003927461802959442, -0.005120503716170788, -0.005079428665339947, -0.004581260494887829, -0.005007569678127766, -0.004460056312382221]
ref [0.2982744574546814, 0.11320995539426804, 0.11650440841913223, 0.0590335950255394, 0.04541639983654022, 0.038265410810709, 0.035881198942661285, 0.03107219934463501, 0.02671327441930771, 0.024236781522631645, 0.022549502551555634, 0.019427480176091194, 0.020586173981428146, 0.01810736581683159, 0.016392357647418976, 0.017210770398378372, 0.01626691222190857, 0.015018677338957787, 0.016554610803723335, 0.014903059229254723, 0.01476369146257639, 0.014393667690455914, 0.01667170785367489, 0.014940845780074596, 0.014326434582471848, 0.015663350000977516, 0.016369257122278214, 0.015970641747117043, 0.016283778473734856, 0.01572401076555252]
[0.32806020975112915, 0.11025771498680115, 0.06839313358068466, 0.0444643460214138, 0.03987174108624458, 0.033541496843099594, 0.028813805431127548, 0.023458553478121758, 0.02129146084189415, 0.019173823297023773, 0.017222333699464798, 0.014274459332227707, 0.012789472937583923, 0.011259219609200954, 0.01037692092359066, 0.010070993565022945, 0.01070170197635889, 0.010086236521601677, 0.010462594218552113, 0.010037400759756565, 0.010587163269519806, 0.010474203154444695, 0.010303962044417858, 0.010379409417510033, 0.010398972779512405, 0.010542846284806728, 0.011289828456938267, 0.011389381252229214, 0.01127620879560709, 0.0112639544531703]
Training time: 4028 	steps per sec: 7
Eval num_timesteps=30720, episode_reward=nan +/- nan
Eval num_timesteps=30720, episode_success=nan +/- nan
se
16 16384 1024
diff [0.029785752296447754, -0.0029522404074668884, -0.04811127483844757, -0.014569249004125595, -0.005544658750295639, -0.0047239139676094055, -0.007067393511533737, -0.007613645866513252, -0.005421813577413559, -0.005062958225607872, -0.005327168852090836, -0.005153020843863487, -0.007796701043844223, -0.006848146207630634, -0.006015436723828316, -0.007139776833355427, -0.005565210245549679, -0.00493244081735611, -0.006092016585171223, -0.0048656584694981575, -0.004176528193056583, -0.003919464536011219, -0.0063677458092570305, -0.004561436362564564, -0.003927461802959442, -0.005120503716170788, -0.005079428665339947, -0.004581260494887829, -0.005007569678127766, -0.004460056312382221, -0.00243567768484354]
ref [0.2982744574546814, 0.11320995539426804, 0.11650440841913223, 0.0590335950255394, 0.04541639983654022, 0.038265410810709, 0.035881198942661285, 0.03107219934463501, 0.02671327441930771, 0.024236781522631645, 0.022549502551555634, 0.019427480176091194, 0.020586173981428146, 0.01810736581683159, 0.016392357647418976, 0.017210770398378372, 0.01626691222190857, 0.015018677338957787, 0.016554610803723335, 0.014903059229254723, 0.01476369146257639, 0.014393667690455914, 0.01667170785367489, 0.014940845780074596, 0.014326434582471848, 0.015663350000977516, 0.016369257122278214, 0.015970641747117043, 0.016283778473734856, 0.01572401076555252, 0.013976167887449265]
[0.32806020975112915, 0.11025771498680115, 0.06839313358068466, 0.0444643460214138, 0.03987174108624458, 0.033541496843099594, 0.028813805431127548, 0.023458553478121758, 0.02129146084189415, 0.019173823297023773, 0.017222333699464798, 0.014274459332227707, 0.012789472937583923, 0.011259219609200954, 0.01037692092359066, 0.010070993565022945, 0.01070170197635889, 0.010086236521601677, 0.010462594218552113, 0.010037400759756565, 0.010587163269519806, 0.010474203154444695, 0.010303962044417858, 0.010379409417510033, 0.010398972779512405, 0.010542846284806728, 0.011289828456938267, 0.011389381252229214, 0.01127620879560709, 0.0112639544531703, 0.011540490202605724]
Training time: 4186 	steps per sec: 7
Eval num_timesteps=31744, episode_reward=nan +/- nan
Eval num_timesteps=31744, episode_success=nan +/- nan
se
16 16384 1024
diff [0.029785752296447754, -0.0029522404074668884, -0.04811127483844757, -0.014569249004125595, -0.005544658750295639, -0.0047239139676094055, -0.007067393511533737, -0.007613645866513252, -0.005421813577413559, -0.005062958225607872, -0.005327168852090836, -0.005153020843863487, -0.007796701043844223, -0.006848146207630634, -0.006015436723828316, -0.007139776833355427, -0.005565210245549679, -0.00493244081735611, -0.006092016585171223, -0.0048656584694981575, -0.004176528193056583, -0.003919464536011219, -0.0063677458092570305, -0.004561436362564564, -0.003927461802959442, -0.005120503716170788, -0.005079428665339947, -0.004581260494887829, -0.005007569678127766, -0.004460056312382221, -0.00243567768484354, -0.0025307275354862213]
ref [0.2982744574546814, 0.11320995539426804, 0.11650440841913223, 0.0590335950255394, 0.04541639983654022, 0.038265410810709, 0.035881198942661285, 0.03107219934463501, 0.02671327441930771, 0.024236781522631645, 0.022549502551555634, 0.019427480176091194, 0.020586173981428146, 0.01810736581683159, 0.016392357647418976, 0.017210770398378372, 0.01626691222190857, 0.015018677338957787, 0.016554610803723335, 0.014903059229254723, 0.01476369146257639, 0.014393667690455914, 0.01667170785367489, 0.014940845780074596, 0.014326434582471848, 0.015663350000977516, 0.016369257122278214, 0.015970641747117043, 0.016283778473734856, 0.01572401076555252, 0.013976167887449265, 0.014195924624800682]
[0.32806020975112915, 0.11025771498680115, 0.06839313358068466, 0.0444643460214138, 0.03987174108624458, 0.033541496843099594, 0.028813805431127548, 0.023458553478121758, 0.02129146084189415, 0.019173823297023773, 0.017222333699464798, 0.014274459332227707, 0.012789472937583923, 0.011259219609200954, 0.01037692092359066, 0.010070993565022945, 0.01070170197635889, 0.010086236521601677, 0.010462594218552113, 0.010037400759756565, 0.010587163269519806, 0.010474203154444695, 0.010303962044417858, 0.010379409417510033, 0.010398972779512405, 0.010542846284806728, 0.011289828456938267, 0.011389381252229214, 0.01127620879560709, 0.0112639544531703, 0.011540490202605724, 0.01166519708931446]
Training time: 4356 	steps per sec: 7
Eval num_timesteps=32768, episode_reward=nan +/- nan
Eval num_timesteps=32768, episode_success=nan +/- nan
results/HalfCheetah-v4/
results/HalfCheetah-v4/ppo_ros/
results/HalfCheetah-v4/ppo_ros/expert/
results/HalfCheetah-v4/ppo_ros/expert/b_16/
results/HalfCheetah-v4/ppo_ros/expert/b_16/no_lambda/
results/HalfCheetah-v4/ppo_ros/expert/b_16/no_lambda/run_1/
results/HalfCheetah-v4/ppo_ros/expert/b_16/no_lambda/run_1/evaluations.npz
results/HalfCheetah-v4/ppo_ros/expert/b_16/no_lambda/run_1/config.yml
results/HalfCheetah-v4/ppo_ros/expert/b_16/no_lambda/run_1/stats.npz
