ppo_ros_continuous.py --env-id Swimmer-v4 -s expert/b_16/no_clip_lambda --total-timesteps 32768 --eval-freq 1 --eval-episodes 0 -b 16 --num-steps 1024 -lr 0 --update-epochs 0 --anneal-lr 0 --ros-num-steps 256 --ros-update-epochs 16 --ros-target-kl 0.05 --ros-clip-coef 999999999 --ros-lambda 0 -ros-lr 0.0001 --ros-anneal-lr 0 --se 1 --se-freq 1 --se-lr 1e-3 --se-epochs 1000 --policy-path policies/Swimmer-v4/best_model.zip --normalization-dir policies/Swimmer-v4
Obtaining file:///var/lib/condor/execute/slot1/dir_12909/PPOROS/PPOROS/custom-envs
  Preparing metadata (setup.py): started
  Preparing metadata (setup.py): finished with status 'done'
Requirement already satisfied: gym in /var/lib/condor/execute/slot1/dir_12909/PPOROS/ppo-ros_env/lib/python3.9/site-packages (from custom-envs==0.0.1) (0.21.0)
Requirement already satisfied: cloudpickle>=1.2.0 in /var/lib/condor/execute/slot1/dir_12909/PPOROS/ppo-ros_env/lib/python3.9/site-packages (from gym->custom-envs==0.0.1) (2.2.1)
Requirement already satisfied: numpy>=1.18.0 in /var/lib/condor/execute/slot1/dir_12909/PPOROS/ppo-ros_env/lib/python3.9/site-packages (from gym->custom-envs==0.0.1) (1.24.2)
Installing collected packages: custom-envs
  Running setup.py develop for custom-envs
Successfully installed custom-envs-0.0.1
seed: 3
Eval num_timesteps=0, episode_reward=nan +/- nan
Eval num_timesteps=0, episode_success=nan +/- nan
se
1 1024 1024
diff [-0.08342115581035614]
ref [0.16553011536598206]
[0.08210895955562592]
Training time: 35 	steps per sec: 28
Eval num_timesteps=1024, episode_reward=nan +/- nan
Eval num_timesteps=1024, episode_success=nan +/- nan
se
2 2048 1024
diff [-0.08342115581035614, -0.00965605303645134]
ref [0.16553011536598206, 0.04161814600229263]
[0.08210895955562592, 0.03196209296584129]
Training time: 80 	steps per sec: 25
Eval num_timesteps=2048, episode_reward=nan +/- nan
Eval num_timesteps=2048, episode_success=nan +/- nan
se
3 3072 1024
diff [-0.08342115581035614, -0.00965605303645134, 0.002693669870495796]
ref [0.16553011536598206, 0.04161814600229263, 0.02405795454978943]
[0.08210895955562592, 0.03196209296584129, 0.026751624420285225]
Training time: 138 	steps per sec: 22
Eval num_timesteps=3072, episode_reward=nan +/- nan
Eval num_timesteps=3072, episode_success=nan +/- nan
se
4 4096 1024
diff [-0.08342115581035614, -0.00965605303645134, 0.002693669870495796, -0.003811834380030632]
ref [0.16553011536598206, 0.04161814600229263, 0.02405795454978943, 0.022287024185061455]
[0.08210895955562592, 0.03196209296584129, 0.026751624420285225, 0.018475189805030823]
Training time: 206 	steps per sec: 19
Eval num_timesteps=4096, episode_reward=nan +/- nan
Eval num_timesteps=4096, episode_success=nan +/- nan
se
5 5120 1024
diff [-0.08342115581035614, -0.00965605303645134, 0.002693669870495796, -0.003811834380030632, -0.0037384163588285446]
ref [0.16553011536598206, 0.04161814600229263, 0.02405795454978943, 0.022287024185061455, 0.017281336709856987]
[0.08210895955562592, 0.03196209296584129, 0.026751624420285225, 0.018475189805030823, 0.013542920351028442]
Training time: 284 	steps per sec: 17
Eval num_timesteps=5120, episode_reward=nan +/- nan
Eval num_timesteps=5120, episode_success=nan +/- nan
se
6 6144 1024
diff [-0.08342115581035614, -0.00965605303645134, 0.002693669870495796, -0.003811834380030632, -0.0037384163588285446, -0.003261248581111431]
ref [0.16553011536598206, 0.04161814600229263, 0.02405795454978943, 0.022287024185061455, 0.017281336709856987, 0.01780516654253006]
[0.08210895955562592, 0.03196209296584129, 0.026751624420285225, 0.018475189805030823, 0.013542920351028442, 0.014543917961418629]
Training time: 366 	steps per sec: 16
Eval num_timesteps=6144, episode_reward=nan +/- nan
Eval num_timesteps=6144, episode_success=nan +/- nan
se
7 7168 1024
diff [-0.08342115581035614, -0.00965605303645134, 0.002693669870495796, -0.003811834380030632, -0.0037384163588285446, -0.003261248581111431, -0.013561543077230453]
ref [0.16553011536598206, 0.04161814600229263, 0.02405795454978943, 0.022287024185061455, 0.017281336709856987, 0.01780516654253006, 0.023482082411646843]
[0.08210895955562592, 0.03196209296584129, 0.026751624420285225, 0.018475189805030823, 0.013542920351028442, 0.014543917961418629, 0.00992053933441639]
Training time: 469 	steps per sec: 15
Eval num_timesteps=7168, episode_reward=nan +/- nan
Eval num_timesteps=7168, episode_success=nan +/- nan
se
8 8192 1024
diff [-0.08342115581035614, -0.00965605303645134, 0.002693669870495796, -0.003811834380030632, -0.0037384163588285446, -0.003261248581111431, -0.013561543077230453, -0.0034638792276382446]
ref [0.16553011536598206, 0.04161814600229263, 0.02405795454978943, 0.022287024185061455, 0.017281336709856987, 0.01780516654253006, 0.023482082411646843, 0.011635398492217064]
[0.08210895955562592, 0.03196209296584129, 0.026751624420285225, 0.018475189805030823, 0.013542920351028442, 0.014543917961418629, 0.00992053933441639, 0.00817151926457882]
Training time: 584 	steps per sec: 14
Eval num_timesteps=8192, episode_reward=nan +/- nan
Eval num_timesteps=8192, episode_success=nan +/- nan
se
9 9216 1024
diff [-0.08342115581035614, -0.00965605303645134, 0.002693669870495796, -0.003811834380030632, -0.0037384163588285446, -0.003261248581111431, -0.013561543077230453, -0.0034638792276382446, -0.002416437491774559]
ref [0.16553011536598206, 0.04161814600229263, 0.02405795454978943, 0.022287024185061455, 0.017281336709856987, 0.01780516654253006, 0.023482082411646843, 0.011635398492217064, 0.010137952864170074]
[0.08210895955562592, 0.03196209296584129, 0.026751624420285225, 0.018475189805030823, 0.013542920351028442, 0.014543917961418629, 0.00992053933441639, 0.00817151926457882, 0.0077215153723955154]
Training time: 703 	steps per sec: 13
Eval num_timesteps=9216, episode_reward=nan +/- nan
Eval num_timesteps=9216, episode_success=nan +/- nan
se
10 10240 1024
diff [-0.08342115581035614, -0.00965605303645134, 0.002693669870495796, -0.003811834380030632, -0.0037384163588285446, -0.003261248581111431, -0.013561543077230453, -0.0034638792276382446, -0.002416437491774559, -0.0003218543715775013]
ref [0.16553011536598206, 0.04161814600229263, 0.02405795454978943, 0.022287024185061455, 0.017281336709856987, 0.01780516654253006, 0.023482082411646843, 0.011635398492217064, 0.010137952864170074, 0.008078458718955517]
[0.08210895955562592, 0.03196209296584129, 0.026751624420285225, 0.018475189805030823, 0.013542920351028442, 0.014543917961418629, 0.00992053933441639, 0.00817151926457882, 0.0077215153723955154, 0.0077566043473780155]
Training time: 840 	steps per sec: 12
Eval num_timesteps=10240, episode_reward=nan +/- nan
Eval num_timesteps=10240, episode_success=nan +/- nan
se
11 11264 1024
diff [-0.08342115581035614, -0.00965605303645134, 0.002693669870495796, -0.003811834380030632, -0.0037384163588285446, -0.003261248581111431, -0.013561543077230453, -0.0034638792276382446, -0.002416437491774559, -0.0003218543715775013, -0.0011605084873735905]
ref [0.16553011536598206, 0.04161814600229263, 0.02405795454978943, 0.022287024185061455, 0.017281336709856987, 0.01780516654253006, 0.023482082411646843, 0.011635398492217064, 0.010137952864170074, 0.008078458718955517, 0.0076965149492025375]
[0.08210895955562592, 0.03196209296584129, 0.026751624420285225, 0.018475189805030823, 0.013542920351028442, 0.014543917961418629, 0.00992053933441639, 0.00817151926457882, 0.0077215153723955154, 0.0077566043473780155, 0.006536006461828947]
Training time: 984 	steps per sec: 11
Eval num_timesteps=11264, episode_reward=nan +/- nan
Eval num_timesteps=11264, episode_success=nan +/- nan
se
12 12288 1024
diff [-0.08342115581035614, -0.00965605303645134, 0.002693669870495796, -0.003811834380030632, -0.0037384163588285446, -0.003261248581111431, -0.013561543077230453, -0.0034638792276382446, -0.002416437491774559, -0.0003218543715775013, -0.0011605084873735905, -0.004674130119383335]
ref [0.16553011536598206, 0.04161814600229263, 0.02405795454978943, 0.022287024185061455, 0.017281336709856987, 0.01780516654253006, 0.023482082411646843, 0.011635398492217064, 0.010137952864170074, 0.008078458718955517, 0.0076965149492025375, 0.01003356371074915]
[0.08210895955562592, 0.03196209296584129, 0.026751624420285225, 0.018475189805030823, 0.013542920351028442, 0.014543917961418629, 0.00992053933441639, 0.00817151926457882, 0.0077215153723955154, 0.0077566043473780155, 0.006536006461828947, 0.005359433591365814]
Training time: 1138 	steps per sec: 10
Eval num_timesteps=12288, episode_reward=nan +/- nan
Eval num_timesteps=12288, episode_success=nan +/- nan
se
13 13312 1024
diff [-0.08342115581035614, -0.00965605303645134, 0.002693669870495796, -0.003811834380030632, -0.0037384163588285446, -0.003261248581111431, -0.013561543077230453, -0.0034638792276382446, -0.002416437491774559, -0.0003218543715775013, -0.0011605084873735905, -0.004674130119383335, -0.0022834143601357937]
ref [0.16553011536598206, 0.04161814600229263, 0.02405795454978943, 0.022287024185061455, 0.017281336709856987, 0.01780516654253006, 0.023482082411646843, 0.011635398492217064, 0.010137952864170074, 0.008078458718955517, 0.0076965149492025375, 0.01003356371074915, 0.007249819580465555]
[0.08210895955562592, 0.03196209296584129, 0.026751624420285225, 0.018475189805030823, 0.013542920351028442, 0.014543917961418629, 0.00992053933441639, 0.00817151926457882, 0.0077215153723955154, 0.0077566043473780155, 0.006536006461828947, 0.005359433591365814, 0.0049664052203297615]
Training time: 1309 	steps per sec: 10
Eval num_timesteps=13312, episode_reward=nan +/- nan
Eval num_timesteps=13312, episode_success=nan +/- nan
se
14 14336 1024
diff [-0.08342115581035614, -0.00965605303645134, 0.002693669870495796, -0.003811834380030632, -0.0037384163588285446, -0.003261248581111431, -0.013561543077230453, -0.0034638792276382446, -0.002416437491774559, -0.0003218543715775013, -0.0011605084873735905, -0.004674130119383335, -0.0022834143601357937, -0.0026250029914081097]
ref [0.16553011536598206, 0.04161814600229263, 0.02405795454978943, 0.022287024185061455, 0.017281336709856987, 0.01780516654253006, 0.023482082411646843, 0.011635398492217064, 0.010137952864170074, 0.008078458718955517, 0.0076965149492025375, 0.01003356371074915, 0.007249819580465555, 0.007288082502782345]
[0.08210895955562592, 0.03196209296584129, 0.026751624420285225, 0.018475189805030823, 0.013542920351028442, 0.014543917961418629, 0.00992053933441639, 0.00817151926457882, 0.0077215153723955154, 0.0077566043473780155, 0.006536006461828947, 0.005359433591365814, 0.0049664052203297615, 0.004663079511374235]
Training time: 1495 	steps per sec: 9
Eval num_timesteps=14336, episode_reward=nan +/- nan
Eval num_timesteps=14336, episode_success=nan +/- nan
se
15 15360 1024
diff [-0.08342115581035614, -0.00965605303645134, 0.002693669870495796, -0.003811834380030632, -0.0037384163588285446, -0.003261248581111431, -0.013561543077230453, -0.0034638792276382446, -0.002416437491774559, -0.0003218543715775013, -0.0011605084873735905, -0.004674130119383335, -0.0022834143601357937, -0.0026250029914081097, -0.002476959954947233]
ref [0.16553011536598206, 0.04161814600229263, 0.02405795454978943, 0.022287024185061455, 0.017281336709856987, 0.01780516654253006, 0.023482082411646843, 0.011635398492217064, 0.010137952864170074, 0.008078458718955517, 0.0076965149492025375, 0.01003356371074915, 0.007249819580465555, 0.007288082502782345, 0.006856327410787344]
[0.08210895955562592, 0.03196209296584129, 0.026751624420285225, 0.018475189805030823, 0.013542920351028442, 0.014543917961418629, 0.00992053933441639, 0.00817151926457882, 0.0077215153723955154, 0.0077566043473780155, 0.006536006461828947, 0.005359433591365814, 0.0049664052203297615, 0.004663079511374235, 0.004379367455840111]
Training time: 1682 	steps per sec: 9
Eval num_timesteps=15360, episode_reward=nan +/- nan
Eval num_timesteps=15360, episode_success=nan +/- nan
se
16 16384 1024
diff [-0.08342115581035614, -0.00965605303645134, 0.002693669870495796, -0.003811834380030632, -0.0037384163588285446, -0.003261248581111431, -0.013561543077230453, -0.0034638792276382446, -0.002416437491774559, -0.0003218543715775013, -0.0011605084873735905, -0.004674130119383335, -0.0022834143601357937, -0.0026250029914081097, -0.002476959954947233, -0.001888365251943469]
ref [0.16553011536598206, 0.04161814600229263, 0.02405795454978943, 0.022287024185061455, 0.017281336709856987, 0.01780516654253006, 0.023482082411646843, 0.011635398492217064, 0.010137952864170074, 0.008078458718955517, 0.0076965149492025375, 0.01003356371074915, 0.007249819580465555, 0.007288082502782345, 0.006856327410787344, 0.005786424037069082]
[0.08210895955562592, 0.03196209296584129, 0.026751624420285225, 0.018475189805030823, 0.013542920351028442, 0.014543917961418629, 0.00992053933441639, 0.00817151926457882, 0.0077215153723955154, 0.0077566043473780155, 0.006536006461828947, 0.005359433591365814, 0.0049664052203297615, 0.004663079511374235, 0.004379367455840111, 0.003898058785125613]
Training time: 1878 	steps per sec: 8
Eval num_timesteps=16384, episode_reward=nan +/- nan
Eval num_timesteps=16384, episode_success=nan +/- nan
se
16 16384 1024
diff [-0.08342115581035614, -0.00965605303645134, 0.002693669870495796, -0.003811834380030632, -0.0037384163588285446, -0.003261248581111431, -0.013561543077230453, -0.0034638792276382446, -0.002416437491774559, -0.0003218543715775013, -0.0011605084873735905, -0.004674130119383335, -0.0022834143601357937, -0.0026250029914081097, -0.002476959954947233, -0.001888365251943469, -0.002080019097775221]
ref [0.16553011536598206, 0.04161814600229263, 0.02405795454978943, 0.022287024185061455, 0.017281336709856987, 0.01780516654253006, 0.023482082411646843, 0.011635398492217064, 0.010137952864170074, 0.008078458718955517, 0.0076965149492025375, 0.01003356371074915, 0.007249819580465555, 0.007288082502782345, 0.006856327410787344, 0.005786424037069082, 0.0063324891962111]
[0.08210895955562592, 0.03196209296584129, 0.026751624420285225, 0.018475189805030823, 0.013542920351028442, 0.014543917961418629, 0.00992053933441639, 0.00817151926457882, 0.0077215153723955154, 0.0077566043473780155, 0.006536006461828947, 0.005359433591365814, 0.0049664052203297615, 0.004663079511374235, 0.004379367455840111, 0.003898058785125613, 0.004252470098435879]
Training time: 2075 	steps per sec: 8
Eval num_timesteps=17408, episode_reward=nan +/- nan
Eval num_timesteps=17408, episode_success=nan +/- nan
se
16 16384 1024
diff [-0.08342115581035614, -0.00965605303645134, 0.002693669870495796, -0.003811834380030632, -0.0037384163588285446, -0.003261248581111431, -0.013561543077230453, -0.0034638792276382446, -0.002416437491774559, -0.0003218543715775013, -0.0011605084873735905, -0.004674130119383335, -0.0022834143601357937, -0.0026250029914081097, -0.002476959954947233, -0.001888365251943469, -0.002080019097775221, -0.0013068541884422302]
ref [0.16553011536598206, 0.04161814600229263, 0.02405795454978943, 0.022287024185061455, 0.017281336709856987, 0.01780516654253006, 0.023482082411646843, 0.011635398492217064, 0.010137952864170074, 0.008078458718955517, 0.0076965149492025375, 0.01003356371074915, 0.007249819580465555, 0.007288082502782345, 0.006856327410787344, 0.005786424037069082, 0.0063324891962111, 0.005837761797010899]
[0.08210895955562592, 0.03196209296584129, 0.026751624420285225, 0.018475189805030823, 0.013542920351028442, 0.014543917961418629, 0.00992053933441639, 0.00817151926457882, 0.0077215153723955154, 0.0077566043473780155, 0.006536006461828947, 0.005359433591365814, 0.0049664052203297615, 0.004663079511374235, 0.004379367455840111, 0.003898058785125613, 0.004252470098435879, 0.004530907608568668]
Training time: 2266 	steps per sec: 8
Eval num_timesteps=18432, episode_reward=nan +/- nan
Eval num_timesteps=18432, episode_success=nan +/- nan
se
16 16384 1024
diff [-0.08342115581035614, -0.00965605303645134, 0.002693669870495796, -0.003811834380030632, -0.0037384163588285446, -0.003261248581111431, -0.013561543077230453, -0.0034638792276382446, -0.002416437491774559, -0.0003218543715775013, -0.0011605084873735905, -0.004674130119383335, -0.0022834143601357937, -0.0026250029914081097, -0.002476959954947233, -0.001888365251943469, -0.002080019097775221, -0.0013068541884422302, -0.0012734420597553253]
ref [0.16553011536598206, 0.04161814600229263, 0.02405795454978943, 0.022287024185061455, 0.017281336709856987, 0.01780516654253006, 0.023482082411646843, 0.011635398492217064, 0.010137952864170074, 0.008078458718955517, 0.0076965149492025375, 0.01003356371074915, 0.007249819580465555, 0.007288082502782345, 0.006856327410787344, 0.005786424037069082, 0.0063324891962111, 0.005837761797010899, 0.005774165503680706]
[0.08210895955562592, 0.03196209296584129, 0.026751624420285225, 0.018475189805030823, 0.013542920351028442, 0.014543917961418629, 0.00992053933441639, 0.00817151926457882, 0.0077215153723955154, 0.0077566043473780155, 0.006536006461828947, 0.005359433591365814, 0.0049664052203297615, 0.004663079511374235, 0.004379367455840111, 0.003898058785125613, 0.004252470098435879, 0.004530907608568668, 0.004500723443925381]
Training time: 2394 	steps per sec: 8
Eval num_timesteps=19456, episode_reward=nan +/- nan
Eval num_timesteps=19456, episode_success=nan +/- nan
se
16 16384 1024
diff [-0.08342115581035614, -0.00965605303645134, 0.002693669870495796, -0.003811834380030632, -0.0037384163588285446, -0.003261248581111431, -0.013561543077230453, -0.0034638792276382446, -0.002416437491774559, -0.0003218543715775013, -0.0011605084873735905, -0.004674130119383335, -0.0022834143601357937, -0.0026250029914081097, -0.002476959954947233, -0.001888365251943469, -0.002080019097775221, -0.0013068541884422302, -0.0012734420597553253, -0.0021119946613907814]
ref [0.16553011536598206, 0.04161814600229263, 0.02405795454978943, 0.022287024185061455, 0.017281336709856987, 0.01780516654253006, 0.023482082411646843, 0.011635398492217064, 0.010137952864170074, 0.008078458718955517, 0.0076965149492025375, 0.01003356371074915, 0.007249819580465555, 0.007288082502782345, 0.006856327410787344, 0.005786424037069082, 0.0063324891962111, 0.005837761797010899, 0.005774165503680706, 0.006493076682090759]
[0.08210895955562592, 0.03196209296584129, 0.026751624420285225, 0.018475189805030823, 0.013542920351028442, 0.014543917961418629, 0.00992053933441639, 0.00817151926457882, 0.0077215153723955154, 0.0077566043473780155, 0.006536006461828947, 0.005359433591365814, 0.0049664052203297615, 0.004663079511374235, 0.004379367455840111, 0.003898058785125613, 0.004252470098435879, 0.004530907608568668, 0.004500723443925381, 0.004381082020699978]
Training time: 2521 	steps per sec: 8
Eval num_timesteps=20480, episode_reward=nan +/- nan
Eval num_timesteps=20480, episode_success=nan +/- nan
se
16 16384 1024
diff [-0.08342115581035614, -0.00965605303645134, 0.002693669870495796, -0.003811834380030632, -0.0037384163588285446, -0.003261248581111431, -0.013561543077230453, -0.0034638792276382446, -0.002416437491774559, -0.0003218543715775013, -0.0011605084873735905, -0.004674130119383335, -0.0022834143601357937, -0.0026250029914081097, -0.002476959954947233, -0.001888365251943469, -0.002080019097775221, -0.0013068541884422302, -0.0012734420597553253, -0.0021119946613907814, -0.001844850368797779]
ref [0.16553011536598206, 0.04161814600229263, 0.02405795454978943, 0.022287024185061455, 0.017281336709856987, 0.01780516654253006, 0.023482082411646843, 0.011635398492217064, 0.010137952864170074, 0.008078458718955517, 0.0076965149492025375, 0.01003356371074915, 0.007249819580465555, 0.007288082502782345, 0.006856327410787344, 0.005786424037069082, 0.0063324891962111, 0.005837761797010899, 0.005774165503680706, 0.006493076682090759, 0.006460521370172501]
[0.08210895955562592, 0.03196209296584129, 0.026751624420285225, 0.018475189805030823, 0.013542920351028442, 0.014543917961418629, 0.00992053933441639, 0.00817151926457882, 0.0077215153723955154, 0.0077566043473780155, 0.006536006461828947, 0.005359433591365814, 0.0049664052203297615, 0.004663079511374235, 0.004379367455840111, 0.003898058785125613, 0.004252470098435879, 0.004530907608568668, 0.004500723443925381, 0.004381082020699978, 0.0046156710013747215]
Training time: 2648 	steps per sec: 8
Eval num_timesteps=21504, episode_reward=nan +/- nan
Eval num_timesteps=21504, episode_success=nan +/- nan
se
16 16384 1024
diff [-0.08342115581035614, -0.00965605303645134, 0.002693669870495796, -0.003811834380030632, -0.0037384163588285446, -0.003261248581111431, -0.013561543077230453, -0.0034638792276382446, -0.002416437491774559, -0.0003218543715775013, -0.0011605084873735905, -0.004674130119383335, -0.0022834143601357937, -0.0026250029914081097, -0.002476959954947233, -0.001888365251943469, -0.002080019097775221, -0.0013068541884422302, -0.0012734420597553253, -0.0021119946613907814, -0.001844850368797779, -0.001768510788679123]
ref [0.16553011536598206, 0.04161814600229263, 0.02405795454978943, 0.022287024185061455, 0.017281336709856987, 0.01780516654253006, 0.023482082411646843, 0.011635398492217064, 0.010137952864170074, 0.008078458718955517, 0.0076965149492025375, 0.01003356371074915, 0.007249819580465555, 0.007288082502782345, 0.006856327410787344, 0.005786424037069082, 0.0063324891962111, 0.005837761797010899, 0.005774165503680706, 0.006493076682090759, 0.006460521370172501, 0.005968522746115923]
[0.08210895955562592, 0.03196209296584129, 0.026751624420285225, 0.018475189805030823, 0.013542920351028442, 0.014543917961418629, 0.00992053933441639, 0.00817151926457882, 0.0077215153723955154, 0.0077566043473780155, 0.006536006461828947, 0.005359433591365814, 0.0049664052203297615, 0.004663079511374235, 0.004379367455840111, 0.003898058785125613, 0.004252470098435879, 0.004530907608568668, 0.004500723443925381, 0.004381082020699978, 0.0046156710013747215, 0.0042000119574368]
Training time: 2772 	steps per sec: 8
Eval num_timesteps=22528, episode_reward=nan +/- nan
Eval num_timesteps=22528, episode_success=nan +/- nan
se
16 16384 1024
diff [-0.08342115581035614, -0.00965605303645134, 0.002693669870495796, -0.003811834380030632, -0.0037384163588285446, -0.003261248581111431, -0.013561543077230453, -0.0034638792276382446, -0.002416437491774559, -0.0003218543715775013, -0.0011605084873735905, -0.004674130119383335, -0.0022834143601357937, -0.0026250029914081097, -0.002476959954947233, -0.001888365251943469, -0.002080019097775221, -0.0013068541884422302, -0.0012734420597553253, -0.0021119946613907814, -0.001844850368797779, -0.001768510788679123, -0.002259235829114914]
ref [0.16553011536598206, 0.04161814600229263, 0.02405795454978943, 0.022287024185061455, 0.017281336709856987, 0.01780516654253006, 0.023482082411646843, 0.011635398492217064, 0.010137952864170074, 0.008078458718955517, 0.0076965149492025375, 0.01003356371074915, 0.007249819580465555, 0.007288082502782345, 0.006856327410787344, 0.005786424037069082, 0.0063324891962111, 0.005837761797010899, 0.005774165503680706, 0.006493076682090759, 0.006460521370172501, 0.005968522746115923, 0.006432894617319107]
[0.08210895955562592, 0.03196209296584129, 0.026751624420285225, 0.018475189805030823, 0.013542920351028442, 0.014543917961418629, 0.00992053933441639, 0.00817151926457882, 0.0077215153723955154, 0.0077566043473780155, 0.006536006461828947, 0.005359433591365814, 0.0049664052203297615, 0.004663079511374235, 0.004379367455840111, 0.003898058785125613, 0.004252470098435879, 0.004530907608568668, 0.004500723443925381, 0.004381082020699978, 0.0046156710013747215, 0.0042000119574368, 0.004173658788204193]
Training time: 2898 	steps per sec: 8
Eval num_timesteps=23552, episode_reward=nan +/- nan
Eval num_timesteps=23552, episode_success=nan +/- nan
se
16 16384 1024
diff [-0.08342115581035614, -0.00965605303645134, 0.002693669870495796, -0.003811834380030632, -0.0037384163588285446, -0.003261248581111431, -0.013561543077230453, -0.0034638792276382446, -0.002416437491774559, -0.0003218543715775013, -0.0011605084873735905, -0.004674130119383335, -0.0022834143601357937, -0.0026250029914081097, -0.002476959954947233, -0.001888365251943469, -0.002080019097775221, -0.0013068541884422302, -0.0012734420597553253, -0.0021119946613907814, -0.001844850368797779, -0.001768510788679123, -0.002259235829114914, -0.0024735284969210625]
ref [0.16553011536598206, 0.04161814600229263, 0.02405795454978943, 0.022287024185061455, 0.017281336709856987, 0.01780516654253006, 0.023482082411646843, 0.011635398492217064, 0.010137952864170074, 0.008078458718955517, 0.0076965149492025375, 0.01003356371074915, 0.007249819580465555, 0.007288082502782345, 0.006856327410787344, 0.005786424037069082, 0.0063324891962111, 0.005837761797010899, 0.005774165503680706, 0.006493076682090759, 0.006460521370172501, 0.005968522746115923, 0.006432894617319107, 0.0064314985647797585]
[0.08210895955562592, 0.03196209296584129, 0.026751624420285225, 0.018475189805030823, 0.013542920351028442, 0.014543917961418629, 0.00992053933441639, 0.00817151926457882, 0.0077215153723955154, 0.0077566043473780155, 0.006536006461828947, 0.005359433591365814, 0.0049664052203297615, 0.004663079511374235, 0.004379367455840111, 0.003898058785125613, 0.004252470098435879, 0.004530907608568668, 0.004500723443925381, 0.004381082020699978, 0.0046156710013747215, 0.0042000119574368, 0.004173658788204193, 0.003957970067858696]
Training time: 3023 	steps per sec: 8
Eval num_timesteps=24576, episode_reward=nan +/- nan
Eval num_timesteps=24576, episode_success=nan +/- nan
se
16 16384 1024
diff [-0.08342115581035614, -0.00965605303645134, 0.002693669870495796, -0.003811834380030632, -0.0037384163588285446, -0.003261248581111431, -0.013561543077230453, -0.0034638792276382446, -0.002416437491774559, -0.0003218543715775013, -0.0011605084873735905, -0.004674130119383335, -0.0022834143601357937, -0.0026250029914081097, -0.002476959954947233, -0.001888365251943469, -0.002080019097775221, -0.0013068541884422302, -0.0012734420597553253, -0.0021119946613907814, -0.001844850368797779, -0.001768510788679123, -0.002259235829114914, -0.0024735284969210625, -0.002033107914030552]
ref [0.16553011536598206, 0.04161814600229263, 0.02405795454978943, 0.022287024185061455, 0.017281336709856987, 0.01780516654253006, 0.023482082411646843, 0.011635398492217064, 0.010137952864170074, 0.008078458718955517, 0.0076965149492025375, 0.01003356371074915, 0.007249819580465555, 0.007288082502782345, 0.006856327410787344, 0.005786424037069082, 0.0063324891962111, 0.005837761797010899, 0.005774165503680706, 0.006493076682090759, 0.006460521370172501, 0.005968522746115923, 0.006432894617319107, 0.0064314985647797585, 0.005892908666282892]
[0.08210895955562592, 0.03196209296584129, 0.026751624420285225, 0.018475189805030823, 0.013542920351028442, 0.014543917961418629, 0.00992053933441639, 0.00817151926457882, 0.0077215153723955154, 0.0077566043473780155, 0.006536006461828947, 0.005359433591365814, 0.0049664052203297615, 0.004663079511374235, 0.004379367455840111, 0.003898058785125613, 0.004252470098435879, 0.004530907608568668, 0.004500723443925381, 0.004381082020699978, 0.0046156710013747215, 0.0042000119574368, 0.004173658788204193, 0.003957970067858696, 0.0038598007522523403]
Training time: 3152 	steps per sec: 8
Eval num_timesteps=25600, episode_reward=nan +/- nan
Eval num_timesteps=25600, episode_success=nan +/- nan
se
16 16384 1024
diff [-0.08342115581035614, -0.00965605303645134, 0.002693669870495796, -0.003811834380030632, -0.0037384163588285446, -0.003261248581111431, -0.013561543077230453, -0.0034638792276382446, -0.002416437491774559, -0.0003218543715775013, -0.0011605084873735905, -0.004674130119383335, -0.0022834143601357937, -0.0026250029914081097, -0.002476959954947233, -0.001888365251943469, -0.002080019097775221, -0.0013068541884422302, -0.0012734420597553253, -0.0021119946613907814, -0.001844850368797779, -0.001768510788679123, -0.002259235829114914, -0.0024735284969210625, -0.002033107914030552, -0.002591494470834732]
ref [0.16553011536598206, 0.04161814600229263, 0.02405795454978943, 0.022287024185061455, 0.017281336709856987, 0.01780516654253006, 0.023482082411646843, 0.011635398492217064, 0.010137952864170074, 0.008078458718955517, 0.0076965149492025375, 0.01003356371074915, 0.007249819580465555, 0.007288082502782345, 0.006856327410787344, 0.005786424037069082, 0.0063324891962111, 0.005837761797010899, 0.005774165503680706, 0.006493076682090759, 0.006460521370172501, 0.005968522746115923, 0.006432894617319107, 0.0064314985647797585, 0.005892908666282892, 0.006471980828791857]
[0.08210895955562592, 0.03196209296584129, 0.026751624420285225, 0.018475189805030823, 0.013542920351028442, 0.014543917961418629, 0.00992053933441639, 0.00817151926457882, 0.0077215153723955154, 0.0077566043473780155, 0.006536006461828947, 0.005359433591365814, 0.0049664052203297615, 0.004663079511374235, 0.004379367455840111, 0.003898058785125613, 0.004252470098435879, 0.004530907608568668, 0.004500723443925381, 0.004381082020699978, 0.0046156710013747215, 0.0042000119574368, 0.004173658788204193, 0.003957970067858696, 0.0038598007522523403, 0.0038804863579571247]
Training time: 3289 	steps per sec: 8
Eval num_timesteps=26624, episode_reward=nan +/- nan
Eval num_timesteps=26624, episode_success=nan +/- nan
se
16 16384 1024
diff [-0.08342115581035614, -0.00965605303645134, 0.002693669870495796, -0.003811834380030632, -0.0037384163588285446, -0.003261248581111431, -0.013561543077230453, -0.0034638792276382446, -0.002416437491774559, -0.0003218543715775013, -0.0011605084873735905, -0.004674130119383335, -0.0022834143601357937, -0.0026250029914081097, -0.002476959954947233, -0.001888365251943469, -0.002080019097775221, -0.0013068541884422302, -0.0012734420597553253, -0.0021119946613907814, -0.001844850368797779, -0.001768510788679123, -0.002259235829114914, -0.0024735284969210625, -0.002033107914030552, -0.002591494470834732, -0.0024029696360230446]
ref [0.16553011536598206, 0.04161814600229263, 0.02405795454978943, 0.022287024185061455, 0.017281336709856987, 0.01780516654253006, 0.023482082411646843, 0.011635398492217064, 0.010137952864170074, 0.008078458718955517, 0.0076965149492025375, 0.01003356371074915, 0.007249819580465555, 0.007288082502782345, 0.006856327410787344, 0.005786424037069082, 0.0063324891962111, 0.005837761797010899, 0.005774165503680706, 0.006493076682090759, 0.006460521370172501, 0.005968522746115923, 0.006432894617319107, 0.0064314985647797585, 0.005892908666282892, 0.006471980828791857, 0.006341379601508379]
[0.08210895955562592, 0.03196209296584129, 0.026751624420285225, 0.018475189805030823, 0.013542920351028442, 0.014543917961418629, 0.00992053933441639, 0.00817151926457882, 0.0077215153723955154, 0.0077566043473780155, 0.006536006461828947, 0.005359433591365814, 0.0049664052203297615, 0.004663079511374235, 0.004379367455840111, 0.003898058785125613, 0.004252470098435879, 0.004530907608568668, 0.004500723443925381, 0.004381082020699978, 0.0046156710013747215, 0.0042000119574368, 0.004173658788204193, 0.003957970067858696, 0.0038598007522523403, 0.0038804863579571247, 0.003938409965485334]
Training time: 3423 	steps per sec: 8
Eval num_timesteps=27648, episode_reward=nan +/- nan
Eval num_timesteps=27648, episode_success=nan +/- nan
se
16 16384 1024
diff [-0.08342115581035614, -0.00965605303645134, 0.002693669870495796, -0.003811834380030632, -0.0037384163588285446, -0.003261248581111431, -0.013561543077230453, -0.0034638792276382446, -0.002416437491774559, -0.0003218543715775013, -0.0011605084873735905, -0.004674130119383335, -0.0022834143601357937, -0.0026250029914081097, -0.002476959954947233, -0.001888365251943469, -0.002080019097775221, -0.0013068541884422302, -0.0012734420597553253, -0.0021119946613907814, -0.001844850368797779, -0.001768510788679123, -0.002259235829114914, -0.0024735284969210625, -0.002033107914030552, -0.002591494470834732, -0.0024029696360230446, -0.00204265583306551]
ref [0.16553011536598206, 0.04161814600229263, 0.02405795454978943, 0.022287024185061455, 0.017281336709856987, 0.01780516654253006, 0.023482082411646843, 0.011635398492217064, 0.010137952864170074, 0.008078458718955517, 0.0076965149492025375, 0.01003356371074915, 0.007249819580465555, 0.007288082502782345, 0.006856327410787344, 0.005786424037069082, 0.0063324891962111, 0.005837761797010899, 0.005774165503680706, 0.006493076682090759, 0.006460521370172501, 0.005968522746115923, 0.006432894617319107, 0.0064314985647797585, 0.005892908666282892, 0.006471980828791857, 0.006341379601508379, 0.006380018778145313]
[0.08210895955562592, 0.03196209296584129, 0.026751624420285225, 0.018475189805030823, 0.013542920351028442, 0.014543917961418629, 0.00992053933441639, 0.00817151926457882, 0.0077215153723955154, 0.0077566043473780155, 0.006536006461828947, 0.005359433591365814, 0.0049664052203297615, 0.004663079511374235, 0.004379367455840111, 0.003898058785125613, 0.004252470098435879, 0.004530907608568668, 0.004500723443925381, 0.004381082020699978, 0.0046156710013747215, 0.0042000119574368, 0.004173658788204193, 0.003957970067858696, 0.0038598007522523403, 0.0038804863579571247, 0.003938409965485334, 0.0043373629450798035]
Training time: 3561 	steps per sec: 8
Eval num_timesteps=28672, episode_reward=nan +/- nan
Eval num_timesteps=28672, episode_success=nan +/- nan
se
16 16384 1024
diff [-0.08342115581035614, -0.00965605303645134, 0.002693669870495796, -0.003811834380030632, -0.0037384163588285446, -0.003261248581111431, -0.013561543077230453, -0.0034638792276382446, -0.002416437491774559, -0.0003218543715775013, -0.0011605084873735905, -0.004674130119383335, -0.0022834143601357937, -0.0026250029914081097, -0.002476959954947233, -0.001888365251943469, -0.002080019097775221, -0.0013068541884422302, -0.0012734420597553253, -0.0021119946613907814, -0.001844850368797779, -0.001768510788679123, -0.002259235829114914, -0.0024735284969210625, -0.002033107914030552, -0.002591494470834732, -0.0024029696360230446, -0.00204265583306551, -0.0013759913854300976]
ref [0.16553011536598206, 0.04161814600229263, 0.02405795454978943, 0.022287024185061455, 0.017281336709856987, 0.01780516654253006, 0.023482082411646843, 0.011635398492217064, 0.010137952864170074, 0.008078458718955517, 0.0076965149492025375, 0.01003356371074915, 0.007249819580465555, 0.007288082502782345, 0.006856327410787344, 0.005786424037069082, 0.0063324891962111, 0.005837761797010899, 0.005774165503680706, 0.006493076682090759, 0.006460521370172501, 0.005968522746115923, 0.006432894617319107, 0.0064314985647797585, 0.005892908666282892, 0.006471980828791857, 0.006341379601508379, 0.006380018778145313, 0.005378594622015953]
[0.08210895955562592, 0.03196209296584129, 0.026751624420285225, 0.018475189805030823, 0.013542920351028442, 0.014543917961418629, 0.00992053933441639, 0.00817151926457882, 0.0077215153723955154, 0.0077566043473780155, 0.006536006461828947, 0.005359433591365814, 0.0049664052203297615, 0.004663079511374235, 0.004379367455840111, 0.003898058785125613, 0.004252470098435879, 0.004530907608568668, 0.004500723443925381, 0.004381082020699978, 0.0046156710013747215, 0.0042000119574368, 0.004173658788204193, 0.003957970067858696, 0.0038598007522523403, 0.0038804863579571247, 0.003938409965485334, 0.0043373629450798035, 0.0040026032365858555]
Training time: 3697 	steps per sec: 8
Eval num_timesteps=29696, episode_reward=nan +/- nan
Eval num_timesteps=29696, episode_success=nan +/- nan
se
16 16384 1024
diff [-0.08342115581035614, -0.00965605303645134, 0.002693669870495796, -0.003811834380030632, -0.0037384163588285446, -0.003261248581111431, -0.013561543077230453, -0.0034638792276382446, -0.002416437491774559, -0.0003218543715775013, -0.0011605084873735905, -0.004674130119383335, -0.0022834143601357937, -0.0026250029914081097, -0.002476959954947233, -0.001888365251943469, -0.002080019097775221, -0.0013068541884422302, -0.0012734420597553253, -0.0021119946613907814, -0.001844850368797779, -0.001768510788679123, -0.002259235829114914, -0.0024735284969210625, -0.002033107914030552, -0.002591494470834732, -0.0024029696360230446, -0.00204265583306551, -0.0013759913854300976, -0.0012398543767631054]
ref [0.16553011536598206, 0.04161814600229263, 0.02405795454978943, 0.022287024185061455, 0.017281336709856987, 0.01780516654253006, 0.023482082411646843, 0.011635398492217064, 0.010137952864170074, 0.008078458718955517, 0.0076965149492025375, 0.01003356371074915, 0.007249819580465555, 0.007288082502782345, 0.006856327410787344, 0.005786424037069082, 0.0063324891962111, 0.005837761797010899, 0.005774165503680706, 0.006493076682090759, 0.006460521370172501, 0.005968522746115923, 0.006432894617319107, 0.0064314985647797585, 0.005892908666282892, 0.006471980828791857, 0.006341379601508379, 0.006380018778145313, 0.005378594622015953, 0.005497914273291826]
[0.08210895955562592, 0.03196209296584129, 0.026751624420285225, 0.018475189805030823, 0.013542920351028442, 0.014543917961418629, 0.00992053933441639, 0.00817151926457882, 0.0077215153723955154, 0.0077566043473780155, 0.006536006461828947, 0.005359433591365814, 0.0049664052203297615, 0.004663079511374235, 0.004379367455840111, 0.003898058785125613, 0.004252470098435879, 0.004530907608568668, 0.004500723443925381, 0.004381082020699978, 0.0046156710013747215, 0.0042000119574368, 0.004173658788204193, 0.003957970067858696, 0.0038598007522523403, 0.0038804863579571247, 0.003938409965485334, 0.0043373629450798035, 0.0040026032365858555, 0.004258059896528721]
Training time: 3843 	steps per sec: 7
Eval num_timesteps=30720, episode_reward=nan +/- nan
Eval num_timesteps=30720, episode_success=nan +/- nan
se
16 16384 1024
diff [-0.08342115581035614, -0.00965605303645134, 0.002693669870495796, -0.003811834380030632, -0.0037384163588285446, -0.003261248581111431, -0.013561543077230453, -0.0034638792276382446, -0.002416437491774559, -0.0003218543715775013, -0.0011605084873735905, -0.004674130119383335, -0.0022834143601357937, -0.0026250029914081097, -0.002476959954947233, -0.001888365251943469, -0.002080019097775221, -0.0013068541884422302, -0.0012734420597553253, -0.0021119946613907814, -0.001844850368797779, -0.001768510788679123, -0.002259235829114914, -0.0024735284969210625, -0.002033107914030552, -0.002591494470834732, -0.0024029696360230446, -0.00204265583306551, -0.0013759913854300976, -0.0012398543767631054, -0.0021116924472153187]
ref [0.16553011536598206, 0.04161814600229263, 0.02405795454978943, 0.022287024185061455, 0.017281336709856987, 0.01780516654253006, 0.023482082411646843, 0.011635398492217064, 0.010137952864170074, 0.008078458718955517, 0.0076965149492025375, 0.01003356371074915, 0.007249819580465555, 0.007288082502782345, 0.006856327410787344, 0.005786424037069082, 0.0063324891962111, 0.005837761797010899, 0.005774165503680706, 0.006493076682090759, 0.006460521370172501, 0.005968522746115923, 0.006432894617319107, 0.0064314985647797585, 0.005892908666282892, 0.006471980828791857, 0.006341379601508379, 0.006380018778145313, 0.005378594622015953, 0.005497914273291826, 0.006840967107564211]
[0.08210895955562592, 0.03196209296584129, 0.026751624420285225, 0.018475189805030823, 0.013542920351028442, 0.014543917961418629, 0.00992053933441639, 0.00817151926457882, 0.0077215153723955154, 0.0077566043473780155, 0.006536006461828947, 0.005359433591365814, 0.0049664052203297615, 0.004663079511374235, 0.004379367455840111, 0.003898058785125613, 0.004252470098435879, 0.004530907608568668, 0.004500723443925381, 0.004381082020699978, 0.0046156710013747215, 0.0042000119574368, 0.004173658788204193, 0.003957970067858696, 0.0038598007522523403, 0.0038804863579571247, 0.003938409965485334, 0.0043373629450798035, 0.0040026032365858555, 0.004258059896528721, 0.004729274660348892]
Training time: 3981 	steps per sec: 7
Eval num_timesteps=31744, episode_reward=nan +/- nan
Eval num_timesteps=31744, episode_success=nan +/- nan
se
16 16384 1024
diff [-0.08342115581035614, -0.00965605303645134, 0.002693669870495796, -0.003811834380030632, -0.0037384163588285446, -0.003261248581111431, -0.013561543077230453, -0.0034638792276382446, -0.002416437491774559, -0.0003218543715775013, -0.0011605084873735905, -0.004674130119383335, -0.0022834143601357937, -0.0026250029914081097, -0.002476959954947233, -0.001888365251943469, -0.002080019097775221, -0.0013068541884422302, -0.0012734420597553253, -0.0021119946613907814, -0.001844850368797779, -0.001768510788679123, -0.002259235829114914, -0.0024735284969210625, -0.002033107914030552, -0.002591494470834732, -0.0024029696360230446, -0.00204265583306551, -0.0013759913854300976, -0.0012398543767631054, -0.0021116924472153187, -0.00231263879686594]
ref [0.16553011536598206, 0.04161814600229263, 0.02405795454978943, 0.022287024185061455, 0.017281336709856987, 0.01780516654253006, 0.023482082411646843, 0.011635398492217064, 0.010137952864170074, 0.008078458718955517, 0.0076965149492025375, 0.01003356371074915, 0.007249819580465555, 0.007288082502782345, 0.006856327410787344, 0.005786424037069082, 0.0063324891962111, 0.005837761797010899, 0.005774165503680706, 0.006493076682090759, 0.006460521370172501, 0.005968522746115923, 0.006432894617319107, 0.0064314985647797585, 0.005892908666282892, 0.006471980828791857, 0.006341379601508379, 0.006380018778145313, 0.005378594622015953, 0.005497914273291826, 0.006840967107564211, 0.007155609782785177]
[0.08210895955562592, 0.03196209296584129, 0.026751624420285225, 0.018475189805030823, 0.013542920351028442, 0.014543917961418629, 0.00992053933441639, 0.00817151926457882, 0.0077215153723955154, 0.0077566043473780155, 0.006536006461828947, 0.005359433591365814, 0.0049664052203297615, 0.004663079511374235, 0.004379367455840111, 0.003898058785125613, 0.004252470098435879, 0.004530907608568668, 0.004500723443925381, 0.004381082020699978, 0.0046156710013747215, 0.0042000119574368, 0.004173658788204193, 0.003957970067858696, 0.0038598007522523403, 0.0038804863579571247, 0.003938409965485334, 0.0043373629450798035, 0.0040026032365858555, 0.004258059896528721, 0.004729274660348892, 0.004842970985919237]
Training time: 4117 	steps per sec: 7
Eval num_timesteps=32768, episode_reward=nan +/- nan
Eval num_timesteps=32768, episode_success=nan +/- nan
results/Swimmer-v4/
results/Swimmer-v4/ppo_ros/
results/Swimmer-v4/ppo_ros/expert/
results/Swimmer-v4/ppo_ros/expert/b_16/
results/Swimmer-v4/ppo_ros/expert/b_16/no_clip_lambda/
results/Swimmer-v4/ppo_ros/expert/b_16/no_clip_lambda/run_3/
results/Swimmer-v4/ppo_ros/expert/b_16/no_clip_lambda/run_3/evaluations.npz
results/Swimmer-v4/ppo_ros/expert/b_16/no_clip_lambda/run_3/config.yml
results/Swimmer-v4/ppo_ros/expert/b_16/no_clip_lambda/run_3/stats.npz
