ppo_ros_continuous.py --env-id Ant-v4 -s expert/b_16/no_clip_lambda --total-timesteps 32768 --eval-freq 1 --eval-episodes 0 -b 16 --num-steps 1024 -lr 0 --update-epochs 0 --anneal-lr 0 --ros-num-steps 256 --ros-update-epochs 16 --ros-target-kl 0.05 --ros-clip-coef 999999999 --ros-lambda 0 -ros-lr 0.0001 --ros-anneal-lr 0 --se 1 --se-freq 1 --se-lr 1e-3 --se-epochs 1000 --policy-path policies/Ant-v4/best_model.zip --normalization-dir policies/Ant-v4
Obtaining file:///var/lib/condor/execute/slot1/dir_20274/PPOROS/PPOROS/custom-envs
  Preparing metadata (setup.py): started
  Preparing metadata (setup.py): finished with status 'done'
Requirement already satisfied: gym in /var/lib/condor/execute/slot1/dir_20274/PPOROS/ppo-ros_env/lib/python3.9/site-packages (from custom-envs==0.0.1) (0.21.0)
Requirement already satisfied: cloudpickle>=1.2.0 in /var/lib/condor/execute/slot1/dir_20274/PPOROS/ppo-ros_env/lib/python3.9/site-packages (from gym->custom-envs==0.0.1) (2.2.1)
Requirement already satisfied: numpy>=1.18.0 in /var/lib/condor/execute/slot1/dir_20274/PPOROS/ppo-ros_env/lib/python3.9/site-packages (from gym->custom-envs==0.0.1) (1.24.2)
Installing collected packages: custom-envs
  Running setup.py develop for custom-envs
Successfully installed custom-envs-0.0.1
seed: 1
Eval num_timesteps=0, episode_reward=nan +/- nan
Eval num_timesteps=0, episode_success=nan +/- nan
se
1 1024 1024
diff [-0.3575701117515564]
ref [1.134645700454712]
[0.7770755887031555]
Training time: 42 	steps per sec: 24
Eval num_timesteps=1024, episode_reward=nan +/- nan
Eval num_timesteps=1024, episode_success=nan +/- nan
se
2 2048 1024
diff [-0.3575701117515564, -0.09038081765174866]
ref [1.134645700454712, 0.2810541093349457]
[0.7770755887031555, 0.19067329168319702]
Training time: 91 	steps per sec: 22
Eval num_timesteps=2048, episode_reward=nan +/- nan
Eval num_timesteps=2048, episode_success=nan +/- nan
se
3 3072 1024
diff [-0.3575701117515564, -0.09038081765174866, -0.032680414617061615]
ref [1.134645700454712, 0.2810541093349457, 0.14853470027446747]
[0.7770755887031555, 0.19067329168319702, 0.11585428565740585]
Training time: 156 	steps per sec: 19
Eval num_timesteps=3072, episode_reward=nan +/- nan
Eval num_timesteps=3072, episode_success=nan +/- nan
se
4 4096 1024
diff [-0.3575701117515564, -0.09038081765174866, -0.032680414617061615, 0.0026435256004333496]
ref [1.134645700454712, 0.2810541093349457, 0.14853470027446747, 0.08671750128269196]
[0.7770755887031555, 0.19067329168319702, 0.11585428565740585, 0.0893610268831253]
Training time: 234 	steps per sec: 17
Eval num_timesteps=4096, episode_reward=nan +/- nan
Eval num_timesteps=4096, episode_success=nan +/- nan
se
5 5120 1024
diff [-0.3575701117515564, -0.09038081765174866, -0.032680414617061615, 0.0026435256004333496, -0.017685525119304657]
ref [1.134645700454712, 0.2810541093349457, 0.14853470027446747, 0.08671750128269196, 0.08506693691015244]
[0.7770755887031555, 0.19067329168319702, 0.11585428565740585, 0.0893610268831253, 0.06738141179084778]
Training time: 331 	steps per sec: 15
Eval num_timesteps=5120, episode_reward=nan +/- nan
Eval num_timesteps=5120, episode_success=nan +/- nan
se
6 6144 1024
diff [-0.3575701117515564, -0.09038081765174866, -0.032680414617061615, 0.0026435256004333496, -0.017685525119304657, -0.0033736824989318848]
ref [1.134645700454712, 0.2810541093349457, 0.14853470027446747, 0.08671750128269196, 0.08506693691015244, 0.05763765051960945]
[0.7770755887031555, 0.19067329168319702, 0.11585428565740585, 0.0893610268831253, 0.06738141179084778, 0.054263968020677567]
Training time: 438 	steps per sec: 14
Eval num_timesteps=6144, episode_reward=nan +/- nan
Eval num_timesteps=6144, episode_success=nan +/- nan
se
7 7168 1024
diff [-0.3575701117515564, -0.09038081765174866, -0.032680414617061615, 0.0026435256004333496, -0.017685525119304657, -0.0033736824989318848, -0.007796555757522583]
ref [1.134645700454712, 0.2810541093349457, 0.14853470027446747, 0.08671750128269196, 0.08506693691015244, 0.05763765051960945, 0.05244530364871025]
[0.7770755887031555, 0.19067329168319702, 0.11585428565740585, 0.0893610268831253, 0.06738141179084778, 0.054263968020677567, 0.04464874789118767]
Training time: 559 	steps per sec: 12
Eval num_timesteps=7168, episode_reward=nan +/- nan
Eval num_timesteps=7168, episode_success=nan +/- nan
se
8 8192 1024
diff [-0.3575701117515564, -0.09038081765174866, -0.032680414617061615, 0.0026435256004333496, -0.017685525119304657, -0.0033736824989318848, -0.007796555757522583, -0.0063076503574848175]
ref [1.134645700454712, 0.2810541093349457, 0.14853470027446747, 0.08671750128269196, 0.08506693691015244, 0.05763765051960945, 0.05244530364871025, 0.04408516734838486]
[0.7770755887031555, 0.19067329168319702, 0.11585428565740585, 0.0893610268831253, 0.06738141179084778, 0.054263968020677567, 0.04464874789118767, 0.03777751699090004]
Training time: 695 	steps per sec: 11
Eval num_timesteps=8192, episode_reward=nan +/- nan
Eval num_timesteps=8192, episode_success=nan +/- nan
se
9 9216 1024
diff [-0.3575701117515564, -0.09038081765174866, -0.032680414617061615, 0.0026435256004333496, -0.017685525119304657, -0.0033736824989318848, -0.007796555757522583, -0.0063076503574848175, -0.0077150799334049225]
ref [1.134645700454712, 0.2810541093349457, 0.14853470027446747, 0.08671750128269196, 0.08506693691015244, 0.05763765051960945, 0.05244530364871025, 0.04408516734838486, 0.03931678831577301]
[0.7770755887031555, 0.19067329168319702, 0.11585428565740585, 0.0893610268831253, 0.06738141179084778, 0.054263968020677567, 0.04464874789118767, 0.03777751699090004, 0.03160170838236809]
Training time: 845 	steps per sec: 10
Eval num_timesteps=9216, episode_reward=nan +/- nan
Eval num_timesteps=9216, episode_success=nan +/- nan
se
10 10240 1024
diff [-0.3575701117515564, -0.09038081765174866, -0.032680414617061615, 0.0026435256004333496, -0.017685525119304657, -0.0033736824989318848, -0.007796555757522583, -0.0063076503574848175, -0.0077150799334049225, -0.0067112501710653305]
ref [1.134645700454712, 0.2810541093349457, 0.14853470027446747, 0.08671750128269196, 0.08506693691015244, 0.05763765051960945, 0.05244530364871025, 0.04408516734838486, 0.03931678831577301, 0.0342654250562191]
[0.7770755887031555, 0.19067329168319702, 0.11585428565740585, 0.0893610268831253, 0.06738141179084778, 0.054263968020677567, 0.04464874789118767, 0.03777751699090004, 0.03160170838236809, 0.02755417488515377]
Training time: 1017 	steps per sec: 10
Eval num_timesteps=10240, episode_reward=nan +/- nan
Eval num_timesteps=10240, episode_success=nan +/- nan
se
11 11264 1024
diff [-0.3575701117515564, -0.09038081765174866, -0.032680414617061615, 0.0026435256004333496, -0.017685525119304657, -0.0033736824989318848, -0.007796555757522583, -0.0063076503574848175, -0.0077150799334049225, -0.0067112501710653305, -0.005118504166603088]
ref [1.134645700454712, 0.2810541093349457, 0.14853470027446747, 0.08671750128269196, 0.08506693691015244, 0.05763765051960945, 0.05244530364871025, 0.04408516734838486, 0.03931678831577301, 0.0342654250562191, 0.03106626123189926]
[0.7770755887031555, 0.19067329168319702, 0.11585428565740585, 0.0893610268831253, 0.06738141179084778, 0.054263968020677567, 0.04464874789118767, 0.03777751699090004, 0.03160170838236809, 0.02755417488515377, 0.025947757065296173]
Training time: 1200 	steps per sec: 9
Eval num_timesteps=11264, episode_reward=nan +/- nan
Eval num_timesteps=11264, episode_success=nan +/- nan
se
12 12288 1024
diff [-0.3575701117515564, -0.09038081765174866, -0.032680414617061615, 0.0026435256004333496, -0.017685525119304657, -0.0033736824989318848, -0.007796555757522583, -0.0063076503574848175, -0.0077150799334049225, -0.0067112501710653305, -0.005118504166603088, -0.005523683503270149]
ref [1.134645700454712, 0.2810541093349457, 0.14853470027446747, 0.08671750128269196, 0.08506693691015244, 0.05763765051960945, 0.05244530364871025, 0.04408516734838486, 0.03931678831577301, 0.0342654250562191, 0.03106626123189926, 0.02906654216349125]
[0.7770755887031555, 0.19067329168319702, 0.11585428565740585, 0.0893610268831253, 0.06738141179084778, 0.054263968020677567, 0.04464874789118767, 0.03777751699090004, 0.03160170838236809, 0.02755417488515377, 0.025947757065296173, 0.0235428586602211]
Training time: 1378 	steps per sec: 8
Eval num_timesteps=12288, episode_reward=nan +/- nan
Eval num_timesteps=12288, episode_success=nan +/- nan
se
13 13312 1024
diff [-0.3575701117515564, -0.09038081765174866, -0.032680414617061615, 0.0026435256004333496, -0.017685525119304657, -0.0033736824989318848, -0.007796555757522583, -0.0063076503574848175, -0.0077150799334049225, -0.0067112501710653305, -0.005118504166603088, -0.005523683503270149, -0.007162353023886681]
ref [1.134645700454712, 0.2810541093349457, 0.14853470027446747, 0.08671750128269196, 0.08506693691015244, 0.05763765051960945, 0.05244530364871025, 0.04408516734838486, 0.03931678831577301, 0.0342654250562191, 0.03106626123189926, 0.02906654216349125, 0.028905967250466347]
[0.7770755887031555, 0.19067329168319702, 0.11585428565740585, 0.0893610268831253, 0.06738141179084778, 0.054263968020677567, 0.04464874789118767, 0.03777751699090004, 0.03160170838236809, 0.02755417488515377, 0.025947757065296173, 0.0235428586602211, 0.021743614226579666]
Training time: 1587 	steps per sec: 8
Eval num_timesteps=13312, episode_reward=nan +/- nan
Eval num_timesteps=13312, episode_success=nan +/- nan
se
14 14336 1024
diff [-0.3575701117515564, -0.09038081765174866, -0.032680414617061615, 0.0026435256004333496, -0.017685525119304657, -0.0033736824989318848, -0.007796555757522583, -0.0063076503574848175, -0.0077150799334049225, -0.0067112501710653305, -0.005118504166603088, -0.005523683503270149, -0.007162353023886681, -0.006692070513963699]
ref [1.134645700454712, 0.2810541093349457, 0.14853470027446747, 0.08671750128269196, 0.08506693691015244, 0.05763765051960945, 0.05244530364871025, 0.04408516734838486, 0.03931678831577301, 0.0342654250562191, 0.03106626123189926, 0.02906654216349125, 0.028905967250466347, 0.02586744725704193]
[0.7770755887031555, 0.19067329168319702, 0.11585428565740585, 0.0893610268831253, 0.06738141179084778, 0.054263968020677567, 0.04464874789118767, 0.03777751699090004, 0.03160170838236809, 0.02755417488515377, 0.025947757065296173, 0.0235428586602211, 0.021743614226579666, 0.019175376743078232]
Training time: 1794 	steps per sec: 7
Eval num_timesteps=14336, episode_reward=nan +/- nan
Eval num_timesteps=14336, episode_success=nan +/- nan
se
15 15360 1024
diff [-0.3575701117515564, -0.09038081765174866, -0.032680414617061615, 0.0026435256004333496, -0.017685525119304657, -0.0033736824989318848, -0.007796555757522583, -0.0063076503574848175, -0.0077150799334049225, -0.0067112501710653305, -0.005118504166603088, -0.005523683503270149, -0.007162353023886681, -0.006692070513963699, -0.0020278096199035645]
ref [1.134645700454712, 0.2810541093349457, 0.14853470027446747, 0.08671750128269196, 0.08506693691015244, 0.05763765051960945, 0.05244530364871025, 0.04408516734838486, 0.03931678831577301, 0.0342654250562191, 0.03106626123189926, 0.02906654216349125, 0.028905967250466347, 0.02586744725704193, 0.019838694483041763]
[0.7770755887031555, 0.19067329168319702, 0.11585428565740585, 0.0893610268831253, 0.06738141179084778, 0.054263968020677567, 0.04464874789118767, 0.03777751699090004, 0.03160170838236809, 0.02755417488515377, 0.025947757065296173, 0.0235428586602211, 0.021743614226579666, 0.019175376743078232, 0.0178108848631382]
Training time: 2018 	steps per sec: 7
Eval num_timesteps=15360, episode_reward=nan +/- nan
Eval num_timesteps=15360, episode_success=nan +/- nan
se
16 16384 1024
diff [-0.3575701117515564, -0.09038081765174866, -0.032680414617061615, 0.0026435256004333496, -0.017685525119304657, -0.0033736824989318848, -0.007796555757522583, -0.0063076503574848175, -0.0077150799334049225, -0.0067112501710653305, -0.005118504166603088, -0.005523683503270149, -0.007162353023886681, -0.006692070513963699, -0.0020278096199035645, -0.0029685255140066147]
ref [1.134645700454712, 0.2810541093349457, 0.14853470027446747, 0.08671750128269196, 0.08506693691015244, 0.05763765051960945, 0.05244530364871025, 0.04408516734838486, 0.03931678831577301, 0.0342654250562191, 0.03106626123189926, 0.02906654216349125, 0.028905967250466347, 0.02586744725704193, 0.019838694483041763, 0.02029082551598549]
[0.7770755887031555, 0.19067329168319702, 0.11585428565740585, 0.0893610268831253, 0.06738141179084778, 0.054263968020677567, 0.04464874789118767, 0.03777751699090004, 0.03160170838236809, 0.02755417488515377, 0.025947757065296173, 0.0235428586602211, 0.021743614226579666, 0.019175376743078232, 0.0178108848631382, 0.017322300001978874]
Training time: 2246 	steps per sec: 7
Eval num_timesteps=16384, episode_reward=nan +/- nan
Eval num_timesteps=16384, episode_success=nan +/- nan
se
16 16384 1024
diff [-0.3575701117515564, -0.09038081765174866, -0.032680414617061615, 0.0026435256004333496, -0.017685525119304657, -0.0033736824989318848, -0.007796555757522583, -0.0063076503574848175, -0.0077150799334049225, -0.0067112501710653305, -0.005118504166603088, -0.005523683503270149, -0.007162353023886681, -0.006692070513963699, -0.0020278096199035645, -0.0029685255140066147, -0.005307786166667938]
ref [1.134645700454712, 0.2810541093349457, 0.14853470027446747, 0.08671750128269196, 0.08506693691015244, 0.05763765051960945, 0.05244530364871025, 0.04408516734838486, 0.03931678831577301, 0.0342654250562191, 0.03106626123189926, 0.02906654216349125, 0.028905967250466347, 0.02586744725704193, 0.019838694483041763, 0.02029082551598549, 0.022871937602758408]
[0.7770755887031555, 0.19067329168319702, 0.11585428565740585, 0.0893610268831253, 0.06738141179084778, 0.054263968020677567, 0.04464874789118767, 0.03777751699090004, 0.03160170838236809, 0.02755417488515377, 0.025947757065296173, 0.0235428586602211, 0.021743614226579666, 0.019175376743078232, 0.0178108848631382, 0.017322300001978874, 0.01756415143609047]
Training time: 2486 	steps per sec: 7
Eval num_timesteps=17408, episode_reward=nan +/- nan
Eval num_timesteps=17408, episode_success=nan +/- nan
se
16 16384 1024
diff [-0.3575701117515564, -0.09038081765174866, -0.032680414617061615, 0.0026435256004333496, -0.017685525119304657, -0.0033736824989318848, -0.007796555757522583, -0.0063076503574848175, -0.0077150799334049225, -0.0067112501710653305, -0.005118504166603088, -0.005523683503270149, -0.007162353023886681, -0.006692070513963699, -0.0020278096199035645, -0.0029685255140066147, -0.005307786166667938, -0.007712006568908691]
ref [1.134645700454712, 0.2810541093349457, 0.14853470027446747, 0.08671750128269196, 0.08506693691015244, 0.05763765051960945, 0.05244530364871025, 0.04408516734838486, 0.03931678831577301, 0.0342654250562191, 0.03106626123189926, 0.02906654216349125, 0.028905967250466347, 0.02586744725704193, 0.019838694483041763, 0.02029082551598549, 0.022871937602758408, 0.02435511164367199]
[0.7770755887031555, 0.19067329168319702, 0.11585428565740585, 0.0893610268831253, 0.06738141179084778, 0.054263968020677567, 0.04464874789118767, 0.03777751699090004, 0.03160170838236809, 0.02755417488515377, 0.025947757065296173, 0.0235428586602211, 0.021743614226579666, 0.019175376743078232, 0.0178108848631382, 0.017322300001978874, 0.01756415143609047, 0.016643105074763298]
Training time: 2731 	steps per sec: 6
Eval num_timesteps=18432, episode_reward=nan +/- nan
Eval num_timesteps=18432, episode_success=nan +/- nan
se
16 16384 1024
diff [-0.3575701117515564, -0.09038081765174866, -0.032680414617061615, 0.0026435256004333496, -0.017685525119304657, -0.0033736824989318848, -0.007796555757522583, -0.0063076503574848175, -0.0077150799334049225, -0.0067112501710653305, -0.005118504166603088, -0.005523683503270149, -0.007162353023886681, -0.006692070513963699, -0.0020278096199035645, -0.0029685255140066147, -0.005307786166667938, -0.007712006568908691, -0.0032676123082637787]
ref [1.134645700454712, 0.2810541093349457, 0.14853470027446747, 0.08671750128269196, 0.08506693691015244, 0.05763765051960945, 0.05244530364871025, 0.04408516734838486, 0.03931678831577301, 0.0342654250562191, 0.03106626123189926, 0.02906654216349125, 0.028905967250466347, 0.02586744725704193, 0.019838694483041763, 0.02029082551598549, 0.022871937602758408, 0.02435511164367199, 0.020260706543922424]
[0.7770755887031555, 0.19067329168319702, 0.11585428565740585, 0.0893610268831253, 0.06738141179084778, 0.054263968020677567, 0.04464874789118767, 0.03777751699090004, 0.03160170838236809, 0.02755417488515377, 0.025947757065296173, 0.0235428586602211, 0.021743614226579666, 0.019175376743078232, 0.0178108848631382, 0.017322300001978874, 0.01756415143609047, 0.016643105074763298, 0.016993094235658646]
Training time: 2979 	steps per sec: 6
Eval num_timesteps=19456, episode_reward=nan +/- nan
Eval num_timesteps=19456, episode_success=nan +/- nan
se
16 16384 1024
diff [-0.3575701117515564, -0.09038081765174866, -0.032680414617061615, 0.0026435256004333496, -0.017685525119304657, -0.0033736824989318848, -0.007796555757522583, -0.0063076503574848175, -0.0077150799334049225, -0.0067112501710653305, -0.005118504166603088, -0.005523683503270149, -0.007162353023886681, -0.006692070513963699, -0.0020278096199035645, -0.0029685255140066147, -0.005307786166667938, -0.007712006568908691, -0.0032676123082637787, -0.0038818176835775375]
ref [1.134645700454712, 0.2810541093349457, 0.14853470027446747, 0.08671750128269196, 0.08506693691015244, 0.05763765051960945, 0.05244530364871025, 0.04408516734838486, 0.03931678831577301, 0.0342654250562191, 0.03106626123189926, 0.02906654216349125, 0.028905967250466347, 0.02586744725704193, 0.019838694483041763, 0.02029082551598549, 0.022871937602758408, 0.02435511164367199, 0.020260706543922424, 0.019884660840034485]
[0.7770755887031555, 0.19067329168319702, 0.11585428565740585, 0.0893610268831253, 0.06738141179084778, 0.054263968020677567, 0.04464874789118767, 0.03777751699090004, 0.03160170838236809, 0.02755417488515377, 0.025947757065296173, 0.0235428586602211, 0.021743614226579666, 0.019175376743078232, 0.0178108848631382, 0.017322300001978874, 0.01756415143609047, 0.016643105074763298, 0.016993094235658646, 0.016002843156456947]
Training time: 3214 	steps per sec: 6
Eval num_timesteps=20480, episode_reward=nan +/- nan
Eval num_timesteps=20480, episode_success=nan +/- nan
se
16 16384 1024
diff [-0.3575701117515564, -0.09038081765174866, -0.032680414617061615, 0.0026435256004333496, -0.017685525119304657, -0.0033736824989318848, -0.007796555757522583, -0.0063076503574848175, -0.0077150799334049225, -0.0067112501710653305, -0.005118504166603088, -0.005523683503270149, -0.007162353023886681, -0.006692070513963699, -0.0020278096199035645, -0.0029685255140066147, -0.005307786166667938, -0.007712006568908691, -0.0032676123082637787, -0.0038818176835775375, -0.005662757903337479]
ref [1.134645700454712, 0.2810541093349457, 0.14853470027446747, 0.08671750128269196, 0.08506693691015244, 0.05763765051960945, 0.05244530364871025, 0.04408516734838486, 0.03931678831577301, 0.0342654250562191, 0.03106626123189926, 0.02906654216349125, 0.028905967250466347, 0.02586744725704193, 0.019838694483041763, 0.02029082551598549, 0.022871937602758408, 0.02435511164367199, 0.020260706543922424, 0.019884660840034485, 0.022289656102657318]
[0.7770755887031555, 0.19067329168319702, 0.11585428565740585, 0.0893610268831253, 0.06738141179084778, 0.054263968020677567, 0.04464874789118767, 0.03777751699090004, 0.03160170838236809, 0.02755417488515377, 0.025947757065296173, 0.0235428586602211, 0.021743614226579666, 0.019175376743078232, 0.0178108848631382, 0.017322300001978874, 0.01756415143609047, 0.016643105074763298, 0.016993094235658646, 0.016002843156456947, 0.01662689819931984]
Training time: 3457 	steps per sec: 6
Eval num_timesteps=21504, episode_reward=nan +/- nan
Eval num_timesteps=21504, episode_success=nan +/- nan
se
16 16384 1024
diff [-0.3575701117515564, -0.09038081765174866, -0.032680414617061615, 0.0026435256004333496, -0.017685525119304657, -0.0033736824989318848, -0.007796555757522583, -0.0063076503574848175, -0.0077150799334049225, -0.0067112501710653305, -0.005118504166603088, -0.005523683503270149, -0.007162353023886681, -0.006692070513963699, -0.0020278096199035645, -0.0029685255140066147, -0.005307786166667938, -0.007712006568908691, -0.0032676123082637787, -0.0038818176835775375, -0.005662757903337479, -0.005016928538680077]
ref [1.134645700454712, 0.2810541093349457, 0.14853470027446747, 0.08671750128269196, 0.08506693691015244, 0.05763765051960945, 0.05244530364871025, 0.04408516734838486, 0.03931678831577301, 0.0342654250562191, 0.03106626123189926, 0.02906654216349125, 0.028905967250466347, 0.02586744725704193, 0.019838694483041763, 0.02029082551598549, 0.022871937602758408, 0.02435511164367199, 0.020260706543922424, 0.019884660840034485, 0.022289656102657318, 0.021169107407331467]
[0.7770755887031555, 0.19067329168319702, 0.11585428565740585, 0.0893610268831253, 0.06738141179084778, 0.054263968020677567, 0.04464874789118767, 0.03777751699090004, 0.03160170838236809, 0.02755417488515377, 0.025947757065296173, 0.0235428586602211, 0.021743614226579666, 0.019175376743078232, 0.0178108848631382, 0.017322300001978874, 0.01756415143609047, 0.016643105074763298, 0.016993094235658646, 0.016002843156456947, 0.01662689819931984, 0.01615217886865139]
Training time: 3699 	steps per sec: 6
Eval num_timesteps=22528, episode_reward=nan +/- nan
Eval num_timesteps=22528, episode_success=nan +/- nan
se
16 16384 1024
diff [-0.3575701117515564, -0.09038081765174866, -0.032680414617061615, 0.0026435256004333496, -0.017685525119304657, -0.0033736824989318848, -0.007796555757522583, -0.0063076503574848175, -0.0077150799334049225, -0.0067112501710653305, -0.005118504166603088, -0.005523683503270149, -0.007162353023886681, -0.006692070513963699, -0.0020278096199035645, -0.0029685255140066147, -0.005307786166667938, -0.007712006568908691, -0.0032676123082637787, -0.0038818176835775375, -0.005662757903337479, -0.005016928538680077, -0.006083521991968155]
ref [1.134645700454712, 0.2810541093349457, 0.14853470027446747, 0.08671750128269196, 0.08506693691015244, 0.05763765051960945, 0.05244530364871025, 0.04408516734838486, 0.03931678831577301, 0.0342654250562191, 0.03106626123189926, 0.02906654216349125, 0.028905967250466347, 0.02586744725704193, 0.019838694483041763, 0.02029082551598549, 0.022871937602758408, 0.02435511164367199, 0.020260706543922424, 0.019884660840034485, 0.022289656102657318, 0.021169107407331467, 0.02257511392235756]
[0.7770755887031555, 0.19067329168319702, 0.11585428565740585, 0.0893610268831253, 0.06738141179084778, 0.054263968020677567, 0.04464874789118767, 0.03777751699090004, 0.03160170838236809, 0.02755417488515377, 0.025947757065296173, 0.0235428586602211, 0.021743614226579666, 0.019175376743078232, 0.0178108848631382, 0.017322300001978874, 0.01756415143609047, 0.016643105074763298, 0.016993094235658646, 0.016002843156456947, 0.01662689819931984, 0.01615217886865139, 0.016491591930389404]
Training time: 3945 	steps per sec: 5
Eval num_timesteps=23552, episode_reward=nan +/- nan
Eval num_timesteps=23552, episode_success=nan +/- nan
se
16 16384 1024
diff [-0.3575701117515564, -0.09038081765174866, -0.032680414617061615, 0.0026435256004333496, -0.017685525119304657, -0.0033736824989318848, -0.007796555757522583, -0.0063076503574848175, -0.0077150799334049225, -0.0067112501710653305, -0.005118504166603088, -0.005523683503270149, -0.007162353023886681, -0.006692070513963699, -0.0020278096199035645, -0.0029685255140066147, -0.005307786166667938, -0.007712006568908691, -0.0032676123082637787, -0.0038818176835775375, -0.005662757903337479, -0.005016928538680077, -0.006083521991968155, -0.005756675265729427]
ref [1.134645700454712, 0.2810541093349457, 0.14853470027446747, 0.08671750128269196, 0.08506693691015244, 0.05763765051960945, 0.05244530364871025, 0.04408516734838486, 0.03931678831577301, 0.0342654250562191, 0.03106626123189926, 0.02906654216349125, 0.028905967250466347, 0.02586744725704193, 0.019838694483041763, 0.02029082551598549, 0.022871937602758408, 0.02435511164367199, 0.020260706543922424, 0.019884660840034485, 0.022289656102657318, 0.021169107407331467, 0.02257511392235756, 0.021137380972504616]
[0.7770755887031555, 0.19067329168319702, 0.11585428565740585, 0.0893610268831253, 0.06738141179084778, 0.054263968020677567, 0.04464874789118767, 0.03777751699090004, 0.03160170838236809, 0.02755417488515377, 0.025947757065296173, 0.0235428586602211, 0.021743614226579666, 0.019175376743078232, 0.0178108848631382, 0.017322300001978874, 0.01756415143609047, 0.016643105074763298, 0.016993094235658646, 0.016002843156456947, 0.01662689819931984, 0.01615217886865139, 0.016491591930389404, 0.015380705706775188]
Training time: 4186 	steps per sec: 5
Eval num_timesteps=24576, episode_reward=nan +/- nan
Eval num_timesteps=24576, episode_success=nan +/- nan
se
16 16384 1024
diff [-0.3575701117515564, -0.09038081765174866, -0.032680414617061615, 0.0026435256004333496, -0.017685525119304657, -0.0033736824989318848, -0.007796555757522583, -0.0063076503574848175, -0.0077150799334049225, -0.0067112501710653305, -0.005118504166603088, -0.005523683503270149, -0.007162353023886681, -0.006692070513963699, -0.0020278096199035645, -0.0029685255140066147, -0.005307786166667938, -0.007712006568908691, -0.0032676123082637787, -0.0038818176835775375, -0.005662757903337479, -0.005016928538680077, -0.006083521991968155, -0.005756675265729427, -0.006444091908633709]
ref [1.134645700454712, 0.2810541093349457, 0.14853470027446747, 0.08671750128269196, 0.08506693691015244, 0.05763765051960945, 0.05244530364871025, 0.04408516734838486, 0.03931678831577301, 0.0342654250562191, 0.03106626123189926, 0.02906654216349125, 0.028905967250466347, 0.02586744725704193, 0.019838694483041763, 0.02029082551598549, 0.022871937602758408, 0.02435511164367199, 0.020260706543922424, 0.019884660840034485, 0.022289656102657318, 0.021169107407331467, 0.02257511392235756, 0.021137380972504616, 0.021353118121623993]
[0.7770755887031555, 0.19067329168319702, 0.11585428565740585, 0.0893610268831253, 0.06738141179084778, 0.054263968020677567, 0.04464874789118767, 0.03777751699090004, 0.03160170838236809, 0.02755417488515377, 0.025947757065296173, 0.0235428586602211, 0.021743614226579666, 0.019175376743078232, 0.0178108848631382, 0.017322300001978874, 0.01756415143609047, 0.016643105074763298, 0.016993094235658646, 0.016002843156456947, 0.01662689819931984, 0.01615217886865139, 0.016491591930389404, 0.015380705706775188, 0.014909026212990284]
Training time: 4430 	steps per sec: 5
Eval num_timesteps=25600, episode_reward=nan +/- nan
Eval num_timesteps=25600, episode_success=nan +/- nan
se
16 16384 1024
diff [-0.3575701117515564, -0.09038081765174866, -0.032680414617061615, 0.0026435256004333496, -0.017685525119304657, -0.0033736824989318848, -0.007796555757522583, -0.0063076503574848175, -0.0077150799334049225, -0.0067112501710653305, -0.005118504166603088, -0.005523683503270149, -0.007162353023886681, -0.006692070513963699, -0.0020278096199035645, -0.0029685255140066147, -0.005307786166667938, -0.007712006568908691, -0.0032676123082637787, -0.0038818176835775375, -0.005662757903337479, -0.005016928538680077, -0.006083521991968155, -0.005756675265729427, -0.006444091908633709, -0.006921544671058655]
ref [1.134645700454712, 0.2810541093349457, 0.14853470027446747, 0.08671750128269196, 0.08506693691015244, 0.05763765051960945, 0.05244530364871025, 0.04408516734838486, 0.03931678831577301, 0.0342654250562191, 0.03106626123189926, 0.02906654216349125, 0.028905967250466347, 0.02586744725704193, 0.019838694483041763, 0.02029082551598549, 0.022871937602758408, 0.02435511164367199, 0.020260706543922424, 0.019884660840034485, 0.022289656102657318, 0.021169107407331467, 0.02257511392235756, 0.021137380972504616, 0.021353118121623993, 0.021833641454577446]
[0.7770755887031555, 0.19067329168319702, 0.11585428565740585, 0.0893610268831253, 0.06738141179084778, 0.054263968020677567, 0.04464874789118767, 0.03777751699090004, 0.03160170838236809, 0.02755417488515377, 0.025947757065296173, 0.0235428586602211, 0.021743614226579666, 0.019175376743078232, 0.0178108848631382, 0.017322300001978874, 0.01756415143609047, 0.016643105074763298, 0.016993094235658646, 0.016002843156456947, 0.01662689819931984, 0.01615217886865139, 0.016491591930389404, 0.015380705706775188, 0.014909026212990284, 0.014912096783518791]
Training time: 4671 	steps per sec: 5
Eval num_timesteps=26624, episode_reward=nan +/- nan
Eval num_timesteps=26624, episode_success=nan +/- nan
se
16 16384 1024
diff [-0.3575701117515564, -0.09038081765174866, -0.032680414617061615, 0.0026435256004333496, -0.017685525119304657, -0.0033736824989318848, -0.007796555757522583, -0.0063076503574848175, -0.0077150799334049225, -0.0067112501710653305, -0.005118504166603088, -0.005523683503270149, -0.007162353023886681, -0.006692070513963699, -0.0020278096199035645, -0.0029685255140066147, -0.005307786166667938, -0.007712006568908691, -0.0032676123082637787, -0.0038818176835775375, -0.005662757903337479, -0.005016928538680077, -0.006083521991968155, -0.005756675265729427, -0.006444091908633709, -0.006921544671058655, -0.007775910198688507]
ref [1.134645700454712, 0.2810541093349457, 0.14853470027446747, 0.08671750128269196, 0.08506693691015244, 0.05763765051960945, 0.05244530364871025, 0.04408516734838486, 0.03931678831577301, 0.0342654250562191, 0.03106626123189926, 0.02906654216349125, 0.028905967250466347, 0.02586744725704193, 0.019838694483041763, 0.02029082551598549, 0.022871937602758408, 0.02435511164367199, 0.020260706543922424, 0.019884660840034485, 0.022289656102657318, 0.021169107407331467, 0.02257511392235756, 0.021137380972504616, 0.021353118121623993, 0.021833641454577446, 0.022633440792560577]
[0.7770755887031555, 0.19067329168319702, 0.11585428565740585, 0.0893610268831253, 0.06738141179084778, 0.054263968020677567, 0.04464874789118767, 0.03777751699090004, 0.03160170838236809, 0.02755417488515377, 0.025947757065296173, 0.0235428586602211, 0.021743614226579666, 0.019175376743078232, 0.0178108848631382, 0.017322300001978874, 0.01756415143609047, 0.016643105074763298, 0.016993094235658646, 0.016002843156456947, 0.01662689819931984, 0.01615217886865139, 0.016491591930389404, 0.015380705706775188, 0.014909026212990284, 0.014912096783518791, 0.01485753059387207]
Training time: 4905 	steps per sec: 5
Eval num_timesteps=27648, episode_reward=nan +/- nan
Eval num_timesteps=27648, episode_success=nan +/- nan
se
16 16384 1024
diff [-0.3575701117515564, -0.09038081765174866, -0.032680414617061615, 0.0026435256004333496, -0.017685525119304657, -0.0033736824989318848, -0.007796555757522583, -0.0063076503574848175, -0.0077150799334049225, -0.0067112501710653305, -0.005118504166603088, -0.005523683503270149, -0.007162353023886681, -0.006692070513963699, -0.0020278096199035645, -0.0029685255140066147, -0.005307786166667938, -0.007712006568908691, -0.0032676123082637787, -0.0038818176835775375, -0.005662757903337479, -0.005016928538680077, -0.006083521991968155, -0.005756675265729427, -0.006444091908633709, -0.006921544671058655, -0.007775910198688507, -0.006200660951435566]
ref [1.134645700454712, 0.2810541093349457, 0.14853470027446747, 0.08671750128269196, 0.08506693691015244, 0.05763765051960945, 0.05244530364871025, 0.04408516734838486, 0.03931678831577301, 0.0342654250562191, 0.03106626123189926, 0.02906654216349125, 0.028905967250466347, 0.02586744725704193, 0.019838694483041763, 0.02029082551598549, 0.022871937602758408, 0.02435511164367199, 0.020260706543922424, 0.019884660840034485, 0.022289656102657318, 0.021169107407331467, 0.02257511392235756, 0.021137380972504616, 0.021353118121623993, 0.021833641454577446, 0.022633440792560577, 0.020882070064544678]
[0.7770755887031555, 0.19067329168319702, 0.11585428565740585, 0.0893610268831253, 0.06738141179084778, 0.054263968020677567, 0.04464874789118767, 0.03777751699090004, 0.03160170838236809, 0.02755417488515377, 0.025947757065296173, 0.0235428586602211, 0.021743614226579666, 0.019175376743078232, 0.0178108848631382, 0.017322300001978874, 0.01756415143609047, 0.016643105074763298, 0.016993094235658646, 0.016002843156456947, 0.01662689819931984, 0.01615217886865139, 0.016491591930389404, 0.015380705706775188, 0.014909026212990284, 0.014912096783518791, 0.01485753059387207, 0.014681409113109112]
Training time: 5150 	steps per sec: 5
Eval num_timesteps=28672, episode_reward=nan +/- nan
Eval num_timesteps=28672, episode_success=nan +/- nan
se
16 16384 1024
diff [-0.3575701117515564, -0.09038081765174866, -0.032680414617061615, 0.0026435256004333496, -0.017685525119304657, -0.0033736824989318848, -0.007796555757522583, -0.0063076503574848175, -0.0077150799334049225, -0.0067112501710653305, -0.005118504166603088, -0.005523683503270149, -0.007162353023886681, -0.006692070513963699, -0.0020278096199035645, -0.0029685255140066147, -0.005307786166667938, -0.007712006568908691, -0.0032676123082637787, -0.0038818176835775375, -0.005662757903337479, -0.005016928538680077, -0.006083521991968155, -0.005756675265729427, -0.006444091908633709, -0.006921544671058655, -0.007775910198688507, -0.006200660951435566, -0.008537665009498596]
ref [1.134645700454712, 0.2810541093349457, 0.14853470027446747, 0.08671750128269196, 0.08506693691015244, 0.05763765051960945, 0.05244530364871025, 0.04408516734838486, 0.03931678831577301, 0.0342654250562191, 0.03106626123189926, 0.02906654216349125, 0.028905967250466347, 0.02586744725704193, 0.019838694483041763, 0.02029082551598549, 0.022871937602758408, 0.02435511164367199, 0.020260706543922424, 0.019884660840034485, 0.022289656102657318, 0.021169107407331467, 0.02257511392235756, 0.021137380972504616, 0.021353118121623993, 0.021833641454577446, 0.022633440792560577, 0.020882070064544678, 0.023528646677732468]
[0.7770755887031555, 0.19067329168319702, 0.11585428565740585, 0.0893610268831253, 0.06738141179084778, 0.054263968020677567, 0.04464874789118767, 0.03777751699090004, 0.03160170838236809, 0.02755417488515377, 0.025947757065296173, 0.0235428586602211, 0.021743614226579666, 0.019175376743078232, 0.0178108848631382, 0.017322300001978874, 0.01756415143609047, 0.016643105074763298, 0.016993094235658646, 0.016002843156456947, 0.01662689819931984, 0.01615217886865139, 0.016491591930389404, 0.015380705706775188, 0.014909026212990284, 0.014912096783518791, 0.01485753059387207, 0.014681409113109112, 0.014990981668233871]
Training time: 5397 	steps per sec: 5
Eval num_timesteps=29696, episode_reward=nan +/- nan
Eval num_timesteps=29696, episode_success=nan +/- nan
se
16 16384 1024
diff [-0.3575701117515564, -0.09038081765174866, -0.032680414617061615, 0.0026435256004333496, -0.017685525119304657, -0.0033736824989318848, -0.007796555757522583, -0.0063076503574848175, -0.0077150799334049225, -0.0067112501710653305, -0.005118504166603088, -0.005523683503270149, -0.007162353023886681, -0.006692070513963699, -0.0020278096199035645, -0.0029685255140066147, -0.005307786166667938, -0.007712006568908691, -0.0032676123082637787, -0.0038818176835775375, -0.005662757903337479, -0.005016928538680077, -0.006083521991968155, -0.005756675265729427, -0.006444091908633709, -0.006921544671058655, -0.007775910198688507, -0.006200660951435566, -0.008537665009498596, -0.005650216713547707]
ref [1.134645700454712, 0.2810541093349457, 0.14853470027446747, 0.08671750128269196, 0.08506693691015244, 0.05763765051960945, 0.05244530364871025, 0.04408516734838486, 0.03931678831577301, 0.0342654250562191, 0.03106626123189926, 0.02906654216349125, 0.028905967250466347, 0.02586744725704193, 0.019838694483041763, 0.02029082551598549, 0.022871937602758408, 0.02435511164367199, 0.020260706543922424, 0.019884660840034485, 0.022289656102657318, 0.021169107407331467, 0.02257511392235756, 0.021137380972504616, 0.021353118121623993, 0.021833641454577446, 0.022633440792560577, 0.020882070064544678, 0.023528646677732468, 0.021879136562347412]
[0.7770755887031555, 0.19067329168319702, 0.11585428565740585, 0.0893610268831253, 0.06738141179084778, 0.054263968020677567, 0.04464874789118767, 0.03777751699090004, 0.03160170838236809, 0.02755417488515377, 0.025947757065296173, 0.0235428586602211, 0.021743614226579666, 0.019175376743078232, 0.0178108848631382, 0.017322300001978874, 0.01756415143609047, 0.016643105074763298, 0.016993094235658646, 0.016002843156456947, 0.01662689819931984, 0.01615217886865139, 0.016491591930389404, 0.015380705706775188, 0.014909026212990284, 0.014912096783518791, 0.01485753059387207, 0.014681409113109112, 0.014990981668233871, 0.016228919848799706]
Training time: 5637 	steps per sec: 5
Eval num_timesteps=30720, episode_reward=nan +/- nan
Eval num_timesteps=30720, episode_success=nan +/- nan
se
16 16384 1024
diff [-0.3575701117515564, -0.09038081765174866, -0.032680414617061615, 0.0026435256004333496, -0.017685525119304657, -0.0033736824989318848, -0.007796555757522583, -0.0063076503574848175, -0.0077150799334049225, -0.0067112501710653305, -0.005118504166603088, -0.005523683503270149, -0.007162353023886681, -0.006692070513963699, -0.0020278096199035645, -0.0029685255140066147, -0.005307786166667938, -0.007712006568908691, -0.0032676123082637787, -0.0038818176835775375, -0.005662757903337479, -0.005016928538680077, -0.006083521991968155, -0.005756675265729427, -0.006444091908633709, -0.006921544671058655, -0.007775910198688507, -0.006200660951435566, -0.008537665009498596, -0.005650216713547707, -0.005883749574422836]
ref [1.134645700454712, 0.2810541093349457, 0.14853470027446747, 0.08671750128269196, 0.08506693691015244, 0.05763765051960945, 0.05244530364871025, 0.04408516734838486, 0.03931678831577301, 0.0342654250562191, 0.03106626123189926, 0.02906654216349125, 0.028905967250466347, 0.02586744725704193, 0.019838694483041763, 0.02029082551598549, 0.022871937602758408, 0.02435511164367199, 0.020260706543922424, 0.019884660840034485, 0.022289656102657318, 0.021169107407331467, 0.02257511392235756, 0.021137380972504616, 0.021353118121623993, 0.021833641454577446, 0.022633440792560577, 0.020882070064544678, 0.023528646677732468, 0.021879136562347412, 0.02136135846376419]
[0.7770755887031555, 0.19067329168319702, 0.11585428565740585, 0.0893610268831253, 0.06738141179084778, 0.054263968020677567, 0.04464874789118767, 0.03777751699090004, 0.03160170838236809, 0.02755417488515377, 0.025947757065296173, 0.0235428586602211, 0.021743614226579666, 0.019175376743078232, 0.0178108848631382, 0.017322300001978874, 0.01756415143609047, 0.016643105074763298, 0.016993094235658646, 0.016002843156456947, 0.01662689819931984, 0.01615217886865139, 0.016491591930389404, 0.015380705706775188, 0.014909026212990284, 0.014912096783518791, 0.01485753059387207, 0.014681409113109112, 0.014990981668233871, 0.016228919848799706, 0.015477608889341354]
Training time: 5874 	steps per sec: 5
Eval num_timesteps=31744, episode_reward=nan +/- nan
Eval num_timesteps=31744, episode_success=nan +/- nan
se
16 16384 1024
diff [-0.3575701117515564, -0.09038081765174866, -0.032680414617061615, 0.0026435256004333496, -0.017685525119304657, -0.0033736824989318848, -0.007796555757522583, -0.0063076503574848175, -0.0077150799334049225, -0.0067112501710653305, -0.005118504166603088, -0.005523683503270149, -0.007162353023886681, -0.006692070513963699, -0.0020278096199035645, -0.0029685255140066147, -0.005307786166667938, -0.007712006568908691, -0.0032676123082637787, -0.0038818176835775375, -0.005662757903337479, -0.005016928538680077, -0.006083521991968155, -0.005756675265729427, -0.006444091908633709, -0.006921544671058655, -0.007775910198688507, -0.006200660951435566, -0.008537665009498596, -0.005650216713547707, -0.005883749574422836, -0.0019074827432632446]
ref [1.134645700454712, 0.2810541093349457, 0.14853470027446747, 0.08671750128269196, 0.08506693691015244, 0.05763765051960945, 0.05244530364871025, 0.04408516734838486, 0.03931678831577301, 0.0342654250562191, 0.03106626123189926, 0.02906654216349125, 0.028905967250466347, 0.02586744725704193, 0.019838694483041763, 0.02029082551598549, 0.022871937602758408, 0.02435511164367199, 0.020260706543922424, 0.019884660840034485, 0.022289656102657318, 0.021169107407331467, 0.02257511392235756, 0.021137380972504616, 0.021353118121623993, 0.021833641454577446, 0.022633440792560577, 0.020882070064544678, 0.023528646677732468, 0.021879136562347412, 0.02136135846376419, 0.020969554781913757]
[0.7770755887031555, 0.19067329168319702, 0.11585428565740585, 0.0893610268831253, 0.06738141179084778, 0.054263968020677567, 0.04464874789118767, 0.03777751699090004, 0.03160170838236809, 0.02755417488515377, 0.025947757065296173, 0.0235428586602211, 0.021743614226579666, 0.019175376743078232, 0.0178108848631382, 0.017322300001978874, 0.01756415143609047, 0.016643105074763298, 0.016993094235658646, 0.016002843156456947, 0.01662689819931984, 0.01615217886865139, 0.016491591930389404, 0.015380705706775188, 0.014909026212990284, 0.014912096783518791, 0.01485753059387207, 0.014681409113109112, 0.014990981668233871, 0.016228919848799706, 0.015477608889341354, 0.019062072038650513]
Training time: 6117 	steps per sec: 5
Eval num_timesteps=32768, episode_reward=nan +/- nan
Eval num_timesteps=32768, episode_success=nan +/- nan
results/Ant-v4/
results/Ant-v4/ppo_ros/
results/Ant-v4/ppo_ros/expert/
results/Ant-v4/ppo_ros/expert/b_16/
results/Ant-v4/ppo_ros/expert/b_16/no_clip_lambda/
results/Ant-v4/ppo_ros/expert/b_16/no_clip_lambda/run_1/
results/Ant-v4/ppo_ros/expert/b_16/no_clip_lambda/run_1/config.yml
results/Ant-v4/ppo_ros/expert/b_16/no_clip_lambda/run_1/evaluations.npz
results/Ant-v4/ppo_ros/expert/b_16/no_clip_lambda/run_1/stats.npz
