ppo_ros_continuous.py --env-id Hopper-v4 -s expert/b_16/no_clip_lambda --total-timesteps 32768 --eval-freq 1 --eval-episodes 0 -b 16 --num-steps 1024 -lr 0 --update-epochs 0 --anneal-lr 0 --ros-num-steps 256 --ros-update-epochs 16 --ros-target-kl 0.05 --ros-clip-coef 999999999 --ros-lambda 0 -ros-lr 0.001 --ros-anneal-lr 0 --se 1 --se-freq 1 --se-lr 1e-3 --se-epochs 1000 --policy-path policies/Hopper-v4/best_model.zip --normalization-dir policies/Hopper-v4
Obtaining file:///var/lib/condor/execute/slot1/dir_394842/PPOROS/PPOROS/custom-envs
  Preparing metadata (setup.py): started
  Preparing metadata (setup.py): finished with status 'done'
Requirement already satisfied: gym in /var/lib/condor/execute/slot1/dir_394842/PPOROS/ppo-ros_env/lib/python3.9/site-packages (from custom-envs==0.0.1) (0.21.0)
Requirement already satisfied: numpy>=1.18.0 in /var/lib/condor/execute/slot1/dir_394842/PPOROS/ppo-ros_env/lib/python3.9/site-packages (from gym->custom-envs==0.0.1) (1.24.2)
Requirement already satisfied: cloudpickle>=1.2.0 in /var/lib/condor/execute/slot1/dir_394842/PPOROS/ppo-ros_env/lib/python3.9/site-packages (from gym->custom-envs==0.0.1) (2.2.1)
Installing collected packages: custom-envs
  Running setup.py develop for custom-envs
Successfully installed custom-envs-0.0.1
seed: 4
Eval num_timesteps=0, episode_reward=nan +/- nan
Eval num_timesteps=0, episode_success=nan +/- nan
se
1 1024 1024
diff [0.0166851207613945]
ref [0.08475234359502792]
[0.10143746435642242]
Training time: 39 	steps per sec: 26
Eval num_timesteps=1024, episode_reward=nan +/- nan
Eval num_timesteps=1024, episode_success=nan +/- nan
se
2 2048 1024
diff [0.0166851207613945, -0.005290292203426361]
ref [0.08475234359502792, 0.06003309041261673]
[0.10143746435642242, 0.05474279820919037]
Training time: 67 	steps per sec: 30
Eval num_timesteps=2048, episode_reward=nan +/- nan
Eval num_timesteps=2048, episode_success=nan +/- nan
se
3 3072 1024
diff [0.0166851207613945, -0.005290292203426361, 0.00023769959807395935]
ref [0.08475234359502792, 0.06003309041261673, 0.03535842522978783]
[0.10143746435642242, 0.05474279820919037, 0.035596124827861786]
Training time: 91 	steps per sec: 33
Eval num_timesteps=3072, episode_reward=nan +/- nan
Eval num_timesteps=3072, episode_success=nan +/- nan
se
4 4096 1024
diff [0.0166851207613945, -0.005290292203426361, 0.00023769959807395935, 0.0011083390563726425]
ref [0.08475234359502792, 0.06003309041261673, 0.03535842522978783, 0.02394787408411503]
[0.10143746435642242, 0.05474279820919037, 0.035596124827861786, 0.02505621314048767]
Training time: 127 	steps per sec: 32
Eval num_timesteps=4096, episode_reward=nan +/- nan
Eval num_timesteps=4096, episode_success=nan +/- nan
se
5 5120 1024
diff [0.0166851207613945, -0.005290292203426361, 0.00023769959807395935, 0.0011083390563726425, 0.0025623757392168045]
ref [0.08475234359502792, 0.06003309041261673, 0.03535842522978783, 0.02394787408411503, 0.017032766714692116]
[0.10143746435642242, 0.05474279820919037, 0.035596124827861786, 0.02505621314048767, 0.01959514245390892]
Training time: 173 	steps per sec: 29
Eval num_timesteps=5120, episode_reward=nan +/- nan
Eval num_timesteps=5120, episode_success=nan +/- nan
se
6 6144 1024
diff [0.0166851207613945, -0.005290292203426361, 0.00023769959807395935, 0.0011083390563726425, 0.0025623757392168045, 0.0018098847940564156]
ref [0.08475234359502792, 0.06003309041261673, 0.03535842522978783, 0.02394787408411503, 0.017032766714692116, 0.014310684986412525]
[0.10143746435642242, 0.05474279820919037, 0.035596124827861786, 0.02505621314048767, 0.01959514245390892, 0.01612056978046894]
Training time: 228 	steps per sec: 26
Eval num_timesteps=6144, episode_reward=nan +/- nan
Eval num_timesteps=6144, episode_success=nan +/- nan
se
7 7168 1024
diff [0.0166851207613945, -0.005290292203426361, 0.00023769959807395935, 0.0011083390563726425, 0.0025623757392168045, 0.0018098847940564156, 0.0023128939792513847]
ref [0.08475234359502792, 0.06003309041261673, 0.03535842522978783, 0.02394787408411503, 0.017032766714692116, 0.014310684986412525, 0.01086279284209013]
[0.10143746435642242, 0.05474279820919037, 0.035596124827861786, 0.02505621314048767, 0.01959514245390892, 0.01612056978046894, 0.013175686821341515]
Training time: 299 	steps per sec: 23
Eval num_timesteps=7168, episode_reward=nan +/- nan
Eval num_timesteps=7168, episode_success=nan +/- nan
se
8 8192 1024
diff [0.0166851207613945, -0.005290292203426361, 0.00023769959807395935, 0.0011083390563726425, 0.0025623757392168045, 0.0018098847940564156, 0.0023128939792513847, -0.0010010730475187302]
ref [0.08475234359502792, 0.06003309041261673, 0.03535842522978783, 0.02394787408411503, 0.017032766714692116, 0.014310684986412525, 0.01086279284209013, 0.012207512743771076]
[0.10143746435642242, 0.05474279820919037, 0.035596124827861786, 0.02505621314048767, 0.01959514245390892, 0.01612056978046894, 0.013175686821341515, 0.011206439696252346]
Training time: 375 	steps per sec: 21
Eval num_timesteps=8192, episode_reward=nan +/- nan
Eval num_timesteps=8192, episode_success=nan +/- nan
se
9 9216 1024
diff [0.0166851207613945, -0.005290292203426361, 0.00023769959807395935, 0.0011083390563726425, 0.0025623757392168045, 0.0018098847940564156, 0.0023128939792513847, -0.0010010730475187302, -0.0021279333159327507]
ref [0.08475234359502792, 0.06003309041261673, 0.03535842522978783, 0.02394787408411503, 0.017032766714692116, 0.014310684986412525, 0.01086279284209013, 0.012207512743771076, 0.011670362204313278]
[0.10143746435642242, 0.05474279820919037, 0.035596124827861786, 0.02505621314048767, 0.01959514245390892, 0.01612056978046894, 0.013175686821341515, 0.011206439696252346, 0.009542428888380527]
Training time: 462 	steps per sec: 19
Eval num_timesteps=9216, episode_reward=nan +/- nan
Eval num_timesteps=9216, episode_success=nan +/- nan
se
10 10240 1024
diff [0.0166851207613945, -0.005290292203426361, 0.00023769959807395935, 0.0011083390563726425, 0.0025623757392168045, 0.0018098847940564156, 0.0023128939792513847, -0.0010010730475187302, -0.0021279333159327507, -0.003373824991285801]
ref [0.08475234359502792, 0.06003309041261673, 0.03535842522978783, 0.02394787408411503, 0.017032766714692116, 0.014310684986412525, 0.01086279284209013, 0.012207512743771076, 0.011670362204313278, 0.011659047566354275]
[0.10143746435642242, 0.05474279820919037, 0.035596124827861786, 0.02505621314048767, 0.01959514245390892, 0.01612056978046894, 0.013175686821341515, 0.011206439696252346, 0.009542428888380527, 0.008285222575068474]
Training time: 559 	steps per sec: 18
Eval num_timesteps=10240, episode_reward=nan +/- nan
Eval num_timesteps=10240, episode_success=nan +/- nan
se
11 11264 1024
diff [0.0166851207613945, -0.005290292203426361, 0.00023769959807395935, 0.0011083390563726425, 0.0025623757392168045, 0.0018098847940564156, 0.0023128939792513847, -0.0010010730475187302, -0.0021279333159327507, -0.003373824991285801, -0.0012268265709280968]
ref [0.08475234359502792, 0.06003309041261673, 0.03535842522978783, 0.02394787408411503, 0.017032766714692116, 0.014310684986412525, 0.01086279284209013, 0.012207512743771076, 0.011670362204313278, 0.011659047566354275, 0.008845661766827106]
[0.10143746435642242, 0.05474279820919037, 0.035596124827861786, 0.02505621314048767, 0.01959514245390892, 0.01612056978046894, 0.013175686821341515, 0.011206439696252346, 0.009542428888380527, 0.008285222575068474, 0.00761883519589901]
Training time: 660 	steps per sec: 17
Eval num_timesteps=11264, episode_reward=nan +/- nan
Eval num_timesteps=11264, episode_success=nan +/- nan
se
12 12288 1024
diff [0.0166851207613945, -0.005290292203426361, 0.00023769959807395935, 0.0011083390563726425, 0.0025623757392168045, 0.0018098847940564156, 0.0023128939792513847, -0.0010010730475187302, -0.0021279333159327507, -0.003373824991285801, -0.0012268265709280968, -0.0028699212707579136]
ref [0.08475234359502792, 0.06003309041261673, 0.03535842522978783, 0.02394787408411503, 0.017032766714692116, 0.014310684986412525, 0.01086279284209013, 0.012207512743771076, 0.011670362204313278, 0.011659047566354275, 0.008845661766827106, 0.009865942411124706]
[0.10143746435642242, 0.05474279820919037, 0.035596124827861786, 0.02505621314048767, 0.01959514245390892, 0.01612056978046894, 0.013175686821341515, 0.011206439696252346, 0.009542428888380527, 0.008285222575068474, 0.00761883519589901, 0.006996021140366793]
Training time: 773 	steps per sec: 15
Eval num_timesteps=12288, episode_reward=nan +/- nan
Eval num_timesteps=12288, episode_success=nan +/- nan
se
13 13312 1024
diff [0.0166851207613945, -0.005290292203426361, 0.00023769959807395935, 0.0011083390563726425, 0.0025623757392168045, 0.0018098847940564156, 0.0023128939792513847, -0.0010010730475187302, -0.0021279333159327507, -0.003373824991285801, -0.0012268265709280968, -0.0028699212707579136, -0.0014040106907486916]
ref [0.08475234359502792, 0.06003309041261673, 0.03535842522978783, 0.02394787408411503, 0.017032766714692116, 0.014310684986412525, 0.01086279284209013, 0.012207512743771076, 0.011670362204313278, 0.011659047566354275, 0.008845661766827106, 0.009865942411124706, 0.00809120386838913]
[0.10143746435642242, 0.05474279820919037, 0.035596124827861786, 0.02505621314048767, 0.01959514245390892, 0.01612056978046894, 0.013175686821341515, 0.011206439696252346, 0.009542428888380527, 0.008285222575068474, 0.00761883519589901, 0.006996021140366793, 0.006687193177640438]
Training time: 892 	steps per sec: 14
Eval num_timesteps=13312, episode_reward=nan +/- nan
Eval num_timesteps=13312, episode_success=nan +/- nan
se
14 14336 1024
diff [0.0166851207613945, -0.005290292203426361, 0.00023769959807395935, 0.0011083390563726425, 0.0025623757392168045, 0.0018098847940564156, 0.0023128939792513847, -0.0010010730475187302, -0.0021279333159327507, -0.003373824991285801, -0.0012268265709280968, -0.0028699212707579136, -0.0014040106907486916, -0.0014656162820756435]
ref [0.08475234359502792, 0.06003309041261673, 0.03535842522978783, 0.02394787408411503, 0.017032766714692116, 0.014310684986412525, 0.01086279284209013, 0.012207512743771076, 0.011670362204313278, 0.011659047566354275, 0.008845661766827106, 0.009865942411124706, 0.00809120386838913, 0.007541464176028967]
[0.10143746435642242, 0.05474279820919037, 0.035596124827861786, 0.02505621314048767, 0.01959514245390892, 0.01612056978046894, 0.013175686821341515, 0.011206439696252346, 0.009542428888380527, 0.008285222575068474, 0.00761883519589901, 0.006996021140366793, 0.006687193177640438, 0.006075847893953323]
Training time: 1020 	steps per sec: 14
Eval num_timesteps=14336, episode_reward=nan +/- nan
Eval num_timesteps=14336, episode_success=nan +/- nan
se
15 15360 1024
diff [0.0166851207613945, -0.005290292203426361, 0.00023769959807395935, 0.0011083390563726425, 0.0025623757392168045, 0.0018098847940564156, 0.0023128939792513847, -0.0010010730475187302, -0.0021279333159327507, -0.003373824991285801, -0.0012268265709280968, -0.0028699212707579136, -0.0014040106907486916, -0.0014656162820756435, -0.0008731796406209469]
ref [0.08475234359502792, 0.06003309041261673, 0.03535842522978783, 0.02394787408411503, 0.017032766714692116, 0.014310684986412525, 0.01086279284209013, 0.012207512743771076, 0.011670362204313278, 0.011659047566354275, 0.008845661766827106, 0.009865942411124706, 0.00809120386838913, 0.007541464176028967, 0.0073456550016999245]
[0.10143746435642242, 0.05474279820919037, 0.035596124827861786, 0.02505621314048767, 0.01959514245390892, 0.01612056978046894, 0.013175686821341515, 0.011206439696252346, 0.009542428888380527, 0.008285222575068474, 0.00761883519589901, 0.006996021140366793, 0.006687193177640438, 0.006075847893953323, 0.006472475361078978]
Training time: 1167 	steps per sec: 13
Eval num_timesteps=15360, episode_reward=nan +/- nan
Eval num_timesteps=15360, episode_success=nan +/- nan
se
16 16384 1024
diff [0.0166851207613945, -0.005290292203426361, 0.00023769959807395935, 0.0011083390563726425, 0.0025623757392168045, 0.0018098847940564156, 0.0023128939792513847, -0.0010010730475187302, -0.0021279333159327507, -0.003373824991285801, -0.0012268265709280968, -0.0028699212707579136, -0.0014040106907486916, -0.0014656162820756435, -0.0008731796406209469, -0.0009143603965640068]
ref [0.08475234359502792, 0.06003309041261673, 0.03535842522978783, 0.02394787408411503, 0.017032766714692116, 0.014310684986412525, 0.01086279284209013, 0.012207512743771076, 0.011670362204313278, 0.011659047566354275, 0.008845661766827106, 0.009865942411124706, 0.00809120386838913, 0.007541464176028967, 0.0073456550016999245, 0.007132078520953655]
[0.10143746435642242, 0.05474279820919037, 0.035596124827861786, 0.02505621314048767, 0.01959514245390892, 0.01612056978046894, 0.013175686821341515, 0.011206439696252346, 0.009542428888380527, 0.008285222575068474, 0.00761883519589901, 0.006996021140366793, 0.006687193177640438, 0.006075847893953323, 0.006472475361078978, 0.0062177181243896484]
Training time: 1312 	steps per sec: 12
Eval num_timesteps=16384, episode_reward=nan +/- nan
Eval num_timesteps=16384, episode_success=nan +/- nan
se
16 16384 1024
diff [0.0166851207613945, -0.005290292203426361, 0.00023769959807395935, 0.0011083390563726425, 0.0025623757392168045, 0.0018098847940564156, 0.0023128939792513847, -0.0010010730475187302, -0.0021279333159327507, -0.003373824991285801, -0.0012268265709280968, -0.0028699212707579136, -0.0014040106907486916, -0.0014656162820756435, -0.0008731796406209469, -0.0009143603965640068, 0.00023857410997152328]
ref [0.08475234359502792, 0.06003309041261673, 0.03535842522978783, 0.02394787408411503, 0.017032766714692116, 0.014310684986412525, 0.01086279284209013, 0.012207512743771076, 0.011670362204313278, 0.011659047566354275, 0.008845661766827106, 0.009865942411124706, 0.00809120386838913, 0.007541464176028967, 0.0073456550016999245, 0.007132078520953655, 0.006340587977319956]
[0.10143746435642242, 0.05474279820919037, 0.035596124827861786, 0.02505621314048767, 0.01959514245390892, 0.01612056978046894, 0.013175686821341515, 0.011206439696252346, 0.009542428888380527, 0.008285222575068474, 0.00761883519589901, 0.006996021140366793, 0.006687193177640438, 0.006075847893953323, 0.006472475361078978, 0.0062177181243896484, 0.006579162087291479]
Training time: 1467 	steps per sec: 11
Eval num_timesteps=17408, episode_reward=nan +/- nan
Eval num_timesteps=17408, episode_success=nan +/- nan
se
16 16384 1024
diff [0.0166851207613945, -0.005290292203426361, 0.00023769959807395935, 0.0011083390563726425, 0.0025623757392168045, 0.0018098847940564156, 0.0023128939792513847, -0.0010010730475187302, -0.0021279333159327507, -0.003373824991285801, -0.0012268265709280968, -0.0028699212707579136, -0.0014040106907486916, -0.0014656162820756435, -0.0008731796406209469, -0.0009143603965640068, 0.00023857410997152328, 0.00020933616906404495]
ref [0.08475234359502792, 0.06003309041261673, 0.03535842522978783, 0.02394787408411503, 0.017032766714692116, 0.014310684986412525, 0.01086279284209013, 0.012207512743771076, 0.011670362204313278, 0.011659047566354275, 0.008845661766827106, 0.009865942411124706, 0.00809120386838913, 0.007541464176028967, 0.0073456550016999245, 0.007132078520953655, 0.006340587977319956, 0.006582541391253471]
[0.10143746435642242, 0.05474279820919037, 0.035596124827861786, 0.02505621314048767, 0.01959514245390892, 0.01612056978046894, 0.013175686821341515, 0.011206439696252346, 0.009542428888380527, 0.008285222575068474, 0.00761883519589901, 0.006996021140366793, 0.006687193177640438, 0.006075847893953323, 0.006472475361078978, 0.0062177181243896484, 0.006579162087291479, 0.006791877560317516]
Training time: 1618 	steps per sec: 11
Eval num_timesteps=18432, episode_reward=nan +/- nan
Eval num_timesteps=18432, episode_success=nan +/- nan
se
16 16384 1024
diff [0.0166851207613945, -0.005290292203426361, 0.00023769959807395935, 0.0011083390563726425, 0.0025623757392168045, 0.0018098847940564156, 0.0023128939792513847, -0.0010010730475187302, -0.0021279333159327507, -0.003373824991285801, -0.0012268265709280968, -0.0028699212707579136, -0.0014040106907486916, -0.0014656162820756435, -0.0008731796406209469, -0.0009143603965640068, 0.00023857410997152328, 0.00020933616906404495, 0.0003992868587374687]
ref [0.08475234359502792, 0.06003309041261673, 0.03535842522978783, 0.02394787408411503, 0.017032766714692116, 0.014310684986412525, 0.01086279284209013, 0.012207512743771076, 0.011670362204313278, 0.011659047566354275, 0.008845661766827106, 0.009865942411124706, 0.00809120386838913, 0.007541464176028967, 0.0073456550016999245, 0.007132078520953655, 0.006340587977319956, 0.006582541391253471, 0.006706086918711662]
[0.10143746435642242, 0.05474279820919037, 0.035596124827861786, 0.02505621314048767, 0.01959514245390892, 0.01612056978046894, 0.013175686821341515, 0.011206439696252346, 0.009542428888380527, 0.008285222575068474, 0.00761883519589901, 0.006996021140366793, 0.006687193177640438, 0.006075847893953323, 0.006472475361078978, 0.0062177181243896484, 0.006579162087291479, 0.006791877560317516, 0.007105373777449131]
Training time: 1764 	steps per sec: 11
Eval num_timesteps=19456, episode_reward=nan +/- nan
Eval num_timesteps=19456, episode_success=nan +/- nan
se
16 16384 1024
diff [0.0166851207613945, -0.005290292203426361, 0.00023769959807395935, 0.0011083390563726425, 0.0025623757392168045, 0.0018098847940564156, 0.0023128939792513847, -0.0010010730475187302, -0.0021279333159327507, -0.003373824991285801, -0.0012268265709280968, -0.0028699212707579136, -0.0014040106907486916, -0.0014656162820756435, -0.0008731796406209469, -0.0009143603965640068, 0.00023857410997152328, 0.00020933616906404495, 0.0003992868587374687, 0.0004510246217250824]
ref [0.08475234359502792, 0.06003309041261673, 0.03535842522978783, 0.02394787408411503, 0.017032766714692116, 0.014310684986412525, 0.01086279284209013, 0.012207512743771076, 0.011670362204313278, 0.011659047566354275, 0.008845661766827106, 0.009865942411124706, 0.00809120386838913, 0.007541464176028967, 0.0073456550016999245, 0.007132078520953655, 0.006340587977319956, 0.006582541391253471, 0.006706086918711662, 0.006604516413062811]
[0.10143746435642242, 0.05474279820919037, 0.035596124827861786, 0.02505621314048767, 0.01959514245390892, 0.01612056978046894, 0.013175686821341515, 0.011206439696252346, 0.009542428888380527, 0.008285222575068474, 0.00761883519589901, 0.006996021140366793, 0.006687193177640438, 0.006075847893953323, 0.006472475361078978, 0.0062177181243896484, 0.006579162087291479, 0.006791877560317516, 0.007105373777449131, 0.007055541034787893]
Training time: 1915 	steps per sec: 10
Eval num_timesteps=20480, episode_reward=nan +/- nan
Eval num_timesteps=20480, episode_success=nan +/- nan
se
16 16384 1024
diff [0.0166851207613945, -0.005290292203426361, 0.00023769959807395935, 0.0011083390563726425, 0.0025623757392168045, 0.0018098847940564156, 0.0023128939792513847, -0.0010010730475187302, -0.0021279333159327507, -0.003373824991285801, -0.0012268265709280968, -0.0028699212707579136, -0.0014040106907486916, -0.0014656162820756435, -0.0008731796406209469, -0.0009143603965640068, 0.00023857410997152328, 0.00020933616906404495, 0.0003992868587374687, 0.0004510246217250824, 0.0001942431554198265]
ref [0.08475234359502792, 0.06003309041261673, 0.03535842522978783, 0.02394787408411503, 0.017032766714692116, 0.014310684986412525, 0.01086279284209013, 0.012207512743771076, 0.011670362204313278, 0.011659047566354275, 0.008845661766827106, 0.009865942411124706, 0.00809120386838913, 0.007541464176028967, 0.0073456550016999245, 0.007132078520953655, 0.006340587977319956, 0.006582541391253471, 0.006706086918711662, 0.006604516413062811, 0.00699958298355341]
[0.10143746435642242, 0.05474279820919037, 0.035596124827861786, 0.02505621314048767, 0.01959514245390892, 0.01612056978046894, 0.013175686821341515, 0.011206439696252346, 0.009542428888380527, 0.008285222575068474, 0.00761883519589901, 0.006996021140366793, 0.006687193177640438, 0.006075847893953323, 0.006472475361078978, 0.0062177181243896484, 0.006579162087291479, 0.006791877560317516, 0.007105373777449131, 0.007055541034787893, 0.007193826138973236]
Training time: 2065 	steps per sec: 10
Eval num_timesteps=21504, episode_reward=nan +/- nan
Eval num_timesteps=21504, episode_success=nan +/- nan
se
16 16384 1024
diff [0.0166851207613945, -0.005290292203426361, 0.00023769959807395935, 0.0011083390563726425, 0.0025623757392168045, 0.0018098847940564156, 0.0023128939792513847, -0.0010010730475187302, -0.0021279333159327507, -0.003373824991285801, -0.0012268265709280968, -0.0028699212707579136, -0.0014040106907486916, -0.0014656162820756435, -0.0008731796406209469, -0.0009143603965640068, 0.00023857410997152328, 0.00020933616906404495, 0.0003992868587374687, 0.0004510246217250824, 0.0001942431554198265, 0.001062843482941389]
ref [0.08475234359502792, 0.06003309041261673, 0.03535842522978783, 0.02394787408411503, 0.017032766714692116, 0.014310684986412525, 0.01086279284209013, 0.012207512743771076, 0.011670362204313278, 0.011659047566354275, 0.008845661766827106, 0.009865942411124706, 0.00809120386838913, 0.007541464176028967, 0.0073456550016999245, 0.007132078520953655, 0.006340587977319956, 0.006582541391253471, 0.006706086918711662, 0.006604516413062811, 0.00699958298355341, 0.006224477663636208]
[0.10143746435642242, 0.05474279820919037, 0.035596124827861786, 0.02505621314048767, 0.01959514245390892, 0.01612056978046894, 0.013175686821341515, 0.011206439696252346, 0.009542428888380527, 0.008285222575068474, 0.00761883519589901, 0.006996021140366793, 0.006687193177640438, 0.006075847893953323, 0.006472475361078978, 0.0062177181243896484, 0.006579162087291479, 0.006791877560317516, 0.007105373777449131, 0.007055541034787893, 0.007193826138973236, 0.007287321146577597]
Training time: 2212 	steps per sec: 10
Eval num_timesteps=22528, episode_reward=nan +/- nan
Eval num_timesteps=22528, episode_success=nan +/- nan
se
16 16384 1024
diff [0.0166851207613945, -0.005290292203426361, 0.00023769959807395935, 0.0011083390563726425, 0.0025623757392168045, 0.0018098847940564156, 0.0023128939792513847, -0.0010010730475187302, -0.0021279333159327507, -0.003373824991285801, -0.0012268265709280968, -0.0028699212707579136, -0.0014040106907486916, -0.0014656162820756435, -0.0008731796406209469, -0.0009143603965640068, 0.00023857410997152328, 0.00020933616906404495, 0.0003992868587374687, 0.0004510246217250824, 0.0001942431554198265, 0.001062843482941389, 0.00027106190100312233]
ref [0.08475234359502792, 0.06003309041261673, 0.03535842522978783, 0.02394787408411503, 0.017032766714692116, 0.014310684986412525, 0.01086279284209013, 0.012207512743771076, 0.011670362204313278, 0.011659047566354275, 0.008845661766827106, 0.009865942411124706, 0.00809120386838913, 0.007541464176028967, 0.0073456550016999245, 0.007132078520953655, 0.006340587977319956, 0.006582541391253471, 0.006706086918711662, 0.006604516413062811, 0.00699958298355341, 0.006224477663636208, 0.007207207381725311]
[0.10143746435642242, 0.05474279820919037, 0.035596124827861786, 0.02505621314048767, 0.01959514245390892, 0.01612056978046894, 0.013175686821341515, 0.011206439696252346, 0.009542428888380527, 0.008285222575068474, 0.00761883519589901, 0.006996021140366793, 0.006687193177640438, 0.006075847893953323, 0.006472475361078978, 0.0062177181243896484, 0.006579162087291479, 0.006791877560317516, 0.007105373777449131, 0.007055541034787893, 0.007193826138973236, 0.007287321146577597, 0.007478269282728434]
Training time: 2358 	steps per sec: 9
Eval num_timesteps=23552, episode_reward=nan +/- nan
Eval num_timesteps=23552, episode_success=nan +/- nan
se
16 16384 1024
diff [0.0166851207613945, -0.005290292203426361, 0.00023769959807395935, 0.0011083390563726425, 0.0025623757392168045, 0.0018098847940564156, 0.0023128939792513847, -0.0010010730475187302, -0.0021279333159327507, -0.003373824991285801, -0.0012268265709280968, -0.0028699212707579136, -0.0014040106907486916, -0.0014656162820756435, -0.0008731796406209469, -0.0009143603965640068, 0.00023857410997152328, 0.00020933616906404495, 0.0003992868587374687, 0.0004510246217250824, 0.0001942431554198265, 0.001062843482941389, 0.00027106190100312233, 0.0002194708213210106]
ref [0.08475234359502792, 0.06003309041261673, 0.03535842522978783, 0.02394787408411503, 0.017032766714692116, 0.014310684986412525, 0.01086279284209013, 0.012207512743771076, 0.011670362204313278, 0.011659047566354275, 0.008845661766827106, 0.009865942411124706, 0.00809120386838913, 0.007541464176028967, 0.0073456550016999245, 0.007132078520953655, 0.006340587977319956, 0.006582541391253471, 0.006706086918711662, 0.006604516413062811, 0.00699958298355341, 0.006224477663636208, 0.007207207381725311, 0.007526579778641462]
[0.10143746435642242, 0.05474279820919037, 0.035596124827861786, 0.02505621314048767, 0.01959514245390892, 0.01612056978046894, 0.013175686821341515, 0.011206439696252346, 0.009542428888380527, 0.008285222575068474, 0.00761883519589901, 0.006996021140366793, 0.006687193177640438, 0.006075847893953323, 0.006472475361078978, 0.0062177181243896484, 0.006579162087291479, 0.006791877560317516, 0.007105373777449131, 0.007055541034787893, 0.007193826138973236, 0.007287321146577597, 0.007478269282728434, 0.007746050599962473]
Training time: 2495 	steps per sec: 9
Eval num_timesteps=24576, episode_reward=nan +/- nan
Eval num_timesteps=24576, episode_success=nan +/- nan
se
16 16384 1024
diff [0.0166851207613945, -0.005290292203426361, 0.00023769959807395935, 0.0011083390563726425, 0.0025623757392168045, 0.0018098847940564156, 0.0023128939792513847, -0.0010010730475187302, -0.0021279333159327507, -0.003373824991285801, -0.0012268265709280968, -0.0028699212707579136, -0.0014040106907486916, -0.0014656162820756435, -0.0008731796406209469, -0.0009143603965640068, 0.00023857410997152328, 0.00020933616906404495, 0.0003992868587374687, 0.0004510246217250824, 0.0001942431554198265, 0.001062843482941389, 0.00027106190100312233, 0.0002194708213210106, 0.0011515864171087742]
ref [0.08475234359502792, 0.06003309041261673, 0.03535842522978783, 0.02394787408411503, 0.017032766714692116, 0.014310684986412525, 0.01086279284209013, 0.012207512743771076, 0.011670362204313278, 0.011659047566354275, 0.008845661766827106, 0.009865942411124706, 0.00809120386838913, 0.007541464176028967, 0.0073456550016999245, 0.007132078520953655, 0.006340587977319956, 0.006582541391253471, 0.006706086918711662, 0.006604516413062811, 0.00699958298355341, 0.006224477663636208, 0.007207207381725311, 0.007526579778641462, 0.006244584918022156]
[0.10143746435642242, 0.05474279820919037, 0.035596124827861786, 0.02505621314048767, 0.01959514245390892, 0.01612056978046894, 0.013175686821341515, 0.011206439696252346, 0.009542428888380527, 0.008285222575068474, 0.00761883519589901, 0.006996021140366793, 0.006687193177640438, 0.006075847893953323, 0.006472475361078978, 0.0062177181243896484, 0.006579162087291479, 0.006791877560317516, 0.007105373777449131, 0.007055541034787893, 0.007193826138973236, 0.007287321146577597, 0.007478269282728434, 0.007746050599962473, 0.00739617133513093]
Training time: 2621 	steps per sec: 9
Eval num_timesteps=25600, episode_reward=nan +/- nan
Eval num_timesteps=25600, episode_success=nan +/- nan
se
16 16384 1024
diff [0.0166851207613945, -0.005290292203426361, 0.00023769959807395935, 0.0011083390563726425, 0.0025623757392168045, 0.0018098847940564156, 0.0023128939792513847, -0.0010010730475187302, -0.0021279333159327507, -0.003373824991285801, -0.0012268265709280968, -0.0028699212707579136, -0.0014040106907486916, -0.0014656162820756435, -0.0008731796406209469, -0.0009143603965640068, 0.00023857410997152328, 0.00020933616906404495, 0.0003992868587374687, 0.0004510246217250824, 0.0001942431554198265, 0.001062843482941389, 0.00027106190100312233, 0.0002194708213210106, 0.0011515864171087742, 0.0006635398603975773]
ref [0.08475234359502792, 0.06003309041261673, 0.03535842522978783, 0.02394787408411503, 0.017032766714692116, 0.014310684986412525, 0.01086279284209013, 0.012207512743771076, 0.011670362204313278, 0.011659047566354275, 0.008845661766827106, 0.009865942411124706, 0.00809120386838913, 0.007541464176028967, 0.0073456550016999245, 0.007132078520953655, 0.006340587977319956, 0.006582541391253471, 0.006706086918711662, 0.006604516413062811, 0.00699958298355341, 0.006224477663636208, 0.007207207381725311, 0.007526579778641462, 0.006244584918022156, 0.007213682401925325]
[0.10143746435642242, 0.05474279820919037, 0.035596124827861786, 0.02505621314048767, 0.01959514245390892, 0.01612056978046894, 0.013175686821341515, 0.011206439696252346, 0.009542428888380527, 0.008285222575068474, 0.00761883519589901, 0.006996021140366793, 0.006687193177640438, 0.006075847893953323, 0.006472475361078978, 0.0062177181243896484, 0.006579162087291479, 0.006791877560317516, 0.007105373777449131, 0.007055541034787893, 0.007193826138973236, 0.007287321146577597, 0.007478269282728434, 0.007746050599962473, 0.00739617133513093, 0.007877222262322903]
Training time: 2761 	steps per sec: 9
Eval num_timesteps=26624, episode_reward=nan +/- nan
Eval num_timesteps=26624, episode_success=nan +/- nan
se
16 16384 1024
diff [0.0166851207613945, -0.005290292203426361, 0.00023769959807395935, 0.0011083390563726425, 0.0025623757392168045, 0.0018098847940564156, 0.0023128939792513847, -0.0010010730475187302, -0.0021279333159327507, -0.003373824991285801, -0.0012268265709280968, -0.0028699212707579136, -0.0014040106907486916, -0.0014656162820756435, -0.0008731796406209469, -0.0009143603965640068, 0.00023857410997152328, 0.00020933616906404495, 0.0003992868587374687, 0.0004510246217250824, 0.0001942431554198265, 0.001062843482941389, 0.00027106190100312233, 0.0002194708213210106, 0.0011515864171087742, 0.0006635398603975773, 0.0012480076402425766]
ref [0.08475234359502792, 0.06003309041261673, 0.03535842522978783, 0.02394787408411503, 0.017032766714692116, 0.014310684986412525, 0.01086279284209013, 0.012207512743771076, 0.011670362204313278, 0.011659047566354275, 0.008845661766827106, 0.009865942411124706, 0.00809120386838913, 0.007541464176028967, 0.0073456550016999245, 0.007132078520953655, 0.006340587977319956, 0.006582541391253471, 0.006706086918711662, 0.006604516413062811, 0.00699958298355341, 0.006224477663636208, 0.007207207381725311, 0.007526579778641462, 0.006244584918022156, 0.007213682401925325, 0.0065875183790922165]
[0.10143746435642242, 0.05474279820919037, 0.035596124827861786, 0.02505621314048767, 0.01959514245390892, 0.01612056978046894, 0.013175686821341515, 0.011206439696252346, 0.009542428888380527, 0.008285222575068474, 0.00761883519589901, 0.006996021140366793, 0.006687193177640438, 0.006075847893953323, 0.006472475361078978, 0.0062177181243896484, 0.006579162087291479, 0.006791877560317516, 0.007105373777449131, 0.007055541034787893, 0.007193826138973236, 0.007287321146577597, 0.007478269282728434, 0.007746050599962473, 0.00739617133513093, 0.007877222262322903, 0.007835526019334793]
Training time: 2909 	steps per sec: 9
Eval num_timesteps=27648, episode_reward=nan +/- nan
Eval num_timesteps=27648, episode_success=nan +/- nan
se
16 16384 1024
diff [0.0166851207613945, -0.005290292203426361, 0.00023769959807395935, 0.0011083390563726425, 0.0025623757392168045, 0.0018098847940564156, 0.0023128939792513847, -0.0010010730475187302, -0.0021279333159327507, -0.003373824991285801, -0.0012268265709280968, -0.0028699212707579136, -0.0014040106907486916, -0.0014656162820756435, -0.0008731796406209469, -0.0009143603965640068, 0.00023857410997152328, 0.00020933616906404495, 0.0003992868587374687, 0.0004510246217250824, 0.0001942431554198265, 0.001062843482941389, 0.00027106190100312233, 0.0002194708213210106, 0.0011515864171087742, 0.0006635398603975773, 0.0012480076402425766, 0.002536315005272627]
ref [0.08475234359502792, 0.06003309041261673, 0.03535842522978783, 0.02394787408411503, 0.017032766714692116, 0.014310684986412525, 0.01086279284209013, 0.012207512743771076, 0.011670362204313278, 0.011659047566354275, 0.008845661766827106, 0.009865942411124706, 0.00809120386838913, 0.007541464176028967, 0.0073456550016999245, 0.007132078520953655, 0.006340587977319956, 0.006582541391253471, 0.006706086918711662, 0.006604516413062811, 0.00699958298355341, 0.006224477663636208, 0.007207207381725311, 0.007526579778641462, 0.006244584918022156, 0.007213682401925325, 0.0065875183790922165, 0.005277807358652353]
[0.10143746435642242, 0.05474279820919037, 0.035596124827861786, 0.02505621314048767, 0.01959514245390892, 0.01612056978046894, 0.013175686821341515, 0.011206439696252346, 0.009542428888380527, 0.008285222575068474, 0.00761883519589901, 0.006996021140366793, 0.006687193177640438, 0.006075847893953323, 0.006472475361078978, 0.0062177181243896484, 0.006579162087291479, 0.006791877560317516, 0.007105373777449131, 0.007055541034787893, 0.007193826138973236, 0.007287321146577597, 0.007478269282728434, 0.007746050599962473, 0.00739617133513093, 0.007877222262322903, 0.007835526019334793, 0.00781412236392498]
Training time: 3092 	steps per sec: 9
Eval num_timesteps=28672, episode_reward=nan +/- nan
Eval num_timesteps=28672, episode_success=nan +/- nan
se
16 16384 1024
diff [0.0166851207613945, -0.005290292203426361, 0.00023769959807395935, 0.0011083390563726425, 0.0025623757392168045, 0.0018098847940564156, 0.0023128939792513847, -0.0010010730475187302, -0.0021279333159327507, -0.003373824991285801, -0.0012268265709280968, -0.0028699212707579136, -0.0014040106907486916, -0.0014656162820756435, -0.0008731796406209469, -0.0009143603965640068, 0.00023857410997152328, 0.00020933616906404495, 0.0003992868587374687, 0.0004510246217250824, 0.0001942431554198265, 0.001062843482941389, 0.00027106190100312233, 0.0002194708213210106, 0.0011515864171087742, 0.0006635398603975773, 0.0012480076402425766, 0.002536315005272627, 0.0016823019832372665]
ref [0.08475234359502792, 0.06003309041261673, 0.03535842522978783, 0.02394787408411503, 0.017032766714692116, 0.014310684986412525, 0.01086279284209013, 0.012207512743771076, 0.011670362204313278, 0.011659047566354275, 0.008845661766827106, 0.009865942411124706, 0.00809120386838913, 0.007541464176028967, 0.0073456550016999245, 0.007132078520953655, 0.006340587977319956, 0.006582541391253471, 0.006706086918711662, 0.006604516413062811, 0.00699958298355341, 0.006224477663636208, 0.007207207381725311, 0.007526579778641462, 0.006244584918022156, 0.007213682401925325, 0.0065875183790922165, 0.005277807358652353, 0.00671110674738884]
[0.10143746435642242, 0.05474279820919037, 0.035596124827861786, 0.02505621314048767, 0.01959514245390892, 0.01612056978046894, 0.013175686821341515, 0.011206439696252346, 0.009542428888380527, 0.008285222575068474, 0.00761883519589901, 0.006996021140366793, 0.006687193177640438, 0.006075847893953323, 0.006472475361078978, 0.0062177181243896484, 0.006579162087291479, 0.006791877560317516, 0.007105373777449131, 0.007055541034787893, 0.007193826138973236, 0.007287321146577597, 0.007478269282728434, 0.007746050599962473, 0.00739617133513093, 0.007877222262322903, 0.007835526019334793, 0.00781412236392498, 0.008393408730626106]
Training time: 3256 	steps per sec: 9
Eval num_timesteps=29696, episode_reward=nan +/- nan
Eval num_timesteps=29696, episode_success=nan +/- nan
se
16 16384 1024
diff [0.0166851207613945, -0.005290292203426361, 0.00023769959807395935, 0.0011083390563726425, 0.0025623757392168045, 0.0018098847940564156, 0.0023128939792513847, -0.0010010730475187302, -0.0021279333159327507, -0.003373824991285801, -0.0012268265709280968, -0.0028699212707579136, -0.0014040106907486916, -0.0014656162820756435, -0.0008731796406209469, -0.0009143603965640068, 0.00023857410997152328, 0.00020933616906404495, 0.0003992868587374687, 0.0004510246217250824, 0.0001942431554198265, 0.001062843482941389, 0.00027106190100312233, 0.0002194708213210106, 0.0011515864171087742, 0.0006635398603975773, 0.0012480076402425766, 0.002536315005272627, 0.0016823019832372665, 0.0007717250846326351]
ref [0.08475234359502792, 0.06003309041261673, 0.03535842522978783, 0.02394787408411503, 0.017032766714692116, 0.014310684986412525, 0.01086279284209013, 0.012207512743771076, 0.011670362204313278, 0.011659047566354275, 0.008845661766827106, 0.009865942411124706, 0.00809120386838913, 0.007541464176028967, 0.0073456550016999245, 0.007132078520953655, 0.006340587977319956, 0.006582541391253471, 0.006706086918711662, 0.006604516413062811, 0.00699958298355341, 0.006224477663636208, 0.007207207381725311, 0.007526579778641462, 0.006244584918022156, 0.007213682401925325, 0.0065875183790922165, 0.005277807358652353, 0.00671110674738884, 0.007404266390949488]
[0.10143746435642242, 0.05474279820919037, 0.035596124827861786, 0.02505621314048767, 0.01959514245390892, 0.01612056978046894, 0.013175686821341515, 0.011206439696252346, 0.009542428888380527, 0.008285222575068474, 0.00761883519589901, 0.006996021140366793, 0.006687193177640438, 0.006075847893953323, 0.006472475361078978, 0.0062177181243896484, 0.006579162087291479, 0.006791877560317516, 0.007105373777449131, 0.007055541034787893, 0.007193826138973236, 0.007287321146577597, 0.007478269282728434, 0.007746050599962473, 0.00739617133513093, 0.007877222262322903, 0.007835526019334793, 0.00781412236392498, 0.008393408730626106, 0.008175991475582123]
Training time: 3404 	steps per sec: 9
Eval num_timesteps=30720, episode_reward=nan +/- nan
Eval num_timesteps=30720, episode_success=nan +/- nan
se
16 16384 1024
diff [0.0166851207613945, -0.005290292203426361, 0.00023769959807395935, 0.0011083390563726425, 0.0025623757392168045, 0.0018098847940564156, 0.0023128939792513847, -0.0010010730475187302, -0.0021279333159327507, -0.003373824991285801, -0.0012268265709280968, -0.0028699212707579136, -0.0014040106907486916, -0.0014656162820756435, -0.0008731796406209469, -0.0009143603965640068, 0.00023857410997152328, 0.00020933616906404495, 0.0003992868587374687, 0.0004510246217250824, 0.0001942431554198265, 0.001062843482941389, 0.00027106190100312233, 0.0002194708213210106, 0.0011515864171087742, 0.0006635398603975773, 0.0012480076402425766, 0.002536315005272627, 0.0016823019832372665, 0.0007717250846326351, 0.0018660612404346466]
ref [0.08475234359502792, 0.06003309041261673, 0.03535842522978783, 0.02394787408411503, 0.017032766714692116, 0.014310684986412525, 0.01086279284209013, 0.012207512743771076, 0.011670362204313278, 0.011659047566354275, 0.008845661766827106, 0.009865942411124706, 0.00809120386838913, 0.007541464176028967, 0.0073456550016999245, 0.007132078520953655, 0.006340587977319956, 0.006582541391253471, 0.006706086918711662, 0.006604516413062811, 0.00699958298355341, 0.006224477663636208, 0.007207207381725311, 0.007526579778641462, 0.006244584918022156, 0.007213682401925325, 0.0065875183790922165, 0.005277807358652353, 0.00671110674738884, 0.007404266390949488, 0.006375754252076149]
[0.10143746435642242, 0.05474279820919037, 0.035596124827861786, 0.02505621314048767, 0.01959514245390892, 0.01612056978046894, 0.013175686821341515, 0.011206439696252346, 0.009542428888380527, 0.008285222575068474, 0.00761883519589901, 0.006996021140366793, 0.006687193177640438, 0.006075847893953323, 0.006472475361078978, 0.0062177181243896484, 0.006579162087291479, 0.006791877560317516, 0.007105373777449131, 0.007055541034787893, 0.007193826138973236, 0.007287321146577597, 0.007478269282728434, 0.007746050599962473, 0.00739617133513093, 0.007877222262322903, 0.007835526019334793, 0.00781412236392498, 0.008393408730626106, 0.008175991475582123, 0.008241815492510796]
Training time: 3580 	steps per sec: 8
Eval num_timesteps=31744, episode_reward=nan +/- nan
Eval num_timesteps=31744, episode_success=nan +/- nan
se
16 16384 1024
diff [0.0166851207613945, -0.005290292203426361, 0.00023769959807395935, 0.0011083390563726425, 0.0025623757392168045, 0.0018098847940564156, 0.0023128939792513847, -0.0010010730475187302, -0.0021279333159327507, -0.003373824991285801, -0.0012268265709280968, -0.0028699212707579136, -0.0014040106907486916, -0.0014656162820756435, -0.0008731796406209469, -0.0009143603965640068, 0.00023857410997152328, 0.00020933616906404495, 0.0003992868587374687, 0.0004510246217250824, 0.0001942431554198265, 0.001062843482941389, 0.00027106190100312233, 0.0002194708213210106, 0.0011515864171087742, 0.0006635398603975773, 0.0012480076402425766, 0.002536315005272627, 0.0016823019832372665, 0.0007717250846326351, 0.0018660612404346466, 0.0012697591446340084]
ref [0.08475234359502792, 0.06003309041261673, 0.03535842522978783, 0.02394787408411503, 0.017032766714692116, 0.014310684986412525, 0.01086279284209013, 0.012207512743771076, 0.011670362204313278, 0.011659047566354275, 0.008845661766827106, 0.009865942411124706, 0.00809120386838913, 0.007541464176028967, 0.0073456550016999245, 0.007132078520953655, 0.006340587977319956, 0.006582541391253471, 0.006706086918711662, 0.006604516413062811, 0.00699958298355341, 0.006224477663636208, 0.007207207381725311, 0.007526579778641462, 0.006244584918022156, 0.007213682401925325, 0.0065875183790922165, 0.005277807358652353, 0.00671110674738884, 0.007404266390949488, 0.006375754252076149, 0.006918067578226328]
[0.10143746435642242, 0.05474279820919037, 0.035596124827861786, 0.02505621314048767, 0.01959514245390892, 0.01612056978046894, 0.013175686821341515, 0.011206439696252346, 0.009542428888380527, 0.008285222575068474, 0.00761883519589901, 0.006996021140366793, 0.006687193177640438, 0.006075847893953323, 0.006472475361078978, 0.0062177181243896484, 0.006579162087291479, 0.006791877560317516, 0.007105373777449131, 0.007055541034787893, 0.007193826138973236, 0.007287321146577597, 0.007478269282728434, 0.007746050599962473, 0.00739617133513093, 0.007877222262322903, 0.007835526019334793, 0.00781412236392498, 0.008393408730626106, 0.008175991475582123, 0.008241815492510796, 0.008187826722860336]
Training time: 3732 	steps per sec: 8
Eval num_timesteps=32768, episode_reward=nan +/- nan
Eval num_timesteps=32768, episode_success=nan +/- nan
results/Hopper-v4/
results/Hopper-v4/ppo_ros/
results/Hopper-v4/ppo_ros/expert/
results/Hopper-v4/ppo_ros/expert/b_16/
results/Hopper-v4/ppo_ros/expert/b_16/no_clip_lambda/
results/Hopper-v4/ppo_ros/expert/b_16/no_clip_lambda/run_4/
results/Hopper-v4/ppo_ros/expert/b_16/no_clip_lambda/run_4/evaluations.npz
results/Hopper-v4/ppo_ros/expert/b_16/no_clip_lambda/run_4/config.yml
results/Hopper-v4/ppo_ros/expert/b_16/no_clip_lambda/run_4/stats.npz
