ppo_ros_continuous.py --env-id Ant-v4 -s expert/b_16/no_clip --total-timesteps 32768 --eval-freq 1 --eval-episodes 0 -b 16 --num-steps 1024 -lr 0 --update-epochs 0 --anneal-lr 0 --ros-num-steps 256 --ros-update-epochs 16 --ros-target-kl 0.05 --ros-clip-coef 999999999 --ros-lambda 0.3 -ros-lr 0.0001 --ros-anneal-lr 0 --se 1 --se-freq 1 --se-lr 1e-3 --se-epochs 1000 --policy-path policies/Ant-v4/best_model.zip --normalization-dir policies/Ant-v4
Obtaining file:///var/lib/condor/execute/slot1/dir_10443/PPOROS/PPOROS/custom-envs
  Preparing metadata (setup.py): started
  Preparing metadata (setup.py): finished with status 'done'
Requirement already satisfied: gym in /var/lib/condor/execute/slot1/dir_10443/PPOROS/ppo-ros_env/lib/python3.9/site-packages (from custom-envs==0.0.1) (0.21.0)
Requirement already satisfied: numpy>=1.18.0 in /var/lib/condor/execute/slot1/dir_10443/PPOROS/ppo-ros_env/lib/python3.9/site-packages (from gym->custom-envs==0.0.1) (1.24.2)
Requirement already satisfied: cloudpickle>=1.2.0 in /var/lib/condor/execute/slot1/dir_10443/PPOROS/ppo-ros_env/lib/python3.9/site-packages (from gym->custom-envs==0.0.1) (2.2.1)
Installing collected packages: custom-envs
  Running setup.py develop for custom-envs
Successfully installed custom-envs-0.0.1
seed: 3
Eval num_timesteps=0, episode_reward=nan +/- nan
Eval num_timesteps=0, episode_success=nan +/- nan
se
1 1024 1024
diff [-0.20288407802581787]
ref [0.8239321708679199]
[0.621048092842102]
Training time: 35 	steps per sec: 28
Eval num_timesteps=1024, episode_reward=nan +/- nan
Eval num_timesteps=1024, episode_success=nan +/- nan
se
2 2048 1024
diff [-0.20288407802581787, -0.08237779140472412]
ref [0.8239321708679199, 0.30698174238204956]
[0.621048092842102, 0.22460395097732544]
Training time: 82 	steps per sec: 24
Eval num_timesteps=2048, episode_reward=nan +/- nan
Eval num_timesteps=2048, episode_success=nan +/- nan
se
3 3072 1024
diff [-0.20288407802581787, -0.08237779140472412, -0.021920621395111084]
ref [0.8239321708679199, 0.30698174238204956, 0.1501217633485794]
[0.621048092842102, 0.22460395097732544, 0.12820114195346832]
Training time: 142 	steps per sec: 21
Eval num_timesteps=3072, episode_reward=nan +/- nan
Eval num_timesteps=3072, episode_success=nan +/- nan
se
4 4096 1024
diff [-0.20288407802581787, -0.08237779140472412, -0.021920621395111084, 0.017236679792404175]
ref [0.8239321708679199, 0.30698174238204956, 0.1501217633485794, 0.09708991646766663]
[0.621048092842102, 0.22460395097732544, 0.12820114195346832, 0.1143265962600708]
Training time: 216 	steps per sec: 18
Eval num_timesteps=4096, episode_reward=nan +/- nan
Eval num_timesteps=4096, episode_success=nan +/- nan
se
5 5120 1024
diff [-0.20288407802581787, -0.08237779140472412, -0.021920621395111084, 0.017236679792404175, 0.010750211775302887]
ref [0.8239321708679199, 0.30698174238204956, 0.1501217633485794, 0.09708991646766663, 0.07314790785312653]
[0.621048092842102, 0.22460395097732544, 0.12820114195346832, 0.1143265962600708, 0.08389811962842941]
Training time: 310 	steps per sec: 16
Eval num_timesteps=5120, episode_reward=nan +/- nan
Eval num_timesteps=5120, episode_success=nan +/- nan
se
6 6144 1024
diff [-0.20288407802581787, -0.08237779140472412, -0.021920621395111084, 0.017236679792404175, 0.010750211775302887, 0.0055945031344890594]
ref [0.8239321708679199, 0.30698174238204956, 0.1501217633485794, 0.09708991646766663, 0.07314790785312653, 0.060390371829271317]
[0.621048092842102, 0.22460395097732544, 0.12820114195346832, 0.1143265962600708, 0.08389811962842941, 0.06598487496376038]
Training time: 411 	steps per sec: 14
Eval num_timesteps=6144, episode_reward=nan +/- nan
Eval num_timesteps=6144, episode_success=nan +/- nan
se
7 7168 1024
diff [-0.20288407802581787, -0.08237779140472412, -0.021920621395111084, 0.017236679792404175, 0.010750211775302887, 0.0055945031344890594, -0.006285130977630615]
ref [0.8239321708679199, 0.30698174238204956, 0.1501217633485794, 0.09708991646766663, 0.07314790785312653, 0.060390371829271317, 0.05813756585121155]
[0.621048092842102, 0.22460395097732544, 0.12820114195346832, 0.1143265962600708, 0.08389811962842941, 0.06598487496376038, 0.05185243487358093]
Training time: 524 	steps per sec: 13
Eval num_timesteps=7168, episode_reward=nan +/- nan
Eval num_timesteps=7168, episode_success=nan +/- nan
se
8 8192 1024
diff [-0.20288407802581787, -0.08237779140472412, -0.021920621395111084, 0.017236679792404175, 0.010750211775302887, 0.0055945031344890594, -0.006285130977630615, 0.0026500895619392395]
ref [0.8239321708679199, 0.30698174238204956, 0.1501217633485794, 0.09708991646766663, 0.07314790785312653, 0.060390371829271317, 0.05813756585121155, 0.04341662675142288]
[0.621048092842102, 0.22460395097732544, 0.12820114195346832, 0.1143265962600708, 0.08389811962842941, 0.06598487496376038, 0.05185243487358093, 0.04606671631336212]
Training time: 658 	steps per sec: 12
Eval num_timesteps=8192, episode_reward=nan +/- nan
Eval num_timesteps=8192, episode_success=nan +/- nan
se
9 9216 1024
diff [-0.20288407802581787, -0.08237779140472412, -0.021920621395111084, 0.017236679792404175, 0.010750211775302887, 0.0055945031344890594, -0.006285130977630615, 0.0026500895619392395, 0.0016555003821849823]
ref [0.8239321708679199, 0.30698174238204956, 0.1501217633485794, 0.09708991646766663, 0.07314790785312653, 0.060390371829271317, 0.05813756585121155, 0.04341662675142288, 0.0405280664563179]
[0.621048092842102, 0.22460395097732544, 0.12820114195346832, 0.1143265962600708, 0.08389811962842941, 0.06598487496376038, 0.05185243487358093, 0.04606671631336212, 0.042183566838502884]
Training time: 798 	steps per sec: 11
Eval num_timesteps=9216, episode_reward=nan +/- nan
Eval num_timesteps=9216, episode_success=nan +/- nan
se
10 10240 1024
diff [-0.20288407802581787, -0.08237779140472412, -0.021920621395111084, 0.017236679792404175, 0.010750211775302887, 0.0055945031344890594, -0.006285130977630615, 0.0026500895619392395, 0.0016555003821849823, 0.00319681316614151]
ref [0.8239321708679199, 0.30698174238204956, 0.1501217633485794, 0.09708991646766663, 0.07314790785312653, 0.060390371829271317, 0.05813756585121155, 0.04341662675142288, 0.0405280664563179, 0.03464922308921814]
[0.621048092842102, 0.22460395097732544, 0.12820114195346832, 0.1143265962600708, 0.08389811962842941, 0.06598487496376038, 0.05185243487358093, 0.04606671631336212, 0.042183566838502884, 0.03784603625535965]
Training time: 953 	steps per sec: 10
Eval num_timesteps=10240, episode_reward=nan +/- nan
Eval num_timesteps=10240, episode_success=nan +/- nan
se
11 11264 1024
diff [-0.20288407802581787, -0.08237779140472412, -0.021920621395111084, 0.017236679792404175, 0.010750211775302887, 0.0055945031344890594, -0.006285130977630615, 0.0026500895619392395, 0.0016555003821849823, 0.00319681316614151, -0.0017014853656291962]
ref [0.8239321708679199, 0.30698174238204956, 0.1501217633485794, 0.09708991646766663, 0.07314790785312653, 0.060390371829271317, 0.05813756585121155, 0.04341662675142288, 0.0405280664563179, 0.03464922308921814, 0.034357260912656784]
[0.621048092842102, 0.22460395097732544, 0.12820114195346832, 0.1143265962600708, 0.08389811962842941, 0.06598487496376038, 0.05185243487358093, 0.04606671631336212, 0.042183566838502884, 0.03784603625535965, 0.03265577554702759]
Training time: 1132 	steps per sec: 9
Eval num_timesteps=11264, episode_reward=nan +/- nan
Eval num_timesteps=11264, episode_success=nan +/- nan
se
12 12288 1024
diff [-0.20288407802581787, -0.08237779140472412, -0.021920621395111084, 0.017236679792404175, 0.010750211775302887, 0.0055945031344890594, -0.006285130977630615, 0.0026500895619392395, 0.0016555003821849823, 0.00319681316614151, -0.0017014853656291962, -0.0026232972741127014]
ref [0.8239321708679199, 0.30698174238204956, 0.1501217633485794, 0.09708991646766663, 0.07314790785312653, 0.060390371829271317, 0.05813756585121155, 0.04341662675142288, 0.0405280664563179, 0.03464922308921814, 0.034357260912656784, 0.03032609261572361]
[0.621048092842102, 0.22460395097732544, 0.12820114195346832, 0.1143265962600708, 0.08389811962842941, 0.06598487496376038, 0.05185243487358093, 0.04606671631336212, 0.042183566838502884, 0.03784603625535965, 0.03265577554702759, 0.02770279534161091]
Training time: 1322 	steps per sec: 9
Eval num_timesteps=12288, episode_reward=nan +/- nan
Eval num_timesteps=12288, episode_success=nan +/- nan
se
13 13312 1024
diff [-0.20288407802581787, -0.08237779140472412, -0.021920621395111084, 0.017236679792404175, 0.010750211775302887, 0.0055945031344890594, -0.006285130977630615, 0.0026500895619392395, 0.0016555003821849823, 0.00319681316614151, -0.0017014853656291962, -0.0026232972741127014, -0.0038594715297222137]
ref [0.8239321708679199, 0.30698174238204956, 0.1501217633485794, 0.09708991646766663, 0.07314790785312653, 0.060390371829271317, 0.05813756585121155, 0.04341662675142288, 0.0405280664563179, 0.03464922308921814, 0.034357260912656784, 0.03032609261572361, 0.029038239270448685]
[0.621048092842102, 0.22460395097732544, 0.12820114195346832, 0.1143265962600708, 0.08389811962842941, 0.06598487496376038, 0.05185243487358093, 0.04606671631336212, 0.042183566838502884, 0.03784603625535965, 0.03265577554702759, 0.02770279534161091, 0.02517876774072647]
Training time: 1532 	steps per sec: 8
Eval num_timesteps=13312, episode_reward=nan +/- nan
Eval num_timesteps=13312, episode_success=nan +/- nan
se
14 14336 1024
diff [-0.20288407802581787, -0.08237779140472412, -0.021920621395111084, 0.017236679792404175, 0.010750211775302887, 0.0055945031344890594, -0.006285130977630615, 0.0026500895619392395, 0.0016555003821849823, 0.00319681316614151, -0.0017014853656291962, -0.0026232972741127014, -0.0038594715297222137, -0.00263310968875885]
ref [0.8239321708679199, 0.30698174238204956, 0.1501217633485794, 0.09708991646766663, 0.07314790785312653, 0.060390371829271317, 0.05813756585121155, 0.04341662675142288, 0.0405280664563179, 0.03464922308921814, 0.034357260912656784, 0.03032609261572361, 0.029038239270448685, 0.02530292235314846]
[0.621048092842102, 0.22460395097732544, 0.12820114195346832, 0.1143265962600708, 0.08389811962842941, 0.06598487496376038, 0.05185243487358093, 0.04606671631336212, 0.042183566838502884, 0.03784603625535965, 0.03265577554702759, 0.02770279534161091, 0.02517876774072647, 0.02266981266438961]
Training time: 1748 	steps per sec: 8
Eval num_timesteps=14336, episode_reward=nan +/- nan
Eval num_timesteps=14336, episode_success=nan +/- nan
se
15 15360 1024
diff [-0.20288407802581787, -0.08237779140472412, -0.021920621395111084, 0.017236679792404175, 0.010750211775302887, 0.0055945031344890594, -0.006285130977630615, 0.0026500895619392395, 0.0016555003821849823, 0.00319681316614151, -0.0017014853656291962, -0.0026232972741127014, -0.0038594715297222137, -0.00263310968875885, -0.003918297588825226]
ref [0.8239321708679199, 0.30698174238204956, 0.1501217633485794, 0.09708991646766663, 0.07314790785312653, 0.060390371829271317, 0.05813756585121155, 0.04341662675142288, 0.0405280664563179, 0.03464922308921814, 0.034357260912656784, 0.03032609261572361, 0.029038239270448685, 0.02530292235314846, 0.02396498993039131]
[0.621048092842102, 0.22460395097732544, 0.12820114195346832, 0.1143265962600708, 0.08389811962842941, 0.06598487496376038, 0.05185243487358093, 0.04606671631336212, 0.042183566838502884, 0.03784603625535965, 0.03265577554702759, 0.02770279534161091, 0.02517876774072647, 0.02266981266438961, 0.020046692341566086]
Training time: 1994 	steps per sec: 7
Eval num_timesteps=15360, episode_reward=nan +/- nan
Eval num_timesteps=15360, episode_success=nan +/- nan
se
16 16384 1024
diff [-0.20288407802581787, -0.08237779140472412, -0.021920621395111084, 0.017236679792404175, 0.010750211775302887, 0.0055945031344890594, -0.006285130977630615, 0.0026500895619392395, 0.0016555003821849823, 0.00319681316614151, -0.0017014853656291962, -0.0026232972741127014, -0.0038594715297222137, -0.00263310968875885, -0.003918297588825226, -0.004570545628666878]
ref [0.8239321708679199, 0.30698174238204956, 0.1501217633485794, 0.09708991646766663, 0.07314790785312653, 0.060390371829271317, 0.05813756585121155, 0.04341662675142288, 0.0405280664563179, 0.03464922308921814, 0.034357260912656784, 0.03032609261572361, 0.029038239270448685, 0.02530292235314846, 0.02396498993039131, 0.02255590260028839]
[0.621048092842102, 0.22460395097732544, 0.12820114195346832, 0.1143265962600708, 0.08389811962842941, 0.06598487496376038, 0.05185243487358093, 0.04606671631336212, 0.042183566838502884, 0.03784603625535965, 0.03265577554702759, 0.02770279534161091, 0.02517876774072647, 0.02266981266438961, 0.020046692341566086, 0.017985356971621513]
Training time: 2228 	steps per sec: 7
Eval num_timesteps=16384, episode_reward=nan +/- nan
Eval num_timesteps=16384, episode_success=nan +/- nan
se
16 16384 1024
diff [-0.20288407802581787, -0.08237779140472412, -0.021920621395111084, 0.017236679792404175, 0.010750211775302887, 0.0055945031344890594, -0.006285130977630615, 0.0026500895619392395, 0.0016555003821849823, 0.00319681316614151, -0.0017014853656291962, -0.0026232972741127014, -0.0038594715297222137, -0.00263310968875885, -0.003918297588825226, -0.004570545628666878, -0.0023809298872947693]
ref [0.8239321708679199, 0.30698174238204956, 0.1501217633485794, 0.09708991646766663, 0.07314790785312653, 0.060390371829271317, 0.05813756585121155, 0.04341662675142288, 0.0405280664563179, 0.03464922308921814, 0.034357260912656784, 0.03032609261572361, 0.029038239270448685, 0.02530292235314846, 0.02396498993039131, 0.02255590260028839, 0.020922528579831123]
[0.621048092842102, 0.22460395097732544, 0.12820114195346832, 0.1143265962600708, 0.08389811962842941, 0.06598487496376038, 0.05185243487358093, 0.04606671631336212, 0.042183566838502884, 0.03784603625535965, 0.03265577554702759, 0.02770279534161091, 0.02517876774072647, 0.02266981266438961, 0.020046692341566086, 0.017985356971621513, 0.018541598692536354]
Training time: 2458 	steps per sec: 7
Eval num_timesteps=17408, episode_reward=nan +/- nan
Eval num_timesteps=17408, episode_success=nan +/- nan
se
16 16384 1024
diff [-0.20288407802581787, -0.08237779140472412, -0.021920621395111084, 0.017236679792404175, 0.010750211775302887, 0.0055945031344890594, -0.006285130977630615, 0.0026500895619392395, 0.0016555003821849823, 0.00319681316614151, -0.0017014853656291962, -0.0026232972741127014, -0.0038594715297222137, -0.00263310968875885, -0.003918297588825226, -0.004570545628666878, -0.0023809298872947693, -0.00071699358522892]
ref [0.8239321708679199, 0.30698174238204956, 0.1501217633485794, 0.09708991646766663, 0.07314790785312653, 0.060390371829271317, 0.05813756585121155, 0.04341662675142288, 0.0405280664563179, 0.03464922308921814, 0.034357260912656784, 0.03032609261572361, 0.029038239270448685, 0.02530292235314846, 0.02396498993039131, 0.02255590260028839, 0.020922528579831123, 0.019682010635733604]
[0.621048092842102, 0.22460395097732544, 0.12820114195346832, 0.1143265962600708, 0.08389811962842941, 0.06598487496376038, 0.05185243487358093, 0.04606671631336212, 0.042183566838502884, 0.03784603625535965, 0.03265577554702759, 0.02770279534161091, 0.02517876774072647, 0.02266981266438961, 0.020046692341566086, 0.017985356971621513, 0.018541598692536354, 0.018965017050504684]
Training time: 2691 	steps per sec: 6
Eval num_timesteps=18432, episode_reward=nan +/- nan
Eval num_timesteps=18432, episode_success=nan +/- nan
se
16 16384 1024
diff [-0.20288407802581787, -0.08237779140472412, -0.021920621395111084, 0.017236679792404175, 0.010750211775302887, 0.0055945031344890594, -0.006285130977630615, 0.0026500895619392395, 0.0016555003821849823, 0.00319681316614151, -0.0017014853656291962, -0.0026232972741127014, -0.0038594715297222137, -0.00263310968875885, -0.003918297588825226, -0.004570545628666878, -0.0023809298872947693, -0.00071699358522892, -0.0007606297731399536]
ref [0.8239321708679199, 0.30698174238204956, 0.1501217633485794, 0.09708991646766663, 0.07314790785312653, 0.060390371829271317, 0.05813756585121155, 0.04341662675142288, 0.0405280664563179, 0.03464922308921814, 0.034357260912656784, 0.03032609261572361, 0.029038239270448685, 0.02530292235314846, 0.02396498993039131, 0.02255590260028839, 0.020922528579831123, 0.019682010635733604, 0.02037900686264038]
[0.621048092842102, 0.22460395097732544, 0.12820114195346832, 0.1143265962600708, 0.08389811962842941, 0.06598487496376038, 0.05185243487358093, 0.04606671631336212, 0.042183566838502884, 0.03784603625535965, 0.03265577554702759, 0.02770279534161091, 0.02517876774072647, 0.02266981266438961, 0.020046692341566086, 0.017985356971621513, 0.018541598692536354, 0.018965017050504684, 0.019618377089500427]
Training time: 2929 	steps per sec: 6
Eval num_timesteps=19456, episode_reward=nan +/- nan
Eval num_timesteps=19456, episode_success=nan +/- nan
se
16 16384 1024
diff [-0.20288407802581787, -0.08237779140472412, -0.021920621395111084, 0.017236679792404175, 0.010750211775302887, 0.0055945031344890594, -0.006285130977630615, 0.0026500895619392395, 0.0016555003821849823, 0.00319681316614151, -0.0017014853656291962, -0.0026232972741127014, -0.0038594715297222137, -0.00263310968875885, -0.003918297588825226, -0.004570545628666878, -0.0023809298872947693, -0.00071699358522892, -0.0007606297731399536, -0.0033210106194019318]
ref [0.8239321708679199, 0.30698174238204956, 0.1501217633485794, 0.09708991646766663, 0.07314790785312653, 0.060390371829271317, 0.05813756585121155, 0.04341662675142288, 0.0405280664563179, 0.03464922308921814, 0.034357260912656784, 0.03032609261572361, 0.029038239270448685, 0.02530292235314846, 0.02396498993039131, 0.02255590260028839, 0.020922528579831123, 0.019682010635733604, 0.02037900686264038, 0.020217852666974068]
[0.621048092842102, 0.22460395097732544, 0.12820114195346832, 0.1143265962600708, 0.08389811962842941, 0.06598487496376038, 0.05185243487358093, 0.04606671631336212, 0.042183566838502884, 0.03784603625535965, 0.03265577554702759, 0.02770279534161091, 0.02517876774072647, 0.02266981266438961, 0.020046692341566086, 0.017985356971621513, 0.018541598692536354, 0.018965017050504684, 0.019618377089500427, 0.016896842047572136]
Training time: 3181 	steps per sec: 6
Eval num_timesteps=20480, episode_reward=nan +/- nan
Eval num_timesteps=20480, episode_success=nan +/- nan
se
16 16384 1024
diff [-0.20288407802581787, -0.08237779140472412, -0.021920621395111084, 0.017236679792404175, 0.010750211775302887, 0.0055945031344890594, -0.006285130977630615, 0.0026500895619392395, 0.0016555003821849823, 0.00319681316614151, -0.0017014853656291962, -0.0026232972741127014, -0.0038594715297222137, -0.00263310968875885, -0.003918297588825226, -0.004570545628666878, -0.0023809298872947693, -0.00071699358522892, -0.0007606297731399536, -0.0033210106194019318, -0.007039692252874374]
ref [0.8239321708679199, 0.30698174238204956, 0.1501217633485794, 0.09708991646766663, 0.07314790785312653, 0.060390371829271317, 0.05813756585121155, 0.04341662675142288, 0.0405280664563179, 0.03464922308921814, 0.034357260912656784, 0.03032609261572361, 0.029038239270448685, 0.02530292235314846, 0.02396498993039131, 0.02255590260028839, 0.020922528579831123, 0.019682010635733604, 0.02037900686264038, 0.020217852666974068, 0.02327161654829979]
[0.621048092842102, 0.22460395097732544, 0.12820114195346832, 0.1143265962600708, 0.08389811962842941, 0.06598487496376038, 0.05185243487358093, 0.04606671631336212, 0.042183566838502884, 0.03784603625535965, 0.03265577554702759, 0.02770279534161091, 0.02517876774072647, 0.02266981266438961, 0.020046692341566086, 0.017985356971621513, 0.018541598692536354, 0.018965017050504684, 0.019618377089500427, 0.016896842047572136, 0.016231924295425415]
Training time: 3412 	steps per sec: 6
Eval num_timesteps=21504, episode_reward=nan +/- nan
Eval num_timesteps=21504, episode_success=nan +/- nan
se
16 16384 1024
diff [-0.20288407802581787, -0.08237779140472412, -0.021920621395111084, 0.017236679792404175, 0.010750211775302887, 0.0055945031344890594, -0.006285130977630615, 0.0026500895619392395, 0.0016555003821849823, 0.00319681316614151, -0.0017014853656291962, -0.0026232972741127014, -0.0038594715297222137, -0.00263310968875885, -0.003918297588825226, -0.004570545628666878, -0.0023809298872947693, -0.00071699358522892, -0.0007606297731399536, -0.0033210106194019318, -0.007039692252874374, -0.005766605958342552]
ref [0.8239321708679199, 0.30698174238204956, 0.1501217633485794, 0.09708991646766663, 0.07314790785312653, 0.060390371829271317, 0.05813756585121155, 0.04341662675142288, 0.0405280664563179, 0.03464922308921814, 0.034357260912656784, 0.03032609261572361, 0.029038239270448685, 0.02530292235314846, 0.02396498993039131, 0.02255590260028839, 0.020922528579831123, 0.019682010635733604, 0.02037900686264038, 0.020217852666974068, 0.02327161654829979, 0.022344978526234627]
[0.621048092842102, 0.22460395097732544, 0.12820114195346832, 0.1143265962600708, 0.08389811962842941, 0.06598487496376038, 0.05185243487358093, 0.04606671631336212, 0.042183566838502884, 0.03784603625535965, 0.03265577554702759, 0.02770279534161091, 0.02517876774072647, 0.02266981266438961, 0.020046692341566086, 0.017985356971621513, 0.018541598692536354, 0.018965017050504684, 0.019618377089500427, 0.016896842047572136, 0.016231924295425415, 0.016578372567892075]
Training time: 3657 	steps per sec: 6
Eval num_timesteps=22528, episode_reward=nan +/- nan
Eval num_timesteps=22528, episode_success=nan +/- nan
se
16 16384 1024
diff [-0.20288407802581787, -0.08237779140472412, -0.021920621395111084, 0.017236679792404175, 0.010750211775302887, 0.0055945031344890594, -0.006285130977630615, 0.0026500895619392395, 0.0016555003821849823, 0.00319681316614151, -0.0017014853656291962, -0.0026232972741127014, -0.0038594715297222137, -0.00263310968875885, -0.003918297588825226, -0.004570545628666878, -0.0023809298872947693, -0.00071699358522892, -0.0007606297731399536, -0.0033210106194019318, -0.007039692252874374, -0.005766605958342552, -0.0045529864728450775]
ref [0.8239321708679199, 0.30698174238204956, 0.1501217633485794, 0.09708991646766663, 0.07314790785312653, 0.060390371829271317, 0.05813756585121155, 0.04341662675142288, 0.0405280664563179, 0.03464922308921814, 0.034357260912656784, 0.03032609261572361, 0.029038239270448685, 0.02530292235314846, 0.02396498993039131, 0.02255590260028839, 0.020922528579831123, 0.019682010635733604, 0.02037900686264038, 0.020217852666974068, 0.02327161654829979, 0.022344978526234627, 0.02098466083407402]
[0.621048092842102, 0.22460395097732544, 0.12820114195346832, 0.1143265962600708, 0.08389811962842941, 0.06598487496376038, 0.05185243487358093, 0.04606671631336212, 0.042183566838502884, 0.03784603625535965, 0.03265577554702759, 0.02770279534161091, 0.02517876774072647, 0.02266981266438961, 0.020046692341566086, 0.017985356971621513, 0.018541598692536354, 0.018965017050504684, 0.019618377089500427, 0.016896842047572136, 0.016231924295425415, 0.016578372567892075, 0.016431674361228943]
Training time: 3910 	steps per sec: 6
Eval num_timesteps=23552, episode_reward=nan +/- nan
Eval num_timesteps=23552, episode_success=nan +/- nan
se
16 16384 1024
diff [-0.20288407802581787, -0.08237779140472412, -0.021920621395111084, 0.017236679792404175, 0.010750211775302887, 0.0055945031344890594, -0.006285130977630615, 0.0026500895619392395, 0.0016555003821849823, 0.00319681316614151, -0.0017014853656291962, -0.0026232972741127014, -0.0038594715297222137, -0.00263310968875885, -0.003918297588825226, -0.004570545628666878, -0.0023809298872947693, -0.00071699358522892, -0.0007606297731399536, -0.0033210106194019318, -0.007039692252874374, -0.005766605958342552, -0.0045529864728450775, -0.0062779951840639114]
ref [0.8239321708679199, 0.30698174238204956, 0.1501217633485794, 0.09708991646766663, 0.07314790785312653, 0.060390371829271317, 0.05813756585121155, 0.04341662675142288, 0.0405280664563179, 0.03464922308921814, 0.034357260912656784, 0.03032609261572361, 0.029038239270448685, 0.02530292235314846, 0.02396498993039131, 0.02255590260028839, 0.020922528579831123, 0.019682010635733604, 0.02037900686264038, 0.020217852666974068, 0.02327161654829979, 0.022344978526234627, 0.02098466083407402, 0.02247556671500206]
[0.621048092842102, 0.22460395097732544, 0.12820114195346832, 0.1143265962600708, 0.08389811962842941, 0.06598487496376038, 0.05185243487358093, 0.04606671631336212, 0.042183566838502884, 0.03784603625535965, 0.03265577554702759, 0.02770279534161091, 0.02517876774072647, 0.02266981266438961, 0.020046692341566086, 0.017985356971621513, 0.018541598692536354, 0.018965017050504684, 0.019618377089500427, 0.016896842047572136, 0.016231924295425415, 0.016578372567892075, 0.016431674361228943, 0.01619757153093815]
Training time: 4152 	steps per sec: 5
Eval num_timesteps=24576, episode_reward=nan +/- nan
Eval num_timesteps=24576, episode_success=nan +/- nan
se
16 16384 1024
diff [-0.20288407802581787, -0.08237779140472412, -0.021920621395111084, 0.017236679792404175, 0.010750211775302887, 0.0055945031344890594, -0.006285130977630615, 0.0026500895619392395, 0.0016555003821849823, 0.00319681316614151, -0.0017014853656291962, -0.0026232972741127014, -0.0038594715297222137, -0.00263310968875885, -0.003918297588825226, -0.004570545628666878, -0.0023809298872947693, -0.00071699358522892, -0.0007606297731399536, -0.0033210106194019318, -0.007039692252874374, -0.005766605958342552, -0.0045529864728450775, -0.0062779951840639114, -0.005583606660366058]
ref [0.8239321708679199, 0.30698174238204956, 0.1501217633485794, 0.09708991646766663, 0.07314790785312653, 0.060390371829271317, 0.05813756585121155, 0.04341662675142288, 0.0405280664563179, 0.03464922308921814, 0.034357260912656784, 0.03032609261572361, 0.029038239270448685, 0.02530292235314846, 0.02396498993039131, 0.02255590260028839, 0.020922528579831123, 0.019682010635733604, 0.02037900686264038, 0.020217852666974068, 0.02327161654829979, 0.022344978526234627, 0.02098466083407402, 0.02247556671500206, 0.021150263026356697]
[0.621048092842102, 0.22460395097732544, 0.12820114195346832, 0.1143265962600708, 0.08389811962842941, 0.06598487496376038, 0.05185243487358093, 0.04606671631336212, 0.042183566838502884, 0.03784603625535965, 0.03265577554702759, 0.02770279534161091, 0.02517876774072647, 0.02266981266438961, 0.020046692341566086, 0.017985356971621513, 0.018541598692536354, 0.018965017050504684, 0.019618377089500427, 0.016896842047572136, 0.016231924295425415, 0.016578372567892075, 0.016431674361228943, 0.01619757153093815, 0.015566656365990639]
Training time: 4388 	steps per sec: 5
Eval num_timesteps=25600, episode_reward=nan +/- nan
Eval num_timesteps=25600, episode_success=nan +/- nan
se
16 16384 1024
diff [-0.20288407802581787, -0.08237779140472412, -0.021920621395111084, 0.017236679792404175, 0.010750211775302887, 0.0055945031344890594, -0.006285130977630615, 0.0026500895619392395, 0.0016555003821849823, 0.00319681316614151, -0.0017014853656291962, -0.0026232972741127014, -0.0038594715297222137, -0.00263310968875885, -0.003918297588825226, -0.004570545628666878, -0.0023809298872947693, -0.00071699358522892, -0.0007606297731399536, -0.0033210106194019318, -0.007039692252874374, -0.005766605958342552, -0.0045529864728450775, -0.0062779951840639114, -0.005583606660366058, -0.0073203397914767265]
ref [0.8239321708679199, 0.30698174238204956, 0.1501217633485794, 0.09708991646766663, 0.07314790785312653, 0.060390371829271317, 0.05813756585121155, 0.04341662675142288, 0.0405280664563179, 0.03464922308921814, 0.034357260912656784, 0.03032609261572361, 0.029038239270448685, 0.02530292235314846, 0.02396498993039131, 0.02255590260028839, 0.020922528579831123, 0.019682010635733604, 0.02037900686264038, 0.020217852666974068, 0.02327161654829979, 0.022344978526234627, 0.02098466083407402, 0.02247556671500206, 0.021150263026356697, 0.022649705410003662]
[0.621048092842102, 0.22460395097732544, 0.12820114195346832, 0.1143265962600708, 0.08389811962842941, 0.06598487496376038, 0.05185243487358093, 0.04606671631336212, 0.042183566838502884, 0.03784603625535965, 0.03265577554702759, 0.02770279534161091, 0.02517876774072647, 0.02266981266438961, 0.020046692341566086, 0.017985356971621513, 0.018541598692536354, 0.018965017050504684, 0.019618377089500427, 0.016896842047572136, 0.016231924295425415, 0.016578372567892075, 0.016431674361228943, 0.01619757153093815, 0.015566656365990639, 0.015329365618526936]
Training time: 4602 	steps per sec: 5
Eval num_timesteps=26624, episode_reward=nan +/- nan
Eval num_timesteps=26624, episode_success=nan +/- nan
se
16 16384 1024
diff [-0.20288407802581787, -0.08237779140472412, -0.021920621395111084, 0.017236679792404175, 0.010750211775302887, 0.0055945031344890594, -0.006285130977630615, 0.0026500895619392395, 0.0016555003821849823, 0.00319681316614151, -0.0017014853656291962, -0.0026232972741127014, -0.0038594715297222137, -0.00263310968875885, -0.003918297588825226, -0.004570545628666878, -0.0023809298872947693, -0.00071699358522892, -0.0007606297731399536, -0.0033210106194019318, -0.007039692252874374, -0.005766605958342552, -0.0045529864728450775, -0.0062779951840639114, -0.005583606660366058, -0.0073203397914767265, -0.0072130076587200165]
ref [0.8239321708679199, 0.30698174238204956, 0.1501217633485794, 0.09708991646766663, 0.07314790785312653, 0.060390371829271317, 0.05813756585121155, 0.04341662675142288, 0.0405280664563179, 0.03464922308921814, 0.034357260912656784, 0.03032609261572361, 0.029038239270448685, 0.02530292235314846, 0.02396498993039131, 0.02255590260028839, 0.020922528579831123, 0.019682010635733604, 0.02037900686264038, 0.020217852666974068, 0.02327161654829979, 0.022344978526234627, 0.02098466083407402, 0.02247556671500206, 0.021150263026356697, 0.022649705410003662, 0.02285822480916977]
[0.621048092842102, 0.22460395097732544, 0.12820114195346832, 0.1143265962600708, 0.08389811962842941, 0.06598487496376038, 0.05185243487358093, 0.04606671631336212, 0.042183566838502884, 0.03784603625535965, 0.03265577554702759, 0.02770279534161091, 0.02517876774072647, 0.02266981266438961, 0.020046692341566086, 0.017985356971621513, 0.018541598692536354, 0.018965017050504684, 0.019618377089500427, 0.016896842047572136, 0.016231924295425415, 0.016578372567892075, 0.016431674361228943, 0.01619757153093815, 0.015566656365990639, 0.015329365618526936, 0.015645217150449753]
Training time: 4819 	steps per sec: 5
Eval num_timesteps=27648, episode_reward=nan +/- nan
Eval num_timesteps=27648, episode_success=nan +/- nan
se
16 16384 1024
diff [-0.20288407802581787, -0.08237779140472412, -0.021920621395111084, 0.017236679792404175, 0.010750211775302887, 0.0055945031344890594, -0.006285130977630615, 0.0026500895619392395, 0.0016555003821849823, 0.00319681316614151, -0.0017014853656291962, -0.0026232972741127014, -0.0038594715297222137, -0.00263310968875885, -0.003918297588825226, -0.004570545628666878, -0.0023809298872947693, -0.00071699358522892, -0.0007606297731399536, -0.0033210106194019318, -0.007039692252874374, -0.005766605958342552, -0.0045529864728450775, -0.0062779951840639114, -0.005583606660366058, -0.0073203397914767265, -0.0072130076587200165, -0.0040640272200107574]
ref [0.8239321708679199, 0.30698174238204956, 0.1501217633485794, 0.09708991646766663, 0.07314790785312653, 0.060390371829271317, 0.05813756585121155, 0.04341662675142288, 0.0405280664563179, 0.03464922308921814, 0.034357260912656784, 0.03032609261572361, 0.029038239270448685, 0.02530292235314846, 0.02396498993039131, 0.02255590260028839, 0.020922528579831123, 0.019682010635733604, 0.02037900686264038, 0.020217852666974068, 0.02327161654829979, 0.022344978526234627, 0.02098466083407402, 0.02247556671500206, 0.021150263026356697, 0.022649705410003662, 0.02285822480916977, 0.020277077332139015]
[0.621048092842102, 0.22460395097732544, 0.12820114195346832, 0.1143265962600708, 0.08389811962842941, 0.06598487496376038, 0.05185243487358093, 0.04606671631336212, 0.042183566838502884, 0.03784603625535965, 0.03265577554702759, 0.02770279534161091, 0.02517876774072647, 0.02266981266438961, 0.020046692341566086, 0.017985356971621513, 0.018541598692536354, 0.018965017050504684, 0.019618377089500427, 0.016896842047572136, 0.016231924295425415, 0.016578372567892075, 0.016431674361228943, 0.01619757153093815, 0.015566656365990639, 0.015329365618526936, 0.015645217150449753, 0.016213050112128258]
Training time: 5037 	steps per sec: 5
Eval num_timesteps=28672, episode_reward=nan +/- nan
Eval num_timesteps=28672, episode_success=nan +/- nan
se
16 16384 1024
diff [-0.20288407802581787, -0.08237779140472412, -0.021920621395111084, 0.017236679792404175, 0.010750211775302887, 0.0055945031344890594, -0.006285130977630615, 0.0026500895619392395, 0.0016555003821849823, 0.00319681316614151, -0.0017014853656291962, -0.0026232972741127014, -0.0038594715297222137, -0.00263310968875885, -0.003918297588825226, -0.004570545628666878, -0.0023809298872947693, -0.00071699358522892, -0.0007606297731399536, -0.0033210106194019318, -0.007039692252874374, -0.005766605958342552, -0.0045529864728450775, -0.0062779951840639114, -0.005583606660366058, -0.0073203397914767265, -0.0072130076587200165, -0.0040640272200107574, -0.006507351994514465]
ref [0.8239321708679199, 0.30698174238204956, 0.1501217633485794, 0.09708991646766663, 0.07314790785312653, 0.060390371829271317, 0.05813756585121155, 0.04341662675142288, 0.0405280664563179, 0.03464922308921814, 0.034357260912656784, 0.03032609261572361, 0.029038239270448685, 0.02530292235314846, 0.02396498993039131, 0.02255590260028839, 0.020922528579831123, 0.019682010635733604, 0.02037900686264038, 0.020217852666974068, 0.02327161654829979, 0.022344978526234627, 0.02098466083407402, 0.02247556671500206, 0.021150263026356697, 0.022649705410003662, 0.02285822480916977, 0.020277077332139015, 0.02198123186826706]
[0.621048092842102, 0.22460395097732544, 0.12820114195346832, 0.1143265962600708, 0.08389811962842941, 0.06598487496376038, 0.05185243487358093, 0.04606671631336212, 0.042183566838502884, 0.03784603625535965, 0.03265577554702759, 0.02770279534161091, 0.02517876774072647, 0.02266981266438961, 0.020046692341566086, 0.017985356971621513, 0.018541598692536354, 0.018965017050504684, 0.019618377089500427, 0.016896842047572136, 0.016231924295425415, 0.016578372567892075, 0.016431674361228943, 0.01619757153093815, 0.015566656365990639, 0.015329365618526936, 0.015645217150449753, 0.016213050112128258, 0.015473879873752594]
Training time: 5267 	steps per sec: 5
Eval num_timesteps=29696, episode_reward=nan +/- nan
Eval num_timesteps=29696, episode_success=nan +/- nan
se
16 16384 1024
diff [-0.20288407802581787, -0.08237779140472412, -0.021920621395111084, 0.017236679792404175, 0.010750211775302887, 0.0055945031344890594, -0.006285130977630615, 0.0026500895619392395, 0.0016555003821849823, 0.00319681316614151, -0.0017014853656291962, -0.0026232972741127014, -0.0038594715297222137, -0.00263310968875885, -0.003918297588825226, -0.004570545628666878, -0.0023809298872947693, -0.00071699358522892, -0.0007606297731399536, -0.0033210106194019318, -0.007039692252874374, -0.005766605958342552, -0.0045529864728450775, -0.0062779951840639114, -0.005583606660366058, -0.0073203397914767265, -0.0072130076587200165, -0.0040640272200107574, -0.006507351994514465, -0.0054435133934021]
ref [0.8239321708679199, 0.30698174238204956, 0.1501217633485794, 0.09708991646766663, 0.07314790785312653, 0.060390371829271317, 0.05813756585121155, 0.04341662675142288, 0.0405280664563179, 0.03464922308921814, 0.034357260912656784, 0.03032609261572361, 0.029038239270448685, 0.02530292235314846, 0.02396498993039131, 0.02255590260028839, 0.020922528579831123, 0.019682010635733604, 0.02037900686264038, 0.020217852666974068, 0.02327161654829979, 0.022344978526234627, 0.02098466083407402, 0.02247556671500206, 0.021150263026356697, 0.022649705410003662, 0.02285822480916977, 0.020277077332139015, 0.02198123186826706, 0.021492931991815567]
[0.621048092842102, 0.22460395097732544, 0.12820114195346832, 0.1143265962600708, 0.08389811962842941, 0.06598487496376038, 0.05185243487358093, 0.04606671631336212, 0.042183566838502884, 0.03784603625535965, 0.03265577554702759, 0.02770279534161091, 0.02517876774072647, 0.02266981266438961, 0.020046692341566086, 0.017985356971621513, 0.018541598692536354, 0.018965017050504684, 0.019618377089500427, 0.016896842047572136, 0.016231924295425415, 0.016578372567892075, 0.016431674361228943, 0.01619757153093815, 0.015566656365990639, 0.015329365618526936, 0.015645217150449753, 0.016213050112128258, 0.015473879873752594, 0.016049418598413467]
Training time: 5506 	steps per sec: 5
Eval num_timesteps=30720, episode_reward=nan +/- nan
Eval num_timesteps=30720, episode_success=nan +/- nan
se
16 16384 1024
diff [-0.20288407802581787, -0.08237779140472412, -0.021920621395111084, 0.017236679792404175, 0.010750211775302887, 0.0055945031344890594, -0.006285130977630615, 0.0026500895619392395, 0.0016555003821849823, 0.00319681316614151, -0.0017014853656291962, -0.0026232972741127014, -0.0038594715297222137, -0.00263310968875885, -0.003918297588825226, -0.004570545628666878, -0.0023809298872947693, -0.00071699358522892, -0.0007606297731399536, -0.0033210106194019318, -0.007039692252874374, -0.005766605958342552, -0.0045529864728450775, -0.0062779951840639114, -0.005583606660366058, -0.0073203397914767265, -0.0072130076587200165, -0.0040640272200107574, -0.006507351994514465, -0.0054435133934021, -0.006776310503482819]
ref [0.8239321708679199, 0.30698174238204956, 0.1501217633485794, 0.09708991646766663, 0.07314790785312653, 0.060390371829271317, 0.05813756585121155, 0.04341662675142288, 0.0405280664563179, 0.03464922308921814, 0.034357260912656784, 0.03032609261572361, 0.029038239270448685, 0.02530292235314846, 0.02396498993039131, 0.02255590260028839, 0.020922528579831123, 0.019682010635733604, 0.02037900686264038, 0.020217852666974068, 0.02327161654829979, 0.022344978526234627, 0.02098466083407402, 0.02247556671500206, 0.021150263026356697, 0.022649705410003662, 0.02285822480916977, 0.020277077332139015, 0.02198123186826706, 0.021492931991815567, 0.022188380360603333]
[0.621048092842102, 0.22460395097732544, 0.12820114195346832, 0.1143265962600708, 0.08389811962842941, 0.06598487496376038, 0.05185243487358093, 0.04606671631336212, 0.042183566838502884, 0.03784603625535965, 0.03265577554702759, 0.02770279534161091, 0.02517876774072647, 0.02266981266438961, 0.020046692341566086, 0.017985356971621513, 0.018541598692536354, 0.018965017050504684, 0.019618377089500427, 0.016896842047572136, 0.016231924295425415, 0.016578372567892075, 0.016431674361228943, 0.01619757153093815, 0.015566656365990639, 0.015329365618526936, 0.015645217150449753, 0.016213050112128258, 0.015473879873752594, 0.016049418598413467, 0.015412069857120514]
Training time: 5756 	steps per sec: 5
Eval num_timesteps=31744, episode_reward=nan +/- nan
Eval num_timesteps=31744, episode_success=nan +/- nan
se
16 16384 1024
diff [-0.20288407802581787, -0.08237779140472412, -0.021920621395111084, 0.017236679792404175, 0.010750211775302887, 0.0055945031344890594, -0.006285130977630615, 0.0026500895619392395, 0.0016555003821849823, 0.00319681316614151, -0.0017014853656291962, -0.0026232972741127014, -0.0038594715297222137, -0.00263310968875885, -0.003918297588825226, -0.004570545628666878, -0.0023809298872947693, -0.00071699358522892, -0.0007606297731399536, -0.0033210106194019318, -0.007039692252874374, -0.005766605958342552, -0.0045529864728450775, -0.0062779951840639114, -0.005583606660366058, -0.0073203397914767265, -0.0072130076587200165, -0.0040640272200107574, -0.006507351994514465, -0.0054435133934021, -0.006776310503482819, -0.003771429881453514]
ref [0.8239321708679199, 0.30698174238204956, 0.1501217633485794, 0.09708991646766663, 0.07314790785312653, 0.060390371829271317, 0.05813756585121155, 0.04341662675142288, 0.0405280664563179, 0.03464922308921814, 0.034357260912656784, 0.03032609261572361, 0.029038239270448685, 0.02530292235314846, 0.02396498993039131, 0.02255590260028839, 0.020922528579831123, 0.019682010635733604, 0.02037900686264038, 0.020217852666974068, 0.02327161654829979, 0.022344978526234627, 0.02098466083407402, 0.02247556671500206, 0.021150263026356697, 0.022649705410003662, 0.02285822480916977, 0.020277077332139015, 0.02198123186826706, 0.021492931991815567, 0.022188380360603333, 0.020745741203427315]
[0.621048092842102, 0.22460395097732544, 0.12820114195346832, 0.1143265962600708, 0.08389811962842941, 0.06598487496376038, 0.05185243487358093, 0.04606671631336212, 0.042183566838502884, 0.03784603625535965, 0.03265577554702759, 0.02770279534161091, 0.02517876774072647, 0.02266981266438961, 0.020046692341566086, 0.017985356971621513, 0.018541598692536354, 0.018965017050504684, 0.019618377089500427, 0.016896842047572136, 0.016231924295425415, 0.016578372567892075, 0.016431674361228943, 0.01619757153093815, 0.015566656365990639, 0.015329365618526936, 0.015645217150449753, 0.016213050112128258, 0.015473879873752594, 0.016049418598413467, 0.015412069857120514, 0.0169743113219738]
Training time: 6007 	steps per sec: 5
Eval num_timesteps=32768, episode_reward=nan +/- nan
Eval num_timesteps=32768, episode_success=nan +/- nan
results/Ant-v4/
results/Ant-v4/ppo_ros/
results/Ant-v4/ppo_ros/expert/
results/Ant-v4/ppo_ros/expert/b_16/
results/Ant-v4/ppo_ros/expert/b_16/no_clip/
results/Ant-v4/ppo_ros/expert/b_16/no_clip/run_3/
results/Ant-v4/ppo_ros/expert/b_16/no_clip/run_3/stats.npz
results/Ant-v4/ppo_ros/expert/b_16/no_clip/run_3/config.yml
results/Ant-v4/ppo_ros/expert/b_16/no_clip/run_3/evaluations.npz
