ppo_ros_continuous.py --env-id Walker2d-v4 -s expert/b_16/no_clip --total-timesteps 32768 --eval-freq 1 --eval-episodes 0 -b 16 --num-steps 1024 -lr 0 --update-epochs 0 --anneal-lr 0 --ros-num-steps 256 --ros-update-epochs 16 --ros-target-kl 0.05 --ros-clip-coef 999999999 --ros-lambda 0.1 -ros-lr 0.001 --ros-anneal-lr 0 --se 1 --se-freq 1 --se-lr 1e-3 --se-epochs 1000 --policy-path policies/Walker2d-v4/best_model.zip --normalization-dir policies/Walker2d-v4
Obtaining file:///var/lib/condor/execute/slot1/dir_8378/PPOROS/PPOROS/custom-envs
  Preparing metadata (setup.py): started
  Preparing metadata (setup.py): finished with status 'done'
Requirement already satisfied: gym in /var/lib/condor/execute/slot1/dir_8378/PPOROS/ppo-ros_env/lib/python3.9/site-packages (from custom-envs==0.0.1) (0.21.0)
Requirement already satisfied: numpy>=1.18.0 in /var/lib/condor/execute/slot1/dir_8378/PPOROS/ppo-ros_env/lib/python3.9/site-packages (from gym->custom-envs==0.0.1) (1.24.2)
Requirement already satisfied: cloudpickle>=1.2.0 in /var/lib/condor/execute/slot1/dir_8378/PPOROS/ppo-ros_env/lib/python3.9/site-packages (from gym->custom-envs==0.0.1) (2.2.1)
Installing collected packages: custom-envs
  Running setup.py develop for custom-envs
Successfully installed custom-envs-0.0.1
seed: 3
Eval num_timesteps=0, episode_reward=nan +/- nan
Eval num_timesteps=0, episode_success=nan +/- nan
se
1 1024 1024
diff [-0.06325513124465942]
ref [0.30558648705482483]
[0.2423313558101654]
Training time: 36 	steps per sec: 28
Eval num_timesteps=1024, episode_reward=nan +/- nan
Eval num_timesteps=1024, episode_success=nan +/- nan
se
2 2048 1024
diff [-0.06325513124465942, -0.04593656212091446]
ref [0.30558648705482483, 0.1615263670682907]
[0.2423313558101654, 0.11558980494737625]
Training time: 83 	steps per sec: 24
Eval num_timesteps=2048, episode_reward=nan +/- nan
Eval num_timesteps=2048, episode_success=nan +/- nan
se
3 3072 1024
diff [-0.06325513124465942, -0.04593656212091446, 0.011795274913311005]
ref [0.30558648705482483, 0.1615263670682907, 0.08067766577005386]
[0.2423313558101654, 0.11558980494737625, 0.09247294068336487]
Training time: 145 	steps per sec: 21
Eval num_timesteps=3072, episode_reward=nan +/- nan
Eval num_timesteps=3072, episode_success=nan +/- nan
se
4 4096 1024
diff [-0.06325513124465942, -0.04593656212091446, 0.011795274913311005, -0.005544021725654602]
ref [0.30558648705482483, 0.1615263670682907, 0.08067766577005386, 0.06723443418741226]
[0.2423313558101654, 0.11558980494737625, 0.09247294068336487, 0.06169041246175766]
Training time: 217 	steps per sec: 18
Eval num_timesteps=4096, episode_reward=nan +/- nan
Eval num_timesteps=4096, episode_success=nan +/- nan
se
5 5120 1024
diff [-0.06325513124465942, -0.04593656212091446, 0.011795274913311005, -0.005544021725654602, 0.002811763435602188]
ref [0.30558648705482483, 0.1615263670682907, 0.08067766577005386, 0.06723443418741226, 0.04787464812397957]
[0.2423313558101654, 0.11558980494737625, 0.09247294068336487, 0.06169041246175766, 0.05068641155958176]
Training time: 302 	steps per sec: 16
Eval num_timesteps=5120, episode_reward=nan +/- nan
Eval num_timesteps=5120, episode_success=nan +/- nan
se
6 6144 1024
diff [-0.06325513124465942, -0.04593656212091446, 0.011795274913311005, -0.005544021725654602, 0.002811763435602188, -0.004195544868707657]
ref [0.30558648705482483, 0.1615263670682907, 0.08067766577005386, 0.06723443418741226, 0.04787464812397957, 0.04374115541577339]
[0.2423313558101654, 0.11558980494737625, 0.09247294068336487, 0.06169041246175766, 0.05068641155958176, 0.039545610547065735]
Training time: 400 	steps per sec: 15
Eval num_timesteps=6144, episode_reward=nan +/- nan
Eval num_timesteps=6144, episode_success=nan +/- nan
se
7 7168 1024
diff [-0.06325513124465942, -0.04593656212091446, 0.011795274913311005, -0.005544021725654602, 0.002811763435602188, -0.004195544868707657, -0.0014198794960975647]
ref [0.30558648705482483, 0.1615263670682907, 0.08067766577005386, 0.06723443418741226, 0.04787464812397957, 0.04374115541577339, 0.036928627640008926]
[0.2423313558101654, 0.11558980494737625, 0.09247294068336487, 0.06169041246175766, 0.05068641155958176, 0.039545610547065735, 0.03550874814391136]
Training time: 511 	steps per sec: 14
Eval num_timesteps=7168, episode_reward=nan +/- nan
Eval num_timesteps=7168, episode_success=nan +/- nan
se
8 8192 1024
diff [-0.06325513124465942, -0.04593656212091446, 0.011795274913311005, -0.005544021725654602, 0.002811763435602188, -0.004195544868707657, -0.0014198794960975647, -0.006159592419862747]
ref [0.30558648705482483, 0.1615263670682907, 0.08067766577005386, 0.06723443418741226, 0.04787464812397957, 0.04374115541577339, 0.036928627640008926, 0.03603610396385193]
[0.2423313558101654, 0.11558980494737625, 0.09247294068336487, 0.06169041246175766, 0.05068641155958176, 0.039545610547065735, 0.03550874814391136, 0.02987651154398918]
Training time: 632 	steps per sec: 12
Eval num_timesteps=8192, episode_reward=nan +/- nan
Eval num_timesteps=8192, episode_success=nan +/- nan
se
9 9216 1024
diff [-0.06325513124465942, -0.04593656212091446, 0.011795274913311005, -0.005544021725654602, 0.002811763435602188, -0.004195544868707657, -0.0014198794960975647, -0.006159592419862747, -0.0037339292466640472]
ref [0.30558648705482483, 0.1615263670682907, 0.08067766577005386, 0.06723443418741226, 0.04787464812397957, 0.04374115541577339, 0.036928627640008926, 0.03603610396385193, 0.029519034549593925]
[0.2423313558101654, 0.11558980494737625, 0.09247294068336487, 0.06169041246175766, 0.05068641155958176, 0.039545610547065735, 0.03550874814391136, 0.02987651154398918, 0.025785105302929878]
Training time: 768 	steps per sec: 11
Eval num_timesteps=9216, episode_reward=nan +/- nan
Eval num_timesteps=9216, episode_success=nan +/- nan
se
10 10240 1024
diff [-0.06325513124465942, -0.04593656212091446, 0.011795274913311005, -0.005544021725654602, 0.002811763435602188, -0.004195544868707657, -0.0014198794960975647, -0.006159592419862747, -0.0037339292466640472, -0.004447245970368385]
ref [0.30558648705482483, 0.1615263670682907, 0.08067766577005386, 0.06723443418741226, 0.04787464812397957, 0.04374115541577339, 0.036928627640008926, 0.03603610396385193, 0.029519034549593925, 0.024967018514871597]
[0.2423313558101654, 0.11558980494737625, 0.09247294068336487, 0.06169041246175766, 0.05068641155958176, 0.039545610547065735, 0.03550874814391136, 0.02987651154398918, 0.025785105302929878, 0.020519772544503212]
Training time: 916 	steps per sec: 11
Eval num_timesteps=10240, episode_reward=nan +/- nan
Eval num_timesteps=10240, episode_success=nan +/- nan
se
11 11264 1024
diff [-0.06325513124465942, -0.04593656212091446, 0.011795274913311005, -0.005544021725654602, 0.002811763435602188, -0.004195544868707657, -0.0014198794960975647, -0.006159592419862747, -0.0037339292466640472, -0.004447245970368385, -0.001614004373550415]
ref [0.30558648705482483, 0.1615263670682907, 0.08067766577005386, 0.06723443418741226, 0.04787464812397957, 0.04374115541577339, 0.036928627640008926, 0.03603610396385193, 0.029519034549593925, 0.024967018514871597, 0.019290439784526825]
[0.2423313558101654, 0.11558980494737625, 0.09247294068336487, 0.06169041246175766, 0.05068641155958176, 0.039545610547065735, 0.03550874814391136, 0.02987651154398918, 0.025785105302929878, 0.020519772544503212, 0.01767643541097641]
Training time: 1080 	steps per sec: 10
Eval num_timesteps=11264, episode_reward=nan +/- nan
Eval num_timesteps=11264, episode_success=nan +/- nan
se
12 12288 1024
diff [-0.06325513124465942, -0.04593656212091446, 0.011795274913311005, -0.005544021725654602, 0.002811763435602188, -0.004195544868707657, -0.0014198794960975647, -0.006159592419862747, -0.0037339292466640472, -0.004447245970368385, -0.001614004373550415, -0.006072370335459709]
ref [0.30558648705482483, 0.1615263670682907, 0.08067766577005386, 0.06723443418741226, 0.04787464812397957, 0.04374115541577339, 0.036928627640008926, 0.03603610396385193, 0.029519034549593925, 0.024967018514871597, 0.019290439784526825, 0.021862514317035675]
[0.2423313558101654, 0.11558980494737625, 0.09247294068336487, 0.06169041246175766, 0.05068641155958176, 0.039545610547065735, 0.03550874814391136, 0.02987651154398918, 0.025785105302929878, 0.020519772544503212, 0.01767643541097641, 0.015790143981575966]
Training time: 1252 	steps per sec: 9
Eval num_timesteps=12288, episode_reward=nan +/- nan
Eval num_timesteps=12288, episode_success=nan +/- nan
se
13 13312 1024
diff [-0.06325513124465942, -0.04593656212091446, 0.011795274913311005, -0.005544021725654602, 0.002811763435602188, -0.004195544868707657, -0.0014198794960975647, -0.006159592419862747, -0.0037339292466640472, -0.004447245970368385, -0.001614004373550415, -0.006072370335459709, -0.008225551806390285]
ref [0.30558648705482483, 0.1615263670682907, 0.08067766577005386, 0.06723443418741226, 0.04787464812397957, 0.04374115541577339, 0.036928627640008926, 0.03603610396385193, 0.029519034549593925, 0.024967018514871597, 0.019290439784526825, 0.021862514317035675, 0.02233150415122509]
[0.2423313558101654, 0.11558980494737625, 0.09247294068336487, 0.06169041246175766, 0.05068641155958176, 0.039545610547065735, 0.03550874814391136, 0.02987651154398918, 0.025785105302929878, 0.020519772544503212, 0.01767643541097641, 0.015790143981575966, 0.014105952344834805]
Training time: 1425 	steps per sec: 9
Eval num_timesteps=13312, episode_reward=nan +/- nan
Eval num_timesteps=13312, episode_success=nan +/- nan
se
14 14336 1024
diff [-0.06325513124465942, -0.04593656212091446, 0.011795274913311005, -0.005544021725654602, 0.002811763435602188, -0.004195544868707657, -0.0014198794960975647, -0.006159592419862747, -0.0037339292466640472, -0.004447245970368385, -0.001614004373550415, -0.006072370335459709, -0.008225551806390285, -0.005294381640851498]
ref [0.30558648705482483, 0.1615263670682907, 0.08067766577005386, 0.06723443418741226, 0.04787464812397957, 0.04374115541577339, 0.036928627640008926, 0.03603610396385193, 0.029519034549593925, 0.024967018514871597, 0.019290439784526825, 0.021862514317035675, 0.02233150415122509, 0.017602773383259773]
[0.2423313558101654, 0.11558980494737625, 0.09247294068336487, 0.06169041246175766, 0.05068641155958176, 0.039545610547065735, 0.03550874814391136, 0.02987651154398918, 0.025785105302929878, 0.020519772544503212, 0.01767643541097641, 0.015790143981575966, 0.014105952344834805, 0.012308391742408276]
Training time: 1612 	steps per sec: 8
Eval num_timesteps=14336, episode_reward=nan +/- nan
Eval num_timesteps=14336, episode_success=nan +/- nan
se
15 15360 1024
diff [-0.06325513124465942, -0.04593656212091446, 0.011795274913311005, -0.005544021725654602, 0.002811763435602188, -0.004195544868707657, -0.0014198794960975647, -0.006159592419862747, -0.0037339292466640472, -0.004447245970368385, -0.001614004373550415, -0.006072370335459709, -0.008225551806390285, -0.005294381640851498, -0.004863813519477844]
ref [0.30558648705482483, 0.1615263670682907, 0.08067766577005386, 0.06723443418741226, 0.04787464812397957, 0.04374115541577339, 0.036928627640008926, 0.03603610396385193, 0.029519034549593925, 0.024967018514871597, 0.019290439784526825, 0.021862514317035675, 0.02233150415122509, 0.017602773383259773, 0.01692437008023262]
[0.2423313558101654, 0.11558980494737625, 0.09247294068336487, 0.06169041246175766, 0.05068641155958176, 0.039545610547065735, 0.03550874814391136, 0.02987651154398918, 0.025785105302929878, 0.020519772544503212, 0.01767643541097641, 0.015790143981575966, 0.014105952344834805, 0.012308391742408276, 0.012060556560754776]
Training time: 1814 	steps per sec: 8
Eval num_timesteps=15360, episode_reward=nan +/- nan
Eval num_timesteps=15360, episode_success=nan +/- nan
se
16 16384 1024
diff [-0.06325513124465942, -0.04593656212091446, 0.011795274913311005, -0.005544021725654602, 0.002811763435602188, -0.004195544868707657, -0.0014198794960975647, -0.006159592419862747, -0.0037339292466640472, -0.004447245970368385, -0.001614004373550415, -0.006072370335459709, -0.008225551806390285, -0.005294381640851498, -0.004863813519477844, -0.003338996320962906]
ref [0.30558648705482483, 0.1615263670682907, 0.08067766577005386, 0.06723443418741226, 0.04787464812397957, 0.04374115541577339, 0.036928627640008926, 0.03603610396385193, 0.029519034549593925, 0.024967018514871597, 0.019290439784526825, 0.021862514317035675, 0.02233150415122509, 0.017602773383259773, 0.01692437008023262, 0.014712203294038773]
[0.2423313558101654, 0.11558980494737625, 0.09247294068336487, 0.06169041246175766, 0.05068641155958176, 0.039545610547065735, 0.03550874814391136, 0.02987651154398918, 0.025785105302929878, 0.020519772544503212, 0.01767643541097641, 0.015790143981575966, 0.014105952344834805, 0.012308391742408276, 0.012060556560754776, 0.011373206973075867]
Training time: 2024 	steps per sec: 8
Eval num_timesteps=16384, episode_reward=nan +/- nan
Eval num_timesteps=16384, episode_success=nan +/- nan
se
16 16384 1024
diff [-0.06325513124465942, -0.04593656212091446, 0.011795274913311005, -0.005544021725654602, 0.002811763435602188, -0.004195544868707657, -0.0014198794960975647, -0.006159592419862747, -0.0037339292466640472, -0.004447245970368385, -0.001614004373550415, -0.006072370335459709, -0.008225551806390285, -0.005294381640851498, -0.004863813519477844, -0.003338996320962906, -0.004494164139032364]
ref [0.30558648705482483, 0.1615263670682907, 0.08067766577005386, 0.06723443418741226, 0.04787464812397957, 0.04374115541577339, 0.036928627640008926, 0.03603610396385193, 0.029519034549593925, 0.024967018514871597, 0.019290439784526825, 0.021862514317035675, 0.02233150415122509, 0.017602773383259773, 0.01692437008023262, 0.014712203294038773, 0.01623779535293579]
[0.2423313558101654, 0.11558980494737625, 0.09247294068336487, 0.06169041246175766, 0.05068641155958176, 0.039545610547065735, 0.03550874814391136, 0.02987651154398918, 0.025785105302929878, 0.020519772544503212, 0.01767643541097641, 0.015790143981575966, 0.014105952344834805, 0.012308391742408276, 0.012060556560754776, 0.011373206973075867, 0.011743631213903427]
Training time: 2240 	steps per sec: 7
Eval num_timesteps=17408, episode_reward=nan +/- nan
Eval num_timesteps=17408, episode_success=nan +/- nan
se
16 16384 1024
diff [-0.06325513124465942, -0.04593656212091446, 0.011795274913311005, -0.005544021725654602, 0.002811763435602188, -0.004195544868707657, -0.0014198794960975647, -0.006159592419862747, -0.0037339292466640472, -0.004447245970368385, -0.001614004373550415, -0.006072370335459709, -0.008225551806390285, -0.005294381640851498, -0.004863813519477844, -0.003338996320962906, -0.004494164139032364, -0.004059306345880032]
ref [0.30558648705482483, 0.1615263670682907, 0.08067766577005386, 0.06723443418741226, 0.04787464812397957, 0.04374115541577339, 0.036928627640008926, 0.03603610396385193, 0.029519034549593925, 0.024967018514871597, 0.019290439784526825, 0.021862514317035675, 0.02233150415122509, 0.017602773383259773, 0.01692437008023262, 0.014712203294038773, 0.01623779535293579, 0.015319546684622765]
[0.2423313558101654, 0.11558980494737625, 0.09247294068336487, 0.06169041246175766, 0.05068641155958176, 0.039545610547065735, 0.03550874814391136, 0.02987651154398918, 0.025785105302929878, 0.020519772544503212, 0.01767643541097641, 0.015790143981575966, 0.014105952344834805, 0.012308391742408276, 0.012060556560754776, 0.011373206973075867, 0.011743631213903427, 0.011260240338742733]
Training time: 2453 	steps per sec: 7
Eval num_timesteps=18432, episode_reward=nan +/- nan
Eval num_timesteps=18432, episode_success=nan +/- nan
se
16 16384 1024
diff [-0.06325513124465942, -0.04593656212091446, 0.011795274913311005, -0.005544021725654602, 0.002811763435602188, -0.004195544868707657, -0.0014198794960975647, -0.006159592419862747, -0.0037339292466640472, -0.004447245970368385, -0.001614004373550415, -0.006072370335459709, -0.008225551806390285, -0.005294381640851498, -0.004863813519477844, -0.003338996320962906, -0.004494164139032364, -0.004059306345880032, -0.004018139094114304]
ref [0.30558648705482483, 0.1615263670682907, 0.08067766577005386, 0.06723443418741226, 0.04787464812397957, 0.04374115541577339, 0.036928627640008926, 0.03603610396385193, 0.029519034549593925, 0.024967018514871597, 0.019290439784526825, 0.021862514317035675, 0.02233150415122509, 0.017602773383259773, 0.01692437008023262, 0.014712203294038773, 0.01623779535293579, 0.015319546684622765, 0.015271421521902084]
[0.2423313558101654, 0.11558980494737625, 0.09247294068336487, 0.06169041246175766, 0.05068641155958176, 0.039545610547065735, 0.03550874814391136, 0.02987651154398918, 0.025785105302929878, 0.020519772544503212, 0.01767643541097641, 0.015790143981575966, 0.014105952344834805, 0.012308391742408276, 0.012060556560754776, 0.011373206973075867, 0.011743631213903427, 0.011260240338742733, 0.01125328242778778]
Training time: 2654 	steps per sec: 7
Eval num_timesteps=19456, episode_reward=nan +/- nan
Eval num_timesteps=19456, episode_success=nan +/- nan
se
16 16384 1024
diff [-0.06325513124465942, -0.04593656212091446, 0.011795274913311005, -0.005544021725654602, 0.002811763435602188, -0.004195544868707657, -0.0014198794960975647, -0.006159592419862747, -0.0037339292466640472, -0.004447245970368385, -0.001614004373550415, -0.006072370335459709, -0.008225551806390285, -0.005294381640851498, -0.004863813519477844, -0.003338996320962906, -0.004494164139032364, -0.004059306345880032, -0.004018139094114304, -0.006476953625679016]
ref [0.30558648705482483, 0.1615263670682907, 0.08067766577005386, 0.06723443418741226, 0.04787464812397957, 0.04374115541577339, 0.036928627640008926, 0.03603610396385193, 0.029519034549593925, 0.024967018514871597, 0.019290439784526825, 0.021862514317035675, 0.02233150415122509, 0.017602773383259773, 0.01692437008023262, 0.014712203294038773, 0.01623779535293579, 0.015319546684622765, 0.015271421521902084, 0.01850174181163311]
[0.2423313558101654, 0.11558980494737625, 0.09247294068336487, 0.06169041246175766, 0.05068641155958176, 0.039545610547065735, 0.03550874814391136, 0.02987651154398918, 0.025785105302929878, 0.020519772544503212, 0.01767643541097641, 0.015790143981575966, 0.014105952344834805, 0.012308391742408276, 0.012060556560754776, 0.011373206973075867, 0.011743631213903427, 0.011260240338742733, 0.01125328242778778, 0.012024788185954094]
Training time: 2855 	steps per sec: 7
Eval num_timesteps=20480, episode_reward=nan +/- nan
Eval num_timesteps=20480, episode_success=nan +/- nan
se
16 16384 1024
diff [-0.06325513124465942, -0.04593656212091446, 0.011795274913311005, -0.005544021725654602, 0.002811763435602188, -0.004195544868707657, -0.0014198794960975647, -0.006159592419862747, -0.0037339292466640472, -0.004447245970368385, -0.001614004373550415, -0.006072370335459709, -0.008225551806390285, -0.005294381640851498, -0.004863813519477844, -0.003338996320962906, -0.004494164139032364, -0.004059306345880032, -0.004018139094114304, -0.006476953625679016, -0.0026757381856441498]
ref [0.30558648705482483, 0.1615263670682907, 0.08067766577005386, 0.06723443418741226, 0.04787464812397957, 0.04374115541577339, 0.036928627640008926, 0.03603610396385193, 0.029519034549593925, 0.024967018514871597, 0.019290439784526825, 0.021862514317035675, 0.02233150415122509, 0.017602773383259773, 0.01692437008023262, 0.014712203294038773, 0.01623779535293579, 0.015319546684622765, 0.015271421521902084, 0.01850174181163311, 0.014877966605126858]
[0.2423313558101654, 0.11558980494737625, 0.09247294068336487, 0.06169041246175766, 0.05068641155958176, 0.039545610547065735, 0.03550874814391136, 0.02987651154398918, 0.025785105302929878, 0.020519772544503212, 0.01767643541097641, 0.015790143981575966, 0.014105952344834805, 0.012308391742408276, 0.012060556560754776, 0.011373206973075867, 0.011743631213903427, 0.011260240338742733, 0.01125328242778778, 0.012024788185954094, 0.012202228419482708]
Training time: 3055 	steps per sec: 7
Eval num_timesteps=21504, episode_reward=nan +/- nan
Eval num_timesteps=21504, episode_success=nan +/- nan
se
16 16384 1024
diff [-0.06325513124465942, -0.04593656212091446, 0.011795274913311005, -0.005544021725654602, 0.002811763435602188, -0.004195544868707657, -0.0014198794960975647, -0.006159592419862747, -0.0037339292466640472, -0.004447245970368385, -0.001614004373550415, -0.006072370335459709, -0.008225551806390285, -0.005294381640851498, -0.004863813519477844, -0.003338996320962906, -0.004494164139032364, -0.004059306345880032, -0.004018139094114304, -0.006476953625679016, -0.0026757381856441498, -0.00576656311750412]
ref [0.30558648705482483, 0.1615263670682907, 0.08067766577005386, 0.06723443418741226, 0.04787464812397957, 0.04374115541577339, 0.036928627640008926, 0.03603610396385193, 0.029519034549593925, 0.024967018514871597, 0.019290439784526825, 0.021862514317035675, 0.02233150415122509, 0.017602773383259773, 0.01692437008023262, 0.014712203294038773, 0.01623779535293579, 0.015319546684622765, 0.015271421521902084, 0.01850174181163311, 0.014877966605126858, 0.017327124252915382]
[0.2423313558101654, 0.11558980494737625, 0.09247294068336487, 0.06169041246175766, 0.05068641155958176, 0.039545610547065735, 0.03550874814391136, 0.02987651154398918, 0.025785105302929878, 0.020519772544503212, 0.01767643541097641, 0.015790143981575966, 0.014105952344834805, 0.012308391742408276, 0.012060556560754776, 0.011373206973075867, 0.011743631213903427, 0.011260240338742733, 0.01125328242778778, 0.012024788185954094, 0.012202228419482708, 0.011560561135411263]
Training time: 3251 	steps per sec: 6
Eval num_timesteps=22528, episode_reward=nan +/- nan
Eval num_timesteps=22528, episode_success=nan +/- nan
se
16 16384 1024
diff [-0.06325513124465942, -0.04593656212091446, 0.011795274913311005, -0.005544021725654602, 0.002811763435602188, -0.004195544868707657, -0.0014198794960975647, -0.006159592419862747, -0.0037339292466640472, -0.004447245970368385, -0.001614004373550415, -0.006072370335459709, -0.008225551806390285, -0.005294381640851498, -0.004863813519477844, -0.003338996320962906, -0.004494164139032364, -0.004059306345880032, -0.004018139094114304, -0.006476953625679016, -0.0026757381856441498, -0.00576656311750412, -0.0035731494426727295]
ref [0.30558648705482483, 0.1615263670682907, 0.08067766577005386, 0.06723443418741226, 0.04787464812397957, 0.04374115541577339, 0.036928627640008926, 0.03603610396385193, 0.029519034549593925, 0.024967018514871597, 0.019290439784526825, 0.021862514317035675, 0.02233150415122509, 0.017602773383259773, 0.01692437008023262, 0.014712203294038773, 0.01623779535293579, 0.015319546684622765, 0.015271421521902084, 0.01850174181163311, 0.014877966605126858, 0.017327124252915382, 0.016127852723002434]
[0.2423313558101654, 0.11558980494737625, 0.09247294068336487, 0.06169041246175766, 0.05068641155958176, 0.039545610547065735, 0.03550874814391136, 0.02987651154398918, 0.025785105302929878, 0.020519772544503212, 0.01767643541097641, 0.015790143981575966, 0.014105952344834805, 0.012308391742408276, 0.012060556560754776, 0.011373206973075867, 0.011743631213903427, 0.011260240338742733, 0.01125328242778778, 0.012024788185954094, 0.012202228419482708, 0.011560561135411263, 0.012554703280329704]
Training time: 3449 	steps per sec: 6
Eval num_timesteps=23552, episode_reward=nan +/- nan
Eval num_timesteps=23552, episode_success=nan +/- nan
se
16 16384 1024
diff [-0.06325513124465942, -0.04593656212091446, 0.011795274913311005, -0.005544021725654602, 0.002811763435602188, -0.004195544868707657, -0.0014198794960975647, -0.006159592419862747, -0.0037339292466640472, -0.004447245970368385, -0.001614004373550415, -0.006072370335459709, -0.008225551806390285, -0.005294381640851498, -0.004863813519477844, -0.003338996320962906, -0.004494164139032364, -0.004059306345880032, -0.004018139094114304, -0.006476953625679016, -0.0026757381856441498, -0.00576656311750412, -0.0035731494426727295, -0.00442527886480093]
ref [0.30558648705482483, 0.1615263670682907, 0.08067766577005386, 0.06723443418741226, 0.04787464812397957, 0.04374115541577339, 0.036928627640008926, 0.03603610396385193, 0.029519034549593925, 0.024967018514871597, 0.019290439784526825, 0.021862514317035675, 0.02233150415122509, 0.017602773383259773, 0.01692437008023262, 0.014712203294038773, 0.01623779535293579, 0.015319546684622765, 0.015271421521902084, 0.01850174181163311, 0.014877966605126858, 0.017327124252915382, 0.016127852723002434, 0.01739978976547718]
[0.2423313558101654, 0.11558980494737625, 0.09247294068336487, 0.06169041246175766, 0.05068641155958176, 0.039545610547065735, 0.03550874814391136, 0.02987651154398918, 0.025785105302929878, 0.020519772544503212, 0.01767643541097641, 0.015790143981575966, 0.014105952344834805, 0.012308391742408276, 0.012060556560754776, 0.011373206973075867, 0.011743631213903427, 0.011260240338742733, 0.01125328242778778, 0.012024788185954094, 0.012202228419482708, 0.011560561135411263, 0.012554703280329704, 0.01297451090067625]
Training time: 3650 	steps per sec: 6
Eval num_timesteps=24576, episode_reward=nan +/- nan
Eval num_timesteps=24576, episode_success=nan +/- nan
se
16 16384 1024
diff [-0.06325513124465942, -0.04593656212091446, 0.011795274913311005, -0.005544021725654602, 0.002811763435602188, -0.004195544868707657, -0.0014198794960975647, -0.006159592419862747, -0.0037339292466640472, -0.004447245970368385, -0.001614004373550415, -0.006072370335459709, -0.008225551806390285, -0.005294381640851498, -0.004863813519477844, -0.003338996320962906, -0.004494164139032364, -0.004059306345880032, -0.004018139094114304, -0.006476953625679016, -0.0026757381856441498, -0.00576656311750412, -0.0035731494426727295, -0.00442527886480093, -0.0026324382051825523]
ref [0.30558648705482483, 0.1615263670682907, 0.08067766577005386, 0.06723443418741226, 0.04787464812397957, 0.04374115541577339, 0.036928627640008926, 0.03603610396385193, 0.029519034549593925, 0.024967018514871597, 0.019290439784526825, 0.021862514317035675, 0.02233150415122509, 0.017602773383259773, 0.01692437008023262, 0.014712203294038773, 0.01623779535293579, 0.015319546684622765, 0.015271421521902084, 0.01850174181163311, 0.014877966605126858, 0.017327124252915382, 0.016127852723002434, 0.01739978976547718, 0.015109986066818237]
[0.2423313558101654, 0.11558980494737625, 0.09247294068336487, 0.06169041246175766, 0.05068641155958176, 0.039545610547065735, 0.03550874814391136, 0.02987651154398918, 0.025785105302929878, 0.020519772544503212, 0.01767643541097641, 0.015790143981575966, 0.014105952344834805, 0.012308391742408276, 0.012060556560754776, 0.011373206973075867, 0.011743631213903427, 0.011260240338742733, 0.01125328242778778, 0.012024788185954094, 0.012202228419482708, 0.011560561135411263, 0.012554703280329704, 0.01297451090067625, 0.012477547861635685]
Training time: 3854 	steps per sec: 6
Eval num_timesteps=25600, episode_reward=nan +/- nan
Eval num_timesteps=25600, episode_success=nan +/- nan
se
16 16384 1024
diff [-0.06325513124465942, -0.04593656212091446, 0.011795274913311005, -0.005544021725654602, 0.002811763435602188, -0.004195544868707657, -0.0014198794960975647, -0.006159592419862747, -0.0037339292466640472, -0.004447245970368385, -0.001614004373550415, -0.006072370335459709, -0.008225551806390285, -0.005294381640851498, -0.004863813519477844, -0.003338996320962906, -0.004494164139032364, -0.004059306345880032, -0.004018139094114304, -0.006476953625679016, -0.0026757381856441498, -0.00576656311750412, -0.0035731494426727295, -0.00442527886480093, -0.0026324382051825523, -0.0022792089730501175]
ref [0.30558648705482483, 0.1615263670682907, 0.08067766577005386, 0.06723443418741226, 0.04787464812397957, 0.04374115541577339, 0.036928627640008926, 0.03603610396385193, 0.029519034549593925, 0.024967018514871597, 0.019290439784526825, 0.021862514317035675, 0.02233150415122509, 0.017602773383259773, 0.01692437008023262, 0.014712203294038773, 0.01623779535293579, 0.015319546684622765, 0.015271421521902084, 0.01850174181163311, 0.014877966605126858, 0.017327124252915382, 0.016127852723002434, 0.01739978976547718, 0.015109986066818237, 0.015664201229810715]
[0.2423313558101654, 0.11558980494737625, 0.09247294068336487, 0.06169041246175766, 0.05068641155958176, 0.039545610547065735, 0.03550874814391136, 0.02987651154398918, 0.025785105302929878, 0.020519772544503212, 0.01767643541097641, 0.015790143981575966, 0.014105952344834805, 0.012308391742408276, 0.012060556560754776, 0.011373206973075867, 0.011743631213903427, 0.011260240338742733, 0.01125328242778778, 0.012024788185954094, 0.012202228419482708, 0.011560561135411263, 0.012554703280329704, 0.01297451090067625, 0.012477547861635685, 0.013384992256760597]
Training time: 4061 	steps per sec: 6
Eval num_timesteps=26624, episode_reward=nan +/- nan
Eval num_timesteps=26624, episode_success=nan +/- nan
se
16 16384 1024
diff [-0.06325513124465942, -0.04593656212091446, 0.011795274913311005, -0.005544021725654602, 0.002811763435602188, -0.004195544868707657, -0.0014198794960975647, -0.006159592419862747, -0.0037339292466640472, -0.004447245970368385, -0.001614004373550415, -0.006072370335459709, -0.008225551806390285, -0.005294381640851498, -0.004863813519477844, -0.003338996320962906, -0.004494164139032364, -0.004059306345880032, -0.004018139094114304, -0.006476953625679016, -0.0026757381856441498, -0.00576656311750412, -0.0035731494426727295, -0.00442527886480093, -0.0026324382051825523, -0.0022792089730501175, -0.004298536106944084]
ref [0.30558648705482483, 0.1615263670682907, 0.08067766577005386, 0.06723443418741226, 0.04787464812397957, 0.04374115541577339, 0.036928627640008926, 0.03603610396385193, 0.029519034549593925, 0.024967018514871597, 0.019290439784526825, 0.021862514317035675, 0.02233150415122509, 0.017602773383259773, 0.01692437008023262, 0.014712203294038773, 0.01623779535293579, 0.015319546684622765, 0.015271421521902084, 0.01850174181163311, 0.014877966605126858, 0.017327124252915382, 0.016127852723002434, 0.01739978976547718, 0.015109986066818237, 0.015664201229810715, 0.01718083769083023]
[0.2423313558101654, 0.11558980494737625, 0.09247294068336487, 0.06169041246175766, 0.05068641155958176, 0.039545610547065735, 0.03550874814391136, 0.02987651154398918, 0.025785105302929878, 0.020519772544503212, 0.01767643541097641, 0.015790143981575966, 0.014105952344834805, 0.012308391742408276, 0.012060556560754776, 0.011373206973075867, 0.011743631213903427, 0.011260240338742733, 0.01125328242778778, 0.012024788185954094, 0.012202228419482708, 0.011560561135411263, 0.012554703280329704, 0.01297451090067625, 0.012477547861635685, 0.013384992256760597, 0.012882301583886147]
Training time: 4268 	steps per sec: 6
Eval num_timesteps=27648, episode_reward=nan +/- nan
Eval num_timesteps=27648, episode_success=nan +/- nan
se
16 16384 1024
diff [-0.06325513124465942, -0.04593656212091446, 0.011795274913311005, -0.005544021725654602, 0.002811763435602188, -0.004195544868707657, -0.0014198794960975647, -0.006159592419862747, -0.0037339292466640472, -0.004447245970368385, -0.001614004373550415, -0.006072370335459709, -0.008225551806390285, -0.005294381640851498, -0.004863813519477844, -0.003338996320962906, -0.004494164139032364, -0.004059306345880032, -0.004018139094114304, -0.006476953625679016, -0.0026757381856441498, -0.00576656311750412, -0.0035731494426727295, -0.00442527886480093, -0.0026324382051825523, -0.0022792089730501175, -0.004298536106944084, -0.0016994653269648552]
ref [0.30558648705482483, 0.1615263670682907, 0.08067766577005386, 0.06723443418741226, 0.04787464812397957, 0.04374115541577339, 0.036928627640008926, 0.03603610396385193, 0.029519034549593925, 0.024967018514871597, 0.019290439784526825, 0.021862514317035675, 0.02233150415122509, 0.017602773383259773, 0.01692437008023262, 0.014712203294038773, 0.01623779535293579, 0.015319546684622765, 0.015271421521902084, 0.01850174181163311, 0.014877966605126858, 0.017327124252915382, 0.016127852723002434, 0.01739978976547718, 0.015109986066818237, 0.015664201229810715, 0.01718083769083023, 0.01474092435091734]
[0.2423313558101654, 0.11558980494737625, 0.09247294068336487, 0.06169041246175766, 0.05068641155958176, 0.039545610547065735, 0.03550874814391136, 0.02987651154398918, 0.025785105302929878, 0.020519772544503212, 0.01767643541097641, 0.015790143981575966, 0.014105952344834805, 0.012308391742408276, 0.012060556560754776, 0.011373206973075867, 0.011743631213903427, 0.011260240338742733, 0.01125328242778778, 0.012024788185954094, 0.012202228419482708, 0.011560561135411263, 0.012554703280329704, 0.01297451090067625, 0.012477547861635685, 0.013384992256760597, 0.012882301583886147, 0.013041459023952484]
Training time: 4480 	steps per sec: 6
Eval num_timesteps=28672, episode_reward=nan +/- nan
Eval num_timesteps=28672, episode_success=nan +/- nan
se
16 16384 1024
diff [-0.06325513124465942, -0.04593656212091446, 0.011795274913311005, -0.005544021725654602, 0.002811763435602188, -0.004195544868707657, -0.0014198794960975647, -0.006159592419862747, -0.0037339292466640472, -0.004447245970368385, -0.001614004373550415, -0.006072370335459709, -0.008225551806390285, -0.005294381640851498, -0.004863813519477844, -0.003338996320962906, -0.004494164139032364, -0.004059306345880032, -0.004018139094114304, -0.006476953625679016, -0.0026757381856441498, -0.00576656311750412, -0.0035731494426727295, -0.00442527886480093, -0.0026324382051825523, -0.0022792089730501175, -0.004298536106944084, -0.0016994653269648552, -0.003556503914296627]
ref [0.30558648705482483, 0.1615263670682907, 0.08067766577005386, 0.06723443418741226, 0.04787464812397957, 0.04374115541577339, 0.036928627640008926, 0.03603610396385193, 0.029519034549593925, 0.024967018514871597, 0.019290439784526825, 0.021862514317035675, 0.02233150415122509, 0.017602773383259773, 0.01692437008023262, 0.014712203294038773, 0.01623779535293579, 0.015319546684622765, 0.015271421521902084, 0.01850174181163311, 0.014877966605126858, 0.017327124252915382, 0.016127852723002434, 0.01739978976547718, 0.015109986066818237, 0.015664201229810715, 0.01718083769083023, 0.01474092435091734, 0.015776289626955986]
[0.2423313558101654, 0.11558980494737625, 0.09247294068336487, 0.06169041246175766, 0.05068641155958176, 0.039545610547065735, 0.03550874814391136, 0.02987651154398918, 0.025785105302929878, 0.020519772544503212, 0.01767643541097641, 0.015790143981575966, 0.014105952344834805, 0.012308391742408276, 0.012060556560754776, 0.011373206973075867, 0.011743631213903427, 0.011260240338742733, 0.01125328242778778, 0.012024788185954094, 0.012202228419482708, 0.011560561135411263, 0.012554703280329704, 0.01297451090067625, 0.012477547861635685, 0.013384992256760597, 0.012882301583886147, 0.013041459023952484, 0.012219785712659359]
Training time: 4697 	steps per sec: 6
Eval num_timesteps=29696, episode_reward=nan +/- nan
Eval num_timesteps=29696, episode_success=nan +/- nan
se
16 16384 1024
diff [-0.06325513124465942, -0.04593656212091446, 0.011795274913311005, -0.005544021725654602, 0.002811763435602188, -0.004195544868707657, -0.0014198794960975647, -0.006159592419862747, -0.0037339292466640472, -0.004447245970368385, -0.001614004373550415, -0.006072370335459709, -0.008225551806390285, -0.005294381640851498, -0.004863813519477844, -0.003338996320962906, -0.004494164139032364, -0.004059306345880032, -0.004018139094114304, -0.006476953625679016, -0.0026757381856441498, -0.00576656311750412, -0.0035731494426727295, -0.00442527886480093, -0.0026324382051825523, -0.0022792089730501175, -0.004298536106944084, -0.0016994653269648552, -0.003556503914296627, -0.004129210487008095]
ref [0.30558648705482483, 0.1615263670682907, 0.08067766577005386, 0.06723443418741226, 0.04787464812397957, 0.04374115541577339, 0.036928627640008926, 0.03603610396385193, 0.029519034549593925, 0.024967018514871597, 0.019290439784526825, 0.021862514317035675, 0.02233150415122509, 0.017602773383259773, 0.01692437008023262, 0.014712203294038773, 0.01623779535293579, 0.015319546684622765, 0.015271421521902084, 0.01850174181163311, 0.014877966605126858, 0.017327124252915382, 0.016127852723002434, 0.01739978976547718, 0.015109986066818237, 0.015664201229810715, 0.01718083769083023, 0.01474092435091734, 0.015776289626955986, 0.01657603122293949]
[0.2423313558101654, 0.11558980494737625, 0.09247294068336487, 0.06169041246175766, 0.05068641155958176, 0.039545610547065735, 0.03550874814391136, 0.02987651154398918, 0.025785105302929878, 0.020519772544503212, 0.01767643541097641, 0.015790143981575966, 0.014105952344834805, 0.012308391742408276, 0.012060556560754776, 0.011373206973075867, 0.011743631213903427, 0.011260240338742733, 0.01125328242778778, 0.012024788185954094, 0.012202228419482708, 0.011560561135411263, 0.012554703280329704, 0.01297451090067625, 0.012477547861635685, 0.013384992256760597, 0.012882301583886147, 0.013041459023952484, 0.012219785712659359, 0.012446820735931396]
Training time: 4908 	steps per sec: 6
Eval num_timesteps=30720, episode_reward=nan +/- nan
Eval num_timesteps=30720, episode_success=nan +/- nan
se
16 16384 1024
diff [-0.06325513124465942, -0.04593656212091446, 0.011795274913311005, -0.005544021725654602, 0.002811763435602188, -0.004195544868707657, -0.0014198794960975647, -0.006159592419862747, -0.0037339292466640472, -0.004447245970368385, -0.001614004373550415, -0.006072370335459709, -0.008225551806390285, -0.005294381640851498, -0.004863813519477844, -0.003338996320962906, -0.004494164139032364, -0.004059306345880032, -0.004018139094114304, -0.006476953625679016, -0.0026757381856441498, -0.00576656311750412, -0.0035731494426727295, -0.00442527886480093, -0.0026324382051825523, -0.0022792089730501175, -0.004298536106944084, -0.0016994653269648552, -0.003556503914296627, -0.004129210487008095, -0.005352417007088661]
ref [0.30558648705482483, 0.1615263670682907, 0.08067766577005386, 0.06723443418741226, 0.04787464812397957, 0.04374115541577339, 0.036928627640008926, 0.03603610396385193, 0.029519034549593925, 0.024967018514871597, 0.019290439784526825, 0.021862514317035675, 0.02233150415122509, 0.017602773383259773, 0.01692437008023262, 0.014712203294038773, 0.01623779535293579, 0.015319546684622765, 0.015271421521902084, 0.01850174181163311, 0.014877966605126858, 0.017327124252915382, 0.016127852723002434, 0.01739978976547718, 0.015109986066818237, 0.015664201229810715, 0.01718083769083023, 0.01474092435091734, 0.015776289626955986, 0.01657603122293949, 0.01862202025949955]
[0.2423313558101654, 0.11558980494737625, 0.09247294068336487, 0.06169041246175766, 0.05068641155958176, 0.039545610547065735, 0.03550874814391136, 0.02987651154398918, 0.025785105302929878, 0.020519772544503212, 0.01767643541097641, 0.015790143981575966, 0.014105952344834805, 0.012308391742408276, 0.012060556560754776, 0.011373206973075867, 0.011743631213903427, 0.011260240338742733, 0.01125328242778778, 0.012024788185954094, 0.012202228419482708, 0.011560561135411263, 0.012554703280329704, 0.01297451090067625, 0.012477547861635685, 0.013384992256760597, 0.012882301583886147, 0.013041459023952484, 0.012219785712659359, 0.012446820735931396, 0.013269603252410889]
Training time: 5117 	steps per sec: 6
Eval num_timesteps=31744, episode_reward=nan +/- nan
Eval num_timesteps=31744, episode_success=nan +/- nan
se
16 16384 1024
diff [-0.06325513124465942, -0.04593656212091446, 0.011795274913311005, -0.005544021725654602, 0.002811763435602188, -0.004195544868707657, -0.0014198794960975647, -0.006159592419862747, -0.0037339292466640472, -0.004447245970368385, -0.001614004373550415, -0.006072370335459709, -0.008225551806390285, -0.005294381640851498, -0.004863813519477844, -0.003338996320962906, -0.004494164139032364, -0.004059306345880032, -0.004018139094114304, -0.006476953625679016, -0.0026757381856441498, -0.00576656311750412, -0.0035731494426727295, -0.00442527886480093, -0.0026324382051825523, -0.0022792089730501175, -0.004298536106944084, -0.0016994653269648552, -0.003556503914296627, -0.004129210487008095, -0.005352417007088661, -0.0034133372828364372]
ref [0.30558648705482483, 0.1615263670682907, 0.08067766577005386, 0.06723443418741226, 0.04787464812397957, 0.04374115541577339, 0.036928627640008926, 0.03603610396385193, 0.029519034549593925, 0.024967018514871597, 0.019290439784526825, 0.021862514317035675, 0.02233150415122509, 0.017602773383259773, 0.01692437008023262, 0.014712203294038773, 0.01623779535293579, 0.015319546684622765, 0.015271421521902084, 0.01850174181163311, 0.014877966605126858, 0.017327124252915382, 0.016127852723002434, 0.01739978976547718, 0.015109986066818237, 0.015664201229810715, 0.01718083769083023, 0.01474092435091734, 0.015776289626955986, 0.01657603122293949, 0.01862202025949955, 0.01696956716477871]
[0.2423313558101654, 0.11558980494737625, 0.09247294068336487, 0.06169041246175766, 0.05068641155958176, 0.039545610547065735, 0.03550874814391136, 0.02987651154398918, 0.025785105302929878, 0.020519772544503212, 0.01767643541097641, 0.015790143981575966, 0.014105952344834805, 0.012308391742408276, 0.012060556560754776, 0.011373206973075867, 0.011743631213903427, 0.011260240338742733, 0.01125328242778778, 0.012024788185954094, 0.012202228419482708, 0.011560561135411263, 0.012554703280329704, 0.01297451090067625, 0.012477547861635685, 0.013384992256760597, 0.012882301583886147, 0.013041459023952484, 0.012219785712659359, 0.012446820735931396, 0.013269603252410889, 0.013556229881942272]
Training time: 5323 	steps per sec: 6
Eval num_timesteps=32768, episode_reward=nan +/- nan
Eval num_timesteps=32768, episode_success=nan +/- nan
results/Walker2d-v4/
results/Walker2d-v4/ppo_ros/
results/Walker2d-v4/ppo_ros/expert/
results/Walker2d-v4/ppo_ros/expert/b_16/
results/Walker2d-v4/ppo_ros/expert/b_16/no_clip/
results/Walker2d-v4/ppo_ros/expert/b_16/no_clip/run_3/
results/Walker2d-v4/ppo_ros/expert/b_16/no_clip/run_3/evaluations.npz
results/Walker2d-v4/ppo_ros/expert/b_16/no_clip/run_3/stats.npz
results/Walker2d-v4/ppo_ros/expert/b_16/no_clip/run_3/config.yml
