ppo_ros_continuous.py --env-id HalfCheetah-v4 -s expert/b_16/no_lambda --total-timesteps 32768 --eval-freq 1 --eval-episodes 0 -b 16 --num-steps 1024 -lr 0 --update-epochs 0 --anneal-lr 0 --ros-num-steps 256 --ros-update-epochs 16 --ros-target-kl 0.05 --ros-clip-coef 0.3 --ros-lambda 0 -ros-lr 0.001 --ros-anneal-lr 0 --se 1 --se-freq 1 --se-lr 1e-3 --se-epochs 1000 --policy-path policies/HalfCheetah-v4/best_model.zip --normalization-dir policies/HalfCheetah-v4
Obtaining file:///var/lib/condor/execute/slot1/dir_394909/PPOROS/PPOROS/custom-envs
  Preparing metadata (setup.py): started
  Preparing metadata (setup.py): finished with status 'done'
Requirement already satisfied: gym in /var/lib/condor/execute/slot1/dir_394909/PPOROS/ppo-ros_env/lib/python3.9/site-packages (from custom-envs==0.0.1) (0.21.0)
Requirement already satisfied: cloudpickle>=1.2.0 in /var/lib/condor/execute/slot1/dir_394909/PPOROS/ppo-ros_env/lib/python3.9/site-packages (from gym->custom-envs==0.0.1) (2.2.1)
Requirement already satisfied: numpy>=1.18.0 in /var/lib/condor/execute/slot1/dir_394909/PPOROS/ppo-ros_env/lib/python3.9/site-packages (from gym->custom-envs==0.0.1) (1.24.2)
Installing collected packages: custom-envs
  Running setup.py develop for custom-envs
Successfully installed custom-envs-0.0.1
seed: 3
Eval num_timesteps=0, episode_reward=nan +/- nan
Eval num_timesteps=0, episode_success=nan +/- nan
se
1 1024 1024
diff [0.005124762654304504]
ref [0.22841832041740417]
[0.23354308307170868]
Training time: 13 	steps per sec: 77
Eval num_timesteps=1024, episode_reward=nan +/- nan
Eval num_timesteps=1024, episode_success=nan +/- nan
se
2 2048 1024
diff [0.005124762654304504, 0.0038630813360214233]
ref [0.22841832041740417, 0.11279231309890747]
[0.23354308307170868, 0.1166553944349289]
Training time: 31 	steps per sec: 64
Eval num_timesteps=2048, episode_reward=nan +/- nan
Eval num_timesteps=2048, episode_success=nan +/- nan
se
3 3072 1024
diff [0.005124762654304504, 0.0038630813360214233, -0.01276666671037674]
ref [0.22841832041740417, 0.11279231309890747, 0.09029638767242432]
[0.23354308307170868, 0.1166553944349289, 0.07752972096204758]
Training time: 56 	steps per sec: 53
Eval num_timesteps=3072, episode_reward=nan +/- nan
Eval num_timesteps=3072, episode_success=nan +/- nan
se
4 4096 1024
diff [0.005124762654304504, 0.0038630813360214233, -0.01276666671037674, -0.008084345608949661]
ref [0.22841832041740417, 0.11279231309890747, 0.09029638767242432, 0.059152767062187195]
[0.23354308307170868, 0.1166553944349289, 0.07752972096204758, 0.051068421453237534]
Training time: 89 	steps per sec: 45
Eval num_timesteps=4096, episode_reward=nan +/- nan
Eval num_timesteps=4096, episode_success=nan +/- nan
se
5 5120 1024
diff [0.005124762654304504, 0.0038630813360214233, -0.01276666671037674, -0.008084345608949661, -0.012771517038345337]
ref [0.22841832041740417, 0.11279231309890747, 0.09029638767242432, 0.059152767062187195, 0.051591597497463226]
[0.23354308307170868, 0.1166553944349289, 0.07752972096204758, 0.051068421453237534, 0.03882008045911789]
Training time: 131 	steps per sec: 38
Eval num_timesteps=5120, episode_reward=nan +/- nan
Eval num_timesteps=5120, episode_success=nan +/- nan
se
6 6144 1024
diff [0.005124762654304504, 0.0038630813360214233, -0.01276666671037674, -0.008084345608949661, -0.012771517038345337, -0.009267998859286308]
ref [0.22841832041740417, 0.11279231309890747, 0.09029638767242432, 0.059152767062187195, 0.051591597497463226, 0.038664110004901886]
[0.23354308307170868, 0.1166553944349289, 0.07752972096204758, 0.051068421453237534, 0.03882008045911789, 0.029396111145615578]
Training time: 182 	steps per sec: 33
Eval num_timesteps=6144, episode_reward=nan +/- nan
Eval num_timesteps=6144, episode_success=nan +/- nan
se
7 7168 1024
diff [0.005124762654304504, 0.0038630813360214233, -0.01276666671037674, -0.008084345608949661, -0.012771517038345337, -0.009267998859286308, -0.0077157653868198395]
ref [0.22841832041740417, 0.11279231309890747, 0.09029638767242432, 0.059152767062187195, 0.051591597497463226, 0.038664110004901886, 0.03399175405502319]
[0.23354308307170868, 0.1166553944349289, 0.07752972096204758, 0.051068421453237534, 0.03882008045911789, 0.029396111145615578, 0.026275988668203354]
Training time: 239 	steps per sec: 29
Eval num_timesteps=7168, episode_reward=nan +/- nan
Eval num_timesteps=7168, episode_success=nan +/- nan
se
8 8192 1024
diff [0.005124762654304504, 0.0038630813360214233, -0.01276666671037674, -0.008084345608949661, -0.012771517038345337, -0.009267998859286308, -0.0077157653868198395, -0.0059601012617349625]
ref [0.22841832041740417, 0.11279231309890747, 0.09029638767242432, 0.059152767062187195, 0.051591597497463226, 0.038664110004901886, 0.03399175405502319, 0.02821686491370201]
[0.23354308307170868, 0.1166553944349289, 0.07752972096204758, 0.051068421453237534, 0.03882008045911789, 0.029396111145615578, 0.026275988668203354, 0.02225676365196705]
Training time: 305 	steps per sec: 26
Eval num_timesteps=8192, episode_reward=nan +/- nan
Eval num_timesteps=8192, episode_success=nan +/- nan
se
9 9216 1024
diff [0.005124762654304504, 0.0038630813360214233, -0.01276666671037674, -0.008084345608949661, -0.012771517038345337, -0.009267998859286308, -0.0077157653868198395, -0.0059601012617349625, -0.005915189161896706]
ref [0.22841832041740417, 0.11279231309890747, 0.09029638767242432, 0.059152767062187195, 0.051591597497463226, 0.038664110004901886, 0.03399175405502319, 0.02821686491370201, 0.024981411173939705]
[0.23354308307170868, 0.1166553944349289, 0.07752972096204758, 0.051068421453237534, 0.03882008045911789, 0.029396111145615578, 0.026275988668203354, 0.02225676365196705, 0.019066222012043]
Training time: 376 	steps per sec: 24
Eval num_timesteps=9216, episode_reward=nan +/- nan
Eval num_timesteps=9216, episode_success=nan +/- nan
se
10 10240 1024
diff [0.005124762654304504, 0.0038630813360214233, -0.01276666671037674, -0.008084345608949661, -0.012771517038345337, -0.009267998859286308, -0.0077157653868198395, -0.0059601012617349625, -0.005915189161896706, -0.01044456660747528]
ref [0.22841832041740417, 0.11279231309890747, 0.09029638767242432, 0.059152767062187195, 0.051591597497463226, 0.038664110004901886, 0.03399175405502319, 0.02821686491370201, 0.024981411173939705, 0.02637382782995701]
[0.23354308307170868, 0.1166553944349289, 0.07752972096204758, 0.051068421453237534, 0.03882008045911789, 0.029396111145615578, 0.026275988668203354, 0.02225676365196705, 0.019066222012043, 0.015929261222481728]
Training time: 458 	steps per sec: 22
Eval num_timesteps=10240, episode_reward=nan +/- nan
Eval num_timesteps=10240, episode_success=nan +/- nan
se
11 11264 1024
diff [0.005124762654304504, 0.0038630813360214233, -0.01276666671037674, -0.008084345608949661, -0.012771517038345337, -0.009267998859286308, -0.0077157653868198395, -0.0059601012617349625, -0.005915189161896706, -0.01044456660747528, -0.007841675542294979]
ref [0.22841832041740417, 0.11279231309890747, 0.09029638767242432, 0.059152767062187195, 0.051591597497463226, 0.038664110004901886, 0.03399175405502319, 0.02821686491370201, 0.024981411173939705, 0.02637382782995701, 0.02204638533294201]
[0.23354308307170868, 0.1166553944349289, 0.07752972096204758, 0.051068421453237534, 0.03882008045911789, 0.029396111145615578, 0.026275988668203354, 0.02225676365196705, 0.019066222012043, 0.015929261222481728, 0.01420470979064703]
Training time: 548 	steps per sec: 20
Eval num_timesteps=11264, episode_reward=nan +/- nan
Eval num_timesteps=11264, episode_success=nan +/- nan
se
12 12288 1024
diff [0.005124762654304504, 0.0038630813360214233, -0.01276666671037674, -0.008084345608949661, -0.012771517038345337, -0.009267998859286308, -0.0077157653868198395, -0.0059601012617349625, -0.005915189161896706, -0.01044456660747528, -0.007841675542294979, -0.005228753201663494]
ref [0.22841832041740417, 0.11279231309890747, 0.09029638767242432, 0.059152767062187195, 0.051591597497463226, 0.038664110004901886, 0.03399175405502319, 0.02821686491370201, 0.024981411173939705, 0.02637382782995701, 0.02204638533294201, 0.019286470487713814]
[0.23354308307170868, 0.1166553944349289, 0.07752972096204758, 0.051068421453237534, 0.03882008045911789, 0.029396111145615578, 0.026275988668203354, 0.02225676365196705, 0.019066222012043, 0.015929261222481728, 0.01420470979064703, 0.01405771728605032]
Training time: 644 	steps per sec: 19
Eval num_timesteps=12288, episode_reward=nan +/- nan
Eval num_timesteps=12288, episode_success=nan +/- nan
se
13 13312 1024
diff [0.005124762654304504, 0.0038630813360214233, -0.01276666671037674, -0.008084345608949661, -0.012771517038345337, -0.009267998859286308, -0.0077157653868198395, -0.0059601012617349625, -0.005915189161896706, -0.01044456660747528, -0.007841675542294979, -0.005228753201663494, -0.005540885031223297]
ref [0.22841832041740417, 0.11279231309890747, 0.09029638767242432, 0.059152767062187195, 0.051591597497463226, 0.038664110004901886, 0.03399175405502319, 0.02821686491370201, 0.024981411173939705, 0.02637382782995701, 0.02204638533294201, 0.019286470487713814, 0.0182967409491539]
[0.23354308307170868, 0.1166553944349289, 0.07752972096204758, 0.051068421453237534, 0.03882008045911789, 0.029396111145615578, 0.026275988668203354, 0.02225676365196705, 0.019066222012043, 0.015929261222481728, 0.01420470979064703, 0.01405771728605032, 0.012755855917930603]
Training time: 754 	steps per sec: 17
Eval num_timesteps=13312, episode_reward=nan +/- nan
Eval num_timesteps=13312, episode_success=nan +/- nan
se
14 14336 1024
diff [0.005124762654304504, 0.0038630813360214233, -0.01276666671037674, -0.008084345608949661, -0.012771517038345337, -0.009267998859286308, -0.0077157653868198395, -0.0059601012617349625, -0.005915189161896706, -0.01044456660747528, -0.007841675542294979, -0.005228753201663494, -0.005540885031223297, -0.0067364126443862915]
ref [0.22841832041740417, 0.11279231309890747, 0.09029638767242432, 0.059152767062187195, 0.051591597497463226, 0.038664110004901886, 0.03399175405502319, 0.02821686491370201, 0.024981411173939705, 0.02637382782995701, 0.02204638533294201, 0.019286470487713814, 0.0182967409491539, 0.017975104972720146]
[0.23354308307170868, 0.1166553944349289, 0.07752972096204758, 0.051068421453237534, 0.03882008045911789, 0.029396111145615578, 0.026275988668203354, 0.02225676365196705, 0.019066222012043, 0.015929261222481728, 0.01420470979064703, 0.01405771728605032, 0.012755855917930603, 0.011238692328333855]
Training time: 865 	steps per sec: 16
Eval num_timesteps=14336, episode_reward=nan +/- nan
Eval num_timesteps=14336, episode_success=nan +/- nan
se
15 15360 1024
diff [0.005124762654304504, 0.0038630813360214233, -0.01276666671037674, -0.008084345608949661, -0.012771517038345337, -0.009267998859286308, -0.0077157653868198395, -0.0059601012617349625, -0.005915189161896706, -0.01044456660747528, -0.007841675542294979, -0.005228753201663494, -0.005540885031223297, -0.0067364126443862915, -0.0069366758689284325]
ref [0.22841832041740417, 0.11279231309890747, 0.09029638767242432, 0.059152767062187195, 0.051591597497463226, 0.038664110004901886, 0.03399175405502319, 0.02821686491370201, 0.024981411173939705, 0.02637382782995701, 0.02204638533294201, 0.019286470487713814, 0.0182967409491539, 0.017975104972720146, 0.017195066437125206]
[0.23354308307170868, 0.1166553944349289, 0.07752972096204758, 0.051068421453237534, 0.03882008045911789, 0.029396111145615578, 0.026275988668203354, 0.02225676365196705, 0.019066222012043, 0.015929261222481728, 0.01420470979064703, 0.01405771728605032, 0.012755855917930603, 0.011238692328333855, 0.010258390568196774]
Training time: 989 	steps per sec: 15
Eval num_timesteps=15360, episode_reward=nan +/- nan
Eval num_timesteps=15360, episode_success=nan +/- nan
se
16 16384 1024
diff [0.005124762654304504, 0.0038630813360214233, -0.01276666671037674, -0.008084345608949661, -0.012771517038345337, -0.009267998859286308, -0.0077157653868198395, -0.0059601012617349625, -0.005915189161896706, -0.01044456660747528, -0.007841675542294979, -0.005228753201663494, -0.005540885031223297, -0.0067364126443862915, -0.0069366758689284325, -0.00790528953075409]
ref [0.22841832041740417, 0.11279231309890747, 0.09029638767242432, 0.059152767062187195, 0.051591597497463226, 0.038664110004901886, 0.03399175405502319, 0.02821686491370201, 0.024981411173939705, 0.02637382782995701, 0.02204638533294201, 0.019286470487713814, 0.0182967409491539, 0.017975104972720146, 0.017195066437125206, 0.0170984398573637]
[0.23354308307170868, 0.1166553944349289, 0.07752972096204758, 0.051068421453237534, 0.03882008045911789, 0.029396111145615578, 0.026275988668203354, 0.02225676365196705, 0.019066222012043, 0.015929261222481728, 0.01420470979064703, 0.01405771728605032, 0.012755855917930603, 0.011238692328333855, 0.010258390568196774, 0.009193150326609612]
Training time: 1110 	steps per sec: 14
Eval num_timesteps=16384, episode_reward=nan +/- nan
Eval num_timesteps=16384, episode_success=nan +/- nan
se
16 16384 1024
diff [0.005124762654304504, 0.0038630813360214233, -0.01276666671037674, -0.008084345608949661, -0.012771517038345337, -0.009267998859286308, -0.0077157653868198395, -0.0059601012617349625, -0.005915189161896706, -0.01044456660747528, -0.007841675542294979, -0.005228753201663494, -0.005540885031223297, -0.0067364126443862915, -0.0069366758689284325, -0.00790528953075409, -0.005341028794646263]
ref [0.22841832041740417, 0.11279231309890747, 0.09029638767242432, 0.059152767062187195, 0.051591597497463226, 0.038664110004901886, 0.03399175405502319, 0.02821686491370201, 0.024981411173939705, 0.02637382782995701, 0.02204638533294201, 0.019286470487713814, 0.0182967409491539, 0.017975104972720146, 0.017195066437125206, 0.0170984398573637, 0.014889282174408436]
[0.23354308307170868, 0.1166553944349289, 0.07752972096204758, 0.051068421453237534, 0.03882008045911789, 0.029396111145615578, 0.026275988668203354, 0.02225676365196705, 0.019066222012043, 0.015929261222481728, 0.01420470979064703, 0.01405771728605032, 0.012755855917930603, 0.011238692328333855, 0.010258390568196774, 0.009193150326609612, 0.009548253379762173]
Training time: 1228 	steps per sec: 14
Eval num_timesteps=17408, episode_reward=nan +/- nan
Eval num_timesteps=17408, episode_success=nan +/- nan
se
16 16384 1024
diff [0.005124762654304504, 0.0038630813360214233, -0.01276666671037674, -0.008084345608949661, -0.012771517038345337, -0.009267998859286308, -0.0077157653868198395, -0.0059601012617349625, -0.005915189161896706, -0.01044456660747528, -0.007841675542294979, -0.005228753201663494, -0.005540885031223297, -0.0067364126443862915, -0.0069366758689284325, -0.00790528953075409, -0.005341028794646263, -0.004424469545483589]
ref [0.22841832041740417, 0.11279231309890747, 0.09029638767242432, 0.059152767062187195, 0.051591597497463226, 0.038664110004901886, 0.03399175405502319, 0.02821686491370201, 0.024981411173939705, 0.02637382782995701, 0.02204638533294201, 0.019286470487713814, 0.0182967409491539, 0.017975104972720146, 0.017195066437125206, 0.0170984398573637, 0.014889282174408436, 0.014823815785348415]
[0.23354308307170868, 0.1166553944349289, 0.07752972096204758, 0.051068421453237534, 0.03882008045911789, 0.029396111145615578, 0.026275988668203354, 0.02225676365196705, 0.019066222012043, 0.015929261222481728, 0.01420470979064703, 0.01405771728605032, 0.012755855917930603, 0.011238692328333855, 0.010258390568196774, 0.009193150326609612, 0.009548253379762173, 0.010399346239864826]
Training time: 1340 	steps per sec: 13
Eval num_timesteps=18432, episode_reward=nan +/- nan
Eval num_timesteps=18432, episode_success=nan +/- nan
se
16 16384 1024
diff [0.005124762654304504, 0.0038630813360214233, -0.01276666671037674, -0.008084345608949661, -0.012771517038345337, -0.009267998859286308, -0.0077157653868198395, -0.0059601012617349625, -0.005915189161896706, -0.01044456660747528, -0.007841675542294979, -0.005228753201663494, -0.005540885031223297, -0.0067364126443862915, -0.0069366758689284325, -0.00790528953075409, -0.005341028794646263, -0.004424469545483589, -0.005014357157051563]
ref [0.22841832041740417, 0.11279231309890747, 0.09029638767242432, 0.059152767062187195, 0.051591597497463226, 0.038664110004901886, 0.03399175405502319, 0.02821686491370201, 0.024981411173939705, 0.02637382782995701, 0.02204638533294201, 0.019286470487713814, 0.0182967409491539, 0.017975104972720146, 0.017195066437125206, 0.0170984398573637, 0.014889282174408436, 0.014823815785348415, 0.015743952244520187]
[0.23354308307170868, 0.1166553944349289, 0.07752972096204758, 0.051068421453237534, 0.03882008045911789, 0.029396111145615578, 0.026275988668203354, 0.02225676365196705, 0.019066222012043, 0.015929261222481728, 0.01420470979064703, 0.01405771728605032, 0.012755855917930603, 0.011238692328333855, 0.010258390568196774, 0.009193150326609612, 0.009548253379762173, 0.010399346239864826, 0.010729595087468624]
Training time: 1458 	steps per sec: 13
Eval num_timesteps=19456, episode_reward=nan +/- nan
Eval num_timesteps=19456, episode_success=nan +/- nan
se
16 16384 1024
diff [0.005124762654304504, 0.0038630813360214233, -0.01276666671037674, -0.008084345608949661, -0.012771517038345337, -0.009267998859286308, -0.0077157653868198395, -0.0059601012617349625, -0.005915189161896706, -0.01044456660747528, -0.007841675542294979, -0.005228753201663494, -0.005540885031223297, -0.0067364126443862915, -0.0069366758689284325, -0.00790528953075409, -0.005341028794646263, -0.004424469545483589, -0.005014357157051563, -0.004232969135046005]
ref [0.22841832041740417, 0.11279231309890747, 0.09029638767242432, 0.059152767062187195, 0.051591597497463226, 0.038664110004901886, 0.03399175405502319, 0.02821686491370201, 0.024981411173939705, 0.02637382782995701, 0.02204638533294201, 0.019286470487713814, 0.0182967409491539, 0.017975104972720146, 0.017195066437125206, 0.0170984398573637, 0.014889282174408436, 0.014823815785348415, 0.015743952244520187, 0.015411745756864548]
[0.23354308307170868, 0.1166553944349289, 0.07752972096204758, 0.051068421453237534, 0.03882008045911789, 0.029396111145615578, 0.026275988668203354, 0.02225676365196705, 0.019066222012043, 0.015929261222481728, 0.01420470979064703, 0.01405771728605032, 0.012755855917930603, 0.011238692328333855, 0.010258390568196774, 0.009193150326609612, 0.009548253379762173, 0.010399346239864826, 0.010729595087468624, 0.011178776621818542]
Training time: 1582 	steps per sec: 12
Eval num_timesteps=20480, episode_reward=nan +/- nan
Eval num_timesteps=20480, episode_success=nan +/- nan
se
16 16384 1024
diff [0.005124762654304504, 0.0038630813360214233, -0.01276666671037674, -0.008084345608949661, -0.012771517038345337, -0.009267998859286308, -0.0077157653868198395, -0.0059601012617349625, -0.005915189161896706, -0.01044456660747528, -0.007841675542294979, -0.005228753201663494, -0.005540885031223297, -0.0067364126443862915, -0.0069366758689284325, -0.00790528953075409, -0.005341028794646263, -0.004424469545483589, -0.005014357157051563, -0.004232969135046005, -0.004595130681991577]
ref [0.22841832041740417, 0.11279231309890747, 0.09029638767242432, 0.059152767062187195, 0.051591597497463226, 0.038664110004901886, 0.03399175405502319, 0.02821686491370201, 0.024981411173939705, 0.02637382782995701, 0.02204638533294201, 0.019286470487713814, 0.0182967409491539, 0.017975104972720146, 0.017195066437125206, 0.0170984398573637, 0.014889282174408436, 0.014823815785348415, 0.015743952244520187, 0.015411745756864548, 0.015371010638773441]
[0.23354308307170868, 0.1166553944349289, 0.07752972096204758, 0.051068421453237534, 0.03882008045911789, 0.029396111145615578, 0.026275988668203354, 0.02225676365196705, 0.019066222012043, 0.015929261222481728, 0.01420470979064703, 0.01405771728605032, 0.012755855917930603, 0.011238692328333855, 0.010258390568196774, 0.009193150326609612, 0.009548253379762173, 0.010399346239864826, 0.010729595087468624, 0.011178776621818542, 0.010775879956781864]
Training time: 1718 	steps per sec: 12
Eval num_timesteps=21504, episode_reward=nan +/- nan
Eval num_timesteps=21504, episode_success=nan +/- nan
se
16 16384 1024
diff [0.005124762654304504, 0.0038630813360214233, -0.01276666671037674, -0.008084345608949661, -0.012771517038345337, -0.009267998859286308, -0.0077157653868198395, -0.0059601012617349625, -0.005915189161896706, -0.01044456660747528, -0.007841675542294979, -0.005228753201663494, -0.005540885031223297, -0.0067364126443862915, -0.0069366758689284325, -0.00790528953075409, -0.005341028794646263, -0.004424469545483589, -0.005014357157051563, -0.004232969135046005, -0.004595130681991577, -0.005587998777627945]
ref [0.22841832041740417, 0.11279231309890747, 0.09029638767242432, 0.059152767062187195, 0.051591597497463226, 0.038664110004901886, 0.03399175405502319, 0.02821686491370201, 0.024981411173939705, 0.02637382782995701, 0.02204638533294201, 0.019286470487713814, 0.0182967409491539, 0.017975104972720146, 0.017195066437125206, 0.0170984398573637, 0.014889282174408436, 0.014823815785348415, 0.015743952244520187, 0.015411745756864548, 0.015371010638773441, 0.01627190411090851]
[0.23354308307170868, 0.1166553944349289, 0.07752972096204758, 0.051068421453237534, 0.03882008045911789, 0.029396111145615578, 0.026275988668203354, 0.02225676365196705, 0.019066222012043, 0.015929261222481728, 0.01420470979064703, 0.01405771728605032, 0.012755855917930603, 0.011238692328333855, 0.010258390568196774, 0.009193150326609612, 0.009548253379762173, 0.010399346239864826, 0.010729595087468624, 0.011178776621818542, 0.010775879956781864, 0.010683905333280563]
Training time: 1860 	steps per sec: 12
Eval num_timesteps=22528, episode_reward=nan +/- nan
Eval num_timesteps=22528, episode_success=nan +/- nan
se
16 16384 1024
diff [0.005124762654304504, 0.0038630813360214233, -0.01276666671037674, -0.008084345608949661, -0.012771517038345337, -0.009267998859286308, -0.0077157653868198395, -0.0059601012617349625, -0.005915189161896706, -0.01044456660747528, -0.007841675542294979, -0.005228753201663494, -0.005540885031223297, -0.0067364126443862915, -0.0069366758689284325, -0.00790528953075409, -0.005341028794646263, -0.004424469545483589, -0.005014357157051563, -0.004232969135046005, -0.004595130681991577, -0.005587998777627945, -0.005707181990146637]
ref [0.22841832041740417, 0.11279231309890747, 0.09029638767242432, 0.059152767062187195, 0.051591597497463226, 0.038664110004901886, 0.03399175405502319, 0.02821686491370201, 0.024981411173939705, 0.02637382782995701, 0.02204638533294201, 0.019286470487713814, 0.0182967409491539, 0.017975104972720146, 0.017195066437125206, 0.0170984398573637, 0.014889282174408436, 0.014823815785348415, 0.015743952244520187, 0.015411745756864548, 0.015371010638773441, 0.01627190411090851, 0.016692467033863068]
[0.23354308307170868, 0.1166553944349289, 0.07752972096204758, 0.051068421453237534, 0.03882008045911789, 0.029396111145615578, 0.026275988668203354, 0.02225676365196705, 0.019066222012043, 0.015929261222481728, 0.01420470979064703, 0.01405771728605032, 0.012755855917930603, 0.011238692328333855, 0.010258390568196774, 0.009193150326609612, 0.009548253379762173, 0.010399346239864826, 0.010729595087468624, 0.011178776621818542, 0.010775879956781864, 0.010683905333280563, 0.01098528504371643]
Training time: 2009 	steps per sec: 11
Eval num_timesteps=23552, episode_reward=nan +/- nan
Eval num_timesteps=23552, episode_success=nan +/- nan
se
16 16384 1024
diff [0.005124762654304504, 0.0038630813360214233, -0.01276666671037674, -0.008084345608949661, -0.012771517038345337, -0.009267998859286308, -0.0077157653868198395, -0.0059601012617349625, -0.005915189161896706, -0.01044456660747528, -0.007841675542294979, -0.005228753201663494, -0.005540885031223297, -0.0067364126443862915, -0.0069366758689284325, -0.00790528953075409, -0.005341028794646263, -0.004424469545483589, -0.005014357157051563, -0.004232969135046005, -0.004595130681991577, -0.005587998777627945, -0.005707181990146637, -0.006122229620814323]
ref [0.22841832041740417, 0.11279231309890747, 0.09029638767242432, 0.059152767062187195, 0.051591597497463226, 0.038664110004901886, 0.03399175405502319, 0.02821686491370201, 0.024981411173939705, 0.02637382782995701, 0.02204638533294201, 0.019286470487713814, 0.0182967409491539, 0.017975104972720146, 0.017195066437125206, 0.0170984398573637, 0.014889282174408436, 0.014823815785348415, 0.015743952244520187, 0.015411745756864548, 0.015371010638773441, 0.01627190411090851, 0.016692467033863068, 0.017517773434519768]
[0.23354308307170868, 0.1166553944349289, 0.07752972096204758, 0.051068421453237534, 0.03882008045911789, 0.029396111145615578, 0.026275988668203354, 0.02225676365196705, 0.019066222012043, 0.015929261222481728, 0.01420470979064703, 0.01405771728605032, 0.012755855917930603, 0.011238692328333855, 0.010258390568196774, 0.009193150326609612, 0.009548253379762173, 0.010399346239864826, 0.010729595087468624, 0.011178776621818542, 0.010775879956781864, 0.010683905333280563, 0.01098528504371643, 0.011395543813705444]
Training time: 2163 	steps per sec: 11
Eval num_timesteps=24576, episode_reward=nan +/- nan
Eval num_timesteps=24576, episode_success=nan +/- nan
se
16 16384 1024
diff [0.005124762654304504, 0.0038630813360214233, -0.01276666671037674, -0.008084345608949661, -0.012771517038345337, -0.009267998859286308, -0.0077157653868198395, -0.0059601012617349625, -0.005915189161896706, -0.01044456660747528, -0.007841675542294979, -0.005228753201663494, -0.005540885031223297, -0.0067364126443862915, -0.0069366758689284325, -0.00790528953075409, -0.005341028794646263, -0.004424469545483589, -0.005014357157051563, -0.004232969135046005, -0.004595130681991577, -0.005587998777627945, -0.005707181990146637, -0.006122229620814323, -0.00616234727203846]
ref [0.22841832041740417, 0.11279231309890747, 0.09029638767242432, 0.059152767062187195, 0.051591597497463226, 0.038664110004901886, 0.03399175405502319, 0.02821686491370201, 0.024981411173939705, 0.02637382782995701, 0.02204638533294201, 0.019286470487713814, 0.0182967409491539, 0.017975104972720146, 0.017195066437125206, 0.0170984398573637, 0.014889282174408436, 0.014823815785348415, 0.015743952244520187, 0.015411745756864548, 0.015371010638773441, 0.01627190411090851, 0.016692467033863068, 0.017517773434519768, 0.016466766595840454]
[0.23354308307170868, 0.1166553944349289, 0.07752972096204758, 0.051068421453237534, 0.03882008045911789, 0.029396111145615578, 0.026275988668203354, 0.02225676365196705, 0.019066222012043, 0.015929261222481728, 0.01420470979064703, 0.01405771728605032, 0.012755855917930603, 0.011238692328333855, 0.010258390568196774, 0.009193150326609612, 0.009548253379762173, 0.010399346239864826, 0.010729595087468624, 0.011178776621818542, 0.010775879956781864, 0.010683905333280563, 0.01098528504371643, 0.011395543813705444, 0.010304419323801994]
Training time: 2329 	steps per sec: 10
Eval num_timesteps=25600, episode_reward=nan +/- nan
Eval num_timesteps=25600, episode_success=nan +/- nan
se
16 16384 1024
diff [0.005124762654304504, 0.0038630813360214233, -0.01276666671037674, -0.008084345608949661, -0.012771517038345337, -0.009267998859286308, -0.0077157653868198395, -0.0059601012617349625, -0.005915189161896706, -0.01044456660747528, -0.007841675542294979, -0.005228753201663494, -0.005540885031223297, -0.0067364126443862915, -0.0069366758689284325, -0.00790528953075409, -0.005341028794646263, -0.004424469545483589, -0.005014357157051563, -0.004232969135046005, -0.004595130681991577, -0.005587998777627945, -0.005707181990146637, -0.006122229620814323, -0.00616234727203846, -0.004835650324821472]
ref [0.22841832041740417, 0.11279231309890747, 0.09029638767242432, 0.059152767062187195, 0.051591597497463226, 0.038664110004901886, 0.03399175405502319, 0.02821686491370201, 0.024981411173939705, 0.02637382782995701, 0.02204638533294201, 0.019286470487713814, 0.0182967409491539, 0.017975104972720146, 0.017195066437125206, 0.0170984398573637, 0.014889282174408436, 0.014823815785348415, 0.015743952244520187, 0.015411745756864548, 0.015371010638773441, 0.01627190411090851, 0.016692467033863068, 0.017517773434519768, 0.016466766595840454, 0.01619485393166542]
[0.23354308307170868, 0.1166553944349289, 0.07752972096204758, 0.051068421453237534, 0.03882008045911789, 0.029396111145615578, 0.026275988668203354, 0.02225676365196705, 0.019066222012043, 0.015929261222481728, 0.01420470979064703, 0.01405771728605032, 0.012755855917930603, 0.011238692328333855, 0.010258390568196774, 0.009193150326609612, 0.009548253379762173, 0.010399346239864826, 0.010729595087468624, 0.011178776621818542, 0.010775879956781864, 0.010683905333280563, 0.01098528504371643, 0.011395543813705444, 0.010304419323801994, 0.011359203606843948]
Training time: 2475 	steps per sec: 10
Eval num_timesteps=26624, episode_reward=nan +/- nan
Eval num_timesteps=26624, episode_success=nan +/- nan
se
16 16384 1024
diff [0.005124762654304504, 0.0038630813360214233, -0.01276666671037674, -0.008084345608949661, -0.012771517038345337, -0.009267998859286308, -0.0077157653868198395, -0.0059601012617349625, -0.005915189161896706, -0.01044456660747528, -0.007841675542294979, -0.005228753201663494, -0.005540885031223297, -0.0067364126443862915, -0.0069366758689284325, -0.00790528953075409, -0.005341028794646263, -0.004424469545483589, -0.005014357157051563, -0.004232969135046005, -0.004595130681991577, -0.005587998777627945, -0.005707181990146637, -0.006122229620814323, -0.00616234727203846, -0.004835650324821472, -0.004521817900240421]
ref [0.22841832041740417, 0.11279231309890747, 0.09029638767242432, 0.059152767062187195, 0.051591597497463226, 0.038664110004901886, 0.03399175405502319, 0.02821686491370201, 0.024981411173939705, 0.02637382782995701, 0.02204638533294201, 0.019286470487713814, 0.0182967409491539, 0.017975104972720146, 0.017195066437125206, 0.0170984398573637, 0.014889282174408436, 0.014823815785348415, 0.015743952244520187, 0.015411745756864548, 0.015371010638773441, 0.01627190411090851, 0.016692467033863068, 0.017517773434519768, 0.016466766595840454, 0.01619485393166542, 0.015619385056197643]
[0.23354308307170868, 0.1166553944349289, 0.07752972096204758, 0.051068421453237534, 0.03882008045911789, 0.029396111145615578, 0.026275988668203354, 0.02225676365196705, 0.019066222012043, 0.015929261222481728, 0.01420470979064703, 0.01405771728605032, 0.012755855917930603, 0.011238692328333855, 0.010258390568196774, 0.009193150326609612, 0.009548253379762173, 0.010399346239864826, 0.010729595087468624, 0.011178776621818542, 0.010775879956781864, 0.010683905333280563, 0.01098528504371643, 0.011395543813705444, 0.010304419323801994, 0.011359203606843948, 0.011097567155957222]
Training time: 2627 	steps per sec: 10
Eval num_timesteps=27648, episode_reward=nan +/- nan
Eval num_timesteps=27648, episode_success=nan +/- nan
se
16 16384 1024
diff [0.005124762654304504, 0.0038630813360214233, -0.01276666671037674, -0.008084345608949661, -0.012771517038345337, -0.009267998859286308, -0.0077157653868198395, -0.0059601012617349625, -0.005915189161896706, -0.01044456660747528, -0.007841675542294979, -0.005228753201663494, -0.005540885031223297, -0.0067364126443862915, -0.0069366758689284325, -0.00790528953075409, -0.005341028794646263, -0.004424469545483589, -0.005014357157051563, -0.004232969135046005, -0.004595130681991577, -0.005587998777627945, -0.005707181990146637, -0.006122229620814323, -0.00616234727203846, -0.004835650324821472, -0.004521817900240421, -0.003668472170829773]
ref [0.22841832041740417, 0.11279231309890747, 0.09029638767242432, 0.059152767062187195, 0.051591597497463226, 0.038664110004901886, 0.03399175405502319, 0.02821686491370201, 0.024981411173939705, 0.02637382782995701, 0.02204638533294201, 0.019286470487713814, 0.0182967409491539, 0.017975104972720146, 0.017195066437125206, 0.0170984398573637, 0.014889282174408436, 0.014823815785348415, 0.015743952244520187, 0.015411745756864548, 0.015371010638773441, 0.01627190411090851, 0.016692467033863068, 0.017517773434519768, 0.016466766595840454, 0.01619485393166542, 0.015619385056197643, 0.014917993918061256]
[0.23354308307170868, 0.1166553944349289, 0.07752972096204758, 0.051068421453237534, 0.03882008045911789, 0.029396111145615578, 0.026275988668203354, 0.02225676365196705, 0.019066222012043, 0.015929261222481728, 0.01420470979064703, 0.01405771728605032, 0.012755855917930603, 0.011238692328333855, 0.010258390568196774, 0.009193150326609612, 0.009548253379762173, 0.010399346239864826, 0.010729595087468624, 0.011178776621818542, 0.010775879956781864, 0.010683905333280563, 0.01098528504371643, 0.011395543813705444, 0.010304419323801994, 0.011359203606843948, 0.011097567155957222, 0.011249521747231483]
Training time: 2774 	steps per sec: 10
Eval num_timesteps=28672, episode_reward=nan +/- nan
Eval num_timesteps=28672, episode_success=nan +/- nan
se
16 16384 1024
diff [0.005124762654304504, 0.0038630813360214233, -0.01276666671037674, -0.008084345608949661, -0.012771517038345337, -0.009267998859286308, -0.0077157653868198395, -0.0059601012617349625, -0.005915189161896706, -0.01044456660747528, -0.007841675542294979, -0.005228753201663494, -0.005540885031223297, -0.0067364126443862915, -0.0069366758689284325, -0.00790528953075409, -0.005341028794646263, -0.004424469545483589, -0.005014357157051563, -0.004232969135046005, -0.004595130681991577, -0.005587998777627945, -0.005707181990146637, -0.006122229620814323, -0.00616234727203846, -0.004835650324821472, -0.004521817900240421, -0.003668472170829773, -0.002373248338699341]
ref [0.22841832041740417, 0.11279231309890747, 0.09029638767242432, 0.059152767062187195, 0.051591597497463226, 0.038664110004901886, 0.03399175405502319, 0.02821686491370201, 0.024981411173939705, 0.02637382782995701, 0.02204638533294201, 0.019286470487713814, 0.0182967409491539, 0.017975104972720146, 0.017195066437125206, 0.0170984398573637, 0.014889282174408436, 0.014823815785348415, 0.015743952244520187, 0.015411745756864548, 0.015371010638773441, 0.01627190411090851, 0.016692467033863068, 0.017517773434519768, 0.016466766595840454, 0.01619485393166542, 0.015619385056197643, 0.014917993918061256, 0.013452163897454739]
[0.23354308307170868, 0.1166553944349289, 0.07752972096204758, 0.051068421453237534, 0.03882008045911789, 0.029396111145615578, 0.026275988668203354, 0.02225676365196705, 0.019066222012043, 0.015929261222481728, 0.01420470979064703, 0.01405771728605032, 0.012755855917930603, 0.011238692328333855, 0.010258390568196774, 0.009193150326609612, 0.009548253379762173, 0.010399346239864826, 0.010729595087468624, 0.011178776621818542, 0.010775879956781864, 0.010683905333280563, 0.01098528504371643, 0.011395543813705444, 0.010304419323801994, 0.011359203606843948, 0.011097567155957222, 0.011249521747231483, 0.011078915558755398]
Training time: 2923 	steps per sec: 10
Eval num_timesteps=29696, episode_reward=nan +/- nan
Eval num_timesteps=29696, episode_success=nan +/- nan
se
16 16384 1024
diff [0.005124762654304504, 0.0038630813360214233, -0.01276666671037674, -0.008084345608949661, -0.012771517038345337, -0.009267998859286308, -0.0077157653868198395, -0.0059601012617349625, -0.005915189161896706, -0.01044456660747528, -0.007841675542294979, -0.005228753201663494, -0.005540885031223297, -0.0067364126443862915, -0.0069366758689284325, -0.00790528953075409, -0.005341028794646263, -0.004424469545483589, -0.005014357157051563, -0.004232969135046005, -0.004595130681991577, -0.005587998777627945, -0.005707181990146637, -0.006122229620814323, -0.00616234727203846, -0.004835650324821472, -0.004521817900240421, -0.003668472170829773, -0.002373248338699341, -0.003668650984764099]
ref [0.22841832041740417, 0.11279231309890747, 0.09029638767242432, 0.059152767062187195, 0.051591597497463226, 0.038664110004901886, 0.03399175405502319, 0.02821686491370201, 0.024981411173939705, 0.02637382782995701, 0.02204638533294201, 0.019286470487713814, 0.0182967409491539, 0.017975104972720146, 0.017195066437125206, 0.0170984398573637, 0.014889282174408436, 0.014823815785348415, 0.015743952244520187, 0.015411745756864548, 0.015371010638773441, 0.01627190411090851, 0.016692467033863068, 0.017517773434519768, 0.016466766595840454, 0.01619485393166542, 0.015619385056197643, 0.014917993918061256, 0.013452163897454739, 0.014792549423873425]
[0.23354308307170868, 0.1166553944349289, 0.07752972096204758, 0.051068421453237534, 0.03882008045911789, 0.029396111145615578, 0.026275988668203354, 0.02225676365196705, 0.019066222012043, 0.015929261222481728, 0.01420470979064703, 0.01405771728605032, 0.012755855917930603, 0.011238692328333855, 0.010258390568196774, 0.009193150326609612, 0.009548253379762173, 0.010399346239864826, 0.010729595087468624, 0.011178776621818542, 0.010775879956781864, 0.010683905333280563, 0.01098528504371643, 0.011395543813705444, 0.010304419323801994, 0.011359203606843948, 0.011097567155957222, 0.011249521747231483, 0.011078915558755398, 0.011123898439109325]
Training time: 3074 	steps per sec: 9
Eval num_timesteps=30720, episode_reward=nan +/- nan
Eval num_timesteps=30720, episode_success=nan +/- nan
se
16 16384 1024
diff [0.005124762654304504, 0.0038630813360214233, -0.01276666671037674, -0.008084345608949661, -0.012771517038345337, -0.009267998859286308, -0.0077157653868198395, -0.0059601012617349625, -0.005915189161896706, -0.01044456660747528, -0.007841675542294979, -0.005228753201663494, -0.005540885031223297, -0.0067364126443862915, -0.0069366758689284325, -0.00790528953075409, -0.005341028794646263, -0.004424469545483589, -0.005014357157051563, -0.004232969135046005, -0.004595130681991577, -0.005587998777627945, -0.005707181990146637, -0.006122229620814323, -0.00616234727203846, -0.004835650324821472, -0.004521817900240421, -0.003668472170829773, -0.002373248338699341, -0.003668650984764099, -0.005560250952839851]
ref [0.22841832041740417, 0.11279231309890747, 0.09029638767242432, 0.059152767062187195, 0.051591597497463226, 0.038664110004901886, 0.03399175405502319, 0.02821686491370201, 0.024981411173939705, 0.02637382782995701, 0.02204638533294201, 0.019286470487713814, 0.0182967409491539, 0.017975104972720146, 0.017195066437125206, 0.0170984398573637, 0.014889282174408436, 0.014823815785348415, 0.015743952244520187, 0.015411745756864548, 0.015371010638773441, 0.01627190411090851, 0.016692467033863068, 0.017517773434519768, 0.016466766595840454, 0.01619485393166542, 0.015619385056197643, 0.014917993918061256, 0.013452163897454739, 0.014792549423873425, 0.01734202168881893]
[0.23354308307170868, 0.1166553944349289, 0.07752972096204758, 0.051068421453237534, 0.03882008045911789, 0.029396111145615578, 0.026275988668203354, 0.02225676365196705, 0.019066222012043, 0.015929261222481728, 0.01420470979064703, 0.01405771728605032, 0.012755855917930603, 0.011238692328333855, 0.010258390568196774, 0.009193150326609612, 0.009548253379762173, 0.010399346239864826, 0.010729595087468624, 0.011178776621818542, 0.010775879956781864, 0.010683905333280563, 0.01098528504371643, 0.011395543813705444, 0.010304419323801994, 0.011359203606843948, 0.011097567155957222, 0.011249521747231483, 0.011078915558755398, 0.011123898439109325, 0.01178177073597908]
Training time: 3207 	steps per sec: 9
Eval num_timesteps=31744, episode_reward=nan +/- nan
Eval num_timesteps=31744, episode_success=nan +/- nan
se
16 16384 1024
diff [0.005124762654304504, 0.0038630813360214233, -0.01276666671037674, -0.008084345608949661, -0.012771517038345337, -0.009267998859286308, -0.0077157653868198395, -0.0059601012617349625, -0.005915189161896706, -0.01044456660747528, -0.007841675542294979, -0.005228753201663494, -0.005540885031223297, -0.0067364126443862915, -0.0069366758689284325, -0.00790528953075409, -0.005341028794646263, -0.004424469545483589, -0.005014357157051563, -0.004232969135046005, -0.004595130681991577, -0.005587998777627945, -0.005707181990146637, -0.006122229620814323, -0.00616234727203846, -0.004835650324821472, -0.004521817900240421, -0.003668472170829773, -0.002373248338699341, -0.003668650984764099, -0.005560250952839851, -0.0031129810959100723]
ref [0.22841832041740417, 0.11279231309890747, 0.09029638767242432, 0.059152767062187195, 0.051591597497463226, 0.038664110004901886, 0.03399175405502319, 0.02821686491370201, 0.024981411173939705, 0.02637382782995701, 0.02204638533294201, 0.019286470487713814, 0.0182967409491539, 0.017975104972720146, 0.017195066437125206, 0.0170984398573637, 0.014889282174408436, 0.014823815785348415, 0.015743952244520187, 0.015411745756864548, 0.015371010638773441, 0.01627190411090851, 0.016692467033863068, 0.017517773434519768, 0.016466766595840454, 0.01619485393166542, 0.015619385056197643, 0.014917993918061256, 0.013452163897454739, 0.014792549423873425, 0.01734202168881893, 0.01470971666276455]
[0.23354308307170868, 0.1166553944349289, 0.07752972096204758, 0.051068421453237534, 0.03882008045911789, 0.029396111145615578, 0.026275988668203354, 0.02225676365196705, 0.019066222012043, 0.015929261222481728, 0.01420470979064703, 0.01405771728605032, 0.012755855917930603, 0.011238692328333855, 0.010258390568196774, 0.009193150326609612, 0.009548253379762173, 0.010399346239864826, 0.010729595087468624, 0.011178776621818542, 0.010775879956781864, 0.010683905333280563, 0.01098528504371643, 0.011395543813705444, 0.010304419323801994, 0.011359203606843948, 0.011097567155957222, 0.011249521747231483, 0.011078915558755398, 0.011123898439109325, 0.01178177073597908, 0.011596735566854477]
Training time: 3350 	steps per sec: 9
Eval num_timesteps=32768, episode_reward=nan +/- nan
Eval num_timesteps=32768, episode_success=nan +/- nan
results/HalfCheetah-v4/
results/HalfCheetah-v4/ppo_ros/
results/HalfCheetah-v4/ppo_ros/expert/
results/HalfCheetah-v4/ppo_ros/expert/b_16/
results/HalfCheetah-v4/ppo_ros/expert/b_16/no_lambda/
results/HalfCheetah-v4/ppo_ros/expert/b_16/no_lambda/run_3/
results/HalfCheetah-v4/ppo_ros/expert/b_16/no_lambda/run_3/evaluations.npz
results/HalfCheetah-v4/ppo_ros/expert/b_16/no_lambda/run_3/config.yml
results/HalfCheetah-v4/ppo_ros/expert/b_16/no_lambda/run_3/stats.npz
