ppo_ros_continuous.py --env-id Hopper-v4 -s expert/b_16/no_clip --total-timesteps 32768 --eval-freq 1 --eval-episodes 0 -b 16 --num-steps 1024 -lr 0 --update-epochs 0 --anneal-lr 0 --ros-num-steps 256 --ros-update-epochs 16 --ros-target-kl 0.05 --ros-clip-coef 999999999 --ros-lambda 0.1 -ros-lr 0.001 --ros-anneal-lr 0 --se 1 --se-freq 1 --se-lr 1e-3 --se-epochs 1000 --policy-path policies/Hopper-v4/best_model.zip --normalization-dir policies/Hopper-v4
Obtaining file:///var/lib/condor/execute/slot1/dir_3351764/PPOROS/PPOROS/custom-envs
  Preparing metadata (setup.py): started
  Preparing metadata (setup.py): finished with status 'done'
Requirement already satisfied: gym in /var/lib/condor/execute/slot1/dir_3351764/PPOROS/ppo-ros_env/lib/python3.9/site-packages (from custom-envs==0.0.1) (0.21.0)
Requirement already satisfied: numpy>=1.18.0 in /var/lib/condor/execute/slot1/dir_3351764/PPOROS/ppo-ros_env/lib/python3.9/site-packages (from gym->custom-envs==0.0.1) (1.24.2)
Requirement already satisfied: cloudpickle>=1.2.0 in /var/lib/condor/execute/slot1/dir_3351764/PPOROS/ppo-ros_env/lib/python3.9/site-packages (from gym->custom-envs==0.0.1) (2.2.1)
Installing collected packages: custom-envs
  Running setup.py develop for custom-envs
Successfully installed custom-envs-0.0.1
seed: 3
Eval num_timesteps=0, episode_reward=nan +/- nan
Eval num_timesteps=0, episode_success=nan +/- nan
se
1 1024 1024
diff [-0.011095665395259857]
ref [0.12066930532455444]
[0.10957363992929459]
Training time: 8 	steps per sec: 123
Eval num_timesteps=1024, episode_reward=nan +/- nan
Eval num_timesteps=1024, episode_success=nan +/- nan
se
2 2048 1024
diff [-0.011095665395259857, 0.012255251407623291]
ref [0.12066930532455444, 0.03907217085361481]
[0.10957363992929459, 0.0513274222612381]
Training time: 19 	steps per sec: 103
Eval num_timesteps=2048, episode_reward=nan +/- nan
Eval num_timesteps=2048, episode_success=nan +/- nan
se
3 3072 1024
diff [-0.011095665395259857, 0.012255251407623291, 0.004285043105483055]
ref [0.12066930532455444, 0.03907217085361481, 0.02974301390349865]
[0.10957363992929459, 0.0513274222612381, 0.034028057008981705]
Training time: 34 	steps per sec: 88
Eval num_timesteps=3072, episode_reward=nan +/- nan
Eval num_timesteps=3072, episode_success=nan +/- nan
se
4 4096 1024
diff [-0.011095665395259857, 0.012255251407623291, 0.004285043105483055, 0.0022932030260562897]
ref [0.12066930532455444, 0.03907217085361481, 0.02974301390349865, 0.024534905329346657]
[0.10957363992929459, 0.0513274222612381, 0.034028057008981705, 0.026828108355402946]
Training time: 53 	steps per sec: 75
Eval num_timesteps=4096, episode_reward=nan +/- nan
Eval num_timesteps=4096, episode_success=nan +/- nan
se
5 5120 1024
diff [-0.011095665395259857, 0.012255251407623291, 0.004285043105483055, 0.0022932030260562897, 0.001596858724951744]
ref [0.12066930532455444, 0.03907217085361481, 0.02974301390349865, 0.024534905329346657, 0.017022712156176567]
[0.10957363992929459, 0.0513274222612381, 0.034028057008981705, 0.026828108355402946, 0.01861957088112831]
Training time: 77 	steps per sec: 66
Eval num_timesteps=5120, episode_reward=nan +/- nan
Eval num_timesteps=5120, episode_success=nan +/- nan
se
6 6144 1024
diff [-0.011095665395259857, 0.012255251407623291, 0.004285043105483055, 0.0022932030260562897, 0.001596858724951744, -0.00130520761013031]
ref [0.12066930532455444, 0.03907217085361481, 0.02974301390349865, 0.024534905329346657, 0.017022712156176567, 0.015963837504386902]
[0.10957363992929459, 0.0513274222612381, 0.034028057008981705, 0.026828108355402946, 0.01861957088112831, 0.014658629894256592]
Training time: 104 	steps per sec: 58
Eval num_timesteps=6144, episode_reward=nan +/- nan
Eval num_timesteps=6144, episode_success=nan +/- nan
se
7 7168 1024
diff [-0.011095665395259857, 0.012255251407623291, 0.004285043105483055, 0.0022932030260562897, 0.001596858724951744, -0.00130520761013031, -0.0010819043964147568]
ref [0.12066930532455444, 0.03907217085361481, 0.02974301390349865, 0.024534905329346657, 0.017022712156176567, 0.015963837504386902, 0.013109286315739155]
[0.10957363992929459, 0.0513274222612381, 0.034028057008981705, 0.026828108355402946, 0.01861957088112831, 0.014658629894256592, 0.012027381919324398]
Training time: 135 	steps per sec: 52
Eval num_timesteps=7168, episode_reward=nan +/- nan
Eval num_timesteps=7168, episode_success=nan +/- nan
se
8 8192 1024
diff [-0.011095665395259857, 0.012255251407623291, 0.004285043105483055, 0.0022932030260562897, 0.001596858724951744, -0.00130520761013031, -0.0010819043964147568, -0.0020884256809949875]
ref [0.12066930532455444, 0.03907217085361481, 0.02974301390349865, 0.024534905329346657, 0.017022712156176567, 0.015963837504386902, 0.013109286315739155, 0.01271350122988224]
[0.10957363992929459, 0.0513274222612381, 0.034028057008981705, 0.026828108355402946, 0.01861957088112831, 0.014658629894256592, 0.012027381919324398, 0.010625075548887253]
Training time: 170 	steps per sec: 47
Eval num_timesteps=8192, episode_reward=nan +/- nan
Eval num_timesteps=8192, episode_success=nan +/- nan
se
9 9216 1024
diff [-0.011095665395259857, 0.012255251407623291, 0.004285043105483055, 0.0022932030260562897, 0.001596858724951744, -0.00130520761013031, -0.0010819043964147568, -0.0020884256809949875, -0.003303084522485733]
ref [0.12066930532455444, 0.03907217085361481, 0.02974301390349865, 0.024534905329346657, 0.017022712156176567, 0.015963837504386902, 0.013109286315739155, 0.01271350122988224, 0.01188045833259821]
[0.10957363992929459, 0.0513274222612381, 0.034028057008981705, 0.026828108355402946, 0.01861957088112831, 0.014658629894256592, 0.012027381919324398, 0.010625075548887253, 0.008577373810112476]
Training time: 209 	steps per sec: 43
Eval num_timesteps=9216, episode_reward=nan +/- nan
Eval num_timesteps=9216, episode_success=nan +/- nan
se
10 10240 1024
diff [-0.011095665395259857, 0.012255251407623291, 0.004285043105483055, 0.0022932030260562897, 0.001596858724951744, -0.00130520761013031, -0.0010819043964147568, -0.0020884256809949875, -0.003303084522485733, -0.00391301978379488]
ref [0.12066930532455444, 0.03907217085361481, 0.02974301390349865, 0.024534905329346657, 0.017022712156176567, 0.015963837504386902, 0.013109286315739155, 0.01271350122988224, 0.01188045833259821, 0.011280760169029236]
[0.10957363992929459, 0.0513274222612381, 0.034028057008981705, 0.026828108355402946, 0.01861957088112831, 0.014658629894256592, 0.012027381919324398, 0.010625075548887253, 0.008577373810112476, 0.007367740385234356]
Training time: 252 	steps per sec: 40
Eval num_timesteps=10240, episode_reward=nan +/- nan
Eval num_timesteps=10240, episode_success=nan +/- nan
se
11 11264 1024
diff [-0.011095665395259857, 0.012255251407623291, 0.004285043105483055, 0.0022932030260562897, 0.001596858724951744, -0.00130520761013031, -0.0010819043964147568, -0.0020884256809949875, -0.003303084522485733, -0.00391301978379488, -0.0010030167177319527]
ref [0.12066930532455444, 0.03907217085361481, 0.02974301390349865, 0.024534905329346657, 0.017022712156176567, 0.015963837504386902, 0.013109286315739155, 0.01271350122988224, 0.01188045833259821, 0.011280760169029236, 0.008120434358716011]
[0.10957363992929459, 0.0513274222612381, 0.034028057008981705, 0.026828108355402946, 0.01861957088112831, 0.014658629894256592, 0.012027381919324398, 0.010625075548887253, 0.008577373810112476, 0.007367740385234356, 0.007117417640984058]
Training time: 298 	steps per sec: 37
Eval num_timesteps=11264, episode_reward=nan +/- nan
Eval num_timesteps=11264, episode_success=nan +/- nan
se
12 12288 1024
diff [-0.011095665395259857, 0.012255251407623291, 0.004285043105483055, 0.0022932030260562897, 0.001596858724951744, -0.00130520761013031, -0.0010819043964147568, -0.0020884256809949875, -0.003303084522485733, -0.00391301978379488, -0.0010030167177319527, -0.0023240805603563786]
ref [0.12066930532455444, 0.03907217085361481, 0.02974301390349865, 0.024534905329346657, 0.017022712156176567, 0.015963837504386902, 0.013109286315739155, 0.01271350122988224, 0.01188045833259821, 0.011280760169029236, 0.008120434358716011, 0.008613952435553074]
[0.10957363992929459, 0.0513274222612381, 0.034028057008981705, 0.026828108355402946, 0.01861957088112831, 0.014658629894256592, 0.012027381919324398, 0.010625075548887253, 0.008577373810112476, 0.007367740385234356, 0.007117417640984058, 0.006289871875196695]
Training time: 347 	steps per sec: 35
Eval num_timesteps=12288, episode_reward=nan +/- nan
Eval num_timesteps=12288, episode_success=nan +/- nan
se
13 13312 1024
diff [-0.011095665395259857, 0.012255251407623291, 0.004285043105483055, 0.0022932030260562897, 0.001596858724951744, -0.00130520761013031, -0.0010819043964147568, -0.0020884256809949875, -0.003303084522485733, -0.00391301978379488, -0.0010030167177319527, -0.0023240805603563786, -0.00316652562469244]
ref [0.12066930532455444, 0.03907217085361481, 0.02974301390349865, 0.024534905329346657, 0.017022712156176567, 0.015963837504386902, 0.013109286315739155, 0.01271350122988224, 0.01188045833259821, 0.011280760169029236, 0.008120434358716011, 0.008613952435553074, 0.009072320535779]
[0.10957363992929459, 0.0513274222612381, 0.034028057008981705, 0.026828108355402946, 0.01861957088112831, 0.014658629894256592, 0.012027381919324398, 0.010625075548887253, 0.008577373810112476, 0.007367740385234356, 0.007117417640984058, 0.006289871875196695, 0.005905794911086559]
Training time: 400 	steps per sec: 33
Eval num_timesteps=13312, episode_reward=nan +/- nan
Eval num_timesteps=13312, episode_success=nan +/- nan
se
14 14336 1024
diff [-0.011095665395259857, 0.012255251407623291, 0.004285043105483055, 0.0022932030260562897, 0.001596858724951744, -0.00130520761013031, -0.0010819043964147568, -0.0020884256809949875, -0.003303084522485733, -0.00391301978379488, -0.0010030167177319527, -0.0023240805603563786, -0.00316652562469244, -0.0032141520641744137]
ref [0.12066930532455444, 0.03907217085361481, 0.02974301390349865, 0.024534905329346657, 0.017022712156176567, 0.015963837504386902, 0.013109286315739155, 0.01271350122988224, 0.01188045833259821, 0.011280760169029236, 0.008120434358716011, 0.008613952435553074, 0.009072320535779, 0.008303496055305004]
[0.10957363992929459, 0.0513274222612381, 0.034028057008981705, 0.026828108355402946, 0.01861957088112831, 0.014658629894256592, 0.012027381919324398, 0.010625075548887253, 0.008577373810112476, 0.007367740385234356, 0.007117417640984058, 0.006289871875196695, 0.005905794911086559, 0.0050893439911305904]
Training time: 456 	steps per sec: 31
Eval num_timesteps=14336, episode_reward=nan +/- nan
Eval num_timesteps=14336, episode_success=nan +/- nan
se
15 15360 1024
diff [-0.011095665395259857, 0.012255251407623291, 0.004285043105483055, 0.0022932030260562897, 0.001596858724951744, -0.00130520761013031, -0.0010819043964147568, -0.0020884256809949875, -0.003303084522485733, -0.00391301978379488, -0.0010030167177319527, -0.0023240805603563786, -0.00316652562469244, -0.0032141520641744137, -0.0027650934644043446]
ref [0.12066930532455444, 0.03907217085361481, 0.02974301390349865, 0.024534905329346657, 0.017022712156176567, 0.015963837504386902, 0.013109286315739155, 0.01271350122988224, 0.01188045833259821, 0.011280760169029236, 0.008120434358716011, 0.008613952435553074, 0.009072320535779, 0.008303496055305004, 0.007882027886807919]
[0.10957363992929459, 0.0513274222612381, 0.034028057008981705, 0.026828108355402946, 0.01861957088112831, 0.014658629894256592, 0.012027381919324398, 0.010625075548887253, 0.008577373810112476, 0.007367740385234356, 0.007117417640984058, 0.006289871875196695, 0.005905794911086559, 0.0050893439911305904, 0.005116934422403574]
Training time: 514 	steps per sec: 29
Eval num_timesteps=15360, episode_reward=nan +/- nan
Eval num_timesteps=15360, episode_success=nan +/- nan
se
16 16384 1024
diff [-0.011095665395259857, 0.012255251407623291, 0.004285043105483055, 0.0022932030260562897, 0.001596858724951744, -0.00130520761013031, -0.0010819043964147568, -0.0020884256809949875, -0.003303084522485733, -0.00391301978379488, -0.0010030167177319527, -0.0023240805603563786, -0.00316652562469244, -0.0032141520641744137, -0.0027650934644043446, -0.0007426873780786991]
ref [0.12066930532455444, 0.03907217085361481, 0.02974301390349865, 0.024534905329346657, 0.017022712156176567, 0.015963837504386902, 0.013109286315739155, 0.01271350122988224, 0.01188045833259821, 0.011280760169029236, 0.008120434358716011, 0.008613952435553074, 0.009072320535779, 0.008303496055305004, 0.007882027886807919, 0.0058459448628127575]
[0.10957363992929459, 0.0513274222612381, 0.034028057008981705, 0.026828108355402946, 0.01861957088112831, 0.014658629894256592, 0.012027381919324398, 0.010625075548887253, 0.008577373810112476, 0.007367740385234356, 0.007117417640984058, 0.006289871875196695, 0.005905794911086559, 0.0050893439911305904, 0.005116934422403574, 0.005103257484734058]
Training time: 574 	steps per sec: 28
Eval num_timesteps=16384, episode_reward=nan +/- nan
Eval num_timesteps=16384, episode_success=nan +/- nan
se
16 16384 1024
diff [-0.011095665395259857, 0.012255251407623291, 0.004285043105483055, 0.0022932030260562897, 0.001596858724951744, -0.00130520761013031, -0.0010819043964147568, -0.0020884256809949875, -0.003303084522485733, -0.00391301978379488, -0.0010030167177319527, -0.0023240805603563786, -0.00316652562469244, -0.0032141520641744137, -0.0027650934644043446, -0.0007426873780786991, -0.0009003616869449615]
ref [0.12066930532455444, 0.03907217085361481, 0.02974301390349865, 0.024534905329346657, 0.017022712156176567, 0.015963837504386902, 0.013109286315739155, 0.01271350122988224, 0.01188045833259821, 0.011280760169029236, 0.008120434358716011, 0.008613952435553074, 0.009072320535779, 0.008303496055305004, 0.007882027886807919, 0.0058459448628127575, 0.006276666186749935]
[0.10957363992929459, 0.0513274222612381, 0.034028057008981705, 0.026828108355402946, 0.01861957088112831, 0.014658629894256592, 0.012027381919324398, 0.010625075548887253, 0.008577373810112476, 0.007367740385234356, 0.007117417640984058, 0.006289871875196695, 0.005905794911086559, 0.0050893439911305904, 0.005116934422403574, 0.005103257484734058, 0.005376304499804974]
Training time: 632 	steps per sec: 27
Eval num_timesteps=17408, episode_reward=nan +/- nan
Eval num_timesteps=17408, episode_success=nan +/- nan
se
16 16384 1024
diff [-0.011095665395259857, 0.012255251407623291, 0.004285043105483055, 0.0022932030260562897, 0.001596858724951744, -0.00130520761013031, -0.0010819043964147568, -0.0020884256809949875, -0.003303084522485733, -0.00391301978379488, -0.0010030167177319527, -0.0023240805603563786, -0.00316652562469244, -0.0032141520641744137, -0.0027650934644043446, -0.0007426873780786991, -0.0009003616869449615, -0.002077832818031311]
ref [0.12066930532455444, 0.03907217085361481, 0.02974301390349865, 0.024534905329346657, 0.017022712156176567, 0.015963837504386902, 0.013109286315739155, 0.01271350122988224, 0.01188045833259821, 0.011280760169029236, 0.008120434358716011, 0.008613952435553074, 0.009072320535779, 0.008303496055305004, 0.007882027886807919, 0.0058459448628127575, 0.006276666186749935, 0.007758767809718847]
[0.10957363992929459, 0.0513274222612381, 0.034028057008981705, 0.026828108355402946, 0.01861957088112831, 0.014658629894256592, 0.012027381919324398, 0.010625075548887253, 0.008577373810112476, 0.007367740385234356, 0.007117417640984058, 0.006289871875196695, 0.005905794911086559, 0.0050893439911305904, 0.005116934422403574, 0.005103257484734058, 0.005376304499804974, 0.005680934991687536]
Training time: 694 	steps per sec: 26
Eval num_timesteps=18432, episode_reward=nan +/- nan
Eval num_timesteps=18432, episode_success=nan +/- nan
se
16 16384 1024
diff [-0.011095665395259857, 0.012255251407623291, 0.004285043105483055, 0.0022932030260562897, 0.001596858724951744, -0.00130520761013031, -0.0010819043964147568, -0.0020884256809949875, -0.003303084522485733, -0.00391301978379488, -0.0010030167177319527, -0.0023240805603563786, -0.00316652562469244, -0.0032141520641744137, -0.0027650934644043446, -0.0007426873780786991, -0.0009003616869449615, -0.002077832818031311, 0.00016635609790682793]
ref [0.12066930532455444, 0.03907217085361481, 0.02974301390349865, 0.024534905329346657, 0.017022712156176567, 0.015963837504386902, 0.013109286315739155, 0.01271350122988224, 0.01188045833259821, 0.011280760169029236, 0.008120434358716011, 0.008613952435553074, 0.009072320535779, 0.008303496055305004, 0.007882027886807919, 0.0058459448628127575, 0.006276666186749935, 0.007758767809718847, 0.006132698617875576]
[0.10957363992929459, 0.0513274222612381, 0.034028057008981705, 0.026828108355402946, 0.01861957088112831, 0.014658629894256592, 0.012027381919324398, 0.010625075548887253, 0.008577373810112476, 0.007367740385234356, 0.007117417640984058, 0.006289871875196695, 0.005905794911086559, 0.0050893439911305904, 0.005116934422403574, 0.005103257484734058, 0.005376304499804974, 0.005680934991687536, 0.006299054715782404]
Training time: 754 	steps per sec: 25
Eval num_timesteps=19456, episode_reward=nan +/- nan
Eval num_timesteps=19456, episode_success=nan +/- nan
se
16 16384 1024
diff [-0.011095665395259857, 0.012255251407623291, 0.004285043105483055, 0.0022932030260562897, 0.001596858724951744, -0.00130520761013031, -0.0010819043964147568, -0.0020884256809949875, -0.003303084522485733, -0.00391301978379488, -0.0010030167177319527, -0.0023240805603563786, -0.00316652562469244, -0.0032141520641744137, -0.0027650934644043446, -0.0007426873780786991, -0.0009003616869449615, -0.002077832818031311, 0.00016635609790682793, -0.0015153135173022747]
ref [0.12066930532455444, 0.03907217085361481, 0.02974301390349865, 0.024534905329346657, 0.017022712156176567, 0.015963837504386902, 0.013109286315739155, 0.01271350122988224, 0.01188045833259821, 0.011280760169029236, 0.008120434358716011, 0.008613952435553074, 0.009072320535779, 0.008303496055305004, 0.007882027886807919, 0.0058459448628127575, 0.006276666186749935, 0.007758767809718847, 0.006132698617875576, 0.0079728402197361]
[0.10957363992929459, 0.0513274222612381, 0.034028057008981705, 0.026828108355402946, 0.01861957088112831, 0.014658629894256592, 0.012027381919324398, 0.010625075548887253, 0.008577373810112476, 0.007367740385234356, 0.007117417640984058, 0.006289871875196695, 0.005905794911086559, 0.0050893439911305904, 0.005116934422403574, 0.005103257484734058, 0.005376304499804974, 0.005680934991687536, 0.006299054715782404, 0.0064575267024338245]
Training time: 816 	steps per sec: 25
Eval num_timesteps=20480, episode_reward=nan +/- nan
Eval num_timesteps=20480, episode_success=nan +/- nan
se
16 16384 1024
diff [-0.011095665395259857, 0.012255251407623291, 0.004285043105483055, 0.0022932030260562897, 0.001596858724951744, -0.00130520761013031, -0.0010819043964147568, -0.0020884256809949875, -0.003303084522485733, -0.00391301978379488, -0.0010030167177319527, -0.0023240805603563786, -0.00316652562469244, -0.0032141520641744137, -0.0027650934644043446, -0.0007426873780786991, -0.0009003616869449615, -0.002077832818031311, 0.00016635609790682793, -0.0015153135173022747, 0.0003410656936466694]
ref [0.12066930532455444, 0.03907217085361481, 0.02974301390349865, 0.024534905329346657, 0.017022712156176567, 0.015963837504386902, 0.013109286315739155, 0.01271350122988224, 0.01188045833259821, 0.011280760169029236, 0.008120434358716011, 0.008613952435553074, 0.009072320535779, 0.008303496055305004, 0.007882027886807919, 0.0058459448628127575, 0.006276666186749935, 0.007758767809718847, 0.006132698617875576, 0.0079728402197361, 0.005940787028521299]
[0.10957363992929459, 0.0513274222612381, 0.034028057008981705, 0.026828108355402946, 0.01861957088112831, 0.014658629894256592, 0.012027381919324398, 0.010625075548887253, 0.008577373810112476, 0.007367740385234356, 0.007117417640984058, 0.006289871875196695, 0.005905794911086559, 0.0050893439911305904, 0.005116934422403574, 0.005103257484734058, 0.005376304499804974, 0.005680934991687536, 0.006299054715782404, 0.0064575267024338245, 0.006281852722167969]
Training time: 876 	steps per sec: 24
Eval num_timesteps=21504, episode_reward=nan +/- nan
Eval num_timesteps=21504, episode_success=nan +/- nan
se
16 16384 1024
diff [-0.011095665395259857, 0.012255251407623291, 0.004285043105483055, 0.0022932030260562897, 0.001596858724951744, -0.00130520761013031, -0.0010819043964147568, -0.0020884256809949875, -0.003303084522485733, -0.00391301978379488, -0.0010030167177319527, -0.0023240805603563786, -0.00316652562469244, -0.0032141520641744137, -0.0027650934644043446, -0.0007426873780786991, -0.0009003616869449615, -0.002077832818031311, 0.00016635609790682793, -0.0015153135173022747, 0.0003410656936466694, 0.0004014335572719574]
ref [0.12066930532455444, 0.03907217085361481, 0.02974301390349865, 0.024534905329346657, 0.017022712156176567, 0.015963837504386902, 0.013109286315739155, 0.01271350122988224, 0.01188045833259821, 0.011280760169029236, 0.008120434358716011, 0.008613952435553074, 0.009072320535779, 0.008303496055305004, 0.007882027886807919, 0.0058459448628127575, 0.006276666186749935, 0.007758767809718847, 0.006132698617875576, 0.0079728402197361, 0.005940787028521299, 0.005987531505525112]
[0.10957363992929459, 0.0513274222612381, 0.034028057008981705, 0.026828108355402946, 0.01861957088112831, 0.014658629894256592, 0.012027381919324398, 0.010625075548887253, 0.008577373810112476, 0.007367740385234356, 0.007117417640984058, 0.006289871875196695, 0.005905794911086559, 0.0050893439911305904, 0.005116934422403574, 0.005103257484734058, 0.005376304499804974, 0.005680934991687536, 0.006299054715782404, 0.0064575267024338245, 0.006281852722167969, 0.0063889650627970695]
Training time: 935 	steps per sec: 24
Eval num_timesteps=22528, episode_reward=nan +/- nan
Eval num_timesteps=22528, episode_success=nan +/- nan
se
16 16384 1024
diff [-0.011095665395259857, 0.012255251407623291, 0.004285043105483055, 0.0022932030260562897, 0.001596858724951744, -0.00130520761013031, -0.0010819043964147568, -0.0020884256809949875, -0.003303084522485733, -0.00391301978379488, -0.0010030167177319527, -0.0023240805603563786, -0.00316652562469244, -0.0032141520641744137, -0.0027650934644043446, -0.0007426873780786991, -0.0009003616869449615, -0.002077832818031311, 0.00016635609790682793, -0.0015153135173022747, 0.0003410656936466694, 0.0004014335572719574, -0.0004925364628434181]
ref [0.12066930532455444, 0.03907217085361481, 0.02974301390349865, 0.024534905329346657, 0.017022712156176567, 0.015963837504386902, 0.013109286315739155, 0.01271350122988224, 0.01188045833259821, 0.011280760169029236, 0.008120434358716011, 0.008613952435553074, 0.009072320535779, 0.008303496055305004, 0.007882027886807919, 0.0058459448628127575, 0.006276666186749935, 0.007758767809718847, 0.006132698617875576, 0.0079728402197361, 0.005940787028521299, 0.005987531505525112, 0.006972042843699455]
[0.10957363992929459, 0.0513274222612381, 0.034028057008981705, 0.026828108355402946, 0.01861957088112831, 0.014658629894256592, 0.012027381919324398, 0.010625075548887253, 0.008577373810112476, 0.007367740385234356, 0.007117417640984058, 0.006289871875196695, 0.005905794911086559, 0.0050893439911305904, 0.005116934422403574, 0.005103257484734058, 0.005376304499804974, 0.005680934991687536, 0.006299054715782404, 0.0064575267024338245, 0.006281852722167969, 0.0063889650627970695, 0.006479506380856037]
Training time: 994 	steps per sec: 23
Eval num_timesteps=23552, episode_reward=nan +/- nan
Eval num_timesteps=23552, episode_success=nan +/- nan
se
16 16384 1024
diff [-0.011095665395259857, 0.012255251407623291, 0.004285043105483055, 0.0022932030260562897, 0.001596858724951744, -0.00130520761013031, -0.0010819043964147568, -0.0020884256809949875, -0.003303084522485733, -0.00391301978379488, -0.0010030167177319527, -0.0023240805603563786, -0.00316652562469244, -0.0032141520641744137, -0.0027650934644043446, -0.0007426873780786991, -0.0009003616869449615, -0.002077832818031311, 0.00016635609790682793, -0.0015153135173022747, 0.0003410656936466694, 0.0004014335572719574, -0.0004925364628434181, -0.0005385181866586208]
ref [0.12066930532455444, 0.03907217085361481, 0.02974301390349865, 0.024534905329346657, 0.017022712156176567, 0.015963837504386902, 0.013109286315739155, 0.01271350122988224, 0.01188045833259821, 0.011280760169029236, 0.008120434358716011, 0.008613952435553074, 0.009072320535779, 0.008303496055305004, 0.007882027886807919, 0.0058459448628127575, 0.006276666186749935, 0.007758767809718847, 0.006132698617875576, 0.0079728402197361, 0.005940787028521299, 0.005987531505525112, 0.006972042843699455, 0.007269089110195637]
[0.10957363992929459, 0.0513274222612381, 0.034028057008981705, 0.026828108355402946, 0.01861957088112831, 0.014658629894256592, 0.012027381919324398, 0.010625075548887253, 0.008577373810112476, 0.007367740385234356, 0.007117417640984058, 0.006289871875196695, 0.005905794911086559, 0.0050893439911305904, 0.005116934422403574, 0.005103257484734058, 0.005376304499804974, 0.005680934991687536, 0.006299054715782404, 0.0064575267024338245, 0.006281852722167969, 0.0063889650627970695, 0.006479506380856037, 0.006730570923537016]
Training time: 1055 	steps per sec: 23
Eval num_timesteps=24576, episode_reward=nan +/- nan
Eval num_timesteps=24576, episode_success=nan +/- nan
se
16 16384 1024
diff [-0.011095665395259857, 0.012255251407623291, 0.004285043105483055, 0.0022932030260562897, 0.001596858724951744, -0.00130520761013031, -0.0010819043964147568, -0.0020884256809949875, -0.003303084522485733, -0.00391301978379488, -0.0010030167177319527, -0.0023240805603563786, -0.00316652562469244, -0.0032141520641744137, -0.0027650934644043446, -0.0007426873780786991, -0.0009003616869449615, -0.002077832818031311, 0.00016635609790682793, -0.0015153135173022747, 0.0003410656936466694, 0.0004014335572719574, -0.0004925364628434181, -0.0005385181866586208, 0.00023885862901806831]
ref [0.12066930532455444, 0.03907217085361481, 0.02974301390349865, 0.024534905329346657, 0.017022712156176567, 0.015963837504386902, 0.013109286315739155, 0.01271350122988224, 0.01188045833259821, 0.011280760169029236, 0.008120434358716011, 0.008613952435553074, 0.009072320535779, 0.008303496055305004, 0.007882027886807919, 0.0058459448628127575, 0.006276666186749935, 0.007758767809718847, 0.006132698617875576, 0.0079728402197361, 0.005940787028521299, 0.005987531505525112, 0.006972042843699455, 0.007269089110195637, 0.005759353283792734]
[0.10957363992929459, 0.0513274222612381, 0.034028057008981705, 0.026828108355402946, 0.01861957088112831, 0.014658629894256592, 0.012027381919324398, 0.010625075548887253, 0.008577373810112476, 0.007367740385234356, 0.007117417640984058, 0.006289871875196695, 0.005905794911086559, 0.0050893439911305904, 0.005116934422403574, 0.005103257484734058, 0.005376304499804974, 0.005680934991687536, 0.006299054715782404, 0.0064575267024338245, 0.006281852722167969, 0.0063889650627970695, 0.006479506380856037, 0.006730570923537016, 0.0059982119128108025]
Training time: 1114 	steps per sec: 22
Eval num_timesteps=25600, episode_reward=nan +/- nan
Eval num_timesteps=25600, episode_success=nan +/- nan
se
16 16384 1024
diff [-0.011095665395259857, 0.012255251407623291, 0.004285043105483055, 0.0022932030260562897, 0.001596858724951744, -0.00130520761013031, -0.0010819043964147568, -0.0020884256809949875, -0.003303084522485733, -0.00391301978379488, -0.0010030167177319527, -0.0023240805603563786, -0.00316652562469244, -0.0032141520641744137, -0.0027650934644043446, -0.0007426873780786991, -0.0009003616869449615, -0.002077832818031311, 0.00016635609790682793, -0.0015153135173022747, 0.0003410656936466694, 0.0004014335572719574, -0.0004925364628434181, -0.0005385181866586208, 0.00023885862901806831, -0.0008276882581412792]
ref [0.12066930532455444, 0.03907217085361481, 0.02974301390349865, 0.024534905329346657, 0.017022712156176567, 0.015963837504386902, 0.013109286315739155, 0.01271350122988224, 0.01188045833259821, 0.011280760169029236, 0.008120434358716011, 0.008613952435553074, 0.009072320535779, 0.008303496055305004, 0.007882027886807919, 0.0058459448628127575, 0.006276666186749935, 0.007758767809718847, 0.006132698617875576, 0.0079728402197361, 0.005940787028521299, 0.005987531505525112, 0.006972042843699455, 0.007269089110195637, 0.005759353283792734, 0.006412009708583355]
[0.10957363992929459, 0.0513274222612381, 0.034028057008981705, 0.026828108355402946, 0.01861957088112831, 0.014658629894256592, 0.012027381919324398, 0.010625075548887253, 0.008577373810112476, 0.007367740385234356, 0.007117417640984058, 0.006289871875196695, 0.005905794911086559, 0.0050893439911305904, 0.005116934422403574, 0.005103257484734058, 0.005376304499804974, 0.005680934991687536, 0.006299054715782404, 0.0064575267024338245, 0.006281852722167969, 0.0063889650627970695, 0.006479506380856037, 0.006730570923537016, 0.0059982119128108025, 0.005584321450442076]
Training time: 1173 	steps per sec: 22
Eval num_timesteps=26624, episode_reward=nan +/- nan
Eval num_timesteps=26624, episode_success=nan +/- nan
se
16 16384 1024
diff [-0.011095665395259857, 0.012255251407623291, 0.004285043105483055, 0.0022932030260562897, 0.001596858724951744, -0.00130520761013031, -0.0010819043964147568, -0.0020884256809949875, -0.003303084522485733, -0.00391301978379488, -0.0010030167177319527, -0.0023240805603563786, -0.00316652562469244, -0.0032141520641744137, -0.0027650934644043446, -0.0007426873780786991, -0.0009003616869449615, -0.002077832818031311, 0.00016635609790682793, -0.0015153135173022747, 0.0003410656936466694, 0.0004014335572719574, -0.0004925364628434181, -0.0005385181866586208, 0.00023885862901806831, -0.0008276882581412792, -0.0012373598292469978]
ref [0.12066930532455444, 0.03907217085361481, 0.02974301390349865, 0.024534905329346657, 0.017022712156176567, 0.015963837504386902, 0.013109286315739155, 0.01271350122988224, 0.01188045833259821, 0.011280760169029236, 0.008120434358716011, 0.008613952435553074, 0.009072320535779, 0.008303496055305004, 0.007882027886807919, 0.0058459448628127575, 0.006276666186749935, 0.007758767809718847, 0.006132698617875576, 0.0079728402197361, 0.005940787028521299, 0.005987531505525112, 0.006972042843699455, 0.007269089110195637, 0.005759353283792734, 0.006412009708583355, 0.007049378473311663]
[0.10957363992929459, 0.0513274222612381, 0.034028057008981705, 0.026828108355402946, 0.01861957088112831, 0.014658629894256592, 0.012027381919324398, 0.010625075548887253, 0.008577373810112476, 0.007367740385234356, 0.007117417640984058, 0.006289871875196695, 0.005905794911086559, 0.0050893439911305904, 0.005116934422403574, 0.005103257484734058, 0.005376304499804974, 0.005680934991687536, 0.006299054715782404, 0.0064575267024338245, 0.006281852722167969, 0.0063889650627970695, 0.006479506380856037, 0.006730570923537016, 0.0059982119128108025, 0.005584321450442076, 0.005812018644064665]
Training time: 1231 	steps per sec: 22
Eval num_timesteps=27648, episode_reward=nan +/- nan
Eval num_timesteps=27648, episode_success=nan +/- nan
se
16 16384 1024
diff [-0.011095665395259857, 0.012255251407623291, 0.004285043105483055, 0.0022932030260562897, 0.001596858724951744, -0.00130520761013031, -0.0010819043964147568, -0.0020884256809949875, -0.003303084522485733, -0.00391301978379488, -0.0010030167177319527, -0.0023240805603563786, -0.00316652562469244, -0.0032141520641744137, -0.0027650934644043446, -0.0007426873780786991, -0.0009003616869449615, -0.002077832818031311, 0.00016635609790682793, -0.0015153135173022747, 0.0003410656936466694, 0.0004014335572719574, -0.0004925364628434181, -0.0005385181866586208, 0.00023885862901806831, -0.0008276882581412792, -0.0012373598292469978, -0.0004281485453248024]
ref [0.12066930532455444, 0.03907217085361481, 0.02974301390349865, 0.024534905329346657, 0.017022712156176567, 0.015963837504386902, 0.013109286315739155, 0.01271350122988224, 0.01188045833259821, 0.011280760169029236, 0.008120434358716011, 0.008613952435553074, 0.009072320535779, 0.008303496055305004, 0.007882027886807919, 0.0058459448628127575, 0.006276666186749935, 0.007758767809718847, 0.006132698617875576, 0.0079728402197361, 0.005940787028521299, 0.005987531505525112, 0.006972042843699455, 0.007269089110195637, 0.005759353283792734, 0.006412009708583355, 0.007049378473311663, 0.006528610363602638]
[0.10957363992929459, 0.0513274222612381, 0.034028057008981705, 0.026828108355402946, 0.01861957088112831, 0.014658629894256592, 0.012027381919324398, 0.010625075548887253, 0.008577373810112476, 0.007367740385234356, 0.007117417640984058, 0.006289871875196695, 0.005905794911086559, 0.0050893439911305904, 0.005116934422403574, 0.005103257484734058, 0.005376304499804974, 0.005680934991687536, 0.006299054715782404, 0.0064575267024338245, 0.006281852722167969, 0.0063889650627970695, 0.006479506380856037, 0.006730570923537016, 0.0059982119128108025, 0.005584321450442076, 0.005812018644064665, 0.006100461818277836]
Training time: 1289 	steps per sec: 22
Eval num_timesteps=28672, episode_reward=nan +/- nan
Eval num_timesteps=28672, episode_success=nan +/- nan
se
16 16384 1024
diff [-0.011095665395259857, 0.012255251407623291, 0.004285043105483055, 0.0022932030260562897, 0.001596858724951744, -0.00130520761013031, -0.0010819043964147568, -0.0020884256809949875, -0.003303084522485733, -0.00391301978379488, -0.0010030167177319527, -0.0023240805603563786, -0.00316652562469244, -0.0032141520641744137, -0.0027650934644043446, -0.0007426873780786991, -0.0009003616869449615, -0.002077832818031311, 0.00016635609790682793, -0.0015153135173022747, 0.0003410656936466694, 0.0004014335572719574, -0.0004925364628434181, -0.0005385181866586208, 0.00023885862901806831, -0.0008276882581412792, -0.0012373598292469978, -0.0004281485453248024, -0.00014267303049564362]
ref [0.12066930532455444, 0.03907217085361481, 0.02974301390349865, 0.024534905329346657, 0.017022712156176567, 0.015963837504386902, 0.013109286315739155, 0.01271350122988224, 0.01188045833259821, 0.011280760169029236, 0.008120434358716011, 0.008613952435553074, 0.009072320535779, 0.008303496055305004, 0.007882027886807919, 0.0058459448628127575, 0.006276666186749935, 0.007758767809718847, 0.006132698617875576, 0.0079728402197361, 0.005940787028521299, 0.005987531505525112, 0.006972042843699455, 0.007269089110195637, 0.005759353283792734, 0.006412009708583355, 0.007049378473311663, 0.006528610363602638, 0.006219089962542057]
[0.10957363992929459, 0.0513274222612381, 0.034028057008981705, 0.026828108355402946, 0.01861957088112831, 0.014658629894256592, 0.012027381919324398, 0.010625075548887253, 0.008577373810112476, 0.007367740385234356, 0.007117417640984058, 0.006289871875196695, 0.005905794911086559, 0.0050893439911305904, 0.005116934422403574, 0.005103257484734058, 0.005376304499804974, 0.005680934991687536, 0.006299054715782404, 0.0064575267024338245, 0.006281852722167969, 0.0063889650627970695, 0.006479506380856037, 0.006730570923537016, 0.0059982119128108025, 0.005584321450442076, 0.005812018644064665, 0.006100461818277836, 0.006076416932046413]
Training time: 1345 	steps per sec: 22
Eval num_timesteps=29696, episode_reward=nan +/- nan
Eval num_timesteps=29696, episode_success=nan +/- nan
se
16 16384 1024
diff [-0.011095665395259857, 0.012255251407623291, 0.004285043105483055, 0.0022932030260562897, 0.001596858724951744, -0.00130520761013031, -0.0010819043964147568, -0.0020884256809949875, -0.003303084522485733, -0.00391301978379488, -0.0010030167177319527, -0.0023240805603563786, -0.00316652562469244, -0.0032141520641744137, -0.0027650934644043446, -0.0007426873780786991, -0.0009003616869449615, -0.002077832818031311, 0.00016635609790682793, -0.0015153135173022747, 0.0003410656936466694, 0.0004014335572719574, -0.0004925364628434181, -0.0005385181866586208, 0.00023885862901806831, -0.0008276882581412792, -0.0012373598292469978, -0.0004281485453248024, -0.00014267303049564362, -0.0003824508748948574]
ref [0.12066930532455444, 0.03907217085361481, 0.02974301390349865, 0.024534905329346657, 0.017022712156176567, 0.015963837504386902, 0.013109286315739155, 0.01271350122988224, 0.01188045833259821, 0.011280760169029236, 0.008120434358716011, 0.008613952435553074, 0.009072320535779, 0.008303496055305004, 0.007882027886807919, 0.0058459448628127575, 0.006276666186749935, 0.007758767809718847, 0.006132698617875576, 0.0079728402197361, 0.005940787028521299, 0.005987531505525112, 0.006972042843699455, 0.007269089110195637, 0.005759353283792734, 0.006412009708583355, 0.007049378473311663, 0.006528610363602638, 0.006219089962542057, 0.006058705039322376]
[0.10957363992929459, 0.0513274222612381, 0.034028057008981705, 0.026828108355402946, 0.01861957088112831, 0.014658629894256592, 0.012027381919324398, 0.010625075548887253, 0.008577373810112476, 0.007367740385234356, 0.007117417640984058, 0.006289871875196695, 0.005905794911086559, 0.0050893439911305904, 0.005116934422403574, 0.005103257484734058, 0.005376304499804974, 0.005680934991687536, 0.006299054715782404, 0.0064575267024338245, 0.006281852722167969, 0.0063889650627970695, 0.006479506380856037, 0.006730570923537016, 0.0059982119128108025, 0.005584321450442076, 0.005812018644064665, 0.006100461818277836, 0.006076416932046413, 0.005676254164427519]
Training time: 1402 	steps per sec: 21
Eval num_timesteps=30720, episode_reward=nan +/- nan
Eval num_timesteps=30720, episode_success=nan +/- nan
se
16 16384 1024
diff [-0.011095665395259857, 0.012255251407623291, 0.004285043105483055, 0.0022932030260562897, 0.001596858724951744, -0.00130520761013031, -0.0010819043964147568, -0.0020884256809949875, -0.003303084522485733, -0.00391301978379488, -0.0010030167177319527, -0.0023240805603563786, -0.00316652562469244, -0.0032141520641744137, -0.0027650934644043446, -0.0007426873780786991, -0.0009003616869449615, -0.002077832818031311, 0.00016635609790682793, -0.0015153135173022747, 0.0003410656936466694, 0.0004014335572719574, -0.0004925364628434181, -0.0005385181866586208, 0.00023885862901806831, -0.0008276882581412792, -0.0012373598292469978, -0.0004281485453248024, -0.00014267303049564362, -0.0003824508748948574, -0.0002215537242591381]
ref [0.12066930532455444, 0.03907217085361481, 0.02974301390349865, 0.024534905329346657, 0.017022712156176567, 0.015963837504386902, 0.013109286315739155, 0.01271350122988224, 0.01188045833259821, 0.011280760169029236, 0.008120434358716011, 0.008613952435553074, 0.009072320535779, 0.008303496055305004, 0.007882027886807919, 0.0058459448628127575, 0.006276666186749935, 0.007758767809718847, 0.006132698617875576, 0.0079728402197361, 0.005940787028521299, 0.005987531505525112, 0.006972042843699455, 0.007269089110195637, 0.005759353283792734, 0.006412009708583355, 0.007049378473311663, 0.006528610363602638, 0.006219089962542057, 0.006058705039322376, 0.005999817047268152]
[0.10957363992929459, 0.0513274222612381, 0.034028057008981705, 0.026828108355402946, 0.01861957088112831, 0.014658629894256592, 0.012027381919324398, 0.010625075548887253, 0.008577373810112476, 0.007367740385234356, 0.007117417640984058, 0.006289871875196695, 0.005905794911086559, 0.0050893439911305904, 0.005116934422403574, 0.005103257484734058, 0.005376304499804974, 0.005680934991687536, 0.006299054715782404, 0.0064575267024338245, 0.006281852722167969, 0.0063889650627970695, 0.006479506380856037, 0.006730570923537016, 0.0059982119128108025, 0.005584321450442076, 0.005812018644064665, 0.006100461818277836, 0.006076416932046413, 0.005676254164427519, 0.005778263323009014]
Training time: 1459 	steps per sec: 21
Eval num_timesteps=31744, episode_reward=nan +/- nan
Eval num_timesteps=31744, episode_success=nan +/- nan
se
16 16384 1024
diff [-0.011095665395259857, 0.012255251407623291, 0.004285043105483055, 0.0022932030260562897, 0.001596858724951744, -0.00130520761013031, -0.0010819043964147568, -0.0020884256809949875, -0.003303084522485733, -0.00391301978379488, -0.0010030167177319527, -0.0023240805603563786, -0.00316652562469244, -0.0032141520641744137, -0.0027650934644043446, -0.0007426873780786991, -0.0009003616869449615, -0.002077832818031311, 0.00016635609790682793, -0.0015153135173022747, 0.0003410656936466694, 0.0004014335572719574, -0.0004925364628434181, -0.0005385181866586208, 0.00023885862901806831, -0.0008276882581412792, -0.0012373598292469978, -0.0004281485453248024, -0.00014267303049564362, -0.0003824508748948574, -0.0002215537242591381, -0.000860829371958971]
ref [0.12066930532455444, 0.03907217085361481, 0.02974301390349865, 0.024534905329346657, 0.017022712156176567, 0.015963837504386902, 0.013109286315739155, 0.01271350122988224, 0.01188045833259821, 0.011280760169029236, 0.008120434358716011, 0.008613952435553074, 0.009072320535779, 0.008303496055305004, 0.007882027886807919, 0.0058459448628127575, 0.006276666186749935, 0.007758767809718847, 0.006132698617875576, 0.0079728402197361, 0.005940787028521299, 0.005987531505525112, 0.006972042843699455, 0.007269089110195637, 0.005759353283792734, 0.006412009708583355, 0.007049378473311663, 0.006528610363602638, 0.006219089962542057, 0.006058705039322376, 0.005999817047268152, 0.006362545769661665]
[0.10957363992929459, 0.0513274222612381, 0.034028057008981705, 0.026828108355402946, 0.01861957088112831, 0.014658629894256592, 0.012027381919324398, 0.010625075548887253, 0.008577373810112476, 0.007367740385234356, 0.007117417640984058, 0.006289871875196695, 0.005905794911086559, 0.0050893439911305904, 0.005116934422403574, 0.005103257484734058, 0.005376304499804974, 0.005680934991687536, 0.006299054715782404, 0.0064575267024338245, 0.006281852722167969, 0.0063889650627970695, 0.006479506380856037, 0.006730570923537016, 0.0059982119128108025, 0.005584321450442076, 0.005812018644064665, 0.006100461818277836, 0.006076416932046413, 0.005676254164427519, 0.005778263323009014, 0.005501716397702694]
Training time: 1514 	steps per sec: 21
Eval num_timesteps=32768, episode_reward=nan +/- nan
Eval num_timesteps=32768, episode_success=nan +/- nan
results/Hopper-v4/
results/Hopper-v4/ppo_ros/
results/Hopper-v4/ppo_ros/expert/
results/Hopper-v4/ppo_ros/expert/b_16/
results/Hopper-v4/ppo_ros/expert/b_16/no_clip/
results/Hopper-v4/ppo_ros/expert/b_16/no_clip/run_3/
results/Hopper-v4/ppo_ros/expert/b_16/no_clip/run_3/evaluations.npz
results/Hopper-v4/ppo_ros/expert/b_16/no_clip/run_3/stats.npz
results/Hopper-v4/ppo_ros/expert/b_16/no_clip/run_3/config.yml
