ppo_ros_continuous.py --env-id Walker2d-v4 -s expert/b_16/no_clip_lambda --total-timesteps 32768 --eval-freq 1 --eval-episodes 0 -b 16 --num-steps 1024 -lr 0 --update-epochs 0 --anneal-lr 0 --ros-num-steps 256 --ros-update-epochs 16 --ros-target-kl 0.05 --ros-clip-coef 999999999 --ros-lambda 0 -ros-lr 0.001 --ros-anneal-lr 0 --se 1 --se-freq 1 --se-lr 1e-3 --se-epochs 1000 --policy-path policies/Walker2d-v4/best_model.zip --normalization-dir policies/Walker2d-v4
Obtaining file:///var/lib/condor/execute/slot3/dir_662458/PPOROS/PPOROS/custom-envs
  Preparing metadata (setup.py): started
  Preparing metadata (setup.py): finished with status 'done'
Requirement already satisfied: gym in /var/lib/condor/execute/slot3/dir_662458/PPOROS/ppo-ros_env/lib/python3.9/site-packages (from custom-envs==0.0.1) (0.21.0)
Requirement already satisfied: cloudpickle>=1.2.0 in /var/lib/condor/execute/slot3/dir_662458/PPOROS/ppo-ros_env/lib/python3.9/site-packages (from gym->custom-envs==0.0.1) (2.2.1)
Requirement already satisfied: numpy>=1.18.0 in /var/lib/condor/execute/slot3/dir_662458/PPOROS/ppo-ros_env/lib/python3.9/site-packages (from gym->custom-envs==0.0.1) (1.24.2)
Installing collected packages: custom-envs
  Running setup.py develop for custom-envs
Successfully installed custom-envs-0.0.1
seed: 4
Eval num_timesteps=0, episode_reward=nan +/- nan
Eval num_timesteps=0, episode_success=nan +/- nan
se
1 1024 1024
diff [-0.032615453004837036]
ref [0.30551669001579285]
[0.2729012370109558]
Training time: 8 	steps per sec: 124
Eval num_timesteps=1024, episode_reward=nan +/- nan
Eval num_timesteps=1024, episode_success=nan +/- nan
se
2 2048 1024
diff [-0.032615453004837036, -0.03455504775047302]
ref [0.30551669001579285, 0.18001027405261993]
[0.2729012370109558, 0.1454552263021469]
Training time: 19 	steps per sec: 103
Eval num_timesteps=2048, episode_reward=nan +/- nan
Eval num_timesteps=2048, episode_success=nan +/- nan
se
3 3072 1024
diff [-0.032615453004837036, -0.03455504775047302, -0.0037939846515655518]
ref [0.30551669001579285, 0.18001027405261993, 0.09133731573820114]
[0.2729012370109558, 0.1454552263021469, 0.08754333108663559]
Training time: 34 	steps per sec: 88
Eval num_timesteps=3072, episode_reward=nan +/- nan
Eval num_timesteps=3072, episode_success=nan +/- nan
se
4 4096 1024
diff [-0.032615453004837036, -0.03455504775047302, -0.0037939846515655518, -0.0037767477333545685]
ref [0.30551669001579285, 0.18001027405261993, 0.09133731573820114, 0.06579749286174774]
[0.2729012370109558, 0.1454552263021469, 0.08754333108663559, 0.06202074512839317]
Training time: 53 	steps per sec: 76
Eval num_timesteps=4096, episode_reward=nan +/- nan
Eval num_timesteps=4096, episode_success=nan +/- nan
se
5 5120 1024
diff [-0.032615453004837036, -0.03455504775047302, -0.0037939846515655518, -0.0037767477333545685, -0.006784740835428238]
ref [0.30551669001579285, 0.18001027405261993, 0.09133731573820114, 0.06579749286174774, 0.053020477294921875]
[0.2729012370109558, 0.1454552263021469, 0.08754333108663559, 0.06202074512839317, 0.04623573645949364]
Training time: 77 	steps per sec: 66
Eval num_timesteps=5120, episode_reward=nan +/- nan
Eval num_timesteps=5120, episode_success=nan +/- nan
se
6 6144 1024
diff [-0.032615453004837036, -0.03455504775047302, -0.0037939846515655518, -0.0037767477333545685, -0.006784740835428238, -0.007394172251224518]
ref [0.30551669001579285, 0.18001027405261993, 0.09133731573820114, 0.06579749286174774, 0.053020477294921875, 0.04439886286854744]
[0.2729012370109558, 0.1454552263021469, 0.08754333108663559, 0.06202074512839317, 0.04623573645949364, 0.03700469061732292]
Training time: 105 	steps per sec: 58
Eval num_timesteps=6144, episode_reward=nan +/- nan
Eval num_timesteps=6144, episode_success=nan +/- nan
se
7 7168 1024
diff [-0.032615453004837036, -0.03455504775047302, -0.0037939846515655518, -0.0037767477333545685, -0.006784740835428238, -0.007394172251224518, -0.008767388761043549]
ref [0.30551669001579285, 0.18001027405261993, 0.09133731573820114, 0.06579749286174774, 0.053020477294921875, 0.04439886286854744, 0.03965424746274948]
[0.2729012370109558, 0.1454552263021469, 0.08754333108663559, 0.06202074512839317, 0.04623573645949364, 0.03700469061732292, 0.030886858701705933]
Training time: 137 	steps per sec: 52
Eval num_timesteps=7168, episode_reward=nan +/- nan
Eval num_timesteps=7168, episode_success=nan +/- nan
se
8 8192 1024
diff [-0.032615453004837036, -0.03455504775047302, -0.0037939846515655518, -0.0037767477333545685, -0.006784740835428238, -0.007394172251224518, -0.008767388761043549, -0.003352588042616844]
ref [0.30551669001579285, 0.18001027405261993, 0.09133731573820114, 0.06579749286174774, 0.053020477294921875, 0.04439886286854744, 0.03965424746274948, 0.030494026839733124]
[0.2729012370109558, 0.1454552263021469, 0.08754333108663559, 0.06202074512839317, 0.04623573645949364, 0.03700469061732292, 0.030886858701705933, 0.02714143879711628]
Training time: 173 	steps per sec: 47
Eval num_timesteps=8192, episode_reward=nan +/- nan
Eval num_timesteps=8192, episode_success=nan +/- nan
se
9 9216 1024
diff [-0.032615453004837036, -0.03455504775047302, -0.0037939846515655518, -0.0037767477333545685, -0.006784740835428238, -0.007394172251224518, -0.008767388761043549, -0.003352588042616844, -0.005955839529633522]
ref [0.30551669001579285, 0.18001027405261993, 0.09133731573820114, 0.06579749286174774, 0.053020477294921875, 0.04439886286854744, 0.03965424746274948, 0.030494026839733124, 0.03052118420600891]
[0.2729012370109558, 0.1454552263021469, 0.08754333108663559, 0.06202074512839317, 0.04623573645949364, 0.03700469061732292, 0.030886858701705933, 0.02714143879711628, 0.02456534467637539]
Training time: 213 	steps per sec: 43
Eval num_timesteps=9216, episode_reward=nan +/- nan
Eval num_timesteps=9216, episode_success=nan +/- nan
se
10 10240 1024
diff [-0.032615453004837036, -0.03455504775047302, -0.0037939846515655518, -0.0037767477333545685, -0.006784740835428238, -0.007394172251224518, -0.008767388761043549, -0.003352588042616844, -0.005955839529633522, -0.0020750742405653]
ref [0.30551669001579285, 0.18001027405261993, 0.09133731573820114, 0.06579749286174774, 0.053020477294921875, 0.04439886286854744, 0.03965424746274948, 0.030494026839733124, 0.03052118420600891, 0.024680055677890778]
[0.2729012370109558, 0.1454552263021469, 0.08754333108663559, 0.06202074512839317, 0.04623573645949364, 0.03700469061732292, 0.030886858701705933, 0.02714143879711628, 0.02456534467637539, 0.022604981437325478]
Training time: 259 	steps per sec: 39
Eval num_timesteps=10240, episode_reward=nan +/- nan
Eval num_timesteps=10240, episode_success=nan +/- nan
se
11 11264 1024
diff [-0.032615453004837036, -0.03455504775047302, -0.0037939846515655518, -0.0037767477333545685, -0.006784740835428238, -0.007394172251224518, -0.008767388761043549, -0.003352588042616844, -0.005955839529633522, -0.0020750742405653, -0.004757191985845566]
ref [0.30551669001579285, 0.18001027405261993, 0.09133731573820114, 0.06579749286174774, 0.053020477294921875, 0.04439886286854744, 0.03965424746274948, 0.030494026839733124, 0.03052118420600891, 0.024680055677890778, 0.023981690406799316]
[0.2729012370109558, 0.1454552263021469, 0.08754333108663559, 0.06202074512839317, 0.04623573645949364, 0.03700469061732292, 0.030886858701705933, 0.02714143879711628, 0.02456534467637539, 0.022604981437325478, 0.01922449842095375]
Training time: 308 	steps per sec: 36
Eval num_timesteps=11264, episode_reward=nan +/- nan
Eval num_timesteps=11264, episode_success=nan +/- nan
se
12 12288 1024
diff [-0.032615453004837036, -0.03455504775047302, -0.0037939846515655518, -0.0037767477333545685, -0.006784740835428238, -0.007394172251224518, -0.008767388761043549, -0.003352588042616844, -0.005955839529633522, -0.0020750742405653, -0.004757191985845566, -0.0036223363131284714]
ref [0.30551669001579285, 0.18001027405261993, 0.09133731573820114, 0.06579749286174774, 0.053020477294921875, 0.04439886286854744, 0.03965424746274948, 0.030494026839733124, 0.03052118420600891, 0.024680055677890778, 0.023981690406799316, 0.02141386829316616]
[0.2729012370109558, 0.1454552263021469, 0.08754333108663559, 0.06202074512839317, 0.04623573645949364, 0.03700469061732292, 0.030886858701705933, 0.02714143879711628, 0.02456534467637539, 0.022604981437325478, 0.01922449842095375, 0.01779153198003769]
Training time: 362 	steps per sec: 33
Eval num_timesteps=12288, episode_reward=nan +/- nan
Eval num_timesteps=12288, episode_success=nan +/- nan
se
13 13312 1024
diff [-0.032615453004837036, -0.03455504775047302, -0.0037939846515655518, -0.0037767477333545685, -0.006784740835428238, -0.007394172251224518, -0.008767388761043549, -0.003352588042616844, -0.005955839529633522, -0.0020750742405653, -0.004757191985845566, -0.0036223363131284714, -0.0026147477328777313]
ref [0.30551669001579285, 0.18001027405261993, 0.09133731573820114, 0.06579749286174774, 0.053020477294921875, 0.04439886286854744, 0.03965424746274948, 0.030494026839733124, 0.03052118420600891, 0.024680055677890778, 0.023981690406799316, 0.02141386829316616, 0.01916939951479435]
[0.2729012370109558, 0.1454552263021469, 0.08754333108663559, 0.06202074512839317, 0.04623573645949364, 0.03700469061732292, 0.030886858701705933, 0.02714143879711628, 0.02456534467637539, 0.022604981437325478, 0.01922449842095375, 0.01779153198003769, 0.01655465178191662]
Training time: 420 	steps per sec: 31
Eval num_timesteps=13312, episode_reward=nan +/- nan
Eval num_timesteps=13312, episode_success=nan +/- nan
se
14 14336 1024
diff [-0.032615453004837036, -0.03455504775047302, -0.0037939846515655518, -0.0037767477333545685, -0.006784740835428238, -0.007394172251224518, -0.008767388761043549, -0.003352588042616844, -0.005955839529633522, -0.0020750742405653, -0.004757191985845566, -0.0036223363131284714, -0.0026147477328777313, -0.0034587467089295387]
ref [0.30551669001579285, 0.18001027405261993, 0.09133731573820114, 0.06579749286174774, 0.053020477294921875, 0.04439886286854744, 0.03965424746274948, 0.030494026839733124, 0.03052118420600891, 0.024680055677890778, 0.023981690406799316, 0.02141386829316616, 0.01916939951479435, 0.01853431575000286]
[0.2729012370109558, 0.1454552263021469, 0.08754333108663559, 0.06202074512839317, 0.04623573645949364, 0.03700469061732292, 0.030886858701705933, 0.02714143879711628, 0.02456534467637539, 0.022604981437325478, 0.01922449842095375, 0.01779153198003769, 0.01655465178191662, 0.015075569041073322]
Training time: 487 	steps per sec: 29
Eval num_timesteps=14336, episode_reward=nan +/- nan
Eval num_timesteps=14336, episode_success=nan +/- nan
se
15 15360 1024
diff [-0.032615453004837036, -0.03455504775047302, -0.0037939846515655518, -0.0037767477333545685, -0.006784740835428238, -0.007394172251224518, -0.008767388761043549, -0.003352588042616844, -0.005955839529633522, -0.0020750742405653, -0.004757191985845566, -0.0036223363131284714, -0.0026147477328777313, -0.0034587467089295387, -0.003090478479862213]
ref [0.30551669001579285, 0.18001027405261993, 0.09133731573820114, 0.06579749286174774, 0.053020477294921875, 0.04439886286854744, 0.03965424746274948, 0.030494026839733124, 0.03052118420600891, 0.024680055677890778, 0.023981690406799316, 0.02141386829316616, 0.01916939951479435, 0.01853431575000286, 0.016763633117079735]
[0.2729012370109558, 0.1454552263021469, 0.08754333108663559, 0.06202074512839317, 0.04623573645949364, 0.03700469061732292, 0.030886858701705933, 0.02714143879711628, 0.02456534467637539, 0.022604981437325478, 0.01922449842095375, 0.01779153198003769, 0.01655465178191662, 0.015075569041073322, 0.013673154637217522]
Training time: 560 	steps per sec: 27
Eval num_timesteps=15360, episode_reward=nan +/- nan
Eval num_timesteps=15360, episode_success=nan +/- nan
se
16 16384 1024
diff [-0.032615453004837036, -0.03455504775047302, -0.0037939846515655518, -0.0037767477333545685, -0.006784740835428238, -0.007394172251224518, -0.008767388761043549, -0.003352588042616844, -0.005955839529633522, -0.0020750742405653, -0.004757191985845566, -0.0036223363131284714, -0.0026147477328777313, -0.0034587467089295387, -0.003090478479862213, -0.0032300101593136787]
ref [0.30551669001579285, 0.18001027405261993, 0.09133731573820114, 0.06579749286174774, 0.053020477294921875, 0.04439886286854744, 0.03965424746274948, 0.030494026839733124, 0.03052118420600891, 0.024680055677890778, 0.023981690406799316, 0.02141386829316616, 0.01916939951479435, 0.01853431575000286, 0.016763633117079735, 0.016046615317463875]
[0.2729012370109558, 0.1454552263021469, 0.08754333108663559, 0.06202074512839317, 0.04623573645949364, 0.03700469061732292, 0.030886858701705933, 0.02714143879711628, 0.02456534467637539, 0.022604981437325478, 0.01922449842095375, 0.01779153198003769, 0.01655465178191662, 0.015075569041073322, 0.013673154637217522, 0.012816605158150196]
Training time: 637 	steps per sec: 25
Eval num_timesteps=16384, episode_reward=nan +/- nan
Eval num_timesteps=16384, episode_success=nan +/- nan
se
16 16384 1024
diff [-0.032615453004837036, -0.03455504775047302, -0.0037939846515655518, -0.0037767477333545685, -0.006784740835428238, -0.007394172251224518, -0.008767388761043549, -0.003352588042616844, -0.005955839529633522, -0.0020750742405653, -0.004757191985845566, -0.0036223363131284714, -0.0026147477328777313, -0.0034587467089295387, -0.003090478479862213, -0.0032300101593136787, -0.002367367036640644]
ref [0.30551669001579285, 0.18001027405261993, 0.09133731573820114, 0.06579749286174774, 0.053020477294921875, 0.04439886286854744, 0.03965424746274948, 0.030494026839733124, 0.03052118420600891, 0.024680055677890778, 0.023981690406799316, 0.02141386829316616, 0.01916939951479435, 0.01853431575000286, 0.016763633117079735, 0.016046615317463875, 0.015008090063929558]
[0.2729012370109558, 0.1454552263021469, 0.08754333108663559, 0.06202074512839317, 0.04623573645949364, 0.03700469061732292, 0.030886858701705933, 0.02714143879711628, 0.02456534467637539, 0.022604981437325478, 0.01922449842095375, 0.01779153198003769, 0.01655465178191662, 0.015075569041073322, 0.013673154637217522, 0.012816605158150196, 0.012640723027288914]
Training time: 717 	steps per sec: 24
Eval num_timesteps=17408, episode_reward=nan +/- nan
Eval num_timesteps=17408, episode_success=nan +/- nan
se
16 16384 1024
diff [-0.032615453004837036, -0.03455504775047302, -0.0037939846515655518, -0.0037767477333545685, -0.006784740835428238, -0.007394172251224518, -0.008767388761043549, -0.003352588042616844, -0.005955839529633522, -0.0020750742405653, -0.004757191985845566, -0.0036223363131284714, -0.0026147477328777313, -0.0034587467089295387, -0.003090478479862213, -0.0032300101593136787, -0.002367367036640644, -0.004394206218421459]
ref [0.30551669001579285, 0.18001027405261993, 0.09133731573820114, 0.06579749286174774, 0.053020477294921875, 0.04439886286854744, 0.03965424746274948, 0.030494026839733124, 0.03052118420600891, 0.024680055677890778, 0.023981690406799316, 0.02141386829316616, 0.01916939951479435, 0.01853431575000286, 0.016763633117079735, 0.016046615317463875, 0.015008090063929558, 0.016949035227298737]
[0.2729012370109558, 0.1454552263021469, 0.08754333108663559, 0.06202074512839317, 0.04623573645949364, 0.03700469061732292, 0.030886858701705933, 0.02714143879711628, 0.02456534467637539, 0.022604981437325478, 0.01922449842095375, 0.01779153198003769, 0.01655465178191662, 0.015075569041073322, 0.013673154637217522, 0.012816605158150196, 0.012640723027288914, 0.012554829008877277]
Training time: 802 	steps per sec: 22
Eval num_timesteps=18432, episode_reward=nan +/- nan
Eval num_timesteps=18432, episode_success=nan +/- nan
se
16 16384 1024
diff [-0.032615453004837036, -0.03455504775047302, -0.0037939846515655518, -0.0037767477333545685, -0.006784740835428238, -0.007394172251224518, -0.008767388761043549, -0.003352588042616844, -0.005955839529633522, -0.0020750742405653, -0.004757191985845566, -0.0036223363131284714, -0.0026147477328777313, -0.0034587467089295387, -0.003090478479862213, -0.0032300101593136787, -0.002367367036640644, -0.004394206218421459, -0.004306858405470848]
ref [0.30551669001579285, 0.18001027405261993, 0.09133731573820114, 0.06579749286174774, 0.053020477294921875, 0.04439886286854744, 0.03965424746274948, 0.030494026839733124, 0.03052118420600891, 0.024680055677890778, 0.023981690406799316, 0.02141386829316616, 0.01916939951479435, 0.01853431575000286, 0.016763633117079735, 0.016046615317463875, 0.015008090063929558, 0.016949035227298737, 0.016641028225421906]
[0.2729012370109558, 0.1454552263021469, 0.08754333108663559, 0.06202074512839317, 0.04623573645949364, 0.03700469061732292, 0.030886858701705933, 0.02714143879711628, 0.02456534467637539, 0.022604981437325478, 0.01922449842095375, 0.01779153198003769, 0.01655465178191662, 0.015075569041073322, 0.013673154637217522, 0.012816605158150196, 0.012640723027288914, 0.012554829008877277, 0.012334169819951057]
Training time: 877 	steps per sec: 22
Eval num_timesteps=19456, episode_reward=nan +/- nan
Eval num_timesteps=19456, episode_success=nan +/- nan
se
16 16384 1024
diff [-0.032615453004837036, -0.03455504775047302, -0.0037939846515655518, -0.0037767477333545685, -0.006784740835428238, -0.007394172251224518, -0.008767388761043549, -0.003352588042616844, -0.005955839529633522, -0.0020750742405653, -0.004757191985845566, -0.0036223363131284714, -0.0026147477328777313, -0.0034587467089295387, -0.003090478479862213, -0.0032300101593136787, -0.002367367036640644, -0.004394206218421459, -0.004306858405470848, -0.002671266905963421]
ref [0.30551669001579285, 0.18001027405261993, 0.09133731573820114, 0.06579749286174774, 0.053020477294921875, 0.04439886286854744, 0.03965424746274948, 0.030494026839733124, 0.03052118420600891, 0.024680055677890778, 0.023981690406799316, 0.02141386829316616, 0.01916939951479435, 0.01853431575000286, 0.016763633117079735, 0.016046615317463875, 0.015008090063929558, 0.016949035227298737, 0.016641028225421906, 0.014982947148382664]
[0.2729012370109558, 0.1454552263021469, 0.08754333108663559, 0.06202074512839317, 0.04623573645949364, 0.03700469061732292, 0.030886858701705933, 0.02714143879711628, 0.02456534467637539, 0.022604981437325478, 0.01922449842095375, 0.01779153198003769, 0.01655465178191662, 0.015075569041073322, 0.013673154637217522, 0.012816605158150196, 0.012640723027288914, 0.012554829008877277, 0.012334169819951057, 0.012311680242419243]
Training time: 950 	steps per sec: 21
Eval num_timesteps=20480, episode_reward=nan +/- nan
Eval num_timesteps=20480, episode_success=nan +/- nan
se
16 16384 1024
diff [-0.032615453004837036, -0.03455504775047302, -0.0037939846515655518, -0.0037767477333545685, -0.006784740835428238, -0.007394172251224518, -0.008767388761043549, -0.003352588042616844, -0.005955839529633522, -0.0020750742405653, -0.004757191985845566, -0.0036223363131284714, -0.0026147477328777313, -0.0034587467089295387, -0.003090478479862213, -0.0032300101593136787, -0.002367367036640644, -0.004394206218421459, -0.004306858405470848, -0.002671266905963421, -0.0018912684172391891]
ref [0.30551669001579285, 0.18001027405261993, 0.09133731573820114, 0.06579749286174774, 0.053020477294921875, 0.04439886286854744, 0.03965424746274948, 0.030494026839733124, 0.03052118420600891, 0.024680055677890778, 0.023981690406799316, 0.02141386829316616, 0.01916939951479435, 0.01853431575000286, 0.016763633117079735, 0.016046615317463875, 0.015008090063929558, 0.016949035227298737, 0.016641028225421906, 0.014982947148382664, 0.015153316780924797]
[0.2729012370109558, 0.1454552263021469, 0.08754333108663559, 0.06202074512839317, 0.04623573645949364, 0.03700469061732292, 0.030886858701705933, 0.02714143879711628, 0.02456534467637539, 0.022604981437325478, 0.01922449842095375, 0.01779153198003769, 0.01655465178191662, 0.015075569041073322, 0.013673154637217522, 0.012816605158150196, 0.012640723027288914, 0.012554829008877277, 0.012334169819951057, 0.012311680242419243, 0.013262048363685608]
Training time: 1024 	steps per sec: 20
Eval num_timesteps=21504, episode_reward=nan +/- nan
Eval num_timesteps=21504, episode_success=nan +/- nan
se
16 16384 1024
diff [-0.032615453004837036, -0.03455504775047302, -0.0037939846515655518, -0.0037767477333545685, -0.006784740835428238, -0.007394172251224518, -0.008767388761043549, -0.003352588042616844, -0.005955839529633522, -0.0020750742405653, -0.004757191985845566, -0.0036223363131284714, -0.0026147477328777313, -0.0034587467089295387, -0.003090478479862213, -0.0032300101593136787, -0.002367367036640644, -0.004394206218421459, -0.004306858405470848, -0.002671266905963421, -0.0018912684172391891, -0.004059203900396824]
ref [0.30551669001579285, 0.18001027405261993, 0.09133731573820114, 0.06579749286174774, 0.053020477294921875, 0.04439886286854744, 0.03965424746274948, 0.030494026839733124, 0.03052118420600891, 0.024680055677890778, 0.023981690406799316, 0.02141386829316616, 0.01916939951479435, 0.01853431575000286, 0.016763633117079735, 0.016046615317463875, 0.015008090063929558, 0.016949035227298737, 0.016641028225421906, 0.014982947148382664, 0.015153316780924797, 0.017201539129018784]
[0.2729012370109558, 0.1454552263021469, 0.08754333108663559, 0.06202074512839317, 0.04623573645949364, 0.03700469061732292, 0.030886858701705933, 0.02714143879711628, 0.02456534467637539, 0.022604981437325478, 0.01922449842095375, 0.01779153198003769, 0.01655465178191662, 0.015075569041073322, 0.013673154637217522, 0.012816605158150196, 0.012640723027288914, 0.012554829008877277, 0.012334169819951057, 0.012311680242419243, 0.013262048363685608, 0.01314233522862196]
Training time: 1108 	steps per sec: 20
Eval num_timesteps=22528, episode_reward=nan +/- nan
Eval num_timesteps=22528, episode_success=nan +/- nan
se
16 16384 1024
diff [-0.032615453004837036, -0.03455504775047302, -0.0037939846515655518, -0.0037767477333545685, -0.006784740835428238, -0.007394172251224518, -0.008767388761043549, -0.003352588042616844, -0.005955839529633522, -0.0020750742405653, -0.004757191985845566, -0.0036223363131284714, -0.0026147477328777313, -0.0034587467089295387, -0.003090478479862213, -0.0032300101593136787, -0.002367367036640644, -0.004394206218421459, -0.004306858405470848, -0.002671266905963421, -0.0018912684172391891, -0.004059203900396824, -0.0026695653796195984]
ref [0.30551669001579285, 0.18001027405261993, 0.09133731573820114, 0.06579749286174774, 0.053020477294921875, 0.04439886286854744, 0.03965424746274948, 0.030494026839733124, 0.03052118420600891, 0.024680055677890778, 0.023981690406799316, 0.02141386829316616, 0.01916939951479435, 0.01853431575000286, 0.016763633117079735, 0.016046615317463875, 0.015008090063929558, 0.016949035227298737, 0.016641028225421906, 0.014982947148382664, 0.015153316780924797, 0.017201539129018784, 0.01581965759396553]
[0.2729012370109558, 0.1454552263021469, 0.08754333108663559, 0.06202074512839317, 0.04623573645949364, 0.03700469061732292, 0.030886858701705933, 0.02714143879711628, 0.02456534467637539, 0.022604981437325478, 0.01922449842095375, 0.01779153198003769, 0.01655465178191662, 0.015075569041073322, 0.013673154637217522, 0.012816605158150196, 0.012640723027288914, 0.012554829008877277, 0.012334169819951057, 0.012311680242419243, 0.013262048363685608, 0.01314233522862196, 0.013150092214345932]
Training time: 1189 	steps per sec: 19
Eval num_timesteps=23552, episode_reward=nan +/- nan
Eval num_timesteps=23552, episode_success=nan +/- nan
se
16 16384 1024
diff [-0.032615453004837036, -0.03455504775047302, -0.0037939846515655518, -0.0037767477333545685, -0.006784740835428238, -0.007394172251224518, -0.008767388761043549, -0.003352588042616844, -0.005955839529633522, -0.0020750742405653, -0.004757191985845566, -0.0036223363131284714, -0.0026147477328777313, -0.0034587467089295387, -0.003090478479862213, -0.0032300101593136787, -0.002367367036640644, -0.004394206218421459, -0.004306858405470848, -0.002671266905963421, -0.0018912684172391891, -0.004059203900396824, -0.0026695653796195984, -0.0014903144910931587]
ref [0.30551669001579285, 0.18001027405261993, 0.09133731573820114, 0.06579749286174774, 0.053020477294921875, 0.04439886286854744, 0.03965424746274948, 0.030494026839733124, 0.03052118420600891, 0.024680055677890778, 0.023981690406799316, 0.02141386829316616, 0.01916939951479435, 0.01853431575000286, 0.016763633117079735, 0.016046615317463875, 0.015008090063929558, 0.016949035227298737, 0.016641028225421906, 0.014982947148382664, 0.015153316780924797, 0.017201539129018784, 0.01581965759396553, 0.015023614279925823]
[0.2729012370109558, 0.1454552263021469, 0.08754333108663559, 0.06202074512839317, 0.04623573645949364, 0.03700469061732292, 0.030886858701705933, 0.02714143879711628, 0.02456534467637539, 0.022604981437325478, 0.01922449842095375, 0.01779153198003769, 0.01655465178191662, 0.015075569041073322, 0.013673154637217522, 0.012816605158150196, 0.012640723027288914, 0.012554829008877277, 0.012334169819951057, 0.012311680242419243, 0.013262048363685608, 0.01314233522862196, 0.013150092214345932, 0.013533299788832664]
Training time: 1266 	steps per sec: 19
Eval num_timesteps=24576, episode_reward=nan +/- nan
Eval num_timesteps=24576, episode_success=nan +/- nan
se
16 16384 1024
diff [-0.032615453004837036, -0.03455504775047302, -0.0037939846515655518, -0.0037767477333545685, -0.006784740835428238, -0.007394172251224518, -0.008767388761043549, -0.003352588042616844, -0.005955839529633522, -0.0020750742405653, -0.004757191985845566, -0.0036223363131284714, -0.0026147477328777313, -0.0034587467089295387, -0.003090478479862213, -0.0032300101593136787, -0.002367367036640644, -0.004394206218421459, -0.004306858405470848, -0.002671266905963421, -0.0018912684172391891, -0.004059203900396824, -0.0026695653796195984, -0.0014903144910931587, -0.006847357377409935]
ref [0.30551669001579285, 0.18001027405261993, 0.09133731573820114, 0.06579749286174774, 0.053020477294921875, 0.04439886286854744, 0.03965424746274948, 0.030494026839733124, 0.03052118420600891, 0.024680055677890778, 0.023981690406799316, 0.02141386829316616, 0.01916939951479435, 0.01853431575000286, 0.016763633117079735, 0.016046615317463875, 0.015008090063929558, 0.016949035227298737, 0.016641028225421906, 0.014982947148382664, 0.015153316780924797, 0.017201539129018784, 0.01581965759396553, 0.015023614279925823, 0.01963007263839245]
[0.2729012370109558, 0.1454552263021469, 0.08754333108663559, 0.06202074512839317, 0.04623573645949364, 0.03700469061732292, 0.030886858701705933, 0.02714143879711628, 0.02456534467637539, 0.022604981437325478, 0.01922449842095375, 0.01779153198003769, 0.01655465178191662, 0.015075569041073322, 0.013673154637217522, 0.012816605158150196, 0.012640723027288914, 0.012554829008877277, 0.012334169819951057, 0.012311680242419243, 0.013262048363685608, 0.01314233522862196, 0.013150092214345932, 0.013533299788832664, 0.012782715260982513]
Training time: 1343 	steps per sec: 19
Eval num_timesteps=25600, episode_reward=nan +/- nan
Eval num_timesteps=25600, episode_success=nan +/- nan
se
16 16384 1024
diff [-0.032615453004837036, -0.03455504775047302, -0.0037939846515655518, -0.0037767477333545685, -0.006784740835428238, -0.007394172251224518, -0.008767388761043549, -0.003352588042616844, -0.005955839529633522, -0.0020750742405653, -0.004757191985845566, -0.0036223363131284714, -0.0026147477328777313, -0.0034587467089295387, -0.003090478479862213, -0.0032300101593136787, -0.002367367036640644, -0.004394206218421459, -0.004306858405470848, -0.002671266905963421, -0.0018912684172391891, -0.004059203900396824, -0.0026695653796195984, -0.0014903144910931587, -0.006847357377409935, -0.0009631486609578133]
ref [0.30551669001579285, 0.18001027405261993, 0.09133731573820114, 0.06579749286174774, 0.053020477294921875, 0.04439886286854744, 0.03965424746274948, 0.030494026839733124, 0.03052118420600891, 0.024680055677890778, 0.023981690406799316, 0.02141386829316616, 0.01916939951479435, 0.01853431575000286, 0.016763633117079735, 0.016046615317463875, 0.015008090063929558, 0.016949035227298737, 0.016641028225421906, 0.014982947148382664, 0.015153316780924797, 0.017201539129018784, 0.01581965759396553, 0.015023614279925823, 0.01963007263839245, 0.014236308634281158]
[0.2729012370109558, 0.1454552263021469, 0.08754333108663559, 0.06202074512839317, 0.04623573645949364, 0.03700469061732292, 0.030886858701705933, 0.02714143879711628, 0.02456534467637539, 0.022604981437325478, 0.01922449842095375, 0.01779153198003769, 0.01655465178191662, 0.015075569041073322, 0.013673154637217522, 0.012816605158150196, 0.012640723027288914, 0.012554829008877277, 0.012334169819951057, 0.012311680242419243, 0.013262048363685608, 0.01314233522862196, 0.013150092214345932, 0.013533299788832664, 0.012782715260982513, 0.013273159973323345]
Training time: 1418 	steps per sec: 18
Eval num_timesteps=26624, episode_reward=nan +/- nan
Eval num_timesteps=26624, episode_success=nan +/- nan
se
16 16384 1024
diff [-0.032615453004837036, -0.03455504775047302, -0.0037939846515655518, -0.0037767477333545685, -0.006784740835428238, -0.007394172251224518, -0.008767388761043549, -0.003352588042616844, -0.005955839529633522, -0.0020750742405653, -0.004757191985845566, -0.0036223363131284714, -0.0026147477328777313, -0.0034587467089295387, -0.003090478479862213, -0.0032300101593136787, -0.002367367036640644, -0.004394206218421459, -0.004306858405470848, -0.002671266905963421, -0.0018912684172391891, -0.004059203900396824, -0.0026695653796195984, -0.0014903144910931587, -0.006847357377409935, -0.0009631486609578133, -0.0021679894998669624]
ref [0.30551669001579285, 0.18001027405261993, 0.09133731573820114, 0.06579749286174774, 0.053020477294921875, 0.04439886286854744, 0.03965424746274948, 0.030494026839733124, 0.03052118420600891, 0.024680055677890778, 0.023981690406799316, 0.02141386829316616, 0.01916939951479435, 0.01853431575000286, 0.016763633117079735, 0.016046615317463875, 0.015008090063929558, 0.016949035227298737, 0.016641028225421906, 0.014982947148382664, 0.015153316780924797, 0.017201539129018784, 0.01581965759396553, 0.015023614279925823, 0.01963007263839245, 0.014236308634281158, 0.015808437019586563]
[0.2729012370109558, 0.1454552263021469, 0.08754333108663559, 0.06202074512839317, 0.04623573645949364, 0.03700469061732292, 0.030886858701705933, 0.02714143879711628, 0.02456534467637539, 0.022604981437325478, 0.01922449842095375, 0.01779153198003769, 0.01655465178191662, 0.015075569041073322, 0.013673154637217522, 0.012816605158150196, 0.012640723027288914, 0.012554829008877277, 0.012334169819951057, 0.012311680242419243, 0.013262048363685608, 0.01314233522862196, 0.013150092214345932, 0.013533299788832664, 0.012782715260982513, 0.013273159973323345, 0.0136404475197196]
Training time: 1490 	steps per sec: 18
Eval num_timesteps=27648, episode_reward=nan +/- nan
Eval num_timesteps=27648, episode_success=nan +/- nan
se
16 16384 1024
diff [-0.032615453004837036, -0.03455504775047302, -0.0037939846515655518, -0.0037767477333545685, -0.006784740835428238, -0.007394172251224518, -0.008767388761043549, -0.003352588042616844, -0.005955839529633522, -0.0020750742405653, -0.004757191985845566, -0.0036223363131284714, -0.0026147477328777313, -0.0034587467089295387, -0.003090478479862213, -0.0032300101593136787, -0.002367367036640644, -0.004394206218421459, -0.004306858405470848, -0.002671266905963421, -0.0018912684172391891, -0.004059203900396824, -0.0026695653796195984, -0.0014903144910931587, -0.006847357377409935, -0.0009631486609578133, -0.0021679894998669624, -0.0019743237644433975]
ref [0.30551669001579285, 0.18001027405261993, 0.09133731573820114, 0.06579749286174774, 0.053020477294921875, 0.04439886286854744, 0.03965424746274948, 0.030494026839733124, 0.03052118420600891, 0.024680055677890778, 0.023981690406799316, 0.02141386829316616, 0.01916939951479435, 0.01853431575000286, 0.016763633117079735, 0.016046615317463875, 0.015008090063929558, 0.016949035227298737, 0.016641028225421906, 0.014982947148382664, 0.015153316780924797, 0.017201539129018784, 0.01581965759396553, 0.015023614279925823, 0.01963007263839245, 0.014236308634281158, 0.015808437019586563, 0.01491512730717659]
[0.2729012370109558, 0.1454552263021469, 0.08754333108663559, 0.06202074512839317, 0.04623573645949364, 0.03700469061732292, 0.030886858701705933, 0.02714143879711628, 0.02456534467637539, 0.022604981437325478, 0.01922449842095375, 0.01779153198003769, 0.01655465178191662, 0.015075569041073322, 0.013673154637217522, 0.012816605158150196, 0.012640723027288914, 0.012554829008877277, 0.012334169819951057, 0.012311680242419243, 0.013262048363685608, 0.01314233522862196, 0.013150092214345932, 0.013533299788832664, 0.012782715260982513, 0.013273159973323345, 0.0136404475197196, 0.012940803542733192]
Training time: 1564 	steps per sec: 18
Eval num_timesteps=28672, episode_reward=nan +/- nan
Eval num_timesteps=28672, episode_success=nan +/- nan
se
16 16384 1024
diff [-0.032615453004837036, -0.03455504775047302, -0.0037939846515655518, -0.0037767477333545685, -0.006784740835428238, -0.007394172251224518, -0.008767388761043549, -0.003352588042616844, -0.005955839529633522, -0.0020750742405653, -0.004757191985845566, -0.0036223363131284714, -0.0026147477328777313, -0.0034587467089295387, -0.003090478479862213, -0.0032300101593136787, -0.002367367036640644, -0.004394206218421459, -0.004306858405470848, -0.002671266905963421, -0.0018912684172391891, -0.004059203900396824, -0.0026695653796195984, -0.0014903144910931587, -0.006847357377409935, -0.0009631486609578133, -0.0021679894998669624, -0.0019743237644433975, -0.004686507396399975]
ref [0.30551669001579285, 0.18001027405261993, 0.09133731573820114, 0.06579749286174774, 0.053020477294921875, 0.04439886286854744, 0.03965424746274948, 0.030494026839733124, 0.03052118420600891, 0.024680055677890778, 0.023981690406799316, 0.02141386829316616, 0.01916939951479435, 0.01853431575000286, 0.016763633117079735, 0.016046615317463875, 0.015008090063929558, 0.016949035227298737, 0.016641028225421906, 0.014982947148382664, 0.015153316780924797, 0.017201539129018784, 0.01581965759396553, 0.015023614279925823, 0.01963007263839245, 0.014236308634281158, 0.015808437019586563, 0.01491512730717659, 0.017270682379603386]
[0.2729012370109558, 0.1454552263021469, 0.08754333108663559, 0.06202074512839317, 0.04623573645949364, 0.03700469061732292, 0.030886858701705933, 0.02714143879711628, 0.02456534467637539, 0.022604981437325478, 0.01922449842095375, 0.01779153198003769, 0.01655465178191662, 0.015075569041073322, 0.013673154637217522, 0.012816605158150196, 0.012640723027288914, 0.012554829008877277, 0.012334169819951057, 0.012311680242419243, 0.013262048363685608, 0.01314233522862196, 0.013150092214345932, 0.013533299788832664, 0.012782715260982513, 0.013273159973323345, 0.0136404475197196, 0.012940803542733192, 0.012584174983203411]
Training time: 1639 	steps per sec: 18
Eval num_timesteps=29696, episode_reward=nan +/- nan
Eval num_timesteps=29696, episode_success=nan +/- nan
se
16 16384 1024
diff [-0.032615453004837036, -0.03455504775047302, -0.0037939846515655518, -0.0037767477333545685, -0.006784740835428238, -0.007394172251224518, -0.008767388761043549, -0.003352588042616844, -0.005955839529633522, -0.0020750742405653, -0.004757191985845566, -0.0036223363131284714, -0.0026147477328777313, -0.0034587467089295387, -0.003090478479862213, -0.0032300101593136787, -0.002367367036640644, -0.004394206218421459, -0.004306858405470848, -0.002671266905963421, -0.0018912684172391891, -0.004059203900396824, -0.0026695653796195984, -0.0014903144910931587, -0.006847357377409935, -0.0009631486609578133, -0.0021679894998669624, -0.0019743237644433975, -0.004686507396399975, -0.003187602385878563]
ref [0.30551669001579285, 0.18001027405261993, 0.09133731573820114, 0.06579749286174774, 0.053020477294921875, 0.04439886286854744, 0.03965424746274948, 0.030494026839733124, 0.03052118420600891, 0.024680055677890778, 0.023981690406799316, 0.02141386829316616, 0.01916939951479435, 0.01853431575000286, 0.016763633117079735, 0.016046615317463875, 0.015008090063929558, 0.016949035227298737, 0.016641028225421906, 0.014982947148382664, 0.015153316780924797, 0.017201539129018784, 0.01581965759396553, 0.015023614279925823, 0.01963007263839245, 0.014236308634281158, 0.015808437019586563, 0.01491512730717659, 0.017270682379603386, 0.015566232614219189]
[0.2729012370109558, 0.1454552263021469, 0.08754333108663559, 0.06202074512839317, 0.04623573645949364, 0.03700469061732292, 0.030886858701705933, 0.02714143879711628, 0.02456534467637539, 0.022604981437325478, 0.01922449842095375, 0.01779153198003769, 0.01655465178191662, 0.015075569041073322, 0.013673154637217522, 0.012816605158150196, 0.012640723027288914, 0.012554829008877277, 0.012334169819951057, 0.012311680242419243, 0.013262048363685608, 0.01314233522862196, 0.013150092214345932, 0.013533299788832664, 0.012782715260982513, 0.013273159973323345, 0.0136404475197196, 0.012940803542733192, 0.012584174983203411, 0.012378630228340626]
Training time: 1709 	steps per sec: 17
Eval num_timesteps=30720, episode_reward=nan +/- nan
Eval num_timesteps=30720, episode_success=nan +/- nan
se
16 16384 1024
diff [-0.032615453004837036, -0.03455504775047302, -0.0037939846515655518, -0.0037767477333545685, -0.006784740835428238, -0.007394172251224518, -0.008767388761043549, -0.003352588042616844, -0.005955839529633522, -0.0020750742405653, -0.004757191985845566, -0.0036223363131284714, -0.0026147477328777313, -0.0034587467089295387, -0.003090478479862213, -0.0032300101593136787, -0.002367367036640644, -0.004394206218421459, -0.004306858405470848, -0.002671266905963421, -0.0018912684172391891, -0.004059203900396824, -0.0026695653796195984, -0.0014903144910931587, -0.006847357377409935, -0.0009631486609578133, -0.0021679894998669624, -0.0019743237644433975, -0.004686507396399975, -0.003187602385878563, -0.0032629836350679398]
ref [0.30551669001579285, 0.18001027405261993, 0.09133731573820114, 0.06579749286174774, 0.053020477294921875, 0.04439886286854744, 0.03965424746274948, 0.030494026839733124, 0.03052118420600891, 0.024680055677890778, 0.023981690406799316, 0.02141386829316616, 0.01916939951479435, 0.01853431575000286, 0.016763633117079735, 0.016046615317463875, 0.015008090063929558, 0.016949035227298737, 0.016641028225421906, 0.014982947148382664, 0.015153316780924797, 0.017201539129018784, 0.01581965759396553, 0.015023614279925823, 0.01963007263839245, 0.014236308634281158, 0.015808437019586563, 0.01491512730717659, 0.017270682379603386, 0.015566232614219189, 0.015538442879915237]
[0.2729012370109558, 0.1454552263021469, 0.08754333108663559, 0.06202074512839317, 0.04623573645949364, 0.03700469061732292, 0.030886858701705933, 0.02714143879711628, 0.02456534467637539, 0.022604981437325478, 0.01922449842095375, 0.01779153198003769, 0.01655465178191662, 0.015075569041073322, 0.013673154637217522, 0.012816605158150196, 0.012640723027288914, 0.012554829008877277, 0.012334169819951057, 0.012311680242419243, 0.013262048363685608, 0.01314233522862196, 0.013150092214345932, 0.013533299788832664, 0.012782715260982513, 0.013273159973323345, 0.0136404475197196, 0.012940803542733192, 0.012584174983203411, 0.012378630228340626, 0.012275459244847298]
Training time: 1783 	steps per sec: 17
Eval num_timesteps=31744, episode_reward=nan +/- nan
Eval num_timesteps=31744, episode_success=nan +/- nan
se
16 16384 1024
diff [-0.032615453004837036, -0.03455504775047302, -0.0037939846515655518, -0.0037767477333545685, -0.006784740835428238, -0.007394172251224518, -0.008767388761043549, -0.003352588042616844, -0.005955839529633522, -0.0020750742405653, -0.004757191985845566, -0.0036223363131284714, -0.0026147477328777313, -0.0034587467089295387, -0.003090478479862213, -0.0032300101593136787, -0.002367367036640644, -0.004394206218421459, -0.004306858405470848, -0.002671266905963421, -0.0018912684172391891, -0.004059203900396824, -0.0026695653796195984, -0.0014903144910931587, -0.006847357377409935, -0.0009631486609578133, -0.0021679894998669624, -0.0019743237644433975, -0.004686507396399975, -0.003187602385878563, -0.0032629836350679398, -0.0026398133486509323]
ref [0.30551669001579285, 0.18001027405261993, 0.09133731573820114, 0.06579749286174774, 0.053020477294921875, 0.04439886286854744, 0.03965424746274948, 0.030494026839733124, 0.03052118420600891, 0.024680055677890778, 0.023981690406799316, 0.02141386829316616, 0.01916939951479435, 0.01853431575000286, 0.016763633117079735, 0.016046615317463875, 0.015008090063929558, 0.016949035227298737, 0.016641028225421906, 0.014982947148382664, 0.015153316780924797, 0.017201539129018784, 0.01581965759396553, 0.015023614279925823, 0.01963007263839245, 0.014236308634281158, 0.015808437019586563, 0.01491512730717659, 0.017270682379603386, 0.015566232614219189, 0.015538442879915237, 0.015229940414428711]
[0.2729012370109558, 0.1454552263021469, 0.08754333108663559, 0.06202074512839317, 0.04623573645949364, 0.03700469061732292, 0.030886858701705933, 0.02714143879711628, 0.02456534467637539, 0.022604981437325478, 0.01922449842095375, 0.01779153198003769, 0.01655465178191662, 0.015075569041073322, 0.013673154637217522, 0.012816605158150196, 0.012640723027288914, 0.012554829008877277, 0.012334169819951057, 0.012311680242419243, 0.013262048363685608, 0.01314233522862196, 0.013150092214345932, 0.013533299788832664, 0.012782715260982513, 0.013273159973323345, 0.0136404475197196, 0.012940803542733192, 0.012584174983203411, 0.012378630228340626, 0.012275459244847298, 0.012590127065777779]
Training time: 1862 	steps per sec: 17
Eval num_timesteps=32768, episode_reward=nan +/- nan
Eval num_timesteps=32768, episode_success=nan +/- nan
results/Walker2d-v4/
results/Walker2d-v4/ppo_ros/
results/Walker2d-v4/ppo_ros/expert/
results/Walker2d-v4/ppo_ros/expert/b_16/
results/Walker2d-v4/ppo_ros/expert/b_16/no_clip_lambda/
results/Walker2d-v4/ppo_ros/expert/b_16/no_clip_lambda/run_4/
results/Walker2d-v4/ppo_ros/expert/b_16/no_clip_lambda/run_4/evaluations.npz
results/Walker2d-v4/ppo_ros/expert/b_16/no_clip_lambda/run_4/config.yml
results/Walker2d-v4/ppo_ros/expert/b_16/no_clip_lambda/run_4/stats.npz
