ppo_ros_continuous.py --env-id Swimmer-v4 -s expert/b_16/no_clip --total-timesteps 32768 --eval-freq 1 --eval-episodes 0 -b 16 --num-steps 1024 -lr 0 --update-epochs 0 --anneal-lr 0 --ros-num-steps 256 --ros-update-epochs 16 --ros-target-kl 0.05 --ros-clip-coef 999999999 --ros-lambda 0.1 -ros-lr 0.0001 --ros-anneal-lr 0 --se 1 --se-freq 1 --se-lr 1e-3 --se-epochs 1000 --policy-path policies/Swimmer-v4/best_model.zip --normalization-dir policies/Swimmer-v4
Obtaining file:///var/lib/condor/execute/slot1/dir_1356680/PPOROS/PPOROS/custom-envs
  Preparing metadata (setup.py): started
  Preparing metadata (setup.py): finished with status 'done'
Requirement already satisfied: gym in /var/lib/condor/execute/slot1/dir_1356680/PPOROS/ppo-ros_env/lib/python3.9/site-packages (from custom-envs==0.0.1) (0.21.0)
Requirement already satisfied: cloudpickle>=1.2.0 in /var/lib/condor/execute/slot1/dir_1356680/PPOROS/ppo-ros_env/lib/python3.9/site-packages (from gym->custom-envs==0.0.1) (2.2.1)
Requirement already satisfied: numpy>=1.18.0 in /var/lib/condor/execute/slot1/dir_1356680/PPOROS/ppo-ros_env/lib/python3.9/site-packages (from gym->custom-envs==0.0.1) (1.24.2)
Installing collected packages: custom-envs
  Running setup.py develop for custom-envs
Successfully installed custom-envs-0.0.1
seed: 0
Eval num_timesteps=0, episode_reward=nan +/- nan
Eval num_timesteps=0, episode_success=nan +/- nan
se
1 1024 1024
diff [-1.203631080687046]
ref [1.30708646774292]
[0.10345538705587387]
Training time: 14 	steps per sec: 71
Eval num_timesteps=1024, episode_reward=nan +/- nan
Eval num_timesteps=1024, episode_success=nan +/- nan
se
2 2048 1024
diff [-1.203631080687046, 0.002004813402891159]
ref [1.30708646774292, 0.057959262281656265]
[0.10345538705587387, 0.059964075684547424]
Training time: 34 	steps per sec: 60
Eval num_timesteps=2048, episode_reward=nan +/- nan
Eval num_timesteps=2048, episode_success=nan +/- nan
se
3 3072 1024
diff [-1.203631080687046, 0.002004813402891159, 0.012092042714357376]
ref [1.30708646774292, 0.057959262281656265, 0.025603309273719788]
[0.10345538705587387, 0.059964075684547424, 0.037695351988077164]
Training time: 59 	steps per sec: 51
Eval num_timesteps=3072, episode_reward=nan +/- nan
Eval num_timesteps=3072, episode_success=nan +/- nan
se
4 4096 1024
diff [-1.203631080687046, 0.002004813402891159, 0.012092042714357376, -0.0027062539011240005]
ref [1.30708646774292, 0.057959262281656265, 0.025603309273719788, 0.02285796031355858]
[0.10345538705587387, 0.059964075684547424, 0.037695351988077164, 0.020151706412434578]
Training time: 92 	steps per sec: 44
Eval num_timesteps=4096, episode_reward=nan +/- nan
Eval num_timesteps=4096, episode_success=nan +/- nan
se
5 5120 1024
diff [-1.203631080687046, 0.002004813402891159, 0.012092042714357376, -0.0027062539011240005, 0.00369209423661232]
ref [1.30708646774292, 0.057959262281656265, 0.025603309273719788, 0.02285796031355858, 0.01361352764070034]
[0.10345538705587387, 0.059964075684547424, 0.037695351988077164, 0.020151706412434578, 0.01730562187731266]
Training time: 128 	steps per sec: 39
Eval num_timesteps=5120, episode_reward=nan +/- nan
Eval num_timesteps=5120, episode_success=nan +/- nan
se
6 6144 1024
diff [-1.203631080687046, 0.002004813402891159, 0.012092042714357376, -0.0027062539011240005, 0.00369209423661232, -0.002375398762524128]
ref [1.30708646774292, 0.057959262281656265, 0.025603309273719788, 0.02285796031355858, 0.01361352764070034, 0.01247157622128725]
[0.10345538705587387, 0.059964075684547424, 0.037695351988077164, 0.020151706412434578, 0.01730562187731266, 0.010096177458763123]
Training time: 175 	steps per sec: 35
Eval num_timesteps=6144, episode_reward=nan +/- nan
Eval num_timesteps=6144, episode_success=nan +/- nan
se
7 7168 1024
diff [-1.203631080687046, 0.002004813402891159, 0.012092042714357376, -0.0027062539011240005, 0.00369209423661232, -0.002375398762524128, -0.006099511869251728]
ref [1.30708646774292, 0.057959262281656265, 0.025603309273719788, 0.02285796031355858, 0.01361352764070034, 0.01247157622128725, 0.016051936894655228]
[0.10345538705587387, 0.059964075684547424, 0.037695351988077164, 0.020151706412434578, 0.01730562187731266, 0.010096177458763123, 0.0099524250254035]
Training time: 230 	steps per sec: 31
Eval num_timesteps=7168, episode_reward=nan +/- nan
Eval num_timesteps=7168, episode_success=nan +/- nan
se
8 8192 1024
diff [-1.203631080687046, 0.002004813402891159, 0.012092042714357376, -0.0027062539011240005, 0.00369209423661232, -0.002375398762524128, -0.006099511869251728, -0.0025720782577991486]
ref [1.30708646774292, 0.057959262281656265, 0.025603309273719788, 0.02285796031355858, 0.01361352764070034, 0.01247157622128725, 0.016051936894655228, 0.011068549007177353]
[0.10345538705587387, 0.059964075684547424, 0.037695351988077164, 0.020151706412434578, 0.01730562187731266, 0.010096177458763123, 0.0099524250254035, 0.008496470749378204]
Training time: 294 	steps per sec: 27
Eval num_timesteps=8192, episode_reward=nan +/- nan
Eval num_timesteps=8192, episode_success=nan +/- nan
se
9 9216 1024
diff [-1.203631080687046, 0.002004813402891159, 0.012092042714357376, -0.0027062539011240005, 0.00369209423661232, -0.002375398762524128, -0.006099511869251728, -0.0025720782577991486, -0.003208382986485958]
ref [1.30708646774292, 0.057959262281656265, 0.025603309273719788, 0.02285796031355858, 0.01361352764070034, 0.01247157622128725, 0.016051936894655228, 0.011068549007177353, 0.009884543716907501]
[0.10345538705587387, 0.059964075684547424, 0.037695351988077164, 0.020151706412434578, 0.01730562187731266, 0.010096177458763123, 0.0099524250254035, 0.008496470749378204, 0.006676160730421543]
Training time: 371 	steps per sec: 24
Eval num_timesteps=9216, episode_reward=nan +/- nan
Eval num_timesteps=9216, episode_success=nan +/- nan
se
10 10240 1024
diff [-1.203631080687046, 0.002004813402891159, 0.012092042714357376, -0.0027062539011240005, 0.00369209423661232, -0.002375398762524128, -0.006099511869251728, -0.0025720782577991486, -0.003208382986485958, -0.0029807002283632755]
ref [1.30708646774292, 0.057959262281656265, 0.025603309273719788, 0.02285796031355858, 0.01361352764070034, 0.01247157622128725, 0.016051936894655228, 0.011068549007177353, 0.009884543716907501, 0.009401661343872547]
[0.10345538705587387, 0.059964075684547424, 0.037695351988077164, 0.020151706412434578, 0.01730562187731266, 0.010096177458763123, 0.0099524250254035, 0.008496470749378204, 0.006676160730421543, 0.006420961115509272]
Training time: 454 	steps per sec: 22
Eval num_timesteps=10240, episode_reward=nan +/- nan
Eval num_timesteps=10240, episode_success=nan +/- nan
se
11 11264 1024
diff [-1.203631080687046, 0.002004813402891159, 0.012092042714357376, -0.0027062539011240005, 0.00369209423661232, -0.002375398762524128, -0.006099511869251728, -0.0025720782577991486, -0.003208382986485958, -0.0029807002283632755, -0.004619135055691004]
ref [1.30708646774292, 0.057959262281656265, 0.025603309273719788, 0.02285796031355858, 0.01361352764070034, 0.01247157622128725, 0.016051936894655228, 0.011068549007177353, 0.009884543716907501, 0.009401661343872547, 0.010150078684091568]
[0.10345538705587387, 0.059964075684547424, 0.037695351988077164, 0.020151706412434578, 0.01730562187731266, 0.010096177458763123, 0.0099524250254035, 0.008496470749378204, 0.006676160730421543, 0.006420961115509272, 0.005530943628400564]
Training time: 540 	steps per sec: 20
Eval num_timesteps=11264, episode_reward=nan +/- nan
Eval num_timesteps=11264, episode_success=nan +/- nan
se
12 12288 1024
diff [-1.203631080687046, 0.002004813402891159, 0.012092042714357376, -0.0027062539011240005, 0.00369209423661232, -0.002375398762524128, -0.006099511869251728, -0.0025720782577991486, -0.003208382986485958, -0.0029807002283632755, -0.004619135055691004, -0.004255778156220913]
ref [1.30708646774292, 0.057959262281656265, 0.025603309273719788, 0.02285796031355858, 0.01361352764070034, 0.01247157622128725, 0.016051936894655228, 0.011068549007177353, 0.009884543716907501, 0.009401661343872547, 0.010150078684091568, 0.010006704367697239]
[0.10345538705587387, 0.059964075684547424, 0.037695351988077164, 0.020151706412434578, 0.01730562187731266, 0.010096177458763123, 0.0099524250254035, 0.008496470749378204, 0.006676160730421543, 0.006420961115509272, 0.005530943628400564, 0.005750926211476326]
Training time: 642 	steps per sec: 19
Eval num_timesteps=12288, episode_reward=nan +/- nan
Eval num_timesteps=12288, episode_success=nan +/- nan
se
13 13312 1024
diff [-1.203631080687046, 0.002004813402891159, 0.012092042714357376, -0.0027062539011240005, 0.00369209423661232, -0.002375398762524128, -0.006099511869251728, -0.0025720782577991486, -0.003208382986485958, -0.0029807002283632755, -0.004619135055691004, -0.004255778156220913, -0.002853121142834425]
ref [1.30708646774292, 0.057959262281656265, 0.025603309273719788, 0.02285796031355858, 0.01361352764070034, 0.01247157622128725, 0.016051936894655228, 0.011068549007177353, 0.009884543716907501, 0.009401661343872547, 0.010150078684091568, 0.010006704367697239, 0.008181306533515453]
[0.10345538705587387, 0.059964075684547424, 0.037695351988077164, 0.020151706412434578, 0.01730562187731266, 0.010096177458763123, 0.0099524250254035, 0.008496470749378204, 0.006676160730421543, 0.006420961115509272, 0.005530943628400564, 0.005750926211476326, 0.005328185390681028]
Training time: 752 	steps per sec: 17
Eval num_timesteps=13312, episode_reward=nan +/- nan
Eval num_timesteps=13312, episode_success=nan +/- nan
se
14 14336 1024
diff [-1.203631080687046, 0.002004813402891159, 0.012092042714357376, -0.0027062539011240005, 0.00369209423661232, -0.002375398762524128, -0.006099511869251728, -0.0025720782577991486, -0.003208382986485958, -0.0029807002283632755, -0.004619135055691004, -0.004255778156220913, -0.002853121142834425, -0.002121876459568739]
ref [1.30708646774292, 0.057959262281656265, 0.025603309273719788, 0.02285796031355858, 0.01361352764070034, 0.01247157622128725, 0.016051936894655228, 0.011068549007177353, 0.009884543716907501, 0.009401661343872547, 0.010150078684091568, 0.010006704367697239, 0.008181306533515453, 0.006825736258178949]
[0.10345538705587387, 0.059964075684547424, 0.037695351988077164, 0.020151706412434578, 0.01730562187731266, 0.010096177458763123, 0.0099524250254035, 0.008496470749378204, 0.006676160730421543, 0.006420961115509272, 0.005530943628400564, 0.005750926211476326, 0.005328185390681028, 0.00470385979861021]
Training time: 858 	steps per sec: 16
Eval num_timesteps=14336, episode_reward=nan +/- nan
Eval num_timesteps=14336, episode_success=nan +/- nan
se
15 15360 1024
diff [-1.203631080687046, 0.002004813402891159, 0.012092042714357376, -0.0027062539011240005, 0.00369209423661232, -0.002375398762524128, -0.006099511869251728, -0.0025720782577991486, -0.003208382986485958, -0.0029807002283632755, -0.004619135055691004, -0.004255778156220913, -0.002853121142834425, -0.002121876459568739, -0.0016302773728966713]
ref [1.30708646774292, 0.057959262281656265, 0.025603309273719788, 0.02285796031355858, 0.01361352764070034, 0.01247157622128725, 0.016051936894655228, 0.011068549007177353, 0.009884543716907501, 0.009401661343872547, 0.010150078684091568, 0.010006704367697239, 0.008181306533515453, 0.006825736258178949, 0.005824134219437838]
[0.10345538705587387, 0.059964075684547424, 0.037695351988077164, 0.020151706412434578, 0.01730562187731266, 0.010096177458763123, 0.0099524250254035, 0.008496470749378204, 0.006676160730421543, 0.006420961115509272, 0.005530943628400564, 0.005750926211476326, 0.005328185390681028, 0.00470385979861021, 0.004193856846541166]
Training time: 965 	steps per sec: 15
Eval num_timesteps=15360, episode_reward=nan +/- nan
Eval num_timesteps=15360, episode_success=nan +/- nan
se
16 16384 1024
diff [-1.203631080687046, 0.002004813402891159, 0.012092042714357376, -0.0027062539011240005, 0.00369209423661232, -0.002375398762524128, -0.006099511869251728, -0.0025720782577991486, -0.003208382986485958, -0.0029807002283632755, -0.004619135055691004, -0.004255778156220913, -0.002853121142834425, -0.002121876459568739, -0.0016302773728966713, -0.002409381791949272]
ref [1.30708646774292, 0.057959262281656265, 0.025603309273719788, 0.02285796031355858, 0.01361352764070034, 0.01247157622128725, 0.016051936894655228, 0.011068549007177353, 0.009884543716907501, 0.009401661343872547, 0.010150078684091568, 0.010006704367697239, 0.008181306533515453, 0.006825736258178949, 0.005824134219437838, 0.006442089565098286]
[0.10345538705587387, 0.059964075684547424, 0.037695351988077164, 0.020151706412434578, 0.01730562187731266, 0.010096177458763123, 0.0099524250254035, 0.008496470749378204, 0.006676160730421543, 0.006420961115509272, 0.005530943628400564, 0.005750926211476326, 0.005328185390681028, 0.00470385979861021, 0.004193856846541166, 0.0040327077731490135]
Training time: 1067 	steps per sec: 15
Eval num_timesteps=16384, episode_reward=nan +/- nan
Eval num_timesteps=16384, episode_success=nan +/- nan
se
16 16384 1024
diff [-1.203631080687046, 0.002004813402891159, 0.012092042714357376, -0.0027062539011240005, 0.00369209423661232, -0.002375398762524128, -0.006099511869251728, -0.0025720782577991486, -0.003208382986485958, -0.0029807002283632755, -0.004619135055691004, -0.004255778156220913, -0.002853121142834425, -0.002121876459568739, -0.0016302773728966713, -0.002409381791949272, -0.0016465517692267895]
ref [1.30708646774292, 0.057959262281656265, 0.025603309273719788, 0.02285796031355858, 0.01361352764070034, 0.01247157622128725, 0.016051936894655228, 0.011068549007177353, 0.009884543716907501, 0.009401661343872547, 0.010150078684091568, 0.010006704367697239, 0.008181306533515453, 0.006825736258178949, 0.005824134219437838, 0.006442089565098286, 0.005444124341011047]
[0.10345538705587387, 0.059964075684547424, 0.037695351988077164, 0.020151706412434578, 0.01730562187731266, 0.010096177458763123, 0.0099524250254035, 0.008496470749378204, 0.006676160730421543, 0.006420961115509272, 0.005530943628400564, 0.005750926211476326, 0.005328185390681028, 0.00470385979861021, 0.004193856846541166, 0.0040327077731490135, 0.003797572571784258]
Training time: 1171 	steps per sec: 14
Eval num_timesteps=17408, episode_reward=nan +/- nan
Eval num_timesteps=17408, episode_success=nan +/- nan
se
16 16384 1024
diff [-1.203631080687046, 0.002004813402891159, 0.012092042714357376, -0.0027062539011240005, 0.00369209423661232, -0.002375398762524128, -0.006099511869251728, -0.0025720782577991486, -0.003208382986485958, -0.0029807002283632755, -0.004619135055691004, -0.004255778156220913, -0.002853121142834425, -0.002121876459568739, -0.0016302773728966713, -0.002409381791949272, -0.0016465517692267895, -0.001741582527756691]
ref [1.30708646774292, 0.057959262281656265, 0.025603309273719788, 0.02285796031355858, 0.01361352764070034, 0.01247157622128725, 0.016051936894655228, 0.011068549007177353, 0.009884543716907501, 0.009401661343872547, 0.010150078684091568, 0.010006704367697239, 0.008181306533515453, 0.006825736258178949, 0.005824134219437838, 0.006442089565098286, 0.005444124341011047, 0.005819187965244055]
[0.10345538705587387, 0.059964075684547424, 0.037695351988077164, 0.020151706412434578, 0.01730562187731266, 0.010096177458763123, 0.0099524250254035, 0.008496470749378204, 0.006676160730421543, 0.006420961115509272, 0.005530943628400564, 0.005750926211476326, 0.005328185390681028, 0.00470385979861021, 0.004193856846541166, 0.0040327077731490135, 0.003797572571784258, 0.004077605437487364]
Training time: 1284 	steps per sec: 14
Eval num_timesteps=18432, episode_reward=nan +/- nan
Eval num_timesteps=18432, episode_success=nan +/- nan
se
16 16384 1024
diff [-1.203631080687046, 0.002004813402891159, 0.012092042714357376, -0.0027062539011240005, 0.00369209423661232, -0.002375398762524128, -0.006099511869251728, -0.0025720782577991486, -0.003208382986485958, -0.0029807002283632755, -0.004619135055691004, -0.004255778156220913, -0.002853121142834425, -0.002121876459568739, -0.0016302773728966713, -0.002409381791949272, -0.0016465517692267895, -0.001741582527756691, -0.00032079126685857773]
ref [1.30708646774292, 0.057959262281656265, 0.025603309273719788, 0.02285796031355858, 0.01361352764070034, 0.01247157622128725, 0.016051936894655228, 0.011068549007177353, 0.009884543716907501, 0.009401661343872547, 0.010150078684091568, 0.010006704367697239, 0.008181306533515453, 0.006825736258178949, 0.005824134219437838, 0.006442089565098286, 0.005444124341011047, 0.005819187965244055, 0.004924712236970663]
[0.10345538705587387, 0.059964075684547424, 0.037695351988077164, 0.020151706412434578, 0.01730562187731266, 0.010096177458763123, 0.0099524250254035, 0.008496470749378204, 0.006676160730421543, 0.006420961115509272, 0.005530943628400564, 0.005750926211476326, 0.005328185390681028, 0.00470385979861021, 0.004193856846541166, 0.0040327077731490135, 0.003797572571784258, 0.004077605437487364, 0.004603920970112085]
Training time: 1402 	steps per sec: 13
Eval num_timesteps=19456, episode_reward=nan +/- nan
Eval num_timesteps=19456, episode_success=nan +/- nan
se
16 16384 1024
diff [-1.203631080687046, 0.002004813402891159, 0.012092042714357376, -0.0027062539011240005, 0.00369209423661232, -0.002375398762524128, -0.006099511869251728, -0.0025720782577991486, -0.003208382986485958, -0.0029807002283632755, -0.004619135055691004, -0.004255778156220913, -0.002853121142834425, -0.002121876459568739, -0.0016302773728966713, -0.002409381791949272, -0.0016465517692267895, -0.001741582527756691, -0.00032079126685857773, -0.0020517404191195965]
ref [1.30708646774292, 0.057959262281656265, 0.025603309273719788, 0.02285796031355858, 0.01361352764070034, 0.01247157622128725, 0.016051936894655228, 0.011068549007177353, 0.009884543716907501, 0.009401661343872547, 0.010150078684091568, 0.010006704367697239, 0.008181306533515453, 0.006825736258178949, 0.005824134219437838, 0.006442089565098286, 0.005444124341011047, 0.005819187965244055, 0.004924712236970663, 0.006486349739134312]
[0.10345538705587387, 0.059964075684547424, 0.037695351988077164, 0.020151706412434578, 0.01730562187731266, 0.010096177458763123, 0.0099524250254035, 0.008496470749378204, 0.006676160730421543, 0.006420961115509272, 0.005530943628400564, 0.005750926211476326, 0.005328185390681028, 0.00470385979861021, 0.004193856846541166, 0.0040327077731490135, 0.003797572571784258, 0.004077605437487364, 0.004603920970112085, 0.004434609320014715]
Training time: 1522 	steps per sec: 13
Eval num_timesteps=20480, episode_reward=nan +/- nan
Eval num_timesteps=20480, episode_success=nan +/- nan
se
16 16384 1024
diff [-1.203631080687046, 0.002004813402891159, 0.012092042714357376, -0.0027062539011240005, 0.00369209423661232, -0.002375398762524128, -0.006099511869251728, -0.0025720782577991486, -0.003208382986485958, -0.0029807002283632755, -0.004619135055691004, -0.004255778156220913, -0.002853121142834425, -0.002121876459568739, -0.0016302773728966713, -0.002409381791949272, -0.0016465517692267895, -0.001741582527756691, -0.00032079126685857773, -0.0020517404191195965, -0.0012383675202727318]
ref [1.30708646774292, 0.057959262281656265, 0.025603309273719788, 0.02285796031355858, 0.01361352764070034, 0.01247157622128725, 0.016051936894655228, 0.011068549007177353, 0.009884543716907501, 0.009401661343872547, 0.010150078684091568, 0.010006704367697239, 0.008181306533515453, 0.006825736258178949, 0.005824134219437838, 0.006442089565098286, 0.005444124341011047, 0.005819187965244055, 0.004924712236970663, 0.006486349739134312, 0.005771623458713293]
[0.10345538705587387, 0.059964075684547424, 0.037695351988077164, 0.020151706412434578, 0.01730562187731266, 0.010096177458763123, 0.0099524250254035, 0.008496470749378204, 0.006676160730421543, 0.006420961115509272, 0.005530943628400564, 0.005750926211476326, 0.005328185390681028, 0.00470385979861021, 0.004193856846541166, 0.0040327077731490135, 0.003797572571784258, 0.004077605437487364, 0.004603920970112085, 0.004434609320014715, 0.004533255938440561]
Training time: 1640 	steps per sec: 13
Eval num_timesteps=21504, episode_reward=nan +/- nan
Eval num_timesteps=21504, episode_success=nan +/- nan
se
16 16384 1024
diff [-1.203631080687046, 0.002004813402891159, 0.012092042714357376, -0.0027062539011240005, 0.00369209423661232, -0.002375398762524128, -0.006099511869251728, -0.0025720782577991486, -0.003208382986485958, -0.0029807002283632755, -0.004619135055691004, -0.004255778156220913, -0.002853121142834425, -0.002121876459568739, -0.0016302773728966713, -0.002409381791949272, -0.0016465517692267895, -0.001741582527756691, -0.00032079126685857773, -0.0020517404191195965, -0.0012383675202727318, -0.002638009376823902]
ref [1.30708646774292, 0.057959262281656265, 0.025603309273719788, 0.02285796031355858, 0.01361352764070034, 0.01247157622128725, 0.016051936894655228, 0.011068549007177353, 0.009884543716907501, 0.009401661343872547, 0.010150078684091568, 0.010006704367697239, 0.008181306533515453, 0.006825736258178949, 0.005824134219437838, 0.006442089565098286, 0.005444124341011047, 0.005819187965244055, 0.004924712236970663, 0.006486349739134312, 0.005771623458713293, 0.007628719322383404]
[0.10345538705587387, 0.059964075684547424, 0.037695351988077164, 0.020151706412434578, 0.01730562187731266, 0.010096177458763123, 0.0099524250254035, 0.008496470749378204, 0.006676160730421543, 0.006420961115509272, 0.005530943628400564, 0.005750926211476326, 0.005328185390681028, 0.00470385979861021, 0.004193856846541166, 0.0040327077731490135, 0.003797572571784258, 0.004077605437487364, 0.004603920970112085, 0.004434609320014715, 0.004533255938440561, 0.004990709945559502]
Training time: 1762 	steps per sec: 12
Eval num_timesteps=22528, episode_reward=nan +/- nan
Eval num_timesteps=22528, episode_success=nan +/- nan
se
16 16384 1024
diff [-1.203631080687046, 0.002004813402891159, 0.012092042714357376, -0.0027062539011240005, 0.00369209423661232, -0.002375398762524128, -0.006099511869251728, -0.0025720782577991486, -0.003208382986485958, -0.0029807002283632755, -0.004619135055691004, -0.004255778156220913, -0.002853121142834425, -0.002121876459568739, -0.0016302773728966713, -0.002409381791949272, -0.0016465517692267895, -0.001741582527756691, -0.00032079126685857773, -0.0020517404191195965, -0.0012383675202727318, -0.002638009376823902, -0.0010287128388881683]
ref [1.30708646774292, 0.057959262281656265, 0.025603309273719788, 0.02285796031355858, 0.01361352764070034, 0.01247157622128725, 0.016051936894655228, 0.011068549007177353, 0.009884543716907501, 0.009401661343872547, 0.010150078684091568, 0.010006704367697239, 0.008181306533515453, 0.006825736258178949, 0.005824134219437838, 0.006442089565098286, 0.005444124341011047, 0.005819187965244055, 0.004924712236970663, 0.006486349739134312, 0.005771623458713293, 0.007628719322383404, 0.005784901324659586]
[0.10345538705587387, 0.059964075684547424, 0.037695351988077164, 0.020151706412434578, 0.01730562187731266, 0.010096177458763123, 0.0099524250254035, 0.008496470749378204, 0.006676160730421543, 0.006420961115509272, 0.005530943628400564, 0.005750926211476326, 0.005328185390681028, 0.00470385979861021, 0.004193856846541166, 0.0040327077731490135, 0.003797572571784258, 0.004077605437487364, 0.004603920970112085, 0.004434609320014715, 0.004533255938440561, 0.004990709945559502, 0.004756188485771418]
Training time: 1882 	steps per sec: 12
Eval num_timesteps=23552, episode_reward=nan +/- nan
Eval num_timesteps=23552, episode_success=nan +/- nan
se
16 16384 1024
diff [-1.203631080687046, 0.002004813402891159, 0.012092042714357376, -0.0027062539011240005, 0.00369209423661232, -0.002375398762524128, -0.006099511869251728, -0.0025720782577991486, -0.003208382986485958, -0.0029807002283632755, -0.004619135055691004, -0.004255778156220913, -0.002853121142834425, -0.002121876459568739, -0.0016302773728966713, -0.002409381791949272, -0.0016465517692267895, -0.001741582527756691, -0.00032079126685857773, -0.0020517404191195965, -0.0012383675202727318, -0.002638009376823902, -0.0010287128388881683, 2.7056783437728882e-05]
ref [1.30708646774292, 0.057959262281656265, 0.025603309273719788, 0.02285796031355858, 0.01361352764070034, 0.01247157622128725, 0.016051936894655228, 0.011068549007177353, 0.009884543716907501, 0.009401661343872547, 0.010150078684091568, 0.010006704367697239, 0.008181306533515453, 0.006825736258178949, 0.005824134219437838, 0.006442089565098286, 0.005444124341011047, 0.005819187965244055, 0.004924712236970663, 0.006486349739134312, 0.005771623458713293, 0.007628719322383404, 0.005784901324659586, 0.004734291695058346]
[0.10345538705587387, 0.059964075684547424, 0.037695351988077164, 0.020151706412434578, 0.01730562187731266, 0.010096177458763123, 0.0099524250254035, 0.008496470749378204, 0.006676160730421543, 0.006420961115509272, 0.005530943628400564, 0.005750926211476326, 0.005328185390681028, 0.00470385979861021, 0.004193856846541166, 0.0040327077731490135, 0.003797572571784258, 0.004077605437487364, 0.004603920970112085, 0.004434609320014715, 0.004533255938440561, 0.004990709945559502, 0.004756188485771418, 0.004761348478496075]
Training time: 2010 	steps per sec: 12
Eval num_timesteps=24576, episode_reward=nan +/- nan
Eval num_timesteps=24576, episode_success=nan +/- nan
se
16 16384 1024
diff [-1.203631080687046, 0.002004813402891159, 0.012092042714357376, -0.0027062539011240005, 0.00369209423661232, -0.002375398762524128, -0.006099511869251728, -0.0025720782577991486, -0.003208382986485958, -0.0029807002283632755, -0.004619135055691004, -0.004255778156220913, -0.002853121142834425, -0.002121876459568739, -0.0016302773728966713, -0.002409381791949272, -0.0016465517692267895, -0.001741582527756691, -0.00032079126685857773, -0.0020517404191195965, -0.0012383675202727318, -0.002638009376823902, -0.0010287128388881683, 2.7056783437728882e-05, -0.002493640873581171]
ref [1.30708646774292, 0.057959262281656265, 0.025603309273719788, 0.02285796031355858, 0.01361352764070034, 0.01247157622128725, 0.016051936894655228, 0.011068549007177353, 0.009884543716907501, 0.009401661343872547, 0.010150078684091568, 0.010006704367697239, 0.008181306533515453, 0.006825736258178949, 0.005824134219437838, 0.006442089565098286, 0.005444124341011047, 0.005819187965244055, 0.004924712236970663, 0.006486349739134312, 0.005771623458713293, 0.007628719322383404, 0.005784901324659586, 0.004734291695058346, 0.0068364012986421585]
[0.10345538705587387, 0.059964075684547424, 0.037695351988077164, 0.020151706412434578, 0.01730562187731266, 0.010096177458763123, 0.0099524250254035, 0.008496470749378204, 0.006676160730421543, 0.006420961115509272, 0.005530943628400564, 0.005750926211476326, 0.005328185390681028, 0.00470385979861021, 0.004193856846541166, 0.0040327077731490135, 0.003797572571784258, 0.004077605437487364, 0.004603920970112085, 0.004434609320014715, 0.004533255938440561, 0.004990709945559502, 0.004756188485771418, 0.004761348478496075, 0.0043427604250609875]
Training time: 2139 	steps per sec: 11
Eval num_timesteps=25600, episode_reward=nan +/- nan
Eval num_timesteps=25600, episode_success=nan +/- nan
se
16 16384 1024
diff [-1.203631080687046, 0.002004813402891159, 0.012092042714357376, -0.0027062539011240005, 0.00369209423661232, -0.002375398762524128, -0.006099511869251728, -0.0025720782577991486, -0.003208382986485958, -0.0029807002283632755, -0.004619135055691004, -0.004255778156220913, -0.002853121142834425, -0.002121876459568739, -0.0016302773728966713, -0.002409381791949272, -0.0016465517692267895, -0.001741582527756691, -0.00032079126685857773, -0.0020517404191195965, -0.0012383675202727318, -0.002638009376823902, -0.0010287128388881683, 2.7056783437728882e-05, -0.002493640873581171, -0.0021833772771060467]
ref [1.30708646774292, 0.057959262281656265, 0.025603309273719788, 0.02285796031355858, 0.01361352764070034, 0.01247157622128725, 0.016051936894655228, 0.011068549007177353, 0.009884543716907501, 0.009401661343872547, 0.010150078684091568, 0.010006704367697239, 0.008181306533515453, 0.006825736258178949, 0.005824134219437838, 0.006442089565098286, 0.005444124341011047, 0.005819187965244055, 0.004924712236970663, 0.006486349739134312, 0.005771623458713293, 0.007628719322383404, 0.005784901324659586, 0.004734291695058346, 0.0068364012986421585, 0.006290398072451353]
[0.10345538705587387, 0.059964075684547424, 0.037695351988077164, 0.020151706412434578, 0.01730562187731266, 0.010096177458763123, 0.0099524250254035, 0.008496470749378204, 0.006676160730421543, 0.006420961115509272, 0.005530943628400564, 0.005750926211476326, 0.005328185390681028, 0.00470385979861021, 0.004193856846541166, 0.0040327077731490135, 0.003797572571784258, 0.004077605437487364, 0.004603920970112085, 0.004434609320014715, 0.004533255938440561, 0.004990709945559502, 0.004756188485771418, 0.004761348478496075, 0.0043427604250609875, 0.004107020795345306]
Training time: 2249 	steps per sec: 11
Eval num_timesteps=26624, episode_reward=nan +/- nan
Eval num_timesteps=26624, episode_success=nan +/- nan
se
16 16384 1024
diff [-1.203631080687046, 0.002004813402891159, 0.012092042714357376, -0.0027062539011240005, 0.00369209423661232, -0.002375398762524128, -0.006099511869251728, -0.0025720782577991486, -0.003208382986485958, -0.0029807002283632755, -0.004619135055691004, -0.004255778156220913, -0.002853121142834425, -0.002121876459568739, -0.0016302773728966713, -0.002409381791949272, -0.0016465517692267895, -0.001741582527756691, -0.00032079126685857773, -0.0020517404191195965, -0.0012383675202727318, -0.002638009376823902, -0.0010287128388881683, 2.7056783437728882e-05, -0.002493640873581171, -0.0021833772771060467, -0.002337610349059105]
ref [1.30708646774292, 0.057959262281656265, 0.025603309273719788, 0.02285796031355858, 0.01361352764070034, 0.01247157622128725, 0.016051936894655228, 0.011068549007177353, 0.009884543716907501, 0.009401661343872547, 0.010150078684091568, 0.010006704367697239, 0.008181306533515453, 0.006825736258178949, 0.005824134219437838, 0.006442089565098286, 0.005444124341011047, 0.005819187965244055, 0.004924712236970663, 0.006486349739134312, 0.005771623458713293, 0.007628719322383404, 0.005784901324659586, 0.004734291695058346, 0.0068364012986421585, 0.006290398072451353, 0.006333440542221069]
[0.10345538705587387, 0.059964075684547424, 0.037695351988077164, 0.020151706412434578, 0.01730562187731266, 0.010096177458763123, 0.0099524250254035, 0.008496470749378204, 0.006676160730421543, 0.006420961115509272, 0.005530943628400564, 0.005750926211476326, 0.005328185390681028, 0.00470385979861021, 0.004193856846541166, 0.0040327077731490135, 0.003797572571784258, 0.004077605437487364, 0.004603920970112085, 0.004434609320014715, 0.004533255938440561, 0.004990709945559502, 0.004756188485771418, 0.004761348478496075, 0.0043427604250609875, 0.004107020795345306, 0.003995830193161964]
Training time: 2353 	steps per sec: 11
Eval num_timesteps=27648, episode_reward=nan +/- nan
Eval num_timesteps=27648, episode_success=nan +/- nan
se
16 16384 1024
diff [-1.203631080687046, 0.002004813402891159, 0.012092042714357376, -0.0027062539011240005, 0.00369209423661232, -0.002375398762524128, -0.006099511869251728, -0.0025720782577991486, -0.003208382986485958, -0.0029807002283632755, -0.004619135055691004, -0.004255778156220913, -0.002853121142834425, -0.002121876459568739, -0.0016302773728966713, -0.002409381791949272, -0.0016465517692267895, -0.001741582527756691, -0.00032079126685857773, -0.0020517404191195965, -0.0012383675202727318, -0.002638009376823902, -0.0010287128388881683, 2.7056783437728882e-05, -0.002493640873581171, -0.0021833772771060467, -0.002337610349059105, -0.0018634209409356117]
ref [1.30708646774292, 0.057959262281656265, 0.025603309273719788, 0.02285796031355858, 0.01361352764070034, 0.01247157622128725, 0.016051936894655228, 0.011068549007177353, 0.009884543716907501, 0.009401661343872547, 0.010150078684091568, 0.010006704367697239, 0.008181306533515453, 0.006825736258178949, 0.005824134219437838, 0.006442089565098286, 0.005444124341011047, 0.005819187965244055, 0.004924712236970663, 0.006486349739134312, 0.005771623458713293, 0.007628719322383404, 0.005784901324659586, 0.004734291695058346, 0.0068364012986421585, 0.006290398072451353, 0.006333440542221069, 0.005665352568030357]
[0.10345538705587387, 0.059964075684547424, 0.037695351988077164, 0.020151706412434578, 0.01730562187731266, 0.010096177458763123, 0.0099524250254035, 0.008496470749378204, 0.006676160730421543, 0.006420961115509272, 0.005530943628400564, 0.005750926211476326, 0.005328185390681028, 0.00470385979861021, 0.004193856846541166, 0.0040327077731490135, 0.003797572571784258, 0.004077605437487364, 0.004603920970112085, 0.004434609320014715, 0.004533255938440561, 0.004990709945559502, 0.004756188485771418, 0.004761348478496075, 0.0043427604250609875, 0.004107020795345306, 0.003995830193161964, 0.0038019316270947456]
Training time: 2440 	steps per sec: 11
Eval num_timesteps=28672, episode_reward=nan +/- nan
Eval num_timesteps=28672, episode_success=nan +/- nan
se
16 16384 1024
diff [-1.203631080687046, 0.002004813402891159, 0.012092042714357376, -0.0027062539011240005, 0.00369209423661232, -0.002375398762524128, -0.006099511869251728, -0.0025720782577991486, -0.003208382986485958, -0.0029807002283632755, -0.004619135055691004, -0.004255778156220913, -0.002853121142834425, -0.002121876459568739, -0.0016302773728966713, -0.002409381791949272, -0.0016465517692267895, -0.001741582527756691, -0.00032079126685857773, -0.0020517404191195965, -0.0012383675202727318, -0.002638009376823902, -0.0010287128388881683, 2.7056783437728882e-05, -0.002493640873581171, -0.0021833772771060467, -0.002337610349059105, -0.0018634209409356117, -0.0028708353638648987]
ref [1.30708646774292, 0.057959262281656265, 0.025603309273719788, 0.02285796031355858, 0.01361352764070034, 0.01247157622128725, 0.016051936894655228, 0.011068549007177353, 0.009884543716907501, 0.009401661343872547, 0.010150078684091568, 0.010006704367697239, 0.008181306533515453, 0.006825736258178949, 0.005824134219437838, 0.006442089565098286, 0.005444124341011047, 0.005819187965244055, 0.004924712236970663, 0.006486349739134312, 0.005771623458713293, 0.007628719322383404, 0.005784901324659586, 0.004734291695058346, 0.0068364012986421585, 0.006290398072451353, 0.006333440542221069, 0.005665352568030357, 0.0068040285259485245]
[0.10345538705587387, 0.059964075684547424, 0.037695351988077164, 0.020151706412434578, 0.01730562187731266, 0.010096177458763123, 0.0099524250254035, 0.008496470749378204, 0.006676160730421543, 0.006420961115509272, 0.005530943628400564, 0.005750926211476326, 0.005328185390681028, 0.00470385979861021, 0.004193856846541166, 0.0040327077731490135, 0.003797572571784258, 0.004077605437487364, 0.004603920970112085, 0.004434609320014715, 0.004533255938440561, 0.004990709945559502, 0.004756188485771418, 0.004761348478496075, 0.0043427604250609875, 0.004107020795345306, 0.003995830193161964, 0.0038019316270947456, 0.003933193162083626]
Training time: 2526 	steps per sec: 11
Eval num_timesteps=29696, episode_reward=nan +/- nan
Eval num_timesteps=29696, episode_success=nan +/- nan
se
16 16384 1024
diff [-1.203631080687046, 0.002004813402891159, 0.012092042714357376, -0.0027062539011240005, 0.00369209423661232, -0.002375398762524128, -0.006099511869251728, -0.0025720782577991486, -0.003208382986485958, -0.0029807002283632755, -0.004619135055691004, -0.004255778156220913, -0.002853121142834425, -0.002121876459568739, -0.0016302773728966713, -0.002409381791949272, -0.0016465517692267895, -0.001741582527756691, -0.00032079126685857773, -0.0020517404191195965, -0.0012383675202727318, -0.002638009376823902, -0.0010287128388881683, 2.7056783437728882e-05, -0.002493640873581171, -0.0021833772771060467, -0.002337610349059105, -0.0018634209409356117, -0.0028708353638648987, -0.003435885300859809]
ref [1.30708646774292, 0.057959262281656265, 0.025603309273719788, 0.02285796031355858, 0.01361352764070034, 0.01247157622128725, 0.016051936894655228, 0.011068549007177353, 0.009884543716907501, 0.009401661343872547, 0.010150078684091568, 0.010006704367697239, 0.008181306533515453, 0.006825736258178949, 0.005824134219437838, 0.006442089565098286, 0.005444124341011047, 0.005819187965244055, 0.004924712236970663, 0.006486349739134312, 0.005771623458713293, 0.007628719322383404, 0.005784901324659586, 0.004734291695058346, 0.0068364012986421585, 0.006290398072451353, 0.006333440542221069, 0.005665352568030357, 0.0068040285259485245, 0.007205278612673283]
[0.10345538705587387, 0.059964075684547424, 0.037695351988077164, 0.020151706412434578, 0.01730562187731266, 0.010096177458763123, 0.0099524250254035, 0.008496470749378204, 0.006676160730421543, 0.006420961115509272, 0.005530943628400564, 0.005750926211476326, 0.005328185390681028, 0.00470385979861021, 0.004193856846541166, 0.0040327077731490135, 0.003797572571784258, 0.004077605437487364, 0.004603920970112085, 0.004434609320014715, 0.004533255938440561, 0.004990709945559502, 0.004756188485771418, 0.004761348478496075, 0.0043427604250609875, 0.004107020795345306, 0.003995830193161964, 0.0038019316270947456, 0.003933193162083626, 0.0037693933118134737]
Training time: 2615 	steps per sec: 11
Eval num_timesteps=30720, episode_reward=nan +/- nan
Eval num_timesteps=30720, episode_success=nan +/- nan
se
16 16384 1024
diff [-1.203631080687046, 0.002004813402891159, 0.012092042714357376, -0.0027062539011240005, 0.00369209423661232, -0.002375398762524128, -0.006099511869251728, -0.0025720782577991486, -0.003208382986485958, -0.0029807002283632755, -0.004619135055691004, -0.004255778156220913, -0.002853121142834425, -0.002121876459568739, -0.0016302773728966713, -0.002409381791949272, -0.0016465517692267895, -0.001741582527756691, -0.00032079126685857773, -0.0020517404191195965, -0.0012383675202727318, -0.002638009376823902, -0.0010287128388881683, 2.7056783437728882e-05, -0.002493640873581171, -0.0021833772771060467, -0.002337610349059105, -0.0018634209409356117, -0.0028708353638648987, -0.003435885300859809, -0.0015080543234944344]
ref [1.30708646774292, 0.057959262281656265, 0.025603309273719788, 0.02285796031355858, 0.01361352764070034, 0.01247157622128725, 0.016051936894655228, 0.011068549007177353, 0.009884543716907501, 0.009401661343872547, 0.010150078684091568, 0.010006704367697239, 0.008181306533515453, 0.006825736258178949, 0.005824134219437838, 0.006442089565098286, 0.005444124341011047, 0.005819187965244055, 0.004924712236970663, 0.006486349739134312, 0.005771623458713293, 0.007628719322383404, 0.005784901324659586, 0.004734291695058346, 0.0068364012986421585, 0.006290398072451353, 0.006333440542221069, 0.005665352568030357, 0.0068040285259485245, 0.007205278612673283, 0.005207946989685297]
[0.10345538705587387, 0.059964075684547424, 0.037695351988077164, 0.020151706412434578, 0.01730562187731266, 0.010096177458763123, 0.0099524250254035, 0.008496470749378204, 0.006676160730421543, 0.006420961115509272, 0.005530943628400564, 0.005750926211476326, 0.005328185390681028, 0.00470385979861021, 0.004193856846541166, 0.0040327077731490135, 0.003797572571784258, 0.004077605437487364, 0.004603920970112085, 0.004434609320014715, 0.004533255938440561, 0.004990709945559502, 0.004756188485771418, 0.004761348478496075, 0.0043427604250609875, 0.004107020795345306, 0.003995830193161964, 0.0038019316270947456, 0.003933193162083626, 0.0037693933118134737, 0.0036998926661908627]
Training time: 2699 	steps per sec: 11
Eval num_timesteps=31744, episode_reward=nan +/- nan
Eval num_timesteps=31744, episode_success=nan +/- nan
se
16 16384 1024
diff [-1.203631080687046, 0.002004813402891159, 0.012092042714357376, -0.0027062539011240005, 0.00369209423661232, -0.002375398762524128, -0.006099511869251728, -0.0025720782577991486, -0.003208382986485958, -0.0029807002283632755, -0.004619135055691004, -0.004255778156220913, -0.002853121142834425, -0.002121876459568739, -0.0016302773728966713, -0.002409381791949272, -0.0016465517692267895, -0.001741582527756691, -0.00032079126685857773, -0.0020517404191195965, -0.0012383675202727318, -0.002638009376823902, -0.0010287128388881683, 2.7056783437728882e-05, -0.002493640873581171, -0.0021833772771060467, -0.002337610349059105, -0.0018634209409356117, -0.0028708353638648987, -0.003435885300859809, -0.0015080543234944344, -0.00396012095734477]
ref [1.30708646774292, 0.057959262281656265, 0.025603309273719788, 0.02285796031355858, 0.01361352764070034, 0.01247157622128725, 0.016051936894655228, 0.011068549007177353, 0.009884543716907501, 0.009401661343872547, 0.010150078684091568, 0.010006704367697239, 0.008181306533515453, 0.006825736258178949, 0.005824134219437838, 0.006442089565098286, 0.005444124341011047, 0.005819187965244055, 0.004924712236970663, 0.006486349739134312, 0.005771623458713293, 0.007628719322383404, 0.005784901324659586, 0.004734291695058346, 0.0068364012986421585, 0.006290398072451353, 0.006333440542221069, 0.005665352568030357, 0.0068040285259485245, 0.007205278612673283, 0.005207946989685297, 0.007586169056594372]
[0.10345538705587387, 0.059964075684547424, 0.037695351988077164, 0.020151706412434578, 0.01730562187731266, 0.010096177458763123, 0.0099524250254035, 0.008496470749378204, 0.006676160730421543, 0.006420961115509272, 0.005530943628400564, 0.005750926211476326, 0.005328185390681028, 0.00470385979861021, 0.004193856846541166, 0.0040327077731490135, 0.003797572571784258, 0.004077605437487364, 0.004603920970112085, 0.004434609320014715, 0.004533255938440561, 0.004990709945559502, 0.004756188485771418, 0.004761348478496075, 0.0043427604250609875, 0.004107020795345306, 0.003995830193161964, 0.0038019316270947456, 0.003933193162083626, 0.0037693933118134737, 0.0036998926661908627, 0.0036260480992496014]
Training time: 2787 	steps per sec: 11
Eval num_timesteps=32768, episode_reward=nan +/- nan
Eval num_timesteps=32768, episode_success=nan +/- nan
results/Swimmer-v4/
results/Swimmer-v4/ppo_ros/
results/Swimmer-v4/ppo_ros/expert/
results/Swimmer-v4/ppo_ros/expert/b_16/
results/Swimmer-v4/ppo_ros/expert/b_16/no_clip/
results/Swimmer-v4/ppo_ros/expert/b_16/no_clip/run_0/
results/Swimmer-v4/ppo_ros/expert/b_16/no_clip/run_0/evaluations.npz
results/Swimmer-v4/ppo_ros/expert/b_16/no_clip/run_0/stats.npz
results/Swimmer-v4/ppo_ros/expert/b_16/no_clip/run_0/config.yml
