ppo_ros_continuous.py --env-id Swimmer-v4 -s expert/b_16/no_lambda --total-timesteps 32768 --eval-freq 1 --eval-episodes 0 -b 16 --num-steps 1024 -lr 0 --update-epochs 0 --anneal-lr 0 --ros-num-steps 256 --ros-update-epochs 16 --ros-target-kl 0.05 --ros-clip-coef 0.3 --ros-lambda 0 -ros-lr 0.0001 --ros-anneal-lr 0 --se 1 --se-freq 1 --se-lr 1e-3 --se-epochs 1000 --policy-path policies/Swimmer-v4/best_model.zip --normalization-dir policies/Swimmer-v4
Obtaining file:///var/lib/condor/execute/slot1/dir_2544569/PPOROS/PPOROS/custom-envs
  Preparing metadata (setup.py): started
  Preparing metadata (setup.py): finished with status 'done'
Requirement already satisfied: gym in /var/lib/condor/execute/slot1/dir_2544569/PPOROS/ppo-ros_env/lib/python3.9/site-packages (from custom-envs==0.0.1) (0.21.0)
Requirement already satisfied: cloudpickle>=1.2.0 in /var/lib/condor/execute/slot1/dir_2544569/PPOROS/ppo-ros_env/lib/python3.9/site-packages (from gym->custom-envs==0.0.1) (2.2.1)
Requirement already satisfied: numpy>=1.18.0 in /var/lib/condor/execute/slot1/dir_2544569/PPOROS/ppo-ros_env/lib/python3.9/site-packages (from gym->custom-envs==0.0.1) (1.24.2)
Installing collected packages: custom-envs
  Running setup.py develop for custom-envs
Successfully installed custom-envs-0.0.1
seed: 1
Eval num_timesteps=0, episode_reward=nan +/- nan
Eval num_timesteps=0, episode_success=nan +/- nan
se
1 1024 1024
diff [0.00567781925201416]
ref [0.1290125846862793]
[0.13469040393829346]
Training time: 12 	steps per sec: 84
Eval num_timesteps=1024, episode_reward=nan +/- nan
Eval num_timesteps=1024, episode_success=nan +/- nan
se
2 2048 1024
diff [0.00567781925201416, 0.0073549747467041016]
ref [0.1290125846862793, 0.059781625866889954]
[0.13469040393829346, 0.06713660061359406]
Training time: 28 	steps per sec: 71
Eval num_timesteps=2048, episode_reward=nan +/- nan
Eval num_timesteps=2048, episode_success=nan +/- nan
se
3 3072 1024
diff [0.00567781925201416, 0.0073549747467041016, 0.0010882429778575897]
ref [0.1290125846862793, 0.059781625866889954, 0.042575955390930176]
[0.13469040393829346, 0.06713660061359406, 0.043664198368787766]
Training time: 49 	steps per sec: 61
Eval num_timesteps=3072, episode_reward=nan +/- nan
Eval num_timesteps=3072, episode_success=nan +/- nan
se
4 4096 1024
diff [0.00567781925201416, 0.0073549747467041016, 0.0010882429778575897, 0.0038325246423482895]
ref [0.1290125846862793, 0.059781625866889954, 0.042575955390930176, 0.01763114146888256]
[0.13469040393829346, 0.06713660061359406, 0.043664198368787766, 0.02146366611123085]
Training time: 77 	steps per sec: 53
Eval num_timesteps=4096, episode_reward=nan +/- nan
Eval num_timesteps=4096, episode_success=nan +/- nan
se
5 5120 1024
diff [0.00567781925201416, 0.0073549747467041016, 0.0010882429778575897, 0.0038325246423482895, -0.0052210744470357895]
ref [0.1290125846862793, 0.059781625866889954, 0.042575955390930176, 0.01763114146888256, 0.021032357588410378]
[0.13469040393829346, 0.06713660061359406, 0.043664198368787766, 0.02146366611123085, 0.015811283141374588]
Training time: 114 	steps per sec: 44
Eval num_timesteps=5120, episode_reward=nan +/- nan
Eval num_timesteps=5120, episode_success=nan +/- nan
se
6 6144 1024
diff [0.00567781925201416, 0.0073549747467041016, 0.0010882429778575897, 0.0038325246423482895, -0.0052210744470357895, -0.00422735046595335]
ref [0.1290125846862793, 0.059781625866889954, 0.042575955390930176, 0.01763114146888256, 0.021032357588410378, 0.016487570479512215]
[0.13469040393829346, 0.06713660061359406, 0.043664198368787766, 0.02146366611123085, 0.015811283141374588, 0.012260220013558865]
Training time: 161 	steps per sec: 38
Eval num_timesteps=6144, episode_reward=nan +/- nan
Eval num_timesteps=6144, episode_success=nan +/- nan
se
7 7168 1024
diff [0.00567781925201416, 0.0073549747467041016, 0.0010882429778575897, 0.0038325246423482895, -0.0052210744470357895, -0.00422735046595335, -0.00038380641490221024]
ref [0.1290125846862793, 0.059781625866889954, 0.042575955390930176, 0.01763114146888256, 0.021032357588410378, 0.016487570479512215, 0.01142819132655859]
[0.13469040393829346, 0.06713660061359406, 0.043664198368787766, 0.02146366611123085, 0.015811283141374588, 0.012260220013558865, 0.01104438491165638]
Training time: 214 	steps per sec: 33
Eval num_timesteps=7168, episode_reward=nan +/- nan
Eval num_timesteps=7168, episode_success=nan +/- nan
se
8 8192 1024
diff [0.00567781925201416, 0.0073549747467041016, 0.0010882429778575897, 0.0038325246423482895, -0.0052210744470357895, -0.00422735046595335, -0.00038380641490221024, -0.010544641874730587]
ref [0.1290125846862793, 0.059781625866889954, 0.042575955390930176, 0.01763114146888256, 0.021032357588410378, 0.016487570479512215, 0.01142819132655859, 0.019147276878356934]
[0.13469040393829346, 0.06713660061359406, 0.043664198368787766, 0.02146366611123085, 0.015811283141374588, 0.012260220013558865, 0.01104438491165638, 0.008602635003626347]
Training time: 269 	steps per sec: 30
Eval num_timesteps=8192, episode_reward=nan +/- nan
Eval num_timesteps=8192, episode_success=nan +/- nan
se
9 9216 1024
diff [0.00567781925201416, 0.0073549747467041016, 0.0010882429778575897, 0.0038325246423482895, -0.0052210744470357895, -0.00422735046595335, -0.00038380641490221024, -0.010544641874730587, -0.006325067486613989]
ref [0.1290125846862793, 0.059781625866889954, 0.042575955390930176, 0.01763114146888256, 0.021032357588410378, 0.016487570479512215, 0.01142819132655859, 0.019147276878356934, 0.01348312571644783]
[0.13469040393829346, 0.06713660061359406, 0.043664198368787766, 0.02146366611123085, 0.015811283141374588, 0.012260220013558865, 0.01104438491165638, 0.008602635003626347, 0.007158058229833841]
Training time: 327 	steps per sec: 28
Eval num_timesteps=9216, episode_reward=nan +/- nan
Eval num_timesteps=9216, episode_success=nan +/- nan
se
10 10240 1024
diff [0.00567781925201416, 0.0073549747467041016, 0.0010882429778575897, 0.0038325246423482895, -0.0052210744470357895, -0.00422735046595335, -0.00038380641490221024, -0.010544641874730587, -0.006325067486613989, -0.000634320080280304]
ref [0.1290125846862793, 0.059781625866889954, 0.042575955390930176, 0.01763114146888256, 0.021032357588410378, 0.016487570479512215, 0.01142819132655859, 0.019147276878356934, 0.01348312571644783, 0.006919002626091242]
[0.13469040393829346, 0.06713660061359406, 0.043664198368787766, 0.02146366611123085, 0.015811283141374588, 0.012260220013558865, 0.01104438491165638, 0.008602635003626347, 0.007158058229833841, 0.006284682545810938]
Training time: 397 	steps per sec: 25
Eval num_timesteps=10240, episode_reward=nan +/- nan
Eval num_timesteps=10240, episode_success=nan +/- nan
se
11 11264 1024
diff [0.00567781925201416, 0.0073549747467041016, 0.0010882429778575897, 0.0038325246423482895, -0.0052210744470357895, -0.00422735046595335, -0.00038380641490221024, -0.010544641874730587, -0.006325067486613989, -0.000634320080280304, -0.0035033347085118294]
ref [0.1290125846862793, 0.059781625866889954, 0.042575955390930176, 0.01763114146888256, 0.021032357588410378, 0.016487570479512215, 0.01142819132655859, 0.019147276878356934, 0.01348312571644783, 0.006919002626091242, 0.008986255154013634]
[0.13469040393829346, 0.06713660061359406, 0.043664198368787766, 0.02146366611123085, 0.015811283141374588, 0.012260220013558865, 0.01104438491165638, 0.008602635003626347, 0.007158058229833841, 0.006284682545810938, 0.005482920445501804]
Training time: 476 	steps per sec: 23
Eval num_timesteps=11264, episode_reward=nan +/- nan
Eval num_timesteps=11264, episode_success=nan +/- nan
se
12 12288 1024
diff [0.00567781925201416, 0.0073549747467041016, 0.0010882429778575897, 0.0038325246423482895, -0.0052210744470357895, -0.00422735046595335, -0.00038380641490221024, -0.010544641874730587, -0.006325067486613989, -0.000634320080280304, -0.0035033347085118294, -0.0028462200425565243]
ref [0.1290125846862793, 0.059781625866889954, 0.042575955390930176, 0.01763114146888256, 0.021032357588410378, 0.016487570479512215, 0.01142819132655859, 0.019147276878356934, 0.01348312571644783, 0.006919002626091242, 0.008986255154013634, 0.007956423796713352]
[0.13469040393829346, 0.06713660061359406, 0.043664198368787766, 0.02146366611123085, 0.015811283141374588, 0.012260220013558865, 0.01104438491165638, 0.008602635003626347, 0.007158058229833841, 0.006284682545810938, 0.005482920445501804, 0.005110203754156828]
Training time: 560 	steps per sec: 21
Eval num_timesteps=12288, episode_reward=nan +/- nan
Eval num_timesteps=12288, episode_success=nan +/- nan
se
13 13312 1024
diff [0.00567781925201416, 0.0073549747467041016, 0.0010882429778575897, 0.0038325246423482895, -0.0052210744470357895, -0.00422735046595335, -0.00038380641490221024, -0.010544641874730587, -0.006325067486613989, -0.000634320080280304, -0.0035033347085118294, -0.0028462200425565243, -0.0014110705815255642]
ref [0.1290125846862793, 0.059781625866889954, 0.042575955390930176, 0.01763114146888256, 0.021032357588410378, 0.016487570479512215, 0.01142819132655859, 0.019147276878356934, 0.01348312571644783, 0.006919002626091242, 0.008986255154013634, 0.007956423796713352, 0.0064543988555669785]
[0.13469040393829346, 0.06713660061359406, 0.043664198368787766, 0.02146366611123085, 0.015811283141374588, 0.012260220013558865, 0.01104438491165638, 0.008602635003626347, 0.007158058229833841, 0.006284682545810938, 0.005482920445501804, 0.005110203754156828, 0.005043328274041414]
Training time: 655 	steps per sec: 20
Eval num_timesteps=13312, episode_reward=nan +/- nan
Eval num_timesteps=13312, episode_success=nan +/- nan
se
14 14336 1024
diff [0.00567781925201416, 0.0073549747467041016, 0.0010882429778575897, 0.0038325246423482895, -0.0052210744470357895, -0.00422735046595335, -0.00038380641490221024, -0.010544641874730587, -0.006325067486613989, -0.000634320080280304, -0.0035033347085118294, -0.0028462200425565243, -0.0014110705815255642, -0.00011690100654959679]
ref [0.1290125846862793, 0.059781625866889954, 0.042575955390930176, 0.01763114146888256, 0.021032357588410378, 0.016487570479512215, 0.01142819132655859, 0.019147276878356934, 0.01348312571644783, 0.006919002626091242, 0.008986255154013634, 0.007956423796713352, 0.0064543988555669785, 0.006078711710870266]
[0.13469040393829346, 0.06713660061359406, 0.043664198368787766, 0.02146366611123085, 0.015811283141374588, 0.012260220013558865, 0.01104438491165638, 0.008602635003626347, 0.007158058229833841, 0.006284682545810938, 0.005482920445501804, 0.005110203754156828, 0.005043328274041414, 0.005961810704320669]
Training time: 756 	steps per sec: 18
Eval num_timesteps=14336, episode_reward=nan +/- nan
Eval num_timesteps=14336, episode_success=nan +/- nan
se
15 15360 1024
diff [0.00567781925201416, 0.0073549747467041016, 0.0010882429778575897, 0.0038325246423482895, -0.0052210744470357895, -0.00422735046595335, -0.00038380641490221024, -0.010544641874730587, -0.006325067486613989, -0.000634320080280304, -0.0035033347085118294, -0.0028462200425565243, -0.0014110705815255642, -0.00011690100654959679, -0.0005321973003447056]
ref [0.1290125846862793, 0.059781625866889954, 0.042575955390930176, 0.01763114146888256, 0.021032357588410378, 0.016487570479512215, 0.01142819132655859, 0.019147276878356934, 0.01348312571644783, 0.006919002626091242, 0.008986255154013634, 0.007956423796713352, 0.0064543988555669785, 0.006078711710870266, 0.005929556675255299]
[0.13469040393829346, 0.06713660061359406, 0.043664198368787766, 0.02146366611123085, 0.015811283141374588, 0.012260220013558865, 0.01104438491165638, 0.008602635003626347, 0.007158058229833841, 0.006284682545810938, 0.005482920445501804, 0.005110203754156828, 0.005043328274041414, 0.005961810704320669, 0.005397359374910593]
Training time: 868 	steps per sec: 17
Eval num_timesteps=15360, episode_reward=nan +/- nan
Eval num_timesteps=15360, episode_success=nan +/- nan
se
16 16384 1024
diff [0.00567781925201416, 0.0073549747467041016, 0.0010882429778575897, 0.0038325246423482895, -0.0052210744470357895, -0.00422735046595335, -0.00038380641490221024, -0.010544641874730587, -0.006325067486613989, -0.000634320080280304, -0.0035033347085118294, -0.0028462200425565243, -0.0014110705815255642, -0.00011690100654959679, -0.0005321973003447056, -0.0010199490934610367]
ref [0.1290125846862793, 0.059781625866889954, 0.042575955390930176, 0.01763114146888256, 0.021032357588410378, 0.016487570479512215, 0.01142819132655859, 0.019147276878356934, 0.01348312571644783, 0.006919002626091242, 0.008986255154013634, 0.007956423796713352, 0.0064543988555669785, 0.006078711710870266, 0.005929556675255299, 0.005815515294671059]
[0.13469040393829346, 0.06713660061359406, 0.043664198368787766, 0.02146366611123085, 0.015811283141374588, 0.012260220013558865, 0.01104438491165638, 0.008602635003626347, 0.007158058229833841, 0.006284682545810938, 0.005482920445501804, 0.005110203754156828, 0.005043328274041414, 0.005961810704320669, 0.005397359374910593, 0.004795566201210022]
Training time: 978 	steps per sec: 16
Eval num_timesteps=16384, episode_reward=nan +/- nan
Eval num_timesteps=16384, episode_success=nan +/- nan
se
16 16384 1024
diff [0.00567781925201416, 0.0073549747467041016, 0.0010882429778575897, 0.0038325246423482895, -0.0052210744470357895, -0.00422735046595335, -0.00038380641490221024, -0.010544641874730587, -0.006325067486613989, -0.000634320080280304, -0.0035033347085118294, -0.0028462200425565243, -0.0014110705815255642, -0.00011690100654959679, -0.0005321973003447056, -0.0010199490934610367, 0.00044144829735159874]
ref [0.1290125846862793, 0.059781625866889954, 0.042575955390930176, 0.01763114146888256, 0.021032357588410378, 0.016487570479512215, 0.01142819132655859, 0.019147276878356934, 0.01348312571644783, 0.006919002626091242, 0.008986255154013634, 0.007956423796713352, 0.0064543988555669785, 0.006078711710870266, 0.005929556675255299, 0.005815515294671059, 0.0054969824850559235]
[0.13469040393829346, 0.06713660061359406, 0.043664198368787766, 0.02146366611123085, 0.015811283141374588, 0.012260220013558865, 0.01104438491165638, 0.008602635003626347, 0.007158058229833841, 0.006284682545810938, 0.005482920445501804, 0.005110203754156828, 0.005043328274041414, 0.005961810704320669, 0.005397359374910593, 0.004795566201210022, 0.005938430782407522]
Training time: 1077 	steps per sec: 16
Eval num_timesteps=17408, episode_reward=nan +/- nan
Eval num_timesteps=17408, episode_success=nan +/- nan
se
16 16384 1024
diff [0.00567781925201416, 0.0073549747467041016, 0.0010882429778575897, 0.0038325246423482895, -0.0052210744470357895, -0.00422735046595335, -0.00038380641490221024, -0.010544641874730587, -0.006325067486613989, -0.000634320080280304, -0.0035033347085118294, -0.0028462200425565243, -0.0014110705815255642, -0.00011690100654959679, -0.0005321973003447056, -0.0010199490934610367, 0.00044144829735159874, 0.0006196042522788048]
ref [0.1290125846862793, 0.059781625866889954, 0.042575955390930176, 0.01763114146888256, 0.021032357588410378, 0.016487570479512215, 0.01142819132655859, 0.019147276878356934, 0.01348312571644783, 0.006919002626091242, 0.008986255154013634, 0.007956423796713352, 0.0064543988555669785, 0.006078711710870266, 0.005929556675255299, 0.005815515294671059, 0.0054969824850559235, 0.0059472802095115185]
[0.13469040393829346, 0.06713660061359406, 0.043664198368787766, 0.02146366611123085, 0.015811283141374588, 0.012260220013558865, 0.01104438491165638, 0.008602635003626347, 0.007158058229833841, 0.006284682545810938, 0.005482920445501804, 0.005110203754156828, 0.005043328274041414, 0.005961810704320669, 0.005397359374910593, 0.004795566201210022, 0.005938430782407522, 0.006566884461790323]
Training time: 1176 	steps per sec: 15
Eval num_timesteps=18432, episode_reward=nan +/- nan
Eval num_timesteps=18432, episode_success=nan +/- nan
se
16 16384 1024
diff [0.00567781925201416, 0.0073549747467041016, 0.0010882429778575897, 0.0038325246423482895, -0.0052210744470357895, -0.00422735046595335, -0.00038380641490221024, -0.010544641874730587, -0.006325067486613989, -0.000634320080280304, -0.0035033347085118294, -0.0028462200425565243, -0.0014110705815255642, -0.00011690100654959679, -0.0005321973003447056, -0.0010199490934610367, 0.00044144829735159874, 0.0006196042522788048, -0.002168314065784216]
ref [0.1290125846862793, 0.059781625866889954, 0.042575955390930176, 0.01763114146888256, 0.021032357588410378, 0.016487570479512215, 0.01142819132655859, 0.019147276878356934, 0.01348312571644783, 0.006919002626091242, 0.008986255154013634, 0.007956423796713352, 0.0064543988555669785, 0.006078711710870266, 0.005929556675255299, 0.005815515294671059, 0.0054969824850559235, 0.0059472802095115185, 0.008949793875217438]
[0.13469040393829346, 0.06713660061359406, 0.043664198368787766, 0.02146366611123085, 0.015811283141374588, 0.012260220013558865, 0.01104438491165638, 0.008602635003626347, 0.007158058229833841, 0.006284682545810938, 0.005482920445501804, 0.005110203754156828, 0.005043328274041414, 0.005961810704320669, 0.005397359374910593, 0.004795566201210022, 0.005938430782407522, 0.006566884461790323, 0.006781479809433222]
Training time: 1275 	steps per sec: 15
Eval num_timesteps=19456, episode_reward=nan +/- nan
Eval num_timesteps=19456, episode_success=nan +/- nan
se
16 16384 1024
diff [0.00567781925201416, 0.0073549747467041016, 0.0010882429778575897, 0.0038325246423482895, -0.0052210744470357895, -0.00422735046595335, -0.00038380641490221024, -0.010544641874730587, -0.006325067486613989, -0.000634320080280304, -0.0035033347085118294, -0.0028462200425565243, -0.0014110705815255642, -0.00011690100654959679, -0.0005321973003447056, -0.0010199490934610367, 0.00044144829735159874, 0.0006196042522788048, -0.002168314065784216, 0.0009522158652544022]
ref [0.1290125846862793, 0.059781625866889954, 0.042575955390930176, 0.01763114146888256, 0.021032357588410378, 0.016487570479512215, 0.01142819132655859, 0.019147276878356934, 0.01348312571644783, 0.006919002626091242, 0.008986255154013634, 0.007956423796713352, 0.0064543988555669785, 0.006078711710870266, 0.005929556675255299, 0.005815515294671059, 0.0054969824850559235, 0.0059472802095115185, 0.008949793875217438, 0.0053623211570084095]
[0.13469040393829346, 0.06713660061359406, 0.043664198368787766, 0.02146366611123085, 0.015811283141374588, 0.012260220013558865, 0.01104438491165638, 0.008602635003626347, 0.007158058229833841, 0.006284682545810938, 0.005482920445501804, 0.005110203754156828, 0.005043328274041414, 0.005961810704320669, 0.005397359374910593, 0.004795566201210022, 0.005938430782407522, 0.006566884461790323, 0.006781479809433222, 0.006314537022262812]
Training time: 1378 	steps per sec: 14
Eval num_timesteps=20480, episode_reward=nan +/- nan
Eval num_timesteps=20480, episode_success=nan +/- nan
se
16 16384 1024
diff [0.00567781925201416, 0.0073549747467041016, 0.0010882429778575897, 0.0038325246423482895, -0.0052210744470357895, -0.00422735046595335, -0.00038380641490221024, -0.010544641874730587, -0.006325067486613989, -0.000634320080280304, -0.0035033347085118294, -0.0028462200425565243, -0.0014110705815255642, -0.00011690100654959679, -0.0005321973003447056, -0.0010199490934610367, 0.00044144829735159874, 0.0006196042522788048, -0.002168314065784216, 0.0009522158652544022, 0.0011479384265840054]
ref [0.1290125846862793, 0.059781625866889954, 0.042575955390930176, 0.01763114146888256, 0.021032357588410378, 0.016487570479512215, 0.01142819132655859, 0.019147276878356934, 0.01348312571644783, 0.006919002626091242, 0.008986255154013634, 0.007956423796713352, 0.0064543988555669785, 0.006078711710870266, 0.005929556675255299, 0.005815515294671059, 0.0054969824850559235, 0.0059472802095115185, 0.008949793875217438, 0.0053623211570084095, 0.004729919601231813]
[0.13469040393829346, 0.06713660061359406, 0.043664198368787766, 0.02146366611123085, 0.015811283141374588, 0.012260220013558865, 0.01104438491165638, 0.008602635003626347, 0.007158058229833841, 0.006284682545810938, 0.005482920445501804, 0.005110203754156828, 0.005043328274041414, 0.005961810704320669, 0.005397359374910593, 0.004795566201210022, 0.005938430782407522, 0.006566884461790323, 0.006781479809433222, 0.006314537022262812, 0.005877858027815819]
Training time: 1481 	steps per sec: 14
Eval num_timesteps=21504, episode_reward=nan +/- nan
Eval num_timesteps=21504, episode_success=nan +/- nan
se
16 16384 1024
diff [0.00567781925201416, 0.0073549747467041016, 0.0010882429778575897, 0.0038325246423482895, -0.0052210744470357895, -0.00422735046595335, -0.00038380641490221024, -0.010544641874730587, -0.006325067486613989, -0.000634320080280304, -0.0035033347085118294, -0.0028462200425565243, -0.0014110705815255642, -0.00011690100654959679, -0.0005321973003447056, -0.0010199490934610367, 0.00044144829735159874, 0.0006196042522788048, -0.002168314065784216, 0.0009522158652544022, 0.0011479384265840054, 0.00039919186383485794]
ref [0.1290125846862793, 0.059781625866889954, 0.042575955390930176, 0.01763114146888256, 0.021032357588410378, 0.016487570479512215, 0.01142819132655859, 0.019147276878356934, 0.01348312571644783, 0.006919002626091242, 0.008986255154013634, 0.007956423796713352, 0.0064543988555669785, 0.006078711710870266, 0.005929556675255299, 0.005815515294671059, 0.0054969824850559235, 0.0059472802095115185, 0.008949793875217438, 0.0053623211570084095, 0.004729919601231813, 0.005477073136717081]
[0.13469040393829346, 0.06713660061359406, 0.043664198368787766, 0.02146366611123085, 0.015811283141374588, 0.012260220013558865, 0.01104438491165638, 0.008602635003626347, 0.007158058229833841, 0.006284682545810938, 0.005482920445501804, 0.005110203754156828, 0.005043328274041414, 0.005961810704320669, 0.005397359374910593, 0.004795566201210022, 0.005938430782407522, 0.006566884461790323, 0.006781479809433222, 0.006314537022262812, 0.005877858027815819, 0.005876265000551939]
Training time: 1599 	steps per sec: 14
Eval num_timesteps=22528, episode_reward=nan +/- nan
Eval num_timesteps=22528, episode_success=nan +/- nan
se
16 16384 1024
diff [0.00567781925201416, 0.0073549747467041016, 0.0010882429778575897, 0.0038325246423482895, -0.0052210744470357895, -0.00422735046595335, -0.00038380641490221024, -0.010544641874730587, -0.006325067486613989, -0.000634320080280304, -0.0035033347085118294, -0.0028462200425565243, -0.0014110705815255642, -0.00011690100654959679, -0.0005321973003447056, -0.0010199490934610367, 0.00044144829735159874, 0.0006196042522788048, -0.002168314065784216, 0.0009522158652544022, 0.0011479384265840054, 0.00039919186383485794, -0.0010302551090717316]
ref [0.1290125846862793, 0.059781625866889954, 0.042575955390930176, 0.01763114146888256, 0.021032357588410378, 0.016487570479512215, 0.01142819132655859, 0.019147276878356934, 0.01348312571644783, 0.006919002626091242, 0.008986255154013634, 0.007956423796713352, 0.0064543988555669785, 0.006078711710870266, 0.005929556675255299, 0.005815515294671059, 0.0054969824850559235, 0.0059472802095115185, 0.008949793875217438, 0.0053623211570084095, 0.004729919601231813, 0.005477073136717081, 0.00658812839537859]
[0.13469040393829346, 0.06713660061359406, 0.043664198368787766, 0.02146366611123085, 0.015811283141374588, 0.012260220013558865, 0.01104438491165638, 0.008602635003626347, 0.007158058229833841, 0.006284682545810938, 0.005482920445501804, 0.005110203754156828, 0.005043328274041414, 0.005961810704320669, 0.005397359374910593, 0.004795566201210022, 0.005938430782407522, 0.006566884461790323, 0.006781479809433222, 0.006314537022262812, 0.005877858027815819, 0.005876265000551939, 0.005557873286306858]
Training time: 1701 	steps per sec: 13
Eval num_timesteps=23552, episode_reward=nan +/- nan
Eval num_timesteps=23552, episode_success=nan +/- nan
se
16 16384 1024
diff [0.00567781925201416, 0.0073549747467041016, 0.0010882429778575897, 0.0038325246423482895, -0.0052210744470357895, -0.00422735046595335, -0.00038380641490221024, -0.010544641874730587, -0.006325067486613989, -0.000634320080280304, -0.0035033347085118294, -0.0028462200425565243, -0.0014110705815255642, -0.00011690100654959679, -0.0005321973003447056, -0.0010199490934610367, 0.00044144829735159874, 0.0006196042522788048, -0.002168314065784216, 0.0009522158652544022, 0.0011479384265840054, 0.00039919186383485794, -0.0010302551090717316, -0.001671789214015007]
ref [0.1290125846862793, 0.059781625866889954, 0.042575955390930176, 0.01763114146888256, 0.021032357588410378, 0.016487570479512215, 0.01142819132655859, 0.019147276878356934, 0.01348312571644783, 0.006919002626091242, 0.008986255154013634, 0.007956423796713352, 0.0064543988555669785, 0.006078711710870266, 0.005929556675255299, 0.005815515294671059, 0.0054969824850559235, 0.0059472802095115185, 0.008949793875217438, 0.0053623211570084095, 0.004729919601231813, 0.005477073136717081, 0.00658812839537859, 0.006682762876152992]
[0.13469040393829346, 0.06713660061359406, 0.043664198368787766, 0.02146366611123085, 0.015811283141374588, 0.012260220013558865, 0.01104438491165638, 0.008602635003626347, 0.007158058229833841, 0.006284682545810938, 0.005482920445501804, 0.005110203754156828, 0.005043328274041414, 0.005961810704320669, 0.005397359374910593, 0.004795566201210022, 0.005938430782407522, 0.006566884461790323, 0.006781479809433222, 0.006314537022262812, 0.005877858027815819, 0.005876265000551939, 0.005557873286306858, 0.005010973662137985]
Training time: 1801 	steps per sec: 13
Eval num_timesteps=24576, episode_reward=nan +/- nan
Eval num_timesteps=24576, episode_success=nan +/- nan
se
16 16384 1024
diff [0.00567781925201416, 0.0073549747467041016, 0.0010882429778575897, 0.0038325246423482895, -0.0052210744470357895, -0.00422735046595335, -0.00038380641490221024, -0.010544641874730587, -0.006325067486613989, -0.000634320080280304, -0.0035033347085118294, -0.0028462200425565243, -0.0014110705815255642, -0.00011690100654959679, -0.0005321973003447056, -0.0010199490934610367, 0.00044144829735159874, 0.0006196042522788048, -0.002168314065784216, 0.0009522158652544022, 0.0011479384265840054, 0.00039919186383485794, -0.0010302551090717316, -0.001671789214015007, -0.00023679854348301888]
ref [0.1290125846862793, 0.059781625866889954, 0.042575955390930176, 0.01763114146888256, 0.021032357588410378, 0.016487570479512215, 0.01142819132655859, 0.019147276878356934, 0.01348312571644783, 0.006919002626091242, 0.008986255154013634, 0.007956423796713352, 0.0064543988555669785, 0.006078711710870266, 0.005929556675255299, 0.005815515294671059, 0.0054969824850559235, 0.0059472802095115185, 0.008949793875217438, 0.0053623211570084095, 0.004729919601231813, 0.005477073136717081, 0.00658812839537859, 0.006682762876152992, 0.0051386384293437]
[0.13469040393829346, 0.06713660061359406, 0.043664198368787766, 0.02146366611123085, 0.015811283141374588, 0.012260220013558865, 0.01104438491165638, 0.008602635003626347, 0.007158058229833841, 0.006284682545810938, 0.005482920445501804, 0.005110203754156828, 0.005043328274041414, 0.005961810704320669, 0.005397359374910593, 0.004795566201210022, 0.005938430782407522, 0.006566884461790323, 0.006781479809433222, 0.006314537022262812, 0.005877858027815819, 0.005876265000551939, 0.005557873286306858, 0.005010973662137985, 0.0049018398858606815]
Training time: 1914 	steps per sec: 13
Eval num_timesteps=25600, episode_reward=nan +/- nan
Eval num_timesteps=25600, episode_success=nan +/- nan
se
16 16384 1024
diff [0.00567781925201416, 0.0073549747467041016, 0.0010882429778575897, 0.0038325246423482895, -0.0052210744470357895, -0.00422735046595335, -0.00038380641490221024, -0.010544641874730587, -0.006325067486613989, -0.000634320080280304, -0.0035033347085118294, -0.0028462200425565243, -0.0014110705815255642, -0.00011690100654959679, -0.0005321973003447056, -0.0010199490934610367, 0.00044144829735159874, 0.0006196042522788048, -0.002168314065784216, 0.0009522158652544022, 0.0011479384265840054, 0.00039919186383485794, -0.0010302551090717316, -0.001671789214015007, -0.00023679854348301888, -0.0010178233496844769]
ref [0.1290125846862793, 0.059781625866889954, 0.042575955390930176, 0.01763114146888256, 0.021032357588410378, 0.016487570479512215, 0.01142819132655859, 0.019147276878356934, 0.01348312571644783, 0.006919002626091242, 0.008986255154013634, 0.007956423796713352, 0.0064543988555669785, 0.006078711710870266, 0.005929556675255299, 0.005815515294671059, 0.0054969824850559235, 0.0059472802095115185, 0.008949793875217438, 0.0053623211570084095, 0.004729919601231813, 0.005477073136717081, 0.00658812839537859, 0.006682762876152992, 0.0051386384293437, 0.005370666738599539]
[0.13469040393829346, 0.06713660061359406, 0.043664198368787766, 0.02146366611123085, 0.015811283141374588, 0.012260220013558865, 0.01104438491165638, 0.008602635003626347, 0.007158058229833841, 0.006284682545810938, 0.005482920445501804, 0.005110203754156828, 0.005043328274041414, 0.005961810704320669, 0.005397359374910593, 0.004795566201210022, 0.005938430782407522, 0.006566884461790323, 0.006781479809433222, 0.006314537022262812, 0.005877858027815819, 0.005876265000551939, 0.005557873286306858, 0.005010973662137985, 0.0049018398858606815, 0.004352843388915062]
Training time: 2023 	steps per sec: 13
Eval num_timesteps=26624, episode_reward=nan +/- nan
Eval num_timesteps=26624, episode_success=nan +/- nan
se
16 16384 1024
diff [0.00567781925201416, 0.0073549747467041016, 0.0010882429778575897, 0.0038325246423482895, -0.0052210744470357895, -0.00422735046595335, -0.00038380641490221024, -0.010544641874730587, -0.006325067486613989, -0.000634320080280304, -0.0035033347085118294, -0.0028462200425565243, -0.0014110705815255642, -0.00011690100654959679, -0.0005321973003447056, -0.0010199490934610367, 0.00044144829735159874, 0.0006196042522788048, -0.002168314065784216, 0.0009522158652544022, 0.0011479384265840054, 0.00039919186383485794, -0.0010302551090717316, -0.001671789214015007, -0.00023679854348301888, -0.0010178233496844769, -0.001035497523844242]
ref [0.1290125846862793, 0.059781625866889954, 0.042575955390930176, 0.01763114146888256, 0.021032357588410378, 0.016487570479512215, 0.01142819132655859, 0.019147276878356934, 0.01348312571644783, 0.006919002626091242, 0.008986255154013634, 0.007956423796713352, 0.0064543988555669785, 0.006078711710870266, 0.005929556675255299, 0.005815515294671059, 0.0054969824850559235, 0.0059472802095115185, 0.008949793875217438, 0.0053623211570084095, 0.004729919601231813, 0.005477073136717081, 0.00658812839537859, 0.006682762876152992, 0.0051386384293437, 0.005370666738599539, 0.005633803084492683]
[0.13469040393829346, 0.06713660061359406, 0.043664198368787766, 0.02146366611123085, 0.015811283141374588, 0.012260220013558865, 0.01104438491165638, 0.008602635003626347, 0.007158058229833841, 0.006284682545810938, 0.005482920445501804, 0.005110203754156828, 0.005043328274041414, 0.005961810704320669, 0.005397359374910593, 0.004795566201210022, 0.005938430782407522, 0.006566884461790323, 0.006781479809433222, 0.006314537022262812, 0.005877858027815819, 0.005876265000551939, 0.005557873286306858, 0.005010973662137985, 0.0049018398858606815, 0.004352843388915062, 0.004598305560648441]
Training time: 2138 	steps per sec: 12
Eval num_timesteps=27648, episode_reward=nan +/- nan
Eval num_timesteps=27648, episode_success=nan +/- nan
se
16 16384 1024
diff [0.00567781925201416, 0.0073549747467041016, 0.0010882429778575897, 0.0038325246423482895, -0.0052210744470357895, -0.00422735046595335, -0.00038380641490221024, -0.010544641874730587, -0.006325067486613989, -0.000634320080280304, -0.0035033347085118294, -0.0028462200425565243, -0.0014110705815255642, -0.00011690100654959679, -0.0005321973003447056, -0.0010199490934610367, 0.00044144829735159874, 0.0006196042522788048, -0.002168314065784216, 0.0009522158652544022, 0.0011479384265840054, 0.00039919186383485794, -0.0010302551090717316, -0.001671789214015007, -0.00023679854348301888, -0.0010178233496844769, -0.001035497523844242, 0.0002691769041121006]
ref [0.1290125846862793, 0.059781625866889954, 0.042575955390930176, 0.01763114146888256, 0.021032357588410378, 0.016487570479512215, 0.01142819132655859, 0.019147276878356934, 0.01348312571644783, 0.006919002626091242, 0.008986255154013634, 0.007956423796713352, 0.0064543988555669785, 0.006078711710870266, 0.005929556675255299, 0.005815515294671059, 0.0054969824850559235, 0.0059472802095115185, 0.008949793875217438, 0.0053623211570084095, 0.004729919601231813, 0.005477073136717081, 0.00658812839537859, 0.006682762876152992, 0.0051386384293437, 0.005370666738599539, 0.005633803084492683, 0.005491991061717272]
[0.13469040393829346, 0.06713660061359406, 0.043664198368787766, 0.02146366611123085, 0.015811283141374588, 0.012260220013558865, 0.01104438491165638, 0.008602635003626347, 0.007158058229833841, 0.006284682545810938, 0.005482920445501804, 0.005110203754156828, 0.005043328274041414, 0.005961810704320669, 0.005397359374910593, 0.004795566201210022, 0.005938430782407522, 0.006566884461790323, 0.006781479809433222, 0.006314537022262812, 0.005877858027815819, 0.005876265000551939, 0.005557873286306858, 0.005010973662137985, 0.0049018398858606815, 0.004352843388915062, 0.004598305560648441, 0.005761167965829372]
Training time: 2264 	steps per sec: 12
Eval num_timesteps=28672, episode_reward=nan +/- nan
Eval num_timesteps=28672, episode_success=nan +/- nan
se
16 16384 1024
diff [0.00567781925201416, 0.0073549747467041016, 0.0010882429778575897, 0.0038325246423482895, -0.0052210744470357895, -0.00422735046595335, -0.00038380641490221024, -0.010544641874730587, -0.006325067486613989, -0.000634320080280304, -0.0035033347085118294, -0.0028462200425565243, -0.0014110705815255642, -0.00011690100654959679, -0.0005321973003447056, -0.0010199490934610367, 0.00044144829735159874, 0.0006196042522788048, -0.002168314065784216, 0.0009522158652544022, 0.0011479384265840054, 0.00039919186383485794, -0.0010302551090717316, -0.001671789214015007, -0.00023679854348301888, -0.0010178233496844769, -0.001035497523844242, 0.0002691769041121006, 0.00047310721129179]
ref [0.1290125846862793, 0.059781625866889954, 0.042575955390930176, 0.01763114146888256, 0.021032357588410378, 0.016487570479512215, 0.01142819132655859, 0.019147276878356934, 0.01348312571644783, 0.006919002626091242, 0.008986255154013634, 0.007956423796713352, 0.0064543988555669785, 0.006078711710870266, 0.005929556675255299, 0.005815515294671059, 0.0054969824850559235, 0.0059472802095115185, 0.008949793875217438, 0.0053623211570084095, 0.004729919601231813, 0.005477073136717081, 0.00658812839537859, 0.006682762876152992, 0.0051386384293437, 0.005370666738599539, 0.005633803084492683, 0.005491991061717272, 0.005398553796112537]
[0.13469040393829346, 0.06713660061359406, 0.043664198368787766, 0.02146366611123085, 0.015811283141374588, 0.012260220013558865, 0.01104438491165638, 0.008602635003626347, 0.007158058229833841, 0.006284682545810938, 0.005482920445501804, 0.005110203754156828, 0.005043328274041414, 0.005961810704320669, 0.005397359374910593, 0.004795566201210022, 0.005938430782407522, 0.006566884461790323, 0.006781479809433222, 0.006314537022262812, 0.005877858027815819, 0.005876265000551939, 0.005557873286306858, 0.005010973662137985, 0.0049018398858606815, 0.004352843388915062, 0.004598305560648441, 0.005761167965829372, 0.005871661007404327]
Training time: 2368 	steps per sec: 12
Eval num_timesteps=29696, episode_reward=nan +/- nan
Eval num_timesteps=29696, episode_success=nan +/- nan
se
16 16384 1024
diff [0.00567781925201416, 0.0073549747467041016, 0.0010882429778575897, 0.0038325246423482895, -0.0052210744470357895, -0.00422735046595335, -0.00038380641490221024, -0.010544641874730587, -0.006325067486613989, -0.000634320080280304, -0.0035033347085118294, -0.0028462200425565243, -0.0014110705815255642, -0.00011690100654959679, -0.0005321973003447056, -0.0010199490934610367, 0.00044144829735159874, 0.0006196042522788048, -0.002168314065784216, 0.0009522158652544022, 0.0011479384265840054, 0.00039919186383485794, -0.0010302551090717316, -0.001671789214015007, -0.00023679854348301888, -0.0010178233496844769, -0.001035497523844242, 0.0002691769041121006, 0.00047310721129179, 0.0013248100876808167]
ref [0.1290125846862793, 0.059781625866889954, 0.042575955390930176, 0.01763114146888256, 0.021032357588410378, 0.016487570479512215, 0.01142819132655859, 0.019147276878356934, 0.01348312571644783, 0.006919002626091242, 0.008986255154013634, 0.007956423796713352, 0.0064543988555669785, 0.006078711710870266, 0.005929556675255299, 0.005815515294671059, 0.0054969824850559235, 0.0059472802095115185, 0.008949793875217438, 0.0053623211570084095, 0.004729919601231813, 0.005477073136717081, 0.00658812839537859, 0.006682762876152992, 0.0051386384293437, 0.005370666738599539, 0.005633803084492683, 0.005491991061717272, 0.005398553796112537, 0.004995233844965696]
[0.13469040393829346, 0.06713660061359406, 0.043664198368787766, 0.02146366611123085, 0.015811283141374588, 0.012260220013558865, 0.01104438491165638, 0.008602635003626347, 0.007158058229833841, 0.006284682545810938, 0.005482920445501804, 0.005110203754156828, 0.005043328274041414, 0.005961810704320669, 0.005397359374910593, 0.004795566201210022, 0.005938430782407522, 0.006566884461790323, 0.006781479809433222, 0.006314537022262812, 0.005877858027815819, 0.005876265000551939, 0.005557873286306858, 0.005010973662137985, 0.0049018398858606815, 0.004352843388915062, 0.004598305560648441, 0.005761167965829372, 0.005871661007404327, 0.006320043932646513]
Training time: 2474 	steps per sec: 12
Eval num_timesteps=30720, episode_reward=nan +/- nan
Eval num_timesteps=30720, episode_success=nan +/- nan
se
16 16384 1024
diff [0.00567781925201416, 0.0073549747467041016, 0.0010882429778575897, 0.0038325246423482895, -0.0052210744470357895, -0.00422735046595335, -0.00038380641490221024, -0.010544641874730587, -0.006325067486613989, -0.000634320080280304, -0.0035033347085118294, -0.0028462200425565243, -0.0014110705815255642, -0.00011690100654959679, -0.0005321973003447056, -0.0010199490934610367, 0.00044144829735159874, 0.0006196042522788048, -0.002168314065784216, 0.0009522158652544022, 0.0011479384265840054, 0.00039919186383485794, -0.0010302551090717316, -0.001671789214015007, -0.00023679854348301888, -0.0010178233496844769, -0.001035497523844242, 0.0002691769041121006, 0.00047310721129179, 0.0013248100876808167, -0.0008335523307323456]
ref [0.1290125846862793, 0.059781625866889954, 0.042575955390930176, 0.01763114146888256, 0.021032357588410378, 0.016487570479512215, 0.01142819132655859, 0.019147276878356934, 0.01348312571644783, 0.006919002626091242, 0.008986255154013634, 0.007956423796713352, 0.0064543988555669785, 0.006078711710870266, 0.005929556675255299, 0.005815515294671059, 0.0054969824850559235, 0.0059472802095115185, 0.008949793875217438, 0.0053623211570084095, 0.004729919601231813, 0.005477073136717081, 0.00658812839537859, 0.006682762876152992, 0.0051386384293437, 0.005370666738599539, 0.005633803084492683, 0.005491991061717272, 0.005398553796112537, 0.004995233844965696, 0.006981320679187775]
[0.13469040393829346, 0.06713660061359406, 0.043664198368787766, 0.02146366611123085, 0.015811283141374588, 0.012260220013558865, 0.01104438491165638, 0.008602635003626347, 0.007158058229833841, 0.006284682545810938, 0.005482920445501804, 0.005110203754156828, 0.005043328274041414, 0.005961810704320669, 0.005397359374910593, 0.004795566201210022, 0.005938430782407522, 0.006566884461790323, 0.006781479809433222, 0.006314537022262812, 0.005877858027815819, 0.005876265000551939, 0.005557873286306858, 0.005010973662137985, 0.0049018398858606815, 0.004352843388915062, 0.004598305560648441, 0.005761167965829372, 0.005871661007404327, 0.006320043932646513, 0.006147768348455429]
Training time: 2594 	steps per sec: 12
Eval num_timesteps=31744, episode_reward=nan +/- nan
Eval num_timesteps=31744, episode_success=nan +/- nan
se
16 16384 1024
diff [0.00567781925201416, 0.0073549747467041016, 0.0010882429778575897, 0.0038325246423482895, -0.0052210744470357895, -0.00422735046595335, -0.00038380641490221024, -0.010544641874730587, -0.006325067486613989, -0.000634320080280304, -0.0035033347085118294, -0.0028462200425565243, -0.0014110705815255642, -0.00011690100654959679, -0.0005321973003447056, -0.0010199490934610367, 0.00044144829735159874, 0.0006196042522788048, -0.002168314065784216, 0.0009522158652544022, 0.0011479384265840054, 0.00039919186383485794, -0.0010302551090717316, -0.001671789214015007, -0.00023679854348301888, -0.0010178233496844769, -0.001035497523844242, 0.0002691769041121006, 0.00047310721129179, 0.0013248100876808167, -0.0008335523307323456, -0.00037572160363197327]
ref [0.1290125846862793, 0.059781625866889954, 0.042575955390930176, 0.01763114146888256, 0.021032357588410378, 0.016487570479512215, 0.01142819132655859, 0.019147276878356934, 0.01348312571644783, 0.006919002626091242, 0.008986255154013634, 0.007956423796713352, 0.0064543988555669785, 0.006078711710870266, 0.005929556675255299, 0.005815515294671059, 0.0054969824850559235, 0.0059472802095115185, 0.008949793875217438, 0.0053623211570084095, 0.004729919601231813, 0.005477073136717081, 0.00658812839537859, 0.006682762876152992, 0.0051386384293437, 0.005370666738599539, 0.005633803084492683, 0.005491991061717272, 0.005398553796112537, 0.004995233844965696, 0.006981320679187775, 0.006189423147588968]
[0.13469040393829346, 0.06713660061359406, 0.043664198368787766, 0.02146366611123085, 0.015811283141374588, 0.012260220013558865, 0.01104438491165638, 0.008602635003626347, 0.007158058229833841, 0.006284682545810938, 0.005482920445501804, 0.005110203754156828, 0.005043328274041414, 0.005961810704320669, 0.005397359374910593, 0.004795566201210022, 0.005938430782407522, 0.006566884461790323, 0.006781479809433222, 0.006314537022262812, 0.005877858027815819, 0.005876265000551939, 0.005557873286306858, 0.005010973662137985, 0.0049018398858606815, 0.004352843388915062, 0.004598305560648441, 0.005761167965829372, 0.005871661007404327, 0.006320043932646513, 0.006147768348455429, 0.005813701543956995]
Training time: 2713 	steps per sec: 12
Eval num_timesteps=32768, episode_reward=nan +/- nan
Eval num_timesteps=32768, episode_success=nan +/- nan
results/Swimmer-v4/
results/Swimmer-v4/ppo_ros/
results/Swimmer-v4/ppo_ros/expert/
results/Swimmer-v4/ppo_ros/expert/b_16/
results/Swimmer-v4/ppo_ros/expert/b_16/no_lambda/
results/Swimmer-v4/ppo_ros/expert/b_16/no_lambda/run_1/
results/Swimmer-v4/ppo_ros/expert/b_16/no_lambda/run_1/evaluations.npz
results/Swimmer-v4/ppo_ros/expert/b_16/no_lambda/run_1/stats.npz
results/Swimmer-v4/ppo_ros/expert/b_16/no_lambda/run_1/config.yml
