ppo_ros_continuous.py --env-id HalfCheetah-v4 -s expert/b_16/no_clip_lambda --total-timesteps 32768 --eval-freq 1 --eval-episodes 0 -b 16 --num-steps 1024 -lr 0 --update-epochs 0 --anneal-lr 0 --ros-num-steps 256 --ros-update-epochs 16 --ros-target-kl 0.05 --ros-clip-coef 999999999 --ros-lambda 0 -ros-lr 0.001 --ros-anneal-lr 0 --se 1 --se-freq 1 --se-lr 1e-3 --se-epochs 1000 --policy-path policies/HalfCheetah-v4/best_model.zip --normalization-dir policies/HalfCheetah-v4
Obtaining file:///var/lib/condor/execute/slot1/dir_977239/PPOROS/PPOROS/custom-envs
  Preparing metadata (setup.py): started
  Preparing metadata (setup.py): finished with status 'done'
Requirement already satisfied: gym in /var/lib/condor/execute/slot1/dir_977239/PPOROS/ppo-ros_env/lib/python3.9/site-packages (from custom-envs==0.0.1) (0.21.0)
Requirement already satisfied: cloudpickle>=1.2.0 in /var/lib/condor/execute/slot1/dir_977239/PPOROS/ppo-ros_env/lib/python3.9/site-packages (from gym->custom-envs==0.0.1) (2.2.1)
Requirement already satisfied: numpy>=1.18.0 in /var/lib/condor/execute/slot1/dir_977239/PPOROS/ppo-ros_env/lib/python3.9/site-packages (from gym->custom-envs==0.0.1) (1.24.2)
Installing collected packages: custom-envs
  Running setup.py develop for custom-envs
Successfully installed custom-envs-0.0.1
seed: 2
Eval num_timesteps=0, episode_reward=nan +/- nan
Eval num_timesteps=0, episode_success=nan +/- nan
se
1 1024 1024
diff [-0.038773536682128906]
ref [0.34935879707336426]
[0.31058526039123535]
Training time: 7 	steps per sec: 135
Eval num_timesteps=1024, episode_reward=nan +/- nan
Eval num_timesteps=1024, episode_success=nan +/- nan
se
2 2048 1024
diff [-0.038773536682128906, -0.0447128489613533]
ref [0.34935879707336426, 0.15638111531734467]
[0.31058526039123535, 0.11166826635599136]
Training time: 17 	steps per sec: 114
Eval num_timesteps=2048, episode_reward=nan +/- nan
Eval num_timesteps=2048, episode_success=nan +/- nan
se
3 3072 1024
diff [-0.038773536682128906, -0.0447128489613533, -0.02952178567647934]
ref [0.34935879707336426, 0.15638111531734467, 0.10379267483949661]
[0.31058526039123535, 0.11166826635599136, 0.07427088916301727]
Training time: 31 	steps per sec: 98
Eval num_timesteps=3072, episode_reward=nan +/- nan
Eval num_timesteps=3072, episode_success=nan +/- nan
se
4 4096 1024
diff [-0.038773536682128906, -0.0447128489613533, -0.02952178567647934, -0.009452678263187408]
ref [0.34935879707336426, 0.15638111531734467, 0.10379267483949661, 0.06609679758548737]
[0.31058526039123535, 0.11166826635599136, 0.07427088916301727, 0.05664411932229996]
Training time: 48 	steps per sec: 83
Eval num_timesteps=4096, episode_reward=nan +/- nan
Eval num_timesteps=4096, episode_success=nan +/- nan
se
5 5120 1024
diff [-0.038773536682128906, -0.0447128489613533, -0.02952178567647934, -0.009452678263187408, -0.007246378809213638]
ref [0.34935879707336426, 0.15638111531734467, 0.10379267483949661, 0.06609679758548737, 0.050562769174575806]
[0.31058526039123535, 0.11166826635599136, 0.07427088916301727, 0.05664411932229996, 0.04331639036536217]
Training time: 70 	steps per sec: 72
Eval num_timesteps=5120, episode_reward=nan +/- nan
Eval num_timesteps=5120, episode_success=nan +/- nan
se
6 6144 1024
diff [-0.038773536682128906, -0.0447128489613533, -0.02952178567647934, -0.009452678263187408, -0.007246378809213638, -0.0068398453295230865]
ref [0.34935879707336426, 0.15638111531734467, 0.10379267483949661, 0.06609679758548737, 0.050562769174575806, 0.04261985048651695]
[0.31058526039123535, 0.11166826635599136, 0.07427088916301727, 0.05664411932229996, 0.04331639036536217, 0.035780005156993866]
Training time: 96 	steps per sec: 63
Eval num_timesteps=6144, episode_reward=nan +/- nan
Eval num_timesteps=6144, episode_success=nan +/- nan
se
7 7168 1024
diff [-0.038773536682128906, -0.0447128489613533, -0.02952178567647934, -0.009452678263187408, -0.007246378809213638, -0.0068398453295230865, -0.007974283769726753]
ref [0.34935879707336426, 0.15638111531734467, 0.10379267483949661, 0.06609679758548737, 0.050562769174575806, 0.04261985048651695, 0.038075488060712814]
[0.31058526039123535, 0.11166826635599136, 0.07427088916301727, 0.05664411932229996, 0.04331639036536217, 0.035780005156993866, 0.03010120429098606]
Training time: 126 	steps per sec: 56
Eval num_timesteps=7168, episode_reward=nan +/- nan
Eval num_timesteps=7168, episode_success=nan +/- nan
se
8 8192 1024
diff [-0.038773536682128906, -0.0447128489613533, -0.02952178567647934, -0.009452678263187408, -0.007246378809213638, -0.0068398453295230865, -0.007974283769726753, -0.004656817764043808]
ref [0.34935879707336426, 0.15638111531734467, 0.10379267483949661, 0.06609679758548737, 0.050562769174575806, 0.04261985048651695, 0.038075488060712814, 0.03155864402651787]
[0.31058526039123535, 0.11166826635599136, 0.07427088916301727, 0.05664411932229996, 0.04331639036536217, 0.035780005156993866, 0.03010120429098606, 0.02690182626247406]
Training time: 160 	steps per sec: 51
Eval num_timesteps=8192, episode_reward=nan +/- nan
Eval num_timesteps=8192, episode_success=nan +/- nan
se
9 9216 1024
diff [-0.038773536682128906, -0.0447128489613533, -0.02952178567647934, -0.009452678263187408, -0.007246378809213638, -0.0068398453295230865, -0.007974283769726753, -0.004656817764043808, -0.00400431826710701]
ref [0.34935879707336426, 0.15638111531734467, 0.10379267483949661, 0.06609679758548737, 0.050562769174575806, 0.04261985048651695, 0.038075488060712814, 0.03155864402651787, 0.026468371972441673]
[0.31058526039123535, 0.11166826635599136, 0.07427088916301727, 0.05664411932229996, 0.04331639036536217, 0.035780005156993866, 0.03010120429098606, 0.02690182626247406, 0.022464053705334663]
Training time: 198 	steps per sec: 46
Eval num_timesteps=9216, episode_reward=nan +/- nan
Eval num_timesteps=9216, episode_success=nan +/- nan
se
10 10240 1024
diff [-0.038773536682128906, -0.0447128489613533, -0.02952178567647934, -0.009452678263187408, -0.007246378809213638, -0.0068398453295230865, -0.007974283769726753, -0.004656817764043808, -0.00400431826710701, -0.005200343206524849]
ref [0.34935879707336426, 0.15638111531734467, 0.10379267483949661, 0.06609679758548737, 0.050562769174575806, 0.04261985048651695, 0.038075488060712814, 0.03155864402651787, 0.026468371972441673, 0.024672677740454674]
[0.31058526039123535, 0.11166826635599136, 0.07427088916301727, 0.05664411932229996, 0.04331639036536217, 0.035780005156993866, 0.03010120429098606, 0.02690182626247406, 0.022464053705334663, 0.019472334533929825]
Training time: 241 	steps per sec: 42
Eval num_timesteps=10240, episode_reward=nan +/- nan
Eval num_timesteps=10240, episode_success=nan +/- nan
se
11 11264 1024
diff [-0.038773536682128906, -0.0447128489613533, -0.02952178567647934, -0.009452678263187408, -0.007246378809213638, -0.0068398453295230865, -0.007974283769726753, -0.004656817764043808, -0.00400431826710701, -0.005200343206524849, -0.00690113753080368]
ref [0.34935879707336426, 0.15638111531734467, 0.10379267483949661, 0.06609679758548737, 0.050562769174575806, 0.04261985048651695, 0.038075488060712814, 0.03155864402651787, 0.026468371972441673, 0.024672677740454674, 0.02438375912606716]
[0.31058526039123535, 0.11166826635599136, 0.07427088916301727, 0.05664411932229996, 0.04331639036536217, 0.035780005156993866, 0.03010120429098606, 0.02690182626247406, 0.022464053705334663, 0.019472334533929825, 0.01748262159526348]
Training time: 289 	steps per sec: 38
Eval num_timesteps=11264, episode_reward=nan +/- nan
Eval num_timesteps=11264, episode_success=nan +/- nan
se
12 12288 1024
diff [-0.038773536682128906, -0.0447128489613533, -0.02952178567647934, -0.009452678263187408, -0.007246378809213638, -0.0068398453295230865, -0.007974283769726753, -0.004656817764043808, -0.00400431826710701, -0.005200343206524849, -0.00690113753080368, -0.005056915804743767]
ref [0.34935879707336426, 0.15638111531734467, 0.10379267483949661, 0.06609679758548737, 0.050562769174575806, 0.04261985048651695, 0.038075488060712814, 0.03155864402651787, 0.026468371972441673, 0.024672677740454674, 0.02438375912606716, 0.02198626659810543]
[0.31058526039123535, 0.11166826635599136, 0.07427088916301727, 0.05664411932229996, 0.04331639036536217, 0.035780005156993866, 0.03010120429098606, 0.02690182626247406, 0.022464053705334663, 0.019472334533929825, 0.01748262159526348, 0.016929350793361664]
Training time: 340 	steps per sec: 36
Eval num_timesteps=12288, episode_reward=nan +/- nan
Eval num_timesteps=12288, episode_success=nan +/- nan
se
13 13312 1024
diff [-0.038773536682128906, -0.0447128489613533, -0.02952178567647934, -0.009452678263187408, -0.007246378809213638, -0.0068398453295230865, -0.007974283769726753, -0.004656817764043808, -0.00400431826710701, -0.005200343206524849, -0.00690113753080368, -0.005056915804743767, -0.0030117370188236237]
ref [0.34935879707336426, 0.15638111531734467, 0.10379267483949661, 0.06609679758548737, 0.050562769174575806, 0.04261985048651695, 0.038075488060712814, 0.03155864402651787, 0.026468371972441673, 0.024672677740454674, 0.02438375912606716, 0.02198626659810543, 0.01857180707156658]
[0.31058526039123535, 0.11166826635599136, 0.07427088916301727, 0.05664411932229996, 0.04331639036536217, 0.035780005156993866, 0.03010120429098606, 0.02690182626247406, 0.022464053705334663, 0.019472334533929825, 0.01748262159526348, 0.016929350793361664, 0.015560070052742958]
Training time: 394 	steps per sec: 33
Eval num_timesteps=13312, episode_reward=nan +/- nan
Eval num_timesteps=13312, episode_success=nan +/- nan
se
14 14336 1024
diff [-0.038773536682128906, -0.0447128489613533, -0.02952178567647934, -0.009452678263187408, -0.007246378809213638, -0.0068398453295230865, -0.007974283769726753, -0.004656817764043808, -0.00400431826710701, -0.005200343206524849, -0.00690113753080368, -0.005056915804743767, -0.0030117370188236237, -0.005539673380553722]
ref [0.34935879707336426, 0.15638111531734467, 0.10379267483949661, 0.06609679758548737, 0.050562769174575806, 0.04261985048651695, 0.038075488060712814, 0.03155864402651787, 0.026468371972441673, 0.024672677740454674, 0.02438375912606716, 0.02198626659810543, 0.01857180707156658, 0.020019909366965294]
[0.31058526039123535, 0.11166826635599136, 0.07427088916301727, 0.05664411932229996, 0.04331639036536217, 0.035780005156993866, 0.03010120429098606, 0.02690182626247406, 0.022464053705334663, 0.019472334533929825, 0.01748262159526348, 0.016929350793361664, 0.015560070052742958, 0.014480235986411572]
Training time: 452 	steps per sec: 31
Eval num_timesteps=14336, episode_reward=nan +/- nan
Eval num_timesteps=14336, episode_success=nan +/- nan
se
15 15360 1024
diff [-0.038773536682128906, -0.0447128489613533, -0.02952178567647934, -0.009452678263187408, -0.007246378809213638, -0.0068398453295230865, -0.007974283769726753, -0.004656817764043808, -0.00400431826710701, -0.005200343206524849, -0.00690113753080368, -0.005056915804743767, -0.0030117370188236237, -0.005539673380553722, -0.004173744469881058]
ref [0.34935879707336426, 0.15638111531734467, 0.10379267483949661, 0.06609679758548737, 0.050562769174575806, 0.04261985048651695, 0.038075488060712814, 0.03155864402651787, 0.026468371972441673, 0.024672677740454674, 0.02438375912606716, 0.02198626659810543, 0.01857180707156658, 0.020019909366965294, 0.01777728646993637]
[0.31058526039123535, 0.11166826635599136, 0.07427088916301727, 0.05664411932229996, 0.04331639036536217, 0.035780005156993866, 0.03010120429098606, 0.02690182626247406, 0.022464053705334663, 0.019472334533929825, 0.01748262159526348, 0.016929350793361664, 0.015560070052742958, 0.014480235986411572, 0.013603542000055313]
Training time: 518 	steps per sec: 29
Eval num_timesteps=15360, episode_reward=nan +/- nan
Eval num_timesteps=15360, episode_success=nan +/- nan
se
16 16384 1024
diff [-0.038773536682128906, -0.0447128489613533, -0.02952178567647934, -0.009452678263187408, -0.007246378809213638, -0.0068398453295230865, -0.007974283769726753, -0.004656817764043808, -0.00400431826710701, -0.005200343206524849, -0.00690113753080368, -0.005056915804743767, -0.0030117370188236237, -0.005539673380553722, -0.004173744469881058, -0.0040672216564416885]
ref [0.34935879707336426, 0.15638111531734467, 0.10379267483949661, 0.06609679758548737, 0.050562769174575806, 0.04261985048651695, 0.038075488060712814, 0.03155864402651787, 0.026468371972441673, 0.024672677740454674, 0.02438375912606716, 0.02198626659810543, 0.01857180707156658, 0.020019909366965294, 0.01777728646993637, 0.01643497496843338]
[0.31058526039123535, 0.11166826635599136, 0.07427088916301727, 0.05664411932229996, 0.04331639036536217, 0.035780005156993866, 0.03010120429098606, 0.02690182626247406, 0.022464053705334663, 0.019472334533929825, 0.01748262159526348, 0.016929350793361664, 0.015560070052742958, 0.014480235986411572, 0.013603542000055313, 0.012367753311991692]
Training time: 584 	steps per sec: 28
Eval num_timesteps=16384, episode_reward=nan +/- nan
Eval num_timesteps=16384, episode_success=nan +/- nan
se
16 16384 1024
diff [-0.038773536682128906, -0.0447128489613533, -0.02952178567647934, -0.009452678263187408, -0.007246378809213638, -0.0068398453295230865, -0.007974283769726753, -0.004656817764043808, -0.00400431826710701, -0.005200343206524849, -0.00690113753080368, -0.005056915804743767, -0.0030117370188236237, -0.005539673380553722, -0.004173744469881058, -0.0040672216564416885, -0.00651206448674202]
ref [0.34935879707336426, 0.15638111531734467, 0.10379267483949661, 0.06609679758548737, 0.050562769174575806, 0.04261985048651695, 0.038075488060712814, 0.03155864402651787, 0.026468371972441673, 0.024672677740454674, 0.02438375912606716, 0.02198626659810543, 0.01857180707156658, 0.020019909366965294, 0.01777728646993637, 0.01643497496843338, 0.019151849672198296]
[0.31058526039123535, 0.11166826635599136, 0.07427088916301727, 0.05664411932229996, 0.04331639036536217, 0.035780005156993866, 0.03010120429098606, 0.02690182626247406, 0.022464053705334663, 0.019472334533929825, 0.01748262159526348, 0.016929350793361664, 0.015560070052742958, 0.014480235986411572, 0.013603542000055313, 0.012367753311991692, 0.012639785185456276]
Training time: 649 	steps per sec: 26
Eval num_timesteps=17408, episode_reward=nan +/- nan
Eval num_timesteps=17408, episode_success=nan +/- nan
se
16 16384 1024
diff [-0.038773536682128906, -0.0447128489613533, -0.02952178567647934, -0.009452678263187408, -0.007246378809213638, -0.0068398453295230865, -0.007974283769726753, -0.004656817764043808, -0.00400431826710701, -0.005200343206524849, -0.00690113753080368, -0.005056915804743767, -0.0030117370188236237, -0.005539673380553722, -0.004173744469881058, -0.0040672216564416885, -0.00651206448674202, -0.0015350384637713432]
ref [0.34935879707336426, 0.15638111531734467, 0.10379267483949661, 0.06609679758548737, 0.050562769174575806, 0.04261985048651695, 0.038075488060712814, 0.03155864402651787, 0.026468371972441673, 0.024672677740454674, 0.02438375912606716, 0.02198626659810543, 0.01857180707156658, 0.020019909366965294, 0.01777728646993637, 0.01643497496843338, 0.019151849672198296, 0.014831852167844772]
[0.31058526039123535, 0.11166826635599136, 0.07427088916301727, 0.05664411932229996, 0.04331639036536217, 0.035780005156993866, 0.03010120429098606, 0.02690182626247406, 0.022464053705334663, 0.019472334533929825, 0.01748262159526348, 0.016929350793361664, 0.015560070052742958, 0.014480235986411572, 0.013603542000055313, 0.012367753311991692, 0.012639785185456276, 0.013296813704073429]
Training time: 714 	steps per sec: 25
Eval num_timesteps=18432, episode_reward=nan +/- nan
Eval num_timesteps=18432, episode_success=nan +/- nan
se
16 16384 1024
diff [-0.038773536682128906, -0.0447128489613533, -0.02952178567647934, -0.009452678263187408, -0.007246378809213638, -0.0068398453295230865, -0.007974283769726753, -0.004656817764043808, -0.00400431826710701, -0.005200343206524849, -0.00690113753080368, -0.005056915804743767, -0.0030117370188236237, -0.005539673380553722, -0.004173744469881058, -0.0040672216564416885, -0.00651206448674202, -0.0015350384637713432, -0.0010401178151369095]
ref [0.34935879707336426, 0.15638111531734467, 0.10379267483949661, 0.06609679758548737, 0.050562769174575806, 0.04261985048651695, 0.038075488060712814, 0.03155864402651787, 0.026468371972441673, 0.024672677740454674, 0.02438375912606716, 0.02198626659810543, 0.01857180707156658, 0.020019909366965294, 0.01777728646993637, 0.01643497496843338, 0.019151849672198296, 0.014831852167844772, 0.01459550578147173]
[0.31058526039123535, 0.11166826635599136, 0.07427088916301727, 0.05664411932229996, 0.04331639036536217, 0.035780005156993866, 0.03010120429098606, 0.02690182626247406, 0.022464053705334663, 0.019472334533929825, 0.01748262159526348, 0.016929350793361664, 0.015560070052742958, 0.014480235986411572, 0.013603542000055313, 0.012367753311991692, 0.012639785185456276, 0.013296813704073429, 0.01355538796633482]
Training time: 781 	steps per sec: 24
Eval num_timesteps=19456, episode_reward=nan +/- nan
Eval num_timesteps=19456, episode_success=nan +/- nan
se
16 16384 1024
diff [-0.038773536682128906, -0.0447128489613533, -0.02952178567647934, -0.009452678263187408, -0.007246378809213638, -0.0068398453295230865, -0.007974283769726753, -0.004656817764043808, -0.00400431826710701, -0.005200343206524849, -0.00690113753080368, -0.005056915804743767, -0.0030117370188236237, -0.005539673380553722, -0.004173744469881058, -0.0040672216564416885, -0.00651206448674202, -0.0015350384637713432, -0.0010401178151369095, -0.0015719328075647354]
ref [0.34935879707336426, 0.15638111531734467, 0.10379267483949661, 0.06609679758548737, 0.050562769174575806, 0.04261985048651695, 0.038075488060712814, 0.03155864402651787, 0.026468371972441673, 0.024672677740454674, 0.02438375912606716, 0.02198626659810543, 0.01857180707156658, 0.020019909366965294, 0.01777728646993637, 0.01643497496843338, 0.019151849672198296, 0.014831852167844772, 0.01459550578147173, 0.014998452737927437]
[0.31058526039123535, 0.11166826635599136, 0.07427088916301727, 0.05664411932229996, 0.04331639036536217, 0.035780005156993866, 0.03010120429098606, 0.02690182626247406, 0.022464053705334663, 0.019472334533929825, 0.01748262159526348, 0.016929350793361664, 0.015560070052742958, 0.014480235986411572, 0.013603542000055313, 0.012367753311991692, 0.012639785185456276, 0.013296813704073429, 0.01355538796633482, 0.013426519930362701]
Training time: 852 	steps per sec: 24
Eval num_timesteps=20480, episode_reward=nan +/- nan
Eval num_timesteps=20480, episode_success=nan +/- nan
se
16 16384 1024
diff [-0.038773536682128906, -0.0447128489613533, -0.02952178567647934, -0.009452678263187408, -0.007246378809213638, -0.0068398453295230865, -0.007974283769726753, -0.004656817764043808, -0.00400431826710701, -0.005200343206524849, -0.00690113753080368, -0.005056915804743767, -0.0030117370188236237, -0.005539673380553722, -0.004173744469881058, -0.0040672216564416885, -0.00651206448674202, -0.0015350384637713432, -0.0010401178151369095, -0.0015719328075647354, -0.0005994206294417381]
ref [0.34935879707336426, 0.15638111531734467, 0.10379267483949661, 0.06609679758548737, 0.050562769174575806, 0.04261985048651695, 0.038075488060712814, 0.03155864402651787, 0.026468371972441673, 0.024672677740454674, 0.02438375912606716, 0.02198626659810543, 0.01857180707156658, 0.020019909366965294, 0.01777728646993637, 0.01643497496843338, 0.019151849672198296, 0.014831852167844772, 0.01459550578147173, 0.014998452737927437, 0.014773773029446602]
[0.31058526039123535, 0.11166826635599136, 0.07427088916301727, 0.05664411932229996, 0.04331639036536217, 0.035780005156993866, 0.03010120429098606, 0.02690182626247406, 0.022464053705334663, 0.019472334533929825, 0.01748262159526348, 0.016929350793361664, 0.015560070052742958, 0.014480235986411572, 0.013603542000055313, 0.012367753311991692, 0.012639785185456276, 0.013296813704073429, 0.01355538796633482, 0.013426519930362701, 0.014174352400004864]
Training time: 922 	steps per sec: 23
Eval num_timesteps=21504, episode_reward=nan +/- nan
Eval num_timesteps=21504, episode_success=nan +/- nan
se
16 16384 1024
diff [-0.038773536682128906, -0.0447128489613533, -0.02952178567647934, -0.009452678263187408, -0.007246378809213638, -0.0068398453295230865, -0.007974283769726753, -0.004656817764043808, -0.00400431826710701, -0.005200343206524849, -0.00690113753080368, -0.005056915804743767, -0.0030117370188236237, -0.005539673380553722, -0.004173744469881058, -0.0040672216564416885, -0.00651206448674202, -0.0015350384637713432, -0.0010401178151369095, -0.0015719328075647354, -0.0005994206294417381, -0.0011891387403011322]
ref [0.34935879707336426, 0.15638111531734467, 0.10379267483949661, 0.06609679758548737, 0.050562769174575806, 0.04261985048651695, 0.038075488060712814, 0.03155864402651787, 0.026468371972441673, 0.024672677740454674, 0.02438375912606716, 0.02198626659810543, 0.01857180707156658, 0.020019909366965294, 0.01777728646993637, 0.01643497496843338, 0.019151849672198296, 0.014831852167844772, 0.01459550578147173, 0.014998452737927437, 0.014773773029446602, 0.014830013737082481]
[0.31058526039123535, 0.11166826635599136, 0.07427088916301727, 0.05664411932229996, 0.04331639036536217, 0.035780005156993866, 0.03010120429098606, 0.02690182626247406, 0.022464053705334663, 0.019472334533929825, 0.01748262159526348, 0.016929350793361664, 0.015560070052742958, 0.014480235986411572, 0.013603542000055313, 0.012367753311991692, 0.012639785185456276, 0.013296813704073429, 0.01355538796633482, 0.013426519930362701, 0.014174352400004864, 0.01364087499678135]
Training time: 992 	steps per sec: 22
Eval num_timesteps=22528, episode_reward=nan +/- nan
Eval num_timesteps=22528, episode_success=nan +/- nan
se
16 16384 1024
diff [-0.038773536682128906, -0.0447128489613533, -0.02952178567647934, -0.009452678263187408, -0.007246378809213638, -0.0068398453295230865, -0.007974283769726753, -0.004656817764043808, -0.00400431826710701, -0.005200343206524849, -0.00690113753080368, -0.005056915804743767, -0.0030117370188236237, -0.005539673380553722, -0.004173744469881058, -0.0040672216564416885, -0.00651206448674202, -0.0015350384637713432, -0.0010401178151369095, -0.0015719328075647354, -0.0005994206294417381, -0.0011891387403011322, -0.002530251629650593]
ref [0.34935879707336426, 0.15638111531734467, 0.10379267483949661, 0.06609679758548737, 0.050562769174575806, 0.04261985048651695, 0.038075488060712814, 0.03155864402651787, 0.026468371972441673, 0.024672677740454674, 0.02438375912606716, 0.02198626659810543, 0.01857180707156658, 0.020019909366965294, 0.01777728646993637, 0.01643497496843338, 0.019151849672198296, 0.014831852167844772, 0.01459550578147173, 0.014998452737927437, 0.014773773029446602, 0.014830013737082481, 0.01591312699019909]
[0.31058526039123535, 0.11166826635599136, 0.07427088916301727, 0.05664411932229996, 0.04331639036536217, 0.035780005156993866, 0.03010120429098606, 0.02690182626247406, 0.022464053705334663, 0.019472334533929825, 0.01748262159526348, 0.016929350793361664, 0.015560070052742958, 0.014480235986411572, 0.013603542000055313, 0.012367753311991692, 0.012639785185456276, 0.013296813704073429, 0.01355538796633482, 0.013426519930362701, 0.014174352400004864, 0.01364087499678135, 0.013382875360548496]
Training time: 1058 	steps per sec: 22
Eval num_timesteps=23552, episode_reward=nan +/- nan
Eval num_timesteps=23552, episode_success=nan +/- nan
se
16 16384 1024
diff [-0.038773536682128906, -0.0447128489613533, -0.02952178567647934, -0.009452678263187408, -0.007246378809213638, -0.0068398453295230865, -0.007974283769726753, -0.004656817764043808, -0.00400431826710701, -0.005200343206524849, -0.00690113753080368, -0.005056915804743767, -0.0030117370188236237, -0.005539673380553722, -0.004173744469881058, -0.0040672216564416885, -0.00651206448674202, -0.0015350384637713432, -0.0010401178151369095, -0.0015719328075647354, -0.0005994206294417381, -0.0011891387403011322, -0.002530251629650593, -0.0009003998711705208]
ref [0.34935879707336426, 0.15638111531734467, 0.10379267483949661, 0.06609679758548737, 0.050562769174575806, 0.04261985048651695, 0.038075488060712814, 0.03155864402651787, 0.026468371972441673, 0.024672677740454674, 0.02438375912606716, 0.02198626659810543, 0.01857180707156658, 0.020019909366965294, 0.01777728646993637, 0.01643497496843338, 0.019151849672198296, 0.014831852167844772, 0.01459550578147173, 0.014998452737927437, 0.014773773029446602, 0.014830013737082481, 0.01591312699019909, 0.014121077954769135]
[0.31058526039123535, 0.11166826635599136, 0.07427088916301727, 0.05664411932229996, 0.04331639036536217, 0.035780005156993866, 0.03010120429098606, 0.02690182626247406, 0.022464053705334663, 0.019472334533929825, 0.01748262159526348, 0.016929350793361664, 0.015560070052742958, 0.014480235986411572, 0.013603542000055313, 0.012367753311991692, 0.012639785185456276, 0.013296813704073429, 0.01355538796633482, 0.013426519930362701, 0.014174352400004864, 0.01364087499678135, 0.013382875360548496, 0.013220678083598614]
Training time: 1124 	steps per sec: 21
Eval num_timesteps=24576, episode_reward=nan +/- nan
Eval num_timesteps=24576, episode_success=nan +/- nan
se
16 16384 1024
diff [-0.038773536682128906, -0.0447128489613533, -0.02952178567647934, -0.009452678263187408, -0.007246378809213638, -0.0068398453295230865, -0.007974283769726753, -0.004656817764043808, -0.00400431826710701, -0.005200343206524849, -0.00690113753080368, -0.005056915804743767, -0.0030117370188236237, -0.005539673380553722, -0.004173744469881058, -0.0040672216564416885, -0.00651206448674202, -0.0015350384637713432, -0.0010401178151369095, -0.0015719328075647354, -0.0005994206294417381, -0.0011891387403011322, -0.002530251629650593, -0.0009003998711705208, -0.003488851711153984]
ref [0.34935879707336426, 0.15638111531734467, 0.10379267483949661, 0.06609679758548737, 0.050562769174575806, 0.04261985048651695, 0.038075488060712814, 0.03155864402651787, 0.026468371972441673, 0.024672677740454674, 0.02438375912606716, 0.02198626659810543, 0.01857180707156658, 0.020019909366965294, 0.01777728646993637, 0.01643497496843338, 0.019151849672198296, 0.014831852167844772, 0.01459550578147173, 0.014998452737927437, 0.014773773029446602, 0.014830013737082481, 0.01591312699019909, 0.014121077954769135, 0.016176944598555565]
[0.31058526039123535, 0.11166826635599136, 0.07427088916301727, 0.05664411932229996, 0.04331639036536217, 0.035780005156993866, 0.03010120429098606, 0.02690182626247406, 0.022464053705334663, 0.019472334533929825, 0.01748262159526348, 0.016929350793361664, 0.015560070052742958, 0.014480235986411572, 0.013603542000055313, 0.012367753311991692, 0.012639785185456276, 0.013296813704073429, 0.01355538796633482, 0.013426519930362701, 0.014174352400004864, 0.01364087499678135, 0.013382875360548496, 0.013220678083598614, 0.01268809288740158]
Training time: 1190 	steps per sec: 21
Eval num_timesteps=25600, episode_reward=nan +/- nan
Eval num_timesteps=25600, episode_success=nan +/- nan
se
16 16384 1024
diff [-0.038773536682128906, -0.0447128489613533, -0.02952178567647934, -0.009452678263187408, -0.007246378809213638, -0.0068398453295230865, -0.007974283769726753, -0.004656817764043808, -0.00400431826710701, -0.005200343206524849, -0.00690113753080368, -0.005056915804743767, -0.0030117370188236237, -0.005539673380553722, -0.004173744469881058, -0.0040672216564416885, -0.00651206448674202, -0.0015350384637713432, -0.0010401178151369095, -0.0015719328075647354, -0.0005994206294417381, -0.0011891387403011322, -0.002530251629650593, -0.0009003998711705208, -0.003488851711153984, -0.0007118582725524902]
ref [0.34935879707336426, 0.15638111531734467, 0.10379267483949661, 0.06609679758548737, 0.050562769174575806, 0.04261985048651695, 0.038075488060712814, 0.03155864402651787, 0.026468371972441673, 0.024672677740454674, 0.02438375912606716, 0.02198626659810543, 0.01857180707156658, 0.020019909366965294, 0.01777728646993637, 0.01643497496843338, 0.019151849672198296, 0.014831852167844772, 0.01459550578147173, 0.014998452737927437, 0.014773773029446602, 0.014830013737082481, 0.01591312699019909, 0.014121077954769135, 0.016176944598555565, 0.013830829411745071]
[0.31058526039123535, 0.11166826635599136, 0.07427088916301727, 0.05664411932229996, 0.04331639036536217, 0.035780005156993866, 0.03010120429098606, 0.02690182626247406, 0.022464053705334663, 0.019472334533929825, 0.01748262159526348, 0.016929350793361664, 0.015560070052742958, 0.014480235986411572, 0.013603542000055313, 0.012367753311991692, 0.012639785185456276, 0.013296813704073429, 0.01355538796633482, 0.013426519930362701, 0.014174352400004864, 0.01364087499678135, 0.013382875360548496, 0.013220678083598614, 0.01268809288740158, 0.013118971139192581]
Training time: 1257 	steps per sec: 21
Eval num_timesteps=26624, episode_reward=nan +/- nan
Eval num_timesteps=26624, episode_success=nan +/- nan
se
16 16384 1024
diff [-0.038773536682128906, -0.0447128489613533, -0.02952178567647934, -0.009452678263187408, -0.007246378809213638, -0.0068398453295230865, -0.007974283769726753, -0.004656817764043808, -0.00400431826710701, -0.005200343206524849, -0.00690113753080368, -0.005056915804743767, -0.0030117370188236237, -0.005539673380553722, -0.004173744469881058, -0.0040672216564416885, -0.00651206448674202, -0.0015350384637713432, -0.0010401178151369095, -0.0015719328075647354, -0.0005994206294417381, -0.0011891387403011322, -0.002530251629650593, -0.0009003998711705208, -0.003488851711153984, -0.0007118582725524902, -0.0010968856513500214]
ref [0.34935879707336426, 0.15638111531734467, 0.10379267483949661, 0.06609679758548737, 0.050562769174575806, 0.04261985048651695, 0.038075488060712814, 0.03155864402651787, 0.026468371972441673, 0.024672677740454674, 0.02438375912606716, 0.02198626659810543, 0.01857180707156658, 0.020019909366965294, 0.01777728646993637, 0.01643497496843338, 0.019151849672198296, 0.014831852167844772, 0.01459550578147173, 0.014998452737927437, 0.014773773029446602, 0.014830013737082481, 0.01591312699019909, 0.014121077954769135, 0.016176944598555565, 0.013830829411745071, 0.013880484737455845]
[0.31058526039123535, 0.11166826635599136, 0.07427088916301727, 0.05664411932229996, 0.04331639036536217, 0.035780005156993866, 0.03010120429098606, 0.02690182626247406, 0.022464053705334663, 0.019472334533929825, 0.01748262159526348, 0.016929350793361664, 0.015560070052742958, 0.014480235986411572, 0.013603542000055313, 0.012367753311991692, 0.012639785185456276, 0.013296813704073429, 0.01355538796633482, 0.013426519930362701, 0.014174352400004864, 0.01364087499678135, 0.013382875360548496, 0.013220678083598614, 0.01268809288740158, 0.013118971139192581, 0.012783599086105824]
Training time: 1322 	steps per sec: 20
Eval num_timesteps=27648, episode_reward=nan +/- nan
Eval num_timesteps=27648, episode_success=nan +/- nan
se
16 16384 1024
diff [-0.038773536682128906, -0.0447128489613533, -0.02952178567647934, -0.009452678263187408, -0.007246378809213638, -0.0068398453295230865, -0.007974283769726753, -0.004656817764043808, -0.00400431826710701, -0.005200343206524849, -0.00690113753080368, -0.005056915804743767, -0.0030117370188236237, -0.005539673380553722, -0.004173744469881058, -0.0040672216564416885, -0.00651206448674202, -0.0015350384637713432, -0.0010401178151369095, -0.0015719328075647354, -0.0005994206294417381, -0.0011891387403011322, -0.002530251629650593, -0.0009003998711705208, -0.003488851711153984, -0.0007118582725524902, -0.0010968856513500214, -0.003482370637357235]
ref [0.34935879707336426, 0.15638111531734467, 0.10379267483949661, 0.06609679758548737, 0.050562769174575806, 0.04261985048651695, 0.038075488060712814, 0.03155864402651787, 0.026468371972441673, 0.024672677740454674, 0.02438375912606716, 0.02198626659810543, 0.01857180707156658, 0.020019909366965294, 0.01777728646993637, 0.01643497496843338, 0.019151849672198296, 0.014831852167844772, 0.01459550578147173, 0.014998452737927437, 0.014773773029446602, 0.014830013737082481, 0.01591312699019909, 0.014121077954769135, 0.016176944598555565, 0.013830829411745071, 0.013880484737455845, 0.015528249554336071]
[0.31058526039123535, 0.11166826635599136, 0.07427088916301727, 0.05664411932229996, 0.04331639036536217, 0.035780005156993866, 0.03010120429098606, 0.02690182626247406, 0.022464053705334663, 0.019472334533929825, 0.01748262159526348, 0.016929350793361664, 0.015560070052742958, 0.014480235986411572, 0.013603542000055313, 0.012367753311991692, 0.012639785185456276, 0.013296813704073429, 0.01355538796633482, 0.013426519930362701, 0.014174352400004864, 0.01364087499678135, 0.013382875360548496, 0.013220678083598614, 0.01268809288740158, 0.013118971139192581, 0.012783599086105824, 0.012045878916978836]
Training time: 1388 	steps per sec: 20
Eval num_timesteps=28672, episode_reward=nan +/- nan
Eval num_timesteps=28672, episode_success=nan +/- nan
se
16 16384 1024
diff [-0.038773536682128906, -0.0447128489613533, -0.02952178567647934, -0.009452678263187408, -0.007246378809213638, -0.0068398453295230865, -0.007974283769726753, -0.004656817764043808, -0.00400431826710701, -0.005200343206524849, -0.00690113753080368, -0.005056915804743767, -0.0030117370188236237, -0.005539673380553722, -0.004173744469881058, -0.0040672216564416885, -0.00651206448674202, -0.0015350384637713432, -0.0010401178151369095, -0.0015719328075647354, -0.0005994206294417381, -0.0011891387403011322, -0.002530251629650593, -0.0009003998711705208, -0.003488851711153984, -0.0007118582725524902, -0.0010968856513500214, -0.003482370637357235, -0.005653786472976208]
ref [0.34935879707336426, 0.15638111531734467, 0.10379267483949661, 0.06609679758548737, 0.050562769174575806, 0.04261985048651695, 0.038075488060712814, 0.03155864402651787, 0.026468371972441673, 0.024672677740454674, 0.02438375912606716, 0.02198626659810543, 0.01857180707156658, 0.020019909366965294, 0.01777728646993637, 0.01643497496843338, 0.019151849672198296, 0.014831852167844772, 0.01459550578147173, 0.014998452737927437, 0.014773773029446602, 0.014830013737082481, 0.01591312699019909, 0.014121077954769135, 0.016176944598555565, 0.013830829411745071, 0.013880484737455845, 0.015528249554336071, 0.017788901925086975]
[0.31058526039123535, 0.11166826635599136, 0.07427088916301727, 0.05664411932229996, 0.04331639036536217, 0.035780005156993866, 0.03010120429098606, 0.02690182626247406, 0.022464053705334663, 0.019472334533929825, 0.01748262159526348, 0.016929350793361664, 0.015560070052742958, 0.014480235986411572, 0.013603542000055313, 0.012367753311991692, 0.012639785185456276, 0.013296813704073429, 0.01355538796633482, 0.013426519930362701, 0.014174352400004864, 0.01364087499678135, 0.013382875360548496, 0.013220678083598614, 0.01268809288740158, 0.013118971139192581, 0.012783599086105824, 0.012045878916978836, 0.012135115452110767]
Training time: 1457 	steps per sec: 20
Eval num_timesteps=29696, episode_reward=nan +/- nan
Eval num_timesteps=29696, episode_success=nan +/- nan
se
16 16384 1024
diff [-0.038773536682128906, -0.0447128489613533, -0.02952178567647934, -0.009452678263187408, -0.007246378809213638, -0.0068398453295230865, -0.007974283769726753, -0.004656817764043808, -0.00400431826710701, -0.005200343206524849, -0.00690113753080368, -0.005056915804743767, -0.0030117370188236237, -0.005539673380553722, -0.004173744469881058, -0.0040672216564416885, -0.00651206448674202, -0.0015350384637713432, -0.0010401178151369095, -0.0015719328075647354, -0.0005994206294417381, -0.0011891387403011322, -0.002530251629650593, -0.0009003998711705208, -0.003488851711153984, -0.0007118582725524902, -0.0010968856513500214, -0.003482370637357235, -0.005653786472976208, -0.004268781282007694]
ref [0.34935879707336426, 0.15638111531734467, 0.10379267483949661, 0.06609679758548737, 0.050562769174575806, 0.04261985048651695, 0.038075488060712814, 0.03155864402651787, 0.026468371972441673, 0.024672677740454674, 0.02438375912606716, 0.02198626659810543, 0.01857180707156658, 0.020019909366965294, 0.01777728646993637, 0.01643497496843338, 0.019151849672198296, 0.014831852167844772, 0.01459550578147173, 0.014998452737927437, 0.014773773029446602, 0.014830013737082481, 0.01591312699019909, 0.014121077954769135, 0.016176944598555565, 0.013830829411745071, 0.013880484737455845, 0.015528249554336071, 0.017788901925086975, 0.016539836302399635]
[0.31058526039123535, 0.11166826635599136, 0.07427088916301727, 0.05664411932229996, 0.04331639036536217, 0.035780005156993866, 0.03010120429098606, 0.02690182626247406, 0.022464053705334663, 0.019472334533929825, 0.01748262159526348, 0.016929350793361664, 0.015560070052742958, 0.014480235986411572, 0.013603542000055313, 0.012367753311991692, 0.012639785185456276, 0.013296813704073429, 0.01355538796633482, 0.013426519930362701, 0.014174352400004864, 0.01364087499678135, 0.013382875360548496, 0.013220678083598614, 0.01268809288740158, 0.013118971139192581, 0.012783599086105824, 0.012045878916978836, 0.012135115452110767, 0.012271055020391941]
Training time: 1529 	steps per sec: 20
Eval num_timesteps=30720, episode_reward=nan +/- nan
Eval num_timesteps=30720, episode_success=nan +/- nan
se
16 16384 1024
diff [-0.038773536682128906, -0.0447128489613533, -0.02952178567647934, -0.009452678263187408, -0.007246378809213638, -0.0068398453295230865, -0.007974283769726753, -0.004656817764043808, -0.00400431826710701, -0.005200343206524849, -0.00690113753080368, -0.005056915804743767, -0.0030117370188236237, -0.005539673380553722, -0.004173744469881058, -0.0040672216564416885, -0.00651206448674202, -0.0015350384637713432, -0.0010401178151369095, -0.0015719328075647354, -0.0005994206294417381, -0.0011891387403011322, -0.002530251629650593, -0.0009003998711705208, -0.003488851711153984, -0.0007118582725524902, -0.0010968856513500214, -0.003482370637357235, -0.005653786472976208, -0.004268781282007694, -0.002298867329955101]
ref [0.34935879707336426, 0.15638111531734467, 0.10379267483949661, 0.06609679758548737, 0.050562769174575806, 0.04261985048651695, 0.038075488060712814, 0.03155864402651787, 0.026468371972441673, 0.024672677740454674, 0.02438375912606716, 0.02198626659810543, 0.01857180707156658, 0.020019909366965294, 0.01777728646993637, 0.01643497496843338, 0.019151849672198296, 0.014831852167844772, 0.01459550578147173, 0.014998452737927437, 0.014773773029446602, 0.014830013737082481, 0.01591312699019909, 0.014121077954769135, 0.016176944598555565, 0.013830829411745071, 0.013880484737455845, 0.015528249554336071, 0.017788901925086975, 0.016539836302399635, 0.01447327621281147]
[0.31058526039123535, 0.11166826635599136, 0.07427088916301727, 0.05664411932229996, 0.04331639036536217, 0.035780005156993866, 0.03010120429098606, 0.02690182626247406, 0.022464053705334663, 0.019472334533929825, 0.01748262159526348, 0.016929350793361664, 0.015560070052742958, 0.014480235986411572, 0.013603542000055313, 0.012367753311991692, 0.012639785185456276, 0.013296813704073429, 0.01355538796633482, 0.013426519930362701, 0.014174352400004864, 0.01364087499678135, 0.013382875360548496, 0.013220678083598614, 0.01268809288740158, 0.013118971139192581, 0.012783599086105824, 0.012045878916978836, 0.012135115452110767, 0.012271055020391941, 0.012174408882856369]
Training time: 1605 	steps per sec: 19
Eval num_timesteps=31744, episode_reward=nan +/- nan
Eval num_timesteps=31744, episode_success=nan +/- nan
se
16 16384 1024
diff [-0.038773536682128906, -0.0447128489613533, -0.02952178567647934, -0.009452678263187408, -0.007246378809213638, -0.0068398453295230865, -0.007974283769726753, -0.004656817764043808, -0.00400431826710701, -0.005200343206524849, -0.00690113753080368, -0.005056915804743767, -0.0030117370188236237, -0.005539673380553722, -0.004173744469881058, -0.0040672216564416885, -0.00651206448674202, -0.0015350384637713432, -0.0010401178151369095, -0.0015719328075647354, -0.0005994206294417381, -0.0011891387403011322, -0.002530251629650593, -0.0009003998711705208, -0.003488851711153984, -0.0007118582725524902, -0.0010968856513500214, -0.003482370637357235, -0.005653786472976208, -0.004268781282007694, -0.002298867329955101, -0.005669322796165943]
ref [0.34935879707336426, 0.15638111531734467, 0.10379267483949661, 0.06609679758548737, 0.050562769174575806, 0.04261985048651695, 0.038075488060712814, 0.03155864402651787, 0.026468371972441673, 0.024672677740454674, 0.02438375912606716, 0.02198626659810543, 0.01857180707156658, 0.020019909366965294, 0.01777728646993637, 0.01643497496843338, 0.019151849672198296, 0.014831852167844772, 0.01459550578147173, 0.014998452737927437, 0.014773773029446602, 0.014830013737082481, 0.01591312699019909, 0.014121077954769135, 0.016176944598555565, 0.013830829411745071, 0.013880484737455845, 0.015528249554336071, 0.017788901925086975, 0.016539836302399635, 0.01447327621281147, 0.017302025109529495]
[0.31058526039123535, 0.11166826635599136, 0.07427088916301727, 0.05664411932229996, 0.04331639036536217, 0.035780005156993866, 0.03010120429098606, 0.02690182626247406, 0.022464053705334663, 0.019472334533929825, 0.01748262159526348, 0.016929350793361664, 0.015560070052742958, 0.014480235986411572, 0.013603542000055313, 0.012367753311991692, 0.012639785185456276, 0.013296813704073429, 0.01355538796633482, 0.013426519930362701, 0.014174352400004864, 0.01364087499678135, 0.013382875360548496, 0.013220678083598614, 0.01268809288740158, 0.013118971139192581, 0.012783599086105824, 0.012045878916978836, 0.012135115452110767, 0.012271055020391941, 0.012174408882856369, 0.011632702313363552]
Training time: 1690 	steps per sec: 19
Eval num_timesteps=32768, episode_reward=nan +/- nan
Eval num_timesteps=32768, episode_success=nan +/- nan
results/HalfCheetah-v4/
results/HalfCheetah-v4/ppo_ros/
results/HalfCheetah-v4/ppo_ros/expert/
results/HalfCheetah-v4/ppo_ros/expert/b_16/
results/HalfCheetah-v4/ppo_ros/expert/b_16/no_clip_lambda/
results/HalfCheetah-v4/ppo_ros/expert/b_16/no_clip_lambda/run_2/
results/HalfCheetah-v4/ppo_ros/expert/b_16/no_clip_lambda/run_2/evaluations.npz
results/HalfCheetah-v4/ppo_ros/expert/b_16/no_clip_lambda/run_2/stats.npz
results/HalfCheetah-v4/ppo_ros/expert/b_16/no_clip_lambda/run_2/config.yml
