ppo_ros_continuous.py --env-id Swimmer-v4 -s expert/b_16/no_clip_lambda --total-timesteps 32768 --eval-freq 1 --eval-episodes 0 -b 16 --num-steps 1024 -lr 0 --update-epochs 0 --anneal-lr 0 --ros-num-steps 256 --ros-update-epochs 16 --ros-target-kl 0.05 --ros-clip-coef 999999999 --ros-lambda 0 -ros-lr 0.0001 --ros-anneal-lr 0 --se 1 --se-freq 1 --se-lr 1e-3 --se-epochs 1000 --policy-path policies/Swimmer-v4/best_model.zip --normalization-dir policies/Swimmer-v4
Obtaining file:///var/lib/condor/execute/slot1/dir_12907/PPOROS/PPOROS/custom-envs
  Preparing metadata (setup.py): started
  Preparing metadata (setup.py): finished with status 'done'
Requirement already satisfied: gym in /var/lib/condor/execute/slot1/dir_12907/PPOROS/ppo-ros_env/lib/python3.9/site-packages (from custom-envs==0.0.1) (0.21.0)
Requirement already satisfied: numpy>=1.18.0 in /var/lib/condor/execute/slot1/dir_12907/PPOROS/ppo-ros_env/lib/python3.9/site-packages (from gym->custom-envs==0.0.1) (1.24.2)
Requirement already satisfied: cloudpickle>=1.2.0 in /var/lib/condor/execute/slot1/dir_12907/PPOROS/ppo-ros_env/lib/python3.9/site-packages (from gym->custom-envs==0.0.1) (2.2.1)
Installing collected packages: custom-envs
  Running setup.py develop for custom-envs
Successfully installed custom-envs-0.0.1
seed: 0
Eval num_timesteps=0, episode_reward=nan +/- nan
Eval num_timesteps=0, episode_success=nan +/- nan
se
1 1024 1024
diff [-1.1839725226163864]
ref [1.2630525827407837]
[0.07908006012439728]
Training time: 35 	steps per sec: 28
Eval num_timesteps=1024, episode_reward=nan +/- nan
Eval num_timesteps=1024, episode_success=nan +/- nan
se
2 2048 1024
diff [-1.1839725226163864, 0.011539850383996964]
ref [1.2630525827407837, 0.0375884585082531]
[0.07908006012439728, 0.04912830889225006]
Training time: 79 	steps per sec: 25
Eval num_timesteps=2048, episode_reward=nan +/- nan
Eval num_timesteps=2048, episode_success=nan +/- nan
se
3 3072 1024
diff [-1.1839725226163864, 0.011539850383996964, 0.003462124615907669]
ref [1.2630525827407837, 0.0375884585082531, 0.03155124559998512]
[0.07908006012439728, 0.04912830889225006, 0.03501337021589279]
Training time: 136 	steps per sec: 22
Eval num_timesteps=3072, episode_reward=nan +/- nan
Eval num_timesteps=3072, episode_success=nan +/- nan
se
4 4096 1024
diff [-1.1839725226163864, 0.011539850383996964, 0.003462124615907669, -0.001004483550786972]
ref [1.2630525827407837, 0.0375884585082531, 0.03155124559998512, 0.026350276544690132]
[0.07908006012439728, 0.04912830889225006, 0.03501337021589279, 0.02534579299390316]
Training time: 203 	steps per sec: 20
Eval num_timesteps=4096, episode_reward=nan +/- nan
Eval num_timesteps=4096, episode_success=nan +/- nan
se
5 5120 1024
diff [-1.1839725226163864, 0.011539850383996964, 0.003462124615907669, -0.001004483550786972, 0.003088761121034622]
ref [1.2630525827407837, 0.0375884585082531, 0.03155124559998512, 0.026350276544690132, 0.016120275482535362]
[0.07908006012439728, 0.04912830889225006, 0.03501337021589279, 0.02534579299390316, 0.019209036603569984]
Training time: 280 	steps per sec: 18
Eval num_timesteps=5120, episode_reward=nan +/- nan
Eval num_timesteps=5120, episode_success=nan +/- nan
se
6 6144 1024
diff [-1.1839725226163864, 0.011539850383996964, 0.003462124615907669, -0.001004483550786972, 0.003088761121034622, 0.0008674077689647675]
ref [1.2630525827407837, 0.0375884585082531, 0.03155124559998512, 0.026350276544690132, 0.016120275482535362, 0.016474368050694466]
[0.07908006012439728, 0.04912830889225006, 0.03501337021589279, 0.02534579299390316, 0.019209036603569984, 0.017341775819659233]
Training time: 359 	steps per sec: 17
Eval num_timesteps=6144, episode_reward=nan +/- nan
Eval num_timesteps=6144, episode_success=nan +/- nan
se
7 7168 1024
diff [-1.1839725226163864, 0.011539850383996964, 0.003462124615907669, -0.001004483550786972, 0.003088761121034622, 0.0008674077689647675, -0.004184959456324577]
ref [1.2630525827407837, 0.0375884585082531, 0.03155124559998512, 0.026350276544690132, 0.016120275482535362, 0.016474368050694466, 0.015687372535467148]
[0.07908006012439728, 0.04912830889225006, 0.03501337021589279, 0.02534579299390316, 0.019209036603569984, 0.017341775819659233, 0.01150241307914257]
Training time: 460 	steps per sec: 15
Eval num_timesteps=7168, episode_reward=nan +/- nan
Eval num_timesteps=7168, episode_success=nan +/- nan
se
8 8192 1024
diff [-1.1839725226163864, 0.011539850383996964, 0.003462124615907669, -0.001004483550786972, 0.003088761121034622, 0.0008674077689647675, -0.004184959456324577, -0.003879256546497345]
ref [1.2630525827407837, 0.0375884585082531, 0.03155124559998512, 0.026350276544690132, 0.016120275482535362, 0.016474368050694466, 0.015687372535467148, 0.0132097527384758]
[0.07908006012439728, 0.04912830889225006, 0.03501337021589279, 0.02534579299390316, 0.019209036603569984, 0.017341775819659233, 0.01150241307914257, 0.009330496191978455]
Training time: 571 	steps per sec: 14
Eval num_timesteps=8192, episode_reward=nan +/- nan
Eval num_timesteps=8192, episode_success=nan +/- nan
se
9 9216 1024
diff [-1.1839725226163864, 0.011539850383996964, 0.003462124615907669, -0.001004483550786972, 0.003088761121034622, 0.0008674077689647675, -0.004184959456324577, -0.003879256546497345, -0.0010522035881876945]
ref [1.2630525827407837, 0.0375884585082531, 0.03155124559998512, 0.026350276544690132, 0.016120275482535362, 0.016474368050694466, 0.015687372535467148, 0.0132097527384758, 0.009439977817237377]
[0.07908006012439728, 0.04912830889225006, 0.03501337021589279, 0.02534579299390316, 0.019209036603569984, 0.017341775819659233, 0.01150241307914257, 0.009330496191978455, 0.008387774229049683]
Training time: 696 	steps per sec: 13
Eval num_timesteps=9216, episode_reward=nan +/- nan
Eval num_timesteps=9216, episode_success=nan +/- nan
se
10 10240 1024
diff [-1.1839725226163864, 0.011539850383996964, 0.003462124615907669, -0.001004483550786972, 0.003088761121034622, 0.0008674077689647675, -0.004184959456324577, -0.003879256546497345, -0.0010522035881876945, -0.0032856534235179424]
ref [1.2630525827407837, 0.0375884585082531, 0.03155124559998512, 0.026350276544690132, 0.016120275482535362, 0.016474368050694466, 0.015687372535467148, 0.0132097527384758, 0.009439977817237377, 0.010167581960558891]
[0.07908006012439728, 0.04912830889225006, 0.03501337021589279, 0.02534579299390316, 0.019209036603569984, 0.017341775819659233, 0.01150241307914257, 0.009330496191978455, 0.008387774229049683, 0.006881928537040949]
Training time: 840 	steps per sec: 12
Eval num_timesteps=10240, episode_reward=nan +/- nan
Eval num_timesteps=10240, episode_success=nan +/- nan
se
11 11264 1024
diff [-1.1839725226163864, 0.011539850383996964, 0.003462124615907669, -0.001004483550786972, 0.003088761121034622, 0.0008674077689647675, -0.004184959456324577, -0.003879256546497345, -0.0010522035881876945, -0.0032856534235179424, -0.00553838862106204]
ref [1.2630525827407837, 0.0375884585082531, 0.03155124559998512, 0.026350276544690132, 0.016120275482535362, 0.016474368050694466, 0.015687372535467148, 0.0132097527384758, 0.009439977817237377, 0.010167581960558891, 0.011304178275167942]
[0.07908006012439728, 0.04912830889225006, 0.03501337021589279, 0.02534579299390316, 0.019209036603569984, 0.017341775819659233, 0.01150241307914257, 0.009330496191978455, 0.008387774229049683, 0.006881928537040949, 0.005765789654105902]
Training time: 984 	steps per sec: 11
Eval num_timesteps=11264, episode_reward=nan +/- nan
Eval num_timesteps=11264, episode_success=nan +/- nan
se
12 12288 1024
diff [-1.1839725226163864, 0.011539850383996964, 0.003462124615907669, -0.001004483550786972, 0.003088761121034622, 0.0008674077689647675, -0.004184959456324577, -0.003879256546497345, -0.0010522035881876945, -0.0032856534235179424, -0.00553838862106204, -0.00140279158949852]
ref [1.2630525827407837, 0.0375884585082531, 0.03155124559998512, 0.026350276544690132, 0.016120275482535362, 0.016474368050694466, 0.015687372535467148, 0.0132097527384758, 0.009439977817237377, 0.010167581960558891, 0.011304178275167942, 0.007026048842817545]
[0.07908006012439728, 0.04912830889225006, 0.03501337021589279, 0.02534579299390316, 0.019209036603569984, 0.017341775819659233, 0.01150241307914257, 0.009330496191978455, 0.008387774229049683, 0.006881928537040949, 0.005765789654105902, 0.005623257253319025]
Training time: 1139 	steps per sec: 10
Eval num_timesteps=12288, episode_reward=nan +/- nan
Eval num_timesteps=12288, episode_success=nan +/- nan
se
13 13312 1024
diff [-1.1839725226163864, 0.011539850383996964, 0.003462124615907669, -0.001004483550786972, 0.003088761121034622, 0.0008674077689647675, -0.004184959456324577, -0.003879256546497345, -0.0010522035881876945, -0.0032856534235179424, -0.00553838862106204, -0.00140279158949852, -0.0034910356625914574]
ref [1.2630525827407837, 0.0375884585082531, 0.03155124559998512, 0.026350276544690132, 0.016120275482535362, 0.016474368050694466, 0.015687372535467148, 0.0132097527384758, 0.009439977817237377, 0.010167581960558891, 0.011304178275167942, 0.007026048842817545, 0.008375328034162521]
[0.07908006012439728, 0.04912830889225006, 0.03501337021589279, 0.02534579299390316, 0.019209036603569984, 0.017341775819659233, 0.01150241307914257, 0.009330496191978455, 0.008387774229049683, 0.006881928537040949, 0.005765789654105902, 0.005623257253319025, 0.004884292371571064]
Training time: 1306 	steps per sec: 10
Eval num_timesteps=13312, episode_reward=nan +/- nan
Eval num_timesteps=13312, episode_success=nan +/- nan
se
14 14336 1024
diff [-1.1839725226163864, 0.011539850383996964, 0.003462124615907669, -0.001004483550786972, 0.003088761121034622, 0.0008674077689647675, -0.004184959456324577, -0.003879256546497345, -0.0010522035881876945, -0.0032856534235179424, -0.00553838862106204, -0.00140279158949852, -0.0034910356625914574, -0.0014612278901040554]
ref [1.2630525827407837, 0.0375884585082531, 0.03155124559998512, 0.026350276544690132, 0.016120275482535362, 0.016474368050694466, 0.015687372535467148, 0.0132097527384758, 0.009439977817237377, 0.010167581960558891, 0.011304178275167942, 0.007026048842817545, 0.008375328034162521, 0.005940014962106943]
[0.07908006012439728, 0.04912830889225006, 0.03501337021589279, 0.02534579299390316, 0.019209036603569984, 0.017341775819659233, 0.01150241307914257, 0.009330496191978455, 0.008387774229049683, 0.006881928537040949, 0.005765789654105902, 0.005623257253319025, 0.004884292371571064, 0.004478787072002888]
Training time: 1481 	steps per sec: 9
Eval num_timesteps=14336, episode_reward=nan +/- nan
Eval num_timesteps=14336, episode_success=nan +/- nan
se
15 15360 1024
diff [-1.1839725226163864, 0.011539850383996964, 0.003462124615907669, -0.001004483550786972, 0.003088761121034622, 0.0008674077689647675, -0.004184959456324577, -0.003879256546497345, -0.0010522035881876945, -0.0032856534235179424, -0.00553838862106204, -0.00140279158949852, -0.0034910356625914574, -0.0014612278901040554, -0.0013761171139776707]
ref [1.2630525827407837, 0.0375884585082531, 0.03155124559998512, 0.026350276544690132, 0.016120275482535362, 0.016474368050694466, 0.015687372535467148, 0.0132097527384758, 0.009439977817237377, 0.010167581960558891, 0.011304178275167942, 0.007026048842817545, 0.008375328034162521, 0.005940014962106943, 0.005618554074317217]
[0.07908006012439728, 0.04912830889225006, 0.03501337021589279, 0.02534579299390316, 0.019209036603569984, 0.017341775819659233, 0.01150241307914257, 0.009330496191978455, 0.008387774229049683, 0.006881928537040949, 0.005765789654105902, 0.005623257253319025, 0.004884292371571064, 0.004478787072002888, 0.004242436960339546]
Training time: 1664 	steps per sec: 9
Eval num_timesteps=15360, episode_reward=nan +/- nan
Eval num_timesteps=15360, episode_success=nan +/- nan
se
16 16384 1024
diff [-1.1839725226163864, 0.011539850383996964, 0.003462124615907669, -0.001004483550786972, 0.003088761121034622, 0.0008674077689647675, -0.004184959456324577, -0.003879256546497345, -0.0010522035881876945, -0.0032856534235179424, -0.00553838862106204, -0.00140279158949852, -0.0034910356625914574, -0.0014612278901040554, -0.0013761171139776707, -0.0006212880834937096]
ref [1.2630525827407837, 0.0375884585082531, 0.03155124559998512, 0.026350276544690132, 0.016120275482535362, 0.016474368050694466, 0.015687372535467148, 0.0132097527384758, 0.009439977817237377, 0.010167581960558891, 0.011304178275167942, 0.007026048842817545, 0.008375328034162521, 0.005940014962106943, 0.005618554074317217, 0.004730632528662682]
[0.07908006012439728, 0.04912830889225006, 0.03501337021589279, 0.02534579299390316, 0.019209036603569984, 0.017341775819659233, 0.01150241307914257, 0.009330496191978455, 0.008387774229049683, 0.006881928537040949, 0.005765789654105902, 0.005623257253319025, 0.004884292371571064, 0.004478787072002888, 0.004242436960339546, 0.004109344445168972]
Training time: 1864 	steps per sec: 8
Eval num_timesteps=16384, episode_reward=nan +/- nan
Eval num_timesteps=16384, episode_success=nan +/- nan
se
16 16384 1024
diff [-1.1839725226163864, 0.011539850383996964, 0.003462124615907669, -0.001004483550786972, 0.003088761121034622, 0.0008674077689647675, -0.004184959456324577, -0.003879256546497345, -0.0010522035881876945, -0.0032856534235179424, -0.00553838862106204, -0.00140279158949852, -0.0034910356625914574, -0.0014612278901040554, -0.0013761171139776707, -0.0006212880834937096, -0.0032628588378429413]
ref [1.2630525827407837, 0.0375884585082531, 0.03155124559998512, 0.026350276544690132, 0.016120275482535362, 0.016474368050694466, 0.015687372535467148, 0.0132097527384758, 0.009439977817237377, 0.010167581960558891, 0.011304178275167942, 0.007026048842817545, 0.008375328034162521, 0.005940014962106943, 0.005618554074317217, 0.004730632528662682, 0.007121235132217407]
[0.07908006012439728, 0.04912830889225006, 0.03501337021589279, 0.02534579299390316, 0.019209036603569984, 0.017341775819659233, 0.01150241307914257, 0.009330496191978455, 0.008387774229049683, 0.006881928537040949, 0.005765789654105902, 0.005623257253319025, 0.004884292371571064, 0.004478787072002888, 0.004242436960339546, 0.004109344445168972, 0.003858376294374466]
Training time: 2064 	steps per sec: 8
Eval num_timesteps=17408, episode_reward=nan +/- nan
Eval num_timesteps=17408, episode_success=nan +/- nan
se
16 16384 1024
diff [-1.1839725226163864, 0.011539850383996964, 0.003462124615907669, -0.001004483550786972, 0.003088761121034622, 0.0008674077689647675, -0.004184959456324577, -0.003879256546497345, -0.0010522035881876945, -0.0032856534235179424, -0.00553838862106204, -0.00140279158949852, -0.0034910356625914574, -0.0014612278901040554, -0.0013761171139776707, -0.0006212880834937096, -0.0032628588378429413, -0.001982970628887415]
ref [1.2630525827407837, 0.0375884585082531, 0.03155124559998512, 0.026350276544690132, 0.016120275482535362, 0.016474368050694466, 0.015687372535467148, 0.0132097527384758, 0.009439977817237377, 0.010167581960558891, 0.011304178275167942, 0.007026048842817545, 0.008375328034162521, 0.005940014962106943, 0.005618554074317217, 0.004730632528662682, 0.007121235132217407, 0.0062317997217178345]
[0.07908006012439728, 0.04912830889225006, 0.03501337021589279, 0.02534579299390316, 0.019209036603569984, 0.017341775819659233, 0.01150241307914257, 0.009330496191978455, 0.008387774229049683, 0.006881928537040949, 0.005765789654105902, 0.005623257253319025, 0.004884292371571064, 0.004478787072002888, 0.004242436960339546, 0.004109344445168972, 0.003858376294374466, 0.0042488290928304195]
Training time: 2253 	steps per sec: 8
Eval num_timesteps=18432, episode_reward=nan +/- nan
Eval num_timesteps=18432, episode_success=nan +/- nan
se
16 16384 1024
diff [-1.1839725226163864, 0.011539850383996964, 0.003462124615907669, -0.001004483550786972, 0.003088761121034622, 0.0008674077689647675, -0.004184959456324577, -0.003879256546497345, -0.0010522035881876945, -0.0032856534235179424, -0.00553838862106204, -0.00140279158949852, -0.0034910356625914574, -0.0014612278901040554, -0.0013761171139776707, -0.0006212880834937096, -0.0032628588378429413, -0.001982970628887415, -0.0007699825800955296]
ref [1.2630525827407837, 0.0375884585082531, 0.03155124559998512, 0.026350276544690132, 0.016120275482535362, 0.016474368050694466, 0.015687372535467148, 0.0132097527384758, 0.009439977817237377, 0.010167581960558891, 0.011304178275167942, 0.007026048842817545, 0.008375328034162521, 0.005940014962106943, 0.005618554074317217, 0.004730632528662682, 0.007121235132217407, 0.0062317997217178345, 0.004893762990832329]
[0.07908006012439728, 0.04912830889225006, 0.03501337021589279, 0.02534579299390316, 0.019209036603569984, 0.017341775819659233, 0.01150241307914257, 0.009330496191978455, 0.008387774229049683, 0.006881928537040949, 0.005765789654105902, 0.005623257253319025, 0.004884292371571064, 0.004478787072002888, 0.004242436960339546, 0.004109344445168972, 0.003858376294374466, 0.0042488290928304195, 0.004123780410736799]
Training time: 2375 	steps per sec: 8
Eval num_timesteps=19456, episode_reward=nan +/- nan
Eval num_timesteps=19456, episode_success=nan +/- nan
se
16 16384 1024
diff [-1.1839725226163864, 0.011539850383996964, 0.003462124615907669, -0.001004483550786972, 0.003088761121034622, 0.0008674077689647675, -0.004184959456324577, -0.003879256546497345, -0.0010522035881876945, -0.0032856534235179424, -0.00553838862106204, -0.00140279158949852, -0.0034910356625914574, -0.0014612278901040554, -0.0013761171139776707, -0.0006212880834937096, -0.0032628588378429413, -0.001982970628887415, -0.0007699825800955296, -0.0014666607603430748]
ref [1.2630525827407837, 0.0375884585082531, 0.03155124559998512, 0.026350276544690132, 0.016120275482535362, 0.016474368050694466, 0.015687372535467148, 0.0132097527384758, 0.009439977817237377, 0.010167581960558891, 0.011304178275167942, 0.007026048842817545, 0.008375328034162521, 0.005940014962106943, 0.005618554074317217, 0.004730632528662682, 0.007121235132217407, 0.0062317997217178345, 0.004893762990832329, 0.0057652294635772705]
[0.07908006012439728, 0.04912830889225006, 0.03501337021589279, 0.02534579299390316, 0.019209036603569984, 0.017341775819659233, 0.01150241307914257, 0.009330496191978455, 0.008387774229049683, 0.006881928537040949, 0.005765789654105902, 0.005623257253319025, 0.004884292371571064, 0.004478787072002888, 0.004242436960339546, 0.004109344445168972, 0.003858376294374466, 0.0042488290928304195, 0.004123780410736799, 0.004298568703234196]
Training time: 2501 	steps per sec: 8
Eval num_timesteps=20480, episode_reward=nan +/- nan
Eval num_timesteps=20480, episode_success=nan +/- nan
se
16 16384 1024
diff [-1.1839725226163864, 0.011539850383996964, 0.003462124615907669, -0.001004483550786972, 0.003088761121034622, 0.0008674077689647675, -0.004184959456324577, -0.003879256546497345, -0.0010522035881876945, -0.0032856534235179424, -0.00553838862106204, -0.00140279158949852, -0.0034910356625914574, -0.0014612278901040554, -0.0013761171139776707, -0.0006212880834937096, -0.0032628588378429413, -0.001982970628887415, -0.0007699825800955296, -0.0014666607603430748, -0.0005405810661613941]
ref [1.2630525827407837, 0.0375884585082531, 0.03155124559998512, 0.026350276544690132, 0.016120275482535362, 0.016474368050694466, 0.015687372535467148, 0.0132097527384758, 0.009439977817237377, 0.010167581960558891, 0.011304178275167942, 0.007026048842817545, 0.008375328034162521, 0.005940014962106943, 0.005618554074317217, 0.004730632528662682, 0.007121235132217407, 0.0062317997217178345, 0.004893762990832329, 0.0057652294635772705, 0.005062660202383995]
[0.07908006012439728, 0.04912830889225006, 0.03501337021589279, 0.02534579299390316, 0.019209036603569984, 0.017341775819659233, 0.01150241307914257, 0.009330496191978455, 0.008387774229049683, 0.006881928537040949, 0.005765789654105902, 0.005623257253319025, 0.004884292371571064, 0.004478787072002888, 0.004242436960339546, 0.004109344445168972, 0.003858376294374466, 0.0042488290928304195, 0.004123780410736799, 0.004298568703234196, 0.004522079136222601]
Training time: 2627 	steps per sec: 8
Eval num_timesteps=21504, episode_reward=nan +/- nan
Eval num_timesteps=21504, episode_success=nan +/- nan
se
16 16384 1024
diff [-1.1839725226163864, 0.011539850383996964, 0.003462124615907669, -0.001004483550786972, 0.003088761121034622, 0.0008674077689647675, -0.004184959456324577, -0.003879256546497345, -0.0010522035881876945, -0.0032856534235179424, -0.00553838862106204, -0.00140279158949852, -0.0034910356625914574, -0.0014612278901040554, -0.0013761171139776707, -0.0006212880834937096, -0.0032628588378429413, -0.001982970628887415, -0.0007699825800955296, -0.0014666607603430748, -0.0005405810661613941, -6.592832505702972e-05]
ref [1.2630525827407837, 0.0375884585082531, 0.03155124559998512, 0.026350276544690132, 0.016120275482535362, 0.016474368050694466, 0.015687372535467148, 0.0132097527384758, 0.009439977817237377, 0.010167581960558891, 0.011304178275167942, 0.007026048842817545, 0.008375328034162521, 0.005940014962106943, 0.005618554074317217, 0.004730632528662682, 0.007121235132217407, 0.0062317997217178345, 0.004893762990832329, 0.0057652294635772705, 0.005062660202383995, 0.005075305700302124]
[0.07908006012439728, 0.04912830889225006, 0.03501337021589279, 0.02534579299390316, 0.019209036603569984, 0.017341775819659233, 0.01150241307914257, 0.009330496191978455, 0.008387774229049683, 0.006881928537040949, 0.005765789654105902, 0.005623257253319025, 0.004884292371571064, 0.004478787072002888, 0.004242436960339546, 0.004109344445168972, 0.003858376294374466, 0.0042488290928304195, 0.004123780410736799, 0.004298568703234196, 0.004522079136222601, 0.005009377375245094]
Training time: 2748 	steps per sec: 8
Eval num_timesteps=22528, episode_reward=nan +/- nan
Eval num_timesteps=22528, episode_success=nan +/- nan
se
16 16384 1024
diff [-1.1839725226163864, 0.011539850383996964, 0.003462124615907669, -0.001004483550786972, 0.003088761121034622, 0.0008674077689647675, -0.004184959456324577, -0.003879256546497345, -0.0010522035881876945, -0.0032856534235179424, -0.00553838862106204, -0.00140279158949852, -0.0034910356625914574, -0.0014612278901040554, -0.0013761171139776707, -0.0006212880834937096, -0.0032628588378429413, -0.001982970628887415, -0.0007699825800955296, -0.0014666607603430748, -0.0005405810661613941, -6.592832505702972e-05, -0.0012272368185222149]
ref [1.2630525827407837, 0.0375884585082531, 0.03155124559998512, 0.026350276544690132, 0.016120275482535362, 0.016474368050694466, 0.015687372535467148, 0.0132097527384758, 0.009439977817237377, 0.010167581960558891, 0.011304178275167942, 0.007026048842817545, 0.008375328034162521, 0.005940014962106943, 0.005618554074317217, 0.004730632528662682, 0.007121235132217407, 0.0062317997217178345, 0.004893762990832329, 0.0057652294635772705, 0.005062660202383995, 0.005075305700302124, 0.006382035557180643]
[0.07908006012439728, 0.04912830889225006, 0.03501337021589279, 0.02534579299390316, 0.019209036603569984, 0.017341775819659233, 0.01150241307914257, 0.009330496191978455, 0.008387774229049683, 0.006881928537040949, 0.005765789654105902, 0.005623257253319025, 0.004884292371571064, 0.004478787072002888, 0.004242436960339546, 0.004109344445168972, 0.003858376294374466, 0.0042488290928304195, 0.004123780410736799, 0.004298568703234196, 0.004522079136222601, 0.005009377375245094, 0.005154798738658428]
Training time: 2871 	steps per sec: 8
Eval num_timesteps=23552, episode_reward=nan +/- nan
Eval num_timesteps=23552, episode_success=nan +/- nan
se
16 16384 1024
diff [-1.1839725226163864, 0.011539850383996964, 0.003462124615907669, -0.001004483550786972, 0.003088761121034622, 0.0008674077689647675, -0.004184959456324577, -0.003879256546497345, -0.0010522035881876945, -0.0032856534235179424, -0.00553838862106204, -0.00140279158949852, -0.0034910356625914574, -0.0014612278901040554, -0.0013761171139776707, -0.0006212880834937096, -0.0032628588378429413, -0.001982970628887415, -0.0007699825800955296, -0.0014666607603430748, -0.0005405810661613941, -6.592832505702972e-05, -0.0012272368185222149, -0.003958134911954403]
ref [1.2630525827407837, 0.0375884585082531, 0.03155124559998512, 0.026350276544690132, 0.016120275482535362, 0.016474368050694466, 0.015687372535467148, 0.0132097527384758, 0.009439977817237377, 0.010167581960558891, 0.011304178275167942, 0.007026048842817545, 0.008375328034162521, 0.005940014962106943, 0.005618554074317217, 0.004730632528662682, 0.007121235132217407, 0.0062317997217178345, 0.004893762990832329, 0.0057652294635772705, 0.005062660202383995, 0.005075305700302124, 0.006382035557180643, 0.008087399415671825]
[0.07908006012439728, 0.04912830889225006, 0.03501337021589279, 0.02534579299390316, 0.019209036603569984, 0.017341775819659233, 0.01150241307914257, 0.009330496191978455, 0.008387774229049683, 0.006881928537040949, 0.005765789654105902, 0.005623257253319025, 0.004884292371571064, 0.004478787072002888, 0.004242436960339546, 0.004109344445168972, 0.003858376294374466, 0.0042488290928304195, 0.004123780410736799, 0.004298568703234196, 0.004522079136222601, 0.005009377375245094, 0.005154798738658428, 0.0041292645037174225]
Training time: 2994 	steps per sec: 8
Eval num_timesteps=24576, episode_reward=nan +/- nan
Eval num_timesteps=24576, episode_success=nan +/- nan
se
16 16384 1024
diff [-1.1839725226163864, 0.011539850383996964, 0.003462124615907669, -0.001004483550786972, 0.003088761121034622, 0.0008674077689647675, -0.004184959456324577, -0.003879256546497345, -0.0010522035881876945, -0.0032856534235179424, -0.00553838862106204, -0.00140279158949852, -0.0034910356625914574, -0.0014612278901040554, -0.0013761171139776707, -0.0006212880834937096, -0.0032628588378429413, -0.001982970628887415, -0.0007699825800955296, -0.0014666607603430748, -0.0005405810661613941, -6.592832505702972e-05, -0.0012272368185222149, -0.003958134911954403, -0.0012976736761629581]
ref [1.2630525827407837, 0.0375884585082531, 0.03155124559998512, 0.026350276544690132, 0.016120275482535362, 0.016474368050694466, 0.015687372535467148, 0.0132097527384758, 0.009439977817237377, 0.010167581960558891, 0.011304178275167942, 0.007026048842817545, 0.008375328034162521, 0.005940014962106943, 0.005618554074317217, 0.004730632528662682, 0.007121235132217407, 0.0062317997217178345, 0.004893762990832329, 0.0057652294635772705, 0.005062660202383995, 0.005075305700302124, 0.006382035557180643, 0.008087399415671825, 0.004809072706848383]
[0.07908006012439728, 0.04912830889225006, 0.03501337021589279, 0.02534579299390316, 0.019209036603569984, 0.017341775819659233, 0.01150241307914257, 0.009330496191978455, 0.008387774229049683, 0.006881928537040949, 0.005765789654105902, 0.005623257253319025, 0.004884292371571064, 0.004478787072002888, 0.004242436960339546, 0.004109344445168972, 0.003858376294374466, 0.0042488290928304195, 0.004123780410736799, 0.004298568703234196, 0.004522079136222601, 0.005009377375245094, 0.005154798738658428, 0.0041292645037174225, 0.003511399030685425]
Training time: 3117 	steps per sec: 8
Eval num_timesteps=25600, episode_reward=nan +/- nan
Eval num_timesteps=25600, episode_success=nan +/- nan
se
16 16384 1024
diff [-1.1839725226163864, 0.011539850383996964, 0.003462124615907669, -0.001004483550786972, 0.003088761121034622, 0.0008674077689647675, -0.004184959456324577, -0.003879256546497345, -0.0010522035881876945, -0.0032856534235179424, -0.00553838862106204, -0.00140279158949852, -0.0034910356625914574, -0.0014612278901040554, -0.0013761171139776707, -0.0006212880834937096, -0.0032628588378429413, -0.001982970628887415, -0.0007699825800955296, -0.0014666607603430748, -0.0005405810661613941, -6.592832505702972e-05, -0.0012272368185222149, -0.003958134911954403, -0.0012976736761629581, -0.002557336585596204]
ref [1.2630525827407837, 0.0375884585082531, 0.03155124559998512, 0.026350276544690132, 0.016120275482535362, 0.016474368050694466, 0.015687372535467148, 0.0132097527384758, 0.009439977817237377, 0.010167581960558891, 0.011304178275167942, 0.007026048842817545, 0.008375328034162521, 0.005940014962106943, 0.005618554074317217, 0.004730632528662682, 0.007121235132217407, 0.0062317997217178345, 0.004893762990832329, 0.0057652294635772705, 0.005062660202383995, 0.005075305700302124, 0.006382035557180643, 0.008087399415671825, 0.004809072706848383, 0.0059565273113548756]
[0.07908006012439728, 0.04912830889225006, 0.03501337021589279, 0.02534579299390316, 0.019209036603569984, 0.017341775819659233, 0.01150241307914257, 0.009330496191978455, 0.008387774229049683, 0.006881928537040949, 0.005765789654105902, 0.005623257253319025, 0.004884292371571064, 0.004478787072002888, 0.004242436960339546, 0.004109344445168972, 0.003858376294374466, 0.0042488290928304195, 0.004123780410736799, 0.004298568703234196, 0.004522079136222601, 0.005009377375245094, 0.005154798738658428, 0.0041292645037174225, 0.003511399030685425, 0.0033991907257586718]
Training time: 3254 	steps per sec: 8
Eval num_timesteps=26624, episode_reward=nan +/- nan
Eval num_timesteps=26624, episode_success=nan +/- nan
se
16 16384 1024
diff [-1.1839725226163864, 0.011539850383996964, 0.003462124615907669, -0.001004483550786972, 0.003088761121034622, 0.0008674077689647675, -0.004184959456324577, -0.003879256546497345, -0.0010522035881876945, -0.0032856534235179424, -0.00553838862106204, -0.00140279158949852, -0.0034910356625914574, -0.0014612278901040554, -0.0013761171139776707, -0.0006212880834937096, -0.0032628588378429413, -0.001982970628887415, -0.0007699825800955296, -0.0014666607603430748, -0.0005405810661613941, -6.592832505702972e-05, -0.0012272368185222149, -0.003958134911954403, -0.0012976736761629581, -0.002557336585596204, -0.001736475620418787]
ref [1.2630525827407837, 0.0375884585082531, 0.03155124559998512, 0.026350276544690132, 0.016120275482535362, 0.016474368050694466, 0.015687372535467148, 0.0132097527384758, 0.009439977817237377, 0.010167581960558891, 0.011304178275167942, 0.007026048842817545, 0.008375328034162521, 0.005940014962106943, 0.005618554074317217, 0.004730632528662682, 0.007121235132217407, 0.0062317997217178345, 0.004893762990832329, 0.0057652294635772705, 0.005062660202383995, 0.005075305700302124, 0.006382035557180643, 0.008087399415671825, 0.004809072706848383, 0.0059565273113548756, 0.005417896434664726]
[0.07908006012439728, 0.04912830889225006, 0.03501337021589279, 0.02534579299390316, 0.019209036603569984, 0.017341775819659233, 0.01150241307914257, 0.009330496191978455, 0.008387774229049683, 0.006881928537040949, 0.005765789654105902, 0.005623257253319025, 0.004884292371571064, 0.004478787072002888, 0.004242436960339546, 0.004109344445168972, 0.003858376294374466, 0.0042488290928304195, 0.004123780410736799, 0.004298568703234196, 0.004522079136222601, 0.005009377375245094, 0.005154798738658428, 0.0041292645037174225, 0.003511399030685425, 0.0033991907257586718, 0.0036814208142459393]
Training time: 3385 	steps per sec: 8
Eval num_timesteps=27648, episode_reward=nan +/- nan
Eval num_timesteps=27648, episode_success=nan +/- nan
se
16 16384 1024
diff [-1.1839725226163864, 0.011539850383996964, 0.003462124615907669, -0.001004483550786972, 0.003088761121034622, 0.0008674077689647675, -0.004184959456324577, -0.003879256546497345, -0.0010522035881876945, -0.0032856534235179424, -0.00553838862106204, -0.00140279158949852, -0.0034910356625914574, -0.0014612278901040554, -0.0013761171139776707, -0.0006212880834937096, -0.0032628588378429413, -0.001982970628887415, -0.0007699825800955296, -0.0014666607603430748, -0.0005405810661613941, -6.592832505702972e-05, -0.0012272368185222149, -0.003958134911954403, -0.0012976736761629581, -0.002557336585596204, -0.001736475620418787, -0.0036828434094786644]
ref [1.2630525827407837, 0.0375884585082531, 0.03155124559998512, 0.026350276544690132, 0.016120275482535362, 0.016474368050694466, 0.015687372535467148, 0.0132097527384758, 0.009439977817237377, 0.010167581960558891, 0.011304178275167942, 0.007026048842817545, 0.008375328034162521, 0.005940014962106943, 0.005618554074317217, 0.004730632528662682, 0.007121235132217407, 0.0062317997217178345, 0.004893762990832329, 0.0057652294635772705, 0.005062660202383995, 0.005075305700302124, 0.006382035557180643, 0.008087399415671825, 0.004809072706848383, 0.0059565273113548756, 0.005417896434664726, 0.0070088086649775505]
[0.07908006012439728, 0.04912830889225006, 0.03501337021589279, 0.02534579299390316, 0.019209036603569984, 0.017341775819659233, 0.01150241307914257, 0.009330496191978455, 0.008387774229049683, 0.006881928537040949, 0.005765789654105902, 0.005623257253319025, 0.004884292371571064, 0.004478787072002888, 0.004242436960339546, 0.004109344445168972, 0.003858376294374466, 0.0042488290928304195, 0.004123780410736799, 0.004298568703234196, 0.004522079136222601, 0.005009377375245094, 0.005154798738658428, 0.0041292645037174225, 0.003511399030685425, 0.0033991907257586718, 0.0036814208142459393, 0.003325965255498886]
Training time: 3523 	steps per sec: 8
Eval num_timesteps=28672, episode_reward=nan +/- nan
Eval num_timesteps=28672, episode_success=nan +/- nan
se
16 16384 1024
diff [-1.1839725226163864, 0.011539850383996964, 0.003462124615907669, -0.001004483550786972, 0.003088761121034622, 0.0008674077689647675, -0.004184959456324577, -0.003879256546497345, -0.0010522035881876945, -0.0032856534235179424, -0.00553838862106204, -0.00140279158949852, -0.0034910356625914574, -0.0014612278901040554, -0.0013761171139776707, -0.0006212880834937096, -0.0032628588378429413, -0.001982970628887415, -0.0007699825800955296, -0.0014666607603430748, -0.0005405810661613941, -6.592832505702972e-05, -0.0012272368185222149, -0.003958134911954403, -0.0012976736761629581, -0.002557336585596204, -0.001736475620418787, -0.0036828434094786644, -0.0018290719017386436]
ref [1.2630525827407837, 0.0375884585082531, 0.03155124559998512, 0.026350276544690132, 0.016120275482535362, 0.016474368050694466, 0.015687372535467148, 0.0132097527384758, 0.009439977817237377, 0.010167581960558891, 0.011304178275167942, 0.007026048842817545, 0.008375328034162521, 0.005940014962106943, 0.005618554074317217, 0.004730632528662682, 0.007121235132217407, 0.0062317997217178345, 0.004893762990832329, 0.0057652294635772705, 0.005062660202383995, 0.005075305700302124, 0.006382035557180643, 0.008087399415671825, 0.004809072706848383, 0.0059565273113548756, 0.005417896434664726, 0.0070088086649775505, 0.005588824860751629]
[0.07908006012439728, 0.04912830889225006, 0.03501337021589279, 0.02534579299390316, 0.019209036603569984, 0.017341775819659233, 0.01150241307914257, 0.009330496191978455, 0.008387774229049683, 0.006881928537040949, 0.005765789654105902, 0.005623257253319025, 0.004884292371571064, 0.004478787072002888, 0.004242436960339546, 0.004109344445168972, 0.003858376294374466, 0.0042488290928304195, 0.004123780410736799, 0.004298568703234196, 0.004522079136222601, 0.005009377375245094, 0.005154798738658428, 0.0041292645037174225, 0.003511399030685425, 0.0033991907257586718, 0.0036814208142459393, 0.003325965255498886, 0.0037597529590129852]
Training time: 3666 	steps per sec: 8
Eval num_timesteps=29696, episode_reward=nan +/- nan
Eval num_timesteps=29696, episode_success=nan +/- nan
se
16 16384 1024
diff [-1.1839725226163864, 0.011539850383996964, 0.003462124615907669, -0.001004483550786972, 0.003088761121034622, 0.0008674077689647675, -0.004184959456324577, -0.003879256546497345, -0.0010522035881876945, -0.0032856534235179424, -0.00553838862106204, -0.00140279158949852, -0.0034910356625914574, -0.0014612278901040554, -0.0013761171139776707, -0.0006212880834937096, -0.0032628588378429413, -0.001982970628887415, -0.0007699825800955296, -0.0014666607603430748, -0.0005405810661613941, -6.592832505702972e-05, -0.0012272368185222149, -0.003958134911954403, -0.0012976736761629581, -0.002557336585596204, -0.001736475620418787, -0.0036828434094786644, -0.0018290719017386436, -0.0017100838012993336]
ref [1.2630525827407837, 0.0375884585082531, 0.03155124559998512, 0.026350276544690132, 0.016120275482535362, 0.016474368050694466, 0.015687372535467148, 0.0132097527384758, 0.009439977817237377, 0.010167581960558891, 0.011304178275167942, 0.007026048842817545, 0.008375328034162521, 0.005940014962106943, 0.005618554074317217, 0.004730632528662682, 0.007121235132217407, 0.0062317997217178345, 0.004893762990832329, 0.0057652294635772705, 0.005062660202383995, 0.005075305700302124, 0.006382035557180643, 0.008087399415671825, 0.004809072706848383, 0.0059565273113548756, 0.005417896434664726, 0.0070088086649775505, 0.005588824860751629, 0.0061793881468474865]
[0.07908006012439728, 0.04912830889225006, 0.03501337021589279, 0.02534579299390316, 0.019209036603569984, 0.017341775819659233, 0.01150241307914257, 0.009330496191978455, 0.008387774229049683, 0.006881928537040949, 0.005765789654105902, 0.005623257253319025, 0.004884292371571064, 0.004478787072002888, 0.004242436960339546, 0.004109344445168972, 0.003858376294374466, 0.0042488290928304195, 0.004123780410736799, 0.004298568703234196, 0.004522079136222601, 0.005009377375245094, 0.005154798738658428, 0.0041292645037174225, 0.003511399030685425, 0.0033991907257586718, 0.0036814208142459393, 0.003325965255498886, 0.0037597529590129852, 0.004469304345548153]
Training time: 3808 	steps per sec: 8
Eval num_timesteps=30720, episode_reward=nan +/- nan
Eval num_timesteps=30720, episode_success=nan +/- nan
se
16 16384 1024
diff [-1.1839725226163864, 0.011539850383996964, 0.003462124615907669, -0.001004483550786972, 0.003088761121034622, 0.0008674077689647675, -0.004184959456324577, -0.003879256546497345, -0.0010522035881876945, -0.0032856534235179424, -0.00553838862106204, -0.00140279158949852, -0.0034910356625914574, -0.0014612278901040554, -0.0013761171139776707, -0.0006212880834937096, -0.0032628588378429413, -0.001982970628887415, -0.0007699825800955296, -0.0014666607603430748, -0.0005405810661613941, -6.592832505702972e-05, -0.0012272368185222149, -0.003958134911954403, -0.0012976736761629581, -0.002557336585596204, -0.001736475620418787, -0.0036828434094786644, -0.0018290719017386436, -0.0017100838012993336, -0.0025591254234313965]
ref [1.2630525827407837, 0.0375884585082531, 0.03155124559998512, 0.026350276544690132, 0.016120275482535362, 0.016474368050694466, 0.015687372535467148, 0.0132097527384758, 0.009439977817237377, 0.010167581960558891, 0.011304178275167942, 0.007026048842817545, 0.008375328034162521, 0.005940014962106943, 0.005618554074317217, 0.004730632528662682, 0.007121235132217407, 0.0062317997217178345, 0.004893762990832329, 0.0057652294635772705, 0.005062660202383995, 0.005075305700302124, 0.006382035557180643, 0.008087399415671825, 0.004809072706848383, 0.0059565273113548756, 0.005417896434664726, 0.0070088086649775505, 0.005588824860751629, 0.0061793881468474865, 0.006399152334779501]
[0.07908006012439728, 0.04912830889225006, 0.03501337021589279, 0.02534579299390316, 0.019209036603569984, 0.017341775819659233, 0.01150241307914257, 0.009330496191978455, 0.008387774229049683, 0.006881928537040949, 0.005765789654105902, 0.005623257253319025, 0.004884292371571064, 0.004478787072002888, 0.004242436960339546, 0.004109344445168972, 0.003858376294374466, 0.0042488290928304195, 0.004123780410736799, 0.004298568703234196, 0.004522079136222601, 0.005009377375245094, 0.005154798738658428, 0.0041292645037174225, 0.003511399030685425, 0.0033991907257586718, 0.0036814208142459393, 0.003325965255498886, 0.0037597529590129852, 0.004469304345548153, 0.0038400269113481045]
Training time: 3948 	steps per sec: 8
Eval num_timesteps=31744, episode_reward=nan +/- nan
Eval num_timesteps=31744, episode_success=nan +/- nan
se
16 16384 1024
diff [-1.1839725226163864, 0.011539850383996964, 0.003462124615907669, -0.001004483550786972, 0.003088761121034622, 0.0008674077689647675, -0.004184959456324577, -0.003879256546497345, -0.0010522035881876945, -0.0032856534235179424, -0.00553838862106204, -0.00140279158949852, -0.0034910356625914574, -0.0014612278901040554, -0.0013761171139776707, -0.0006212880834937096, -0.0032628588378429413, -0.001982970628887415, -0.0007699825800955296, -0.0014666607603430748, -0.0005405810661613941, -6.592832505702972e-05, -0.0012272368185222149, -0.003958134911954403, -0.0012976736761629581, -0.002557336585596204, -0.001736475620418787, -0.0036828434094786644, -0.0018290719017386436, -0.0017100838012993336, -0.0025591254234313965, -0.0019942084327340126]
ref [1.2630525827407837, 0.0375884585082531, 0.03155124559998512, 0.026350276544690132, 0.016120275482535362, 0.016474368050694466, 0.015687372535467148, 0.0132097527384758, 0.009439977817237377, 0.010167581960558891, 0.011304178275167942, 0.007026048842817545, 0.008375328034162521, 0.005940014962106943, 0.005618554074317217, 0.004730632528662682, 0.007121235132217407, 0.0062317997217178345, 0.004893762990832329, 0.0057652294635772705, 0.005062660202383995, 0.005075305700302124, 0.006382035557180643, 0.008087399415671825, 0.004809072706848383, 0.0059565273113548756, 0.005417896434664726, 0.0070088086649775505, 0.005588824860751629, 0.0061793881468474865, 0.006399152334779501, 0.0061480263248085976]
[0.07908006012439728, 0.04912830889225006, 0.03501337021589279, 0.02534579299390316, 0.019209036603569984, 0.017341775819659233, 0.01150241307914257, 0.009330496191978455, 0.008387774229049683, 0.006881928537040949, 0.005765789654105902, 0.005623257253319025, 0.004884292371571064, 0.004478787072002888, 0.004242436960339546, 0.004109344445168972, 0.003858376294374466, 0.0042488290928304195, 0.004123780410736799, 0.004298568703234196, 0.004522079136222601, 0.005009377375245094, 0.005154798738658428, 0.0041292645037174225, 0.003511399030685425, 0.0033991907257586718, 0.0036814208142459393, 0.003325965255498886, 0.0037597529590129852, 0.004469304345548153, 0.0038400269113481045, 0.004153817892074585]
Training time: 4083 	steps per sec: 8
Eval num_timesteps=32768, episode_reward=nan +/- nan
Eval num_timesteps=32768, episode_success=nan +/- nan
results/Swimmer-v4/
results/Swimmer-v4/ppo_ros/
results/Swimmer-v4/ppo_ros/expert/
results/Swimmer-v4/ppo_ros/expert/b_16/
results/Swimmer-v4/ppo_ros/expert/b_16/no_clip_lambda/
results/Swimmer-v4/ppo_ros/expert/b_16/no_clip_lambda/run_0/
results/Swimmer-v4/ppo_ros/expert/b_16/no_clip_lambda/run_0/evaluations.npz
results/Swimmer-v4/ppo_ros/expert/b_16/no_clip_lambda/run_0/config.yml
results/Swimmer-v4/ppo_ros/expert/b_16/no_clip_lambda/run_0/stats.npz
