ppo_ros_continuous.py --env-id Swimmer-v4 -s expert/b_16/no_clip --total-timesteps 32768 --eval-freq 1 --eval-episodes 0 -b 16 --num-steps 1024 -lr 0 --update-epochs 0 --anneal-lr 0 --ros-num-steps 256 --ros-update-epochs 16 --ros-target-kl 0.05 --ros-clip-coef 999999999 --ros-lambda 0.1 -ros-lr 0.0001 --ros-anneal-lr 0 --se 1 --se-freq 1 --se-lr 1e-3 --se-epochs 1000 --policy-path policies/Swimmer-v4/best_model.zip --normalization-dir policies/Swimmer-v4
Obtaining file:///var/lib/condor/execute/slot1/dir_1291776/PPOROS/PPOROS/custom-envs
  Preparing metadata (setup.py): started
  Preparing metadata (setup.py): finished with status 'done'
Requirement already satisfied: gym in /var/lib/condor/execute/slot1/dir_1291776/PPOROS/ppo-ros_env/lib/python3.9/site-packages (from custom-envs==0.0.1) (0.21.0)
Requirement already satisfied: cloudpickle>=1.2.0 in /var/lib/condor/execute/slot1/dir_1291776/PPOROS/ppo-ros_env/lib/python3.9/site-packages (from gym->custom-envs==0.0.1) (2.2.1)
Requirement already satisfied: numpy>=1.18.0 in /var/lib/condor/execute/slot1/dir_1291776/PPOROS/ppo-ros_env/lib/python3.9/site-packages (from gym->custom-envs==0.0.1) (1.24.2)
Installing collected packages: custom-envs
  Running setup.py develop for custom-envs
Successfully installed custom-envs-0.0.1
seed: 2
Eval num_timesteps=0, episode_reward=nan +/- nan
Eval num_timesteps=0, episode_success=nan +/- nan
se
1 1024 1024
diff [0.09467051923274994]
ref [0.09028293192386627]
[0.1849534511566162]
Training time: 11 	steps per sec: 89
Eval num_timesteps=1024, episode_reward=nan +/- nan
Eval num_timesteps=1024, episode_success=nan +/- nan
se
2 2048 1024
diff [0.09467051923274994, 0.05401747673749924]
ref [0.09028293192386627, 0.06356459856033325]
[0.1849534511566162, 0.11758207529783249]
Training time: 29 	steps per sec: 69
Eval num_timesteps=2048, episode_reward=nan +/- nan
Eval num_timesteps=2048, episode_success=nan +/- nan
se
3 3072 1024
diff [0.09467051923274994, 0.05401747673749924, 0.024101367220282555]
ref [0.09028293192386627, 0.06356459856033325, 0.022153476253151894]
[0.1849534511566162, 0.11758207529783249, 0.04625484347343445]
Training time: 54 	steps per sec: 56
Eval num_timesteps=3072, episode_reward=nan +/- nan
Eval num_timesteps=3072, episode_success=nan +/- nan
se
4 4096 1024
diff [0.09467051923274994, 0.05401747673749924, 0.024101367220282555, 0.009723477065563202]
ref [0.09028293192386627, 0.06356459856033325, 0.022153476253151894, 0.017230339348316193]
[0.1849534511566162, 0.11758207529783249, 0.04625484347343445, 0.026953816413879395]
Training time: 84 	steps per sec: 48
Eval num_timesteps=4096, episode_reward=nan +/- nan
Eval num_timesteps=4096, episode_success=nan +/- nan
se
5 5120 1024
diff [0.09467051923274994, 0.05401747673749924, 0.024101367220282555, 0.009723477065563202, 0.010187488049268723]
ref [0.09028293192386627, 0.06356459856033325, 0.022153476253151894, 0.017230339348316193, 0.01910030096769333]
[0.1849534511566162, 0.11758207529783249, 0.04625484347343445, 0.026953816413879395, 0.02928778901696205]
Training time: 120 	steps per sec: 42
Eval num_timesteps=5120, episode_reward=nan +/- nan
Eval num_timesteps=5120, episode_success=nan +/- nan
se
6 6144 1024
diff [0.09467051923274994, 0.05401747673749924, 0.024101367220282555, 0.009723477065563202, 0.010187488049268723, 0.0060212574899196625]
ref [0.09028293192386627, 0.06356459856033325, 0.022153476253151894, 0.017230339348316193, 0.01910030096769333, 0.014816995710134506]
[0.1849534511566162, 0.11758207529783249, 0.04625484347343445, 0.026953816413879395, 0.02928778901696205, 0.02083825320005417]
Training time: 151 	steps per sec: 40
Eval num_timesteps=6144, episode_reward=nan +/- nan
Eval num_timesteps=6144, episode_success=nan +/- nan
se
7 7168 1024
diff [0.09467051923274994, 0.05401747673749924, 0.024101367220282555, 0.009723477065563202, 0.010187488049268723, 0.0060212574899196625, 0.004402635619044304]
ref [0.09028293192386627, 0.06356459856033325, 0.022153476253151894, 0.017230339348316193, 0.01910030096769333, 0.014816995710134506, 0.015087520703673363]
[0.1849534511566162, 0.11758207529783249, 0.04625484347343445, 0.026953816413879395, 0.02928778901696205, 0.02083825320005417, 0.019490156322717667]
Training time: 186 	steps per sec: 38
Eval num_timesteps=7168, episode_reward=nan +/- nan
Eval num_timesteps=7168, episode_success=nan +/- nan
se
8 8192 1024
diff [0.09467051923274994, 0.05401747673749924, 0.024101367220282555, 0.009723477065563202, 0.010187488049268723, 0.0060212574899196625, 0.004402635619044304, 0.0062789637595415115]
ref [0.09028293192386627, 0.06356459856033325, 0.022153476253151894, 0.017230339348316193, 0.01910030096769333, 0.014816995710134506, 0.015087520703673363, 0.008644524030387402]
[0.1849534511566162, 0.11758207529783249, 0.04625484347343445, 0.026953816413879395, 0.02928778901696205, 0.02083825320005417, 0.019490156322717667, 0.014923487789928913]
Training time: 227 	steps per sec: 36
Eval num_timesteps=8192, episode_reward=nan +/- nan
Eval num_timesteps=8192, episode_success=nan +/- nan
se
9 9216 1024
diff [0.09467051923274994, 0.05401747673749924, 0.024101367220282555, 0.009723477065563202, 0.010187488049268723, 0.0060212574899196625, 0.004402635619044304, 0.0062789637595415115, 0.002481273375451565]
ref [0.09028293192386627, 0.06356459856033325, 0.022153476253151894, 0.017230339348316193, 0.01910030096769333, 0.014816995710134506, 0.015087520703673363, 0.008644524030387402, 0.008424781262874603]
[0.1849534511566162, 0.11758207529783249, 0.04625484347343445, 0.026953816413879395, 0.02928778901696205, 0.02083825320005417, 0.019490156322717667, 0.014923487789928913, 0.010906054638326168]
Training time: 275 	steps per sec: 33
Eval num_timesteps=9216, episode_reward=nan +/- nan
Eval num_timesteps=9216, episode_success=nan +/- nan
se
10 10240 1024
diff [0.09467051923274994, 0.05401747673749924, 0.024101367220282555, 0.009723477065563202, 0.010187488049268723, 0.0060212574899196625, 0.004402635619044304, 0.0062789637595415115, 0.002481273375451565, 0.00022268202155828476]
ref [0.09028293192386627, 0.06356459856033325, 0.022153476253151894, 0.017230339348316193, 0.01910030096769333, 0.014816995710134506, 0.015087520703673363, 0.008644524030387402, 0.008424781262874603, 0.007909776642918587]
[0.1849534511566162, 0.11758207529783249, 0.04625484347343445, 0.026953816413879395, 0.02928778901696205, 0.02083825320005417, 0.019490156322717667, 0.014923487789928913, 0.010906054638326168, 0.008132458664476871]
Training time: 327 	steps per sec: 31
Eval num_timesteps=10240, episode_reward=nan +/- nan
Eval num_timesteps=10240, episode_success=nan +/- nan
se
11 11264 1024
diff [0.09467051923274994, 0.05401747673749924, 0.024101367220282555, 0.009723477065563202, 0.010187488049268723, 0.0060212574899196625, 0.004402635619044304, 0.0062789637595415115, 0.002481273375451565, 0.00022268202155828476, -0.0006716079078614712]
ref [0.09028293192386627, 0.06356459856033325, 0.022153476253151894, 0.017230339348316193, 0.01910030096769333, 0.014816995710134506, 0.015087520703673363, 0.008644524030387402, 0.008424781262874603, 0.007909776642918587, 0.007787162438035011]
[0.1849534511566162, 0.11758207529783249, 0.04625484347343445, 0.026953816413879395, 0.02928778901696205, 0.02083825320005417, 0.019490156322717667, 0.014923487789928913, 0.010906054638326168, 0.008132458664476871, 0.00711555453017354]
Training time: 381 	steps per sec: 29
Eval num_timesteps=11264, episode_reward=nan +/- nan
Eval num_timesteps=11264, episode_success=nan +/- nan
se
12 12288 1024
diff [0.09467051923274994, 0.05401747673749924, 0.024101367220282555, 0.009723477065563202, 0.010187488049268723, 0.0060212574899196625, 0.004402635619044304, 0.0062789637595415115, 0.002481273375451565, 0.00022268202155828476, -0.0006716079078614712, -0.0014687050133943558]
ref [0.09028293192386627, 0.06356459856033325, 0.022153476253151894, 0.017230339348316193, 0.01910030096769333, 0.014816995710134506, 0.015087520703673363, 0.008644524030387402, 0.008424781262874603, 0.007909776642918587, 0.007787162438035011, 0.007605952676385641]
[0.1849534511566162, 0.11758207529783249, 0.04625484347343445, 0.026953816413879395, 0.02928778901696205, 0.02083825320005417, 0.019490156322717667, 0.014923487789928913, 0.010906054638326168, 0.008132458664476871, 0.00711555453017354, 0.006137247662991285]
Training time: 440 	steps per sec: 27
Eval num_timesteps=12288, episode_reward=nan +/- nan
Eval num_timesteps=12288, episode_success=nan +/- nan
se
13 13312 1024
diff [0.09467051923274994, 0.05401747673749924, 0.024101367220282555, 0.009723477065563202, 0.010187488049268723, 0.0060212574899196625, 0.004402635619044304, 0.0062789637595415115, 0.002481273375451565, 0.00022268202155828476, -0.0006716079078614712, -0.0014687050133943558, -0.0004995418712496758]
ref [0.09028293192386627, 0.06356459856033325, 0.022153476253151894, 0.017230339348316193, 0.01910030096769333, 0.014816995710134506, 0.015087520703673363, 0.008644524030387402, 0.008424781262874603, 0.007909776642918587, 0.007787162438035011, 0.007605952676385641, 0.006027549039572477]
[0.1849534511566162, 0.11758207529783249, 0.04625484347343445, 0.026953816413879395, 0.02928778901696205, 0.02083825320005417, 0.019490156322717667, 0.014923487789928913, 0.010906054638326168, 0.008132458664476871, 0.00711555453017354, 0.006137247662991285, 0.005528007168322802]
Training time: 502 	steps per sec: 26
Eval num_timesteps=13312, episode_reward=nan +/- nan
Eval num_timesteps=13312, episode_success=nan +/- nan
se
14 14336 1024
diff [0.09467051923274994, 0.05401747673749924, 0.024101367220282555, 0.009723477065563202, 0.010187488049268723, 0.0060212574899196625, 0.004402635619044304, 0.0062789637595415115, 0.002481273375451565, 0.00022268202155828476, -0.0006716079078614712, -0.0014687050133943558, -0.0004995418712496758, -0.0026091504842042923]
ref [0.09028293192386627, 0.06356459856033325, 0.022153476253151894, 0.017230339348316193, 0.01910030096769333, 0.014816995710134506, 0.015087520703673363, 0.008644524030387402, 0.008424781262874603, 0.007909776642918587, 0.007787162438035011, 0.007605952676385641, 0.006027549039572477, 0.007677123416215181]
[0.1849534511566162, 0.11758207529783249, 0.04625484347343445, 0.026953816413879395, 0.02928778901696205, 0.02083825320005417, 0.019490156322717667, 0.014923487789928913, 0.010906054638326168, 0.008132458664476871, 0.00711555453017354, 0.006137247662991285, 0.005528007168322802, 0.005067972932010889]
Training time: 570 	steps per sec: 25
Eval num_timesteps=14336, episode_reward=nan +/- nan
Eval num_timesteps=14336, episode_success=nan +/- nan
se
15 15360 1024
diff [0.09467051923274994, 0.05401747673749924, 0.024101367220282555, 0.009723477065563202, 0.010187488049268723, 0.0060212574899196625, 0.004402635619044304, 0.0062789637595415115, 0.002481273375451565, 0.00022268202155828476, -0.0006716079078614712, -0.0014687050133943558, -0.0004995418712496758, -0.0026091504842042923, -0.002322312444448471]
ref [0.09028293192386627, 0.06356459856033325, 0.022153476253151894, 0.017230339348316193, 0.01910030096769333, 0.014816995710134506, 0.015087520703673363, 0.008644524030387402, 0.008424781262874603, 0.007909776642918587, 0.007787162438035011, 0.007605952676385641, 0.006027549039572477, 0.007677123416215181, 0.006843802519142628]
[0.1849534511566162, 0.11758207529783249, 0.04625484347343445, 0.026953816413879395, 0.02928778901696205, 0.02083825320005417, 0.019490156322717667, 0.014923487789928913, 0.010906054638326168, 0.008132458664476871, 0.00711555453017354, 0.006137247662991285, 0.005528007168322802, 0.005067972932010889, 0.004521490074694157]
Training time: 644 	steps per sec: 23
Eval num_timesteps=15360, episode_reward=nan +/- nan
Eval num_timesteps=15360, episode_success=nan +/- nan
se
16 16384 1024
diff [0.09467051923274994, 0.05401747673749924, 0.024101367220282555, 0.009723477065563202, 0.010187488049268723, 0.0060212574899196625, 0.004402635619044304, 0.0062789637595415115, 0.002481273375451565, 0.00022268202155828476, -0.0006716079078614712, -0.0014687050133943558, -0.0004995418712496758, -0.0026091504842042923, -0.002322312444448471, -0.0004939590580761433]
ref [0.09028293192386627, 0.06356459856033325, 0.022153476253151894, 0.017230339348316193, 0.01910030096769333, 0.014816995710134506, 0.015087520703673363, 0.008644524030387402, 0.008424781262874603, 0.007909776642918587, 0.007787162438035011, 0.007605952676385641, 0.006027549039572477, 0.007677123416215181, 0.006843802519142628, 0.004676999989897013]
[0.1849534511566162, 0.11758207529783249, 0.04625484347343445, 0.026953816413879395, 0.02928778901696205, 0.02083825320005417, 0.019490156322717667, 0.014923487789928913, 0.010906054638326168, 0.008132458664476871, 0.00711555453017354, 0.006137247662991285, 0.005528007168322802, 0.005067972932010889, 0.004521490074694157, 0.0041830409318208694]
Training time: 716 	steps per sec: 22
Eval num_timesteps=16384, episode_reward=nan +/- nan
Eval num_timesteps=16384, episode_success=nan +/- nan
se
16 16384 1024
diff [0.09467051923274994, 0.05401747673749924, 0.024101367220282555, 0.009723477065563202, 0.010187488049268723, 0.0060212574899196625, 0.004402635619044304, 0.0062789637595415115, 0.002481273375451565, 0.00022268202155828476, -0.0006716079078614712, -0.0014687050133943558, -0.0004995418712496758, -0.0026091504842042923, -0.002322312444448471, -0.0004939590580761433, -0.0018052863888442516]
ref [0.09028293192386627, 0.06356459856033325, 0.022153476253151894, 0.017230339348316193, 0.01910030096769333, 0.014816995710134506, 0.015087520703673363, 0.008644524030387402, 0.008424781262874603, 0.007909776642918587, 0.007787162438035011, 0.007605952676385641, 0.006027549039572477, 0.007677123416215181, 0.006843802519142628, 0.004676999989897013, 0.005745125934481621]
[0.1849534511566162, 0.11758207529783249, 0.04625484347343445, 0.026953816413879395, 0.02928778901696205, 0.02083825320005417, 0.019490156322717667, 0.014923487789928913, 0.010906054638326168, 0.008132458664476871, 0.00711555453017354, 0.006137247662991285, 0.005528007168322802, 0.005067972932010889, 0.004521490074694157, 0.0041830409318208694, 0.003939839545637369]
Training time: 789 	steps per sec: 22
Eval num_timesteps=17408, episode_reward=nan +/- nan
Eval num_timesteps=17408, episode_success=nan +/- nan
se
16 16384 1024
diff [0.09467051923274994, 0.05401747673749924, 0.024101367220282555, 0.009723477065563202, 0.010187488049268723, 0.0060212574899196625, 0.004402635619044304, 0.0062789637595415115, 0.002481273375451565, 0.00022268202155828476, -0.0006716079078614712, -0.0014687050133943558, -0.0004995418712496758, -0.0026091504842042923, -0.002322312444448471, -0.0004939590580761433, -0.0018052863888442516, -0.0020008529536426067]
ref [0.09028293192386627, 0.06356459856033325, 0.022153476253151894, 0.017230339348316193, 0.01910030096769333, 0.014816995710134506, 0.015087520703673363, 0.008644524030387402, 0.008424781262874603, 0.007909776642918587, 0.007787162438035011, 0.007605952676385641, 0.006027549039572477, 0.007677123416215181, 0.006843802519142628, 0.004676999989897013, 0.005745125934481621, 0.005733346100896597]
[0.1849534511566162, 0.11758207529783249, 0.04625484347343445, 0.026953816413879395, 0.02928778901696205, 0.02083825320005417, 0.019490156322717667, 0.014923487789928913, 0.010906054638326168, 0.008132458664476871, 0.00711555453017354, 0.006137247662991285, 0.005528007168322802, 0.005067972932010889, 0.004521490074694157, 0.0041830409318208694, 0.003939839545637369, 0.00373249314725399]
Training time: 860 	steps per sec: 21
Eval num_timesteps=18432, episode_reward=nan +/- nan
Eval num_timesteps=18432, episode_success=nan +/- nan
se
16 16384 1024
diff [0.09467051923274994, 0.05401747673749924, 0.024101367220282555, 0.009723477065563202, 0.010187488049268723, 0.0060212574899196625, 0.004402635619044304, 0.0062789637595415115, 0.002481273375451565, 0.00022268202155828476, -0.0006716079078614712, -0.0014687050133943558, -0.0004995418712496758, -0.0026091504842042923, -0.002322312444448471, -0.0004939590580761433, -0.0018052863888442516, -0.0020008529536426067, -0.002387019107118249]
ref [0.09028293192386627, 0.06356459856033325, 0.022153476253151894, 0.017230339348316193, 0.01910030096769333, 0.014816995710134506, 0.015087520703673363, 0.008644524030387402, 0.008424781262874603, 0.007909776642918587, 0.007787162438035011, 0.007605952676385641, 0.006027549039572477, 0.007677123416215181, 0.006843802519142628, 0.004676999989897013, 0.005745125934481621, 0.005733346100896597, 0.0061140479519963264]
[0.1849534511566162, 0.11758207529783249, 0.04625484347343445, 0.026953816413879395, 0.02928778901696205, 0.02083825320005417, 0.019490156322717667, 0.014923487789928913, 0.010906054638326168, 0.008132458664476871, 0.00711555453017354, 0.006137247662991285, 0.005528007168322802, 0.005067972932010889, 0.004521490074694157, 0.0041830409318208694, 0.003939839545637369, 0.00373249314725399, 0.0037270288448780775]
Training time: 963 	steps per sec: 20
Eval num_timesteps=19456, episode_reward=nan +/- nan
Eval num_timesteps=19456, episode_success=nan +/- nan
se
16 16384 1024
diff [0.09467051923274994, 0.05401747673749924, 0.024101367220282555, 0.009723477065563202, 0.010187488049268723, 0.0060212574899196625, 0.004402635619044304, 0.0062789637595415115, 0.002481273375451565, 0.00022268202155828476, -0.0006716079078614712, -0.0014687050133943558, -0.0004995418712496758, -0.0026091504842042923, -0.002322312444448471, -0.0004939590580761433, -0.0018052863888442516, -0.0020008529536426067, -0.002387019107118249, -0.0013244138099253178]
ref [0.09028293192386627, 0.06356459856033325, 0.022153476253151894, 0.017230339348316193, 0.01910030096769333, 0.014816995710134506, 0.015087520703673363, 0.008644524030387402, 0.008424781262874603, 0.007909776642918587, 0.007787162438035011, 0.007605952676385641, 0.006027549039572477, 0.007677123416215181, 0.006843802519142628, 0.004676999989897013, 0.005745125934481621, 0.005733346100896597, 0.0061140479519963264, 0.0053254044614732265]
[0.1849534511566162, 0.11758207529783249, 0.04625484347343445, 0.026953816413879395, 0.02928778901696205, 0.02083825320005417, 0.019490156322717667, 0.014923487789928913, 0.010906054638326168, 0.008132458664476871, 0.00711555453017354, 0.006137247662991285, 0.005528007168322802, 0.005067972932010889, 0.004521490074694157, 0.0041830409318208694, 0.003939839545637369, 0.00373249314725399, 0.0037270288448780775, 0.004000990651547909]
Training time: 1064 	steps per sec: 19
Eval num_timesteps=20480, episode_reward=nan +/- nan
Eval num_timesteps=20480, episode_success=nan +/- nan
se
16 16384 1024
diff [0.09467051923274994, 0.05401747673749924, 0.024101367220282555, 0.009723477065563202, 0.010187488049268723, 0.0060212574899196625, 0.004402635619044304, 0.0062789637595415115, 0.002481273375451565, 0.00022268202155828476, -0.0006716079078614712, -0.0014687050133943558, -0.0004995418712496758, -0.0026091504842042923, -0.002322312444448471, -0.0004939590580761433, -0.0018052863888442516, -0.0020008529536426067, -0.002387019107118249, -0.0013244138099253178, -0.0014981837011873722]
ref [0.09028293192386627, 0.06356459856033325, 0.022153476253151894, 0.017230339348316193, 0.01910030096769333, 0.014816995710134506, 0.015087520703673363, 0.008644524030387402, 0.008424781262874603, 0.007909776642918587, 0.007787162438035011, 0.007605952676385641, 0.006027549039572477, 0.007677123416215181, 0.006843802519142628, 0.004676999989897013, 0.005745125934481621, 0.005733346100896597, 0.0061140479519963264, 0.0053254044614732265, 0.005648111924529076]
[0.1849534511566162, 0.11758207529783249, 0.04625484347343445, 0.026953816413879395, 0.02928778901696205, 0.02083825320005417, 0.019490156322717667, 0.014923487789928913, 0.010906054638326168, 0.008132458664476871, 0.00711555453017354, 0.006137247662991285, 0.005528007168322802, 0.005067972932010889, 0.004521490074694157, 0.0041830409318208694, 0.003939839545637369, 0.00373249314725399, 0.0037270288448780775, 0.004000990651547909, 0.004149928223341703]
Training time: 1170 	steps per sec: 18
Eval num_timesteps=21504, episode_reward=nan +/- nan
Eval num_timesteps=21504, episode_success=nan +/- nan
se
16 16384 1024
diff [0.09467051923274994, 0.05401747673749924, 0.024101367220282555, 0.009723477065563202, 0.010187488049268723, 0.0060212574899196625, 0.004402635619044304, 0.0062789637595415115, 0.002481273375451565, 0.00022268202155828476, -0.0006716079078614712, -0.0014687050133943558, -0.0004995418712496758, -0.0026091504842042923, -0.002322312444448471, -0.0004939590580761433, -0.0018052863888442516, -0.0020008529536426067, -0.002387019107118249, -0.0013244138099253178, -0.0014981837011873722, -0.0005788533017039299]
ref [0.09028293192386627, 0.06356459856033325, 0.022153476253151894, 0.017230339348316193, 0.01910030096769333, 0.014816995710134506, 0.015087520703673363, 0.008644524030387402, 0.008424781262874603, 0.007909776642918587, 0.007787162438035011, 0.007605952676385641, 0.006027549039572477, 0.007677123416215181, 0.006843802519142628, 0.004676999989897013, 0.005745125934481621, 0.005733346100896597, 0.0061140479519963264, 0.0053254044614732265, 0.005648111924529076, 0.004633439239114523]
[0.1849534511566162, 0.11758207529783249, 0.04625484347343445, 0.026953816413879395, 0.02928778901696205, 0.02083825320005417, 0.019490156322717667, 0.014923487789928913, 0.010906054638326168, 0.008132458664476871, 0.00711555453017354, 0.006137247662991285, 0.005528007168322802, 0.005067972932010889, 0.004521490074694157, 0.0041830409318208694, 0.003939839545637369, 0.00373249314725399, 0.0037270288448780775, 0.004000990651547909, 0.004149928223341703, 0.004054585937410593]
Training time: 1271 	steps per sec: 17
Eval num_timesteps=22528, episode_reward=nan +/- nan
Eval num_timesteps=22528, episode_success=nan +/- nan
se
16 16384 1024
diff [0.09467051923274994, 0.05401747673749924, 0.024101367220282555, 0.009723477065563202, 0.010187488049268723, 0.0060212574899196625, 0.004402635619044304, 0.0062789637595415115, 0.002481273375451565, 0.00022268202155828476, -0.0006716079078614712, -0.0014687050133943558, -0.0004995418712496758, -0.0026091504842042923, -0.002322312444448471, -0.0004939590580761433, -0.0018052863888442516, -0.0020008529536426067, -0.002387019107118249, -0.0013244138099253178, -0.0014981837011873722, -0.0005788533017039299, -0.0009167017415165901]
ref [0.09028293192386627, 0.06356459856033325, 0.022153476253151894, 0.017230339348316193, 0.01910030096769333, 0.014816995710134506, 0.015087520703673363, 0.008644524030387402, 0.008424781262874603, 0.007909776642918587, 0.007787162438035011, 0.007605952676385641, 0.006027549039572477, 0.007677123416215181, 0.006843802519142628, 0.004676999989897013, 0.005745125934481621, 0.005733346100896597, 0.0061140479519963264, 0.0053254044614732265, 0.005648111924529076, 0.004633439239114523, 0.00519646517932415]
[0.1849534511566162, 0.11758207529783249, 0.04625484347343445, 0.026953816413879395, 0.02928778901696205, 0.02083825320005417, 0.019490156322717667, 0.014923487789928913, 0.010906054638326168, 0.008132458664476871, 0.00711555453017354, 0.006137247662991285, 0.005528007168322802, 0.005067972932010889, 0.004521490074694157, 0.0041830409318208694, 0.003939839545637369, 0.00373249314725399, 0.0037270288448780775, 0.004000990651547909, 0.004149928223341703, 0.004054585937410593, 0.00427976343780756]
Training time: 1348 	steps per sec: 17
Eval num_timesteps=23552, episode_reward=nan +/- nan
Eval num_timesteps=23552, episode_success=nan +/- nan
se
16 16384 1024
diff [0.09467051923274994, 0.05401747673749924, 0.024101367220282555, 0.009723477065563202, 0.010187488049268723, 0.0060212574899196625, 0.004402635619044304, 0.0062789637595415115, 0.002481273375451565, 0.00022268202155828476, -0.0006716079078614712, -0.0014687050133943558, -0.0004995418712496758, -0.0026091504842042923, -0.002322312444448471, -0.0004939590580761433, -0.0018052863888442516, -0.0020008529536426067, -0.002387019107118249, -0.0013244138099253178, -0.0014981837011873722, -0.0005788533017039299, -0.0009167017415165901, -0.0016272806096822023]
ref [0.09028293192386627, 0.06356459856033325, 0.022153476253151894, 0.017230339348316193, 0.01910030096769333, 0.014816995710134506, 0.015087520703673363, 0.008644524030387402, 0.008424781262874603, 0.007909776642918587, 0.007787162438035011, 0.007605952676385641, 0.006027549039572477, 0.007677123416215181, 0.006843802519142628, 0.004676999989897013, 0.005745125934481621, 0.005733346100896597, 0.0061140479519963264, 0.0053254044614732265, 0.005648111924529076, 0.004633439239114523, 0.00519646517932415, 0.005116614513099194]
[0.1849534511566162, 0.11758207529783249, 0.04625484347343445, 0.026953816413879395, 0.02928778901696205, 0.02083825320005417, 0.019490156322717667, 0.014923487789928913, 0.010906054638326168, 0.008132458664476871, 0.00711555453017354, 0.006137247662991285, 0.005528007168322802, 0.005067972932010889, 0.004521490074694157, 0.0041830409318208694, 0.003939839545637369, 0.00373249314725399, 0.0037270288448780775, 0.004000990651547909, 0.004149928223341703, 0.004054585937410593, 0.00427976343780756, 0.0034893339034169912]
Training time: 1425 	steps per sec: 17
Eval num_timesteps=24576, episode_reward=nan +/- nan
Eval num_timesteps=24576, episode_success=nan +/- nan
se
16 16384 1024
diff [0.09467051923274994, 0.05401747673749924, 0.024101367220282555, 0.009723477065563202, 0.010187488049268723, 0.0060212574899196625, 0.004402635619044304, 0.0062789637595415115, 0.002481273375451565, 0.00022268202155828476, -0.0006716079078614712, -0.0014687050133943558, -0.0004995418712496758, -0.0026091504842042923, -0.002322312444448471, -0.0004939590580761433, -0.0018052863888442516, -0.0020008529536426067, -0.002387019107118249, -0.0013244138099253178, -0.0014981837011873722, -0.0005788533017039299, -0.0009167017415165901, -0.0016272806096822023, -0.002978462725877762]
ref [0.09028293192386627, 0.06356459856033325, 0.022153476253151894, 0.017230339348316193, 0.01910030096769333, 0.014816995710134506, 0.015087520703673363, 0.008644524030387402, 0.008424781262874603, 0.007909776642918587, 0.007787162438035011, 0.007605952676385641, 0.006027549039572477, 0.007677123416215181, 0.006843802519142628, 0.004676999989897013, 0.005745125934481621, 0.005733346100896597, 0.0061140479519963264, 0.0053254044614732265, 0.005648111924529076, 0.004633439239114523, 0.00519646517932415, 0.005116614513099194, 0.006536115892231464]
[0.1849534511566162, 0.11758207529783249, 0.04625484347343445, 0.026953816413879395, 0.02928778901696205, 0.02083825320005417, 0.019490156322717667, 0.014923487789928913, 0.010906054638326168, 0.008132458664476871, 0.00711555453017354, 0.006137247662991285, 0.005528007168322802, 0.005067972932010889, 0.004521490074694157, 0.0041830409318208694, 0.003939839545637369, 0.00373249314725399, 0.0037270288448780775, 0.004000990651547909, 0.004149928223341703, 0.004054585937410593, 0.00427976343780756, 0.0034893339034169912, 0.0035576531663537025]
Training time: 1499 	steps per sec: 17
Eval num_timesteps=25600, episode_reward=nan +/- nan
Eval num_timesteps=25600, episode_success=nan +/- nan
se
16 16384 1024
diff [0.09467051923274994, 0.05401747673749924, 0.024101367220282555, 0.009723477065563202, 0.010187488049268723, 0.0060212574899196625, 0.004402635619044304, 0.0062789637595415115, 0.002481273375451565, 0.00022268202155828476, -0.0006716079078614712, -0.0014687050133943558, -0.0004995418712496758, -0.0026091504842042923, -0.002322312444448471, -0.0004939590580761433, -0.0018052863888442516, -0.0020008529536426067, -0.002387019107118249, -0.0013244138099253178, -0.0014981837011873722, -0.0005788533017039299, -0.0009167017415165901, -0.0016272806096822023, -0.002978462725877762, -0.0019965283572673798]
ref [0.09028293192386627, 0.06356459856033325, 0.022153476253151894, 0.017230339348316193, 0.01910030096769333, 0.014816995710134506, 0.015087520703673363, 0.008644524030387402, 0.008424781262874603, 0.007909776642918587, 0.007787162438035011, 0.007605952676385641, 0.006027549039572477, 0.007677123416215181, 0.006843802519142628, 0.004676999989897013, 0.005745125934481621, 0.005733346100896597, 0.0061140479519963264, 0.0053254044614732265, 0.005648111924529076, 0.004633439239114523, 0.00519646517932415, 0.005116614513099194, 0.006536115892231464, 0.005916104651987553]
[0.1849534511566162, 0.11758207529783249, 0.04625484347343445, 0.026953816413879395, 0.02928778901696205, 0.02083825320005417, 0.019490156322717667, 0.014923487789928913, 0.010906054638326168, 0.008132458664476871, 0.00711555453017354, 0.006137247662991285, 0.005528007168322802, 0.005067972932010889, 0.004521490074694157, 0.0041830409318208694, 0.003939839545637369, 0.00373249314725399, 0.0037270288448780775, 0.004000990651547909, 0.004149928223341703, 0.004054585937410593, 0.00427976343780756, 0.0034893339034169912, 0.0035576531663537025, 0.003919576294720173]
Training time: 1573 	steps per sec: 16
Eval num_timesteps=26624, episode_reward=nan +/- nan
Eval num_timesteps=26624, episode_success=nan +/- nan
se
16 16384 1024
diff [0.09467051923274994, 0.05401747673749924, 0.024101367220282555, 0.009723477065563202, 0.010187488049268723, 0.0060212574899196625, 0.004402635619044304, 0.0062789637595415115, 0.002481273375451565, 0.00022268202155828476, -0.0006716079078614712, -0.0014687050133943558, -0.0004995418712496758, -0.0026091504842042923, -0.002322312444448471, -0.0004939590580761433, -0.0018052863888442516, -0.0020008529536426067, -0.002387019107118249, -0.0013244138099253178, -0.0014981837011873722, -0.0005788533017039299, -0.0009167017415165901, -0.0016272806096822023, -0.002978462725877762, -0.0019965283572673798, -0.002667631022632122]
ref [0.09028293192386627, 0.06356459856033325, 0.022153476253151894, 0.017230339348316193, 0.01910030096769333, 0.014816995710134506, 0.015087520703673363, 0.008644524030387402, 0.008424781262874603, 0.007909776642918587, 0.007787162438035011, 0.007605952676385641, 0.006027549039572477, 0.007677123416215181, 0.006843802519142628, 0.004676999989897013, 0.005745125934481621, 0.005733346100896597, 0.0061140479519963264, 0.0053254044614732265, 0.005648111924529076, 0.004633439239114523, 0.00519646517932415, 0.005116614513099194, 0.006536115892231464, 0.005916104651987553, 0.006896801758557558]
[0.1849534511566162, 0.11758207529783249, 0.04625484347343445, 0.026953816413879395, 0.02928778901696205, 0.02083825320005417, 0.019490156322717667, 0.014923487789928913, 0.010906054638326168, 0.008132458664476871, 0.00711555453017354, 0.006137247662991285, 0.005528007168322802, 0.005067972932010889, 0.004521490074694157, 0.0041830409318208694, 0.003939839545637369, 0.00373249314725399, 0.0037270288448780775, 0.004000990651547909, 0.004149928223341703, 0.004054585937410593, 0.00427976343780756, 0.0034893339034169912, 0.0035576531663537025, 0.003919576294720173, 0.004229170735925436]
Training time: 1648 	steps per sec: 16
Eval num_timesteps=27648, episode_reward=nan +/- nan
Eval num_timesteps=27648, episode_success=nan +/- nan
se
16 16384 1024
diff [0.09467051923274994, 0.05401747673749924, 0.024101367220282555, 0.009723477065563202, 0.010187488049268723, 0.0060212574899196625, 0.004402635619044304, 0.0062789637595415115, 0.002481273375451565, 0.00022268202155828476, -0.0006716079078614712, -0.0014687050133943558, -0.0004995418712496758, -0.0026091504842042923, -0.002322312444448471, -0.0004939590580761433, -0.0018052863888442516, -0.0020008529536426067, -0.002387019107118249, -0.0013244138099253178, -0.0014981837011873722, -0.0005788533017039299, -0.0009167017415165901, -0.0016272806096822023, -0.002978462725877762, -0.0019965283572673798, -0.002667631022632122, -0.00092747388407588]
ref [0.09028293192386627, 0.06356459856033325, 0.022153476253151894, 0.017230339348316193, 0.01910030096769333, 0.014816995710134506, 0.015087520703673363, 0.008644524030387402, 0.008424781262874603, 0.007909776642918587, 0.007787162438035011, 0.007605952676385641, 0.006027549039572477, 0.007677123416215181, 0.006843802519142628, 0.004676999989897013, 0.005745125934481621, 0.005733346100896597, 0.0061140479519963264, 0.0053254044614732265, 0.005648111924529076, 0.004633439239114523, 0.00519646517932415, 0.005116614513099194, 0.006536115892231464, 0.005916104651987553, 0.006896801758557558, 0.005621055141091347]
[0.1849534511566162, 0.11758207529783249, 0.04625484347343445, 0.026953816413879395, 0.02928778901696205, 0.02083825320005417, 0.019490156322717667, 0.014923487789928913, 0.010906054638326168, 0.008132458664476871, 0.00711555453017354, 0.006137247662991285, 0.005528007168322802, 0.005067972932010889, 0.004521490074694157, 0.0041830409318208694, 0.003939839545637369, 0.00373249314725399, 0.0037270288448780775, 0.004000990651547909, 0.004149928223341703, 0.004054585937410593, 0.00427976343780756, 0.0034893339034169912, 0.0035576531663537025, 0.003919576294720173, 0.004229170735925436, 0.004693581257015467]
Training time: 1725 	steps per sec: 16
Eval num_timesteps=28672, episode_reward=nan +/- nan
Eval num_timesteps=28672, episode_success=nan +/- nan
se
16 16384 1024
diff [0.09467051923274994, 0.05401747673749924, 0.024101367220282555, 0.009723477065563202, 0.010187488049268723, 0.0060212574899196625, 0.004402635619044304, 0.0062789637595415115, 0.002481273375451565, 0.00022268202155828476, -0.0006716079078614712, -0.0014687050133943558, -0.0004995418712496758, -0.0026091504842042923, -0.002322312444448471, -0.0004939590580761433, -0.0018052863888442516, -0.0020008529536426067, -0.002387019107118249, -0.0013244138099253178, -0.0014981837011873722, -0.0005788533017039299, -0.0009167017415165901, -0.0016272806096822023, -0.002978462725877762, -0.0019965283572673798, -0.002667631022632122, -0.00092747388407588, -0.0019216043874621391]
ref [0.09028293192386627, 0.06356459856033325, 0.022153476253151894, 0.017230339348316193, 0.01910030096769333, 0.014816995710134506, 0.015087520703673363, 0.008644524030387402, 0.008424781262874603, 0.007909776642918587, 0.007787162438035011, 0.007605952676385641, 0.006027549039572477, 0.007677123416215181, 0.006843802519142628, 0.004676999989897013, 0.005745125934481621, 0.005733346100896597, 0.0061140479519963264, 0.0053254044614732265, 0.005648111924529076, 0.004633439239114523, 0.00519646517932415, 0.005116614513099194, 0.006536115892231464, 0.005916104651987553, 0.006896801758557558, 0.005621055141091347, 0.006101224105805159]
[0.1849534511566162, 0.11758207529783249, 0.04625484347343445, 0.026953816413879395, 0.02928778901696205, 0.02083825320005417, 0.019490156322717667, 0.014923487789928913, 0.010906054638326168, 0.008132458664476871, 0.00711555453017354, 0.006137247662991285, 0.005528007168322802, 0.005067972932010889, 0.004521490074694157, 0.0041830409318208694, 0.003939839545637369, 0.00373249314725399, 0.0037270288448780775, 0.004000990651547909, 0.004149928223341703, 0.004054585937410593, 0.00427976343780756, 0.0034893339034169912, 0.0035576531663537025, 0.003919576294720173, 0.004229170735925436, 0.004693581257015467, 0.0041796197183430195]
Training time: 1802 	steps per sec: 16
Eval num_timesteps=29696, episode_reward=nan +/- nan
Eval num_timesteps=29696, episode_success=nan +/- nan
se
16 16384 1024
diff [0.09467051923274994, 0.05401747673749924, 0.024101367220282555, 0.009723477065563202, 0.010187488049268723, 0.0060212574899196625, 0.004402635619044304, 0.0062789637595415115, 0.002481273375451565, 0.00022268202155828476, -0.0006716079078614712, -0.0014687050133943558, -0.0004995418712496758, -0.0026091504842042923, -0.002322312444448471, -0.0004939590580761433, -0.0018052863888442516, -0.0020008529536426067, -0.002387019107118249, -0.0013244138099253178, -0.0014981837011873722, -0.0005788533017039299, -0.0009167017415165901, -0.0016272806096822023, -0.002978462725877762, -0.0019965283572673798, -0.002667631022632122, -0.00092747388407588, -0.0019216043874621391, -0.001570309977978468]
ref [0.09028293192386627, 0.06356459856033325, 0.022153476253151894, 0.017230339348316193, 0.01910030096769333, 0.014816995710134506, 0.015087520703673363, 0.008644524030387402, 0.008424781262874603, 0.007909776642918587, 0.007787162438035011, 0.007605952676385641, 0.006027549039572477, 0.007677123416215181, 0.006843802519142628, 0.004676999989897013, 0.005745125934481621, 0.005733346100896597, 0.0061140479519963264, 0.0053254044614732265, 0.005648111924529076, 0.004633439239114523, 0.00519646517932415, 0.005116614513099194, 0.006536115892231464, 0.005916104651987553, 0.006896801758557558, 0.005621055141091347, 0.006101224105805159, 0.005710609257221222]
[0.1849534511566162, 0.11758207529783249, 0.04625484347343445, 0.026953816413879395, 0.02928778901696205, 0.02083825320005417, 0.019490156322717667, 0.014923487789928913, 0.010906054638326168, 0.008132458664476871, 0.00711555453017354, 0.006137247662991285, 0.005528007168322802, 0.005067972932010889, 0.004521490074694157, 0.0041830409318208694, 0.003939839545637369, 0.00373249314725399, 0.0037270288448780775, 0.004000990651547909, 0.004149928223341703, 0.004054585937410593, 0.00427976343780756, 0.0034893339034169912, 0.0035576531663537025, 0.003919576294720173, 0.004229170735925436, 0.004693581257015467, 0.0041796197183430195, 0.004140299279242754]
Training time: 1878 	steps per sec: 16
Eval num_timesteps=30720, episode_reward=nan +/- nan
Eval num_timesteps=30720, episode_success=nan +/- nan
se
16 16384 1024
diff [0.09467051923274994, 0.05401747673749924, 0.024101367220282555, 0.009723477065563202, 0.010187488049268723, 0.0060212574899196625, 0.004402635619044304, 0.0062789637595415115, 0.002481273375451565, 0.00022268202155828476, -0.0006716079078614712, -0.0014687050133943558, -0.0004995418712496758, -0.0026091504842042923, -0.002322312444448471, -0.0004939590580761433, -0.0018052863888442516, -0.0020008529536426067, -0.002387019107118249, -0.0013244138099253178, -0.0014981837011873722, -0.0005788533017039299, -0.0009167017415165901, -0.0016272806096822023, -0.002978462725877762, -0.0019965283572673798, -0.002667631022632122, -0.00092747388407588, -0.0019216043874621391, -0.001570309977978468, -0.0011567785404622555]
ref [0.09028293192386627, 0.06356459856033325, 0.022153476253151894, 0.017230339348316193, 0.01910030096769333, 0.014816995710134506, 0.015087520703673363, 0.008644524030387402, 0.008424781262874603, 0.007909776642918587, 0.007787162438035011, 0.007605952676385641, 0.006027549039572477, 0.007677123416215181, 0.006843802519142628, 0.004676999989897013, 0.005745125934481621, 0.005733346100896597, 0.0061140479519963264, 0.0053254044614732265, 0.005648111924529076, 0.004633439239114523, 0.00519646517932415, 0.005116614513099194, 0.006536115892231464, 0.005916104651987553, 0.006896801758557558, 0.005621055141091347, 0.006101224105805159, 0.005710609257221222, 0.005224495194852352]
[0.1849534511566162, 0.11758207529783249, 0.04625484347343445, 0.026953816413879395, 0.02928778901696205, 0.02083825320005417, 0.019490156322717667, 0.014923487789928913, 0.010906054638326168, 0.008132458664476871, 0.00711555453017354, 0.006137247662991285, 0.005528007168322802, 0.005067972932010889, 0.004521490074694157, 0.0041830409318208694, 0.003939839545637369, 0.00373249314725399, 0.0037270288448780775, 0.004000990651547909, 0.004149928223341703, 0.004054585937410593, 0.00427976343780756, 0.0034893339034169912, 0.0035576531663537025, 0.003919576294720173, 0.004229170735925436, 0.004693581257015467, 0.0041796197183430195, 0.004140299279242754, 0.004067716654390097]
Training time: 1958 	steps per sec: 16
Eval num_timesteps=31744, episode_reward=nan +/- nan
Eval num_timesteps=31744, episode_success=nan +/- nan
se
16 16384 1024
diff [0.09467051923274994, 0.05401747673749924, 0.024101367220282555, 0.009723477065563202, 0.010187488049268723, 0.0060212574899196625, 0.004402635619044304, 0.0062789637595415115, 0.002481273375451565, 0.00022268202155828476, -0.0006716079078614712, -0.0014687050133943558, -0.0004995418712496758, -0.0026091504842042923, -0.002322312444448471, -0.0004939590580761433, -0.0018052863888442516, -0.0020008529536426067, -0.002387019107118249, -0.0013244138099253178, -0.0014981837011873722, -0.0005788533017039299, -0.0009167017415165901, -0.0016272806096822023, -0.002978462725877762, -0.0019965283572673798, -0.002667631022632122, -0.00092747388407588, -0.0019216043874621391, -0.001570309977978468, -0.0011567785404622555, -0.002139931544661522]
ref [0.09028293192386627, 0.06356459856033325, 0.022153476253151894, 0.017230339348316193, 0.01910030096769333, 0.014816995710134506, 0.015087520703673363, 0.008644524030387402, 0.008424781262874603, 0.007909776642918587, 0.007787162438035011, 0.007605952676385641, 0.006027549039572477, 0.007677123416215181, 0.006843802519142628, 0.004676999989897013, 0.005745125934481621, 0.005733346100896597, 0.0061140479519963264, 0.0053254044614732265, 0.005648111924529076, 0.004633439239114523, 0.00519646517932415, 0.005116614513099194, 0.006536115892231464, 0.005916104651987553, 0.006896801758557558, 0.005621055141091347, 0.006101224105805159, 0.005710609257221222, 0.005224495194852352, 0.006543908268213272]
[0.1849534511566162, 0.11758207529783249, 0.04625484347343445, 0.026953816413879395, 0.02928778901696205, 0.02083825320005417, 0.019490156322717667, 0.014923487789928913, 0.010906054638326168, 0.008132458664476871, 0.00711555453017354, 0.006137247662991285, 0.005528007168322802, 0.005067972932010889, 0.004521490074694157, 0.0041830409318208694, 0.003939839545637369, 0.00373249314725399, 0.0037270288448780775, 0.004000990651547909, 0.004149928223341703, 0.004054585937410593, 0.00427976343780756, 0.0034893339034169912, 0.0035576531663537025, 0.003919576294720173, 0.004229170735925436, 0.004693581257015467, 0.0041796197183430195, 0.004140299279242754, 0.004067716654390097, 0.00440397672355175]
Training time: 2039 	steps per sec: 16
Eval num_timesteps=32768, episode_reward=nan +/- nan
Eval num_timesteps=32768, episode_success=nan +/- nan
results/Swimmer-v4/
results/Swimmer-v4/ppo_ros/
results/Swimmer-v4/ppo_ros/expert/
results/Swimmer-v4/ppo_ros/expert/b_16/
results/Swimmer-v4/ppo_ros/expert/b_16/no_clip/
results/Swimmer-v4/ppo_ros/expert/b_16/no_clip/run_2/
results/Swimmer-v4/ppo_ros/expert/b_16/no_clip/run_2/stats.npz
results/Swimmer-v4/ppo_ros/expert/b_16/no_clip/run_2/evaluations.npz
results/Swimmer-v4/ppo_ros/expert/b_16/no_clip/run_2/config.yml
