ppo_ros_continuous.py --env-id Ant-v4 -s expert/b_16/no_lambda --total-timesteps 32768 --eval-freq 1 --eval-episodes 0 -b 16 --num-steps 1024 -lr 0 --update-epochs 0 --anneal-lr 0 --ros-num-steps 256 --ros-update-epochs 16 --ros-target-kl 0.05 --ros-clip-coef 0.3 --ros-lambda 0 -ros-lr 0.0001 --ros-anneal-lr 0 --se 1 --se-freq 1 --se-lr 1e-3 --se-epochs 1000 --policy-path policies/Ant-v4/best_model.zip --normalization-dir policies/Ant-v4
Obtaining file:///var/lib/condor/execute/slot1/dir_12360/PPOROS/PPOROS/custom-envs
  Preparing metadata (setup.py): started
  Preparing metadata (setup.py): finished with status 'done'
Requirement already satisfied: gym in /var/lib/condor/execute/slot1/dir_12360/PPOROS/ppo-ros_env/lib/python3.9/site-packages (from custom-envs==0.0.1) (0.21.0)
Requirement already satisfied: numpy>=1.18.0 in /var/lib/condor/execute/slot1/dir_12360/PPOROS/ppo-ros_env/lib/python3.9/site-packages (from gym->custom-envs==0.0.1) (1.24.2)
Requirement already satisfied: cloudpickle>=1.2.0 in /var/lib/condor/execute/slot1/dir_12360/PPOROS/ppo-ros_env/lib/python3.9/site-packages (from gym->custom-envs==0.0.1) (2.2.1)
Installing collected packages: custom-envs
  Running setup.py develop for custom-envs
Successfully installed custom-envs-0.0.1
seed: 1
Eval num_timesteps=0, episode_reward=nan +/- nan
Eval num_timesteps=0, episode_success=nan +/- nan
se
1 1024 1024
diff [-0.11399006843566895]
ref [0.7187727689743042]
[0.6047827005386353]
Training time: 42 	steps per sec: 24
Eval num_timesteps=1024, episode_reward=nan +/- nan
Eval num_timesteps=1024, episode_success=nan +/- nan
se
2 2048 1024
diff [-0.11399006843566895, -0.020094871520996094]
ref [0.7187727689743042, 0.22686220705509186]
[0.6047827005386353, 0.20676733553409576]
Training time: 98 	steps per sec: 20
Eval num_timesteps=2048, episode_reward=nan +/- nan
Eval num_timesteps=2048, episode_success=nan +/- nan
se
3 3072 1024
diff [-0.11399006843566895, -0.020094871520996094, -0.01916152983903885]
ref [0.7187727689743042, 0.22686220705509186, 0.137950137257576]
[0.6047827005386353, 0.20676733553409576, 0.11878860741853714]
Training time: 174 	steps per sec: 17
Eval num_timesteps=3072, episode_reward=nan +/- nan
Eval num_timesteps=3072, episode_success=nan +/- nan
se
4 4096 1024
diff [-0.11399006843566895, -0.020094871520996094, -0.01916152983903885, -0.01805831491947174]
ref [0.7187727689743042, 0.22686220705509186, 0.137950137257576, 0.1042306125164032]
[0.6047827005386353, 0.20676733553409576, 0.11878860741853714, 0.08617229759693146]
Training time: 260 	steps per sec: 15
Eval num_timesteps=4096, episode_reward=nan +/- nan
Eval num_timesteps=4096, episode_success=nan +/- nan
se
5 5120 1024
diff [-0.11399006843566895, -0.020094871520996094, -0.01916152983903885, -0.01805831491947174, -0.01484382152557373]
ref [0.7187727689743042, 0.22686220705509186, 0.137950137257576, 0.1042306125164032, 0.07552379369735718]
[0.6047827005386353, 0.20676733553409576, 0.11878860741853714, 0.08617229759693146, 0.06067997217178345]
Training time: 362 	steps per sec: 14
Eval num_timesteps=5120, episode_reward=nan +/- nan
Eval num_timesteps=5120, episode_success=nan +/- nan
se
6 6144 1024
diff [-0.11399006843566895, -0.020094871520996094, -0.01916152983903885, -0.01805831491947174, -0.01484382152557373, -0.01587892696261406]
ref [0.7187727689743042, 0.22686220705509186, 0.137950137257576, 0.1042306125164032, 0.07552379369735718, 0.06250803917646408]
[0.6047827005386353, 0.20676733553409576, 0.11878860741853714, 0.08617229759693146, 0.06067997217178345, 0.04662911221385002]
Training time: 479 	steps per sec: 12
Eval num_timesteps=6144, episode_reward=nan +/- nan
Eval num_timesteps=6144, episode_success=nan +/- nan
se
7 7168 1024
diff [-0.11399006843566895, -0.020094871520996094, -0.01916152983903885, -0.01805831491947174, -0.01484382152557373, -0.01587892696261406, -0.01573287695646286]
ref [0.7187727689743042, 0.22686220705509186, 0.137950137257576, 0.1042306125164032, 0.07552379369735718, 0.06250803917646408, 0.0561746284365654]
[0.6047827005386353, 0.20676733553409576, 0.11878860741853714, 0.08617229759693146, 0.06067997217178345, 0.04662911221385002, 0.04044175148010254]
Training time: 612 	steps per sec: 11
Eval num_timesteps=7168, episode_reward=nan +/- nan
Eval num_timesteps=7168, episode_success=nan +/- nan
se
8 8192 1024
diff [-0.11399006843566895, -0.020094871520996094, -0.01916152983903885, -0.01805831491947174, -0.01484382152557373, -0.01587892696261406, -0.01573287695646286, -0.012954972684383392]
ref [0.7187727689743042, 0.22686220705509186, 0.137950137257576, 0.1042306125164032, 0.07552379369735718, 0.06250803917646408, 0.0561746284365654, 0.04928615316748619]
[0.6047827005386353, 0.20676733553409576, 0.11878860741853714, 0.08617229759693146, 0.06067997217178345, 0.04662911221385002, 0.04044175148010254, 0.0363311804831028]
Training time: 760 	steps per sec: 10
Eval num_timesteps=8192, episode_reward=nan +/- nan
Eval num_timesteps=8192, episode_success=nan +/- nan
se
9 9216 1024
diff [-0.11399006843566895, -0.020094871520996094, -0.01916152983903885, -0.01805831491947174, -0.01484382152557373, -0.01587892696261406, -0.01573287695646286, -0.012954972684383392, -0.009685235098004341]
ref [0.7187727689743042, 0.22686220705509186, 0.137950137257576, 0.1042306125164032, 0.07552379369735718, 0.06250803917646408, 0.0561746284365654, 0.04928615316748619, 0.04076177626848221]
[0.6047827005386353, 0.20676733553409576, 0.11878860741853714, 0.08617229759693146, 0.06067997217178345, 0.04662911221385002, 0.04044175148010254, 0.0363311804831028, 0.031076541170477867]
Training time: 900 	steps per sec: 10
Eval num_timesteps=9216, episode_reward=nan +/- nan
Eval num_timesteps=9216, episode_success=nan +/- nan
se
10 10240 1024
diff [-0.11399006843566895, -0.020094871520996094, -0.01916152983903885, -0.01805831491947174, -0.01484382152557373, -0.01587892696261406, -0.01573287695646286, -0.012954972684383392, -0.009685235098004341, -0.005092518404126167]
ref [0.7187727689743042, 0.22686220705509186, 0.137950137257576, 0.1042306125164032, 0.07552379369735718, 0.06250803917646408, 0.0561746284365654, 0.04928615316748619, 0.04076177626848221, 0.03215350955724716]
[0.6047827005386353, 0.20676733553409576, 0.11878860741853714, 0.08617229759693146, 0.06067997217178345, 0.04662911221385002, 0.04044175148010254, 0.0363311804831028, 0.031076541170477867, 0.027060991153120995]
Training time: 1058 	steps per sec: 9
Eval num_timesteps=10240, episode_reward=nan +/- nan
Eval num_timesteps=10240, episode_success=nan +/- nan
se
11 11264 1024
diff [-0.11399006843566895, -0.020094871520996094, -0.01916152983903885, -0.01805831491947174, -0.01484382152557373, -0.01587892696261406, -0.01573287695646286, -0.012954972684383392, -0.009685235098004341, -0.005092518404126167, -0.003976855427026749]
ref [0.7187727689743042, 0.22686220705509186, 0.137950137257576, 0.1042306125164032, 0.07552379369735718, 0.06250803917646408, 0.0561746284365654, 0.04928615316748619, 0.04076177626848221, 0.03215350955724716, 0.02944638580083847]
[0.6047827005386353, 0.20676733553409576, 0.11878860741853714, 0.08617229759693146, 0.06067997217178345, 0.04662911221385002, 0.04044175148010254, 0.0363311804831028, 0.031076541170477867, 0.027060991153120995, 0.025469530373811722]
Training time: 1226 	steps per sec: 9
Eval num_timesteps=11264, episode_reward=nan +/- nan
Eval num_timesteps=11264, episode_success=nan +/- nan
se
12 12288 1024
diff [-0.11399006843566895, -0.020094871520996094, -0.01916152983903885, -0.01805831491947174, -0.01484382152557373, -0.01587892696261406, -0.01573287695646286, -0.012954972684383392, -0.009685235098004341, -0.005092518404126167, -0.003976855427026749, -0.009460365399718285]
ref [0.7187727689743042, 0.22686220705509186, 0.137950137257576, 0.1042306125164032, 0.07552379369735718, 0.06250803917646408, 0.0561746284365654, 0.04928615316748619, 0.04076177626848221, 0.03215350955724716, 0.02944638580083847, 0.03256063163280487]
[0.6047827005386353, 0.20676733553409576, 0.11878860741853714, 0.08617229759693146, 0.06067997217178345, 0.04662911221385002, 0.04044175148010254, 0.0363311804831028, 0.031076541170477867, 0.027060991153120995, 0.025469530373811722, 0.023100266233086586]
Training time: 1418 	steps per sec: 8
Eval num_timesteps=12288, episode_reward=nan +/- nan
Eval num_timesteps=12288, episode_success=nan +/- nan
se
13 13312 1024
diff [-0.11399006843566895, -0.020094871520996094, -0.01916152983903885, -0.01805831491947174, -0.01484382152557373, -0.01587892696261406, -0.01573287695646286, -0.012954972684383392, -0.009685235098004341, -0.005092518404126167, -0.003976855427026749, -0.009460365399718285, -0.004402287304401398]
ref [0.7187727689743042, 0.22686220705509186, 0.137950137257576, 0.1042306125164032, 0.07552379369735718, 0.06250803917646408, 0.0561746284365654, 0.04928615316748619, 0.04076177626848221, 0.03215350955724716, 0.02944638580083847, 0.03256063163280487, 0.025729477405548096]
[0.6047827005386353, 0.20676733553409576, 0.11878860741853714, 0.08617229759693146, 0.06067997217178345, 0.04662911221385002, 0.04044175148010254, 0.0363311804831028, 0.031076541170477867, 0.027060991153120995, 0.025469530373811722, 0.023100266233086586, 0.021327190101146698]
Training time: 1609 	steps per sec: 8
Eval num_timesteps=13312, episode_reward=nan +/- nan
Eval num_timesteps=13312, episode_success=nan +/- nan
se
14 14336 1024
diff [-0.11399006843566895, -0.020094871520996094, -0.01916152983903885, -0.01805831491947174, -0.01484382152557373, -0.01587892696261406, -0.01573287695646286, -0.012954972684383392, -0.009685235098004341, -0.005092518404126167, -0.003976855427026749, -0.009460365399718285, -0.004402287304401398, -0.006704429164528847]
ref [0.7187727689743042, 0.22686220705509186, 0.137950137257576, 0.1042306125164032, 0.07552379369735718, 0.06250803917646408, 0.0561746284365654, 0.04928615316748619, 0.04076177626848221, 0.03215350955724716, 0.02944638580083847, 0.03256063163280487, 0.025729477405548096, 0.026082346215844154]
[0.6047827005386353, 0.20676733553409576, 0.11878860741853714, 0.08617229759693146, 0.06067997217178345, 0.04662911221385002, 0.04044175148010254, 0.0363311804831028, 0.031076541170477867, 0.027060991153120995, 0.025469530373811722, 0.023100266233086586, 0.021327190101146698, 0.019377917051315308]
Training time: 1812 	steps per sec: 7
Eval num_timesteps=14336, episode_reward=nan +/- nan
Eval num_timesteps=14336, episode_success=nan +/- nan
se
15 15360 1024
diff [-0.11399006843566895, -0.020094871520996094, -0.01916152983903885, -0.01805831491947174, -0.01484382152557373, -0.01587892696261406, -0.01573287695646286, -0.012954972684383392, -0.009685235098004341, -0.005092518404126167, -0.003976855427026749, -0.009460365399718285, -0.004402287304401398, -0.006704429164528847, -0.007521916180849075]
ref [0.7187727689743042, 0.22686220705509186, 0.137950137257576, 0.1042306125164032, 0.07552379369735718, 0.06250803917646408, 0.0561746284365654, 0.04928615316748619, 0.04076177626848221, 0.03215350955724716, 0.02944638580083847, 0.03256063163280487, 0.025729477405548096, 0.026082346215844154, 0.024766894057393074]
[0.6047827005386353, 0.20676733553409576, 0.11878860741853714, 0.08617229759693146, 0.06067997217178345, 0.04662911221385002, 0.04044175148010254, 0.0363311804831028, 0.031076541170477867, 0.027060991153120995, 0.025469530373811722, 0.023100266233086586, 0.021327190101146698, 0.019377917051315308, 0.017244977876544]
Training time: 2038 	steps per sec: 7
Eval num_timesteps=15360, episode_reward=nan +/- nan
Eval num_timesteps=15360, episode_success=nan +/- nan
se
16 16384 1024
diff [-0.11399006843566895, -0.020094871520996094, -0.01916152983903885, -0.01805831491947174, -0.01484382152557373, -0.01587892696261406, -0.01573287695646286, -0.012954972684383392, -0.009685235098004341, -0.005092518404126167, -0.003976855427026749, -0.009460365399718285, -0.004402287304401398, -0.006704429164528847, -0.007521916180849075, -0.008457058109343052]
ref [0.7187727689743042, 0.22686220705509186, 0.137950137257576, 0.1042306125164032, 0.07552379369735718, 0.06250803917646408, 0.0561746284365654, 0.04928615316748619, 0.04076177626848221, 0.03215350955724716, 0.02944638580083847, 0.03256063163280487, 0.025729477405548096, 0.026082346215844154, 0.024766894057393074, 0.02394358068704605]
[0.6047827005386353, 0.20676733553409576, 0.11878860741853714, 0.08617229759693146, 0.06067997217178345, 0.04662911221385002, 0.04044175148010254, 0.0363311804831028, 0.031076541170477867, 0.027060991153120995, 0.025469530373811722, 0.023100266233086586, 0.021327190101146698, 0.019377917051315308, 0.017244977876544, 0.015486522577702999]
Training time: 2294 	steps per sec: 7
Eval num_timesteps=16384, episode_reward=nan +/- nan
Eval num_timesteps=16384, episode_success=nan +/- nan
se
16 16384 1024
diff [-0.11399006843566895, -0.020094871520996094, -0.01916152983903885, -0.01805831491947174, -0.01484382152557373, -0.01587892696261406, -0.01573287695646286, -0.012954972684383392, -0.009685235098004341, -0.005092518404126167, -0.003976855427026749, -0.009460365399718285, -0.004402287304401398, -0.006704429164528847, -0.007521916180849075, -0.008457058109343052, -0.005448414012789726]
ref [0.7187727689743042, 0.22686220705509186, 0.137950137257576, 0.1042306125164032, 0.07552379369735718, 0.06250803917646408, 0.0561746284365654, 0.04928615316748619, 0.04076177626848221, 0.03215350955724716, 0.02944638580083847, 0.03256063163280487, 0.025729477405548096, 0.026082346215844154, 0.024766894057393074, 0.02394358068704605, 0.02091846615076065]
[0.6047827005386353, 0.20676733553409576, 0.11878860741853714, 0.08617229759693146, 0.06067997217178345, 0.04662911221385002, 0.04044175148010254, 0.0363311804831028, 0.031076541170477867, 0.027060991153120995, 0.025469530373811722, 0.023100266233086586, 0.021327190101146698, 0.019377917051315308, 0.017244977876544, 0.015486522577702999, 0.015470052137970924]
Training time: 2545 	steps per sec: 6
Eval num_timesteps=17408, episode_reward=nan +/- nan
Eval num_timesteps=17408, episode_success=nan +/- nan
se
16 16384 1024
diff [-0.11399006843566895, -0.020094871520996094, -0.01916152983903885, -0.01805831491947174, -0.01484382152557373, -0.01587892696261406, -0.01573287695646286, -0.012954972684383392, -0.009685235098004341, -0.005092518404126167, -0.003976855427026749, -0.009460365399718285, -0.004402287304401398, -0.006704429164528847, -0.007521916180849075, -0.008457058109343052, -0.005448414012789726, -0.004503043368458748]
ref [0.7187727689743042, 0.22686220705509186, 0.137950137257576, 0.1042306125164032, 0.07552379369735718, 0.06250803917646408, 0.0561746284365654, 0.04928615316748619, 0.04076177626848221, 0.03215350955724716, 0.02944638580083847, 0.03256063163280487, 0.025729477405548096, 0.026082346215844154, 0.024766894057393074, 0.02394358068704605, 0.02091846615076065, 0.021025707945227623]
[0.6047827005386353, 0.20676733553409576, 0.11878860741853714, 0.08617229759693146, 0.06067997217178345, 0.04662911221385002, 0.04044175148010254, 0.0363311804831028, 0.031076541170477867, 0.027060991153120995, 0.025469530373811722, 0.023100266233086586, 0.021327190101146698, 0.019377917051315308, 0.017244977876544, 0.015486522577702999, 0.015470052137970924, 0.016522664576768875]
Training time: 2791 	steps per sec: 6
Eval num_timesteps=18432, episode_reward=nan +/- nan
Eval num_timesteps=18432, episode_success=nan +/- nan
se
16 16384 1024
diff [-0.11399006843566895, -0.020094871520996094, -0.01916152983903885, -0.01805831491947174, -0.01484382152557373, -0.01587892696261406, -0.01573287695646286, -0.012954972684383392, -0.009685235098004341, -0.005092518404126167, -0.003976855427026749, -0.009460365399718285, -0.004402287304401398, -0.006704429164528847, -0.007521916180849075, -0.008457058109343052, -0.005448414012789726, -0.004503043368458748, -0.007249893620610237]
ref [0.7187727689743042, 0.22686220705509186, 0.137950137257576, 0.1042306125164032, 0.07552379369735718, 0.06250803917646408, 0.0561746284365654, 0.04928615316748619, 0.04076177626848221, 0.03215350955724716, 0.02944638580083847, 0.03256063163280487, 0.025729477405548096, 0.026082346215844154, 0.024766894057393074, 0.02394358068704605, 0.02091846615076065, 0.021025707945227623, 0.023289645090699196]
[0.6047827005386353, 0.20676733553409576, 0.11878860741853714, 0.08617229759693146, 0.06067997217178345, 0.04662911221385002, 0.04044175148010254, 0.0363311804831028, 0.031076541170477867, 0.027060991153120995, 0.025469530373811722, 0.023100266233086586, 0.021327190101146698, 0.019377917051315308, 0.017244977876544, 0.015486522577702999, 0.015470052137970924, 0.016522664576768875, 0.01603975147008896]
Training time: 2989 	steps per sec: 6
Eval num_timesteps=19456, episode_reward=nan +/- nan
Eval num_timesteps=19456, episode_success=nan +/- nan
se
16 16384 1024
diff [-0.11399006843566895, -0.020094871520996094, -0.01916152983903885, -0.01805831491947174, -0.01484382152557373, -0.01587892696261406, -0.01573287695646286, -0.012954972684383392, -0.009685235098004341, -0.005092518404126167, -0.003976855427026749, -0.009460365399718285, -0.004402287304401398, -0.006704429164528847, -0.007521916180849075, -0.008457058109343052, -0.005448414012789726, -0.004503043368458748, -0.007249893620610237, -0.006038101390004158]
ref [0.7187727689743042, 0.22686220705509186, 0.137950137257576, 0.1042306125164032, 0.07552379369735718, 0.06250803917646408, 0.0561746284365654, 0.04928615316748619, 0.04076177626848221, 0.03215350955724716, 0.02944638580083847, 0.03256063163280487, 0.025729477405548096, 0.026082346215844154, 0.024766894057393074, 0.02394358068704605, 0.02091846615076065, 0.021025707945227623, 0.023289645090699196, 0.021922381594777107]
[0.6047827005386353, 0.20676733553409576, 0.11878860741853714, 0.08617229759693146, 0.06067997217178345, 0.04662911221385002, 0.04044175148010254, 0.0363311804831028, 0.031076541170477867, 0.027060991153120995, 0.025469530373811722, 0.023100266233086586, 0.021327190101146698, 0.019377917051315308, 0.017244977876544, 0.015486522577702999, 0.015470052137970924, 0.016522664576768875, 0.01603975147008896, 0.01588428020477295]
Training time: 3192 	steps per sec: 6
Eval num_timesteps=20480, episode_reward=nan +/- nan
Eval num_timesteps=20480, episode_success=nan +/- nan
se
16 16384 1024
diff [-0.11399006843566895, -0.020094871520996094, -0.01916152983903885, -0.01805831491947174, -0.01484382152557373, -0.01587892696261406, -0.01573287695646286, -0.012954972684383392, -0.009685235098004341, -0.005092518404126167, -0.003976855427026749, -0.009460365399718285, -0.004402287304401398, -0.006704429164528847, -0.007521916180849075, -0.008457058109343052, -0.005448414012789726, -0.004503043368458748, -0.007249893620610237, -0.006038101390004158, -0.0045729344710707664]
ref [0.7187727689743042, 0.22686220705509186, 0.137950137257576, 0.1042306125164032, 0.07552379369735718, 0.06250803917646408, 0.0561746284365654, 0.04928615316748619, 0.04076177626848221, 0.03215350955724716, 0.02944638580083847, 0.03256063163280487, 0.025729477405548096, 0.026082346215844154, 0.024766894057393074, 0.02394358068704605, 0.02091846615076065, 0.021025707945227623, 0.023289645090699196, 0.021922381594777107, 0.019924281165003777]
[0.6047827005386353, 0.20676733553409576, 0.11878860741853714, 0.08617229759693146, 0.06067997217178345, 0.04662911221385002, 0.04044175148010254, 0.0363311804831028, 0.031076541170477867, 0.027060991153120995, 0.025469530373811722, 0.023100266233086586, 0.021327190101146698, 0.019377917051315308, 0.017244977876544, 0.015486522577702999, 0.015470052137970924, 0.016522664576768875, 0.01603975147008896, 0.01588428020477295, 0.01535134669393301]
Training time: 3398 	steps per sec: 6
Eval num_timesteps=21504, episode_reward=nan +/- nan
Eval num_timesteps=21504, episode_success=nan +/- nan
se
16 16384 1024
diff [-0.11399006843566895, -0.020094871520996094, -0.01916152983903885, -0.01805831491947174, -0.01484382152557373, -0.01587892696261406, -0.01573287695646286, -0.012954972684383392, -0.009685235098004341, -0.005092518404126167, -0.003976855427026749, -0.009460365399718285, -0.004402287304401398, -0.006704429164528847, -0.007521916180849075, -0.008457058109343052, -0.005448414012789726, -0.004503043368458748, -0.007249893620610237, -0.006038101390004158, -0.0045729344710707664, -0.006086698733270168]
ref [0.7187727689743042, 0.22686220705509186, 0.137950137257576, 0.1042306125164032, 0.07552379369735718, 0.06250803917646408, 0.0561746284365654, 0.04928615316748619, 0.04076177626848221, 0.03215350955724716, 0.02944638580083847, 0.03256063163280487, 0.025729477405548096, 0.026082346215844154, 0.024766894057393074, 0.02394358068704605, 0.02091846615076065, 0.021025707945227623, 0.023289645090699196, 0.021922381594777107, 0.019924281165003777, 0.021178562194108963]
[0.6047827005386353, 0.20676733553409576, 0.11878860741853714, 0.08617229759693146, 0.06067997217178345, 0.04662911221385002, 0.04044175148010254, 0.0363311804831028, 0.031076541170477867, 0.027060991153120995, 0.025469530373811722, 0.023100266233086586, 0.021327190101146698, 0.019377917051315308, 0.017244977876544, 0.015486522577702999, 0.015470052137970924, 0.016522664576768875, 0.01603975147008896, 0.01588428020477295, 0.01535134669393301, 0.015091863460838795]
Training time: 3600 	steps per sec: 6
Eval num_timesteps=22528, episode_reward=nan +/- nan
Eval num_timesteps=22528, episode_success=nan +/- nan
se
16 16384 1024
diff [-0.11399006843566895, -0.020094871520996094, -0.01916152983903885, -0.01805831491947174, -0.01484382152557373, -0.01587892696261406, -0.01573287695646286, -0.012954972684383392, -0.009685235098004341, -0.005092518404126167, -0.003976855427026749, -0.009460365399718285, -0.004402287304401398, -0.006704429164528847, -0.007521916180849075, -0.008457058109343052, -0.005448414012789726, -0.004503043368458748, -0.007249893620610237, -0.006038101390004158, -0.0045729344710707664, -0.006086698733270168, -0.00580707099288702]
ref [0.7187727689743042, 0.22686220705509186, 0.137950137257576, 0.1042306125164032, 0.07552379369735718, 0.06250803917646408, 0.0561746284365654, 0.04928615316748619, 0.04076177626848221, 0.03215350955724716, 0.02944638580083847, 0.03256063163280487, 0.025729477405548096, 0.026082346215844154, 0.024766894057393074, 0.02394358068704605, 0.02091846615076065, 0.021025707945227623, 0.023289645090699196, 0.021922381594777107, 0.019924281165003777, 0.021178562194108963, 0.02053050883114338]
[0.6047827005386353, 0.20676733553409576, 0.11878860741853714, 0.08617229759693146, 0.06067997217178345, 0.04662911221385002, 0.04044175148010254, 0.0363311804831028, 0.031076541170477867, 0.027060991153120995, 0.025469530373811722, 0.023100266233086586, 0.021327190101146698, 0.019377917051315308, 0.017244977876544, 0.015486522577702999, 0.015470052137970924, 0.016522664576768875, 0.01603975147008896, 0.01588428020477295, 0.01535134669393301, 0.015091863460838795, 0.014723437838256359]
Training time: 3817 	steps per sec: 6
Eval num_timesteps=23552, episode_reward=nan +/- nan
Eval num_timesteps=23552, episode_success=nan +/- nan
se
16 16384 1024
diff [-0.11399006843566895, -0.020094871520996094, -0.01916152983903885, -0.01805831491947174, -0.01484382152557373, -0.01587892696261406, -0.01573287695646286, -0.012954972684383392, -0.009685235098004341, -0.005092518404126167, -0.003976855427026749, -0.009460365399718285, -0.004402287304401398, -0.006704429164528847, -0.007521916180849075, -0.008457058109343052, -0.005448414012789726, -0.004503043368458748, -0.007249893620610237, -0.006038101390004158, -0.0045729344710707664, -0.006086698733270168, -0.00580707099288702, -0.010278831236064434]
ref [0.7187727689743042, 0.22686220705509186, 0.137950137257576, 0.1042306125164032, 0.07552379369735718, 0.06250803917646408, 0.0561746284365654, 0.04928615316748619, 0.04076177626848221, 0.03215350955724716, 0.02944638580083847, 0.03256063163280487, 0.025729477405548096, 0.026082346215844154, 0.024766894057393074, 0.02394358068704605, 0.02091846615076065, 0.021025707945227623, 0.023289645090699196, 0.021922381594777107, 0.019924281165003777, 0.021178562194108963, 0.02053050883114338, 0.024962492287158966]
[0.6047827005386353, 0.20676733553409576, 0.11878860741853714, 0.08617229759693146, 0.06067997217178345, 0.04662911221385002, 0.04044175148010254, 0.0363311804831028, 0.031076541170477867, 0.027060991153120995, 0.025469530373811722, 0.023100266233086586, 0.021327190101146698, 0.019377917051315308, 0.017244977876544, 0.015486522577702999, 0.015470052137970924, 0.016522664576768875, 0.01603975147008896, 0.01588428020477295, 0.01535134669393301, 0.015091863460838795, 0.014723437838256359, 0.014683661051094532]
Training time: 4031 	steps per sec: 6
Eval num_timesteps=24576, episode_reward=nan +/- nan
Eval num_timesteps=24576, episode_success=nan +/- nan
se
16 16384 1024
diff [-0.11399006843566895, -0.020094871520996094, -0.01916152983903885, -0.01805831491947174, -0.01484382152557373, -0.01587892696261406, -0.01573287695646286, -0.012954972684383392, -0.009685235098004341, -0.005092518404126167, -0.003976855427026749, -0.009460365399718285, -0.004402287304401398, -0.006704429164528847, -0.007521916180849075, -0.008457058109343052, -0.005448414012789726, -0.004503043368458748, -0.007249893620610237, -0.006038101390004158, -0.0045729344710707664, -0.006086698733270168, -0.00580707099288702, -0.010278831236064434, -0.004042322747409344]
ref [0.7187727689743042, 0.22686220705509186, 0.137950137257576, 0.1042306125164032, 0.07552379369735718, 0.06250803917646408, 0.0561746284365654, 0.04928615316748619, 0.04076177626848221, 0.03215350955724716, 0.02944638580083847, 0.03256063163280487, 0.025729477405548096, 0.026082346215844154, 0.024766894057393074, 0.02394358068704605, 0.02091846615076065, 0.021025707945227623, 0.023289645090699196, 0.021922381594777107, 0.019924281165003777, 0.021178562194108963, 0.02053050883114338, 0.024962492287158966, 0.0183855090290308]
[0.6047827005386353, 0.20676733553409576, 0.11878860741853714, 0.08617229759693146, 0.06067997217178345, 0.04662911221385002, 0.04044175148010254, 0.0363311804831028, 0.031076541170477867, 0.027060991153120995, 0.025469530373811722, 0.023100266233086586, 0.021327190101146698, 0.019377917051315308, 0.017244977876544, 0.015486522577702999, 0.015470052137970924, 0.016522664576768875, 0.01603975147008896, 0.01588428020477295, 0.01535134669393301, 0.015091863460838795, 0.014723437838256359, 0.014683661051094532, 0.014343186281621456]
Training time: 4243 	steps per sec: 6
Eval num_timesteps=25600, episode_reward=nan +/- nan
Eval num_timesteps=25600, episode_success=nan +/- nan
se
16 16384 1024
diff [-0.11399006843566895, -0.020094871520996094, -0.01916152983903885, -0.01805831491947174, -0.01484382152557373, -0.01587892696261406, -0.01573287695646286, -0.012954972684383392, -0.009685235098004341, -0.005092518404126167, -0.003976855427026749, -0.009460365399718285, -0.004402287304401398, -0.006704429164528847, -0.007521916180849075, -0.008457058109343052, -0.005448414012789726, -0.004503043368458748, -0.007249893620610237, -0.006038101390004158, -0.0045729344710707664, -0.006086698733270168, -0.00580707099288702, -0.010278831236064434, -0.004042322747409344, -0.0076572708785533905]
ref [0.7187727689743042, 0.22686220705509186, 0.137950137257576, 0.1042306125164032, 0.07552379369735718, 0.06250803917646408, 0.0561746284365654, 0.04928615316748619, 0.04076177626848221, 0.03215350955724716, 0.02944638580083847, 0.03256063163280487, 0.025729477405548096, 0.026082346215844154, 0.024766894057393074, 0.02394358068704605, 0.02091846615076065, 0.021025707945227623, 0.023289645090699196, 0.021922381594777107, 0.019924281165003777, 0.021178562194108963, 0.02053050883114338, 0.024962492287158966, 0.0183855090290308, 0.02138974517583847]
[0.6047827005386353, 0.20676733553409576, 0.11878860741853714, 0.08617229759693146, 0.06067997217178345, 0.04662911221385002, 0.04044175148010254, 0.0363311804831028, 0.031076541170477867, 0.027060991153120995, 0.025469530373811722, 0.023100266233086586, 0.021327190101146698, 0.019377917051315308, 0.017244977876544, 0.015486522577702999, 0.015470052137970924, 0.016522664576768875, 0.01603975147008896, 0.01588428020477295, 0.01535134669393301, 0.015091863460838795, 0.014723437838256359, 0.014683661051094532, 0.014343186281621456, 0.01373247429728508]
Training time: 4452 	steps per sec: 5
Eval num_timesteps=26624, episode_reward=nan +/- nan
Eval num_timesteps=26624, episode_success=nan +/- nan
se
16 16384 1024
diff [-0.11399006843566895, -0.020094871520996094, -0.01916152983903885, -0.01805831491947174, -0.01484382152557373, -0.01587892696261406, -0.01573287695646286, -0.012954972684383392, -0.009685235098004341, -0.005092518404126167, -0.003976855427026749, -0.009460365399718285, -0.004402287304401398, -0.006704429164528847, -0.007521916180849075, -0.008457058109343052, -0.005448414012789726, -0.004503043368458748, -0.007249893620610237, -0.006038101390004158, -0.0045729344710707664, -0.006086698733270168, -0.00580707099288702, -0.010278831236064434, -0.004042322747409344, -0.0076572708785533905, -0.0047439709305763245]
ref [0.7187727689743042, 0.22686220705509186, 0.137950137257576, 0.1042306125164032, 0.07552379369735718, 0.06250803917646408, 0.0561746284365654, 0.04928615316748619, 0.04076177626848221, 0.03215350955724716, 0.02944638580083847, 0.03256063163280487, 0.025729477405548096, 0.026082346215844154, 0.024766894057393074, 0.02394358068704605, 0.02091846615076065, 0.021025707945227623, 0.023289645090699196, 0.021922381594777107, 0.019924281165003777, 0.021178562194108963, 0.02053050883114338, 0.024962492287158966, 0.0183855090290308, 0.02138974517583847, 0.018633205443620682]
[0.6047827005386353, 0.20676733553409576, 0.11878860741853714, 0.08617229759693146, 0.06067997217178345, 0.04662911221385002, 0.04044175148010254, 0.0363311804831028, 0.031076541170477867, 0.027060991153120995, 0.025469530373811722, 0.023100266233086586, 0.021327190101146698, 0.019377917051315308, 0.017244977876544, 0.015486522577702999, 0.015470052137970924, 0.016522664576768875, 0.01603975147008896, 0.01588428020477295, 0.01535134669393301, 0.015091863460838795, 0.014723437838256359, 0.014683661051094532, 0.014343186281621456, 0.01373247429728508, 0.013889234513044357]
Training time: 4665 	steps per sec: 5
Eval num_timesteps=27648, episode_reward=nan +/- nan
Eval num_timesteps=27648, episode_success=nan +/- nan
se
16 16384 1024
diff [-0.11399006843566895, -0.020094871520996094, -0.01916152983903885, -0.01805831491947174, -0.01484382152557373, -0.01587892696261406, -0.01573287695646286, -0.012954972684383392, -0.009685235098004341, -0.005092518404126167, -0.003976855427026749, -0.009460365399718285, -0.004402287304401398, -0.006704429164528847, -0.007521916180849075, -0.008457058109343052, -0.005448414012789726, -0.004503043368458748, -0.007249893620610237, -0.006038101390004158, -0.0045729344710707664, -0.006086698733270168, -0.00580707099288702, -0.010278831236064434, -0.004042322747409344, -0.0076572708785533905, -0.0047439709305763245, -0.008272120729088783]
ref [0.7187727689743042, 0.22686220705509186, 0.137950137257576, 0.1042306125164032, 0.07552379369735718, 0.06250803917646408, 0.0561746284365654, 0.04928615316748619, 0.04076177626848221, 0.03215350955724716, 0.02944638580083847, 0.03256063163280487, 0.025729477405548096, 0.026082346215844154, 0.024766894057393074, 0.02394358068704605, 0.02091846615076065, 0.021025707945227623, 0.023289645090699196, 0.021922381594777107, 0.019924281165003777, 0.021178562194108963, 0.02053050883114338, 0.024962492287158966, 0.0183855090290308, 0.02138974517583847, 0.018633205443620682, 0.02201433852314949]
[0.6047827005386353, 0.20676733553409576, 0.11878860741853714, 0.08617229759693146, 0.06067997217178345, 0.04662911221385002, 0.04044175148010254, 0.0363311804831028, 0.031076541170477867, 0.027060991153120995, 0.025469530373811722, 0.023100266233086586, 0.021327190101146698, 0.019377917051315308, 0.017244977876544, 0.015486522577702999, 0.015470052137970924, 0.016522664576768875, 0.01603975147008896, 0.01588428020477295, 0.01535134669393301, 0.015091863460838795, 0.014723437838256359, 0.014683661051094532, 0.014343186281621456, 0.01373247429728508, 0.013889234513044357, 0.013742217794060707]
Training time: 4878 	steps per sec: 5
Eval num_timesteps=28672, episode_reward=nan +/- nan
Eval num_timesteps=28672, episode_success=nan +/- nan
se
16 16384 1024
diff [-0.11399006843566895, -0.020094871520996094, -0.01916152983903885, -0.01805831491947174, -0.01484382152557373, -0.01587892696261406, -0.01573287695646286, -0.012954972684383392, -0.009685235098004341, -0.005092518404126167, -0.003976855427026749, -0.009460365399718285, -0.004402287304401398, -0.006704429164528847, -0.007521916180849075, -0.008457058109343052, -0.005448414012789726, -0.004503043368458748, -0.007249893620610237, -0.006038101390004158, -0.0045729344710707664, -0.006086698733270168, -0.00580707099288702, -0.010278831236064434, -0.004042322747409344, -0.0076572708785533905, -0.0047439709305763245, -0.008272120729088783, -0.00655423104763031]
ref [0.7187727689743042, 0.22686220705509186, 0.137950137257576, 0.1042306125164032, 0.07552379369735718, 0.06250803917646408, 0.0561746284365654, 0.04928615316748619, 0.04076177626848221, 0.03215350955724716, 0.02944638580083847, 0.03256063163280487, 0.025729477405548096, 0.026082346215844154, 0.024766894057393074, 0.02394358068704605, 0.02091846615076065, 0.021025707945227623, 0.023289645090699196, 0.021922381594777107, 0.019924281165003777, 0.021178562194108963, 0.02053050883114338, 0.024962492287158966, 0.0183855090290308, 0.02138974517583847, 0.018633205443620682, 0.02201433852314949, 0.021459944546222687]
[0.6047827005386353, 0.20676733553409576, 0.11878860741853714, 0.08617229759693146, 0.06067997217178345, 0.04662911221385002, 0.04044175148010254, 0.0363311804831028, 0.031076541170477867, 0.027060991153120995, 0.025469530373811722, 0.023100266233086586, 0.021327190101146698, 0.019377917051315308, 0.017244977876544, 0.015486522577702999, 0.015470052137970924, 0.016522664576768875, 0.01603975147008896, 0.01588428020477295, 0.01535134669393301, 0.015091863460838795, 0.014723437838256359, 0.014683661051094532, 0.014343186281621456, 0.01373247429728508, 0.013889234513044357, 0.013742217794060707, 0.014905713498592377]
Training time: 5087 	steps per sec: 5
Eval num_timesteps=29696, episode_reward=nan +/- nan
Eval num_timesteps=29696, episode_success=nan +/- nan
se
16 16384 1024
diff [-0.11399006843566895, -0.020094871520996094, -0.01916152983903885, -0.01805831491947174, -0.01484382152557373, -0.01587892696261406, -0.01573287695646286, -0.012954972684383392, -0.009685235098004341, -0.005092518404126167, -0.003976855427026749, -0.009460365399718285, -0.004402287304401398, -0.006704429164528847, -0.007521916180849075, -0.008457058109343052, -0.005448414012789726, -0.004503043368458748, -0.007249893620610237, -0.006038101390004158, -0.0045729344710707664, -0.006086698733270168, -0.00580707099288702, -0.010278831236064434, -0.004042322747409344, -0.0076572708785533905, -0.0047439709305763245, -0.008272120729088783, -0.00655423104763031, -0.006212987937033176]
ref [0.7187727689743042, 0.22686220705509186, 0.137950137257576, 0.1042306125164032, 0.07552379369735718, 0.06250803917646408, 0.0561746284365654, 0.04928615316748619, 0.04076177626848221, 0.03215350955724716, 0.02944638580083847, 0.03256063163280487, 0.025729477405548096, 0.026082346215844154, 0.024766894057393074, 0.02394358068704605, 0.02091846615076065, 0.021025707945227623, 0.023289645090699196, 0.021922381594777107, 0.019924281165003777, 0.021178562194108963, 0.02053050883114338, 0.024962492287158966, 0.0183855090290308, 0.02138974517583847, 0.018633205443620682, 0.02201433852314949, 0.021459944546222687, 0.021208912134170532]
[0.6047827005386353, 0.20676733553409576, 0.11878860741853714, 0.08617229759693146, 0.06067997217178345, 0.04662911221385002, 0.04044175148010254, 0.0363311804831028, 0.031076541170477867, 0.027060991153120995, 0.025469530373811722, 0.023100266233086586, 0.021327190101146698, 0.019377917051315308, 0.017244977876544, 0.015486522577702999, 0.015470052137970924, 0.016522664576768875, 0.01603975147008896, 0.01588428020477295, 0.01535134669393301, 0.015091863460838795, 0.014723437838256359, 0.014683661051094532, 0.014343186281621456, 0.01373247429728508, 0.013889234513044357, 0.013742217794060707, 0.014905713498592377, 0.014995924197137356]
Training time: 5299 	steps per sec: 5
Eval num_timesteps=30720, episode_reward=nan +/- nan
Eval num_timesteps=30720, episode_success=nan +/- nan
se
16 16384 1024
diff [-0.11399006843566895, -0.020094871520996094, -0.01916152983903885, -0.01805831491947174, -0.01484382152557373, -0.01587892696261406, -0.01573287695646286, -0.012954972684383392, -0.009685235098004341, -0.005092518404126167, -0.003976855427026749, -0.009460365399718285, -0.004402287304401398, -0.006704429164528847, -0.007521916180849075, -0.008457058109343052, -0.005448414012789726, -0.004503043368458748, -0.007249893620610237, -0.006038101390004158, -0.0045729344710707664, -0.006086698733270168, -0.00580707099288702, -0.010278831236064434, -0.004042322747409344, -0.0076572708785533905, -0.0047439709305763245, -0.008272120729088783, -0.00655423104763031, -0.006212987937033176, -0.005260216072201729]
ref [0.7187727689743042, 0.22686220705509186, 0.137950137257576, 0.1042306125164032, 0.07552379369735718, 0.06250803917646408, 0.0561746284365654, 0.04928615316748619, 0.04076177626848221, 0.03215350955724716, 0.02944638580083847, 0.03256063163280487, 0.025729477405548096, 0.026082346215844154, 0.024766894057393074, 0.02394358068704605, 0.02091846615076065, 0.021025707945227623, 0.023289645090699196, 0.021922381594777107, 0.019924281165003777, 0.021178562194108963, 0.02053050883114338, 0.024962492287158966, 0.0183855090290308, 0.02138974517583847, 0.018633205443620682, 0.02201433852314949, 0.021459944546222687, 0.021208912134170532, 0.021170057356357574]
[0.6047827005386353, 0.20676733553409576, 0.11878860741853714, 0.08617229759693146, 0.06067997217178345, 0.04662911221385002, 0.04044175148010254, 0.0363311804831028, 0.031076541170477867, 0.027060991153120995, 0.025469530373811722, 0.023100266233086586, 0.021327190101146698, 0.019377917051315308, 0.017244977876544, 0.015486522577702999, 0.015470052137970924, 0.016522664576768875, 0.01603975147008896, 0.01588428020477295, 0.01535134669393301, 0.015091863460838795, 0.014723437838256359, 0.014683661051094532, 0.014343186281621456, 0.01373247429728508, 0.013889234513044357, 0.013742217794060707, 0.014905713498592377, 0.014995924197137356, 0.015909841284155846]
Training time: 5516 	steps per sec: 5
Eval num_timesteps=31744, episode_reward=nan +/- nan
Eval num_timesteps=31744, episode_success=nan +/- nan
se
16 16384 1024
diff [-0.11399006843566895, -0.020094871520996094, -0.01916152983903885, -0.01805831491947174, -0.01484382152557373, -0.01587892696261406, -0.01573287695646286, -0.012954972684383392, -0.009685235098004341, -0.005092518404126167, -0.003976855427026749, -0.009460365399718285, -0.004402287304401398, -0.006704429164528847, -0.007521916180849075, -0.008457058109343052, -0.005448414012789726, -0.004503043368458748, -0.007249893620610237, -0.006038101390004158, -0.0045729344710707664, -0.006086698733270168, -0.00580707099288702, -0.010278831236064434, -0.004042322747409344, -0.0076572708785533905, -0.0047439709305763245, -0.008272120729088783, -0.00655423104763031, -0.006212987937033176, -0.005260216072201729, -0.007819042541086674]
ref [0.7187727689743042, 0.22686220705509186, 0.137950137257576, 0.1042306125164032, 0.07552379369735718, 0.06250803917646408, 0.0561746284365654, 0.04928615316748619, 0.04076177626848221, 0.03215350955724716, 0.02944638580083847, 0.03256063163280487, 0.025729477405548096, 0.026082346215844154, 0.024766894057393074, 0.02394358068704605, 0.02091846615076065, 0.021025707945227623, 0.023289645090699196, 0.021922381594777107, 0.019924281165003777, 0.021178562194108963, 0.02053050883114338, 0.024962492287158966, 0.0183855090290308, 0.02138974517583847, 0.018633205443620682, 0.02201433852314949, 0.021459944546222687, 0.021208912134170532, 0.021170057356357574, 0.022841133177280426]
[0.6047827005386353, 0.20676733553409576, 0.11878860741853714, 0.08617229759693146, 0.06067997217178345, 0.04662911221385002, 0.04044175148010254, 0.0363311804831028, 0.031076541170477867, 0.027060991153120995, 0.025469530373811722, 0.023100266233086586, 0.021327190101146698, 0.019377917051315308, 0.017244977876544, 0.015486522577702999, 0.015470052137970924, 0.016522664576768875, 0.01603975147008896, 0.01588428020477295, 0.01535134669393301, 0.015091863460838795, 0.014723437838256359, 0.014683661051094532, 0.014343186281621456, 0.01373247429728508, 0.013889234513044357, 0.013742217794060707, 0.014905713498592377, 0.014995924197137356, 0.015909841284155846, 0.015022090636193752]
Training time: 5738 	steps per sec: 5
Eval num_timesteps=32768, episode_reward=nan +/- nan
Eval num_timesteps=32768, episode_success=nan +/- nan
results/Ant-v4/
results/Ant-v4/ppo_ros/
results/Ant-v4/ppo_ros/expert/
results/Ant-v4/ppo_ros/expert/b_16/
results/Ant-v4/ppo_ros/expert/b_16/no_lambda/
results/Ant-v4/ppo_ros/expert/b_16/no_lambda/run_1/
results/Ant-v4/ppo_ros/expert/b_16/no_lambda/run_1/evaluations.npz
results/Ant-v4/ppo_ros/expert/b_16/no_lambda/run_1/config.yml
results/Ant-v4/ppo_ros/expert/b_16/no_lambda/run_1/stats.npz
