ppo_ros_continuous.py --env-id HalfCheetah-v4 -s expert/b_16/no_clip_lambda --total-timesteps 32768 --eval-freq 1 --eval-episodes 0 -b 16 --num-steps 1024 -lr 0 --update-epochs 0 --anneal-lr 0 --ros-num-steps 256 --ros-update-epochs 16 --ros-target-kl 0.05 --ros-clip-coef 999999999 --ros-lambda 0 -ros-lr 0.001 --ros-anneal-lr 0 --se 1 --se-freq 1 --se-lr 1e-3 --se-epochs 1000 --policy-path policies/HalfCheetah-v4/best_model.zip --normalization-dir policies/HalfCheetah-v4
Obtaining file:///var/lib/condor/execute/slot1/dir_36350/PPOROS/PPOROS/custom-envs
  Preparing metadata (setup.py): started
  Preparing metadata (setup.py): finished with status 'done'
Requirement already satisfied: gym in /var/lib/condor/execute/slot1/dir_36350/PPOROS/ppo-ros_env/lib/python3.9/site-packages (from custom-envs==0.0.1) (0.21.0)
Requirement already satisfied: cloudpickle>=1.2.0 in /var/lib/condor/execute/slot1/dir_36350/PPOROS/ppo-ros_env/lib/python3.9/site-packages (from gym->custom-envs==0.0.1) (2.2.1)
Requirement already satisfied: numpy>=1.18.0 in /var/lib/condor/execute/slot1/dir_36350/PPOROS/ppo-ros_env/lib/python3.9/site-packages (from gym->custom-envs==0.0.1) (1.24.2)
Installing collected packages: custom-envs
  Running setup.py develop for custom-envs
Successfully installed custom-envs-0.0.1
seed: 0
Eval num_timesteps=0, episode_reward=nan +/- nan
Eval num_timesteps=0, episode_success=nan +/- nan
se
1 1024 1024
diff [0.07114604115486145]
ref [0.30787816643714905]
[0.3790242075920105]
Training time: 30 	steps per sec: 33
Eval num_timesteps=1024, episode_reward=nan +/- nan
Eval num_timesteps=1024, episode_success=nan +/- nan
se
2 2048 1024
diff [0.07114604115486145, 0.0467834547162056]
ref [0.30787816643714905, 0.11702907830476761]
[0.3790242075920105, 0.1638125330209732]
Training time: 65 	steps per sec: 31
Eval num_timesteps=2048, episode_reward=nan +/- nan
Eval num_timesteps=2048, episode_success=nan +/- nan
se
3 3072 1024
diff [0.07114604115486145, 0.0467834547162056, -0.02335803210735321]
ref [0.30787816643714905, 0.11702907830476761, 0.09704013913869858]
[0.3790242075920105, 0.1638125330209732, 0.07368210703134537]
Training time: 104 	steps per sec: 29
Eval num_timesteps=3072, episode_reward=nan +/- nan
Eval num_timesteps=3072, episode_success=nan +/- nan
se
4 4096 1024
diff [0.07114604115486145, 0.0467834547162056, -0.02335803210735321, -0.006762046366930008]
ref [0.30787816643714905, 0.11702907830476761, 0.09704013913869858, 0.06475340574979782]
[0.3790242075920105, 0.1638125330209732, 0.07368210703134537, 0.05799135938286781]
Training time: 157 	steps per sec: 25
Eval num_timesteps=4096, episode_reward=nan +/- nan
Eval num_timesteps=4096, episode_success=nan +/- nan
se
5 5120 1024
diff [0.07114604115486145, 0.0467834547162056, -0.02335803210735321, -0.006762046366930008, -0.004769381135702133]
ref [0.30787816643714905, 0.11702907830476761, 0.09704013913869858, 0.06475340574979782, 0.050161778926849365]
[0.3790242075920105, 0.1638125330209732, 0.07368210703134537, 0.05799135938286781, 0.04539239779114723]
Training time: 215 	steps per sec: 23
Eval num_timesteps=5120, episode_reward=nan +/- nan
Eval num_timesteps=5120, episode_success=nan +/- nan
se
6 6144 1024
diff [0.07114604115486145, 0.0467834547162056, -0.02335803210735321, -0.006762046366930008, -0.004769381135702133, -0.003768373280763626]
ref [0.30787816643714905, 0.11702907830476761, 0.09704013913869858, 0.06475340574979782, 0.050161778926849365, 0.04172972962260246]
[0.3790242075920105, 0.1638125330209732, 0.07368210703134537, 0.05799135938286781, 0.04539239779114723, 0.03796135634183884]
Training time: 292 	steps per sec: 21
Eval num_timesteps=6144, episode_reward=nan +/- nan
Eval num_timesteps=6144, episode_success=nan +/- nan
se
7 7168 1024
diff [0.07114604115486145, 0.0467834547162056, -0.02335803210735321, -0.006762046366930008, -0.004769381135702133, -0.003768373280763626, -0.00408678874373436]
ref [0.30787816643714905, 0.11702907830476761, 0.09704013913869858, 0.06475340574979782, 0.050161778926849365, 0.04172972962260246, 0.036723531782627106]
[0.3790242075920105, 0.1638125330209732, 0.07368210703134537, 0.05799135938286781, 0.04539239779114723, 0.03796135634183884, 0.032636743038892746]
Training time: 381 	steps per sec: 18
Eval num_timesteps=7168, episode_reward=nan +/- nan
Eval num_timesteps=7168, episode_success=nan +/- nan
se
8 8192 1024
diff [0.07114604115486145, 0.0467834547162056, -0.02335803210735321, -0.006762046366930008, -0.004769381135702133, -0.003768373280763626, -0.00408678874373436, -0.0014545861631631851]
ref [0.30787816643714905, 0.11702907830476761, 0.09704013913869858, 0.06475340574979782, 0.050161778926849365, 0.04172972962260246, 0.036723531782627106, 0.029697470366954803]
[0.3790242075920105, 0.1638125330209732, 0.07368210703134537, 0.05799135938286781, 0.04539239779114723, 0.03796135634183884, 0.032636743038892746, 0.02824288420379162]
Training time: 480 	steps per sec: 17
Eval num_timesteps=8192, episode_reward=nan +/- nan
Eval num_timesteps=8192, episode_success=nan +/- nan
se
9 9216 1024
diff [0.07114604115486145, 0.0467834547162056, -0.02335803210735321, -0.006762046366930008, -0.004769381135702133, -0.003768373280763626, -0.00408678874373436, -0.0014545861631631851, 7.33453780412674e-05]
ref [0.30787816643714905, 0.11702907830476761, 0.09704013913869858, 0.06475340574979782, 0.050161778926849365, 0.04172972962260246, 0.036723531782627106, 0.029697470366954803, 0.025679312646389008]
[0.3790242075920105, 0.1638125330209732, 0.07368210703134537, 0.05799135938286781, 0.04539239779114723, 0.03796135634183884, 0.032636743038892746, 0.02824288420379162, 0.025752658024430275]
Training time: 586 	steps per sec: 15
Eval num_timesteps=9216, episode_reward=nan +/- nan
Eval num_timesteps=9216, episode_success=nan +/- nan
se
10 10240 1024
diff [0.07114604115486145, 0.0467834547162056, -0.02335803210735321, -0.006762046366930008, -0.004769381135702133, -0.003768373280763626, -0.00408678874373436, -0.0014545861631631851, 7.33453780412674e-05, -0.0029343795031309128]
ref [0.30787816643714905, 0.11702907830476761, 0.09704013913869858, 0.06475340574979782, 0.050161778926849365, 0.04172972962260246, 0.036723531782627106, 0.029697470366954803, 0.025679312646389008, 0.02500143088400364]
[0.3790242075920105, 0.1638125330209732, 0.07368210703134537, 0.05799135938286781, 0.04539239779114723, 0.03796135634183884, 0.032636743038892746, 0.02824288420379162, 0.025752658024430275, 0.022067051380872726]
Training time: 703 	steps per sec: 14
Eval num_timesteps=10240, episode_reward=nan +/- nan
Eval num_timesteps=10240, episode_success=nan +/- nan
se
11 11264 1024
diff [0.07114604115486145, 0.0467834547162056, -0.02335803210735321, -0.006762046366930008, -0.004769381135702133, -0.003768373280763626, -0.00408678874373436, -0.0014545861631631851, 7.33453780412674e-05, -0.0029343795031309128, -0.0029860492795705795]
ref [0.30787816643714905, 0.11702907830476761, 0.09704013913869858, 0.06475340574979782, 0.050161778926849365, 0.04172972962260246, 0.036723531782627106, 0.029697470366954803, 0.025679312646389008, 0.02500143088400364, 0.022188318893313408]
[0.3790242075920105, 0.1638125330209732, 0.07368210703134537, 0.05799135938286781, 0.04539239779114723, 0.03796135634183884, 0.032636743038892746, 0.02824288420379162, 0.025752658024430275, 0.022067051380872726, 0.01920226961374283]
Training time: 826 	steps per sec: 13
Eval num_timesteps=11264, episode_reward=nan +/- nan
Eval num_timesteps=11264, episode_success=nan +/- nan
se
12 12288 1024
diff [0.07114604115486145, 0.0467834547162056, -0.02335803210735321, -0.006762046366930008, -0.004769381135702133, -0.003768373280763626, -0.00408678874373436, -0.0014545861631631851, 7.33453780412674e-05, -0.0029343795031309128, -0.0029860492795705795, -0.001676369458436966]
ref [0.30787816643714905, 0.11702907830476761, 0.09704013913869858, 0.06475340574979782, 0.050161778926849365, 0.04172972962260246, 0.036723531782627106, 0.029697470366954803, 0.025679312646389008, 0.02500143088400364, 0.022188318893313408, 0.019871722906827927]
[0.3790242075920105, 0.1638125330209732, 0.07368210703134537, 0.05799135938286781, 0.04539239779114723, 0.03796135634183884, 0.032636743038892746, 0.02824288420379162, 0.025752658024430275, 0.022067051380872726, 0.01920226961374283, 0.01819535344839096]
Training time: 962 	steps per sec: 12
Eval num_timesteps=12288, episode_reward=nan +/- nan
Eval num_timesteps=12288, episode_success=nan +/- nan
se
13 13312 1024
diff [0.07114604115486145, 0.0467834547162056, -0.02335803210735321, -0.006762046366930008, -0.004769381135702133, -0.003768373280763626, -0.00408678874373436, -0.0014545861631631851, 7.33453780412674e-05, -0.0029343795031309128, -0.0029860492795705795, -0.001676369458436966, -0.0029457025229930878]
ref [0.30787816643714905, 0.11702907830476761, 0.09704013913869858, 0.06475340574979782, 0.050161778926849365, 0.04172972962260246, 0.036723531782627106, 0.029697470366954803, 0.025679312646389008, 0.02500143088400364, 0.022188318893313408, 0.019871722906827927, 0.019831422716379166]
[0.3790242075920105, 0.1638125330209732, 0.07368210703134537, 0.05799135938286781, 0.04539239779114723, 0.03796135634183884, 0.032636743038892746, 0.02824288420379162, 0.025752658024430275, 0.022067051380872726, 0.01920226961374283, 0.01819535344839096, 0.016885720193386078]
Training time: 1103 	steps per sec: 12
Eval num_timesteps=13312, episode_reward=nan +/- nan
Eval num_timesteps=13312, episode_success=nan +/- nan
se
14 14336 1024
diff [0.07114604115486145, 0.0467834547162056, -0.02335803210735321, -0.006762046366930008, -0.004769381135702133, -0.003768373280763626, -0.00408678874373436, -0.0014545861631631851, 7.33453780412674e-05, -0.0029343795031309128, -0.0029860492795705795, -0.001676369458436966, -0.0029457025229930878, -0.0010807644575834274]
ref [0.30787816643714905, 0.11702907830476761, 0.09704013913869858, 0.06475340574979782, 0.050161778926849365, 0.04172972962260246, 0.036723531782627106, 0.029697470366954803, 0.025679312646389008, 0.02500143088400364, 0.022188318893313408, 0.019871722906827927, 0.019831422716379166, 0.016234492883086205]
[0.3790242075920105, 0.1638125330209732, 0.07368210703134537, 0.05799135938286781, 0.04539239779114723, 0.03796135634183884, 0.032636743038892746, 0.02824288420379162, 0.025752658024430275, 0.022067051380872726, 0.01920226961374283, 0.01819535344839096, 0.016885720193386078, 0.015153728425502777]
Training time: 1247 	steps per sec: 11
Eval num_timesteps=14336, episode_reward=nan +/- nan
Eval num_timesteps=14336, episode_success=nan +/- nan
se
15 15360 1024
diff [0.07114604115486145, 0.0467834547162056, -0.02335803210735321, -0.006762046366930008, -0.004769381135702133, -0.003768373280763626, -0.00408678874373436, -0.0014545861631631851, 7.33453780412674e-05, -0.0029343795031309128, -0.0029860492795705795, -0.001676369458436966, -0.0029457025229930878, -0.0010807644575834274, -0.0008644824847579002]
ref [0.30787816643714905, 0.11702907830476761, 0.09704013913869858, 0.06475340574979782, 0.050161778926849365, 0.04172972962260246, 0.036723531782627106, 0.029697470366954803, 0.025679312646389008, 0.02500143088400364, 0.022188318893313408, 0.019871722906827927, 0.019831422716379166, 0.016234492883086205, 0.01567980833351612]
[0.3790242075920105, 0.1638125330209732, 0.07368210703134537, 0.05799135938286781, 0.04539239779114723, 0.03796135634183884, 0.032636743038892746, 0.02824288420379162, 0.025752658024430275, 0.022067051380872726, 0.01920226961374283, 0.01819535344839096, 0.016885720193386078, 0.015153728425502777, 0.01481532584875822]
Training time: 1390 	steps per sec: 11
Eval num_timesteps=15360, episode_reward=nan +/- nan
Eval num_timesteps=15360, episode_success=nan +/- nan
se
16 16384 1024
diff [0.07114604115486145, 0.0467834547162056, -0.02335803210735321, -0.006762046366930008, -0.004769381135702133, -0.003768373280763626, -0.00408678874373436, -0.0014545861631631851, 7.33453780412674e-05, -0.0029343795031309128, -0.0029860492795705795, -0.001676369458436966, -0.0029457025229930878, -0.0010807644575834274, -0.0008644824847579002, -0.002860807813704014]
ref [0.30787816643714905, 0.11702907830476761, 0.09704013913869858, 0.06475340574979782, 0.050161778926849365, 0.04172972962260246, 0.036723531782627106, 0.029697470366954803, 0.025679312646389008, 0.02500143088400364, 0.022188318893313408, 0.019871722906827927, 0.019831422716379166, 0.016234492883086205, 0.01567980833351612, 0.01634785532951355]
[0.3790242075920105, 0.1638125330209732, 0.07368210703134537, 0.05799135938286781, 0.04539239779114723, 0.03796135634183884, 0.032636743038892746, 0.02824288420379162, 0.025752658024430275, 0.022067051380872726, 0.01920226961374283, 0.01819535344839096, 0.016885720193386078, 0.015153728425502777, 0.01481532584875822, 0.013487047515809536]
Training time: 1529 	steps per sec: 10
Eval num_timesteps=16384, episode_reward=nan +/- nan
Eval num_timesteps=16384, episode_success=nan +/- nan
se
16 16384 1024
diff [0.07114604115486145, 0.0467834547162056, -0.02335803210735321, -0.006762046366930008, -0.004769381135702133, -0.003768373280763626, -0.00408678874373436, -0.0014545861631631851, 7.33453780412674e-05, -0.0029343795031309128, -0.0029860492795705795, -0.001676369458436966, -0.0029457025229930878, -0.0010807644575834274, -0.0008644824847579002, -0.002860807813704014, -0.0019910167902708054]
ref [0.30787816643714905, 0.11702907830476761, 0.09704013913869858, 0.06475340574979782, 0.050161778926849365, 0.04172972962260246, 0.036723531782627106, 0.029697470366954803, 0.025679312646389008, 0.02500143088400364, 0.022188318893313408, 0.019871722906827927, 0.019831422716379166, 0.016234492883086205, 0.01567980833351612, 0.01634785532951355, 0.015211464837193489]
[0.3790242075920105, 0.1638125330209732, 0.07368210703134537, 0.05799135938286781, 0.04539239779114723, 0.03796135634183884, 0.032636743038892746, 0.02824288420379162, 0.025752658024430275, 0.022067051380872726, 0.01920226961374283, 0.01819535344839096, 0.016885720193386078, 0.015153728425502777, 0.01481532584875822, 0.013487047515809536, 0.013220448046922684]
Training time: 1671 	steps per sec: 10
Eval num_timesteps=17408, episode_reward=nan +/- nan
Eval num_timesteps=17408, episode_success=nan +/- nan
se
16 16384 1024
diff [0.07114604115486145, 0.0467834547162056, -0.02335803210735321, -0.006762046366930008, -0.004769381135702133, -0.003768373280763626, -0.00408678874373436, -0.0014545861631631851, 7.33453780412674e-05, -0.0029343795031309128, -0.0029860492795705795, -0.001676369458436966, -0.0029457025229930878, -0.0010807644575834274, -0.0008644824847579002, -0.002860807813704014, -0.0019910167902708054, -0.0008702380582690239]
ref [0.30787816643714905, 0.11702907830476761, 0.09704013913869858, 0.06475340574979782, 0.050161778926849365, 0.04172972962260246, 0.036723531782627106, 0.029697470366954803, 0.025679312646389008, 0.02500143088400364, 0.022188318893313408, 0.019871722906827927, 0.019831422716379166, 0.016234492883086205, 0.01567980833351612, 0.01634785532951355, 0.015211464837193489, 0.014562509953975677]
[0.3790242075920105, 0.1638125330209732, 0.07368210703134537, 0.05799135938286781, 0.04539239779114723, 0.03796135634183884, 0.032636743038892746, 0.02824288420379162, 0.025752658024430275, 0.022067051380872726, 0.01920226961374283, 0.01819535344839096, 0.016885720193386078, 0.015153728425502777, 0.01481532584875822, 0.013487047515809536, 0.013220448046922684, 0.013692271895706654]
Training time: 1815 	steps per sec: 10
Eval num_timesteps=18432, episode_reward=nan +/- nan
Eval num_timesteps=18432, episode_success=nan +/- nan
se
16 16384 1024
diff [0.07114604115486145, 0.0467834547162056, -0.02335803210735321, -0.006762046366930008, -0.004769381135702133, -0.003768373280763626, -0.00408678874373436, -0.0014545861631631851, 7.33453780412674e-05, -0.0029343795031309128, -0.0029860492795705795, -0.001676369458436966, -0.0029457025229930878, -0.0010807644575834274, -0.0008644824847579002, -0.002860807813704014, -0.0019910167902708054, -0.0008702380582690239, -0.003513120114803314]
ref [0.30787816643714905, 0.11702907830476761, 0.09704013913869858, 0.06475340574979782, 0.050161778926849365, 0.04172972962260246, 0.036723531782627106, 0.029697470366954803, 0.025679312646389008, 0.02500143088400364, 0.022188318893313408, 0.019871722906827927, 0.019831422716379166, 0.016234492883086205, 0.01567980833351612, 0.01634785532951355, 0.015211464837193489, 0.014562509953975677, 0.017679225653409958]
[0.3790242075920105, 0.1638125330209732, 0.07368210703134537, 0.05799135938286781, 0.04539239779114723, 0.03796135634183884, 0.032636743038892746, 0.02824288420379162, 0.025752658024430275, 0.022067051380872726, 0.01920226961374283, 0.01819535344839096, 0.016885720193386078, 0.015153728425502777, 0.01481532584875822, 0.013487047515809536, 0.013220448046922684, 0.013692271895706654, 0.014166105538606644]
Training time: 1948 	steps per sec: 9
Eval num_timesteps=19456, episode_reward=nan +/- nan
Eval num_timesteps=19456, episode_success=nan +/- nan
se
16 16384 1024
diff [0.07114604115486145, 0.0467834547162056, -0.02335803210735321, -0.006762046366930008, -0.004769381135702133, -0.003768373280763626, -0.00408678874373436, -0.0014545861631631851, 7.33453780412674e-05, -0.0029343795031309128, -0.0029860492795705795, -0.001676369458436966, -0.0029457025229930878, -0.0010807644575834274, -0.0008644824847579002, -0.002860807813704014, -0.0019910167902708054, -0.0008702380582690239, -0.003513120114803314, -0.0019488837569952011]
ref [0.30787816643714905, 0.11702907830476761, 0.09704013913869858, 0.06475340574979782, 0.050161778926849365, 0.04172972962260246, 0.036723531782627106, 0.029697470366954803, 0.025679312646389008, 0.02500143088400364, 0.022188318893313408, 0.019871722906827927, 0.019831422716379166, 0.016234492883086205, 0.01567980833351612, 0.01634785532951355, 0.015211464837193489, 0.014562509953975677, 0.017679225653409958, 0.015958035364747047]
[0.3790242075920105, 0.1638125330209732, 0.07368210703134537, 0.05799135938286781, 0.04539239779114723, 0.03796135634183884, 0.032636743038892746, 0.02824288420379162, 0.025752658024430275, 0.022067051380872726, 0.01920226961374283, 0.01819535344839096, 0.016885720193386078, 0.015153728425502777, 0.01481532584875822, 0.013487047515809536, 0.013220448046922684, 0.013692271895706654, 0.014166105538606644, 0.014009151607751846]
Training time: 2083 	steps per sec: 9
Eval num_timesteps=20480, episode_reward=nan +/- nan
Eval num_timesteps=20480, episode_success=nan +/- nan
se
16 16384 1024
diff [0.07114604115486145, 0.0467834547162056, -0.02335803210735321, -0.006762046366930008, -0.004769381135702133, -0.003768373280763626, -0.00408678874373436, -0.0014545861631631851, 7.33453780412674e-05, -0.0029343795031309128, -0.0029860492795705795, -0.001676369458436966, -0.0029457025229930878, -0.0010807644575834274, -0.0008644824847579002, -0.002860807813704014, -0.0019910167902708054, -0.0008702380582690239, -0.003513120114803314, -0.0019488837569952011, -0.0008996063843369484]
ref [0.30787816643714905, 0.11702907830476761, 0.09704013913869858, 0.06475340574979782, 0.050161778926849365, 0.04172972962260246, 0.036723531782627106, 0.029697470366954803, 0.025679312646389008, 0.02500143088400364, 0.022188318893313408, 0.019871722906827927, 0.019831422716379166, 0.016234492883086205, 0.01567980833351612, 0.01634785532951355, 0.015211464837193489, 0.014562509953975677, 0.017679225653409958, 0.015958035364747047, 0.014050830155611038]
[0.3790242075920105, 0.1638125330209732, 0.07368210703134537, 0.05799135938286781, 0.04539239779114723, 0.03796135634183884, 0.032636743038892746, 0.02824288420379162, 0.025752658024430275, 0.022067051380872726, 0.01920226961374283, 0.01819535344839096, 0.016885720193386078, 0.015153728425502777, 0.01481532584875822, 0.013487047515809536, 0.013220448046922684, 0.013692271895706654, 0.014166105538606644, 0.014009151607751846, 0.01315122377127409]
Training time: 2214 	steps per sec: 9
Eval num_timesteps=21504, episode_reward=nan +/- nan
Eval num_timesteps=21504, episode_success=nan +/- nan
se
16 16384 1024
diff [0.07114604115486145, 0.0467834547162056, -0.02335803210735321, -0.006762046366930008, -0.004769381135702133, -0.003768373280763626, -0.00408678874373436, -0.0014545861631631851, 7.33453780412674e-05, -0.0029343795031309128, -0.0029860492795705795, -0.001676369458436966, -0.0029457025229930878, -0.0010807644575834274, -0.0008644824847579002, -0.002860807813704014, -0.0019910167902708054, -0.0008702380582690239, -0.003513120114803314, -0.0019488837569952011, -0.0008996063843369484, -0.002131582237780094]
ref [0.30787816643714905, 0.11702907830476761, 0.09704013913869858, 0.06475340574979782, 0.050161778926849365, 0.04172972962260246, 0.036723531782627106, 0.029697470366954803, 0.025679312646389008, 0.02500143088400364, 0.022188318893313408, 0.019871722906827927, 0.019831422716379166, 0.016234492883086205, 0.01567980833351612, 0.01634785532951355, 0.015211464837193489, 0.014562509953975677, 0.017679225653409958, 0.015958035364747047, 0.014050830155611038, 0.015619052574038506]
[0.3790242075920105, 0.1638125330209732, 0.07368210703134537, 0.05799135938286781, 0.04539239779114723, 0.03796135634183884, 0.032636743038892746, 0.02824288420379162, 0.025752658024430275, 0.022067051380872726, 0.01920226961374283, 0.01819535344839096, 0.016885720193386078, 0.015153728425502777, 0.01481532584875822, 0.013487047515809536, 0.013220448046922684, 0.013692271895706654, 0.014166105538606644, 0.014009151607751846, 0.01315122377127409, 0.013487470336258411]
Training time: 2342 	steps per sec: 9
Eval num_timesteps=22528, episode_reward=nan +/- nan
Eval num_timesteps=22528, episode_success=nan +/- nan
se
16 16384 1024
diff [0.07114604115486145, 0.0467834547162056, -0.02335803210735321, -0.006762046366930008, -0.004769381135702133, -0.003768373280763626, -0.00408678874373436, -0.0014545861631631851, 7.33453780412674e-05, -0.0029343795031309128, -0.0029860492795705795, -0.001676369458436966, -0.0029457025229930878, -0.0010807644575834274, -0.0008644824847579002, -0.002860807813704014, -0.0019910167902708054, -0.0008702380582690239, -0.003513120114803314, -0.0019488837569952011, -0.0008996063843369484, -0.002131582237780094, -0.0007843142375349998]
ref [0.30787816643714905, 0.11702907830476761, 0.09704013913869858, 0.06475340574979782, 0.050161778926849365, 0.04172972962260246, 0.036723531782627106, 0.029697470366954803, 0.025679312646389008, 0.02500143088400364, 0.022188318893313408, 0.019871722906827927, 0.019831422716379166, 0.016234492883086205, 0.01567980833351612, 0.01634785532951355, 0.015211464837193489, 0.014562509953975677, 0.017679225653409958, 0.015958035364747047, 0.014050830155611038, 0.015619052574038506, 0.014447559602558613]
[0.3790242075920105, 0.1638125330209732, 0.07368210703134537, 0.05799135938286781, 0.04539239779114723, 0.03796135634183884, 0.032636743038892746, 0.02824288420379162, 0.025752658024430275, 0.022067051380872726, 0.01920226961374283, 0.01819535344839096, 0.016885720193386078, 0.015153728425502777, 0.01481532584875822, 0.013487047515809536, 0.013220448046922684, 0.013692271895706654, 0.014166105538606644, 0.014009151607751846, 0.01315122377127409, 0.013487470336258411, 0.013663245365023613]
Training time: 2465 	steps per sec: 9
Eval num_timesteps=23552, episode_reward=nan +/- nan
Eval num_timesteps=23552, episode_success=nan +/- nan
se
16 16384 1024
diff [0.07114604115486145, 0.0467834547162056, -0.02335803210735321, -0.006762046366930008, -0.004769381135702133, -0.003768373280763626, -0.00408678874373436, -0.0014545861631631851, 7.33453780412674e-05, -0.0029343795031309128, -0.0029860492795705795, -0.001676369458436966, -0.0029457025229930878, -0.0010807644575834274, -0.0008644824847579002, -0.002860807813704014, -0.0019910167902708054, -0.0008702380582690239, -0.003513120114803314, -0.0019488837569952011, -0.0008996063843369484, -0.002131582237780094, -0.0007843142375349998, -4.004128277301788e-05]
ref [0.30787816643714905, 0.11702907830476761, 0.09704013913869858, 0.06475340574979782, 0.050161778926849365, 0.04172972962260246, 0.036723531782627106, 0.029697470366954803, 0.025679312646389008, 0.02500143088400364, 0.022188318893313408, 0.019871722906827927, 0.019831422716379166, 0.016234492883086205, 0.01567980833351612, 0.01634785532951355, 0.015211464837193489, 0.014562509953975677, 0.017679225653409958, 0.015958035364747047, 0.014050830155611038, 0.015619052574038506, 0.014447559602558613, 0.014640262350440025]
[0.3790242075920105, 0.1638125330209732, 0.07368210703134537, 0.05799135938286781, 0.04539239779114723, 0.03796135634183884, 0.032636743038892746, 0.02824288420379162, 0.025752658024430275, 0.022067051380872726, 0.01920226961374283, 0.01819535344839096, 0.016885720193386078, 0.015153728425502777, 0.01481532584875822, 0.013487047515809536, 0.013220448046922684, 0.013692271895706654, 0.014166105538606644, 0.014009151607751846, 0.01315122377127409, 0.013487470336258411, 0.013663245365023613, 0.014600221067667007]
Training time: 2606 	steps per sec: 9
Eval num_timesteps=24576, episode_reward=nan +/- nan
Eval num_timesteps=24576, episode_success=nan +/- nan
se
16 16384 1024
diff [0.07114604115486145, 0.0467834547162056, -0.02335803210735321, -0.006762046366930008, -0.004769381135702133, -0.003768373280763626, -0.00408678874373436, -0.0014545861631631851, 7.33453780412674e-05, -0.0029343795031309128, -0.0029860492795705795, -0.001676369458436966, -0.0029457025229930878, -0.0010807644575834274, -0.0008644824847579002, -0.002860807813704014, -0.0019910167902708054, -0.0008702380582690239, -0.003513120114803314, -0.0019488837569952011, -0.0008996063843369484, -0.002131582237780094, -0.0007843142375349998, -4.004128277301788e-05, -0.001300932839512825]
ref [0.30787816643714905, 0.11702907830476761, 0.09704013913869858, 0.06475340574979782, 0.050161778926849365, 0.04172972962260246, 0.036723531782627106, 0.029697470366954803, 0.025679312646389008, 0.02500143088400364, 0.022188318893313408, 0.019871722906827927, 0.019831422716379166, 0.016234492883086205, 0.01567980833351612, 0.01634785532951355, 0.015211464837193489, 0.014562509953975677, 0.017679225653409958, 0.015958035364747047, 0.014050830155611038, 0.015619052574038506, 0.014447559602558613, 0.014640262350440025, 0.015027712099254131]
[0.3790242075920105, 0.1638125330209732, 0.07368210703134537, 0.05799135938286781, 0.04539239779114723, 0.03796135634183884, 0.032636743038892746, 0.02824288420379162, 0.025752658024430275, 0.022067051380872726, 0.01920226961374283, 0.01819535344839096, 0.016885720193386078, 0.015153728425502777, 0.01481532584875822, 0.013487047515809536, 0.013220448046922684, 0.013692271895706654, 0.014166105538606644, 0.014009151607751846, 0.01315122377127409, 0.013487470336258411, 0.013663245365023613, 0.014600221067667007, 0.013726779259741306]
Training time: 2732 	steps per sec: 9
Eval num_timesteps=25600, episode_reward=nan +/- nan
Eval num_timesteps=25600, episode_success=nan +/- nan
se
16 16384 1024
diff [0.07114604115486145, 0.0467834547162056, -0.02335803210735321, -0.006762046366930008, -0.004769381135702133, -0.003768373280763626, -0.00408678874373436, -0.0014545861631631851, 7.33453780412674e-05, -0.0029343795031309128, -0.0029860492795705795, -0.001676369458436966, -0.0029457025229930878, -0.0010807644575834274, -0.0008644824847579002, -0.002860807813704014, -0.0019910167902708054, -0.0008702380582690239, -0.003513120114803314, -0.0019488837569952011, -0.0008996063843369484, -0.002131582237780094, -0.0007843142375349998, -4.004128277301788e-05, -0.001300932839512825, -0.0006201388314366341]
ref [0.30787816643714905, 0.11702907830476761, 0.09704013913869858, 0.06475340574979782, 0.050161778926849365, 0.04172972962260246, 0.036723531782627106, 0.029697470366954803, 0.025679312646389008, 0.02500143088400364, 0.022188318893313408, 0.019871722906827927, 0.019831422716379166, 0.016234492883086205, 0.01567980833351612, 0.01634785532951355, 0.015211464837193489, 0.014562509953975677, 0.017679225653409958, 0.015958035364747047, 0.014050830155611038, 0.015619052574038506, 0.014447559602558613, 0.014640262350440025, 0.015027712099254131, 0.014758927747607231]
[0.3790242075920105, 0.1638125330209732, 0.07368210703134537, 0.05799135938286781, 0.04539239779114723, 0.03796135634183884, 0.032636743038892746, 0.02824288420379162, 0.025752658024430275, 0.022067051380872726, 0.01920226961374283, 0.01819535344839096, 0.016885720193386078, 0.015153728425502777, 0.01481532584875822, 0.013487047515809536, 0.013220448046922684, 0.013692271895706654, 0.014166105538606644, 0.014009151607751846, 0.01315122377127409, 0.013487470336258411, 0.013663245365023613, 0.014600221067667007, 0.013726779259741306, 0.014138788916170597]
Training time: 2884 	steps per sec: 9
Eval num_timesteps=26624, episode_reward=nan +/- nan
Eval num_timesteps=26624, episode_success=nan +/- nan
se
16 16384 1024
diff [0.07114604115486145, 0.0467834547162056, -0.02335803210735321, -0.006762046366930008, -0.004769381135702133, -0.003768373280763626, -0.00408678874373436, -0.0014545861631631851, 7.33453780412674e-05, -0.0029343795031309128, -0.0029860492795705795, -0.001676369458436966, -0.0029457025229930878, -0.0010807644575834274, -0.0008644824847579002, -0.002860807813704014, -0.0019910167902708054, -0.0008702380582690239, -0.003513120114803314, -0.0019488837569952011, -0.0008996063843369484, -0.002131582237780094, -0.0007843142375349998, -4.004128277301788e-05, -0.001300932839512825, -0.0006201388314366341, -0.0016535455361008644]
ref [0.30787816643714905, 0.11702907830476761, 0.09704013913869858, 0.06475340574979782, 0.050161778926849365, 0.04172972962260246, 0.036723531782627106, 0.029697470366954803, 0.025679312646389008, 0.02500143088400364, 0.022188318893313408, 0.019871722906827927, 0.019831422716379166, 0.016234492883086205, 0.01567980833351612, 0.01634785532951355, 0.015211464837193489, 0.014562509953975677, 0.017679225653409958, 0.015958035364747047, 0.014050830155611038, 0.015619052574038506, 0.014447559602558613, 0.014640262350440025, 0.015027712099254131, 0.014758927747607231, 0.015828926116228104]
[0.3790242075920105, 0.1638125330209732, 0.07368210703134537, 0.05799135938286781, 0.04539239779114723, 0.03796135634183884, 0.032636743038892746, 0.02824288420379162, 0.025752658024430275, 0.022067051380872726, 0.01920226961374283, 0.01819535344839096, 0.016885720193386078, 0.015153728425502777, 0.01481532584875822, 0.013487047515809536, 0.013220448046922684, 0.013692271895706654, 0.014166105538606644, 0.014009151607751846, 0.01315122377127409, 0.013487470336258411, 0.013663245365023613, 0.014600221067667007, 0.013726779259741306, 0.014138788916170597, 0.01417538058012724]
Training time: 3043 	steps per sec: 9
Eval num_timesteps=27648, episode_reward=nan +/- nan
Eval num_timesteps=27648, episode_success=nan +/- nan
se
16 16384 1024
diff [0.07114604115486145, 0.0467834547162056, -0.02335803210735321, -0.006762046366930008, -0.004769381135702133, -0.003768373280763626, -0.00408678874373436, -0.0014545861631631851, 7.33453780412674e-05, -0.0029343795031309128, -0.0029860492795705795, -0.001676369458436966, -0.0029457025229930878, -0.0010807644575834274, -0.0008644824847579002, -0.002860807813704014, -0.0019910167902708054, -0.0008702380582690239, -0.003513120114803314, -0.0019488837569952011, -0.0008996063843369484, -0.002131582237780094, -0.0007843142375349998, -4.004128277301788e-05, -0.001300932839512825, -0.0006201388314366341, -0.0016535455361008644, -0.0030157919973134995]
ref [0.30787816643714905, 0.11702907830476761, 0.09704013913869858, 0.06475340574979782, 0.050161778926849365, 0.04172972962260246, 0.036723531782627106, 0.029697470366954803, 0.025679312646389008, 0.02500143088400364, 0.022188318893313408, 0.019871722906827927, 0.019831422716379166, 0.016234492883086205, 0.01567980833351612, 0.01634785532951355, 0.015211464837193489, 0.014562509953975677, 0.017679225653409958, 0.015958035364747047, 0.014050830155611038, 0.015619052574038506, 0.014447559602558613, 0.014640262350440025, 0.015027712099254131, 0.014758927747607231, 0.015828926116228104, 0.016115333884954453]
[0.3790242075920105, 0.1638125330209732, 0.07368210703134537, 0.05799135938286781, 0.04539239779114723, 0.03796135634183884, 0.032636743038892746, 0.02824288420379162, 0.025752658024430275, 0.022067051380872726, 0.01920226961374283, 0.01819535344839096, 0.016885720193386078, 0.015153728425502777, 0.01481532584875822, 0.013487047515809536, 0.013220448046922684, 0.013692271895706654, 0.014166105538606644, 0.014009151607751846, 0.01315122377127409, 0.013487470336258411, 0.013663245365023613, 0.014600221067667007, 0.013726779259741306, 0.014138788916170597, 0.01417538058012724, 0.013099541887640953]
Training time: 3177 	steps per sec: 9
Eval num_timesteps=28672, episode_reward=nan +/- nan
Eval num_timesteps=28672, episode_success=nan +/- nan
se
16 16384 1024
diff [0.07114604115486145, 0.0467834547162056, -0.02335803210735321, -0.006762046366930008, -0.004769381135702133, -0.003768373280763626, -0.00408678874373436, -0.0014545861631631851, 7.33453780412674e-05, -0.0029343795031309128, -0.0029860492795705795, -0.001676369458436966, -0.0029457025229930878, -0.0010807644575834274, -0.0008644824847579002, -0.002860807813704014, -0.0019910167902708054, -0.0008702380582690239, -0.003513120114803314, -0.0019488837569952011, -0.0008996063843369484, -0.002131582237780094, -0.0007843142375349998, -4.004128277301788e-05, -0.001300932839512825, -0.0006201388314366341, -0.0016535455361008644, -0.0030157919973134995, -0.0027535976842045784]
ref [0.30787816643714905, 0.11702907830476761, 0.09704013913869858, 0.06475340574979782, 0.050161778926849365, 0.04172972962260246, 0.036723531782627106, 0.029697470366954803, 0.025679312646389008, 0.02500143088400364, 0.022188318893313408, 0.019871722906827927, 0.019831422716379166, 0.016234492883086205, 0.01567980833351612, 0.01634785532951355, 0.015211464837193489, 0.014562509953975677, 0.017679225653409958, 0.015958035364747047, 0.014050830155611038, 0.015619052574038506, 0.014447559602558613, 0.014640262350440025, 0.015027712099254131, 0.014758927747607231, 0.015828926116228104, 0.016115333884954453, 0.015954896807670593]
[0.3790242075920105, 0.1638125330209732, 0.07368210703134537, 0.05799135938286781, 0.04539239779114723, 0.03796135634183884, 0.032636743038892746, 0.02824288420379162, 0.025752658024430275, 0.022067051380872726, 0.01920226961374283, 0.01819535344839096, 0.016885720193386078, 0.015153728425502777, 0.01481532584875822, 0.013487047515809536, 0.013220448046922684, 0.013692271895706654, 0.014166105538606644, 0.014009151607751846, 0.01315122377127409, 0.013487470336258411, 0.013663245365023613, 0.014600221067667007, 0.013726779259741306, 0.014138788916170597, 0.01417538058012724, 0.013099541887640953, 0.013201299123466015]
Training time: 3315 	steps per sec: 8
Eval num_timesteps=29696, episode_reward=nan +/- nan
Eval num_timesteps=29696, episode_success=nan +/- nan
se
16 16384 1024
diff [0.07114604115486145, 0.0467834547162056, -0.02335803210735321, -0.006762046366930008, -0.004769381135702133, -0.003768373280763626, -0.00408678874373436, -0.0014545861631631851, 7.33453780412674e-05, -0.0029343795031309128, -0.0029860492795705795, -0.001676369458436966, -0.0029457025229930878, -0.0010807644575834274, -0.0008644824847579002, -0.002860807813704014, -0.0019910167902708054, -0.0008702380582690239, -0.003513120114803314, -0.0019488837569952011, -0.0008996063843369484, -0.002131582237780094, -0.0007843142375349998, -4.004128277301788e-05, -0.001300932839512825, -0.0006201388314366341, -0.0016535455361008644, -0.0030157919973134995, -0.0027535976842045784, -0.0027206679806113243]
ref [0.30787816643714905, 0.11702907830476761, 0.09704013913869858, 0.06475340574979782, 0.050161778926849365, 0.04172972962260246, 0.036723531782627106, 0.029697470366954803, 0.025679312646389008, 0.02500143088400364, 0.022188318893313408, 0.019871722906827927, 0.019831422716379166, 0.016234492883086205, 0.01567980833351612, 0.01634785532951355, 0.015211464837193489, 0.014562509953975677, 0.017679225653409958, 0.015958035364747047, 0.014050830155611038, 0.015619052574038506, 0.014447559602558613, 0.014640262350440025, 0.015027712099254131, 0.014758927747607231, 0.015828926116228104, 0.016115333884954453, 0.015954896807670593, 0.0165252685546875]
[0.3790242075920105, 0.1638125330209732, 0.07368210703134537, 0.05799135938286781, 0.04539239779114723, 0.03796135634183884, 0.032636743038892746, 0.02824288420379162, 0.025752658024430275, 0.022067051380872726, 0.01920226961374283, 0.01819535344839096, 0.016885720193386078, 0.015153728425502777, 0.01481532584875822, 0.013487047515809536, 0.013220448046922684, 0.013692271895706654, 0.014166105538606644, 0.014009151607751846, 0.01315122377127409, 0.013487470336258411, 0.013663245365023613, 0.014600221067667007, 0.013726779259741306, 0.014138788916170597, 0.01417538058012724, 0.013099541887640953, 0.013201299123466015, 0.013804600574076176]
Training time: 3468 	steps per sec: 8
Eval num_timesteps=30720, episode_reward=nan +/- nan
Eval num_timesteps=30720, episode_success=nan +/- nan
se
16 16384 1024
diff [0.07114604115486145, 0.0467834547162056, -0.02335803210735321, -0.006762046366930008, -0.004769381135702133, -0.003768373280763626, -0.00408678874373436, -0.0014545861631631851, 7.33453780412674e-05, -0.0029343795031309128, -0.0029860492795705795, -0.001676369458436966, -0.0029457025229930878, -0.0010807644575834274, -0.0008644824847579002, -0.002860807813704014, -0.0019910167902708054, -0.0008702380582690239, -0.003513120114803314, -0.0019488837569952011, -0.0008996063843369484, -0.002131582237780094, -0.0007843142375349998, -4.004128277301788e-05, -0.001300932839512825, -0.0006201388314366341, -0.0016535455361008644, -0.0030157919973134995, -0.0027535976842045784, -0.0027206679806113243, -0.0018619401380419731]
ref [0.30787816643714905, 0.11702907830476761, 0.09704013913869858, 0.06475340574979782, 0.050161778926849365, 0.04172972962260246, 0.036723531782627106, 0.029697470366954803, 0.025679312646389008, 0.02500143088400364, 0.022188318893313408, 0.019871722906827927, 0.019831422716379166, 0.016234492883086205, 0.01567980833351612, 0.01634785532951355, 0.015211464837193489, 0.014562509953975677, 0.017679225653409958, 0.015958035364747047, 0.014050830155611038, 0.015619052574038506, 0.014447559602558613, 0.014640262350440025, 0.015027712099254131, 0.014758927747607231, 0.015828926116228104, 0.016115333884954453, 0.015954896807670593, 0.0165252685546875, 0.015027494169771671]
[0.3790242075920105, 0.1638125330209732, 0.07368210703134537, 0.05799135938286781, 0.04539239779114723, 0.03796135634183884, 0.032636743038892746, 0.02824288420379162, 0.025752658024430275, 0.022067051380872726, 0.01920226961374283, 0.01819535344839096, 0.016885720193386078, 0.015153728425502777, 0.01481532584875822, 0.013487047515809536, 0.013220448046922684, 0.013692271895706654, 0.014166105538606644, 0.014009151607751846, 0.01315122377127409, 0.013487470336258411, 0.013663245365023613, 0.014600221067667007, 0.013726779259741306, 0.014138788916170597, 0.01417538058012724, 0.013099541887640953, 0.013201299123466015, 0.013804600574076176, 0.013165554031729698]
Training time: 3648 	steps per sec: 8
Eval num_timesteps=31744, episode_reward=nan +/- nan
Eval num_timesteps=31744, episode_success=nan +/- nan
se
16 16384 1024
diff [0.07114604115486145, 0.0467834547162056, -0.02335803210735321, -0.006762046366930008, -0.004769381135702133, -0.003768373280763626, -0.00408678874373436, -0.0014545861631631851, 7.33453780412674e-05, -0.0029343795031309128, -0.0029860492795705795, -0.001676369458436966, -0.0029457025229930878, -0.0010807644575834274, -0.0008644824847579002, -0.002860807813704014, -0.0019910167902708054, -0.0008702380582690239, -0.003513120114803314, -0.0019488837569952011, -0.0008996063843369484, -0.002131582237780094, -0.0007843142375349998, -4.004128277301788e-05, -0.001300932839512825, -0.0006201388314366341, -0.0016535455361008644, -0.0030157919973134995, -0.0027535976842045784, -0.0027206679806113243, -0.0018619401380419731, -0.003852289170026779]
ref [0.30787816643714905, 0.11702907830476761, 0.09704013913869858, 0.06475340574979782, 0.050161778926849365, 0.04172972962260246, 0.036723531782627106, 0.029697470366954803, 0.025679312646389008, 0.02500143088400364, 0.022188318893313408, 0.019871722906827927, 0.019831422716379166, 0.016234492883086205, 0.01567980833351612, 0.01634785532951355, 0.015211464837193489, 0.014562509953975677, 0.017679225653409958, 0.015958035364747047, 0.014050830155611038, 0.015619052574038506, 0.014447559602558613, 0.014640262350440025, 0.015027712099254131, 0.014758927747607231, 0.015828926116228104, 0.016115333884954453, 0.015954896807670593, 0.0165252685546875, 0.015027494169771671, 0.016172049567103386]
[0.3790242075920105, 0.1638125330209732, 0.07368210703134537, 0.05799135938286781, 0.04539239779114723, 0.03796135634183884, 0.032636743038892746, 0.02824288420379162, 0.025752658024430275, 0.022067051380872726, 0.01920226961374283, 0.01819535344839096, 0.016885720193386078, 0.015153728425502777, 0.01481532584875822, 0.013487047515809536, 0.013220448046922684, 0.013692271895706654, 0.014166105538606644, 0.014009151607751846, 0.01315122377127409, 0.013487470336258411, 0.013663245365023613, 0.014600221067667007, 0.013726779259741306, 0.014138788916170597, 0.01417538058012724, 0.013099541887640953, 0.013201299123466015, 0.013804600574076176, 0.013165554031729698, 0.012319760397076607]
Training time: 3825 	steps per sec: 8
Eval num_timesteps=32768, episode_reward=nan +/- nan
Eval num_timesteps=32768, episode_success=nan +/- nan
results/HalfCheetah-v4/
results/HalfCheetah-v4/ppo_ros/
results/HalfCheetah-v4/ppo_ros/expert/
results/HalfCheetah-v4/ppo_ros/expert/b_16/
results/HalfCheetah-v4/ppo_ros/expert/b_16/no_clip_lambda/
results/HalfCheetah-v4/ppo_ros/expert/b_16/no_clip_lambda/run_0/
results/HalfCheetah-v4/ppo_ros/expert/b_16/no_clip_lambda/run_0/stats.npz
results/HalfCheetah-v4/ppo_ros/expert/b_16/no_clip_lambda/run_0/config.yml
results/HalfCheetah-v4/ppo_ros/expert/b_16/no_clip_lambda/run_0/evaluations.npz
