ppo_ros_continuous.py --env-id Ant-v4 -s expert/b_16/no_lambda --total-timesteps 32768 --eval-freq 1 --eval-episodes 0 -b 16 --num-steps 1024 -lr 0 --update-epochs 0 --anneal-lr 0 --ros-num-steps 256 --ros-update-epochs 16 --ros-target-kl 0.05 --ros-clip-coef 0.3 --ros-lambda 0 -ros-lr 0.0001 --ros-anneal-lr 0 --se 1 --se-freq 1 --se-lr 1e-3 --se-epochs 1000 --policy-path policies/Ant-v4/best_model.zip --normalization-dir policies/Ant-v4
Obtaining file:///var/lib/condor/execute/slot1/dir_26508/PPOROS/PPOROS/custom-envs
  Preparing metadata (setup.py): started
  Preparing metadata (setup.py): finished with status 'done'
Requirement already satisfied: gym in /var/lib/condor/execute/slot1/dir_26508/PPOROS/ppo-ros_env/lib/python3.9/site-packages (from custom-envs==0.0.1) (0.21.0)
Requirement already satisfied: numpy>=1.18.0 in /var/lib/condor/execute/slot1/dir_26508/PPOROS/ppo-ros_env/lib/python3.9/site-packages (from gym->custom-envs==0.0.1) (1.24.2)
Requirement already satisfied: cloudpickle>=1.2.0 in /var/lib/condor/execute/slot1/dir_26508/PPOROS/ppo-ros_env/lib/python3.9/site-packages (from gym->custom-envs==0.0.1) (2.2.1)
Installing collected packages: custom-envs
  Running setup.py develop for custom-envs
Successfully installed custom-envs-0.0.1
seed: 2
Eval num_timesteps=0, episode_reward=nan +/- nan
Eval num_timesteps=0, episode_success=nan +/- nan
se
1 1024 1024
diff [0.19777101278305054]
ref [0.7563165426254272]
[0.9540875554084778]
Training time: 33 	steps per sec: 30
Eval num_timesteps=1024, episode_reward=nan +/- nan
Eval num_timesteps=1024, episode_success=nan +/- nan
se
2 2048 1024
diff [0.19777101278305054, -0.016062989830970764]
ref [0.7563165426254272, 0.22771139442920685]
[0.9540875554084778, 0.21164840459823608]
Training time: 77 	steps per sec: 26
Eval num_timesteps=2048, episode_reward=nan +/- nan
Eval num_timesteps=2048, episode_success=nan +/- nan
se
3 3072 1024
diff [0.19777101278305054, -0.016062989830970764, -0.009037047624588013]
ref [0.7563165426254272, 0.22771139442920685, 0.1341228187084198]
[0.9540875554084778, 0.21164840459823608, 0.1250857710838318]
Training time: 133 	steps per sec: 23
Eval num_timesteps=3072, episode_reward=nan +/- nan
Eval num_timesteps=3072, episode_success=nan +/- nan
se
4 4096 1024
diff [0.19777101278305054, -0.016062989830970764, -0.009037047624588013, -0.009106181561946869]
ref [0.7563165426254272, 0.22771139442920685, 0.1341228187084198, 0.09530166536569595]
[0.9540875554084778, 0.21164840459823608, 0.1250857710838318, 0.08619548380374908]
Training time: 202 	steps per sec: 20
Eval num_timesteps=4096, episode_reward=nan +/- nan
Eval num_timesteps=4096, episode_success=nan +/- nan
se
5 5120 1024
diff [0.19777101278305054, -0.016062989830970764, -0.009037047624588013, -0.009106181561946869, -0.016945064067840576]
ref [0.7563165426254272, 0.22771139442920685, 0.1341228187084198, 0.09530166536569595, 0.08066065609455109]
[0.9540875554084778, 0.21164840459823608, 0.1250857710838318, 0.08619548380374908, 0.06371559202671051]
Training time: 266 	steps per sec: 19
Eval num_timesteps=5120, episode_reward=nan +/- nan
Eval num_timesteps=5120, episode_success=nan +/- nan
se
6 6144 1024
diff [0.19777101278305054, -0.016062989830970764, -0.009037047624588013, -0.009106181561946869, -0.016945064067840576, -0.01833832636475563]
ref [0.7563165426254272, 0.22771139442920685, 0.1341228187084198, 0.09530166536569595, 0.08066065609455109, 0.0693361908197403]
[0.9540875554084778, 0.21164840459823608, 0.1250857710838318, 0.08619548380374908, 0.06371559202671051, 0.050997864454984665]
Training time: 348 	steps per sec: 17
Eval num_timesteps=6144, episode_reward=nan +/- nan
Eval num_timesteps=6144, episode_success=nan +/- nan
se
7 7168 1024
diff [0.19777101278305054, -0.016062989830970764, -0.009037047624588013, -0.009106181561946869, -0.016945064067840576, -0.01833832636475563, -0.0027108266949653625]
ref [0.7563165426254272, 0.22771139442920685, 0.1341228187084198, 0.09530166536569595, 0.08066065609455109, 0.0693361908197403, 0.04506141319870949]
[0.9540875554084778, 0.21164840459823608, 0.1250857710838318, 0.08619548380374908, 0.06371559202671051, 0.050997864454984665, 0.042350586503744125]
Training time: 428 	steps per sec: 16
Eval num_timesteps=7168, episode_reward=nan +/- nan
Eval num_timesteps=7168, episode_success=nan +/- nan
se
8 8192 1024
diff [0.19777101278305054, -0.016062989830970764, -0.009037047624588013, -0.009106181561946869, -0.016945064067840576, -0.01833832636475563, -0.0027108266949653625, -0.006009340286254883]
ref [0.7563165426254272, 0.22771139442920685, 0.1341228187084198, 0.09530166536569595, 0.08066065609455109, 0.0693361908197403, 0.04506141319870949, 0.04152171313762665]
[0.9540875554084778, 0.21164840459823608, 0.1250857710838318, 0.08619548380374908, 0.06371559202671051, 0.050997864454984665, 0.042350586503744125, 0.035512372851371765]
Training time: 535 	steps per sec: 15
Eval num_timesteps=8192, episode_reward=nan +/- nan
Eval num_timesteps=8192, episode_success=nan +/- nan
se
9 9216 1024
diff [0.19777101278305054, -0.016062989830970764, -0.009037047624588013, -0.009106181561946869, -0.016945064067840576, -0.01833832636475563, -0.0027108266949653625, -0.006009340286254883, -0.009631410241127014]
ref [0.7563165426254272, 0.22771139442920685, 0.1341228187084198, 0.09530166536569595, 0.08066065609455109, 0.0693361908197403, 0.04506141319870949, 0.04152171313762665, 0.03939644992351532]
[0.9540875554084778, 0.21164840459823608, 0.1250857710838318, 0.08619548380374908, 0.06371559202671051, 0.050997864454984665, 0.042350586503744125, 0.035512372851371765, 0.029765039682388306]
Training time: 655 	steps per sec: 14
Eval num_timesteps=9216, episode_reward=nan +/- nan
Eval num_timesteps=9216, episode_success=nan +/- nan
se
10 10240 1024
diff [0.19777101278305054, -0.016062989830970764, -0.009037047624588013, -0.009106181561946869, -0.016945064067840576, -0.01833832636475563, -0.0027108266949653625, -0.006009340286254883, -0.009631410241127014, -0.009705740958452225]
ref [0.7563165426254272, 0.22771139442920685, 0.1341228187084198, 0.09530166536569595, 0.08066065609455109, 0.0693361908197403, 0.04506141319870949, 0.04152171313762665, 0.03939644992351532, 0.035785824060440063]
[0.9540875554084778, 0.21164840459823608, 0.1250857710838318, 0.08619548380374908, 0.06371559202671051, 0.050997864454984665, 0.042350586503744125, 0.035512372851371765, 0.029765039682388306, 0.02608008310198784]
Training time: 783 	steps per sec: 13
Eval num_timesteps=10240, episode_reward=nan +/- nan
Eval num_timesteps=10240, episode_success=nan +/- nan
se
11 11264 1024
diff [0.19777101278305054, -0.016062989830970764, -0.009037047624588013, -0.009106181561946869, -0.016945064067840576, -0.01833832636475563, -0.0027108266949653625, -0.006009340286254883, -0.009631410241127014, -0.009705740958452225, -0.008862385526299477]
ref [0.7563165426254272, 0.22771139442920685, 0.1341228187084198, 0.09530166536569595, 0.08066065609455109, 0.0693361908197403, 0.04506141319870949, 0.04152171313762665, 0.03939644992351532, 0.035785824060440063, 0.031718865036964417]
[0.9540875554084778, 0.21164840459823608, 0.1250857710838318, 0.08619548380374908, 0.06371559202671051, 0.050997864454984665, 0.042350586503744125, 0.035512372851371765, 0.029765039682388306, 0.02608008310198784, 0.02285647951066494]
Training time: 921 	steps per sec: 12
Eval num_timesteps=11264, episode_reward=nan +/- nan
Eval num_timesteps=11264, episode_success=nan +/- nan
se
12 12288 1024
diff [0.19777101278305054, -0.016062989830970764, -0.009037047624588013, -0.009106181561946869, -0.016945064067840576, -0.01833832636475563, -0.0027108266949653625, -0.006009340286254883, -0.009631410241127014, -0.009705740958452225, -0.008862385526299477, -0.010173123329877853]
ref [0.7563165426254272, 0.22771139442920685, 0.1341228187084198, 0.09530166536569595, 0.08066065609455109, 0.0693361908197403, 0.04506141319870949, 0.04152171313762665, 0.03939644992351532, 0.035785824060440063, 0.031718865036964417, 0.03033205308020115]
[0.9540875554084778, 0.21164840459823608, 0.1250857710838318, 0.08619548380374908, 0.06371559202671051, 0.050997864454984665, 0.042350586503744125, 0.035512372851371765, 0.029765039682388306, 0.02608008310198784, 0.02285647951066494, 0.020158929750323296]
Training time: 1065 	steps per sec: 11
Eval num_timesteps=12288, episode_reward=nan +/- nan
Eval num_timesteps=12288, episode_success=nan +/- nan
se
13 13312 1024
diff [0.19777101278305054, -0.016062989830970764, -0.009037047624588013, -0.009106181561946869, -0.016945064067840576, -0.01833832636475563, -0.0027108266949653625, -0.006009340286254883, -0.009631410241127014, -0.009705740958452225, -0.008862385526299477, -0.010173123329877853, -0.006102984771132469]
ref [0.7563165426254272, 0.22771139442920685, 0.1341228187084198, 0.09530166536569595, 0.08066065609455109, 0.0693361908197403, 0.04506141319870949, 0.04152171313762665, 0.03939644992351532, 0.035785824060440063, 0.031718865036964417, 0.03033205308020115, 0.024116475135087967]
[0.9540875554084778, 0.21164840459823608, 0.1250857710838318, 0.08619548380374908, 0.06371559202671051, 0.050997864454984665, 0.042350586503744125, 0.035512372851371765, 0.029765039682388306, 0.02608008310198784, 0.02285647951066494, 0.020158929750323296, 0.018013490363955498]
Training time: 1228 	steps per sec: 10
Eval num_timesteps=13312, episode_reward=nan +/- nan
Eval num_timesteps=13312, episode_success=nan +/- nan
se
14 14336 1024
diff [0.19777101278305054, -0.016062989830970764, -0.009037047624588013, -0.009106181561946869, -0.016945064067840576, -0.01833832636475563, -0.0027108266949653625, -0.006009340286254883, -0.009631410241127014, -0.009705740958452225, -0.008862385526299477, -0.010173123329877853, -0.006102984771132469, -0.009199481457471848]
ref [0.7563165426254272, 0.22771139442920685, 0.1341228187084198, 0.09530166536569595, 0.08066065609455109, 0.0693361908197403, 0.04506141319870949, 0.04152171313762665, 0.03939644992351532, 0.035785824060440063, 0.031718865036964417, 0.03033205308020115, 0.024116475135087967, 0.02589532732963562]
[0.9540875554084778, 0.21164840459823608, 0.1250857710838318, 0.08619548380374908, 0.06371559202671051, 0.050997864454984665, 0.042350586503744125, 0.035512372851371765, 0.029765039682388306, 0.02608008310198784, 0.02285647951066494, 0.020158929750323296, 0.018013490363955498, 0.016695845872163773]
Training time: 1400 	steps per sec: 10
Eval num_timesteps=14336, episode_reward=nan +/- nan
Eval num_timesteps=14336, episode_success=nan +/- nan
se
15 15360 1024
diff [0.19777101278305054, -0.016062989830970764, -0.009037047624588013, -0.009106181561946869, -0.016945064067840576, -0.01833832636475563, -0.0027108266949653625, -0.006009340286254883, -0.009631410241127014, -0.009705740958452225, -0.008862385526299477, -0.010173123329877853, -0.006102984771132469, -0.009199481457471848, -0.007357696071267128]
ref [0.7563165426254272, 0.22771139442920685, 0.1341228187084198, 0.09530166536569595, 0.08066065609455109, 0.0693361908197403, 0.04506141319870949, 0.04152171313762665, 0.03939644992351532, 0.035785824060440063, 0.031718865036964417, 0.03033205308020115, 0.024116475135087967, 0.02589532732963562, 0.022300729528069496]
[0.9540875554084778, 0.21164840459823608, 0.1250857710838318, 0.08619548380374908, 0.06371559202671051, 0.050997864454984665, 0.042350586503744125, 0.035512372851371765, 0.029765039682388306, 0.02608008310198784, 0.02285647951066494, 0.020158929750323296, 0.018013490363955498, 0.016695845872163773, 0.014943033456802368]
Training time: 1577 	steps per sec: 9
Eval num_timesteps=15360, episode_reward=nan +/- nan
Eval num_timesteps=15360, episode_success=nan +/- nan
se
16 16384 1024
diff [0.19777101278305054, -0.016062989830970764, -0.009037047624588013, -0.009106181561946869, -0.016945064067840576, -0.01833832636475563, -0.0027108266949653625, -0.006009340286254883, -0.009631410241127014, -0.009705740958452225, -0.008862385526299477, -0.010173123329877853, -0.006102984771132469, -0.009199481457471848, -0.007357696071267128, -0.006895293481647968]
ref [0.7563165426254272, 0.22771139442920685, 0.1341228187084198, 0.09530166536569595, 0.08066065609455109, 0.0693361908197403, 0.04506141319870949, 0.04152171313762665, 0.03939644992351532, 0.035785824060440063, 0.031718865036964417, 0.03033205308020115, 0.024116475135087967, 0.02589532732963562, 0.022300729528069496, 0.021336138248443604]
[0.9540875554084778, 0.21164840459823608, 0.1250857710838318, 0.08619548380374908, 0.06371559202671051, 0.050997864454984665, 0.042350586503744125, 0.035512372851371765, 0.029765039682388306, 0.02608008310198784, 0.02285647951066494, 0.020158929750323296, 0.018013490363955498, 0.016695845872163773, 0.014943033456802368, 0.014440844766795635]
Training time: 1765 	steps per sec: 9
Eval num_timesteps=16384, episode_reward=nan +/- nan
Eval num_timesteps=16384, episode_success=nan +/- nan
se
16 16384 1024
diff [0.19777101278305054, -0.016062989830970764, -0.009037047624588013, -0.009106181561946869, -0.016945064067840576, -0.01833832636475563, -0.0027108266949653625, -0.006009340286254883, -0.009631410241127014, -0.009705740958452225, -0.008862385526299477, -0.010173123329877853, -0.006102984771132469, -0.009199481457471848, -0.007357696071267128, -0.006895293481647968, -0.006090108305215836]
ref [0.7563165426254272, 0.22771139442920685, 0.1341228187084198, 0.09530166536569595, 0.08066065609455109, 0.0693361908197403, 0.04506141319870949, 0.04152171313762665, 0.03939644992351532, 0.035785824060440063, 0.031718865036964417, 0.03033205308020115, 0.024116475135087967, 0.02589532732963562, 0.022300729528069496, 0.021336138248443604, 0.02088756673038006]
[0.9540875554084778, 0.21164840459823608, 0.1250857710838318, 0.08619548380374908, 0.06371559202671051, 0.050997864454984665, 0.042350586503744125, 0.035512372851371765, 0.029765039682388306, 0.02608008310198784, 0.02285647951066494, 0.020158929750323296, 0.018013490363955498, 0.016695845872163773, 0.014943033456802368, 0.014440844766795635, 0.014797458425164223]
Training time: 1945 	steps per sec: 8
Eval num_timesteps=17408, episode_reward=nan +/- nan
Eval num_timesteps=17408, episode_success=nan +/- nan
se
16 16384 1024
diff [0.19777101278305054, -0.016062989830970764, -0.009037047624588013, -0.009106181561946869, -0.016945064067840576, -0.01833832636475563, -0.0027108266949653625, -0.006009340286254883, -0.009631410241127014, -0.009705740958452225, -0.008862385526299477, -0.010173123329877853, -0.006102984771132469, -0.009199481457471848, -0.007357696071267128, -0.006895293481647968, -0.006090108305215836, -0.007036699913442135]
ref [0.7563165426254272, 0.22771139442920685, 0.1341228187084198, 0.09530166536569595, 0.08066065609455109, 0.0693361908197403, 0.04506141319870949, 0.04152171313762665, 0.03939644992351532, 0.035785824060440063, 0.031718865036964417, 0.03033205308020115, 0.024116475135087967, 0.02589532732963562, 0.022300729528069496, 0.021336138248443604, 0.02088756673038006, 0.021500706672668457]
[0.9540875554084778, 0.21164840459823608, 0.1250857710838318, 0.08619548380374908, 0.06371559202671051, 0.050997864454984665, 0.042350586503744125, 0.035512372851371765, 0.029765039682388306, 0.02608008310198784, 0.02285647951066494, 0.020158929750323296, 0.018013490363955498, 0.016695845872163773, 0.014943033456802368, 0.014440844766795635, 0.014797458425164223, 0.014464006759226322]
Training time: 2129 	steps per sec: 8
Eval num_timesteps=18432, episode_reward=nan +/- nan
Eval num_timesteps=18432, episode_success=nan +/- nan
se
16 16384 1024
diff [0.19777101278305054, -0.016062989830970764, -0.009037047624588013, -0.009106181561946869, -0.016945064067840576, -0.01833832636475563, -0.0027108266949653625, -0.006009340286254883, -0.009631410241127014, -0.009705740958452225, -0.008862385526299477, -0.010173123329877853, -0.006102984771132469, -0.009199481457471848, -0.007357696071267128, -0.006895293481647968, -0.006090108305215836, -0.007036699913442135, -0.007039771415293217]
ref [0.7563165426254272, 0.22771139442920685, 0.1341228187084198, 0.09530166536569595, 0.08066065609455109, 0.0693361908197403, 0.04506141319870949, 0.04152171313762665, 0.03939644992351532, 0.035785824060440063, 0.031718865036964417, 0.03033205308020115, 0.024116475135087967, 0.02589532732963562, 0.022300729528069496, 0.021336138248443604, 0.02088756673038006, 0.021500706672668457, 0.021654527634382248]
[0.9540875554084778, 0.21164840459823608, 0.1250857710838318, 0.08619548380374908, 0.06371559202671051, 0.050997864454984665, 0.042350586503744125, 0.035512372851371765, 0.029765039682388306, 0.02608008310198784, 0.02285647951066494, 0.020158929750323296, 0.018013490363955498, 0.016695845872163773, 0.014943033456802368, 0.014440844766795635, 0.014797458425164223, 0.014464006759226322, 0.014614756219089031]
Training time: 2320 	steps per sec: 8
Eval num_timesteps=19456, episode_reward=nan +/- nan
Eval num_timesteps=19456, episode_success=nan +/- nan
se
16 16384 1024
diff [0.19777101278305054, -0.016062989830970764, -0.009037047624588013, -0.009106181561946869, -0.016945064067840576, -0.01833832636475563, -0.0027108266949653625, -0.006009340286254883, -0.009631410241127014, -0.009705740958452225, -0.008862385526299477, -0.010173123329877853, -0.006102984771132469, -0.009199481457471848, -0.007357696071267128, -0.006895293481647968, -0.006090108305215836, -0.007036699913442135, -0.007039771415293217, -0.004630943760275841]
ref [0.7563165426254272, 0.22771139442920685, 0.1341228187084198, 0.09530166536569595, 0.08066065609455109, 0.0693361908197403, 0.04506141319870949, 0.04152171313762665, 0.03939644992351532, 0.035785824060440063, 0.031718865036964417, 0.03033205308020115, 0.024116475135087967, 0.02589532732963562, 0.022300729528069496, 0.021336138248443604, 0.02088756673038006, 0.021500706672668457, 0.021654527634382248, 0.02046714909374714]
[0.9540875554084778, 0.21164840459823608, 0.1250857710838318, 0.08619548380374908, 0.06371559202671051, 0.050997864454984665, 0.042350586503744125, 0.035512372851371765, 0.029765039682388306, 0.02608008310198784, 0.02285647951066494, 0.020158929750323296, 0.018013490363955498, 0.016695845872163773, 0.014943033456802368, 0.014440844766795635, 0.014797458425164223, 0.014464006759226322, 0.014614756219089031, 0.015836205333471298]
Training time: 2509 	steps per sec: 8
Eval num_timesteps=20480, episode_reward=nan +/- nan
Eval num_timesteps=20480, episode_success=nan +/- nan
se
16 16384 1024
diff [0.19777101278305054, -0.016062989830970764, -0.009037047624588013, -0.009106181561946869, -0.016945064067840576, -0.01833832636475563, -0.0027108266949653625, -0.006009340286254883, -0.009631410241127014, -0.009705740958452225, -0.008862385526299477, -0.010173123329877853, -0.006102984771132469, -0.009199481457471848, -0.007357696071267128, -0.006895293481647968, -0.006090108305215836, -0.007036699913442135, -0.007039771415293217, -0.004630943760275841, -0.003960012458264828]
ref [0.7563165426254272, 0.22771139442920685, 0.1341228187084198, 0.09530166536569595, 0.08066065609455109, 0.0693361908197403, 0.04506141319870949, 0.04152171313762665, 0.03939644992351532, 0.035785824060440063, 0.031718865036964417, 0.03033205308020115, 0.024116475135087967, 0.02589532732963562, 0.022300729528069496, 0.021336138248443604, 0.02088756673038006, 0.021500706672668457, 0.021654527634382248, 0.02046714909374714, 0.01844741962850094]
[0.9540875554084778, 0.21164840459823608, 0.1250857710838318, 0.08619548380374908, 0.06371559202671051, 0.050997864454984665, 0.042350586503744125, 0.035512372851371765, 0.029765039682388306, 0.02608008310198784, 0.02285647951066494, 0.020158929750323296, 0.018013490363955498, 0.016695845872163773, 0.014943033456802368, 0.014440844766795635, 0.014797458425164223, 0.014464006759226322, 0.014614756219089031, 0.015836205333471298, 0.01448740717023611]
Training time: 2665 	steps per sec: 8
Eval num_timesteps=21504, episode_reward=nan +/- nan
Eval num_timesteps=21504, episode_success=nan +/- nan
se
16 16384 1024
diff [0.19777101278305054, -0.016062989830970764, -0.009037047624588013, -0.009106181561946869, -0.016945064067840576, -0.01833832636475563, -0.0027108266949653625, -0.006009340286254883, -0.009631410241127014, -0.009705740958452225, -0.008862385526299477, -0.010173123329877853, -0.006102984771132469, -0.009199481457471848, -0.007357696071267128, -0.006895293481647968, -0.006090108305215836, -0.007036699913442135, -0.007039771415293217, -0.004630943760275841, -0.003960012458264828, -0.00809659156948328]
ref [0.7563165426254272, 0.22771139442920685, 0.1341228187084198, 0.09530166536569595, 0.08066065609455109, 0.0693361908197403, 0.04506141319870949, 0.04152171313762665, 0.03939644992351532, 0.035785824060440063, 0.031718865036964417, 0.03033205308020115, 0.024116475135087967, 0.02589532732963562, 0.022300729528069496, 0.021336138248443604, 0.02088756673038006, 0.021500706672668457, 0.021654527634382248, 0.02046714909374714, 0.01844741962850094, 0.023128360509872437]
[0.9540875554084778, 0.21164840459823608, 0.1250857710838318, 0.08619548380374908, 0.06371559202671051, 0.050997864454984665, 0.042350586503744125, 0.035512372851371765, 0.029765039682388306, 0.02608008310198784, 0.02285647951066494, 0.020158929750323296, 0.018013490363955498, 0.016695845872163773, 0.014943033456802368, 0.014440844766795635, 0.014797458425164223, 0.014464006759226322, 0.014614756219089031, 0.015836205333471298, 0.01448740717023611, 0.015031768940389156]
Training time: 2841 	steps per sec: 7
Eval num_timesteps=22528, episode_reward=nan +/- nan
Eval num_timesteps=22528, episode_success=nan +/- nan
se
16 16384 1024
diff [0.19777101278305054, -0.016062989830970764, -0.009037047624588013, -0.009106181561946869, -0.016945064067840576, -0.01833832636475563, -0.0027108266949653625, -0.006009340286254883, -0.009631410241127014, -0.009705740958452225, -0.008862385526299477, -0.010173123329877853, -0.006102984771132469, -0.009199481457471848, -0.007357696071267128, -0.006895293481647968, -0.006090108305215836, -0.007036699913442135, -0.007039771415293217, -0.004630943760275841, -0.003960012458264828, -0.00809659156948328, -0.008010216057300568]
ref [0.7563165426254272, 0.22771139442920685, 0.1341228187084198, 0.09530166536569595, 0.08066065609455109, 0.0693361908197403, 0.04506141319870949, 0.04152171313762665, 0.03939644992351532, 0.035785824060440063, 0.031718865036964417, 0.03033205308020115, 0.024116475135087967, 0.02589532732963562, 0.022300729528069496, 0.021336138248443604, 0.02088756673038006, 0.021500706672668457, 0.021654527634382248, 0.02046714909374714, 0.01844741962850094, 0.023128360509872437, 0.022246403619647026]
[0.9540875554084778, 0.21164840459823608, 0.1250857710838318, 0.08619548380374908, 0.06371559202671051, 0.050997864454984665, 0.042350586503744125, 0.035512372851371765, 0.029765039682388306, 0.02608008310198784, 0.02285647951066494, 0.020158929750323296, 0.018013490363955498, 0.016695845872163773, 0.014943033456802368, 0.014440844766795635, 0.014797458425164223, 0.014464006759226322, 0.014614756219089031, 0.015836205333471298, 0.01448740717023611, 0.015031768940389156, 0.014236187562346458]
Training time: 3027 	steps per sec: 7
Eval num_timesteps=23552, episode_reward=nan +/- nan
Eval num_timesteps=23552, episode_success=nan +/- nan
se
16 16384 1024
diff [0.19777101278305054, -0.016062989830970764, -0.009037047624588013, -0.009106181561946869, -0.016945064067840576, -0.01833832636475563, -0.0027108266949653625, -0.006009340286254883, -0.009631410241127014, -0.009705740958452225, -0.008862385526299477, -0.010173123329877853, -0.006102984771132469, -0.009199481457471848, -0.007357696071267128, -0.006895293481647968, -0.006090108305215836, -0.007036699913442135, -0.007039771415293217, -0.004630943760275841, -0.003960012458264828, -0.00809659156948328, -0.008010216057300568, -0.005895555950701237]
ref [0.7563165426254272, 0.22771139442920685, 0.1341228187084198, 0.09530166536569595, 0.08066065609455109, 0.0693361908197403, 0.04506141319870949, 0.04152171313762665, 0.03939644992351532, 0.035785824060440063, 0.031718865036964417, 0.03033205308020115, 0.024116475135087967, 0.02589532732963562, 0.022300729528069496, 0.021336138248443604, 0.02088756673038006, 0.021500706672668457, 0.021654527634382248, 0.02046714909374714, 0.01844741962850094, 0.023128360509872437, 0.022246403619647026, 0.019865723326802254]
[0.9540875554084778, 0.21164840459823608, 0.1250857710838318, 0.08619548380374908, 0.06371559202671051, 0.050997864454984665, 0.042350586503744125, 0.035512372851371765, 0.029765039682388306, 0.02608008310198784, 0.02285647951066494, 0.020158929750323296, 0.018013490363955498, 0.016695845872163773, 0.014943033456802368, 0.014440844766795635, 0.014797458425164223, 0.014464006759226322, 0.014614756219089031, 0.015836205333471298, 0.01448740717023611, 0.015031768940389156, 0.014236187562346458, 0.013970167376101017]
Training time: 3204 	steps per sec: 7
Eval num_timesteps=24576, episode_reward=nan +/- nan
Eval num_timesteps=24576, episode_success=nan +/- nan
se
16 16384 1024
diff [0.19777101278305054, -0.016062989830970764, -0.009037047624588013, -0.009106181561946869, -0.016945064067840576, -0.01833832636475563, -0.0027108266949653625, -0.006009340286254883, -0.009631410241127014, -0.009705740958452225, -0.008862385526299477, -0.010173123329877853, -0.006102984771132469, -0.009199481457471848, -0.007357696071267128, -0.006895293481647968, -0.006090108305215836, -0.007036699913442135, -0.007039771415293217, -0.004630943760275841, -0.003960012458264828, -0.00809659156948328, -0.008010216057300568, -0.005895555950701237, -0.007434431463479996]
ref [0.7563165426254272, 0.22771139442920685, 0.1341228187084198, 0.09530166536569595, 0.08066065609455109, 0.0693361908197403, 0.04506141319870949, 0.04152171313762665, 0.03939644992351532, 0.035785824060440063, 0.031718865036964417, 0.03033205308020115, 0.024116475135087967, 0.02589532732963562, 0.022300729528069496, 0.021336138248443604, 0.02088756673038006, 0.021500706672668457, 0.021654527634382248, 0.02046714909374714, 0.01844741962850094, 0.023128360509872437, 0.022246403619647026, 0.019865723326802254, 0.021471288055181503]
[0.9540875554084778, 0.21164840459823608, 0.1250857710838318, 0.08619548380374908, 0.06371559202671051, 0.050997864454984665, 0.042350586503744125, 0.035512372851371765, 0.029765039682388306, 0.02608008310198784, 0.02285647951066494, 0.020158929750323296, 0.018013490363955498, 0.016695845872163773, 0.014943033456802368, 0.014440844766795635, 0.014797458425164223, 0.014464006759226322, 0.014614756219089031, 0.015836205333471298, 0.01448740717023611, 0.015031768940389156, 0.014236187562346458, 0.013970167376101017, 0.014036856591701508]
Training time: 3378 	steps per sec: 7
Eval num_timesteps=25600, episode_reward=nan +/- nan
Eval num_timesteps=25600, episode_success=nan +/- nan
se
16 16384 1024
diff [0.19777101278305054, -0.016062989830970764, -0.009037047624588013, -0.009106181561946869, -0.016945064067840576, -0.01833832636475563, -0.0027108266949653625, -0.006009340286254883, -0.009631410241127014, -0.009705740958452225, -0.008862385526299477, -0.010173123329877853, -0.006102984771132469, -0.009199481457471848, -0.007357696071267128, -0.006895293481647968, -0.006090108305215836, -0.007036699913442135, -0.007039771415293217, -0.004630943760275841, -0.003960012458264828, -0.00809659156948328, -0.008010216057300568, -0.005895555950701237, -0.007434431463479996, -0.005949912592768669]
ref [0.7563165426254272, 0.22771139442920685, 0.1341228187084198, 0.09530166536569595, 0.08066065609455109, 0.0693361908197403, 0.04506141319870949, 0.04152171313762665, 0.03939644992351532, 0.035785824060440063, 0.031718865036964417, 0.03033205308020115, 0.024116475135087967, 0.02589532732963562, 0.022300729528069496, 0.021336138248443604, 0.02088756673038006, 0.021500706672668457, 0.021654527634382248, 0.02046714909374714, 0.01844741962850094, 0.023128360509872437, 0.022246403619647026, 0.019865723326802254, 0.021471288055181503, 0.02080262079834938]
[0.9540875554084778, 0.21164840459823608, 0.1250857710838318, 0.08619548380374908, 0.06371559202671051, 0.050997864454984665, 0.042350586503744125, 0.035512372851371765, 0.029765039682388306, 0.02608008310198784, 0.02285647951066494, 0.020158929750323296, 0.018013490363955498, 0.016695845872163773, 0.014943033456802368, 0.014440844766795635, 0.014797458425164223, 0.014464006759226322, 0.014614756219089031, 0.015836205333471298, 0.01448740717023611, 0.015031768940389156, 0.014236187562346458, 0.013970167376101017, 0.014036856591701508, 0.014852708205580711]
Training time: 3562 	steps per sec: 7
Eval num_timesteps=26624, episode_reward=nan +/- nan
Eval num_timesteps=26624, episode_success=nan +/- nan
se
16 16384 1024
diff [0.19777101278305054, -0.016062989830970764, -0.009037047624588013, -0.009106181561946869, -0.016945064067840576, -0.01833832636475563, -0.0027108266949653625, -0.006009340286254883, -0.009631410241127014, -0.009705740958452225, -0.008862385526299477, -0.010173123329877853, -0.006102984771132469, -0.009199481457471848, -0.007357696071267128, -0.006895293481647968, -0.006090108305215836, -0.007036699913442135, -0.007039771415293217, -0.004630943760275841, -0.003960012458264828, -0.00809659156948328, -0.008010216057300568, -0.005895555950701237, -0.007434431463479996, -0.005949912592768669, -0.007660620845854282]
ref [0.7563165426254272, 0.22771139442920685, 0.1341228187084198, 0.09530166536569595, 0.08066065609455109, 0.0693361908197403, 0.04506141319870949, 0.04152171313762665, 0.03939644992351532, 0.035785824060440063, 0.031718865036964417, 0.03033205308020115, 0.024116475135087967, 0.02589532732963562, 0.022300729528069496, 0.021336138248443604, 0.02088756673038006, 0.021500706672668457, 0.021654527634382248, 0.02046714909374714, 0.01844741962850094, 0.023128360509872437, 0.022246403619647026, 0.019865723326802254, 0.021471288055181503, 0.02080262079834938, 0.021420059725642204]
[0.9540875554084778, 0.21164840459823608, 0.1250857710838318, 0.08619548380374908, 0.06371559202671051, 0.050997864454984665, 0.042350586503744125, 0.035512372851371765, 0.029765039682388306, 0.02608008310198784, 0.02285647951066494, 0.020158929750323296, 0.018013490363955498, 0.016695845872163773, 0.014943033456802368, 0.014440844766795635, 0.014797458425164223, 0.014464006759226322, 0.014614756219089031, 0.015836205333471298, 0.01448740717023611, 0.015031768940389156, 0.014236187562346458, 0.013970167376101017, 0.014036856591701508, 0.014852708205580711, 0.013759438879787922]
Training time: 3741 	steps per sec: 7
Eval num_timesteps=27648, episode_reward=nan +/- nan
Eval num_timesteps=27648, episode_success=nan +/- nan
se
16 16384 1024
diff [0.19777101278305054, -0.016062989830970764, -0.009037047624588013, -0.009106181561946869, -0.016945064067840576, -0.01833832636475563, -0.0027108266949653625, -0.006009340286254883, -0.009631410241127014, -0.009705740958452225, -0.008862385526299477, -0.010173123329877853, -0.006102984771132469, -0.009199481457471848, -0.007357696071267128, -0.006895293481647968, -0.006090108305215836, -0.007036699913442135, -0.007039771415293217, -0.004630943760275841, -0.003960012458264828, -0.00809659156948328, -0.008010216057300568, -0.005895555950701237, -0.007434431463479996, -0.005949912592768669, -0.007660620845854282, -0.004893764853477478]
ref [0.7563165426254272, 0.22771139442920685, 0.1341228187084198, 0.09530166536569595, 0.08066065609455109, 0.0693361908197403, 0.04506141319870949, 0.04152171313762665, 0.03939644992351532, 0.035785824060440063, 0.031718865036964417, 0.03033205308020115, 0.024116475135087967, 0.02589532732963562, 0.022300729528069496, 0.021336138248443604, 0.02088756673038006, 0.021500706672668457, 0.021654527634382248, 0.02046714909374714, 0.01844741962850094, 0.023128360509872437, 0.022246403619647026, 0.019865723326802254, 0.021471288055181503, 0.02080262079834938, 0.021420059725642204, 0.02034791000187397]
[0.9540875554084778, 0.21164840459823608, 0.1250857710838318, 0.08619548380374908, 0.06371559202671051, 0.050997864454984665, 0.042350586503744125, 0.035512372851371765, 0.029765039682388306, 0.02608008310198784, 0.02285647951066494, 0.020158929750323296, 0.018013490363955498, 0.016695845872163773, 0.014943033456802368, 0.014440844766795635, 0.014797458425164223, 0.014464006759226322, 0.014614756219089031, 0.015836205333471298, 0.01448740717023611, 0.015031768940389156, 0.014236187562346458, 0.013970167376101017, 0.014036856591701508, 0.014852708205580711, 0.013759438879787922, 0.015454145148396492]
Training time: 3910 	steps per sec: 7
Eval num_timesteps=28672, episode_reward=nan +/- nan
Eval num_timesteps=28672, episode_success=nan +/- nan
se
16 16384 1024
diff [0.19777101278305054, -0.016062989830970764, -0.009037047624588013, -0.009106181561946869, -0.016945064067840576, -0.01833832636475563, -0.0027108266949653625, -0.006009340286254883, -0.009631410241127014, -0.009705740958452225, -0.008862385526299477, -0.010173123329877853, -0.006102984771132469, -0.009199481457471848, -0.007357696071267128, -0.006895293481647968, -0.006090108305215836, -0.007036699913442135, -0.007039771415293217, -0.004630943760275841, -0.003960012458264828, -0.00809659156948328, -0.008010216057300568, -0.005895555950701237, -0.007434431463479996, -0.005949912592768669, -0.007660620845854282, -0.004893764853477478, -0.004260672256350517]
ref [0.7563165426254272, 0.22771139442920685, 0.1341228187084198, 0.09530166536569595, 0.08066065609455109, 0.0693361908197403, 0.04506141319870949, 0.04152171313762665, 0.03939644992351532, 0.035785824060440063, 0.031718865036964417, 0.03033205308020115, 0.024116475135087967, 0.02589532732963562, 0.022300729528069496, 0.021336138248443604, 0.02088756673038006, 0.021500706672668457, 0.021654527634382248, 0.02046714909374714, 0.01844741962850094, 0.023128360509872437, 0.022246403619647026, 0.019865723326802254, 0.021471288055181503, 0.02080262079834938, 0.021420059725642204, 0.02034791000187397, 0.019905991852283478]
[0.9540875554084778, 0.21164840459823608, 0.1250857710838318, 0.08619548380374908, 0.06371559202671051, 0.050997864454984665, 0.042350586503744125, 0.035512372851371765, 0.029765039682388306, 0.02608008310198784, 0.02285647951066494, 0.020158929750323296, 0.018013490363955498, 0.016695845872163773, 0.014943033456802368, 0.014440844766795635, 0.014797458425164223, 0.014464006759226322, 0.014614756219089031, 0.015836205333471298, 0.01448740717023611, 0.015031768940389156, 0.014236187562346458, 0.013970167376101017, 0.014036856591701508, 0.014852708205580711, 0.013759438879787922, 0.015454145148396492, 0.01564531959593296]
Training time: 4073 	steps per sec: 7
Eval num_timesteps=29696, episode_reward=nan +/- nan
Eval num_timesteps=29696, episode_success=nan +/- nan
se
16 16384 1024
diff [0.19777101278305054, -0.016062989830970764, -0.009037047624588013, -0.009106181561946869, -0.016945064067840576, -0.01833832636475563, -0.0027108266949653625, -0.006009340286254883, -0.009631410241127014, -0.009705740958452225, -0.008862385526299477, -0.010173123329877853, -0.006102984771132469, -0.009199481457471848, -0.007357696071267128, -0.006895293481647968, -0.006090108305215836, -0.007036699913442135, -0.007039771415293217, -0.004630943760275841, -0.003960012458264828, -0.00809659156948328, -0.008010216057300568, -0.005895555950701237, -0.007434431463479996, -0.005949912592768669, -0.007660620845854282, -0.004893764853477478, -0.004260672256350517, -0.0030389074236154556]
ref [0.7563165426254272, 0.22771139442920685, 0.1341228187084198, 0.09530166536569595, 0.08066065609455109, 0.0693361908197403, 0.04506141319870949, 0.04152171313762665, 0.03939644992351532, 0.035785824060440063, 0.031718865036964417, 0.03033205308020115, 0.024116475135087967, 0.02589532732963562, 0.022300729528069496, 0.021336138248443604, 0.02088756673038006, 0.021500706672668457, 0.021654527634382248, 0.02046714909374714, 0.01844741962850094, 0.023128360509872437, 0.022246403619647026, 0.019865723326802254, 0.021471288055181503, 0.02080262079834938, 0.021420059725642204, 0.02034791000187397, 0.019905991852283478, 0.01905227266252041]
[0.9540875554084778, 0.21164840459823608, 0.1250857710838318, 0.08619548380374908, 0.06371559202671051, 0.050997864454984665, 0.042350586503744125, 0.035512372851371765, 0.029765039682388306, 0.02608008310198784, 0.02285647951066494, 0.020158929750323296, 0.018013490363955498, 0.016695845872163773, 0.014943033456802368, 0.014440844766795635, 0.014797458425164223, 0.014464006759226322, 0.014614756219089031, 0.015836205333471298, 0.01448740717023611, 0.015031768940389156, 0.014236187562346458, 0.013970167376101017, 0.014036856591701508, 0.014852708205580711, 0.013759438879787922, 0.015454145148396492, 0.01564531959593296, 0.016013365238904953]
Training time: 4243 	steps per sec: 7
Eval num_timesteps=30720, episode_reward=nan +/- nan
Eval num_timesteps=30720, episode_success=nan +/- nan
se
16 16384 1024
diff [0.19777101278305054, -0.016062989830970764, -0.009037047624588013, -0.009106181561946869, -0.016945064067840576, -0.01833832636475563, -0.0027108266949653625, -0.006009340286254883, -0.009631410241127014, -0.009705740958452225, -0.008862385526299477, -0.010173123329877853, -0.006102984771132469, -0.009199481457471848, -0.007357696071267128, -0.006895293481647968, -0.006090108305215836, -0.007036699913442135, -0.007039771415293217, -0.004630943760275841, -0.003960012458264828, -0.00809659156948328, -0.008010216057300568, -0.005895555950701237, -0.007434431463479996, -0.005949912592768669, -0.007660620845854282, -0.004893764853477478, -0.004260672256350517, -0.0030389074236154556, -0.004891904070973396]
ref [0.7563165426254272, 0.22771139442920685, 0.1341228187084198, 0.09530166536569595, 0.08066065609455109, 0.0693361908197403, 0.04506141319870949, 0.04152171313762665, 0.03939644992351532, 0.035785824060440063, 0.031718865036964417, 0.03033205308020115, 0.024116475135087967, 0.02589532732963562, 0.022300729528069496, 0.021336138248443604, 0.02088756673038006, 0.021500706672668457, 0.021654527634382248, 0.02046714909374714, 0.01844741962850094, 0.023128360509872437, 0.022246403619647026, 0.019865723326802254, 0.021471288055181503, 0.02080262079834938, 0.021420059725642204, 0.02034791000187397, 0.019905991852283478, 0.01905227266252041, 0.02060953713953495]
[0.9540875554084778, 0.21164840459823608, 0.1250857710838318, 0.08619548380374908, 0.06371559202671051, 0.050997864454984665, 0.042350586503744125, 0.035512372851371765, 0.029765039682388306, 0.02608008310198784, 0.02285647951066494, 0.020158929750323296, 0.018013490363955498, 0.016695845872163773, 0.014943033456802368, 0.014440844766795635, 0.014797458425164223, 0.014464006759226322, 0.014614756219089031, 0.015836205333471298, 0.01448740717023611, 0.015031768940389156, 0.014236187562346458, 0.013970167376101017, 0.014036856591701508, 0.014852708205580711, 0.013759438879787922, 0.015454145148396492, 0.01564531959593296, 0.016013365238904953, 0.015717633068561554]
Training time: 4422 	steps per sec: 7
Eval num_timesteps=31744, episode_reward=nan +/- nan
Eval num_timesteps=31744, episode_success=nan +/- nan
se
16 16384 1024
diff [0.19777101278305054, -0.016062989830970764, -0.009037047624588013, -0.009106181561946869, -0.016945064067840576, -0.01833832636475563, -0.0027108266949653625, -0.006009340286254883, -0.009631410241127014, -0.009705740958452225, -0.008862385526299477, -0.010173123329877853, -0.006102984771132469, -0.009199481457471848, -0.007357696071267128, -0.006895293481647968, -0.006090108305215836, -0.007036699913442135, -0.007039771415293217, -0.004630943760275841, -0.003960012458264828, -0.00809659156948328, -0.008010216057300568, -0.005895555950701237, -0.007434431463479996, -0.005949912592768669, -0.007660620845854282, -0.004893764853477478, -0.004260672256350517, -0.0030389074236154556, -0.004891904070973396, -0.006068846210837364]
ref [0.7563165426254272, 0.22771139442920685, 0.1341228187084198, 0.09530166536569595, 0.08066065609455109, 0.0693361908197403, 0.04506141319870949, 0.04152171313762665, 0.03939644992351532, 0.035785824060440063, 0.031718865036964417, 0.03033205308020115, 0.024116475135087967, 0.02589532732963562, 0.022300729528069496, 0.021336138248443604, 0.02088756673038006, 0.021500706672668457, 0.021654527634382248, 0.02046714909374714, 0.01844741962850094, 0.023128360509872437, 0.022246403619647026, 0.019865723326802254, 0.021471288055181503, 0.02080262079834938, 0.021420059725642204, 0.02034791000187397, 0.019905991852283478, 0.01905227266252041, 0.02060953713953495, 0.022176574915647507]
[0.9540875554084778, 0.21164840459823608, 0.1250857710838318, 0.08619548380374908, 0.06371559202671051, 0.050997864454984665, 0.042350586503744125, 0.035512372851371765, 0.029765039682388306, 0.02608008310198784, 0.02285647951066494, 0.020158929750323296, 0.018013490363955498, 0.016695845872163773, 0.014943033456802368, 0.014440844766795635, 0.014797458425164223, 0.014464006759226322, 0.014614756219089031, 0.015836205333471298, 0.01448740717023611, 0.015031768940389156, 0.014236187562346458, 0.013970167376101017, 0.014036856591701508, 0.014852708205580711, 0.013759438879787922, 0.015454145148396492, 0.01564531959593296, 0.016013365238904953, 0.015717633068561554, 0.016107728704810143]
Training time: 4594 	steps per sec: 7
Eval num_timesteps=32768, episode_reward=nan +/- nan
Eval num_timesteps=32768, episode_success=nan +/- nan
results/Ant-v4/
results/Ant-v4/ppo_ros/
results/Ant-v4/ppo_ros/expert/
results/Ant-v4/ppo_ros/expert/b_16/
results/Ant-v4/ppo_ros/expert/b_16/no_lambda/
results/Ant-v4/ppo_ros/expert/b_16/no_lambda/run_2/
results/Ant-v4/ppo_ros/expert/b_16/no_lambda/run_2/stats.npz
results/Ant-v4/ppo_ros/expert/b_16/no_lambda/run_2/evaluations.npz
results/Ant-v4/ppo_ros/expert/b_16/no_lambda/run_2/config.yml
