ppo_ros_continuous.py --env-id Swimmer-v4 -s expert/b_16/no_clip --total-timesteps 32768 --eval-freq 1 --eval-episodes 0 -b 16 --num-steps 1024 -lr 0 --update-epochs 0 --anneal-lr 0 --ros-num-steps 256 --ros-update-epochs 16 --ros-target-kl 0.05 --ros-clip-coef 999999999 --ros-lambda 0.1 -ros-lr 0.0001 --ros-anneal-lr 0 --se 1 --se-freq 1 --se-lr 1e-3 --se-epochs 1000 --policy-path policies/Swimmer-v4/best_model.zip --normalization-dir policies/Swimmer-v4
Obtaining file:///var/lib/condor/execute/slot1/dir_3482801/PPOROS/PPOROS/custom-envs
  Preparing metadata (setup.py): started
  Preparing metadata (setup.py): finished with status 'done'
Requirement already satisfied: gym in /var/lib/condor/execute/slot1/dir_3482801/PPOROS/ppo-ros_env/lib/python3.9/site-packages (from custom-envs==0.0.1) (0.21.0)
Requirement already satisfied: numpy>=1.18.0 in /var/lib/condor/execute/slot1/dir_3482801/PPOROS/ppo-ros_env/lib/python3.9/site-packages (from gym->custom-envs==0.0.1) (1.24.2)
Requirement already satisfied: cloudpickle>=1.2.0 in /var/lib/condor/execute/slot1/dir_3482801/PPOROS/ppo-ros_env/lib/python3.9/site-packages (from gym->custom-envs==0.0.1) (2.2.1)
Installing collected packages: custom-envs
  Running setup.py develop for custom-envs
Successfully installed custom-envs-0.0.1
seed: 4
Eval num_timesteps=0, episode_reward=nan +/- nan
Eval num_timesteps=0, episode_success=nan +/- nan
se
1 1024 1024
diff [0.013800464570522308]
ref [0.11857818812131882]
[0.13237865269184113]
Training time: 14 	steps per sec: 72
Eval num_timesteps=1024, episode_reward=nan +/- nan
Eval num_timesteps=1024, episode_success=nan +/- nan
se
2 2048 1024
diff [0.013800464570522308, -0.042784854769706726]
ref [0.11857818812131882, 0.07972703874111176]
[0.13237865269184113, 0.03694218397140503]
Training time: 33 	steps per sec: 60
Eval num_timesteps=2048, episode_reward=nan +/- nan
Eval num_timesteps=2048, episode_success=nan +/- nan
se
3 3072 1024
diff [0.013800464570522308, -0.042784854769706726, -0.01145402155816555]
ref [0.11857818812131882, 0.07972703874111176, 0.03384324535727501]
[0.13237865269184113, 0.03694218397140503, 0.02238922379910946]
Training time: 59 	steps per sec: 51
Eval num_timesteps=3072, episode_reward=nan +/- nan
Eval num_timesteps=3072, episode_success=nan +/- nan
se
4 4096 1024
diff [0.013800464570522308, -0.042784854769706726, -0.01145402155816555, -0.0019679684191942215]
ref [0.11857818812131882, 0.07972703874111176, 0.03384324535727501, 0.023712538182735443]
[0.13237865269184113, 0.03694218397140503, 0.02238922379910946, 0.02174456976354122]
Training time: 93 	steps per sec: 43
Eval num_timesteps=4096, episode_reward=nan +/- nan
Eval num_timesteps=4096, episode_success=nan +/- nan
se
5 5120 1024
diff [0.013800464570522308, -0.042784854769706726, -0.01145402155816555, -0.0019679684191942215, -0.008276330307126045]
ref [0.11857818812131882, 0.07972703874111176, 0.03384324535727501, 0.023712538182735443, 0.024595532566308975]
[0.13237865269184113, 0.03694218397140503, 0.02238922379910946, 0.02174456976354122, 0.01631920225918293]
Training time: 136 	steps per sec: 37
Eval num_timesteps=5120, episode_reward=nan +/- nan
Eval num_timesteps=5120, episode_success=nan +/- nan
se
6 6144 1024
diff [0.013800464570522308, -0.042784854769706726, -0.01145402155816555, -0.0019679684191942215, -0.008276330307126045, -0.0007026782259345055]
ref [0.11857818812131882, 0.07972703874111176, 0.03384324535727501, 0.023712538182735443, 0.024595532566308975, 0.013345759361982346]
[0.13237865269184113, 0.03694218397140503, 0.02238922379910946, 0.02174456976354122, 0.01631920225918293, 0.01264308113604784]
Training time: 189 	steps per sec: 32
Eval num_timesteps=6144, episode_reward=nan +/- nan
Eval num_timesteps=6144, episode_success=nan +/- nan
se
7 7168 1024
diff [0.013800464570522308, -0.042784854769706726, -0.01145402155816555, -0.0019679684191942215, -0.008276330307126045, -0.0007026782259345055, -0.0016376664862036705]
ref [0.11857818812131882, 0.07972703874111176, 0.03384324535727501, 0.023712538182735443, 0.024595532566308975, 0.013345759361982346, 0.012571630999445915]
[0.13237865269184113, 0.03694218397140503, 0.02238922379910946, 0.02174456976354122, 0.01631920225918293, 0.01264308113604784, 0.010933964513242245]
Training time: 246 	steps per sec: 29
Eval num_timesteps=7168, episode_reward=nan +/- nan
Eval num_timesteps=7168, episode_success=nan +/- nan
se
8 8192 1024
diff [0.013800464570522308, -0.042784854769706726, -0.01145402155816555, -0.0019679684191942215, -0.008276330307126045, -0.0007026782259345055, -0.0016376664862036705, -0.00043588876724243164]
ref [0.11857818812131882, 0.07972703874111176, 0.03384324535727501, 0.023712538182735443, 0.024595532566308975, 0.013345759361982346, 0.012571630999445915, 0.009238292463123798]
[0.13237865269184113, 0.03694218397140503, 0.02238922379910946, 0.02174456976354122, 0.01631920225918293, 0.01264308113604784, 0.010933964513242245, 0.008802403695881367]
Training time: 316 	steps per sec: 25
Eval num_timesteps=8192, episode_reward=nan +/- nan
Eval num_timesteps=8192, episode_success=nan +/- nan
se
9 9216 1024
diff [0.013800464570522308, -0.042784854769706726, -0.01145402155816555, -0.0019679684191942215, -0.008276330307126045, -0.0007026782259345055, -0.0016376664862036705, -0.00043588876724243164, -0.001576172187924385]
ref [0.11857818812131882, 0.07972703874111176, 0.03384324535727501, 0.023712538182735443, 0.024595532566308975, 0.013345759361982346, 0.012571630999445915, 0.009238292463123798, 0.009508186019957066]
[0.13237865269184113, 0.03694218397140503, 0.02238922379910946, 0.02174456976354122, 0.01631920225918293, 0.01264308113604784, 0.010933964513242245, 0.008802403695881367, 0.00793201383203268]
Training time: 385 	steps per sec: 23
Eval num_timesteps=9216, episode_reward=nan +/- nan
Eval num_timesteps=9216, episode_success=nan +/- nan
se
10 10240 1024
diff [0.013800464570522308, -0.042784854769706726, -0.01145402155816555, -0.0019679684191942215, -0.008276330307126045, -0.0007026782259345055, -0.0016376664862036705, -0.00043588876724243164, -0.001576172187924385, -0.0009823706932365894]
ref [0.11857818812131882, 0.07972703874111176, 0.03384324535727501, 0.023712538182735443, 0.024595532566308975, 0.013345759361982346, 0.012571630999445915, 0.009238292463123798, 0.009508186019957066, 0.008109274320304394]
[0.13237865269184113, 0.03694218397140503, 0.02238922379910946, 0.02174456976354122, 0.01631920225918293, 0.01264308113604784, 0.010933964513242245, 0.008802403695881367, 0.00793201383203268, 0.007126903627067804]
Training time: 463 	steps per sec: 22
Eval num_timesteps=10240, episode_reward=nan +/- nan
Eval num_timesteps=10240, episode_success=nan +/- nan
se
11 11264 1024
diff [0.013800464570522308, -0.042784854769706726, -0.01145402155816555, -0.0019679684191942215, -0.008276330307126045, -0.0007026782259345055, -0.0016376664862036705, -0.00043588876724243164, -0.001576172187924385, -0.0009823706932365894, -0.0011150888167321682]
ref [0.11857818812131882, 0.07972703874111176, 0.03384324535727501, 0.023712538182735443, 0.024595532566308975, 0.013345759361982346, 0.012571630999445915, 0.009238292463123798, 0.009508186019957066, 0.008109274320304394, 0.007216284051537514]
[0.13237865269184113, 0.03694218397140503, 0.02238922379910946, 0.02174456976354122, 0.01631920225918293, 0.01264308113604784, 0.010933964513242245, 0.008802403695881367, 0.00793201383203268, 0.007126903627067804, 0.0061011952348053455]
Training time: 546 	steps per sec: 20
Eval num_timesteps=11264, episode_reward=nan +/- nan
Eval num_timesteps=11264, episode_success=nan +/- nan
se
12 12288 1024
diff [0.013800464570522308, -0.042784854769706726, -0.01145402155816555, -0.0019679684191942215, -0.008276330307126045, -0.0007026782259345055, -0.0016376664862036705, -0.00043588876724243164, -0.001576172187924385, -0.0009823706932365894, -0.0011150888167321682, -0.0030691991560161114]
ref [0.11857818812131882, 0.07972703874111176, 0.03384324535727501, 0.023712538182735443, 0.024595532566308975, 0.013345759361982346, 0.012571630999445915, 0.009238292463123798, 0.009508186019957066, 0.008109274320304394, 0.007216284051537514, 0.00844709575176239]
[0.13237865269184113, 0.03694218397140503, 0.02238922379910946, 0.02174456976354122, 0.01631920225918293, 0.01264308113604784, 0.010933964513242245, 0.008802403695881367, 0.00793201383203268, 0.007126903627067804, 0.0061011952348053455, 0.005377896595746279]
Training time: 626 	steps per sec: 19
Eval num_timesteps=12288, episode_reward=nan +/- nan
Eval num_timesteps=12288, episode_success=nan +/- nan
se
13 13312 1024
diff [0.013800464570522308, -0.042784854769706726, -0.01145402155816555, -0.0019679684191942215, -0.008276330307126045, -0.0007026782259345055, -0.0016376664862036705, -0.00043588876724243164, -0.001576172187924385, -0.0009823706932365894, -0.0011150888167321682, -0.0030691991560161114, -0.0037299329414963722]
ref [0.11857818812131882, 0.07972703874111176, 0.03384324535727501, 0.023712538182735443, 0.024595532566308975, 0.013345759361982346, 0.012571630999445915, 0.009238292463123798, 0.009508186019957066, 0.008109274320304394, 0.007216284051537514, 0.00844709575176239, 0.008720488287508488]
[0.13237865269184113, 0.03694218397140503, 0.02238922379910946, 0.02174456976354122, 0.01631920225918293, 0.01264308113604784, 0.010933964513242245, 0.008802403695881367, 0.00793201383203268, 0.007126903627067804, 0.0061011952348053455, 0.005377896595746279, 0.0049905553460121155]
Training time: 710 	steps per sec: 18
Eval num_timesteps=13312, episode_reward=nan +/- nan
Eval num_timesteps=13312, episode_success=nan +/- nan
se
14 14336 1024
diff [0.013800464570522308, -0.042784854769706726, -0.01145402155816555, -0.0019679684191942215, -0.008276330307126045, -0.0007026782259345055, -0.0016376664862036705, -0.00043588876724243164, -0.001576172187924385, -0.0009823706932365894, -0.0011150888167321682, -0.0030691991560161114, -0.0037299329414963722, -0.0042227813974022865]
ref [0.11857818812131882, 0.07972703874111176, 0.03384324535727501, 0.023712538182735443, 0.024595532566308975, 0.013345759361982346, 0.012571630999445915, 0.009238292463123798, 0.009508186019957066, 0.008109274320304394, 0.007216284051537514, 0.00844709575176239, 0.008720488287508488, 0.009379335679113865]
[0.13237865269184113, 0.03694218397140503, 0.02238922379910946, 0.02174456976354122, 0.01631920225918293, 0.01264308113604784, 0.010933964513242245, 0.008802403695881367, 0.00793201383203268, 0.007126903627067804, 0.0061011952348053455, 0.005377896595746279, 0.0049905553460121155, 0.005156554281711578]
Training time: 818 	steps per sec: 17
Eval num_timesteps=14336, episode_reward=nan +/- nan
Eval num_timesteps=14336, episode_success=nan +/- nan
se
15 15360 1024
diff [0.013800464570522308, -0.042784854769706726, -0.01145402155816555, -0.0019679684191942215, -0.008276330307126045, -0.0007026782259345055, -0.0016376664862036705, -0.00043588876724243164, -0.001576172187924385, -0.0009823706932365894, -0.0011150888167321682, -0.0030691991560161114, -0.0037299329414963722, -0.0042227813974022865, -0.0013967854902148247]
ref [0.11857818812131882, 0.07972703874111176, 0.03384324535727501, 0.023712538182735443, 0.024595532566308975, 0.013345759361982346, 0.012571630999445915, 0.009238292463123798, 0.009508186019957066, 0.008109274320304394, 0.007216284051537514, 0.00844709575176239, 0.008720488287508488, 0.009379335679113865, 0.006139062810689211]
[0.13237865269184113, 0.03694218397140503, 0.02238922379910946, 0.02174456976354122, 0.01631920225918293, 0.01264308113604784, 0.010933964513242245, 0.008802403695881367, 0.00793201383203268, 0.007126903627067804, 0.0061011952348053455, 0.005377896595746279, 0.0049905553460121155, 0.005156554281711578, 0.004742277320474386]
Training time: 930 	steps per sec: 16
Eval num_timesteps=15360, episode_reward=nan +/- nan
Eval num_timesteps=15360, episode_success=nan +/- nan
se
16 16384 1024
diff [0.013800464570522308, -0.042784854769706726, -0.01145402155816555, -0.0019679684191942215, -0.008276330307126045, -0.0007026782259345055, -0.0016376664862036705, -0.00043588876724243164, -0.001576172187924385, -0.0009823706932365894, -0.0011150888167321682, -0.0030691991560161114, -0.0037299329414963722, -0.0042227813974022865, -0.0013967854902148247, -0.001350710168480873]
ref [0.11857818812131882, 0.07972703874111176, 0.03384324535727501, 0.023712538182735443, 0.024595532566308975, 0.013345759361982346, 0.012571630999445915, 0.009238292463123798, 0.009508186019957066, 0.008109274320304394, 0.007216284051537514, 0.00844709575176239, 0.008720488287508488, 0.009379335679113865, 0.006139062810689211, 0.0056118736974895]
[0.13237865269184113, 0.03694218397140503, 0.02238922379910946, 0.02174456976354122, 0.01631920225918293, 0.01264308113604784, 0.010933964513242245, 0.008802403695881367, 0.00793201383203268, 0.007126903627067804, 0.0061011952348053455, 0.005377896595746279, 0.0049905553460121155, 0.005156554281711578, 0.004742277320474386, 0.004261163529008627]
Training time: 1038 	steps per sec: 15
Eval num_timesteps=16384, episode_reward=nan +/- nan
Eval num_timesteps=16384, episode_success=nan +/- nan
se
16 16384 1024
diff [0.013800464570522308, -0.042784854769706726, -0.01145402155816555, -0.0019679684191942215, -0.008276330307126045, -0.0007026782259345055, -0.0016376664862036705, -0.00043588876724243164, -0.001576172187924385, -0.0009823706932365894, -0.0011150888167321682, -0.0030691991560161114, -0.0037299329414963722, -0.0042227813974022865, -0.0013967854902148247, -0.001350710168480873, -0.0003402172587811947]
ref [0.11857818812131882, 0.07972703874111176, 0.03384324535727501, 0.023712538182735443, 0.024595532566308975, 0.013345759361982346, 0.012571630999445915, 0.009238292463123798, 0.009508186019957066, 0.008109274320304394, 0.007216284051537514, 0.00844709575176239, 0.008720488287508488, 0.009379335679113865, 0.006139062810689211, 0.0056118736974895, 0.0049494244158267975]
[0.13237865269184113, 0.03694218397140503, 0.02238922379910946, 0.02174456976354122, 0.01631920225918293, 0.01264308113604784, 0.010933964513242245, 0.008802403695881367, 0.00793201383203268, 0.007126903627067804, 0.0061011952348053455, 0.005377896595746279, 0.0049905553460121155, 0.005156554281711578, 0.004742277320474386, 0.004261163529008627, 0.004609207157045603]
Training time: 1148 	steps per sec: 15
Eval num_timesteps=17408, episode_reward=nan +/- nan
Eval num_timesteps=17408, episode_success=nan +/- nan
se
16 16384 1024
diff [0.013800464570522308, -0.042784854769706726, -0.01145402155816555, -0.0019679684191942215, -0.008276330307126045, -0.0007026782259345055, -0.0016376664862036705, -0.00043588876724243164, -0.001576172187924385, -0.0009823706932365894, -0.0011150888167321682, -0.0030691991560161114, -0.0037299329414963722, -0.0042227813974022865, -0.0013967854902148247, -0.001350710168480873, -0.0003402172587811947, -0.0008375006727874279]
ref [0.11857818812131882, 0.07972703874111176, 0.03384324535727501, 0.023712538182735443, 0.024595532566308975, 0.013345759361982346, 0.012571630999445915, 0.009238292463123798, 0.009508186019957066, 0.008109274320304394, 0.007216284051537514, 0.00844709575176239, 0.008720488287508488, 0.009379335679113865, 0.006139062810689211, 0.0056118736974895, 0.0049494244158267975, 0.005275226663798094]
[0.13237865269184113, 0.03694218397140503, 0.02238922379910946, 0.02174456976354122, 0.01631920225918293, 0.01264308113604784, 0.010933964513242245, 0.008802403695881367, 0.00793201383203268, 0.007126903627067804, 0.0061011952348053455, 0.005377896595746279, 0.0049905553460121155, 0.005156554281711578, 0.004742277320474386, 0.004261163529008627, 0.004609207157045603, 0.004437725991010666]
Training time: 1266 	steps per sec: 14
Eval num_timesteps=18432, episode_reward=nan +/- nan
Eval num_timesteps=18432, episode_success=nan +/- nan
se
16 16384 1024
diff [0.013800464570522308, -0.042784854769706726, -0.01145402155816555, -0.0019679684191942215, -0.008276330307126045, -0.0007026782259345055, -0.0016376664862036705, -0.00043588876724243164, -0.001576172187924385, -0.0009823706932365894, -0.0011150888167321682, -0.0030691991560161114, -0.0037299329414963722, -0.0042227813974022865, -0.0013967854902148247, -0.001350710168480873, -0.0003402172587811947, -0.0008375006727874279, -0.0007424070499837399]
ref [0.11857818812131882, 0.07972703874111176, 0.03384324535727501, 0.023712538182735443, 0.024595532566308975, 0.013345759361982346, 0.012571630999445915, 0.009238292463123798, 0.009508186019957066, 0.008109274320304394, 0.007216284051537514, 0.00844709575176239, 0.008720488287508488, 0.009379335679113865, 0.006139062810689211, 0.0056118736974895, 0.0049494244158267975, 0.005275226663798094, 0.005180130712687969]
[0.13237865269184113, 0.03694218397140503, 0.02238922379910946, 0.02174456976354122, 0.01631920225918293, 0.01264308113604784, 0.010933964513242245, 0.008802403695881367, 0.00793201383203268, 0.007126903627067804, 0.0061011952348053455, 0.005377896595746279, 0.0049905553460121155, 0.005156554281711578, 0.004742277320474386, 0.004261163529008627, 0.004609207157045603, 0.004437725991010666, 0.004437723662704229]
Training time: 1379 	steps per sec: 14
Eval num_timesteps=19456, episode_reward=nan +/- nan
Eval num_timesteps=19456, episode_success=nan +/- nan
se
16 16384 1024
diff [0.013800464570522308, -0.042784854769706726, -0.01145402155816555, -0.0019679684191942215, -0.008276330307126045, -0.0007026782259345055, -0.0016376664862036705, -0.00043588876724243164, -0.001576172187924385, -0.0009823706932365894, -0.0011150888167321682, -0.0030691991560161114, -0.0037299329414963722, -0.0042227813974022865, -0.0013967854902148247, -0.001350710168480873, -0.0003402172587811947, -0.0008375006727874279, -0.0007424070499837399, -0.002212079241871834]
ref [0.11857818812131882, 0.07972703874111176, 0.03384324535727501, 0.023712538182735443, 0.024595532566308975, 0.013345759361982346, 0.012571630999445915, 0.009238292463123798, 0.009508186019957066, 0.008109274320304394, 0.007216284051537514, 0.00844709575176239, 0.008720488287508488, 0.009379335679113865, 0.006139062810689211, 0.0056118736974895, 0.0049494244158267975, 0.005275226663798094, 0.005180130712687969, 0.006484754383563995]
[0.13237865269184113, 0.03694218397140503, 0.02238922379910946, 0.02174456976354122, 0.01631920225918293, 0.01264308113604784, 0.010933964513242245, 0.008802403695881367, 0.00793201383203268, 0.007126903627067804, 0.0061011952348053455, 0.005377896595746279, 0.0049905553460121155, 0.005156554281711578, 0.004742277320474386, 0.004261163529008627, 0.004609207157045603, 0.004437725991010666, 0.004437723662704229, 0.0042726751416921616]
Training time: 1477 	steps per sec: 13
Eval num_timesteps=20480, episode_reward=nan +/- nan
Eval num_timesteps=20480, episode_success=nan +/- nan
se
16 16384 1024
diff [0.013800464570522308, -0.042784854769706726, -0.01145402155816555, -0.0019679684191942215, -0.008276330307126045, -0.0007026782259345055, -0.0016376664862036705, -0.00043588876724243164, -0.001576172187924385, -0.0009823706932365894, -0.0011150888167321682, -0.0030691991560161114, -0.0037299329414963722, -0.0042227813974022865, -0.0013967854902148247, -0.001350710168480873, -0.0003402172587811947, -0.0008375006727874279, -0.0007424070499837399, -0.002212079241871834, -0.0018922626040875912]
ref [0.11857818812131882, 0.07972703874111176, 0.03384324535727501, 0.023712538182735443, 0.024595532566308975, 0.013345759361982346, 0.012571630999445915, 0.009238292463123798, 0.009508186019957066, 0.008109274320304394, 0.007216284051537514, 0.00844709575176239, 0.008720488287508488, 0.009379335679113865, 0.006139062810689211, 0.0056118736974895, 0.0049494244158267975, 0.005275226663798094, 0.005180130712687969, 0.006484754383563995, 0.006091195624321699]
[0.13237865269184113, 0.03694218397140503, 0.02238922379910946, 0.02174456976354122, 0.01631920225918293, 0.01264308113604784, 0.010933964513242245, 0.008802403695881367, 0.00793201383203268, 0.007126903627067804, 0.0061011952348053455, 0.005377896595746279, 0.0049905553460121155, 0.005156554281711578, 0.004742277320474386, 0.004261163529008627, 0.004609207157045603, 0.004437725991010666, 0.004437723662704229, 0.0042726751416921616, 0.004198933020234108]
Training time: 1581 	steps per sec: 13
Eval num_timesteps=21504, episode_reward=nan +/- nan
Eval num_timesteps=21504, episode_success=nan +/- nan
se
16 16384 1024
diff [0.013800464570522308, -0.042784854769706726, -0.01145402155816555, -0.0019679684191942215, -0.008276330307126045, -0.0007026782259345055, -0.0016376664862036705, -0.00043588876724243164, -0.001576172187924385, -0.0009823706932365894, -0.0011150888167321682, -0.0030691991560161114, -0.0037299329414963722, -0.0042227813974022865, -0.0013967854902148247, -0.001350710168480873, -0.0003402172587811947, -0.0008375006727874279, -0.0007424070499837399, -0.002212079241871834, -0.0018922626040875912, -0.002439422532916069]
ref [0.11857818812131882, 0.07972703874111176, 0.03384324535727501, 0.023712538182735443, 0.024595532566308975, 0.013345759361982346, 0.012571630999445915, 0.009238292463123798, 0.009508186019957066, 0.008109274320304394, 0.007216284051537514, 0.00844709575176239, 0.008720488287508488, 0.009379335679113865, 0.006139062810689211, 0.0056118736974895, 0.0049494244158267975, 0.005275226663798094, 0.005180130712687969, 0.006484754383563995, 0.006091195624321699, 0.006638800725340843]
[0.13237865269184113, 0.03694218397140503, 0.02238922379910946, 0.02174456976354122, 0.01631920225918293, 0.01264308113604784, 0.010933964513242245, 0.008802403695881367, 0.00793201383203268, 0.007126903627067804, 0.0061011952348053455, 0.005377896595746279, 0.0049905553460121155, 0.005156554281711578, 0.004742277320474386, 0.004261163529008627, 0.004609207157045603, 0.004437725991010666, 0.004437723662704229, 0.0042726751416921616, 0.004198933020234108, 0.004199378192424774]
Training time: 1696 	steps per sec: 13
Eval num_timesteps=22528, episode_reward=nan +/- nan
Eval num_timesteps=22528, episode_success=nan +/- nan
se
16 16384 1024
diff [0.013800464570522308, -0.042784854769706726, -0.01145402155816555, -0.0019679684191942215, -0.008276330307126045, -0.0007026782259345055, -0.0016376664862036705, -0.00043588876724243164, -0.001576172187924385, -0.0009823706932365894, -0.0011150888167321682, -0.0030691991560161114, -0.0037299329414963722, -0.0042227813974022865, -0.0013967854902148247, -0.001350710168480873, -0.0003402172587811947, -0.0008375006727874279, -0.0007424070499837399, -0.002212079241871834, -0.0018922626040875912, -0.002439422532916069, -0.0017071673646569252]
ref [0.11857818812131882, 0.07972703874111176, 0.03384324535727501, 0.023712538182735443, 0.024595532566308975, 0.013345759361982346, 0.012571630999445915, 0.009238292463123798, 0.009508186019957066, 0.008109274320304394, 0.007216284051537514, 0.00844709575176239, 0.008720488287508488, 0.009379335679113865, 0.006139062810689211, 0.0056118736974895, 0.0049494244158267975, 0.005275226663798094, 0.005180130712687969, 0.006484754383563995, 0.006091195624321699, 0.006638800725340843, 0.006012133788317442]
[0.13237865269184113, 0.03694218397140503, 0.02238922379910946, 0.02174456976354122, 0.01631920225918293, 0.01264308113604784, 0.010933964513242245, 0.008802403695881367, 0.00793201383203268, 0.007126903627067804, 0.0061011952348053455, 0.005377896595746279, 0.0049905553460121155, 0.005156554281711578, 0.004742277320474386, 0.004261163529008627, 0.004609207157045603, 0.004437725991010666, 0.004437723662704229, 0.0042726751416921616, 0.004198933020234108, 0.004199378192424774, 0.004304966423660517]
Training time: 1811 	steps per sec: 13
Eval num_timesteps=23552, episode_reward=nan +/- nan
Eval num_timesteps=23552, episode_success=nan +/- nan
se
16 16384 1024
diff [0.013800464570522308, -0.042784854769706726, -0.01145402155816555, -0.0019679684191942215, -0.008276330307126045, -0.0007026782259345055, -0.0016376664862036705, -0.00043588876724243164, -0.001576172187924385, -0.0009823706932365894, -0.0011150888167321682, -0.0030691991560161114, -0.0037299329414963722, -0.0042227813974022865, -0.0013967854902148247, -0.001350710168480873, -0.0003402172587811947, -0.0008375006727874279, -0.0007424070499837399, -0.002212079241871834, -0.0018922626040875912, -0.002439422532916069, -0.0017071673646569252, -0.001792816910892725]
ref [0.11857818812131882, 0.07972703874111176, 0.03384324535727501, 0.023712538182735443, 0.024595532566308975, 0.013345759361982346, 0.012571630999445915, 0.009238292463123798, 0.009508186019957066, 0.008109274320304394, 0.007216284051537514, 0.00844709575176239, 0.008720488287508488, 0.009379335679113865, 0.006139062810689211, 0.0056118736974895, 0.0049494244158267975, 0.005275226663798094, 0.005180130712687969, 0.006484754383563995, 0.006091195624321699, 0.006638800725340843, 0.006012133788317442, 0.006492101587355137]
[0.13237865269184113, 0.03694218397140503, 0.02238922379910946, 0.02174456976354122, 0.01631920225918293, 0.01264308113604784, 0.010933964513242245, 0.008802403695881367, 0.00793201383203268, 0.007126903627067804, 0.0061011952348053455, 0.005377896595746279, 0.0049905553460121155, 0.005156554281711578, 0.004742277320474386, 0.004261163529008627, 0.004609207157045603, 0.004437725991010666, 0.004437723662704229, 0.0042726751416921616, 0.004198933020234108, 0.004199378192424774, 0.004304966423660517, 0.004699284676462412]
Training time: 1924 	steps per sec: 12
Eval num_timesteps=24576, episode_reward=nan +/- nan
Eval num_timesteps=24576, episode_success=nan +/- nan
se
16 16384 1024
diff [0.013800464570522308, -0.042784854769706726, -0.01145402155816555, -0.0019679684191942215, -0.008276330307126045, -0.0007026782259345055, -0.0016376664862036705, -0.00043588876724243164, -0.001576172187924385, -0.0009823706932365894, -0.0011150888167321682, -0.0030691991560161114, -0.0037299329414963722, -0.0042227813974022865, -0.0013967854902148247, -0.001350710168480873, -0.0003402172587811947, -0.0008375006727874279, -0.0007424070499837399, -0.002212079241871834, -0.0018922626040875912, -0.002439422532916069, -0.0017071673646569252, -0.001792816910892725, -0.0011248840019106865]
ref [0.11857818812131882, 0.07972703874111176, 0.03384324535727501, 0.023712538182735443, 0.024595532566308975, 0.013345759361982346, 0.012571630999445915, 0.009238292463123798, 0.009508186019957066, 0.008109274320304394, 0.007216284051537514, 0.00844709575176239, 0.008720488287508488, 0.009379335679113865, 0.006139062810689211, 0.0056118736974895, 0.0049494244158267975, 0.005275226663798094, 0.005180130712687969, 0.006484754383563995, 0.006091195624321699, 0.006638800725340843, 0.006012133788317442, 0.006492101587355137, 0.004828828386962414]
[0.13237865269184113, 0.03694218397140503, 0.02238922379910946, 0.02174456976354122, 0.01631920225918293, 0.01264308113604784, 0.010933964513242245, 0.008802403695881367, 0.00793201383203268, 0.007126903627067804, 0.0061011952348053455, 0.005377896595746279, 0.0049905553460121155, 0.005156554281711578, 0.004742277320474386, 0.004261163529008627, 0.004609207157045603, 0.004437725991010666, 0.004437723662704229, 0.0042726751416921616, 0.004198933020234108, 0.004199378192424774, 0.004304966423660517, 0.004699284676462412, 0.0037039443850517273]
Training time: 2045 	steps per sec: 12
Eval num_timesteps=25600, episode_reward=nan +/- nan
Eval num_timesteps=25600, episode_success=nan +/- nan
se
16 16384 1024
diff [0.013800464570522308, -0.042784854769706726, -0.01145402155816555, -0.0019679684191942215, -0.008276330307126045, -0.0007026782259345055, -0.0016376664862036705, -0.00043588876724243164, -0.001576172187924385, -0.0009823706932365894, -0.0011150888167321682, -0.0030691991560161114, -0.0037299329414963722, -0.0042227813974022865, -0.0013967854902148247, -0.001350710168480873, -0.0003402172587811947, -0.0008375006727874279, -0.0007424070499837399, -0.002212079241871834, -0.0018922626040875912, -0.002439422532916069, -0.0017071673646569252, -0.001792816910892725, -0.0011248840019106865, -0.0013161874376237392]
ref [0.11857818812131882, 0.07972703874111176, 0.03384324535727501, 0.023712538182735443, 0.024595532566308975, 0.013345759361982346, 0.012571630999445915, 0.009238292463123798, 0.009508186019957066, 0.008109274320304394, 0.007216284051537514, 0.00844709575176239, 0.008720488287508488, 0.009379335679113865, 0.006139062810689211, 0.0056118736974895, 0.0049494244158267975, 0.005275226663798094, 0.005180130712687969, 0.006484754383563995, 0.006091195624321699, 0.006638800725340843, 0.006012133788317442, 0.006492101587355137, 0.004828828386962414, 0.0054384199902415276]
[0.13237865269184113, 0.03694218397140503, 0.02238922379910946, 0.02174456976354122, 0.01631920225918293, 0.01264308113604784, 0.010933964513242245, 0.008802403695881367, 0.00793201383203268, 0.007126903627067804, 0.0061011952348053455, 0.005377896595746279, 0.0049905553460121155, 0.005156554281711578, 0.004742277320474386, 0.004261163529008627, 0.004609207157045603, 0.004437725991010666, 0.004437723662704229, 0.0042726751416921616, 0.004198933020234108, 0.004199378192424774, 0.004304966423660517, 0.004699284676462412, 0.0037039443850517273, 0.004122232552617788]
Training time: 2154 	steps per sec: 12
Eval num_timesteps=26624, episode_reward=nan +/- nan
Eval num_timesteps=26624, episode_success=nan +/- nan
se
16 16384 1024
diff [0.013800464570522308, -0.042784854769706726, -0.01145402155816555, -0.0019679684191942215, -0.008276330307126045, -0.0007026782259345055, -0.0016376664862036705, -0.00043588876724243164, -0.001576172187924385, -0.0009823706932365894, -0.0011150888167321682, -0.0030691991560161114, -0.0037299329414963722, -0.0042227813974022865, -0.0013967854902148247, -0.001350710168480873, -0.0003402172587811947, -0.0008375006727874279, -0.0007424070499837399, -0.002212079241871834, -0.0018922626040875912, -0.002439422532916069, -0.0017071673646569252, -0.001792816910892725, -0.0011248840019106865, -0.0013161874376237392, -0.0007012151181697845]
ref [0.11857818812131882, 0.07972703874111176, 0.03384324535727501, 0.023712538182735443, 0.024595532566308975, 0.013345759361982346, 0.012571630999445915, 0.009238292463123798, 0.009508186019957066, 0.008109274320304394, 0.007216284051537514, 0.00844709575176239, 0.008720488287508488, 0.009379335679113865, 0.006139062810689211, 0.0056118736974895, 0.0049494244158267975, 0.005275226663798094, 0.005180130712687969, 0.006484754383563995, 0.006091195624321699, 0.006638800725340843, 0.006012133788317442, 0.006492101587355137, 0.004828828386962414, 0.0054384199902415276, 0.005842167418450117]
[0.13237865269184113, 0.03694218397140503, 0.02238922379910946, 0.02174456976354122, 0.01631920225918293, 0.01264308113604784, 0.010933964513242245, 0.008802403695881367, 0.00793201383203268, 0.007126903627067804, 0.0061011952348053455, 0.005377896595746279, 0.0049905553460121155, 0.005156554281711578, 0.004742277320474386, 0.004261163529008627, 0.004609207157045603, 0.004437725991010666, 0.004437723662704229, 0.0042726751416921616, 0.004198933020234108, 0.004199378192424774, 0.004304966423660517, 0.004699284676462412, 0.0037039443850517273, 0.004122232552617788, 0.0051409523002803326]
Training time: 2261 	steps per sec: 12
Eval num_timesteps=27648, episode_reward=nan +/- nan
Eval num_timesteps=27648, episode_success=nan +/- nan
se
16 16384 1024
diff [0.013800464570522308, -0.042784854769706726, -0.01145402155816555, -0.0019679684191942215, -0.008276330307126045, -0.0007026782259345055, -0.0016376664862036705, -0.00043588876724243164, -0.001576172187924385, -0.0009823706932365894, -0.0011150888167321682, -0.0030691991560161114, -0.0037299329414963722, -0.0042227813974022865, -0.0013967854902148247, -0.001350710168480873, -0.0003402172587811947, -0.0008375006727874279, -0.0007424070499837399, -0.002212079241871834, -0.0018922626040875912, -0.002439422532916069, -0.0017071673646569252, -0.001792816910892725, -0.0011248840019106865, -0.0013161874376237392, -0.0007012151181697845, 0.0003188294358551502]
ref [0.11857818812131882, 0.07972703874111176, 0.03384324535727501, 0.023712538182735443, 0.024595532566308975, 0.013345759361982346, 0.012571630999445915, 0.009238292463123798, 0.009508186019957066, 0.008109274320304394, 0.007216284051537514, 0.00844709575176239, 0.008720488287508488, 0.009379335679113865, 0.006139062810689211, 0.0056118736974895, 0.0049494244158267975, 0.005275226663798094, 0.005180130712687969, 0.006484754383563995, 0.006091195624321699, 0.006638800725340843, 0.006012133788317442, 0.006492101587355137, 0.004828828386962414, 0.0054384199902415276, 0.005842167418450117, 0.005567117594182491]
[0.13237865269184113, 0.03694218397140503, 0.02238922379910946, 0.02174456976354122, 0.01631920225918293, 0.01264308113604784, 0.010933964513242245, 0.008802403695881367, 0.00793201383203268, 0.007126903627067804, 0.0061011952348053455, 0.005377896595746279, 0.0049905553460121155, 0.005156554281711578, 0.004742277320474386, 0.004261163529008627, 0.004609207157045603, 0.004437725991010666, 0.004437723662704229, 0.0042726751416921616, 0.004198933020234108, 0.004199378192424774, 0.004304966423660517, 0.004699284676462412, 0.0037039443850517273, 0.004122232552617788, 0.0051409523002803326, 0.0058859470300376415]
Training time: 2371 	steps per sec: 12
Eval num_timesteps=28672, episode_reward=nan +/- nan
Eval num_timesteps=28672, episode_success=nan +/- nan
se
16 16384 1024
diff [0.013800464570522308, -0.042784854769706726, -0.01145402155816555, -0.0019679684191942215, -0.008276330307126045, -0.0007026782259345055, -0.0016376664862036705, -0.00043588876724243164, -0.001576172187924385, -0.0009823706932365894, -0.0011150888167321682, -0.0030691991560161114, -0.0037299329414963722, -0.0042227813974022865, -0.0013967854902148247, -0.001350710168480873, -0.0003402172587811947, -0.0008375006727874279, -0.0007424070499837399, -0.002212079241871834, -0.0018922626040875912, -0.002439422532916069, -0.0017071673646569252, -0.001792816910892725, -0.0011248840019106865, -0.0013161874376237392, -0.0007012151181697845, 0.0003188294358551502, -0.0001073349267244339]
ref [0.11857818812131882, 0.07972703874111176, 0.03384324535727501, 0.023712538182735443, 0.024595532566308975, 0.013345759361982346, 0.012571630999445915, 0.009238292463123798, 0.009508186019957066, 0.008109274320304394, 0.007216284051537514, 0.00844709575176239, 0.008720488287508488, 0.009379335679113865, 0.006139062810689211, 0.0056118736974895, 0.0049494244158267975, 0.005275226663798094, 0.005180130712687969, 0.006484754383563995, 0.006091195624321699, 0.006638800725340843, 0.006012133788317442, 0.006492101587355137, 0.004828828386962414, 0.0054384199902415276, 0.005842167418450117, 0.005567117594182491, 0.005343451164662838]
[0.13237865269184113, 0.03694218397140503, 0.02238922379910946, 0.02174456976354122, 0.01631920225918293, 0.01264308113604784, 0.010933964513242245, 0.008802403695881367, 0.00793201383203268, 0.007126903627067804, 0.0061011952348053455, 0.005377896595746279, 0.0049905553460121155, 0.005156554281711578, 0.004742277320474386, 0.004261163529008627, 0.004609207157045603, 0.004437725991010666, 0.004437723662704229, 0.0042726751416921616, 0.004198933020234108, 0.004199378192424774, 0.004304966423660517, 0.004699284676462412, 0.0037039443850517273, 0.004122232552617788, 0.0051409523002803326, 0.0058859470300376415, 0.005236116237938404]
Training time: 2478 	steps per sec: 11
Eval num_timesteps=29696, episode_reward=nan +/- nan
Eval num_timesteps=29696, episode_success=nan +/- nan
se
16 16384 1024
diff [0.013800464570522308, -0.042784854769706726, -0.01145402155816555, -0.0019679684191942215, -0.008276330307126045, -0.0007026782259345055, -0.0016376664862036705, -0.00043588876724243164, -0.001576172187924385, -0.0009823706932365894, -0.0011150888167321682, -0.0030691991560161114, -0.0037299329414963722, -0.0042227813974022865, -0.0013967854902148247, -0.001350710168480873, -0.0003402172587811947, -0.0008375006727874279, -0.0007424070499837399, -0.002212079241871834, -0.0018922626040875912, -0.002439422532916069, -0.0017071673646569252, -0.001792816910892725, -0.0011248840019106865, -0.0013161874376237392, -0.0007012151181697845, 0.0003188294358551502, -0.0001073349267244339, -0.0023788479156792164]
ref [0.11857818812131882, 0.07972703874111176, 0.03384324535727501, 0.023712538182735443, 0.024595532566308975, 0.013345759361982346, 0.012571630999445915, 0.009238292463123798, 0.009508186019957066, 0.008109274320304394, 0.007216284051537514, 0.00844709575176239, 0.008720488287508488, 0.009379335679113865, 0.006139062810689211, 0.0056118736974895, 0.0049494244158267975, 0.005275226663798094, 0.005180130712687969, 0.006484754383563995, 0.006091195624321699, 0.006638800725340843, 0.006012133788317442, 0.006492101587355137, 0.004828828386962414, 0.0054384199902415276, 0.005842167418450117, 0.005567117594182491, 0.005343451164662838, 0.00716871302574873]
[0.13237865269184113, 0.03694218397140503, 0.02238922379910946, 0.02174456976354122, 0.01631920225918293, 0.01264308113604784, 0.010933964513242245, 0.008802403695881367, 0.00793201383203268, 0.007126903627067804, 0.0061011952348053455, 0.005377896595746279, 0.0049905553460121155, 0.005156554281711578, 0.004742277320474386, 0.004261163529008627, 0.004609207157045603, 0.004437725991010666, 0.004437723662704229, 0.0042726751416921616, 0.004198933020234108, 0.004199378192424774, 0.004304966423660517, 0.004699284676462412, 0.0037039443850517273, 0.004122232552617788, 0.0051409523002803326, 0.0058859470300376415, 0.005236116237938404, 0.004789865110069513]
Training time: 2588 	steps per sec: 11
Eval num_timesteps=30720, episode_reward=nan +/- nan
Eval num_timesteps=30720, episode_success=nan +/- nan
se
16 16384 1024
diff [0.013800464570522308, -0.042784854769706726, -0.01145402155816555, -0.0019679684191942215, -0.008276330307126045, -0.0007026782259345055, -0.0016376664862036705, -0.00043588876724243164, -0.001576172187924385, -0.0009823706932365894, -0.0011150888167321682, -0.0030691991560161114, -0.0037299329414963722, -0.0042227813974022865, -0.0013967854902148247, -0.001350710168480873, -0.0003402172587811947, -0.0008375006727874279, -0.0007424070499837399, -0.002212079241871834, -0.0018922626040875912, -0.002439422532916069, -0.0017071673646569252, -0.001792816910892725, -0.0011248840019106865, -0.0013161874376237392, -0.0007012151181697845, 0.0003188294358551502, -0.0001073349267244339, -0.0023788479156792164, -0.00036545097827911377]
ref [0.11857818812131882, 0.07972703874111176, 0.03384324535727501, 0.023712538182735443, 0.024595532566308975, 0.013345759361982346, 0.012571630999445915, 0.009238292463123798, 0.009508186019957066, 0.008109274320304394, 0.007216284051537514, 0.00844709575176239, 0.008720488287508488, 0.009379335679113865, 0.006139062810689211, 0.0056118736974895, 0.0049494244158267975, 0.005275226663798094, 0.005180130712687969, 0.006484754383563995, 0.006091195624321699, 0.006638800725340843, 0.006012133788317442, 0.006492101587355137, 0.004828828386962414, 0.0054384199902415276, 0.005842167418450117, 0.005567117594182491, 0.005343451164662838, 0.00716871302574873, 0.005601481534540653]
[0.13237865269184113, 0.03694218397140503, 0.02238922379910946, 0.02174456976354122, 0.01631920225918293, 0.01264308113604784, 0.010933964513242245, 0.008802403695881367, 0.00793201383203268, 0.007126903627067804, 0.0061011952348053455, 0.005377896595746279, 0.0049905553460121155, 0.005156554281711578, 0.004742277320474386, 0.004261163529008627, 0.004609207157045603, 0.004437725991010666, 0.004437723662704229, 0.0042726751416921616, 0.004198933020234108, 0.004199378192424774, 0.004304966423660517, 0.004699284676462412, 0.0037039443850517273, 0.004122232552617788, 0.0051409523002803326, 0.0058859470300376415, 0.005236116237938404, 0.004789865110069513, 0.0052360305562615395]
Training time: 2700 	steps per sec: 11
Eval num_timesteps=31744, episode_reward=nan +/- nan
Eval num_timesteps=31744, episode_success=nan +/- nan
se
16 16384 1024
diff [0.013800464570522308, -0.042784854769706726, -0.01145402155816555, -0.0019679684191942215, -0.008276330307126045, -0.0007026782259345055, -0.0016376664862036705, -0.00043588876724243164, -0.001576172187924385, -0.0009823706932365894, -0.0011150888167321682, -0.0030691991560161114, -0.0037299329414963722, -0.0042227813974022865, -0.0013967854902148247, -0.001350710168480873, -0.0003402172587811947, -0.0008375006727874279, -0.0007424070499837399, -0.002212079241871834, -0.0018922626040875912, -0.002439422532916069, -0.0017071673646569252, -0.001792816910892725, -0.0011248840019106865, -0.0013161874376237392, -0.0007012151181697845, 0.0003188294358551502, -0.0001073349267244339, -0.0023788479156792164, -0.00036545097827911377, -0.0013124728575348854]
ref [0.11857818812131882, 0.07972703874111176, 0.03384324535727501, 0.023712538182735443, 0.024595532566308975, 0.013345759361982346, 0.012571630999445915, 0.009238292463123798, 0.009508186019957066, 0.008109274320304394, 0.007216284051537514, 0.00844709575176239, 0.008720488287508488, 0.009379335679113865, 0.006139062810689211, 0.0056118736974895, 0.0049494244158267975, 0.005275226663798094, 0.005180130712687969, 0.006484754383563995, 0.006091195624321699, 0.006638800725340843, 0.006012133788317442, 0.006492101587355137, 0.004828828386962414, 0.0054384199902415276, 0.005842167418450117, 0.005567117594182491, 0.005343451164662838, 0.00716871302574873, 0.005601481534540653, 0.00626717833802104]
[0.13237865269184113, 0.03694218397140503, 0.02238922379910946, 0.02174456976354122, 0.01631920225918293, 0.01264308113604784, 0.010933964513242245, 0.008802403695881367, 0.00793201383203268, 0.007126903627067804, 0.0061011952348053455, 0.005377896595746279, 0.0049905553460121155, 0.005156554281711578, 0.004742277320474386, 0.004261163529008627, 0.004609207157045603, 0.004437725991010666, 0.004437723662704229, 0.0042726751416921616, 0.004198933020234108, 0.004199378192424774, 0.004304966423660517, 0.004699284676462412, 0.0037039443850517273, 0.004122232552617788, 0.0051409523002803326, 0.0058859470300376415, 0.005236116237938404, 0.004789865110069513, 0.0052360305562615395, 0.0049547054804861546]
Training time: 2824 	steps per sec: 11
Eval num_timesteps=32768, episode_reward=nan +/- nan
Eval num_timesteps=32768, episode_success=nan +/- nan
results/Swimmer-v4/
results/Swimmer-v4/ppo_ros/
results/Swimmer-v4/ppo_ros/expert/
results/Swimmer-v4/ppo_ros/expert/b_16/
results/Swimmer-v4/ppo_ros/expert/b_16/no_clip/
results/Swimmer-v4/ppo_ros/expert/b_16/no_clip/run_4/
results/Swimmer-v4/ppo_ros/expert/b_16/no_clip/run_4/config.yml
results/Swimmer-v4/ppo_ros/expert/b_16/no_clip/run_4/stats.npz
results/Swimmer-v4/ppo_ros/expert/b_16/no_clip/run_4/evaluations.npz
