ppo_ros_continuous.py --env-id Swimmer-v4 -s expert/b_16/no_lambda --total-timesteps 32768 --eval-freq 1 --eval-episodes 0 -b 16 --num-steps 1024 -lr 0 --update-epochs 0 --anneal-lr 0 --ros-num-steps 256 --ros-update-epochs 16 --ros-target-kl 0.05 --ros-clip-coef 0.3 --ros-lambda 0 -ros-lr 0.0001 --ros-anneal-lr 0 --se 1 --se-freq 1 --se-lr 1e-3 --se-epochs 1000 --policy-path policies/Swimmer-v4/best_model.zip --normalization-dir policies/Swimmer-v4
Obtaining file:///var/lib/condor/execute/slot1/dir_3482883/PPOROS/PPOROS/custom-envs
  Preparing metadata (setup.py): started
  Preparing metadata (setup.py): finished with status 'done'
Requirement already satisfied: gym in /var/lib/condor/execute/slot1/dir_3482883/PPOROS/ppo-ros_env/lib/python3.9/site-packages (from custom-envs==0.0.1) (0.21.0)
Requirement already satisfied: numpy>=1.18.0 in /var/lib/condor/execute/slot1/dir_3482883/PPOROS/ppo-ros_env/lib/python3.9/site-packages (from gym->custom-envs==0.0.1) (1.24.2)
Requirement already satisfied: cloudpickle>=1.2.0 in /var/lib/condor/execute/slot1/dir_3482883/PPOROS/ppo-ros_env/lib/python3.9/site-packages (from gym->custom-envs==0.0.1) (2.2.1)
Installing collected packages: custom-envs
  Running setup.py develop for custom-envs
Successfully installed custom-envs-0.0.1
seed: 0
Eval num_timesteps=0, episode_reward=nan +/- nan
Eval num_timesteps=0, episode_success=nan +/- nan
se
1 1024 1024
diff [-0.851836197078228]
ref [0.9636061191558838]
[0.11176992207765579]
Training time: 13 	steps per sec: 74
Eval num_timesteps=1024, episode_reward=nan +/- nan
Eval num_timesteps=1024, episode_success=nan +/- nan
se
2 2048 1024
diff [-0.851836197078228, -0.009496722370386124]
ref [0.9636061191558838, 0.05457939952611923]
[0.11176992207765579, 0.04508267715573311]
Training time: 36 	steps per sec: 56
Eval num_timesteps=2048, episode_reward=nan +/- nan
Eval num_timesteps=2048, episode_success=nan +/- nan
se
3 3072 1024
diff [-0.851836197078228, -0.009496722370386124, 0.01775391958653927]
ref [0.9636061191558838, 0.05457939952611923, 0.024589667096734047]
[0.11176992207765579, 0.04508267715573311, 0.042343586683273315]
Training time: 67 	steps per sec: 45
Eval num_timesteps=3072, episode_reward=nan +/- nan
Eval num_timesteps=3072, episode_success=nan +/- nan
se
4 4096 1024
diff [-0.851836197078228, -0.009496722370386124, 0.01775391958653927, 0.014747513458132744]
ref [0.9636061191558838, 0.05457939952611923, 0.024589667096734047, 0.016913970932364464]
[0.11176992207765579, 0.04508267715573311, 0.042343586683273315, 0.03166148439049721]
Training time: 103 	steps per sec: 39
Eval num_timesteps=4096, episode_reward=nan +/- nan
Eval num_timesteps=4096, episode_success=nan +/- nan
se
5 5120 1024
diff [-0.851836197078228, -0.009496722370386124, 0.01775391958653927, 0.014747513458132744, -0.004449097439646721]
ref [0.9636061191558838, 0.05457939952611923, 0.024589667096734047, 0.016913970932364464, 0.02246394008398056]
[0.11176992207765579, 0.04508267715573311, 0.042343586683273315, 0.03166148439049721, 0.01801484264433384]
Training time: 136 	steps per sec: 37
Eval num_timesteps=5120, episode_reward=nan +/- nan
Eval num_timesteps=5120, episode_success=nan +/- nan
se
6 6144 1024
diff [-0.851836197078228, -0.009496722370386124, 0.01775391958653927, 0.014747513458132744, -0.004449097439646721, 0.0029306914657354355]
ref [0.9636061191558838, 0.05457939952611923, 0.024589667096734047, 0.016913970932364464, 0.02246394008398056, 0.011093401350080967]
[0.11176992207765579, 0.04508267715573311, 0.042343586683273315, 0.03166148439049721, 0.01801484264433384, 0.014024092815816402]
Training time: 181 	steps per sec: 33
Eval num_timesteps=6144, episode_reward=nan +/- nan
Eval num_timesteps=6144, episode_success=nan +/- nan
se
7 7168 1024
diff [-0.851836197078228, -0.009496722370386124, 0.01775391958653927, 0.014747513458132744, -0.004449097439646721, 0.0029306914657354355, -0.00836252886801958]
ref [0.9636061191558838, 0.05457939952611923, 0.024589667096734047, 0.016913970932364464, 0.02246394008398056, 0.011093401350080967, 0.017664674669504166]
[0.11176992207765579, 0.04508267715573311, 0.042343586683273315, 0.03166148439049721, 0.01801484264433384, 0.014024092815816402, 0.009302145801484585]
Training time: 232 	steps per sec: 30
Eval num_timesteps=7168, episode_reward=nan +/- nan
Eval num_timesteps=7168, episode_success=nan +/- nan
se
8 8192 1024
diff [-0.851836197078228, -0.009496722370386124, 0.01775391958653927, 0.014747513458132744, -0.004449097439646721, 0.0029306914657354355, -0.00836252886801958, -0.0037315944209694862]
ref [0.9636061191558838, 0.05457939952611923, 0.024589667096734047, 0.016913970932364464, 0.02246394008398056, 0.011093401350080967, 0.017664674669504166, 0.012629291042685509]
[0.11176992207765579, 0.04508267715573311, 0.042343586683273315, 0.03166148439049721, 0.01801484264433384, 0.014024092815816402, 0.009302145801484585, 0.008897696621716022]
Training time: 295 	steps per sec: 27
Eval num_timesteps=8192, episode_reward=nan +/- nan
Eval num_timesteps=8192, episode_success=nan +/- nan
se
9 9216 1024
diff [-0.851836197078228, -0.009496722370386124, 0.01775391958653927, 0.014747513458132744, -0.004449097439646721, 0.0029306914657354355, -0.00836252886801958, -0.0037315944209694862, -0.0023376676253974438]
ref [0.9636061191558838, 0.05457939952611923, 0.024589667096734047, 0.016913970932364464, 0.02246394008398056, 0.011093401350080967, 0.017664674669504166, 0.012629291042685509, 0.009949207305908203]
[0.11176992207765579, 0.04508267715573311, 0.042343586683273315, 0.03166148439049721, 0.01801484264433384, 0.014024092815816402, 0.009302145801484585, 0.008897696621716022, 0.007611539680510759]
Training time: 361 	steps per sec: 25
Eval num_timesteps=9216, episode_reward=nan +/- nan
Eval num_timesteps=9216, episode_success=nan +/- nan
se
10 10240 1024
diff [-0.851836197078228, -0.009496722370386124, 0.01775391958653927, 0.014747513458132744, -0.004449097439646721, 0.0029306914657354355, -0.00836252886801958, -0.0037315944209694862, -0.0023376676253974438, -0.005051282700151205]
ref [0.9636061191558838, 0.05457939952611923, 0.024589667096734047, 0.016913970932364464, 0.02246394008398056, 0.011093401350080967, 0.017664674669504166, 0.012629291042685509, 0.009949207305908203, 0.01236889511346817]
[0.11176992207765579, 0.04508267715573311, 0.042343586683273315, 0.03166148439049721, 0.01801484264433384, 0.014024092815816402, 0.009302145801484585, 0.008897696621716022, 0.007611539680510759, 0.007317612413316965]
Training time: 432 	steps per sec: 23
Eval num_timesteps=10240, episode_reward=nan +/- nan
Eval num_timesteps=10240, episode_success=nan +/- nan
se
11 11264 1024
diff [-0.851836197078228, -0.009496722370386124, 0.01775391958653927, 0.014747513458132744, -0.004449097439646721, 0.0029306914657354355, -0.00836252886801958, -0.0037315944209694862, -0.0023376676253974438, -0.005051282700151205, -0.0032473006285727024]
ref [0.9636061191558838, 0.05457939952611923, 0.024589667096734047, 0.016913970932364464, 0.02246394008398056, 0.011093401350080967, 0.017664674669504166, 0.012629291042685509, 0.009949207305908203, 0.01236889511346817, 0.009903278201818466]
[0.11176992207765579, 0.04508267715573311, 0.042343586683273315, 0.03166148439049721, 0.01801484264433384, 0.014024092815816402, 0.009302145801484585, 0.008897696621716022, 0.007611539680510759, 0.007317612413316965, 0.006655977573245764]
Training time: 515 	steps per sec: 21
Eval num_timesteps=11264, episode_reward=nan +/- nan
Eval num_timesteps=11264, episode_success=nan +/- nan
se
12 12288 1024
diff [-0.851836197078228, -0.009496722370386124, 0.01775391958653927, 0.014747513458132744, -0.004449097439646721, 0.0029306914657354355, -0.00836252886801958, -0.0037315944209694862, -0.0023376676253974438, -0.005051282700151205, -0.0032473006285727024, -0.0018599755130708218]
ref [0.9636061191558838, 0.05457939952611923, 0.024589667096734047, 0.016913970932364464, 0.02246394008398056, 0.011093401350080967, 0.017664674669504166, 0.012629291042685509, 0.009949207305908203, 0.01236889511346817, 0.009903278201818466, 0.007470494136214256]
[0.11176992207765579, 0.04508267715573311, 0.042343586683273315, 0.03166148439049721, 0.01801484264433384, 0.014024092815816402, 0.009302145801484585, 0.008897696621716022, 0.007611539680510759, 0.007317612413316965, 0.006655977573245764, 0.0056105186231434345]
Training time: 601 	steps per sec: 20
Eval num_timesteps=12288, episode_reward=nan +/- nan
Eval num_timesteps=12288, episode_success=nan +/- nan
se
13 13312 1024
diff [-0.851836197078228, -0.009496722370386124, 0.01775391958653927, 0.014747513458132744, -0.004449097439646721, 0.0029306914657354355, -0.00836252886801958, -0.0037315944209694862, -0.0023376676253974438, -0.005051282700151205, -0.0032473006285727024, -0.0018599755130708218, -0.0021142978221178055]
ref [0.9636061191558838, 0.05457939952611923, 0.024589667096734047, 0.016913970932364464, 0.02246394008398056, 0.011093401350080967, 0.017664674669504166, 0.012629291042685509, 0.009949207305908203, 0.01236889511346817, 0.009903278201818466, 0.007470494136214256, 0.00767167005687952]
[0.11176992207765579, 0.04508267715573311, 0.042343586683273315, 0.03166148439049721, 0.01801484264433384, 0.014024092815816402, 0.009302145801484585, 0.008897696621716022, 0.007611539680510759, 0.007317612413316965, 0.006655977573245764, 0.0056105186231434345, 0.005557372234761715]
Training time: 690 	steps per sec: 19
Eval num_timesteps=13312, episode_reward=nan +/- nan
Eval num_timesteps=13312, episode_success=nan +/- nan
se
14 14336 1024
diff [-0.851836197078228, -0.009496722370386124, 0.01775391958653927, 0.014747513458132744, -0.004449097439646721, 0.0029306914657354355, -0.00836252886801958, -0.0037315944209694862, -0.0023376676253974438, -0.005051282700151205, -0.0032473006285727024, -0.0018599755130708218, -0.0021142978221178055, -0.0019044475629925728]
ref [0.9636061191558838, 0.05457939952611923, 0.024589667096734047, 0.016913970932364464, 0.02246394008398056, 0.011093401350080967, 0.017664674669504166, 0.012629291042685509, 0.009949207305908203, 0.01236889511346817, 0.009903278201818466, 0.007470494136214256, 0.00767167005687952, 0.007076440844684839]
[0.11176992207765579, 0.04508267715573311, 0.042343586683273315, 0.03166148439049721, 0.01801484264433384, 0.014024092815816402, 0.009302145801484585, 0.008897696621716022, 0.007611539680510759, 0.007317612413316965, 0.006655977573245764, 0.0056105186231434345, 0.005557372234761715, 0.0051719932816922665]
Training time: 791 	steps per sec: 18
Eval num_timesteps=14336, episode_reward=nan +/- nan
Eval num_timesteps=14336, episode_success=nan +/- nan
se
15 15360 1024
diff [-0.851836197078228, -0.009496722370386124, 0.01775391958653927, 0.014747513458132744, -0.004449097439646721, 0.0029306914657354355, -0.00836252886801958, -0.0037315944209694862, -0.0023376676253974438, -0.005051282700151205, -0.0032473006285727024, -0.0018599755130708218, -0.0021142978221178055, -0.0019044475629925728, -0.0002928241156041622]
ref [0.9636061191558838, 0.05457939952611923, 0.024589667096734047, 0.016913970932364464, 0.02246394008398056, 0.011093401350080967, 0.017664674669504166, 0.012629291042685509, 0.009949207305908203, 0.01236889511346817, 0.009903278201818466, 0.007470494136214256, 0.00767167005687952, 0.007076440844684839, 0.0051865908317267895]
[0.11176992207765579, 0.04508267715573311, 0.042343586683273315, 0.03166148439049721, 0.01801484264433384, 0.014024092815816402, 0.009302145801484585, 0.008897696621716022, 0.007611539680510759, 0.007317612413316965, 0.006655977573245764, 0.0056105186231434345, 0.005557372234761715, 0.0051719932816922665, 0.004893766716122627]
Training time: 901 	steps per sec: 17
Eval num_timesteps=15360, episode_reward=nan +/- nan
Eval num_timesteps=15360, episode_success=nan +/- nan
se
16 16384 1024
diff [-0.851836197078228, -0.009496722370386124, 0.01775391958653927, 0.014747513458132744, -0.004449097439646721, 0.0029306914657354355, -0.00836252886801958, -0.0037315944209694862, -0.0023376676253974438, -0.005051282700151205, -0.0032473006285727024, -0.0018599755130708218, -0.0021142978221178055, -0.0019044475629925728, -0.0002928241156041622, -0.0008927308954298496]
ref [0.9636061191558838, 0.05457939952611923, 0.024589667096734047, 0.016913970932364464, 0.02246394008398056, 0.011093401350080967, 0.017664674669504166, 0.012629291042685509, 0.009949207305908203, 0.01236889511346817, 0.009903278201818466, 0.007470494136214256, 0.00767167005687952, 0.007076440844684839, 0.0051865908317267895, 0.0054016499780118465]
[0.11176992207765579, 0.04508267715573311, 0.042343586683273315, 0.03166148439049721, 0.01801484264433384, 0.014024092815816402, 0.009302145801484585, 0.008897696621716022, 0.007611539680510759, 0.007317612413316965, 0.006655977573245764, 0.0056105186231434345, 0.005557372234761715, 0.0051719932816922665, 0.004893766716122627, 0.004508919082581997]
Training time: 1019 	steps per sec: 16
Eval num_timesteps=16384, episode_reward=nan +/- nan
Eval num_timesteps=16384, episode_success=nan +/- nan
se
16 16384 1024
diff [-0.851836197078228, -0.009496722370386124, 0.01775391958653927, 0.014747513458132744, -0.004449097439646721, 0.0029306914657354355, -0.00836252886801958, -0.0037315944209694862, -0.0023376676253974438, -0.005051282700151205, -0.0032473006285727024, -0.0018599755130708218, -0.0021142978221178055, -0.0019044475629925728, -0.0002928241156041622, -0.0008927308954298496, -0.0007127886638045311]
ref [0.9636061191558838, 0.05457939952611923, 0.024589667096734047, 0.016913970932364464, 0.02246394008398056, 0.011093401350080967, 0.017664674669504166, 0.012629291042685509, 0.009949207305908203, 0.01236889511346817, 0.009903278201818466, 0.007470494136214256, 0.00767167005687952, 0.007076440844684839, 0.0051865908317267895, 0.0054016499780118465, 0.005785474553704262]
[0.11176992207765579, 0.04508267715573311, 0.042343586683273315, 0.03166148439049721, 0.01801484264433384, 0.014024092815816402, 0.009302145801484585, 0.008897696621716022, 0.007611539680510759, 0.007317612413316965, 0.006655977573245764, 0.0056105186231434345, 0.005557372234761715, 0.0051719932816922665, 0.004893766716122627, 0.004508919082581997, 0.005072685889899731]
Training time: 1127 	steps per sec: 15
Eval num_timesteps=17408, episode_reward=nan +/- nan
Eval num_timesteps=17408, episode_success=nan +/- nan
se
16 16384 1024
diff [-0.851836197078228, -0.009496722370386124, 0.01775391958653927, 0.014747513458132744, -0.004449097439646721, 0.0029306914657354355, -0.00836252886801958, -0.0037315944209694862, -0.0023376676253974438, -0.005051282700151205, -0.0032473006285727024, -0.0018599755130708218, -0.0021142978221178055, -0.0019044475629925728, -0.0002928241156041622, -0.0008927308954298496, -0.0007127886638045311, -0.002585871610790491]
ref [0.9636061191558838, 0.05457939952611923, 0.024589667096734047, 0.016913970932364464, 0.02246394008398056, 0.011093401350080967, 0.017664674669504166, 0.012629291042685509, 0.009949207305908203, 0.01236889511346817, 0.009903278201818466, 0.007470494136214256, 0.00767167005687952, 0.007076440844684839, 0.0051865908317267895, 0.0054016499780118465, 0.005785474553704262, 0.008233889006078243]
[0.11176992207765579, 0.04508267715573311, 0.042343586683273315, 0.03166148439049721, 0.01801484264433384, 0.014024092815816402, 0.009302145801484585, 0.008897696621716022, 0.007611539680510759, 0.007317612413316965, 0.006655977573245764, 0.0056105186231434345, 0.005557372234761715, 0.0051719932816922665, 0.004893766716122627, 0.004508919082581997, 0.005072685889899731, 0.005648017395287752]
Training time: 1226 	steps per sec: 15
Eval num_timesteps=18432, episode_reward=nan +/- nan
Eval num_timesteps=18432, episode_success=nan +/- nan
se
16 16384 1024
diff [-0.851836197078228, -0.009496722370386124, 0.01775391958653927, 0.014747513458132744, -0.004449097439646721, 0.0029306914657354355, -0.00836252886801958, -0.0037315944209694862, -0.0023376676253974438, -0.005051282700151205, -0.0032473006285727024, -0.0018599755130708218, -0.0021142978221178055, -0.0019044475629925728, -0.0002928241156041622, -0.0008927308954298496, -0.0007127886638045311, -0.002585871610790491, 0.0005895849317312241]
ref [0.9636061191558838, 0.05457939952611923, 0.024589667096734047, 0.016913970932364464, 0.02246394008398056, 0.011093401350080967, 0.017664674669504166, 0.012629291042685509, 0.009949207305908203, 0.01236889511346817, 0.009903278201818466, 0.007470494136214256, 0.00767167005687952, 0.007076440844684839, 0.0051865908317267895, 0.0054016499780118465, 0.005785474553704262, 0.008233889006078243, 0.005914909765124321]
[0.11176992207765579, 0.04508267715573311, 0.042343586683273315, 0.03166148439049721, 0.01801484264433384, 0.014024092815816402, 0.009302145801484585, 0.008897696621716022, 0.007611539680510759, 0.007317612413316965, 0.006655977573245764, 0.0056105186231434345, 0.005557372234761715, 0.0051719932816922665, 0.004893766716122627, 0.004508919082581997, 0.005072685889899731, 0.005648017395287752, 0.006504494696855545]
Training time: 1330 	steps per sec: 14
Eval num_timesteps=19456, episode_reward=nan +/- nan
Eval num_timesteps=19456, episode_success=nan +/- nan
se
16 16384 1024
diff [-0.851836197078228, -0.009496722370386124, 0.01775391958653927, 0.014747513458132744, -0.004449097439646721, 0.0029306914657354355, -0.00836252886801958, -0.0037315944209694862, -0.0023376676253974438, -0.005051282700151205, -0.0032473006285727024, -0.0018599755130708218, -0.0021142978221178055, -0.0019044475629925728, -0.0002928241156041622, -0.0008927308954298496, -0.0007127886638045311, -0.002585871610790491, 0.0005895849317312241, -0.0013584098778665066]
ref [0.9636061191558838, 0.05457939952611923, 0.024589667096734047, 0.016913970932364464, 0.02246394008398056, 0.011093401350080967, 0.017664674669504166, 0.012629291042685509, 0.009949207305908203, 0.01236889511346817, 0.009903278201818466, 0.007470494136214256, 0.00767167005687952, 0.007076440844684839, 0.0051865908317267895, 0.0054016499780118465, 0.005785474553704262, 0.008233889006078243, 0.005914909765124321, 0.006793958134949207]
[0.11176992207765579, 0.04508267715573311, 0.042343586683273315, 0.03166148439049721, 0.01801484264433384, 0.014024092815816402, 0.009302145801484585, 0.008897696621716022, 0.007611539680510759, 0.007317612413316965, 0.006655977573245764, 0.0056105186231434345, 0.005557372234761715, 0.0051719932816922665, 0.004893766716122627, 0.004508919082581997, 0.005072685889899731, 0.005648017395287752, 0.006504494696855545, 0.005435548257082701]
Training time: 1443 	steps per sec: 14
Eval num_timesteps=20480, episode_reward=nan +/- nan
Eval num_timesteps=20480, episode_success=nan +/- nan
se
16 16384 1024
diff [-0.851836197078228, -0.009496722370386124, 0.01775391958653927, 0.014747513458132744, -0.004449097439646721, 0.0029306914657354355, -0.00836252886801958, -0.0037315944209694862, -0.0023376676253974438, -0.005051282700151205, -0.0032473006285727024, -0.0018599755130708218, -0.0021142978221178055, -0.0019044475629925728, -0.0002928241156041622, -0.0008927308954298496, -0.0007127886638045311, -0.002585871610790491, 0.0005895849317312241, -0.0013584098778665066, 0.00011361576616764069]
ref [0.9636061191558838, 0.05457939952611923, 0.024589667096734047, 0.016913970932364464, 0.02246394008398056, 0.011093401350080967, 0.017664674669504166, 0.012629291042685509, 0.009949207305908203, 0.01236889511346817, 0.009903278201818466, 0.007470494136214256, 0.00767167005687952, 0.007076440844684839, 0.0051865908317267895, 0.0054016499780118465, 0.005785474553704262, 0.008233889006078243, 0.005914909765124321, 0.006793958134949207, 0.006035601254552603]
[0.11176992207765579, 0.04508267715573311, 0.042343586683273315, 0.03166148439049721, 0.01801484264433384, 0.014024092815816402, 0.009302145801484585, 0.008897696621716022, 0.007611539680510759, 0.007317612413316965, 0.006655977573245764, 0.0056105186231434345, 0.005557372234761715, 0.0051719932816922665, 0.004893766716122627, 0.004508919082581997, 0.005072685889899731, 0.005648017395287752, 0.006504494696855545, 0.005435548257082701, 0.0061492170207202435]
Training time: 1547 	steps per sec: 13
Eval num_timesteps=21504, episode_reward=nan +/- nan
Eval num_timesteps=21504, episode_success=nan +/- nan
se
16 16384 1024
diff [-0.851836197078228, -0.009496722370386124, 0.01775391958653927, 0.014747513458132744, -0.004449097439646721, 0.0029306914657354355, -0.00836252886801958, -0.0037315944209694862, -0.0023376676253974438, -0.005051282700151205, -0.0032473006285727024, -0.0018599755130708218, -0.0021142978221178055, -0.0019044475629925728, -0.0002928241156041622, -0.0008927308954298496, -0.0007127886638045311, -0.002585871610790491, 0.0005895849317312241, -0.0013584098778665066, 0.00011361576616764069, 0.0002644406631588936]
ref [0.9636061191558838, 0.05457939952611923, 0.024589667096734047, 0.016913970932364464, 0.02246394008398056, 0.011093401350080967, 0.017664674669504166, 0.012629291042685509, 0.009949207305908203, 0.01236889511346817, 0.009903278201818466, 0.007470494136214256, 0.00767167005687952, 0.007076440844684839, 0.0051865908317267895, 0.0054016499780118465, 0.005785474553704262, 0.008233889006078243, 0.005914909765124321, 0.006793958134949207, 0.006035601254552603, 0.005372240208089352]
[0.11176992207765579, 0.04508267715573311, 0.042343586683273315, 0.03166148439049721, 0.01801484264433384, 0.014024092815816402, 0.009302145801484585, 0.008897696621716022, 0.007611539680510759, 0.007317612413316965, 0.006655977573245764, 0.0056105186231434345, 0.005557372234761715, 0.0051719932816922665, 0.004893766716122627, 0.004508919082581997, 0.005072685889899731, 0.005648017395287752, 0.006504494696855545, 0.005435548257082701, 0.0061492170207202435, 0.005636680871248245]
Training time: 1652 	steps per sec: 13
Eval num_timesteps=22528, episode_reward=nan +/- nan
Eval num_timesteps=22528, episode_success=nan +/- nan
se
16 16384 1024
diff [-0.851836197078228, -0.009496722370386124, 0.01775391958653927, 0.014747513458132744, -0.004449097439646721, 0.0029306914657354355, -0.00836252886801958, -0.0037315944209694862, -0.0023376676253974438, -0.005051282700151205, -0.0032473006285727024, -0.0018599755130708218, -0.0021142978221178055, -0.0019044475629925728, -0.0002928241156041622, -0.0008927308954298496, -0.0007127886638045311, -0.002585871610790491, 0.0005895849317312241, -0.0013584098778665066, 0.00011361576616764069, 0.0002644406631588936, -0.0007976307533681393]
ref [0.9636061191558838, 0.05457939952611923, 0.024589667096734047, 0.016913970932364464, 0.02246394008398056, 0.011093401350080967, 0.017664674669504166, 0.012629291042685509, 0.009949207305908203, 0.01236889511346817, 0.009903278201818466, 0.007470494136214256, 0.00767167005687952, 0.007076440844684839, 0.0051865908317267895, 0.0054016499780118465, 0.005785474553704262, 0.008233889006078243, 0.005914909765124321, 0.006793958134949207, 0.006035601254552603, 0.005372240208089352, 0.0064301807433366776]
[0.11176992207765579, 0.04508267715573311, 0.042343586683273315, 0.03166148439049721, 0.01801484264433384, 0.014024092815816402, 0.009302145801484585, 0.008897696621716022, 0.007611539680510759, 0.007317612413316965, 0.006655977573245764, 0.0056105186231434345, 0.005557372234761715, 0.0051719932816922665, 0.004893766716122627, 0.004508919082581997, 0.005072685889899731, 0.005648017395287752, 0.006504494696855545, 0.005435548257082701, 0.0061492170207202435, 0.005636680871248245, 0.005632549989968538]
Training time: 1763 	steps per sec: 13
Eval num_timesteps=23552, episode_reward=nan +/- nan
Eval num_timesteps=23552, episode_success=nan +/- nan
se
16 16384 1024
diff [-0.851836197078228, -0.009496722370386124, 0.01775391958653927, 0.014747513458132744, -0.004449097439646721, 0.0029306914657354355, -0.00836252886801958, -0.0037315944209694862, -0.0023376676253974438, -0.005051282700151205, -0.0032473006285727024, -0.0018599755130708218, -0.0021142978221178055, -0.0019044475629925728, -0.0002928241156041622, -0.0008927308954298496, -0.0007127886638045311, -0.002585871610790491, 0.0005895849317312241, -0.0013584098778665066, 0.00011361576616764069, 0.0002644406631588936, -0.0007976307533681393, 7.108598947525024e-05]
ref [0.9636061191558838, 0.05457939952611923, 0.024589667096734047, 0.016913970932364464, 0.02246394008398056, 0.011093401350080967, 0.017664674669504166, 0.012629291042685509, 0.009949207305908203, 0.01236889511346817, 0.009903278201818466, 0.007470494136214256, 0.00767167005687952, 0.007076440844684839, 0.0051865908317267895, 0.0054016499780118465, 0.005785474553704262, 0.008233889006078243, 0.005914909765124321, 0.006793958134949207, 0.006035601254552603, 0.005372240208089352, 0.0064301807433366776, 0.005199986509978771]
[0.11176992207765579, 0.04508267715573311, 0.042343586683273315, 0.03166148439049721, 0.01801484264433384, 0.014024092815816402, 0.009302145801484585, 0.008897696621716022, 0.007611539680510759, 0.007317612413316965, 0.006655977573245764, 0.0056105186231434345, 0.005557372234761715, 0.0051719932816922665, 0.004893766716122627, 0.004508919082581997, 0.005072685889899731, 0.005648017395287752, 0.006504494696855545, 0.005435548257082701, 0.0061492170207202435, 0.005636680871248245, 0.005632549989968538, 0.0052710724994540215]
Training time: 1871 	steps per sec: 13
Eval num_timesteps=24576, episode_reward=nan +/- nan
Eval num_timesteps=24576, episode_success=nan +/- nan
se
16 16384 1024
diff [-0.851836197078228, -0.009496722370386124, 0.01775391958653927, 0.014747513458132744, -0.004449097439646721, 0.0029306914657354355, -0.00836252886801958, -0.0037315944209694862, -0.0023376676253974438, -0.005051282700151205, -0.0032473006285727024, -0.0018599755130708218, -0.0021142978221178055, -0.0019044475629925728, -0.0002928241156041622, -0.0008927308954298496, -0.0007127886638045311, -0.002585871610790491, 0.0005895849317312241, -0.0013584098778665066, 0.00011361576616764069, 0.0002644406631588936, -0.0007976307533681393, 7.108598947525024e-05, -0.0008278563618659973]
ref [0.9636061191558838, 0.05457939952611923, 0.024589667096734047, 0.016913970932364464, 0.02246394008398056, 0.011093401350080967, 0.017664674669504166, 0.012629291042685509, 0.009949207305908203, 0.01236889511346817, 0.009903278201818466, 0.007470494136214256, 0.00767167005687952, 0.007076440844684839, 0.0051865908317267895, 0.0054016499780118465, 0.005785474553704262, 0.008233889006078243, 0.005914909765124321, 0.006793958134949207, 0.006035601254552603, 0.005372240208089352, 0.0064301807433366776, 0.005199986509978771, 0.00591238820925355]
[0.11176992207765579, 0.04508267715573311, 0.042343586683273315, 0.03166148439049721, 0.01801484264433384, 0.014024092815816402, 0.009302145801484585, 0.008897696621716022, 0.007611539680510759, 0.007317612413316965, 0.006655977573245764, 0.0056105186231434345, 0.005557372234761715, 0.0051719932816922665, 0.004893766716122627, 0.004508919082581997, 0.005072685889899731, 0.005648017395287752, 0.006504494696855545, 0.005435548257082701, 0.0061492170207202435, 0.005636680871248245, 0.005632549989968538, 0.0052710724994540215, 0.005084531847387552]
Training time: 1976 	steps per sec: 12
Eval num_timesteps=25600, episode_reward=nan +/- nan
Eval num_timesteps=25600, episode_success=nan +/- nan
se
16 16384 1024
diff [-0.851836197078228, -0.009496722370386124, 0.01775391958653927, 0.014747513458132744, -0.004449097439646721, 0.0029306914657354355, -0.00836252886801958, -0.0037315944209694862, -0.0023376676253974438, -0.005051282700151205, -0.0032473006285727024, -0.0018599755130708218, -0.0021142978221178055, -0.0019044475629925728, -0.0002928241156041622, -0.0008927308954298496, -0.0007127886638045311, -0.002585871610790491, 0.0005895849317312241, -0.0013584098778665066, 0.00011361576616764069, 0.0002644406631588936, -0.0007976307533681393, 7.108598947525024e-05, -0.0008278563618659973, -0.0014186669141054153]
ref [0.9636061191558838, 0.05457939952611923, 0.024589667096734047, 0.016913970932364464, 0.02246394008398056, 0.011093401350080967, 0.017664674669504166, 0.012629291042685509, 0.009949207305908203, 0.01236889511346817, 0.009903278201818466, 0.007470494136214256, 0.00767167005687952, 0.007076440844684839, 0.0051865908317267895, 0.0054016499780118465, 0.005785474553704262, 0.008233889006078243, 0.005914909765124321, 0.006793958134949207, 0.006035601254552603, 0.005372240208089352, 0.0064301807433366776, 0.005199986509978771, 0.00591238820925355, 0.006548967212438583]
[0.11176992207765579, 0.04508267715573311, 0.042343586683273315, 0.03166148439049721, 0.01801484264433384, 0.014024092815816402, 0.009302145801484585, 0.008897696621716022, 0.007611539680510759, 0.007317612413316965, 0.006655977573245764, 0.0056105186231434345, 0.005557372234761715, 0.0051719932816922665, 0.004893766716122627, 0.004508919082581997, 0.005072685889899731, 0.005648017395287752, 0.006504494696855545, 0.005435548257082701, 0.0061492170207202435, 0.005636680871248245, 0.005632549989968538, 0.0052710724994540215, 0.005084531847387552, 0.005130300298333168]
Training time: 2088 	steps per sec: 12
Eval num_timesteps=26624, episode_reward=nan +/- nan
Eval num_timesteps=26624, episode_success=nan +/- nan
se
16 16384 1024
diff [-0.851836197078228, -0.009496722370386124, 0.01775391958653927, 0.014747513458132744, -0.004449097439646721, 0.0029306914657354355, -0.00836252886801958, -0.0037315944209694862, -0.0023376676253974438, -0.005051282700151205, -0.0032473006285727024, -0.0018599755130708218, -0.0021142978221178055, -0.0019044475629925728, -0.0002928241156041622, -0.0008927308954298496, -0.0007127886638045311, -0.002585871610790491, 0.0005895849317312241, -0.0013584098778665066, 0.00011361576616764069, 0.0002644406631588936, -0.0007976307533681393, 7.108598947525024e-05, -0.0008278563618659973, -0.0014186669141054153, -0.0007216203957796097]
ref [0.9636061191558838, 0.05457939952611923, 0.024589667096734047, 0.016913970932364464, 0.02246394008398056, 0.011093401350080967, 0.017664674669504166, 0.012629291042685509, 0.009949207305908203, 0.01236889511346817, 0.009903278201818466, 0.007470494136214256, 0.00767167005687952, 0.007076440844684839, 0.0051865908317267895, 0.0054016499780118465, 0.005785474553704262, 0.008233889006078243, 0.005914909765124321, 0.006793958134949207, 0.006035601254552603, 0.005372240208089352, 0.0064301807433366776, 0.005199986509978771, 0.00591238820925355, 0.006548967212438583, 0.0060745044611394405]
[0.11176992207765579, 0.04508267715573311, 0.042343586683273315, 0.03166148439049721, 0.01801484264433384, 0.014024092815816402, 0.009302145801484585, 0.008897696621716022, 0.007611539680510759, 0.007317612413316965, 0.006655977573245764, 0.0056105186231434345, 0.005557372234761715, 0.0051719932816922665, 0.004893766716122627, 0.004508919082581997, 0.005072685889899731, 0.005648017395287752, 0.006504494696855545, 0.005435548257082701, 0.0061492170207202435, 0.005636680871248245, 0.005632549989968538, 0.0052710724994540215, 0.005084531847387552, 0.005130300298333168, 0.005352884065359831]
Training time: 2203 	steps per sec: 12
Eval num_timesteps=27648, episode_reward=nan +/- nan
Eval num_timesteps=27648, episode_success=nan +/- nan
se
16 16384 1024
diff [-0.851836197078228, -0.009496722370386124, 0.01775391958653927, 0.014747513458132744, -0.004449097439646721, 0.0029306914657354355, -0.00836252886801958, -0.0037315944209694862, -0.0023376676253974438, -0.005051282700151205, -0.0032473006285727024, -0.0018599755130708218, -0.0021142978221178055, -0.0019044475629925728, -0.0002928241156041622, -0.0008927308954298496, -0.0007127886638045311, -0.002585871610790491, 0.0005895849317312241, -0.0013584098778665066, 0.00011361576616764069, 0.0002644406631588936, -0.0007976307533681393, 7.108598947525024e-05, -0.0008278563618659973, -0.0014186669141054153, -0.0007216203957796097, -0.0016989274881780148]
ref [0.9636061191558838, 0.05457939952611923, 0.024589667096734047, 0.016913970932364464, 0.02246394008398056, 0.011093401350080967, 0.017664674669504166, 0.012629291042685509, 0.009949207305908203, 0.01236889511346817, 0.009903278201818466, 0.007470494136214256, 0.00767167005687952, 0.007076440844684839, 0.0051865908317267895, 0.0054016499780118465, 0.005785474553704262, 0.008233889006078243, 0.005914909765124321, 0.006793958134949207, 0.006035601254552603, 0.005372240208089352, 0.0064301807433366776, 0.005199986509978771, 0.00591238820925355, 0.006548967212438583, 0.0060745044611394405, 0.0067950827069580555]
[0.11176992207765579, 0.04508267715573311, 0.042343586683273315, 0.03166148439049721, 0.01801484264433384, 0.014024092815816402, 0.009302145801484585, 0.008897696621716022, 0.007611539680510759, 0.007317612413316965, 0.006655977573245764, 0.0056105186231434345, 0.005557372234761715, 0.0051719932816922665, 0.004893766716122627, 0.004508919082581997, 0.005072685889899731, 0.005648017395287752, 0.006504494696855545, 0.005435548257082701, 0.0061492170207202435, 0.005636680871248245, 0.005632549989968538, 0.0052710724994540215, 0.005084531847387552, 0.005130300298333168, 0.005352884065359831, 0.005096155218780041]
Training time: 2320 	steps per sec: 12
Eval num_timesteps=28672, episode_reward=nan +/- nan
Eval num_timesteps=28672, episode_success=nan +/- nan
se
16 16384 1024
diff [-0.851836197078228, -0.009496722370386124, 0.01775391958653927, 0.014747513458132744, -0.004449097439646721, 0.0029306914657354355, -0.00836252886801958, -0.0037315944209694862, -0.0023376676253974438, -0.005051282700151205, -0.0032473006285727024, -0.0018599755130708218, -0.0021142978221178055, -0.0019044475629925728, -0.0002928241156041622, -0.0008927308954298496, -0.0007127886638045311, -0.002585871610790491, 0.0005895849317312241, -0.0013584098778665066, 0.00011361576616764069, 0.0002644406631588936, -0.0007976307533681393, 7.108598947525024e-05, -0.0008278563618659973, -0.0014186669141054153, -0.0007216203957796097, -0.0016989274881780148, -0.00018987851217389107]
ref [0.9636061191558838, 0.05457939952611923, 0.024589667096734047, 0.016913970932364464, 0.02246394008398056, 0.011093401350080967, 0.017664674669504166, 0.012629291042685509, 0.009949207305908203, 0.01236889511346817, 0.009903278201818466, 0.007470494136214256, 0.00767167005687952, 0.007076440844684839, 0.0051865908317267895, 0.0054016499780118465, 0.005785474553704262, 0.008233889006078243, 0.005914909765124321, 0.006793958134949207, 0.006035601254552603, 0.005372240208089352, 0.0064301807433366776, 0.005199986509978771, 0.00591238820925355, 0.006548967212438583, 0.0060745044611394405, 0.0067950827069580555, 0.0059253447689116]
[0.11176992207765579, 0.04508267715573311, 0.042343586683273315, 0.03166148439049721, 0.01801484264433384, 0.014024092815816402, 0.009302145801484585, 0.008897696621716022, 0.007611539680510759, 0.007317612413316965, 0.006655977573245764, 0.0056105186231434345, 0.005557372234761715, 0.0051719932816922665, 0.004893766716122627, 0.004508919082581997, 0.005072685889899731, 0.005648017395287752, 0.006504494696855545, 0.005435548257082701, 0.0061492170207202435, 0.005636680871248245, 0.005632549989968538, 0.0052710724994540215, 0.005084531847387552, 0.005130300298333168, 0.005352884065359831, 0.005096155218780041, 0.005735466256737709]
Training time: 2435 	steps per sec: 12
Eval num_timesteps=29696, episode_reward=nan +/- nan
Eval num_timesteps=29696, episode_success=nan +/- nan
se
16 16384 1024
diff [-0.851836197078228, -0.009496722370386124, 0.01775391958653927, 0.014747513458132744, -0.004449097439646721, 0.0029306914657354355, -0.00836252886801958, -0.0037315944209694862, -0.0023376676253974438, -0.005051282700151205, -0.0032473006285727024, -0.0018599755130708218, -0.0021142978221178055, -0.0019044475629925728, -0.0002928241156041622, -0.0008927308954298496, -0.0007127886638045311, -0.002585871610790491, 0.0005895849317312241, -0.0013584098778665066, 0.00011361576616764069, 0.0002644406631588936, -0.0007976307533681393, 7.108598947525024e-05, -0.0008278563618659973, -0.0014186669141054153, -0.0007216203957796097, -0.0016989274881780148, -0.00018987851217389107, 0.0007312498055398464]
ref [0.9636061191558838, 0.05457939952611923, 0.024589667096734047, 0.016913970932364464, 0.02246394008398056, 0.011093401350080967, 0.017664674669504166, 0.012629291042685509, 0.009949207305908203, 0.01236889511346817, 0.009903278201818466, 0.007470494136214256, 0.00767167005687952, 0.007076440844684839, 0.0051865908317267895, 0.0054016499780118465, 0.005785474553704262, 0.008233889006078243, 0.005914909765124321, 0.006793958134949207, 0.006035601254552603, 0.005372240208089352, 0.0064301807433366776, 0.005199986509978771, 0.00591238820925355, 0.006548967212438583, 0.0060745044611394405, 0.0067950827069580555, 0.0059253447689116, 0.004763889126479626]
[0.11176992207765579, 0.04508267715573311, 0.042343586683273315, 0.03166148439049721, 0.01801484264433384, 0.014024092815816402, 0.009302145801484585, 0.008897696621716022, 0.007611539680510759, 0.007317612413316965, 0.006655977573245764, 0.0056105186231434345, 0.005557372234761715, 0.0051719932816922665, 0.004893766716122627, 0.004508919082581997, 0.005072685889899731, 0.005648017395287752, 0.006504494696855545, 0.005435548257082701, 0.0061492170207202435, 0.005636680871248245, 0.005632549989968538, 0.0052710724994540215, 0.005084531847387552, 0.005130300298333168, 0.005352884065359831, 0.005096155218780041, 0.005735466256737709, 0.005495138932019472]
Training time: 2543 	steps per sec: 12
Eval num_timesteps=30720, episode_reward=nan +/- nan
Eval num_timesteps=30720, episode_success=nan +/- nan
se
16 16384 1024
diff [-0.851836197078228, -0.009496722370386124, 0.01775391958653927, 0.014747513458132744, -0.004449097439646721, 0.0029306914657354355, -0.00836252886801958, -0.0037315944209694862, -0.0023376676253974438, -0.005051282700151205, -0.0032473006285727024, -0.0018599755130708218, -0.0021142978221178055, -0.0019044475629925728, -0.0002928241156041622, -0.0008927308954298496, -0.0007127886638045311, -0.002585871610790491, 0.0005895849317312241, -0.0013584098778665066, 0.00011361576616764069, 0.0002644406631588936, -0.0007976307533681393, 7.108598947525024e-05, -0.0008278563618659973, -0.0014186669141054153, -0.0007216203957796097, -0.0016989274881780148, -0.00018987851217389107, 0.0007312498055398464, 4.7833193093538284e-05]
ref [0.9636061191558838, 0.05457939952611923, 0.024589667096734047, 0.016913970932364464, 0.02246394008398056, 0.011093401350080967, 0.017664674669504166, 0.012629291042685509, 0.009949207305908203, 0.01236889511346817, 0.009903278201818466, 0.007470494136214256, 0.00767167005687952, 0.007076440844684839, 0.0051865908317267895, 0.0054016499780118465, 0.005785474553704262, 0.008233889006078243, 0.005914909765124321, 0.006793958134949207, 0.006035601254552603, 0.005372240208089352, 0.0064301807433366776, 0.005199986509978771, 0.00591238820925355, 0.006548967212438583, 0.0060745044611394405, 0.0067950827069580555, 0.0059253447689116, 0.004763889126479626, 0.005173603538423777]
[0.11176992207765579, 0.04508267715573311, 0.042343586683273315, 0.03166148439049721, 0.01801484264433384, 0.014024092815816402, 0.009302145801484585, 0.008897696621716022, 0.007611539680510759, 0.007317612413316965, 0.006655977573245764, 0.0056105186231434345, 0.005557372234761715, 0.0051719932816922665, 0.004893766716122627, 0.004508919082581997, 0.005072685889899731, 0.005648017395287752, 0.006504494696855545, 0.005435548257082701, 0.0061492170207202435, 0.005636680871248245, 0.005632549989968538, 0.0052710724994540215, 0.005084531847387552, 0.005130300298333168, 0.005352884065359831, 0.005096155218780041, 0.005735466256737709, 0.005495138932019472, 0.005221436731517315]
Training time: 2660 	steps per sec: 11
Eval num_timesteps=31744, episode_reward=nan +/- nan
Eval num_timesteps=31744, episode_success=nan +/- nan
se
16 16384 1024
diff [-0.851836197078228, -0.009496722370386124, 0.01775391958653927, 0.014747513458132744, -0.004449097439646721, 0.0029306914657354355, -0.00836252886801958, -0.0037315944209694862, -0.0023376676253974438, -0.005051282700151205, -0.0032473006285727024, -0.0018599755130708218, -0.0021142978221178055, -0.0019044475629925728, -0.0002928241156041622, -0.0008927308954298496, -0.0007127886638045311, -0.002585871610790491, 0.0005895849317312241, -0.0013584098778665066, 0.00011361576616764069, 0.0002644406631588936, -0.0007976307533681393, 7.108598947525024e-05, -0.0008278563618659973, -0.0014186669141054153, -0.0007216203957796097, -0.0016989274881780148, -0.00018987851217389107, 0.0007312498055398464, 4.7833193093538284e-05, -0.002819463610649109]
ref [0.9636061191558838, 0.05457939952611923, 0.024589667096734047, 0.016913970932364464, 0.02246394008398056, 0.011093401350080967, 0.017664674669504166, 0.012629291042685509, 0.009949207305908203, 0.01236889511346817, 0.009903278201818466, 0.007470494136214256, 0.00767167005687952, 0.007076440844684839, 0.0051865908317267895, 0.0054016499780118465, 0.005785474553704262, 0.008233889006078243, 0.005914909765124321, 0.006793958134949207, 0.006035601254552603, 0.005372240208089352, 0.0064301807433366776, 0.005199986509978771, 0.00591238820925355, 0.006548967212438583, 0.0060745044611394405, 0.0067950827069580555, 0.0059253447689116, 0.004763889126479626, 0.005173603538423777, 0.007652893662452698]
[0.11176992207765579, 0.04508267715573311, 0.042343586683273315, 0.03166148439049721, 0.01801484264433384, 0.014024092815816402, 0.009302145801484585, 0.008897696621716022, 0.007611539680510759, 0.007317612413316965, 0.006655977573245764, 0.0056105186231434345, 0.005557372234761715, 0.0051719932816922665, 0.004893766716122627, 0.004508919082581997, 0.005072685889899731, 0.005648017395287752, 0.006504494696855545, 0.005435548257082701, 0.0061492170207202435, 0.005636680871248245, 0.005632549989968538, 0.0052710724994540215, 0.005084531847387552, 0.005130300298333168, 0.005352884065359831, 0.005096155218780041, 0.005735466256737709, 0.005495138932019472, 0.005221436731517315, 0.004833430051803589]
Training time: 2785 	steps per sec: 11
Eval num_timesteps=32768, episode_reward=nan +/- nan
Eval num_timesteps=32768, episode_success=nan +/- nan
results/Swimmer-v4/
results/Swimmer-v4/ppo_ros/
results/Swimmer-v4/ppo_ros/expert/
results/Swimmer-v4/ppo_ros/expert/b_16/
results/Swimmer-v4/ppo_ros/expert/b_16/no_lambda/
results/Swimmer-v4/ppo_ros/expert/b_16/no_lambda/run_0/
results/Swimmer-v4/ppo_ros/expert/b_16/no_lambda/run_0/evaluations.npz
results/Swimmer-v4/ppo_ros/expert/b_16/no_lambda/run_0/config.yml
results/Swimmer-v4/ppo_ros/expert/b_16/no_lambda/run_0/stats.npz
