ppo_ros_continuous.py --env-id Hopper-v4 -s expert/b_16/no_lambda --total-timesteps 32768 --eval-freq 1 --eval-episodes 0 -b 16 --num-steps 1024 -lr 0 --update-epochs 0 --anneal-lr 0 --ros-num-steps 256 --ros-update-epochs 16 --ros-target-kl 0.05 --ros-clip-coef 0.3 --ros-lambda 0 -ros-lr 0.001 --ros-anneal-lr 0 --se 1 --se-freq 1 --se-lr 1e-3 --se-epochs 1000 --policy-path policies/Hopper-v4/best_model.zip --normalization-dir policies/Hopper-v4
Obtaining file:///var/lib/condor/execute/slot1/dir_835789/PPOROS/PPOROS/custom-envs
  Preparing metadata (setup.py): started
  Preparing metadata (setup.py): finished with status 'done'
Requirement already satisfied: gym in /var/lib/condor/execute/slot1/dir_835789/PPOROS/ppo-ros_env/lib/python3.9/site-packages (from custom-envs==0.0.1) (0.21.0)
Requirement already satisfied: numpy>=1.18.0 in /var/lib/condor/execute/slot1/dir_835789/PPOROS/ppo-ros_env/lib/python3.9/site-packages (from gym->custom-envs==0.0.1) (1.24.2)
Requirement already satisfied: cloudpickle>=1.2.0 in /var/lib/condor/execute/slot1/dir_835789/PPOROS/ppo-ros_env/lib/python3.9/site-packages (from gym->custom-envs==0.0.1) (2.2.1)
Installing collected packages: custom-envs
  Running setup.py develop for custom-envs
Successfully installed custom-envs-0.0.1
seed: 1
Eval num_timesteps=0, episode_reward=nan +/- nan
Eval num_timesteps=0, episode_success=nan +/- nan
se
1 1024 1024
diff [-0.013170622289180756]
ref [0.1021750271320343]
[0.08900440484285355]
Training time: 8 	steps per sec: 121
Eval num_timesteps=1024, episode_reward=nan +/- nan
Eval num_timesteps=1024, episode_success=nan +/- nan
se
2 2048 1024
diff [-0.013170622289180756, -0.00607762485742569]
ref [0.1021750271320343, 0.04172038286924362]
[0.08900440484285355, 0.03564275801181793]
Training time: 20 	steps per sec: 99
Eval num_timesteps=2048, episode_reward=nan +/- nan
Eval num_timesteps=2048, episode_success=nan +/- nan
se
3 3072 1024
diff [-0.013170622289180756, -0.00607762485742569, -0.01318047009408474]
ref [0.1021750271320343, 0.04172038286924362, 0.0336323045194149]
[0.08900440484285355, 0.03564275801181793, 0.020451834425330162]
Training time: 36 	steps per sec: 83
Eval num_timesteps=3072, episode_reward=nan +/- nan
Eval num_timesteps=3072, episode_success=nan +/- nan
se
4 4096 1024
diff [-0.013170622289180756, -0.00607762485742569, -0.01318047009408474, -0.009259255602955818]
ref [0.1021750271320343, 0.04172038286924362, 0.0336323045194149, 0.0244305282831192]
[0.08900440484285355, 0.03564275801181793, 0.020451834425330162, 0.015171272680163383]
Training time: 57 	steps per sec: 71
Eval num_timesteps=4096, episode_reward=nan +/- nan
Eval num_timesteps=4096, episode_success=nan +/- nan
se
5 5120 1024
diff [-0.013170622289180756, -0.00607762485742569, -0.01318047009408474, -0.009259255602955818, -0.006873006001114845]
ref [0.1021750271320343, 0.04172038286924362, 0.0336323045194149, 0.0244305282831192, 0.01965876668691635]
[0.08900440484285355, 0.03564275801181793, 0.020451834425330162, 0.015171272680163383, 0.012785760685801506]
Training time: 82 	steps per sec: 62
Eval num_timesteps=5120, episode_reward=nan +/- nan
Eval num_timesteps=5120, episode_success=nan +/- nan
se
6 6144 1024
diff [-0.013170622289180756, -0.00607762485742569, -0.01318047009408474, -0.009259255602955818, -0.006873006001114845, -0.005144606344401836]
ref [0.1021750271320343, 0.04172038286924362, 0.0336323045194149, 0.0244305282831192, 0.01965876668691635, 0.014887712895870209]
[0.08900440484285355, 0.03564275801181793, 0.020451834425330162, 0.015171272680163383, 0.012785760685801506, 0.009743106551468372]
Training time: 111 	steps per sec: 55
Eval num_timesteps=6144, episode_reward=nan +/- nan
Eval num_timesteps=6144, episode_success=nan +/- nan
se
7 7168 1024
diff [-0.013170622289180756, -0.00607762485742569, -0.01318047009408474, -0.009259255602955818, -0.006873006001114845, -0.005144606344401836, -0.0061010802164673805]
ref [0.1021750271320343, 0.04172038286924362, 0.0336323045194149, 0.0244305282831192, 0.01965876668691635, 0.014887712895870209, 0.014776519499719143]
[0.08900440484285355, 0.03564275801181793, 0.020451834425330162, 0.015171272680163383, 0.012785760685801506, 0.009743106551468372, 0.008675439283251762]
Training time: 145 	steps per sec: 49
Eval num_timesteps=7168, episode_reward=nan +/- nan
Eval num_timesteps=7168, episode_success=nan +/- nan
se
8 8192 1024
diff [-0.013170622289180756, -0.00607762485742569, -0.01318047009408474, -0.009259255602955818, -0.006873006001114845, -0.005144606344401836, -0.0061010802164673805, -0.004696556832641363]
ref [0.1021750271320343, 0.04172038286924362, 0.0336323045194149, 0.0244305282831192, 0.01965876668691635, 0.014887712895870209, 0.014776519499719143, 0.012267877347767353]
[0.08900440484285355, 0.03564275801181793, 0.020451834425330162, 0.015171272680163383, 0.012785760685801506, 0.009743106551468372, 0.008675439283251762, 0.00757132051512599]
Training time: 182 	steps per sec: 44
Eval num_timesteps=8192, episode_reward=nan +/- nan
Eval num_timesteps=8192, episode_success=nan +/- nan
se
9 9216 1024
diff [-0.013170622289180756, -0.00607762485742569, -0.01318047009408474, -0.009259255602955818, -0.006873006001114845, -0.005144606344401836, -0.0061010802164673805, -0.004696556832641363, -0.004990171175450087]
ref [0.1021750271320343, 0.04172038286924362, 0.0336323045194149, 0.0244305282831192, 0.01965876668691635, 0.014887712895870209, 0.014776519499719143, 0.012267877347767353, 0.011322627775371075]
[0.08900440484285355, 0.03564275801181793, 0.020451834425330162, 0.015171272680163383, 0.012785760685801506, 0.009743106551468372, 0.008675439283251762, 0.00757132051512599, 0.006332456599920988]
Training time: 222 	steps per sec: 41
Eval num_timesteps=9216, episode_reward=nan +/- nan
Eval num_timesteps=9216, episode_success=nan +/- nan
se
10 10240 1024
diff [-0.013170622289180756, -0.00607762485742569, -0.01318047009408474, -0.009259255602955818, -0.006873006001114845, -0.005144606344401836, -0.0061010802164673805, -0.004696556832641363, -0.004990171175450087, -0.005426348187029362]
ref [0.1021750271320343, 0.04172038286924362, 0.0336323045194149, 0.0244305282831192, 0.01965876668691635, 0.014887712895870209, 0.014776519499719143, 0.012267877347767353, 0.011322627775371075, 0.011294873431324959]
[0.08900440484285355, 0.03564275801181793, 0.020451834425330162, 0.015171272680163383, 0.012785760685801506, 0.009743106551468372, 0.008675439283251762, 0.00757132051512599, 0.006332456599920988, 0.005868525244295597]
Training time: 264 	steps per sec: 38
Eval num_timesteps=10240, episode_reward=nan +/- nan
Eval num_timesteps=10240, episode_success=nan +/- nan
se
11 11264 1024
diff [-0.013170622289180756, -0.00607762485742569, -0.01318047009408474, -0.009259255602955818, -0.006873006001114845, -0.005144606344401836, -0.0061010802164673805, -0.004696556832641363, -0.004990171175450087, -0.005426348187029362, -0.004733751527965069]
ref [0.1021750271320343, 0.04172038286924362, 0.0336323045194149, 0.0244305282831192, 0.01965876668691635, 0.014887712895870209, 0.014776519499719143, 0.012267877347767353, 0.011322627775371075, 0.011294873431324959, 0.009978752583265305]
[0.08900440484285355, 0.03564275801181793, 0.020451834425330162, 0.015171272680163383, 0.012785760685801506, 0.009743106551468372, 0.008675439283251762, 0.00757132051512599, 0.006332456599920988, 0.005868525244295597, 0.005245001055300236]
Training time: 310 	steps per sec: 36
Eval num_timesteps=11264, episode_reward=nan +/- nan
Eval num_timesteps=11264, episode_success=nan +/- nan
se
12 12288 1024
diff [-0.013170622289180756, -0.00607762485742569, -0.01318047009408474, -0.009259255602955818, -0.006873006001114845, -0.005144606344401836, -0.0061010802164673805, -0.004696556832641363, -0.004990171175450087, -0.005426348187029362, -0.004733751527965069, -0.0032935296185314655]
ref [0.1021750271320343, 0.04172038286924362, 0.0336323045194149, 0.0244305282831192, 0.01965876668691635, 0.014887712895870209, 0.014776519499719143, 0.012267877347767353, 0.011322627775371075, 0.011294873431324959, 0.009978752583265305, 0.007942352443933487]
[0.08900440484285355, 0.03564275801181793, 0.020451834425330162, 0.015171272680163383, 0.012785760685801506, 0.009743106551468372, 0.008675439283251762, 0.00757132051512599, 0.006332456599920988, 0.005868525244295597, 0.005245001055300236, 0.004648822825402021]
Training time: 360 	steps per sec: 34
Eval num_timesteps=12288, episode_reward=nan +/- nan
Eval num_timesteps=12288, episode_success=nan +/- nan
se
13 13312 1024
diff [-0.013170622289180756, -0.00607762485742569, -0.01318047009408474, -0.009259255602955818, -0.006873006001114845, -0.005144606344401836, -0.0061010802164673805, -0.004696556832641363, -0.004990171175450087, -0.005426348187029362, -0.004733751527965069, -0.0032935296185314655, -0.0031451755203306675]
ref [0.1021750271320343, 0.04172038286924362, 0.0336323045194149, 0.0244305282831192, 0.01965876668691635, 0.014887712895870209, 0.014776519499719143, 0.012267877347767353, 0.011322627775371075, 0.011294873431324959, 0.009978752583265305, 0.007942352443933487, 0.007515439763665199]
[0.08900440484285355, 0.03564275801181793, 0.020451834425330162, 0.015171272680163383, 0.012785760685801506, 0.009743106551468372, 0.008675439283251762, 0.00757132051512599, 0.006332456599920988, 0.005868525244295597, 0.005245001055300236, 0.004648822825402021, 0.004370264243334532]
Training time: 413 	steps per sec: 32
Eval num_timesteps=13312, episode_reward=nan +/- nan
Eval num_timesteps=13312, episode_success=nan +/- nan
se
14 14336 1024
diff [-0.013170622289180756, -0.00607762485742569, -0.01318047009408474, -0.009259255602955818, -0.006873006001114845, -0.005144606344401836, -0.0061010802164673805, -0.004696556832641363, -0.004990171175450087, -0.005426348187029362, -0.004733751527965069, -0.0032935296185314655, -0.0031451755203306675, -0.003110521472990513]
ref [0.1021750271320343, 0.04172038286924362, 0.0336323045194149, 0.0244305282831192, 0.01965876668691635, 0.014887712895870209, 0.014776519499719143, 0.012267877347767353, 0.011322627775371075, 0.011294873431324959, 0.009978752583265305, 0.007942352443933487, 0.007515439763665199, 0.007113163359463215]
[0.08900440484285355, 0.03564275801181793, 0.020451834425330162, 0.015171272680163383, 0.012785760685801506, 0.009743106551468372, 0.008675439283251762, 0.00757132051512599, 0.006332456599920988, 0.005868525244295597, 0.005245001055300236, 0.004648822825402021, 0.004370264243334532, 0.004002641886472702]
Training time: 470 	steps per sec: 30
Eval num_timesteps=14336, episode_reward=nan +/- nan
Eval num_timesteps=14336, episode_success=nan +/- nan
se
15 15360 1024
diff [-0.013170622289180756, -0.00607762485742569, -0.01318047009408474, -0.009259255602955818, -0.006873006001114845, -0.005144606344401836, -0.0061010802164673805, -0.004696556832641363, -0.004990171175450087, -0.005426348187029362, -0.004733751527965069, -0.0032935296185314655, -0.0031451755203306675, -0.003110521472990513, -0.003503411076962948]
ref [0.1021750271320343, 0.04172038286924362, 0.0336323045194149, 0.0244305282831192, 0.01965876668691635, 0.014887712895870209, 0.014776519499719143, 0.012267877347767353, 0.011322627775371075, 0.011294873431324959, 0.009978752583265305, 0.007942352443933487, 0.007515439763665199, 0.007113163359463215, 0.007617518305778503]
[0.08900440484285355, 0.03564275801181793, 0.020451834425330162, 0.015171272680163383, 0.012785760685801506, 0.009743106551468372, 0.008675439283251762, 0.00757132051512599, 0.006332456599920988, 0.005868525244295597, 0.005245001055300236, 0.004648822825402021, 0.004370264243334532, 0.004002641886472702, 0.004114107228815556]
Training time: 531 	steps per sec: 28
Eval num_timesteps=15360, episode_reward=nan +/- nan
Eval num_timesteps=15360, episode_success=nan +/- nan
se
16 16384 1024
diff [-0.013170622289180756, -0.00607762485742569, -0.01318047009408474, -0.009259255602955818, -0.006873006001114845, -0.005144606344401836, -0.0061010802164673805, -0.004696556832641363, -0.004990171175450087, -0.005426348187029362, -0.004733751527965069, -0.0032935296185314655, -0.0031451755203306675, -0.003110521472990513, -0.003503411076962948, -0.0037322049029171467]
ref [0.1021750271320343, 0.04172038286924362, 0.0336323045194149, 0.0244305282831192, 0.01965876668691635, 0.014887712895870209, 0.014776519499719143, 0.012267877347767353, 0.011322627775371075, 0.011294873431324959, 0.009978752583265305, 0.007942352443933487, 0.007515439763665199, 0.007113163359463215, 0.007617518305778503, 0.007583610713481903]
[0.08900440484285355, 0.03564275801181793, 0.020451834425330162, 0.015171272680163383, 0.012785760685801506, 0.009743106551468372, 0.008675439283251762, 0.00757132051512599, 0.006332456599920988, 0.005868525244295597, 0.005245001055300236, 0.004648822825402021, 0.004370264243334532, 0.004002641886472702, 0.004114107228815556, 0.0038514058105647564]
Training time: 599 	steps per sec: 27
Eval num_timesteps=16384, episode_reward=nan +/- nan
Eval num_timesteps=16384, episode_success=nan +/- nan
se
16 16384 1024
diff [-0.013170622289180756, -0.00607762485742569, -0.01318047009408474, -0.009259255602955818, -0.006873006001114845, -0.005144606344401836, -0.0061010802164673805, -0.004696556832641363, -0.004990171175450087, -0.005426348187029362, -0.004733751527965069, -0.0032935296185314655, -0.0031451755203306675, -0.003110521472990513, -0.003503411076962948, -0.0037322049029171467, -0.003189356066286564]
ref [0.1021750271320343, 0.04172038286924362, 0.0336323045194149, 0.0244305282831192, 0.01965876668691635, 0.014887712895870209, 0.014776519499719143, 0.012267877347767353, 0.011322627775371075, 0.011294873431324959, 0.009978752583265305, 0.007942352443933487, 0.007515439763665199, 0.007113163359463215, 0.007617518305778503, 0.007583610713481903, 0.007006504572927952]
[0.08900440484285355, 0.03564275801181793, 0.020451834425330162, 0.015171272680163383, 0.012785760685801506, 0.009743106551468372, 0.008675439283251762, 0.00757132051512599, 0.006332456599920988, 0.005868525244295597, 0.005245001055300236, 0.004648822825402021, 0.004370264243334532, 0.004002641886472702, 0.004114107228815556, 0.0038514058105647564, 0.003817148506641388]
Training time: 663 	steps per sec: 26
Eval num_timesteps=17408, episode_reward=nan +/- nan
Eval num_timesteps=17408, episode_success=nan +/- nan
se
16 16384 1024
diff [-0.013170622289180756, -0.00607762485742569, -0.01318047009408474, -0.009259255602955818, -0.006873006001114845, -0.005144606344401836, -0.0061010802164673805, -0.004696556832641363, -0.004990171175450087, -0.005426348187029362, -0.004733751527965069, -0.0032935296185314655, -0.0031451755203306675, -0.003110521472990513, -0.003503411076962948, -0.0037322049029171467, -0.003189356066286564, -0.0038247413467615843]
ref [0.1021750271320343, 0.04172038286924362, 0.0336323045194149, 0.0244305282831192, 0.01965876668691635, 0.014887712895870209, 0.014776519499719143, 0.012267877347767353, 0.011322627775371075, 0.011294873431324959, 0.009978752583265305, 0.007942352443933487, 0.007515439763665199, 0.007113163359463215, 0.007617518305778503, 0.007583610713481903, 0.007006504572927952, 0.007704170420765877]
[0.08900440484285355, 0.03564275801181793, 0.020451834425330162, 0.015171272680163383, 0.012785760685801506, 0.009743106551468372, 0.008675439283251762, 0.00757132051512599, 0.006332456599920988, 0.005868525244295597, 0.005245001055300236, 0.004648822825402021, 0.004370264243334532, 0.004002641886472702, 0.004114107228815556, 0.0038514058105647564, 0.003817148506641388, 0.0038794290740042925]
Training time: 726 	steps per sec: 25
Eval num_timesteps=18432, episode_reward=nan +/- nan
Eval num_timesteps=18432, episode_success=nan +/- nan
se
16 16384 1024
diff [-0.013170622289180756, -0.00607762485742569, -0.01318047009408474, -0.009259255602955818, -0.006873006001114845, -0.005144606344401836, -0.0061010802164673805, -0.004696556832641363, -0.004990171175450087, -0.005426348187029362, -0.004733751527965069, -0.0032935296185314655, -0.0031451755203306675, -0.003110521472990513, -0.003503411076962948, -0.0037322049029171467, -0.003189356066286564, -0.0038247413467615843, -0.003401324152946472]
ref [0.1021750271320343, 0.04172038286924362, 0.0336323045194149, 0.0244305282831192, 0.01965876668691635, 0.014887712895870209, 0.014776519499719143, 0.012267877347767353, 0.011322627775371075, 0.011294873431324959, 0.009978752583265305, 0.007942352443933487, 0.007515439763665199, 0.007113163359463215, 0.007617518305778503, 0.007583610713481903, 0.007006504572927952, 0.007704170420765877, 0.006984294857829809]
[0.08900440484285355, 0.03564275801181793, 0.020451834425330162, 0.015171272680163383, 0.012785760685801506, 0.009743106551468372, 0.008675439283251762, 0.00757132051512599, 0.006332456599920988, 0.005868525244295597, 0.005245001055300236, 0.004648822825402021, 0.004370264243334532, 0.004002641886472702, 0.004114107228815556, 0.0038514058105647564, 0.003817148506641388, 0.0038794290740042925, 0.003582970704883337]
Training time: 789 	steps per sec: 24
Eval num_timesteps=19456, episode_reward=nan +/- nan
Eval num_timesteps=19456, episode_success=nan +/- nan
se
16 16384 1024
diff [-0.013170622289180756, -0.00607762485742569, -0.01318047009408474, -0.009259255602955818, -0.006873006001114845, -0.005144606344401836, -0.0061010802164673805, -0.004696556832641363, -0.004990171175450087, -0.005426348187029362, -0.004733751527965069, -0.0032935296185314655, -0.0031451755203306675, -0.003110521472990513, -0.003503411076962948, -0.0037322049029171467, -0.003189356066286564, -0.0038247413467615843, -0.003401324152946472, -0.0029176718089729548]
ref [0.1021750271320343, 0.04172038286924362, 0.0336323045194149, 0.0244305282831192, 0.01965876668691635, 0.014887712895870209, 0.014776519499719143, 0.012267877347767353, 0.011322627775371075, 0.011294873431324959, 0.009978752583265305, 0.007942352443933487, 0.007515439763665199, 0.007113163359463215, 0.007617518305778503, 0.007583610713481903, 0.007006504572927952, 0.007704170420765877, 0.006984294857829809, 0.006531223654747009]
[0.08900440484285355, 0.03564275801181793, 0.020451834425330162, 0.015171272680163383, 0.012785760685801506, 0.009743106551468372, 0.008675439283251762, 0.00757132051512599, 0.006332456599920988, 0.005868525244295597, 0.005245001055300236, 0.004648822825402021, 0.004370264243334532, 0.004002641886472702, 0.004114107228815556, 0.0038514058105647564, 0.003817148506641388, 0.0038794290740042925, 0.003582970704883337, 0.0036135518457740545]
Training time: 854 	steps per sec: 23
Eval num_timesteps=20480, episode_reward=nan +/- nan
Eval num_timesteps=20480, episode_success=nan +/- nan
se
16 16384 1024
diff [-0.013170622289180756, -0.00607762485742569, -0.01318047009408474, -0.009259255602955818, -0.006873006001114845, -0.005144606344401836, -0.0061010802164673805, -0.004696556832641363, -0.004990171175450087, -0.005426348187029362, -0.004733751527965069, -0.0032935296185314655, -0.0031451755203306675, -0.003110521472990513, -0.003503411076962948, -0.0037322049029171467, -0.003189356066286564, -0.0038247413467615843, -0.003401324152946472, -0.0029176718089729548, -0.003700816072523594]
ref [0.1021750271320343, 0.04172038286924362, 0.0336323045194149, 0.0244305282831192, 0.01965876668691635, 0.014887712895870209, 0.014776519499719143, 0.012267877347767353, 0.011322627775371075, 0.011294873431324959, 0.009978752583265305, 0.007942352443933487, 0.007515439763665199, 0.007113163359463215, 0.007617518305778503, 0.007583610713481903, 0.007006504572927952, 0.007704170420765877, 0.006984294857829809, 0.006531223654747009, 0.007667909376323223]
[0.08900440484285355, 0.03564275801181793, 0.020451834425330162, 0.015171272680163383, 0.012785760685801506, 0.009743106551468372, 0.008675439283251762, 0.00757132051512599, 0.006332456599920988, 0.005868525244295597, 0.005245001055300236, 0.004648822825402021, 0.004370264243334532, 0.004002641886472702, 0.004114107228815556, 0.0038514058105647564, 0.003817148506641388, 0.0038794290740042925, 0.003582970704883337, 0.0036135518457740545, 0.003967093303799629]
Training time: 917 	steps per sec: 23
Eval num_timesteps=21504, episode_reward=nan +/- nan
Eval num_timesteps=21504, episode_success=nan +/- nan
se
16 16384 1024
diff [-0.013170622289180756, -0.00607762485742569, -0.01318047009408474, -0.009259255602955818, -0.006873006001114845, -0.005144606344401836, -0.0061010802164673805, -0.004696556832641363, -0.004990171175450087, -0.005426348187029362, -0.004733751527965069, -0.0032935296185314655, -0.0031451755203306675, -0.003110521472990513, -0.003503411076962948, -0.0037322049029171467, -0.003189356066286564, -0.0038247413467615843, -0.003401324152946472, -0.0029176718089729548, -0.003700816072523594, -0.0028322944417595863]
ref [0.1021750271320343, 0.04172038286924362, 0.0336323045194149, 0.0244305282831192, 0.01965876668691635, 0.014887712895870209, 0.014776519499719143, 0.012267877347767353, 0.011322627775371075, 0.011294873431324959, 0.009978752583265305, 0.007942352443933487, 0.007515439763665199, 0.007113163359463215, 0.007617518305778503, 0.007583610713481903, 0.007006504572927952, 0.007704170420765877, 0.006984294857829809, 0.006531223654747009, 0.007667909376323223, 0.0070932344533503056]
[0.08900440484285355, 0.03564275801181793, 0.020451834425330162, 0.015171272680163383, 0.012785760685801506, 0.009743106551468372, 0.008675439283251762, 0.00757132051512599, 0.006332456599920988, 0.005868525244295597, 0.005245001055300236, 0.004648822825402021, 0.004370264243334532, 0.004002641886472702, 0.004114107228815556, 0.0038514058105647564, 0.003817148506641388, 0.0038794290740042925, 0.003582970704883337, 0.0036135518457740545, 0.003967093303799629, 0.004260940011590719]
Training time: 979 	steps per sec: 23
Eval num_timesteps=22528, episode_reward=nan +/- nan
Eval num_timesteps=22528, episode_success=nan +/- nan
se
16 16384 1024
diff [-0.013170622289180756, -0.00607762485742569, -0.01318047009408474, -0.009259255602955818, -0.006873006001114845, -0.005144606344401836, -0.0061010802164673805, -0.004696556832641363, -0.004990171175450087, -0.005426348187029362, -0.004733751527965069, -0.0032935296185314655, -0.0031451755203306675, -0.003110521472990513, -0.003503411076962948, -0.0037322049029171467, -0.003189356066286564, -0.0038247413467615843, -0.003401324152946472, -0.0029176718089729548, -0.003700816072523594, -0.0028322944417595863, -0.0023524160496890545]
ref [0.1021750271320343, 0.04172038286924362, 0.0336323045194149, 0.0244305282831192, 0.01965876668691635, 0.014887712895870209, 0.014776519499719143, 0.012267877347767353, 0.011322627775371075, 0.011294873431324959, 0.009978752583265305, 0.007942352443933487, 0.007515439763665199, 0.007113163359463215, 0.007617518305778503, 0.007583610713481903, 0.007006504572927952, 0.007704170420765877, 0.006984294857829809, 0.006531223654747009, 0.007667909376323223, 0.0070932344533503056, 0.006850930862128735]
[0.08900440484285355, 0.03564275801181793, 0.020451834425330162, 0.015171272680163383, 0.012785760685801506, 0.009743106551468372, 0.008675439283251762, 0.00757132051512599, 0.006332456599920988, 0.005868525244295597, 0.005245001055300236, 0.004648822825402021, 0.004370264243334532, 0.004002641886472702, 0.004114107228815556, 0.0038514058105647564, 0.003817148506641388, 0.0038794290740042925, 0.003582970704883337, 0.0036135518457740545, 0.003967093303799629, 0.004260940011590719, 0.00449851481243968]
Training time: 1041 	steps per sec: 22
Eval num_timesteps=23552, episode_reward=nan +/- nan
Eval num_timesteps=23552, episode_success=nan +/- nan
se
16 16384 1024
diff [-0.013170622289180756, -0.00607762485742569, -0.01318047009408474, -0.009259255602955818, -0.006873006001114845, -0.005144606344401836, -0.0061010802164673805, -0.004696556832641363, -0.004990171175450087, -0.005426348187029362, -0.004733751527965069, -0.0032935296185314655, -0.0031451755203306675, -0.003110521472990513, -0.003503411076962948, -0.0037322049029171467, -0.003189356066286564, -0.0038247413467615843, -0.003401324152946472, -0.0029176718089729548, -0.003700816072523594, -0.0028322944417595863, -0.0023524160496890545, -0.00226572435349226]
ref [0.1021750271320343, 0.04172038286924362, 0.0336323045194149, 0.0244305282831192, 0.01965876668691635, 0.014887712895870209, 0.014776519499719143, 0.012267877347767353, 0.011322627775371075, 0.011294873431324959, 0.009978752583265305, 0.007942352443933487, 0.007515439763665199, 0.007113163359463215, 0.007617518305778503, 0.007583610713481903, 0.007006504572927952, 0.007704170420765877, 0.006984294857829809, 0.006531223654747009, 0.007667909376323223, 0.0070932344533503056, 0.006850930862128735, 0.00655012484639883]
[0.08900440484285355, 0.03564275801181793, 0.020451834425330162, 0.015171272680163383, 0.012785760685801506, 0.009743106551468372, 0.008675439283251762, 0.00757132051512599, 0.006332456599920988, 0.005868525244295597, 0.005245001055300236, 0.004648822825402021, 0.004370264243334532, 0.004002641886472702, 0.004114107228815556, 0.0038514058105647564, 0.003817148506641388, 0.0038794290740042925, 0.003582970704883337, 0.0036135518457740545, 0.003967093303799629, 0.004260940011590719, 0.00449851481243968, 0.0042844004929065704]
Training time: 1103 	steps per sec: 22
Eval num_timesteps=24576, episode_reward=nan +/- nan
Eval num_timesteps=24576, episode_success=nan +/- nan
se
16 16384 1024
diff [-0.013170622289180756, -0.00607762485742569, -0.01318047009408474, -0.009259255602955818, -0.006873006001114845, -0.005144606344401836, -0.0061010802164673805, -0.004696556832641363, -0.004990171175450087, -0.005426348187029362, -0.004733751527965069, -0.0032935296185314655, -0.0031451755203306675, -0.003110521472990513, -0.003503411076962948, -0.0037322049029171467, -0.003189356066286564, -0.0038247413467615843, -0.003401324152946472, -0.0029176718089729548, -0.003700816072523594, -0.0028322944417595863, -0.0023524160496890545, -0.00226572435349226, -0.0023535089567303658]
ref [0.1021750271320343, 0.04172038286924362, 0.0336323045194149, 0.0244305282831192, 0.01965876668691635, 0.014887712895870209, 0.014776519499719143, 0.012267877347767353, 0.011322627775371075, 0.011294873431324959, 0.009978752583265305, 0.007942352443933487, 0.007515439763665199, 0.007113163359463215, 0.007617518305778503, 0.007583610713481903, 0.007006504572927952, 0.007704170420765877, 0.006984294857829809, 0.006531223654747009, 0.007667909376323223, 0.0070932344533503056, 0.006850930862128735, 0.00655012484639883, 0.006503432057797909]
[0.08900440484285355, 0.03564275801181793, 0.020451834425330162, 0.015171272680163383, 0.012785760685801506, 0.009743106551468372, 0.008675439283251762, 0.00757132051512599, 0.006332456599920988, 0.005868525244295597, 0.005245001055300236, 0.004648822825402021, 0.004370264243334532, 0.004002641886472702, 0.004114107228815556, 0.0038514058105647564, 0.003817148506641388, 0.0038794290740042925, 0.003582970704883337, 0.0036135518457740545, 0.003967093303799629, 0.004260940011590719, 0.00449851481243968, 0.0042844004929065704, 0.004149923101067543]
Training time: 1166 	steps per sec: 21
Eval num_timesteps=25600, episode_reward=nan +/- nan
Eval num_timesteps=25600, episode_success=nan +/- nan
se
16 16384 1024
diff [-0.013170622289180756, -0.00607762485742569, -0.01318047009408474, -0.009259255602955818, -0.006873006001114845, -0.005144606344401836, -0.0061010802164673805, -0.004696556832641363, -0.004990171175450087, -0.005426348187029362, -0.004733751527965069, -0.0032935296185314655, -0.0031451755203306675, -0.003110521472990513, -0.003503411076962948, -0.0037322049029171467, -0.003189356066286564, -0.0038247413467615843, -0.003401324152946472, -0.0029176718089729548, -0.003700816072523594, -0.0028322944417595863, -0.0023524160496890545, -0.00226572435349226, -0.0023535089567303658, -0.002734169363975525]
ref [0.1021750271320343, 0.04172038286924362, 0.0336323045194149, 0.0244305282831192, 0.01965876668691635, 0.014887712895870209, 0.014776519499719143, 0.012267877347767353, 0.011322627775371075, 0.011294873431324959, 0.009978752583265305, 0.007942352443933487, 0.007515439763665199, 0.007113163359463215, 0.007617518305778503, 0.007583610713481903, 0.007006504572927952, 0.007704170420765877, 0.006984294857829809, 0.006531223654747009, 0.007667909376323223, 0.0070932344533503056, 0.006850930862128735, 0.00655012484639883, 0.006503432057797909, 0.006678810343146324]
[0.08900440484285355, 0.03564275801181793, 0.020451834425330162, 0.015171272680163383, 0.012785760685801506, 0.009743106551468372, 0.008675439283251762, 0.00757132051512599, 0.006332456599920988, 0.005868525244295597, 0.005245001055300236, 0.004648822825402021, 0.004370264243334532, 0.004002641886472702, 0.004114107228815556, 0.0038514058105647564, 0.003817148506641388, 0.0038794290740042925, 0.003582970704883337, 0.0036135518457740545, 0.003967093303799629, 0.004260940011590719, 0.00449851481243968, 0.0042844004929065704, 0.004149923101067543, 0.003944640979170799]
Training time: 1228 	steps per sec: 21
Eval num_timesteps=26624, episode_reward=nan +/- nan
Eval num_timesteps=26624, episode_success=nan +/- nan
se
16 16384 1024
diff [-0.013170622289180756, -0.00607762485742569, -0.01318047009408474, -0.009259255602955818, -0.006873006001114845, -0.005144606344401836, -0.0061010802164673805, -0.004696556832641363, -0.004990171175450087, -0.005426348187029362, -0.004733751527965069, -0.0032935296185314655, -0.0031451755203306675, -0.003110521472990513, -0.003503411076962948, -0.0037322049029171467, -0.003189356066286564, -0.0038247413467615843, -0.003401324152946472, -0.0029176718089729548, -0.003700816072523594, -0.0028322944417595863, -0.0023524160496890545, -0.00226572435349226, -0.0023535089567303658, -0.002734169363975525, -0.0028956998139619827]
ref [0.1021750271320343, 0.04172038286924362, 0.0336323045194149, 0.0244305282831192, 0.01965876668691635, 0.014887712895870209, 0.014776519499719143, 0.012267877347767353, 0.011322627775371075, 0.011294873431324959, 0.009978752583265305, 0.007942352443933487, 0.007515439763665199, 0.007113163359463215, 0.007617518305778503, 0.007583610713481903, 0.007006504572927952, 0.007704170420765877, 0.006984294857829809, 0.006531223654747009, 0.007667909376323223, 0.0070932344533503056, 0.006850930862128735, 0.00655012484639883, 0.006503432057797909, 0.006678810343146324, 0.006641432177275419]
[0.08900440484285355, 0.03564275801181793, 0.020451834425330162, 0.015171272680163383, 0.012785760685801506, 0.009743106551468372, 0.008675439283251762, 0.00757132051512599, 0.006332456599920988, 0.005868525244295597, 0.005245001055300236, 0.004648822825402021, 0.004370264243334532, 0.004002641886472702, 0.004114107228815556, 0.0038514058105647564, 0.003817148506641388, 0.0038794290740042925, 0.003582970704883337, 0.0036135518457740545, 0.003967093303799629, 0.004260940011590719, 0.00449851481243968, 0.0042844004929065704, 0.004149923101067543, 0.003944640979170799, 0.0037457323633134365]
Training time: 1291 	steps per sec: 21
Eval num_timesteps=27648, episode_reward=nan +/- nan
Eval num_timesteps=27648, episode_success=nan +/- nan
se
16 16384 1024
diff [-0.013170622289180756, -0.00607762485742569, -0.01318047009408474, -0.009259255602955818, -0.006873006001114845, -0.005144606344401836, -0.0061010802164673805, -0.004696556832641363, -0.004990171175450087, -0.005426348187029362, -0.004733751527965069, -0.0032935296185314655, -0.0031451755203306675, -0.003110521472990513, -0.003503411076962948, -0.0037322049029171467, -0.003189356066286564, -0.0038247413467615843, -0.003401324152946472, -0.0029176718089729548, -0.003700816072523594, -0.0028322944417595863, -0.0023524160496890545, -0.00226572435349226, -0.0023535089567303658, -0.002734169363975525, -0.0028956998139619827, -0.0039020096883177757]
ref [0.1021750271320343, 0.04172038286924362, 0.0336323045194149, 0.0244305282831192, 0.01965876668691635, 0.014887712895870209, 0.014776519499719143, 0.012267877347767353, 0.011322627775371075, 0.011294873431324959, 0.009978752583265305, 0.007942352443933487, 0.007515439763665199, 0.007113163359463215, 0.007617518305778503, 0.007583610713481903, 0.007006504572927952, 0.007704170420765877, 0.006984294857829809, 0.006531223654747009, 0.007667909376323223, 0.0070932344533503056, 0.006850930862128735, 0.00655012484639883, 0.006503432057797909, 0.006678810343146324, 0.006641432177275419, 0.007985541597008705]
[0.08900440484285355, 0.03564275801181793, 0.020451834425330162, 0.015171272680163383, 0.012785760685801506, 0.009743106551468372, 0.008675439283251762, 0.00757132051512599, 0.006332456599920988, 0.005868525244295597, 0.005245001055300236, 0.004648822825402021, 0.004370264243334532, 0.004002641886472702, 0.004114107228815556, 0.0038514058105647564, 0.003817148506641388, 0.0038794290740042925, 0.003582970704883337, 0.0036135518457740545, 0.003967093303799629, 0.004260940011590719, 0.00449851481243968, 0.0042844004929065704, 0.004149923101067543, 0.003944640979170799, 0.0037457323633134365, 0.004083531908690929]
Training time: 1355 	steps per sec: 21
Eval num_timesteps=28672, episode_reward=nan +/- nan
Eval num_timesteps=28672, episode_success=nan +/- nan
se
16 16384 1024
diff [-0.013170622289180756, -0.00607762485742569, -0.01318047009408474, -0.009259255602955818, -0.006873006001114845, -0.005144606344401836, -0.0061010802164673805, -0.004696556832641363, -0.004990171175450087, -0.005426348187029362, -0.004733751527965069, -0.0032935296185314655, -0.0031451755203306675, -0.003110521472990513, -0.003503411076962948, -0.0037322049029171467, -0.003189356066286564, -0.0038247413467615843, -0.003401324152946472, -0.0029176718089729548, -0.003700816072523594, -0.0028322944417595863, -0.0023524160496890545, -0.00226572435349226, -0.0023535089567303658, -0.002734169363975525, -0.0028956998139619827, -0.0039020096883177757, -0.0029310700483620167]
ref [0.1021750271320343, 0.04172038286924362, 0.0336323045194149, 0.0244305282831192, 0.01965876668691635, 0.014887712895870209, 0.014776519499719143, 0.012267877347767353, 0.011322627775371075, 0.011294873431324959, 0.009978752583265305, 0.007942352443933487, 0.007515439763665199, 0.007113163359463215, 0.007617518305778503, 0.007583610713481903, 0.007006504572927952, 0.007704170420765877, 0.006984294857829809, 0.006531223654747009, 0.007667909376323223, 0.0070932344533503056, 0.006850930862128735, 0.00655012484639883, 0.006503432057797909, 0.006678810343146324, 0.006641432177275419, 0.007985541597008705, 0.007256869226694107]
[0.08900440484285355, 0.03564275801181793, 0.020451834425330162, 0.015171272680163383, 0.012785760685801506, 0.009743106551468372, 0.008675439283251762, 0.00757132051512599, 0.006332456599920988, 0.005868525244295597, 0.005245001055300236, 0.004648822825402021, 0.004370264243334532, 0.004002641886472702, 0.004114107228815556, 0.0038514058105647564, 0.003817148506641388, 0.0038794290740042925, 0.003582970704883337, 0.0036135518457740545, 0.003967093303799629, 0.004260940011590719, 0.00449851481243968, 0.0042844004929065704, 0.004149923101067543, 0.003944640979170799, 0.0037457323633134365, 0.004083531908690929, 0.00432579917833209]
Training time: 1420 	steps per sec: 20
Eval num_timesteps=29696, episode_reward=nan +/- nan
Eval num_timesteps=29696, episode_success=nan +/- nan
se
16 16384 1024
diff [-0.013170622289180756, -0.00607762485742569, -0.01318047009408474, -0.009259255602955818, -0.006873006001114845, -0.005144606344401836, -0.0061010802164673805, -0.004696556832641363, -0.004990171175450087, -0.005426348187029362, -0.004733751527965069, -0.0032935296185314655, -0.0031451755203306675, -0.003110521472990513, -0.003503411076962948, -0.0037322049029171467, -0.003189356066286564, -0.0038247413467615843, -0.003401324152946472, -0.0029176718089729548, -0.003700816072523594, -0.0028322944417595863, -0.0023524160496890545, -0.00226572435349226, -0.0023535089567303658, -0.002734169363975525, -0.0028956998139619827, -0.0039020096883177757, -0.0029310700483620167, -0.002531900070607662]
ref [0.1021750271320343, 0.04172038286924362, 0.0336323045194149, 0.0244305282831192, 0.01965876668691635, 0.014887712895870209, 0.014776519499719143, 0.012267877347767353, 0.011322627775371075, 0.011294873431324959, 0.009978752583265305, 0.007942352443933487, 0.007515439763665199, 0.007113163359463215, 0.007617518305778503, 0.007583610713481903, 0.007006504572927952, 0.007704170420765877, 0.006984294857829809, 0.006531223654747009, 0.007667909376323223, 0.0070932344533503056, 0.006850930862128735, 0.00655012484639883, 0.006503432057797909, 0.006678810343146324, 0.006641432177275419, 0.007985541597008705, 0.007256869226694107, 0.006799721624702215]
[0.08900440484285355, 0.03564275801181793, 0.020451834425330162, 0.015171272680163383, 0.012785760685801506, 0.009743106551468372, 0.008675439283251762, 0.00757132051512599, 0.006332456599920988, 0.005868525244295597, 0.005245001055300236, 0.004648822825402021, 0.004370264243334532, 0.004002641886472702, 0.004114107228815556, 0.0038514058105647564, 0.003817148506641388, 0.0038794290740042925, 0.003582970704883337, 0.0036135518457740545, 0.003967093303799629, 0.004260940011590719, 0.00449851481243968, 0.0042844004929065704, 0.004149923101067543, 0.003944640979170799, 0.0037457323633134365, 0.004083531908690929, 0.00432579917833209, 0.004267821554094553]
Training time: 1485 	steps per sec: 20
Eval num_timesteps=30720, episode_reward=nan +/- nan
Eval num_timesteps=30720, episode_success=nan +/- nan
se
16 16384 1024
diff [-0.013170622289180756, -0.00607762485742569, -0.01318047009408474, -0.009259255602955818, -0.006873006001114845, -0.005144606344401836, -0.0061010802164673805, -0.004696556832641363, -0.004990171175450087, -0.005426348187029362, -0.004733751527965069, -0.0032935296185314655, -0.0031451755203306675, -0.003110521472990513, -0.003503411076962948, -0.0037322049029171467, -0.003189356066286564, -0.0038247413467615843, -0.003401324152946472, -0.0029176718089729548, -0.003700816072523594, -0.0028322944417595863, -0.0023524160496890545, -0.00226572435349226, -0.0023535089567303658, -0.002734169363975525, -0.0028956998139619827, -0.0039020096883177757, -0.0029310700483620167, -0.002531900070607662, -0.0032134694047272205]
ref [0.1021750271320343, 0.04172038286924362, 0.0336323045194149, 0.0244305282831192, 0.01965876668691635, 0.014887712895870209, 0.014776519499719143, 0.012267877347767353, 0.011322627775371075, 0.011294873431324959, 0.009978752583265305, 0.007942352443933487, 0.007515439763665199, 0.007113163359463215, 0.007617518305778503, 0.007583610713481903, 0.007006504572927952, 0.007704170420765877, 0.006984294857829809, 0.006531223654747009, 0.007667909376323223, 0.0070932344533503056, 0.006850930862128735, 0.00655012484639883, 0.006503432057797909, 0.006678810343146324, 0.006641432177275419, 0.007985541597008705, 0.007256869226694107, 0.006799721624702215, 0.00750175304710865]
[0.08900440484285355, 0.03564275801181793, 0.020451834425330162, 0.015171272680163383, 0.012785760685801506, 0.009743106551468372, 0.008675439283251762, 0.00757132051512599, 0.006332456599920988, 0.005868525244295597, 0.005245001055300236, 0.004648822825402021, 0.004370264243334532, 0.004002641886472702, 0.004114107228815556, 0.0038514058105647564, 0.003817148506641388, 0.0038794290740042925, 0.003582970704883337, 0.0036135518457740545, 0.003967093303799629, 0.004260940011590719, 0.00449851481243968, 0.0042844004929065704, 0.004149923101067543, 0.003944640979170799, 0.0037457323633134365, 0.004083531908690929, 0.00432579917833209, 0.004267821554094553, 0.00428828364238143]
Training time: 1547 	steps per sec: 20
Eval num_timesteps=31744, episode_reward=nan +/- nan
Eval num_timesteps=31744, episode_success=nan +/- nan
se
16 16384 1024
diff [-0.013170622289180756, -0.00607762485742569, -0.01318047009408474, -0.009259255602955818, -0.006873006001114845, -0.005144606344401836, -0.0061010802164673805, -0.004696556832641363, -0.004990171175450087, -0.005426348187029362, -0.004733751527965069, -0.0032935296185314655, -0.0031451755203306675, -0.003110521472990513, -0.003503411076962948, -0.0037322049029171467, -0.003189356066286564, -0.0038247413467615843, -0.003401324152946472, -0.0029176718089729548, -0.003700816072523594, -0.0028322944417595863, -0.0023524160496890545, -0.00226572435349226, -0.0023535089567303658, -0.002734169363975525, -0.0028956998139619827, -0.0039020096883177757, -0.0029310700483620167, -0.002531900070607662, -0.0032134694047272205, -0.0016287900507450104]
ref [0.1021750271320343, 0.04172038286924362, 0.0336323045194149, 0.0244305282831192, 0.01965876668691635, 0.014887712895870209, 0.014776519499719143, 0.012267877347767353, 0.011322627775371075, 0.011294873431324959, 0.009978752583265305, 0.007942352443933487, 0.007515439763665199, 0.007113163359463215, 0.007617518305778503, 0.007583610713481903, 0.007006504572927952, 0.007704170420765877, 0.006984294857829809, 0.006531223654747009, 0.007667909376323223, 0.0070932344533503056, 0.006850930862128735, 0.00655012484639883, 0.006503432057797909, 0.006678810343146324, 0.006641432177275419, 0.007985541597008705, 0.007256869226694107, 0.006799721624702215, 0.00750175304710865, 0.006090633105486631]
[0.08900440484285355, 0.03564275801181793, 0.020451834425330162, 0.015171272680163383, 0.012785760685801506, 0.009743106551468372, 0.008675439283251762, 0.00757132051512599, 0.006332456599920988, 0.005868525244295597, 0.005245001055300236, 0.004648822825402021, 0.004370264243334532, 0.004002641886472702, 0.004114107228815556, 0.0038514058105647564, 0.003817148506641388, 0.0038794290740042925, 0.003582970704883337, 0.0036135518457740545, 0.003967093303799629, 0.004260940011590719, 0.00449851481243968, 0.0042844004929065704, 0.004149923101067543, 0.003944640979170799, 0.0037457323633134365, 0.004083531908690929, 0.00432579917833209, 0.004267821554094553, 0.00428828364238143, 0.004461843054741621]
Training time: 1610 	steps per sec: 20
Eval num_timesteps=32768, episode_reward=nan +/- nan
Eval num_timesteps=32768, episode_success=nan +/- nan
results/Hopper-v4/
results/Hopper-v4/ppo_ros/
results/Hopper-v4/ppo_ros/expert/
results/Hopper-v4/ppo_ros/expert/b_16/
results/Hopper-v4/ppo_ros/expert/b_16/no_lambda/
results/Hopper-v4/ppo_ros/expert/b_16/no_lambda/run_1/
results/Hopper-v4/ppo_ros/expert/b_16/no_lambda/run_1/evaluations.npz
results/Hopper-v4/ppo_ros/expert/b_16/no_lambda/run_1/config.yml
results/Hopper-v4/ppo_ros/expert/b_16/no_lambda/run_1/stats.npz
