ppo_ros_continuous.py --env-id Humanoid-v4 -s expert/b_16/no_clip_lambda --total-timesteps 32768 --eval-freq 1 --eval-episodes 0 -b 16 --num-steps 1024 -lr 0 --update-epochs 0 --anneal-lr 0 --ros-num-steps 256 --ros-update-epochs 16 --ros-target-kl 0.05 --ros-clip-coef 999999999 --ros-lambda 0 -ros-lr 0.0001 --ros-anneal-lr 0 --se 1 --se-freq 1 --se-lr 1e-3 --se-epochs 1000 --policy-path policies/Humanoid-v4/best_model.zip --normalization-dir policies/Humanoid-v4
Obtaining file:///var/lib/condor/execute/slot1/dir_8070/PPOROS/PPOROS/custom-envs
  Preparing metadata (setup.py): started
  Preparing metadata (setup.py): finished with status 'done'
Requirement already satisfied: gym in /var/lib/condor/execute/slot1/dir_8070/PPOROS/ppo-ros_env/lib/python3.9/site-packages (from custom-envs==0.0.1) (0.21.0)
Requirement already satisfied: cloudpickle>=1.2.0 in /var/lib/condor/execute/slot1/dir_8070/PPOROS/ppo-ros_env/lib/python3.9/site-packages (from gym->custom-envs==0.0.1) (2.2.1)
Requirement already satisfied: numpy>=1.18.0 in /var/lib/condor/execute/slot1/dir_8070/PPOROS/ppo-ros_env/lib/python3.9/site-packages (from gym->custom-envs==0.0.1) (1.24.2)
Installing collected packages: custom-envs
  Running setup.py develop for custom-envs
Successfully installed custom-envs-0.0.1
seed: 0
Eval num_timesteps=0, episode_reward=nan +/- nan
Eval num_timesteps=0, episode_success=nan +/- nan
se
1 1024 1024
diff [-0.5289583206176758]
ref [2.843292236328125]
[2.314333915710449]
Training time: 50 	steps per sec: 20
Eval num_timesteps=1024, episode_reward=nan +/- nan
Eval num_timesteps=1024, episode_success=nan +/- nan
se
2 2048 1024
diff [-0.5289583206176758, 0.18137526512145996]
ref [2.843292236328125, 0.6876751184463501]
[2.314333915710449, 0.8690503835678101]
Training time: 121 	steps per sec: 16
Eval num_timesteps=2048, episode_reward=nan +/- nan
Eval num_timesteps=2048, episode_success=nan +/- nan
se
3 3072 1024
diff [-0.5289583206176758, 0.18137526512145996, 0.03545093536376953]
ref [2.843292236328125, 0.6876751184463501, 0.44105949997901917]
[2.314333915710449, 0.8690503835678101, 0.4765104353427887]
Training time: 219 	steps per sec: 13
Eval num_timesteps=3072, episode_reward=nan +/- nan
Eval num_timesteps=3072, episode_success=nan +/- nan
se
4 4096 1024
diff [-0.5289583206176758, 0.18137526512145996, 0.03545093536376953, 0.012394517660140991]
ref [2.843292236328125, 0.6876751184463501, 0.44105949997901917, 0.2761538326740265]
[2.314333915710449, 0.8690503835678101, 0.4765104353427887, 0.2885483503341675]
Training time: 343 	steps per sec: 11
Eval num_timesteps=4096, episode_reward=nan +/- nan
Eval num_timesteps=4096, episode_success=nan +/- nan
se
5 5120 1024
diff [-0.5289583206176758, 0.18137526512145996, 0.03545093536376953, 0.012394517660140991, -0.01971372961997986]
ref [2.843292236328125, 0.6876751184463501, 0.44105949997901917, 0.2761538326740265, 0.20964208245277405]
[2.314333915710449, 0.8690503835678101, 0.4765104353427887, 0.2885483503341675, 0.1899283528327942]
Training time: 487 	steps per sec: 10
Eval num_timesteps=5120, episode_reward=nan +/- nan
Eval num_timesteps=5120, episode_success=nan +/- nan
se
6 6144 1024
diff [-0.5289583206176758, 0.18137526512145996, 0.03545093536376953, 0.012394517660140991, -0.01971372961997986, -0.011385440826416016]
ref [2.843292236328125, 0.6876751184463501, 0.44105949997901917, 0.2761538326740265, 0.20964208245277405, 0.15583479404449463]
[2.314333915710449, 0.8690503835678101, 0.4765104353427887, 0.2885483503341675, 0.1899283528327942, 0.1444493532180786]
Training time: 657 	steps per sec: 9
Eval num_timesteps=6144, episode_reward=nan +/- nan
Eval num_timesteps=6144, episode_success=nan +/- nan
se
7 7168 1024
diff [-0.5289583206176758, 0.18137526512145996, 0.03545093536376953, 0.012394517660140991, -0.01971372961997986, -0.011385440826416016, -0.0014924481511116028]
ref [2.843292236328125, 0.6876751184463501, 0.44105949997901917, 0.2761538326740265, 0.20964208245277405, 0.15583479404449463, 0.12125419080257416]
[2.314333915710449, 0.8690503835678101, 0.4765104353427887, 0.2885483503341675, 0.1899283528327942, 0.1444493532180786, 0.11976174265146255]
Training time: 854 	steps per sec: 8
Eval num_timesteps=7168, episode_reward=nan +/- nan
Eval num_timesteps=7168, episode_success=nan +/- nan
se
8 8192 1024
diff [-0.5289583206176758, 0.18137526512145996, 0.03545093536376953, 0.012394517660140991, -0.01971372961997986, -0.011385440826416016, -0.0014924481511116028, -0.005388408899307251]
ref [2.843292236328125, 0.6876751184463501, 0.44105949997901917, 0.2761538326740265, 0.20964208245277405, 0.15583479404449463, 0.12125419080257416, 0.1062970831990242]
[2.314333915710449, 0.8690503835678101, 0.4765104353427887, 0.2885483503341675, 0.1899283528327942, 0.1444493532180786, 0.11976174265146255, 0.10090867429971695]
Training time: 1070 	steps per sec: 7
Eval num_timesteps=8192, episode_reward=nan +/- nan
Eval num_timesteps=8192, episode_success=nan +/- nan
se
9 9216 1024
diff [-0.5289583206176758, 0.18137526512145996, 0.03545093536376953, 0.012394517660140991, -0.01971372961997986, -0.011385440826416016, -0.0014924481511116028, -0.005388408899307251, -0.00705767422914505]
ref [2.843292236328125, 0.6876751184463501, 0.44105949997901917, 0.2761538326740265, 0.20964208245277405, 0.15583479404449463, 0.12125419080257416, 0.1062970831990242, 0.09420815110206604]
[2.314333915710449, 0.8690503835678101, 0.4765104353427887, 0.2885483503341675, 0.1899283528327942, 0.1444493532180786, 0.11976174265146255, 0.10090867429971695, 0.08715047687292099]
Training time: 1303 	steps per sec: 7
Eval num_timesteps=9216, episode_reward=nan +/- nan
Eval num_timesteps=9216, episode_success=nan +/- nan
se
10 10240 1024
diff [-0.5289583206176758, 0.18137526512145996, 0.03545093536376953, 0.012394517660140991, -0.01971372961997986, -0.011385440826416016, -0.0014924481511116028, -0.005388408899307251, -0.00705767422914505, -0.008156336843967438]
ref [2.843292236328125, 0.6876751184463501, 0.44105949997901917, 0.2761538326740265, 0.20964208245277405, 0.15583479404449463, 0.12125419080257416, 0.1062970831990242, 0.09420815110206604, 0.08370479196310043]
[2.314333915710449, 0.8690503835678101, 0.4765104353427887, 0.2885483503341675, 0.1899283528327942, 0.1444493532180786, 0.11976174265146255, 0.10090867429971695, 0.08715047687292099, 0.075548455119133]
Training time: 1556 	steps per sec: 6
Eval num_timesteps=10240, episode_reward=nan +/- nan
Eval num_timesteps=10240, episode_success=nan +/- nan
se
11 11264 1024
diff [-0.5289583206176758, 0.18137526512145996, 0.03545093536376953, 0.012394517660140991, -0.01971372961997986, -0.011385440826416016, -0.0014924481511116028, -0.005388408899307251, -0.00705767422914505, -0.008156336843967438, -0.011430688202381134]
ref [2.843292236328125, 0.6876751184463501, 0.44105949997901917, 0.2761538326740265, 0.20964208245277405, 0.15583479404449463, 0.12125419080257416, 0.1062970831990242, 0.09420815110206604, 0.08370479196310043, 0.0744994655251503]
[2.314333915710449, 0.8690503835678101, 0.4765104353427887, 0.2885483503341675, 0.1899283528327942, 0.1444493532180786, 0.11976174265146255, 0.10090867429971695, 0.08715047687292099, 0.075548455119133, 0.06306877732276917]
Training time: 1836 	steps per sec: 6
Eval num_timesteps=11264, episode_reward=nan +/- nan
Eval num_timesteps=11264, episode_success=nan +/- nan
se
12 12288 1024
diff [-0.5289583206176758, 0.18137526512145996, 0.03545093536376953, 0.012394517660140991, -0.01971372961997986, -0.011385440826416016, -0.0014924481511116028, -0.005388408899307251, -0.00705767422914505, -0.008156336843967438, -0.011430688202381134, -0.009647633880376816]
ref [2.843292236328125, 0.6876751184463501, 0.44105949997901917, 0.2761538326740265, 0.20964208245277405, 0.15583479404449463, 0.12125419080257416, 0.1062970831990242, 0.09420815110206604, 0.08370479196310043, 0.0744994655251503, 0.06589151173830032]
[2.314333915710449, 0.8690503835678101, 0.4765104353427887, 0.2885483503341675, 0.1899283528327942, 0.1444493532180786, 0.11976174265146255, 0.10090867429971695, 0.08715047687292099, 0.075548455119133, 0.06306877732276917, 0.05624387785792351]
Training time: 2143 	steps per sec: 5
Eval num_timesteps=12288, episode_reward=nan +/- nan
Eval num_timesteps=12288, episode_success=nan +/- nan
se
13 13312 1024
diff [-0.5289583206176758, 0.18137526512145996, 0.03545093536376953, 0.012394517660140991, -0.01971372961997986, -0.011385440826416016, -0.0014924481511116028, -0.005388408899307251, -0.00705767422914505, -0.008156336843967438, -0.011430688202381134, -0.009647633880376816, -0.009055431932210922]
ref [2.843292236328125, 0.6876751184463501, 0.44105949997901917, 0.2761538326740265, 0.20964208245277405, 0.15583479404449463, 0.12125419080257416, 0.1062970831990242, 0.09420815110206604, 0.08370479196310043, 0.0744994655251503, 0.06589151173830032, 0.0590062290430069]
[2.314333915710449, 0.8690503835678101, 0.4765104353427887, 0.2885483503341675, 0.1899283528327942, 0.1444493532180786, 0.11976174265146255, 0.10090867429971695, 0.08715047687292099, 0.075548455119133, 0.06306877732276917, 0.05624387785792351, 0.049950797110795975]
Training time: 2475 	steps per sec: 5
Eval num_timesteps=13312, episode_reward=nan +/- nan
Eval num_timesteps=13312, episode_success=nan +/- nan
se
14 14336 1024
diff [-0.5289583206176758, 0.18137526512145996, 0.03545093536376953, 0.012394517660140991, -0.01971372961997986, -0.011385440826416016, -0.0014924481511116028, -0.005388408899307251, -0.00705767422914505, -0.008156336843967438, -0.011430688202381134, -0.009647633880376816, -0.009055431932210922, -0.00892392173409462]
ref [2.843292236328125, 0.6876751184463501, 0.44105949997901917, 0.2761538326740265, 0.20964208245277405, 0.15583479404449463, 0.12125419080257416, 0.1062970831990242, 0.09420815110206604, 0.08370479196310043, 0.0744994655251503, 0.06589151173830032, 0.0590062290430069, 0.05402084439992905]
[2.314333915710449, 0.8690503835678101, 0.4765104353427887, 0.2885483503341675, 0.1899283528327942, 0.1444493532180786, 0.11976174265146255, 0.10090867429971695, 0.08715047687292099, 0.075548455119133, 0.06306877732276917, 0.05624387785792351, 0.049950797110795975, 0.04509692266583443]
Training time: 2810 	steps per sec: 5
Eval num_timesteps=14336, episode_reward=nan +/- nan
Eval num_timesteps=14336, episode_success=nan +/- nan
se
15 15360 1024
diff [-0.5289583206176758, 0.18137526512145996, 0.03545093536376953, 0.012394517660140991, -0.01971372961997986, -0.011385440826416016, -0.0014924481511116028, -0.005388408899307251, -0.00705767422914505, -0.008156336843967438, -0.011430688202381134, -0.009647633880376816, -0.009055431932210922, -0.00892392173409462, -0.005088210105895996]
ref [2.843292236328125, 0.6876751184463501, 0.44105949997901917, 0.2761538326740265, 0.20964208245277405, 0.15583479404449463, 0.12125419080257416, 0.1062970831990242, 0.09420815110206604, 0.08370479196310043, 0.0744994655251503, 0.06589151173830032, 0.0590062290430069, 0.05402084439992905, 0.04772280901670456]
[2.314333915710449, 0.8690503835678101, 0.4765104353427887, 0.2885483503341675, 0.1899283528327942, 0.1444493532180786, 0.11976174265146255, 0.10090867429971695, 0.08715047687292099, 0.075548455119133, 0.06306877732276917, 0.05624387785792351, 0.049950797110795975, 0.04509692266583443, 0.04263459891080856]
Training time: 3163 	steps per sec: 4
Eval num_timesteps=15360, episode_reward=nan +/- nan
Eval num_timesteps=15360, episode_success=nan +/- nan
se
16 16384 1024
diff [-0.5289583206176758, 0.18137526512145996, 0.03545093536376953, 0.012394517660140991, -0.01971372961997986, -0.011385440826416016, -0.0014924481511116028, -0.005388408899307251, -0.00705767422914505, -0.008156336843967438, -0.011430688202381134, -0.009647633880376816, -0.009055431932210922, -0.00892392173409462, -0.005088210105895996, -0.003769233822822571]
ref [2.843292236328125, 0.6876751184463501, 0.44105949997901917, 0.2761538326740265, 0.20964208245277405, 0.15583479404449463, 0.12125419080257416, 0.1062970831990242, 0.09420815110206604, 0.08370479196310043, 0.0744994655251503, 0.06589151173830032, 0.0590062290430069, 0.05402084439992905, 0.04772280901670456, 0.04386249929666519]
[2.314333915710449, 0.8690503835678101, 0.4765104353427887, 0.2885483503341675, 0.1899283528327942, 0.1444493532180786, 0.11976174265146255, 0.10090867429971695, 0.08715047687292099, 0.075548455119133, 0.06306877732276917, 0.05624387785792351, 0.049950797110795975, 0.04509692266583443, 0.04263459891080856, 0.04009326547384262]
Training time: 3538 	steps per sec: 4
Eval num_timesteps=16384, episode_reward=nan +/- nan
Eval num_timesteps=16384, episode_success=nan +/- nan
se
16 16384 1024
diff [-0.5289583206176758, 0.18137526512145996, 0.03545093536376953, 0.012394517660140991, -0.01971372961997986, -0.011385440826416016, -0.0014924481511116028, -0.005388408899307251, -0.00705767422914505, -0.008156336843967438, -0.011430688202381134, -0.009647633880376816, -0.009055431932210922, -0.00892392173409462, -0.005088210105895996, -0.003769233822822571, -0.0035276003181934357]
ref [2.843292236328125, 0.6876751184463501, 0.44105949997901917, 0.2761538326740265, 0.20964208245277405, 0.15583479404449463, 0.12125419080257416, 0.1062970831990242, 0.09420815110206604, 0.08370479196310043, 0.0744994655251503, 0.06589151173830032, 0.0590062290430069, 0.05402084439992905, 0.04772280901670456, 0.04386249929666519, 0.04429960995912552]
[2.314333915710449, 0.8690503835678101, 0.4765104353427887, 0.2885483503341675, 0.1899283528327942, 0.1444493532180786, 0.11976174265146255, 0.10090867429971695, 0.08715047687292099, 0.075548455119133, 0.06306877732276917, 0.05624387785792351, 0.049950797110795975, 0.04509692266583443, 0.04263459891080856, 0.04009326547384262, 0.04077200964093208]
Training time: 3917 	steps per sec: 4
Eval num_timesteps=17408, episode_reward=nan +/- nan
Eval num_timesteps=17408, episode_success=nan +/- nan
se
16 16384 1024
diff [-0.5289583206176758, 0.18137526512145996, 0.03545093536376953, 0.012394517660140991, -0.01971372961997986, -0.011385440826416016, -0.0014924481511116028, -0.005388408899307251, -0.00705767422914505, -0.008156336843967438, -0.011430688202381134, -0.009647633880376816, -0.009055431932210922, -0.00892392173409462, -0.005088210105895996, -0.003769233822822571, -0.0035276003181934357, -0.006362304091453552]
ref [2.843292236328125, 0.6876751184463501, 0.44105949997901917, 0.2761538326740265, 0.20964208245277405, 0.15583479404449463, 0.12125419080257416, 0.1062970831990242, 0.09420815110206604, 0.08370479196310043, 0.0744994655251503, 0.06589151173830032, 0.0590062290430069, 0.05402084439992905, 0.04772280901670456, 0.04386249929666519, 0.04429960995912552, 0.046710774302482605]
[2.314333915710449, 0.8690503835678101, 0.4765104353427887, 0.2885483503341675, 0.1899283528327942, 0.1444493532180786, 0.11976174265146255, 0.10090867429971695, 0.08715047687292099, 0.075548455119133, 0.06306877732276917, 0.05624387785792351, 0.049950797110795975, 0.04509692266583443, 0.04263459891080856, 0.04009326547384262, 0.04077200964093208, 0.04034847021102905]
Training time: 4305 	steps per sec: 4
Eval num_timesteps=18432, episode_reward=nan +/- nan
Eval num_timesteps=18432, episode_success=nan +/- nan
se
16 16384 1024
diff [-0.5289583206176758, 0.18137526512145996, 0.03545093536376953, 0.012394517660140991, -0.01971372961997986, -0.011385440826416016, -0.0014924481511116028, -0.005388408899307251, -0.00705767422914505, -0.008156336843967438, -0.011430688202381134, -0.009647633880376816, -0.009055431932210922, -0.00892392173409462, -0.005088210105895996, -0.003769233822822571, -0.0035276003181934357, -0.006362304091453552, -0.00359509140253067]
ref [2.843292236328125, 0.6876751184463501, 0.44105949997901917, 0.2761538326740265, 0.20964208245277405, 0.15583479404449463, 0.12125419080257416, 0.1062970831990242, 0.09420815110206604, 0.08370479196310043, 0.0744994655251503, 0.06589151173830032, 0.0590062290430069, 0.05402084439992905, 0.04772280901670456, 0.04386249929666519, 0.04429960995912552, 0.046710774302482605, 0.04416543245315552]
[2.314333915710449, 0.8690503835678101, 0.4765104353427887, 0.2885483503341675, 0.1899283528327942, 0.1444493532180786, 0.11976174265146255, 0.10090867429971695, 0.08715047687292099, 0.075548455119133, 0.06306877732276917, 0.05624387785792351, 0.049950797110795975, 0.04509692266583443, 0.04263459891080856, 0.04009326547384262, 0.04077200964093208, 0.04034847021102905, 0.04057034105062485]
Training time: 4693 	steps per sec: 4
Eval num_timesteps=19456, episode_reward=nan +/- nan
Eval num_timesteps=19456, episode_success=nan +/- nan
se
16 16384 1024
diff [-0.5289583206176758, 0.18137526512145996, 0.03545093536376953, 0.012394517660140991, -0.01971372961997986, -0.011385440826416016, -0.0014924481511116028, -0.005388408899307251, -0.00705767422914505, -0.008156336843967438, -0.011430688202381134, -0.009647633880376816, -0.009055431932210922, -0.00892392173409462, -0.005088210105895996, -0.003769233822822571, -0.0035276003181934357, -0.006362304091453552, -0.00359509140253067, -0.00590311735868454]
ref [2.843292236328125, 0.6876751184463501, 0.44105949997901917, 0.2761538326740265, 0.20964208245277405, 0.15583479404449463, 0.12125419080257416, 0.1062970831990242, 0.09420815110206604, 0.08370479196310043, 0.0744994655251503, 0.06589151173830032, 0.0590062290430069, 0.05402084439992905, 0.04772280901670456, 0.04386249929666519, 0.04429960995912552, 0.046710774302482605, 0.04416543245315552, 0.046647265553474426]
[2.314333915710449, 0.8690503835678101, 0.4765104353427887, 0.2885483503341675, 0.1899283528327942, 0.1444493532180786, 0.11976174265146255, 0.10090867429971695, 0.08715047687292099, 0.075548455119133, 0.06306877732276917, 0.05624387785792351, 0.049950797110795975, 0.04509692266583443, 0.04263459891080856, 0.04009326547384262, 0.04077200964093208, 0.04034847021102905, 0.04057034105062485, 0.040744148194789886]
Training time: 5080 	steps per sec: 4
Eval num_timesteps=20480, episode_reward=nan +/- nan
Eval num_timesteps=20480, episode_success=nan +/- nan
se
16 16384 1024
diff [-0.5289583206176758, 0.18137526512145996, 0.03545093536376953, 0.012394517660140991, -0.01971372961997986, -0.011385440826416016, -0.0014924481511116028, -0.005388408899307251, -0.00705767422914505, -0.008156336843967438, -0.011430688202381134, -0.009647633880376816, -0.009055431932210922, -0.00892392173409462, -0.005088210105895996, -0.003769233822822571, -0.0035276003181934357, -0.006362304091453552, -0.00359509140253067, -0.00590311735868454, -0.002053353935480118]
ref [2.843292236328125, 0.6876751184463501, 0.44105949997901917, 0.2761538326740265, 0.20964208245277405, 0.15583479404449463, 0.12125419080257416, 0.1062970831990242, 0.09420815110206604, 0.08370479196310043, 0.0744994655251503, 0.06589151173830032, 0.0590062290430069, 0.05402084439992905, 0.04772280901670456, 0.04386249929666519, 0.04429960995912552, 0.046710774302482605, 0.04416543245315552, 0.046647265553474426, 0.042517513036727905]
[2.314333915710449, 0.8690503835678101, 0.4765104353427887, 0.2885483503341675, 0.1899283528327942, 0.1444493532180786, 0.11976174265146255, 0.10090867429971695, 0.08715047687292099, 0.075548455119133, 0.06306877732276917, 0.05624387785792351, 0.049950797110795975, 0.04509692266583443, 0.04263459891080856, 0.04009326547384262, 0.04077200964093208, 0.04034847021102905, 0.04057034105062485, 0.040744148194789886, 0.04046415910124779]
Training time: 5470 	steps per sec: 3
Eval num_timesteps=21504, episode_reward=nan +/- nan
Eval num_timesteps=21504, episode_success=nan +/- nan
se
16 16384 1024
diff [-0.5289583206176758, 0.18137526512145996, 0.03545093536376953, 0.012394517660140991, -0.01971372961997986, -0.011385440826416016, -0.0014924481511116028, -0.005388408899307251, -0.00705767422914505, -0.008156336843967438, -0.011430688202381134, -0.009647633880376816, -0.009055431932210922, -0.00892392173409462, -0.005088210105895996, -0.003769233822822571, -0.0035276003181934357, -0.006362304091453552, -0.00359509140253067, -0.00590311735868454, -0.002053353935480118, -0.004389181733131409]
ref [2.843292236328125, 0.6876751184463501, 0.44105949997901917, 0.2761538326740265, 0.20964208245277405, 0.15583479404449463, 0.12125419080257416, 0.1062970831990242, 0.09420815110206604, 0.08370479196310043, 0.0744994655251503, 0.06589151173830032, 0.0590062290430069, 0.05402084439992905, 0.04772280901670456, 0.04386249929666519, 0.04429960995912552, 0.046710774302482605, 0.04416543245315552, 0.046647265553474426, 0.042517513036727905, 0.04485414922237396]
[2.314333915710449, 0.8690503835678101, 0.4765104353427887, 0.2885483503341675, 0.1899283528327942, 0.1444493532180786, 0.11976174265146255, 0.10090867429971695, 0.08715047687292099, 0.075548455119133, 0.06306877732276917, 0.05624387785792351, 0.049950797110795975, 0.04509692266583443, 0.04263459891080856, 0.04009326547384262, 0.04077200964093208, 0.04034847021102905, 0.04057034105062485, 0.040744148194789886, 0.04046415910124779, 0.040464967489242554]
Training time: 5863 	steps per sec: 3
Eval num_timesteps=22528, episode_reward=nan +/- nan
Eval num_timesteps=22528, episode_success=nan +/- nan
se
16 16384 1024
diff [-0.5289583206176758, 0.18137526512145996, 0.03545093536376953, 0.012394517660140991, -0.01971372961997986, -0.011385440826416016, -0.0014924481511116028, -0.005388408899307251, -0.00705767422914505, -0.008156336843967438, -0.011430688202381134, -0.009647633880376816, -0.009055431932210922, -0.00892392173409462, -0.005088210105895996, -0.003769233822822571, -0.0035276003181934357, -0.006362304091453552, -0.00359509140253067, -0.00590311735868454, -0.002053353935480118, -0.004389181733131409, -0.004700284451246262]
ref [2.843292236328125, 0.6876751184463501, 0.44105949997901917, 0.2761538326740265, 0.20964208245277405, 0.15583479404449463, 0.12125419080257416, 0.1062970831990242, 0.09420815110206604, 0.08370479196310043, 0.0744994655251503, 0.06589151173830032, 0.0590062290430069, 0.05402084439992905, 0.04772280901670456, 0.04386249929666519, 0.04429960995912552, 0.046710774302482605, 0.04416543245315552, 0.046647265553474426, 0.042517513036727905, 0.04485414922237396, 0.04638947546482086]
[2.314333915710449, 0.8690503835678101, 0.4765104353427887, 0.2885483503341675, 0.1899283528327942, 0.1444493532180786, 0.11976174265146255, 0.10090867429971695, 0.08715047687292099, 0.075548455119133, 0.06306877732276917, 0.05624387785792351, 0.049950797110795975, 0.04509692266583443, 0.04263459891080856, 0.04009326547384262, 0.04077200964093208, 0.04034847021102905, 0.04057034105062485, 0.040744148194789886, 0.04046415910124779, 0.040464967489242554, 0.0416891910135746]
Training time: 6275 	steps per sec: 3
Eval num_timesteps=23552, episode_reward=nan +/- nan
Eval num_timesteps=23552, episode_success=nan +/- nan
se
16 16384 1024
diff [-0.5289583206176758, 0.18137526512145996, 0.03545093536376953, 0.012394517660140991, -0.01971372961997986, -0.011385440826416016, -0.0014924481511116028, -0.005388408899307251, -0.00705767422914505, -0.008156336843967438, -0.011430688202381134, -0.009647633880376816, -0.009055431932210922, -0.00892392173409462, -0.005088210105895996, -0.003769233822822571, -0.0035276003181934357, -0.006362304091453552, -0.00359509140253067, -0.00590311735868454, -0.002053353935480118, -0.004389181733131409, -0.004700284451246262, 0.0003264099359512329]
ref [2.843292236328125, 0.6876751184463501, 0.44105949997901917, 0.2761538326740265, 0.20964208245277405, 0.15583479404449463, 0.12125419080257416, 0.1062970831990242, 0.09420815110206604, 0.08370479196310043, 0.0744994655251503, 0.06589151173830032, 0.0590062290430069, 0.05402084439992905, 0.04772280901670456, 0.04386249929666519, 0.04429960995912552, 0.046710774302482605, 0.04416543245315552, 0.046647265553474426, 0.042517513036727905, 0.04485414922237396, 0.04638947546482086, 0.0428716242313385]
[2.314333915710449, 0.8690503835678101, 0.4765104353427887, 0.2885483503341675, 0.1899283528327942, 0.1444493532180786, 0.11976174265146255, 0.10090867429971695, 0.08715047687292099, 0.075548455119133, 0.06306877732276917, 0.05624387785792351, 0.049950797110795975, 0.04509692266583443, 0.04263459891080856, 0.04009326547384262, 0.04077200964093208, 0.04034847021102905, 0.04057034105062485, 0.040744148194789886, 0.04046415910124779, 0.040464967489242554, 0.0416891910135746, 0.043198034167289734]
Training time: 6665 	steps per sec: 3
Eval num_timesteps=24576, episode_reward=nan +/- nan
Eval num_timesteps=24576, episode_success=nan +/- nan
se
16 16384 1024
diff [-0.5289583206176758, 0.18137526512145996, 0.03545093536376953, 0.012394517660140991, -0.01971372961997986, -0.011385440826416016, -0.0014924481511116028, -0.005388408899307251, -0.00705767422914505, -0.008156336843967438, -0.011430688202381134, -0.009647633880376816, -0.009055431932210922, -0.00892392173409462, -0.005088210105895996, -0.003769233822822571, -0.0035276003181934357, -0.006362304091453552, -0.00359509140253067, -0.00590311735868454, -0.002053353935480118, -0.004389181733131409, -0.004700284451246262, 0.0003264099359512329, -0.0023924261331558228]
ref [2.843292236328125, 0.6876751184463501, 0.44105949997901917, 0.2761538326740265, 0.20964208245277405, 0.15583479404449463, 0.12125419080257416, 0.1062970831990242, 0.09420815110206604, 0.08370479196310043, 0.0744994655251503, 0.06589151173830032, 0.0590062290430069, 0.05402084439992905, 0.04772280901670456, 0.04386249929666519, 0.04429960995912552, 0.046710774302482605, 0.04416543245315552, 0.046647265553474426, 0.042517513036727905, 0.04485414922237396, 0.04638947546482086, 0.0428716242313385, 0.04524810612201691]
[2.314333915710449, 0.8690503835678101, 0.4765104353427887, 0.2885483503341675, 0.1899283528327942, 0.1444493532180786, 0.11976174265146255, 0.10090867429971695, 0.08715047687292099, 0.075548455119133, 0.06306877732276917, 0.05624387785792351, 0.049950797110795975, 0.04509692266583443, 0.04263459891080856, 0.04009326547384262, 0.04077200964093208, 0.04034847021102905, 0.04057034105062485, 0.040744148194789886, 0.04046415910124779, 0.040464967489242554, 0.0416891910135746, 0.043198034167289734, 0.042855679988861084]
Training time: 7058 	steps per sec: 3
Eval num_timesteps=25600, episode_reward=nan +/- nan
Eval num_timesteps=25600, episode_success=nan +/- nan
se
16 16384 1024
diff [-0.5289583206176758, 0.18137526512145996, 0.03545093536376953, 0.012394517660140991, -0.01971372961997986, -0.011385440826416016, -0.0014924481511116028, -0.005388408899307251, -0.00705767422914505, -0.008156336843967438, -0.011430688202381134, -0.009647633880376816, -0.009055431932210922, -0.00892392173409462, -0.005088210105895996, -0.003769233822822571, -0.0035276003181934357, -0.006362304091453552, -0.00359509140253067, -0.00590311735868454, -0.002053353935480118, -0.004389181733131409, -0.004700284451246262, 0.0003264099359512329, -0.0023924261331558228, -0.007076852023601532]
ref [2.843292236328125, 0.6876751184463501, 0.44105949997901917, 0.2761538326740265, 0.20964208245277405, 0.15583479404449463, 0.12125419080257416, 0.1062970831990242, 0.09420815110206604, 0.08370479196310043, 0.0744994655251503, 0.06589151173830032, 0.0590062290430069, 0.05402084439992905, 0.04772280901670456, 0.04386249929666519, 0.04429960995912552, 0.046710774302482605, 0.04416543245315552, 0.046647265553474426, 0.042517513036727905, 0.04485414922237396, 0.04638947546482086, 0.0428716242313385, 0.04524810612201691, 0.05016237497329712]
[2.314333915710449, 0.8690503835678101, 0.4765104353427887, 0.2885483503341675, 0.1899283528327942, 0.1444493532180786, 0.11976174265146255, 0.10090867429971695, 0.08715047687292099, 0.075548455119133, 0.06306877732276917, 0.05624387785792351, 0.049950797110795975, 0.04509692266583443, 0.04263459891080856, 0.04009326547384262, 0.04077200964093208, 0.04034847021102905, 0.04057034105062485, 0.040744148194789886, 0.04046415910124779, 0.040464967489242554, 0.0416891910135746, 0.043198034167289734, 0.042855679988861084, 0.04308552294969559]
Training time: 7434 	steps per sec: 3
Eval num_timesteps=26624, episode_reward=nan +/- nan
Eval num_timesteps=26624, episode_success=nan +/- nan
se
16 16384 1024
diff [-0.5289583206176758, 0.18137526512145996, 0.03545093536376953, 0.012394517660140991, -0.01971372961997986, -0.011385440826416016, -0.0014924481511116028, -0.005388408899307251, -0.00705767422914505, -0.008156336843967438, -0.011430688202381134, -0.009647633880376816, -0.009055431932210922, -0.00892392173409462, -0.005088210105895996, -0.003769233822822571, -0.0035276003181934357, -0.006362304091453552, -0.00359509140253067, -0.00590311735868454, -0.002053353935480118, -0.004389181733131409, -0.004700284451246262, 0.0003264099359512329, -0.0023924261331558228, -0.007076852023601532, -0.002604898065328598]
ref [2.843292236328125, 0.6876751184463501, 0.44105949997901917, 0.2761538326740265, 0.20964208245277405, 0.15583479404449463, 0.12125419080257416, 0.1062970831990242, 0.09420815110206604, 0.08370479196310043, 0.0744994655251503, 0.06589151173830032, 0.0590062290430069, 0.05402084439992905, 0.04772280901670456, 0.04386249929666519, 0.04429960995912552, 0.046710774302482605, 0.04416543245315552, 0.046647265553474426, 0.042517513036727905, 0.04485414922237396, 0.04638947546482086, 0.0428716242313385, 0.04524810612201691, 0.05016237497329712, 0.045257601886987686]
[2.314333915710449, 0.8690503835678101, 0.4765104353427887, 0.2885483503341675, 0.1899283528327942, 0.1444493532180786, 0.11976174265146255, 0.10090867429971695, 0.08715047687292099, 0.075548455119133, 0.06306877732276917, 0.05624387785792351, 0.049950797110795975, 0.04509692266583443, 0.04263459891080856, 0.04009326547384262, 0.04077200964093208, 0.04034847021102905, 0.04057034105062485, 0.040744148194789886, 0.04046415910124779, 0.040464967489242554, 0.0416891910135746, 0.043198034167289734, 0.042855679988861084, 0.04308552294969559, 0.04265270382165909]
Training time: 7807 	steps per sec: 3
Eval num_timesteps=27648, episode_reward=nan +/- nan
Eval num_timesteps=27648, episode_success=nan +/- nan
se
16 16384 1024
diff [-0.5289583206176758, 0.18137526512145996, 0.03545093536376953, 0.012394517660140991, -0.01971372961997986, -0.011385440826416016, -0.0014924481511116028, -0.005388408899307251, -0.00705767422914505, -0.008156336843967438, -0.011430688202381134, -0.009647633880376816, -0.009055431932210922, -0.00892392173409462, -0.005088210105895996, -0.003769233822822571, -0.0035276003181934357, -0.006362304091453552, -0.00359509140253067, -0.00590311735868454, -0.002053353935480118, -0.004389181733131409, -0.004700284451246262, 0.0003264099359512329, -0.0023924261331558228, -0.007076852023601532, -0.002604898065328598, -0.0009148716926574707]
ref [2.843292236328125, 0.6876751184463501, 0.44105949997901917, 0.2761538326740265, 0.20964208245277405, 0.15583479404449463, 0.12125419080257416, 0.1062970831990242, 0.09420815110206604, 0.08370479196310043, 0.0744994655251503, 0.06589151173830032, 0.0590062290430069, 0.05402084439992905, 0.04772280901670456, 0.04386249929666519, 0.04429960995912552, 0.046710774302482605, 0.04416543245315552, 0.046647265553474426, 0.042517513036727905, 0.04485414922237396, 0.04638947546482086, 0.0428716242313385, 0.04524810612201691, 0.05016237497329712, 0.045257601886987686, 0.04548681154847145]
[2.314333915710449, 0.8690503835678101, 0.4765104353427887, 0.2885483503341675, 0.1899283528327942, 0.1444493532180786, 0.11976174265146255, 0.10090867429971695, 0.08715047687292099, 0.075548455119133, 0.06306877732276917, 0.05624387785792351, 0.049950797110795975, 0.04509692266583443, 0.04263459891080856, 0.04009326547384262, 0.04077200964093208, 0.04034847021102905, 0.04057034105062485, 0.040744148194789886, 0.04046415910124779, 0.040464967489242554, 0.0416891910135746, 0.043198034167289734, 0.042855679988861084, 0.04308552294969559, 0.04265270382165909, 0.04457193985581398]
Training time: 8179 	steps per sec: 3
Eval num_timesteps=28672, episode_reward=nan +/- nan
Eval num_timesteps=28672, episode_success=nan +/- nan
se
16 16384 1024
diff [-0.5289583206176758, 0.18137526512145996, 0.03545093536376953, 0.012394517660140991, -0.01971372961997986, -0.011385440826416016, -0.0014924481511116028, -0.005388408899307251, -0.00705767422914505, -0.008156336843967438, -0.011430688202381134, -0.009647633880376816, -0.009055431932210922, -0.00892392173409462, -0.005088210105895996, -0.003769233822822571, -0.0035276003181934357, -0.006362304091453552, -0.00359509140253067, -0.00590311735868454, -0.002053353935480118, -0.004389181733131409, -0.004700284451246262, 0.0003264099359512329, -0.0023924261331558228, -0.007076852023601532, -0.002604898065328598, -0.0009148716926574707, -0.004018764942884445]
ref [2.843292236328125, 0.6876751184463501, 0.44105949997901917, 0.2761538326740265, 0.20964208245277405, 0.15583479404449463, 0.12125419080257416, 0.1062970831990242, 0.09420815110206604, 0.08370479196310043, 0.0744994655251503, 0.06589151173830032, 0.0590062290430069, 0.05402084439992905, 0.04772280901670456, 0.04386249929666519, 0.04429960995912552, 0.046710774302482605, 0.04416543245315552, 0.046647265553474426, 0.042517513036727905, 0.04485414922237396, 0.04638947546482086, 0.0428716242313385, 0.04524810612201691, 0.05016237497329712, 0.045257601886987686, 0.04548681154847145, 0.046355050057172775]
[2.314333915710449, 0.8690503835678101, 0.4765104353427887, 0.2885483503341675, 0.1899283528327942, 0.1444493532180786, 0.11976174265146255, 0.10090867429971695, 0.08715047687292099, 0.075548455119133, 0.06306877732276917, 0.05624387785792351, 0.049950797110795975, 0.04509692266583443, 0.04263459891080856, 0.04009326547384262, 0.04077200964093208, 0.04034847021102905, 0.04057034105062485, 0.040744148194789886, 0.04046415910124779, 0.040464967489242554, 0.0416891910135746, 0.043198034167289734, 0.042855679988861084, 0.04308552294969559, 0.04265270382165909, 0.04457193985581398, 0.04233628511428833]
Training time: 8547 	steps per sec: 3
Eval num_timesteps=29696, episode_reward=nan +/- nan
Eval num_timesteps=29696, episode_success=nan +/- nan
se
16 16384 1024
diff [-0.5289583206176758, 0.18137526512145996, 0.03545093536376953, 0.012394517660140991, -0.01971372961997986, -0.011385440826416016, -0.0014924481511116028, -0.005388408899307251, -0.00705767422914505, -0.008156336843967438, -0.011430688202381134, -0.009647633880376816, -0.009055431932210922, -0.00892392173409462, -0.005088210105895996, -0.003769233822822571, -0.0035276003181934357, -0.006362304091453552, -0.00359509140253067, -0.00590311735868454, -0.002053353935480118, -0.004389181733131409, -0.004700284451246262, 0.0003264099359512329, -0.0023924261331558228, -0.007076852023601532, -0.002604898065328598, -0.0009148716926574707, -0.004018764942884445, -0.0017641633749008179]
ref [2.843292236328125, 0.6876751184463501, 0.44105949997901917, 0.2761538326740265, 0.20964208245277405, 0.15583479404449463, 0.12125419080257416, 0.1062970831990242, 0.09420815110206604, 0.08370479196310043, 0.0744994655251503, 0.06589151173830032, 0.0590062290430069, 0.05402084439992905, 0.04772280901670456, 0.04386249929666519, 0.04429960995912552, 0.046710774302482605, 0.04416543245315552, 0.046647265553474426, 0.042517513036727905, 0.04485414922237396, 0.04638947546482086, 0.0428716242313385, 0.04524810612201691, 0.05016237497329712, 0.045257601886987686, 0.04548681154847145, 0.046355050057172775, 0.04531918838620186]
[2.314333915710449, 0.8690503835678101, 0.4765104353427887, 0.2885483503341675, 0.1899283528327942, 0.1444493532180786, 0.11976174265146255, 0.10090867429971695, 0.08715047687292099, 0.075548455119133, 0.06306877732276917, 0.05624387785792351, 0.049950797110795975, 0.04509692266583443, 0.04263459891080856, 0.04009326547384262, 0.04077200964093208, 0.04034847021102905, 0.04057034105062485, 0.040744148194789886, 0.04046415910124779, 0.040464967489242554, 0.0416891910135746, 0.043198034167289734, 0.042855679988861084, 0.04308552294969559, 0.04265270382165909, 0.04457193985581398, 0.04233628511428833, 0.04355502501130104]
Training time: 8914 	steps per sec: 3
Eval num_timesteps=30720, episode_reward=nan +/- nan
Eval num_timesteps=30720, episode_success=nan +/- nan
se
16 16384 1024
diff [-0.5289583206176758, 0.18137526512145996, 0.03545093536376953, 0.012394517660140991, -0.01971372961997986, -0.011385440826416016, -0.0014924481511116028, -0.005388408899307251, -0.00705767422914505, -0.008156336843967438, -0.011430688202381134, -0.009647633880376816, -0.009055431932210922, -0.00892392173409462, -0.005088210105895996, -0.003769233822822571, -0.0035276003181934357, -0.006362304091453552, -0.00359509140253067, -0.00590311735868454, -0.002053353935480118, -0.004389181733131409, -0.004700284451246262, 0.0003264099359512329, -0.0023924261331558228, -0.007076852023601532, -0.002604898065328598, -0.0009148716926574707, -0.004018764942884445, -0.0017641633749008179, -0.00469684973359108]
ref [2.843292236328125, 0.6876751184463501, 0.44105949997901917, 0.2761538326740265, 0.20964208245277405, 0.15583479404449463, 0.12125419080257416, 0.1062970831990242, 0.09420815110206604, 0.08370479196310043, 0.0744994655251503, 0.06589151173830032, 0.0590062290430069, 0.05402084439992905, 0.04772280901670456, 0.04386249929666519, 0.04429960995912552, 0.046710774302482605, 0.04416543245315552, 0.046647265553474426, 0.042517513036727905, 0.04485414922237396, 0.04638947546482086, 0.0428716242313385, 0.04524810612201691, 0.05016237497329712, 0.045257601886987686, 0.04548681154847145, 0.046355050057172775, 0.04531918838620186, 0.04837435856461525]
[2.314333915710449, 0.8690503835678101, 0.4765104353427887, 0.2885483503341675, 0.1899283528327942, 0.1444493532180786, 0.11976174265146255, 0.10090867429971695, 0.08715047687292099, 0.075548455119133, 0.06306877732276917, 0.05624387785792351, 0.049950797110795975, 0.04509692266583443, 0.04263459891080856, 0.04009326547384262, 0.04077200964093208, 0.04034847021102905, 0.04057034105062485, 0.040744148194789886, 0.04046415910124779, 0.040464967489242554, 0.0416891910135746, 0.043198034167289734, 0.042855679988861084, 0.04308552294969559, 0.04265270382165909, 0.04457193985581398, 0.04233628511428833, 0.04355502501130104, 0.04367750883102417]
Training time: 9275 	steps per sec: 3
Eval num_timesteps=31744, episode_reward=nan +/- nan
Eval num_timesteps=31744, episode_success=nan +/- nan
se
16 16384 1024
diff [-0.5289583206176758, 0.18137526512145996, 0.03545093536376953, 0.012394517660140991, -0.01971372961997986, -0.011385440826416016, -0.0014924481511116028, -0.005388408899307251, -0.00705767422914505, -0.008156336843967438, -0.011430688202381134, -0.009647633880376816, -0.009055431932210922, -0.00892392173409462, -0.005088210105895996, -0.003769233822822571, -0.0035276003181934357, -0.006362304091453552, -0.00359509140253067, -0.00590311735868454, -0.002053353935480118, -0.004389181733131409, -0.004700284451246262, 0.0003264099359512329, -0.0023924261331558228, -0.007076852023601532, -0.002604898065328598, -0.0009148716926574707, -0.004018764942884445, -0.0017641633749008179, -0.00469684973359108, -0.004365604370832443]
ref [2.843292236328125, 0.6876751184463501, 0.44105949997901917, 0.2761538326740265, 0.20964208245277405, 0.15583479404449463, 0.12125419080257416, 0.1062970831990242, 0.09420815110206604, 0.08370479196310043, 0.0744994655251503, 0.06589151173830032, 0.0590062290430069, 0.05402084439992905, 0.04772280901670456, 0.04386249929666519, 0.04429960995912552, 0.046710774302482605, 0.04416543245315552, 0.046647265553474426, 0.042517513036727905, 0.04485414922237396, 0.04638947546482086, 0.0428716242313385, 0.04524810612201691, 0.05016237497329712, 0.045257601886987686, 0.04548681154847145, 0.046355050057172775, 0.04531918838620186, 0.04837435856461525, 0.04745447635650635]
[2.314333915710449, 0.8690503835678101, 0.4765104353427887, 0.2885483503341675, 0.1899283528327942, 0.1444493532180786, 0.11976174265146255, 0.10090867429971695, 0.08715047687292099, 0.075548455119133, 0.06306877732276917, 0.05624387785792351, 0.049950797110795975, 0.04509692266583443, 0.04263459891080856, 0.04009326547384262, 0.04077200964093208, 0.04034847021102905, 0.04057034105062485, 0.040744148194789886, 0.04046415910124779, 0.040464967489242554, 0.0416891910135746, 0.043198034167289734, 0.042855679988861084, 0.04308552294969559, 0.04265270382165909, 0.04457193985581398, 0.04233628511428833, 0.04355502501130104, 0.04367750883102417, 0.043088871985673904]
Training time: 9638 	steps per sec: 3
Eval num_timesteps=32768, episode_reward=nan +/- nan
Eval num_timesteps=32768, episode_success=nan +/- nan
results/Humanoid-v4/
results/Humanoid-v4/ppo_ros/
results/Humanoid-v4/ppo_ros/expert/
results/Humanoid-v4/ppo_ros/expert/b_16/
results/Humanoid-v4/ppo_ros/expert/b_16/no_clip_lambda/
results/Humanoid-v4/ppo_ros/expert/b_16/no_clip_lambda/run_0/
results/Humanoid-v4/ppo_ros/expert/b_16/no_clip_lambda/run_0/evaluations.npz
results/Humanoid-v4/ppo_ros/expert/b_16/no_clip_lambda/run_0/stats.npz
results/Humanoid-v4/ppo_ros/expert/b_16/no_clip_lambda/run_0/config.yml
