ppo_ros_continuous.py --env-id Hopper-v4 -s expert/b_16/no_lambda --total-timesteps 32768 --eval-freq 1 --eval-episodes 0 -b 16 --num-steps 1024 -lr 0 --update-epochs 0 --anneal-lr 0 --ros-num-steps 256 --ros-update-epochs 16 --ros-target-kl 0.05 --ros-clip-coef 0.3 --ros-lambda 0 -ros-lr 0.001 --ros-anneal-lr 0 --se 1 --se-freq 1 --se-lr 1e-3 --se-epochs 1000 --policy-path policies/Hopper-v4/best_model.zip --normalization-dir policies/Hopper-v4
Obtaining file:///var/lib/condor/execute/slot1/dir_751260/PPOROS/PPOROS/custom-envs
  Preparing metadata (setup.py): started
  Preparing metadata (setup.py): finished with status 'done'
Requirement already satisfied: gym in /var/lib/condor/execute/slot1/dir_751260/PPOROS/ppo-ros_env/lib/python3.9/site-packages (from custom-envs==0.0.1) (0.21.0)
Requirement already satisfied: numpy>=1.18.0 in /var/lib/condor/execute/slot1/dir_751260/PPOROS/ppo-ros_env/lib/python3.9/site-packages (from gym->custom-envs==0.0.1) (1.24.2)
Requirement already satisfied: cloudpickle>=1.2.0 in /var/lib/condor/execute/slot1/dir_751260/PPOROS/ppo-ros_env/lib/python3.9/site-packages (from gym->custom-envs==0.0.1) (2.2.1)
Installing collected packages: custom-envs
  Running setup.py develop for custom-envs
Successfully installed custom-envs-0.0.1
seed: 0
Eval num_timesteps=0, episode_reward=nan +/- nan
Eval num_timesteps=0, episode_success=nan +/- nan
se
1 1024 1024
diff [0.009711377322673798]
ref [0.0892404317855835]
[0.0989518091082573]
Training time: 8 	steps per sec: 127
Eval num_timesteps=1024, episode_reward=nan +/- nan
Eval num_timesteps=1024, episode_success=nan +/- nan
se
2 2048 1024
diff [0.009711377322673798, 0.004933997988700867]
ref [0.0892404317855835, 0.03783533722162247]
[0.0989518091082573, 0.042769335210323334]
Training time: 19 	steps per sec: 102
Eval num_timesteps=2048, episode_reward=nan +/- nan
Eval num_timesteps=2048, episode_success=nan +/- nan
se
3 3072 1024
diff [0.009711377322673798, 0.004933997988700867, 0.0006894171237945557]
ref [0.0892404317855835, 0.03783533722162247, 0.025643974542617798]
[0.0989518091082573, 0.042769335210323334, 0.026333391666412354]
Training time: 37 	steps per sec: 81
Eval num_timesteps=3072, episode_reward=nan +/- nan
Eval num_timesteps=3072, episode_success=nan +/- nan
se
4 4096 1024
diff [0.009711377322673798, 0.004933997988700867, 0.0006894171237945557, -0.005749572068452835]
ref [0.0892404317855835, 0.03783533722162247, 0.025643974542617798, 0.02228500321507454]
[0.0989518091082573, 0.042769335210323334, 0.026333391666412354, 0.016535431146621704]
Training time: 58 	steps per sec: 69
Eval num_timesteps=4096, episode_reward=nan +/- nan
Eval num_timesteps=4096, episode_success=nan +/- nan
se
5 5120 1024
diff [0.009711377322673798, 0.004933997988700867, 0.0006894171237945557, -0.005749572068452835, -0.0131337596103549]
ref [0.0892404317855835, 0.03783533722162247, 0.025643974542617798, 0.02228500321507454, 0.024426564574241638]
[0.0989518091082573, 0.042769335210323334, 0.026333391666412354, 0.016535431146621704, 0.011292804963886738]
Training time: 86 	steps per sec: 59
Eval num_timesteps=5120, episode_reward=nan +/- nan
Eval num_timesteps=5120, episode_success=nan +/- nan
se
6 6144 1024
diff [0.009711377322673798, 0.004933997988700867, 0.0006894171237945557, -0.005749572068452835, -0.0131337596103549, -0.005080005154013634]
ref [0.0892404317855835, 0.03783533722162247, 0.025643974542617798, 0.02228500321507454, 0.024426564574241638, 0.015849413350224495]
[0.0989518091082573, 0.042769335210323334, 0.026333391666412354, 0.016535431146621704, 0.011292804963886738, 0.010769408196210861]
Training time: 121 	steps per sec: 50
Eval num_timesteps=6144, episode_reward=nan +/- nan
Eval num_timesteps=6144, episode_success=nan +/- nan
se
7 7168 1024
diff [0.009711377322673798, 0.004933997988700867, 0.0006894171237945557, -0.005749572068452835, -0.0131337596103549, -0.005080005154013634, -0.004091735929250717]
ref [0.0892404317855835, 0.03783533722162247, 0.025643974542617798, 0.02228500321507454, 0.024426564574241638, 0.015849413350224495, 0.014214630238711834]
[0.0989518091082573, 0.042769335210323334, 0.026333391666412354, 0.016535431146621704, 0.011292804963886738, 0.010769408196210861, 0.010122894309461117]
Training time: 159 	steps per sec: 44
Eval num_timesteps=7168, episode_reward=nan +/- nan
Eval num_timesteps=7168, episode_success=nan +/- nan
se
8 8192 1024
diff [0.009711377322673798, 0.004933997988700867, 0.0006894171237945557, -0.005749572068452835, -0.0131337596103549, -0.005080005154013634, -0.004091735929250717, -0.0046014320105314255]
ref [0.0892404317855835, 0.03783533722162247, 0.025643974542617798, 0.02228500321507454, 0.024426564574241638, 0.015849413350224495, 0.014214630238711834, 0.013493197038769722]
[0.0989518091082573, 0.042769335210323334, 0.026333391666412354, 0.016535431146621704, 0.011292804963886738, 0.010769408196210861, 0.010122894309461117, 0.008891765028238297]
Training time: 203 	steps per sec: 40
Eval num_timesteps=8192, episode_reward=nan +/- nan
Eval num_timesteps=8192, episode_success=nan +/- nan
se
9 9216 1024
diff [0.009711377322673798, 0.004933997988700867, 0.0006894171237945557, -0.005749572068452835, -0.0131337596103549, -0.005080005154013634, -0.004091735929250717, -0.0046014320105314255, -0.00428297882899642]
ref [0.0892404317855835, 0.03783533722162247, 0.025643974542617798, 0.02228500321507454, 0.024426564574241638, 0.015849413350224495, 0.014214630238711834, 0.013493197038769722, 0.012083090841770172]
[0.0989518091082573, 0.042769335210323334, 0.026333391666412354, 0.016535431146621704, 0.011292804963886738, 0.010769408196210861, 0.010122894309461117, 0.008891765028238297, 0.007800112012773752]
Training time: 244 	steps per sec: 37
Eval num_timesteps=9216, episode_reward=nan +/- nan
Eval num_timesteps=9216, episode_success=nan +/- nan
se
10 10240 1024
diff [0.009711377322673798, 0.004933997988700867, 0.0006894171237945557, -0.005749572068452835, -0.0131337596103549, -0.005080005154013634, -0.004091735929250717, -0.0046014320105314255, -0.00428297882899642, -0.003878743387758732]
ref [0.0892404317855835, 0.03783533722162247, 0.025643974542617798, 0.02228500321507454, 0.024426564574241638, 0.015849413350224495, 0.014214630238711834, 0.013493197038769722, 0.012083090841770172, 0.010628975927829742]
[0.0989518091082573, 0.042769335210323334, 0.026333391666412354, 0.016535431146621704, 0.011292804963886738, 0.010769408196210861, 0.010122894309461117, 0.008891765028238297, 0.007800112012773752, 0.006750232540071011]
Training time: 292 	steps per sec: 35
Eval num_timesteps=10240, episode_reward=nan +/- nan
Eval num_timesteps=10240, episode_success=nan +/- nan
se
11 11264 1024
diff [0.009711377322673798, 0.004933997988700867, 0.0006894171237945557, -0.005749572068452835, -0.0131337596103549, -0.005080005154013634, -0.004091735929250717, -0.0046014320105314255, -0.00428297882899642, -0.003878743387758732, -0.0038996320217847824]
ref [0.0892404317855835, 0.03783533722162247, 0.025643974542617798, 0.02228500321507454, 0.024426564574241638, 0.015849413350224495, 0.014214630238711834, 0.013493197038769722, 0.012083090841770172, 0.010628975927829742, 0.009802039712667465]
[0.0989518091082573, 0.042769335210323334, 0.026333391666412354, 0.016535431146621704, 0.011292804963886738, 0.010769408196210861, 0.010122894309461117, 0.008891765028238297, 0.007800112012773752, 0.006750232540071011, 0.005902407690882683]
Training time: 342 	steps per sec: 32
Eval num_timesteps=11264, episode_reward=nan +/- nan
Eval num_timesteps=11264, episode_success=nan +/- nan
se
12 12288 1024
diff [0.009711377322673798, 0.004933997988700867, 0.0006894171237945557, -0.005749572068452835, -0.0131337596103549, -0.005080005154013634, -0.004091735929250717, -0.0046014320105314255, -0.00428297882899642, -0.003878743387758732, -0.0038996320217847824, -0.0041612242348492146]
ref [0.0892404317855835, 0.03783533722162247, 0.025643974542617798, 0.02228500321507454, 0.024426564574241638, 0.015849413350224495, 0.014214630238711834, 0.013493197038769722, 0.012083090841770172, 0.010628975927829742, 0.009802039712667465, 0.009326822124421597]
[0.0989518091082573, 0.042769335210323334, 0.026333391666412354, 0.016535431146621704, 0.011292804963886738, 0.010769408196210861, 0.010122894309461117, 0.008891765028238297, 0.007800112012773752, 0.006750232540071011, 0.005902407690882683, 0.005165597889572382]
Training time: 395 	steps per sec: 31
Eval num_timesteps=12288, episode_reward=nan +/- nan
Eval num_timesteps=12288, episode_success=nan +/- nan
se
13 13312 1024
diff [0.009711377322673798, 0.004933997988700867, 0.0006894171237945557, -0.005749572068452835, -0.0131337596103549, -0.005080005154013634, -0.004091735929250717, -0.0046014320105314255, -0.00428297882899642, -0.003878743387758732, -0.0038996320217847824, -0.0041612242348492146, -0.004999933764338493]
ref [0.0892404317855835, 0.03783533722162247, 0.025643974542617798, 0.02228500321507454, 0.024426564574241638, 0.015849413350224495, 0.014214630238711834, 0.013493197038769722, 0.012083090841770172, 0.010628975927829742, 0.009802039712667465, 0.009326822124421597, 0.009172900579869747]
[0.0989518091082573, 0.042769335210323334, 0.026333391666412354, 0.016535431146621704, 0.011292804963886738, 0.010769408196210861, 0.010122894309461117, 0.008891765028238297, 0.007800112012773752, 0.006750232540071011, 0.005902407690882683, 0.005165597889572382, 0.004172966815531254]
Training time: 454 	steps per sec: 29
Eval num_timesteps=13312, episode_reward=nan +/- nan
Eval num_timesteps=13312, episode_success=nan +/- nan
se
14 14336 1024
diff [0.009711377322673798, 0.004933997988700867, 0.0006894171237945557, -0.005749572068452835, -0.0131337596103549, -0.005080005154013634, -0.004091735929250717, -0.0046014320105314255, -0.00428297882899642, -0.003878743387758732, -0.0038996320217847824, -0.0041612242348492146, -0.004999933764338493, -0.0036938893608748913]
ref [0.0892404317855835, 0.03783533722162247, 0.025643974542617798, 0.02228500321507454, 0.024426564574241638, 0.015849413350224495, 0.014214630238711834, 0.013493197038769722, 0.012083090841770172, 0.010628975927829742, 0.009802039712667465, 0.009326822124421597, 0.009172900579869747, 0.007654883898794651]
[0.0989518091082573, 0.042769335210323334, 0.026333391666412354, 0.016535431146621704, 0.011292804963886738, 0.010769408196210861, 0.010122894309461117, 0.008891765028238297, 0.007800112012773752, 0.006750232540071011, 0.005902407690882683, 0.005165597889572382, 0.004172966815531254, 0.00396099453791976]
Training time: 520 	steps per sec: 27
Eval num_timesteps=14336, episode_reward=nan +/- nan
Eval num_timesteps=14336, episode_success=nan +/- nan
se
15 15360 1024
diff [0.009711377322673798, 0.004933997988700867, 0.0006894171237945557, -0.005749572068452835, -0.0131337596103549, -0.005080005154013634, -0.004091735929250717, -0.0046014320105314255, -0.00428297882899642, -0.003878743387758732, -0.0038996320217847824, -0.0041612242348492146, -0.004999933764338493, -0.0036938893608748913, -0.002453060355037451]
ref [0.0892404317855835, 0.03783533722162247, 0.025643974542617798, 0.02228500321507454, 0.024426564574241638, 0.015849413350224495, 0.014214630238711834, 0.013493197038769722, 0.012083090841770172, 0.010628975927829742, 0.009802039712667465, 0.009326822124421597, 0.009172900579869747, 0.007654883898794651, 0.006581785157322884]
[0.0989518091082573, 0.042769335210323334, 0.026333391666412354, 0.016535431146621704, 0.011292804963886738, 0.010769408196210861, 0.010122894309461117, 0.008891765028238297, 0.007800112012773752, 0.006750232540071011, 0.005902407690882683, 0.005165597889572382, 0.004172966815531254, 0.00396099453791976, 0.004128724802285433]
Training time: 587 	steps per sec: 26
Eval num_timesteps=15360, episode_reward=nan +/- nan
Eval num_timesteps=15360, episode_success=nan +/- nan
se
16 16384 1024
diff [0.009711377322673798, 0.004933997988700867, 0.0006894171237945557, -0.005749572068452835, -0.0131337596103549, -0.005080005154013634, -0.004091735929250717, -0.0046014320105314255, -0.00428297882899642, -0.003878743387758732, -0.0038996320217847824, -0.0041612242348492146, -0.004999933764338493, -0.0036938893608748913, -0.002453060355037451, -0.003477641614153981]
ref [0.0892404317855835, 0.03783533722162247, 0.025643974542617798, 0.02228500321507454, 0.024426564574241638, 0.015849413350224495, 0.014214630238711834, 0.013493197038769722, 0.012083090841770172, 0.010628975927829742, 0.009802039712667465, 0.009326822124421597, 0.009172900579869747, 0.007654883898794651, 0.006581785157322884, 0.0071590254083275795]
[0.0989518091082573, 0.042769335210323334, 0.026333391666412354, 0.016535431146621704, 0.011292804963886738, 0.010769408196210861, 0.010122894309461117, 0.008891765028238297, 0.007800112012773752, 0.006750232540071011, 0.005902407690882683, 0.005165597889572382, 0.004172966815531254, 0.00396099453791976, 0.004128724802285433, 0.0036813837941735983]
Training time: 660 	steps per sec: 24
Eval num_timesteps=16384, episode_reward=nan +/- nan
Eval num_timesteps=16384, episode_success=nan +/- nan
se
16 16384 1024
diff [0.009711377322673798, 0.004933997988700867, 0.0006894171237945557, -0.005749572068452835, -0.0131337596103549, -0.005080005154013634, -0.004091735929250717, -0.0046014320105314255, -0.00428297882899642, -0.003878743387758732, -0.0038996320217847824, -0.0041612242348492146, -0.004999933764338493, -0.0036938893608748913, -0.002453060355037451, -0.003477641614153981, -0.004908350761979818]
ref [0.0892404317855835, 0.03783533722162247, 0.025643974542617798, 0.02228500321507454, 0.024426564574241638, 0.015849413350224495, 0.014214630238711834, 0.013493197038769722, 0.012083090841770172, 0.010628975927829742, 0.009802039712667465, 0.009326822124421597, 0.009172900579869747, 0.007654883898794651, 0.006581785157322884, 0.0071590254083275795, 0.008256766013801098]
[0.0989518091082573, 0.042769335210323334, 0.026333391666412354, 0.016535431146621704, 0.011292804963886738, 0.010769408196210861, 0.010122894309461117, 0.008891765028238297, 0.007800112012773752, 0.006750232540071011, 0.005902407690882683, 0.005165597889572382, 0.004172966815531254, 0.00396099453791976, 0.004128724802285433, 0.0036813837941735983, 0.0033484152518212795]
Training time: 731 	steps per sec: 23
Eval num_timesteps=17408, episode_reward=nan +/- nan
Eval num_timesteps=17408, episode_success=nan +/- nan
se
16 16384 1024
diff [0.009711377322673798, 0.004933997988700867, 0.0006894171237945557, -0.005749572068452835, -0.0131337596103549, -0.005080005154013634, -0.004091735929250717, -0.0046014320105314255, -0.00428297882899642, -0.003878743387758732, -0.0038996320217847824, -0.0041612242348492146, -0.004999933764338493, -0.0036938893608748913, -0.002453060355037451, -0.003477641614153981, -0.004908350761979818, -0.003439153777435422]
ref [0.0892404317855835, 0.03783533722162247, 0.025643974542617798, 0.02228500321507454, 0.024426564574241638, 0.015849413350224495, 0.014214630238711834, 0.013493197038769722, 0.012083090841770172, 0.010628975927829742, 0.009802039712667465, 0.009326822124421597, 0.009172900579869747, 0.007654883898794651, 0.006581785157322884, 0.0071590254083275795, 0.008256766013801098, 0.007008496671915054]
[0.0989518091082573, 0.042769335210323334, 0.026333391666412354, 0.016535431146621704, 0.011292804963886738, 0.010769408196210861, 0.010122894309461117, 0.008891765028238297, 0.007800112012773752, 0.006750232540071011, 0.005902407690882683, 0.005165597889572382, 0.004172966815531254, 0.00396099453791976, 0.004128724802285433, 0.0036813837941735983, 0.0033484152518212795, 0.0035693428944796324]
Training time: 802 	steps per sec: 22
Eval num_timesteps=18432, episode_reward=nan +/- nan
Eval num_timesteps=18432, episode_success=nan +/- nan
se
16 16384 1024
diff [0.009711377322673798, 0.004933997988700867, 0.0006894171237945557, -0.005749572068452835, -0.0131337596103549, -0.005080005154013634, -0.004091735929250717, -0.0046014320105314255, -0.00428297882899642, -0.003878743387758732, -0.0038996320217847824, -0.0041612242348492146, -0.004999933764338493, -0.0036938893608748913, -0.002453060355037451, -0.003477641614153981, -0.004908350761979818, -0.003439153777435422, -0.0028885232750326395]
ref [0.0892404317855835, 0.03783533722162247, 0.025643974542617798, 0.02228500321507454, 0.024426564574241638, 0.015849413350224495, 0.014214630238711834, 0.013493197038769722, 0.012083090841770172, 0.010628975927829742, 0.009802039712667465, 0.009326822124421597, 0.009172900579869747, 0.007654883898794651, 0.006581785157322884, 0.0071590254083275795, 0.008256766013801098, 0.007008496671915054, 0.006619214080274105]
[0.0989518091082573, 0.042769335210323334, 0.026333391666412354, 0.016535431146621704, 0.011292804963886738, 0.010769408196210861, 0.010122894309461117, 0.008891765028238297, 0.007800112012773752, 0.006750232540071011, 0.005902407690882683, 0.005165597889572382, 0.004172966815531254, 0.00396099453791976, 0.004128724802285433, 0.0036813837941735983, 0.0033484152518212795, 0.0035693428944796324, 0.0037306908052414656]
Training time: 880 	steps per sec: 22
Eval num_timesteps=19456, episode_reward=nan +/- nan
Eval num_timesteps=19456, episode_success=nan +/- nan
se
16 16384 1024
diff [0.009711377322673798, 0.004933997988700867, 0.0006894171237945557, -0.005749572068452835, -0.0131337596103549, -0.005080005154013634, -0.004091735929250717, -0.0046014320105314255, -0.00428297882899642, -0.003878743387758732, -0.0038996320217847824, -0.0041612242348492146, -0.004999933764338493, -0.0036938893608748913, -0.002453060355037451, -0.003477641614153981, -0.004908350761979818, -0.003439153777435422, -0.0028885232750326395, -0.002648301888257265]
ref [0.0892404317855835, 0.03783533722162247, 0.025643974542617798, 0.02228500321507454, 0.024426564574241638, 0.015849413350224495, 0.014214630238711834, 0.013493197038769722, 0.012083090841770172, 0.010628975927829742, 0.009802039712667465, 0.009326822124421597, 0.009172900579869747, 0.007654883898794651, 0.006581785157322884, 0.0071590254083275795, 0.008256766013801098, 0.007008496671915054, 0.006619214080274105, 0.0064981295727193356]
[0.0989518091082573, 0.042769335210323334, 0.026333391666412354, 0.016535431146621704, 0.011292804963886738, 0.010769408196210861, 0.010122894309461117, 0.008891765028238297, 0.007800112012773752, 0.006750232540071011, 0.005902407690882683, 0.005165597889572382, 0.004172966815531254, 0.00396099453791976, 0.004128724802285433, 0.0036813837941735983, 0.0033484152518212795, 0.0035693428944796324, 0.0037306908052414656, 0.0038498276844620705]
Training time: 961 	steps per sec: 21
Eval num_timesteps=20480, episode_reward=nan +/- nan
Eval num_timesteps=20480, episode_success=nan +/- nan
se
16 16384 1024
diff [0.009711377322673798, 0.004933997988700867, 0.0006894171237945557, -0.005749572068452835, -0.0131337596103549, -0.005080005154013634, -0.004091735929250717, -0.0046014320105314255, -0.00428297882899642, -0.003878743387758732, -0.0038996320217847824, -0.0041612242348492146, -0.004999933764338493, -0.0036938893608748913, -0.002453060355037451, -0.003477641614153981, -0.004908350761979818, -0.003439153777435422, -0.0028885232750326395, -0.002648301888257265, -0.0032446719706058502]
ref [0.0892404317855835, 0.03783533722162247, 0.025643974542617798, 0.02228500321507454, 0.024426564574241638, 0.015849413350224495, 0.014214630238711834, 0.013493197038769722, 0.012083090841770172, 0.010628975927829742, 0.009802039712667465, 0.009326822124421597, 0.009172900579869747, 0.007654883898794651, 0.006581785157322884, 0.0071590254083275795, 0.008256766013801098, 0.007008496671915054, 0.006619214080274105, 0.0064981295727193356, 0.0071183135733008385]
[0.0989518091082573, 0.042769335210323334, 0.026333391666412354, 0.016535431146621704, 0.011292804963886738, 0.010769408196210861, 0.010122894309461117, 0.008891765028238297, 0.007800112012773752, 0.006750232540071011, 0.005902407690882683, 0.005165597889572382, 0.004172966815531254, 0.00396099453791976, 0.004128724802285433, 0.0036813837941735983, 0.0033484152518212795, 0.0035693428944796324, 0.0037306908052414656, 0.0038498276844620705, 0.0038736416026949883]
Training time: 1042 	steps per sec: 20
Eval num_timesteps=21504, episode_reward=nan +/- nan
Eval num_timesteps=21504, episode_success=nan +/- nan
se
16 16384 1024
diff [0.009711377322673798, 0.004933997988700867, 0.0006894171237945557, -0.005749572068452835, -0.0131337596103549, -0.005080005154013634, -0.004091735929250717, -0.0046014320105314255, -0.00428297882899642, -0.003878743387758732, -0.0038996320217847824, -0.0041612242348492146, -0.004999933764338493, -0.0036938893608748913, -0.002453060355037451, -0.003477641614153981, -0.004908350761979818, -0.003439153777435422, -0.0028885232750326395, -0.002648301888257265, -0.0032446719706058502, -0.0024351298343390226]
ref [0.0892404317855835, 0.03783533722162247, 0.025643974542617798, 0.02228500321507454, 0.024426564574241638, 0.015849413350224495, 0.014214630238711834, 0.013493197038769722, 0.012083090841770172, 0.010628975927829742, 0.009802039712667465, 0.009326822124421597, 0.009172900579869747, 0.007654883898794651, 0.006581785157322884, 0.0071590254083275795, 0.008256766013801098, 0.007008496671915054, 0.006619214080274105, 0.0064981295727193356, 0.0071183135733008385, 0.006207610480487347]
[0.0989518091082573, 0.042769335210323334, 0.026333391666412354, 0.016535431146621704, 0.011292804963886738, 0.010769408196210861, 0.010122894309461117, 0.008891765028238297, 0.007800112012773752, 0.006750232540071011, 0.005902407690882683, 0.005165597889572382, 0.004172966815531254, 0.00396099453791976, 0.004128724802285433, 0.0036813837941735983, 0.0033484152518212795, 0.0035693428944796324, 0.0037306908052414656, 0.0038498276844620705, 0.0038736416026949883, 0.003772480646148324]
Training time: 1123 	steps per sec: 20
Eval num_timesteps=22528, episode_reward=nan +/- nan
Eval num_timesteps=22528, episode_success=nan +/- nan
se
16 16384 1024
diff [0.009711377322673798, 0.004933997988700867, 0.0006894171237945557, -0.005749572068452835, -0.0131337596103549, -0.005080005154013634, -0.004091735929250717, -0.0046014320105314255, -0.00428297882899642, -0.003878743387758732, -0.0038996320217847824, -0.0041612242348492146, -0.004999933764338493, -0.0036938893608748913, -0.002453060355037451, -0.003477641614153981, -0.004908350761979818, -0.003439153777435422, -0.0028885232750326395, -0.002648301888257265, -0.0032446719706058502, -0.0024351298343390226, -0.00277093518525362]
ref [0.0892404317855835, 0.03783533722162247, 0.025643974542617798, 0.02228500321507454, 0.024426564574241638, 0.015849413350224495, 0.014214630238711834, 0.013493197038769722, 0.012083090841770172, 0.010628975927829742, 0.009802039712667465, 0.009326822124421597, 0.009172900579869747, 0.007654883898794651, 0.006581785157322884, 0.0071590254083275795, 0.008256766013801098, 0.007008496671915054, 0.006619214080274105, 0.0064981295727193356, 0.0071183135733008385, 0.006207610480487347, 0.006827014498412609]
[0.0989518091082573, 0.042769335210323334, 0.026333391666412354, 0.016535431146621704, 0.011292804963886738, 0.010769408196210861, 0.010122894309461117, 0.008891765028238297, 0.007800112012773752, 0.006750232540071011, 0.005902407690882683, 0.005165597889572382, 0.004172966815531254, 0.00396099453791976, 0.004128724802285433, 0.0036813837941735983, 0.0033484152518212795, 0.0035693428944796324, 0.0037306908052414656, 0.0038498276844620705, 0.0038736416026949883, 0.003772480646148324, 0.004056079313158989]
Training time: 1206 	steps per sec: 19
Eval num_timesteps=23552, episode_reward=nan +/- nan
Eval num_timesteps=23552, episode_success=nan +/- nan
se
16 16384 1024
diff [0.009711377322673798, 0.004933997988700867, 0.0006894171237945557, -0.005749572068452835, -0.0131337596103549, -0.005080005154013634, -0.004091735929250717, -0.0046014320105314255, -0.00428297882899642, -0.003878743387758732, -0.0038996320217847824, -0.0041612242348492146, -0.004999933764338493, -0.0036938893608748913, -0.002453060355037451, -0.003477641614153981, -0.004908350761979818, -0.003439153777435422, -0.0028885232750326395, -0.002648301888257265, -0.0032446719706058502, -0.0024351298343390226, -0.00277093518525362, -0.003388590645045042]
ref [0.0892404317855835, 0.03783533722162247, 0.025643974542617798, 0.02228500321507454, 0.024426564574241638, 0.015849413350224495, 0.014214630238711834, 0.013493197038769722, 0.012083090841770172, 0.010628975927829742, 0.009802039712667465, 0.009326822124421597, 0.009172900579869747, 0.007654883898794651, 0.006581785157322884, 0.0071590254083275795, 0.008256766013801098, 0.007008496671915054, 0.006619214080274105, 0.0064981295727193356, 0.0071183135733008385, 0.006207610480487347, 0.006827014498412609, 0.007560460362583399]
[0.0989518091082573, 0.042769335210323334, 0.026333391666412354, 0.016535431146621704, 0.011292804963886738, 0.010769408196210861, 0.010122894309461117, 0.008891765028238297, 0.007800112012773752, 0.006750232540071011, 0.005902407690882683, 0.005165597889572382, 0.004172966815531254, 0.00396099453791976, 0.004128724802285433, 0.0036813837941735983, 0.0033484152518212795, 0.0035693428944796324, 0.0037306908052414656, 0.0038498276844620705, 0.0038736416026949883, 0.003772480646148324, 0.004056079313158989, 0.004171869717538357]
Training time: 1288 	steps per sec: 19
Eval num_timesteps=24576, episode_reward=nan +/- nan
Eval num_timesteps=24576, episode_success=nan +/- nan
se
16 16384 1024
diff [0.009711377322673798, 0.004933997988700867, 0.0006894171237945557, -0.005749572068452835, -0.0131337596103549, -0.005080005154013634, -0.004091735929250717, -0.0046014320105314255, -0.00428297882899642, -0.003878743387758732, -0.0038996320217847824, -0.0041612242348492146, -0.004999933764338493, -0.0036938893608748913, -0.002453060355037451, -0.003477641614153981, -0.004908350761979818, -0.003439153777435422, -0.0028885232750326395, -0.002648301888257265, -0.0032446719706058502, -0.0024351298343390226, -0.00277093518525362, -0.003388590645045042, -0.0027498453855514526]
ref [0.0892404317855835, 0.03783533722162247, 0.025643974542617798, 0.02228500321507454, 0.024426564574241638, 0.015849413350224495, 0.014214630238711834, 0.013493197038769722, 0.012083090841770172, 0.010628975927829742, 0.009802039712667465, 0.009326822124421597, 0.009172900579869747, 0.007654883898794651, 0.006581785157322884, 0.0071590254083275795, 0.008256766013801098, 0.007008496671915054, 0.006619214080274105, 0.0064981295727193356, 0.0071183135733008385, 0.006207610480487347, 0.006827014498412609, 0.007560460362583399, 0.007070295047014952]
[0.0989518091082573, 0.042769335210323334, 0.026333391666412354, 0.016535431146621704, 0.011292804963886738, 0.010769408196210861, 0.010122894309461117, 0.008891765028238297, 0.007800112012773752, 0.006750232540071011, 0.005902407690882683, 0.005165597889572382, 0.004172966815531254, 0.00396099453791976, 0.004128724802285433, 0.0036813837941735983, 0.0033484152518212795, 0.0035693428944796324, 0.0037306908052414656, 0.0038498276844620705, 0.0038736416026949883, 0.003772480646148324, 0.004056079313158989, 0.004171869717538357, 0.004320449661463499]
Training time: 1368 	steps per sec: 18
Eval num_timesteps=25600, episode_reward=nan +/- nan
Eval num_timesteps=25600, episode_success=nan +/- nan
se
16 16384 1024
diff [0.009711377322673798, 0.004933997988700867, 0.0006894171237945557, -0.005749572068452835, -0.0131337596103549, -0.005080005154013634, -0.004091735929250717, -0.0046014320105314255, -0.00428297882899642, -0.003878743387758732, -0.0038996320217847824, -0.0041612242348492146, -0.004999933764338493, -0.0036938893608748913, -0.002453060355037451, -0.003477641614153981, -0.004908350761979818, -0.003439153777435422, -0.0028885232750326395, -0.002648301888257265, -0.0032446719706058502, -0.0024351298343390226, -0.00277093518525362, -0.003388590645045042, -0.0027498453855514526, -0.0021350588649511337]
ref [0.0892404317855835, 0.03783533722162247, 0.025643974542617798, 0.02228500321507454, 0.024426564574241638, 0.015849413350224495, 0.014214630238711834, 0.013493197038769722, 0.012083090841770172, 0.010628975927829742, 0.009802039712667465, 0.009326822124421597, 0.009172900579869747, 0.007654883898794651, 0.006581785157322884, 0.0071590254083275795, 0.008256766013801098, 0.007008496671915054, 0.006619214080274105, 0.0064981295727193356, 0.0071183135733008385, 0.006207610480487347, 0.006827014498412609, 0.007560460362583399, 0.007070295047014952, 0.006673173978924751]
[0.0989518091082573, 0.042769335210323334, 0.026333391666412354, 0.016535431146621704, 0.011292804963886738, 0.010769408196210861, 0.010122894309461117, 0.008891765028238297, 0.007800112012773752, 0.006750232540071011, 0.005902407690882683, 0.005165597889572382, 0.004172966815531254, 0.00396099453791976, 0.004128724802285433, 0.0036813837941735983, 0.0033484152518212795, 0.0035693428944796324, 0.0037306908052414656, 0.0038498276844620705, 0.0038736416026949883, 0.003772480646148324, 0.004056079313158989, 0.004171869717538357, 0.004320449661463499, 0.0045381151139736176]
Training time: 1447 	steps per sec: 18
Eval num_timesteps=26624, episode_reward=nan +/- nan
Eval num_timesteps=26624, episode_success=nan +/- nan
se
16 16384 1024
diff [0.009711377322673798, 0.004933997988700867, 0.0006894171237945557, -0.005749572068452835, -0.0131337596103549, -0.005080005154013634, -0.004091735929250717, -0.0046014320105314255, -0.00428297882899642, -0.003878743387758732, -0.0038996320217847824, -0.0041612242348492146, -0.004999933764338493, -0.0036938893608748913, -0.002453060355037451, -0.003477641614153981, -0.004908350761979818, -0.003439153777435422, -0.0028885232750326395, -0.002648301888257265, -0.0032446719706058502, -0.0024351298343390226, -0.00277093518525362, -0.003388590645045042, -0.0027498453855514526, -0.0021350588649511337, -0.002189192920923233]
ref [0.0892404317855835, 0.03783533722162247, 0.025643974542617798, 0.02228500321507454, 0.024426564574241638, 0.015849413350224495, 0.014214630238711834, 0.013493197038769722, 0.012083090841770172, 0.010628975927829742, 0.009802039712667465, 0.009326822124421597, 0.009172900579869747, 0.007654883898794651, 0.006581785157322884, 0.0071590254083275795, 0.008256766013801098, 0.007008496671915054, 0.006619214080274105, 0.0064981295727193356, 0.0071183135733008385, 0.006207610480487347, 0.006827014498412609, 0.007560460362583399, 0.007070295047014952, 0.006673173978924751, 0.006650930270552635]
[0.0989518091082573, 0.042769335210323334, 0.026333391666412354, 0.016535431146621704, 0.011292804963886738, 0.010769408196210861, 0.010122894309461117, 0.008891765028238297, 0.007800112012773752, 0.006750232540071011, 0.005902407690882683, 0.005165597889572382, 0.004172966815531254, 0.00396099453791976, 0.004128724802285433, 0.0036813837941735983, 0.0033484152518212795, 0.0035693428944796324, 0.0037306908052414656, 0.0038498276844620705, 0.0038736416026949883, 0.003772480646148324, 0.004056079313158989, 0.004171869717538357, 0.004320449661463499, 0.0045381151139736176, 0.004461737349629402]
Training time: 1532 	steps per sec: 18
Eval num_timesteps=27648, episode_reward=nan +/- nan
Eval num_timesteps=27648, episode_success=nan +/- nan
se
16 16384 1024
diff [0.009711377322673798, 0.004933997988700867, 0.0006894171237945557, -0.005749572068452835, -0.0131337596103549, -0.005080005154013634, -0.004091735929250717, -0.0046014320105314255, -0.00428297882899642, -0.003878743387758732, -0.0038996320217847824, -0.0041612242348492146, -0.004999933764338493, -0.0036938893608748913, -0.002453060355037451, -0.003477641614153981, -0.004908350761979818, -0.003439153777435422, -0.0028885232750326395, -0.002648301888257265, -0.0032446719706058502, -0.0024351298343390226, -0.00277093518525362, -0.003388590645045042, -0.0027498453855514526, -0.0021350588649511337, -0.002189192920923233, -0.0023504369892179966]
ref [0.0892404317855835, 0.03783533722162247, 0.025643974542617798, 0.02228500321507454, 0.024426564574241638, 0.015849413350224495, 0.014214630238711834, 0.013493197038769722, 0.012083090841770172, 0.010628975927829742, 0.009802039712667465, 0.009326822124421597, 0.009172900579869747, 0.007654883898794651, 0.006581785157322884, 0.0071590254083275795, 0.008256766013801098, 0.007008496671915054, 0.006619214080274105, 0.0064981295727193356, 0.0071183135733008385, 0.006207610480487347, 0.006827014498412609, 0.007560460362583399, 0.007070295047014952, 0.006673173978924751, 0.006650930270552635, 0.0069465115666389465]
[0.0989518091082573, 0.042769335210323334, 0.026333391666412354, 0.016535431146621704, 0.011292804963886738, 0.010769408196210861, 0.010122894309461117, 0.008891765028238297, 0.007800112012773752, 0.006750232540071011, 0.005902407690882683, 0.005165597889572382, 0.004172966815531254, 0.00396099453791976, 0.004128724802285433, 0.0036813837941735983, 0.0033484152518212795, 0.0035693428944796324, 0.0037306908052414656, 0.0038498276844620705, 0.0038736416026949883, 0.003772480646148324, 0.004056079313158989, 0.004171869717538357, 0.004320449661463499, 0.0045381151139736176, 0.004461737349629402, 0.00459607457742095]
Training time: 1614 	steps per sec: 17
Eval num_timesteps=28672, episode_reward=nan +/- nan
Eval num_timesteps=28672, episode_success=nan +/- nan
se
16 16384 1024
diff [0.009711377322673798, 0.004933997988700867, 0.0006894171237945557, -0.005749572068452835, -0.0131337596103549, -0.005080005154013634, -0.004091735929250717, -0.0046014320105314255, -0.00428297882899642, -0.003878743387758732, -0.0038996320217847824, -0.0041612242348492146, -0.004999933764338493, -0.0036938893608748913, -0.002453060355037451, -0.003477641614153981, -0.004908350761979818, -0.003439153777435422, -0.0028885232750326395, -0.002648301888257265, -0.0032446719706058502, -0.0024351298343390226, -0.00277093518525362, -0.003388590645045042, -0.0027498453855514526, -0.0021350588649511337, -0.002189192920923233, -0.0023504369892179966, -0.002819573041051626]
ref [0.0892404317855835, 0.03783533722162247, 0.025643974542617798, 0.02228500321507454, 0.024426564574241638, 0.015849413350224495, 0.014214630238711834, 0.013493197038769722, 0.012083090841770172, 0.010628975927829742, 0.009802039712667465, 0.009326822124421597, 0.009172900579869747, 0.007654883898794651, 0.006581785157322884, 0.0071590254083275795, 0.008256766013801098, 0.007008496671915054, 0.006619214080274105, 0.0064981295727193356, 0.0071183135733008385, 0.006207610480487347, 0.006827014498412609, 0.007560460362583399, 0.007070295047014952, 0.006673173978924751, 0.006650930270552635, 0.0069465115666389465, 0.007142007350921631]
[0.0989518091082573, 0.042769335210323334, 0.026333391666412354, 0.016535431146621704, 0.011292804963886738, 0.010769408196210861, 0.010122894309461117, 0.008891765028238297, 0.007800112012773752, 0.006750232540071011, 0.005902407690882683, 0.005165597889572382, 0.004172966815531254, 0.00396099453791976, 0.004128724802285433, 0.0036813837941735983, 0.0033484152518212795, 0.0035693428944796324, 0.0037306908052414656, 0.0038498276844620705, 0.0038736416026949883, 0.003772480646148324, 0.004056079313158989, 0.004171869717538357, 0.004320449661463499, 0.0045381151139736176, 0.004461737349629402, 0.00459607457742095, 0.004322434309870005]
Training time: 1695 	steps per sec: 17
Eval num_timesteps=29696, episode_reward=nan +/- nan
Eval num_timesteps=29696, episode_success=nan +/- nan
se
16 16384 1024
diff [0.009711377322673798, 0.004933997988700867, 0.0006894171237945557, -0.005749572068452835, -0.0131337596103549, -0.005080005154013634, -0.004091735929250717, -0.0046014320105314255, -0.00428297882899642, -0.003878743387758732, -0.0038996320217847824, -0.0041612242348492146, -0.004999933764338493, -0.0036938893608748913, -0.002453060355037451, -0.003477641614153981, -0.004908350761979818, -0.003439153777435422, -0.0028885232750326395, -0.002648301888257265, -0.0032446719706058502, -0.0024351298343390226, -0.00277093518525362, -0.003388590645045042, -0.0027498453855514526, -0.0021350588649511337, -0.002189192920923233, -0.0023504369892179966, -0.002819573041051626, -0.002397836185991764]
ref [0.0892404317855835, 0.03783533722162247, 0.025643974542617798, 0.02228500321507454, 0.024426564574241638, 0.015849413350224495, 0.014214630238711834, 0.013493197038769722, 0.012083090841770172, 0.010628975927829742, 0.009802039712667465, 0.009326822124421597, 0.009172900579869747, 0.007654883898794651, 0.006581785157322884, 0.0071590254083275795, 0.008256766013801098, 0.007008496671915054, 0.006619214080274105, 0.0064981295727193356, 0.0071183135733008385, 0.006207610480487347, 0.006827014498412609, 0.007560460362583399, 0.007070295047014952, 0.006673173978924751, 0.006650930270552635, 0.0069465115666389465, 0.007142007350921631, 0.006731389556080103]
[0.0989518091082573, 0.042769335210323334, 0.026333391666412354, 0.016535431146621704, 0.011292804963886738, 0.010769408196210861, 0.010122894309461117, 0.008891765028238297, 0.007800112012773752, 0.006750232540071011, 0.005902407690882683, 0.005165597889572382, 0.004172966815531254, 0.00396099453791976, 0.004128724802285433, 0.0036813837941735983, 0.0033484152518212795, 0.0035693428944796324, 0.0037306908052414656, 0.0038498276844620705, 0.0038736416026949883, 0.003772480646148324, 0.004056079313158989, 0.004171869717538357, 0.004320449661463499, 0.0045381151139736176, 0.004461737349629402, 0.00459607457742095, 0.004322434309870005, 0.004333553370088339]
Training time: 1776 	steps per sec: 17
Eval num_timesteps=30720, episode_reward=nan +/- nan
Eval num_timesteps=30720, episode_success=nan +/- nan
se
16 16384 1024
diff [0.009711377322673798, 0.004933997988700867, 0.0006894171237945557, -0.005749572068452835, -0.0131337596103549, -0.005080005154013634, -0.004091735929250717, -0.0046014320105314255, -0.00428297882899642, -0.003878743387758732, -0.0038996320217847824, -0.0041612242348492146, -0.004999933764338493, -0.0036938893608748913, -0.002453060355037451, -0.003477641614153981, -0.004908350761979818, -0.003439153777435422, -0.0028885232750326395, -0.002648301888257265, -0.0032446719706058502, -0.0024351298343390226, -0.00277093518525362, -0.003388590645045042, -0.0027498453855514526, -0.0021350588649511337, -0.002189192920923233, -0.0023504369892179966, -0.002819573041051626, -0.002397836185991764, -0.003548874519765377]
ref [0.0892404317855835, 0.03783533722162247, 0.025643974542617798, 0.02228500321507454, 0.024426564574241638, 0.015849413350224495, 0.014214630238711834, 0.013493197038769722, 0.012083090841770172, 0.010628975927829742, 0.009802039712667465, 0.009326822124421597, 0.009172900579869747, 0.007654883898794651, 0.006581785157322884, 0.0071590254083275795, 0.008256766013801098, 0.007008496671915054, 0.006619214080274105, 0.0064981295727193356, 0.0071183135733008385, 0.006207610480487347, 0.006827014498412609, 0.007560460362583399, 0.007070295047014952, 0.006673173978924751, 0.006650930270552635, 0.0069465115666389465, 0.007142007350921631, 0.006731389556080103, 0.007956111803650856]
[0.0989518091082573, 0.042769335210323334, 0.026333391666412354, 0.016535431146621704, 0.011292804963886738, 0.010769408196210861, 0.010122894309461117, 0.008891765028238297, 0.007800112012773752, 0.006750232540071011, 0.005902407690882683, 0.005165597889572382, 0.004172966815531254, 0.00396099453791976, 0.004128724802285433, 0.0036813837941735983, 0.0033484152518212795, 0.0035693428944796324, 0.0037306908052414656, 0.0038498276844620705, 0.0038736416026949883, 0.003772480646148324, 0.004056079313158989, 0.004171869717538357, 0.004320449661463499, 0.0045381151139736176, 0.004461737349629402, 0.00459607457742095, 0.004322434309870005, 0.004333553370088339, 0.004407237283885479]
Training time: 1858 	steps per sec: 17
Eval num_timesteps=31744, episode_reward=nan +/- nan
Eval num_timesteps=31744, episode_success=nan +/- nan
se
16 16384 1024
diff [0.009711377322673798, 0.004933997988700867, 0.0006894171237945557, -0.005749572068452835, -0.0131337596103549, -0.005080005154013634, -0.004091735929250717, -0.0046014320105314255, -0.00428297882899642, -0.003878743387758732, -0.0038996320217847824, -0.0041612242348492146, -0.004999933764338493, -0.0036938893608748913, -0.002453060355037451, -0.003477641614153981, -0.004908350761979818, -0.003439153777435422, -0.0028885232750326395, -0.002648301888257265, -0.0032446719706058502, -0.0024351298343390226, -0.00277093518525362, -0.003388590645045042, -0.0027498453855514526, -0.0021350588649511337, -0.002189192920923233, -0.0023504369892179966, -0.002819573041051626, -0.002397836185991764, -0.003548874519765377, -0.0026519778184592724]
ref [0.0892404317855835, 0.03783533722162247, 0.025643974542617798, 0.02228500321507454, 0.024426564574241638, 0.015849413350224495, 0.014214630238711834, 0.013493197038769722, 0.012083090841770172, 0.010628975927829742, 0.009802039712667465, 0.009326822124421597, 0.009172900579869747, 0.007654883898794651, 0.006581785157322884, 0.0071590254083275795, 0.008256766013801098, 0.007008496671915054, 0.006619214080274105, 0.0064981295727193356, 0.0071183135733008385, 0.006207610480487347, 0.006827014498412609, 0.007560460362583399, 0.007070295047014952, 0.006673173978924751, 0.006650930270552635, 0.0069465115666389465, 0.007142007350921631, 0.006731389556080103, 0.007956111803650856, 0.006891903933137655]
[0.0989518091082573, 0.042769335210323334, 0.026333391666412354, 0.016535431146621704, 0.011292804963886738, 0.010769408196210861, 0.010122894309461117, 0.008891765028238297, 0.007800112012773752, 0.006750232540071011, 0.005902407690882683, 0.005165597889572382, 0.004172966815531254, 0.00396099453791976, 0.004128724802285433, 0.0036813837941735983, 0.0033484152518212795, 0.0035693428944796324, 0.0037306908052414656, 0.0038498276844620705, 0.0038736416026949883, 0.003772480646148324, 0.004056079313158989, 0.004171869717538357, 0.004320449661463499, 0.0045381151139736176, 0.004461737349629402, 0.00459607457742095, 0.004322434309870005, 0.004333553370088339, 0.004407237283885479, 0.004239926114678383]
Training time: 1936 	steps per sec: 16
Eval num_timesteps=32768, episode_reward=nan +/- nan
Eval num_timesteps=32768, episode_success=nan +/- nan
results/Hopper-v4/
results/Hopper-v4/ppo_ros/
results/Hopper-v4/ppo_ros/expert/
results/Hopper-v4/ppo_ros/expert/b_16/
results/Hopper-v4/ppo_ros/expert/b_16/no_lambda/
results/Hopper-v4/ppo_ros/expert/b_16/no_lambda/run_0/
results/Hopper-v4/ppo_ros/expert/b_16/no_lambda/run_0/stats.npz
results/Hopper-v4/ppo_ros/expert/b_16/no_lambda/run_0/config.yml
results/Hopper-v4/ppo_ros/expert/b_16/no_lambda/run_0/evaluations.npz
