ppo_ros_continuous.py --env-id Swimmer-v4 -s expert/b_16/no_lambda --total-timesteps 32768 --eval-freq 1 --eval-episodes 0 -b 16 --num-steps 1024 -lr 0 --update-epochs 0 --anneal-lr 0 --ros-num-steps 256 --ros-update-epochs 16 --ros-target-kl 0.05 --ros-clip-coef 0.3 --ros-lambda 0 -ros-lr 0.0001 --ros-anneal-lr 0 --se 1 --se-freq 1 --se-lr 1e-3 --se-epochs 1000 --policy-path policies/Swimmer-v4/best_model.zip --normalization-dir policies/Swimmer-v4
Obtaining file:///var/lib/condor/execute/slot1/dir_33762/PPOROS/PPOROS/custom-envs
  Preparing metadata (setup.py): started
  Preparing metadata (setup.py): finished with status 'done'
Requirement already satisfied: gym in /var/lib/condor/execute/slot1/dir_33762/PPOROS/ppo-ros_env/lib/python3.9/site-packages (from custom-envs==0.0.1) (0.21.0)
Requirement already satisfied: numpy>=1.18.0 in /var/lib/condor/execute/slot1/dir_33762/PPOROS/ppo-ros_env/lib/python3.9/site-packages (from gym->custom-envs==0.0.1) (1.24.2)
Requirement already satisfied: cloudpickle>=1.2.0 in /var/lib/condor/execute/slot1/dir_33762/PPOROS/ppo-ros_env/lib/python3.9/site-packages (from gym->custom-envs==0.0.1) (2.2.1)
Installing collected packages: custom-envs
  Running setup.py develop for custom-envs
Successfully installed custom-envs-0.0.1
seed: 3
Eval num_timesteps=0, episode_reward=nan +/- nan
Eval num_timesteps=0, episode_success=nan +/- nan
se
1 1024 1024
diff [-0.04143793135881424]
ref [0.15199896693229675]
[0.11056103557348251]
Training time: 43 	steps per sec: 23
Eval num_timesteps=1024, episode_reward=nan +/- nan
Eval num_timesteps=1024, episode_success=nan +/- nan
se
2 2048 1024
diff [-0.04143793135881424, -0.04135962575674057]
ref [0.15199896693229675, 0.08034086227416992]
[0.11056103557348251, 0.03898123651742935]
Training time: 97 	steps per sec: 20
Eval num_timesteps=2048, episode_reward=nan +/- nan
Eval num_timesteps=2048, episode_success=nan +/- nan
se
3 3072 1024
diff [-0.04143793135881424, -0.04135962575674057, -0.00011566281318664551]
ref [0.15199896693229675, 0.08034086227416992, 0.026687420904636383]
[0.11056103557348251, 0.03898123651742935, 0.026571758091449738]
Training time: 163 	steps per sec: 18
Eval num_timesteps=3072, episode_reward=nan +/- nan
Eval num_timesteps=3072, episode_success=nan +/- nan
se
4 4096 1024
diff [-0.04143793135881424, -0.04135962575674057, -0.00011566281318664551, -0.0005398914217948914]
ref [0.15199896693229675, 0.08034086227416992, 0.026687420904636383, 0.018934575840830803]
[0.11056103557348251, 0.03898123651742935, 0.026571758091449738, 0.01839468441903591]
Training time: 246 	steps per sec: 16
Eval num_timesteps=4096, episode_reward=nan +/- nan
Eval num_timesteps=4096, episode_success=nan +/- nan
se
5 5120 1024
diff [-0.04143793135881424, -0.04135962575674057, -0.00011566281318664551, -0.0005398914217948914, -0.0063848067075014114]
ref [0.15199896693229675, 0.08034086227416992, 0.026687420904636383, 0.018934575840830803, 0.017350755631923676]
[0.11056103557348251, 0.03898123651742935, 0.026571758091449738, 0.01839468441903591, 0.010965948924422264]
Training time: 342 	steps per sec: 14
Eval num_timesteps=5120, episode_reward=nan +/- nan
Eval num_timesteps=5120, episode_success=nan +/- nan
se
6 6144 1024
diff [-0.04143793135881424, -0.04135962575674057, -0.00011566281318664551, -0.0005398914217948914, -0.0063848067075014114, -0.00031860359013080597]
ref [0.15199896693229675, 0.08034086227416992, 0.026687420904636383, 0.018934575840830803, 0.017350755631923676, 0.016342153772711754]
[0.11056103557348251, 0.03898123651742935, 0.026571758091449738, 0.01839468441903591, 0.010965948924422264, 0.016023550182580948]
Training time: 473 	steps per sec: 12
Eval num_timesteps=6144, episode_reward=nan +/- nan
Eval num_timesteps=6144, episode_success=nan +/- nan
se
7 7168 1024
diff [-0.04143793135881424, -0.04135962575674057, -0.00011566281318664551, -0.0005398914217948914, -0.0063848067075014114, -0.00031860359013080597, -0.0024380655959248543]
ref [0.15199896693229675, 0.08034086227416992, 0.026687420904636383, 0.018934575840830803, 0.017350755631923676, 0.016342153772711754, 0.016259297728538513]
[0.11056103557348251, 0.03898123651742935, 0.026571758091449738, 0.01839468441903591, 0.010965948924422264, 0.016023550182580948, 0.013821232132613659]
Training time: 622 	steps per sec: 11
Eval num_timesteps=7168, episode_reward=nan +/- nan
Eval num_timesteps=7168, episode_success=nan +/- nan
se
8 8192 1024
diff [-0.04143793135881424, -0.04135962575674057, -0.00011566281318664551, -0.0005398914217948914, -0.0063848067075014114, -0.00031860359013080597, -0.0024380655959248543, 0.0011618835851550102]
ref [0.15199896693229675, 0.08034086227416992, 0.026687420904636383, 0.018934575840830803, 0.017350755631923676, 0.016342153772711754, 0.016259297728538513, 0.011750943027436733]
[0.11056103557348251, 0.03898123651742935, 0.026571758091449738, 0.01839468441903591, 0.010965948924422264, 0.016023550182580948, 0.013821232132613659, 0.012912826612591743]
Training time: 789 	steps per sec: 10
Eval num_timesteps=8192, episode_reward=nan +/- nan
Eval num_timesteps=8192, episode_success=nan +/- nan
se
9 9216 1024
diff [-0.04143793135881424, -0.04135962575674057, -0.00011566281318664551, -0.0005398914217948914, -0.0063848067075014114, -0.00031860359013080597, -0.0024380655959248543, 0.0011618835851550102, 0.0017070211470127106]
ref [0.15199896693229675, 0.08034086227416992, 0.026687420904636383, 0.018934575840830803, 0.017350755631923676, 0.016342153772711754, 0.016259297728538513, 0.011750943027436733, 0.00924029853194952]
[0.11056103557348251, 0.03898123651742935, 0.026571758091449738, 0.01839468441903591, 0.010965948924422264, 0.016023550182580948, 0.013821232132613659, 0.012912826612591743, 0.01094731967896223]
Training time: 967 	steps per sec: 9
Eval num_timesteps=9216, episode_reward=nan +/- nan
Eval num_timesteps=9216, episode_success=nan +/- nan
se
10 10240 1024
diff [-0.04143793135881424, -0.04135962575674057, -0.00011566281318664551, -0.0005398914217948914, -0.0063848067075014114, -0.00031860359013080597, -0.0024380655959248543, 0.0011618835851550102, 0.0017070211470127106, 0.0020889630541205406]
ref [0.15199896693229675, 0.08034086227416992, 0.026687420904636383, 0.018934575840830803, 0.017350755631923676, 0.016342153772711754, 0.016259297728538513, 0.011750943027436733, 0.00924029853194952, 0.007682759314775467]
[0.11056103557348251, 0.03898123651742935, 0.026571758091449738, 0.01839468441903591, 0.010965948924422264, 0.016023550182580948, 0.013821232132613659, 0.012912826612591743, 0.01094731967896223, 0.009771722368896008]
Training time: 1150 	steps per sec: 8
Eval num_timesteps=10240, episode_reward=nan +/- nan
Eval num_timesteps=10240, episode_success=nan +/- nan
se
11 11264 1024
diff [-0.04143793135881424, -0.04135962575674057, -0.00011566281318664551, -0.0005398914217948914, -0.0063848067075014114, -0.00031860359013080597, -0.0024380655959248543, 0.0011618835851550102, 0.0017070211470127106, 0.0020889630541205406, -0.003858949989080429]
ref [0.15199896693229675, 0.08034086227416992, 0.026687420904636383, 0.018934575840830803, 0.017350755631923676, 0.016342153772711754, 0.016259297728538513, 0.011750943027436733, 0.00924029853194952, 0.007682759314775467, 0.011652732267975807]
[0.11056103557348251, 0.03898123651742935, 0.026571758091449738, 0.01839468441903591, 0.010965948924422264, 0.016023550182580948, 0.013821232132613659, 0.012912826612591743, 0.01094731967896223, 0.009771722368896008, 0.007793782278895378]
Training time: 1330 	steps per sec: 8
Eval num_timesteps=11264, episode_reward=nan +/- nan
Eval num_timesteps=11264, episode_success=nan +/- nan
se
12 12288 1024
diff [-0.04143793135881424, -0.04135962575674057, -0.00011566281318664551, -0.0005398914217948914, -0.0063848067075014114, -0.00031860359013080597, -0.0024380655959248543, 0.0011618835851550102, 0.0017070211470127106, 0.0020889630541205406, -0.003858949989080429, -0.0008175298571586609]
ref [0.15199896693229675, 0.08034086227416992, 0.026687420904636383, 0.018934575840830803, 0.017350755631923676, 0.016342153772711754, 0.016259297728538513, 0.011750943027436733, 0.00924029853194952, 0.007682759314775467, 0.011652732267975807, 0.007352940738201141]
[0.11056103557348251, 0.03898123651742935, 0.026571758091449738, 0.01839468441903591, 0.010965948924422264, 0.016023550182580948, 0.013821232132613659, 0.012912826612591743, 0.01094731967896223, 0.009771722368896008, 0.007793782278895378, 0.0065354108810424805]
Training time: 1528 	steps per sec: 8
Eval num_timesteps=12288, episode_reward=nan +/- nan
Eval num_timesteps=12288, episode_success=nan +/- nan
se
13 13312 1024
diff [-0.04143793135881424, -0.04135962575674057, -0.00011566281318664551, -0.0005398914217948914, -0.0063848067075014114, -0.00031860359013080597, -0.0024380655959248543, 0.0011618835851550102, 0.0017070211470127106, 0.0020889630541205406, -0.003858949989080429, -0.0008175298571586609, -0.0014209193177521229]
ref [0.15199896693229675, 0.08034086227416992, 0.026687420904636383, 0.018934575840830803, 0.017350755631923676, 0.016342153772711754, 0.016259297728538513, 0.011750943027436733, 0.00924029853194952, 0.007682759314775467, 0.011652732267975807, 0.007352940738201141, 0.0072030797600746155]
[0.11056103557348251, 0.03898123651742935, 0.026571758091449738, 0.01839468441903591, 0.010965948924422264, 0.016023550182580948, 0.013821232132613659, 0.012912826612591743, 0.01094731967896223, 0.009771722368896008, 0.007793782278895378, 0.0065354108810424805, 0.005782160442322493]
Training time: 1777 	steps per sec: 7
Eval num_timesteps=13312, episode_reward=nan +/- nan
Eval num_timesteps=13312, episode_success=nan +/- nan
se
14 14336 1024
diff [-0.04143793135881424, -0.04135962575674057, -0.00011566281318664551, -0.0005398914217948914, -0.0063848067075014114, -0.00031860359013080597, -0.0024380655959248543, 0.0011618835851550102, 0.0017070211470127106, 0.0020889630541205406, -0.003858949989080429, -0.0008175298571586609, -0.0014209193177521229, -0.0005973083898425102]
ref [0.15199896693229675, 0.08034086227416992, 0.026687420904636383, 0.018934575840830803, 0.017350755631923676, 0.016342153772711754, 0.016259297728538513, 0.011750943027436733, 0.00924029853194952, 0.007682759314775467, 0.011652732267975807, 0.007352940738201141, 0.0072030797600746155, 0.005451205652207136]
[0.11056103557348251, 0.03898123651742935, 0.026571758091449738, 0.01839468441903591, 0.010965948924422264, 0.016023550182580948, 0.013821232132613659, 0.012912826612591743, 0.01094731967896223, 0.009771722368896008, 0.007793782278895378, 0.0065354108810424805, 0.005782160442322493, 0.004853897262364626]
Training time: 1997 	steps per sec: 7
Eval num_timesteps=14336, episode_reward=nan +/- nan
Eval num_timesteps=14336, episode_success=nan +/- nan
se
15 15360 1024
diff [-0.04143793135881424, -0.04135962575674057, -0.00011566281318664551, -0.0005398914217948914, -0.0063848067075014114, -0.00031860359013080597, -0.0024380655959248543, 0.0011618835851550102, 0.0017070211470127106, 0.0020889630541205406, -0.003858949989080429, -0.0008175298571586609, -0.0014209193177521229, -0.0005973083898425102, -0.0027628899551928043]
ref [0.15199896693229675, 0.08034086227416992, 0.026687420904636383, 0.018934575840830803, 0.017350755631923676, 0.016342153772711754, 0.016259297728538513, 0.011750943027436733, 0.00924029853194952, 0.007682759314775467, 0.011652732267975807, 0.007352940738201141, 0.0072030797600746155, 0.005451205652207136, 0.007252526935189962]
[0.11056103557348251, 0.03898123651742935, 0.026571758091449738, 0.01839468441903591, 0.010965948924422264, 0.016023550182580948, 0.013821232132613659, 0.012912826612591743, 0.01094731967896223, 0.009771722368896008, 0.007793782278895378, 0.0065354108810424805, 0.005782160442322493, 0.004853897262364626, 0.004489636979997158]
Training time: 2248 	steps per sec: 6
Eval num_timesteps=15360, episode_reward=nan +/- nan
Eval num_timesteps=15360, episode_success=nan +/- nan
se
16 16384 1024
diff [-0.04143793135881424, -0.04135962575674057, -0.00011566281318664551, -0.0005398914217948914, -0.0063848067075014114, -0.00031860359013080597, -0.0024380655959248543, 0.0011618835851550102, 0.0017070211470127106, 0.0020889630541205406, -0.003858949989080429, -0.0008175298571586609, -0.0014209193177521229, -0.0005973083898425102, -0.0027628899551928043, -0.0023480458185076714]
ref [0.15199896693229675, 0.08034086227416992, 0.026687420904636383, 0.018934575840830803, 0.017350755631923676, 0.016342153772711754, 0.016259297728538513, 0.011750943027436733, 0.00924029853194952, 0.007682759314775467, 0.011652732267975807, 0.007352940738201141, 0.0072030797600746155, 0.005451205652207136, 0.007252526935189962, 0.006741043645888567]
[0.11056103557348251, 0.03898123651742935, 0.026571758091449738, 0.01839468441903591, 0.010965948924422264, 0.016023550182580948, 0.013821232132613659, 0.012912826612591743, 0.01094731967896223, 0.009771722368896008, 0.007793782278895378, 0.0065354108810424805, 0.005782160442322493, 0.004853897262364626, 0.004489636979997158, 0.004392997827380896]
Training time: 2467 	steps per sec: 6
Eval num_timesteps=16384, episode_reward=nan +/- nan
Eval num_timesteps=16384, episode_success=nan +/- nan
se
16 16384 1024
diff [-0.04143793135881424, -0.04135962575674057, -0.00011566281318664551, -0.0005398914217948914, -0.0063848067075014114, -0.00031860359013080597, -0.0024380655959248543, 0.0011618835851550102, 0.0017070211470127106, 0.0020889630541205406, -0.003858949989080429, -0.0008175298571586609, -0.0014209193177521229, -0.0005973083898425102, -0.0027628899551928043, -0.0023480458185076714, -1.937616616487503e-05]
ref [0.15199896693229675, 0.08034086227416992, 0.026687420904636383, 0.018934575840830803, 0.017350755631923676, 0.016342153772711754, 0.016259297728538513, 0.011750943027436733, 0.00924029853194952, 0.007682759314775467, 0.011652732267975807, 0.007352940738201141, 0.0072030797600746155, 0.005451205652207136, 0.007252526935189962, 0.006741043645888567, 0.005385302938520908]
[0.11056103557348251, 0.03898123651742935, 0.026571758091449738, 0.01839468441903591, 0.010965948924422264, 0.016023550182580948, 0.013821232132613659, 0.012912826612591743, 0.01094731967896223, 0.009771722368896008, 0.007793782278895378, 0.0065354108810424805, 0.005782160442322493, 0.004853897262364626, 0.004489636979997158, 0.004392997827380896, 0.005365926772356033]
Training time: 2696 	steps per sec: 6
Eval num_timesteps=17408, episode_reward=nan +/- nan
Eval num_timesteps=17408, episode_success=nan +/- nan
se
16 16384 1024
diff [-0.04143793135881424, -0.04135962575674057, -0.00011566281318664551, -0.0005398914217948914, -0.0063848067075014114, -0.00031860359013080597, -0.0024380655959248543, 0.0011618835851550102, 0.0017070211470127106, 0.0020889630541205406, -0.003858949989080429, -0.0008175298571586609, -0.0014209193177521229, -0.0005973083898425102, -0.0027628899551928043, -0.0023480458185076714, -1.937616616487503e-05, -0.0021699299104511738]
ref [0.15199896693229675, 0.08034086227416992, 0.026687420904636383, 0.018934575840830803, 0.017350755631923676, 0.016342153772711754, 0.016259297728538513, 0.011750943027436733, 0.00924029853194952, 0.007682759314775467, 0.011652732267975807, 0.007352940738201141, 0.0072030797600746155, 0.005451205652207136, 0.007252526935189962, 0.006741043645888567, 0.005385302938520908, 0.007793644908815622]
[0.11056103557348251, 0.03898123651742935, 0.026571758091449738, 0.01839468441903591, 0.010965948924422264, 0.016023550182580948, 0.013821232132613659, 0.012912826612591743, 0.01094731967896223, 0.009771722368896008, 0.007793782278895378, 0.0065354108810424805, 0.005782160442322493, 0.004853897262364626, 0.004489636979997158, 0.004392997827380896, 0.005365926772356033, 0.0056237149983644485]
Training time: 2936 	steps per sec: 6
Eval num_timesteps=18432, episode_reward=nan +/- nan
Eval num_timesteps=18432, episode_success=nan +/- nan
se
16 16384 1024
diff [-0.04143793135881424, -0.04135962575674057, -0.00011566281318664551, -0.0005398914217948914, -0.0063848067075014114, -0.00031860359013080597, -0.0024380655959248543, 0.0011618835851550102, 0.0017070211470127106, 0.0020889630541205406, -0.003858949989080429, -0.0008175298571586609, -0.0014209193177521229, -0.0005973083898425102, -0.0027628899551928043, -0.0023480458185076714, -1.937616616487503e-05, -0.0021699299104511738, 0.00032280711457133293]
ref [0.15199896693229675, 0.08034086227416992, 0.026687420904636383, 0.018934575840830803, 0.017350755631923676, 0.016342153772711754, 0.016259297728538513, 0.011750943027436733, 0.00924029853194952, 0.007682759314775467, 0.011652732267975807, 0.007352940738201141, 0.0072030797600746155, 0.005451205652207136, 0.007252526935189962, 0.006741043645888567, 0.005385302938520908, 0.007793644908815622, 0.004907277412712574]
[0.11056103557348251, 0.03898123651742935, 0.026571758091449738, 0.01839468441903591, 0.010965948924422264, 0.016023550182580948, 0.013821232132613659, 0.012912826612591743, 0.01094731967896223, 0.009771722368896008, 0.007793782278895378, 0.0065354108810424805, 0.005782160442322493, 0.004853897262364626, 0.004489636979997158, 0.004392997827380896, 0.005365926772356033, 0.0056237149983644485, 0.005230084527283907]
Training time: 3186 	steps per sec: 6
Eval num_timesteps=19456, episode_reward=nan +/- nan
Eval num_timesteps=19456, episode_success=nan +/- nan
se
16 16384 1024
diff [-0.04143793135881424, -0.04135962575674057, -0.00011566281318664551, -0.0005398914217948914, -0.0063848067075014114, -0.00031860359013080597, -0.0024380655959248543, 0.0011618835851550102, 0.0017070211470127106, 0.0020889630541205406, -0.003858949989080429, -0.0008175298571586609, -0.0014209193177521229, -0.0005973083898425102, -0.0027628899551928043, -0.0023480458185076714, -1.937616616487503e-05, -0.0021699299104511738, 0.00032280711457133293, -0.001136191189289093]
ref [0.15199896693229675, 0.08034086227416992, 0.026687420904636383, 0.018934575840830803, 0.017350755631923676, 0.016342153772711754, 0.016259297728538513, 0.011750943027436733, 0.00924029853194952, 0.007682759314775467, 0.011652732267975807, 0.007352940738201141, 0.0072030797600746155, 0.005451205652207136, 0.007252526935189962, 0.006741043645888567, 0.005385302938520908, 0.007793644908815622, 0.004907277412712574, 0.006520148832350969]
[0.11056103557348251, 0.03898123651742935, 0.026571758091449738, 0.01839468441903591, 0.010965948924422264, 0.016023550182580948, 0.013821232132613659, 0.012912826612591743, 0.01094731967896223, 0.009771722368896008, 0.007793782278895378, 0.0065354108810424805, 0.005782160442322493, 0.004853897262364626, 0.004489636979997158, 0.004392997827380896, 0.005365926772356033, 0.0056237149983644485, 0.005230084527283907, 0.005383957643061876]
Training time: 3440 	steps per sec: 5
Eval num_timesteps=20480, episode_reward=nan +/- nan
Eval num_timesteps=20480, episode_success=nan +/- nan
se
16 16384 1024
diff [-0.04143793135881424, -0.04135962575674057, -0.00011566281318664551, -0.0005398914217948914, -0.0063848067075014114, -0.00031860359013080597, -0.0024380655959248543, 0.0011618835851550102, 0.0017070211470127106, 0.0020889630541205406, -0.003858949989080429, -0.0008175298571586609, -0.0014209193177521229, -0.0005973083898425102, -0.0027628899551928043, -0.0023480458185076714, -1.937616616487503e-05, -0.0021699299104511738, 0.00032280711457133293, -0.001136191189289093, -0.0008942610584199429]
ref [0.15199896693229675, 0.08034086227416992, 0.026687420904636383, 0.018934575840830803, 0.017350755631923676, 0.016342153772711754, 0.016259297728538513, 0.011750943027436733, 0.00924029853194952, 0.007682759314775467, 0.011652732267975807, 0.007352940738201141, 0.0072030797600746155, 0.005451205652207136, 0.007252526935189962, 0.006741043645888567, 0.005385302938520908, 0.007793644908815622, 0.004907277412712574, 0.006520148832350969, 0.005796813406050205]
[0.11056103557348251, 0.03898123651742935, 0.026571758091449738, 0.01839468441903591, 0.010965948924422264, 0.016023550182580948, 0.013821232132613659, 0.012912826612591743, 0.01094731967896223, 0.009771722368896008, 0.007793782278895378, 0.0065354108810424805, 0.005782160442322493, 0.004853897262364626, 0.004489636979997158, 0.004392997827380896, 0.005365926772356033, 0.0056237149983644485, 0.005230084527283907, 0.005383957643061876, 0.004902552347630262]
Training time: 3678 	steps per sec: 5
Eval num_timesteps=21504, episode_reward=nan +/- nan
Eval num_timesteps=21504, episode_success=nan +/- nan
se
16 16384 1024
diff [-0.04143793135881424, -0.04135962575674057, -0.00011566281318664551, -0.0005398914217948914, -0.0063848067075014114, -0.00031860359013080597, -0.0024380655959248543, 0.0011618835851550102, 0.0017070211470127106, 0.0020889630541205406, -0.003858949989080429, -0.0008175298571586609, -0.0014209193177521229, -0.0005973083898425102, -0.0027628899551928043, -0.0023480458185076714, -1.937616616487503e-05, -0.0021699299104511738, 0.00032280711457133293, -0.001136191189289093, -0.0008942610584199429, -0.0020615514367818832]
ref [0.15199896693229675, 0.08034086227416992, 0.026687420904636383, 0.018934575840830803, 0.017350755631923676, 0.016342153772711754, 0.016259297728538513, 0.011750943027436733, 0.00924029853194952, 0.007682759314775467, 0.011652732267975807, 0.007352940738201141, 0.0072030797600746155, 0.005451205652207136, 0.007252526935189962, 0.006741043645888567, 0.005385302938520908, 0.007793644908815622, 0.004907277412712574, 0.006520148832350969, 0.005796813406050205, 0.006033189129084349]
[0.11056103557348251, 0.03898123651742935, 0.026571758091449738, 0.01839468441903591, 0.010965948924422264, 0.016023550182580948, 0.013821232132613659, 0.012912826612591743, 0.01094731967896223, 0.009771722368896008, 0.007793782278895378, 0.0065354108810424805, 0.005782160442322493, 0.004853897262364626, 0.004489636979997158, 0.004392997827380896, 0.005365926772356033, 0.0056237149983644485, 0.005230084527283907, 0.005383957643061876, 0.004902552347630262, 0.0039716376923024654]
Training time: 3903 	steps per sec: 5
Eval num_timesteps=22528, episode_reward=nan +/- nan
Eval num_timesteps=22528, episode_success=nan +/- nan
se
16 16384 1024
diff [-0.04143793135881424, -0.04135962575674057, -0.00011566281318664551, -0.0005398914217948914, -0.0063848067075014114, -0.00031860359013080597, -0.0024380655959248543, 0.0011618835851550102, 0.0017070211470127106, 0.0020889630541205406, -0.003858949989080429, -0.0008175298571586609, -0.0014209193177521229, -0.0005973083898425102, -0.0027628899551928043, -0.0023480458185076714, -1.937616616487503e-05, -0.0021699299104511738, 0.00032280711457133293, -0.001136191189289093, -0.0008942610584199429, -0.0020615514367818832, -0.0018894486129283905]
ref [0.15199896693229675, 0.08034086227416992, 0.026687420904636383, 0.018934575840830803, 0.017350755631923676, 0.016342153772711754, 0.016259297728538513, 0.011750943027436733, 0.00924029853194952, 0.007682759314775467, 0.011652732267975807, 0.007352940738201141, 0.0072030797600746155, 0.005451205652207136, 0.007252526935189962, 0.006741043645888567, 0.005385302938520908, 0.007793644908815622, 0.004907277412712574, 0.006520148832350969, 0.005796813406050205, 0.006033189129084349, 0.005869460292160511]
[0.11056103557348251, 0.03898123651742935, 0.026571758091449738, 0.01839468441903591, 0.010965948924422264, 0.016023550182580948, 0.013821232132613659, 0.012912826612591743, 0.01094731967896223, 0.009771722368896008, 0.007793782278895378, 0.0065354108810424805, 0.005782160442322493, 0.004853897262364626, 0.004489636979997158, 0.004392997827380896, 0.005365926772356033, 0.0056237149983644485, 0.005230084527283907, 0.005383957643061876, 0.004902552347630262, 0.0039716376923024654, 0.0039800116792321205]
Training time: 4123 	steps per sec: 5
Eval num_timesteps=23552, episode_reward=nan +/- nan
Eval num_timesteps=23552, episode_success=nan +/- nan
se
16 16384 1024
diff [-0.04143793135881424, -0.04135962575674057, -0.00011566281318664551, -0.0005398914217948914, -0.0063848067075014114, -0.00031860359013080597, -0.0024380655959248543, 0.0011618835851550102, 0.0017070211470127106, 0.0020889630541205406, -0.003858949989080429, -0.0008175298571586609, -0.0014209193177521229, -0.0005973083898425102, -0.0027628899551928043, -0.0023480458185076714, -1.937616616487503e-05, -0.0021699299104511738, 0.00032280711457133293, -0.001136191189289093, -0.0008942610584199429, -0.0020615514367818832, -0.0018894486129283905, -0.004251819336786866]
ref [0.15199896693229675, 0.08034086227416992, 0.026687420904636383, 0.018934575840830803, 0.017350755631923676, 0.016342153772711754, 0.016259297728538513, 0.011750943027436733, 0.00924029853194952, 0.007682759314775467, 0.011652732267975807, 0.007352940738201141, 0.0072030797600746155, 0.005451205652207136, 0.007252526935189962, 0.006741043645888567, 0.005385302938520908, 0.007793644908815622, 0.004907277412712574, 0.006520148832350969, 0.005796813406050205, 0.006033189129084349, 0.005869460292160511, 0.007748042233288288]
[0.11056103557348251, 0.03898123651742935, 0.026571758091449738, 0.01839468441903591, 0.010965948924422264, 0.016023550182580948, 0.013821232132613659, 0.012912826612591743, 0.01094731967896223, 0.009771722368896008, 0.007793782278895378, 0.0065354108810424805, 0.005782160442322493, 0.004853897262364626, 0.004489636979997158, 0.004392997827380896, 0.005365926772356033, 0.0056237149983644485, 0.005230084527283907, 0.005383957643061876, 0.004902552347630262, 0.0039716376923024654, 0.0039800116792321205, 0.003496222896501422]
Training time: 4352 	steps per sec: 5
Eval num_timesteps=24576, episode_reward=nan +/- nan
Eval num_timesteps=24576, episode_success=nan +/- nan
se
16 16384 1024
diff [-0.04143793135881424, -0.04135962575674057, -0.00011566281318664551, -0.0005398914217948914, -0.0063848067075014114, -0.00031860359013080597, -0.0024380655959248543, 0.0011618835851550102, 0.0017070211470127106, 0.0020889630541205406, -0.003858949989080429, -0.0008175298571586609, -0.0014209193177521229, -0.0005973083898425102, -0.0027628899551928043, -0.0023480458185076714, -1.937616616487503e-05, -0.0021699299104511738, 0.00032280711457133293, -0.001136191189289093, -0.0008942610584199429, -0.0020615514367818832, -0.0018894486129283905, -0.004251819336786866, -0.001369487727060914]
ref [0.15199896693229675, 0.08034086227416992, 0.026687420904636383, 0.018934575840830803, 0.017350755631923676, 0.016342153772711754, 0.016259297728538513, 0.011750943027436733, 0.00924029853194952, 0.007682759314775467, 0.011652732267975807, 0.007352940738201141, 0.0072030797600746155, 0.005451205652207136, 0.007252526935189962, 0.006741043645888567, 0.005385302938520908, 0.007793644908815622, 0.004907277412712574, 0.006520148832350969, 0.005796813406050205, 0.006033189129084349, 0.005869460292160511, 0.007748042233288288, 0.005037191789597273]
[0.11056103557348251, 0.03898123651742935, 0.026571758091449738, 0.01839468441903591, 0.010965948924422264, 0.016023550182580948, 0.013821232132613659, 0.012912826612591743, 0.01094731967896223, 0.009771722368896008, 0.007793782278895378, 0.0065354108810424805, 0.005782160442322493, 0.004853897262364626, 0.004489636979997158, 0.004392997827380896, 0.005365926772356033, 0.0056237149983644485, 0.005230084527283907, 0.005383957643061876, 0.004902552347630262, 0.0039716376923024654, 0.0039800116792321205, 0.003496222896501422, 0.003667704062536359]
Training time: 4590 	steps per sec: 5
Eval num_timesteps=25600, episode_reward=nan +/- nan
Eval num_timesteps=25600, episode_success=nan +/- nan
se
16 16384 1024
diff [-0.04143793135881424, -0.04135962575674057, -0.00011566281318664551, -0.0005398914217948914, -0.0063848067075014114, -0.00031860359013080597, -0.0024380655959248543, 0.0011618835851550102, 0.0017070211470127106, 0.0020889630541205406, -0.003858949989080429, -0.0008175298571586609, -0.0014209193177521229, -0.0005973083898425102, -0.0027628899551928043, -0.0023480458185076714, -1.937616616487503e-05, -0.0021699299104511738, 0.00032280711457133293, -0.001136191189289093, -0.0008942610584199429, -0.0020615514367818832, -0.0018894486129283905, -0.004251819336786866, -0.001369487727060914, -0.0023825797252357006]
ref [0.15199896693229675, 0.08034086227416992, 0.026687420904636383, 0.018934575840830803, 0.017350755631923676, 0.016342153772711754, 0.016259297728538513, 0.011750943027436733, 0.00924029853194952, 0.007682759314775467, 0.011652732267975807, 0.007352940738201141, 0.0072030797600746155, 0.005451205652207136, 0.007252526935189962, 0.006741043645888567, 0.005385302938520908, 0.007793644908815622, 0.004907277412712574, 0.006520148832350969, 0.005796813406050205, 0.006033189129084349, 0.005869460292160511, 0.007748042233288288, 0.005037191789597273, 0.006120119243860245]
[0.11056103557348251, 0.03898123651742935, 0.026571758091449738, 0.01839468441903591, 0.010965948924422264, 0.016023550182580948, 0.013821232132613659, 0.012912826612591743, 0.01094731967896223, 0.009771722368896008, 0.007793782278895378, 0.0065354108810424805, 0.005782160442322493, 0.004853897262364626, 0.004489636979997158, 0.004392997827380896, 0.005365926772356033, 0.0056237149983644485, 0.005230084527283907, 0.005383957643061876, 0.004902552347630262, 0.0039716376923024654, 0.0039800116792321205, 0.003496222896501422, 0.003667704062536359, 0.003737539518624544]
Training time: 4833 	steps per sec: 5
Eval num_timesteps=26624, episode_reward=nan +/- nan
Eval num_timesteps=26624, episode_success=nan +/- nan
se
16 16384 1024
diff [-0.04143793135881424, -0.04135962575674057, -0.00011566281318664551, -0.0005398914217948914, -0.0063848067075014114, -0.00031860359013080597, -0.0024380655959248543, 0.0011618835851550102, 0.0017070211470127106, 0.0020889630541205406, -0.003858949989080429, -0.0008175298571586609, -0.0014209193177521229, -0.0005973083898425102, -0.0027628899551928043, -0.0023480458185076714, -1.937616616487503e-05, -0.0021699299104511738, 0.00032280711457133293, -0.001136191189289093, -0.0008942610584199429, -0.0020615514367818832, -0.0018894486129283905, -0.004251819336786866, -0.001369487727060914, -0.0023825797252357006, -0.0007860981859266758]
ref [0.15199896693229675, 0.08034086227416992, 0.026687420904636383, 0.018934575840830803, 0.017350755631923676, 0.016342153772711754, 0.016259297728538513, 0.011750943027436733, 0.00924029853194952, 0.007682759314775467, 0.011652732267975807, 0.007352940738201141, 0.0072030797600746155, 0.005451205652207136, 0.007252526935189962, 0.006741043645888567, 0.005385302938520908, 0.007793644908815622, 0.004907277412712574, 0.006520148832350969, 0.005796813406050205, 0.006033189129084349, 0.005869460292160511, 0.007748042233288288, 0.005037191789597273, 0.006120119243860245, 0.005283601116389036]
[0.11056103557348251, 0.03898123651742935, 0.026571758091449738, 0.01839468441903591, 0.010965948924422264, 0.016023550182580948, 0.013821232132613659, 0.012912826612591743, 0.01094731967896223, 0.009771722368896008, 0.007793782278895378, 0.0065354108810424805, 0.005782160442322493, 0.004853897262364626, 0.004489636979997158, 0.004392997827380896, 0.005365926772356033, 0.0056237149983644485, 0.005230084527283907, 0.005383957643061876, 0.004902552347630262, 0.0039716376923024654, 0.0039800116792321205, 0.003496222896501422, 0.003667704062536359, 0.003737539518624544, 0.00449750293046236]
Training time: 5082 	steps per sec: 5
Eval num_timesteps=27648, episode_reward=nan +/- nan
Eval num_timesteps=27648, episode_success=nan +/- nan
se
16 16384 1024
diff [-0.04143793135881424, -0.04135962575674057, -0.00011566281318664551, -0.0005398914217948914, -0.0063848067075014114, -0.00031860359013080597, -0.0024380655959248543, 0.0011618835851550102, 0.0017070211470127106, 0.0020889630541205406, -0.003858949989080429, -0.0008175298571586609, -0.0014209193177521229, -0.0005973083898425102, -0.0027628899551928043, -0.0023480458185076714, -1.937616616487503e-05, -0.0021699299104511738, 0.00032280711457133293, -0.001136191189289093, -0.0008942610584199429, -0.0020615514367818832, -0.0018894486129283905, -0.004251819336786866, -0.001369487727060914, -0.0023825797252357006, -0.0007860981859266758, -0.0016860337927937508]
ref [0.15199896693229675, 0.08034086227416992, 0.026687420904636383, 0.018934575840830803, 0.017350755631923676, 0.016342153772711754, 0.016259297728538513, 0.011750943027436733, 0.00924029853194952, 0.007682759314775467, 0.011652732267975807, 0.007352940738201141, 0.0072030797600746155, 0.005451205652207136, 0.007252526935189962, 0.006741043645888567, 0.005385302938520908, 0.007793644908815622, 0.004907277412712574, 0.006520148832350969, 0.005796813406050205, 0.006033189129084349, 0.005869460292160511, 0.007748042233288288, 0.005037191789597273, 0.006120119243860245, 0.005283601116389036, 0.0064595602452754974]
[0.11056103557348251, 0.03898123651742935, 0.026571758091449738, 0.01839468441903591, 0.010965948924422264, 0.016023550182580948, 0.013821232132613659, 0.012912826612591743, 0.01094731967896223, 0.009771722368896008, 0.007793782278895378, 0.0065354108810424805, 0.005782160442322493, 0.004853897262364626, 0.004489636979997158, 0.004392997827380896, 0.005365926772356033, 0.0056237149983644485, 0.005230084527283907, 0.005383957643061876, 0.004902552347630262, 0.0039716376923024654, 0.0039800116792321205, 0.003496222896501422, 0.003667704062536359, 0.003737539518624544, 0.00449750293046236, 0.004773526452481747]
Training time: 5300 	steps per sec: 5
Eval num_timesteps=28672, episode_reward=nan +/- nan
Eval num_timesteps=28672, episode_success=nan +/- nan
se
16 16384 1024
diff [-0.04143793135881424, -0.04135962575674057, -0.00011566281318664551, -0.0005398914217948914, -0.0063848067075014114, -0.00031860359013080597, -0.0024380655959248543, 0.0011618835851550102, 0.0017070211470127106, 0.0020889630541205406, -0.003858949989080429, -0.0008175298571586609, -0.0014209193177521229, -0.0005973083898425102, -0.0027628899551928043, -0.0023480458185076714, -1.937616616487503e-05, -0.0021699299104511738, 0.00032280711457133293, -0.001136191189289093, -0.0008942610584199429, -0.0020615514367818832, -0.0018894486129283905, -0.004251819336786866, -0.001369487727060914, -0.0023825797252357006, -0.0007860981859266758, -0.0016860337927937508, -0.0005832435563206673]
ref [0.15199896693229675, 0.08034086227416992, 0.026687420904636383, 0.018934575840830803, 0.017350755631923676, 0.016342153772711754, 0.016259297728538513, 0.011750943027436733, 0.00924029853194952, 0.007682759314775467, 0.011652732267975807, 0.007352940738201141, 0.0072030797600746155, 0.005451205652207136, 0.007252526935189962, 0.006741043645888567, 0.005385302938520908, 0.007793644908815622, 0.004907277412712574, 0.006520148832350969, 0.005796813406050205, 0.006033189129084349, 0.005869460292160511, 0.007748042233288288, 0.005037191789597273, 0.006120119243860245, 0.005283601116389036, 0.0064595602452754974, 0.005614437162876129]
[0.11056103557348251, 0.03898123651742935, 0.026571758091449738, 0.01839468441903591, 0.010965948924422264, 0.016023550182580948, 0.013821232132613659, 0.012912826612591743, 0.01094731967896223, 0.009771722368896008, 0.007793782278895378, 0.0065354108810424805, 0.005782160442322493, 0.004853897262364626, 0.004489636979997158, 0.004392997827380896, 0.005365926772356033, 0.0056237149983644485, 0.005230084527283907, 0.005383957643061876, 0.004902552347630262, 0.0039716376923024654, 0.0039800116792321205, 0.003496222896501422, 0.003667704062536359, 0.003737539518624544, 0.00449750293046236, 0.004773526452481747, 0.005031193606555462]
Training time: 5517 	steps per sec: 5
Eval num_timesteps=29696, episode_reward=nan +/- nan
Eval num_timesteps=29696, episode_success=nan +/- nan
se
16 16384 1024
diff [-0.04143793135881424, -0.04135962575674057, -0.00011566281318664551, -0.0005398914217948914, -0.0063848067075014114, -0.00031860359013080597, -0.0024380655959248543, 0.0011618835851550102, 0.0017070211470127106, 0.0020889630541205406, -0.003858949989080429, -0.0008175298571586609, -0.0014209193177521229, -0.0005973083898425102, -0.0027628899551928043, -0.0023480458185076714, -1.937616616487503e-05, -0.0021699299104511738, 0.00032280711457133293, -0.001136191189289093, -0.0008942610584199429, -0.0020615514367818832, -0.0018894486129283905, -0.004251819336786866, -0.001369487727060914, -0.0023825797252357006, -0.0007860981859266758, -0.0016860337927937508, -0.0005832435563206673, -0.00020440062507987022]
ref [0.15199896693229675, 0.08034086227416992, 0.026687420904636383, 0.018934575840830803, 0.017350755631923676, 0.016342153772711754, 0.016259297728538513, 0.011750943027436733, 0.00924029853194952, 0.007682759314775467, 0.011652732267975807, 0.007352940738201141, 0.0072030797600746155, 0.005451205652207136, 0.007252526935189962, 0.006741043645888567, 0.005385302938520908, 0.007793644908815622, 0.004907277412712574, 0.006520148832350969, 0.005796813406050205, 0.006033189129084349, 0.005869460292160511, 0.007748042233288288, 0.005037191789597273, 0.006120119243860245, 0.005283601116389036, 0.0064595602452754974, 0.005614437162876129, 0.0046196747571229935]
[0.11056103557348251, 0.03898123651742935, 0.026571758091449738, 0.01839468441903591, 0.010965948924422264, 0.016023550182580948, 0.013821232132613659, 0.012912826612591743, 0.01094731967896223, 0.009771722368896008, 0.007793782278895378, 0.0065354108810424805, 0.005782160442322493, 0.004853897262364626, 0.004489636979997158, 0.004392997827380896, 0.005365926772356033, 0.0056237149983644485, 0.005230084527283907, 0.005383957643061876, 0.004902552347630262, 0.0039716376923024654, 0.0039800116792321205, 0.003496222896501422, 0.003667704062536359, 0.003737539518624544, 0.00449750293046236, 0.004773526452481747, 0.005031193606555462, 0.004415274132043123]
Training time: 5748 	steps per sec: 5
Eval num_timesteps=30720, episode_reward=nan +/- nan
Eval num_timesteps=30720, episode_success=nan +/- nan
se
16 16384 1024
diff [-0.04143793135881424, -0.04135962575674057, -0.00011566281318664551, -0.0005398914217948914, -0.0063848067075014114, -0.00031860359013080597, -0.0024380655959248543, 0.0011618835851550102, 0.0017070211470127106, 0.0020889630541205406, -0.003858949989080429, -0.0008175298571586609, -0.0014209193177521229, -0.0005973083898425102, -0.0027628899551928043, -0.0023480458185076714, -1.937616616487503e-05, -0.0021699299104511738, 0.00032280711457133293, -0.001136191189289093, -0.0008942610584199429, -0.0020615514367818832, -0.0018894486129283905, -0.004251819336786866, -0.001369487727060914, -0.0023825797252357006, -0.0007860981859266758, -0.0016860337927937508, -0.0005832435563206673, -0.00020440062507987022, -0.0021457583643496037]
ref [0.15199896693229675, 0.08034086227416992, 0.026687420904636383, 0.018934575840830803, 0.017350755631923676, 0.016342153772711754, 0.016259297728538513, 0.011750943027436733, 0.00924029853194952, 0.007682759314775467, 0.011652732267975807, 0.007352940738201141, 0.0072030797600746155, 0.005451205652207136, 0.007252526935189962, 0.006741043645888567, 0.005385302938520908, 0.007793644908815622, 0.004907277412712574, 0.006520148832350969, 0.005796813406050205, 0.006033189129084349, 0.005869460292160511, 0.007748042233288288, 0.005037191789597273, 0.006120119243860245, 0.005283601116389036, 0.0064595602452754974, 0.005614437162876129, 0.0046196747571229935, 0.0069063398987054825]
[0.11056103557348251, 0.03898123651742935, 0.026571758091449738, 0.01839468441903591, 0.010965948924422264, 0.016023550182580948, 0.013821232132613659, 0.012912826612591743, 0.01094731967896223, 0.009771722368896008, 0.007793782278895378, 0.0065354108810424805, 0.005782160442322493, 0.004853897262364626, 0.004489636979997158, 0.004392997827380896, 0.005365926772356033, 0.0056237149983644485, 0.005230084527283907, 0.005383957643061876, 0.004902552347630262, 0.0039716376923024654, 0.0039800116792321205, 0.003496222896501422, 0.003667704062536359, 0.003737539518624544, 0.00449750293046236, 0.004773526452481747, 0.005031193606555462, 0.004415274132043123, 0.004760581534355879]
Training time: 5984 	steps per sec: 5
Eval num_timesteps=31744, episode_reward=nan +/- nan
Eval num_timesteps=31744, episode_success=nan +/- nan
se
16 16384 1024
diff [-0.04143793135881424, -0.04135962575674057, -0.00011566281318664551, -0.0005398914217948914, -0.0063848067075014114, -0.00031860359013080597, -0.0024380655959248543, 0.0011618835851550102, 0.0017070211470127106, 0.0020889630541205406, -0.003858949989080429, -0.0008175298571586609, -0.0014209193177521229, -0.0005973083898425102, -0.0027628899551928043, -0.0023480458185076714, -1.937616616487503e-05, -0.0021699299104511738, 0.00032280711457133293, -0.001136191189289093, -0.0008942610584199429, -0.0020615514367818832, -0.0018894486129283905, -0.004251819336786866, -0.001369487727060914, -0.0023825797252357006, -0.0007860981859266758, -0.0016860337927937508, -0.0005832435563206673, -0.00020440062507987022, -0.0021457583643496037, -0.000867071095854044]
ref [0.15199896693229675, 0.08034086227416992, 0.026687420904636383, 0.018934575840830803, 0.017350755631923676, 0.016342153772711754, 0.016259297728538513, 0.011750943027436733, 0.00924029853194952, 0.007682759314775467, 0.011652732267975807, 0.007352940738201141, 0.0072030797600746155, 0.005451205652207136, 0.007252526935189962, 0.006741043645888567, 0.005385302938520908, 0.007793644908815622, 0.004907277412712574, 0.006520148832350969, 0.005796813406050205, 0.006033189129084349, 0.005869460292160511, 0.007748042233288288, 0.005037191789597273, 0.006120119243860245, 0.005283601116389036, 0.0064595602452754974, 0.005614437162876129, 0.0046196747571229935, 0.0069063398987054825, 0.005724508780986071]
[0.11056103557348251, 0.03898123651742935, 0.026571758091449738, 0.01839468441903591, 0.010965948924422264, 0.016023550182580948, 0.013821232132613659, 0.012912826612591743, 0.01094731967896223, 0.009771722368896008, 0.007793782278895378, 0.0065354108810424805, 0.005782160442322493, 0.004853897262364626, 0.004489636979997158, 0.004392997827380896, 0.005365926772356033, 0.0056237149983644485, 0.005230084527283907, 0.005383957643061876, 0.004902552347630262, 0.0039716376923024654, 0.0039800116792321205, 0.003496222896501422, 0.003667704062536359, 0.003737539518624544, 0.00449750293046236, 0.004773526452481747, 0.005031193606555462, 0.004415274132043123, 0.004760581534355879, 0.004857437685132027]
Training time: 6219 	steps per sec: 5
Eval num_timesteps=32768, episode_reward=nan +/- nan
Eval num_timesteps=32768, episode_success=nan +/- nan
results/Swimmer-v4/
results/Swimmer-v4/ppo_ros/
results/Swimmer-v4/ppo_ros/expert/
results/Swimmer-v4/ppo_ros/expert/b_16/
results/Swimmer-v4/ppo_ros/expert/b_16/no_lambda/
results/Swimmer-v4/ppo_ros/expert/b_16/no_lambda/run_3/
results/Swimmer-v4/ppo_ros/expert/b_16/no_lambda/run_3/config.yml
results/Swimmer-v4/ppo_ros/expert/b_16/no_lambda/run_3/evaluations.npz
results/Swimmer-v4/ppo_ros/expert/b_16/no_lambda/run_3/stats.npz
