ppo_ros_continuous.py --env-id HalfCheetah-v4 -s expert/b_16/no_lambda --total-timesteps 32768 --eval-freq 1 --eval-episodes 0 -b 16 --num-steps 1024 -lr 0 --update-epochs 0 --anneal-lr 0 --ros-num-steps 256 --ros-update-epochs 16 --ros-target-kl 0.05 --ros-clip-coef 0.3 --ros-lambda 0 -ros-lr 0.001 --ros-anneal-lr 0 --se 1 --se-freq 1 --se-lr 1e-3 --se-epochs 1000 --policy-path policies/HalfCheetah-v4/best_model.zip --normalization-dir policies/HalfCheetah-v4
Obtaining file:///var/lib/condor/execute/slot1/dir_394905/PPOROS/PPOROS/custom-envs
  Preparing metadata (setup.py): started
  Preparing metadata (setup.py): finished with status 'done'
Requirement already satisfied: gym in /var/lib/condor/execute/slot1/dir_394905/PPOROS/ppo-ros_env/lib/python3.9/site-packages (from custom-envs==0.0.1) (0.21.0)
Requirement already satisfied: cloudpickle>=1.2.0 in /var/lib/condor/execute/slot1/dir_394905/PPOROS/ppo-ros_env/lib/python3.9/site-packages (from gym->custom-envs==0.0.1) (2.2.1)
Requirement already satisfied: numpy>=1.18.0 in /var/lib/condor/execute/slot1/dir_394905/PPOROS/ppo-ros_env/lib/python3.9/site-packages (from gym->custom-envs==0.0.1) (1.24.2)
Installing collected packages: custom-envs
  Running setup.py develop for custom-envs
Successfully installed custom-envs-0.0.1
seed: 2
Eval num_timesteps=0, episode_reward=nan +/- nan
Eval num_timesteps=0, episode_success=nan +/- nan
se
1 1024 1024
diff [-0.012242734432220459]
ref [0.338297575712204]
[0.3260548412799835]
Training time: 16 	steps per sec: 60
Eval num_timesteps=1024, episode_reward=nan +/- nan
Eval num_timesteps=1024, episode_success=nan +/- nan
se
2 2048 1024
diff [-0.012242734432220459, -0.01883631944656372]
ref [0.338297575712204, 0.12222392112016678]
[0.3260548412799835, 0.10338760167360306]
Training time: 50 	steps per sec: 40
Eval num_timesteps=2048, episode_reward=nan +/- nan
Eval num_timesteps=2048, episode_success=nan +/- nan
se
3 3072 1024
diff [-0.012242734432220459, -0.01883631944656372, -0.027094446122646332]
ref [0.338297575712204, 0.12222392112016678, 0.08861597627401352]
[0.3260548412799835, 0.10338760167360306, 0.06152153015136719]
Training time: 92 	steps per sec: 33
Eval num_timesteps=3072, episode_reward=nan +/- nan
Eval num_timesteps=3072, episode_success=nan +/- nan
se
4 4096 1024
diff [-0.012242734432220459, -0.01883631944656372, -0.027094446122646332, -0.01391584426164627]
ref [0.338297575712204, 0.12222392112016678, 0.08861597627401352, 0.0605134591460228]
[0.3260548412799835, 0.10338760167360306, 0.06152153015136719, 0.046597614884376526]
Training time: 141 	steps per sec: 28
Eval num_timesteps=4096, episode_reward=nan +/- nan
Eval num_timesteps=4096, episode_success=nan +/- nan
se
5 5120 1024
diff [-0.012242734432220459, -0.01883631944656372, -0.027094446122646332, -0.01391584426164627, -0.015881787985563278]
ref [0.338297575712204, 0.12222392112016678, 0.08861597627401352, 0.0605134591460228, 0.05221163108944893]
[0.3260548412799835, 0.10338760167360306, 0.06152153015136719, 0.046597614884376526, 0.03632984310388565]
Training time: 204 	steps per sec: 25
Eval num_timesteps=5120, episode_reward=nan +/- nan
Eval num_timesteps=5120, episode_success=nan +/- nan
se
6 6144 1024
diff [-0.012242734432220459, -0.01883631944656372, -0.027094446122646332, -0.01391584426164627, -0.015881787985563278, -0.007469618692994118]
ref [0.338297575712204, 0.12222392112016678, 0.08861597627401352, 0.0605134591460228, 0.05221163108944893, 0.036967191845178604]
[0.3260548412799835, 0.10338760167360306, 0.06152153015136719, 0.046597614884376526, 0.03632984310388565, 0.029497573152184486]
Training time: 281 	steps per sec: 21
Eval num_timesteps=6144, episode_reward=nan +/- nan
Eval num_timesteps=6144, episode_success=nan +/- nan
se
7 7168 1024
diff [-0.012242734432220459, -0.01883631944656372, -0.027094446122646332, -0.01391584426164627, -0.015881787985563278, -0.007469618692994118, -0.012731915339827538]
ref [0.338297575712204, 0.12222392112016678, 0.08861597627401352, 0.0605134591460228, 0.05221163108944893, 0.036967191845178604, 0.03859135881066322]
[0.3260548412799835, 0.10338760167360306, 0.06152153015136719, 0.046597614884376526, 0.03632984310388565, 0.029497573152184486, 0.025859443470835686]
Training time: 363 	steps per sec: 19
Eval num_timesteps=7168, episode_reward=nan +/- nan
Eval num_timesteps=7168, episode_success=nan +/- nan
se
8 8192 1024
diff [-0.012242734432220459, -0.01883631944656372, -0.027094446122646332, -0.01391584426164627, -0.015881787985563278, -0.007469618692994118, -0.012731915339827538, -0.010672878473997116]
ref [0.338297575712204, 0.12222392112016678, 0.08861597627401352, 0.0605134591460228, 0.05221163108944893, 0.036967191845178604, 0.03859135881066322, 0.031722161918878555]
[0.3260548412799835, 0.10338760167360306, 0.06152153015136719, 0.046597614884376526, 0.03632984310388565, 0.029497573152184486, 0.025859443470835686, 0.02104928344488144]
Training time: 456 	steps per sec: 17
Eval num_timesteps=8192, episode_reward=nan +/- nan
Eval num_timesteps=8192, episode_success=nan +/- nan
se
9 9216 1024
diff [-0.012242734432220459, -0.01883631944656372, -0.027094446122646332, -0.01391584426164627, -0.015881787985563278, -0.007469618692994118, -0.012731915339827538, -0.010672878473997116, -0.00797082856297493]
ref [0.338297575712204, 0.12222392112016678, 0.08861597627401352, 0.0605134591460228, 0.05221163108944893, 0.036967191845178604, 0.03859135881066322, 0.031722161918878555, 0.02670310251414776]
[0.3260548412799835, 0.10338760167360306, 0.06152153015136719, 0.046597614884376526, 0.03632984310388565, 0.029497573152184486, 0.025859443470835686, 0.02104928344488144, 0.01873227395117283]
Training time: 556 	steps per sec: 16
Eval num_timesteps=9216, episode_reward=nan +/- nan
Eval num_timesteps=9216, episode_success=nan +/- nan
se
10 10240 1024
diff [-0.012242734432220459, -0.01883631944656372, -0.027094446122646332, -0.01391584426164627, -0.015881787985563278, -0.007469618692994118, -0.012731915339827538, -0.010672878473997116, -0.00797082856297493, -0.008363410830497742]
ref [0.338297575712204, 0.12222392112016678, 0.08861597627401352, 0.0605134591460228, 0.05221163108944893, 0.036967191845178604, 0.03859135881066322, 0.031722161918878555, 0.02670310251414776, 0.02619999088346958]
[0.3260548412799835, 0.10338760167360306, 0.06152153015136719, 0.046597614884376526, 0.03632984310388565, 0.029497573152184486, 0.025859443470835686, 0.02104928344488144, 0.01873227395117283, 0.01783658005297184]
Training time: 669 	steps per sec: 15
Eval num_timesteps=10240, episode_reward=nan +/- nan
Eval num_timesteps=10240, episode_success=nan +/- nan
se
11 11264 1024
diff [-0.012242734432220459, -0.01883631944656372, -0.027094446122646332, -0.01391584426164627, -0.015881787985563278, -0.007469618692994118, -0.012731915339827538, -0.010672878473997116, -0.00797082856297493, -0.008363410830497742, -0.0082640890032053]
ref [0.338297575712204, 0.12222392112016678, 0.08861597627401352, 0.0605134591460228, 0.05221163108944893, 0.036967191845178604, 0.03859135881066322, 0.031722161918878555, 0.02670310251414776, 0.02619999088346958, 0.024477273225784302]
[0.3260548412799835, 0.10338760167360306, 0.06152153015136719, 0.046597614884376526, 0.03632984310388565, 0.029497573152184486, 0.025859443470835686, 0.02104928344488144, 0.01873227395117283, 0.01783658005297184, 0.016213184222579002]
Training time: 772 	steps per sec: 14
Eval num_timesteps=11264, episode_reward=nan +/- nan
Eval num_timesteps=11264, episode_success=nan +/- nan
se
12 12288 1024
diff [-0.012242734432220459, -0.01883631944656372, -0.027094446122646332, -0.01391584426164627, -0.015881787985563278, -0.007469618692994118, -0.012731915339827538, -0.010672878473997116, -0.00797082856297493, -0.008363410830497742, -0.0082640890032053, -0.007715324871242046]
ref [0.338297575712204, 0.12222392112016678, 0.08861597627401352, 0.0605134591460228, 0.05221163108944893, 0.036967191845178604, 0.03859135881066322, 0.031722161918878555, 0.02670310251414776, 0.02619999088346958, 0.024477273225784302, 0.021770432591438293]
[0.3260548412799835, 0.10338760167360306, 0.06152153015136719, 0.046597614884376526, 0.03632984310388565, 0.029497573152184486, 0.025859443470835686, 0.02104928344488144, 0.01873227395117283, 0.01783658005297184, 0.016213184222579002, 0.014055107720196247]
Training time: 897 	steps per sec: 13
Eval num_timesteps=12288, episode_reward=nan +/- nan
Eval num_timesteps=12288, episode_success=nan +/- nan
se
13 13312 1024
diff [-0.012242734432220459, -0.01883631944656372, -0.027094446122646332, -0.01391584426164627, -0.015881787985563278, -0.007469618692994118, -0.012731915339827538, -0.010672878473997116, -0.00797082856297493, -0.008363410830497742, -0.0082640890032053, -0.007715324871242046, -0.007824288681149483]
ref [0.338297575712204, 0.12222392112016678, 0.08861597627401352, 0.0605134591460228, 0.05221163108944893, 0.036967191845178604, 0.03859135881066322, 0.031722161918878555, 0.02670310251414776, 0.02619999088346958, 0.024477273225784302, 0.021770432591438293, 0.0197875015437603]
[0.3260548412799835, 0.10338760167360306, 0.06152153015136719, 0.046597614884376526, 0.03632984310388565, 0.029497573152184486, 0.025859443470835686, 0.02104928344488144, 0.01873227395117283, 0.01783658005297184, 0.016213184222579002, 0.014055107720196247, 0.011963212862610817]
Training time: 1036 	steps per sec: 12
Eval num_timesteps=13312, episode_reward=nan +/- nan
Eval num_timesteps=13312, episode_success=nan +/- nan
se
14 14336 1024
diff [-0.012242734432220459, -0.01883631944656372, -0.027094446122646332, -0.01391584426164627, -0.015881787985563278, -0.007469618692994118, -0.012731915339827538, -0.010672878473997116, -0.00797082856297493, -0.008363410830497742, -0.0082640890032053, -0.007715324871242046, -0.007824288681149483, -0.007945946417748928]
ref [0.338297575712204, 0.12222392112016678, 0.08861597627401352, 0.0605134591460228, 0.05221163108944893, 0.036967191845178604, 0.03859135881066322, 0.031722161918878555, 0.02670310251414776, 0.02619999088346958, 0.024477273225784302, 0.021770432591438293, 0.0197875015437603, 0.018941450864076614]
[0.3260548412799835, 0.10338760167360306, 0.06152153015136719, 0.046597614884376526, 0.03632984310388565, 0.029497573152184486, 0.025859443470835686, 0.02104928344488144, 0.01873227395117283, 0.01783658005297184, 0.016213184222579002, 0.014055107720196247, 0.011963212862610817, 0.010995504446327686]
Training time: 1204 	steps per sec: 11
Eval num_timesteps=14336, episode_reward=nan +/- nan
Eval num_timesteps=14336, episode_success=nan +/- nan
se
15 15360 1024
diff [-0.012242734432220459, -0.01883631944656372, -0.027094446122646332, -0.01391584426164627, -0.015881787985563278, -0.007469618692994118, -0.012731915339827538, -0.010672878473997116, -0.00797082856297493, -0.008363410830497742, -0.0082640890032053, -0.007715324871242046, -0.007824288681149483, -0.007945946417748928, -0.005071124993264675]
ref [0.338297575712204, 0.12222392112016678, 0.08861597627401352, 0.0605134591460228, 0.05221163108944893, 0.036967191845178604, 0.03859135881066322, 0.031722161918878555, 0.02670310251414776, 0.02619999088346958, 0.024477273225784302, 0.021770432591438293, 0.0197875015437603, 0.018941450864076614, 0.015258054248988628]
[0.3260548412799835, 0.10338760167360306, 0.06152153015136719, 0.046597614884376526, 0.03632984310388565, 0.029497573152184486, 0.025859443470835686, 0.02104928344488144, 0.01873227395117283, 0.01783658005297184, 0.016213184222579002, 0.014055107720196247, 0.011963212862610817, 0.010995504446327686, 0.010186929255723953]
Training time: 1367 	steps per sec: 11
Eval num_timesteps=15360, episode_reward=nan +/- nan
Eval num_timesteps=15360, episode_success=nan +/- nan
se
16 16384 1024
diff [-0.012242734432220459, -0.01883631944656372, -0.027094446122646332, -0.01391584426164627, -0.015881787985563278, -0.007469618692994118, -0.012731915339827538, -0.010672878473997116, -0.00797082856297493, -0.008363410830497742, -0.0082640890032053, -0.007715324871242046, -0.007824288681149483, -0.007945946417748928, -0.005071124993264675, -0.006694913841784]
ref [0.338297575712204, 0.12222392112016678, 0.08861597627401352, 0.0605134591460228, 0.05221163108944893, 0.036967191845178604, 0.03859135881066322, 0.031722161918878555, 0.02670310251414776, 0.02619999088346958, 0.024477273225784302, 0.021770432591438293, 0.0197875015437603, 0.018941450864076614, 0.015258054248988628, 0.01594563014805317]
[0.3260548412799835, 0.10338760167360306, 0.06152153015136719, 0.046597614884376526, 0.03632984310388565, 0.029497573152184486, 0.025859443470835686, 0.02104928344488144, 0.01873227395117283, 0.01783658005297184, 0.016213184222579002, 0.014055107720196247, 0.011963212862610817, 0.010995504446327686, 0.010186929255723953, 0.009250716306269169]
Training time: 1545 	steps per sec: 10
Eval num_timesteps=16384, episode_reward=nan +/- nan
Eval num_timesteps=16384, episode_success=nan +/- nan
se
16 16384 1024
diff [-0.012242734432220459, -0.01883631944656372, -0.027094446122646332, -0.01391584426164627, -0.015881787985563278, -0.007469618692994118, -0.012731915339827538, -0.010672878473997116, -0.00797082856297493, -0.008363410830497742, -0.0082640890032053, -0.007715324871242046, -0.007824288681149483, -0.007945946417748928, -0.005071124993264675, -0.006694913841784, -0.007745036855340004]
ref [0.338297575712204, 0.12222392112016678, 0.08861597627401352, 0.0605134591460228, 0.05221163108944893, 0.036967191845178604, 0.03859135881066322, 0.031722161918878555, 0.02670310251414776, 0.02619999088346958, 0.024477273225784302, 0.021770432591438293, 0.0197875015437603, 0.018941450864076614, 0.015258054248988628, 0.01594563014805317, 0.017033914104104042]
[0.3260548412799835, 0.10338760167360306, 0.06152153015136719, 0.046597614884376526, 0.03632984310388565, 0.029497573152184486, 0.025859443470835686, 0.02104928344488144, 0.01873227395117283, 0.01783658005297184, 0.016213184222579002, 0.014055107720196247, 0.011963212862610817, 0.010995504446327686, 0.010186929255723953, 0.009250716306269169, 0.009288877248764038]
Training time: 1709 	steps per sec: 10
Eval num_timesteps=17408, episode_reward=nan +/- nan
Eval num_timesteps=17408, episode_success=nan +/- nan
se
16 16384 1024
diff [-0.012242734432220459, -0.01883631944656372, -0.027094446122646332, -0.01391584426164627, -0.015881787985563278, -0.007469618692994118, -0.012731915339827538, -0.010672878473997116, -0.00797082856297493, -0.008363410830497742, -0.0082640890032053, -0.007715324871242046, -0.007824288681149483, -0.007945946417748928, -0.005071124993264675, -0.006694913841784, -0.007745036855340004, -0.0063547417521476746]
ref [0.338297575712204, 0.12222392112016678, 0.08861597627401352, 0.0605134591460228, 0.05221163108944893, 0.036967191845178604, 0.03859135881066322, 0.031722161918878555, 0.02670310251414776, 0.02619999088346958, 0.024477273225784302, 0.021770432591438293, 0.0197875015437603, 0.018941450864076614, 0.015258054248988628, 0.01594563014805317, 0.017033914104104042, 0.01627633534371853]
[0.3260548412799835, 0.10338760167360306, 0.06152153015136719, 0.046597614884376526, 0.03632984310388565, 0.029497573152184486, 0.025859443470835686, 0.02104928344488144, 0.01873227395117283, 0.01783658005297184, 0.016213184222579002, 0.014055107720196247, 0.011963212862610817, 0.010995504446327686, 0.010186929255723953, 0.009250716306269169, 0.009288877248764038, 0.009921593591570854]
Training time: 1866 	steps per sec: 9
Eval num_timesteps=18432, episode_reward=nan +/- nan
Eval num_timesteps=18432, episode_success=nan +/- nan
se
16 16384 1024
diff [-0.012242734432220459, -0.01883631944656372, -0.027094446122646332, -0.01391584426164627, -0.015881787985563278, -0.007469618692994118, -0.012731915339827538, -0.010672878473997116, -0.00797082856297493, -0.008363410830497742, -0.0082640890032053, -0.007715324871242046, -0.007824288681149483, -0.007945946417748928, -0.005071124993264675, -0.006694913841784, -0.007745036855340004, -0.0063547417521476746, -0.004777542315423489]
ref [0.338297575712204, 0.12222392112016678, 0.08861597627401352, 0.0605134591460228, 0.05221163108944893, 0.036967191845178604, 0.03859135881066322, 0.031722161918878555, 0.02670310251414776, 0.02619999088346958, 0.024477273225784302, 0.021770432591438293, 0.0197875015437603, 0.018941450864076614, 0.015258054248988628, 0.01594563014805317, 0.017033914104104042, 0.01627633534371853, 0.014427394606173038]
[0.3260548412799835, 0.10338760167360306, 0.06152153015136719, 0.046597614884376526, 0.03632984310388565, 0.029497573152184486, 0.025859443470835686, 0.02104928344488144, 0.01873227395117283, 0.01783658005297184, 0.016213184222579002, 0.014055107720196247, 0.011963212862610817, 0.010995504446327686, 0.010186929255723953, 0.009250716306269169, 0.009288877248764038, 0.009921593591570854, 0.00964985229074955]
Training time: 2027 	steps per sec: 9
Eval num_timesteps=19456, episode_reward=nan +/- nan
Eval num_timesteps=19456, episode_success=nan +/- nan
se
16 16384 1024
diff [-0.012242734432220459, -0.01883631944656372, -0.027094446122646332, -0.01391584426164627, -0.015881787985563278, -0.007469618692994118, -0.012731915339827538, -0.010672878473997116, -0.00797082856297493, -0.008363410830497742, -0.0082640890032053, -0.007715324871242046, -0.007824288681149483, -0.007945946417748928, -0.005071124993264675, -0.006694913841784, -0.007745036855340004, -0.0063547417521476746, -0.004777542315423489, -0.007322570309042931]
ref [0.338297575712204, 0.12222392112016678, 0.08861597627401352, 0.0605134591460228, 0.05221163108944893, 0.036967191845178604, 0.03859135881066322, 0.031722161918878555, 0.02670310251414776, 0.02619999088346958, 0.024477273225784302, 0.021770432591438293, 0.0197875015437603, 0.018941450864076614, 0.015258054248988628, 0.01594563014805317, 0.017033914104104042, 0.01627633534371853, 0.014427394606173038, 0.017145030200481415]
[0.3260548412799835, 0.10338760167360306, 0.06152153015136719, 0.046597614884376526, 0.03632984310388565, 0.029497573152184486, 0.025859443470835686, 0.02104928344488144, 0.01873227395117283, 0.01783658005297184, 0.016213184222579002, 0.014055107720196247, 0.011963212862610817, 0.010995504446327686, 0.010186929255723953, 0.009250716306269169, 0.009288877248764038, 0.009921593591570854, 0.00964985229074955, 0.009822459891438484]
Training time: 2202 	steps per sec: 9
Eval num_timesteps=20480, episode_reward=nan +/- nan
Eval num_timesteps=20480, episode_success=nan +/- nan
se
16 16384 1024
diff [-0.012242734432220459, -0.01883631944656372, -0.027094446122646332, -0.01391584426164627, -0.015881787985563278, -0.007469618692994118, -0.012731915339827538, -0.010672878473997116, -0.00797082856297493, -0.008363410830497742, -0.0082640890032053, -0.007715324871242046, -0.007824288681149483, -0.007945946417748928, -0.005071124993264675, -0.006694913841784, -0.007745036855340004, -0.0063547417521476746, -0.004777542315423489, -0.007322570309042931, -0.0071569327265024185]
ref [0.338297575712204, 0.12222392112016678, 0.08861597627401352, 0.0605134591460228, 0.05221163108944893, 0.036967191845178604, 0.03859135881066322, 0.031722161918878555, 0.02670310251414776, 0.02619999088346958, 0.024477273225784302, 0.021770432591438293, 0.0197875015437603, 0.018941450864076614, 0.015258054248988628, 0.01594563014805317, 0.017033914104104042, 0.01627633534371853, 0.014427394606173038, 0.017145030200481415, 0.017062461003661156]
[0.3260548412799835, 0.10338760167360306, 0.06152153015136719, 0.046597614884376526, 0.03632984310388565, 0.029497573152184486, 0.025859443470835686, 0.02104928344488144, 0.01873227395117283, 0.01783658005297184, 0.016213184222579002, 0.014055107720196247, 0.011963212862610817, 0.010995504446327686, 0.010186929255723953, 0.009250716306269169, 0.009288877248764038, 0.009921593591570854, 0.00964985229074955, 0.009822459891438484, 0.009905528277158737]
Training time: 2388 	steps per sec: 9
Eval num_timesteps=21504, episode_reward=nan +/- nan
Eval num_timesteps=21504, episode_success=nan +/- nan
se
16 16384 1024
diff [-0.012242734432220459, -0.01883631944656372, -0.027094446122646332, -0.01391584426164627, -0.015881787985563278, -0.007469618692994118, -0.012731915339827538, -0.010672878473997116, -0.00797082856297493, -0.008363410830497742, -0.0082640890032053, -0.007715324871242046, -0.007824288681149483, -0.007945946417748928, -0.005071124993264675, -0.006694913841784, -0.007745036855340004, -0.0063547417521476746, -0.004777542315423489, -0.007322570309042931, -0.0071569327265024185, -0.00529555045068264]
ref [0.338297575712204, 0.12222392112016678, 0.08861597627401352, 0.0605134591460228, 0.05221163108944893, 0.036967191845178604, 0.03859135881066322, 0.031722161918878555, 0.02670310251414776, 0.02619999088346958, 0.024477273225784302, 0.021770432591438293, 0.0197875015437603, 0.018941450864076614, 0.015258054248988628, 0.01594563014805317, 0.017033914104104042, 0.01627633534371853, 0.014427394606173038, 0.017145030200481415, 0.017062461003661156, 0.015927430242300034]
[0.3260548412799835, 0.10338760167360306, 0.06152153015136719, 0.046597614884376526, 0.03632984310388565, 0.029497573152184486, 0.025859443470835686, 0.02104928344488144, 0.01873227395117283, 0.01783658005297184, 0.016213184222579002, 0.014055107720196247, 0.011963212862610817, 0.010995504446327686, 0.010186929255723953, 0.009250716306269169, 0.009288877248764038, 0.009921593591570854, 0.00964985229074955, 0.009822459891438484, 0.009905528277158737, 0.010631879791617393]
Training time: 2577 	steps per sec: 8
Eval num_timesteps=22528, episode_reward=nan +/- nan
Eval num_timesteps=22528, episode_success=nan +/- nan
se
16 16384 1024
diff [-0.012242734432220459, -0.01883631944656372, -0.027094446122646332, -0.01391584426164627, -0.015881787985563278, -0.007469618692994118, -0.012731915339827538, -0.010672878473997116, -0.00797082856297493, -0.008363410830497742, -0.0082640890032053, -0.007715324871242046, -0.007824288681149483, -0.007945946417748928, -0.005071124993264675, -0.006694913841784, -0.007745036855340004, -0.0063547417521476746, -0.004777542315423489, -0.007322570309042931, -0.0071569327265024185, -0.00529555045068264, -0.006190400570631027]
ref [0.338297575712204, 0.12222392112016678, 0.08861597627401352, 0.0605134591460228, 0.05221163108944893, 0.036967191845178604, 0.03859135881066322, 0.031722161918878555, 0.02670310251414776, 0.02619999088346958, 0.024477273225784302, 0.021770432591438293, 0.0197875015437603, 0.018941450864076614, 0.015258054248988628, 0.01594563014805317, 0.017033914104104042, 0.01627633534371853, 0.014427394606173038, 0.017145030200481415, 0.017062461003661156, 0.015927430242300034, 0.016075516119599342]
[0.3260548412799835, 0.10338760167360306, 0.06152153015136719, 0.046597614884376526, 0.03632984310388565, 0.029497573152184486, 0.025859443470835686, 0.02104928344488144, 0.01873227395117283, 0.01783658005297184, 0.016213184222579002, 0.014055107720196247, 0.011963212862610817, 0.010995504446327686, 0.010186929255723953, 0.009250716306269169, 0.009288877248764038, 0.009921593591570854, 0.00964985229074955, 0.009822459891438484, 0.009905528277158737, 0.010631879791617393, 0.009885115548968315]
Training time: 2758 	steps per sec: 8
Eval num_timesteps=23552, episode_reward=nan +/- nan
Eval num_timesteps=23552, episode_success=nan +/- nan
se
16 16384 1024
diff [-0.012242734432220459, -0.01883631944656372, -0.027094446122646332, -0.01391584426164627, -0.015881787985563278, -0.007469618692994118, -0.012731915339827538, -0.010672878473997116, -0.00797082856297493, -0.008363410830497742, -0.0082640890032053, -0.007715324871242046, -0.007824288681149483, -0.007945946417748928, -0.005071124993264675, -0.006694913841784, -0.007745036855340004, -0.0063547417521476746, -0.004777542315423489, -0.007322570309042931, -0.0071569327265024185, -0.00529555045068264, -0.006190400570631027, -0.005718796513974667]
ref [0.338297575712204, 0.12222392112016678, 0.08861597627401352, 0.0605134591460228, 0.05221163108944893, 0.036967191845178604, 0.03859135881066322, 0.031722161918878555, 0.02670310251414776, 0.02619999088346958, 0.024477273225784302, 0.021770432591438293, 0.0197875015437603, 0.018941450864076614, 0.015258054248988628, 0.01594563014805317, 0.017033914104104042, 0.01627633534371853, 0.014427394606173038, 0.017145030200481415, 0.017062461003661156, 0.015927430242300034, 0.016075516119599342, 0.015810053795576096]
[0.3260548412799835, 0.10338760167360306, 0.06152153015136719, 0.046597614884376526, 0.03632984310388565, 0.029497573152184486, 0.025859443470835686, 0.02104928344488144, 0.01873227395117283, 0.01783658005297184, 0.016213184222579002, 0.014055107720196247, 0.011963212862610817, 0.010995504446327686, 0.010186929255723953, 0.009250716306269169, 0.009288877248764038, 0.009921593591570854, 0.00964985229074955, 0.009822459891438484, 0.009905528277158737, 0.010631879791617393, 0.009885115548968315, 0.010091257281601429]
Training time: 2938 	steps per sec: 8
Eval num_timesteps=24576, episode_reward=nan +/- nan
Eval num_timesteps=24576, episode_success=nan +/- nan
se
16 16384 1024
diff [-0.012242734432220459, -0.01883631944656372, -0.027094446122646332, -0.01391584426164627, -0.015881787985563278, -0.007469618692994118, -0.012731915339827538, -0.010672878473997116, -0.00797082856297493, -0.008363410830497742, -0.0082640890032053, -0.007715324871242046, -0.007824288681149483, -0.007945946417748928, -0.005071124993264675, -0.006694913841784, -0.007745036855340004, -0.0063547417521476746, -0.004777542315423489, -0.007322570309042931, -0.0071569327265024185, -0.00529555045068264, -0.006190400570631027, -0.005718796513974667, -0.004306226037442684]
ref [0.338297575712204, 0.12222392112016678, 0.08861597627401352, 0.0605134591460228, 0.05221163108944893, 0.036967191845178604, 0.03859135881066322, 0.031722161918878555, 0.02670310251414776, 0.02619999088346958, 0.024477273225784302, 0.021770432591438293, 0.0197875015437603, 0.018941450864076614, 0.015258054248988628, 0.01594563014805317, 0.017033914104104042, 0.01627633534371853, 0.014427394606173038, 0.017145030200481415, 0.017062461003661156, 0.015927430242300034, 0.016075516119599342, 0.015810053795576096, 0.014426096342504025]
[0.3260548412799835, 0.10338760167360306, 0.06152153015136719, 0.046597614884376526, 0.03632984310388565, 0.029497573152184486, 0.025859443470835686, 0.02104928344488144, 0.01873227395117283, 0.01783658005297184, 0.016213184222579002, 0.014055107720196247, 0.011963212862610817, 0.010995504446327686, 0.010186929255723953, 0.009250716306269169, 0.009288877248764038, 0.009921593591570854, 0.00964985229074955, 0.009822459891438484, 0.009905528277158737, 0.010631879791617393, 0.009885115548968315, 0.010091257281601429, 0.01011987030506134]
Training time: 3118 	steps per sec: 8
Eval num_timesteps=25600, episode_reward=nan +/- nan
Eval num_timesteps=25600, episode_success=nan +/- nan
se
16 16384 1024
diff [-0.012242734432220459, -0.01883631944656372, -0.027094446122646332, -0.01391584426164627, -0.015881787985563278, -0.007469618692994118, -0.012731915339827538, -0.010672878473997116, -0.00797082856297493, -0.008363410830497742, -0.0082640890032053, -0.007715324871242046, -0.007824288681149483, -0.007945946417748928, -0.005071124993264675, -0.006694913841784, -0.007745036855340004, -0.0063547417521476746, -0.004777542315423489, -0.007322570309042931, -0.0071569327265024185, -0.00529555045068264, -0.006190400570631027, -0.005718796513974667, -0.004306226037442684, -0.006195573136210442]
ref [0.338297575712204, 0.12222392112016678, 0.08861597627401352, 0.0605134591460228, 0.05221163108944893, 0.036967191845178604, 0.03859135881066322, 0.031722161918878555, 0.02670310251414776, 0.02619999088346958, 0.024477273225784302, 0.021770432591438293, 0.0197875015437603, 0.018941450864076614, 0.015258054248988628, 0.01594563014805317, 0.017033914104104042, 0.01627633534371853, 0.014427394606173038, 0.017145030200481415, 0.017062461003661156, 0.015927430242300034, 0.016075516119599342, 0.015810053795576096, 0.014426096342504025, 0.016489315778017044]
[0.3260548412799835, 0.10338760167360306, 0.06152153015136719, 0.046597614884376526, 0.03632984310388565, 0.029497573152184486, 0.025859443470835686, 0.02104928344488144, 0.01873227395117283, 0.01783658005297184, 0.016213184222579002, 0.014055107720196247, 0.011963212862610817, 0.010995504446327686, 0.010186929255723953, 0.009250716306269169, 0.009288877248764038, 0.009921593591570854, 0.00964985229074955, 0.009822459891438484, 0.009905528277158737, 0.010631879791617393, 0.009885115548968315, 0.010091257281601429, 0.01011987030506134, 0.010293742641806602]
Training time: 3313 	steps per sec: 8
Eval num_timesteps=26624, episode_reward=nan +/- nan
Eval num_timesteps=26624, episode_success=nan +/- nan
se
16 16384 1024
diff [-0.012242734432220459, -0.01883631944656372, -0.027094446122646332, -0.01391584426164627, -0.015881787985563278, -0.007469618692994118, -0.012731915339827538, -0.010672878473997116, -0.00797082856297493, -0.008363410830497742, -0.0082640890032053, -0.007715324871242046, -0.007824288681149483, -0.007945946417748928, -0.005071124993264675, -0.006694913841784, -0.007745036855340004, -0.0063547417521476746, -0.004777542315423489, -0.007322570309042931, -0.0071569327265024185, -0.00529555045068264, -0.006190400570631027, -0.005718796513974667, -0.004306226037442684, -0.006195573136210442, -0.006301967427134514]
ref [0.338297575712204, 0.12222392112016678, 0.08861597627401352, 0.0605134591460228, 0.05221163108944893, 0.036967191845178604, 0.03859135881066322, 0.031722161918878555, 0.02670310251414776, 0.02619999088346958, 0.024477273225784302, 0.021770432591438293, 0.0197875015437603, 0.018941450864076614, 0.015258054248988628, 0.01594563014805317, 0.017033914104104042, 0.01627633534371853, 0.014427394606173038, 0.017145030200481415, 0.017062461003661156, 0.015927430242300034, 0.016075516119599342, 0.015810053795576096, 0.014426096342504025, 0.016489315778017044, 0.016863053664565086]
[0.3260548412799835, 0.10338760167360306, 0.06152153015136719, 0.046597614884376526, 0.03632984310388565, 0.029497573152184486, 0.025859443470835686, 0.02104928344488144, 0.01873227395117283, 0.01783658005297184, 0.016213184222579002, 0.014055107720196247, 0.011963212862610817, 0.010995504446327686, 0.010186929255723953, 0.009250716306269169, 0.009288877248764038, 0.009921593591570854, 0.00964985229074955, 0.009822459891438484, 0.009905528277158737, 0.010631879791617393, 0.009885115548968315, 0.010091257281601429, 0.01011987030506134, 0.010293742641806602, 0.010561086237430573]
Training time: 3486 	steps per sec: 7
Eval num_timesteps=27648, episode_reward=nan +/- nan
Eval num_timesteps=27648, episode_success=nan +/- nan
se
16 16384 1024
diff [-0.012242734432220459, -0.01883631944656372, -0.027094446122646332, -0.01391584426164627, -0.015881787985563278, -0.007469618692994118, -0.012731915339827538, -0.010672878473997116, -0.00797082856297493, -0.008363410830497742, -0.0082640890032053, -0.007715324871242046, -0.007824288681149483, -0.007945946417748928, -0.005071124993264675, -0.006694913841784, -0.007745036855340004, -0.0063547417521476746, -0.004777542315423489, -0.007322570309042931, -0.0071569327265024185, -0.00529555045068264, -0.006190400570631027, -0.005718796513974667, -0.004306226037442684, -0.006195573136210442, -0.006301967427134514, -0.004353535361588001]
ref [0.338297575712204, 0.12222392112016678, 0.08861597627401352, 0.0605134591460228, 0.05221163108944893, 0.036967191845178604, 0.03859135881066322, 0.031722161918878555, 0.02670310251414776, 0.02619999088346958, 0.024477273225784302, 0.021770432591438293, 0.0197875015437603, 0.018941450864076614, 0.015258054248988628, 0.01594563014805317, 0.017033914104104042, 0.01627633534371853, 0.014427394606173038, 0.017145030200481415, 0.017062461003661156, 0.015927430242300034, 0.016075516119599342, 0.015810053795576096, 0.014426096342504025, 0.016489315778017044, 0.016863053664565086, 0.015987839549779892]
[0.3260548412799835, 0.10338760167360306, 0.06152153015136719, 0.046597614884376526, 0.03632984310388565, 0.029497573152184486, 0.025859443470835686, 0.02104928344488144, 0.01873227395117283, 0.01783658005297184, 0.016213184222579002, 0.014055107720196247, 0.011963212862610817, 0.010995504446327686, 0.010186929255723953, 0.009250716306269169, 0.009288877248764038, 0.009921593591570854, 0.00964985229074955, 0.009822459891438484, 0.009905528277158737, 0.010631879791617393, 0.009885115548968315, 0.010091257281601429, 0.01011987030506134, 0.010293742641806602, 0.010561086237430573, 0.01163430418819189]
Training time: 3636 	steps per sec: 7
Eval num_timesteps=28672, episode_reward=nan +/- nan
Eval num_timesteps=28672, episode_success=nan +/- nan
se
16 16384 1024
diff [-0.012242734432220459, -0.01883631944656372, -0.027094446122646332, -0.01391584426164627, -0.015881787985563278, -0.007469618692994118, -0.012731915339827538, -0.010672878473997116, -0.00797082856297493, -0.008363410830497742, -0.0082640890032053, -0.007715324871242046, -0.007824288681149483, -0.007945946417748928, -0.005071124993264675, -0.006694913841784, -0.007745036855340004, -0.0063547417521476746, -0.004777542315423489, -0.007322570309042931, -0.0071569327265024185, -0.00529555045068264, -0.006190400570631027, -0.005718796513974667, -0.004306226037442684, -0.006195573136210442, -0.006301967427134514, -0.004353535361588001, -0.0033343397080898285]
ref [0.338297575712204, 0.12222392112016678, 0.08861597627401352, 0.0605134591460228, 0.05221163108944893, 0.036967191845178604, 0.03859135881066322, 0.031722161918878555, 0.02670310251414776, 0.02619999088346958, 0.024477273225784302, 0.021770432591438293, 0.0197875015437603, 0.018941450864076614, 0.015258054248988628, 0.01594563014805317, 0.017033914104104042, 0.01627633534371853, 0.014427394606173038, 0.017145030200481415, 0.017062461003661156, 0.015927430242300034, 0.016075516119599342, 0.015810053795576096, 0.014426096342504025, 0.016489315778017044, 0.016863053664565086, 0.015987839549779892, 0.01457912102341652]
[0.3260548412799835, 0.10338760167360306, 0.06152153015136719, 0.046597614884376526, 0.03632984310388565, 0.029497573152184486, 0.025859443470835686, 0.02104928344488144, 0.01873227395117283, 0.01783658005297184, 0.016213184222579002, 0.014055107720196247, 0.011963212862610817, 0.010995504446327686, 0.010186929255723953, 0.009250716306269169, 0.009288877248764038, 0.009921593591570854, 0.00964985229074955, 0.009822459891438484, 0.009905528277158737, 0.010631879791617393, 0.009885115548968315, 0.010091257281601429, 0.01011987030506134, 0.010293742641806602, 0.010561086237430573, 0.01163430418819189, 0.01124478131532669]
Training time: 3788 	steps per sec: 7
Eval num_timesteps=29696, episode_reward=nan +/- nan
Eval num_timesteps=29696, episode_success=nan +/- nan
se
16 16384 1024
diff [-0.012242734432220459, -0.01883631944656372, -0.027094446122646332, -0.01391584426164627, -0.015881787985563278, -0.007469618692994118, -0.012731915339827538, -0.010672878473997116, -0.00797082856297493, -0.008363410830497742, -0.0082640890032053, -0.007715324871242046, -0.007824288681149483, -0.007945946417748928, -0.005071124993264675, -0.006694913841784, -0.007745036855340004, -0.0063547417521476746, -0.004777542315423489, -0.007322570309042931, -0.0071569327265024185, -0.00529555045068264, -0.006190400570631027, -0.005718796513974667, -0.004306226037442684, -0.006195573136210442, -0.006301967427134514, -0.004353535361588001, -0.0033343397080898285, -0.004787798970937729]
ref [0.338297575712204, 0.12222392112016678, 0.08861597627401352, 0.0605134591460228, 0.05221163108944893, 0.036967191845178604, 0.03859135881066322, 0.031722161918878555, 0.02670310251414776, 0.02619999088346958, 0.024477273225784302, 0.021770432591438293, 0.0197875015437603, 0.018941450864076614, 0.015258054248988628, 0.01594563014805317, 0.017033914104104042, 0.01627633534371853, 0.014427394606173038, 0.017145030200481415, 0.017062461003661156, 0.015927430242300034, 0.016075516119599342, 0.015810053795576096, 0.014426096342504025, 0.016489315778017044, 0.016863053664565086, 0.015987839549779892, 0.01457912102341652, 0.016485029831528664]
[0.3260548412799835, 0.10338760167360306, 0.06152153015136719, 0.046597614884376526, 0.03632984310388565, 0.029497573152184486, 0.025859443470835686, 0.02104928344488144, 0.01873227395117283, 0.01783658005297184, 0.016213184222579002, 0.014055107720196247, 0.011963212862610817, 0.010995504446327686, 0.010186929255723953, 0.009250716306269169, 0.009288877248764038, 0.009921593591570854, 0.00964985229074955, 0.009822459891438484, 0.009905528277158737, 0.010631879791617393, 0.009885115548968315, 0.010091257281601429, 0.01011987030506134, 0.010293742641806602, 0.010561086237430573, 0.01163430418819189, 0.01124478131532669, 0.011697230860590935]
Training time: 3956 	steps per sec: 7
Eval num_timesteps=30720, episode_reward=nan +/- nan
Eval num_timesteps=30720, episode_success=nan +/- nan
se
16 16384 1024
diff [-0.012242734432220459, -0.01883631944656372, -0.027094446122646332, -0.01391584426164627, -0.015881787985563278, -0.007469618692994118, -0.012731915339827538, -0.010672878473997116, -0.00797082856297493, -0.008363410830497742, -0.0082640890032053, -0.007715324871242046, -0.007824288681149483, -0.007945946417748928, -0.005071124993264675, -0.006694913841784, -0.007745036855340004, -0.0063547417521476746, -0.004777542315423489, -0.007322570309042931, -0.0071569327265024185, -0.00529555045068264, -0.006190400570631027, -0.005718796513974667, -0.004306226037442684, -0.006195573136210442, -0.006301967427134514, -0.004353535361588001, -0.0033343397080898285, -0.004787798970937729, -0.006161593832075596]
ref [0.338297575712204, 0.12222392112016678, 0.08861597627401352, 0.0605134591460228, 0.05221163108944893, 0.036967191845178604, 0.03859135881066322, 0.031722161918878555, 0.02670310251414776, 0.02619999088346958, 0.024477273225784302, 0.021770432591438293, 0.0197875015437603, 0.018941450864076614, 0.015258054248988628, 0.01594563014805317, 0.017033914104104042, 0.01627633534371853, 0.014427394606173038, 0.017145030200481415, 0.017062461003661156, 0.015927430242300034, 0.016075516119599342, 0.015810053795576096, 0.014426096342504025, 0.016489315778017044, 0.016863053664565086, 0.015987839549779892, 0.01457912102341652, 0.016485029831528664, 0.017977360635995865]
[0.3260548412799835, 0.10338760167360306, 0.06152153015136719, 0.046597614884376526, 0.03632984310388565, 0.029497573152184486, 0.025859443470835686, 0.02104928344488144, 0.01873227395117283, 0.01783658005297184, 0.016213184222579002, 0.014055107720196247, 0.011963212862610817, 0.010995504446327686, 0.010186929255723953, 0.009250716306269169, 0.009288877248764038, 0.009921593591570854, 0.00964985229074955, 0.009822459891438484, 0.009905528277158737, 0.010631879791617393, 0.009885115548968315, 0.010091257281601429, 0.01011987030506134, 0.010293742641806602, 0.010561086237430573, 0.01163430418819189, 0.01124478131532669, 0.011697230860590935, 0.011815766803920269]
Training time: 4128 	steps per sec: 7
Eval num_timesteps=31744, episode_reward=nan +/- nan
Eval num_timesteps=31744, episode_success=nan +/- nan
se
16 16384 1024
diff [-0.012242734432220459, -0.01883631944656372, -0.027094446122646332, -0.01391584426164627, -0.015881787985563278, -0.007469618692994118, -0.012731915339827538, -0.010672878473997116, -0.00797082856297493, -0.008363410830497742, -0.0082640890032053, -0.007715324871242046, -0.007824288681149483, -0.007945946417748928, -0.005071124993264675, -0.006694913841784, -0.007745036855340004, -0.0063547417521476746, -0.004777542315423489, -0.007322570309042931, -0.0071569327265024185, -0.00529555045068264, -0.006190400570631027, -0.005718796513974667, -0.004306226037442684, -0.006195573136210442, -0.006301967427134514, -0.004353535361588001, -0.0033343397080898285, -0.004787798970937729, -0.006161593832075596, -0.005353872664272785]
ref [0.338297575712204, 0.12222392112016678, 0.08861597627401352, 0.0605134591460228, 0.05221163108944893, 0.036967191845178604, 0.03859135881066322, 0.031722161918878555, 0.02670310251414776, 0.02619999088346958, 0.024477273225784302, 0.021770432591438293, 0.0197875015437603, 0.018941450864076614, 0.015258054248988628, 0.01594563014805317, 0.017033914104104042, 0.01627633534371853, 0.014427394606173038, 0.017145030200481415, 0.017062461003661156, 0.015927430242300034, 0.016075516119599342, 0.015810053795576096, 0.014426096342504025, 0.016489315778017044, 0.016863053664565086, 0.015987839549779892, 0.01457912102341652, 0.016485029831528664, 0.017977360635995865, 0.017080506309866905]
[0.3260548412799835, 0.10338760167360306, 0.06152153015136719, 0.046597614884376526, 0.03632984310388565, 0.029497573152184486, 0.025859443470835686, 0.02104928344488144, 0.01873227395117283, 0.01783658005297184, 0.016213184222579002, 0.014055107720196247, 0.011963212862610817, 0.010995504446327686, 0.010186929255723953, 0.009250716306269169, 0.009288877248764038, 0.009921593591570854, 0.00964985229074955, 0.009822459891438484, 0.009905528277158737, 0.010631879791617393, 0.009885115548968315, 0.010091257281601429, 0.01011987030506134, 0.010293742641806602, 0.010561086237430573, 0.01163430418819189, 0.01124478131532669, 0.011697230860590935, 0.011815766803920269, 0.01172663364559412]
Training time: 4289 	steps per sec: 7
Eval num_timesteps=32768, episode_reward=nan +/- nan
Eval num_timesteps=32768, episode_success=nan +/- nan
results/HalfCheetah-v4/
results/HalfCheetah-v4/ppo_ros/
results/HalfCheetah-v4/ppo_ros/expert/
results/HalfCheetah-v4/ppo_ros/expert/b_16/
results/HalfCheetah-v4/ppo_ros/expert/b_16/no_lambda/
results/HalfCheetah-v4/ppo_ros/expert/b_16/no_lambda/run_2/
results/HalfCheetah-v4/ppo_ros/expert/b_16/no_lambda/run_2/evaluations.npz
results/HalfCheetah-v4/ppo_ros/expert/b_16/no_lambda/run_2/config.yml
results/HalfCheetah-v4/ppo_ros/expert/b_16/no_lambda/run_2/stats.npz
