ppo_ros_continuous.py --env-id Ant-v4 -s expert/b_16/no_lambda --total-timesteps 32768 --eval-freq 1 --eval-episodes 0 -b 16 --num-steps 1024 -lr 0 --update-epochs 0 --anneal-lr 0 --ros-num-steps 256 --ros-update-epochs 16 --ros-target-kl 0.05 --ros-clip-coef 0.3 --ros-lambda 0 -ros-lr 0.0001 --ros-anneal-lr 0 --se 1 --se-freq 1 --se-lr 1e-3 --se-epochs 1000 --policy-path policies/Ant-v4/best_model.zip --normalization-dir policies/Ant-v4
Obtaining file:///var/lib/condor/execute/slot1/dir_12995/PPOROS/PPOROS/custom-envs
  Preparing metadata (setup.py): started
  Preparing metadata (setup.py): finished with status 'done'
Requirement already satisfied: gym in /var/lib/condor/execute/slot1/dir_12995/PPOROS/ppo-ros_env/lib/python3.9/site-packages (from custom-envs==0.0.1) (0.21.0)
Requirement already satisfied: cloudpickle>=1.2.0 in /var/lib/condor/execute/slot1/dir_12995/PPOROS/ppo-ros_env/lib/python3.9/site-packages (from gym->custom-envs==0.0.1) (2.2.1)
Requirement already satisfied: numpy>=1.18.0 in /var/lib/condor/execute/slot1/dir_12995/PPOROS/ppo-ros_env/lib/python3.9/site-packages (from gym->custom-envs==0.0.1) (1.24.2)
Installing collected packages: custom-envs
  Running setup.py develop for custom-envs
Successfully installed custom-envs-0.0.1
seed: 3
Eval num_timesteps=0, episode_reward=nan +/- nan
Eval num_timesteps=0, episode_success=nan +/- nan
se
1 1024 1024
diff [-0.9085065126419067]
ref [1.5266445875167847]
[0.6181380748748779]
Training time: 38 	steps per sec: 26
Eval num_timesteps=1024, episode_reward=nan +/- nan
Eval num_timesteps=1024, episode_success=nan +/- nan
se
2 2048 1024
diff [-0.9085065126419067, -0.0720994621515274]
ref [1.5266445875167847, 0.265712171792984]
[0.6181380748748779, 0.1936127096414566]
Training time: 94 	steps per sec: 21
Eval num_timesteps=2048, episode_reward=nan +/- nan
Eval num_timesteps=2048, episode_success=nan +/- nan
se
3 3072 1024
diff [-0.9085065126419067, -0.0720994621515274, -0.04929225891828537]
ref [1.5266445875167847, 0.265712171792984, 0.1514139026403427]
[0.6181380748748779, 0.1936127096414566, 0.10212164372205734]
Training time: 163 	steps per sec: 18
Eval num_timesteps=3072, episode_reward=nan +/- nan
Eval num_timesteps=3072, episode_success=nan +/- nan
se
4 4096 1024
diff [-0.9085065126419067, -0.0720994621515274, -0.04929225891828537, -0.04094485938549042]
ref [1.5266445875167847, 0.265712171792984, 0.1514139026403427, 0.10888806730508804]
[0.6181380748748779, 0.1936127096414566, 0.10212164372205734, 0.06794320791959763]
Training time: 245 	steps per sec: 16
Eval num_timesteps=4096, episode_reward=nan +/- nan
Eval num_timesteps=4096, episode_success=nan +/- nan
se
5 5120 1024
diff [-0.9085065126419067, -0.0720994621515274, -0.04929225891828537, -0.04094485938549042, -0.042505595833063126]
ref [1.5266445875167847, 0.265712171792984, 0.1514139026403427, 0.10888806730508804, 0.09895531833171844]
[0.6181380748748779, 0.1936127096414566, 0.10212164372205734, 0.06794320791959763, 0.05644972249865532]
Training time: 339 	steps per sec: 15
Eval num_timesteps=5120, episode_reward=nan +/- nan
Eval num_timesteps=5120, episode_success=nan +/- nan
se
6 6144 1024
diff [-0.9085065126419067, -0.0720994621515274, -0.04929225891828537, -0.04094485938549042, -0.042505595833063126, -0.017867956310510635]
ref [1.5266445875167847, 0.265712171792984, 0.1514139026403427, 0.10888806730508804, 0.09895531833171844, 0.06340096145868301]
[0.6181380748748779, 0.1936127096414566, 0.10212164372205734, 0.06794320791959763, 0.05644972249865532, 0.04553300514817238]
Training time: 449 	steps per sec: 13
Eval num_timesteps=6144, episode_reward=nan +/- nan
Eval num_timesteps=6144, episode_success=nan +/- nan
se
7 7168 1024
diff [-0.9085065126419067, -0.0720994621515274, -0.04929225891828537, -0.04094485938549042, -0.042505595833063126, -0.017867956310510635, -0.017247751355171204]
ref [1.5266445875167847, 0.265712171792984, 0.1514139026403427, 0.10888806730508804, 0.09895531833171844, 0.06340096145868301, 0.05583082512021065]
[0.6181380748748779, 0.1936127096414566, 0.10212164372205734, 0.06794320791959763, 0.05644972249865532, 0.04553300514817238, 0.038583073765039444]
Training time: 577 	steps per sec: 12
Eval num_timesteps=7168, episode_reward=nan +/- nan
Eval num_timesteps=7168, episode_success=nan +/- nan
se
8 8192 1024
diff [-0.9085065126419067, -0.0720994621515274, -0.04929225891828537, -0.04094485938549042, -0.042505595833063126, -0.017867956310510635, -0.017247751355171204, -0.014571845531463623]
ref [1.5266445875167847, 0.265712171792984, 0.1514139026403427, 0.10888806730508804, 0.09895531833171844, 0.06340096145868301, 0.05583082512021065, 0.04737566411495209]
[0.6181380748748779, 0.1936127096414566, 0.10212164372205734, 0.06794320791959763, 0.05644972249865532, 0.04553300514817238, 0.038583073765039444, 0.032803818583488464]
Training time: 719 	steps per sec: 11
Eval num_timesteps=8192, episode_reward=nan +/- nan
Eval num_timesteps=8192, episode_success=nan +/- nan
se
9 9216 1024
diff [-0.9085065126419067, -0.0720994621515274, -0.04929225891828537, -0.04094485938549042, -0.042505595833063126, -0.017867956310510635, -0.017247751355171204, -0.014571845531463623, -0.01109280064702034]
ref [1.5266445875167847, 0.265712171792984, 0.1514139026403427, 0.10888806730508804, 0.09895531833171844, 0.06340096145868301, 0.05583082512021065, 0.04737566411495209, 0.03935747593641281]
[0.6181380748748779, 0.1936127096414566, 0.10212164372205734, 0.06794320791959763, 0.05644972249865532, 0.04553300514817238, 0.038583073765039444, 0.032803818583488464, 0.02826467528939247]
Training time: 871 	steps per sec: 10
Eval num_timesteps=9216, episode_reward=nan +/- nan
Eval num_timesteps=9216, episode_success=nan +/- nan
se
10 10240 1024
diff [-0.9085065126419067, -0.0720994621515274, -0.04929225891828537, -0.04094485938549042, -0.042505595833063126, -0.017867956310510635, -0.017247751355171204, -0.014571845531463623, -0.01109280064702034, -0.013720544055104256]
ref [1.5266445875167847, 0.265712171792984, 0.1514139026403427, 0.10888806730508804, 0.09895531833171844, 0.06340096145868301, 0.05583082512021065, 0.04737566411495209, 0.03935747593641281, 0.03783813863992691]
[0.6181380748748779, 0.1936127096414566, 0.10212164372205734, 0.06794320791959763, 0.05644972249865532, 0.04553300514817238, 0.038583073765039444, 0.032803818583488464, 0.02826467528939247, 0.024117594584822655]
Training time: 1039 	steps per sec: 9
Eval num_timesteps=10240, episode_reward=nan +/- nan
Eval num_timesteps=10240, episode_success=nan +/- nan
se
11 11264 1024
diff [-0.9085065126419067, -0.0720994621515274, -0.04929225891828537, -0.04094485938549042, -0.042505595833063126, -0.017867956310510635, -0.017247751355171204, -0.014571845531463623, -0.01109280064702034, -0.013720544055104256, -0.011475550010800362]
ref [1.5266445875167847, 0.265712171792984, 0.1514139026403427, 0.10888806730508804, 0.09895531833171844, 0.06340096145868301, 0.05583082512021065, 0.04737566411495209, 0.03935747593641281, 0.03783813863992691, 0.03206766024231911]
[0.6181380748748779, 0.1936127096414566, 0.10212164372205734, 0.06794320791959763, 0.05644972249865532, 0.04553300514817238, 0.038583073765039444, 0.032803818583488464, 0.02826467528939247, 0.024117594584822655, 0.020592110231518745]
Training time: 1221 	steps per sec: 9
Eval num_timesteps=11264, episode_reward=nan +/- nan
Eval num_timesteps=11264, episode_success=nan +/- nan
se
12 12288 1024
diff [-0.9085065126419067, -0.0720994621515274, -0.04929225891828537, -0.04094485938549042, -0.042505595833063126, -0.017867956310510635, -0.017247751355171204, -0.014571845531463623, -0.01109280064702034, -0.013720544055104256, -0.011475550010800362, -0.011098943650722504]
ref [1.5266445875167847, 0.265712171792984, 0.1514139026403427, 0.10888806730508804, 0.09895531833171844, 0.06340096145868301, 0.05583082512021065, 0.04737566411495209, 0.03935747593641281, 0.03783813863992691, 0.03206766024231911, 0.029883280396461487]
[0.6181380748748779, 0.1936127096414566, 0.10212164372205734, 0.06794320791959763, 0.05644972249865532, 0.04553300514817238, 0.038583073765039444, 0.032803818583488464, 0.02826467528939247, 0.024117594584822655, 0.020592110231518745, 0.018784336745738983]
Training time: 1414 	steps per sec: 8
Eval num_timesteps=12288, episode_reward=nan +/- nan
Eval num_timesteps=12288, episode_success=nan +/- nan
se
13 13312 1024
diff [-0.9085065126419067, -0.0720994621515274, -0.04929225891828537, -0.04094485938549042, -0.042505595833063126, -0.017867956310510635, -0.017247751355171204, -0.014571845531463623, -0.01109280064702034, -0.013720544055104256, -0.011475550010800362, -0.011098943650722504, -0.01044350303709507]
ref [1.5266445875167847, 0.265712171792984, 0.1514139026403427, 0.10888806730508804, 0.09895531833171844, 0.06340096145868301, 0.05583082512021065, 0.04737566411495209, 0.03935747593641281, 0.03783813863992691, 0.03206766024231911, 0.029883280396461487, 0.02748149260878563]
[0.6181380748748779, 0.1936127096414566, 0.10212164372205734, 0.06794320791959763, 0.05644972249865532, 0.04553300514817238, 0.038583073765039444, 0.032803818583488464, 0.02826467528939247, 0.024117594584822655, 0.020592110231518745, 0.018784336745738983, 0.01703798957169056]
Training time: 1632 	steps per sec: 8
Eval num_timesteps=13312, episode_reward=nan +/- nan
Eval num_timesteps=13312, episode_success=nan +/- nan
se
14 14336 1024
diff [-0.9085065126419067, -0.0720994621515274, -0.04929225891828537, -0.04094485938549042, -0.042505595833063126, -0.017867956310510635, -0.017247751355171204, -0.014571845531463623, -0.01109280064702034, -0.013720544055104256, -0.011475550010800362, -0.011098943650722504, -0.01044350303709507, -0.00986299104988575]
ref [1.5266445875167847, 0.265712171792984, 0.1514139026403427, 0.10888806730508804, 0.09895531833171844, 0.06340096145868301, 0.05583082512021065, 0.04737566411495209, 0.03935747593641281, 0.03783813863992691, 0.03206766024231911, 0.029883280396461487, 0.02748149260878563, 0.02662629261612892]
[0.6181380748748779, 0.1936127096414566, 0.10212164372205734, 0.06794320791959763, 0.05644972249865532, 0.04553300514817238, 0.038583073765039444, 0.032803818583488464, 0.02826467528939247, 0.024117594584822655, 0.020592110231518745, 0.018784336745738983, 0.01703798957169056, 0.01676330156624317]
Training time: 1859 	steps per sec: 7
Eval num_timesteps=14336, episode_reward=nan +/- nan
Eval num_timesteps=14336, episode_success=nan +/- nan
se
15 15360 1024
diff [-0.9085065126419067, -0.0720994621515274, -0.04929225891828537, -0.04094485938549042, -0.042505595833063126, -0.017867956310510635, -0.017247751355171204, -0.014571845531463623, -0.01109280064702034, -0.013720544055104256, -0.011475550010800362, -0.011098943650722504, -0.01044350303709507, -0.00986299104988575, -0.00822722539305687]
ref [1.5266445875167847, 0.265712171792984, 0.1514139026403427, 0.10888806730508804, 0.09895531833171844, 0.06340096145868301, 0.05583082512021065, 0.04737566411495209, 0.03935747593641281, 0.03783813863992691, 0.03206766024231911, 0.029883280396461487, 0.02748149260878563, 0.02662629261612892, 0.02261057309806347]
[0.6181380748748779, 0.1936127096414566, 0.10212164372205734, 0.06794320791959763, 0.05644972249865532, 0.04553300514817238, 0.038583073765039444, 0.032803818583488464, 0.02826467528939247, 0.024117594584822655, 0.020592110231518745, 0.018784336745738983, 0.01703798957169056, 0.01676330156624317, 0.0143833477050066]
Training time: 2137 	steps per sec: 7
Eval num_timesteps=15360, episode_reward=nan +/- nan
Eval num_timesteps=15360, episode_success=nan +/- nan
se
16 16384 1024
diff [-0.9085065126419067, -0.0720994621515274, -0.04929225891828537, -0.04094485938549042, -0.042505595833063126, -0.017867956310510635, -0.017247751355171204, -0.014571845531463623, -0.01109280064702034, -0.013720544055104256, -0.011475550010800362, -0.011098943650722504, -0.01044350303709507, -0.00986299104988575, -0.00822722539305687, -0.009926104918122292]
ref [1.5266445875167847, 0.265712171792984, 0.1514139026403427, 0.10888806730508804, 0.09895531833171844, 0.06340096145868301, 0.05583082512021065, 0.04737566411495209, 0.03935747593641281, 0.03783813863992691, 0.03206766024231911, 0.029883280396461487, 0.02748149260878563, 0.02662629261612892, 0.02261057309806347, 0.02271854877471924]
[0.6181380748748779, 0.1936127096414566, 0.10212164372205734, 0.06794320791959763, 0.05644972249865532, 0.04553300514817238, 0.038583073765039444, 0.032803818583488464, 0.02826467528939247, 0.024117594584822655, 0.020592110231518745, 0.018784336745738983, 0.01703798957169056, 0.01676330156624317, 0.0143833477050066, 0.012792443856596947]
Training time: 2399 	steps per sec: 6
Eval num_timesteps=16384, episode_reward=nan +/- nan
Eval num_timesteps=16384, episode_success=nan +/- nan
se
16 16384 1024
diff [-0.9085065126419067, -0.0720994621515274, -0.04929225891828537, -0.04094485938549042, -0.042505595833063126, -0.017867956310510635, -0.017247751355171204, -0.014571845531463623, -0.01109280064702034, -0.013720544055104256, -0.011475550010800362, -0.011098943650722504, -0.01044350303709507, -0.00986299104988575, -0.00822722539305687, -0.009926104918122292, -0.007904939353466034]
ref [1.5266445875167847, 0.265712171792984, 0.1514139026403427, 0.10888806730508804, 0.09895531833171844, 0.06340096145868301, 0.05583082512021065, 0.04737566411495209, 0.03935747593641281, 0.03783813863992691, 0.03206766024231911, 0.029883280396461487, 0.02748149260878563, 0.02662629261612892, 0.02261057309806347, 0.02271854877471924, 0.021556898951530457]
[0.6181380748748779, 0.1936127096414566, 0.10212164372205734, 0.06794320791959763, 0.05644972249865532, 0.04553300514817238, 0.038583073765039444, 0.032803818583488464, 0.02826467528939247, 0.024117594584822655, 0.020592110231518745, 0.018784336745738983, 0.01703798957169056, 0.01676330156624317, 0.0143833477050066, 0.012792443856596947, 0.013651959598064423]
Training time: 2649 	steps per sec: 6
Eval num_timesteps=17408, episode_reward=nan +/- nan
Eval num_timesteps=17408, episode_success=nan +/- nan
se
16 16384 1024
diff [-0.9085065126419067, -0.0720994621515274, -0.04929225891828537, -0.04094485938549042, -0.042505595833063126, -0.017867956310510635, -0.017247751355171204, -0.014571845531463623, -0.01109280064702034, -0.013720544055104256, -0.011475550010800362, -0.011098943650722504, -0.01044350303709507, -0.00986299104988575, -0.00822722539305687, -0.009926104918122292, -0.007904939353466034, -0.007166607305407524]
ref [1.5266445875167847, 0.265712171792984, 0.1514139026403427, 0.10888806730508804, 0.09895531833171844, 0.06340096145868301, 0.05583082512021065, 0.04737566411495209, 0.03935747593641281, 0.03783813863992691, 0.03206766024231911, 0.029883280396461487, 0.02748149260878563, 0.02662629261612892, 0.02261057309806347, 0.02271854877471924, 0.021556898951530457, 0.021447813138365746]
[0.6181380748748779, 0.1936127096414566, 0.10212164372205734, 0.06794320791959763, 0.05644972249865532, 0.04553300514817238, 0.038583073765039444, 0.032803818583488464, 0.02826467528939247, 0.024117594584822655, 0.020592110231518745, 0.018784336745738983, 0.01703798957169056, 0.01676330156624317, 0.0143833477050066, 0.012792443856596947, 0.013651959598064423, 0.014281205832958221]
Training time: 2884 	steps per sec: 6
Eval num_timesteps=18432, episode_reward=nan +/- nan
Eval num_timesteps=18432, episode_success=nan +/- nan
se
16 16384 1024
diff [-0.9085065126419067, -0.0720994621515274, -0.04929225891828537, -0.04094485938549042, -0.042505595833063126, -0.017867956310510635, -0.017247751355171204, -0.014571845531463623, -0.01109280064702034, -0.013720544055104256, -0.011475550010800362, -0.011098943650722504, -0.01044350303709507, -0.00986299104988575, -0.00822722539305687, -0.009926104918122292, -0.007904939353466034, -0.007166607305407524, -0.00641251914203167]
ref [1.5266445875167847, 0.265712171792984, 0.1514139026403427, 0.10888806730508804, 0.09895531833171844, 0.06340096145868301, 0.05583082512021065, 0.04737566411495209, 0.03935747593641281, 0.03783813863992691, 0.03206766024231911, 0.029883280396461487, 0.02748149260878563, 0.02662629261612892, 0.02261057309806347, 0.02271854877471924, 0.021556898951530457, 0.021447813138365746, 0.020974023267626762]
[0.6181380748748779, 0.1936127096414566, 0.10212164372205734, 0.06794320791959763, 0.05644972249865532, 0.04553300514817238, 0.038583073765039444, 0.032803818583488464, 0.02826467528939247, 0.024117594584822655, 0.020592110231518745, 0.018784336745738983, 0.01703798957169056, 0.01676330156624317, 0.0143833477050066, 0.012792443856596947, 0.013651959598064423, 0.014281205832958221, 0.014561504125595093]
Training time: 3123 	steps per sec: 6
Eval num_timesteps=19456, episode_reward=nan +/- nan
Eval num_timesteps=19456, episode_success=nan +/- nan
se
16 16384 1024
diff [-0.9085065126419067, -0.0720994621515274, -0.04929225891828537, -0.04094485938549042, -0.042505595833063126, -0.017867956310510635, -0.017247751355171204, -0.014571845531463623, -0.01109280064702034, -0.013720544055104256, -0.011475550010800362, -0.011098943650722504, -0.01044350303709507, -0.00986299104988575, -0.00822722539305687, -0.009926104918122292, -0.007904939353466034, -0.007166607305407524, -0.00641251914203167, -0.004963582381606102]
ref [1.5266445875167847, 0.265712171792984, 0.1514139026403427, 0.10888806730508804, 0.09895531833171844, 0.06340096145868301, 0.05583082512021065, 0.04737566411495209, 0.03935747593641281, 0.03783813863992691, 0.03206766024231911, 0.029883280396461487, 0.02748149260878563, 0.02662629261612892, 0.02261057309806347, 0.02271854877471924, 0.021556898951530457, 0.021447813138365746, 0.020974023267626762, 0.019994428381323814]
[0.6181380748748779, 0.1936127096414566, 0.10212164372205734, 0.06794320791959763, 0.05644972249865532, 0.04553300514817238, 0.038583073765039444, 0.032803818583488464, 0.02826467528939247, 0.024117594584822655, 0.020592110231518745, 0.018784336745738983, 0.01703798957169056, 0.01676330156624317, 0.0143833477050066, 0.012792443856596947, 0.013651959598064423, 0.014281205832958221, 0.014561504125595093, 0.015030845999717712]
Training time: 3392 	steps per sec: 6
Eval num_timesteps=20480, episode_reward=nan +/- nan
Eval num_timesteps=20480, episode_success=nan +/- nan
se
16 16384 1024
diff [-0.9085065126419067, -0.0720994621515274, -0.04929225891828537, -0.04094485938549042, -0.042505595833063126, -0.017867956310510635, -0.017247751355171204, -0.014571845531463623, -0.01109280064702034, -0.013720544055104256, -0.011475550010800362, -0.011098943650722504, -0.01044350303709507, -0.00986299104988575, -0.00822722539305687, -0.009926104918122292, -0.007904939353466034, -0.007166607305407524, -0.00641251914203167, -0.004963582381606102, -0.005697192624211311]
ref [1.5266445875167847, 0.265712171792984, 0.1514139026403427, 0.10888806730508804, 0.09895531833171844, 0.06340096145868301, 0.05583082512021065, 0.04737566411495209, 0.03935747593641281, 0.03783813863992691, 0.03206766024231911, 0.029883280396461487, 0.02748149260878563, 0.02662629261612892, 0.02261057309806347, 0.02271854877471924, 0.021556898951530457, 0.021447813138365746, 0.020974023267626762, 0.019994428381323814, 0.020893948152661324]
[0.6181380748748779, 0.1936127096414566, 0.10212164372205734, 0.06794320791959763, 0.05644972249865532, 0.04553300514817238, 0.038583073765039444, 0.032803818583488464, 0.02826467528939247, 0.024117594584822655, 0.020592110231518745, 0.018784336745738983, 0.01703798957169056, 0.01676330156624317, 0.0143833477050066, 0.012792443856596947, 0.013651959598064423, 0.014281205832958221, 0.014561504125595093, 0.015030845999717712, 0.015196755528450012]
Training time: 3647 	steps per sec: 5
Eval num_timesteps=21504, episode_reward=nan +/- nan
Eval num_timesteps=21504, episode_success=nan +/- nan
se
16 16384 1024
diff [-0.9085065126419067, -0.0720994621515274, -0.04929225891828537, -0.04094485938549042, -0.042505595833063126, -0.017867956310510635, -0.017247751355171204, -0.014571845531463623, -0.01109280064702034, -0.013720544055104256, -0.011475550010800362, -0.011098943650722504, -0.01044350303709507, -0.00986299104988575, -0.00822722539305687, -0.009926104918122292, -0.007904939353466034, -0.007166607305407524, -0.00641251914203167, -0.004963582381606102, -0.005697192624211311, -0.004297465085983276]
ref [1.5266445875167847, 0.265712171792984, 0.1514139026403427, 0.10888806730508804, 0.09895531833171844, 0.06340096145868301, 0.05583082512021065, 0.04737566411495209, 0.03935747593641281, 0.03783813863992691, 0.03206766024231911, 0.029883280396461487, 0.02748149260878563, 0.02662629261612892, 0.02261057309806347, 0.02271854877471924, 0.021556898951530457, 0.021447813138365746, 0.020974023267626762, 0.019994428381323814, 0.020893948152661324, 0.02006720006465912]
[0.6181380748748779, 0.1936127096414566, 0.10212164372205734, 0.06794320791959763, 0.05644972249865532, 0.04553300514817238, 0.038583073765039444, 0.032803818583488464, 0.02826467528939247, 0.024117594584822655, 0.020592110231518745, 0.018784336745738983, 0.01703798957169056, 0.01676330156624317, 0.0143833477050066, 0.012792443856596947, 0.013651959598064423, 0.014281205832958221, 0.014561504125595093, 0.015030845999717712, 0.015196755528450012, 0.015769734978675842]
Training time: 3881 	steps per sec: 5
Eval num_timesteps=22528, episode_reward=nan +/- nan
Eval num_timesteps=22528, episode_success=nan +/- nan
se
16 16384 1024
diff [-0.9085065126419067, -0.0720994621515274, -0.04929225891828537, -0.04094485938549042, -0.042505595833063126, -0.017867956310510635, -0.017247751355171204, -0.014571845531463623, -0.01109280064702034, -0.013720544055104256, -0.011475550010800362, -0.011098943650722504, -0.01044350303709507, -0.00986299104988575, -0.00822722539305687, -0.009926104918122292, -0.007904939353466034, -0.007166607305407524, -0.00641251914203167, -0.004963582381606102, -0.005697192624211311, -0.004297465085983276, -0.004927728325128555]
ref [1.5266445875167847, 0.265712171792984, 0.1514139026403427, 0.10888806730508804, 0.09895531833171844, 0.06340096145868301, 0.05583082512021065, 0.04737566411495209, 0.03935747593641281, 0.03783813863992691, 0.03206766024231911, 0.029883280396461487, 0.02748149260878563, 0.02662629261612892, 0.02261057309806347, 0.02271854877471924, 0.021556898951530457, 0.021447813138365746, 0.020974023267626762, 0.019994428381323814, 0.020893948152661324, 0.02006720006465912, 0.02123504877090454]
[0.6181380748748779, 0.1936127096414566, 0.10212164372205734, 0.06794320791959763, 0.05644972249865532, 0.04553300514817238, 0.038583073765039444, 0.032803818583488464, 0.02826467528939247, 0.024117594584822655, 0.020592110231518745, 0.018784336745738983, 0.01703798957169056, 0.01676330156624317, 0.0143833477050066, 0.012792443856596947, 0.013651959598064423, 0.014281205832958221, 0.014561504125595093, 0.015030845999717712, 0.015196755528450012, 0.015769734978675842, 0.016307320445775986]
Training time: 4128 	steps per sec: 5
Eval num_timesteps=23552, episode_reward=nan +/- nan
Eval num_timesteps=23552, episode_success=nan +/- nan
se
16 16384 1024
diff [-0.9085065126419067, -0.0720994621515274, -0.04929225891828537, -0.04094485938549042, -0.042505595833063126, -0.017867956310510635, -0.017247751355171204, -0.014571845531463623, -0.01109280064702034, -0.013720544055104256, -0.011475550010800362, -0.011098943650722504, -0.01044350303709507, -0.00986299104988575, -0.00822722539305687, -0.009926104918122292, -0.007904939353466034, -0.007166607305407524, -0.00641251914203167, -0.004963582381606102, -0.005697192624211311, -0.004297465085983276, -0.004927728325128555, -0.005428405478596687]
ref [1.5266445875167847, 0.265712171792984, 0.1514139026403427, 0.10888806730508804, 0.09895531833171844, 0.06340096145868301, 0.05583082512021065, 0.04737566411495209, 0.03935747593641281, 0.03783813863992691, 0.03206766024231911, 0.029883280396461487, 0.02748149260878563, 0.02662629261612892, 0.02261057309806347, 0.02271854877471924, 0.021556898951530457, 0.021447813138365746, 0.020974023267626762, 0.019994428381323814, 0.020893948152661324, 0.02006720006465912, 0.02123504877090454, 0.021774522960186005]
[0.6181380748748779, 0.1936127096414566, 0.10212164372205734, 0.06794320791959763, 0.05644972249865532, 0.04553300514817238, 0.038583073765039444, 0.032803818583488464, 0.02826467528939247, 0.024117594584822655, 0.020592110231518745, 0.018784336745738983, 0.01703798957169056, 0.01676330156624317, 0.0143833477050066, 0.012792443856596947, 0.013651959598064423, 0.014281205832958221, 0.014561504125595093, 0.015030845999717712, 0.015196755528450012, 0.015769734978675842, 0.016307320445775986, 0.016346117481589317]
Training time: 4375 	steps per sec: 5
Eval num_timesteps=24576, episode_reward=nan +/- nan
Eval num_timesteps=24576, episode_success=nan +/- nan
se
16 16384 1024
diff [-0.9085065126419067, -0.0720994621515274, -0.04929225891828537, -0.04094485938549042, -0.042505595833063126, -0.017867956310510635, -0.017247751355171204, -0.014571845531463623, -0.01109280064702034, -0.013720544055104256, -0.011475550010800362, -0.011098943650722504, -0.01044350303709507, -0.00986299104988575, -0.00822722539305687, -0.009926104918122292, -0.007904939353466034, -0.007166607305407524, -0.00641251914203167, -0.004963582381606102, -0.005697192624211311, -0.004297465085983276, -0.004927728325128555, -0.005428405478596687, -0.004714019596576691]
ref [1.5266445875167847, 0.265712171792984, 0.1514139026403427, 0.10888806730508804, 0.09895531833171844, 0.06340096145868301, 0.05583082512021065, 0.04737566411495209, 0.03935747593641281, 0.03783813863992691, 0.03206766024231911, 0.029883280396461487, 0.02748149260878563, 0.02662629261612892, 0.02261057309806347, 0.02271854877471924, 0.021556898951530457, 0.021447813138365746, 0.020974023267626762, 0.019994428381323814, 0.020893948152661324, 0.02006720006465912, 0.02123504877090454, 0.021774522960186005, 0.0204251017421484]
[0.6181380748748779, 0.1936127096414566, 0.10212164372205734, 0.06794320791959763, 0.05644972249865532, 0.04553300514817238, 0.038583073765039444, 0.032803818583488464, 0.02826467528939247, 0.024117594584822655, 0.020592110231518745, 0.018784336745738983, 0.01703798957169056, 0.01676330156624317, 0.0143833477050066, 0.012792443856596947, 0.013651959598064423, 0.014281205832958221, 0.014561504125595093, 0.015030845999717712, 0.015196755528450012, 0.015769734978675842, 0.016307320445775986, 0.016346117481589317, 0.01571108214557171]
Training time: 4625 	steps per sec: 5
Eval num_timesteps=25600, episode_reward=nan +/- nan
Eval num_timesteps=25600, episode_success=nan +/- nan
se
16 16384 1024
diff [-0.9085065126419067, -0.0720994621515274, -0.04929225891828537, -0.04094485938549042, -0.042505595833063126, -0.017867956310510635, -0.017247751355171204, -0.014571845531463623, -0.01109280064702034, -0.013720544055104256, -0.011475550010800362, -0.011098943650722504, -0.01044350303709507, -0.00986299104988575, -0.00822722539305687, -0.009926104918122292, -0.007904939353466034, -0.007166607305407524, -0.00641251914203167, -0.004963582381606102, -0.005697192624211311, -0.004297465085983276, -0.004927728325128555, -0.005428405478596687, -0.004714019596576691, -0.005412634462118149]
ref [1.5266445875167847, 0.265712171792984, 0.1514139026403427, 0.10888806730508804, 0.09895531833171844, 0.06340096145868301, 0.05583082512021065, 0.04737566411495209, 0.03935747593641281, 0.03783813863992691, 0.03206766024231911, 0.029883280396461487, 0.02748149260878563, 0.02662629261612892, 0.02261057309806347, 0.02271854877471924, 0.021556898951530457, 0.021447813138365746, 0.020974023267626762, 0.019994428381323814, 0.020893948152661324, 0.02006720006465912, 0.02123504877090454, 0.021774522960186005, 0.0204251017421484, 0.01991141028702259]
[0.6181380748748779, 0.1936127096414566, 0.10212164372205734, 0.06794320791959763, 0.05644972249865532, 0.04553300514817238, 0.038583073765039444, 0.032803818583488464, 0.02826467528939247, 0.024117594584822655, 0.020592110231518745, 0.018784336745738983, 0.01703798957169056, 0.01676330156624317, 0.0143833477050066, 0.012792443856596947, 0.013651959598064423, 0.014281205832958221, 0.014561504125595093, 0.015030845999717712, 0.015196755528450012, 0.015769734978675842, 0.016307320445775986, 0.016346117481589317, 0.01571108214557171, 0.014498775824904442]
Training time: 4872 	steps per sec: 5
Eval num_timesteps=26624, episode_reward=nan +/- nan
Eval num_timesteps=26624, episode_success=nan +/- nan
se
16 16384 1024
diff [-0.9085065126419067, -0.0720994621515274, -0.04929225891828537, -0.04094485938549042, -0.042505595833063126, -0.017867956310510635, -0.017247751355171204, -0.014571845531463623, -0.01109280064702034, -0.013720544055104256, -0.011475550010800362, -0.011098943650722504, -0.01044350303709507, -0.00986299104988575, -0.00822722539305687, -0.009926104918122292, -0.007904939353466034, -0.007166607305407524, -0.00641251914203167, -0.004963582381606102, -0.005697192624211311, -0.004297465085983276, -0.004927728325128555, -0.005428405478596687, -0.004714019596576691, -0.005412634462118149, -0.005558011122047901]
ref [1.5266445875167847, 0.265712171792984, 0.1514139026403427, 0.10888806730508804, 0.09895531833171844, 0.06340096145868301, 0.05583082512021065, 0.04737566411495209, 0.03935747593641281, 0.03783813863992691, 0.03206766024231911, 0.029883280396461487, 0.02748149260878563, 0.02662629261612892, 0.02261057309806347, 0.02271854877471924, 0.021556898951530457, 0.021447813138365746, 0.020974023267626762, 0.019994428381323814, 0.020893948152661324, 0.02006720006465912, 0.02123504877090454, 0.021774522960186005, 0.0204251017421484, 0.01991141028702259, 0.020054887980222702]
[0.6181380748748779, 0.1936127096414566, 0.10212164372205734, 0.06794320791959763, 0.05644972249865532, 0.04553300514817238, 0.038583073765039444, 0.032803818583488464, 0.02826467528939247, 0.024117594584822655, 0.020592110231518745, 0.018784336745738983, 0.01703798957169056, 0.01676330156624317, 0.0143833477050066, 0.012792443856596947, 0.013651959598064423, 0.014281205832958221, 0.014561504125595093, 0.015030845999717712, 0.015196755528450012, 0.015769734978675842, 0.016307320445775986, 0.016346117481589317, 0.01571108214557171, 0.014498775824904442, 0.014496876858174801]
Training time: 5107 	steps per sec: 5
Eval num_timesteps=27648, episode_reward=nan +/- nan
Eval num_timesteps=27648, episode_success=nan +/- nan
se
16 16384 1024
diff [-0.9085065126419067, -0.0720994621515274, -0.04929225891828537, -0.04094485938549042, -0.042505595833063126, -0.017867956310510635, -0.017247751355171204, -0.014571845531463623, -0.01109280064702034, -0.013720544055104256, -0.011475550010800362, -0.011098943650722504, -0.01044350303709507, -0.00986299104988575, -0.00822722539305687, -0.009926104918122292, -0.007904939353466034, -0.007166607305407524, -0.00641251914203167, -0.004963582381606102, -0.005697192624211311, -0.004297465085983276, -0.004927728325128555, -0.005428405478596687, -0.004714019596576691, -0.005412634462118149, -0.005558011122047901, -0.007687559351325035]
ref [1.5266445875167847, 0.265712171792984, 0.1514139026403427, 0.10888806730508804, 0.09895531833171844, 0.06340096145868301, 0.05583082512021065, 0.04737566411495209, 0.03935747593641281, 0.03783813863992691, 0.03206766024231911, 0.029883280396461487, 0.02748149260878563, 0.02662629261612892, 0.02261057309806347, 0.02271854877471924, 0.021556898951530457, 0.021447813138365746, 0.020974023267626762, 0.019994428381323814, 0.020893948152661324, 0.02006720006465912, 0.02123504877090454, 0.021774522960186005, 0.0204251017421484, 0.01991141028702259, 0.020054887980222702, 0.022298617288470268]
[0.6181380748748779, 0.1936127096414566, 0.10212164372205734, 0.06794320791959763, 0.05644972249865532, 0.04553300514817238, 0.038583073765039444, 0.032803818583488464, 0.02826467528939247, 0.024117594584822655, 0.020592110231518745, 0.018784336745738983, 0.01703798957169056, 0.01676330156624317, 0.0143833477050066, 0.012792443856596947, 0.013651959598064423, 0.014281205832958221, 0.014561504125595093, 0.015030845999717712, 0.015196755528450012, 0.015769734978675842, 0.016307320445775986, 0.016346117481589317, 0.01571108214557171, 0.014498775824904442, 0.014496876858174801, 0.014611057937145233]
Training time: 5338 	steps per sec: 5
Eval num_timesteps=28672, episode_reward=nan +/- nan
Eval num_timesteps=28672, episode_success=nan +/- nan
se
16 16384 1024
diff [-0.9085065126419067, -0.0720994621515274, -0.04929225891828537, -0.04094485938549042, -0.042505595833063126, -0.017867956310510635, -0.017247751355171204, -0.014571845531463623, -0.01109280064702034, -0.013720544055104256, -0.011475550010800362, -0.011098943650722504, -0.01044350303709507, -0.00986299104988575, -0.00822722539305687, -0.009926104918122292, -0.007904939353466034, -0.007166607305407524, -0.00641251914203167, -0.004963582381606102, -0.005697192624211311, -0.004297465085983276, -0.004927728325128555, -0.005428405478596687, -0.004714019596576691, -0.005412634462118149, -0.005558011122047901, -0.007687559351325035, -0.006483638659119606]
ref [1.5266445875167847, 0.265712171792984, 0.1514139026403427, 0.10888806730508804, 0.09895531833171844, 0.06340096145868301, 0.05583082512021065, 0.04737566411495209, 0.03935747593641281, 0.03783813863992691, 0.03206766024231911, 0.029883280396461487, 0.02748149260878563, 0.02662629261612892, 0.02261057309806347, 0.02271854877471924, 0.021556898951530457, 0.021447813138365746, 0.020974023267626762, 0.019994428381323814, 0.020893948152661324, 0.02006720006465912, 0.02123504877090454, 0.021774522960186005, 0.0204251017421484, 0.01991141028702259, 0.020054887980222702, 0.022298617288470268, 0.021913116797804832]
[0.6181380748748779, 0.1936127096414566, 0.10212164372205734, 0.06794320791959763, 0.05644972249865532, 0.04553300514817238, 0.038583073765039444, 0.032803818583488464, 0.02826467528939247, 0.024117594584822655, 0.020592110231518745, 0.018784336745738983, 0.01703798957169056, 0.01676330156624317, 0.0143833477050066, 0.012792443856596947, 0.013651959598064423, 0.014281205832958221, 0.014561504125595093, 0.015030845999717712, 0.015196755528450012, 0.015769734978675842, 0.016307320445775986, 0.016346117481589317, 0.01571108214557171, 0.014498775824904442, 0.014496876858174801, 0.014611057937145233, 0.015429478138685226]
Training time: 5579 	steps per sec: 5
Eval num_timesteps=29696, episode_reward=nan +/- nan
Eval num_timesteps=29696, episode_success=nan +/- nan
se
16 16384 1024
diff [-0.9085065126419067, -0.0720994621515274, -0.04929225891828537, -0.04094485938549042, -0.042505595833063126, -0.017867956310510635, -0.017247751355171204, -0.014571845531463623, -0.01109280064702034, -0.013720544055104256, -0.011475550010800362, -0.011098943650722504, -0.01044350303709507, -0.00986299104988575, -0.00822722539305687, -0.009926104918122292, -0.007904939353466034, -0.007166607305407524, -0.00641251914203167, -0.004963582381606102, -0.005697192624211311, -0.004297465085983276, -0.004927728325128555, -0.005428405478596687, -0.004714019596576691, -0.005412634462118149, -0.005558011122047901, -0.007687559351325035, -0.006483638659119606, -0.005346182733774185]
ref [1.5266445875167847, 0.265712171792984, 0.1514139026403427, 0.10888806730508804, 0.09895531833171844, 0.06340096145868301, 0.05583082512021065, 0.04737566411495209, 0.03935747593641281, 0.03783813863992691, 0.03206766024231911, 0.029883280396461487, 0.02748149260878563, 0.02662629261612892, 0.02261057309806347, 0.02271854877471924, 0.021556898951530457, 0.021447813138365746, 0.020974023267626762, 0.019994428381323814, 0.020893948152661324, 0.02006720006465912, 0.02123504877090454, 0.021774522960186005, 0.0204251017421484, 0.01991141028702259, 0.020054887980222702, 0.022298617288470268, 0.021913116797804832, 0.02130669169127941]
[0.6181380748748779, 0.1936127096414566, 0.10212164372205734, 0.06794320791959763, 0.05644972249865532, 0.04553300514817238, 0.038583073765039444, 0.032803818583488464, 0.02826467528939247, 0.024117594584822655, 0.020592110231518745, 0.018784336745738983, 0.01703798957169056, 0.01676330156624317, 0.0143833477050066, 0.012792443856596947, 0.013651959598064423, 0.014281205832958221, 0.014561504125595093, 0.015030845999717712, 0.015196755528450012, 0.015769734978675842, 0.016307320445775986, 0.016346117481589317, 0.01571108214557171, 0.014498775824904442, 0.014496876858174801, 0.014611057937145233, 0.015429478138685226, 0.015960508957505226]
Training time: 5829 	steps per sec: 5
Eval num_timesteps=30720, episode_reward=nan +/- nan
Eval num_timesteps=30720, episode_success=nan +/- nan
se
16 16384 1024
diff [-0.9085065126419067, -0.0720994621515274, -0.04929225891828537, -0.04094485938549042, -0.042505595833063126, -0.017867956310510635, -0.017247751355171204, -0.014571845531463623, -0.01109280064702034, -0.013720544055104256, -0.011475550010800362, -0.011098943650722504, -0.01044350303709507, -0.00986299104988575, -0.00822722539305687, -0.009926104918122292, -0.007904939353466034, -0.007166607305407524, -0.00641251914203167, -0.004963582381606102, -0.005697192624211311, -0.004297465085983276, -0.004927728325128555, -0.005428405478596687, -0.004714019596576691, -0.005412634462118149, -0.005558011122047901, -0.007687559351325035, -0.006483638659119606, -0.005346182733774185, -0.006386585533618927]
ref [1.5266445875167847, 0.265712171792984, 0.1514139026403427, 0.10888806730508804, 0.09895531833171844, 0.06340096145868301, 0.05583082512021065, 0.04737566411495209, 0.03935747593641281, 0.03783813863992691, 0.03206766024231911, 0.029883280396461487, 0.02748149260878563, 0.02662629261612892, 0.02261057309806347, 0.02271854877471924, 0.021556898951530457, 0.021447813138365746, 0.020974023267626762, 0.019994428381323814, 0.020893948152661324, 0.02006720006465912, 0.02123504877090454, 0.021774522960186005, 0.0204251017421484, 0.01991141028702259, 0.020054887980222702, 0.022298617288470268, 0.021913116797804832, 0.02130669169127941, 0.02236582152545452]
[0.6181380748748779, 0.1936127096414566, 0.10212164372205734, 0.06794320791959763, 0.05644972249865532, 0.04553300514817238, 0.038583073765039444, 0.032803818583488464, 0.02826467528939247, 0.024117594584822655, 0.020592110231518745, 0.018784336745738983, 0.01703798957169056, 0.01676330156624317, 0.0143833477050066, 0.012792443856596947, 0.013651959598064423, 0.014281205832958221, 0.014561504125595093, 0.015030845999717712, 0.015196755528450012, 0.015769734978675842, 0.016307320445775986, 0.016346117481589317, 0.01571108214557171, 0.014498775824904442, 0.014496876858174801, 0.014611057937145233, 0.015429478138685226, 0.015960508957505226, 0.015979235991835594]
Training time: 6058 	steps per sec: 5
Eval num_timesteps=31744, episode_reward=nan +/- nan
Eval num_timesteps=31744, episode_success=nan +/- nan
se
16 16384 1024
diff [-0.9085065126419067, -0.0720994621515274, -0.04929225891828537, -0.04094485938549042, -0.042505595833063126, -0.017867956310510635, -0.017247751355171204, -0.014571845531463623, -0.01109280064702034, -0.013720544055104256, -0.011475550010800362, -0.011098943650722504, -0.01044350303709507, -0.00986299104988575, -0.00822722539305687, -0.009926104918122292, -0.007904939353466034, -0.007166607305407524, -0.00641251914203167, -0.004963582381606102, -0.005697192624211311, -0.004297465085983276, -0.004927728325128555, -0.005428405478596687, -0.004714019596576691, -0.005412634462118149, -0.005558011122047901, -0.007687559351325035, -0.006483638659119606, -0.005346182733774185, -0.006386585533618927, -0.004281438887119293]
ref [1.5266445875167847, 0.265712171792984, 0.1514139026403427, 0.10888806730508804, 0.09895531833171844, 0.06340096145868301, 0.05583082512021065, 0.04737566411495209, 0.03935747593641281, 0.03783813863992691, 0.03206766024231911, 0.029883280396461487, 0.02748149260878563, 0.02662629261612892, 0.02261057309806347, 0.02271854877471924, 0.021556898951530457, 0.021447813138365746, 0.020974023267626762, 0.019994428381323814, 0.020893948152661324, 0.02006720006465912, 0.02123504877090454, 0.021774522960186005, 0.0204251017421484, 0.01991141028702259, 0.020054887980222702, 0.022298617288470268, 0.021913116797804832, 0.02130669169127941, 0.02236582152545452, 0.02081000991165638]
[0.6181380748748779, 0.1936127096414566, 0.10212164372205734, 0.06794320791959763, 0.05644972249865532, 0.04553300514817238, 0.038583073765039444, 0.032803818583488464, 0.02826467528939247, 0.024117594584822655, 0.020592110231518745, 0.018784336745738983, 0.01703798957169056, 0.01676330156624317, 0.0143833477050066, 0.012792443856596947, 0.013651959598064423, 0.014281205832958221, 0.014561504125595093, 0.015030845999717712, 0.015196755528450012, 0.015769734978675842, 0.016307320445775986, 0.016346117481589317, 0.01571108214557171, 0.014498775824904442, 0.014496876858174801, 0.014611057937145233, 0.015429478138685226, 0.015960508957505226, 0.015979235991835594, 0.016528571024537086]
Training time: 6293 	steps per sec: 5
Eval num_timesteps=32768, episode_reward=nan +/- nan
Eval num_timesteps=32768, episode_success=nan +/- nan
results/Ant-v4/
results/Ant-v4/ppo_ros/
results/Ant-v4/ppo_ros/expert/
results/Ant-v4/ppo_ros/expert/b_16/
results/Ant-v4/ppo_ros/expert/b_16/no_lambda/
results/Ant-v4/ppo_ros/expert/b_16/no_lambda/run_3/
results/Ant-v4/ppo_ros/expert/b_16/no_lambda/run_3/stats.npz
results/Ant-v4/ppo_ros/expert/b_16/no_lambda/run_3/config.yml
results/Ant-v4/ppo_ros/expert/b_16/no_lambda/run_3/evaluations.npz
