ppo_ros_continuous.py --env-id Ant-v4 -s expert/b_16/no_lambda --total-timesteps 32768 --eval-freq 1 --eval-episodes 0 -b 16 --num-steps 1024 -lr 0 --update-epochs 0 --anneal-lr 0 --ros-num-steps 256 --ros-update-epochs 16 --ros-target-kl 0.05 --ros-clip-coef 0.3 --ros-lambda 0 -ros-lr 0.0001 --ros-anneal-lr 0 --se 1 --se-freq 1 --se-lr 1e-3 --se-epochs 1000 --policy-path policies/Ant-v4/best_model.zip --normalization-dir policies/Ant-v4
Obtaining file:///var/lib/condor/execute/slot1/dir_32049/PPOROS/PPOROS/custom-envs
  Preparing metadata (setup.py): started
  Preparing metadata (setup.py): finished with status 'done'
Requirement already satisfied: gym in /var/lib/condor/execute/slot1/dir_32049/PPOROS/ppo-ros_env/lib/python3.9/site-packages (from custom-envs==0.0.1) (0.21.0)
Requirement already satisfied: numpy>=1.18.0 in /var/lib/condor/execute/slot1/dir_32049/PPOROS/ppo-ros_env/lib/python3.9/site-packages (from gym->custom-envs==0.0.1) (1.24.2)
Requirement already satisfied: cloudpickle>=1.2.0 in /var/lib/condor/execute/slot1/dir_32049/PPOROS/ppo-ros_env/lib/python3.9/site-packages (from gym->custom-envs==0.0.1) (2.2.1)
Installing collected packages: custom-envs
  Running setup.py develop for custom-envs
Successfully installed custom-envs-0.0.1
seed: 1
Eval num_timesteps=0, episode_reward=nan +/- nan
Eval num_timesteps=0, episode_success=nan +/- nan
se
1 1024 1024
diff [-0.05210411548614502]
ref [0.6568868160247803]
[0.6047827005386353]
Training time: 34 	steps per sec: 29
Eval num_timesteps=1024, episode_reward=nan +/- nan
Eval num_timesteps=1024, episode_success=nan +/- nan
se
2 2048 1024
diff [-0.05210411548614502, -0.06473870575428009]
ref [0.6568868160247803, 0.27150604128837585]
[0.6047827005386353, 0.20676733553409576]
Training time: 80 	steps per sec: 25
Eval num_timesteps=2048, episode_reward=nan +/- nan
Eval num_timesteps=2048, episode_success=nan +/- nan
se
3 3072 1024
diff [-0.05210411548614502, -0.06473870575428009, -0.044462598860263824]
ref [0.6568868160247803, 0.27150604128837585, 0.16325120627880096]
[0.6047827005386353, 0.20676733553409576, 0.11878860741853714]
Training time: 137 	steps per sec: 22
Eval num_timesteps=3072, episode_reward=nan +/- nan
Eval num_timesteps=3072, episode_success=nan +/- nan
se
4 4096 1024
diff [-0.05210411548614502, -0.06473870575428009, -0.044462598860263824, -0.013912804424762726]
ref [0.6568868160247803, 0.27150604128837585, 0.16325120627880096, 0.10008510202169418]
[0.6047827005386353, 0.20676733553409576, 0.11878860741853714, 0.08617229759693146]
Training time: 205 	steps per sec: 19
Eval num_timesteps=4096, episode_reward=nan +/- nan
Eval num_timesteps=4096, episode_success=nan +/- nan
se
5 5120 1024
diff [-0.05210411548614502, -0.06473870575428009, -0.044462598860263824, -0.013912804424762726, -0.010506890714168549]
ref [0.6568868160247803, 0.27150604128837585, 0.16325120627880096, 0.10008510202169418, 0.071186862885952]
[0.6047827005386353, 0.20676733553409576, 0.11878860741853714, 0.08617229759693146, 0.06067997217178345]
Training time: 283 	steps per sec: 18
Eval num_timesteps=5120, episode_reward=nan +/- nan
Eval num_timesteps=5120, episode_success=nan +/- nan
se
6 6144 1024
diff [-0.05210411548614502, -0.06473870575428009, -0.044462598860263824, -0.013912804424762726, -0.010506890714168549, -0.013055957853794098]
ref [0.6568868160247803, 0.27150604128837585, 0.16325120627880096, 0.10008510202169418, 0.071186862885952, 0.05968507006764412]
[0.6047827005386353, 0.20676733553409576, 0.11878860741853714, 0.08617229759693146, 0.06067997217178345, 0.04662911221385002]
Training time: 366 	steps per sec: 16
Eval num_timesteps=6144, episode_reward=nan +/- nan
Eval num_timesteps=6144, episode_success=nan +/- nan
se
7 7168 1024
diff [-0.05210411548614502, -0.06473870575428009, -0.044462598860263824, -0.013912804424762726, -0.010506890714168549, -0.013055957853794098, -0.014033015817403793]
ref [0.6568868160247803, 0.27150604128837585, 0.16325120627880096, 0.10008510202169418, 0.071186862885952, 0.05968507006764412, 0.05447476729750633]
[0.6047827005386353, 0.20676733553409576, 0.11878860741853714, 0.08617229759693146, 0.06067997217178345, 0.04662911221385002, 0.04044175148010254]
Training time: 464 	steps per sec: 15
Eval num_timesteps=7168, episode_reward=nan +/- nan
Eval num_timesteps=7168, episode_success=nan +/- nan
se
8 8192 1024
diff [-0.05210411548614502, -0.06473870575428009, -0.044462598860263824, -0.013912804424762726, -0.010506890714168549, -0.013055957853794098, -0.014033015817403793, -0.010848302394151688]
ref [0.6568868160247803, 0.27150604128837585, 0.16325120627880096, 0.10008510202169418, 0.071186862885952, 0.05968507006764412, 0.05447476729750633, 0.047179482877254486]
[0.6047827005386353, 0.20676733553409576, 0.11878860741853714, 0.08617229759693146, 0.06067997217178345, 0.04662911221385002, 0.04044175148010254, 0.0363311804831028]
Training time: 572 	steps per sec: 14
Eval num_timesteps=8192, episode_reward=nan +/- nan
Eval num_timesteps=8192, episode_success=nan +/- nan
se
9 9216 1024
diff [-0.05210411548614502, -0.06473870575428009, -0.044462598860263824, -0.013912804424762726, -0.010506890714168549, -0.013055957853794098, -0.014033015817403793, -0.010848302394151688, -0.010333055630326271]
ref [0.6568868160247803, 0.27150604128837585, 0.16325120627880096, 0.10008510202169418, 0.071186862885952, 0.05968507006764412, 0.05447476729750633, 0.047179482877254486, 0.04140959680080414]
[0.6047827005386353, 0.20676733553409576, 0.11878860741853714, 0.08617229759693146, 0.06067997217178345, 0.04662911221385002, 0.04044175148010254, 0.0363311804831028, 0.031076541170477867]
Training time: 691 	steps per sec: 13
Eval num_timesteps=9216, episode_reward=nan +/- nan
Eval num_timesteps=9216, episode_success=nan +/- nan
se
10 10240 1024
diff [-0.05210411548614502, -0.06473870575428009, -0.044462598860263824, -0.013912804424762726, -0.010506890714168549, -0.013055957853794098, -0.014033015817403793, -0.010848302394151688, -0.010333055630326271, -0.00816885195672512]
ref [0.6568868160247803, 0.27150604128837585, 0.16325120627880096, 0.10008510202169418, 0.071186862885952, 0.05968507006764412, 0.05447476729750633, 0.047179482877254486, 0.04140959680080414, 0.035229843109846115]
[0.6047827005386353, 0.20676733553409576, 0.11878860741853714, 0.08617229759693146, 0.06067997217178345, 0.04662911221385002, 0.04044175148010254, 0.0363311804831028, 0.031076541170477867, 0.027060991153120995]
Training time: 824 	steps per sec: 12
Eval num_timesteps=10240, episode_reward=nan +/- nan
Eval num_timesteps=10240, episode_success=nan +/- nan
se
11 11264 1024
diff [-0.05210411548614502, -0.06473870575428009, -0.044462598860263824, -0.013912804424762726, -0.010506890714168549, -0.013055957853794098, -0.014033015817403793, -0.010848302394151688, -0.010333055630326271, -0.00816885195672512, -0.006969090551137924]
ref [0.6568868160247803, 0.27150604128837585, 0.16325120627880096, 0.10008510202169418, 0.071186862885952, 0.05968507006764412, 0.05447476729750633, 0.047179482877254486, 0.04140959680080414, 0.035229843109846115, 0.032438620924949646]
[0.6047827005386353, 0.20676733553409576, 0.11878860741853714, 0.08617229759693146, 0.06067997217178345, 0.04662911221385002, 0.04044175148010254, 0.0363311804831028, 0.031076541170477867, 0.027060991153120995, 0.025469530373811722]
Training time: 970 	steps per sec: 11
Eval num_timesteps=11264, episode_reward=nan +/- nan
Eval num_timesteps=11264, episode_success=nan +/- nan
se
12 12288 1024
diff [-0.05210411548614502, -0.06473870575428009, -0.044462598860263824, -0.013912804424762726, -0.010506890714168549, -0.013055957853794098, -0.014033015817403793, -0.010848302394151688, -0.010333055630326271, -0.00816885195672512, -0.006969090551137924, -0.002953696995973587]
ref [0.6568868160247803, 0.27150604128837585, 0.16325120627880096, 0.10008510202169418, 0.071186862885952, 0.05968507006764412, 0.05447476729750633, 0.047179482877254486, 0.04140959680080414, 0.035229843109846115, 0.032438620924949646, 0.026053963229060173]
[0.6047827005386353, 0.20676733553409576, 0.11878860741853714, 0.08617229759693146, 0.06067997217178345, 0.04662911221385002, 0.04044175148010254, 0.0363311804831028, 0.031076541170477867, 0.027060991153120995, 0.025469530373811722, 0.023100266233086586]
Training time: 1135 	steps per sec: 10
Eval num_timesteps=12288, episode_reward=nan +/- nan
Eval num_timesteps=12288, episode_success=nan +/- nan
se
13 13312 1024
diff [-0.05210411548614502, -0.06473870575428009, -0.044462598860263824, -0.013912804424762726, -0.010506890714168549, -0.013055957853794098, -0.014033015817403793, -0.010848302394151688, -0.010333055630326271, -0.00816885195672512, -0.006969090551137924, -0.002953696995973587, -0.0075079891830682755]
ref [0.6568868160247803, 0.27150604128837585, 0.16325120627880096, 0.10008510202169418, 0.071186862885952, 0.05968507006764412, 0.05447476729750633, 0.047179482877254486, 0.04140959680080414, 0.035229843109846115, 0.032438620924949646, 0.026053963229060173, 0.028835179284214973]
[0.6047827005386353, 0.20676733553409576, 0.11878860741853714, 0.08617229759693146, 0.06067997217178345, 0.04662911221385002, 0.04044175148010254, 0.0363311804831028, 0.031076541170477867, 0.027060991153120995, 0.025469530373811722, 0.023100266233086586, 0.021327190101146698]
Training time: 1313 	steps per sec: 10
Eval num_timesteps=13312, episode_reward=nan +/- nan
Eval num_timesteps=13312, episode_success=nan +/- nan
se
14 14336 1024
diff [-0.05210411548614502, -0.06473870575428009, -0.044462598860263824, -0.013912804424762726, -0.010506890714168549, -0.013055957853794098, -0.014033015817403793, -0.010848302394151688, -0.010333055630326271, -0.00816885195672512, -0.006969090551137924, -0.002953696995973587, -0.0075079891830682755, -0.0027031339704990387]
ref [0.6568868160247803, 0.27150604128837585, 0.16325120627880096, 0.10008510202169418, 0.071186862885952, 0.05968507006764412, 0.05447476729750633, 0.047179482877254486, 0.04140959680080414, 0.035229843109846115, 0.032438620924949646, 0.026053963229060173, 0.028835179284214973, 0.022081051021814346]
[0.6047827005386353, 0.20676733553409576, 0.11878860741853714, 0.08617229759693146, 0.06067997217178345, 0.04662911221385002, 0.04044175148010254, 0.0363311804831028, 0.031076541170477867, 0.027060991153120995, 0.025469530373811722, 0.023100266233086586, 0.021327190101146698, 0.019377917051315308]
Training time: 1490 	steps per sec: 9
Eval num_timesteps=14336, episode_reward=nan +/- nan
Eval num_timesteps=14336, episode_success=nan +/- nan
se
15 15360 1024
diff [-0.05210411548614502, -0.06473870575428009, -0.044462598860263824, -0.013912804424762726, -0.010506890714168549, -0.013055957853794098, -0.014033015817403793, -0.010848302394151688, -0.010333055630326271, -0.00816885195672512, -0.006969090551137924, -0.002953696995973587, -0.0075079891830682755, -0.0027031339704990387, -0.0031252559274435043]
ref [0.6568868160247803, 0.27150604128837585, 0.16325120627880096, 0.10008510202169418, 0.071186862885952, 0.05968507006764412, 0.05447476729750633, 0.047179482877254486, 0.04140959680080414, 0.035229843109846115, 0.032438620924949646, 0.026053963229060173, 0.028835179284214973, 0.022081051021814346, 0.020370233803987503]
[0.6047827005386353, 0.20676733553409576, 0.11878860741853714, 0.08617229759693146, 0.06067997217178345, 0.04662911221385002, 0.04044175148010254, 0.0363311804831028, 0.031076541170477867, 0.027060991153120995, 0.025469530373811722, 0.023100266233086586, 0.021327190101146698, 0.019377917051315308, 0.017244977876544]
Training time: 1672 	steps per sec: 9
Eval num_timesteps=15360, episode_reward=nan +/- nan
Eval num_timesteps=15360, episode_success=nan +/- nan
se
16 16384 1024
diff [-0.05210411548614502, -0.06473870575428009, -0.044462598860263824, -0.013912804424762726, -0.010506890714168549, -0.013055957853794098, -0.014033015817403793, -0.010848302394151688, -0.010333055630326271, -0.00816885195672512, -0.006969090551137924, -0.002953696995973587, -0.0075079891830682755, -0.0027031339704990387, -0.0031252559274435043, -0.006886602379381657]
ref [0.6568868160247803, 0.27150604128837585, 0.16325120627880096, 0.10008510202169418, 0.071186862885952, 0.05968507006764412, 0.05447476729750633, 0.047179482877254486, 0.04140959680080414, 0.035229843109846115, 0.032438620924949646, 0.026053963229060173, 0.028835179284214973, 0.022081051021814346, 0.020370233803987503, 0.022373124957084656]
[0.6047827005386353, 0.20676733553409576, 0.11878860741853714, 0.08617229759693146, 0.06067997217178345, 0.04662911221385002, 0.04044175148010254, 0.0363311804831028, 0.031076541170477867, 0.027060991153120995, 0.025469530373811722, 0.023100266233086586, 0.021327190101146698, 0.019377917051315308, 0.017244977876544, 0.015486522577702999]
Training time: 1875 	steps per sec: 8
Eval num_timesteps=16384, episode_reward=nan +/- nan
Eval num_timesteps=16384, episode_success=nan +/- nan
se
16 16384 1024
diff [-0.05210411548614502, -0.06473870575428009, -0.044462598860263824, -0.013912804424762726, -0.010506890714168549, -0.013055957853794098, -0.014033015817403793, -0.010848302394151688, -0.010333055630326271, -0.00816885195672512, -0.006969090551137924, -0.002953696995973587, -0.0075079891830682755, -0.0027031339704990387, -0.0031252559274435043, -0.006886602379381657, -0.006012486293911934]
ref [0.6568868160247803, 0.27150604128837585, 0.16325120627880096, 0.10008510202169418, 0.071186862885952, 0.05968507006764412, 0.05447476729750633, 0.047179482877254486, 0.04140959680080414, 0.035229843109846115, 0.032438620924949646, 0.026053963229060173, 0.028835179284214973, 0.022081051021814346, 0.020370233803987503, 0.022373124957084656, 0.02148253843188286]
[0.6047827005386353, 0.20676733553409576, 0.11878860741853714, 0.08617229759693146, 0.06067997217178345, 0.04662911221385002, 0.04044175148010254, 0.0363311804831028, 0.031076541170477867, 0.027060991153120995, 0.025469530373811722, 0.023100266233086586, 0.021327190101146698, 0.019377917051315308, 0.017244977876544, 0.015486522577702999, 0.015470052137970924]
Training time: 2090 	steps per sec: 8
Eval num_timesteps=17408, episode_reward=nan +/- nan
Eval num_timesteps=17408, episode_success=nan +/- nan
se
16 16384 1024
diff [-0.05210411548614502, -0.06473870575428009, -0.044462598860263824, -0.013912804424762726, -0.010506890714168549, -0.013055957853794098, -0.014033015817403793, -0.010848302394151688, -0.010333055630326271, -0.00816885195672512, -0.006969090551137924, -0.002953696995973587, -0.0075079891830682755, -0.0027031339704990387, -0.0031252559274435043, -0.006886602379381657, -0.006012486293911934, -0.00649801641702652]
ref [0.6568868160247803, 0.27150604128837585, 0.16325120627880096, 0.10008510202169418, 0.071186862885952, 0.05968507006764412, 0.05447476729750633, 0.047179482877254486, 0.04140959680080414, 0.035229843109846115, 0.032438620924949646, 0.026053963229060173, 0.028835179284214973, 0.022081051021814346, 0.020370233803987503, 0.022373124957084656, 0.02148253843188286, 0.023020680993795395]
[0.6047827005386353, 0.20676733553409576, 0.11878860741853714, 0.08617229759693146, 0.06067997217178345, 0.04662911221385002, 0.04044175148010254, 0.0363311804831028, 0.031076541170477867, 0.027060991153120995, 0.025469530373811722, 0.023100266233086586, 0.021327190101146698, 0.019377917051315308, 0.017244977876544, 0.015486522577702999, 0.015470052137970924, 0.016522664576768875]
Training time: 2294 	steps per sec: 8
Eval num_timesteps=18432, episode_reward=nan +/- nan
Eval num_timesteps=18432, episode_success=nan +/- nan
se
16 16384 1024
diff [-0.05210411548614502, -0.06473870575428009, -0.044462598860263824, -0.013912804424762726, -0.010506890714168549, -0.013055957853794098, -0.014033015817403793, -0.010848302394151688, -0.010333055630326271, -0.00816885195672512, -0.006969090551137924, -0.002953696995973587, -0.0075079891830682755, -0.0027031339704990387, -0.0031252559274435043, -0.006886602379381657, -0.006012486293911934, -0.00649801641702652, -0.00674724206328392]
ref [0.6568868160247803, 0.27150604128837585, 0.16325120627880096, 0.10008510202169418, 0.071186862885952, 0.05968507006764412, 0.05447476729750633, 0.047179482877254486, 0.04140959680080414, 0.035229843109846115, 0.032438620924949646, 0.026053963229060173, 0.028835179284214973, 0.022081051021814346, 0.020370233803987503, 0.022373124957084656, 0.02148253843188286, 0.023020680993795395, 0.02278699353337288]
[0.6047827005386353, 0.20676733553409576, 0.11878860741853714, 0.08617229759693146, 0.06067997217178345, 0.04662911221385002, 0.04044175148010254, 0.0363311804831028, 0.031076541170477867, 0.027060991153120995, 0.025469530373811722, 0.023100266233086586, 0.021327190101146698, 0.019377917051315308, 0.017244977876544, 0.015486522577702999, 0.015470052137970924, 0.016522664576768875, 0.01603975147008896]
Training time: 2498 	steps per sec: 7
Eval num_timesteps=19456, episode_reward=nan +/- nan
Eval num_timesteps=19456, episode_success=nan +/- nan
se
16 16384 1024
diff [-0.05210411548614502, -0.06473870575428009, -0.044462598860263824, -0.013912804424762726, -0.010506890714168549, -0.013055957853794098, -0.014033015817403793, -0.010848302394151688, -0.010333055630326271, -0.00816885195672512, -0.006969090551137924, -0.002953696995973587, -0.0075079891830682755, -0.0027031339704990387, -0.0031252559274435043, -0.006886602379381657, -0.006012486293911934, -0.00649801641702652, -0.00674724206328392, -0.00445612333714962]
ref [0.6568868160247803, 0.27150604128837585, 0.16325120627880096, 0.10008510202169418, 0.071186862885952, 0.05968507006764412, 0.05447476729750633, 0.047179482877254486, 0.04140959680080414, 0.035229843109846115, 0.032438620924949646, 0.026053963229060173, 0.028835179284214973, 0.022081051021814346, 0.020370233803987503, 0.022373124957084656, 0.02148253843188286, 0.023020680993795395, 0.02278699353337288, 0.02034040354192257]
[0.6047827005386353, 0.20676733553409576, 0.11878860741853714, 0.08617229759693146, 0.06067997217178345, 0.04662911221385002, 0.04044175148010254, 0.0363311804831028, 0.031076541170477867, 0.027060991153120995, 0.025469530373811722, 0.023100266233086586, 0.021327190101146698, 0.019377917051315308, 0.017244977876544, 0.015486522577702999, 0.015470052137970924, 0.016522664576768875, 0.01603975147008896, 0.01588428020477295]
Training time: 2719 	steps per sec: 7
Eval num_timesteps=20480, episode_reward=nan +/- nan
Eval num_timesteps=20480, episode_success=nan +/- nan
se
16 16384 1024
diff [-0.05210411548614502, -0.06473870575428009, -0.044462598860263824, -0.013912804424762726, -0.010506890714168549, -0.013055957853794098, -0.014033015817403793, -0.010848302394151688, -0.010333055630326271, -0.00816885195672512, -0.006969090551137924, -0.002953696995973587, -0.0075079891830682755, -0.0027031339704990387, -0.0031252559274435043, -0.006886602379381657, -0.006012486293911934, -0.00649801641702652, -0.00674724206328392, -0.00445612333714962, -0.008728637360036373]
ref [0.6568868160247803, 0.27150604128837585, 0.16325120627880096, 0.10008510202169418, 0.071186862885952, 0.05968507006764412, 0.05447476729750633, 0.047179482877254486, 0.04140959680080414, 0.035229843109846115, 0.032438620924949646, 0.026053963229060173, 0.028835179284214973, 0.022081051021814346, 0.020370233803987503, 0.022373124957084656, 0.02148253843188286, 0.023020680993795395, 0.02278699353337288, 0.02034040354192257, 0.024079984053969383]
[0.6047827005386353, 0.20676733553409576, 0.11878860741853714, 0.08617229759693146, 0.06067997217178345, 0.04662911221385002, 0.04044175148010254, 0.0363311804831028, 0.031076541170477867, 0.027060991153120995, 0.025469530373811722, 0.023100266233086586, 0.021327190101146698, 0.019377917051315308, 0.017244977876544, 0.015486522577702999, 0.015470052137970924, 0.016522664576768875, 0.01603975147008896, 0.01588428020477295, 0.01535134669393301]
Training time: 2953 	steps per sec: 7
Eval num_timesteps=21504, episode_reward=nan +/- nan
Eval num_timesteps=21504, episode_success=nan +/- nan
se
16 16384 1024
diff [-0.05210411548614502, -0.06473870575428009, -0.044462598860263824, -0.013912804424762726, -0.010506890714168549, -0.013055957853794098, -0.014033015817403793, -0.010848302394151688, -0.010333055630326271, -0.00816885195672512, -0.006969090551137924, -0.002953696995973587, -0.0075079891830682755, -0.0027031339704990387, -0.0031252559274435043, -0.006886602379381657, -0.006012486293911934, -0.00649801641702652, -0.00674724206328392, -0.00445612333714962, -0.008728637360036373, -0.004762507043778896]
ref [0.6568868160247803, 0.27150604128837585, 0.16325120627880096, 0.10008510202169418, 0.071186862885952, 0.05968507006764412, 0.05447476729750633, 0.047179482877254486, 0.04140959680080414, 0.035229843109846115, 0.032438620924949646, 0.026053963229060173, 0.028835179284214973, 0.022081051021814346, 0.020370233803987503, 0.022373124957084656, 0.02148253843188286, 0.023020680993795395, 0.02278699353337288, 0.02034040354192257, 0.024079984053969383, 0.01985437050461769]
[0.6047827005386353, 0.20676733553409576, 0.11878860741853714, 0.08617229759693146, 0.06067997217178345, 0.04662911221385002, 0.04044175148010254, 0.0363311804831028, 0.031076541170477867, 0.027060991153120995, 0.025469530373811722, 0.023100266233086586, 0.021327190101146698, 0.019377917051315308, 0.017244977876544, 0.015486522577702999, 0.015470052137970924, 0.016522664576768875, 0.01603975147008896, 0.01588428020477295, 0.01535134669393301, 0.015091863460838795]
Training time: 3208 	steps per sec: 7
Eval num_timesteps=22528, episode_reward=nan +/- nan
Eval num_timesteps=22528, episode_success=nan +/- nan
se
16 16384 1024
diff [-0.05210411548614502, -0.06473870575428009, -0.044462598860263824, -0.013912804424762726, -0.010506890714168549, -0.013055957853794098, -0.014033015817403793, -0.010848302394151688, -0.010333055630326271, -0.00816885195672512, -0.006969090551137924, -0.002953696995973587, -0.0075079891830682755, -0.0027031339704990387, -0.0031252559274435043, -0.006886602379381657, -0.006012486293911934, -0.00649801641702652, -0.00674724206328392, -0.00445612333714962, -0.008728637360036373, -0.004762507043778896, -0.0041769715026021]
ref [0.6568868160247803, 0.27150604128837585, 0.16325120627880096, 0.10008510202169418, 0.071186862885952, 0.05968507006764412, 0.05447476729750633, 0.047179482877254486, 0.04140959680080414, 0.035229843109846115, 0.032438620924949646, 0.026053963229060173, 0.028835179284214973, 0.022081051021814346, 0.020370233803987503, 0.022373124957084656, 0.02148253843188286, 0.023020680993795395, 0.02278699353337288, 0.02034040354192257, 0.024079984053969383, 0.01985437050461769, 0.01890040934085846]
[0.6047827005386353, 0.20676733553409576, 0.11878860741853714, 0.08617229759693146, 0.06067997217178345, 0.04662911221385002, 0.04044175148010254, 0.0363311804831028, 0.031076541170477867, 0.027060991153120995, 0.025469530373811722, 0.023100266233086586, 0.021327190101146698, 0.019377917051315308, 0.017244977876544, 0.015486522577702999, 0.015470052137970924, 0.016522664576768875, 0.01603975147008896, 0.01588428020477295, 0.01535134669393301, 0.015091863460838795, 0.014723437838256359]
Training time: 3469 	steps per sec: 6
Eval num_timesteps=23552, episode_reward=nan +/- nan
Eval num_timesteps=23552, episode_success=nan +/- nan
se
16 16384 1024
diff [-0.05210411548614502, -0.06473870575428009, -0.044462598860263824, -0.013912804424762726, -0.010506890714168549, -0.013055957853794098, -0.014033015817403793, -0.010848302394151688, -0.010333055630326271, -0.00816885195672512, -0.006969090551137924, -0.002953696995973587, -0.0075079891830682755, -0.0027031339704990387, -0.0031252559274435043, -0.006886602379381657, -0.006012486293911934, -0.00649801641702652, -0.00674724206328392, -0.00445612333714962, -0.008728637360036373, -0.004762507043778896, -0.0041769715026021, -0.006340916268527508]
ref [0.6568868160247803, 0.27150604128837585, 0.16325120627880096, 0.10008510202169418, 0.071186862885952, 0.05968507006764412, 0.05447476729750633, 0.047179482877254486, 0.04140959680080414, 0.035229843109846115, 0.032438620924949646, 0.026053963229060173, 0.028835179284214973, 0.022081051021814346, 0.020370233803987503, 0.022373124957084656, 0.02148253843188286, 0.023020680993795395, 0.02278699353337288, 0.02034040354192257, 0.024079984053969383, 0.01985437050461769, 0.01890040934085846, 0.02102457731962204]
[0.6047827005386353, 0.20676733553409576, 0.11878860741853714, 0.08617229759693146, 0.06067997217178345, 0.04662911221385002, 0.04044175148010254, 0.0363311804831028, 0.031076541170477867, 0.027060991153120995, 0.025469530373811722, 0.023100266233086586, 0.021327190101146698, 0.019377917051315308, 0.017244977876544, 0.015486522577702999, 0.015470052137970924, 0.016522664576768875, 0.01603975147008896, 0.01588428020477295, 0.01535134669393301, 0.015091863460838795, 0.014723437838256359, 0.014683661051094532]
Training time: 3733 	steps per sec: 6
Eval num_timesteps=24576, episode_reward=nan +/- nan
Eval num_timesteps=24576, episode_success=nan +/- nan
se
16 16384 1024
diff [-0.05210411548614502, -0.06473870575428009, -0.044462598860263824, -0.013912804424762726, -0.010506890714168549, -0.013055957853794098, -0.014033015817403793, -0.010848302394151688, -0.010333055630326271, -0.00816885195672512, -0.006969090551137924, -0.002953696995973587, -0.0075079891830682755, -0.0027031339704990387, -0.0031252559274435043, -0.006886602379381657, -0.006012486293911934, -0.00649801641702652, -0.00674724206328392, -0.00445612333714962, -0.008728637360036373, -0.004762507043778896, -0.0041769715026021, -0.006340916268527508, -0.007822548039257526]
ref [0.6568868160247803, 0.27150604128837585, 0.16325120627880096, 0.10008510202169418, 0.071186862885952, 0.05968507006764412, 0.05447476729750633, 0.047179482877254486, 0.04140959680080414, 0.035229843109846115, 0.032438620924949646, 0.026053963229060173, 0.028835179284214973, 0.022081051021814346, 0.020370233803987503, 0.022373124957084656, 0.02148253843188286, 0.023020680993795395, 0.02278699353337288, 0.02034040354192257, 0.024079984053969383, 0.01985437050461769, 0.01890040934085846, 0.02102457731962204, 0.022165734320878983]
[0.6047827005386353, 0.20676733553409576, 0.11878860741853714, 0.08617229759693146, 0.06067997217178345, 0.04662911221385002, 0.04044175148010254, 0.0363311804831028, 0.031076541170477867, 0.027060991153120995, 0.025469530373811722, 0.023100266233086586, 0.021327190101146698, 0.019377917051315308, 0.017244977876544, 0.015486522577702999, 0.015470052137970924, 0.016522664576768875, 0.01603975147008896, 0.01588428020477295, 0.01535134669393301, 0.015091863460838795, 0.014723437838256359, 0.014683661051094532, 0.014343186281621456]
Training time: 3990 	steps per sec: 6
Eval num_timesteps=25600, episode_reward=nan +/- nan
Eval num_timesteps=25600, episode_success=nan +/- nan
se
16 16384 1024
diff [-0.05210411548614502, -0.06473870575428009, -0.044462598860263824, -0.013912804424762726, -0.010506890714168549, -0.013055957853794098, -0.014033015817403793, -0.010848302394151688, -0.010333055630326271, -0.00816885195672512, -0.006969090551137924, -0.002953696995973587, -0.0075079891830682755, -0.0027031339704990387, -0.0031252559274435043, -0.006886602379381657, -0.006012486293911934, -0.00649801641702652, -0.00674724206328392, -0.00445612333714962, -0.008728637360036373, -0.004762507043778896, -0.0041769715026021, -0.006340916268527508, -0.007822548039257526, -0.006857765838503838]
ref [0.6568868160247803, 0.27150604128837585, 0.16325120627880096, 0.10008510202169418, 0.071186862885952, 0.05968507006764412, 0.05447476729750633, 0.047179482877254486, 0.04140959680080414, 0.035229843109846115, 0.032438620924949646, 0.026053963229060173, 0.028835179284214973, 0.022081051021814346, 0.020370233803987503, 0.022373124957084656, 0.02148253843188286, 0.023020680993795395, 0.02278699353337288, 0.02034040354192257, 0.024079984053969383, 0.01985437050461769, 0.01890040934085846, 0.02102457731962204, 0.022165734320878983, 0.020590240135788918]
[0.6047827005386353, 0.20676733553409576, 0.11878860741853714, 0.08617229759693146, 0.06067997217178345, 0.04662911221385002, 0.04044175148010254, 0.0363311804831028, 0.031076541170477867, 0.027060991153120995, 0.025469530373811722, 0.023100266233086586, 0.021327190101146698, 0.019377917051315308, 0.017244977876544, 0.015486522577702999, 0.015470052137970924, 0.016522664576768875, 0.01603975147008896, 0.01588428020477295, 0.01535134669393301, 0.015091863460838795, 0.014723437838256359, 0.014683661051094532, 0.014343186281621456, 0.01373247429728508]
Training time: 4234 	steps per sec: 6
Eval num_timesteps=26624, episode_reward=nan +/- nan
Eval num_timesteps=26624, episode_success=nan +/- nan
se
16 16384 1024
diff [-0.05210411548614502, -0.06473870575428009, -0.044462598860263824, -0.013912804424762726, -0.010506890714168549, -0.013055957853794098, -0.014033015817403793, -0.010848302394151688, -0.010333055630326271, -0.00816885195672512, -0.006969090551137924, -0.002953696995973587, -0.0075079891830682755, -0.0027031339704990387, -0.0031252559274435043, -0.006886602379381657, -0.006012486293911934, -0.00649801641702652, -0.00674724206328392, -0.00445612333714962, -0.008728637360036373, -0.004762507043778896, -0.0041769715026021, -0.006340916268527508, -0.007822548039257526, -0.006857765838503838, -0.009298589080572128]
ref [0.6568868160247803, 0.27150604128837585, 0.16325120627880096, 0.10008510202169418, 0.071186862885952, 0.05968507006764412, 0.05447476729750633, 0.047179482877254486, 0.04140959680080414, 0.035229843109846115, 0.032438620924949646, 0.026053963229060173, 0.028835179284214973, 0.022081051021814346, 0.020370233803987503, 0.022373124957084656, 0.02148253843188286, 0.023020680993795395, 0.02278699353337288, 0.02034040354192257, 0.024079984053969383, 0.01985437050461769, 0.01890040934085846, 0.02102457731962204, 0.022165734320878983, 0.020590240135788918, 0.023187823593616486]
[0.6047827005386353, 0.20676733553409576, 0.11878860741853714, 0.08617229759693146, 0.06067997217178345, 0.04662911221385002, 0.04044175148010254, 0.0363311804831028, 0.031076541170477867, 0.027060991153120995, 0.025469530373811722, 0.023100266233086586, 0.021327190101146698, 0.019377917051315308, 0.017244977876544, 0.015486522577702999, 0.015470052137970924, 0.016522664576768875, 0.01603975147008896, 0.01588428020477295, 0.01535134669393301, 0.015091863460838795, 0.014723437838256359, 0.014683661051094532, 0.014343186281621456, 0.01373247429728508, 0.013889234513044357]
Training time: 4482 	steps per sec: 6
Eval num_timesteps=27648, episode_reward=nan +/- nan
Eval num_timesteps=27648, episode_success=nan +/- nan
se
16 16384 1024
diff [-0.05210411548614502, -0.06473870575428009, -0.044462598860263824, -0.013912804424762726, -0.010506890714168549, -0.013055957853794098, -0.014033015817403793, -0.010848302394151688, -0.010333055630326271, -0.00816885195672512, -0.006969090551137924, -0.002953696995973587, -0.0075079891830682755, -0.0027031339704990387, -0.0031252559274435043, -0.006886602379381657, -0.006012486293911934, -0.00649801641702652, -0.00674724206328392, -0.00445612333714962, -0.008728637360036373, -0.004762507043778896, -0.0041769715026021, -0.006340916268527508, -0.007822548039257526, -0.006857765838503838, -0.009298589080572128, -0.008837403729557991]
ref [0.6568868160247803, 0.27150604128837585, 0.16325120627880096, 0.10008510202169418, 0.071186862885952, 0.05968507006764412, 0.05447476729750633, 0.047179482877254486, 0.04140959680080414, 0.035229843109846115, 0.032438620924949646, 0.026053963229060173, 0.028835179284214973, 0.022081051021814346, 0.020370233803987503, 0.022373124957084656, 0.02148253843188286, 0.023020680993795395, 0.02278699353337288, 0.02034040354192257, 0.024079984053969383, 0.01985437050461769, 0.01890040934085846, 0.02102457731962204, 0.022165734320878983, 0.020590240135788918, 0.023187823593616486, 0.022579621523618698]
[0.6047827005386353, 0.20676733553409576, 0.11878860741853714, 0.08617229759693146, 0.06067997217178345, 0.04662911221385002, 0.04044175148010254, 0.0363311804831028, 0.031076541170477867, 0.027060991153120995, 0.025469530373811722, 0.023100266233086586, 0.021327190101146698, 0.019377917051315308, 0.017244977876544, 0.015486522577702999, 0.015470052137970924, 0.016522664576768875, 0.01603975147008896, 0.01588428020477295, 0.01535134669393301, 0.015091863460838795, 0.014723437838256359, 0.014683661051094532, 0.014343186281621456, 0.01373247429728508, 0.013889234513044357, 0.013742217794060707]
Training time: 4727 	steps per sec: 6
Eval num_timesteps=28672, episode_reward=nan +/- nan
Eval num_timesteps=28672, episode_success=nan +/- nan
se
16 16384 1024
diff [-0.05210411548614502, -0.06473870575428009, -0.044462598860263824, -0.013912804424762726, -0.010506890714168549, -0.013055957853794098, -0.014033015817403793, -0.010848302394151688, -0.010333055630326271, -0.00816885195672512, -0.006969090551137924, -0.002953696995973587, -0.0075079891830682755, -0.0027031339704990387, -0.0031252559274435043, -0.006886602379381657, -0.006012486293911934, -0.00649801641702652, -0.00674724206328392, -0.00445612333714962, -0.008728637360036373, -0.004762507043778896, -0.0041769715026021, -0.006340916268527508, -0.007822548039257526, -0.006857765838503838, -0.009298589080572128, -0.008837403729557991, -0.005608739331364632]
ref [0.6568868160247803, 0.27150604128837585, 0.16325120627880096, 0.10008510202169418, 0.071186862885952, 0.05968507006764412, 0.05447476729750633, 0.047179482877254486, 0.04140959680080414, 0.035229843109846115, 0.032438620924949646, 0.026053963229060173, 0.028835179284214973, 0.022081051021814346, 0.020370233803987503, 0.022373124957084656, 0.02148253843188286, 0.023020680993795395, 0.02278699353337288, 0.02034040354192257, 0.024079984053969383, 0.01985437050461769, 0.01890040934085846, 0.02102457731962204, 0.022165734320878983, 0.020590240135788918, 0.023187823593616486, 0.022579621523618698, 0.02051445282995701]
[0.6047827005386353, 0.20676733553409576, 0.11878860741853714, 0.08617229759693146, 0.06067997217178345, 0.04662911221385002, 0.04044175148010254, 0.0363311804831028, 0.031076541170477867, 0.027060991153120995, 0.025469530373811722, 0.023100266233086586, 0.021327190101146698, 0.019377917051315308, 0.017244977876544, 0.015486522577702999, 0.015470052137970924, 0.016522664576768875, 0.01603975147008896, 0.01588428020477295, 0.01535134669393301, 0.015091863460838795, 0.014723437838256359, 0.014683661051094532, 0.014343186281621456, 0.01373247429728508, 0.013889234513044357, 0.013742217794060707, 0.014905713498592377]
Training time: 4981 	steps per sec: 5
Eval num_timesteps=29696, episode_reward=nan +/- nan
Eval num_timesteps=29696, episode_success=nan +/- nan
se
16 16384 1024
diff [-0.05210411548614502, -0.06473870575428009, -0.044462598860263824, -0.013912804424762726, -0.010506890714168549, -0.013055957853794098, -0.014033015817403793, -0.010848302394151688, -0.010333055630326271, -0.00816885195672512, -0.006969090551137924, -0.002953696995973587, -0.0075079891830682755, -0.0027031339704990387, -0.0031252559274435043, -0.006886602379381657, -0.006012486293911934, -0.00649801641702652, -0.00674724206328392, -0.00445612333714962, -0.008728637360036373, -0.004762507043778896, -0.0041769715026021, -0.006340916268527508, -0.007822548039257526, -0.006857765838503838, -0.009298589080572128, -0.008837403729557991, -0.005608739331364632, -0.006091170944273472]
ref [0.6568868160247803, 0.27150604128837585, 0.16325120627880096, 0.10008510202169418, 0.071186862885952, 0.05968507006764412, 0.05447476729750633, 0.047179482877254486, 0.04140959680080414, 0.035229843109846115, 0.032438620924949646, 0.026053963229060173, 0.028835179284214973, 0.022081051021814346, 0.020370233803987503, 0.022373124957084656, 0.02148253843188286, 0.023020680993795395, 0.02278699353337288, 0.02034040354192257, 0.024079984053969383, 0.01985437050461769, 0.01890040934085846, 0.02102457731962204, 0.022165734320878983, 0.020590240135788918, 0.023187823593616486, 0.022579621523618698, 0.02051445282995701, 0.021087095141410828]
[0.6047827005386353, 0.20676733553409576, 0.11878860741853714, 0.08617229759693146, 0.06067997217178345, 0.04662911221385002, 0.04044175148010254, 0.0363311804831028, 0.031076541170477867, 0.027060991153120995, 0.025469530373811722, 0.023100266233086586, 0.021327190101146698, 0.019377917051315308, 0.017244977876544, 0.015486522577702999, 0.015470052137970924, 0.016522664576768875, 0.01603975147008896, 0.01588428020477295, 0.01535134669393301, 0.015091863460838795, 0.014723437838256359, 0.014683661051094532, 0.014343186281621456, 0.01373247429728508, 0.013889234513044357, 0.013742217794060707, 0.014905713498592377, 0.014995924197137356]
Training time: 5236 	steps per sec: 5
Eval num_timesteps=30720, episode_reward=nan +/- nan
Eval num_timesteps=30720, episode_success=nan +/- nan
se
16 16384 1024
diff [-0.05210411548614502, -0.06473870575428009, -0.044462598860263824, -0.013912804424762726, -0.010506890714168549, -0.013055957853794098, -0.014033015817403793, -0.010848302394151688, -0.010333055630326271, -0.00816885195672512, -0.006969090551137924, -0.002953696995973587, -0.0075079891830682755, -0.0027031339704990387, -0.0031252559274435043, -0.006886602379381657, -0.006012486293911934, -0.00649801641702652, -0.00674724206328392, -0.00445612333714962, -0.008728637360036373, -0.004762507043778896, -0.0041769715026021, -0.006340916268527508, -0.007822548039257526, -0.006857765838503838, -0.009298589080572128, -0.008837403729557991, -0.005608739331364632, -0.006091170944273472, -0.006411075592041016]
ref [0.6568868160247803, 0.27150604128837585, 0.16325120627880096, 0.10008510202169418, 0.071186862885952, 0.05968507006764412, 0.05447476729750633, 0.047179482877254486, 0.04140959680080414, 0.035229843109846115, 0.032438620924949646, 0.026053963229060173, 0.028835179284214973, 0.022081051021814346, 0.020370233803987503, 0.022373124957084656, 0.02148253843188286, 0.023020680993795395, 0.02278699353337288, 0.02034040354192257, 0.024079984053969383, 0.01985437050461769, 0.01890040934085846, 0.02102457731962204, 0.022165734320878983, 0.020590240135788918, 0.023187823593616486, 0.022579621523618698, 0.02051445282995701, 0.021087095141410828, 0.02232091687619686]
[0.6047827005386353, 0.20676733553409576, 0.11878860741853714, 0.08617229759693146, 0.06067997217178345, 0.04662911221385002, 0.04044175148010254, 0.0363311804831028, 0.031076541170477867, 0.027060991153120995, 0.025469530373811722, 0.023100266233086586, 0.021327190101146698, 0.019377917051315308, 0.017244977876544, 0.015486522577702999, 0.015470052137970924, 0.016522664576768875, 0.01603975147008896, 0.01588428020477295, 0.01535134669393301, 0.015091863460838795, 0.014723437838256359, 0.014683661051094532, 0.014343186281621456, 0.01373247429728508, 0.013889234513044357, 0.013742217794060707, 0.014905713498592377, 0.014995924197137356, 0.015909841284155846]
Training time: 5478 	steps per sec: 5
Eval num_timesteps=31744, episode_reward=nan +/- nan
Eval num_timesteps=31744, episode_success=nan +/- nan
se
16 16384 1024
diff [-0.05210411548614502, -0.06473870575428009, -0.044462598860263824, -0.013912804424762726, -0.010506890714168549, -0.013055957853794098, -0.014033015817403793, -0.010848302394151688, -0.010333055630326271, -0.00816885195672512, -0.006969090551137924, -0.002953696995973587, -0.0075079891830682755, -0.0027031339704990387, -0.0031252559274435043, -0.006886602379381657, -0.006012486293911934, -0.00649801641702652, -0.00674724206328392, -0.00445612333714962, -0.008728637360036373, -0.004762507043778896, -0.0041769715026021, -0.006340916268527508, -0.007822548039257526, -0.006857765838503838, -0.009298589080572128, -0.008837403729557991, -0.005608739331364632, -0.006091170944273472, -0.006411075592041016, -0.0076243141666054726]
ref [0.6568868160247803, 0.27150604128837585, 0.16325120627880096, 0.10008510202169418, 0.071186862885952, 0.05968507006764412, 0.05447476729750633, 0.047179482877254486, 0.04140959680080414, 0.035229843109846115, 0.032438620924949646, 0.026053963229060173, 0.028835179284214973, 0.022081051021814346, 0.020370233803987503, 0.022373124957084656, 0.02148253843188286, 0.023020680993795395, 0.02278699353337288, 0.02034040354192257, 0.024079984053969383, 0.01985437050461769, 0.01890040934085846, 0.02102457731962204, 0.022165734320878983, 0.020590240135788918, 0.023187823593616486, 0.022579621523618698, 0.02051445282995701, 0.021087095141410828, 0.02232091687619686, 0.022646404802799225]
[0.6047827005386353, 0.20676733553409576, 0.11878860741853714, 0.08617229759693146, 0.06067997217178345, 0.04662911221385002, 0.04044175148010254, 0.0363311804831028, 0.031076541170477867, 0.027060991153120995, 0.025469530373811722, 0.023100266233086586, 0.021327190101146698, 0.019377917051315308, 0.017244977876544, 0.015486522577702999, 0.015470052137970924, 0.016522664576768875, 0.01603975147008896, 0.01588428020477295, 0.01535134669393301, 0.015091863460838795, 0.014723437838256359, 0.014683661051094532, 0.014343186281621456, 0.01373247429728508, 0.013889234513044357, 0.013742217794060707, 0.014905713498592377, 0.014995924197137356, 0.015909841284155846, 0.015022090636193752]
Training time: 5721 	steps per sec: 5
Eval num_timesteps=32768, episode_reward=nan +/- nan
Eval num_timesteps=32768, episode_success=nan +/- nan
results/Ant-v4/
results/Ant-v4/ppo_ros/
results/Ant-v4/ppo_ros/expert/
results/Ant-v4/ppo_ros/expert/b_16/
results/Ant-v4/ppo_ros/expert/b_16/no_lambda/
results/Ant-v4/ppo_ros/expert/b_16/no_lambda/run_1/
results/Ant-v4/ppo_ros/expert/b_16/no_lambda/run_1/evaluations.npz
results/Ant-v4/ppo_ros/expert/b_16/no_lambda/run_1/stats.npz
results/Ant-v4/ppo_ros/expert/b_16/no_lambda/run_1/config.yml
