ppo_ros_continuous.py --env-id Swimmer-v4 -s expert/b_16/no_clip --total-timesteps 32768 --eval-freq 1 --eval-episodes 0 -b 16 --num-steps 1024 -lr 0 --update-epochs 0 --anneal-lr 0 --ros-num-steps 256 --ros-update-epochs 16 --ros-target-kl 0.05 --ros-clip-coef 999999999 --ros-lambda 0.1 -ros-lr 0.0001 --ros-anneal-lr 0 --se 1 --se-freq 1 --se-lr 1e-3 --se-epochs 1000 --policy-path policies/Swimmer-v4/best_model.zip --normalization-dir policies/Swimmer-v4
Obtaining file:///var/lib/condor/execute/slot1/dir_3482690/PPOROS/PPOROS/custom-envs
  Preparing metadata (setup.py): started
  Preparing metadata (setup.py): finished with status 'done'
Requirement already satisfied: gym in /var/lib/condor/execute/slot1/dir_3482690/PPOROS/ppo-ros_env/lib/python3.9/site-packages (from custom-envs==0.0.1) (0.21.0)
Requirement already satisfied: cloudpickle>=1.2.0 in /var/lib/condor/execute/slot1/dir_3482690/PPOROS/ppo-ros_env/lib/python3.9/site-packages (from gym->custom-envs==0.0.1) (2.2.1)
Requirement already satisfied: numpy>=1.18.0 in /var/lib/condor/execute/slot1/dir_3482690/PPOROS/ppo-ros_env/lib/python3.9/site-packages (from gym->custom-envs==0.0.1) (1.24.2)
Installing collected packages: custom-envs
  Running setup.py develop for custom-envs
Successfully installed custom-envs-0.0.1
seed: 1
Eval num_timesteps=0, episode_reward=nan +/- nan
Eval num_timesteps=0, episode_success=nan +/- nan
se
1 1024 1024
diff [0.037650227546691895]
ref [0.09623211622238159]
[0.1338823437690735]
Training time: 13 	steps per sec: 77
Eval num_timesteps=1024, episode_reward=nan +/- nan
Eval num_timesteps=1024, episode_success=nan +/- nan
se
2 2048 1024
diff [0.037650227546691895, -0.010642863810062408]
ref [0.09623211622238159, 0.05867829546332359]
[0.1338823437690735, 0.048035431653261185]
Training time: 31 	steps per sec: 64
Eval num_timesteps=2048, episode_reward=nan +/- nan
Eval num_timesteps=2048, episode_success=nan +/- nan
se
3 3072 1024
diff [0.037650227546691895, -0.010642863810062408, 0.0024800822138786316]
ref [0.09623211622238159, 0.05867829546332359, 0.03150159493088722]
[0.1338823437690735, 0.048035431653261185, 0.033981677144765854]
Training time: 57 	steps per sec: 53
Eval num_timesteps=3072, episode_reward=nan +/- nan
Eval num_timesteps=3072, episode_success=nan +/- nan
se
4 4096 1024
diff [0.037650227546691895, -0.010642863810062408, 0.0024800822138786316, -0.015451829880475998]
ref [0.09623211622238159, 0.05867829546332359, 0.03150159493088722, 0.03731568530201912]
[0.1338823437690735, 0.048035431653261185, 0.033981677144765854, 0.02186385542154312]
Training time: 90 	steps per sec: 45
Eval num_timesteps=4096, episode_reward=nan +/- nan
Eval num_timesteps=4096, episode_success=nan +/- nan
se
5 5120 1024
diff [0.037650227546691895, -0.010642863810062408, 0.0024800822138786316, -0.015451829880475998, -0.007332915440201759]
ref [0.09623211622238159, 0.05867829546332359, 0.03150159493088722, 0.03731568530201912, 0.025199314579367638]
[0.1338823437690735, 0.048035431653261185, 0.033981677144765854, 0.02186385542154312, 0.01786639913916588]
Training time: 132 	steps per sec: 38
Eval num_timesteps=5120, episode_reward=nan +/- nan
Eval num_timesteps=5120, episode_success=nan +/- nan
se
6 6144 1024
diff [0.037650227546691895, -0.010642863810062408, 0.0024800822138786316, -0.015451829880475998, -0.007332915440201759, -0.009094192646443844]
ref [0.09623211622238159, 0.05867829546332359, 0.03150159493088722, 0.03731568530201912, 0.025199314579367638, 0.022209884598851204]
[0.1338823437690735, 0.048035431653261185, 0.033981677144765854, 0.02186385542154312, 0.01786639913916588, 0.01311569195240736]
Training time: 179 	steps per sec: 34
Eval num_timesteps=6144, episode_reward=nan +/- nan
Eval num_timesteps=6144, episode_success=nan +/- nan
se
7 7168 1024
diff [0.037650227546691895, -0.010642863810062408, 0.0024800822138786316, -0.015451829880475998, -0.007332915440201759, -0.009094192646443844, -0.005650009959936142]
ref [0.09623211622238159, 0.05867829546332359, 0.03150159493088722, 0.03731568530201912, 0.025199314579367638, 0.022209884598851204, 0.016232851892709732]
[0.1338823437690735, 0.048035431653261185, 0.033981677144765854, 0.02186385542154312, 0.01786639913916588, 0.01311569195240736, 0.01058284193277359]
Training time: 237 	steps per sec: 30
Eval num_timesteps=7168, episode_reward=nan +/- nan
Eval num_timesteps=7168, episode_success=nan +/- nan
se
8 8192 1024
diff [0.037650227546691895, -0.010642863810062408, 0.0024800822138786316, -0.015451829880475998, -0.007332915440201759, -0.009094192646443844, -0.005650009959936142, -0.0023821452632546425]
ref [0.09623211622238159, 0.05867829546332359, 0.03150159493088722, 0.03731568530201912, 0.025199314579367638, 0.022209884598851204, 0.016232851892709732, 0.01111791841685772]
[0.1338823437690735, 0.048035431653261185, 0.033981677144765854, 0.02186385542154312, 0.01786639913916588, 0.01311569195240736, 0.01058284193277359, 0.008735773153603077]
Training time: 299 	steps per sec: 27
Eval num_timesteps=8192, episode_reward=nan +/- nan
Eval num_timesteps=8192, episode_success=nan +/- nan
se
9 9216 1024
diff [0.037650227546691895, -0.010642863810062408, 0.0024800822138786316, -0.015451829880475998, -0.007332915440201759, -0.009094192646443844, -0.005650009959936142, -0.0023821452632546425, -0.003795259166508913]
ref [0.09623211622238159, 0.05867829546332359, 0.03150159493088722, 0.03731568530201912, 0.025199314579367638, 0.022209884598851204, 0.016232851892709732, 0.01111791841685772, 0.011351970955729485]
[0.1338823437690735, 0.048035431653261185, 0.033981677144765854, 0.02186385542154312, 0.01786639913916588, 0.01311569195240736, 0.01058284193277359, 0.008735773153603077, 0.0075567117892205715]
Training time: 367 	steps per sec: 25
Eval num_timesteps=9216, episode_reward=nan +/- nan
Eval num_timesteps=9216, episode_success=nan +/- nan
se
10 10240 1024
diff [0.037650227546691895, -0.010642863810062408, 0.0024800822138786316, -0.015451829880475998, -0.007332915440201759, -0.009094192646443844, -0.005650009959936142, -0.0023821452632546425, -0.003795259166508913, -0.0031720679253339767]
ref [0.09623211622238159, 0.05867829546332359, 0.03150159493088722, 0.03731568530201912, 0.025199314579367638, 0.022209884598851204, 0.016232851892709732, 0.01111791841685772, 0.011351970955729485, 0.009760375134646893]
[0.1338823437690735, 0.048035431653261185, 0.033981677144765854, 0.02186385542154312, 0.01786639913916588, 0.01311569195240736, 0.01058284193277359, 0.008735773153603077, 0.0075567117892205715, 0.006588307209312916]
Training time: 438 	steps per sec: 23
Eval num_timesteps=10240, episode_reward=nan +/- nan
Eval num_timesteps=10240, episode_success=nan +/- nan
se
11 11264 1024
diff [0.037650227546691895, -0.010642863810062408, 0.0024800822138786316, -0.015451829880475998, -0.007332915440201759, -0.009094192646443844, -0.005650009959936142, -0.0023821452632546425, -0.003795259166508913, -0.0031720679253339767, -0.002835881896317005]
ref [0.09623211622238159, 0.05867829546332359, 0.03150159493088722, 0.03731568530201912, 0.025199314579367638, 0.022209884598851204, 0.016232851892709732, 0.01111791841685772, 0.011351970955729485, 0.009760375134646893, 0.008348389528691769]
[0.1338823437690735, 0.048035431653261185, 0.033981677144765854, 0.02186385542154312, 0.01786639913916588, 0.01311569195240736, 0.01058284193277359, 0.008735773153603077, 0.0075567117892205715, 0.006588307209312916, 0.0055125076323747635]
Training time: 514 	steps per sec: 21
Eval num_timesteps=11264, episode_reward=nan +/- nan
Eval num_timesteps=11264, episode_success=nan +/- nan
se
12 12288 1024
diff [0.037650227546691895, -0.010642863810062408, 0.0024800822138786316, -0.015451829880475998, -0.007332915440201759, -0.009094192646443844, -0.005650009959936142, -0.0023821452632546425, -0.003795259166508913, -0.0031720679253339767, -0.002835881896317005, -0.002989232074469328]
ref [0.09623211622238159, 0.05867829546332359, 0.03150159493088722, 0.03731568530201912, 0.025199314579367638, 0.022209884598851204, 0.016232851892709732, 0.01111791841685772, 0.011351970955729485, 0.009760375134646893, 0.008348389528691769, 0.008211168460547924]
[0.1338823437690735, 0.048035431653261185, 0.033981677144765854, 0.02186385542154312, 0.01786639913916588, 0.01311569195240736, 0.01058284193277359, 0.008735773153603077, 0.0075567117892205715, 0.006588307209312916, 0.0055125076323747635, 0.005221936386078596]
Training time: 588 	steps per sec: 20
Eval num_timesteps=12288, episode_reward=nan +/- nan
Eval num_timesteps=12288, episode_success=nan +/- nan
se
13 13312 1024
diff [0.037650227546691895, -0.010642863810062408, 0.0024800822138786316, -0.015451829880475998, -0.007332915440201759, -0.009094192646443844, -0.005650009959936142, -0.0023821452632546425, -0.003795259166508913, -0.0031720679253339767, -0.002835881896317005, -0.002989232074469328, -0.0007549473084509373]
ref [0.09623211622238159, 0.05867829546332359, 0.03150159493088722, 0.03731568530201912, 0.025199314579367638, 0.022209884598851204, 0.016232851892709732, 0.01111791841685772, 0.011351970955729485, 0.009760375134646893, 0.008348389528691769, 0.008211168460547924, 0.0061156717129051685]
[0.1338823437690735, 0.048035431653261185, 0.033981677144765854, 0.02186385542154312, 0.01786639913916588, 0.01311569195240736, 0.01058284193277359, 0.008735773153603077, 0.0075567117892205715, 0.006588307209312916, 0.0055125076323747635, 0.005221936386078596, 0.005360724404454231]
Training time: 683 	steps per sec: 19
Eval num_timesteps=13312, episode_reward=nan +/- nan
Eval num_timesteps=13312, episode_success=nan +/- nan
se
14 14336 1024
diff [0.037650227546691895, -0.010642863810062408, 0.0024800822138786316, -0.015451829880475998, -0.007332915440201759, -0.009094192646443844, -0.005650009959936142, -0.0023821452632546425, -0.003795259166508913, -0.0031720679253339767, -0.002835881896317005, -0.002989232074469328, -0.0007549473084509373, -0.0011407742276787758]
ref [0.09623211622238159, 0.05867829546332359, 0.03150159493088722, 0.03731568530201912, 0.025199314579367638, 0.022209884598851204, 0.016232851892709732, 0.01111791841685772, 0.011351970955729485, 0.009760375134646893, 0.008348389528691769, 0.008211168460547924, 0.0061156717129051685, 0.006205716170370579]
[0.1338823437690735, 0.048035431653261185, 0.033981677144765854, 0.02186385542154312, 0.01786639913916588, 0.01311569195240736, 0.01058284193277359, 0.008735773153603077, 0.0075567117892205715, 0.006588307209312916, 0.0055125076323747635, 0.005221936386078596, 0.005360724404454231, 0.005064941942691803]
Training time: 786 	steps per sec: 18
Eval num_timesteps=14336, episode_reward=nan +/- nan
Eval num_timesteps=14336, episode_success=nan +/- nan
se
15 15360 1024
diff [0.037650227546691895, -0.010642863810062408, 0.0024800822138786316, -0.015451829880475998, -0.007332915440201759, -0.009094192646443844, -0.005650009959936142, -0.0023821452632546425, -0.003795259166508913, -0.0031720679253339767, -0.002835881896317005, -0.002989232074469328, -0.0007549473084509373, -0.0011407742276787758, -0.0035079331137239933]
ref [0.09623211622238159, 0.05867829546332359, 0.03150159493088722, 0.03731568530201912, 0.025199314579367638, 0.022209884598851204, 0.016232851892709732, 0.01111791841685772, 0.011351970955729485, 0.009760375134646893, 0.008348389528691769, 0.008211168460547924, 0.0061156717129051685, 0.006205716170370579, 0.008370522409677505]
[0.1338823437690735, 0.048035431653261185, 0.033981677144765854, 0.02186385542154312, 0.01786639913916588, 0.01311569195240736, 0.01058284193277359, 0.008735773153603077, 0.0075567117892205715, 0.006588307209312916, 0.0055125076323747635, 0.005221936386078596, 0.005360724404454231, 0.005064941942691803, 0.004862589295953512]
Training time: 888 	steps per sec: 17
Eval num_timesteps=15360, episode_reward=nan +/- nan
Eval num_timesteps=15360, episode_success=nan +/- nan
se
16 16384 1024
diff [0.037650227546691895, -0.010642863810062408, 0.0024800822138786316, -0.015451829880475998, -0.007332915440201759, -0.009094192646443844, -0.005650009959936142, -0.0023821452632546425, -0.003795259166508913, -0.0031720679253339767, -0.002835881896317005, -0.002989232074469328, -0.0007549473084509373, -0.0011407742276787758, -0.0035079331137239933, -0.000732851680368185]
ref [0.09623211622238159, 0.05867829546332359, 0.03150159493088722, 0.03731568530201912, 0.025199314579367638, 0.022209884598851204, 0.016232851892709732, 0.01111791841685772, 0.011351970955729485, 0.009760375134646893, 0.008348389528691769, 0.008211168460547924, 0.0061156717129051685, 0.006205716170370579, 0.008370522409677505, 0.00520058861002326]
[0.1338823437690735, 0.048035431653261185, 0.033981677144765854, 0.02186385542154312, 0.01786639913916588, 0.01311569195240736, 0.01058284193277359, 0.008735773153603077, 0.0075567117892205715, 0.006588307209312916, 0.0055125076323747635, 0.005221936386078596, 0.005360724404454231, 0.005064941942691803, 0.004862589295953512, 0.004467736929655075]
Training time: 989 	steps per sec: 16
Eval num_timesteps=16384, episode_reward=nan +/- nan
Eval num_timesteps=16384, episode_success=nan +/- nan
se
16 16384 1024
diff [0.037650227546691895, -0.010642863810062408, 0.0024800822138786316, -0.015451829880475998, -0.007332915440201759, -0.009094192646443844, -0.005650009959936142, -0.0023821452632546425, -0.003795259166508913, -0.0031720679253339767, -0.002835881896317005, -0.002989232074469328, -0.0007549473084509373, -0.0011407742276787758, -0.0035079331137239933, -0.000732851680368185, -0.001442256849259138]
ref [0.09623211622238159, 0.05867829546332359, 0.03150159493088722, 0.03731568530201912, 0.025199314579367638, 0.022209884598851204, 0.016232851892709732, 0.01111791841685772, 0.011351970955729485, 0.009760375134646893, 0.008348389528691769, 0.008211168460547924, 0.0061156717129051685, 0.006205716170370579, 0.008370522409677505, 0.00520058861002326, 0.005654929671436548]
[0.1338823437690735, 0.048035431653261185, 0.033981677144765854, 0.02186385542154312, 0.01786639913916588, 0.01311569195240736, 0.01058284193277359, 0.008735773153603077, 0.0075567117892205715, 0.006588307209312916, 0.0055125076323747635, 0.005221936386078596, 0.005360724404454231, 0.005064941942691803, 0.004862589295953512, 0.004467736929655075, 0.00421267282217741]
Training time: 1083 	steps per sec: 16
Eval num_timesteps=17408, episode_reward=nan +/- nan
Eval num_timesteps=17408, episode_success=nan +/- nan
se
16 16384 1024
diff [0.037650227546691895, -0.010642863810062408, 0.0024800822138786316, -0.015451829880475998, -0.007332915440201759, -0.009094192646443844, -0.005650009959936142, -0.0023821452632546425, -0.003795259166508913, -0.0031720679253339767, -0.002835881896317005, -0.002989232074469328, -0.0007549473084509373, -0.0011407742276787758, -0.0035079331137239933, -0.000732851680368185, -0.001442256849259138, -0.001729888841509819]
ref [0.09623211622238159, 0.05867829546332359, 0.03150159493088722, 0.03731568530201912, 0.025199314579367638, 0.022209884598851204, 0.016232851892709732, 0.01111791841685772, 0.011351970955729485, 0.009760375134646893, 0.008348389528691769, 0.008211168460547924, 0.0061156717129051685, 0.006205716170370579, 0.008370522409677505, 0.00520058861002326, 0.005654929671436548, 0.005971258506178856]
[0.1338823437690735, 0.048035431653261185, 0.033981677144765854, 0.02186385542154312, 0.01786639913916588, 0.01311569195240736, 0.01058284193277359, 0.008735773153603077, 0.0075567117892205715, 0.006588307209312916, 0.0055125076323747635, 0.005221936386078596, 0.005360724404454231, 0.005064941942691803, 0.004862589295953512, 0.004467736929655075, 0.00421267282217741, 0.004241369664669037]
Training time: 1184 	steps per sec: 15
Eval num_timesteps=18432, episode_reward=nan +/- nan
Eval num_timesteps=18432, episode_success=nan +/- nan
se
16 16384 1024
diff [0.037650227546691895, -0.010642863810062408, 0.0024800822138786316, -0.015451829880475998, -0.007332915440201759, -0.009094192646443844, -0.005650009959936142, -0.0023821452632546425, -0.003795259166508913, -0.0031720679253339767, -0.002835881896317005, -0.002989232074469328, -0.0007549473084509373, -0.0011407742276787758, -0.0035079331137239933, -0.000732851680368185, -0.001442256849259138, -0.001729888841509819, -0.003645635209977627]
ref [0.09623211622238159, 0.05867829546332359, 0.03150159493088722, 0.03731568530201912, 0.025199314579367638, 0.022209884598851204, 0.016232851892709732, 0.01111791841685772, 0.011351970955729485, 0.009760375134646893, 0.008348389528691769, 0.008211168460547924, 0.0061156717129051685, 0.006205716170370579, 0.008370522409677505, 0.00520058861002326, 0.005654929671436548, 0.005971258506178856, 0.007793343160301447]
[0.1338823437690735, 0.048035431653261185, 0.033981677144765854, 0.02186385542154312, 0.01786639913916588, 0.01311569195240736, 0.01058284193277359, 0.008735773153603077, 0.0075567117892205715, 0.006588307209312916, 0.0055125076323747635, 0.005221936386078596, 0.005360724404454231, 0.005064941942691803, 0.004862589295953512, 0.004467736929655075, 0.00421267282217741, 0.004241369664669037, 0.00414770795032382]
Training time: 1292 	steps per sec: 15
Eval num_timesteps=19456, episode_reward=nan +/- nan
Eval num_timesteps=19456, episode_success=nan +/- nan
se
16 16384 1024
diff [0.037650227546691895, -0.010642863810062408, 0.0024800822138786316, -0.015451829880475998, -0.007332915440201759, -0.009094192646443844, -0.005650009959936142, -0.0023821452632546425, -0.003795259166508913, -0.0031720679253339767, -0.002835881896317005, -0.002989232074469328, -0.0007549473084509373, -0.0011407742276787758, -0.0035079331137239933, -0.000732851680368185, -0.001442256849259138, -0.001729888841509819, -0.003645635209977627, -0.0015346817672252655]
ref [0.09623211622238159, 0.05867829546332359, 0.03150159493088722, 0.03731568530201912, 0.025199314579367638, 0.022209884598851204, 0.016232851892709732, 0.01111791841685772, 0.011351970955729485, 0.009760375134646893, 0.008348389528691769, 0.008211168460547924, 0.0061156717129051685, 0.006205716170370579, 0.008370522409677505, 0.00520058861002326, 0.005654929671436548, 0.005971258506178856, 0.007793343160301447, 0.005502551794052124]
[0.1338823437690735, 0.048035431653261185, 0.033981677144765854, 0.02186385542154312, 0.01786639913916588, 0.01311569195240736, 0.01058284193277359, 0.008735773153603077, 0.0075567117892205715, 0.006588307209312916, 0.0055125076323747635, 0.005221936386078596, 0.005360724404454231, 0.005064941942691803, 0.004862589295953512, 0.004467736929655075, 0.00421267282217741, 0.004241369664669037, 0.00414770795032382, 0.0039678700268268585]
Training time: 1396 	steps per sec: 14
Eval num_timesteps=20480, episode_reward=nan +/- nan
Eval num_timesteps=20480, episode_success=nan +/- nan
se
16 16384 1024
diff [0.037650227546691895, -0.010642863810062408, 0.0024800822138786316, -0.015451829880475998, -0.007332915440201759, -0.009094192646443844, -0.005650009959936142, -0.0023821452632546425, -0.003795259166508913, -0.0031720679253339767, -0.002835881896317005, -0.002989232074469328, -0.0007549473084509373, -0.0011407742276787758, -0.0035079331137239933, -0.000732851680368185, -0.001442256849259138, -0.001729888841509819, -0.003645635209977627, -0.0015346817672252655, -0.0012174993753433228]
ref [0.09623211622238159, 0.05867829546332359, 0.03150159493088722, 0.03731568530201912, 0.025199314579367638, 0.022209884598851204, 0.016232851892709732, 0.01111791841685772, 0.011351970955729485, 0.009760375134646893, 0.008348389528691769, 0.008211168460547924, 0.0061156717129051685, 0.006205716170370579, 0.008370522409677505, 0.00520058861002326, 0.005654929671436548, 0.005971258506178856, 0.007793343160301447, 0.005502551794052124, 0.005236785858869553]
[0.1338823437690735, 0.048035431653261185, 0.033981677144765854, 0.02186385542154312, 0.01786639913916588, 0.01311569195240736, 0.01058284193277359, 0.008735773153603077, 0.0075567117892205715, 0.006588307209312916, 0.0055125076323747635, 0.005221936386078596, 0.005360724404454231, 0.005064941942691803, 0.004862589295953512, 0.004467736929655075, 0.00421267282217741, 0.004241369664669037, 0.00414770795032382, 0.0039678700268268585, 0.00401928648352623]
Training time: 1500 	steps per sec: 14
Eval num_timesteps=21504, episode_reward=nan +/- nan
Eval num_timesteps=21504, episode_success=nan +/- nan
se
16 16384 1024
diff [0.037650227546691895, -0.010642863810062408, 0.0024800822138786316, -0.015451829880475998, -0.007332915440201759, -0.009094192646443844, -0.005650009959936142, -0.0023821452632546425, -0.003795259166508913, -0.0031720679253339767, -0.002835881896317005, -0.002989232074469328, -0.0007549473084509373, -0.0011407742276787758, -0.0035079331137239933, -0.000732851680368185, -0.001442256849259138, -0.001729888841509819, -0.003645635209977627, -0.0015346817672252655, -0.0012174993753433228, -0.002609130460768938]
ref [0.09623211622238159, 0.05867829546332359, 0.03150159493088722, 0.03731568530201912, 0.025199314579367638, 0.022209884598851204, 0.016232851892709732, 0.01111791841685772, 0.011351970955729485, 0.009760375134646893, 0.008348389528691769, 0.008211168460547924, 0.0061156717129051685, 0.006205716170370579, 0.008370522409677505, 0.00520058861002326, 0.005654929671436548, 0.005971258506178856, 0.007793343160301447, 0.005502551794052124, 0.005236785858869553, 0.0064864810556173325]
[0.1338823437690735, 0.048035431653261185, 0.033981677144765854, 0.02186385542154312, 0.01786639913916588, 0.01311569195240736, 0.01058284193277359, 0.008735773153603077, 0.0075567117892205715, 0.006588307209312916, 0.0055125076323747635, 0.005221936386078596, 0.005360724404454231, 0.005064941942691803, 0.004862589295953512, 0.004467736929655075, 0.00421267282217741, 0.004241369664669037, 0.00414770795032382, 0.0039678700268268585, 0.00401928648352623, 0.0038773505948483944]
Training time: 1601 	steps per sec: 14
Eval num_timesteps=22528, episode_reward=nan +/- nan
Eval num_timesteps=22528, episode_success=nan +/- nan
se
16 16384 1024
diff [0.037650227546691895, -0.010642863810062408, 0.0024800822138786316, -0.015451829880475998, -0.007332915440201759, -0.009094192646443844, -0.005650009959936142, -0.0023821452632546425, -0.003795259166508913, -0.0031720679253339767, -0.002835881896317005, -0.002989232074469328, -0.0007549473084509373, -0.0011407742276787758, -0.0035079331137239933, -0.000732851680368185, -0.001442256849259138, -0.001729888841509819, -0.003645635209977627, -0.0015346817672252655, -0.0012174993753433228, -0.002609130460768938, -0.007911362685263157]
ref [0.09623211622238159, 0.05867829546332359, 0.03150159493088722, 0.03731568530201912, 0.025199314579367638, 0.022209884598851204, 0.016232851892709732, 0.01111791841685772, 0.011351970955729485, 0.009760375134646893, 0.008348389528691769, 0.008211168460547924, 0.0061156717129051685, 0.006205716170370579, 0.008370522409677505, 0.00520058861002326, 0.005654929671436548, 0.005971258506178856, 0.007793343160301447, 0.005502551794052124, 0.005236785858869553, 0.0064864810556173325, 0.012308335863053799]
[0.1338823437690735, 0.048035431653261185, 0.033981677144765854, 0.02186385542154312, 0.01786639913916588, 0.01311569195240736, 0.01058284193277359, 0.008735773153603077, 0.0075567117892205715, 0.006588307209312916, 0.0055125076323747635, 0.005221936386078596, 0.005360724404454231, 0.005064941942691803, 0.004862589295953512, 0.004467736929655075, 0.00421267282217741, 0.004241369664669037, 0.00414770795032382, 0.0039678700268268585, 0.00401928648352623, 0.0038773505948483944, 0.004396973177790642]
Training time: 1704 	steps per sec: 13
Eval num_timesteps=23552, episode_reward=nan +/- nan
Eval num_timesteps=23552, episode_success=nan +/- nan
se
16 16384 1024
diff [0.037650227546691895, -0.010642863810062408, 0.0024800822138786316, -0.015451829880475998, -0.007332915440201759, -0.009094192646443844, -0.005650009959936142, -0.0023821452632546425, -0.003795259166508913, -0.0031720679253339767, -0.002835881896317005, -0.002989232074469328, -0.0007549473084509373, -0.0011407742276787758, -0.0035079331137239933, -0.000732851680368185, -0.001442256849259138, -0.001729888841509819, -0.003645635209977627, -0.0015346817672252655, -0.0012174993753433228, -0.002609130460768938, -0.007911362685263157, -0.0015489286743104458]
ref [0.09623211622238159, 0.05867829546332359, 0.03150159493088722, 0.03731568530201912, 0.025199314579367638, 0.022209884598851204, 0.016232851892709732, 0.01111791841685772, 0.011351970955729485, 0.009760375134646893, 0.008348389528691769, 0.008211168460547924, 0.0061156717129051685, 0.006205716170370579, 0.008370522409677505, 0.00520058861002326, 0.005654929671436548, 0.005971258506178856, 0.007793343160301447, 0.005502551794052124, 0.005236785858869553, 0.0064864810556173325, 0.012308335863053799, 0.005557334050536156]
[0.1338823437690735, 0.048035431653261185, 0.033981677144765854, 0.02186385542154312, 0.01786639913916588, 0.01311569195240736, 0.01058284193277359, 0.008735773153603077, 0.0075567117892205715, 0.006588307209312916, 0.0055125076323747635, 0.005221936386078596, 0.005360724404454231, 0.005064941942691803, 0.004862589295953512, 0.004467736929655075, 0.00421267282217741, 0.004241369664669037, 0.00414770795032382, 0.0039678700268268585, 0.00401928648352623, 0.0038773505948483944, 0.004396973177790642, 0.00400840537622571]
Training time: 1804 	steps per sec: 13
Eval num_timesteps=24576, episode_reward=nan +/- nan
Eval num_timesteps=24576, episode_success=nan +/- nan
se
16 16384 1024
diff [0.037650227546691895, -0.010642863810062408, 0.0024800822138786316, -0.015451829880475998, -0.007332915440201759, -0.009094192646443844, -0.005650009959936142, -0.0023821452632546425, -0.003795259166508913, -0.0031720679253339767, -0.002835881896317005, -0.002989232074469328, -0.0007549473084509373, -0.0011407742276787758, -0.0035079331137239933, -0.000732851680368185, -0.001442256849259138, -0.001729888841509819, -0.003645635209977627, -0.0015346817672252655, -0.0012174993753433228, -0.002609130460768938, -0.007911362685263157, -0.0015489286743104458, -0.003863349324092269]
ref [0.09623211622238159, 0.05867829546332359, 0.03150159493088722, 0.03731568530201912, 0.025199314579367638, 0.022209884598851204, 0.016232851892709732, 0.01111791841685772, 0.011351970955729485, 0.009760375134646893, 0.008348389528691769, 0.008211168460547924, 0.0061156717129051685, 0.006205716170370579, 0.008370522409677505, 0.00520058861002326, 0.005654929671436548, 0.005971258506178856, 0.007793343160301447, 0.005502551794052124, 0.005236785858869553, 0.0064864810556173325, 0.012308335863053799, 0.005557334050536156, 0.00772964209318161]
[0.1338823437690735, 0.048035431653261185, 0.033981677144765854, 0.02186385542154312, 0.01786639913916588, 0.01311569195240736, 0.01058284193277359, 0.008735773153603077, 0.0075567117892205715, 0.006588307209312916, 0.0055125076323747635, 0.005221936386078596, 0.005360724404454231, 0.005064941942691803, 0.004862589295953512, 0.004467736929655075, 0.00421267282217741, 0.004241369664669037, 0.00414770795032382, 0.0039678700268268585, 0.00401928648352623, 0.0038773505948483944, 0.004396973177790642, 0.00400840537622571, 0.003866292769089341]
Training time: 1903 	steps per sec: 13
Eval num_timesteps=25600, episode_reward=nan +/- nan
Eval num_timesteps=25600, episode_success=nan +/- nan
se
16 16384 1024
diff [0.037650227546691895, -0.010642863810062408, 0.0024800822138786316, -0.015451829880475998, -0.007332915440201759, -0.009094192646443844, -0.005650009959936142, -0.0023821452632546425, -0.003795259166508913, -0.0031720679253339767, -0.002835881896317005, -0.002989232074469328, -0.0007549473084509373, -0.0011407742276787758, -0.0035079331137239933, -0.000732851680368185, -0.001442256849259138, -0.001729888841509819, -0.003645635209977627, -0.0015346817672252655, -0.0012174993753433228, -0.002609130460768938, -0.007911362685263157, -0.0015489286743104458, -0.003863349324092269, -0.0010719718411564827]
ref [0.09623211622238159, 0.05867829546332359, 0.03150159493088722, 0.03731568530201912, 0.025199314579367638, 0.022209884598851204, 0.016232851892709732, 0.01111791841685772, 0.011351970955729485, 0.009760375134646893, 0.008348389528691769, 0.008211168460547924, 0.0061156717129051685, 0.006205716170370579, 0.008370522409677505, 0.00520058861002326, 0.005654929671436548, 0.005971258506178856, 0.007793343160301447, 0.005502551794052124, 0.005236785858869553, 0.0064864810556173325, 0.012308335863053799, 0.005557334050536156, 0.00772964209318161, 0.004990221466869116]
[0.1338823437690735, 0.048035431653261185, 0.033981677144765854, 0.02186385542154312, 0.01786639913916588, 0.01311569195240736, 0.01058284193277359, 0.008735773153603077, 0.0075567117892205715, 0.006588307209312916, 0.0055125076323747635, 0.005221936386078596, 0.005360724404454231, 0.005064941942691803, 0.004862589295953512, 0.004467736929655075, 0.00421267282217741, 0.004241369664669037, 0.00414770795032382, 0.0039678700268268585, 0.00401928648352623, 0.0038773505948483944, 0.004396973177790642, 0.00400840537622571, 0.003866292769089341, 0.003918249625712633]
Training time: 2005 	steps per sec: 13
Eval num_timesteps=26624, episode_reward=nan +/- nan
Eval num_timesteps=26624, episode_success=nan +/- nan
se
16 16384 1024
diff [0.037650227546691895, -0.010642863810062408, 0.0024800822138786316, -0.015451829880475998, -0.007332915440201759, -0.009094192646443844, -0.005650009959936142, -0.0023821452632546425, -0.003795259166508913, -0.0031720679253339767, -0.002835881896317005, -0.002989232074469328, -0.0007549473084509373, -0.0011407742276787758, -0.0035079331137239933, -0.000732851680368185, -0.001442256849259138, -0.001729888841509819, -0.003645635209977627, -0.0015346817672252655, -0.0012174993753433228, -0.002609130460768938, -0.007911362685263157, -0.0015489286743104458, -0.003863349324092269, -0.0010719718411564827, -0.00033893389627337456]
ref [0.09623211622238159, 0.05867829546332359, 0.03150159493088722, 0.03731568530201912, 0.025199314579367638, 0.022209884598851204, 0.016232851892709732, 0.01111791841685772, 0.011351970955729485, 0.009760375134646893, 0.008348389528691769, 0.008211168460547924, 0.0061156717129051685, 0.006205716170370579, 0.008370522409677505, 0.00520058861002326, 0.005654929671436548, 0.005971258506178856, 0.007793343160301447, 0.005502551794052124, 0.005236785858869553, 0.0064864810556173325, 0.012308335863053799, 0.005557334050536156, 0.00772964209318161, 0.004990221466869116, 0.004319723229855299]
[0.1338823437690735, 0.048035431653261185, 0.033981677144765854, 0.02186385542154312, 0.01786639913916588, 0.01311569195240736, 0.01058284193277359, 0.008735773153603077, 0.0075567117892205715, 0.006588307209312916, 0.0055125076323747635, 0.005221936386078596, 0.005360724404454231, 0.005064941942691803, 0.004862589295953512, 0.004467736929655075, 0.00421267282217741, 0.004241369664669037, 0.00414770795032382, 0.0039678700268268585, 0.00401928648352623, 0.0038773505948483944, 0.004396973177790642, 0.00400840537622571, 0.003866292769089341, 0.003918249625712633, 0.0039807893335819244]
Training time: 2112 	steps per sec: 13
Eval num_timesteps=27648, episode_reward=nan +/- nan
Eval num_timesteps=27648, episode_success=nan +/- nan
se
16 16384 1024
diff [0.037650227546691895, -0.010642863810062408, 0.0024800822138786316, -0.015451829880475998, -0.007332915440201759, -0.009094192646443844, -0.005650009959936142, -0.0023821452632546425, -0.003795259166508913, -0.0031720679253339767, -0.002835881896317005, -0.002989232074469328, -0.0007549473084509373, -0.0011407742276787758, -0.0035079331137239933, -0.000732851680368185, -0.001442256849259138, -0.001729888841509819, -0.003645635209977627, -0.0015346817672252655, -0.0012174993753433228, -0.002609130460768938, -0.007911362685263157, -0.0015489286743104458, -0.003863349324092269, -0.0010719718411564827, -0.00033893389627337456, -0.0012524370104074478]
ref [0.09623211622238159, 0.05867829546332359, 0.03150159493088722, 0.03731568530201912, 0.025199314579367638, 0.022209884598851204, 0.016232851892709732, 0.01111791841685772, 0.011351970955729485, 0.009760375134646893, 0.008348389528691769, 0.008211168460547924, 0.0061156717129051685, 0.006205716170370579, 0.008370522409677505, 0.00520058861002326, 0.005654929671436548, 0.005971258506178856, 0.007793343160301447, 0.005502551794052124, 0.005236785858869553, 0.0064864810556173325, 0.012308335863053799, 0.005557334050536156, 0.00772964209318161, 0.004990221466869116, 0.004319723229855299, 0.005741485394537449]
[0.1338823437690735, 0.048035431653261185, 0.033981677144765854, 0.02186385542154312, 0.01786639913916588, 0.01311569195240736, 0.01058284193277359, 0.008735773153603077, 0.0075567117892205715, 0.006588307209312916, 0.0055125076323747635, 0.005221936386078596, 0.005360724404454231, 0.005064941942691803, 0.004862589295953512, 0.004467736929655075, 0.00421267282217741, 0.004241369664669037, 0.00414770795032382, 0.0039678700268268585, 0.00401928648352623, 0.0038773505948483944, 0.004396973177790642, 0.00400840537622571, 0.003866292769089341, 0.003918249625712633, 0.0039807893335819244, 0.004489048384130001]
Training time: 2217 	steps per sec: 12
Eval num_timesteps=28672, episode_reward=nan +/- nan
Eval num_timesteps=28672, episode_success=nan +/- nan
se
16 16384 1024
diff [0.037650227546691895, -0.010642863810062408, 0.0024800822138786316, -0.015451829880475998, -0.007332915440201759, -0.009094192646443844, -0.005650009959936142, -0.0023821452632546425, -0.003795259166508913, -0.0031720679253339767, -0.002835881896317005, -0.002989232074469328, -0.0007549473084509373, -0.0011407742276787758, -0.0035079331137239933, -0.000732851680368185, -0.001442256849259138, -0.001729888841509819, -0.003645635209977627, -0.0015346817672252655, -0.0012174993753433228, -0.002609130460768938, -0.007911362685263157, -0.0015489286743104458, -0.003863349324092269, -0.0010719718411564827, -0.00033893389627337456, -0.0012524370104074478, -0.0014352728612720966]
ref [0.09623211622238159, 0.05867829546332359, 0.03150159493088722, 0.03731568530201912, 0.025199314579367638, 0.022209884598851204, 0.016232851892709732, 0.01111791841685772, 0.011351970955729485, 0.009760375134646893, 0.008348389528691769, 0.008211168460547924, 0.0061156717129051685, 0.006205716170370579, 0.008370522409677505, 0.00520058861002326, 0.005654929671436548, 0.005971258506178856, 0.007793343160301447, 0.005502551794052124, 0.005236785858869553, 0.0064864810556173325, 0.012308335863053799, 0.005557334050536156, 0.00772964209318161, 0.004990221466869116, 0.004319723229855299, 0.005741485394537449, 0.005903101060539484]
[0.1338823437690735, 0.048035431653261185, 0.033981677144765854, 0.02186385542154312, 0.01786639913916588, 0.01311569195240736, 0.01058284193277359, 0.008735773153603077, 0.0075567117892205715, 0.006588307209312916, 0.0055125076323747635, 0.005221936386078596, 0.005360724404454231, 0.005064941942691803, 0.004862589295953512, 0.004467736929655075, 0.00421267282217741, 0.004241369664669037, 0.00414770795032382, 0.0039678700268268585, 0.00401928648352623, 0.0038773505948483944, 0.004396973177790642, 0.00400840537622571, 0.003866292769089341, 0.003918249625712633, 0.0039807893335819244, 0.004489048384130001, 0.004467828199267387]
Training time: 2335 	steps per sec: 12
Eval num_timesteps=29696, episode_reward=nan +/- nan
Eval num_timesteps=29696, episode_success=nan +/- nan
se
16 16384 1024
diff [0.037650227546691895, -0.010642863810062408, 0.0024800822138786316, -0.015451829880475998, -0.007332915440201759, -0.009094192646443844, -0.005650009959936142, -0.0023821452632546425, -0.003795259166508913, -0.0031720679253339767, -0.002835881896317005, -0.002989232074469328, -0.0007549473084509373, -0.0011407742276787758, -0.0035079331137239933, -0.000732851680368185, -0.001442256849259138, -0.001729888841509819, -0.003645635209977627, -0.0015346817672252655, -0.0012174993753433228, -0.002609130460768938, -0.007911362685263157, -0.0015489286743104458, -0.003863349324092269, -0.0010719718411564827, -0.00033893389627337456, -0.0012524370104074478, -0.0014352728612720966, 0.0006046146154403687]
ref [0.09623211622238159, 0.05867829546332359, 0.03150159493088722, 0.03731568530201912, 0.025199314579367638, 0.022209884598851204, 0.016232851892709732, 0.01111791841685772, 0.011351970955729485, 0.009760375134646893, 0.008348389528691769, 0.008211168460547924, 0.0061156717129051685, 0.006205716170370579, 0.008370522409677505, 0.00520058861002326, 0.005654929671436548, 0.005971258506178856, 0.007793343160301447, 0.005502551794052124, 0.005236785858869553, 0.0064864810556173325, 0.012308335863053799, 0.005557334050536156, 0.00772964209318161, 0.004990221466869116, 0.004319723229855299, 0.005741485394537449, 0.005903101060539484, 0.004885226488113403]
[0.1338823437690735, 0.048035431653261185, 0.033981677144765854, 0.02186385542154312, 0.01786639913916588, 0.01311569195240736, 0.01058284193277359, 0.008735773153603077, 0.0075567117892205715, 0.006588307209312916, 0.0055125076323747635, 0.005221936386078596, 0.005360724404454231, 0.005064941942691803, 0.004862589295953512, 0.004467736929655075, 0.00421267282217741, 0.004241369664669037, 0.00414770795032382, 0.0039678700268268585, 0.00401928648352623, 0.0038773505948483944, 0.004396973177790642, 0.00400840537622571, 0.003866292769089341, 0.003918249625712633, 0.0039807893335819244, 0.004489048384130001, 0.004467828199267387, 0.005489841103553772]
Training time: 2445 	steps per sec: 12
Eval num_timesteps=30720, episode_reward=nan +/- nan
Eval num_timesteps=30720, episode_success=nan +/- nan
se
16 16384 1024
diff [0.037650227546691895, -0.010642863810062408, 0.0024800822138786316, -0.015451829880475998, -0.007332915440201759, -0.009094192646443844, -0.005650009959936142, -0.0023821452632546425, -0.003795259166508913, -0.0031720679253339767, -0.002835881896317005, -0.002989232074469328, -0.0007549473084509373, -0.0011407742276787758, -0.0035079331137239933, -0.000732851680368185, -0.001442256849259138, -0.001729888841509819, -0.003645635209977627, -0.0015346817672252655, -0.0012174993753433228, -0.002609130460768938, -0.007911362685263157, -0.0015489286743104458, -0.003863349324092269, -0.0010719718411564827, -0.00033893389627337456, -0.0012524370104074478, -0.0014352728612720966, 0.0006046146154403687, 0.0008746064268052578]
ref [0.09623211622238159, 0.05867829546332359, 0.03150159493088722, 0.03731568530201912, 0.025199314579367638, 0.022209884598851204, 0.016232851892709732, 0.01111791841685772, 0.011351970955729485, 0.009760375134646893, 0.008348389528691769, 0.008211168460547924, 0.0061156717129051685, 0.006205716170370579, 0.008370522409677505, 0.00520058861002326, 0.005654929671436548, 0.005971258506178856, 0.007793343160301447, 0.005502551794052124, 0.005236785858869553, 0.0064864810556173325, 0.012308335863053799, 0.005557334050536156, 0.00772964209318161, 0.004990221466869116, 0.004319723229855299, 0.005741485394537449, 0.005903101060539484, 0.004885226488113403, 0.005621788091957569]
[0.1338823437690735, 0.048035431653261185, 0.033981677144765854, 0.02186385542154312, 0.01786639913916588, 0.01311569195240736, 0.01058284193277359, 0.008735773153603077, 0.0075567117892205715, 0.006588307209312916, 0.0055125076323747635, 0.005221936386078596, 0.005360724404454231, 0.005064941942691803, 0.004862589295953512, 0.004467736929655075, 0.00421267282217741, 0.004241369664669037, 0.00414770795032382, 0.0039678700268268585, 0.00401928648352623, 0.0038773505948483944, 0.004396973177790642, 0.00400840537622571, 0.003866292769089341, 0.003918249625712633, 0.0039807893335819244, 0.004489048384130001, 0.004467828199267387, 0.005489841103553772, 0.006496394518762827]
Training time: 2554 	steps per sec: 12
Eval num_timesteps=31744, episode_reward=nan +/- nan
Eval num_timesteps=31744, episode_success=nan +/- nan
se
16 16384 1024
diff [0.037650227546691895, -0.010642863810062408, 0.0024800822138786316, -0.015451829880475998, -0.007332915440201759, -0.009094192646443844, -0.005650009959936142, -0.0023821452632546425, -0.003795259166508913, -0.0031720679253339767, -0.002835881896317005, -0.002989232074469328, -0.0007549473084509373, -0.0011407742276787758, -0.0035079331137239933, -0.000732851680368185, -0.001442256849259138, -0.001729888841509819, -0.003645635209977627, -0.0015346817672252655, -0.0012174993753433228, -0.002609130460768938, -0.007911362685263157, -0.0015489286743104458, -0.003863349324092269, -0.0010719718411564827, -0.00033893389627337456, -0.0012524370104074478, -0.0014352728612720966, 0.0006046146154403687, 0.0008746064268052578, 0.0019463291391730309]
ref [0.09623211622238159, 0.05867829546332359, 0.03150159493088722, 0.03731568530201912, 0.025199314579367638, 0.022209884598851204, 0.016232851892709732, 0.01111791841685772, 0.011351970955729485, 0.009760375134646893, 0.008348389528691769, 0.008211168460547924, 0.0061156717129051685, 0.006205716170370579, 0.008370522409677505, 0.00520058861002326, 0.005654929671436548, 0.005971258506178856, 0.007793343160301447, 0.005502551794052124, 0.005236785858869553, 0.0064864810556173325, 0.012308335863053799, 0.005557334050536156, 0.00772964209318161, 0.004990221466869116, 0.004319723229855299, 0.005741485394537449, 0.005903101060539484, 0.004885226488113403, 0.005621788091957569, 0.004789968021214008]
[0.1338823437690735, 0.048035431653261185, 0.033981677144765854, 0.02186385542154312, 0.01786639913916588, 0.01311569195240736, 0.01058284193277359, 0.008735773153603077, 0.0075567117892205715, 0.006588307209312916, 0.0055125076323747635, 0.005221936386078596, 0.005360724404454231, 0.005064941942691803, 0.004862589295953512, 0.004467736929655075, 0.00421267282217741, 0.004241369664669037, 0.00414770795032382, 0.0039678700268268585, 0.00401928648352623, 0.0038773505948483944, 0.004396973177790642, 0.00400840537622571, 0.003866292769089341, 0.003918249625712633, 0.0039807893335819244, 0.004489048384130001, 0.004467828199267387, 0.005489841103553772, 0.006496394518762827, 0.006736297160387039]
Training time: 2661 	steps per sec: 12
Eval num_timesteps=32768, episode_reward=nan +/- nan
Eval num_timesteps=32768, episode_success=nan +/- nan
results/Swimmer-v4/
results/Swimmer-v4/ppo_ros/
results/Swimmer-v4/ppo_ros/expert/
results/Swimmer-v4/ppo_ros/expert/b_16/
results/Swimmer-v4/ppo_ros/expert/b_16/no_clip/
results/Swimmer-v4/ppo_ros/expert/b_16/no_clip/run_1/
results/Swimmer-v4/ppo_ros/expert/b_16/no_clip/run_1/evaluations.npz
results/Swimmer-v4/ppo_ros/expert/b_16/no_clip/run_1/stats.npz
results/Swimmer-v4/ppo_ros/expert/b_16/no_clip/run_1/config.yml
