ppo_ros_continuous.py --env-id Hopper-v4 -s expert/b_16/no_clip_lambda --total-timesteps 32768 --eval-freq 1 --eval-episodes 0 -b 16 --num-steps 1024 -lr 0 --update-epochs 0 --anneal-lr 0 --ros-num-steps 256 --ros-update-epochs 16 --ros-target-kl 0.05 --ros-clip-coef 999999999 --ros-lambda 0 -ros-lr 0.001 --ros-anneal-lr 0 --se 1 --se-freq 1 --se-lr 1e-3 --se-epochs 1000 --policy-path policies/Hopper-v4/best_model.zip --normalization-dir policies/Hopper-v4
Obtaining file:///var/lib/condor/execute/slot1/dir_394815/PPOROS/PPOROS/custom-envs
  Preparing metadata (setup.py): started
  Preparing metadata (setup.py): finished with status 'done'
Requirement already satisfied: gym in /var/lib/condor/execute/slot1/dir_394815/PPOROS/ppo-ros_env/lib/python3.9/site-packages (from custom-envs==0.0.1) (0.21.0)
Requirement already satisfied: numpy>=1.18.0 in /var/lib/condor/execute/slot1/dir_394815/PPOROS/ppo-ros_env/lib/python3.9/site-packages (from gym->custom-envs==0.0.1) (1.24.2)
Requirement already satisfied: cloudpickle>=1.2.0 in /var/lib/condor/execute/slot1/dir_394815/PPOROS/ppo-ros_env/lib/python3.9/site-packages (from gym->custom-envs==0.0.1) (2.2.1)
Installing collected packages: custom-envs
  Running setup.py develop for custom-envs
Successfully installed custom-envs-0.0.1
seed: 1
Eval num_timesteps=0, episode_reward=nan +/- nan
Eval num_timesteps=0, episode_success=nan +/- nan
se
1 1024 1024
diff [-0.014709629118442535]
ref [0.09323899447917938]
[0.07852936536073685]
Training time: 12 	steps per sec: 82
Eval num_timesteps=1024, episode_reward=nan +/- nan
Eval num_timesteps=1024, episode_success=nan +/- nan
se
2 2048 1024
diff [-0.014709629118442535, 0.0016381554305553436]
ref [0.09323899447917938, 0.042788147926330566]
[0.07852936536073685, 0.04442630335688591]
Training time: 30 	steps per sec: 66
Eval num_timesteps=2048, episode_reward=nan +/- nan
Eval num_timesteps=2048, episode_success=nan +/- nan
se
3 3072 1024
diff [-0.014709629118442535, 0.0016381554305553436, -0.004386531189084053]
ref [0.09323899447917938, 0.042788147926330566, 0.030424222350120544]
[0.07852936536073685, 0.04442630335688591, 0.02603769116103649]
Training time: 55 	steps per sec: 54
Eval num_timesteps=3072, episode_reward=nan +/- nan
Eval num_timesteps=3072, episode_success=nan +/- nan
se
4 4096 1024
diff [-0.014709629118442535, 0.0016381554305553436, -0.004386531189084053, -0.004454063251614571]
ref [0.09323899447917938, 0.042788147926330566, 0.030424222350120544, 0.02328808419406414]
[0.07852936536073685, 0.04442630335688591, 0.02603769116103649, 0.01883402094244957]
Training time: 88 	steps per sec: 46
Eval num_timesteps=4096, episode_reward=nan +/- nan
Eval num_timesteps=4096, episode_success=nan +/- nan
se
5 5120 1024
diff [-0.014709629118442535, 0.0016381554305553436, -0.004386531189084053, -0.004454063251614571, -0.002358430065214634]
ref [0.09323899447917938, 0.042788147926330566, 0.030424222350120544, 0.02328808419406414, 0.016848279163241386]
[0.07852936536073685, 0.04442630335688591, 0.02603769116103649, 0.01883402094244957, 0.014489849098026752]
Training time: 124 	steps per sec: 41
Eval num_timesteps=5120, episode_reward=nan +/- nan
Eval num_timesteps=5120, episode_success=nan +/- nan
se
6 6144 1024
diff [-0.014709629118442535, 0.0016381554305553436, -0.004386531189084053, -0.004454063251614571, -0.002358430065214634, -0.005987250246107578]
ref [0.09323899447917938, 0.042788147926330566, 0.030424222350120544, 0.02328808419406414, 0.016848279163241386, 0.01785074733197689]
[0.07852936536073685, 0.04442630335688591, 0.02603769116103649, 0.01883402094244957, 0.014489849098026752, 0.011863497085869312]
Training time: 168 	steps per sec: 36
Eval num_timesteps=6144, episode_reward=nan +/- nan
Eval num_timesteps=6144, episode_success=nan +/- nan
se
7 7168 1024
diff [-0.014709629118442535, 0.0016381554305553436, -0.004386531189084053, -0.004454063251614571, -0.002358430065214634, -0.005987250246107578, -0.005637351423501968]
ref [0.09323899447917938, 0.042788147926330566, 0.030424222350120544, 0.02328808419406414, 0.016848279163241386, 0.01785074733197689, 0.016371818259358406]
[0.07852936536073685, 0.04442630335688591, 0.02603769116103649, 0.01883402094244957, 0.014489849098026752, 0.011863497085869312, 0.010734466835856438]
Training time: 219 	steps per sec: 32
Eval num_timesteps=7168, episode_reward=nan +/- nan
Eval num_timesteps=7168, episode_success=nan +/- nan
se
8 8192 1024
diff [-0.014709629118442535, 0.0016381554305553436, -0.004386531189084053, -0.004454063251614571, -0.002358430065214634, -0.005987250246107578, -0.005637351423501968, -0.004078657366335392]
ref [0.09323899447917938, 0.042788147926330566, 0.030424222350120544, 0.02328808419406414, 0.016848279163241386, 0.01785074733197689, 0.016371818259358406, 0.012471112422645092]
[0.07852936536073685, 0.04442630335688591, 0.02603769116103649, 0.01883402094244957, 0.014489849098026752, 0.011863497085869312, 0.010734466835856438, 0.0083924550563097]
Training time: 281 	steps per sec: 29
Eval num_timesteps=8192, episode_reward=nan +/- nan
Eval num_timesteps=8192, episode_success=nan +/- nan
se
9 9216 1024
diff [-0.014709629118442535, 0.0016381554305553436, -0.004386531189084053, -0.004454063251614571, -0.002358430065214634, -0.005987250246107578, -0.005637351423501968, -0.004078657366335392, -0.0032926280982792377]
ref [0.09323899447917938, 0.042788147926330566, 0.030424222350120544, 0.02328808419406414, 0.016848279163241386, 0.01785074733197689, 0.016371818259358406, 0.012471112422645092, 0.011056368239223957]
[0.07852936536073685, 0.04442630335688591, 0.02603769116103649, 0.01883402094244957, 0.014489849098026752, 0.011863497085869312, 0.010734466835856438, 0.0083924550563097, 0.007763740140944719]
Training time: 351 	steps per sec: 26
Eval num_timesteps=9216, episode_reward=nan +/- nan
Eval num_timesteps=9216, episode_success=nan +/- nan
se
10 10240 1024
diff [-0.014709629118442535, 0.0016381554305553436, -0.004386531189084053, -0.004454063251614571, -0.002358430065214634, -0.005987250246107578, -0.005637351423501968, -0.004078657366335392, -0.0032926280982792377, -0.00317181833088398]
ref [0.09323899447917938, 0.042788147926330566, 0.030424222350120544, 0.02328808419406414, 0.016848279163241386, 0.01785074733197689, 0.016371818259358406, 0.012471112422645092, 0.011056368239223957, 0.011144235730171204]
[0.07852936536073685, 0.04442630335688591, 0.02603769116103649, 0.01883402094244957, 0.014489849098026752, 0.011863497085869312, 0.010734466835856438, 0.0083924550563097, 0.007763740140944719, 0.007972417399287224]
Training time: 431 	steps per sec: 23
Eval num_timesteps=10240, episode_reward=nan +/- nan
Eval num_timesteps=10240, episode_success=nan +/- nan
se
11 11264 1024
diff [-0.014709629118442535, 0.0016381554305553436, -0.004386531189084053, -0.004454063251614571, -0.002358430065214634, -0.005987250246107578, -0.005637351423501968, -0.004078657366335392, -0.0032926280982792377, -0.00317181833088398, -0.0023362822830677032]
ref [0.09323899447917938, 0.042788147926330566, 0.030424222350120544, 0.02328808419406414, 0.016848279163241386, 0.01785074733197689, 0.016371818259358406, 0.012471112422645092, 0.011056368239223957, 0.011144235730171204, 0.009503268636763096]
[0.07852936536073685, 0.04442630335688591, 0.02603769116103649, 0.01883402094244957, 0.014489849098026752, 0.011863497085869312, 0.010734466835856438, 0.0083924550563097, 0.007763740140944719, 0.007972417399287224, 0.007166986353695393]
Training time: 524 	steps per sec: 21
Eval num_timesteps=11264, episode_reward=nan +/- nan
Eval num_timesteps=11264, episode_success=nan +/- nan
se
12 12288 1024
diff [-0.014709629118442535, 0.0016381554305553436, -0.004386531189084053, -0.004454063251614571, -0.002358430065214634, -0.005987250246107578, -0.005637351423501968, -0.004078657366335392, -0.0032926280982792377, -0.00317181833088398, -0.0023362822830677032, -0.0023328359238803387]
ref [0.09323899447917938, 0.042788147926330566, 0.030424222350120544, 0.02328808419406414, 0.016848279163241386, 0.01785074733197689, 0.016371818259358406, 0.012471112422645092, 0.011056368239223957, 0.011144235730171204, 0.009503268636763096, 0.009304926730692387]
[0.07852936536073685, 0.04442630335688591, 0.02603769116103649, 0.01883402094244957, 0.014489849098026752, 0.011863497085869312, 0.010734466835856438, 0.0083924550563097, 0.007763740140944719, 0.007972417399287224, 0.007166986353695393, 0.006972090806812048]
Training time: 623 	steps per sec: 19
Eval num_timesteps=12288, episode_reward=nan +/- nan
Eval num_timesteps=12288, episode_success=nan +/- nan
se
13 13312 1024
diff [-0.014709629118442535, 0.0016381554305553436, -0.004386531189084053, -0.004454063251614571, -0.002358430065214634, -0.005987250246107578, -0.005637351423501968, -0.004078657366335392, -0.0032926280982792377, -0.00317181833088398, -0.0023362822830677032, -0.0023328359238803387, -0.004358318168669939]
ref [0.09323899447917938, 0.042788147926330566, 0.030424222350120544, 0.02328808419406414, 0.016848279163241386, 0.01785074733197689, 0.016371818259358406, 0.012471112422645092, 0.011056368239223957, 0.011144235730171204, 0.009503268636763096, 0.009304926730692387, 0.01043134368956089]
[0.07852936536073685, 0.04442630335688591, 0.02603769116103649, 0.01883402094244957, 0.014489849098026752, 0.011863497085869312, 0.010734466835856438, 0.0083924550563097, 0.007763740140944719, 0.007972417399287224, 0.007166986353695393, 0.006972090806812048, 0.006073025520890951]
Training time: 728 	steps per sec: 18
Eval num_timesteps=13312, episode_reward=nan +/- nan
Eval num_timesteps=13312, episode_success=nan +/- nan
se
14 14336 1024
diff [-0.014709629118442535, 0.0016381554305553436, -0.004386531189084053, -0.004454063251614571, -0.002358430065214634, -0.005987250246107578, -0.005637351423501968, -0.004078657366335392, -0.0032926280982792377, -0.00317181833088398, -0.0023362822830677032, -0.0023328359238803387, -0.004358318168669939, -0.0015139379538595676]
ref [0.09323899447917938, 0.042788147926330566, 0.030424222350120544, 0.02328808419406414, 0.016848279163241386, 0.01785074733197689, 0.016371818259358406, 0.012471112422645092, 0.011056368239223957, 0.011144235730171204, 0.009503268636763096, 0.009304926730692387, 0.01043134368956089, 0.0073255146853625774]
[0.07852936536073685, 0.04442630335688591, 0.02603769116103649, 0.01883402094244957, 0.014489849098026752, 0.011863497085869312, 0.010734466835856438, 0.0083924550563097, 0.007763740140944719, 0.007972417399287224, 0.007166986353695393, 0.006972090806812048, 0.006073025520890951, 0.00581157673150301]
Training time: 844 	steps per sec: 16
Eval num_timesteps=14336, episode_reward=nan +/- nan
Eval num_timesteps=14336, episode_success=nan +/- nan
se
15 15360 1024
diff [-0.014709629118442535, 0.0016381554305553436, -0.004386531189084053, -0.004454063251614571, -0.002358430065214634, -0.005987250246107578, -0.005637351423501968, -0.004078657366335392, -0.0032926280982792377, -0.00317181833088398, -0.0023362822830677032, -0.0023328359238803387, -0.004358318168669939, -0.0015139379538595676, -0.001061157789081335]
ref [0.09323899447917938, 0.042788147926330566, 0.030424222350120544, 0.02328808419406414, 0.016848279163241386, 0.01785074733197689, 0.016371818259358406, 0.012471112422645092, 0.011056368239223957, 0.011144235730171204, 0.009503268636763096, 0.009304926730692387, 0.01043134368956089, 0.0073255146853625774, 0.006884305272251368]
[0.07852936536073685, 0.04442630335688591, 0.02603769116103649, 0.01883402094244957, 0.014489849098026752, 0.011863497085869312, 0.010734466835856438, 0.0083924550563097, 0.007763740140944719, 0.007972417399287224, 0.007166986353695393, 0.006972090806812048, 0.006073025520890951, 0.00581157673150301, 0.0058231474831700325]
Training time: 969 	steps per sec: 15
Eval num_timesteps=15360, episode_reward=nan +/- nan
Eval num_timesteps=15360, episode_success=nan +/- nan
se
16 16384 1024
diff [-0.014709629118442535, 0.0016381554305553436, -0.004386531189084053, -0.004454063251614571, -0.002358430065214634, -0.005987250246107578, -0.005637351423501968, -0.004078657366335392, -0.0032926280982792377, -0.00317181833088398, -0.0023362822830677032, -0.0023328359238803387, -0.004358318168669939, -0.0015139379538595676, -0.001061157789081335, -0.0012194029986858368]
ref [0.09323899447917938, 0.042788147926330566, 0.030424222350120544, 0.02328808419406414, 0.016848279163241386, 0.01785074733197689, 0.016371818259358406, 0.012471112422645092, 0.011056368239223957, 0.011144235730171204, 0.009503268636763096, 0.009304926730692387, 0.01043134368956089, 0.0073255146853625774, 0.006884305272251368, 0.006619358900934458]
[0.07852936536073685, 0.04442630335688591, 0.02603769116103649, 0.01883402094244957, 0.014489849098026752, 0.011863497085869312, 0.010734466835856438, 0.0083924550563097, 0.007763740140944719, 0.007972417399287224, 0.007166986353695393, 0.006972090806812048, 0.006073025520890951, 0.00581157673150301, 0.0058231474831700325, 0.005399955902248621]
Training time: 1087 	steps per sec: 15
Eval num_timesteps=16384, episode_reward=nan +/- nan
Eval num_timesteps=16384, episode_success=nan +/- nan
se
16 16384 1024
diff [-0.014709629118442535, 0.0016381554305553436, -0.004386531189084053, -0.004454063251614571, -0.002358430065214634, -0.005987250246107578, -0.005637351423501968, -0.004078657366335392, -0.0032926280982792377, -0.00317181833088398, -0.0023362822830677032, -0.0023328359238803387, -0.004358318168669939, -0.0015139379538595676, -0.001061157789081335, -0.0012194029986858368, -0.0007326449267566204]
ref [0.09323899447917938, 0.042788147926330566, 0.030424222350120544, 0.02328808419406414, 0.016848279163241386, 0.01785074733197689, 0.016371818259358406, 0.012471112422645092, 0.011056368239223957, 0.011144235730171204, 0.009503268636763096, 0.009304926730692387, 0.01043134368956089, 0.0073255146853625774, 0.006884305272251368, 0.006619358900934458, 0.006151347421109676]
[0.07852936536073685, 0.04442630335688591, 0.02603769116103649, 0.01883402094244957, 0.014489849098026752, 0.011863497085869312, 0.010734466835856438, 0.0083924550563097, 0.007763740140944719, 0.007972417399287224, 0.007166986353695393, 0.006972090806812048, 0.006073025520890951, 0.00581157673150301, 0.0058231474831700325, 0.005399955902248621, 0.005418702494353056]
Training time: 1219 	steps per sec: 14
Eval num_timesteps=17408, episode_reward=nan +/- nan
Eval num_timesteps=17408, episode_success=nan +/- nan
se
16 16384 1024
diff [-0.014709629118442535, 0.0016381554305553436, -0.004386531189084053, -0.004454063251614571, -0.002358430065214634, -0.005987250246107578, -0.005637351423501968, -0.004078657366335392, -0.0032926280982792377, -0.00317181833088398, -0.0023362822830677032, -0.0023328359238803387, -0.004358318168669939, -0.0015139379538595676, -0.001061157789081335, -0.0012194029986858368, -0.0007326449267566204, -0.0002920101396739483]
ref [0.09323899447917938, 0.042788147926330566, 0.030424222350120544, 0.02328808419406414, 0.016848279163241386, 0.01785074733197689, 0.016371818259358406, 0.012471112422645092, 0.011056368239223957, 0.011144235730171204, 0.009503268636763096, 0.009304926730692387, 0.01043134368956089, 0.0073255146853625774, 0.006884305272251368, 0.006619358900934458, 0.006151347421109676, 0.006361087784171104]
[0.07852936536073685, 0.04442630335688591, 0.02603769116103649, 0.01883402094244957, 0.014489849098026752, 0.011863497085869312, 0.010734466835856438, 0.0083924550563097, 0.007763740140944719, 0.007972417399287224, 0.007166986353695393, 0.006972090806812048, 0.006073025520890951, 0.00581157673150301, 0.0058231474831700325, 0.005399955902248621, 0.005418702494353056, 0.006069077644497156]
Training time: 1331 	steps per sec: 13
Eval num_timesteps=18432, episode_reward=nan +/- nan
Eval num_timesteps=18432, episode_success=nan +/- nan
se
16 16384 1024
diff [-0.014709629118442535, 0.0016381554305553436, -0.004386531189084053, -0.004454063251614571, -0.002358430065214634, -0.005987250246107578, -0.005637351423501968, -0.004078657366335392, -0.0032926280982792377, -0.00317181833088398, -0.0023362822830677032, -0.0023328359238803387, -0.004358318168669939, -0.0015139379538595676, -0.001061157789081335, -0.0012194029986858368, -0.0007326449267566204, -0.0002920101396739483, 0.00037292344495654106]
ref [0.09323899447917938, 0.042788147926330566, 0.030424222350120544, 0.02328808419406414, 0.016848279163241386, 0.01785074733197689, 0.016371818259358406, 0.012471112422645092, 0.011056368239223957, 0.011144235730171204, 0.009503268636763096, 0.009304926730692387, 0.01043134368956089, 0.0073255146853625774, 0.006884305272251368, 0.006619358900934458, 0.006151347421109676, 0.006361087784171104, 0.006480904761701822]
[0.07852936536073685, 0.04442630335688591, 0.02603769116103649, 0.01883402094244957, 0.014489849098026752, 0.011863497085869312, 0.010734466835856438, 0.0083924550563097, 0.007763740140944719, 0.007972417399287224, 0.007166986353695393, 0.006972090806812048, 0.006073025520890951, 0.00581157673150301, 0.0058231474831700325, 0.005399955902248621, 0.005418702494353056, 0.006069077644497156, 0.006853828206658363]
Training time: 1437 	steps per sec: 13
Eval num_timesteps=19456, episode_reward=nan +/- nan
Eval num_timesteps=19456, episode_success=nan +/- nan
se
16 16384 1024
diff [-0.014709629118442535, 0.0016381554305553436, -0.004386531189084053, -0.004454063251614571, -0.002358430065214634, -0.005987250246107578, -0.005637351423501968, -0.004078657366335392, -0.0032926280982792377, -0.00317181833088398, -0.0023362822830677032, -0.0023328359238803387, -0.004358318168669939, -0.0015139379538595676, -0.001061157789081335, -0.0012194029986858368, -0.0007326449267566204, -0.0002920101396739483, 0.00037292344495654106, -5.6345947086811066e-05]
ref [0.09323899447917938, 0.042788147926330566, 0.030424222350120544, 0.02328808419406414, 0.016848279163241386, 0.01785074733197689, 0.016371818259358406, 0.012471112422645092, 0.011056368239223957, 0.011144235730171204, 0.009503268636763096, 0.009304926730692387, 0.01043134368956089, 0.0073255146853625774, 0.006884305272251368, 0.006619358900934458, 0.006151347421109676, 0.006361087784171104, 0.006480904761701822, 0.007134595885872841]
[0.07852936536073685, 0.04442630335688591, 0.02603769116103649, 0.01883402094244957, 0.014489849098026752, 0.011863497085869312, 0.010734466835856438, 0.0083924550563097, 0.007763740140944719, 0.007972417399287224, 0.007166986353695393, 0.006972090806812048, 0.006073025520890951, 0.00581157673150301, 0.0058231474831700325, 0.005399955902248621, 0.005418702494353056, 0.006069077644497156, 0.006853828206658363, 0.00707824993878603]
Training time: 1553 	steps per sec: 13
Eval num_timesteps=20480, episode_reward=nan +/- nan
Eval num_timesteps=20480, episode_success=nan +/- nan
se
16 16384 1024
diff [-0.014709629118442535, 0.0016381554305553436, -0.004386531189084053, -0.004454063251614571, -0.002358430065214634, -0.005987250246107578, -0.005637351423501968, -0.004078657366335392, -0.0032926280982792377, -0.00317181833088398, -0.0023362822830677032, -0.0023328359238803387, -0.004358318168669939, -0.0015139379538595676, -0.001061157789081335, -0.0012194029986858368, -0.0007326449267566204, -0.0002920101396739483, 0.00037292344495654106, -5.6345947086811066e-05, 0.001454629935324192]
ref [0.09323899447917938, 0.042788147926330566, 0.030424222350120544, 0.02328808419406414, 0.016848279163241386, 0.01785074733197689, 0.016371818259358406, 0.012471112422645092, 0.011056368239223957, 0.011144235730171204, 0.009503268636763096, 0.009304926730692387, 0.01043134368956089, 0.0073255146853625774, 0.006884305272251368, 0.006619358900934458, 0.006151347421109676, 0.006361087784171104, 0.006480904761701822, 0.007134595885872841, 0.005643092095851898]
[0.07852936536073685, 0.04442630335688591, 0.02603769116103649, 0.01883402094244957, 0.014489849098026752, 0.011863497085869312, 0.010734466835856438, 0.0083924550563097, 0.007763740140944719, 0.007972417399287224, 0.007166986353695393, 0.006972090806812048, 0.006073025520890951, 0.00581157673150301, 0.0058231474831700325, 0.005399955902248621, 0.005418702494353056, 0.006069077644497156, 0.006853828206658363, 0.00707824993878603, 0.00709772203117609]
Training time: 1670 	steps per sec: 12
Eval num_timesteps=21504, episode_reward=nan +/- nan
Eval num_timesteps=21504, episode_success=nan +/- nan
se
16 16384 1024
diff [-0.014709629118442535, 0.0016381554305553436, -0.004386531189084053, -0.004454063251614571, -0.002358430065214634, -0.005987250246107578, -0.005637351423501968, -0.004078657366335392, -0.0032926280982792377, -0.00317181833088398, -0.0023362822830677032, -0.0023328359238803387, -0.004358318168669939, -0.0015139379538595676, -0.001061157789081335, -0.0012194029986858368, -0.0007326449267566204, -0.0002920101396739483, 0.00037292344495654106, -5.6345947086811066e-05, 0.001454629935324192, 0.0011977339163422585]
ref [0.09323899447917938, 0.042788147926330566, 0.030424222350120544, 0.02328808419406414, 0.016848279163241386, 0.01785074733197689, 0.016371818259358406, 0.012471112422645092, 0.011056368239223957, 0.011144235730171204, 0.009503268636763096, 0.009304926730692387, 0.01043134368956089, 0.0073255146853625774, 0.006884305272251368, 0.006619358900934458, 0.006151347421109676, 0.006361087784171104, 0.006480904761701822, 0.007134595885872841, 0.005643092095851898, 0.005598515272140503]
[0.07852936536073685, 0.04442630335688591, 0.02603769116103649, 0.01883402094244957, 0.014489849098026752, 0.011863497085869312, 0.010734466835856438, 0.0083924550563097, 0.007763740140944719, 0.007972417399287224, 0.007166986353695393, 0.006972090806812048, 0.006073025520890951, 0.00581157673150301, 0.0058231474831700325, 0.005399955902248621, 0.005418702494353056, 0.006069077644497156, 0.006853828206658363, 0.00707824993878603, 0.00709772203117609, 0.006796249188482761]
Training time: 1782 	steps per sec: 12
Eval num_timesteps=22528, episode_reward=nan +/- nan
Eval num_timesteps=22528, episode_success=nan +/- nan
se
16 16384 1024
diff [-0.014709629118442535, 0.0016381554305553436, -0.004386531189084053, -0.004454063251614571, -0.002358430065214634, -0.005987250246107578, -0.005637351423501968, -0.004078657366335392, -0.0032926280982792377, -0.00317181833088398, -0.0023362822830677032, -0.0023328359238803387, -0.004358318168669939, -0.0015139379538595676, -0.001061157789081335, -0.0012194029986858368, -0.0007326449267566204, -0.0002920101396739483, 0.00037292344495654106, -5.6345947086811066e-05, 0.001454629935324192, 0.0011977339163422585, 0.0006438493728637695]
ref [0.09323899447917938, 0.042788147926330566, 0.030424222350120544, 0.02328808419406414, 0.016848279163241386, 0.01785074733197689, 0.016371818259358406, 0.012471112422645092, 0.011056368239223957, 0.011144235730171204, 0.009503268636763096, 0.009304926730692387, 0.01043134368956089, 0.0073255146853625774, 0.006884305272251368, 0.006619358900934458, 0.006151347421109676, 0.006361087784171104, 0.006480904761701822, 0.007134595885872841, 0.005643092095851898, 0.005598515272140503, 0.006699228659272194]
[0.07852936536073685, 0.04442630335688591, 0.02603769116103649, 0.01883402094244957, 0.014489849098026752, 0.011863497085869312, 0.010734466835856438, 0.0083924550563097, 0.007763740140944719, 0.007972417399287224, 0.007166986353695393, 0.006972090806812048, 0.006073025520890951, 0.00581157673150301, 0.0058231474831700325, 0.005399955902248621, 0.005418702494353056, 0.006069077644497156, 0.006853828206658363, 0.00707824993878603, 0.00709772203117609, 0.006796249188482761, 0.0073430780321359634]
Training time: 1893 	steps per sec: 12
Eval num_timesteps=23552, episode_reward=nan +/- nan
Eval num_timesteps=23552, episode_success=nan +/- nan
se
16 16384 1024
diff [-0.014709629118442535, 0.0016381554305553436, -0.004386531189084053, -0.004454063251614571, -0.002358430065214634, -0.005987250246107578, -0.005637351423501968, -0.004078657366335392, -0.0032926280982792377, -0.00317181833088398, -0.0023362822830677032, -0.0023328359238803387, -0.004358318168669939, -0.0015139379538595676, -0.001061157789081335, -0.0012194029986858368, -0.0007326449267566204, -0.0002920101396739483, 0.00037292344495654106, -5.6345947086811066e-05, 0.001454629935324192, 0.0011977339163422585, 0.0006438493728637695, -9.109172970056534e-05]
ref [0.09323899447917938, 0.042788147926330566, 0.030424222350120544, 0.02328808419406414, 0.016848279163241386, 0.01785074733197689, 0.016371818259358406, 0.012471112422645092, 0.011056368239223957, 0.011144235730171204, 0.009503268636763096, 0.009304926730692387, 0.01043134368956089, 0.0073255146853625774, 0.006884305272251368, 0.006619358900934458, 0.006151347421109676, 0.006361087784171104, 0.006480904761701822, 0.007134595885872841, 0.005643092095851898, 0.005598515272140503, 0.006699228659272194, 0.007586371153593063]
[0.07852936536073685, 0.04442630335688591, 0.02603769116103649, 0.01883402094244957, 0.014489849098026752, 0.011863497085869312, 0.010734466835856438, 0.0083924550563097, 0.007763740140944719, 0.007972417399287224, 0.007166986353695393, 0.006972090806812048, 0.006073025520890951, 0.00581157673150301, 0.0058231474831700325, 0.005399955902248621, 0.005418702494353056, 0.006069077644497156, 0.006853828206658363, 0.00707824993878603, 0.00709772203117609, 0.006796249188482761, 0.0073430780321359634, 0.007495279423892498]
Training time: 2002 	steps per sec: 12
Eval num_timesteps=24576, episode_reward=nan +/- nan
Eval num_timesteps=24576, episode_success=nan +/- nan
se
16 16384 1024
diff [-0.014709629118442535, 0.0016381554305553436, -0.004386531189084053, -0.004454063251614571, -0.002358430065214634, -0.005987250246107578, -0.005637351423501968, -0.004078657366335392, -0.0032926280982792377, -0.00317181833088398, -0.0023362822830677032, -0.0023328359238803387, -0.004358318168669939, -0.0015139379538595676, -0.001061157789081335, -0.0012194029986858368, -0.0007326449267566204, -0.0002920101396739483, 0.00037292344495654106, -5.6345947086811066e-05, 0.001454629935324192, 0.0011977339163422585, 0.0006438493728637695, -9.109172970056534e-05, 0.0006421306170523167]
ref [0.09323899447917938, 0.042788147926330566, 0.030424222350120544, 0.02328808419406414, 0.016848279163241386, 0.01785074733197689, 0.016371818259358406, 0.012471112422645092, 0.011056368239223957, 0.011144235730171204, 0.009503268636763096, 0.009304926730692387, 0.01043134368956089, 0.0073255146853625774, 0.006884305272251368, 0.006619358900934458, 0.006151347421109676, 0.006361087784171104, 0.006480904761701822, 0.007134595885872841, 0.005643092095851898, 0.005598515272140503, 0.006699228659272194, 0.007586371153593063, 0.007180193904787302]
[0.07852936536073685, 0.04442630335688591, 0.02603769116103649, 0.01883402094244957, 0.014489849098026752, 0.011863497085869312, 0.010734466835856438, 0.0083924550563097, 0.007763740140944719, 0.007972417399287224, 0.007166986353695393, 0.006972090806812048, 0.006073025520890951, 0.00581157673150301, 0.0058231474831700325, 0.005399955902248621, 0.005418702494353056, 0.006069077644497156, 0.006853828206658363, 0.00707824993878603, 0.00709772203117609, 0.006796249188482761, 0.0073430780321359634, 0.007495279423892498, 0.007822324521839619]
Training time: 2116 	steps per sec: 12
Eval num_timesteps=25600, episode_reward=nan +/- nan
Eval num_timesteps=25600, episode_success=nan +/- nan
se
16 16384 1024
diff [-0.014709629118442535, 0.0016381554305553436, -0.004386531189084053, -0.004454063251614571, -0.002358430065214634, -0.005987250246107578, -0.005637351423501968, -0.004078657366335392, -0.0032926280982792377, -0.00317181833088398, -0.0023362822830677032, -0.0023328359238803387, -0.004358318168669939, -0.0015139379538595676, -0.001061157789081335, -0.0012194029986858368, -0.0007326449267566204, -0.0002920101396739483, 0.00037292344495654106, -5.6345947086811066e-05, 0.001454629935324192, 0.0011977339163422585, 0.0006438493728637695, -9.109172970056534e-05, 0.0006421306170523167, 0.0005754772573709488]
ref [0.09323899447917938, 0.042788147926330566, 0.030424222350120544, 0.02328808419406414, 0.016848279163241386, 0.01785074733197689, 0.016371818259358406, 0.012471112422645092, 0.011056368239223957, 0.011144235730171204, 0.009503268636763096, 0.009304926730692387, 0.01043134368956089, 0.0073255146853625774, 0.006884305272251368, 0.006619358900934458, 0.006151347421109676, 0.006361087784171104, 0.006480904761701822, 0.007134595885872841, 0.005643092095851898, 0.005598515272140503, 0.006699228659272194, 0.007586371153593063, 0.007180193904787302, 0.007278230972588062]
[0.07852936536073685, 0.04442630335688591, 0.02603769116103649, 0.01883402094244957, 0.014489849098026752, 0.011863497085869312, 0.010734466835856438, 0.0083924550563097, 0.007763740140944719, 0.007972417399287224, 0.007166986353695393, 0.006972090806812048, 0.006073025520890951, 0.00581157673150301, 0.0058231474831700325, 0.005399955902248621, 0.005418702494353056, 0.006069077644497156, 0.006853828206658363, 0.00707824993878603, 0.00709772203117609, 0.006796249188482761, 0.0073430780321359634, 0.007495279423892498, 0.007822324521839619, 0.007853708229959011]
Training time: 2236 	steps per sec: 11
Eval num_timesteps=26624, episode_reward=nan +/- nan
Eval num_timesteps=26624, episode_success=nan +/- nan
se
16 16384 1024
diff [-0.014709629118442535, 0.0016381554305553436, -0.004386531189084053, -0.004454063251614571, -0.002358430065214634, -0.005987250246107578, -0.005637351423501968, -0.004078657366335392, -0.0032926280982792377, -0.00317181833088398, -0.0023362822830677032, -0.0023328359238803387, -0.004358318168669939, -0.0015139379538595676, -0.001061157789081335, -0.0012194029986858368, -0.0007326449267566204, -0.0002920101396739483, 0.00037292344495654106, -5.6345947086811066e-05, 0.001454629935324192, 0.0011977339163422585, 0.0006438493728637695, -9.109172970056534e-05, 0.0006421306170523167, 0.0005754772573709488, 0.002110414206981659]
ref [0.09323899447917938, 0.042788147926330566, 0.030424222350120544, 0.02328808419406414, 0.016848279163241386, 0.01785074733197689, 0.016371818259358406, 0.012471112422645092, 0.011056368239223957, 0.011144235730171204, 0.009503268636763096, 0.009304926730692387, 0.01043134368956089, 0.0073255146853625774, 0.006884305272251368, 0.006619358900934458, 0.006151347421109676, 0.006361087784171104, 0.006480904761701822, 0.007134595885872841, 0.005643092095851898, 0.005598515272140503, 0.006699228659272194, 0.007586371153593063, 0.007180193904787302, 0.007278230972588062, 0.0061198268085718155]
[0.07852936536073685, 0.04442630335688591, 0.02603769116103649, 0.01883402094244957, 0.014489849098026752, 0.011863497085869312, 0.010734466835856438, 0.0083924550563097, 0.007763740140944719, 0.007972417399287224, 0.007166986353695393, 0.006972090806812048, 0.006073025520890951, 0.00581157673150301, 0.0058231474831700325, 0.005399955902248621, 0.005418702494353056, 0.006069077644497156, 0.006853828206658363, 0.00707824993878603, 0.00709772203117609, 0.006796249188482761, 0.0073430780321359634, 0.007495279423892498, 0.007822324521839619, 0.007853708229959011, 0.008230241015553474]
Training time: 2357 	steps per sec: 11
Eval num_timesteps=27648, episode_reward=nan +/- nan
Eval num_timesteps=27648, episode_success=nan +/- nan
se
16 16384 1024
diff [-0.014709629118442535, 0.0016381554305553436, -0.004386531189084053, -0.004454063251614571, -0.002358430065214634, -0.005987250246107578, -0.005637351423501968, -0.004078657366335392, -0.0032926280982792377, -0.00317181833088398, -0.0023362822830677032, -0.0023328359238803387, -0.004358318168669939, -0.0015139379538595676, -0.001061157789081335, -0.0012194029986858368, -0.0007326449267566204, -0.0002920101396739483, 0.00037292344495654106, -5.6345947086811066e-05, 0.001454629935324192, 0.0011977339163422585, 0.0006438493728637695, -9.109172970056534e-05, 0.0006421306170523167, 0.0005754772573709488, 0.002110414206981659, 0.000520016998052597]
ref [0.09323899447917938, 0.042788147926330566, 0.030424222350120544, 0.02328808419406414, 0.016848279163241386, 0.01785074733197689, 0.016371818259358406, 0.012471112422645092, 0.011056368239223957, 0.011144235730171204, 0.009503268636763096, 0.009304926730692387, 0.01043134368956089, 0.0073255146853625774, 0.006884305272251368, 0.006619358900934458, 0.006151347421109676, 0.006361087784171104, 0.006480904761701822, 0.007134595885872841, 0.005643092095851898, 0.005598515272140503, 0.006699228659272194, 0.007586371153593063, 0.007180193904787302, 0.007278230972588062, 0.0061198268085718155, 0.0075461165979504585]
[0.07852936536073685, 0.04442630335688591, 0.02603769116103649, 0.01883402094244957, 0.014489849098026752, 0.011863497085869312, 0.010734466835856438, 0.0083924550563097, 0.007763740140944719, 0.007972417399287224, 0.007166986353695393, 0.006972090806812048, 0.006073025520890951, 0.00581157673150301, 0.0058231474831700325, 0.005399955902248621, 0.005418702494353056, 0.006069077644497156, 0.006853828206658363, 0.00707824993878603, 0.00709772203117609, 0.006796249188482761, 0.0073430780321359634, 0.007495279423892498, 0.007822324521839619, 0.007853708229959011, 0.008230241015553474, 0.008066133596003056]
Training time: 2468 	steps per sec: 11
Eval num_timesteps=28672, episode_reward=nan +/- nan
Eval num_timesteps=28672, episode_success=nan +/- nan
se
16 16384 1024
diff [-0.014709629118442535, 0.0016381554305553436, -0.004386531189084053, -0.004454063251614571, -0.002358430065214634, -0.005987250246107578, -0.005637351423501968, -0.004078657366335392, -0.0032926280982792377, -0.00317181833088398, -0.0023362822830677032, -0.0023328359238803387, -0.004358318168669939, -0.0015139379538595676, -0.001061157789081335, -0.0012194029986858368, -0.0007326449267566204, -0.0002920101396739483, 0.00037292344495654106, -5.6345947086811066e-05, 0.001454629935324192, 0.0011977339163422585, 0.0006438493728637695, -9.109172970056534e-05, 0.0006421306170523167, 0.0005754772573709488, 0.002110414206981659, 0.000520016998052597, 0.0006066951900720596]
ref [0.09323899447917938, 0.042788147926330566, 0.030424222350120544, 0.02328808419406414, 0.016848279163241386, 0.01785074733197689, 0.016371818259358406, 0.012471112422645092, 0.011056368239223957, 0.011144235730171204, 0.009503268636763096, 0.009304926730692387, 0.01043134368956089, 0.0073255146853625774, 0.006884305272251368, 0.006619358900934458, 0.006151347421109676, 0.006361087784171104, 0.006480904761701822, 0.007134595885872841, 0.005643092095851898, 0.005598515272140503, 0.006699228659272194, 0.007586371153593063, 0.007180193904787302, 0.007278230972588062, 0.0061198268085718155, 0.0075461165979504585, 0.007843450643122196]
[0.07852936536073685, 0.04442630335688591, 0.02603769116103649, 0.01883402094244957, 0.014489849098026752, 0.011863497085869312, 0.010734466835856438, 0.0083924550563097, 0.007763740140944719, 0.007972417399287224, 0.007166986353695393, 0.006972090806812048, 0.006073025520890951, 0.00581157673150301, 0.0058231474831700325, 0.005399955902248621, 0.005418702494353056, 0.006069077644497156, 0.006853828206658363, 0.00707824993878603, 0.00709772203117609, 0.006796249188482761, 0.0073430780321359634, 0.007495279423892498, 0.007822324521839619, 0.007853708229959011, 0.008230241015553474, 0.008066133596003056, 0.008450145833194256]
Training time: 2589 	steps per sec: 11
Eval num_timesteps=29696, episode_reward=nan +/- nan
Eval num_timesteps=29696, episode_success=nan +/- nan
se
16 16384 1024
diff [-0.014709629118442535, 0.0016381554305553436, -0.004386531189084053, -0.004454063251614571, -0.002358430065214634, -0.005987250246107578, -0.005637351423501968, -0.004078657366335392, -0.0032926280982792377, -0.00317181833088398, -0.0023362822830677032, -0.0023328359238803387, -0.004358318168669939, -0.0015139379538595676, -0.001061157789081335, -0.0012194029986858368, -0.0007326449267566204, -0.0002920101396739483, 0.00037292344495654106, -5.6345947086811066e-05, 0.001454629935324192, 0.0011977339163422585, 0.0006438493728637695, -9.109172970056534e-05, 0.0006421306170523167, 0.0005754772573709488, 0.002110414206981659, 0.000520016998052597, 0.0006066951900720596, 0.0005265148356556892]
ref [0.09323899447917938, 0.042788147926330566, 0.030424222350120544, 0.02328808419406414, 0.016848279163241386, 0.01785074733197689, 0.016371818259358406, 0.012471112422645092, 0.011056368239223957, 0.011144235730171204, 0.009503268636763096, 0.009304926730692387, 0.01043134368956089, 0.0073255146853625774, 0.006884305272251368, 0.006619358900934458, 0.006151347421109676, 0.006361087784171104, 0.006480904761701822, 0.007134595885872841, 0.005643092095851898, 0.005598515272140503, 0.006699228659272194, 0.007586371153593063, 0.007180193904787302, 0.007278230972588062, 0.0061198268085718155, 0.0075461165979504585, 0.007843450643122196, 0.007474025711417198]
[0.07852936536073685, 0.04442630335688591, 0.02603769116103649, 0.01883402094244957, 0.014489849098026752, 0.011863497085869312, 0.010734466835856438, 0.0083924550563097, 0.007763740140944719, 0.007972417399287224, 0.007166986353695393, 0.006972090806812048, 0.006073025520890951, 0.00581157673150301, 0.0058231474831700325, 0.005399955902248621, 0.005418702494353056, 0.006069077644497156, 0.006853828206658363, 0.00707824993878603, 0.00709772203117609, 0.006796249188482761, 0.0073430780321359634, 0.007495279423892498, 0.007822324521839619, 0.007853708229959011, 0.008230241015553474, 0.008066133596003056, 0.008450145833194256, 0.008000540547072887]
Training time: 2710 	steps per sec: 11
Eval num_timesteps=30720, episode_reward=nan +/- nan
Eval num_timesteps=30720, episode_success=nan +/- nan
se
16 16384 1024
diff [-0.014709629118442535, 0.0016381554305553436, -0.004386531189084053, -0.004454063251614571, -0.002358430065214634, -0.005987250246107578, -0.005637351423501968, -0.004078657366335392, -0.0032926280982792377, -0.00317181833088398, -0.0023362822830677032, -0.0023328359238803387, -0.004358318168669939, -0.0015139379538595676, -0.001061157789081335, -0.0012194029986858368, -0.0007326449267566204, -0.0002920101396739483, 0.00037292344495654106, -5.6345947086811066e-05, 0.001454629935324192, 0.0011977339163422585, 0.0006438493728637695, -9.109172970056534e-05, 0.0006421306170523167, 0.0005754772573709488, 0.002110414206981659, 0.000520016998052597, 0.0006066951900720596, 0.0005265148356556892, 0.0011818557977676392]
ref [0.09323899447917938, 0.042788147926330566, 0.030424222350120544, 0.02328808419406414, 0.016848279163241386, 0.01785074733197689, 0.016371818259358406, 0.012471112422645092, 0.011056368239223957, 0.011144235730171204, 0.009503268636763096, 0.009304926730692387, 0.01043134368956089, 0.0073255146853625774, 0.006884305272251368, 0.006619358900934458, 0.006151347421109676, 0.006361087784171104, 0.006480904761701822, 0.007134595885872841, 0.005643092095851898, 0.005598515272140503, 0.006699228659272194, 0.007586371153593063, 0.007180193904787302, 0.007278230972588062, 0.0061198268085718155, 0.0075461165979504585, 0.007843450643122196, 0.007474025711417198, 0.006247743032872677]
[0.07852936536073685, 0.04442630335688591, 0.02603769116103649, 0.01883402094244957, 0.014489849098026752, 0.011863497085869312, 0.010734466835856438, 0.0083924550563097, 0.007763740140944719, 0.007972417399287224, 0.007166986353695393, 0.006972090806812048, 0.006073025520890951, 0.00581157673150301, 0.0058231474831700325, 0.005399955902248621, 0.005418702494353056, 0.006069077644497156, 0.006853828206658363, 0.00707824993878603, 0.00709772203117609, 0.006796249188482761, 0.0073430780321359634, 0.007495279423892498, 0.007822324521839619, 0.007853708229959011, 0.008230241015553474, 0.008066133596003056, 0.008450145833194256, 0.008000540547072887, 0.007429598830640316]
Training time: 2840 	steps per sec: 11
Eval num_timesteps=31744, episode_reward=nan +/- nan
Eval num_timesteps=31744, episode_success=nan +/- nan
se
16 16384 1024
diff [-0.014709629118442535, 0.0016381554305553436, -0.004386531189084053, -0.004454063251614571, -0.002358430065214634, -0.005987250246107578, -0.005637351423501968, -0.004078657366335392, -0.0032926280982792377, -0.00317181833088398, -0.0023362822830677032, -0.0023328359238803387, -0.004358318168669939, -0.0015139379538595676, -0.001061157789081335, -0.0012194029986858368, -0.0007326449267566204, -0.0002920101396739483, 0.00037292344495654106, -5.6345947086811066e-05, 0.001454629935324192, 0.0011977339163422585, 0.0006438493728637695, -9.109172970056534e-05, 0.0006421306170523167, 0.0005754772573709488, 0.002110414206981659, 0.000520016998052597, 0.0006066951900720596, 0.0005265148356556892, 0.0011818557977676392, 0.0001963973045349121]
ref [0.09323899447917938, 0.042788147926330566, 0.030424222350120544, 0.02328808419406414, 0.016848279163241386, 0.01785074733197689, 0.016371818259358406, 0.012471112422645092, 0.011056368239223957, 0.011144235730171204, 0.009503268636763096, 0.009304926730692387, 0.01043134368956089, 0.0073255146853625774, 0.006884305272251368, 0.006619358900934458, 0.006151347421109676, 0.006361087784171104, 0.006480904761701822, 0.007134595885872841, 0.005643092095851898, 0.005598515272140503, 0.006699228659272194, 0.007586371153593063, 0.007180193904787302, 0.007278230972588062, 0.0061198268085718155, 0.0075461165979504585, 0.007843450643122196, 0.007474025711417198, 0.006247743032872677, 0.0068411980755627155]
[0.07852936536073685, 0.04442630335688591, 0.02603769116103649, 0.01883402094244957, 0.014489849098026752, 0.011863497085869312, 0.010734466835856438, 0.0083924550563097, 0.007763740140944719, 0.007972417399287224, 0.007166986353695393, 0.006972090806812048, 0.006073025520890951, 0.00581157673150301, 0.0058231474831700325, 0.005399955902248621, 0.005418702494353056, 0.006069077644497156, 0.006853828206658363, 0.00707824993878603, 0.00709772203117609, 0.006796249188482761, 0.0073430780321359634, 0.007495279423892498, 0.007822324521839619, 0.007853708229959011, 0.008230241015553474, 0.008066133596003056, 0.008450145833194256, 0.008000540547072887, 0.007429598830640316, 0.007037595380097628]
Training time: 2968 	steps per sec: 11
Eval num_timesteps=32768, episode_reward=nan +/- nan
Eval num_timesteps=32768, episode_success=nan +/- nan
results/Hopper-v4/
results/Hopper-v4/ppo_ros/
results/Hopper-v4/ppo_ros/expert/
results/Hopper-v4/ppo_ros/expert/b_16/
results/Hopper-v4/ppo_ros/expert/b_16/no_clip_lambda/
results/Hopper-v4/ppo_ros/expert/b_16/no_clip_lambda/run_1/
results/Hopper-v4/ppo_ros/expert/b_16/no_clip_lambda/run_1/evaluations.npz
results/Hopper-v4/ppo_ros/expert/b_16/no_clip_lambda/run_1/config.yml
results/Hopper-v4/ppo_ros/expert/b_16/no_clip_lambda/run_1/stats.npz
