ppo_ros_continuous.py --env-id Ant-v4 -s expert/b_16/no_clip --total-timesteps 32768 --eval-freq 1 --eval-episodes 0 -b 16 --num-steps 1024 -lr 0 --update-epochs 0 --anneal-lr 0 --ros-num-steps 256 --ros-update-epochs 16 --ros-target-kl 0.05 --ros-clip-coef 999999999 --ros-lambda 0.3 -ros-lr 0.0001 --ros-anneal-lr 0 --se 1 --se-freq 1 --se-lr 1e-3 --se-epochs 1000 --policy-path policies/Ant-v4/best_model.zip --normalization-dir policies/Ant-v4
Obtaining file:///var/lib/condor/execute/slot1/dir_22252/PPOROS/PPOROS/custom-envs
  Preparing metadata (setup.py): started
  Preparing metadata (setup.py): finished with status 'done'
Requirement already satisfied: gym in /var/lib/condor/execute/slot1/dir_22252/PPOROS/ppo-ros_env/lib/python3.9/site-packages (from custom-envs==0.0.1) (0.21.0)
Requirement already satisfied: numpy>=1.18.0 in /var/lib/condor/execute/slot1/dir_22252/PPOROS/ppo-ros_env/lib/python3.9/site-packages (from gym->custom-envs==0.0.1) (1.24.2)
Requirement already satisfied: cloudpickle>=1.2.0 in /var/lib/condor/execute/slot1/dir_22252/PPOROS/ppo-ros_env/lib/python3.9/site-packages (from gym->custom-envs==0.0.1) (2.2.1)
Installing collected packages: custom-envs
  Running setup.py develop for custom-envs
Successfully installed custom-envs-0.0.1
seed: 1
Eval num_timesteps=0, episode_reward=nan +/- nan
Eval num_timesteps=0, episode_success=nan +/- nan
se
1 1024 1024
diff [0.09377801418304443]
ref [0.6844366192817688]
[0.7782146334648132]
Training time: 37 	steps per sec: 27
Eval num_timesteps=1024, episode_reward=nan +/- nan
Eval num_timesteps=1024, episode_success=nan +/- nan
se
2 2048 1024
diff [0.09377801418304443, 0.02182111144065857]
ref [0.6844366192817688, 0.21194255352020264]
[0.7782146334648132, 0.2337636649608612]
Training time: 86 	steps per sec: 23
Eval num_timesteps=2048, episode_reward=nan +/- nan
Eval num_timesteps=2048, episode_success=nan +/- nan
se
3 3072 1024
diff [0.09377801418304443, 0.02182111144065857, -0.01219630241394043]
ref [0.6844366192817688, 0.21194255352020264, 0.1397780328989029]
[0.7782146334648132, 0.2337636649608612, 0.12758173048496246]
Training time: 147 	steps per sec: 20
Eval num_timesteps=3072, episode_reward=nan +/- nan
Eval num_timesteps=3072, episode_success=nan +/- nan
se
4 4096 1024
diff [0.09377801418304443, 0.02182111144065857, -0.01219630241394043, -0.020501941442489624]
ref [0.6844366192817688, 0.21194255352020264, 0.1397780328989029, 0.098438560962677]
[0.7782146334648132, 0.2337636649608612, 0.12758173048496246, 0.07793661952018738]
Training time: 223 	steps per sec: 18
Eval num_timesteps=4096, episode_reward=nan +/- nan
Eval num_timesteps=4096, episode_success=nan +/- nan
se
5 5120 1024
diff [0.09377801418304443, 0.02182111144065857, -0.01219630241394043, -0.020501941442489624, -0.014097023755311966]
ref [0.6844366192817688, 0.21194255352020264, 0.1397780328989029, 0.098438560962677, 0.07317981868982315]
[0.7782146334648132, 0.2337636649608612, 0.12758173048496246, 0.07793661952018738, 0.059082794934511185]
Training time: 297 	steps per sec: 17
Eval num_timesteps=5120, episode_reward=nan +/- nan
Eval num_timesteps=5120, episode_success=nan +/- nan
se
6 6144 1024
diff [0.09377801418304443, 0.02182111144065857, -0.01219630241394043, -0.020501941442489624, -0.014097023755311966, -0.009354915469884872]
ref [0.6844366192817688, 0.21194255352020264, 0.1397780328989029, 0.098438560962677, 0.07317981868982315, 0.06517568975687027]
[0.7782146334648132, 0.2337636649608612, 0.12758173048496246, 0.07793661952018738, 0.059082794934511185, 0.0558207742869854]
Training time: 389 	steps per sec: 15
Eval num_timesteps=6144, episode_reward=nan +/- nan
Eval num_timesteps=6144, episode_success=nan +/- nan
se
7 7168 1024
diff [0.09377801418304443, 0.02182111144065857, -0.01219630241394043, -0.020501941442489624, -0.014097023755311966, -0.009354915469884872, -0.010750174522399902]
ref [0.6844366192817688, 0.21194255352020264, 0.1397780328989029, 0.098438560962677, 0.07317981868982315, 0.06517568975687027, 0.05616498738527298]
[0.7782146334648132, 0.2337636649608612, 0.12758173048496246, 0.07793661952018738, 0.059082794934511185, 0.0558207742869854, 0.04541481286287308]
Training time: 487 	steps per sec: 14
Eval num_timesteps=7168, episode_reward=nan +/- nan
Eval num_timesteps=7168, episode_success=nan +/- nan
se
8 8192 1024
diff [0.09377801418304443, 0.02182111144065857, -0.01219630241394043, -0.020501941442489624, -0.014097023755311966, -0.009354915469884872, -0.010750174522399902, -0.004279971122741699]
ref [0.6844366192817688, 0.21194255352020264, 0.1397780328989029, 0.098438560962677, 0.07317981868982315, 0.06517568975687027, 0.05616498738527298, 0.04151264578104019]
[0.7782146334648132, 0.2337636649608612, 0.12758173048496246, 0.07793661952018738, 0.059082794934511185, 0.0558207742869854, 0.04541481286287308, 0.03723267465829849]
Training time: 611 	steps per sec: 13
Eval num_timesteps=8192, episode_reward=nan +/- nan
Eval num_timesteps=8192, episode_success=nan +/- nan
se
9 9216 1024
diff [0.09377801418304443, 0.02182111144065857, -0.01219630241394043, -0.020501941442489624, -0.014097023755311966, -0.009354915469884872, -0.010750174522399902, -0.004279971122741699, -0.00974934920668602]
ref [0.6844366192817688, 0.21194255352020264, 0.1397780328989029, 0.098438560962677, 0.07317981868982315, 0.06517568975687027, 0.05616498738527298, 0.04151264578104019, 0.04034217447042465]
[0.7782146334648132, 0.2337636649608612, 0.12758173048496246, 0.07793661952018738, 0.059082794934511185, 0.0558207742869854, 0.04541481286287308, 0.03723267465829849, 0.030592825263738632]
Training time: 746 	steps per sec: 12
Eval num_timesteps=9216, episode_reward=nan +/- nan
Eval num_timesteps=9216, episode_success=nan +/- nan
se
10 10240 1024
diff [0.09377801418304443, 0.02182111144065857, -0.01219630241394043, -0.020501941442489624, -0.014097023755311966, -0.009354915469884872, -0.010750174522399902, -0.004279971122741699, -0.00974934920668602, -0.008953213691711426]
ref [0.6844366192817688, 0.21194255352020264, 0.1397780328989029, 0.098438560962677, 0.07317981868982315, 0.06517568975687027, 0.05616498738527298, 0.04151264578104019, 0.04034217447042465, 0.036695074290037155]
[0.7782146334648132, 0.2337636649608612, 0.12758173048496246, 0.07793661952018738, 0.059082794934511185, 0.0558207742869854, 0.04541481286287308, 0.03723267465829849, 0.030592825263738632, 0.02774186059832573]
Training time: 895 	steps per sec: 11
Eval num_timesteps=10240, episode_reward=nan +/- nan
Eval num_timesteps=10240, episode_success=nan +/- nan
se
11 11264 1024
diff [0.09377801418304443, 0.02182111144065857, -0.01219630241394043, -0.020501941442489624, -0.014097023755311966, -0.009354915469884872, -0.010750174522399902, -0.004279971122741699, -0.00974934920668602, -0.008953213691711426, -0.005214890465140343]
ref [0.6844366192817688, 0.21194255352020264, 0.1397780328989029, 0.098438560962677, 0.07317981868982315, 0.06517568975687027, 0.05616498738527298, 0.04151264578104019, 0.04034217447042465, 0.036695074290037155, 0.03179221972823143]
[0.7782146334648132, 0.2337636649608612, 0.12758173048496246, 0.07793661952018738, 0.059082794934511185, 0.0558207742869854, 0.04541481286287308, 0.03723267465829849, 0.030592825263738632, 0.02774186059832573, 0.026577329263091087]
Training time: 1058 	steps per sec: 10
Eval num_timesteps=11264, episode_reward=nan +/- nan
Eval num_timesteps=11264, episode_success=nan +/- nan
se
12 12288 1024
diff [0.09377801418304443, 0.02182111144065857, -0.01219630241394043, -0.020501941442489624, -0.014097023755311966, -0.009354915469884872, -0.010750174522399902, -0.004279971122741699, -0.00974934920668602, -0.008953213691711426, -0.005214890465140343, -0.002826496958732605]
ref [0.6844366192817688, 0.21194255352020264, 0.1397780328989029, 0.098438560962677, 0.07317981868982315, 0.06517568975687027, 0.05616498738527298, 0.04151264578104019, 0.04034217447042465, 0.036695074290037155, 0.03179221972823143, 0.026621505618095398]
[0.7782146334648132, 0.2337636649608612, 0.12758173048496246, 0.07793661952018738, 0.059082794934511185, 0.0558207742869854, 0.04541481286287308, 0.03723267465829849, 0.030592825263738632, 0.02774186059832573, 0.026577329263091087, 0.023795008659362793]
Training time: 1218 	steps per sec: 10
Eval num_timesteps=12288, episode_reward=nan +/- nan
Eval num_timesteps=12288, episode_success=nan +/- nan
se
13 13312 1024
diff [0.09377801418304443, 0.02182111144065857, -0.01219630241394043, -0.020501941442489624, -0.014097023755311966, -0.009354915469884872, -0.010750174522399902, -0.004279971122741699, -0.00974934920668602, -0.008953213691711426, -0.005214890465140343, -0.002826496958732605, -0.006739698350429535]
ref [0.6844366192817688, 0.21194255352020264, 0.1397780328989029, 0.098438560962677, 0.07317981868982315, 0.06517568975687027, 0.05616498738527298, 0.04151264578104019, 0.04034217447042465, 0.036695074290037155, 0.03179221972823143, 0.026621505618095398, 0.02791415899991989]
[0.7782146334648132, 0.2337636649608612, 0.12758173048496246, 0.07793661952018738, 0.059082794934511185, 0.0558207742869854, 0.04541481286287308, 0.03723267465829849, 0.030592825263738632, 0.02774186059832573, 0.026577329263091087, 0.023795008659362793, 0.021174460649490356]
Training time: 1393 	steps per sec: 9
Eval num_timesteps=13312, episode_reward=nan +/- nan
Eval num_timesteps=13312, episode_success=nan +/- nan
se
14 14336 1024
diff [0.09377801418304443, 0.02182111144065857, -0.01219630241394043, -0.020501941442489624, -0.014097023755311966, -0.009354915469884872, -0.010750174522399902, -0.004279971122741699, -0.00974934920668602, -0.008953213691711426, -0.005214890465140343, -0.002826496958732605, -0.006739698350429535, -0.004190696403384209]
ref [0.6844366192817688, 0.21194255352020264, 0.1397780328989029, 0.098438560962677, 0.07317981868982315, 0.06517568975687027, 0.05616498738527298, 0.04151264578104019, 0.04034217447042465, 0.036695074290037155, 0.03179221972823143, 0.026621505618095398, 0.02791415899991989, 0.022818654775619507]
[0.7782146334648132, 0.2337636649608612, 0.12758173048496246, 0.07793661952018738, 0.059082794934511185, 0.0558207742869854, 0.04541481286287308, 0.03723267465829849, 0.030592825263738632, 0.02774186059832573, 0.026577329263091087, 0.023795008659362793, 0.021174460649490356, 0.018627958372235298]
Training time: 1558 	steps per sec: 9
Eval num_timesteps=14336, episode_reward=nan +/- nan
Eval num_timesteps=14336, episode_success=nan +/- nan
se
15 15360 1024
diff [0.09377801418304443, 0.02182111144065857, -0.01219630241394043, -0.020501941442489624, -0.014097023755311966, -0.009354915469884872, -0.010750174522399902, -0.004279971122741699, -0.00974934920668602, -0.008953213691711426, -0.005214890465140343, -0.002826496958732605, -0.006739698350429535, -0.004190696403384209, -0.008775623515248299]
ref [0.6844366192817688, 0.21194255352020264, 0.1397780328989029, 0.098438560962677, 0.07317981868982315, 0.06517568975687027, 0.05616498738527298, 0.04151264578104019, 0.04034217447042465, 0.036695074290037155, 0.03179221972823143, 0.026621505618095398, 0.02791415899991989, 0.022818654775619507, 0.025714438408613205]
[0.7782146334648132, 0.2337636649608612, 0.12758173048496246, 0.07793661952018738, 0.059082794934511185, 0.0558207742869854, 0.04541481286287308, 0.03723267465829849, 0.030592825263738632, 0.02774186059832573, 0.026577329263091087, 0.023795008659362793, 0.021174460649490356, 0.018627958372235298, 0.016938814893364906]
Training time: 1746 	steps per sec: 8
Eval num_timesteps=15360, episode_reward=nan +/- nan
Eval num_timesteps=15360, episode_success=nan +/- nan
se
16 16384 1024
diff [0.09377801418304443, 0.02182111144065857, -0.01219630241394043, -0.020501941442489624, -0.014097023755311966, -0.009354915469884872, -0.010750174522399902, -0.004279971122741699, -0.00974934920668602, -0.008953213691711426, -0.005214890465140343, -0.002826496958732605, -0.006739698350429535, -0.004190696403384209, -0.008775623515248299, -0.004580353386700153]
ref [0.6844366192817688, 0.21194255352020264, 0.1397780328989029, 0.098438560962677, 0.07317981868982315, 0.06517568975687027, 0.05616498738527298, 0.04151264578104019, 0.04034217447042465, 0.036695074290037155, 0.03179221972823143, 0.026621505618095398, 0.02791415899991989, 0.022818654775619507, 0.025714438408613205, 0.02019127458333969]
[0.7782146334648132, 0.2337636649608612, 0.12758173048496246, 0.07793661952018738, 0.059082794934511185, 0.0558207742869854, 0.04541481286287308, 0.03723267465829849, 0.030592825263738632, 0.02774186059832573, 0.026577329263091087, 0.023795008659362793, 0.021174460649490356, 0.018627958372235298, 0.016938814893364906, 0.015610921196639538]
Training time: 1934 	steps per sec: 8
Eval num_timesteps=16384, episode_reward=nan +/- nan
Eval num_timesteps=16384, episode_success=nan +/- nan
se
16 16384 1024
diff [0.09377801418304443, 0.02182111144065857, -0.01219630241394043, -0.020501941442489624, -0.014097023755311966, -0.009354915469884872, -0.010750174522399902, -0.004279971122741699, -0.00974934920668602, -0.008953213691711426, -0.005214890465140343, -0.002826496958732605, -0.006739698350429535, -0.004190696403384209, -0.008775623515248299, -0.004580353386700153, -0.0058874161913990974]
ref [0.6844366192817688, 0.21194255352020264, 0.1397780328989029, 0.098438560962677, 0.07317981868982315, 0.06517568975687027, 0.05616498738527298, 0.04151264578104019, 0.04034217447042465, 0.036695074290037155, 0.03179221972823143, 0.026621505618095398, 0.02791415899991989, 0.022818654775619507, 0.025714438408613205, 0.02019127458333969, 0.02138758823275566]
[0.7782146334648132, 0.2337636649608612, 0.12758173048496246, 0.07793661952018738, 0.059082794934511185, 0.0558207742869854, 0.04541481286287308, 0.03723267465829849, 0.030592825263738632, 0.02774186059832573, 0.026577329263091087, 0.023795008659362793, 0.021174460649490356, 0.018627958372235298, 0.016938814893364906, 0.015610921196639538, 0.015500172041356564]
Training time: 2126 	steps per sec: 8
Eval num_timesteps=17408, episode_reward=nan +/- nan
Eval num_timesteps=17408, episode_success=nan +/- nan
se
16 16384 1024
diff [0.09377801418304443, 0.02182111144065857, -0.01219630241394043, -0.020501941442489624, -0.014097023755311966, -0.009354915469884872, -0.010750174522399902, -0.004279971122741699, -0.00974934920668602, -0.008953213691711426, -0.005214890465140343, -0.002826496958732605, -0.006739698350429535, -0.004190696403384209, -0.008775623515248299, -0.004580353386700153, -0.0058874161913990974, -0.005514242686331272]
ref [0.6844366192817688, 0.21194255352020264, 0.1397780328989029, 0.098438560962677, 0.07317981868982315, 0.06517568975687027, 0.05616498738527298, 0.04151264578104019, 0.04034217447042465, 0.036695074290037155, 0.03179221972823143, 0.026621505618095398, 0.02791415899991989, 0.022818654775619507, 0.025714438408613205, 0.02019127458333969, 0.02138758823275566, 0.020695926621556282]
[0.7782146334648132, 0.2337636649608612, 0.12758173048496246, 0.07793661952018738, 0.059082794934511185, 0.0558207742869854, 0.04541481286287308, 0.03723267465829849, 0.030592825263738632, 0.02774186059832573, 0.026577329263091087, 0.023795008659362793, 0.021174460649490356, 0.018627958372235298, 0.016938814893364906, 0.015610921196639538, 0.015500172041356564, 0.01518168393522501]
Training time: 2312 	steps per sec: 7
Eval num_timesteps=18432, episode_reward=nan +/- nan
Eval num_timesteps=18432, episode_success=nan +/- nan
se
16 16384 1024
diff [0.09377801418304443, 0.02182111144065857, -0.01219630241394043, -0.020501941442489624, -0.014097023755311966, -0.009354915469884872, -0.010750174522399902, -0.004279971122741699, -0.00974934920668602, -0.008953213691711426, -0.005214890465140343, -0.002826496958732605, -0.006739698350429535, -0.004190696403384209, -0.008775623515248299, -0.004580353386700153, -0.0058874161913990974, -0.005514242686331272, -0.007584873586893082]
ref [0.6844366192817688, 0.21194255352020264, 0.1397780328989029, 0.098438560962677, 0.07317981868982315, 0.06517568975687027, 0.05616498738527298, 0.04151264578104019, 0.04034217447042465, 0.036695074290037155, 0.03179221972823143, 0.026621505618095398, 0.02791415899991989, 0.022818654775619507, 0.025714438408613205, 0.02019127458333969, 0.02138758823275566, 0.020695926621556282, 0.02283296175301075]
[0.7782146334648132, 0.2337636649608612, 0.12758173048496246, 0.07793661952018738, 0.059082794934511185, 0.0558207742869854, 0.04541481286287308, 0.03723267465829849, 0.030592825263738632, 0.02774186059832573, 0.026577329263091087, 0.023795008659362793, 0.021174460649490356, 0.018627958372235298, 0.016938814893364906, 0.015610921196639538, 0.015500172041356564, 0.01518168393522501, 0.015248088166117668]
Training time: 2512 	steps per sec: 7
Eval num_timesteps=19456, episode_reward=nan +/- nan
Eval num_timesteps=19456, episode_success=nan +/- nan
se
16 16384 1024
diff [0.09377801418304443, 0.02182111144065857, -0.01219630241394043, -0.020501941442489624, -0.014097023755311966, -0.009354915469884872, -0.010750174522399902, -0.004279971122741699, -0.00974934920668602, -0.008953213691711426, -0.005214890465140343, -0.002826496958732605, -0.006739698350429535, -0.004190696403384209, -0.008775623515248299, -0.004580353386700153, -0.0058874161913990974, -0.005514242686331272, -0.007584873586893082, -0.004919441416859627]
ref [0.6844366192817688, 0.21194255352020264, 0.1397780328989029, 0.098438560962677, 0.07317981868982315, 0.06517568975687027, 0.05616498738527298, 0.04151264578104019, 0.04034217447042465, 0.036695074290037155, 0.03179221972823143, 0.026621505618095398, 0.02791415899991989, 0.022818654775619507, 0.025714438408613205, 0.02019127458333969, 0.02138758823275566, 0.020695926621556282, 0.02283296175301075, 0.02140892669558525]
[0.7782146334648132, 0.2337636649608612, 0.12758173048496246, 0.07793661952018738, 0.059082794934511185, 0.0558207742869854, 0.04541481286287308, 0.03723267465829849, 0.030592825263738632, 0.02774186059832573, 0.026577329263091087, 0.023795008659362793, 0.021174460649490356, 0.018627958372235298, 0.016938814893364906, 0.015610921196639538, 0.015500172041356564, 0.01518168393522501, 0.015248088166117668, 0.016489485278725624]
Training time: 2723 	steps per sec: 7
Eval num_timesteps=20480, episode_reward=nan +/- nan
Eval num_timesteps=20480, episode_success=nan +/- nan
se
16 16384 1024
diff [0.09377801418304443, 0.02182111144065857, -0.01219630241394043, -0.020501941442489624, -0.014097023755311966, -0.009354915469884872, -0.010750174522399902, -0.004279971122741699, -0.00974934920668602, -0.008953213691711426, -0.005214890465140343, -0.002826496958732605, -0.006739698350429535, -0.004190696403384209, -0.008775623515248299, -0.004580353386700153, -0.0058874161913990974, -0.005514242686331272, -0.007584873586893082, -0.004919441416859627, -0.00231061689555645]
ref [0.6844366192817688, 0.21194255352020264, 0.1397780328989029, 0.098438560962677, 0.07317981868982315, 0.06517568975687027, 0.05616498738527298, 0.04151264578104019, 0.04034217447042465, 0.036695074290037155, 0.03179221972823143, 0.026621505618095398, 0.02791415899991989, 0.022818654775619507, 0.025714438408613205, 0.02019127458333969, 0.02138758823275566, 0.020695926621556282, 0.02283296175301075, 0.02140892669558525, 0.01936263032257557]
[0.7782146334648132, 0.2337636649608612, 0.12758173048496246, 0.07793661952018738, 0.059082794934511185, 0.0558207742869854, 0.04541481286287308, 0.03723267465829849, 0.030592825263738632, 0.02774186059832573, 0.026577329263091087, 0.023795008659362793, 0.021174460649490356, 0.018627958372235298, 0.016938814893364906, 0.015610921196639538, 0.015500172041356564, 0.01518168393522501, 0.015248088166117668, 0.016489485278725624, 0.01705201342701912]
Training time: 2937 	steps per sec: 7
Eval num_timesteps=21504, episode_reward=nan +/- nan
Eval num_timesteps=21504, episode_success=nan +/- nan
se
16 16384 1024
diff [0.09377801418304443, 0.02182111144065857, -0.01219630241394043, -0.020501941442489624, -0.014097023755311966, -0.009354915469884872, -0.010750174522399902, -0.004279971122741699, -0.00974934920668602, -0.008953213691711426, -0.005214890465140343, -0.002826496958732605, -0.006739698350429535, -0.004190696403384209, -0.008775623515248299, -0.004580353386700153, -0.0058874161913990974, -0.005514242686331272, -0.007584873586893082, -0.004919441416859627, -0.00231061689555645, -0.00536041334271431]
ref [0.6844366192817688, 0.21194255352020264, 0.1397780328989029, 0.098438560962677, 0.07317981868982315, 0.06517568975687027, 0.05616498738527298, 0.04151264578104019, 0.04034217447042465, 0.036695074290037155, 0.03179221972823143, 0.026621505618095398, 0.02791415899991989, 0.022818654775619507, 0.025714438408613205, 0.02019127458333969, 0.02138758823275566, 0.020695926621556282, 0.02283296175301075, 0.02140892669558525, 0.01936263032257557, 0.02227003313601017]
[0.7782146334648132, 0.2337636649608612, 0.12758173048496246, 0.07793661952018738, 0.059082794934511185, 0.0558207742869854, 0.04541481286287308, 0.03723267465829849, 0.030592825263738632, 0.02774186059832573, 0.026577329263091087, 0.023795008659362793, 0.021174460649490356, 0.018627958372235298, 0.016938814893364906, 0.015610921196639538, 0.015500172041356564, 0.01518168393522501, 0.015248088166117668, 0.016489485278725624, 0.01705201342701912, 0.01690961979329586]
Training time: 3139 	steps per sec: 7
Eval num_timesteps=22528, episode_reward=nan +/- nan
Eval num_timesteps=22528, episode_success=nan +/- nan
se
16 16384 1024
diff [0.09377801418304443, 0.02182111144065857, -0.01219630241394043, -0.020501941442489624, -0.014097023755311966, -0.009354915469884872, -0.010750174522399902, -0.004279971122741699, -0.00974934920668602, -0.008953213691711426, -0.005214890465140343, -0.002826496958732605, -0.006739698350429535, -0.004190696403384209, -0.008775623515248299, -0.004580353386700153, -0.0058874161913990974, -0.005514242686331272, -0.007584873586893082, -0.004919441416859627, -0.00231061689555645, -0.00536041334271431, -0.005319628864526749]
ref [0.6844366192817688, 0.21194255352020264, 0.1397780328989029, 0.098438560962677, 0.07317981868982315, 0.06517568975687027, 0.05616498738527298, 0.04151264578104019, 0.04034217447042465, 0.036695074290037155, 0.03179221972823143, 0.026621505618095398, 0.02791415899991989, 0.022818654775619507, 0.025714438408613205, 0.02019127458333969, 0.02138758823275566, 0.020695926621556282, 0.02283296175301075, 0.02140892669558525, 0.01936263032257557, 0.02227003313601017, 0.022507354617118835]
[0.7782146334648132, 0.2337636649608612, 0.12758173048496246, 0.07793661952018738, 0.059082794934511185, 0.0558207742869854, 0.04541481286287308, 0.03723267465829849, 0.030592825263738632, 0.02774186059832573, 0.026577329263091087, 0.023795008659362793, 0.021174460649490356, 0.018627958372235298, 0.016938814893364906, 0.015610921196639538, 0.015500172041356564, 0.01518168393522501, 0.015248088166117668, 0.016489485278725624, 0.01705201342701912, 0.01690961979329586, 0.017187725752592087]
Training time: 3330 	steps per sec: 7
Eval num_timesteps=23552, episode_reward=nan +/- nan
Eval num_timesteps=23552, episode_success=nan +/- nan
se
16 16384 1024
diff [0.09377801418304443, 0.02182111144065857, -0.01219630241394043, -0.020501941442489624, -0.014097023755311966, -0.009354915469884872, -0.010750174522399902, -0.004279971122741699, -0.00974934920668602, -0.008953213691711426, -0.005214890465140343, -0.002826496958732605, -0.006739698350429535, -0.004190696403384209, -0.008775623515248299, -0.004580353386700153, -0.0058874161913990974, -0.005514242686331272, -0.007584873586893082, -0.004919441416859627, -0.00231061689555645, -0.00536041334271431, -0.005319628864526749, -0.004425132647156715]
ref [0.6844366192817688, 0.21194255352020264, 0.1397780328989029, 0.098438560962677, 0.07317981868982315, 0.06517568975687027, 0.05616498738527298, 0.04151264578104019, 0.04034217447042465, 0.036695074290037155, 0.03179221972823143, 0.026621505618095398, 0.02791415899991989, 0.022818654775619507, 0.025714438408613205, 0.02019127458333969, 0.02138758823275566, 0.020695926621556282, 0.02283296175301075, 0.02140892669558525, 0.01936263032257557, 0.02227003313601017, 0.022507354617118835, 0.021157339215278625]
[0.7782146334648132, 0.2337636649608612, 0.12758173048496246, 0.07793661952018738, 0.059082794934511185, 0.0558207742869854, 0.04541481286287308, 0.03723267465829849, 0.030592825263738632, 0.02774186059832573, 0.026577329263091087, 0.023795008659362793, 0.021174460649490356, 0.018627958372235298, 0.016938814893364906, 0.015610921196639538, 0.015500172041356564, 0.01518168393522501, 0.015248088166117668, 0.016489485278725624, 0.01705201342701912, 0.01690961979329586, 0.017187725752592087, 0.01673220656812191]
Training time: 3518 	steps per sec: 6
Eval num_timesteps=24576, episode_reward=nan +/- nan
Eval num_timesteps=24576, episode_success=nan +/- nan
se
16 16384 1024
diff [0.09377801418304443, 0.02182111144065857, -0.01219630241394043, -0.020501941442489624, -0.014097023755311966, -0.009354915469884872, -0.010750174522399902, -0.004279971122741699, -0.00974934920668602, -0.008953213691711426, -0.005214890465140343, -0.002826496958732605, -0.006739698350429535, -0.004190696403384209, -0.008775623515248299, -0.004580353386700153, -0.0058874161913990974, -0.005514242686331272, -0.007584873586893082, -0.004919441416859627, -0.00231061689555645, -0.00536041334271431, -0.005319628864526749, -0.004425132647156715, -0.005910048261284828]
ref [0.6844366192817688, 0.21194255352020264, 0.1397780328989029, 0.098438560962677, 0.07317981868982315, 0.06517568975687027, 0.05616498738527298, 0.04151264578104019, 0.04034217447042465, 0.036695074290037155, 0.03179221972823143, 0.026621505618095398, 0.02791415899991989, 0.022818654775619507, 0.025714438408613205, 0.02019127458333969, 0.02138758823275566, 0.020695926621556282, 0.02283296175301075, 0.02140892669558525, 0.01936263032257557, 0.02227003313601017, 0.022507354617118835, 0.021157339215278625, 0.02244531363248825]
[0.7782146334648132, 0.2337636649608612, 0.12758173048496246, 0.07793661952018738, 0.059082794934511185, 0.0558207742869854, 0.04541481286287308, 0.03723267465829849, 0.030592825263738632, 0.02774186059832573, 0.026577329263091087, 0.023795008659362793, 0.021174460649490356, 0.018627958372235298, 0.016938814893364906, 0.015610921196639538, 0.015500172041356564, 0.01518168393522501, 0.015248088166117668, 0.016489485278725624, 0.01705201342701912, 0.01690961979329586, 0.017187725752592087, 0.01673220656812191, 0.016535265371203423]
Training time: 3708 	steps per sec: 6
Eval num_timesteps=25600, episode_reward=nan +/- nan
Eval num_timesteps=25600, episode_success=nan +/- nan
se
16 16384 1024
diff [0.09377801418304443, 0.02182111144065857, -0.01219630241394043, -0.020501941442489624, -0.014097023755311966, -0.009354915469884872, -0.010750174522399902, -0.004279971122741699, -0.00974934920668602, -0.008953213691711426, -0.005214890465140343, -0.002826496958732605, -0.006739698350429535, -0.004190696403384209, -0.008775623515248299, -0.004580353386700153, -0.0058874161913990974, -0.005514242686331272, -0.007584873586893082, -0.004919441416859627, -0.00231061689555645, -0.00536041334271431, -0.005319628864526749, -0.004425132647156715, -0.005910048261284828, -0.003010684624314308]
ref [0.6844366192817688, 0.21194255352020264, 0.1397780328989029, 0.098438560962677, 0.07317981868982315, 0.06517568975687027, 0.05616498738527298, 0.04151264578104019, 0.04034217447042465, 0.036695074290037155, 0.03179221972823143, 0.026621505618095398, 0.02791415899991989, 0.022818654775619507, 0.025714438408613205, 0.02019127458333969, 0.02138758823275566, 0.020695926621556282, 0.02283296175301075, 0.02140892669558525, 0.01936263032257557, 0.02227003313601017, 0.022507354617118835, 0.021157339215278625, 0.02244531363248825, 0.01935187727212906]
[0.7782146334648132, 0.2337636649608612, 0.12758173048496246, 0.07793661952018738, 0.059082794934511185, 0.0558207742869854, 0.04541481286287308, 0.03723267465829849, 0.030592825263738632, 0.02774186059832573, 0.026577329263091087, 0.023795008659362793, 0.021174460649490356, 0.018627958372235298, 0.016938814893364906, 0.015610921196639538, 0.015500172041356564, 0.01518168393522501, 0.015248088166117668, 0.016489485278725624, 0.01705201342701912, 0.01690961979329586, 0.017187725752592087, 0.01673220656812191, 0.016535265371203423, 0.01634119264781475]
Training time: 3887 	steps per sec: 6
Eval num_timesteps=26624, episode_reward=nan +/- nan
Eval num_timesteps=26624, episode_success=nan +/- nan
se
16 16384 1024
diff [0.09377801418304443, 0.02182111144065857, -0.01219630241394043, -0.020501941442489624, -0.014097023755311966, -0.009354915469884872, -0.010750174522399902, -0.004279971122741699, -0.00974934920668602, -0.008953213691711426, -0.005214890465140343, -0.002826496958732605, -0.006739698350429535, -0.004190696403384209, -0.008775623515248299, -0.004580353386700153, -0.0058874161913990974, -0.005514242686331272, -0.007584873586893082, -0.004919441416859627, -0.00231061689555645, -0.00536041334271431, -0.005319628864526749, -0.004425132647156715, -0.005910048261284828, -0.003010684624314308, -0.006589541211724281]
ref [0.6844366192817688, 0.21194255352020264, 0.1397780328989029, 0.098438560962677, 0.07317981868982315, 0.06517568975687027, 0.05616498738527298, 0.04151264578104019, 0.04034217447042465, 0.036695074290037155, 0.03179221972823143, 0.026621505618095398, 0.02791415899991989, 0.022818654775619507, 0.025714438408613205, 0.02019127458333969, 0.02138758823275566, 0.020695926621556282, 0.02283296175301075, 0.02140892669558525, 0.01936263032257557, 0.02227003313601017, 0.022507354617118835, 0.021157339215278625, 0.02244531363248825, 0.01935187727212906, 0.02336711809039116]
[0.7782146334648132, 0.2337636649608612, 0.12758173048496246, 0.07793661952018738, 0.059082794934511185, 0.0558207742869854, 0.04541481286287308, 0.03723267465829849, 0.030592825263738632, 0.02774186059832573, 0.026577329263091087, 0.023795008659362793, 0.021174460649490356, 0.018627958372235298, 0.016938814893364906, 0.015610921196639538, 0.015500172041356564, 0.01518168393522501, 0.015248088166117668, 0.016489485278725624, 0.01705201342701912, 0.01690961979329586, 0.017187725752592087, 0.01673220656812191, 0.016535265371203423, 0.01634119264781475, 0.016777576878666878]
Training time: 4101 	steps per sec: 6
Eval num_timesteps=27648, episode_reward=nan +/- nan
Eval num_timesteps=27648, episode_success=nan +/- nan
se
16 16384 1024
diff [0.09377801418304443, 0.02182111144065857, -0.01219630241394043, -0.020501941442489624, -0.014097023755311966, -0.009354915469884872, -0.010750174522399902, -0.004279971122741699, -0.00974934920668602, -0.008953213691711426, -0.005214890465140343, -0.002826496958732605, -0.006739698350429535, -0.004190696403384209, -0.008775623515248299, -0.004580353386700153, -0.0058874161913990974, -0.005514242686331272, -0.007584873586893082, -0.004919441416859627, -0.00231061689555645, -0.00536041334271431, -0.005319628864526749, -0.004425132647156715, -0.005910048261284828, -0.003010684624314308, -0.006589541211724281, -0.004169002175331116]
ref [0.6844366192817688, 0.21194255352020264, 0.1397780328989029, 0.098438560962677, 0.07317981868982315, 0.06517568975687027, 0.05616498738527298, 0.04151264578104019, 0.04034217447042465, 0.036695074290037155, 0.03179221972823143, 0.026621505618095398, 0.02791415899991989, 0.022818654775619507, 0.025714438408613205, 0.02019127458333969, 0.02138758823275566, 0.020695926621556282, 0.02283296175301075, 0.02140892669558525, 0.01936263032257557, 0.02227003313601017, 0.022507354617118835, 0.021157339215278625, 0.02244531363248825, 0.01935187727212906, 0.02336711809039116, 0.020515980198979378]
[0.7782146334648132, 0.2337636649608612, 0.12758173048496246, 0.07793661952018738, 0.059082794934511185, 0.0558207742869854, 0.04541481286287308, 0.03723267465829849, 0.030592825263738632, 0.02774186059832573, 0.026577329263091087, 0.023795008659362793, 0.021174460649490356, 0.018627958372235298, 0.016938814893364906, 0.015610921196639538, 0.015500172041356564, 0.01518168393522501, 0.015248088166117668, 0.016489485278725624, 0.01705201342701912, 0.01690961979329586, 0.017187725752592087, 0.01673220656812191, 0.016535265371203423, 0.01634119264781475, 0.016777576878666878, 0.016346978023648262]
Training time: 4362 	steps per sec: 6
Eval num_timesteps=28672, episode_reward=nan +/- nan
Eval num_timesteps=28672, episode_success=nan +/- nan
se
16 16384 1024
diff [0.09377801418304443, 0.02182111144065857, -0.01219630241394043, -0.020501941442489624, -0.014097023755311966, -0.009354915469884872, -0.010750174522399902, -0.004279971122741699, -0.00974934920668602, -0.008953213691711426, -0.005214890465140343, -0.002826496958732605, -0.006739698350429535, -0.004190696403384209, -0.008775623515248299, -0.004580353386700153, -0.0058874161913990974, -0.005514242686331272, -0.007584873586893082, -0.004919441416859627, -0.00231061689555645, -0.00536041334271431, -0.005319628864526749, -0.004425132647156715, -0.005910048261284828, -0.003010684624314308, -0.006589541211724281, -0.004169002175331116, -0.004645433276891708]
ref [0.6844366192817688, 0.21194255352020264, 0.1397780328989029, 0.098438560962677, 0.07317981868982315, 0.06517568975687027, 0.05616498738527298, 0.04151264578104019, 0.04034217447042465, 0.036695074290037155, 0.03179221972823143, 0.026621505618095398, 0.02791415899991989, 0.022818654775619507, 0.025714438408613205, 0.02019127458333969, 0.02138758823275566, 0.020695926621556282, 0.02283296175301075, 0.02140892669558525, 0.01936263032257557, 0.02227003313601017, 0.022507354617118835, 0.021157339215278625, 0.02244531363248825, 0.01935187727212906, 0.02336711809039116, 0.020515980198979378, 0.021639041602611542]
[0.7782146334648132, 0.2337636649608612, 0.12758173048496246, 0.07793661952018738, 0.059082794934511185, 0.0558207742869854, 0.04541481286287308, 0.03723267465829849, 0.030592825263738632, 0.02774186059832573, 0.026577329263091087, 0.023795008659362793, 0.021174460649490356, 0.018627958372235298, 0.016938814893364906, 0.015610921196639538, 0.015500172041356564, 0.01518168393522501, 0.015248088166117668, 0.016489485278725624, 0.01705201342701912, 0.01690961979329586, 0.017187725752592087, 0.01673220656812191, 0.016535265371203423, 0.01634119264781475, 0.016777576878666878, 0.016346978023648262, 0.016993608325719833]
Training time: 4622 	steps per sec: 6
Eval num_timesteps=29696, episode_reward=nan +/- nan
Eval num_timesteps=29696, episode_success=nan +/- nan
se
16 16384 1024
diff [0.09377801418304443, 0.02182111144065857, -0.01219630241394043, -0.020501941442489624, -0.014097023755311966, -0.009354915469884872, -0.010750174522399902, -0.004279971122741699, -0.00974934920668602, -0.008953213691711426, -0.005214890465140343, -0.002826496958732605, -0.006739698350429535, -0.004190696403384209, -0.008775623515248299, -0.004580353386700153, -0.0058874161913990974, -0.005514242686331272, -0.007584873586893082, -0.004919441416859627, -0.00231061689555645, -0.00536041334271431, -0.005319628864526749, -0.004425132647156715, -0.005910048261284828, -0.003010684624314308, -0.006589541211724281, -0.004169002175331116, -0.004645433276891708, -0.00260247103869915]
ref [0.6844366192817688, 0.21194255352020264, 0.1397780328989029, 0.098438560962677, 0.07317981868982315, 0.06517568975687027, 0.05616498738527298, 0.04151264578104019, 0.04034217447042465, 0.036695074290037155, 0.03179221972823143, 0.026621505618095398, 0.02791415899991989, 0.022818654775619507, 0.025714438408613205, 0.02019127458333969, 0.02138758823275566, 0.020695926621556282, 0.02283296175301075, 0.02140892669558525, 0.01936263032257557, 0.02227003313601017, 0.022507354617118835, 0.021157339215278625, 0.02244531363248825, 0.01935187727212906, 0.02336711809039116, 0.020515980198979378, 0.021639041602611542, 0.01964491978287697]
[0.7782146334648132, 0.2337636649608612, 0.12758173048496246, 0.07793661952018738, 0.059082794934511185, 0.0558207742869854, 0.04541481286287308, 0.03723267465829849, 0.030592825263738632, 0.02774186059832573, 0.026577329263091087, 0.023795008659362793, 0.021174460649490356, 0.018627958372235298, 0.016938814893364906, 0.015610921196639538, 0.015500172041356564, 0.01518168393522501, 0.015248088166117668, 0.016489485278725624, 0.01705201342701912, 0.01690961979329586, 0.017187725752592087, 0.01673220656812191, 0.016535265371203423, 0.01634119264781475, 0.016777576878666878, 0.016346978023648262, 0.016993608325719833, 0.01704244874417782]
Training time: 4880 	steps per sec: 6
Eval num_timesteps=30720, episode_reward=nan +/- nan
Eval num_timesteps=30720, episode_success=nan +/- nan
se
16 16384 1024
diff [0.09377801418304443, 0.02182111144065857, -0.01219630241394043, -0.020501941442489624, -0.014097023755311966, -0.009354915469884872, -0.010750174522399902, -0.004279971122741699, -0.00974934920668602, -0.008953213691711426, -0.005214890465140343, -0.002826496958732605, -0.006739698350429535, -0.004190696403384209, -0.008775623515248299, -0.004580353386700153, -0.0058874161913990974, -0.005514242686331272, -0.007584873586893082, -0.004919441416859627, -0.00231061689555645, -0.00536041334271431, -0.005319628864526749, -0.004425132647156715, -0.005910048261284828, -0.003010684624314308, -0.006589541211724281, -0.004169002175331116, -0.004645433276891708, -0.00260247103869915, -0.007057861424982548]
ref [0.6844366192817688, 0.21194255352020264, 0.1397780328989029, 0.098438560962677, 0.07317981868982315, 0.06517568975687027, 0.05616498738527298, 0.04151264578104019, 0.04034217447042465, 0.036695074290037155, 0.03179221972823143, 0.026621505618095398, 0.02791415899991989, 0.022818654775619507, 0.025714438408613205, 0.02019127458333969, 0.02138758823275566, 0.020695926621556282, 0.02283296175301075, 0.02140892669558525, 0.01936263032257557, 0.02227003313601017, 0.022507354617118835, 0.021157339215278625, 0.02244531363248825, 0.01935187727212906, 0.02336711809039116, 0.020515980198979378, 0.021639041602611542, 0.01964491978287697, 0.02202213928103447]
[0.7782146334648132, 0.2337636649608612, 0.12758173048496246, 0.07793661952018738, 0.059082794934511185, 0.0558207742869854, 0.04541481286287308, 0.03723267465829849, 0.030592825263738632, 0.02774186059832573, 0.026577329263091087, 0.023795008659362793, 0.021174460649490356, 0.018627958372235298, 0.016938814893364906, 0.015610921196639538, 0.015500172041356564, 0.01518168393522501, 0.015248088166117668, 0.016489485278725624, 0.01705201342701912, 0.01690961979329586, 0.017187725752592087, 0.01673220656812191, 0.016535265371203423, 0.01634119264781475, 0.016777576878666878, 0.016346978023648262, 0.016993608325719833, 0.01704244874417782, 0.014964277856051922]
Training time: 5128 	steps per sec: 6
Eval num_timesteps=31744, episode_reward=nan +/- nan
Eval num_timesteps=31744, episode_success=nan +/- nan
se
16 16384 1024
diff [0.09377801418304443, 0.02182111144065857, -0.01219630241394043, -0.020501941442489624, -0.014097023755311966, -0.009354915469884872, -0.010750174522399902, -0.004279971122741699, -0.00974934920668602, -0.008953213691711426, -0.005214890465140343, -0.002826496958732605, -0.006739698350429535, -0.004190696403384209, -0.008775623515248299, -0.004580353386700153, -0.0058874161913990974, -0.005514242686331272, -0.007584873586893082, -0.004919441416859627, -0.00231061689555645, -0.00536041334271431, -0.005319628864526749, -0.004425132647156715, -0.005910048261284828, -0.003010684624314308, -0.006589541211724281, -0.004169002175331116, -0.004645433276891708, -0.00260247103869915, -0.007057861424982548, -0.007944531738758087]
ref [0.6844366192817688, 0.21194255352020264, 0.1397780328989029, 0.098438560962677, 0.07317981868982315, 0.06517568975687027, 0.05616498738527298, 0.04151264578104019, 0.04034217447042465, 0.036695074290037155, 0.03179221972823143, 0.026621505618095398, 0.02791415899991989, 0.022818654775619507, 0.025714438408613205, 0.02019127458333969, 0.02138758823275566, 0.020695926621556282, 0.02283296175301075, 0.02140892669558525, 0.01936263032257557, 0.02227003313601017, 0.022507354617118835, 0.021157339215278625, 0.02244531363248825, 0.01935187727212906, 0.02336711809039116, 0.020515980198979378, 0.021639041602611542, 0.01964491978287697, 0.02202213928103447, 0.022617168724536896]
[0.7782146334648132, 0.2337636649608612, 0.12758173048496246, 0.07793661952018738, 0.059082794934511185, 0.0558207742869854, 0.04541481286287308, 0.03723267465829849, 0.030592825263738632, 0.02774186059832573, 0.026577329263091087, 0.023795008659362793, 0.021174460649490356, 0.018627958372235298, 0.016938814893364906, 0.015610921196639538, 0.015500172041356564, 0.01518168393522501, 0.015248088166117668, 0.016489485278725624, 0.01705201342701912, 0.01690961979329586, 0.017187725752592087, 0.01673220656812191, 0.016535265371203423, 0.01634119264781475, 0.016777576878666878, 0.016346978023648262, 0.016993608325719833, 0.01704244874417782, 0.014964277856051922, 0.014672636985778809]
Training time: 5394 	steps per sec: 6
Eval num_timesteps=32768, episode_reward=nan +/- nan
Eval num_timesteps=32768, episode_success=nan +/- nan
results/Ant-v4/
results/Ant-v4/ppo_ros/
results/Ant-v4/ppo_ros/expert/
results/Ant-v4/ppo_ros/expert/b_16/
results/Ant-v4/ppo_ros/expert/b_16/no_clip/
results/Ant-v4/ppo_ros/expert/b_16/no_clip/run_1/
results/Ant-v4/ppo_ros/expert/b_16/no_clip/run_1/evaluations.npz
results/Ant-v4/ppo_ros/expert/b_16/no_clip/run_1/stats.npz
results/Ant-v4/ppo_ros/expert/b_16/no_clip/run_1/config.yml
