ppo_ros_continuous.py --env-id Humanoid-v4 -s expert/b_16/no_lambda --total-timesteps 32768 --eval-freq 1 --eval-episodes 0 -b 16 --num-steps 1024 -lr 0 --update-epochs 0 --anneal-lr 0 --ros-num-steps 256 --ros-update-epochs 16 --ros-target-kl 0.05 --ros-clip-coef 0.3 --ros-lambda 0 -ros-lr 0.0001 --ros-anneal-lr 0 --se 1 --se-freq 1 --se-lr 1e-3 --se-epochs 1000 --policy-path policies/Humanoid-v4/best_model.zip --normalization-dir policies/Humanoid-v4
Obtaining file:///var/lib/condor/execute/slot1/dir_2680796/PPOROS/PPOROS/custom-envs
  Preparing metadata (setup.py): started
  Preparing metadata (setup.py): finished with status 'done'
Requirement already satisfied: gym in /var/lib/condor/execute/slot1/dir_2680796/PPOROS/ppo-ros_env/lib/python3.9/site-packages (from custom-envs==0.0.1) (0.21.0)
Requirement already satisfied: numpy>=1.18.0 in /var/lib/condor/execute/slot1/dir_2680796/PPOROS/ppo-ros_env/lib/python3.9/site-packages (from gym->custom-envs==0.0.1) (1.24.2)
Requirement already satisfied: cloudpickle>=1.2.0 in /var/lib/condor/execute/slot1/dir_2680796/PPOROS/ppo-ros_env/lib/python3.9/site-packages (from gym->custom-envs==0.0.1) (2.2.1)
Installing collected packages: custom-envs
  Running setup.py develop for custom-envs
Successfully installed custom-envs-0.0.1
seed: 0
Eval num_timesteps=0, episode_reward=nan +/- nan
Eval num_timesteps=0, episode_success=nan +/- nan
se
1 1024 1024
diff [1.1936476230621338]
ref [2.059534788131714]
[3.2531824111938477]
Training time: 15 	steps per sec: 64
Eval num_timesteps=1024, episode_reward=nan +/- nan
Eval num_timesteps=1024, episode_success=nan +/- nan
se
2 2048 1024
diff [1.1936476230621338, -0.08213162422180176]
ref [2.059534788131714, 0.8152563571929932]
[3.2531824111938477, 0.7331247329711914]
Training time: 42 	steps per sec: 47
Eval num_timesteps=2048, episode_reward=nan +/- nan
Eval num_timesteps=2048, episode_success=nan +/- nan
se
3 3072 1024
diff [1.1936476230621338, -0.08213162422180176, 0.014239490032196045]
ref [2.059534788131714, 0.8152563571929932, 0.38901326060295105]
[3.2531824111938477, 0.7331247329711914, 0.4032527506351471]
Training time: 81 	steps per sec: 37
Eval num_timesteps=3072, episode_reward=nan +/- nan
Eval num_timesteps=3072, episode_success=nan +/- nan
se
4 4096 1024
diff [1.1936476230621338, -0.08213162422180176, 0.014239490032196045, -0.043975815176963806]
ref [2.059534788131714, 0.8152563571929932, 0.38901326060295105, 0.27320992946624756]
[3.2531824111938477, 0.7331247329711914, 0.4032527506351471, 0.22923411428928375]
Training time: 123 	steps per sec: 33
Eval num_timesteps=4096, episode_reward=nan +/- nan
Eval num_timesteps=4096, episode_success=nan +/- nan
se
5 5120 1024
diff [1.1936476230621338, -0.08213162422180176, 0.014239490032196045, -0.043975815176963806, -0.0350499153137207]
ref [2.059534788131714, 0.8152563571929932, 0.38901326060295105, 0.27320992946624756, 0.1990981549024582]
[3.2531824111938477, 0.7331247329711914, 0.4032527506351471, 0.22923411428928375, 0.1640482395887375]
Training time: 174 	steps per sec: 29
Eval num_timesteps=5120, episode_reward=nan +/- nan
Eval num_timesteps=5120, episode_success=nan +/- nan
se
6 6144 1024
diff [1.1936476230621338, -0.08213162422180176, 0.014239490032196045, -0.043975815176963806, -0.0350499153137207, -0.01978123188018799]
ref [2.059534788131714, 0.8152563571929932, 0.38901326060295105, 0.27320992946624756, 0.1990981549024582, 0.14835207164287567]
[3.2531824111938477, 0.7331247329711914, 0.4032527506351471, 0.22923411428928375, 0.1640482395887375, 0.12857083976268768]
Training time: 228 	steps per sec: 26
Eval num_timesteps=6144, episode_reward=nan +/- nan
Eval num_timesteps=6144, episode_success=nan +/- nan
se
7 7168 1024
diff [1.1936476230621338, -0.08213162422180176, 0.014239490032196045, -0.043975815176963806, -0.0350499153137207, -0.01978123188018799, -0.023343801498413086]
ref [2.059534788131714, 0.8152563571929932, 0.38901326060295105, 0.27320992946624756, 0.1990981549024582, 0.14835207164287567, 0.12762369215488434]
[3.2531824111938477, 0.7331247329711914, 0.4032527506351471, 0.22923411428928375, 0.1640482395887375, 0.12857083976268768, 0.10427989065647125]
Training time: 291 	steps per sec: 24
Eval num_timesteps=7168, episode_reward=nan +/- nan
Eval num_timesteps=7168, episode_success=nan +/- nan
se
8 8192 1024
diff [1.1936476230621338, -0.08213162422180176, 0.014239490032196045, -0.043975815176963806, -0.0350499153137207, -0.01978123188018799, -0.023343801498413086, -0.023373037576675415]
ref [2.059534788131714, 0.8152563571929932, 0.38901326060295105, 0.27320992946624756, 0.1990981549024582, 0.14835207164287567, 0.12762369215488434, 0.1129843220114708]
[3.2531824111938477, 0.7331247329711914, 0.4032527506351471, 0.22923411428928375, 0.1640482395887375, 0.12857083976268768, 0.10427989065647125, 0.08961128443479538]
Training time: 370 	steps per sec: 22
Eval num_timesteps=8192, episode_reward=nan +/- nan
Eval num_timesteps=8192, episode_success=nan +/- nan
se
9 9216 1024
diff [1.1936476230621338, -0.08213162422180176, 0.014239490032196045, -0.043975815176963806, -0.0350499153137207, -0.01978123188018799, -0.023343801498413086, -0.023373037576675415, -0.007377400994300842]
ref [2.059534788131714, 0.8152563571929932, 0.38901326060295105, 0.27320992946624756, 0.1990981549024582, 0.14835207164287567, 0.12762369215488434, 0.1129843220114708, 0.08328443020582199]
[3.2531824111938477, 0.7331247329711914, 0.4032527506351471, 0.22923411428928375, 0.1640482395887375, 0.12857083976268768, 0.10427989065647125, 0.08961128443479538, 0.07590702921152115]
Training time: 466 	steps per sec: 19
Eval num_timesteps=9216, episode_reward=nan +/- nan
Eval num_timesteps=9216, episode_success=nan +/- nan
se
10 10240 1024
diff [1.1936476230621338, -0.08213162422180176, 0.014239490032196045, -0.043975815176963806, -0.0350499153137207, -0.01978123188018799, -0.023343801498413086, -0.023373037576675415, -0.007377400994300842, -0.017138995230197906]
ref [2.059534788131714, 0.8152563571929932, 0.38901326060295105, 0.27320992946624756, 0.1990981549024582, 0.14835207164287567, 0.12762369215488434, 0.1129843220114708, 0.08328443020582199, 0.08083932101726532]
[3.2531824111938477, 0.7331247329711914, 0.4032527506351471, 0.22923411428928375, 0.1640482395887375, 0.12857083976268768, 0.10427989065647125, 0.08961128443479538, 0.07590702921152115, 0.06370032578706741]
Training time: 563 	steps per sec: 18
Eval num_timesteps=10240, episode_reward=nan +/- nan
Eval num_timesteps=10240, episode_success=nan +/- nan
se
11 11264 1024
diff [1.1936476230621338, -0.08213162422180176, 0.014239490032196045, -0.043975815176963806, -0.0350499153137207, -0.01978123188018799, -0.023343801498413086, -0.023373037576675415, -0.007377400994300842, -0.017138995230197906, -0.015060439705848694]
ref [2.059534788131714, 0.8152563571929932, 0.38901326060295105, 0.27320992946624756, 0.1990981549024582, 0.14835207164287567, 0.12762369215488434, 0.1129843220114708, 0.08328443020582199, 0.08083932101726532, 0.07141432911157608]
[3.2531824111938477, 0.7331247329711914, 0.4032527506351471, 0.22923411428928375, 0.1640482395887375, 0.12857083976268768, 0.10427989065647125, 0.08961128443479538, 0.07590702921152115, 0.06370032578706741, 0.056353889405727386]
Training time: 693 	steps per sec: 16
Eval num_timesteps=11264, episode_reward=nan +/- nan
Eval num_timesteps=11264, episode_success=nan +/- nan
se
12 12288 1024
diff [1.1936476230621338, -0.08213162422180176, 0.014239490032196045, -0.043975815176963806, -0.0350499153137207, -0.01978123188018799, -0.023343801498413086, -0.023373037576675415, -0.007377400994300842, -0.017138995230197906, -0.015060439705848694, -0.010649476200342178]
ref [2.059534788131714, 0.8152563571929932, 0.38901326060295105, 0.27320992946624756, 0.1990981549024582, 0.14835207164287567, 0.12762369215488434, 0.1129843220114708, 0.08328443020582199, 0.08083932101726532, 0.07141432911157608, 0.06280391663312912]
[3.2531824111938477, 0.7331247329711914, 0.4032527506351471, 0.22923411428928375, 0.1640482395887375, 0.12857083976268768, 0.10427989065647125, 0.08961128443479538, 0.07590702921152115, 0.06370032578706741, 0.056353889405727386, 0.05215444043278694]
Training time: 829 	steps per sec: 14
Eval num_timesteps=12288, episode_reward=nan +/- nan
Eval num_timesteps=12288, episode_success=nan +/- nan
se
13 13312 1024
diff [1.1936476230621338, -0.08213162422180176, 0.014239490032196045, -0.043975815176963806, -0.0350499153137207, -0.01978123188018799, -0.023343801498413086, -0.023373037576675415, -0.007377400994300842, -0.017138995230197906, -0.015060439705848694, -0.010649476200342178, -0.008537407964468002]
ref [2.059534788131714, 0.8152563571929932, 0.38901326060295105, 0.27320992946624756, 0.1990981549024582, 0.14835207164287567, 0.12762369215488434, 0.1129843220114708, 0.08328443020582199, 0.08083932101726532, 0.07141432911157608, 0.06280391663312912, 0.0560326911509037]
[3.2531824111938477, 0.7331247329711914, 0.4032527506351471, 0.22923411428928375, 0.1640482395887375, 0.12857083976268768, 0.10427989065647125, 0.08961128443479538, 0.07590702921152115, 0.06370032578706741, 0.056353889405727386, 0.05215444043278694, 0.0474952831864357]
Training time: 945 	steps per sec: 14
Eval num_timesteps=13312, episode_reward=nan +/- nan
Eval num_timesteps=13312, episode_success=nan +/- nan
se
14 14336 1024
diff [1.1936476230621338, -0.08213162422180176, 0.014239490032196045, -0.043975815176963806, -0.0350499153137207, -0.01978123188018799, -0.023343801498413086, -0.023373037576675415, -0.007377400994300842, -0.017138995230197906, -0.015060439705848694, -0.010649476200342178, -0.008537407964468002, -0.007865458726882935]
ref [2.059534788131714, 0.8152563571929932, 0.38901326060295105, 0.27320992946624756, 0.1990981549024582, 0.14835207164287567, 0.12762369215488434, 0.1129843220114708, 0.08328443020582199, 0.08083932101726532, 0.07141432911157608, 0.06280391663312912, 0.0560326911509037, 0.05118352919816971]
[3.2531824111938477, 0.7331247329711914, 0.4032527506351471, 0.22923411428928375, 0.1640482395887375, 0.12857083976268768, 0.10427989065647125, 0.08961128443479538, 0.07590702921152115, 0.06370032578706741, 0.056353889405727386, 0.05215444043278694, 0.0474952831864357, 0.043318070471286774]
Training time: 1073 	steps per sec: 13
Eval num_timesteps=14336, episode_reward=nan +/- nan
Eval num_timesteps=14336, episode_success=nan +/- nan
se
15 15360 1024
diff [1.1936476230621338, -0.08213162422180176, 0.014239490032196045, -0.043975815176963806, -0.0350499153137207, -0.01978123188018799, -0.023343801498413086, -0.023373037576675415, -0.007377400994300842, -0.017138995230197906, -0.015060439705848694, -0.010649476200342178, -0.008537407964468002, -0.007865458726882935, -0.008958138525485992]
ref [2.059534788131714, 0.8152563571929932, 0.38901326060295105, 0.27320992946624756, 0.1990981549024582, 0.14835207164287567, 0.12762369215488434, 0.1129843220114708, 0.08328443020582199, 0.08083932101726532, 0.07141432911157608, 0.06280391663312912, 0.0560326911509037, 0.05118352919816971, 0.046834271401166916]
[3.2531824111938477, 0.7331247329711914, 0.4032527506351471, 0.22923411428928375, 0.1640482395887375, 0.12857083976268768, 0.10427989065647125, 0.08961128443479538, 0.07590702921152115, 0.06370032578706741, 0.056353889405727386, 0.05215444043278694, 0.0474952831864357, 0.043318070471286774, 0.03787613287568092]
Training time: 1234 	steps per sec: 12
Eval num_timesteps=15360, episode_reward=nan +/- nan
Eval num_timesteps=15360, episode_success=nan +/- nan
se
16 16384 1024
diff [1.1936476230621338, -0.08213162422180176, 0.014239490032196045, -0.043975815176963806, -0.0350499153137207, -0.01978123188018799, -0.023343801498413086, -0.023373037576675415, -0.007377400994300842, -0.017138995230197906, -0.015060439705848694, -0.010649476200342178, -0.008537407964468002, -0.007865458726882935, -0.008958138525485992, -0.008349217474460602]
ref [2.059534788131714, 0.8152563571929932, 0.38901326060295105, 0.27320992946624756, 0.1990981549024582, 0.14835207164287567, 0.12762369215488434, 0.1129843220114708, 0.08328443020582199, 0.08083932101726532, 0.07141432911157608, 0.06280391663312912, 0.0560326911509037, 0.05118352919816971, 0.046834271401166916, 0.04302829131484032]
[3.2531824111938477, 0.7331247329711914, 0.4032527506351471, 0.22923411428928375, 0.1640482395887375, 0.12857083976268768, 0.10427989065647125, 0.08961128443479538, 0.07590702921152115, 0.06370032578706741, 0.056353889405727386, 0.05215444043278694, 0.0474952831864357, 0.043318070471286774, 0.03787613287568092, 0.034679073840379715]
Training time: 1418 	steps per sec: 11
Eval num_timesteps=16384, episode_reward=nan +/- nan
Eval num_timesteps=16384, episode_success=nan +/- nan
se
16 16384 1024
diff [1.1936476230621338, -0.08213162422180176, 0.014239490032196045, -0.043975815176963806, -0.0350499153137207, -0.01978123188018799, -0.023343801498413086, -0.023373037576675415, -0.007377400994300842, -0.017138995230197906, -0.015060439705848694, -0.010649476200342178, -0.008537407964468002, -0.007865458726882935, -0.008958138525485992, -0.008349217474460602, -0.00934295728802681]
ref [2.059534788131714, 0.8152563571929932, 0.38901326060295105, 0.27320992946624756, 0.1990981549024582, 0.14835207164287567, 0.12762369215488434, 0.1129843220114708, 0.08328443020582199, 0.08083932101726532, 0.07141432911157608, 0.06280391663312912, 0.0560326911509037, 0.05118352919816971, 0.046834271401166916, 0.04302829131484032, 0.04392043501138687]
[3.2531824111938477, 0.7331247329711914, 0.4032527506351471, 0.22923411428928375, 0.1640482395887375, 0.12857083976268768, 0.10427989065647125, 0.08961128443479538, 0.07590702921152115, 0.06370032578706741, 0.056353889405727386, 0.05215444043278694, 0.0474952831864357, 0.043318070471286774, 0.03787613287568092, 0.034679073840379715, 0.03457747772336006]
Training time: 1612 	steps per sec: 10
Eval num_timesteps=17408, episode_reward=nan +/- nan
Eval num_timesteps=17408, episode_success=nan +/- nan
se
16 16384 1024
diff [1.1936476230621338, -0.08213162422180176, 0.014239490032196045, -0.043975815176963806, -0.0350499153137207, -0.01978123188018799, -0.023343801498413086, -0.023373037576675415, -0.007377400994300842, -0.017138995230197906, -0.015060439705848694, -0.010649476200342178, -0.008537407964468002, -0.007865458726882935, -0.008958138525485992, -0.008349217474460602, -0.00934295728802681, -0.011080991476774216]
ref [2.059534788131714, 0.8152563571929932, 0.38901326060295105, 0.27320992946624756, 0.1990981549024582, 0.14835207164287567, 0.12762369215488434, 0.1129843220114708, 0.08328443020582199, 0.08083932101726532, 0.07141432911157608, 0.06280391663312912, 0.0560326911509037, 0.05118352919816971, 0.046834271401166916, 0.04302829131484032, 0.04392043501138687, 0.04505063220858574]
[3.2531824111938477, 0.7331247329711914, 0.4032527506351471, 0.22923411428928375, 0.1640482395887375, 0.12857083976268768, 0.10427989065647125, 0.08961128443479538, 0.07590702921152115, 0.06370032578706741, 0.056353889405727386, 0.05215444043278694, 0.0474952831864357, 0.043318070471286774, 0.03787613287568092, 0.034679073840379715, 0.03457747772336006, 0.03396964073181152]
Training time: 1805 	steps per sec: 10
Eval num_timesteps=18432, episode_reward=nan +/- nan
Eval num_timesteps=18432, episode_success=nan +/- nan
se
16 16384 1024
diff [1.1936476230621338, -0.08213162422180176, 0.014239490032196045, -0.043975815176963806, -0.0350499153137207, -0.01978123188018799, -0.023343801498413086, -0.023373037576675415, -0.007377400994300842, -0.017138995230197906, -0.015060439705848694, -0.010649476200342178, -0.008537407964468002, -0.007865458726882935, -0.008958138525485992, -0.008349217474460602, -0.00934295728802681, -0.011080991476774216, -0.009257003664970398]
ref [2.059534788131714, 0.8152563571929932, 0.38901326060295105, 0.27320992946624756, 0.1990981549024582, 0.14835207164287567, 0.12762369215488434, 0.1129843220114708, 0.08328443020582199, 0.08083932101726532, 0.07141432911157608, 0.06280391663312912, 0.0560326911509037, 0.05118352919816971, 0.046834271401166916, 0.04302829131484032, 0.04392043501138687, 0.04505063220858574, 0.04352756217122078]
[3.2531824111938477, 0.7331247329711914, 0.4032527506351471, 0.22923411428928375, 0.1640482395887375, 0.12857083976268768, 0.10427989065647125, 0.08961128443479538, 0.07590702921152115, 0.06370032578706741, 0.056353889405727386, 0.05215444043278694, 0.0474952831864357, 0.043318070471286774, 0.03787613287568092, 0.034679073840379715, 0.03457747772336006, 0.03396964073181152, 0.03427055850625038]
Training time: 2004 	steps per sec: 9
Eval num_timesteps=19456, episode_reward=nan +/- nan
Eval num_timesteps=19456, episode_success=nan +/- nan
se
16 16384 1024
diff [1.1936476230621338, -0.08213162422180176, 0.014239490032196045, -0.043975815176963806, -0.0350499153137207, -0.01978123188018799, -0.023343801498413086, -0.023373037576675415, -0.007377400994300842, -0.017138995230197906, -0.015060439705848694, -0.010649476200342178, -0.008537407964468002, -0.007865458726882935, -0.008958138525485992, -0.008349217474460602, -0.00934295728802681, -0.011080991476774216, -0.009257003664970398, -0.011210840195417404]
ref [2.059534788131714, 0.8152563571929932, 0.38901326060295105, 0.27320992946624756, 0.1990981549024582, 0.14835207164287567, 0.12762369215488434, 0.1129843220114708, 0.08328443020582199, 0.08083932101726532, 0.07141432911157608, 0.06280391663312912, 0.0560326911509037, 0.05118352919816971, 0.046834271401166916, 0.04302829131484032, 0.04392043501138687, 0.04505063220858574, 0.04352756217122078, 0.044959601014852524]
[3.2531824111938477, 0.7331247329711914, 0.4032527506351471, 0.22923411428928375, 0.1640482395887375, 0.12857083976268768, 0.10427989065647125, 0.08961128443479538, 0.07590702921152115, 0.06370032578706741, 0.056353889405727386, 0.05215444043278694, 0.0474952831864357, 0.043318070471286774, 0.03787613287568092, 0.034679073840379715, 0.03457747772336006, 0.03396964073181152, 0.03427055850625038, 0.03374876081943512]
Training time: 2170 	steps per sec: 9
Eval num_timesteps=20480, episode_reward=nan +/- nan
Eval num_timesteps=20480, episode_success=nan +/- nan
se
16 16384 1024
diff [1.1936476230621338, -0.08213162422180176, 0.014239490032196045, -0.043975815176963806, -0.0350499153137207, -0.01978123188018799, -0.023343801498413086, -0.023373037576675415, -0.007377400994300842, -0.017138995230197906, -0.015060439705848694, -0.010649476200342178, -0.008537407964468002, -0.007865458726882935, -0.008958138525485992, -0.008349217474460602, -0.00934295728802681, -0.011080991476774216, -0.009257003664970398, -0.011210840195417404, -0.007854454219341278]
ref [2.059534788131714, 0.8152563571929932, 0.38901326060295105, 0.27320992946624756, 0.1990981549024582, 0.14835207164287567, 0.12762369215488434, 0.1129843220114708, 0.08328443020582199, 0.08083932101726532, 0.07141432911157608, 0.06280391663312912, 0.0560326911509037, 0.05118352919816971, 0.046834271401166916, 0.04302829131484032, 0.04392043501138687, 0.04505063220858574, 0.04352756217122078, 0.044959601014852524, 0.042363688349723816]
[3.2531824111938477, 0.7331247329711914, 0.4032527506351471, 0.22923411428928375, 0.1640482395887375, 0.12857083976268768, 0.10427989065647125, 0.08961128443479538, 0.07590702921152115, 0.06370032578706741, 0.056353889405727386, 0.05215444043278694, 0.0474952831864357, 0.043318070471286774, 0.03787613287568092, 0.034679073840379715, 0.03457747772336006, 0.03396964073181152, 0.03427055850625038, 0.03374876081943512, 0.03450923413038254]
Training time: 2329 	steps per sec: 9
Eval num_timesteps=21504, episode_reward=nan +/- nan
Eval num_timesteps=21504, episode_success=nan +/- nan
se
16 16384 1024
diff [1.1936476230621338, -0.08213162422180176, 0.014239490032196045, -0.043975815176963806, -0.0350499153137207, -0.01978123188018799, -0.023343801498413086, -0.023373037576675415, -0.007377400994300842, -0.017138995230197906, -0.015060439705848694, -0.010649476200342178, -0.008537407964468002, -0.007865458726882935, -0.008958138525485992, -0.008349217474460602, -0.00934295728802681, -0.011080991476774216, -0.009257003664970398, -0.011210840195417404, -0.007854454219341278, -0.009710725396871567]
ref [2.059534788131714, 0.8152563571929932, 0.38901326060295105, 0.27320992946624756, 0.1990981549024582, 0.14835207164287567, 0.12762369215488434, 0.1129843220114708, 0.08328443020582199, 0.08083932101726532, 0.07141432911157608, 0.06280391663312912, 0.0560326911509037, 0.05118352919816971, 0.046834271401166916, 0.04302829131484032, 0.04392043501138687, 0.04505063220858574, 0.04352756217122078, 0.044959601014852524, 0.042363688349723816, 0.044460564851760864]
[3.2531824111938477, 0.7331247329711914, 0.4032527506351471, 0.22923411428928375, 0.1640482395887375, 0.12857083976268768, 0.10427989065647125, 0.08961128443479538, 0.07590702921152115, 0.06370032578706741, 0.056353889405727386, 0.05215444043278694, 0.0474952831864357, 0.043318070471286774, 0.03787613287568092, 0.034679073840379715, 0.03457747772336006, 0.03396964073181152, 0.03427055850625038, 0.03374876081943512, 0.03450923413038254, 0.0347498394548893]
Training time: 2486 	steps per sec: 9
Eval num_timesteps=22528, episode_reward=nan +/- nan
Eval num_timesteps=22528, episode_success=nan +/- nan
se
16 16384 1024
diff [1.1936476230621338, -0.08213162422180176, 0.014239490032196045, -0.043975815176963806, -0.0350499153137207, -0.01978123188018799, -0.023343801498413086, -0.023373037576675415, -0.007377400994300842, -0.017138995230197906, -0.015060439705848694, -0.010649476200342178, -0.008537407964468002, -0.007865458726882935, -0.008958138525485992, -0.008349217474460602, -0.00934295728802681, -0.011080991476774216, -0.009257003664970398, -0.011210840195417404, -0.007854454219341278, -0.009710725396871567, -0.009917143732309341]
ref [2.059534788131714, 0.8152563571929932, 0.38901326060295105, 0.27320992946624756, 0.1990981549024582, 0.14835207164287567, 0.12762369215488434, 0.1129843220114708, 0.08328443020582199, 0.08083932101726532, 0.07141432911157608, 0.06280391663312912, 0.0560326911509037, 0.05118352919816971, 0.046834271401166916, 0.04302829131484032, 0.04392043501138687, 0.04505063220858574, 0.04352756217122078, 0.044959601014852524, 0.042363688349723816, 0.044460564851760864, 0.0456630103290081]
[3.2531824111938477, 0.7331247329711914, 0.4032527506351471, 0.22923411428928375, 0.1640482395887375, 0.12857083976268768, 0.10427989065647125, 0.08961128443479538, 0.07590702921152115, 0.06370032578706741, 0.056353889405727386, 0.05215444043278694, 0.0474952831864357, 0.043318070471286774, 0.03787613287568092, 0.034679073840379715, 0.03457747772336006, 0.03396964073181152, 0.03427055850625038, 0.03374876081943512, 0.03450923413038254, 0.0347498394548893, 0.03574586659669876]
Training time: 2627 	steps per sec: 8
Eval num_timesteps=23552, episode_reward=nan +/- nan
Eval num_timesteps=23552, episode_success=nan +/- nan
se
16 16384 1024
diff [1.1936476230621338, -0.08213162422180176, 0.014239490032196045, -0.043975815176963806, -0.0350499153137207, -0.01978123188018799, -0.023343801498413086, -0.023373037576675415, -0.007377400994300842, -0.017138995230197906, -0.015060439705848694, -0.010649476200342178, -0.008537407964468002, -0.007865458726882935, -0.008958138525485992, -0.008349217474460602, -0.00934295728802681, -0.011080991476774216, -0.009257003664970398, -0.011210840195417404, -0.007854454219341278, -0.009710725396871567, -0.009917143732309341, -0.006811726838350296]
ref [2.059534788131714, 0.8152563571929932, 0.38901326060295105, 0.27320992946624756, 0.1990981549024582, 0.14835207164287567, 0.12762369215488434, 0.1129843220114708, 0.08328443020582199, 0.08083932101726532, 0.07141432911157608, 0.06280391663312912, 0.0560326911509037, 0.05118352919816971, 0.046834271401166916, 0.04302829131484032, 0.04392043501138687, 0.04505063220858574, 0.04352756217122078, 0.044959601014852524, 0.042363688349723816, 0.044460564851760864, 0.0456630103290081, 0.04367638751864433]
[3.2531824111938477, 0.7331247329711914, 0.4032527506351471, 0.22923411428928375, 0.1640482395887375, 0.12857083976268768, 0.10427989065647125, 0.08961128443479538, 0.07590702921152115, 0.06370032578706741, 0.056353889405727386, 0.05215444043278694, 0.0474952831864357, 0.043318070471286774, 0.03787613287568092, 0.034679073840379715, 0.03457747772336006, 0.03396964073181152, 0.03427055850625038, 0.03374876081943512, 0.03450923413038254, 0.0347498394548893, 0.03574586659669876, 0.03686466068029404]
Training time: 2769 	steps per sec: 8
Eval num_timesteps=24576, episode_reward=nan +/- nan
Eval num_timesteps=24576, episode_success=nan +/- nan
se
16 16384 1024
diff [1.1936476230621338, -0.08213162422180176, 0.014239490032196045, -0.043975815176963806, -0.0350499153137207, -0.01978123188018799, -0.023343801498413086, -0.023373037576675415, -0.007377400994300842, -0.017138995230197906, -0.015060439705848694, -0.010649476200342178, -0.008537407964468002, -0.007865458726882935, -0.008958138525485992, -0.008349217474460602, -0.00934295728802681, -0.011080991476774216, -0.009257003664970398, -0.011210840195417404, -0.007854454219341278, -0.009710725396871567, -0.009917143732309341, -0.006811726838350296, -0.004242800176143646]
ref [2.059534788131714, 0.8152563571929932, 0.38901326060295105, 0.27320992946624756, 0.1990981549024582, 0.14835207164287567, 0.12762369215488434, 0.1129843220114708, 0.08328443020582199, 0.08083932101726532, 0.07141432911157608, 0.06280391663312912, 0.0560326911509037, 0.05118352919816971, 0.046834271401166916, 0.04302829131484032, 0.04392043501138687, 0.04505063220858574, 0.04352756217122078, 0.044959601014852524, 0.042363688349723816, 0.044460564851760864, 0.0456630103290081, 0.04367638751864433, 0.04243189096450806]
[3.2531824111938477, 0.7331247329711914, 0.4032527506351471, 0.22923411428928375, 0.1640482395887375, 0.12857083976268768, 0.10427989065647125, 0.08961128443479538, 0.07590702921152115, 0.06370032578706741, 0.056353889405727386, 0.05215444043278694, 0.0474952831864357, 0.043318070471286774, 0.03787613287568092, 0.034679073840379715, 0.03457747772336006, 0.03396964073181152, 0.03427055850625038, 0.03374876081943512, 0.03450923413038254, 0.0347498394548893, 0.03574586659669876, 0.03686466068029404, 0.03818909078836441]
Training time: 2913 	steps per sec: 8
Eval num_timesteps=25600, episode_reward=nan +/- nan
Eval num_timesteps=25600, episode_success=nan +/- nan
se
16 16384 1024
diff [1.1936476230621338, -0.08213162422180176, 0.014239490032196045, -0.043975815176963806, -0.0350499153137207, -0.01978123188018799, -0.023343801498413086, -0.023373037576675415, -0.007377400994300842, -0.017138995230197906, -0.015060439705848694, -0.010649476200342178, -0.008537407964468002, -0.007865458726882935, -0.008958138525485992, -0.008349217474460602, -0.00934295728802681, -0.011080991476774216, -0.009257003664970398, -0.011210840195417404, -0.007854454219341278, -0.009710725396871567, -0.009917143732309341, -0.006811726838350296, -0.004242800176143646, -0.010377615690231323]
ref [2.059534788131714, 0.8152563571929932, 0.38901326060295105, 0.27320992946624756, 0.1990981549024582, 0.14835207164287567, 0.12762369215488434, 0.1129843220114708, 0.08328443020582199, 0.08083932101726532, 0.07141432911157608, 0.06280391663312912, 0.0560326911509037, 0.05118352919816971, 0.046834271401166916, 0.04302829131484032, 0.04392043501138687, 0.04505063220858574, 0.04352756217122078, 0.044959601014852524, 0.042363688349723816, 0.044460564851760864, 0.0456630103290081, 0.04367638751864433, 0.04243189096450806, 0.0472295768558979]
[3.2531824111938477, 0.7331247329711914, 0.4032527506351471, 0.22923411428928375, 0.1640482395887375, 0.12857083976268768, 0.10427989065647125, 0.08961128443479538, 0.07590702921152115, 0.06370032578706741, 0.056353889405727386, 0.05215444043278694, 0.0474952831864357, 0.043318070471286774, 0.03787613287568092, 0.034679073840379715, 0.03457747772336006, 0.03396964073181152, 0.03427055850625038, 0.03374876081943512, 0.03450923413038254, 0.0347498394548893, 0.03574586659669876, 0.03686466068029404, 0.03818909078836441, 0.03685196116566658]
Training time: 3088 	steps per sec: 8
Eval num_timesteps=26624, episode_reward=nan +/- nan
Eval num_timesteps=26624, episode_success=nan +/- nan
se
16 16384 1024
diff [1.1936476230621338, -0.08213162422180176, 0.014239490032196045, -0.043975815176963806, -0.0350499153137207, -0.01978123188018799, -0.023343801498413086, -0.023373037576675415, -0.007377400994300842, -0.017138995230197906, -0.015060439705848694, -0.010649476200342178, -0.008537407964468002, -0.007865458726882935, -0.008958138525485992, -0.008349217474460602, -0.00934295728802681, -0.011080991476774216, -0.009257003664970398, -0.011210840195417404, -0.007854454219341278, -0.009710725396871567, -0.009917143732309341, -0.006811726838350296, -0.004242800176143646, -0.010377615690231323, -0.008680742233991623]
ref [2.059534788131714, 0.8152563571929932, 0.38901326060295105, 0.27320992946624756, 0.1990981549024582, 0.14835207164287567, 0.12762369215488434, 0.1129843220114708, 0.08328443020582199, 0.08083932101726532, 0.07141432911157608, 0.06280391663312912, 0.0560326911509037, 0.05118352919816971, 0.046834271401166916, 0.04302829131484032, 0.04392043501138687, 0.04505063220858574, 0.04352756217122078, 0.044959601014852524, 0.042363688349723816, 0.044460564851760864, 0.0456630103290081, 0.04367638751864433, 0.04243189096450806, 0.0472295768558979, 0.04650356248021126]
[3.2531824111938477, 0.7331247329711914, 0.4032527506351471, 0.22923411428928375, 0.1640482395887375, 0.12857083976268768, 0.10427989065647125, 0.08961128443479538, 0.07590702921152115, 0.06370032578706741, 0.056353889405727386, 0.05215444043278694, 0.0474952831864357, 0.043318070471286774, 0.03787613287568092, 0.034679073840379715, 0.03457747772336006, 0.03396964073181152, 0.03427055850625038, 0.03374876081943512, 0.03450923413038254, 0.0347498394548893, 0.03574586659669876, 0.03686466068029404, 0.03818909078836441, 0.03685196116566658, 0.037822820246219635]
Training time: 3258 	steps per sec: 8
Eval num_timesteps=27648, episode_reward=nan +/- nan
Eval num_timesteps=27648, episode_success=nan +/- nan
se
16 16384 1024
diff [1.1936476230621338, -0.08213162422180176, 0.014239490032196045, -0.043975815176963806, -0.0350499153137207, -0.01978123188018799, -0.023343801498413086, -0.023373037576675415, -0.007377400994300842, -0.017138995230197906, -0.015060439705848694, -0.010649476200342178, -0.008537407964468002, -0.007865458726882935, -0.008958138525485992, -0.008349217474460602, -0.00934295728802681, -0.011080991476774216, -0.009257003664970398, -0.011210840195417404, -0.007854454219341278, -0.009710725396871567, -0.009917143732309341, -0.006811726838350296, -0.004242800176143646, -0.010377615690231323, -0.008680742233991623, -0.004068851470947266]
ref [2.059534788131714, 0.8152563571929932, 0.38901326060295105, 0.27320992946624756, 0.1990981549024582, 0.14835207164287567, 0.12762369215488434, 0.1129843220114708, 0.08328443020582199, 0.08083932101726532, 0.07141432911157608, 0.06280391663312912, 0.0560326911509037, 0.05118352919816971, 0.046834271401166916, 0.04302829131484032, 0.04392043501138687, 0.04505063220858574, 0.04352756217122078, 0.044959601014852524, 0.042363688349723816, 0.044460564851760864, 0.0456630103290081, 0.04367638751864433, 0.04243189096450806, 0.0472295768558979, 0.04650356248021126, 0.04415527731180191]
[3.2531824111938477, 0.7331247329711914, 0.4032527506351471, 0.22923411428928375, 0.1640482395887375, 0.12857083976268768, 0.10427989065647125, 0.08961128443479538, 0.07590702921152115, 0.06370032578706741, 0.056353889405727386, 0.05215444043278694, 0.0474952831864357, 0.043318070471286774, 0.03787613287568092, 0.034679073840379715, 0.03457747772336006, 0.03396964073181152, 0.03427055850625038, 0.03374876081943512, 0.03450923413038254, 0.0347498394548893, 0.03574586659669876, 0.03686466068029404, 0.03818909078836441, 0.03685196116566658, 0.037822820246219635, 0.040086425840854645]
Training time: 3440 	steps per sec: 8
Eval num_timesteps=28672, episode_reward=nan +/- nan
Eval num_timesteps=28672, episode_success=nan +/- nan
se
16 16384 1024
diff [1.1936476230621338, -0.08213162422180176, 0.014239490032196045, -0.043975815176963806, -0.0350499153137207, -0.01978123188018799, -0.023343801498413086, -0.023373037576675415, -0.007377400994300842, -0.017138995230197906, -0.015060439705848694, -0.010649476200342178, -0.008537407964468002, -0.007865458726882935, -0.008958138525485992, -0.008349217474460602, -0.00934295728802681, -0.011080991476774216, -0.009257003664970398, -0.011210840195417404, -0.007854454219341278, -0.009710725396871567, -0.009917143732309341, -0.006811726838350296, -0.004242800176143646, -0.010377615690231323, -0.008680742233991623, -0.004068851470947266, -0.005200736224651337]
ref [2.059534788131714, 0.8152563571929932, 0.38901326060295105, 0.27320992946624756, 0.1990981549024582, 0.14835207164287567, 0.12762369215488434, 0.1129843220114708, 0.08328443020582199, 0.08083932101726532, 0.07141432911157608, 0.06280391663312912, 0.0560326911509037, 0.05118352919816971, 0.046834271401166916, 0.04302829131484032, 0.04392043501138687, 0.04505063220858574, 0.04352756217122078, 0.044959601014852524, 0.042363688349723816, 0.044460564851760864, 0.0456630103290081, 0.04367638751864433, 0.04243189096450806, 0.0472295768558979, 0.04650356248021126, 0.04415527731180191, 0.04559895768761635]
[3.2531824111938477, 0.7331247329711914, 0.4032527506351471, 0.22923411428928375, 0.1640482395887375, 0.12857083976268768, 0.10427989065647125, 0.08961128443479538, 0.07590702921152115, 0.06370032578706741, 0.056353889405727386, 0.05215444043278694, 0.0474952831864357, 0.043318070471286774, 0.03787613287568092, 0.034679073840379715, 0.03457747772336006, 0.03396964073181152, 0.03427055850625038, 0.03374876081943512, 0.03450923413038254, 0.0347498394548893, 0.03574586659669876, 0.03686466068029404, 0.03818909078836441, 0.03685196116566658, 0.037822820246219635, 0.040086425840854645, 0.04039822146296501]
Training time: 3624 	steps per sec: 8
Eval num_timesteps=29696, episode_reward=nan +/- nan
Eval num_timesteps=29696, episode_success=nan +/- nan
se
16 16384 1024
diff [1.1936476230621338, -0.08213162422180176, 0.014239490032196045, -0.043975815176963806, -0.0350499153137207, -0.01978123188018799, -0.023343801498413086, -0.023373037576675415, -0.007377400994300842, -0.017138995230197906, -0.015060439705848694, -0.010649476200342178, -0.008537407964468002, -0.007865458726882935, -0.008958138525485992, -0.008349217474460602, -0.00934295728802681, -0.011080991476774216, -0.009257003664970398, -0.011210840195417404, -0.007854454219341278, -0.009710725396871567, -0.009917143732309341, -0.006811726838350296, -0.004242800176143646, -0.010377615690231323, -0.008680742233991623, -0.004068851470947266, -0.005200736224651337, 0.00036125630140304565]
ref [2.059534788131714, 0.8152563571929932, 0.38901326060295105, 0.27320992946624756, 0.1990981549024582, 0.14835207164287567, 0.12762369215488434, 0.1129843220114708, 0.08328443020582199, 0.08083932101726532, 0.07141432911157608, 0.06280391663312912, 0.0560326911509037, 0.05118352919816971, 0.046834271401166916, 0.04302829131484032, 0.04392043501138687, 0.04505063220858574, 0.04352756217122078, 0.044959601014852524, 0.042363688349723816, 0.044460564851760864, 0.0456630103290081, 0.04367638751864433, 0.04243189096450806, 0.0472295768558979, 0.04650356248021126, 0.04415527731180191, 0.04559895768761635, 0.04035588353872299]
[3.2531824111938477, 0.7331247329711914, 0.4032527506351471, 0.22923411428928375, 0.1640482395887375, 0.12857083976268768, 0.10427989065647125, 0.08961128443479538, 0.07590702921152115, 0.06370032578706741, 0.056353889405727386, 0.05215444043278694, 0.0474952831864357, 0.043318070471286774, 0.03787613287568092, 0.034679073840379715, 0.03457747772336006, 0.03396964073181152, 0.03427055850625038, 0.03374876081943512, 0.03450923413038254, 0.0347498394548893, 0.03574586659669876, 0.03686466068029404, 0.03818909078836441, 0.03685196116566658, 0.037822820246219635, 0.040086425840854645, 0.04039822146296501, 0.04071713984012604]
Training time: 3819 	steps per sec: 8
Eval num_timesteps=30720, episode_reward=nan +/- nan
Eval num_timesteps=30720, episode_success=nan +/- nan
se
16 16384 1024
diff [1.1936476230621338, -0.08213162422180176, 0.014239490032196045, -0.043975815176963806, -0.0350499153137207, -0.01978123188018799, -0.023343801498413086, -0.023373037576675415, -0.007377400994300842, -0.017138995230197906, -0.015060439705848694, -0.010649476200342178, -0.008537407964468002, -0.007865458726882935, -0.008958138525485992, -0.008349217474460602, -0.00934295728802681, -0.011080991476774216, -0.009257003664970398, -0.011210840195417404, -0.007854454219341278, -0.009710725396871567, -0.009917143732309341, -0.006811726838350296, -0.004242800176143646, -0.010377615690231323, -0.008680742233991623, -0.004068851470947266, -0.005200736224651337, 0.00036125630140304565, -0.005936276167631149]
ref [2.059534788131714, 0.8152563571929932, 0.38901326060295105, 0.27320992946624756, 0.1990981549024582, 0.14835207164287567, 0.12762369215488434, 0.1129843220114708, 0.08328443020582199, 0.08083932101726532, 0.07141432911157608, 0.06280391663312912, 0.0560326911509037, 0.05118352919816971, 0.046834271401166916, 0.04302829131484032, 0.04392043501138687, 0.04505063220858574, 0.04352756217122078, 0.044959601014852524, 0.042363688349723816, 0.044460564851760864, 0.0456630103290081, 0.04367638751864433, 0.04243189096450806, 0.0472295768558979, 0.04650356248021126, 0.04415527731180191, 0.04559895768761635, 0.04035588353872299, 0.04712400957942009]
[3.2531824111938477, 0.7331247329711914, 0.4032527506351471, 0.22923411428928375, 0.1640482395887375, 0.12857083976268768, 0.10427989065647125, 0.08961128443479538, 0.07590702921152115, 0.06370032578706741, 0.056353889405727386, 0.05215444043278694, 0.0474952831864357, 0.043318070471286774, 0.03787613287568092, 0.034679073840379715, 0.03457747772336006, 0.03396964073181152, 0.03427055850625038, 0.03374876081943512, 0.03450923413038254, 0.0347498394548893, 0.03574586659669876, 0.03686466068029404, 0.03818909078836441, 0.03685196116566658, 0.037822820246219635, 0.040086425840854645, 0.04039822146296501, 0.04071713984012604, 0.04118773341178894]
Training time: 3987 	steps per sec: 7
Eval num_timesteps=31744, episode_reward=nan +/- nan
Eval num_timesteps=31744, episode_success=nan +/- nan
se
16 16384 1024
diff [1.1936476230621338, -0.08213162422180176, 0.014239490032196045, -0.043975815176963806, -0.0350499153137207, -0.01978123188018799, -0.023343801498413086, -0.023373037576675415, -0.007377400994300842, -0.017138995230197906, -0.015060439705848694, -0.010649476200342178, -0.008537407964468002, -0.007865458726882935, -0.008958138525485992, -0.008349217474460602, -0.00934295728802681, -0.011080991476774216, -0.009257003664970398, -0.011210840195417404, -0.007854454219341278, -0.009710725396871567, -0.009917143732309341, -0.006811726838350296, -0.004242800176143646, -0.010377615690231323, -0.008680742233991623, -0.004068851470947266, -0.005200736224651337, 0.00036125630140304565, -0.005936276167631149, -0.0032559558749198914]
ref [2.059534788131714, 0.8152563571929932, 0.38901326060295105, 0.27320992946624756, 0.1990981549024582, 0.14835207164287567, 0.12762369215488434, 0.1129843220114708, 0.08328443020582199, 0.08083932101726532, 0.07141432911157608, 0.06280391663312912, 0.0560326911509037, 0.05118352919816971, 0.046834271401166916, 0.04302829131484032, 0.04392043501138687, 0.04505063220858574, 0.04352756217122078, 0.044959601014852524, 0.042363688349723816, 0.044460564851760864, 0.0456630103290081, 0.04367638751864433, 0.04243189096450806, 0.0472295768558979, 0.04650356248021126, 0.04415527731180191, 0.04559895768761635, 0.04035588353872299, 0.04712400957942009, 0.04243796691298485]
[3.2531824111938477, 0.7331247329711914, 0.4032527506351471, 0.22923411428928375, 0.1640482395887375, 0.12857083976268768, 0.10427989065647125, 0.08961128443479538, 0.07590702921152115, 0.06370032578706741, 0.056353889405727386, 0.05215444043278694, 0.0474952831864357, 0.043318070471286774, 0.03787613287568092, 0.034679073840379715, 0.03457747772336006, 0.03396964073181152, 0.03427055850625038, 0.03374876081943512, 0.03450923413038254, 0.0347498394548893, 0.03574586659669876, 0.03686466068029404, 0.03818909078836441, 0.03685196116566658, 0.037822820246219635, 0.040086425840854645, 0.04039822146296501, 0.04071713984012604, 0.04118773341178894, 0.03918201103806496]
Training time: 4143 	steps per sec: 7
Eval num_timesteps=32768, episode_reward=nan +/- nan
Eval num_timesteps=32768, episode_success=nan +/- nan
results/Humanoid-v4/
results/Humanoid-v4/ppo_ros/
results/Humanoid-v4/ppo_ros/expert/
results/Humanoid-v4/ppo_ros/expert/b_16/
results/Humanoid-v4/ppo_ros/expert/b_16/no_lambda/
results/Humanoid-v4/ppo_ros/expert/b_16/no_lambda/run_0/
results/Humanoid-v4/ppo_ros/expert/b_16/no_lambda/run_0/config.yml
results/Humanoid-v4/ppo_ros/expert/b_16/no_lambda/run_0/evaluations.npz
results/Humanoid-v4/ppo_ros/expert/b_16/no_lambda/run_0/stats.npz
