ppo_ros_continuous.py --env-id Swimmer-v4 -s expert/b_16/no_clip_lambda --total-timesteps 32768 --eval-freq 1 --eval-episodes 0 -b 16 --num-steps 1024 -lr 0 --update-epochs 0 --anneal-lr 0 --ros-num-steps 256 --ros-update-epochs 16 --ros-target-kl 0.05 --ros-clip-coef 999999999 --ros-lambda 0 -ros-lr 0.0001 --ros-anneal-lr 0 --se 1 --se-freq 1 --se-lr 1e-3 --se-epochs 1000 --policy-path policies/Swimmer-v4/best_model.zip --normalization-dir policies/Swimmer-v4
Obtaining file:///var/lib/condor/execute/slot1/dir_3553559/PPOROS/PPOROS/custom-envs
  Preparing metadata (setup.py): started
  Preparing metadata (setup.py): finished with status 'done'
Requirement already satisfied: gym in /var/lib/condor/execute/slot1/dir_3553559/PPOROS/ppo-ros_env/lib/python3.9/site-packages (from custom-envs==0.0.1) (0.21.0)
Requirement already satisfied: cloudpickle>=1.2.0 in /var/lib/condor/execute/slot1/dir_3553559/PPOROS/ppo-ros_env/lib/python3.9/site-packages (from gym->custom-envs==0.0.1) (2.2.1)
Requirement already satisfied: numpy>=1.18.0 in /var/lib/condor/execute/slot1/dir_3553559/PPOROS/ppo-ros_env/lib/python3.9/site-packages (from gym->custom-envs==0.0.1) (1.24.2)
Installing collected packages: custom-envs
  Running setup.py develop for custom-envs
Successfully installed custom-envs-0.0.1
seed: 2
Eval num_timesteps=0, episode_reward=nan +/- nan
Eval num_timesteps=0, episode_success=nan +/- nan
se
1 1024 1024
diff [0.09821383655071259]
ref [0.1574801355600357]
[0.2556939721107483]
Training time: 11 	steps per sec: 85
Eval num_timesteps=1024, episode_reward=nan +/- nan
Eval num_timesteps=1024, episode_success=nan +/- nan
se
2 2048 1024
diff [0.09821383655071259, 0.01142112910747528]
ref [0.1574801355600357, 0.049994029104709625]
[0.2556939721107483, 0.061415158212184906]
Training time: 28 	steps per sec: 71
Eval num_timesteps=2048, episode_reward=nan +/- nan
Eval num_timesteps=2048, episode_success=nan +/- nan
se
3 3072 1024
diff [0.09821383655071259, 0.01142112910747528, 0.021037498489022255]
ref [0.1574801355600357, 0.049994029104709625, 0.025750214233994484]
[0.2556939721107483, 0.061415158212184906, 0.04678771272301674]
Training time: 52 	steps per sec: 58
Eval num_timesteps=3072, episode_reward=nan +/- nan
Eval num_timesteps=3072, episode_success=nan +/- nan
se
4 4096 1024
diff [0.09821383655071259, 0.01142112910747528, 0.021037498489022255, -0.006151076406240463]
ref [0.1574801355600357, 0.049994029104709625, 0.025750214233994484, 0.031502317637205124]
[0.2556939721107483, 0.061415158212184906, 0.04678771272301674, 0.02535124123096466]
Training time: 82 	steps per sec: 49
Eval num_timesteps=4096, episode_reward=nan +/- nan
Eval num_timesteps=4096, episode_success=nan +/- nan
se
5 5120 1024
diff [0.09821383655071259, 0.01142112910747528, 0.021037498489022255, -0.006151076406240463, -0.0021627917885780334]
ref [0.1574801355600357, 0.049994029104709625, 0.025750214233994484, 0.031502317637205124, 0.020585063844919205]
[0.2556939721107483, 0.061415158212184906, 0.04678771272301674, 0.02535124123096466, 0.01842227205634117]
Training time: 112 	steps per sec: 45
Eval num_timesteps=5120, episode_reward=nan +/- nan
Eval num_timesteps=5120, episode_success=nan +/- nan
se
6 6144 1024
diff [0.09821383655071259, 0.01142112910747528, 0.021037498489022255, -0.006151076406240463, -0.0021627917885780334, -0.0018187463283538818]
ref [0.1574801355600357, 0.049994029104709625, 0.025750214233994484, 0.031502317637205124, 0.020585063844919205, 0.017512746155261993]
[0.2556939721107483, 0.061415158212184906, 0.04678771272301674, 0.02535124123096466, 0.01842227205634117, 0.01569399982690811]
Training time: 142 	steps per sec: 43
Eval num_timesteps=6144, episode_reward=nan +/- nan
Eval num_timesteps=6144, episode_success=nan +/- nan
se
7 7168 1024
diff [0.09821383655071259, 0.01142112910747528, 0.021037498489022255, -0.006151076406240463, -0.0021627917885780334, -0.0018187463283538818, 0.0004498809576034546]
ref [0.1574801355600357, 0.049994029104709625, 0.025750214233994484, 0.031502317637205124, 0.020585063844919205, 0.017512746155261993, 0.013092207722365856]
[0.2556939721107483, 0.061415158212184906, 0.04678771272301674, 0.02535124123096466, 0.01842227205634117, 0.01569399982690811, 0.01354208867996931]
Training time: 178 	steps per sec: 40
Eval num_timesteps=7168, episode_reward=nan +/- nan
Eval num_timesteps=7168, episode_success=nan +/- nan
se
8 8192 1024
diff [0.09821383655071259, 0.01142112910747528, 0.021037498489022255, -0.006151076406240463, -0.0021627917885780334, -0.0018187463283538818, 0.0004498809576034546, -0.000757511705160141]
ref [0.1574801355600357, 0.049994029104709625, 0.025750214233994484, 0.031502317637205124, 0.020585063844919205, 0.017512746155261993, 0.013092207722365856, 0.011154009960591793]
[0.2556939721107483, 0.061415158212184906, 0.04678771272301674, 0.02535124123096466, 0.01842227205634117, 0.01569399982690811, 0.01354208867996931, 0.010396498255431652]
Training time: 220 	steps per sec: 37
Eval num_timesteps=8192, episode_reward=nan +/- nan
Eval num_timesteps=8192, episode_success=nan +/- nan
se
9 9216 1024
diff [0.09821383655071259, 0.01142112910747528, 0.021037498489022255, -0.006151076406240463, -0.0021627917885780334, -0.0018187463283538818, 0.0004498809576034546, -0.000757511705160141, -0.0022866930812597275]
ref [0.1574801355600357, 0.049994029104709625, 0.025750214233994484, 0.031502317637205124, 0.020585063844919205, 0.017512746155261993, 0.013092207722365856, 0.011154009960591793, 0.011614108458161354]
[0.2556939721107483, 0.061415158212184906, 0.04678771272301674, 0.02535124123096466, 0.01842227205634117, 0.01569399982690811, 0.01354208867996931, 0.010396498255431652, 0.009327415376901627]
Training time: 266 	steps per sec: 34
Eval num_timesteps=9216, episode_reward=nan +/- nan
Eval num_timesteps=9216, episode_success=nan +/- nan
se
10 10240 1024
diff [0.09821383655071259, 0.01142112910747528, 0.021037498489022255, -0.006151076406240463, -0.0021627917885780334, -0.0018187463283538818, 0.0004498809576034546, -0.000757511705160141, -0.0022866930812597275, -2.2669322788715363e-05]
ref [0.1574801355600357, 0.049994029104709625, 0.025750214233994484, 0.031502317637205124, 0.020585063844919205, 0.017512746155261993, 0.013092207722365856, 0.011154009960591793, 0.011614108458161354, 0.007448622025549412]
[0.2556939721107483, 0.061415158212184906, 0.04678771272301674, 0.02535124123096466, 0.01842227205634117, 0.01569399982690811, 0.01354208867996931, 0.010396498255431652, 0.009327415376901627, 0.007425952702760696]
Training time: 317 	steps per sec: 32
Eval num_timesteps=10240, episode_reward=nan +/- nan
Eval num_timesteps=10240, episode_success=nan +/- nan
se
11 11264 1024
diff [0.09821383655071259, 0.01142112910747528, 0.021037498489022255, -0.006151076406240463, -0.0021627917885780334, -0.0018187463283538818, 0.0004498809576034546, -0.000757511705160141, -0.0022866930812597275, -2.2669322788715363e-05, -0.0007724701426923275]
ref [0.1574801355600357, 0.049994029104709625, 0.025750214233994484, 0.031502317637205124, 0.020585063844919205, 0.017512746155261993, 0.013092207722365856, 0.011154009960591793, 0.011614108458161354, 0.007448622025549412, 0.007474610581994057]
[0.2556939721107483, 0.061415158212184906, 0.04678771272301674, 0.02535124123096466, 0.01842227205634117, 0.01569399982690811, 0.01354208867996931, 0.010396498255431652, 0.009327415376901627, 0.007425952702760696, 0.006702140439301729]
Training time: 371 	steps per sec: 30
Eval num_timesteps=11264, episode_reward=nan +/- nan
Eval num_timesteps=11264, episode_success=nan +/- nan
se
12 12288 1024
diff [0.09821383655071259, 0.01142112910747528, 0.021037498489022255, -0.006151076406240463, -0.0021627917885780334, -0.0018187463283538818, 0.0004498809576034546, -0.000757511705160141, -0.0022866930812597275, -2.2669322788715363e-05, -0.0007724701426923275, -0.0029338616877794266]
ref [0.1574801355600357, 0.049994029104709625, 0.025750214233994484, 0.031502317637205124, 0.020585063844919205, 0.017512746155261993, 0.013092207722365856, 0.011154009960591793, 0.011614108458161354, 0.007448622025549412, 0.007474610581994057, 0.009683199226856232]
[0.2556939721107483, 0.061415158212184906, 0.04678771272301674, 0.02535124123096466, 0.01842227205634117, 0.01569399982690811, 0.01354208867996931, 0.010396498255431652, 0.009327415376901627, 0.007425952702760696, 0.006702140439301729, 0.006749337539076805]
Training time: 429 	steps per sec: 28
Eval num_timesteps=12288, episode_reward=nan +/- nan
Eval num_timesteps=12288, episode_success=nan +/- nan
se
13 13312 1024
diff [0.09821383655071259, 0.01142112910747528, 0.021037498489022255, -0.006151076406240463, -0.0021627917885780334, -0.0018187463283538818, 0.0004498809576034546, -0.000757511705160141, -0.0022866930812597275, -2.2669322788715363e-05, -0.0007724701426923275, -0.0029338616877794266, -0.00018628081306815147]
ref [0.1574801355600357, 0.049994029104709625, 0.025750214233994484, 0.031502317637205124, 0.020585063844919205, 0.017512746155261993, 0.013092207722365856, 0.011154009960591793, 0.011614108458161354, 0.007448622025549412, 0.007474610581994057, 0.009683199226856232, 0.006368706002831459]
[0.2556939721107483, 0.061415158212184906, 0.04678771272301674, 0.02535124123096466, 0.01842227205634117, 0.01569399982690811, 0.01354208867996931, 0.010396498255431652, 0.009327415376901627, 0.007425952702760696, 0.006702140439301729, 0.006749337539076805, 0.006182425189763308]
Training time: 507 	steps per sec: 26
Eval num_timesteps=13312, episode_reward=nan +/- nan
Eval num_timesteps=13312, episode_success=nan +/- nan
se
14 14336 1024
diff [0.09821383655071259, 0.01142112910747528, 0.021037498489022255, -0.006151076406240463, -0.0021627917885780334, -0.0018187463283538818, 0.0004498809576034546, -0.000757511705160141, -0.0022866930812597275, -2.2669322788715363e-05, -0.0007724701426923275, -0.0029338616877794266, -0.00018628081306815147, 0.00030359625816345215]
ref [0.1574801355600357, 0.049994029104709625, 0.025750214233994484, 0.031502317637205124, 0.020585063844919205, 0.017512746155261993, 0.013092207722365856, 0.011154009960591793, 0.011614108458161354, 0.007448622025549412, 0.007474610581994057, 0.009683199226856232, 0.006368706002831459, 0.00587517861276865]
[0.2556939721107483, 0.061415158212184906, 0.04678771272301674, 0.02535124123096466, 0.01842227205634117, 0.01569399982690811, 0.01354208867996931, 0.010396498255431652, 0.009327415376901627, 0.007425952702760696, 0.006702140439301729, 0.006749337539076805, 0.006182425189763308, 0.006178774870932102]
Training time: 597 	steps per sec: 23
Eval num_timesteps=14336, episode_reward=nan +/- nan
Eval num_timesteps=14336, episode_success=nan +/- nan
se
15 15360 1024
diff [0.09821383655071259, 0.01142112910747528, 0.021037498489022255, -0.006151076406240463, -0.0021627917885780334, -0.0018187463283538818, 0.0004498809576034546, -0.000757511705160141, -0.0022866930812597275, -2.2669322788715363e-05, -0.0007724701426923275, -0.0029338616877794266, -0.00018628081306815147, 0.00030359625816345215, -0.0009098700247704983]
ref [0.1574801355600357, 0.049994029104709625, 0.025750214233994484, 0.031502317637205124, 0.020585063844919205, 0.017512746155261993, 0.013092207722365856, 0.011154009960591793, 0.011614108458161354, 0.007448622025549412, 0.007474610581994057, 0.009683199226856232, 0.006368706002831459, 0.00587517861276865, 0.006096165161579847]
[0.2556939721107483, 0.061415158212184906, 0.04678771272301674, 0.02535124123096466, 0.01842227205634117, 0.01569399982690811, 0.01354208867996931, 0.010396498255431652, 0.009327415376901627, 0.007425952702760696, 0.006702140439301729, 0.006749337539076805, 0.006182425189763308, 0.006178774870932102, 0.005186295136809349]
Training time: 695 	steps per sec: 22
Eval num_timesteps=15360, episode_reward=nan +/- nan
Eval num_timesteps=15360, episode_success=nan +/- nan
se
16 16384 1024
diff [0.09821383655071259, 0.01142112910747528, 0.021037498489022255, -0.006151076406240463, -0.0021627917885780334, -0.0018187463283538818, 0.0004498809576034546, -0.000757511705160141, -0.0022866930812597275, -2.2669322788715363e-05, -0.0007724701426923275, -0.0029338616877794266, -0.00018628081306815147, 0.00030359625816345215, -0.0009098700247704983, -0.0014495677314698696]
ref [0.1574801355600357, 0.049994029104709625, 0.025750214233994484, 0.031502317637205124, 0.020585063844919205, 0.017512746155261993, 0.013092207722365856, 0.011154009960591793, 0.011614108458161354, 0.007448622025549412, 0.007474610581994057, 0.009683199226856232, 0.006368706002831459, 0.00587517861276865, 0.006096165161579847, 0.006730949971824884]
[0.2556939721107483, 0.061415158212184906, 0.04678771272301674, 0.02535124123096466, 0.01842227205634117, 0.01569399982690811, 0.01354208867996931, 0.010396498255431652, 0.009327415376901627, 0.007425952702760696, 0.006702140439301729, 0.006749337539076805, 0.006182425189763308, 0.006178774870932102, 0.005186295136809349, 0.005281382240355015]
Training time: 798 	steps per sec: 20
Eval num_timesteps=16384, episode_reward=nan +/- nan
Eval num_timesteps=16384, episode_success=nan +/- nan
se
16 16384 1024
diff [0.09821383655071259, 0.01142112910747528, 0.021037498489022255, -0.006151076406240463, -0.0021627917885780334, -0.0018187463283538818, 0.0004498809576034546, -0.000757511705160141, -0.0022866930812597275, -2.2669322788715363e-05, -0.0007724701426923275, -0.0029338616877794266, -0.00018628081306815147, 0.00030359625816345215, -0.0009098700247704983, -0.0014495677314698696, 0.00030532991513609886]
ref [0.1574801355600357, 0.049994029104709625, 0.025750214233994484, 0.031502317637205124, 0.020585063844919205, 0.017512746155261993, 0.013092207722365856, 0.011154009960591793, 0.011614108458161354, 0.007448622025549412, 0.007474610581994057, 0.009683199226856232, 0.006368706002831459, 0.00587517861276865, 0.006096165161579847, 0.006730949971824884, 0.005506803281605244]
[0.2556939721107483, 0.061415158212184906, 0.04678771272301674, 0.02535124123096466, 0.01842227205634117, 0.01569399982690811, 0.01354208867996931, 0.010396498255431652, 0.009327415376901627, 0.007425952702760696, 0.006702140439301729, 0.006749337539076805, 0.006182425189763308, 0.006178774870932102, 0.005186295136809349, 0.005281382240355015, 0.0058121331967413425]
Training time: 883 	steps per sec: 19
Eval num_timesteps=17408, episode_reward=nan +/- nan
Eval num_timesteps=17408, episode_success=nan +/- nan
se
16 16384 1024
diff [0.09821383655071259, 0.01142112910747528, 0.021037498489022255, -0.006151076406240463, -0.0021627917885780334, -0.0018187463283538818, 0.0004498809576034546, -0.000757511705160141, -0.0022866930812597275, -2.2669322788715363e-05, -0.0007724701426923275, -0.0029338616877794266, -0.00018628081306815147, 0.00030359625816345215, -0.0009098700247704983, -0.0014495677314698696, 0.00030532991513609886, -0.00020478945225477219]
ref [0.1574801355600357, 0.049994029104709625, 0.025750214233994484, 0.031502317637205124, 0.020585063844919205, 0.017512746155261993, 0.013092207722365856, 0.011154009960591793, 0.011614108458161354, 0.007448622025549412, 0.007474610581994057, 0.009683199226856232, 0.006368706002831459, 0.00587517861276865, 0.006096165161579847, 0.006730949971824884, 0.005506803281605244, 0.005506852641701698]
[0.2556939721107483, 0.061415158212184906, 0.04678771272301674, 0.02535124123096466, 0.01842227205634117, 0.01569399982690811, 0.01354208867996931, 0.010396498255431652, 0.009327415376901627, 0.007425952702760696, 0.006702140439301729, 0.006749337539076805, 0.006182425189763308, 0.006178774870932102, 0.005186295136809349, 0.005281382240355015, 0.0058121331967413425, 0.005302063189446926]
Training time: 989 	steps per sec: 18
Eval num_timesteps=18432, episode_reward=nan +/- nan
Eval num_timesteps=18432, episode_success=nan +/- nan
se
16 16384 1024
diff [0.09821383655071259, 0.01142112910747528, 0.021037498489022255, -0.006151076406240463, -0.0021627917885780334, -0.0018187463283538818, 0.0004498809576034546, -0.000757511705160141, -0.0022866930812597275, -2.2669322788715363e-05, -0.0007724701426923275, -0.0029338616877794266, -0.00018628081306815147, 0.00030359625816345215, -0.0009098700247704983, -0.0014495677314698696, 0.00030532991513609886, -0.00020478945225477219, 0.0002556988038122654]
ref [0.1574801355600357, 0.049994029104709625, 0.025750214233994484, 0.031502317637205124, 0.020585063844919205, 0.017512746155261993, 0.013092207722365856, 0.011154009960591793, 0.011614108458161354, 0.007448622025549412, 0.007474610581994057, 0.009683199226856232, 0.006368706002831459, 0.00587517861276865, 0.006096165161579847, 0.006730949971824884, 0.005506803281605244, 0.005506852641701698, 0.004132954403758049]
[0.2556939721107483, 0.061415158212184906, 0.04678771272301674, 0.02535124123096466, 0.01842227205634117, 0.01569399982690811, 0.01354208867996931, 0.010396498255431652, 0.009327415376901627, 0.007425952702760696, 0.006702140439301729, 0.006749337539076805, 0.006182425189763308, 0.006178774870932102, 0.005186295136809349, 0.005281382240355015, 0.0058121331967413425, 0.005302063189446926, 0.004388653207570314]
Training time: 1100 	steps per sec: 17
Eval num_timesteps=19456, episode_reward=nan +/- nan
Eval num_timesteps=19456, episode_success=nan +/- nan
se
16 16384 1024
diff [0.09821383655071259, 0.01142112910747528, 0.021037498489022255, -0.006151076406240463, -0.0021627917885780334, -0.0018187463283538818, 0.0004498809576034546, -0.000757511705160141, -0.0022866930812597275, -2.2669322788715363e-05, -0.0007724701426923275, -0.0029338616877794266, -0.00018628081306815147, 0.00030359625816345215, -0.0009098700247704983, -0.0014495677314698696, 0.00030532991513609886, -0.00020478945225477219, 0.0002556988038122654, 0.002310402225703001]
ref [0.1574801355600357, 0.049994029104709625, 0.025750214233994484, 0.031502317637205124, 0.020585063844919205, 0.017512746155261993, 0.013092207722365856, 0.011154009960591793, 0.011614108458161354, 0.007448622025549412, 0.007474610581994057, 0.009683199226856232, 0.006368706002831459, 0.00587517861276865, 0.006096165161579847, 0.006730949971824884, 0.005506803281605244, 0.005506852641701698, 0.004132954403758049, 0.005776846315711737]
[0.2556939721107483, 0.061415158212184906, 0.04678771272301674, 0.02535124123096466, 0.01842227205634117, 0.01569399982690811, 0.01354208867996931, 0.010396498255431652, 0.009327415376901627, 0.007425952702760696, 0.006702140439301729, 0.006749337539076805, 0.006182425189763308, 0.006178774870932102, 0.005186295136809349, 0.005281382240355015, 0.0058121331967413425, 0.005302063189446926, 0.004388653207570314, 0.008087248541414738]
Training time: 1212 	steps per sec: 16
Eval num_timesteps=20480, episode_reward=nan +/- nan
Eval num_timesteps=20480, episode_success=nan +/- nan
se
16 16384 1024
diff [0.09821383655071259, 0.01142112910747528, 0.021037498489022255, -0.006151076406240463, -0.0021627917885780334, -0.0018187463283538818, 0.0004498809576034546, -0.000757511705160141, -0.0022866930812597275, -2.2669322788715363e-05, -0.0007724701426923275, -0.0029338616877794266, -0.00018628081306815147, 0.00030359625816345215, -0.0009098700247704983, -0.0014495677314698696, 0.00030532991513609886, -0.00020478945225477219, 0.0002556988038122654, 0.002310402225703001, 0.0020371954888105392]
ref [0.1574801355600357, 0.049994029104709625, 0.025750214233994484, 0.031502317637205124, 0.020585063844919205, 0.017512746155261993, 0.013092207722365856, 0.011154009960591793, 0.011614108458161354, 0.007448622025549412, 0.007474610581994057, 0.009683199226856232, 0.006368706002831459, 0.00587517861276865, 0.006096165161579847, 0.006730949971824884, 0.005506803281605244, 0.005506852641701698, 0.004132954403758049, 0.005776846315711737, 0.005245642736554146]
[0.2556939721107483, 0.061415158212184906, 0.04678771272301674, 0.02535124123096466, 0.01842227205634117, 0.01569399982690811, 0.01354208867996931, 0.010396498255431652, 0.009327415376901627, 0.007425952702760696, 0.006702140439301729, 0.006749337539076805, 0.006182425189763308, 0.006178774870932102, 0.005186295136809349, 0.005281382240355015, 0.0058121331967413425, 0.005302063189446926, 0.004388653207570314, 0.008087248541414738, 0.007282838225364685]
Training time: 1333 	steps per sec: 16
Eval num_timesteps=21504, episode_reward=nan +/- nan
Eval num_timesteps=21504, episode_success=nan +/- nan
se
16 16384 1024
diff [0.09821383655071259, 0.01142112910747528, 0.021037498489022255, -0.006151076406240463, -0.0021627917885780334, -0.0018187463283538818, 0.0004498809576034546, -0.000757511705160141, -0.0022866930812597275, -2.2669322788715363e-05, -0.0007724701426923275, -0.0029338616877794266, -0.00018628081306815147, 0.00030359625816345215, -0.0009098700247704983, -0.0014495677314698696, 0.00030532991513609886, -0.00020478945225477219, 0.0002556988038122654, 0.002310402225703001, 0.0020371954888105392, 0.0016291565261781216]
ref [0.1574801355600357, 0.049994029104709625, 0.025750214233994484, 0.031502317637205124, 0.020585063844919205, 0.017512746155261993, 0.013092207722365856, 0.011154009960591793, 0.011614108458161354, 0.007448622025549412, 0.007474610581994057, 0.009683199226856232, 0.006368706002831459, 0.00587517861276865, 0.006096165161579847, 0.006730949971824884, 0.005506803281605244, 0.005506852641701698, 0.004132954403758049, 0.005776846315711737, 0.005245642736554146, 0.006471093278378248]
[0.2556939721107483, 0.061415158212184906, 0.04678771272301674, 0.02535124123096466, 0.01842227205634117, 0.01569399982690811, 0.01354208867996931, 0.010396498255431652, 0.009327415376901627, 0.007425952702760696, 0.006702140439301729, 0.006749337539076805, 0.006182425189763308, 0.006178774870932102, 0.005186295136809349, 0.005281382240355015, 0.0058121331967413425, 0.005302063189446926, 0.004388653207570314, 0.008087248541414738, 0.007282838225364685, 0.00810024980455637]
Training time: 1453 	steps per sec: 15
Eval num_timesteps=22528, episode_reward=nan +/- nan
Eval num_timesteps=22528, episode_success=nan +/- nan
se
16 16384 1024
diff [0.09821383655071259, 0.01142112910747528, 0.021037498489022255, -0.006151076406240463, -0.0021627917885780334, -0.0018187463283538818, 0.0004498809576034546, -0.000757511705160141, -0.0022866930812597275, -2.2669322788715363e-05, -0.0007724701426923275, -0.0029338616877794266, -0.00018628081306815147, 0.00030359625816345215, -0.0009098700247704983, -0.0014495677314698696, 0.00030532991513609886, -0.00020478945225477219, 0.0002556988038122654, 0.002310402225703001, 0.0020371954888105392, 0.0016291565261781216, 0.0007941261865198612]
ref [0.1574801355600357, 0.049994029104709625, 0.025750214233994484, 0.031502317637205124, 0.020585063844919205, 0.017512746155261993, 0.013092207722365856, 0.011154009960591793, 0.011614108458161354, 0.007448622025549412, 0.007474610581994057, 0.009683199226856232, 0.006368706002831459, 0.00587517861276865, 0.006096165161579847, 0.006730949971824884, 0.005506803281605244, 0.005506852641701698, 0.004132954403758049, 0.005776846315711737, 0.005245642736554146, 0.006471093278378248, 0.007178222294896841]
[0.2556939721107483, 0.061415158212184906, 0.04678771272301674, 0.02535124123096466, 0.01842227205634117, 0.01569399982690811, 0.01354208867996931, 0.010396498255431652, 0.009327415376901627, 0.007425952702760696, 0.006702140439301729, 0.006749337539076805, 0.006182425189763308, 0.006178774870932102, 0.005186295136809349, 0.005281382240355015, 0.0058121331967413425, 0.005302063189446926, 0.004388653207570314, 0.008087248541414738, 0.007282838225364685, 0.00810024980455637, 0.007972348481416702]
Training time: 1573 	steps per sec: 14
Eval num_timesteps=23552, episode_reward=nan +/- nan
Eval num_timesteps=23552, episode_success=nan +/- nan
se
16 16384 1024
diff [0.09821383655071259, 0.01142112910747528, 0.021037498489022255, -0.006151076406240463, -0.0021627917885780334, -0.0018187463283538818, 0.0004498809576034546, -0.000757511705160141, -0.0022866930812597275, -2.2669322788715363e-05, -0.0007724701426923275, -0.0029338616877794266, -0.00018628081306815147, 0.00030359625816345215, -0.0009098700247704983, -0.0014495677314698696, 0.00030532991513609886, -0.00020478945225477219, 0.0002556988038122654, 0.002310402225703001, 0.0020371954888105392, 0.0016291565261781216, 0.0007941261865198612, 0.002713439054787159]
ref [0.1574801355600357, 0.049994029104709625, 0.025750214233994484, 0.031502317637205124, 0.020585063844919205, 0.017512746155261993, 0.013092207722365856, 0.011154009960591793, 0.011614108458161354, 0.007448622025549412, 0.007474610581994057, 0.009683199226856232, 0.006368706002831459, 0.00587517861276865, 0.006096165161579847, 0.006730949971824884, 0.005506803281605244, 0.005506852641701698, 0.004132954403758049, 0.005776846315711737, 0.005245642736554146, 0.006471093278378248, 0.007178222294896841, 0.005754953250288963]
[0.2556939721107483, 0.061415158212184906, 0.04678771272301674, 0.02535124123096466, 0.01842227205634117, 0.01569399982690811, 0.01354208867996931, 0.010396498255431652, 0.009327415376901627, 0.007425952702760696, 0.006702140439301729, 0.006749337539076805, 0.006182425189763308, 0.006178774870932102, 0.005186295136809349, 0.005281382240355015, 0.0058121331967413425, 0.005302063189446926, 0.004388653207570314, 0.008087248541414738, 0.007282838225364685, 0.00810024980455637, 0.007972348481416702, 0.008468392305076122]
Training time: 1689 	steps per sec: 14
Eval num_timesteps=24576, episode_reward=nan +/- nan
Eval num_timesteps=24576, episode_success=nan +/- nan
se
16 16384 1024
diff [0.09821383655071259, 0.01142112910747528, 0.021037498489022255, -0.006151076406240463, -0.0021627917885780334, -0.0018187463283538818, 0.0004498809576034546, -0.000757511705160141, -0.0022866930812597275, -2.2669322788715363e-05, -0.0007724701426923275, -0.0029338616877794266, -0.00018628081306815147, 0.00030359625816345215, -0.0009098700247704983, -0.0014495677314698696, 0.00030532991513609886, -0.00020478945225477219, 0.0002556988038122654, 0.002310402225703001, 0.0020371954888105392, 0.0016291565261781216, 0.0007941261865198612, 0.002713439054787159, -0.0013717836700379848]
ref [0.1574801355600357, 0.049994029104709625, 0.025750214233994484, 0.031502317637205124, 0.020585063844919205, 0.017512746155261993, 0.013092207722365856, 0.011154009960591793, 0.011614108458161354, 0.007448622025549412, 0.007474610581994057, 0.009683199226856232, 0.006368706002831459, 0.00587517861276865, 0.006096165161579847, 0.006730949971824884, 0.005506803281605244, 0.005506852641701698, 0.004132954403758049, 0.005776846315711737, 0.005245642736554146, 0.006471093278378248, 0.007178222294896841, 0.005754953250288963, 0.007973593659698963]
[0.2556939721107483, 0.061415158212184906, 0.04678771272301674, 0.02535124123096466, 0.01842227205634117, 0.01569399982690811, 0.01354208867996931, 0.010396498255431652, 0.009327415376901627, 0.007425952702760696, 0.006702140439301729, 0.006749337539076805, 0.006182425189763308, 0.006178774870932102, 0.005186295136809349, 0.005281382240355015, 0.0058121331967413425, 0.005302063189446926, 0.004388653207570314, 0.008087248541414738, 0.007282838225364685, 0.00810024980455637, 0.007972348481416702, 0.008468392305076122, 0.006601809989660978]
Training time: 1817 	steps per sec: 14
Eval num_timesteps=25600, episode_reward=nan +/- nan
Eval num_timesteps=25600, episode_success=nan +/- nan
se
16 16384 1024
diff [0.09821383655071259, 0.01142112910747528, 0.021037498489022255, -0.006151076406240463, -0.0021627917885780334, -0.0018187463283538818, 0.0004498809576034546, -0.000757511705160141, -0.0022866930812597275, -2.2669322788715363e-05, -0.0007724701426923275, -0.0029338616877794266, -0.00018628081306815147, 0.00030359625816345215, -0.0009098700247704983, -0.0014495677314698696, 0.00030532991513609886, -0.00020478945225477219, 0.0002556988038122654, 0.002310402225703001, 0.0020371954888105392, 0.0016291565261781216, 0.0007941261865198612, 0.002713439054787159, -0.0013717836700379848, 0.00045105721801519394]
ref [0.1574801355600357, 0.049994029104709625, 0.025750214233994484, 0.031502317637205124, 0.020585063844919205, 0.017512746155261993, 0.013092207722365856, 0.011154009960591793, 0.011614108458161354, 0.007448622025549412, 0.007474610581994057, 0.009683199226856232, 0.006368706002831459, 0.00587517861276865, 0.006096165161579847, 0.006730949971824884, 0.005506803281605244, 0.005506852641701698, 0.004132954403758049, 0.005776846315711737, 0.005245642736554146, 0.006471093278378248, 0.007178222294896841, 0.005754953250288963, 0.007973593659698963, 0.00643027201294899]
[0.2556939721107483, 0.061415158212184906, 0.04678771272301674, 0.02535124123096466, 0.01842227205634117, 0.01569399982690811, 0.01354208867996931, 0.010396498255431652, 0.009327415376901627, 0.007425952702760696, 0.006702140439301729, 0.006749337539076805, 0.006182425189763308, 0.006178774870932102, 0.005186295136809349, 0.005281382240355015, 0.0058121331967413425, 0.005302063189446926, 0.004388653207570314, 0.008087248541414738, 0.007282838225364685, 0.00810024980455637, 0.007972348481416702, 0.008468392305076122, 0.006601809989660978, 0.006881329230964184]
Training time: 1947 	steps per sec: 13
Eval num_timesteps=26624, episode_reward=nan +/- nan
Eval num_timesteps=26624, episode_success=nan +/- nan
se
16 16384 1024
diff [0.09821383655071259, 0.01142112910747528, 0.021037498489022255, -0.006151076406240463, -0.0021627917885780334, -0.0018187463283538818, 0.0004498809576034546, -0.000757511705160141, -0.0022866930812597275, -2.2669322788715363e-05, -0.0007724701426923275, -0.0029338616877794266, -0.00018628081306815147, 0.00030359625816345215, -0.0009098700247704983, -0.0014495677314698696, 0.00030532991513609886, -0.00020478945225477219, 0.0002556988038122654, 0.002310402225703001, 0.0020371954888105392, 0.0016291565261781216, 0.0007941261865198612, 0.002713439054787159, -0.0013717836700379848, 0.00045105721801519394, 0.0014578737318515778]
ref [0.1574801355600357, 0.049994029104709625, 0.025750214233994484, 0.031502317637205124, 0.020585063844919205, 0.017512746155261993, 0.013092207722365856, 0.011154009960591793, 0.011614108458161354, 0.007448622025549412, 0.007474610581994057, 0.009683199226856232, 0.006368706002831459, 0.00587517861276865, 0.006096165161579847, 0.006730949971824884, 0.005506803281605244, 0.005506852641701698, 0.004132954403758049, 0.005776846315711737, 0.005245642736554146, 0.006471093278378248, 0.007178222294896841, 0.005754953250288963, 0.007973593659698963, 0.00643027201294899, 0.006041384302079678]
[0.2556939721107483, 0.061415158212184906, 0.04678771272301674, 0.02535124123096466, 0.01842227205634117, 0.01569399982690811, 0.01354208867996931, 0.010396498255431652, 0.009327415376901627, 0.007425952702760696, 0.006702140439301729, 0.006749337539076805, 0.006182425189763308, 0.006178774870932102, 0.005186295136809349, 0.005281382240355015, 0.0058121331967413425, 0.005302063189446926, 0.004388653207570314, 0.008087248541414738, 0.007282838225364685, 0.00810024980455637, 0.007972348481416702, 0.008468392305076122, 0.006601809989660978, 0.006881329230964184, 0.007499258033931255]
Training time: 2068 	steps per sec: 13
Eval num_timesteps=27648, episode_reward=nan +/- nan
Eval num_timesteps=27648, episode_success=nan +/- nan
se
16 16384 1024
diff [0.09821383655071259, 0.01142112910747528, 0.021037498489022255, -0.006151076406240463, -0.0021627917885780334, -0.0018187463283538818, 0.0004498809576034546, -0.000757511705160141, -0.0022866930812597275, -2.2669322788715363e-05, -0.0007724701426923275, -0.0029338616877794266, -0.00018628081306815147, 0.00030359625816345215, -0.0009098700247704983, -0.0014495677314698696, 0.00030532991513609886, -0.00020478945225477219, 0.0002556988038122654, 0.002310402225703001, 0.0020371954888105392, 0.0016291565261781216, 0.0007941261865198612, 0.002713439054787159, -0.0013717836700379848, 0.00045105721801519394, 0.0014578737318515778, 0.0031753224320709705]
ref [0.1574801355600357, 0.049994029104709625, 0.025750214233994484, 0.031502317637205124, 0.020585063844919205, 0.017512746155261993, 0.013092207722365856, 0.011154009960591793, 0.011614108458161354, 0.007448622025549412, 0.007474610581994057, 0.009683199226856232, 0.006368706002831459, 0.00587517861276865, 0.006096165161579847, 0.006730949971824884, 0.005506803281605244, 0.005506852641701698, 0.004132954403758049, 0.005776846315711737, 0.005245642736554146, 0.006471093278378248, 0.007178222294896841, 0.005754953250288963, 0.007973593659698963, 0.00643027201294899, 0.006041384302079678, 0.005342509131878614]
[0.2556939721107483, 0.061415158212184906, 0.04678771272301674, 0.02535124123096466, 0.01842227205634117, 0.01569399982690811, 0.01354208867996931, 0.010396498255431652, 0.009327415376901627, 0.007425952702760696, 0.006702140439301729, 0.006749337539076805, 0.006182425189763308, 0.006178774870932102, 0.005186295136809349, 0.005281382240355015, 0.0058121331967413425, 0.005302063189446926, 0.004388653207570314, 0.008087248541414738, 0.007282838225364685, 0.00810024980455637, 0.007972348481416702, 0.008468392305076122, 0.006601809989660978, 0.006881329230964184, 0.007499258033931255, 0.008517831563949585]
Training time: 2196 	steps per sec: 13
Eval num_timesteps=28672, episode_reward=nan +/- nan
Eval num_timesteps=28672, episode_success=nan +/- nan
se
16 16384 1024
diff [0.09821383655071259, 0.01142112910747528, 0.021037498489022255, -0.006151076406240463, -0.0021627917885780334, -0.0018187463283538818, 0.0004498809576034546, -0.000757511705160141, -0.0022866930812597275, -2.2669322788715363e-05, -0.0007724701426923275, -0.0029338616877794266, -0.00018628081306815147, 0.00030359625816345215, -0.0009098700247704983, -0.0014495677314698696, 0.00030532991513609886, -0.00020478945225477219, 0.0002556988038122654, 0.002310402225703001, 0.0020371954888105392, 0.0016291565261781216, 0.0007941261865198612, 0.002713439054787159, -0.0013717836700379848, 0.00045105721801519394, 0.0014578737318515778, 0.0031753224320709705, 0.002105818595737219]
ref [0.1574801355600357, 0.049994029104709625, 0.025750214233994484, 0.031502317637205124, 0.020585063844919205, 0.017512746155261993, 0.013092207722365856, 0.011154009960591793, 0.011614108458161354, 0.007448622025549412, 0.007474610581994057, 0.009683199226856232, 0.006368706002831459, 0.00587517861276865, 0.006096165161579847, 0.006730949971824884, 0.005506803281605244, 0.005506852641701698, 0.004132954403758049, 0.005776846315711737, 0.005245642736554146, 0.006471093278378248, 0.007178222294896841, 0.005754953250288963, 0.007973593659698963, 0.00643027201294899, 0.006041384302079678, 0.005342509131878614, 0.005703856702893972]
[0.2556939721107483, 0.061415158212184906, 0.04678771272301674, 0.02535124123096466, 0.01842227205634117, 0.01569399982690811, 0.01354208867996931, 0.010396498255431652, 0.009327415376901627, 0.007425952702760696, 0.006702140439301729, 0.006749337539076805, 0.006182425189763308, 0.006178774870932102, 0.005186295136809349, 0.005281382240355015, 0.0058121331967413425, 0.005302063189446926, 0.004388653207570314, 0.008087248541414738, 0.007282838225364685, 0.00810024980455637, 0.007972348481416702, 0.008468392305076122, 0.006601809989660978, 0.006881329230964184, 0.007499258033931255, 0.008517831563949585, 0.007809675298631191]
Training time: 2304 	steps per sec: 12
Eval num_timesteps=29696, episode_reward=nan +/- nan
Eval num_timesteps=29696, episode_success=nan +/- nan
se
16 16384 1024
diff [0.09821383655071259, 0.01142112910747528, 0.021037498489022255, -0.006151076406240463, -0.0021627917885780334, -0.0018187463283538818, 0.0004498809576034546, -0.000757511705160141, -0.0022866930812597275, -2.2669322788715363e-05, -0.0007724701426923275, -0.0029338616877794266, -0.00018628081306815147, 0.00030359625816345215, -0.0009098700247704983, -0.0014495677314698696, 0.00030532991513609886, -0.00020478945225477219, 0.0002556988038122654, 0.002310402225703001, 0.0020371954888105392, 0.0016291565261781216, 0.0007941261865198612, 0.002713439054787159, -0.0013717836700379848, 0.00045105721801519394, 0.0014578737318515778, 0.0031753224320709705, 0.002105818595737219, 0.0013842307962477207]
ref [0.1574801355600357, 0.049994029104709625, 0.025750214233994484, 0.031502317637205124, 0.020585063844919205, 0.017512746155261993, 0.013092207722365856, 0.011154009960591793, 0.011614108458161354, 0.007448622025549412, 0.007474610581994057, 0.009683199226856232, 0.006368706002831459, 0.00587517861276865, 0.006096165161579847, 0.006730949971824884, 0.005506803281605244, 0.005506852641701698, 0.004132954403758049, 0.005776846315711737, 0.005245642736554146, 0.006471093278378248, 0.007178222294896841, 0.005754953250288963, 0.007973593659698963, 0.00643027201294899, 0.006041384302079678, 0.005342509131878614, 0.005703856702893972, 0.007271360140293837]
[0.2556939721107483, 0.061415158212184906, 0.04678771272301674, 0.02535124123096466, 0.01842227205634117, 0.01569399982690811, 0.01354208867996931, 0.010396498255431652, 0.009327415376901627, 0.007425952702760696, 0.006702140439301729, 0.006749337539076805, 0.006182425189763308, 0.006178774870932102, 0.005186295136809349, 0.005281382240355015, 0.0058121331967413425, 0.005302063189446926, 0.004388653207570314, 0.008087248541414738, 0.007282838225364685, 0.00810024980455637, 0.007972348481416702, 0.008468392305076122, 0.006601809989660978, 0.006881329230964184, 0.007499258033931255, 0.008517831563949585, 0.007809675298631191, 0.008655590936541557]
Training time: 2413 	steps per sec: 12
Eval num_timesteps=30720, episode_reward=nan +/- nan
Eval num_timesteps=30720, episode_success=nan +/- nan
se
16 16384 1024
diff [0.09821383655071259, 0.01142112910747528, 0.021037498489022255, -0.006151076406240463, -0.0021627917885780334, -0.0018187463283538818, 0.0004498809576034546, -0.000757511705160141, -0.0022866930812597275, -2.2669322788715363e-05, -0.0007724701426923275, -0.0029338616877794266, -0.00018628081306815147, 0.00030359625816345215, -0.0009098700247704983, -0.0014495677314698696, 0.00030532991513609886, -0.00020478945225477219, 0.0002556988038122654, 0.002310402225703001, 0.0020371954888105392, 0.0016291565261781216, 0.0007941261865198612, 0.002713439054787159, -0.0013717836700379848, 0.00045105721801519394, 0.0014578737318515778, 0.0031753224320709705, 0.002105818595737219, 0.0013842307962477207, 0.0008627055212855339]
ref [0.1574801355600357, 0.049994029104709625, 0.025750214233994484, 0.031502317637205124, 0.020585063844919205, 0.017512746155261993, 0.013092207722365856, 0.011154009960591793, 0.011614108458161354, 0.007448622025549412, 0.007474610581994057, 0.009683199226856232, 0.006368706002831459, 0.00587517861276865, 0.006096165161579847, 0.006730949971824884, 0.005506803281605244, 0.005506852641701698, 0.004132954403758049, 0.005776846315711737, 0.005245642736554146, 0.006471093278378248, 0.007178222294896841, 0.005754953250288963, 0.007973593659698963, 0.00643027201294899, 0.006041384302079678, 0.005342509131878614, 0.005703856702893972, 0.007271360140293837, 0.00563449552282691]
[0.2556939721107483, 0.061415158212184906, 0.04678771272301674, 0.02535124123096466, 0.01842227205634117, 0.01569399982690811, 0.01354208867996931, 0.010396498255431652, 0.009327415376901627, 0.007425952702760696, 0.006702140439301729, 0.006749337539076805, 0.006182425189763308, 0.006178774870932102, 0.005186295136809349, 0.005281382240355015, 0.0058121331967413425, 0.005302063189446926, 0.004388653207570314, 0.008087248541414738, 0.007282838225364685, 0.00810024980455637, 0.007972348481416702, 0.008468392305076122, 0.006601809989660978, 0.006881329230964184, 0.007499258033931255, 0.008517831563949585, 0.007809675298631191, 0.008655590936541557, 0.006497201044112444]
Training time: 2519 	steps per sec: 12
Eval num_timesteps=31744, episode_reward=nan +/- nan
Eval num_timesteps=31744, episode_success=nan +/- nan
se
16 16384 1024
diff [0.09821383655071259, 0.01142112910747528, 0.021037498489022255, -0.006151076406240463, -0.0021627917885780334, -0.0018187463283538818, 0.0004498809576034546, -0.000757511705160141, -0.0022866930812597275, -2.2669322788715363e-05, -0.0007724701426923275, -0.0029338616877794266, -0.00018628081306815147, 0.00030359625816345215, -0.0009098700247704983, -0.0014495677314698696, 0.00030532991513609886, -0.00020478945225477219, 0.0002556988038122654, 0.002310402225703001, 0.0020371954888105392, 0.0016291565261781216, 0.0007941261865198612, 0.002713439054787159, -0.0013717836700379848, 0.00045105721801519394, 0.0014578737318515778, 0.0031753224320709705, 0.002105818595737219, 0.0013842307962477207, 0.0008627055212855339, 0.0006276783533394337]
ref [0.1574801355600357, 0.049994029104709625, 0.025750214233994484, 0.031502317637205124, 0.020585063844919205, 0.017512746155261993, 0.013092207722365856, 0.011154009960591793, 0.011614108458161354, 0.007448622025549412, 0.007474610581994057, 0.009683199226856232, 0.006368706002831459, 0.00587517861276865, 0.006096165161579847, 0.006730949971824884, 0.005506803281605244, 0.005506852641701698, 0.004132954403758049, 0.005776846315711737, 0.005245642736554146, 0.006471093278378248, 0.007178222294896841, 0.005754953250288963, 0.007973593659698963, 0.00643027201294899, 0.006041384302079678, 0.005342509131878614, 0.005703856702893972, 0.007271360140293837, 0.00563449552282691, 0.006767573766410351]
[0.2556939721107483, 0.061415158212184906, 0.04678771272301674, 0.02535124123096466, 0.01842227205634117, 0.01569399982690811, 0.01354208867996931, 0.010396498255431652, 0.009327415376901627, 0.007425952702760696, 0.006702140439301729, 0.006749337539076805, 0.006182425189763308, 0.006178774870932102, 0.005186295136809349, 0.005281382240355015, 0.0058121331967413425, 0.005302063189446926, 0.004388653207570314, 0.008087248541414738, 0.007282838225364685, 0.00810024980455637, 0.007972348481416702, 0.008468392305076122, 0.006601809989660978, 0.006881329230964184, 0.007499258033931255, 0.008517831563949585, 0.007809675298631191, 0.008655590936541557, 0.006497201044112444, 0.0073952521197497845]
Training time: 2603 	steps per sec: 12
Eval num_timesteps=32768, episode_reward=nan +/- nan
Eval num_timesteps=32768, episode_success=nan +/- nan
results/Swimmer-v4/
results/Swimmer-v4/ppo_ros/
results/Swimmer-v4/ppo_ros/expert/
results/Swimmer-v4/ppo_ros/expert/b_16/
results/Swimmer-v4/ppo_ros/expert/b_16/no_clip_lambda/
results/Swimmer-v4/ppo_ros/expert/b_16/no_clip_lambda/run_2/
results/Swimmer-v4/ppo_ros/expert/b_16/no_clip_lambda/run_2/evaluations.npz
results/Swimmer-v4/ppo_ros/expert/b_16/no_clip_lambda/run_2/config.yml
results/Swimmer-v4/ppo_ros/expert/b_16/no_clip_lambda/run_2/stats.npz
