ppo_ros_continuous.py --env-id Swimmer-v4 -s expert/b_16/no_clip_lambda --total-timesteps 32768 --eval-freq 1 --eval-episodes 0 -b 16 --num-steps 1024 -lr 0 --update-epochs 0 --anneal-lr 0 --ros-num-steps 256 --ros-update-epochs 16 --ros-target-kl 0.05 --ros-clip-coef 999999999 --ros-lambda 0 -ros-lr 0.0001 --ros-anneal-lr 0 --se 1 --se-freq 1 --se-lr 1e-3 --se-epochs 1000 --policy-path policies/Swimmer-v4/best_model.zip --normalization-dir policies/Swimmer-v4
Obtaining file:///var/lib/condor/execute/slot1/dir_34427/PPOROS/PPOROS/custom-envs
  Preparing metadata (setup.py): started
  Preparing metadata (setup.py): finished with status 'done'
Requirement already satisfied: gym in /var/lib/condor/execute/slot1/dir_34427/PPOROS/ppo-ros_env/lib/python3.9/site-packages (from custom-envs==0.0.1) (0.21.0)
Requirement already satisfied: cloudpickle>=1.2.0 in /var/lib/condor/execute/slot1/dir_34427/PPOROS/ppo-ros_env/lib/python3.9/site-packages (from gym->custom-envs==0.0.1) (2.2.1)
Requirement already satisfied: numpy>=1.18.0 in /var/lib/condor/execute/slot1/dir_34427/PPOROS/ppo-ros_env/lib/python3.9/site-packages (from gym->custom-envs==0.0.1) (1.24.2)
Installing collected packages: custom-envs
  Running setup.py develop for custom-envs
Successfully installed custom-envs-0.0.1
seed: 1
Eval num_timesteps=0, episode_reward=nan +/- nan
Eval num_timesteps=0, episode_success=nan +/- nan
se
1 1024 1024
diff [0.03306590020656586]
ref [0.07421281933784485]
[0.1072787195444107]
Training time: 33 	steps per sec: 30
Eval num_timesteps=1024, episode_reward=nan +/- nan
Eval num_timesteps=1024, episode_success=nan +/- nan
se
2 2048 1024
diff [0.03306590020656586, 0.018071666359901428]
ref [0.07421281933784485, 0.04092702269554138]
[0.1072787195444107, 0.05899868905544281]
Training time: 76 	steps per sec: 26
Eval num_timesteps=2048, episode_reward=nan +/- nan
Eval num_timesteps=2048, episode_success=nan +/- nan
se
3 3072 1024
diff [0.03306590020656586, 0.018071666359901428, -0.019956786185503006]
ref [0.07421281933784485, 0.04092702269554138, 0.0537286102771759]
[0.1072787195444107, 0.05899868905544281, 0.0337718240916729]
Training time: 130 	steps per sec: 23
Eval num_timesteps=3072, episode_reward=nan +/- nan
Eval num_timesteps=3072, episode_success=nan +/- nan
se
4 4096 1024
diff [0.03306590020656586, 0.018071666359901428, -0.019956786185503006, 0.007475517690181732]
ref [0.07421281933784485, 0.04092702269554138, 0.0537286102771759, 0.016472047194838524]
[0.1072787195444107, 0.05899868905544281, 0.0337718240916729, 0.023947564885020256]
Training time: 194 	steps per sec: 21
Eval num_timesteps=4096, episode_reward=nan +/- nan
Eval num_timesteps=4096, episode_success=nan +/- nan
se
5 5120 1024
diff [0.03306590020656586, 0.018071666359901428, -0.019956786185503006, 0.007475517690181732, 0.005613022483885288]
ref [0.07421281933784485, 0.04092702269554138, 0.0537286102771759, 0.016472047194838524, 0.014121648855507374]
[0.1072787195444107, 0.05899868905544281, 0.0337718240916729, 0.023947564885020256, 0.019734671339392662]
Training time: 272 	steps per sec: 18
Eval num_timesteps=5120, episode_reward=nan +/- nan
Eval num_timesteps=5120, episode_success=nan +/- nan
se
6 6144 1024
diff [0.03306590020656586, 0.018071666359901428, -0.019956786185503006, 0.007475517690181732, 0.005613022483885288, -0.0020614415407180786]
ref [0.07421281933784485, 0.04092702269554138, 0.0537286102771759, 0.016472047194838524, 0.014121648855507374, 0.01934879459440708]
[0.1072787195444107, 0.05899868905544281, 0.0337718240916729, 0.023947564885020256, 0.019734671339392662, 0.017287353053689003]
Training time: 354 	steps per sec: 17
Eval num_timesteps=6144, episode_reward=nan +/- nan
Eval num_timesteps=6144, episode_success=nan +/- nan
se
7 7168 1024
diff [0.03306590020656586, 0.018071666359901428, -0.019956786185503006, 0.007475517690181732, 0.005613022483885288, -0.0020614415407180786, 0.002309054136276245]
ref [0.07421281933784485, 0.04092702269554138, 0.0537286102771759, 0.016472047194838524, 0.014121648855507374, 0.01934879459440708, 0.012541098520159721]
[0.1072787195444107, 0.05899868905544281, 0.0337718240916729, 0.023947564885020256, 0.019734671339392662, 0.017287353053689003, 0.014850152656435966]
Training time: 467 	steps per sec: 15
Eval num_timesteps=7168, episode_reward=nan +/- nan
Eval num_timesteps=7168, episode_success=nan +/- nan
se
8 8192 1024
diff [0.03306590020656586, 0.018071666359901428, -0.019956786185503006, 0.007475517690181732, 0.005613022483885288, -0.0020614415407180786, 0.002309054136276245, -0.0004075830802321434]
ref [0.07421281933784485, 0.04092702269554138, 0.0537286102771759, 0.016472047194838524, 0.014121648855507374, 0.01934879459440708, 0.012541098520159721, 0.011352328583598137]
[0.1072787195444107, 0.05899868905544281, 0.0337718240916729, 0.023947564885020256, 0.019734671339392662, 0.017287353053689003, 0.014850152656435966, 0.010944745503365993]
Training time: 566 	steps per sec: 14
Eval num_timesteps=8192, episode_reward=nan +/- nan
Eval num_timesteps=8192, episode_success=nan +/- nan
se
9 9216 1024
diff [0.03306590020656586, 0.018071666359901428, -0.019956786185503006, 0.007475517690181732, 0.005613022483885288, -0.0020614415407180786, 0.002309054136276245, -0.0004075830802321434, -0.0012468257918953896]
ref [0.07421281933784485, 0.04092702269554138, 0.0537286102771759, 0.016472047194838524, 0.014121648855507374, 0.01934879459440708, 0.012541098520159721, 0.011352328583598137, 0.011273046024143696]
[0.1072787195444107, 0.05899868905544281, 0.0337718240916729, 0.023947564885020256, 0.019734671339392662, 0.017287353053689003, 0.014850152656435966, 0.010944745503365993, 0.010026220232248306]
Training time: 675 	steps per sec: 13
Eval num_timesteps=9216, episode_reward=nan +/- nan
Eval num_timesteps=9216, episode_success=nan +/- nan
se
10 10240 1024
diff [0.03306590020656586, 0.018071666359901428, -0.019956786185503006, 0.007475517690181732, 0.005613022483885288, -0.0020614415407180786, 0.002309054136276245, -0.0004075830802321434, -0.0012468257918953896, -0.002657989040017128]
ref [0.07421281933784485, 0.04092702269554138, 0.0537286102771759, 0.016472047194838524, 0.014121648855507374, 0.01934879459440708, 0.012541098520159721, 0.011352328583598137, 0.011273046024143696, 0.010960126295685768]
[0.1072787195444107, 0.05899868905544281, 0.0337718240916729, 0.023947564885020256, 0.019734671339392662, 0.017287353053689003, 0.014850152656435966, 0.010944745503365993, 0.010026220232248306, 0.00830213725566864]
Training time: 802 	steps per sec: 12
Eval num_timesteps=10240, episode_reward=nan +/- nan
Eval num_timesteps=10240, episode_success=nan +/- nan
se
11 11264 1024
diff [0.03306590020656586, 0.018071666359901428, -0.019956786185503006, 0.007475517690181732, 0.005613022483885288, -0.0020614415407180786, 0.002309054136276245, -0.0004075830802321434, -0.0012468257918953896, -0.002657989040017128, -0.0036586597561836243]
ref [0.07421281933784485, 0.04092702269554138, 0.0537286102771759, 0.016472047194838524, 0.014121648855507374, 0.01934879459440708, 0.012541098520159721, 0.011352328583598137, 0.011273046024143696, 0.010960126295685768, 0.010482452809810638]
[0.1072787195444107, 0.05899868905544281, 0.0337718240916729, 0.023947564885020256, 0.019734671339392662, 0.017287353053689003, 0.014850152656435966, 0.010944745503365993, 0.010026220232248306, 0.00830213725566864, 0.006823793053627014]
Training time: 930 	steps per sec: 12
Eval num_timesteps=11264, episode_reward=nan +/- nan
Eval num_timesteps=11264, episode_success=nan +/- nan
se
12 12288 1024
diff [0.03306590020656586, 0.018071666359901428, -0.019956786185503006, 0.007475517690181732, 0.005613022483885288, -0.0020614415407180786, 0.002309054136276245, -0.0004075830802321434, -0.0012468257918953896, -0.002657989040017128, -0.0036586597561836243, -0.00674562668427825]
ref [0.07421281933784485, 0.04092702269554138, 0.0537286102771759, 0.016472047194838524, 0.014121648855507374, 0.01934879459440708, 0.012541098520159721, 0.011352328583598137, 0.011273046024143696, 0.010960126295685768, 0.010482452809810638, 0.013151620514690876]
[0.1072787195444107, 0.05899868905544281, 0.0337718240916729, 0.023947564885020256, 0.019734671339392662, 0.017287353053689003, 0.014850152656435966, 0.010944745503365993, 0.010026220232248306, 0.00830213725566864, 0.006823793053627014, 0.006405993830412626]
Training time: 1065 	steps per sec: 11
Eval num_timesteps=12288, episode_reward=nan +/- nan
Eval num_timesteps=12288, episode_success=nan +/- nan
se
13 13312 1024
diff [0.03306590020656586, 0.018071666359901428, -0.019956786185503006, 0.007475517690181732, 0.005613022483885288, -0.0020614415407180786, 0.002309054136276245, -0.0004075830802321434, -0.0012468257918953896, -0.002657989040017128, -0.0036586597561836243, -0.00674562668427825, 0.0011918162927031517]
ref [0.07421281933784485, 0.04092702269554138, 0.0537286102771759, 0.016472047194838524, 0.014121648855507374, 0.01934879459440708, 0.012541098520159721, 0.011352328583598137, 0.011273046024143696, 0.010960126295685768, 0.010482452809810638, 0.013151620514690876, 0.005839698947966099]
[0.1072787195444107, 0.05899868905544281, 0.0337718240916729, 0.023947564885020256, 0.019734671339392662, 0.017287353053689003, 0.014850152656435966, 0.010944745503365993, 0.010026220232248306, 0.00830213725566864, 0.006823793053627014, 0.006405993830412626, 0.0070315152406692505]
Training time: 1226 	steps per sec: 10
Eval num_timesteps=13312, episode_reward=nan +/- nan
Eval num_timesteps=13312, episode_success=nan +/- nan
se
14 14336 1024
diff [0.03306590020656586, 0.018071666359901428, -0.019956786185503006, 0.007475517690181732, 0.005613022483885288, -0.0020614415407180786, 0.002309054136276245, -0.0004075830802321434, -0.0012468257918953896, -0.002657989040017128, -0.0036586597561836243, -0.00674562668427825, 0.0011918162927031517, -0.0010607275180518627]
ref [0.07421281933784485, 0.04092702269554138, 0.0537286102771759, 0.016472047194838524, 0.014121648855507374, 0.01934879459440708, 0.012541098520159721, 0.011352328583598137, 0.011273046024143696, 0.010960126295685768, 0.010482452809810638, 0.013151620514690876, 0.005839698947966099, 0.007556270342320204]
[0.1072787195444107, 0.05899868905544281, 0.0337718240916729, 0.023947564885020256, 0.019734671339392662, 0.017287353053689003, 0.014850152656435966, 0.010944745503365993, 0.010026220232248306, 0.00830213725566864, 0.006823793053627014, 0.006405993830412626, 0.0070315152406692505, 0.006495542824268341]
Training time: 1401 	steps per sec: 10
Eval num_timesteps=14336, episode_reward=nan +/- nan
Eval num_timesteps=14336, episode_success=nan +/- nan
se
15 15360 1024
diff [0.03306590020656586, 0.018071666359901428, -0.019956786185503006, 0.007475517690181732, 0.005613022483885288, -0.0020614415407180786, 0.002309054136276245, -0.0004075830802321434, -0.0012468257918953896, -0.002657989040017128, -0.0036586597561836243, -0.00674562668427825, 0.0011918162927031517, -0.0010607275180518627, -0.0004893094301223755]
ref [0.07421281933784485, 0.04092702269554138, 0.0537286102771759, 0.016472047194838524, 0.014121648855507374, 0.01934879459440708, 0.012541098520159721, 0.011352328583598137, 0.011273046024143696, 0.010960126295685768, 0.010482452809810638, 0.013151620514690876, 0.005839698947966099, 0.007556270342320204, 0.006293250247836113]
[0.1072787195444107, 0.05899868905544281, 0.0337718240916729, 0.023947564885020256, 0.019734671339392662, 0.017287353053689003, 0.014850152656435966, 0.010944745503365993, 0.010026220232248306, 0.00830213725566864, 0.006823793053627014, 0.006405993830412626, 0.0070315152406692505, 0.006495542824268341, 0.0058039408177137375]
Training time: 1583 	steps per sec: 9
Eval num_timesteps=15360, episode_reward=nan +/- nan
Eval num_timesteps=15360, episode_success=nan +/- nan
se
16 16384 1024
diff [0.03306590020656586, 0.018071666359901428, -0.019956786185503006, 0.007475517690181732, 0.005613022483885288, -0.0020614415407180786, 0.002309054136276245, -0.0004075830802321434, -0.0012468257918953896, -0.002657989040017128, -0.0036586597561836243, -0.00674562668427825, 0.0011918162927031517, -0.0010607275180518627, -0.0004893094301223755, -0.0023182216100394726]
ref [0.07421281933784485, 0.04092702269554138, 0.0537286102771759, 0.016472047194838524, 0.014121648855507374, 0.01934879459440708, 0.012541098520159721, 0.011352328583598137, 0.011273046024143696, 0.010960126295685768, 0.010482452809810638, 0.013151620514690876, 0.005839698947966099, 0.007556270342320204, 0.006293250247836113, 0.007436428684741259]
[0.1072787195444107, 0.05899868905544281, 0.0337718240916729, 0.023947564885020256, 0.019734671339392662, 0.017287353053689003, 0.014850152656435966, 0.010944745503365993, 0.010026220232248306, 0.00830213725566864, 0.006823793053627014, 0.006405993830412626, 0.0070315152406692505, 0.006495542824268341, 0.0058039408177137375, 0.005118207074701786]
Training time: 1786 	steps per sec: 9
Eval num_timesteps=16384, episode_reward=nan +/- nan
Eval num_timesteps=16384, episode_success=nan +/- nan
se
16 16384 1024
diff [0.03306590020656586, 0.018071666359901428, -0.019956786185503006, 0.007475517690181732, 0.005613022483885288, -0.0020614415407180786, 0.002309054136276245, -0.0004075830802321434, -0.0012468257918953896, -0.002657989040017128, -0.0036586597561836243, -0.00674562668427825, 0.0011918162927031517, -0.0010607275180518627, -0.0004893094301223755, -0.0023182216100394726, -0.000775099266320467]
ref [0.07421281933784485, 0.04092702269554138, 0.0537286102771759, 0.016472047194838524, 0.014121648855507374, 0.01934879459440708, 0.012541098520159721, 0.011352328583598137, 0.011273046024143696, 0.010960126295685768, 0.010482452809810638, 0.013151620514690876, 0.005839698947966099, 0.007556270342320204, 0.006293250247836113, 0.007436428684741259, 0.006007728166878223]
[0.1072787195444107, 0.05899868905544281, 0.0337718240916729, 0.023947564885020256, 0.019734671339392662, 0.017287353053689003, 0.014850152656435966, 0.010944745503365993, 0.010026220232248306, 0.00830213725566864, 0.006823793053627014, 0.006405993830412626, 0.0070315152406692505, 0.006495542824268341, 0.0058039408177137375, 0.005118207074701786, 0.005232628900557756]
Training time: 1993 	steps per sec: 8
Eval num_timesteps=17408, episode_reward=nan +/- nan
Eval num_timesteps=17408, episode_success=nan +/- nan
se
16 16384 1024
diff [0.03306590020656586, 0.018071666359901428, -0.019956786185503006, 0.007475517690181732, 0.005613022483885288, -0.0020614415407180786, 0.002309054136276245, -0.0004075830802321434, -0.0012468257918953896, -0.002657989040017128, -0.0036586597561836243, -0.00674562668427825, 0.0011918162927031517, -0.0010607275180518627, -0.0004893094301223755, -0.0023182216100394726, -0.000775099266320467, -0.0011039739474654198]
ref [0.07421281933784485, 0.04092702269554138, 0.0537286102771759, 0.016472047194838524, 0.014121648855507374, 0.01934879459440708, 0.012541098520159721, 0.011352328583598137, 0.011273046024143696, 0.010960126295685768, 0.010482452809810638, 0.013151620514690876, 0.005839698947966099, 0.007556270342320204, 0.006293250247836113, 0.007436428684741259, 0.006007728166878223, 0.0066334898583590984]
[0.1072787195444107, 0.05899868905544281, 0.0337718240916729, 0.023947564885020256, 0.019734671339392662, 0.017287353053689003, 0.014850152656435966, 0.010944745503365993, 0.010026220232248306, 0.00830213725566864, 0.006823793053627014, 0.006405993830412626, 0.0070315152406692505, 0.006495542824268341, 0.0058039408177137375, 0.005118207074701786, 0.005232628900557756, 0.005529515910893679]
Training time: 2185 	steps per sec: 8
Eval num_timesteps=18432, episode_reward=nan +/- nan
Eval num_timesteps=18432, episode_success=nan +/- nan
se
16 16384 1024
diff [0.03306590020656586, 0.018071666359901428, -0.019956786185503006, 0.007475517690181732, 0.005613022483885288, -0.0020614415407180786, 0.002309054136276245, -0.0004075830802321434, -0.0012468257918953896, -0.002657989040017128, -0.0036586597561836243, -0.00674562668427825, 0.0011918162927031517, -0.0010607275180518627, -0.0004893094301223755, -0.0023182216100394726, -0.000775099266320467, -0.0011039739474654198, -0.002976532094180584]
ref [0.07421281933784485, 0.04092702269554138, 0.0537286102771759, 0.016472047194838524, 0.014121648855507374, 0.01934879459440708, 0.012541098520159721, 0.011352328583598137, 0.011273046024143696, 0.010960126295685768, 0.010482452809810638, 0.013151620514690876, 0.005839698947966099, 0.007556270342320204, 0.006293250247836113, 0.007436428684741259, 0.006007728166878223, 0.0066334898583590984, 0.008682098239660263]
[0.1072787195444107, 0.05899868905544281, 0.0337718240916729, 0.023947564885020256, 0.019734671339392662, 0.017287353053689003, 0.014850152656435966, 0.010944745503365993, 0.010026220232248306, 0.00830213725566864, 0.006823793053627014, 0.006405993830412626, 0.0070315152406692505, 0.006495542824268341, 0.0058039408177137375, 0.005118207074701786, 0.005232628900557756, 0.005529515910893679, 0.005705566145479679]
Training time: 2370 	steps per sec: 8
Eval num_timesteps=19456, episode_reward=nan +/- nan
Eval num_timesteps=19456, episode_success=nan +/- nan
se
16 16384 1024
diff [0.03306590020656586, 0.018071666359901428, -0.019956786185503006, 0.007475517690181732, 0.005613022483885288, -0.0020614415407180786, 0.002309054136276245, -0.0004075830802321434, -0.0012468257918953896, -0.002657989040017128, -0.0036586597561836243, -0.00674562668427825, 0.0011918162927031517, -0.0010607275180518627, -0.0004893094301223755, -0.0023182216100394726, -0.000775099266320467, -0.0011039739474654198, -0.002976532094180584, -0.0008393554016947746]
ref [0.07421281933784485, 0.04092702269554138, 0.0537286102771759, 0.016472047194838524, 0.014121648855507374, 0.01934879459440708, 0.012541098520159721, 0.011352328583598137, 0.011273046024143696, 0.010960126295685768, 0.010482452809810638, 0.013151620514690876, 0.005839698947966099, 0.007556270342320204, 0.006293250247836113, 0.007436428684741259, 0.006007728166878223, 0.0066334898583590984, 0.008682098239660263, 0.005874010734260082]
[0.1072787195444107, 0.05899868905544281, 0.0337718240916729, 0.023947564885020256, 0.019734671339392662, 0.017287353053689003, 0.014850152656435966, 0.010944745503365993, 0.010026220232248306, 0.00830213725566864, 0.006823793053627014, 0.006405993830412626, 0.0070315152406692505, 0.006495542824268341, 0.0058039408177137375, 0.005118207074701786, 0.005232628900557756, 0.005529515910893679, 0.005705566145479679, 0.005034655332565308]
Training time: 2565 	steps per sec: 7
Eval num_timesteps=20480, episode_reward=nan +/- nan
Eval num_timesteps=20480, episode_success=nan +/- nan
se
16 16384 1024
diff [0.03306590020656586, 0.018071666359901428, -0.019956786185503006, 0.007475517690181732, 0.005613022483885288, -0.0020614415407180786, 0.002309054136276245, -0.0004075830802321434, -0.0012468257918953896, -0.002657989040017128, -0.0036586597561836243, -0.00674562668427825, 0.0011918162927031517, -0.0010607275180518627, -0.0004893094301223755, -0.0023182216100394726, -0.000775099266320467, -0.0011039739474654198, -0.002976532094180584, -0.0008393554016947746, -0.0008155903778970242]
ref [0.07421281933784485, 0.04092702269554138, 0.0537286102771759, 0.016472047194838524, 0.014121648855507374, 0.01934879459440708, 0.012541098520159721, 0.011352328583598137, 0.011273046024143696, 0.010960126295685768, 0.010482452809810638, 0.013151620514690876, 0.005839698947966099, 0.007556270342320204, 0.006293250247836113, 0.007436428684741259, 0.006007728166878223, 0.0066334898583590984, 0.008682098239660263, 0.005874010734260082, 0.0061074537225067616]
[0.1072787195444107, 0.05899868905544281, 0.0337718240916729, 0.023947564885020256, 0.019734671339392662, 0.017287353053689003, 0.014850152656435966, 0.010944745503365993, 0.010026220232248306, 0.00830213725566864, 0.006823793053627014, 0.006405993830412626, 0.0070315152406692505, 0.006495542824268341, 0.0058039408177137375, 0.005118207074701786, 0.005232628900557756, 0.005529515910893679, 0.005705566145479679, 0.005034655332565308, 0.005291863344609737]
Training time: 2758 	steps per sec: 7
Eval num_timesteps=21504, episode_reward=nan +/- nan
Eval num_timesteps=21504, episode_success=nan +/- nan
se
16 16384 1024
diff [0.03306590020656586, 0.018071666359901428, -0.019956786185503006, 0.007475517690181732, 0.005613022483885288, -0.0020614415407180786, 0.002309054136276245, -0.0004075830802321434, -0.0012468257918953896, -0.002657989040017128, -0.0036586597561836243, -0.00674562668427825, 0.0011918162927031517, -0.0010607275180518627, -0.0004893094301223755, -0.0023182216100394726, -0.000775099266320467, -0.0011039739474654198, -0.002976532094180584, -0.0008393554016947746, -0.0008155903778970242, -0.0015656151808798313]
ref [0.07421281933784485, 0.04092702269554138, 0.0537286102771759, 0.016472047194838524, 0.014121648855507374, 0.01934879459440708, 0.012541098520159721, 0.011352328583598137, 0.011273046024143696, 0.010960126295685768, 0.010482452809810638, 0.013151620514690876, 0.005839698947966099, 0.007556270342320204, 0.006293250247836113, 0.007436428684741259, 0.006007728166878223, 0.0066334898583590984, 0.008682098239660263, 0.005874010734260082, 0.0061074537225067616, 0.005886492785066366]
[0.1072787195444107, 0.05899868905544281, 0.0337718240916729, 0.023947564885020256, 0.019734671339392662, 0.017287353053689003, 0.014850152656435966, 0.010944745503365993, 0.010026220232248306, 0.00830213725566864, 0.006823793053627014, 0.006405993830412626, 0.0070315152406692505, 0.006495542824268341, 0.0058039408177137375, 0.005118207074701786, 0.005232628900557756, 0.005529515910893679, 0.005705566145479679, 0.005034655332565308, 0.005291863344609737, 0.004320877604186535]
Training time: 2952 	steps per sec: 7
Eval num_timesteps=22528, episode_reward=nan +/- nan
Eval num_timesteps=22528, episode_success=nan +/- nan
se
16 16384 1024
diff [0.03306590020656586, 0.018071666359901428, -0.019956786185503006, 0.007475517690181732, 0.005613022483885288, -0.0020614415407180786, 0.002309054136276245, -0.0004075830802321434, -0.0012468257918953896, -0.002657989040017128, -0.0036586597561836243, -0.00674562668427825, 0.0011918162927031517, -0.0010607275180518627, -0.0004893094301223755, -0.0023182216100394726, -0.000775099266320467, -0.0011039739474654198, -0.002976532094180584, -0.0008393554016947746, -0.0008155903778970242, -0.0015656151808798313, -0.002131023909896612]
ref [0.07421281933784485, 0.04092702269554138, 0.0537286102771759, 0.016472047194838524, 0.014121648855507374, 0.01934879459440708, 0.012541098520159721, 0.011352328583598137, 0.011273046024143696, 0.010960126295685768, 0.010482452809810638, 0.013151620514690876, 0.005839698947966099, 0.007556270342320204, 0.006293250247836113, 0.007436428684741259, 0.006007728166878223, 0.0066334898583590984, 0.008682098239660263, 0.005874010734260082, 0.0061074537225067616, 0.005886492785066366, 0.006264987867325544]
[0.1072787195444107, 0.05899868905544281, 0.0337718240916729, 0.023947564885020256, 0.019734671339392662, 0.017287353053689003, 0.014850152656435966, 0.010944745503365993, 0.010026220232248306, 0.00830213725566864, 0.006823793053627014, 0.006405993830412626, 0.0070315152406692505, 0.006495542824268341, 0.0058039408177137375, 0.005118207074701786, 0.005232628900557756, 0.005529515910893679, 0.005705566145479679, 0.005034655332565308, 0.005291863344609737, 0.004320877604186535, 0.004133963957428932]
Training time: 3151 	steps per sec: 7
Eval num_timesteps=23552, episode_reward=nan +/- nan
Eval num_timesteps=23552, episode_success=nan +/- nan
se
16 16384 1024
diff [0.03306590020656586, 0.018071666359901428, -0.019956786185503006, 0.007475517690181732, 0.005613022483885288, -0.0020614415407180786, 0.002309054136276245, -0.0004075830802321434, -0.0012468257918953896, -0.002657989040017128, -0.0036586597561836243, -0.00674562668427825, 0.0011918162927031517, -0.0010607275180518627, -0.0004893094301223755, -0.0023182216100394726, -0.000775099266320467, -0.0011039739474654198, -0.002976532094180584, -0.0008393554016947746, -0.0008155903778970242, -0.0015656151808798313, -0.002131023909896612, -0.002951844595372677]
ref [0.07421281933784485, 0.04092702269554138, 0.0537286102771759, 0.016472047194838524, 0.014121648855507374, 0.01934879459440708, 0.012541098520159721, 0.011352328583598137, 0.011273046024143696, 0.010960126295685768, 0.010482452809810638, 0.013151620514690876, 0.005839698947966099, 0.007556270342320204, 0.006293250247836113, 0.007436428684741259, 0.006007728166878223, 0.0066334898583590984, 0.008682098239660263, 0.005874010734260082, 0.0061074537225067616, 0.005886492785066366, 0.006264987867325544, 0.007790622301399708]
[0.1072787195444107, 0.05899868905544281, 0.0337718240916729, 0.023947564885020256, 0.019734671339392662, 0.017287353053689003, 0.014850152656435966, 0.010944745503365993, 0.010026220232248306, 0.00830213725566864, 0.006823793053627014, 0.006405993830412626, 0.0070315152406692505, 0.006495542824268341, 0.0058039408177137375, 0.005118207074701786, 0.005232628900557756, 0.005529515910893679, 0.005705566145479679, 0.005034655332565308, 0.005291863344609737, 0.004320877604186535, 0.004133963957428932, 0.004838777706027031]
Training time: 3338 	steps per sec: 7
Eval num_timesteps=24576, episode_reward=nan +/- nan
Eval num_timesteps=24576, episode_success=nan +/- nan
se
16 16384 1024
diff [0.03306590020656586, 0.018071666359901428, -0.019956786185503006, 0.007475517690181732, 0.005613022483885288, -0.0020614415407180786, 0.002309054136276245, -0.0004075830802321434, -0.0012468257918953896, -0.002657989040017128, -0.0036586597561836243, -0.00674562668427825, 0.0011918162927031517, -0.0010607275180518627, -0.0004893094301223755, -0.0023182216100394726, -0.000775099266320467, -0.0011039739474654198, -0.002976532094180584, -0.0008393554016947746, -0.0008155903778970242, -0.0015656151808798313, -0.002131023909896612, -0.002951844595372677, -0.0010733352974057198]
ref [0.07421281933784485, 0.04092702269554138, 0.0537286102771759, 0.016472047194838524, 0.014121648855507374, 0.01934879459440708, 0.012541098520159721, 0.011352328583598137, 0.011273046024143696, 0.010960126295685768, 0.010482452809810638, 0.013151620514690876, 0.005839698947966099, 0.007556270342320204, 0.006293250247836113, 0.007436428684741259, 0.006007728166878223, 0.0066334898583590984, 0.008682098239660263, 0.005874010734260082, 0.0061074537225067616, 0.005886492785066366, 0.006264987867325544, 0.007790622301399708, 0.005595936439931393]
[0.1072787195444107, 0.05899868905544281, 0.0337718240916729, 0.023947564885020256, 0.019734671339392662, 0.017287353053689003, 0.014850152656435966, 0.010944745503365993, 0.010026220232248306, 0.00830213725566864, 0.006823793053627014, 0.006405993830412626, 0.0070315152406692505, 0.006495542824268341, 0.0058039408177137375, 0.005118207074701786, 0.005232628900557756, 0.005529515910893679, 0.005705566145479679, 0.005034655332565308, 0.005291863344609737, 0.004320877604186535, 0.004133963957428932, 0.004838777706027031, 0.004522601142525673]
Training time: 3531 	steps per sec: 7
Eval num_timesteps=25600, episode_reward=nan +/- nan
Eval num_timesteps=25600, episode_success=nan +/- nan
se
16 16384 1024
diff [0.03306590020656586, 0.018071666359901428, -0.019956786185503006, 0.007475517690181732, 0.005613022483885288, -0.0020614415407180786, 0.002309054136276245, -0.0004075830802321434, -0.0012468257918953896, -0.002657989040017128, -0.0036586597561836243, -0.00674562668427825, 0.0011918162927031517, -0.0010607275180518627, -0.0004893094301223755, -0.0023182216100394726, -0.000775099266320467, -0.0011039739474654198, -0.002976532094180584, -0.0008393554016947746, -0.0008155903778970242, -0.0015656151808798313, -0.002131023909896612, -0.002951844595372677, -0.0010733352974057198, -0.000993805006146431]
ref [0.07421281933784485, 0.04092702269554138, 0.0537286102771759, 0.016472047194838524, 0.014121648855507374, 0.01934879459440708, 0.012541098520159721, 0.011352328583598137, 0.011273046024143696, 0.010960126295685768, 0.010482452809810638, 0.013151620514690876, 0.005839698947966099, 0.007556270342320204, 0.006293250247836113, 0.007436428684741259, 0.006007728166878223, 0.0066334898583590984, 0.008682098239660263, 0.005874010734260082, 0.0061074537225067616, 0.005886492785066366, 0.006264987867325544, 0.007790622301399708, 0.005595936439931393, 0.005430827382951975]
[0.1072787195444107, 0.05899868905544281, 0.0337718240916729, 0.023947564885020256, 0.019734671339392662, 0.017287353053689003, 0.014850152656435966, 0.010944745503365993, 0.010026220232248306, 0.00830213725566864, 0.006823793053627014, 0.006405993830412626, 0.0070315152406692505, 0.006495542824268341, 0.0058039408177137375, 0.005118207074701786, 0.005232628900557756, 0.005529515910893679, 0.005705566145479679, 0.005034655332565308, 0.005291863344609737, 0.004320877604186535, 0.004133963957428932, 0.004838777706027031, 0.004522601142525673, 0.004437022376805544]
Training time: 3724 	steps per sec: 7
Eval num_timesteps=26624, episode_reward=nan +/- nan
Eval num_timesteps=26624, episode_success=nan +/- nan
se
16 16384 1024
diff [0.03306590020656586, 0.018071666359901428, -0.019956786185503006, 0.007475517690181732, 0.005613022483885288, -0.0020614415407180786, 0.002309054136276245, -0.0004075830802321434, -0.0012468257918953896, -0.002657989040017128, -0.0036586597561836243, -0.00674562668427825, 0.0011918162927031517, -0.0010607275180518627, -0.0004893094301223755, -0.0023182216100394726, -0.000775099266320467, -0.0011039739474654198, -0.002976532094180584, -0.0008393554016947746, -0.0008155903778970242, -0.0015656151808798313, -0.002131023909896612, -0.002951844595372677, -0.0010733352974057198, -0.000993805006146431, -0.0015697120688855648]
ref [0.07421281933784485, 0.04092702269554138, 0.0537286102771759, 0.016472047194838524, 0.014121648855507374, 0.01934879459440708, 0.012541098520159721, 0.011352328583598137, 0.011273046024143696, 0.010960126295685768, 0.010482452809810638, 0.013151620514690876, 0.005839698947966099, 0.007556270342320204, 0.006293250247836113, 0.007436428684741259, 0.006007728166878223, 0.0066334898583590984, 0.008682098239660263, 0.005874010734260082, 0.0061074537225067616, 0.005886492785066366, 0.006264987867325544, 0.007790622301399708, 0.005595936439931393, 0.005430827382951975, 0.0060907700099051]
[0.1072787195444107, 0.05899868905544281, 0.0337718240916729, 0.023947564885020256, 0.019734671339392662, 0.017287353053689003, 0.014850152656435966, 0.010944745503365993, 0.010026220232248306, 0.00830213725566864, 0.006823793053627014, 0.006405993830412626, 0.0070315152406692505, 0.006495542824268341, 0.0058039408177137375, 0.005118207074701786, 0.005232628900557756, 0.005529515910893679, 0.005705566145479679, 0.005034655332565308, 0.005291863344609737, 0.004320877604186535, 0.004133963957428932, 0.004838777706027031, 0.004522601142525673, 0.004437022376805544, 0.004521057941019535]
Training time: 3926 	steps per sec: 7
Eval num_timesteps=27648, episode_reward=nan +/- nan
Eval num_timesteps=27648, episode_success=nan +/- nan
se
16 16384 1024
diff [0.03306590020656586, 0.018071666359901428, -0.019956786185503006, 0.007475517690181732, 0.005613022483885288, -0.0020614415407180786, 0.002309054136276245, -0.0004075830802321434, -0.0012468257918953896, -0.002657989040017128, -0.0036586597561836243, -0.00674562668427825, 0.0011918162927031517, -0.0010607275180518627, -0.0004893094301223755, -0.0023182216100394726, -0.000775099266320467, -0.0011039739474654198, -0.002976532094180584, -0.0008393554016947746, -0.0008155903778970242, -0.0015656151808798313, -0.002131023909896612, -0.002951844595372677, -0.0010733352974057198, -0.000993805006146431, -0.0015697120688855648, -0.0004528793506324291]
ref [0.07421281933784485, 0.04092702269554138, 0.0537286102771759, 0.016472047194838524, 0.014121648855507374, 0.01934879459440708, 0.012541098520159721, 0.011352328583598137, 0.011273046024143696, 0.010960126295685768, 0.010482452809810638, 0.013151620514690876, 0.005839698947966099, 0.007556270342320204, 0.006293250247836113, 0.007436428684741259, 0.006007728166878223, 0.0066334898583590984, 0.008682098239660263, 0.005874010734260082, 0.0061074537225067616, 0.005886492785066366, 0.006264987867325544, 0.007790622301399708, 0.005595936439931393, 0.005430827382951975, 0.0060907700099051, 0.004720607306808233]
[0.1072787195444107, 0.05899868905544281, 0.0337718240916729, 0.023947564885020256, 0.019734671339392662, 0.017287353053689003, 0.014850152656435966, 0.010944745503365993, 0.010026220232248306, 0.00830213725566864, 0.006823793053627014, 0.006405993830412626, 0.0070315152406692505, 0.006495542824268341, 0.0058039408177137375, 0.005118207074701786, 0.005232628900557756, 0.005529515910893679, 0.005705566145479679, 0.005034655332565308, 0.005291863344609737, 0.004320877604186535, 0.004133963957428932, 0.004838777706027031, 0.004522601142525673, 0.004437022376805544, 0.004521057941019535, 0.004267727956175804]
Training time: 4119 	steps per sec: 6
Eval num_timesteps=28672, episode_reward=nan +/- nan
Eval num_timesteps=28672, episode_success=nan +/- nan
se
16 16384 1024
diff [0.03306590020656586, 0.018071666359901428, -0.019956786185503006, 0.007475517690181732, 0.005613022483885288, -0.0020614415407180786, 0.002309054136276245, -0.0004075830802321434, -0.0012468257918953896, -0.002657989040017128, -0.0036586597561836243, -0.00674562668427825, 0.0011918162927031517, -0.0010607275180518627, -0.0004893094301223755, -0.0023182216100394726, -0.000775099266320467, -0.0011039739474654198, -0.002976532094180584, -0.0008393554016947746, -0.0008155903778970242, -0.0015656151808798313, -0.002131023909896612, -0.002951844595372677, -0.0010733352974057198, -0.000993805006146431, -0.0015697120688855648, -0.0004528793506324291, -0.0016331106889992952]
ref [0.07421281933784485, 0.04092702269554138, 0.0537286102771759, 0.016472047194838524, 0.014121648855507374, 0.01934879459440708, 0.012541098520159721, 0.011352328583598137, 0.011273046024143696, 0.010960126295685768, 0.010482452809810638, 0.013151620514690876, 0.005839698947966099, 0.007556270342320204, 0.006293250247836113, 0.007436428684741259, 0.006007728166878223, 0.0066334898583590984, 0.008682098239660263, 0.005874010734260082, 0.0061074537225067616, 0.005886492785066366, 0.006264987867325544, 0.007790622301399708, 0.005595936439931393, 0.005430827382951975, 0.0060907700099051, 0.004720607306808233, 0.0055196527391672134]
[0.1072787195444107, 0.05899868905544281, 0.0337718240916729, 0.023947564885020256, 0.019734671339392662, 0.017287353053689003, 0.014850152656435966, 0.010944745503365993, 0.010026220232248306, 0.00830213725566864, 0.006823793053627014, 0.006405993830412626, 0.0070315152406692505, 0.006495542824268341, 0.0058039408177137375, 0.005118207074701786, 0.005232628900557756, 0.005529515910893679, 0.005705566145479679, 0.005034655332565308, 0.005291863344609737, 0.004320877604186535, 0.004133963957428932, 0.004838777706027031, 0.004522601142525673, 0.004437022376805544, 0.004521057941019535, 0.004267727956175804, 0.003886542050167918]
Training time: 4330 	steps per sec: 6
Eval num_timesteps=29696, episode_reward=nan +/- nan
Eval num_timesteps=29696, episode_success=nan +/- nan
se
16 16384 1024
diff [0.03306590020656586, 0.018071666359901428, -0.019956786185503006, 0.007475517690181732, 0.005613022483885288, -0.0020614415407180786, 0.002309054136276245, -0.0004075830802321434, -0.0012468257918953896, -0.002657989040017128, -0.0036586597561836243, -0.00674562668427825, 0.0011918162927031517, -0.0010607275180518627, -0.0004893094301223755, -0.0023182216100394726, -0.000775099266320467, -0.0011039739474654198, -0.002976532094180584, -0.0008393554016947746, -0.0008155903778970242, -0.0015656151808798313, -0.002131023909896612, -0.002951844595372677, -0.0010733352974057198, -0.000993805006146431, -0.0015697120688855648, -0.0004528793506324291, -0.0016331106889992952, -0.0017468566074967384]
ref [0.07421281933784485, 0.04092702269554138, 0.0537286102771759, 0.016472047194838524, 0.014121648855507374, 0.01934879459440708, 0.012541098520159721, 0.011352328583598137, 0.011273046024143696, 0.010960126295685768, 0.010482452809810638, 0.013151620514690876, 0.005839698947966099, 0.007556270342320204, 0.006293250247836113, 0.007436428684741259, 0.006007728166878223, 0.0066334898583590984, 0.008682098239660263, 0.005874010734260082, 0.0061074537225067616, 0.005886492785066366, 0.006264987867325544, 0.007790622301399708, 0.005595936439931393, 0.005430827382951975, 0.0060907700099051, 0.004720607306808233, 0.0055196527391672134, 0.005843062419444323]
[0.1072787195444107, 0.05899868905544281, 0.0337718240916729, 0.023947564885020256, 0.019734671339392662, 0.017287353053689003, 0.014850152656435966, 0.010944745503365993, 0.010026220232248306, 0.00830213725566864, 0.006823793053627014, 0.006405993830412626, 0.0070315152406692505, 0.006495542824268341, 0.0058039408177137375, 0.005118207074701786, 0.005232628900557756, 0.005529515910893679, 0.005705566145479679, 0.005034655332565308, 0.005291863344609737, 0.004320877604186535, 0.004133963957428932, 0.004838777706027031, 0.004522601142525673, 0.004437022376805544, 0.004521057941019535, 0.004267727956175804, 0.003886542050167918, 0.004096205811947584]
Training time: 4538 	steps per sec: 6
Eval num_timesteps=30720, episode_reward=nan +/- nan
Eval num_timesteps=30720, episode_success=nan +/- nan
se
16 16384 1024
diff [0.03306590020656586, 0.018071666359901428, -0.019956786185503006, 0.007475517690181732, 0.005613022483885288, -0.0020614415407180786, 0.002309054136276245, -0.0004075830802321434, -0.0012468257918953896, -0.002657989040017128, -0.0036586597561836243, -0.00674562668427825, 0.0011918162927031517, -0.0010607275180518627, -0.0004893094301223755, -0.0023182216100394726, -0.000775099266320467, -0.0011039739474654198, -0.002976532094180584, -0.0008393554016947746, -0.0008155903778970242, -0.0015656151808798313, -0.002131023909896612, -0.002951844595372677, -0.0010733352974057198, -0.000993805006146431, -0.0015697120688855648, -0.0004528793506324291, -0.0016331106889992952, -0.0017468566074967384, -0.0014502527192234993]
ref [0.07421281933784485, 0.04092702269554138, 0.0537286102771759, 0.016472047194838524, 0.014121648855507374, 0.01934879459440708, 0.012541098520159721, 0.011352328583598137, 0.011273046024143696, 0.010960126295685768, 0.010482452809810638, 0.013151620514690876, 0.005839698947966099, 0.007556270342320204, 0.006293250247836113, 0.007436428684741259, 0.006007728166878223, 0.0066334898583590984, 0.008682098239660263, 0.005874010734260082, 0.0061074537225067616, 0.005886492785066366, 0.006264987867325544, 0.007790622301399708, 0.005595936439931393, 0.005430827382951975, 0.0060907700099051, 0.004720607306808233, 0.0055196527391672134, 0.005843062419444323, 0.006212727166712284]
[0.1072787195444107, 0.05899868905544281, 0.0337718240916729, 0.023947564885020256, 0.019734671339392662, 0.017287353053689003, 0.014850152656435966, 0.010944745503365993, 0.010026220232248306, 0.00830213725566864, 0.006823793053627014, 0.006405993830412626, 0.0070315152406692505, 0.006495542824268341, 0.0058039408177137375, 0.005118207074701786, 0.005232628900557756, 0.005529515910893679, 0.005705566145479679, 0.005034655332565308, 0.005291863344609737, 0.004320877604186535, 0.004133963957428932, 0.004838777706027031, 0.004522601142525673, 0.004437022376805544, 0.004521057941019535, 0.004267727956175804, 0.003886542050167918, 0.004096205811947584, 0.004762474447488785]
Training time: 4724 	steps per sec: 6
Eval num_timesteps=31744, episode_reward=nan +/- nan
Eval num_timesteps=31744, episode_success=nan +/- nan
se
16 16384 1024
diff [0.03306590020656586, 0.018071666359901428, -0.019956786185503006, 0.007475517690181732, 0.005613022483885288, -0.0020614415407180786, 0.002309054136276245, -0.0004075830802321434, -0.0012468257918953896, -0.002657989040017128, -0.0036586597561836243, -0.00674562668427825, 0.0011918162927031517, -0.0010607275180518627, -0.0004893094301223755, -0.0023182216100394726, -0.000775099266320467, -0.0011039739474654198, -0.002976532094180584, -0.0008393554016947746, -0.0008155903778970242, -0.0015656151808798313, -0.002131023909896612, -0.002951844595372677, -0.0010733352974057198, -0.000993805006146431, -0.0015697120688855648, -0.0004528793506324291, -0.0016331106889992952, -0.0017468566074967384, -0.0014502527192234993, 0.0009174374863505363]
ref [0.07421281933784485, 0.04092702269554138, 0.0537286102771759, 0.016472047194838524, 0.014121648855507374, 0.01934879459440708, 0.012541098520159721, 0.011352328583598137, 0.011273046024143696, 0.010960126295685768, 0.010482452809810638, 0.013151620514690876, 0.005839698947966099, 0.007556270342320204, 0.006293250247836113, 0.007436428684741259, 0.006007728166878223, 0.0066334898583590984, 0.008682098239660263, 0.005874010734260082, 0.0061074537225067616, 0.005886492785066366, 0.006264987867325544, 0.007790622301399708, 0.005595936439931393, 0.005430827382951975, 0.0060907700099051, 0.004720607306808233, 0.0055196527391672134, 0.005843062419444323, 0.006212727166712284, 0.005163270514458418]
[0.1072787195444107, 0.05899868905544281, 0.0337718240916729, 0.023947564885020256, 0.019734671339392662, 0.017287353053689003, 0.014850152656435966, 0.010944745503365993, 0.010026220232248306, 0.00830213725566864, 0.006823793053627014, 0.006405993830412626, 0.0070315152406692505, 0.006495542824268341, 0.0058039408177137375, 0.005118207074701786, 0.005232628900557756, 0.005529515910893679, 0.005705566145479679, 0.005034655332565308, 0.005291863344609737, 0.004320877604186535, 0.004133963957428932, 0.004838777706027031, 0.004522601142525673, 0.004437022376805544, 0.004521057941019535, 0.004267727956175804, 0.003886542050167918, 0.004096205811947584, 0.004762474447488785, 0.006080708000808954]
Training time: 4916 	steps per sec: 6
Eval num_timesteps=32768, episode_reward=nan +/- nan
Eval num_timesteps=32768, episode_success=nan +/- nan
results/Swimmer-v4/
results/Swimmer-v4/ppo_ros/
results/Swimmer-v4/ppo_ros/expert/
results/Swimmer-v4/ppo_ros/expert/b_16/
results/Swimmer-v4/ppo_ros/expert/b_16/no_clip_lambda/
results/Swimmer-v4/ppo_ros/expert/b_16/no_clip_lambda/run_1/
results/Swimmer-v4/ppo_ros/expert/b_16/no_clip_lambda/run_1/stats.npz
results/Swimmer-v4/ppo_ros/expert/b_16/no_clip_lambda/run_1/config.yml
results/Swimmer-v4/ppo_ros/expert/b_16/no_clip_lambda/run_1/evaluations.npz
