ppo_ros_continuous.py --env-id HalfCheetah-v4 -s expert/b_16/no_clip_lambda --total-timesteps 32768 --eval-freq 1 --eval-episodes 0 -b 16 --num-steps 1024 -lr 0 --update-epochs 0 --anneal-lr 0 --ros-num-steps 256 --ros-update-epochs 16 --ros-target-kl 0.05 --ros-clip-coef 999999999 --ros-lambda 0 -ros-lr 0.001 --ros-anneal-lr 0 --se 1 --se-freq 1 --se-lr 1e-3 --se-epochs 1000 --policy-path policies/HalfCheetah-v4/best_model.zip --normalization-dir policies/HalfCheetah-v4
Obtaining file:///var/lib/condor/execute/slot1/dir_31378/PPOROS/PPOROS/custom-envs
  Preparing metadata (setup.py): started
  Preparing metadata (setup.py): finished with status 'done'
Requirement already satisfied: gym in /var/lib/condor/execute/slot1/dir_31378/PPOROS/ppo-ros_env/lib/python3.9/site-packages (from custom-envs==0.0.1) (0.21.0)
Requirement already satisfied: cloudpickle>=1.2.0 in /var/lib/condor/execute/slot1/dir_31378/PPOROS/ppo-ros_env/lib/python3.9/site-packages (from gym->custom-envs==0.0.1) (2.2.1)
Requirement already satisfied: numpy>=1.18.0 in /var/lib/condor/execute/slot1/dir_31378/PPOROS/ppo-ros_env/lib/python3.9/site-packages (from gym->custom-envs==0.0.1) (1.24.2)
Installing collected packages: custom-envs
  Running setup.py develop for custom-envs
Successfully installed custom-envs-0.0.1
seed: 1
Eval num_timesteps=0, episode_reward=nan +/- nan
Eval num_timesteps=0, episode_success=nan +/- nan
se
1 1024 1024
diff [0.04853057861328125]
ref [0.2576179504394531]
[0.3061485290527344]
Training time: 33 	steps per sec: 30
Eval num_timesteps=1024, episode_reward=nan +/- nan
Eval num_timesteps=1024, episode_success=nan +/- nan
se
2 2048 1024
diff [0.04853057861328125, -0.05137834697961807]
ref [0.2576179504394531, 0.15170937776565552]
[0.3061485290527344, 0.10033103078603745]
Training time: 83 	steps per sec: 24
Eval num_timesteps=2048, episode_reward=nan +/- nan
Eval num_timesteps=2048, episode_success=nan +/- nan
se
3 3072 1024
diff [0.04853057861328125, -0.05137834697961807, -0.015630073845386505]
ref [0.2576179504394531, 0.15170937776565552, 0.08640139549970627]
[0.3061485290527344, 0.10033103078603745, 0.07077132165431976]
Training time: 141 	steps per sec: 21
Eval num_timesteps=3072, episode_reward=nan +/- nan
Eval num_timesteps=3072, episode_success=nan +/- nan
se
4 4096 1024
diff [0.04853057861328125, -0.05137834697961807, -0.015630073845386505, 0.00776706263422966]
ref [0.2576179504394531, 0.15170937776565552, 0.08640139549970627, 0.053555574268102646]
[0.3061485290527344, 0.10033103078603745, 0.07077132165431976, 0.061322636902332306]
Training time: 212 	steps per sec: 19
Eval num_timesteps=4096, episode_reward=nan +/- nan
Eval num_timesteps=4096, episode_success=nan +/- nan
se
5 5120 1024
diff [0.04853057861328125, -0.05137834697961807, -0.015630073845386505, 0.00776706263422966, 0.0013566464185714722]
ref [0.2576179504394531, 0.15170937776565552, 0.08640139549970627, 0.053555574268102646, 0.046442169696092606]
[0.3061485290527344, 0.10033103078603745, 0.07077132165431976, 0.061322636902332306, 0.04779881611466408]
Training time: 294 	steps per sec: 17
Eval num_timesteps=5120, episode_reward=nan +/- nan
Eval num_timesteps=5120, episode_success=nan +/- nan
se
6 6144 1024
diff [0.04853057861328125, -0.05137834697961807, -0.015630073845386505, 0.00776706263422966, 0.0013566464185714722, -0.006682626903057098]
ref [0.2576179504394531, 0.15170937776565552, 0.08640139549970627, 0.053555574268102646, 0.046442169696092606, 0.04501856490969658]
[0.3061485290527344, 0.10033103078603745, 0.07077132165431976, 0.061322636902332306, 0.04779881611466408, 0.03833593800663948]
Training time: 389 	steps per sec: 15
Eval num_timesteps=6144, episode_reward=nan +/- nan
Eval num_timesteps=6144, episode_success=nan +/- nan
se
7 7168 1024
diff [0.04853057861328125, -0.05137834697961807, -0.015630073845386505, 0.00776706263422966, 0.0013566464185714722, -0.006682626903057098, -0.006554709747433662]
ref [0.2576179504394531, 0.15170937776565552, 0.08640139549970627, 0.053555574268102646, 0.046442169696092606, 0.04501856490969658, 0.037062402814626694]
[0.3061485290527344, 0.10033103078603745, 0.07077132165431976, 0.061322636902332306, 0.04779881611466408, 0.03833593800663948, 0.03050769306719303]
Training time: 488 	steps per sec: 14
Eval num_timesteps=7168, episode_reward=nan +/- nan
Eval num_timesteps=7168, episode_success=nan +/- nan
se
8 8192 1024
diff [0.04853057861328125, -0.05137834697961807, -0.015630073845386505, 0.00776706263422966, 0.0013566464185714722, -0.006682626903057098, -0.006554709747433662, -0.004516921937465668]
ref [0.2576179504394531, 0.15170937776565552, 0.08640139549970627, 0.053555574268102646, 0.046442169696092606, 0.04501856490969658, 0.037062402814626694, 0.031222280114889145]
[0.3061485290527344, 0.10033103078603745, 0.07077132165431976, 0.061322636902332306, 0.04779881611466408, 0.03833593800663948, 0.03050769306719303, 0.026705358177423477]
Training time: 618 	steps per sec: 13
Eval num_timesteps=8192, episode_reward=nan +/- nan
Eval num_timesteps=8192, episode_success=nan +/- nan
se
9 9216 1024
diff [0.04853057861328125, -0.05137834697961807, -0.015630073845386505, 0.00776706263422966, 0.0013566464185714722, -0.006682626903057098, -0.006554709747433662, -0.004516921937465668, -0.008254073560237885]
ref [0.2576179504394531, 0.15170937776565552, 0.08640139549970627, 0.053555574268102646, 0.046442169696092606, 0.04501856490969658, 0.037062402814626694, 0.031222280114889145, 0.032676517963409424]
[0.3061485290527344, 0.10033103078603745, 0.07077132165431976, 0.061322636902332306, 0.04779881611466408, 0.03833593800663948, 0.03050769306719303, 0.026705358177423477, 0.02442244440317154]
Training time: 730 	steps per sec: 12
Eval num_timesteps=9216, episode_reward=nan +/- nan
Eval num_timesteps=9216, episode_success=nan +/- nan
se
10 10240 1024
diff [0.04853057861328125, -0.05137834697961807, -0.015630073845386505, 0.00776706263422966, 0.0013566464185714722, -0.006682626903057098, -0.006554709747433662, -0.004516921937465668, -0.008254073560237885, -0.003239104524254799]
ref [0.2576179504394531, 0.15170937776565552, 0.08640139549970627, 0.053555574268102646, 0.046442169696092606, 0.04501856490969658, 0.037062402814626694, 0.031222280114889145, 0.032676517963409424, 0.024431103840470314]
[0.3061485290527344, 0.10033103078603745, 0.07077132165431976, 0.061322636902332306, 0.04779881611466408, 0.03833593800663948, 0.03050769306719303, 0.026705358177423477, 0.02442244440317154, 0.021191999316215515]
Training time: 862 	steps per sec: 11
Eval num_timesteps=10240, episode_reward=nan +/- nan
Eval num_timesteps=10240, episode_success=nan +/- nan
se
11 11264 1024
diff [0.04853057861328125, -0.05137834697961807, -0.015630073845386505, 0.00776706263422966, 0.0013566464185714722, -0.006682626903057098, -0.006554709747433662, -0.004516921937465668, -0.008254073560237885, -0.003239104524254799, -0.002896534278988838]
ref [0.2576179504394531, 0.15170937776565552, 0.08640139549970627, 0.053555574268102646, 0.046442169696092606, 0.04501856490969658, 0.037062402814626694, 0.031222280114889145, 0.032676517963409424, 0.024431103840470314, 0.022354835644364357]
[0.3061485290527344, 0.10033103078603745, 0.07077132165431976, 0.061322636902332306, 0.04779881611466408, 0.03833593800663948, 0.03050769306719303, 0.026705358177423477, 0.02442244440317154, 0.021191999316215515, 0.01945830136537552]
Training time: 1012 	steps per sec: 11
Eval num_timesteps=11264, episode_reward=nan +/- nan
Eval num_timesteps=11264, episode_success=nan +/- nan
se
12 12288 1024
diff [0.04853057861328125, -0.05137834697961807, -0.015630073845386505, 0.00776706263422966, 0.0013566464185714722, -0.006682626903057098, -0.006554709747433662, -0.004516921937465668, -0.008254073560237885, -0.003239104524254799, -0.002896534278988838, -0.001251664012670517]
ref [0.2576179504394531, 0.15170937776565552, 0.08640139549970627, 0.053555574268102646, 0.046442169696092606, 0.04501856490969658, 0.037062402814626694, 0.031222280114889145, 0.032676517963409424, 0.024431103840470314, 0.022354835644364357, 0.018968675285577774]
[0.3061485290527344, 0.10033103078603745, 0.07077132165431976, 0.061322636902332306, 0.04779881611466408, 0.03833593800663948, 0.03050769306719303, 0.026705358177423477, 0.02442244440317154, 0.021191999316215515, 0.01945830136537552, 0.017717011272907257]
Training time: 1169 	steps per sec: 10
Eval num_timesteps=12288, episode_reward=nan +/- nan
Eval num_timesteps=12288, episode_success=nan +/- nan
se
13 13312 1024
diff [0.04853057861328125, -0.05137834697961807, -0.015630073845386505, 0.00776706263422966, 0.0013566464185714722, -0.006682626903057098, -0.006554709747433662, -0.004516921937465668, -0.008254073560237885, -0.003239104524254799, -0.002896534278988838, -0.001251664012670517, -0.005120759829878807]
ref [0.2576179504394531, 0.15170937776565552, 0.08640139549970627, 0.053555574268102646, 0.046442169696092606, 0.04501856490969658, 0.037062402814626694, 0.031222280114889145, 0.032676517963409424, 0.024431103840470314, 0.022354835644364357, 0.018968675285577774, 0.021896036341786385]
[0.3061485290527344, 0.10033103078603745, 0.07077132165431976, 0.061322636902332306, 0.04779881611466408, 0.03833593800663948, 0.03050769306719303, 0.026705358177423477, 0.02442244440317154, 0.021191999316215515, 0.01945830136537552, 0.017717011272907257, 0.016775276511907578]
Training time: 1327 	steps per sec: 10
Eval num_timesteps=13312, episode_reward=nan +/- nan
Eval num_timesteps=13312, episode_success=nan +/- nan
se
14 14336 1024
diff [0.04853057861328125, -0.05137834697961807, -0.015630073845386505, 0.00776706263422966, 0.0013566464185714722, -0.006682626903057098, -0.006554709747433662, -0.004516921937465668, -0.008254073560237885, -0.003239104524254799, -0.002896534278988838, -0.001251664012670517, -0.005120759829878807, -0.0012405766174197197]
ref [0.2576179504394531, 0.15170937776565552, 0.08640139549970627, 0.053555574268102646, 0.046442169696092606, 0.04501856490969658, 0.037062402814626694, 0.031222280114889145, 0.032676517963409424, 0.024431103840470314, 0.022354835644364357, 0.018968675285577774, 0.021896036341786385, 0.016482489183545113]
[0.3061485290527344, 0.10033103078603745, 0.07077132165431976, 0.061322636902332306, 0.04779881611466408, 0.03833593800663948, 0.03050769306719303, 0.026705358177423477, 0.02442244440317154, 0.021191999316215515, 0.01945830136537552, 0.017717011272907257, 0.016775276511907578, 0.015241912566125393]
Training time: 1511 	steps per sec: 9
Eval num_timesteps=14336, episode_reward=nan +/- nan
Eval num_timesteps=14336, episode_success=nan +/- nan
se
15 15360 1024
diff [0.04853057861328125, -0.05137834697961807, -0.015630073845386505, 0.00776706263422966, 0.0013566464185714722, -0.006682626903057098, -0.006554709747433662, -0.004516921937465668, -0.008254073560237885, -0.003239104524254799, -0.002896534278988838, -0.001251664012670517, -0.005120759829878807, -0.0012405766174197197, -0.0032630842179059982]
ref [0.2576179504394531, 0.15170937776565552, 0.08640139549970627, 0.053555574268102646, 0.046442169696092606, 0.04501856490969658, 0.037062402814626694, 0.031222280114889145, 0.032676517963409424, 0.024431103840470314, 0.022354835644364357, 0.018968675285577774, 0.021896036341786385, 0.016482489183545113, 0.0181233249604702]
[0.3061485290527344, 0.10033103078603745, 0.07077132165431976, 0.061322636902332306, 0.04779881611466408, 0.03833593800663948, 0.03050769306719303, 0.026705358177423477, 0.02442244440317154, 0.021191999316215515, 0.01945830136537552, 0.017717011272907257, 0.016775276511907578, 0.015241912566125393, 0.014860240742564201]
Training time: 1709 	steps per sec: 8
Eval num_timesteps=15360, episode_reward=nan +/- nan
Eval num_timesteps=15360, episode_success=nan +/- nan
se
16 16384 1024
diff [0.04853057861328125, -0.05137834697961807, -0.015630073845386505, 0.00776706263422966, 0.0013566464185714722, -0.006682626903057098, -0.006554709747433662, -0.004516921937465668, -0.008254073560237885, -0.003239104524254799, -0.002896534278988838, -0.001251664012670517, -0.005120759829878807, -0.0012405766174197197, -0.0032630842179059982, -0.0007650693878531456]
ref [0.2576179504394531, 0.15170937776565552, 0.08640139549970627, 0.053555574268102646, 0.046442169696092606, 0.04501856490969658, 0.037062402814626694, 0.031222280114889145, 0.032676517963409424, 0.024431103840470314, 0.022354835644364357, 0.018968675285577774, 0.021896036341786385, 0.016482489183545113, 0.0181233249604702, 0.014359069988131523]
[0.3061485290527344, 0.10033103078603745, 0.07077132165431976, 0.061322636902332306, 0.04779881611466408, 0.03833593800663948, 0.03050769306719303, 0.026705358177423477, 0.02442244440317154, 0.021191999316215515, 0.01945830136537552, 0.017717011272907257, 0.016775276511907578, 0.015241912566125393, 0.014860240742564201, 0.013594000600278378]
Training time: 1917 	steps per sec: 8
Eval num_timesteps=16384, episode_reward=nan +/- nan
Eval num_timesteps=16384, episode_success=nan +/- nan
se
16 16384 1024
diff [0.04853057861328125, -0.05137834697961807, -0.015630073845386505, 0.00776706263422966, 0.0013566464185714722, -0.006682626903057098, -0.006554709747433662, -0.004516921937465668, -0.008254073560237885, -0.003239104524254799, -0.002896534278988838, -0.001251664012670517, -0.005120759829878807, -0.0012405766174197197, -0.0032630842179059982, -0.0007650693878531456, -0.0007921094074845314]
ref [0.2576179504394531, 0.15170937776565552, 0.08640139549970627, 0.053555574268102646, 0.046442169696092606, 0.04501856490969658, 0.037062402814626694, 0.031222280114889145, 0.032676517963409424, 0.024431103840470314, 0.022354835644364357, 0.018968675285577774, 0.021896036341786385, 0.016482489183545113, 0.0181233249604702, 0.014359069988131523, 0.014141985215246677]
[0.3061485290527344, 0.10033103078603745, 0.07077132165431976, 0.061322636902332306, 0.04779881611466408, 0.03833593800663948, 0.03050769306719303, 0.026705358177423477, 0.02442244440317154, 0.021191999316215515, 0.01945830136537552, 0.017717011272907257, 0.016775276511907578, 0.015241912566125393, 0.014860240742564201, 0.013594000600278378, 0.013349875807762146]
Training time: 2117 	steps per sec: 8
Eval num_timesteps=17408, episode_reward=nan +/- nan
Eval num_timesteps=17408, episode_success=nan +/- nan
se
16 16384 1024
diff [0.04853057861328125, -0.05137834697961807, -0.015630073845386505, 0.00776706263422966, 0.0013566464185714722, -0.006682626903057098, -0.006554709747433662, -0.004516921937465668, -0.008254073560237885, -0.003239104524254799, -0.002896534278988838, -0.001251664012670517, -0.005120759829878807, -0.0012405766174197197, -0.0032630842179059982, -0.0007650693878531456, -0.0007921094074845314, -0.00306815467774868]
ref [0.2576179504394531, 0.15170937776565552, 0.08640139549970627, 0.053555574268102646, 0.046442169696092606, 0.04501856490969658, 0.037062402814626694, 0.031222280114889145, 0.032676517963409424, 0.024431103840470314, 0.022354835644364357, 0.018968675285577774, 0.021896036341786385, 0.016482489183545113, 0.0181233249604702, 0.014359069988131523, 0.014141985215246677, 0.016317464411258698]
[0.3061485290527344, 0.10033103078603745, 0.07077132165431976, 0.061322636902332306, 0.04779881611466408, 0.03833593800663948, 0.03050769306719303, 0.026705358177423477, 0.02442244440317154, 0.021191999316215515, 0.01945830136537552, 0.017717011272907257, 0.016775276511907578, 0.015241912566125393, 0.014860240742564201, 0.013594000600278378, 0.013349875807762146, 0.013249309733510017]
Training time: 2313 	steps per sec: 7
Eval num_timesteps=18432, episode_reward=nan +/- nan
Eval num_timesteps=18432, episode_success=nan +/- nan
se
16 16384 1024
diff [0.04853057861328125, -0.05137834697961807, -0.015630073845386505, 0.00776706263422966, 0.0013566464185714722, -0.006682626903057098, -0.006554709747433662, -0.004516921937465668, -0.008254073560237885, -0.003239104524254799, -0.002896534278988838, -0.001251664012670517, -0.005120759829878807, -0.0012405766174197197, -0.0032630842179059982, -0.0007650693878531456, -0.0007921094074845314, -0.00306815467774868, -0.002881034277379513]
ref [0.2576179504394531, 0.15170937776565552, 0.08640139549970627, 0.053555574268102646, 0.046442169696092606, 0.04501856490969658, 0.037062402814626694, 0.031222280114889145, 0.032676517963409424, 0.024431103840470314, 0.022354835644364357, 0.018968675285577774, 0.021896036341786385, 0.016482489183545113, 0.0181233249604702, 0.014359069988131523, 0.014141985215246677, 0.016317464411258698, 0.015668267384171486]
[0.3061485290527344, 0.10033103078603745, 0.07077132165431976, 0.061322636902332306, 0.04779881611466408, 0.03833593800663948, 0.03050769306719303, 0.026705358177423477, 0.02442244440317154, 0.021191999316215515, 0.01945830136537552, 0.017717011272907257, 0.016775276511907578, 0.015241912566125393, 0.014860240742564201, 0.013594000600278378, 0.013349875807762146, 0.013249309733510017, 0.012787233106791973]
Training time: 2510 	steps per sec: 7
Eval num_timesteps=19456, episode_reward=nan +/- nan
Eval num_timesteps=19456, episode_success=nan +/- nan
se
16 16384 1024
diff [0.04853057861328125, -0.05137834697961807, -0.015630073845386505, 0.00776706263422966, 0.0013566464185714722, -0.006682626903057098, -0.006554709747433662, -0.004516921937465668, -0.008254073560237885, -0.003239104524254799, -0.002896534278988838, -0.001251664012670517, -0.005120759829878807, -0.0012405766174197197, -0.0032630842179059982, -0.0007650693878531456, -0.0007921094074845314, -0.00306815467774868, -0.002881034277379513, -0.001415119506418705]
ref [0.2576179504394531, 0.15170937776565552, 0.08640139549970627, 0.053555574268102646, 0.046442169696092606, 0.04501856490969658, 0.037062402814626694, 0.031222280114889145, 0.032676517963409424, 0.024431103840470314, 0.022354835644364357, 0.018968675285577774, 0.021896036341786385, 0.016482489183545113, 0.0181233249604702, 0.014359069988131523, 0.014141985215246677, 0.016317464411258698, 0.015668267384171486, 0.014611288905143738]
[0.3061485290527344, 0.10033103078603745, 0.07077132165431976, 0.061322636902332306, 0.04779881611466408, 0.03833593800663948, 0.03050769306719303, 0.026705358177423477, 0.02442244440317154, 0.021191999316215515, 0.01945830136537552, 0.017717011272907257, 0.016775276511907578, 0.015241912566125393, 0.014860240742564201, 0.013594000600278378, 0.013349875807762146, 0.013249309733510017, 0.012787233106791973, 0.013196169398725033]
Training time: 2689 	steps per sec: 7
Eval num_timesteps=20480, episode_reward=nan +/- nan
Eval num_timesteps=20480, episode_success=nan +/- nan
se
16 16384 1024
diff [0.04853057861328125, -0.05137834697961807, -0.015630073845386505, 0.00776706263422966, 0.0013566464185714722, -0.006682626903057098, -0.006554709747433662, -0.004516921937465668, -0.008254073560237885, -0.003239104524254799, -0.002896534278988838, -0.001251664012670517, -0.005120759829878807, -0.0012405766174197197, -0.0032630842179059982, -0.0007650693878531456, -0.0007921094074845314, -0.00306815467774868, -0.002881034277379513, -0.001415119506418705, -0.003283443860709667]
ref [0.2576179504394531, 0.15170937776565552, 0.08640139549970627, 0.053555574268102646, 0.046442169696092606, 0.04501856490969658, 0.037062402814626694, 0.031222280114889145, 0.032676517963409424, 0.024431103840470314, 0.022354835644364357, 0.018968675285577774, 0.021896036341786385, 0.016482489183545113, 0.0181233249604702, 0.014359069988131523, 0.014141985215246677, 0.016317464411258698, 0.015668267384171486, 0.014611288905143738, 0.016579266637563705]
[0.3061485290527344, 0.10033103078603745, 0.07077132165431976, 0.061322636902332306, 0.04779881611466408, 0.03833593800663948, 0.03050769306719303, 0.026705358177423477, 0.02442244440317154, 0.021191999316215515, 0.01945830136537552, 0.017717011272907257, 0.016775276511907578, 0.015241912566125393, 0.014860240742564201, 0.013594000600278378, 0.013349875807762146, 0.013249309733510017, 0.012787233106791973, 0.013196169398725033, 0.013295822776854038]
Training time: 2873 	steps per sec: 7
Eval num_timesteps=21504, episode_reward=nan +/- nan
Eval num_timesteps=21504, episode_success=nan +/- nan
se
16 16384 1024
diff [0.04853057861328125, -0.05137834697961807, -0.015630073845386505, 0.00776706263422966, 0.0013566464185714722, -0.006682626903057098, -0.006554709747433662, -0.004516921937465668, -0.008254073560237885, -0.003239104524254799, -0.002896534278988838, -0.001251664012670517, -0.005120759829878807, -0.0012405766174197197, -0.0032630842179059982, -0.0007650693878531456, -0.0007921094074845314, -0.00306815467774868, -0.002881034277379513, -0.001415119506418705, -0.003283443860709667, -0.002263203263282776]
ref [0.2576179504394531, 0.15170937776565552, 0.08640139549970627, 0.053555574268102646, 0.046442169696092606, 0.04501856490969658, 0.037062402814626694, 0.031222280114889145, 0.032676517963409424, 0.024431103840470314, 0.022354835644364357, 0.018968675285577774, 0.021896036341786385, 0.016482489183545113, 0.0181233249604702, 0.014359069988131523, 0.014141985215246677, 0.016317464411258698, 0.015668267384171486, 0.014611288905143738, 0.016579266637563705, 0.01515749841928482]
[0.3061485290527344, 0.10033103078603745, 0.07077132165431976, 0.061322636902332306, 0.04779881611466408, 0.03833593800663948, 0.03050769306719303, 0.026705358177423477, 0.02442244440317154, 0.021191999316215515, 0.01945830136537552, 0.017717011272907257, 0.016775276511907578, 0.015241912566125393, 0.014860240742564201, 0.013594000600278378, 0.013349875807762146, 0.013249309733510017, 0.012787233106791973, 0.013196169398725033, 0.013295822776854038, 0.012894295156002045]
Training time: 3051 	steps per sec: 7
Eval num_timesteps=22528, episode_reward=nan +/- nan
Eval num_timesteps=22528, episode_success=nan +/- nan
se
16 16384 1024
diff [0.04853057861328125, -0.05137834697961807, -0.015630073845386505, 0.00776706263422966, 0.0013566464185714722, -0.006682626903057098, -0.006554709747433662, -0.004516921937465668, -0.008254073560237885, -0.003239104524254799, -0.002896534278988838, -0.001251664012670517, -0.005120759829878807, -0.0012405766174197197, -0.0032630842179059982, -0.0007650693878531456, -0.0007921094074845314, -0.00306815467774868, -0.002881034277379513, -0.001415119506418705, -0.003283443860709667, -0.002263203263282776, -0.0010213656350970268]
ref [0.2576179504394531, 0.15170937776565552, 0.08640139549970627, 0.053555574268102646, 0.046442169696092606, 0.04501856490969658, 0.037062402814626694, 0.031222280114889145, 0.032676517963409424, 0.024431103840470314, 0.022354835644364357, 0.018968675285577774, 0.021896036341786385, 0.016482489183545113, 0.0181233249604702, 0.014359069988131523, 0.014141985215246677, 0.016317464411258698, 0.015668267384171486, 0.014611288905143738, 0.016579266637563705, 0.01515749841928482, 0.013572987169027328]
[0.3061485290527344, 0.10033103078603745, 0.07077132165431976, 0.061322636902332306, 0.04779881611466408, 0.03833593800663948, 0.03050769306719303, 0.026705358177423477, 0.02442244440317154, 0.021191999316215515, 0.01945830136537552, 0.017717011272907257, 0.016775276511907578, 0.015241912566125393, 0.014860240742564201, 0.013594000600278378, 0.013349875807762146, 0.013249309733510017, 0.012787233106791973, 0.013196169398725033, 0.013295822776854038, 0.012894295156002045, 0.012551621533930302]
Training time: 3232 	steps per sec: 7
Eval num_timesteps=23552, episode_reward=nan +/- nan
Eval num_timesteps=23552, episode_success=nan +/- nan
se
16 16384 1024
diff [0.04853057861328125, -0.05137834697961807, -0.015630073845386505, 0.00776706263422966, 0.0013566464185714722, -0.006682626903057098, -0.006554709747433662, -0.004516921937465668, -0.008254073560237885, -0.003239104524254799, -0.002896534278988838, -0.001251664012670517, -0.005120759829878807, -0.0012405766174197197, -0.0032630842179059982, -0.0007650693878531456, -0.0007921094074845314, -0.00306815467774868, -0.002881034277379513, -0.001415119506418705, -0.003283443860709667, -0.002263203263282776, -0.0010213656350970268, -0.0030414247885346413]
ref [0.2576179504394531, 0.15170937776565552, 0.08640139549970627, 0.053555574268102646, 0.046442169696092606, 0.04501856490969658, 0.037062402814626694, 0.031222280114889145, 0.032676517963409424, 0.024431103840470314, 0.022354835644364357, 0.018968675285577774, 0.021896036341786385, 0.016482489183545113, 0.0181233249604702, 0.014359069988131523, 0.014141985215246677, 0.016317464411258698, 0.015668267384171486, 0.014611288905143738, 0.016579266637563705, 0.01515749841928482, 0.013572987169027328, 0.016640815883874893]
[0.3061485290527344, 0.10033103078603745, 0.07077132165431976, 0.061322636902332306, 0.04779881611466408, 0.03833593800663948, 0.03050769306719303, 0.026705358177423477, 0.02442244440317154, 0.021191999316215515, 0.01945830136537552, 0.017717011272907257, 0.016775276511907578, 0.015241912566125393, 0.014860240742564201, 0.013594000600278378, 0.013349875807762146, 0.013249309733510017, 0.012787233106791973, 0.013196169398725033, 0.013295822776854038, 0.012894295156002045, 0.012551621533930302, 0.013599391095340252]
Training time: 3418 	steps per sec: 7
Eval num_timesteps=24576, episode_reward=nan +/- nan
Eval num_timesteps=24576, episode_success=nan +/- nan
se
16 16384 1024
diff [0.04853057861328125, -0.05137834697961807, -0.015630073845386505, 0.00776706263422966, 0.0013566464185714722, -0.006682626903057098, -0.006554709747433662, -0.004516921937465668, -0.008254073560237885, -0.003239104524254799, -0.002896534278988838, -0.001251664012670517, -0.005120759829878807, -0.0012405766174197197, -0.0032630842179059982, -0.0007650693878531456, -0.0007921094074845314, -0.00306815467774868, -0.002881034277379513, -0.001415119506418705, -0.003283443860709667, -0.002263203263282776, -0.0010213656350970268, -0.0030414247885346413, -0.001963229849934578]
ref [0.2576179504394531, 0.15170937776565552, 0.08640139549970627, 0.053555574268102646, 0.046442169696092606, 0.04501856490969658, 0.037062402814626694, 0.031222280114889145, 0.032676517963409424, 0.024431103840470314, 0.022354835644364357, 0.018968675285577774, 0.021896036341786385, 0.016482489183545113, 0.0181233249604702, 0.014359069988131523, 0.014141985215246677, 0.016317464411258698, 0.015668267384171486, 0.014611288905143738, 0.016579266637563705, 0.01515749841928482, 0.013572987169027328, 0.016640815883874893, 0.016163600608706474]
[0.3061485290527344, 0.10033103078603745, 0.07077132165431976, 0.061322636902332306, 0.04779881611466408, 0.03833593800663948, 0.03050769306719303, 0.026705358177423477, 0.02442244440317154, 0.021191999316215515, 0.01945830136537552, 0.017717011272907257, 0.016775276511907578, 0.015241912566125393, 0.014860240742564201, 0.013594000600278378, 0.013349875807762146, 0.013249309733510017, 0.012787233106791973, 0.013196169398725033, 0.013295822776854038, 0.012894295156002045, 0.012551621533930302, 0.013599391095340252, 0.014200370758771896]
Training time: 3600 	steps per sec: 7
Eval num_timesteps=25600, episode_reward=nan +/- nan
Eval num_timesteps=25600, episode_success=nan +/- nan
se
16 16384 1024
diff [0.04853057861328125, -0.05137834697961807, -0.015630073845386505, 0.00776706263422966, 0.0013566464185714722, -0.006682626903057098, -0.006554709747433662, -0.004516921937465668, -0.008254073560237885, -0.003239104524254799, -0.002896534278988838, -0.001251664012670517, -0.005120759829878807, -0.0012405766174197197, -0.0032630842179059982, -0.0007650693878531456, -0.0007921094074845314, -0.00306815467774868, -0.002881034277379513, -0.001415119506418705, -0.003283443860709667, -0.002263203263282776, -0.0010213656350970268, -0.0030414247885346413, -0.001963229849934578, -0.00045241881161928177]
ref [0.2576179504394531, 0.15170937776565552, 0.08640139549970627, 0.053555574268102646, 0.046442169696092606, 0.04501856490969658, 0.037062402814626694, 0.031222280114889145, 0.032676517963409424, 0.024431103840470314, 0.022354835644364357, 0.018968675285577774, 0.021896036341786385, 0.016482489183545113, 0.0181233249604702, 0.014359069988131523, 0.014141985215246677, 0.016317464411258698, 0.015668267384171486, 0.014611288905143738, 0.016579266637563705, 0.01515749841928482, 0.013572987169027328, 0.016640815883874893, 0.016163600608706474, 0.014954876154661179]
[0.3061485290527344, 0.10033103078603745, 0.07077132165431976, 0.061322636902332306, 0.04779881611466408, 0.03833593800663948, 0.03050769306719303, 0.026705358177423477, 0.02442244440317154, 0.021191999316215515, 0.01945830136537552, 0.017717011272907257, 0.016775276511907578, 0.015241912566125393, 0.014860240742564201, 0.013594000600278378, 0.013349875807762146, 0.013249309733510017, 0.012787233106791973, 0.013196169398725033, 0.013295822776854038, 0.012894295156002045, 0.012551621533930302, 0.013599391095340252, 0.014200370758771896, 0.014502457343041897]
Training time: 3787 	steps per sec: 7
Eval num_timesteps=26624, episode_reward=nan +/- nan
Eval num_timesteps=26624, episode_success=nan +/- nan
se
16 16384 1024
diff [0.04853057861328125, -0.05137834697961807, -0.015630073845386505, 0.00776706263422966, 0.0013566464185714722, -0.006682626903057098, -0.006554709747433662, -0.004516921937465668, -0.008254073560237885, -0.003239104524254799, -0.002896534278988838, -0.001251664012670517, -0.005120759829878807, -0.0012405766174197197, -0.0032630842179059982, -0.0007650693878531456, -0.0007921094074845314, -0.00306815467774868, -0.002881034277379513, -0.001415119506418705, -0.003283443860709667, -0.002263203263282776, -0.0010213656350970268, -0.0030414247885346413, -0.001963229849934578, -0.00045241881161928177, -0.0009702080860733986]
ref [0.2576179504394531, 0.15170937776565552, 0.08640139549970627, 0.053555574268102646, 0.046442169696092606, 0.04501856490969658, 0.037062402814626694, 0.031222280114889145, 0.032676517963409424, 0.024431103840470314, 0.022354835644364357, 0.018968675285577774, 0.021896036341786385, 0.016482489183545113, 0.0181233249604702, 0.014359069988131523, 0.014141985215246677, 0.016317464411258698, 0.015668267384171486, 0.014611288905143738, 0.016579266637563705, 0.01515749841928482, 0.013572987169027328, 0.016640815883874893, 0.016163600608706474, 0.014954876154661179, 0.015132850967347622]
[0.3061485290527344, 0.10033103078603745, 0.07077132165431976, 0.061322636902332306, 0.04779881611466408, 0.03833593800663948, 0.03050769306719303, 0.026705358177423477, 0.02442244440317154, 0.021191999316215515, 0.01945830136537552, 0.017717011272907257, 0.016775276511907578, 0.015241912566125393, 0.014860240742564201, 0.013594000600278378, 0.013349875807762146, 0.013249309733510017, 0.012787233106791973, 0.013196169398725033, 0.013295822776854038, 0.012894295156002045, 0.012551621533930302, 0.013599391095340252, 0.014200370758771896, 0.014502457343041897, 0.014162642881274223]
Training time: 3971 	steps per sec: 6
Eval num_timesteps=27648, episode_reward=nan +/- nan
Eval num_timesteps=27648, episode_success=nan +/- nan
se
16 16384 1024
diff [0.04853057861328125, -0.05137834697961807, -0.015630073845386505, 0.00776706263422966, 0.0013566464185714722, -0.006682626903057098, -0.006554709747433662, -0.004516921937465668, -0.008254073560237885, -0.003239104524254799, -0.002896534278988838, -0.001251664012670517, -0.005120759829878807, -0.0012405766174197197, -0.0032630842179059982, -0.0007650693878531456, -0.0007921094074845314, -0.00306815467774868, -0.002881034277379513, -0.001415119506418705, -0.003283443860709667, -0.002263203263282776, -0.0010213656350970268, -0.0030414247885346413, -0.001963229849934578, -0.00045241881161928177, -0.0009702080860733986, -0.0011015310883522034]
ref [0.2576179504394531, 0.15170937776565552, 0.08640139549970627, 0.053555574268102646, 0.046442169696092606, 0.04501856490969658, 0.037062402814626694, 0.031222280114889145, 0.032676517963409424, 0.024431103840470314, 0.022354835644364357, 0.018968675285577774, 0.021896036341786385, 0.016482489183545113, 0.0181233249604702, 0.014359069988131523, 0.014141985215246677, 0.016317464411258698, 0.015668267384171486, 0.014611288905143738, 0.016579266637563705, 0.01515749841928482, 0.013572987169027328, 0.016640815883874893, 0.016163600608706474, 0.014954876154661179, 0.015132850967347622, 0.015754200518131256]
[0.3061485290527344, 0.10033103078603745, 0.07077132165431976, 0.061322636902332306, 0.04779881611466408, 0.03833593800663948, 0.03050769306719303, 0.026705358177423477, 0.02442244440317154, 0.021191999316215515, 0.01945830136537552, 0.017717011272907257, 0.016775276511907578, 0.015241912566125393, 0.014860240742564201, 0.013594000600278378, 0.013349875807762146, 0.013249309733510017, 0.012787233106791973, 0.013196169398725033, 0.013295822776854038, 0.012894295156002045, 0.012551621533930302, 0.013599391095340252, 0.014200370758771896, 0.014502457343041897, 0.014162642881274223, 0.014652669429779053]
Training time: 4158 	steps per sec: 6
Eval num_timesteps=28672, episode_reward=nan +/- nan
Eval num_timesteps=28672, episode_success=nan +/- nan
se
16 16384 1024
diff [0.04853057861328125, -0.05137834697961807, -0.015630073845386505, 0.00776706263422966, 0.0013566464185714722, -0.006682626903057098, -0.006554709747433662, -0.004516921937465668, -0.008254073560237885, -0.003239104524254799, -0.002896534278988838, -0.001251664012670517, -0.005120759829878807, -0.0012405766174197197, -0.0032630842179059982, -0.0007650693878531456, -0.0007921094074845314, -0.00306815467774868, -0.002881034277379513, -0.001415119506418705, -0.003283443860709667, -0.002263203263282776, -0.0010213656350970268, -0.0030414247885346413, -0.001963229849934578, -0.00045241881161928177, -0.0009702080860733986, -0.0011015310883522034, 7.733423262834549e-05]
ref [0.2576179504394531, 0.15170937776565552, 0.08640139549970627, 0.053555574268102646, 0.046442169696092606, 0.04501856490969658, 0.037062402814626694, 0.031222280114889145, 0.032676517963409424, 0.024431103840470314, 0.022354835644364357, 0.018968675285577774, 0.021896036341786385, 0.016482489183545113, 0.0181233249604702, 0.014359069988131523, 0.014141985215246677, 0.016317464411258698, 0.015668267384171486, 0.014611288905143738, 0.016579266637563705, 0.01515749841928482, 0.013572987169027328, 0.016640815883874893, 0.016163600608706474, 0.014954876154661179, 0.015132850967347622, 0.015754200518131256, 0.015374230220913887]
[0.3061485290527344, 0.10033103078603745, 0.07077132165431976, 0.061322636902332306, 0.04779881611466408, 0.03833593800663948, 0.03050769306719303, 0.026705358177423477, 0.02442244440317154, 0.021191999316215515, 0.01945830136537552, 0.017717011272907257, 0.016775276511907578, 0.015241912566125393, 0.014860240742564201, 0.013594000600278378, 0.013349875807762146, 0.013249309733510017, 0.012787233106791973, 0.013196169398725033, 0.013295822776854038, 0.012894295156002045, 0.012551621533930302, 0.013599391095340252, 0.014200370758771896, 0.014502457343041897, 0.014162642881274223, 0.014652669429779053, 0.015451564453542233]
Training time: 4348 	steps per sec: 6
Eval num_timesteps=29696, episode_reward=nan +/- nan
Eval num_timesteps=29696, episode_success=nan +/- nan
se
16 16384 1024
diff [0.04853057861328125, -0.05137834697961807, -0.015630073845386505, 0.00776706263422966, 0.0013566464185714722, -0.006682626903057098, -0.006554709747433662, -0.004516921937465668, -0.008254073560237885, -0.003239104524254799, -0.002896534278988838, -0.001251664012670517, -0.005120759829878807, -0.0012405766174197197, -0.0032630842179059982, -0.0007650693878531456, -0.0007921094074845314, -0.00306815467774868, -0.002881034277379513, -0.001415119506418705, -0.003283443860709667, -0.002263203263282776, -0.0010213656350970268, -0.0030414247885346413, -0.001963229849934578, -0.00045241881161928177, -0.0009702080860733986, -0.0011015310883522034, 7.733423262834549e-05, -0.0012323250994086266]
ref [0.2576179504394531, 0.15170937776565552, 0.08640139549970627, 0.053555574268102646, 0.046442169696092606, 0.04501856490969658, 0.037062402814626694, 0.031222280114889145, 0.032676517963409424, 0.024431103840470314, 0.022354835644364357, 0.018968675285577774, 0.021896036341786385, 0.016482489183545113, 0.0181233249604702, 0.014359069988131523, 0.014141985215246677, 0.016317464411258698, 0.015668267384171486, 0.014611288905143738, 0.016579266637563705, 0.01515749841928482, 0.013572987169027328, 0.016640815883874893, 0.016163600608706474, 0.014954876154661179, 0.015132850967347622, 0.015754200518131256, 0.015374230220913887, 0.01585821621119976]
[0.3061485290527344, 0.10033103078603745, 0.07077132165431976, 0.061322636902332306, 0.04779881611466408, 0.03833593800663948, 0.03050769306719303, 0.026705358177423477, 0.02442244440317154, 0.021191999316215515, 0.01945830136537552, 0.017717011272907257, 0.016775276511907578, 0.015241912566125393, 0.014860240742564201, 0.013594000600278378, 0.013349875807762146, 0.013249309733510017, 0.012787233106791973, 0.013196169398725033, 0.013295822776854038, 0.012894295156002045, 0.012551621533930302, 0.013599391095340252, 0.014200370758771896, 0.014502457343041897, 0.014162642881274223, 0.014652669429779053, 0.015451564453542233, 0.014625891111791134]
Training time: 4554 	steps per sec: 6
Eval num_timesteps=30720, episode_reward=nan +/- nan
Eval num_timesteps=30720, episode_success=nan +/- nan
se
16 16384 1024
diff [0.04853057861328125, -0.05137834697961807, -0.015630073845386505, 0.00776706263422966, 0.0013566464185714722, -0.006682626903057098, -0.006554709747433662, -0.004516921937465668, -0.008254073560237885, -0.003239104524254799, -0.002896534278988838, -0.001251664012670517, -0.005120759829878807, -0.0012405766174197197, -0.0032630842179059982, -0.0007650693878531456, -0.0007921094074845314, -0.00306815467774868, -0.002881034277379513, -0.001415119506418705, -0.003283443860709667, -0.002263203263282776, -0.0010213656350970268, -0.0030414247885346413, -0.001963229849934578, -0.00045241881161928177, -0.0009702080860733986, -0.0011015310883522034, 7.733423262834549e-05, -0.0012323250994086266, -0.001983798108994961]
ref [0.2576179504394531, 0.15170937776565552, 0.08640139549970627, 0.053555574268102646, 0.046442169696092606, 0.04501856490969658, 0.037062402814626694, 0.031222280114889145, 0.032676517963409424, 0.024431103840470314, 0.022354835644364357, 0.018968675285577774, 0.021896036341786385, 0.016482489183545113, 0.0181233249604702, 0.014359069988131523, 0.014141985215246677, 0.016317464411258698, 0.015668267384171486, 0.014611288905143738, 0.016579266637563705, 0.01515749841928482, 0.013572987169027328, 0.016640815883874893, 0.016163600608706474, 0.014954876154661179, 0.015132850967347622, 0.015754200518131256, 0.015374230220913887, 0.01585821621119976, 0.015880681574344635]
[0.3061485290527344, 0.10033103078603745, 0.07077132165431976, 0.061322636902332306, 0.04779881611466408, 0.03833593800663948, 0.03050769306719303, 0.026705358177423477, 0.02442244440317154, 0.021191999316215515, 0.01945830136537552, 0.017717011272907257, 0.016775276511907578, 0.015241912566125393, 0.014860240742564201, 0.013594000600278378, 0.013349875807762146, 0.013249309733510017, 0.012787233106791973, 0.013196169398725033, 0.013295822776854038, 0.012894295156002045, 0.012551621533930302, 0.013599391095340252, 0.014200370758771896, 0.014502457343041897, 0.014162642881274223, 0.014652669429779053, 0.015451564453542233, 0.014625891111791134, 0.013896883465349674]
Training time: 4756 	steps per sec: 6
Eval num_timesteps=31744, episode_reward=nan +/- nan
Eval num_timesteps=31744, episode_success=nan +/- nan
se
16 16384 1024
diff [0.04853057861328125, -0.05137834697961807, -0.015630073845386505, 0.00776706263422966, 0.0013566464185714722, -0.006682626903057098, -0.006554709747433662, -0.004516921937465668, -0.008254073560237885, -0.003239104524254799, -0.002896534278988838, -0.001251664012670517, -0.005120759829878807, -0.0012405766174197197, -0.0032630842179059982, -0.0007650693878531456, -0.0007921094074845314, -0.00306815467774868, -0.002881034277379513, -0.001415119506418705, -0.003283443860709667, -0.002263203263282776, -0.0010213656350970268, -0.0030414247885346413, -0.001963229849934578, -0.00045241881161928177, -0.0009702080860733986, -0.0011015310883522034, 7.733423262834549e-05, -0.0012323250994086266, -0.001983798108994961, 0.0005852123722434044]
ref [0.2576179504394531, 0.15170937776565552, 0.08640139549970627, 0.053555574268102646, 0.046442169696092606, 0.04501856490969658, 0.037062402814626694, 0.031222280114889145, 0.032676517963409424, 0.024431103840470314, 0.022354835644364357, 0.018968675285577774, 0.021896036341786385, 0.016482489183545113, 0.0181233249604702, 0.014359069988131523, 0.014141985215246677, 0.016317464411258698, 0.015668267384171486, 0.014611288905143738, 0.016579266637563705, 0.01515749841928482, 0.013572987169027328, 0.016640815883874893, 0.016163600608706474, 0.014954876154661179, 0.015132850967347622, 0.015754200518131256, 0.015374230220913887, 0.01585821621119976, 0.015880681574344635, 0.014033986255526543]
[0.3061485290527344, 0.10033103078603745, 0.07077132165431976, 0.061322636902332306, 0.04779881611466408, 0.03833593800663948, 0.03050769306719303, 0.026705358177423477, 0.02442244440317154, 0.021191999316215515, 0.01945830136537552, 0.017717011272907257, 0.016775276511907578, 0.015241912566125393, 0.014860240742564201, 0.013594000600278378, 0.013349875807762146, 0.013249309733510017, 0.012787233106791973, 0.013196169398725033, 0.013295822776854038, 0.012894295156002045, 0.012551621533930302, 0.013599391095340252, 0.014200370758771896, 0.014502457343041897, 0.014162642881274223, 0.014652669429779053, 0.015451564453542233, 0.014625891111791134, 0.013896883465349674, 0.014619198627769947]
Training time: 4941 	steps per sec: 6
Eval num_timesteps=32768, episode_reward=nan +/- nan
Eval num_timesteps=32768, episode_success=nan +/- nan
results/HalfCheetah-v4/
results/HalfCheetah-v4/ppo_ros/
results/HalfCheetah-v4/ppo_ros/expert/
results/HalfCheetah-v4/ppo_ros/expert/b_16/
results/HalfCheetah-v4/ppo_ros/expert/b_16/no_clip_lambda/
results/HalfCheetah-v4/ppo_ros/expert/b_16/no_clip_lambda/run_1/
results/HalfCheetah-v4/ppo_ros/expert/b_16/no_clip_lambda/run_1/stats.npz
results/HalfCheetah-v4/ppo_ros/expert/b_16/no_clip_lambda/run_1/config.yml
results/HalfCheetah-v4/ppo_ros/expert/b_16/no_clip_lambda/run_1/evaluations.npz
