ppo_ros_continuous.py --env-id Ant-v4 -s expert/b_16/no_clip --total-timesteps 32768 --eval-freq 1 --eval-episodes 0 -b 16 --num-steps 1024 -lr 0 --update-epochs 0 --anneal-lr 0 --ros-num-steps 256 --ros-update-epochs 16 --ros-target-kl 0.05 --ros-clip-coef 999999999 --ros-lambda 0.3 -ros-lr 0.0001 --ros-anneal-lr 0 --se 1 --se-freq 1 --se-lr 1e-3 --se-epochs 1000 --policy-path policies/Ant-v4/best_model.zip --normalization-dir policies/Ant-v4
Obtaining file:///var/lib/condor/execute/slot1/dir_35102/PPOROS/PPOROS/custom-envs
  Preparing metadata (setup.py): started
  Preparing metadata (setup.py): finished with status 'done'
Requirement already satisfied: gym in /var/lib/condor/execute/slot1/dir_35102/PPOROS/ppo-ros_env/lib/python3.9/site-packages (from custom-envs==0.0.1) (0.21.0)
Requirement already satisfied: numpy>=1.18.0 in /var/lib/condor/execute/slot1/dir_35102/PPOROS/ppo-ros_env/lib/python3.9/site-packages (from gym->custom-envs==0.0.1) (1.24.2)
Requirement already satisfied: cloudpickle>=1.2.0 in /var/lib/condor/execute/slot1/dir_35102/PPOROS/ppo-ros_env/lib/python3.9/site-packages (from gym->custom-envs==0.0.1) (2.2.1)
Installing collected packages: custom-envs
  Running setup.py develop for custom-envs
Successfully installed custom-envs-0.0.1
seed: 1
Eval num_timesteps=0, episode_reward=nan +/- nan
Eval num_timesteps=0, episode_success=nan +/- nan
se
1 1024 1024
diff [-0.0490572452545166]
ref [0.8272718787193298]
[0.7782146334648132]
Training time: 40 	steps per sec: 25
Eval num_timesteps=1024, episode_reward=nan +/- nan
Eval num_timesteps=1024, episode_success=nan +/- nan
se
2 2048 1024
diff [-0.0490572452545166, -0.06363174319267273]
ref [0.8272718787193298, 0.29739540815353394]
[0.7782146334648132, 0.2337636649608612]
Training time: 94 	steps per sec: 21
Eval num_timesteps=2048, episode_reward=nan +/- nan
Eval num_timesteps=2048, episode_success=nan +/- nan
se
3 3072 1024
diff [-0.0490572452545166, -0.06363174319267273, -0.024221599102020264]
ref [0.8272718787193298, 0.29739540815353394, 0.15180332958698273]
[0.7782146334648132, 0.2337636649608612, 0.12758173048496246]
Training time: 160 	steps per sec: 19
Eval num_timesteps=3072, episode_reward=nan +/- nan
Eval num_timesteps=3072, episode_success=nan +/- nan
se
4 4096 1024
diff [-0.0490572452545166, -0.06363174319267273, -0.024221599102020264, -0.015143290162086487]
ref [0.8272718787193298, 0.29739540815353394, 0.15180332958698273, 0.09307990968227386]
[0.7782146334648132, 0.2337636649608612, 0.12758173048496246, 0.07793661952018738]
Training time: 244 	steps per sec: 16
Eval num_timesteps=4096, episode_reward=nan +/- nan
Eval num_timesteps=4096, episode_success=nan +/- nan
se
5 5120 1024
diff [-0.0490572452545166, -0.06363174319267273, -0.024221599102020264, -0.015143290162086487, -0.026571843773126602]
ref [0.8272718787193298, 0.29739540815353394, 0.15180332958698273, 0.09307990968227386, 0.08565463870763779]
[0.7782146334648132, 0.2337636649608612, 0.12758173048496246, 0.07793661952018738, 0.059082794934511185]
Training time: 343 	steps per sec: 14
Eval num_timesteps=5120, episode_reward=nan +/- nan
Eval num_timesteps=5120, episode_success=nan +/- nan
se
6 6144 1024
diff [-0.0490572452545166, -0.06363174319267273, -0.024221599102020264, -0.015143290162086487, -0.026571843773126602, -0.00761997327208519]
ref [0.8272718787193298, 0.29739540815353394, 0.15180332958698273, 0.09307990968227386, 0.08565463870763779, 0.06344074755907059]
[0.7782146334648132, 0.2337636649608612, 0.12758173048496246, 0.07793661952018738, 0.059082794934511185, 0.0558207742869854]
Training time: 454 	steps per sec: 13
Eval num_timesteps=6144, episode_reward=nan +/- nan
Eval num_timesteps=6144, episode_success=nan +/- nan
se
7 7168 1024
diff [-0.0490572452545166, -0.06363174319267273, -0.024221599102020264, -0.015143290162086487, -0.026571843773126602, -0.00761997327208519, -0.004866901785135269]
ref [0.8272718787193298, 0.29739540815353394, 0.15180332958698273, 0.09307990968227386, 0.08565463870763779, 0.06344074755907059, 0.05028171464800835]
[0.7782146334648132, 0.2337636649608612, 0.12758173048496246, 0.07793661952018738, 0.059082794934511185, 0.0558207742869854, 0.04541481286287308]
Training time: 580 	steps per sec: 12
Eval num_timesteps=7168, episode_reward=nan +/- nan
Eval num_timesteps=7168, episode_success=nan +/- nan
se
8 8192 1024
diff [-0.0490572452545166, -0.06363174319267273, -0.024221599102020264, -0.015143290162086487, -0.026571843773126602, -0.00761997327208519, -0.004866901785135269, -0.0032434016466140747]
ref [0.8272718787193298, 0.29739540815353394, 0.15180332958698273, 0.09307990968227386, 0.08565463870763779, 0.06344074755907059, 0.05028171464800835, 0.04047607630491257]
[0.7782146334648132, 0.2337636649608612, 0.12758173048496246, 0.07793661952018738, 0.059082794934511185, 0.0558207742869854, 0.04541481286287308, 0.03723267465829849]
Training time: 724 	steps per sec: 11
Eval num_timesteps=8192, episode_reward=nan +/- nan
Eval num_timesteps=8192, episode_success=nan +/- nan
se
9 9216 1024
diff [-0.0490572452545166, -0.06363174319267273, -0.024221599102020264, -0.015143290162086487, -0.026571843773126602, -0.00761997327208519, -0.004866901785135269, -0.0032434016466140747, -0.005434513092041016]
ref [0.8272718787193298, 0.29739540815353394, 0.15180332958698273, 0.09307990968227386, 0.08565463870763779, 0.06344074755907059, 0.05028171464800835, 0.04047607630491257, 0.03602733835577965]
[0.7782146334648132, 0.2337636649608612, 0.12758173048496246, 0.07793661952018738, 0.059082794934511185, 0.0558207742869854, 0.04541481286287308, 0.03723267465829849, 0.030592825263738632]
Training time: 881 	steps per sec: 10
Eval num_timesteps=9216, episode_reward=nan +/- nan
Eval num_timesteps=9216, episode_success=nan +/- nan
se
10 10240 1024
diff [-0.0490572452545166, -0.06363174319267273, -0.024221599102020264, -0.015143290162086487, -0.026571843773126602, -0.00761997327208519, -0.004866901785135269, -0.0032434016466140747, -0.005434513092041016, -0.006324261426925659]
ref [0.8272718787193298, 0.29739540815353394, 0.15180332958698273, 0.09307990968227386, 0.08565463870763779, 0.06344074755907059, 0.05028171464800835, 0.04047607630491257, 0.03602733835577965, 0.03406612202525139]
[0.7782146334648132, 0.2337636649608612, 0.12758173048496246, 0.07793661952018738, 0.059082794934511185, 0.0558207742869854, 0.04541481286287308, 0.03723267465829849, 0.030592825263738632, 0.02774186059832573]
Training time: 1053 	steps per sec: 9
Eval num_timesteps=10240, episode_reward=nan +/- nan
Eval num_timesteps=10240, episode_success=nan +/- nan
se
11 11264 1024
diff [-0.0490572452545166, -0.06363174319267273, -0.024221599102020264, -0.015143290162086487, -0.026571843773126602, -0.00761997327208519, -0.004866901785135269, -0.0032434016466140747, -0.005434513092041016, -0.006324261426925659, -0.0088448915630579]
ref [0.8272718787193298, 0.29739540815353394, 0.15180332958698273, 0.09307990968227386, 0.08565463870763779, 0.06344074755907059, 0.05028171464800835, 0.04047607630491257, 0.03602733835577965, 0.03406612202525139, 0.03542222082614899]
[0.7782146334648132, 0.2337636649608612, 0.12758173048496246, 0.07793661952018738, 0.059082794934511185, 0.0558207742869854, 0.04541481286287308, 0.03723267465829849, 0.030592825263738632, 0.02774186059832573, 0.026577329263091087]
Training time: 1243 	steps per sec: 9
Eval num_timesteps=11264, episode_reward=nan +/- nan
Eval num_timesteps=11264, episode_success=nan +/- nan
se
12 12288 1024
diff [-0.0490572452545166, -0.06363174319267273, -0.024221599102020264, -0.015143290162086487, -0.026571843773126602, -0.00761997327208519, -0.004866901785135269, -0.0032434016466140747, -0.005434513092041016, -0.006324261426925659, -0.0088448915630579, -0.007188873365521431]
ref [0.8272718787193298, 0.29739540815353394, 0.15180332958698273, 0.09307990968227386, 0.08565463870763779, 0.06344074755907059, 0.05028171464800835, 0.04047607630491257, 0.03602733835577965, 0.03406612202525139, 0.03542222082614899, 0.030983882024884224]
[0.7782146334648132, 0.2337636649608612, 0.12758173048496246, 0.07793661952018738, 0.059082794934511185, 0.0558207742869854, 0.04541481286287308, 0.03723267465829849, 0.030592825263738632, 0.02774186059832573, 0.026577329263091087, 0.023795008659362793]
Training time: 1445 	steps per sec: 8
Eval num_timesteps=12288, episode_reward=nan +/- nan
Eval num_timesteps=12288, episode_success=nan +/- nan
se
13 13312 1024
diff [-0.0490572452545166, -0.06363174319267273, -0.024221599102020264, -0.015143290162086487, -0.026571843773126602, -0.00761997327208519, -0.004866901785135269, -0.0032434016466140747, -0.005434513092041016, -0.006324261426925659, -0.0088448915630579, -0.007188873365521431, -0.003584606572985649]
ref [0.8272718787193298, 0.29739540815353394, 0.15180332958698273, 0.09307990968227386, 0.08565463870763779, 0.06344074755907059, 0.05028171464800835, 0.04047607630491257, 0.03602733835577965, 0.03406612202525139, 0.03542222082614899, 0.030983882024884224, 0.024759067222476006]
[0.7782146334648132, 0.2337636649608612, 0.12758173048496246, 0.07793661952018738, 0.059082794934511185, 0.0558207742869854, 0.04541481286287308, 0.03723267465829849, 0.030592825263738632, 0.02774186059832573, 0.026577329263091087, 0.023795008659362793, 0.021174460649490356]
Training time: 1656 	steps per sec: 8
Eval num_timesteps=13312, episode_reward=nan +/- nan
Eval num_timesteps=13312, episode_success=nan +/- nan
se
14 14336 1024
diff [-0.0490572452545166, -0.06363174319267273, -0.024221599102020264, -0.015143290162086487, -0.026571843773126602, -0.00761997327208519, -0.004866901785135269, -0.0032434016466140747, -0.005434513092041016, -0.006324261426925659, -0.0088448915630579, -0.007188873365521431, -0.003584606572985649, -0.006307477131485939]
ref [0.8272718787193298, 0.29739540815353394, 0.15180332958698273, 0.09307990968227386, 0.08565463870763779, 0.06344074755907059, 0.05028171464800835, 0.04047607630491257, 0.03602733835577965, 0.03406612202525139, 0.03542222082614899, 0.030983882024884224, 0.024759067222476006, 0.024935435503721237]
[0.7782146334648132, 0.2337636649608612, 0.12758173048496246, 0.07793661952018738, 0.059082794934511185, 0.0558207742869854, 0.04541481286287308, 0.03723267465829849, 0.030592825263738632, 0.02774186059832573, 0.026577329263091087, 0.023795008659362793, 0.021174460649490356, 0.018627958372235298]
Training time: 1877 	steps per sec: 7
Eval num_timesteps=14336, episode_reward=nan +/- nan
Eval num_timesteps=14336, episode_success=nan +/- nan
se
15 15360 1024
diff [-0.0490572452545166, -0.06363174319267273, -0.024221599102020264, -0.015143290162086487, -0.026571843773126602, -0.00761997327208519, -0.004866901785135269, -0.0032434016466140747, -0.005434513092041016, -0.006324261426925659, -0.0088448915630579, -0.007188873365521431, -0.003584606572985649, -0.006307477131485939, -0.006348928436636925]
ref [0.8272718787193298, 0.29739540815353394, 0.15180332958698273, 0.09307990968227386, 0.08565463870763779, 0.06344074755907059, 0.05028171464800835, 0.04047607630491257, 0.03602733835577965, 0.03406612202525139, 0.03542222082614899, 0.030983882024884224, 0.024759067222476006, 0.024935435503721237, 0.02328774333000183]
[0.7782146334648132, 0.2337636649608612, 0.12758173048496246, 0.07793661952018738, 0.059082794934511185, 0.0558207742869854, 0.04541481286287308, 0.03723267465829849, 0.030592825263738632, 0.02774186059832573, 0.026577329263091087, 0.023795008659362793, 0.021174460649490356, 0.018627958372235298, 0.016938814893364906]
Training time: 2113 	steps per sec: 7
Eval num_timesteps=15360, episode_reward=nan +/- nan
Eval num_timesteps=15360, episode_success=nan +/- nan
se
16 16384 1024
diff [-0.0490572452545166, -0.06363174319267273, -0.024221599102020264, -0.015143290162086487, -0.026571843773126602, -0.00761997327208519, -0.004866901785135269, -0.0032434016466140747, -0.005434513092041016, -0.006324261426925659, -0.0088448915630579, -0.007188873365521431, -0.003584606572985649, -0.006307477131485939, -0.006348928436636925, -0.005681128241121769]
ref [0.8272718787193298, 0.29739540815353394, 0.15180332958698273, 0.09307990968227386, 0.08565463870763779, 0.06344074755907059, 0.05028171464800835, 0.04047607630491257, 0.03602733835577965, 0.03406612202525139, 0.03542222082614899, 0.030983882024884224, 0.024759067222476006, 0.024935435503721237, 0.02328774333000183, 0.021292049437761307]
[0.7782146334648132, 0.2337636649608612, 0.12758173048496246, 0.07793661952018738, 0.059082794934511185, 0.0558207742869854, 0.04541481286287308, 0.03723267465829849, 0.030592825263738632, 0.02774186059832573, 0.026577329263091087, 0.023795008659362793, 0.021174460649490356, 0.018627958372235298, 0.016938814893364906, 0.015610921196639538]
Training time: 2362 	steps per sec: 6
Eval num_timesteps=16384, episode_reward=nan +/- nan
Eval num_timesteps=16384, episode_success=nan +/- nan
se
16 16384 1024
diff [-0.0490572452545166, -0.06363174319267273, -0.024221599102020264, -0.015143290162086487, -0.026571843773126602, -0.00761997327208519, -0.004866901785135269, -0.0032434016466140747, -0.005434513092041016, -0.006324261426925659, -0.0088448915630579, -0.007188873365521431, -0.003584606572985649, -0.006307477131485939, -0.006348928436636925, -0.005681128241121769, -0.005715436302125454]
ref [0.8272718787193298, 0.29739540815353394, 0.15180332958698273, 0.09307990968227386, 0.08565463870763779, 0.06344074755907059, 0.05028171464800835, 0.04047607630491257, 0.03602733835577965, 0.03406612202525139, 0.03542222082614899, 0.030983882024884224, 0.024759067222476006, 0.024935435503721237, 0.02328774333000183, 0.021292049437761307, 0.021215608343482018]
[0.7782146334648132, 0.2337636649608612, 0.12758173048496246, 0.07793661952018738, 0.059082794934511185, 0.0558207742869854, 0.04541481286287308, 0.03723267465829849, 0.030592825263738632, 0.02774186059832573, 0.026577329263091087, 0.023795008659362793, 0.021174460649490356, 0.018627958372235298, 0.016938814893364906, 0.015610921196639538, 0.015500172041356564]
Training time: 2613 	steps per sec: 6
Eval num_timesteps=17408, episode_reward=nan +/- nan
Eval num_timesteps=17408, episode_success=nan +/- nan
se
16 16384 1024
diff [-0.0490572452545166, -0.06363174319267273, -0.024221599102020264, -0.015143290162086487, -0.026571843773126602, -0.00761997327208519, -0.004866901785135269, -0.0032434016466140747, -0.005434513092041016, -0.006324261426925659, -0.0088448915630579, -0.007188873365521431, -0.003584606572985649, -0.006307477131485939, -0.006348928436636925, -0.005681128241121769, -0.005715436302125454, -0.006472225300967693]
ref [0.8272718787193298, 0.29739540815353394, 0.15180332958698273, 0.09307990968227386, 0.08565463870763779, 0.06344074755907059, 0.05028171464800835, 0.04047607630491257, 0.03602733835577965, 0.03406612202525139, 0.03542222082614899, 0.030983882024884224, 0.024759067222476006, 0.024935435503721237, 0.02328774333000183, 0.021292049437761307, 0.021215608343482018, 0.021653909236192703]
[0.7782146334648132, 0.2337636649608612, 0.12758173048496246, 0.07793661952018738, 0.059082794934511185, 0.0558207742869854, 0.04541481286287308, 0.03723267465829849, 0.030592825263738632, 0.02774186059832573, 0.026577329263091087, 0.023795008659362793, 0.021174460649490356, 0.018627958372235298, 0.016938814893364906, 0.015610921196639538, 0.015500172041356564, 0.01518168393522501]
Training time: 2865 	steps per sec: 6
Eval num_timesteps=18432, episode_reward=nan +/- nan
Eval num_timesteps=18432, episode_success=nan +/- nan
se
16 16384 1024
diff [-0.0490572452545166, -0.06363174319267273, -0.024221599102020264, -0.015143290162086487, -0.026571843773126602, -0.00761997327208519, -0.004866901785135269, -0.0032434016466140747, -0.005434513092041016, -0.006324261426925659, -0.0088448915630579, -0.007188873365521431, -0.003584606572985649, -0.006307477131485939, -0.006348928436636925, -0.005681128241121769, -0.005715436302125454, -0.006472225300967693, -0.006196249276399612]
ref [0.8272718787193298, 0.29739540815353394, 0.15180332958698273, 0.09307990968227386, 0.08565463870763779, 0.06344074755907059, 0.05028171464800835, 0.04047607630491257, 0.03602733835577965, 0.03406612202525139, 0.03542222082614899, 0.030983882024884224, 0.024759067222476006, 0.024935435503721237, 0.02328774333000183, 0.021292049437761307, 0.021215608343482018, 0.021653909236192703, 0.02144433744251728]
[0.7782146334648132, 0.2337636649608612, 0.12758173048496246, 0.07793661952018738, 0.059082794934511185, 0.0558207742869854, 0.04541481286287308, 0.03723267465829849, 0.030592825263738632, 0.02774186059832573, 0.026577329263091087, 0.023795008659362793, 0.021174460649490356, 0.018627958372235298, 0.016938814893364906, 0.015610921196639538, 0.015500172041356564, 0.01518168393522501, 0.015248088166117668]
Training time: 3114 	steps per sec: 6
Eval num_timesteps=19456, episode_reward=nan +/- nan
Eval num_timesteps=19456, episode_success=nan +/- nan
se
16 16384 1024
diff [-0.0490572452545166, -0.06363174319267273, -0.024221599102020264, -0.015143290162086487, -0.026571843773126602, -0.00761997327208519, -0.004866901785135269, -0.0032434016466140747, -0.005434513092041016, -0.006324261426925659, -0.0088448915630579, -0.007188873365521431, -0.003584606572985649, -0.006307477131485939, -0.006348928436636925, -0.005681128241121769, -0.005715436302125454, -0.006472225300967693, -0.006196249276399612, -0.0054317619651556015]
ref [0.8272718787193298, 0.29739540815353394, 0.15180332958698273, 0.09307990968227386, 0.08565463870763779, 0.06344074755907059, 0.05028171464800835, 0.04047607630491257, 0.03602733835577965, 0.03406612202525139, 0.03542222082614899, 0.030983882024884224, 0.024759067222476006, 0.024935435503721237, 0.02328774333000183, 0.021292049437761307, 0.021215608343482018, 0.021653909236192703, 0.02144433744251728, 0.021921247243881226]
[0.7782146334648132, 0.2337636649608612, 0.12758173048496246, 0.07793661952018738, 0.059082794934511185, 0.0558207742869854, 0.04541481286287308, 0.03723267465829849, 0.030592825263738632, 0.02774186059832573, 0.026577329263091087, 0.023795008659362793, 0.021174460649490356, 0.018627958372235298, 0.016938814893364906, 0.015610921196639538, 0.015500172041356564, 0.01518168393522501, 0.015248088166117668, 0.016489485278725624]
Training time: 3364 	steps per sec: 6
Eval num_timesteps=20480, episode_reward=nan +/- nan
Eval num_timesteps=20480, episode_success=nan +/- nan
se
16 16384 1024
diff [-0.0490572452545166, -0.06363174319267273, -0.024221599102020264, -0.015143290162086487, -0.026571843773126602, -0.00761997327208519, -0.004866901785135269, -0.0032434016466140747, -0.005434513092041016, -0.006324261426925659, -0.0088448915630579, -0.007188873365521431, -0.003584606572985649, -0.006307477131485939, -0.006348928436636925, -0.005681128241121769, -0.005715436302125454, -0.006472225300967693, -0.006196249276399612, -0.0054317619651556015, -0.005186252295970917]
ref [0.8272718787193298, 0.29739540815353394, 0.15180332958698273, 0.09307990968227386, 0.08565463870763779, 0.06344074755907059, 0.05028171464800835, 0.04047607630491257, 0.03602733835577965, 0.03406612202525139, 0.03542222082614899, 0.030983882024884224, 0.024759067222476006, 0.024935435503721237, 0.02328774333000183, 0.021292049437761307, 0.021215608343482018, 0.021653909236192703, 0.02144433744251728, 0.021921247243881226, 0.022238265722990036]
[0.7782146334648132, 0.2337636649608612, 0.12758173048496246, 0.07793661952018738, 0.059082794934511185, 0.0558207742869854, 0.04541481286287308, 0.03723267465829849, 0.030592825263738632, 0.02774186059832573, 0.026577329263091087, 0.023795008659362793, 0.021174460649490356, 0.018627958372235298, 0.016938814893364906, 0.015610921196639538, 0.015500172041356564, 0.01518168393522501, 0.015248088166117668, 0.016489485278725624, 0.01705201342701912]
Training time: 3608 	steps per sec: 5
Eval num_timesteps=21504, episode_reward=nan +/- nan
Eval num_timesteps=21504, episode_success=nan +/- nan
se
16 16384 1024
diff [-0.0490572452545166, -0.06363174319267273, -0.024221599102020264, -0.015143290162086487, -0.026571843773126602, -0.00761997327208519, -0.004866901785135269, -0.0032434016466140747, -0.005434513092041016, -0.006324261426925659, -0.0088448915630579, -0.007188873365521431, -0.003584606572985649, -0.006307477131485939, -0.006348928436636925, -0.005681128241121769, -0.005715436302125454, -0.006472225300967693, -0.006196249276399612, -0.0054317619651556015, -0.005186252295970917, -0.004605131223797798]
ref [0.8272718787193298, 0.29739540815353394, 0.15180332958698273, 0.09307990968227386, 0.08565463870763779, 0.06344074755907059, 0.05028171464800835, 0.04047607630491257, 0.03602733835577965, 0.03406612202525139, 0.03542222082614899, 0.030983882024884224, 0.024759067222476006, 0.024935435503721237, 0.02328774333000183, 0.021292049437761307, 0.021215608343482018, 0.021653909236192703, 0.02144433744251728, 0.021921247243881226, 0.022238265722990036, 0.02151475101709366]
[0.7782146334648132, 0.2337636649608612, 0.12758173048496246, 0.07793661952018738, 0.059082794934511185, 0.0558207742869854, 0.04541481286287308, 0.03723267465829849, 0.030592825263738632, 0.02774186059832573, 0.026577329263091087, 0.023795008659362793, 0.021174460649490356, 0.018627958372235298, 0.016938814893364906, 0.015610921196639538, 0.015500172041356564, 0.01518168393522501, 0.015248088166117668, 0.016489485278725624, 0.01705201342701912, 0.01690961979329586]
Training time: 3862 	steps per sec: 5
Eval num_timesteps=22528, episode_reward=nan +/- nan
Eval num_timesteps=22528, episode_success=nan +/- nan
se
16 16384 1024
diff [-0.0490572452545166, -0.06363174319267273, -0.024221599102020264, -0.015143290162086487, -0.026571843773126602, -0.00761997327208519, -0.004866901785135269, -0.0032434016466140747, -0.005434513092041016, -0.006324261426925659, -0.0088448915630579, -0.007188873365521431, -0.003584606572985649, -0.006307477131485939, -0.006348928436636925, -0.005681128241121769, -0.005715436302125454, -0.006472225300967693, -0.006196249276399612, -0.0054317619651556015, -0.005186252295970917, -0.004605131223797798, -0.0030944254249334335]
ref [0.8272718787193298, 0.29739540815353394, 0.15180332958698273, 0.09307990968227386, 0.08565463870763779, 0.06344074755907059, 0.05028171464800835, 0.04047607630491257, 0.03602733835577965, 0.03406612202525139, 0.03542222082614899, 0.030983882024884224, 0.024759067222476006, 0.024935435503721237, 0.02328774333000183, 0.021292049437761307, 0.021215608343482018, 0.021653909236192703, 0.02144433744251728, 0.021921247243881226, 0.022238265722990036, 0.02151475101709366, 0.02028215117752552]
[0.7782146334648132, 0.2337636649608612, 0.12758173048496246, 0.07793661952018738, 0.059082794934511185, 0.0558207742869854, 0.04541481286287308, 0.03723267465829849, 0.030592825263738632, 0.02774186059832573, 0.026577329263091087, 0.023795008659362793, 0.021174460649490356, 0.018627958372235298, 0.016938814893364906, 0.015610921196639538, 0.015500172041356564, 0.01518168393522501, 0.015248088166117668, 0.016489485278725624, 0.01705201342701912, 0.01690961979329586, 0.017187725752592087]
Training time: 4119 	steps per sec: 5
Eval num_timesteps=23552, episode_reward=nan +/- nan
Eval num_timesteps=23552, episode_success=nan +/- nan
se
16 16384 1024
diff [-0.0490572452545166, -0.06363174319267273, -0.024221599102020264, -0.015143290162086487, -0.026571843773126602, -0.00761997327208519, -0.004866901785135269, -0.0032434016466140747, -0.005434513092041016, -0.006324261426925659, -0.0088448915630579, -0.007188873365521431, -0.003584606572985649, -0.006307477131485939, -0.006348928436636925, -0.005681128241121769, -0.005715436302125454, -0.006472225300967693, -0.006196249276399612, -0.0054317619651556015, -0.005186252295970917, -0.004605131223797798, -0.0030944254249334335, -0.007404308766126633]
ref [0.8272718787193298, 0.29739540815353394, 0.15180332958698273, 0.09307990968227386, 0.08565463870763779, 0.06344074755907059, 0.05028171464800835, 0.04047607630491257, 0.03602733835577965, 0.03406612202525139, 0.03542222082614899, 0.030983882024884224, 0.024759067222476006, 0.024935435503721237, 0.02328774333000183, 0.021292049437761307, 0.021215608343482018, 0.021653909236192703, 0.02144433744251728, 0.021921247243881226, 0.022238265722990036, 0.02151475101709366, 0.02028215117752552, 0.024136515334248543]
[0.7782146334648132, 0.2337636649608612, 0.12758173048496246, 0.07793661952018738, 0.059082794934511185, 0.0558207742869854, 0.04541481286287308, 0.03723267465829849, 0.030592825263738632, 0.02774186059832573, 0.026577329263091087, 0.023795008659362793, 0.021174460649490356, 0.018627958372235298, 0.016938814893364906, 0.015610921196639538, 0.015500172041356564, 0.01518168393522501, 0.015248088166117668, 0.016489485278725624, 0.01705201342701912, 0.01690961979329586, 0.017187725752592087, 0.01673220656812191]
Training time: 4378 	steps per sec: 5
Eval num_timesteps=24576, episode_reward=nan +/- nan
Eval num_timesteps=24576, episode_success=nan +/- nan
se
16 16384 1024
diff [-0.0490572452545166, -0.06363174319267273, -0.024221599102020264, -0.015143290162086487, -0.026571843773126602, -0.00761997327208519, -0.004866901785135269, -0.0032434016466140747, -0.005434513092041016, -0.006324261426925659, -0.0088448915630579, -0.007188873365521431, -0.003584606572985649, -0.006307477131485939, -0.006348928436636925, -0.005681128241121769, -0.005715436302125454, -0.006472225300967693, -0.006196249276399612, -0.0054317619651556015, -0.005186252295970917, -0.004605131223797798, -0.0030944254249334335, -0.007404308766126633, -0.004141399636864662]
ref [0.8272718787193298, 0.29739540815353394, 0.15180332958698273, 0.09307990968227386, 0.08565463870763779, 0.06344074755907059, 0.05028171464800835, 0.04047607630491257, 0.03602733835577965, 0.03406612202525139, 0.03542222082614899, 0.030983882024884224, 0.024759067222476006, 0.024935435503721237, 0.02328774333000183, 0.021292049437761307, 0.021215608343482018, 0.021653909236192703, 0.02144433744251728, 0.021921247243881226, 0.022238265722990036, 0.02151475101709366, 0.02028215117752552, 0.024136515334248543, 0.020676665008068085]
[0.7782146334648132, 0.2337636649608612, 0.12758173048496246, 0.07793661952018738, 0.059082794934511185, 0.0558207742869854, 0.04541481286287308, 0.03723267465829849, 0.030592825263738632, 0.02774186059832573, 0.026577329263091087, 0.023795008659362793, 0.021174460649490356, 0.018627958372235298, 0.016938814893364906, 0.015610921196639538, 0.015500172041356564, 0.01518168393522501, 0.015248088166117668, 0.016489485278725624, 0.01705201342701912, 0.01690961979329586, 0.017187725752592087, 0.01673220656812191, 0.016535265371203423]
Training time: 4603 	steps per sec: 5
Eval num_timesteps=25600, episode_reward=nan +/- nan
Eval num_timesteps=25600, episode_success=nan +/- nan
se
16 16384 1024
diff [-0.0490572452545166, -0.06363174319267273, -0.024221599102020264, -0.015143290162086487, -0.026571843773126602, -0.00761997327208519, -0.004866901785135269, -0.0032434016466140747, -0.005434513092041016, -0.006324261426925659, -0.0088448915630579, -0.007188873365521431, -0.003584606572985649, -0.006307477131485939, -0.006348928436636925, -0.005681128241121769, -0.005715436302125454, -0.006472225300967693, -0.006196249276399612, -0.0054317619651556015, -0.005186252295970917, -0.004605131223797798, -0.0030944254249334335, -0.007404308766126633, -0.004141399636864662, -0.005966566503047943]
ref [0.8272718787193298, 0.29739540815353394, 0.15180332958698273, 0.09307990968227386, 0.08565463870763779, 0.06344074755907059, 0.05028171464800835, 0.04047607630491257, 0.03602733835577965, 0.03406612202525139, 0.03542222082614899, 0.030983882024884224, 0.024759067222476006, 0.024935435503721237, 0.02328774333000183, 0.021292049437761307, 0.021215608343482018, 0.021653909236192703, 0.02144433744251728, 0.021921247243881226, 0.022238265722990036, 0.02151475101709366, 0.02028215117752552, 0.024136515334248543, 0.020676665008068085, 0.022307759150862694]
[0.7782146334648132, 0.2337636649608612, 0.12758173048496246, 0.07793661952018738, 0.059082794934511185, 0.0558207742869854, 0.04541481286287308, 0.03723267465829849, 0.030592825263738632, 0.02774186059832573, 0.026577329263091087, 0.023795008659362793, 0.021174460649490356, 0.018627958372235298, 0.016938814893364906, 0.015610921196639538, 0.015500172041356564, 0.01518168393522501, 0.015248088166117668, 0.016489485278725624, 0.01705201342701912, 0.01690961979329586, 0.017187725752592087, 0.01673220656812191, 0.016535265371203423, 0.01634119264781475]
Training time: 4825 	steps per sec: 5
Eval num_timesteps=26624, episode_reward=nan +/- nan
Eval num_timesteps=26624, episode_success=nan +/- nan
se
16 16384 1024
diff [-0.0490572452545166, -0.06363174319267273, -0.024221599102020264, -0.015143290162086487, -0.026571843773126602, -0.00761997327208519, -0.004866901785135269, -0.0032434016466140747, -0.005434513092041016, -0.006324261426925659, -0.0088448915630579, -0.007188873365521431, -0.003584606572985649, -0.006307477131485939, -0.006348928436636925, -0.005681128241121769, -0.005715436302125454, -0.006472225300967693, -0.006196249276399612, -0.0054317619651556015, -0.005186252295970917, -0.004605131223797798, -0.0030944254249334335, -0.007404308766126633, -0.004141399636864662, -0.005966566503047943, -0.0024599935859441757]
ref [0.8272718787193298, 0.29739540815353394, 0.15180332958698273, 0.09307990968227386, 0.08565463870763779, 0.06344074755907059, 0.05028171464800835, 0.04047607630491257, 0.03602733835577965, 0.03406612202525139, 0.03542222082614899, 0.030983882024884224, 0.024759067222476006, 0.024935435503721237, 0.02328774333000183, 0.021292049437761307, 0.021215608343482018, 0.021653909236192703, 0.02144433744251728, 0.021921247243881226, 0.022238265722990036, 0.02151475101709366, 0.02028215117752552, 0.024136515334248543, 0.020676665008068085, 0.022307759150862694, 0.019237570464611053]
[0.7782146334648132, 0.2337636649608612, 0.12758173048496246, 0.07793661952018738, 0.059082794934511185, 0.0558207742869854, 0.04541481286287308, 0.03723267465829849, 0.030592825263738632, 0.02774186059832573, 0.026577329263091087, 0.023795008659362793, 0.021174460649490356, 0.018627958372235298, 0.016938814893364906, 0.015610921196639538, 0.015500172041356564, 0.01518168393522501, 0.015248088166117668, 0.016489485278725624, 0.01705201342701912, 0.01690961979329586, 0.017187725752592087, 0.01673220656812191, 0.016535265371203423, 0.01634119264781475, 0.016777576878666878]
Training time: 5074 	steps per sec: 5
Eval num_timesteps=27648, episode_reward=nan +/- nan
Eval num_timesteps=27648, episode_success=nan +/- nan
se
16 16384 1024
diff [-0.0490572452545166, -0.06363174319267273, -0.024221599102020264, -0.015143290162086487, -0.026571843773126602, -0.00761997327208519, -0.004866901785135269, -0.0032434016466140747, -0.005434513092041016, -0.006324261426925659, -0.0088448915630579, -0.007188873365521431, -0.003584606572985649, -0.006307477131485939, -0.006348928436636925, -0.005681128241121769, -0.005715436302125454, -0.006472225300967693, -0.006196249276399612, -0.0054317619651556015, -0.005186252295970917, -0.004605131223797798, -0.0030944254249334335, -0.007404308766126633, -0.004141399636864662, -0.005966566503047943, -0.0024599935859441757, -0.0032675135880708694]
ref [0.8272718787193298, 0.29739540815353394, 0.15180332958698273, 0.09307990968227386, 0.08565463870763779, 0.06344074755907059, 0.05028171464800835, 0.04047607630491257, 0.03602733835577965, 0.03406612202525139, 0.03542222082614899, 0.030983882024884224, 0.024759067222476006, 0.024935435503721237, 0.02328774333000183, 0.021292049437761307, 0.021215608343482018, 0.021653909236192703, 0.02144433744251728, 0.021921247243881226, 0.022238265722990036, 0.02151475101709366, 0.02028215117752552, 0.024136515334248543, 0.020676665008068085, 0.022307759150862694, 0.019237570464611053, 0.01961449161171913]
[0.7782146334648132, 0.2337636649608612, 0.12758173048496246, 0.07793661952018738, 0.059082794934511185, 0.0558207742869854, 0.04541481286287308, 0.03723267465829849, 0.030592825263738632, 0.02774186059832573, 0.026577329263091087, 0.023795008659362793, 0.021174460649490356, 0.018627958372235298, 0.016938814893364906, 0.015610921196639538, 0.015500172041356564, 0.01518168393522501, 0.015248088166117668, 0.016489485278725624, 0.01705201342701912, 0.01690961979329586, 0.017187725752592087, 0.01673220656812191, 0.016535265371203423, 0.01634119264781475, 0.016777576878666878, 0.016346978023648262]
Training time: 5297 	steps per sec: 5
Eval num_timesteps=28672, episode_reward=nan +/- nan
Eval num_timesteps=28672, episode_success=nan +/- nan
se
16 16384 1024
diff [-0.0490572452545166, -0.06363174319267273, -0.024221599102020264, -0.015143290162086487, -0.026571843773126602, -0.00761997327208519, -0.004866901785135269, -0.0032434016466140747, -0.005434513092041016, -0.006324261426925659, -0.0088448915630579, -0.007188873365521431, -0.003584606572985649, -0.006307477131485939, -0.006348928436636925, -0.005681128241121769, -0.005715436302125454, -0.006472225300967693, -0.006196249276399612, -0.0054317619651556015, -0.005186252295970917, -0.004605131223797798, -0.0030944254249334335, -0.007404308766126633, -0.004141399636864662, -0.005966566503047943, -0.0024599935859441757, -0.0032675135880708694, -0.004605486989021301]
ref [0.8272718787193298, 0.29739540815353394, 0.15180332958698273, 0.09307990968227386, 0.08565463870763779, 0.06344074755907059, 0.05028171464800835, 0.04047607630491257, 0.03602733835577965, 0.03406612202525139, 0.03542222082614899, 0.030983882024884224, 0.024759067222476006, 0.024935435503721237, 0.02328774333000183, 0.021292049437761307, 0.021215608343482018, 0.021653909236192703, 0.02144433744251728, 0.021921247243881226, 0.022238265722990036, 0.02151475101709366, 0.02028215117752552, 0.024136515334248543, 0.020676665008068085, 0.022307759150862694, 0.019237570464611053, 0.01961449161171913, 0.021599095314741135]
[0.7782146334648132, 0.2337636649608612, 0.12758173048496246, 0.07793661952018738, 0.059082794934511185, 0.0558207742869854, 0.04541481286287308, 0.03723267465829849, 0.030592825263738632, 0.02774186059832573, 0.026577329263091087, 0.023795008659362793, 0.021174460649490356, 0.018627958372235298, 0.016938814893364906, 0.015610921196639538, 0.015500172041356564, 0.01518168393522501, 0.015248088166117668, 0.016489485278725624, 0.01705201342701912, 0.01690961979329586, 0.017187725752592087, 0.01673220656812191, 0.016535265371203423, 0.01634119264781475, 0.016777576878666878, 0.016346978023648262, 0.016993608325719833]
Training time: 5527 	steps per sec: 5
Eval num_timesteps=29696, episode_reward=nan +/- nan
Eval num_timesteps=29696, episode_success=nan +/- nan
se
16 16384 1024
diff [-0.0490572452545166, -0.06363174319267273, -0.024221599102020264, -0.015143290162086487, -0.026571843773126602, -0.00761997327208519, -0.004866901785135269, -0.0032434016466140747, -0.005434513092041016, -0.006324261426925659, -0.0088448915630579, -0.007188873365521431, -0.003584606572985649, -0.006307477131485939, -0.006348928436636925, -0.005681128241121769, -0.005715436302125454, -0.006472225300967693, -0.006196249276399612, -0.0054317619651556015, -0.005186252295970917, -0.004605131223797798, -0.0030944254249334335, -0.007404308766126633, -0.004141399636864662, -0.005966566503047943, -0.0024599935859441757, -0.0032675135880708694, -0.004605486989021301, -0.007009342312812805]
ref [0.8272718787193298, 0.29739540815353394, 0.15180332958698273, 0.09307990968227386, 0.08565463870763779, 0.06344074755907059, 0.05028171464800835, 0.04047607630491257, 0.03602733835577965, 0.03406612202525139, 0.03542222082614899, 0.030983882024884224, 0.024759067222476006, 0.024935435503721237, 0.02328774333000183, 0.021292049437761307, 0.021215608343482018, 0.021653909236192703, 0.02144433744251728, 0.021921247243881226, 0.022238265722990036, 0.02151475101709366, 0.02028215117752552, 0.024136515334248543, 0.020676665008068085, 0.022307759150862694, 0.019237570464611053, 0.01961449161171913, 0.021599095314741135, 0.024051791056990623]
[0.7782146334648132, 0.2337636649608612, 0.12758173048496246, 0.07793661952018738, 0.059082794934511185, 0.0558207742869854, 0.04541481286287308, 0.03723267465829849, 0.030592825263738632, 0.02774186059832573, 0.026577329263091087, 0.023795008659362793, 0.021174460649490356, 0.018627958372235298, 0.016938814893364906, 0.015610921196639538, 0.015500172041356564, 0.01518168393522501, 0.015248088166117668, 0.016489485278725624, 0.01705201342701912, 0.01690961979329586, 0.017187725752592087, 0.01673220656812191, 0.016535265371203423, 0.01634119264781475, 0.016777576878666878, 0.016346978023648262, 0.016993608325719833, 0.01704244874417782]
Training time: 5768 	steps per sec: 5
Eval num_timesteps=30720, episode_reward=nan +/- nan
Eval num_timesteps=30720, episode_success=nan +/- nan
se
16 16384 1024
diff [-0.0490572452545166, -0.06363174319267273, -0.024221599102020264, -0.015143290162086487, -0.026571843773126602, -0.00761997327208519, -0.004866901785135269, -0.0032434016466140747, -0.005434513092041016, -0.006324261426925659, -0.0088448915630579, -0.007188873365521431, -0.003584606572985649, -0.006307477131485939, -0.006348928436636925, -0.005681128241121769, -0.005715436302125454, -0.006472225300967693, -0.006196249276399612, -0.0054317619651556015, -0.005186252295970917, -0.004605131223797798, -0.0030944254249334335, -0.007404308766126633, -0.004141399636864662, -0.005966566503047943, -0.0024599935859441757, -0.0032675135880708694, -0.004605486989021301, -0.007009342312812805, -0.006701073609292507]
ref [0.8272718787193298, 0.29739540815353394, 0.15180332958698273, 0.09307990968227386, 0.08565463870763779, 0.06344074755907059, 0.05028171464800835, 0.04047607630491257, 0.03602733835577965, 0.03406612202525139, 0.03542222082614899, 0.030983882024884224, 0.024759067222476006, 0.024935435503721237, 0.02328774333000183, 0.021292049437761307, 0.021215608343482018, 0.021653909236192703, 0.02144433744251728, 0.021921247243881226, 0.022238265722990036, 0.02151475101709366, 0.02028215117752552, 0.024136515334248543, 0.020676665008068085, 0.022307759150862694, 0.019237570464611053, 0.01961449161171913, 0.021599095314741135, 0.024051791056990623, 0.02166535146534443]
[0.7782146334648132, 0.2337636649608612, 0.12758173048496246, 0.07793661952018738, 0.059082794934511185, 0.0558207742869854, 0.04541481286287308, 0.03723267465829849, 0.030592825263738632, 0.02774186059832573, 0.026577329263091087, 0.023795008659362793, 0.021174460649490356, 0.018627958372235298, 0.016938814893364906, 0.015610921196639538, 0.015500172041356564, 0.01518168393522501, 0.015248088166117668, 0.016489485278725624, 0.01705201342701912, 0.01690961979329586, 0.017187725752592087, 0.01673220656812191, 0.016535265371203423, 0.01634119264781475, 0.016777576878666878, 0.016346978023648262, 0.016993608325719833, 0.01704244874417782, 0.014964277856051922]
Training time: 6012 	steps per sec: 5
Eval num_timesteps=31744, episode_reward=nan +/- nan
Eval num_timesteps=31744, episode_success=nan +/- nan
se
16 16384 1024
diff [-0.0490572452545166, -0.06363174319267273, -0.024221599102020264, -0.015143290162086487, -0.026571843773126602, -0.00761997327208519, -0.004866901785135269, -0.0032434016466140747, -0.005434513092041016, -0.006324261426925659, -0.0088448915630579, -0.007188873365521431, -0.003584606572985649, -0.006307477131485939, -0.006348928436636925, -0.005681128241121769, -0.005715436302125454, -0.006472225300967693, -0.006196249276399612, -0.0054317619651556015, -0.005186252295970917, -0.004605131223797798, -0.0030944254249334335, -0.007404308766126633, -0.004141399636864662, -0.005966566503047943, -0.0024599935859441757, -0.0032675135880708694, -0.004605486989021301, -0.007009342312812805, -0.006701073609292507, -0.007822083309292793]
ref [0.8272718787193298, 0.29739540815353394, 0.15180332958698273, 0.09307990968227386, 0.08565463870763779, 0.06344074755907059, 0.05028171464800835, 0.04047607630491257, 0.03602733835577965, 0.03406612202525139, 0.03542222082614899, 0.030983882024884224, 0.024759067222476006, 0.024935435503721237, 0.02328774333000183, 0.021292049437761307, 0.021215608343482018, 0.021653909236192703, 0.02144433744251728, 0.021921247243881226, 0.022238265722990036, 0.02151475101709366, 0.02028215117752552, 0.024136515334248543, 0.020676665008068085, 0.022307759150862694, 0.019237570464611053, 0.01961449161171913, 0.021599095314741135, 0.024051791056990623, 0.02166535146534443, 0.022494720295071602]
[0.7782146334648132, 0.2337636649608612, 0.12758173048496246, 0.07793661952018738, 0.059082794934511185, 0.0558207742869854, 0.04541481286287308, 0.03723267465829849, 0.030592825263738632, 0.02774186059832573, 0.026577329263091087, 0.023795008659362793, 0.021174460649490356, 0.018627958372235298, 0.016938814893364906, 0.015610921196639538, 0.015500172041356564, 0.01518168393522501, 0.015248088166117668, 0.016489485278725624, 0.01705201342701912, 0.01690961979329586, 0.017187725752592087, 0.01673220656812191, 0.016535265371203423, 0.01634119264781475, 0.016777576878666878, 0.016346978023648262, 0.016993608325719833, 0.01704244874417782, 0.014964277856051922, 0.014672636985778809]
Training time: 6263 	steps per sec: 5
Eval num_timesteps=32768, episode_reward=nan +/- nan
Eval num_timesteps=32768, episode_success=nan +/- nan
results/Ant-v4/
results/Ant-v4/ppo_ros/
results/Ant-v4/ppo_ros/expert/
results/Ant-v4/ppo_ros/expert/b_16/
results/Ant-v4/ppo_ros/expert/b_16/no_clip/
results/Ant-v4/ppo_ros/expert/b_16/no_clip/run_1/
results/Ant-v4/ppo_ros/expert/b_16/no_clip/run_1/evaluations.npz
results/Ant-v4/ppo_ros/expert/b_16/no_clip/run_1/config.yml
results/Ant-v4/ppo_ros/expert/b_16/no_clip/run_1/stats.npz
