ppo_ros_continuous.py --env-id Hopper-v4 -s expert/b_16/no_lambda --total-timesteps 32768 --eval-freq 1 --eval-episodes 0 -b 16 --num-steps 1024 -lr 0 --update-epochs 0 --anneal-lr 0 --ros-num-steps 256 --ros-update-epochs 16 --ros-target-kl 0.05 --ros-clip-coef 0.3 --ros-lambda 0 -ros-lr 0.001 --ros-anneal-lr 0 --se 1 --se-freq 1 --se-lr 1e-3 --se-epochs 1000 --policy-path policies/Hopper-v4/best_model.zip --normalization-dir policies/Hopper-v4
Obtaining file:///var/lib/condor/execute/slot1/dir_394806/PPOROS/PPOROS/custom-envs
  Preparing metadata (setup.py): started
  Preparing metadata (setup.py): finished with status 'done'
Requirement already satisfied: gym in /var/lib/condor/execute/slot1/dir_394806/PPOROS/ppo-ros_env/lib/python3.9/site-packages (from custom-envs==0.0.1) (0.21.0)
Requirement already satisfied: numpy>=1.18.0 in /var/lib/condor/execute/slot1/dir_394806/PPOROS/ppo-ros_env/lib/python3.9/site-packages (from gym->custom-envs==0.0.1) (1.24.2)
Requirement already satisfied: cloudpickle>=1.2.0 in /var/lib/condor/execute/slot1/dir_394806/PPOROS/ppo-ros_env/lib/python3.9/site-packages (from gym->custom-envs==0.0.1) (2.2.1)
Installing collected packages: custom-envs
  Running setup.py develop for custom-envs
Successfully installed custom-envs-0.0.1
seed: 4
Eval num_timesteps=0, episode_reward=nan +/- nan
Eval num_timesteps=0, episode_success=nan +/- nan
se
1 1024 1024
diff [0.05410287529230118]
ref [0.06903911381959915]
[0.12314198911190033]
Training time: 12 	steps per sec: 83
Eval num_timesteps=1024, episode_reward=nan +/- nan
Eval num_timesteps=1024, episode_success=nan +/- nan
se
2 2048 1024
diff [0.05410287529230118, -0.020639829337596893]
ref [0.06903911381959915, 0.062289007008075714]
[0.12314198911190033, 0.04164917767047882]
Training time: 31 	steps per sec: 65
Eval num_timesteps=2048, episode_reward=nan +/- nan
Eval num_timesteps=2048, episode_success=nan +/- nan
se
3 3072 1024
diff [0.05410287529230118, -0.020639829337596893, -0.003282858058810234]
ref [0.06903911381959915, 0.062289007008075714, 0.03264745697379112]
[0.12314198911190033, 0.04164917767047882, 0.02936459891498089]
Training time: 55 	steps per sec: 55
Eval num_timesteps=3072, episode_reward=nan +/- nan
Eval num_timesteps=3072, episode_success=nan +/- nan
se
4 4096 1024
diff [0.05410287529230118, -0.020639829337596893, -0.003282858058810234, -0.004900731146335602]
ref [0.06903911381959915, 0.062289007008075714, 0.03264745697379112, 0.024966754019260406]
[0.12314198911190033, 0.04164917767047882, 0.02936459891498089, 0.020066022872924805]
Training time: 87 	steps per sec: 47
Eval num_timesteps=4096, episode_reward=nan +/- nan
Eval num_timesteps=4096, episode_success=nan +/- nan
se
5 5120 1024
diff [0.05410287529230118, -0.020639829337596893, -0.003282858058810234, -0.004900731146335602, -0.003507576882839203]
ref [0.06903911381959915, 0.062289007008075714, 0.03264745697379112, 0.024966754019260406, 0.018421156331896782]
[0.12314198911190033, 0.04164917767047882, 0.02936459891498089, 0.020066022872924805, 0.014913579449057579]
Training time: 129 	steps per sec: 39
Eval num_timesteps=5120, episode_reward=nan +/- nan
Eval num_timesteps=5120, episode_success=nan +/- nan
se
6 6144 1024
diff [0.05410287529230118, -0.020639829337596893, -0.003282858058810234, -0.004900731146335602, -0.003507576882839203, -0.004206410609185696]
ref [0.06903911381959915, 0.062289007008075714, 0.03264745697379112, 0.024966754019260406, 0.018421156331896782, 0.01604836992919445]
[0.12314198911190033, 0.04164917767047882, 0.02936459891498089, 0.020066022872924805, 0.014913579449057579, 0.011841959320008755]
Training time: 188 	steps per sec: 32
Eval num_timesteps=6144, episode_reward=nan +/- nan
Eval num_timesteps=6144, episode_success=nan +/- nan
se
7 7168 1024
diff [0.05410287529230118, -0.020639829337596893, -0.003282858058810234, -0.004900731146335602, -0.003507576882839203, -0.004206410609185696, -0.0026051001623272896]
ref [0.06903911381959915, 0.062289007008075714, 0.03264745697379112, 0.024966754019260406, 0.018421156331896782, 0.01604836992919445, 0.012941628694534302]
[0.12314198911190033, 0.04164917767047882, 0.02936459891498089, 0.020066022872924805, 0.014913579449057579, 0.011841959320008755, 0.010336528532207012]
Training time: 260 	steps per sec: 27
Eval num_timesteps=7168, episode_reward=nan +/- nan
Eval num_timesteps=7168, episode_success=nan +/- nan
se
8 8192 1024
diff [0.05410287529230118, -0.020639829337596893, -0.003282858058810234, -0.004900731146335602, -0.003507576882839203, -0.004206410609185696, -0.0026051001623272896, -0.004132390022277832]
ref [0.06903911381959915, 0.062289007008075714, 0.03264745697379112, 0.024966754019260406, 0.018421156331896782, 0.01604836992919445, 0.012941628694534302, 0.012755772098898888]
[0.12314198911190033, 0.04164917767047882, 0.02936459891498089, 0.020066022872924805, 0.014913579449057579, 0.011841959320008755, 0.010336528532207012, 0.008623382076621056]
Training time: 338 	steps per sec: 24
Eval num_timesteps=8192, episode_reward=nan +/- nan
Eval num_timesteps=8192, episode_success=nan +/- nan
se
9 9216 1024
diff [0.05410287529230118, -0.020639829337596893, -0.003282858058810234, -0.004900731146335602, -0.003507576882839203, -0.004206410609185696, -0.0026051001623272896, -0.004132390022277832, -0.003798438236117363]
ref [0.06903911381959915, 0.062289007008075714, 0.03264745697379112, 0.024966754019260406, 0.018421156331896782, 0.01604836992919445, 0.012941628694534302, 0.012755772098898888, 0.01124948263168335]
[0.12314198911190033, 0.04164917767047882, 0.02936459891498089, 0.020066022872924805, 0.014913579449057579, 0.011841959320008755, 0.010336528532207012, 0.008623382076621056, 0.007451044395565987]
Training time: 414 	steps per sec: 22
Eval num_timesteps=9216, episode_reward=nan +/- nan
Eval num_timesteps=9216, episode_success=nan +/- nan
se
10 10240 1024
diff [0.05410287529230118, -0.020639829337596893, -0.003282858058810234, -0.004900731146335602, -0.003507576882839203, -0.004206410609185696, -0.0026051001623272896, -0.004132390022277832, -0.003798438236117363, -0.002793933730572462]
ref [0.06903911381959915, 0.062289007008075714, 0.03264745697379112, 0.024966754019260406, 0.018421156331896782, 0.01604836992919445, 0.012941628694534302, 0.012755772098898888, 0.01124948263168335, 0.009435326792299747]
[0.12314198911190033, 0.04164917767047882, 0.02936459891498089, 0.020066022872924805, 0.014913579449057579, 0.011841959320008755, 0.010336528532207012, 0.008623382076621056, 0.007451044395565987, 0.006641393061727285]
Training time: 493 	steps per sec: 20
Eval num_timesteps=10240, episode_reward=nan +/- nan
Eval num_timesteps=10240, episode_success=nan +/- nan
se
11 11264 1024
diff [0.05410287529230118, -0.020639829337596893, -0.003282858058810234, -0.004900731146335602, -0.003507576882839203, -0.004206410609185696, -0.0026051001623272896, -0.004132390022277832, -0.003798438236117363, -0.002793933730572462, -0.004776999820023775]
ref [0.06903911381959915, 0.062289007008075714, 0.03264745697379112, 0.024966754019260406, 0.018421156331896782, 0.01604836992919445, 0.012941628694534302, 0.012755772098898888, 0.01124948263168335, 0.009435326792299747, 0.010214588604867458]
[0.12314198911190033, 0.04164917767047882, 0.02936459891498089, 0.020066022872924805, 0.014913579449057579, 0.011841959320008755, 0.010336528532207012, 0.008623382076621056, 0.007451044395565987, 0.006641393061727285, 0.005437588784843683]
Training time: 578 	steps per sec: 19
Eval num_timesteps=11264, episode_reward=nan +/- nan
Eval num_timesteps=11264, episode_success=nan +/- nan
se
12 12288 1024
diff [0.05410287529230118, -0.020639829337596893, -0.003282858058810234, -0.004900731146335602, -0.003507576882839203, -0.004206410609185696, -0.0026051001623272896, -0.004132390022277832, -0.003798438236117363, -0.002793933730572462, -0.004776999820023775, -0.005643955897539854]
ref [0.06903911381959915, 0.062289007008075714, 0.03264745697379112, 0.024966754019260406, 0.018421156331896782, 0.01604836992919445, 0.012941628694534302, 0.012755772098898888, 0.01124948263168335, 0.009435326792299747, 0.010214588604867458, 0.010490628890693188]
[0.12314198911190033, 0.04164917767047882, 0.02936459891498089, 0.020066022872924805, 0.014913579449057579, 0.011841959320008755, 0.010336528532207012, 0.008623382076621056, 0.007451044395565987, 0.006641393061727285, 0.005437588784843683, 0.004846672993153334]
Training time: 690 	steps per sec: 17
Eval num_timesteps=12288, episode_reward=nan +/- nan
Eval num_timesteps=12288, episode_success=nan +/- nan
se
13 13312 1024
diff [0.05410287529230118, -0.020639829337596893, -0.003282858058810234, -0.004900731146335602, -0.003507576882839203, -0.004206410609185696, -0.0026051001623272896, -0.004132390022277832, -0.003798438236117363, -0.002793933730572462, -0.004776999820023775, -0.005643955897539854, -0.004169892054051161]
ref [0.06903911381959915, 0.062289007008075714, 0.03264745697379112, 0.024966754019260406, 0.018421156331896782, 0.01604836992919445, 0.012941628694534302, 0.012755772098898888, 0.01124948263168335, 0.009435326792299747, 0.010214588604867458, 0.010490628890693188, 0.008409019559621811]
[0.12314198911190033, 0.04164917767047882, 0.02936459891498089, 0.020066022872924805, 0.014913579449057579, 0.011841959320008755, 0.010336528532207012, 0.008623382076621056, 0.007451044395565987, 0.006641393061727285, 0.005437588784843683, 0.004846672993153334, 0.00423912750557065]
Training time: 799 	steps per sec: 16
Eval num_timesteps=13312, episode_reward=nan +/- nan
Eval num_timesteps=13312, episode_success=nan +/- nan
se
14 14336 1024
diff [0.05410287529230118, -0.020639829337596893, -0.003282858058810234, -0.004900731146335602, -0.003507576882839203, -0.004206410609185696, -0.0026051001623272896, -0.004132390022277832, -0.003798438236117363, -0.002793933730572462, -0.004776999820023775, -0.005643955897539854, -0.004169892054051161, -0.003988378681242466]
ref [0.06903911381959915, 0.062289007008075714, 0.03264745697379112, 0.024966754019260406, 0.018421156331896782, 0.01604836992919445, 0.012941628694534302, 0.012755772098898888, 0.01124948263168335, 0.009435326792299747, 0.010214588604867458, 0.010490628890693188, 0.008409019559621811, 0.007963678799569607]
[0.12314198911190033, 0.04164917767047882, 0.02936459891498089, 0.020066022872924805, 0.014913579449057579, 0.011841959320008755, 0.010336528532207012, 0.008623382076621056, 0.007451044395565987, 0.006641393061727285, 0.005437588784843683, 0.004846672993153334, 0.00423912750557065, 0.003975300118327141]
Training time: 902 	steps per sec: 15
Eval num_timesteps=14336, episode_reward=nan +/- nan
Eval num_timesteps=14336, episode_success=nan +/- nan
se
15 15360 1024
diff [0.05410287529230118, -0.020639829337596893, -0.003282858058810234, -0.004900731146335602, -0.003507576882839203, -0.004206410609185696, -0.0026051001623272896, -0.004132390022277832, -0.003798438236117363, -0.002793933730572462, -0.004776999820023775, -0.005643955897539854, -0.004169892054051161, -0.003988378681242466, -0.0019633846823126078]
ref [0.06903911381959915, 0.062289007008075714, 0.03264745697379112, 0.024966754019260406, 0.018421156331896782, 0.01604836992919445, 0.012941628694534302, 0.012755772098898888, 0.01124948263168335, 0.009435326792299747, 0.010214588604867458, 0.010490628890693188, 0.008409019559621811, 0.007963678799569607, 0.005853189155459404]
[0.12314198911190033, 0.04164917767047882, 0.02936459891498089, 0.020066022872924805, 0.014913579449057579, 0.011841959320008755, 0.010336528532207012, 0.008623382076621056, 0.007451044395565987, 0.006641393061727285, 0.005437588784843683, 0.004846672993153334, 0.00423912750557065, 0.003975300118327141, 0.0038898044731467962]
Training time: 1027 	steps per sec: 14
Eval num_timesteps=15360, episode_reward=nan +/- nan
Eval num_timesteps=15360, episode_success=nan +/- nan
se
16 16384 1024
diff [0.05410287529230118, -0.020639829337596893, -0.003282858058810234, -0.004900731146335602, -0.003507576882839203, -0.004206410609185696, -0.0026051001623272896, -0.004132390022277832, -0.003798438236117363, -0.002793933730572462, -0.004776999820023775, -0.005643955897539854, -0.004169892054051161, -0.003988378681242466, -0.0019633846823126078, -0.0022820152807980776]
ref [0.06903911381959915, 0.062289007008075714, 0.03264745697379112, 0.024966754019260406, 0.018421156331896782, 0.01604836992919445, 0.012941628694534302, 0.012755772098898888, 0.01124948263168335, 0.009435326792299747, 0.010214588604867458, 0.010490628890693188, 0.008409019559621811, 0.007963678799569607, 0.005853189155459404, 0.0060078781098127365]
[0.12314198911190033, 0.04164917767047882, 0.02936459891498089, 0.020066022872924805, 0.014913579449057579, 0.011841959320008755, 0.010336528532207012, 0.008623382076621056, 0.007451044395565987, 0.006641393061727285, 0.005437588784843683, 0.004846672993153334, 0.00423912750557065, 0.003975300118327141, 0.0038898044731467962, 0.003725862829014659]
Training time: 1158 	steps per sec: 14
Eval num_timesteps=16384, episode_reward=nan +/- nan
Eval num_timesteps=16384, episode_success=nan +/- nan
se
16 16384 1024
diff [0.05410287529230118, -0.020639829337596893, -0.003282858058810234, -0.004900731146335602, -0.003507576882839203, -0.004206410609185696, -0.0026051001623272896, -0.004132390022277832, -0.003798438236117363, -0.002793933730572462, -0.004776999820023775, -0.005643955897539854, -0.004169892054051161, -0.003988378681242466, -0.0019633846823126078, -0.0022820152807980776, -0.0025581768713891506]
ref [0.06903911381959915, 0.062289007008075714, 0.03264745697379112, 0.024966754019260406, 0.018421156331896782, 0.01604836992919445, 0.012941628694534302, 0.012755772098898888, 0.01124948263168335, 0.009435326792299747, 0.010214588604867458, 0.010490628890693188, 0.008409019559621811, 0.007963678799569607, 0.005853189155459404, 0.0060078781098127365, 0.006478183437138796]
[0.12314198911190033, 0.04164917767047882, 0.02936459891498089, 0.020066022872924805, 0.014913579449057579, 0.011841959320008755, 0.010336528532207012, 0.008623382076621056, 0.007451044395565987, 0.006641393061727285, 0.005437588784843683, 0.004846672993153334, 0.00423912750557065, 0.003975300118327141, 0.0038898044731467962, 0.003725862829014659, 0.003920006565749645]
Training time: 1302 	steps per sec: 13
Eval num_timesteps=17408, episode_reward=nan +/- nan
Eval num_timesteps=17408, episode_success=nan +/- nan
se
16 16384 1024
diff [0.05410287529230118, -0.020639829337596893, -0.003282858058810234, -0.004900731146335602, -0.003507576882839203, -0.004206410609185696, -0.0026051001623272896, -0.004132390022277832, -0.003798438236117363, -0.002793933730572462, -0.004776999820023775, -0.005643955897539854, -0.004169892054051161, -0.003988378681242466, -0.0019633846823126078, -0.0022820152807980776, -0.0025581768713891506, -0.002477357629686594]
ref [0.06903911381959915, 0.062289007008075714, 0.03264745697379112, 0.024966754019260406, 0.018421156331896782, 0.01604836992919445, 0.012941628694534302, 0.012755772098898888, 0.01124948263168335, 0.009435326792299747, 0.010214588604867458, 0.010490628890693188, 0.008409019559621811, 0.007963678799569607, 0.005853189155459404, 0.0060078781098127365, 0.006478183437138796, 0.006491950247436762]
[0.12314198911190033, 0.04164917767047882, 0.02936459891498089, 0.020066022872924805, 0.014913579449057579, 0.011841959320008755, 0.010336528532207012, 0.008623382076621056, 0.007451044395565987, 0.006641393061727285, 0.005437588784843683, 0.004846672993153334, 0.00423912750557065, 0.003975300118327141, 0.0038898044731467962, 0.003725862829014659, 0.003920006565749645, 0.004014592617750168]
Training time: 1444 	steps per sec: 12
Eval num_timesteps=18432, episode_reward=nan +/- nan
Eval num_timesteps=18432, episode_success=nan +/- nan
se
16 16384 1024
diff [0.05410287529230118, -0.020639829337596893, -0.003282858058810234, -0.004900731146335602, -0.003507576882839203, -0.004206410609185696, -0.0026051001623272896, -0.004132390022277832, -0.003798438236117363, -0.002793933730572462, -0.004776999820023775, -0.005643955897539854, -0.004169892054051161, -0.003988378681242466, -0.0019633846823126078, -0.0022820152807980776, -0.0025581768713891506, -0.002477357629686594, -0.0030347127467393875]
ref [0.06903911381959915, 0.062289007008075714, 0.03264745697379112, 0.024966754019260406, 0.018421156331896782, 0.01604836992919445, 0.012941628694534302, 0.012755772098898888, 0.01124948263168335, 0.009435326792299747, 0.010214588604867458, 0.010490628890693188, 0.008409019559621811, 0.007963678799569607, 0.005853189155459404, 0.0060078781098127365, 0.006478183437138796, 0.006491950247436762, 0.007098988629877567]
[0.12314198911190033, 0.04164917767047882, 0.02936459891498089, 0.020066022872924805, 0.014913579449057579, 0.011841959320008755, 0.010336528532207012, 0.008623382076621056, 0.007451044395565987, 0.006641393061727285, 0.005437588784843683, 0.004846672993153334, 0.00423912750557065, 0.003975300118327141, 0.0038898044731467962, 0.003725862829014659, 0.003920006565749645, 0.004014592617750168, 0.00406427588313818]
Training time: 1583 	steps per sec: 12
Eval num_timesteps=19456, episode_reward=nan +/- nan
Eval num_timesteps=19456, episode_success=nan +/- nan
se
16 16384 1024
diff [0.05410287529230118, -0.020639829337596893, -0.003282858058810234, -0.004900731146335602, -0.003507576882839203, -0.004206410609185696, -0.0026051001623272896, -0.004132390022277832, -0.003798438236117363, -0.002793933730572462, -0.004776999820023775, -0.005643955897539854, -0.004169892054051161, -0.003988378681242466, -0.0019633846823126078, -0.0022820152807980776, -0.0025581768713891506, -0.002477357629686594, -0.0030347127467393875, -0.0024584131315350533]
ref [0.06903911381959915, 0.062289007008075714, 0.03264745697379112, 0.024966754019260406, 0.018421156331896782, 0.01604836992919445, 0.012941628694534302, 0.012755772098898888, 0.01124948263168335, 0.009435326792299747, 0.010214588604867458, 0.010490628890693188, 0.008409019559621811, 0.007963678799569607, 0.005853189155459404, 0.0060078781098127365, 0.006478183437138796, 0.006491950247436762, 0.007098988629877567, 0.006626254878938198]
[0.12314198911190033, 0.04164917767047882, 0.02936459891498089, 0.020066022872924805, 0.014913579449057579, 0.011841959320008755, 0.010336528532207012, 0.008623382076621056, 0.007451044395565987, 0.006641393061727285, 0.005437588784843683, 0.004846672993153334, 0.00423912750557065, 0.003975300118327141, 0.0038898044731467962, 0.003725862829014659, 0.003920006565749645, 0.004014592617750168, 0.00406427588313818, 0.004167841747403145]
Training time: 1724 	steps per sec: 11
Eval num_timesteps=20480, episode_reward=nan +/- nan
Eval num_timesteps=20480, episode_success=nan +/- nan
se
16 16384 1024
diff [0.05410287529230118, -0.020639829337596893, -0.003282858058810234, -0.004900731146335602, -0.003507576882839203, -0.004206410609185696, -0.0026051001623272896, -0.004132390022277832, -0.003798438236117363, -0.002793933730572462, -0.004776999820023775, -0.005643955897539854, -0.004169892054051161, -0.003988378681242466, -0.0019633846823126078, -0.0022820152807980776, -0.0025581768713891506, -0.002477357629686594, -0.0030347127467393875, -0.0024584131315350533, -0.004161620046943426]
ref [0.06903911381959915, 0.062289007008075714, 0.03264745697379112, 0.024966754019260406, 0.018421156331896782, 0.01604836992919445, 0.012941628694534302, 0.012755772098898888, 0.01124948263168335, 0.009435326792299747, 0.010214588604867458, 0.010490628890693188, 0.008409019559621811, 0.007963678799569607, 0.005853189155459404, 0.0060078781098127365, 0.006478183437138796, 0.006491950247436762, 0.007098988629877567, 0.006626254878938198, 0.008217153139412403]
[0.12314198911190033, 0.04164917767047882, 0.02936459891498089, 0.020066022872924805, 0.014913579449057579, 0.011841959320008755, 0.010336528532207012, 0.008623382076621056, 0.007451044395565987, 0.006641393061727285, 0.005437588784843683, 0.004846672993153334, 0.00423912750557065, 0.003975300118327141, 0.0038898044731467962, 0.003725862829014659, 0.003920006565749645, 0.004014592617750168, 0.00406427588313818, 0.004167841747403145, 0.004055533092468977]
Training time: 1885 	steps per sec: 11
Eval num_timesteps=21504, episode_reward=nan +/- nan
Eval num_timesteps=21504, episode_success=nan +/- nan
se
16 16384 1024
diff [0.05410287529230118, -0.020639829337596893, -0.003282858058810234, -0.004900731146335602, -0.003507576882839203, -0.004206410609185696, -0.0026051001623272896, -0.004132390022277832, -0.003798438236117363, -0.002793933730572462, -0.004776999820023775, -0.005643955897539854, -0.004169892054051161, -0.003988378681242466, -0.0019633846823126078, -0.0022820152807980776, -0.0025581768713891506, -0.002477357629686594, -0.0030347127467393875, -0.0024584131315350533, -0.004161620046943426, -0.0030083260498940945]
ref [0.06903911381959915, 0.062289007008075714, 0.03264745697379112, 0.024966754019260406, 0.018421156331896782, 0.01604836992919445, 0.012941628694534302, 0.012755772098898888, 0.01124948263168335, 0.009435326792299747, 0.010214588604867458, 0.010490628890693188, 0.008409019559621811, 0.007963678799569607, 0.005853189155459404, 0.0060078781098127365, 0.006478183437138796, 0.006491950247436762, 0.007098988629877567, 0.006626254878938198, 0.008217153139412403, 0.0065932972356677055]
[0.12314198911190033, 0.04164917767047882, 0.02936459891498089, 0.020066022872924805, 0.014913579449057579, 0.011841959320008755, 0.010336528532207012, 0.008623382076621056, 0.007451044395565987, 0.006641393061727285, 0.005437588784843683, 0.004846672993153334, 0.00423912750557065, 0.003975300118327141, 0.0038898044731467962, 0.003725862829014659, 0.003920006565749645, 0.004014592617750168, 0.00406427588313818, 0.004167841747403145, 0.004055533092468977, 0.003584971185773611]
Training time: 2026 	steps per sec: 11
Eval num_timesteps=22528, episode_reward=nan +/- nan
Eval num_timesteps=22528, episode_success=nan +/- nan
se
16 16384 1024
diff [0.05410287529230118, -0.020639829337596893, -0.003282858058810234, -0.004900731146335602, -0.003507576882839203, -0.004206410609185696, -0.0026051001623272896, -0.004132390022277832, -0.003798438236117363, -0.002793933730572462, -0.004776999820023775, -0.005643955897539854, -0.004169892054051161, -0.003988378681242466, -0.0019633846823126078, -0.0022820152807980776, -0.0025581768713891506, -0.002477357629686594, -0.0030347127467393875, -0.0024584131315350533, -0.004161620046943426, -0.0030083260498940945, -0.0022141034714877605]
ref [0.06903911381959915, 0.062289007008075714, 0.03264745697379112, 0.024966754019260406, 0.018421156331896782, 0.01604836992919445, 0.012941628694534302, 0.012755772098898888, 0.01124948263168335, 0.009435326792299747, 0.010214588604867458, 0.010490628890693188, 0.008409019559621811, 0.007963678799569607, 0.005853189155459404, 0.0060078781098127365, 0.006478183437138796, 0.006491950247436762, 0.007098988629877567, 0.006626254878938198, 0.008217153139412403, 0.0065932972356677055, 0.006283801514655352]
[0.12314198911190033, 0.04164917767047882, 0.02936459891498089, 0.020066022872924805, 0.014913579449057579, 0.011841959320008755, 0.010336528532207012, 0.008623382076621056, 0.007451044395565987, 0.006641393061727285, 0.005437588784843683, 0.004846672993153334, 0.00423912750557065, 0.003975300118327141, 0.0038898044731467962, 0.003725862829014659, 0.003920006565749645, 0.004014592617750168, 0.00406427588313818, 0.004167841747403145, 0.004055533092468977, 0.003584971185773611, 0.004069698043167591]
Training time: 2163 	steps per sec: 10
Eval num_timesteps=23552, episode_reward=nan +/- nan
Eval num_timesteps=23552, episode_success=nan +/- nan
se
16 16384 1024
diff [0.05410287529230118, -0.020639829337596893, -0.003282858058810234, -0.004900731146335602, -0.003507576882839203, -0.004206410609185696, -0.0026051001623272896, -0.004132390022277832, -0.003798438236117363, -0.002793933730572462, -0.004776999820023775, -0.005643955897539854, -0.004169892054051161, -0.003988378681242466, -0.0019633846823126078, -0.0022820152807980776, -0.0025581768713891506, -0.002477357629686594, -0.0030347127467393875, -0.0024584131315350533, -0.004161620046943426, -0.0030083260498940945, -0.0022141034714877605, -0.0027915509417653084]
ref [0.06903911381959915, 0.062289007008075714, 0.03264745697379112, 0.024966754019260406, 0.018421156331896782, 0.01604836992919445, 0.012941628694534302, 0.012755772098898888, 0.01124948263168335, 0.009435326792299747, 0.010214588604867458, 0.010490628890693188, 0.008409019559621811, 0.007963678799569607, 0.005853189155459404, 0.0060078781098127365, 0.006478183437138796, 0.006491950247436762, 0.007098988629877567, 0.006626254878938198, 0.008217153139412403, 0.0065932972356677055, 0.006283801514655352, 0.006552760489284992]
[0.12314198911190033, 0.04164917767047882, 0.02936459891498089, 0.020066022872924805, 0.014913579449057579, 0.011841959320008755, 0.010336528532207012, 0.008623382076621056, 0.007451044395565987, 0.006641393061727285, 0.005437588784843683, 0.004846672993153334, 0.00423912750557065, 0.003975300118327141, 0.0038898044731467962, 0.003725862829014659, 0.003920006565749645, 0.004014592617750168, 0.00406427588313818, 0.004167841747403145, 0.004055533092468977, 0.003584971185773611, 0.004069698043167591, 0.003761209547519684]
Training time: 2292 	steps per sec: 10
Eval num_timesteps=24576, episode_reward=nan +/- nan
Eval num_timesteps=24576, episode_success=nan +/- nan
se
16 16384 1024
diff [0.05410287529230118, -0.020639829337596893, -0.003282858058810234, -0.004900731146335602, -0.003507576882839203, -0.004206410609185696, -0.0026051001623272896, -0.004132390022277832, -0.003798438236117363, -0.002793933730572462, -0.004776999820023775, -0.005643955897539854, -0.004169892054051161, -0.003988378681242466, -0.0019633846823126078, -0.0022820152807980776, -0.0025581768713891506, -0.002477357629686594, -0.0030347127467393875, -0.0024584131315350533, -0.004161620046943426, -0.0030083260498940945, -0.0022141034714877605, -0.0027915509417653084, -0.003113245125859976]
ref [0.06903911381959915, 0.062289007008075714, 0.03264745697379112, 0.024966754019260406, 0.018421156331896782, 0.01604836992919445, 0.012941628694534302, 0.012755772098898888, 0.01124948263168335, 0.009435326792299747, 0.010214588604867458, 0.010490628890693188, 0.008409019559621811, 0.007963678799569607, 0.005853189155459404, 0.0060078781098127365, 0.006478183437138796, 0.006491950247436762, 0.007098988629877567, 0.006626254878938198, 0.008217153139412403, 0.0065932972356677055, 0.006283801514655352, 0.006552760489284992, 0.007078079041093588]
[0.12314198911190033, 0.04164917767047882, 0.02936459891498089, 0.020066022872924805, 0.014913579449057579, 0.011841959320008755, 0.010336528532207012, 0.008623382076621056, 0.007451044395565987, 0.006641393061727285, 0.005437588784843683, 0.004846672993153334, 0.00423912750557065, 0.003975300118327141, 0.0038898044731467962, 0.003725862829014659, 0.003920006565749645, 0.004014592617750168, 0.00406427588313818, 0.004167841747403145, 0.004055533092468977, 0.003584971185773611, 0.004069698043167591, 0.003761209547519684, 0.003964833915233612]
Training time: 2416 	steps per sec: 10
Eval num_timesteps=25600, episode_reward=nan +/- nan
Eval num_timesteps=25600, episode_success=nan +/- nan
se
16 16384 1024
diff [0.05410287529230118, -0.020639829337596893, -0.003282858058810234, -0.004900731146335602, -0.003507576882839203, -0.004206410609185696, -0.0026051001623272896, -0.004132390022277832, -0.003798438236117363, -0.002793933730572462, -0.004776999820023775, -0.005643955897539854, -0.004169892054051161, -0.003988378681242466, -0.0019633846823126078, -0.0022820152807980776, -0.0025581768713891506, -0.002477357629686594, -0.0030347127467393875, -0.0024584131315350533, -0.004161620046943426, -0.0030083260498940945, -0.0022141034714877605, -0.0027915509417653084, -0.003113245125859976, -0.002915608696639538]
ref [0.06903911381959915, 0.062289007008075714, 0.03264745697379112, 0.024966754019260406, 0.018421156331896782, 0.01604836992919445, 0.012941628694534302, 0.012755772098898888, 0.01124948263168335, 0.009435326792299747, 0.010214588604867458, 0.010490628890693188, 0.008409019559621811, 0.007963678799569607, 0.005853189155459404, 0.0060078781098127365, 0.006478183437138796, 0.006491950247436762, 0.007098988629877567, 0.006626254878938198, 0.008217153139412403, 0.0065932972356677055, 0.006283801514655352, 0.006552760489284992, 0.007078079041093588, 0.0068423207849264145]
[0.12314198911190033, 0.04164917767047882, 0.02936459891498089, 0.020066022872924805, 0.014913579449057579, 0.011841959320008755, 0.010336528532207012, 0.008623382076621056, 0.007451044395565987, 0.006641393061727285, 0.005437588784843683, 0.004846672993153334, 0.00423912750557065, 0.003975300118327141, 0.0038898044731467962, 0.003725862829014659, 0.003920006565749645, 0.004014592617750168, 0.00406427588313818, 0.004167841747403145, 0.004055533092468977, 0.003584971185773611, 0.004069698043167591, 0.003761209547519684, 0.003964833915233612, 0.003926712088286877]
Training time: 2538 	steps per sec: 10
Eval num_timesteps=26624, episode_reward=nan +/- nan
Eval num_timesteps=26624, episode_success=nan +/- nan
se
16 16384 1024
diff [0.05410287529230118, -0.020639829337596893, -0.003282858058810234, -0.004900731146335602, -0.003507576882839203, -0.004206410609185696, -0.0026051001623272896, -0.004132390022277832, -0.003798438236117363, -0.002793933730572462, -0.004776999820023775, -0.005643955897539854, -0.004169892054051161, -0.003988378681242466, -0.0019633846823126078, -0.0022820152807980776, -0.0025581768713891506, -0.002477357629686594, -0.0030347127467393875, -0.0024584131315350533, -0.004161620046943426, -0.0030083260498940945, -0.0022141034714877605, -0.0027915509417653084, -0.003113245125859976, -0.002915608696639538, -0.00395212834700942]
ref [0.06903911381959915, 0.062289007008075714, 0.03264745697379112, 0.024966754019260406, 0.018421156331896782, 0.01604836992919445, 0.012941628694534302, 0.012755772098898888, 0.01124948263168335, 0.009435326792299747, 0.010214588604867458, 0.010490628890693188, 0.008409019559621811, 0.007963678799569607, 0.005853189155459404, 0.0060078781098127365, 0.006478183437138796, 0.006491950247436762, 0.007098988629877567, 0.006626254878938198, 0.008217153139412403, 0.0065932972356677055, 0.006283801514655352, 0.006552760489284992, 0.007078079041093588, 0.0068423207849264145, 0.007866444066166878]
[0.12314198911190033, 0.04164917767047882, 0.02936459891498089, 0.020066022872924805, 0.014913579449057579, 0.011841959320008755, 0.010336528532207012, 0.008623382076621056, 0.007451044395565987, 0.006641393061727285, 0.005437588784843683, 0.004846672993153334, 0.00423912750557065, 0.003975300118327141, 0.0038898044731467962, 0.003725862829014659, 0.003920006565749645, 0.004014592617750168, 0.00406427588313818, 0.004167841747403145, 0.004055533092468977, 0.003584971185773611, 0.004069698043167591, 0.003761209547519684, 0.003964833915233612, 0.003926712088286877, 0.003914315719157457]
Training time: 2662 	steps per sec: 10
Eval num_timesteps=27648, episode_reward=nan +/- nan
Eval num_timesteps=27648, episode_success=nan +/- nan
se
16 16384 1024
diff [0.05410287529230118, -0.020639829337596893, -0.003282858058810234, -0.004900731146335602, -0.003507576882839203, -0.004206410609185696, -0.0026051001623272896, -0.004132390022277832, -0.003798438236117363, -0.002793933730572462, -0.004776999820023775, -0.005643955897539854, -0.004169892054051161, -0.003988378681242466, -0.0019633846823126078, -0.0022820152807980776, -0.0025581768713891506, -0.002477357629686594, -0.0030347127467393875, -0.0024584131315350533, -0.004161620046943426, -0.0030083260498940945, -0.0022141034714877605, -0.0027915509417653084, -0.003113245125859976, -0.002915608696639538, -0.00395212834700942, -0.0038146809674799442]
ref [0.06903911381959915, 0.062289007008075714, 0.03264745697379112, 0.024966754019260406, 0.018421156331896782, 0.01604836992919445, 0.012941628694534302, 0.012755772098898888, 0.01124948263168335, 0.009435326792299747, 0.010214588604867458, 0.010490628890693188, 0.008409019559621811, 0.007963678799569607, 0.005853189155459404, 0.0060078781098127365, 0.006478183437138796, 0.006491950247436762, 0.007098988629877567, 0.006626254878938198, 0.008217153139412403, 0.0065932972356677055, 0.006283801514655352, 0.006552760489284992, 0.007078079041093588, 0.0068423207849264145, 0.007866444066166878, 0.0077432310208678246]
[0.12314198911190033, 0.04164917767047882, 0.02936459891498089, 0.020066022872924805, 0.014913579449057579, 0.011841959320008755, 0.010336528532207012, 0.008623382076621056, 0.007451044395565987, 0.006641393061727285, 0.005437588784843683, 0.004846672993153334, 0.00423912750557065, 0.003975300118327141, 0.0038898044731467962, 0.003725862829014659, 0.003920006565749645, 0.004014592617750168, 0.00406427588313818, 0.004167841747403145, 0.004055533092468977, 0.003584971185773611, 0.004069698043167591, 0.003761209547519684, 0.003964833915233612, 0.003926712088286877, 0.003914315719157457, 0.00392855005338788]
Training time: 2785 	steps per sec: 10
Eval num_timesteps=28672, episode_reward=nan +/- nan
Eval num_timesteps=28672, episode_success=nan +/- nan
se
16 16384 1024
diff [0.05410287529230118, -0.020639829337596893, -0.003282858058810234, -0.004900731146335602, -0.003507576882839203, -0.004206410609185696, -0.0026051001623272896, -0.004132390022277832, -0.003798438236117363, -0.002793933730572462, -0.004776999820023775, -0.005643955897539854, -0.004169892054051161, -0.003988378681242466, -0.0019633846823126078, -0.0022820152807980776, -0.0025581768713891506, -0.002477357629686594, -0.0030347127467393875, -0.0024584131315350533, -0.004161620046943426, -0.0030083260498940945, -0.0022141034714877605, -0.0027915509417653084, -0.003113245125859976, -0.002915608696639538, -0.00395212834700942, -0.0038146809674799442, -0.002178103430196643]
ref [0.06903911381959915, 0.062289007008075714, 0.03264745697379112, 0.024966754019260406, 0.018421156331896782, 0.01604836992919445, 0.012941628694534302, 0.012755772098898888, 0.01124948263168335, 0.009435326792299747, 0.010214588604867458, 0.010490628890693188, 0.008409019559621811, 0.007963678799569607, 0.005853189155459404, 0.0060078781098127365, 0.006478183437138796, 0.006491950247436762, 0.007098988629877567, 0.006626254878938198, 0.008217153139412403, 0.0065932972356677055, 0.006283801514655352, 0.006552760489284992, 0.007078079041093588, 0.0068423207849264145, 0.007866444066166878, 0.0077432310208678246, 0.006073597352951765]
[0.12314198911190033, 0.04164917767047882, 0.02936459891498089, 0.020066022872924805, 0.014913579449057579, 0.011841959320008755, 0.010336528532207012, 0.008623382076621056, 0.007451044395565987, 0.006641393061727285, 0.005437588784843683, 0.004846672993153334, 0.00423912750557065, 0.003975300118327141, 0.0038898044731467962, 0.003725862829014659, 0.003920006565749645, 0.004014592617750168, 0.00406427588313818, 0.004167841747403145, 0.004055533092468977, 0.003584971185773611, 0.004069698043167591, 0.003761209547519684, 0.003964833915233612, 0.003926712088286877, 0.003914315719157457, 0.00392855005338788, 0.003895493922755122]
Training time: 2915 	steps per sec: 10
Eval num_timesteps=29696, episode_reward=nan +/- nan
Eval num_timesteps=29696, episode_success=nan +/- nan
se
16 16384 1024
diff [0.05410287529230118, -0.020639829337596893, -0.003282858058810234, -0.004900731146335602, -0.003507576882839203, -0.004206410609185696, -0.0026051001623272896, -0.004132390022277832, -0.003798438236117363, -0.002793933730572462, -0.004776999820023775, -0.005643955897539854, -0.004169892054051161, -0.003988378681242466, -0.0019633846823126078, -0.0022820152807980776, -0.0025581768713891506, -0.002477357629686594, -0.0030347127467393875, -0.0024584131315350533, -0.004161620046943426, -0.0030083260498940945, -0.0022141034714877605, -0.0027915509417653084, -0.003113245125859976, -0.002915608696639538, -0.00395212834700942, -0.0038146809674799442, -0.002178103430196643, -0.0019273869693279266]
ref [0.06903911381959915, 0.062289007008075714, 0.03264745697379112, 0.024966754019260406, 0.018421156331896782, 0.01604836992919445, 0.012941628694534302, 0.012755772098898888, 0.01124948263168335, 0.009435326792299747, 0.010214588604867458, 0.010490628890693188, 0.008409019559621811, 0.007963678799569607, 0.005853189155459404, 0.0060078781098127365, 0.006478183437138796, 0.006491950247436762, 0.007098988629877567, 0.006626254878938198, 0.008217153139412403, 0.0065932972356677055, 0.006283801514655352, 0.006552760489284992, 0.007078079041093588, 0.0068423207849264145, 0.007866444066166878, 0.0077432310208678246, 0.006073597352951765, 0.006433675065636635]
[0.12314198911190033, 0.04164917767047882, 0.02936459891498089, 0.020066022872924805, 0.014913579449057579, 0.011841959320008755, 0.010336528532207012, 0.008623382076621056, 0.007451044395565987, 0.006641393061727285, 0.005437588784843683, 0.004846672993153334, 0.00423912750557065, 0.003975300118327141, 0.0038898044731467962, 0.003725862829014659, 0.003920006565749645, 0.004014592617750168, 0.00406427588313818, 0.004167841747403145, 0.004055533092468977, 0.003584971185773611, 0.004069698043167591, 0.003761209547519684, 0.003964833915233612, 0.003926712088286877, 0.003914315719157457, 0.00392855005338788, 0.003895493922755122, 0.004506288096308708]
Training time: 3048 	steps per sec: 10
Eval num_timesteps=30720, episode_reward=nan +/- nan
Eval num_timesteps=30720, episode_success=nan +/- nan
se
16 16384 1024
diff [0.05410287529230118, -0.020639829337596893, -0.003282858058810234, -0.004900731146335602, -0.003507576882839203, -0.004206410609185696, -0.0026051001623272896, -0.004132390022277832, -0.003798438236117363, -0.002793933730572462, -0.004776999820023775, -0.005643955897539854, -0.004169892054051161, -0.003988378681242466, -0.0019633846823126078, -0.0022820152807980776, -0.0025581768713891506, -0.002477357629686594, -0.0030347127467393875, -0.0024584131315350533, -0.004161620046943426, -0.0030083260498940945, -0.0022141034714877605, -0.0027915509417653084, -0.003113245125859976, -0.002915608696639538, -0.00395212834700942, -0.0038146809674799442, -0.002178103430196643, -0.0019273869693279266, -0.0028467318043112755]
ref [0.06903911381959915, 0.062289007008075714, 0.03264745697379112, 0.024966754019260406, 0.018421156331896782, 0.01604836992919445, 0.012941628694534302, 0.012755772098898888, 0.01124948263168335, 0.009435326792299747, 0.010214588604867458, 0.010490628890693188, 0.008409019559621811, 0.007963678799569607, 0.005853189155459404, 0.0060078781098127365, 0.006478183437138796, 0.006491950247436762, 0.007098988629877567, 0.006626254878938198, 0.008217153139412403, 0.0065932972356677055, 0.006283801514655352, 0.006552760489284992, 0.007078079041093588, 0.0068423207849264145, 0.007866444066166878, 0.0077432310208678246, 0.006073597352951765, 0.006433675065636635, 0.007265804335474968]
[0.12314198911190033, 0.04164917767047882, 0.02936459891498089, 0.020066022872924805, 0.014913579449057579, 0.011841959320008755, 0.010336528532207012, 0.008623382076621056, 0.007451044395565987, 0.006641393061727285, 0.005437588784843683, 0.004846672993153334, 0.00423912750557065, 0.003975300118327141, 0.0038898044731467962, 0.003725862829014659, 0.003920006565749645, 0.004014592617750168, 0.00406427588313818, 0.004167841747403145, 0.004055533092468977, 0.003584971185773611, 0.004069698043167591, 0.003761209547519684, 0.003964833915233612, 0.003926712088286877, 0.003914315719157457, 0.00392855005338788, 0.003895493922755122, 0.004506288096308708, 0.0044190725311636925]
Training time: 3177 	steps per sec: 9
Eval num_timesteps=31744, episode_reward=nan +/- nan
Eval num_timesteps=31744, episode_success=nan +/- nan
se
16 16384 1024
diff [0.05410287529230118, -0.020639829337596893, -0.003282858058810234, -0.004900731146335602, -0.003507576882839203, -0.004206410609185696, -0.0026051001623272896, -0.004132390022277832, -0.003798438236117363, -0.002793933730572462, -0.004776999820023775, -0.005643955897539854, -0.004169892054051161, -0.003988378681242466, -0.0019633846823126078, -0.0022820152807980776, -0.0025581768713891506, -0.002477357629686594, -0.0030347127467393875, -0.0024584131315350533, -0.004161620046943426, -0.0030083260498940945, -0.0022141034714877605, -0.0027915509417653084, -0.003113245125859976, -0.002915608696639538, -0.00395212834700942, -0.0038146809674799442, -0.002178103430196643, -0.0019273869693279266, -0.0028467318043112755, -0.0023034773766994476]
ref [0.06903911381959915, 0.062289007008075714, 0.03264745697379112, 0.024966754019260406, 0.018421156331896782, 0.01604836992919445, 0.012941628694534302, 0.012755772098898888, 0.01124948263168335, 0.009435326792299747, 0.010214588604867458, 0.010490628890693188, 0.008409019559621811, 0.007963678799569607, 0.005853189155459404, 0.0060078781098127365, 0.006478183437138796, 0.006491950247436762, 0.007098988629877567, 0.006626254878938198, 0.008217153139412403, 0.0065932972356677055, 0.006283801514655352, 0.006552760489284992, 0.007078079041093588, 0.0068423207849264145, 0.007866444066166878, 0.0077432310208678246, 0.006073597352951765, 0.006433675065636635, 0.007265804335474968, 0.006891515105962753]
[0.12314198911190033, 0.04164917767047882, 0.02936459891498089, 0.020066022872924805, 0.014913579449057579, 0.011841959320008755, 0.010336528532207012, 0.008623382076621056, 0.007451044395565987, 0.006641393061727285, 0.005437588784843683, 0.004846672993153334, 0.00423912750557065, 0.003975300118327141, 0.0038898044731467962, 0.003725862829014659, 0.003920006565749645, 0.004014592617750168, 0.00406427588313818, 0.004167841747403145, 0.004055533092468977, 0.003584971185773611, 0.004069698043167591, 0.003761209547519684, 0.003964833915233612, 0.003926712088286877, 0.003914315719157457, 0.00392855005338788, 0.003895493922755122, 0.004506288096308708, 0.0044190725311636925, 0.004588037729263306]
Training time: 3296 	steps per sec: 9
Eval num_timesteps=32768, episode_reward=nan +/- nan
Eval num_timesteps=32768, episode_success=nan +/- nan
results/Hopper-v4/
results/Hopper-v4/ppo_ros/
results/Hopper-v4/ppo_ros/expert/
results/Hopper-v4/ppo_ros/expert/b_16/
results/Hopper-v4/ppo_ros/expert/b_16/no_lambda/
results/Hopper-v4/ppo_ros/expert/b_16/no_lambda/run_4/
results/Hopper-v4/ppo_ros/expert/b_16/no_lambda/run_4/evaluations.npz
results/Hopper-v4/ppo_ros/expert/b_16/no_lambda/run_4/config.yml
results/Hopper-v4/ppo_ros/expert/b_16/no_lambda/run_4/stats.npz
