ppo_ros_continuous.py --env-id HalfCheetah-v4 -s expert/b_16/no_clip --total-timesteps 32768 --eval-freq 1 --eval-episodes 0 -b 16 --num-steps 1024 -lr 0 --update-epochs 0 --anneal-lr 0 --ros-num-steps 256 --ros-update-epochs 16 --ros-target-kl 0.05 --ros-clip-coef 999999999 --ros-lambda 0.1 -ros-lr 0.001 --ros-anneal-lr 0 --se 1 --se-freq 1 --se-lr 1e-3 --se-epochs 1000 --policy-path policies/HalfCheetah-v4/best_model.zip --normalization-dir policies/HalfCheetah-v4
Obtaining file:///var/lib/condor/execute/slot1/dir_394848/PPOROS/PPOROS/custom-envs
  Preparing metadata (setup.py): started
  Preparing metadata (setup.py): finished with status 'done'
Requirement already satisfied: gym in /var/lib/condor/execute/slot1/dir_394848/PPOROS/ppo-ros_env/lib/python3.9/site-packages (from custom-envs==0.0.1) (0.21.0)
Requirement already satisfied: numpy>=1.18.0 in /var/lib/condor/execute/slot1/dir_394848/PPOROS/ppo-ros_env/lib/python3.9/site-packages (from gym->custom-envs==0.0.1) (1.24.2)
Requirement already satisfied: cloudpickle>=1.2.0 in /var/lib/condor/execute/slot1/dir_394848/PPOROS/ppo-ros_env/lib/python3.9/site-packages (from gym->custom-envs==0.0.1) (2.2.1)
Installing collected packages: custom-envs
  Running setup.py develop for custom-envs
Successfully installed custom-envs-0.0.1
seed: 2
Eval num_timesteps=0, episode_reward=nan +/- nan
Eval num_timesteps=0, episode_success=nan +/- nan
se
1 1024 1024
diff [-0.10706740617752075]
ref [0.4015650749206543]
[0.29449766874313354]
Training time: 14 	steps per sec: 69
Eval num_timesteps=1024, episode_reward=nan +/- nan
Eval num_timesteps=1024, episode_success=nan +/- nan
se
2 2048 1024
diff [-0.10706740617752075, -0.021598726511001587]
ref [0.4015650749206543, 0.1476922333240509]
[0.29449766874313354, 0.12609350681304932]
Training time: 35 	steps per sec: 57
Eval num_timesteps=2048, episode_reward=nan +/- nan
Eval num_timesteps=2048, episode_success=nan +/- nan
se
3 3072 1024
diff [-0.10706740617752075, -0.021598726511001587, -0.011246025562286377]
ref [0.4015650749206543, 0.1476922333240509, 0.08620190620422363]
[0.29449766874313354, 0.12609350681304932, 0.07495588064193726]
Training time: 67 	steps per sec: 45
Eval num_timesteps=3072, episode_reward=nan +/- nan
Eval num_timesteps=3072, episode_success=nan +/- nan
se
4 4096 1024
diff [-0.10706740617752075, -0.021598726511001587, -0.011246025562286377, -0.009282674640417099]
ref [0.4015650749206543, 0.1476922333240509, 0.08620190620422363, 0.05688473954796791]
[0.29449766874313354, 0.12609350681304932, 0.07495588064193726, 0.04760206490755081]
Training time: 111 	steps per sec: 36
Eval num_timesteps=4096, episode_reward=nan +/- nan
Eval num_timesteps=4096, episode_success=nan +/- nan
se
5 5120 1024
diff [-0.10706740617752075, -0.021598726511001587, -0.011246025562286377, -0.009282674640417099, -0.009094960987567902]
ref [0.4015650749206543, 0.1476922333240509, 0.08620190620422363, 0.05688473954796791, 0.04503151401877403]
[0.29449766874313354, 0.12609350681304932, 0.07495588064193726, 0.04760206490755081, 0.03593655303120613]
Training time: 167 	steps per sec: 30
Eval num_timesteps=5120, episode_reward=nan +/- nan
Eval num_timesteps=5120, episode_success=nan +/- nan
se
6 6144 1024
diff [-0.10706740617752075, -0.021598726511001587, -0.011246025562286377, -0.009282674640417099, -0.009094960987567902, -0.006825190037488937]
ref [0.4015650749206543, 0.1476922333240509, 0.08620190620422363, 0.05688473954796791, 0.04503151401877403, 0.03877665475010872]
[0.29449766874313354, 0.12609350681304932, 0.07495588064193726, 0.04760206490755081, 0.03593655303120613, 0.03195146471261978]
Training time: 232 	steps per sec: 26
Eval num_timesteps=6144, episode_reward=nan +/- nan
Eval num_timesteps=6144, episode_success=nan +/- nan
se
7 7168 1024
diff [-0.10706740617752075, -0.021598726511001587, -0.011246025562286377, -0.009282674640417099, -0.009094960987567902, -0.006825190037488937, -0.008222019299864769]
ref [0.4015650749206543, 0.1476922333240509, 0.08620190620422363, 0.05688473954796791, 0.04503151401877403, 0.03877665475010872, 0.035422999411821365]
[0.29449766874313354, 0.12609350681304932, 0.07495588064193726, 0.04760206490755081, 0.03593655303120613, 0.03195146471261978, 0.027200980111956596]
Training time: 307 	steps per sec: 23
Eval num_timesteps=7168, episode_reward=nan +/- nan
Eval num_timesteps=7168, episode_success=nan +/- nan
se
8 8192 1024
diff [-0.10706740617752075, -0.021598726511001587, -0.011246025562286377, -0.009282674640417099, -0.009094960987567902, -0.006825190037488937, -0.008222019299864769, -0.005082255229353905]
ref [0.4015650749206543, 0.1476922333240509, 0.08620190620422363, 0.05688473954796791, 0.04503151401877403, 0.03877665475010872, 0.035422999411821365, 0.028307046741247177]
[0.29449766874313354, 0.12609350681304932, 0.07495588064193726, 0.04760206490755081, 0.03593655303120613, 0.03195146471261978, 0.027200980111956596, 0.023224791511893272]
Training time: 382 	steps per sec: 21
Eval num_timesteps=8192, episode_reward=nan +/- nan
Eval num_timesteps=8192, episode_success=nan +/- nan
se
9 9216 1024
diff [-0.10706740617752075, -0.021598726511001587, -0.011246025562286377, -0.009282674640417099, -0.009094960987567902, -0.006825190037488937, -0.008222019299864769, -0.005082255229353905, -0.007206214591860771]
ref [0.4015650749206543, 0.1476922333240509, 0.08620190620422363, 0.05688473954796791, 0.04503151401877403, 0.03877665475010872, 0.035422999411821365, 0.028307046741247177, 0.02878711372613907]
[0.29449766874313354, 0.12609350681304932, 0.07495588064193726, 0.04760206490755081, 0.03593655303120613, 0.03195146471261978, 0.027200980111956596, 0.023224791511893272, 0.021580899134278297]
Training time: 471 	steps per sec: 19
Eval num_timesteps=9216, episode_reward=nan +/- nan
Eval num_timesteps=9216, episode_success=nan +/- nan
se
10 10240 1024
diff [-0.10706740617752075, -0.021598726511001587, -0.011246025562286377, -0.009282674640417099, -0.009094960987567902, -0.006825190037488937, -0.008222019299864769, -0.005082255229353905, -0.007206214591860771, -0.004633834585547447]
ref [0.4015650749206543, 0.1476922333240509, 0.08620190620422363, 0.05688473954796791, 0.04503151401877403, 0.03877665475010872, 0.035422999411821365, 0.028307046741247177, 0.02878711372613907, 0.023442760109901428]
[0.29449766874313354, 0.12609350681304932, 0.07495588064193726, 0.04760206490755081, 0.03593655303120613, 0.03195146471261978, 0.027200980111956596, 0.023224791511893272, 0.021580899134278297, 0.01880892552435398]
Training time: 569 	steps per sec: 17
Eval num_timesteps=10240, episode_reward=nan +/- nan
Eval num_timesteps=10240, episode_success=nan +/- nan
se
11 11264 1024
diff [-0.10706740617752075, -0.021598726511001587, -0.011246025562286377, -0.009282674640417099, -0.009094960987567902, -0.006825190037488937, -0.008222019299864769, -0.005082255229353905, -0.007206214591860771, -0.004633834585547447, -0.0037356968969106674]
ref [0.4015650749206543, 0.1476922333240509, 0.08620190620422363, 0.05688473954796791, 0.04503151401877403, 0.03877665475010872, 0.035422999411821365, 0.028307046741247177, 0.02878711372613907, 0.023442760109901428, 0.02083941176533699]
[0.29449766874313354, 0.12609350681304932, 0.07495588064193726, 0.04760206490755081, 0.03593655303120613, 0.03195146471261978, 0.027200980111956596, 0.023224791511893272, 0.021580899134278297, 0.01880892552435398, 0.017103714868426323]
Training time: 682 	steps per sec: 16
Eval num_timesteps=11264, episode_reward=nan +/- nan
Eval num_timesteps=11264, episode_success=nan +/- nan
se
12 12288 1024
diff [-0.10706740617752075, -0.021598726511001587, -0.011246025562286377, -0.009282674640417099, -0.009094960987567902, -0.006825190037488937, -0.008222019299864769, -0.005082255229353905, -0.007206214591860771, -0.004633834585547447, -0.0037356968969106674, -0.007148677483201027]
ref [0.4015650749206543, 0.1476922333240509, 0.08620190620422363, 0.05688473954796791, 0.04503151401877403, 0.03877665475010872, 0.035422999411821365, 0.028307046741247177, 0.02878711372613907, 0.023442760109901428, 0.02083941176533699, 0.02260231412947178]
[0.29449766874313354, 0.12609350681304932, 0.07495588064193726, 0.04760206490755081, 0.03593655303120613, 0.03195146471261978, 0.027200980111956596, 0.023224791511893272, 0.021580899134278297, 0.01880892552435398, 0.017103714868426323, 0.015453636646270752]
Training time: 794 	steps per sec: 15
Eval num_timesteps=12288, episode_reward=nan +/- nan
Eval num_timesteps=12288, episode_success=nan +/- nan
se
13 13312 1024
diff [-0.10706740617752075, -0.021598726511001587, -0.011246025562286377, -0.009282674640417099, -0.009094960987567902, -0.006825190037488937, -0.008222019299864769, -0.005082255229353905, -0.007206214591860771, -0.004633834585547447, -0.0037356968969106674, -0.007148677483201027, -0.005758216604590416]
ref [0.4015650749206543, 0.1476922333240509, 0.08620190620422363, 0.05688473954796791, 0.04503151401877403, 0.03877665475010872, 0.035422999411821365, 0.028307046741247177, 0.02878711372613907, 0.023442760109901428, 0.02083941176533699, 0.02260231412947178, 0.01981520839035511]
[0.29449766874313354, 0.12609350681304932, 0.07495588064193726, 0.04760206490755081, 0.03593655303120613, 0.03195146471261978, 0.027200980111956596, 0.023224791511893272, 0.021580899134278297, 0.01880892552435398, 0.017103714868426323, 0.015453636646270752, 0.014056991785764694]
Training time: 929 	steps per sec: 14
Eval num_timesteps=13312, episode_reward=nan +/- nan
Eval num_timesteps=13312, episode_success=nan +/- nan
se
14 14336 1024
diff [-0.10706740617752075, -0.021598726511001587, -0.011246025562286377, -0.009282674640417099, -0.009094960987567902, -0.006825190037488937, -0.008222019299864769, -0.005082255229353905, -0.007206214591860771, -0.004633834585547447, -0.0037356968969106674, -0.007148677483201027, -0.005758216604590416, -0.004218359477818012]
ref [0.4015650749206543, 0.1476922333240509, 0.08620190620422363, 0.05688473954796791, 0.04503151401877403, 0.03877665475010872, 0.035422999411821365, 0.028307046741247177, 0.02878711372613907, 0.023442760109901428, 0.02083941176533699, 0.02260231412947178, 0.01981520839035511, 0.017488276585936546]
[0.29449766874313354, 0.12609350681304932, 0.07495588064193726, 0.04760206490755081, 0.03593655303120613, 0.03195146471261978, 0.027200980111956596, 0.023224791511893272, 0.021580899134278297, 0.01880892552435398, 0.017103714868426323, 0.015453636646270752, 0.014056991785764694, 0.013269917108118534]
Training time: 1065 	steps per sec: 13
Eval num_timesteps=14336, episode_reward=nan +/- nan
Eval num_timesteps=14336, episode_success=nan +/- nan
se
15 15360 1024
diff [-0.10706740617752075, -0.021598726511001587, -0.011246025562286377, -0.009282674640417099, -0.009094960987567902, -0.006825190037488937, -0.008222019299864769, -0.005082255229353905, -0.007206214591860771, -0.004633834585547447, -0.0037356968969106674, -0.007148677483201027, -0.005758216604590416, -0.004218359477818012, -0.004708793014287949]
ref [0.4015650749206543, 0.1476922333240509, 0.08620190620422363, 0.05688473954796791, 0.04503151401877403, 0.03877665475010872, 0.035422999411821365, 0.028307046741247177, 0.02878711372613907, 0.023442760109901428, 0.02083941176533699, 0.02260231412947178, 0.01981520839035511, 0.017488276585936546, 0.01652252860367298]
[0.29449766874313354, 0.12609350681304932, 0.07495588064193726, 0.04760206490755081, 0.03593655303120613, 0.03195146471261978, 0.027200980111956596, 0.023224791511893272, 0.021580899134278297, 0.01880892552435398, 0.017103714868426323, 0.015453636646270752, 0.014056991785764694, 0.013269917108118534, 0.011813735589385033]
Training time: 1179 	steps per sec: 13
Eval num_timesteps=15360, episode_reward=nan +/- nan
Eval num_timesteps=15360, episode_success=nan +/- nan
se
16 16384 1024
diff [-0.10706740617752075, -0.021598726511001587, -0.011246025562286377, -0.009282674640417099, -0.009094960987567902, -0.006825190037488937, -0.008222019299864769, -0.005082255229353905, -0.007206214591860771, -0.004633834585547447, -0.0037356968969106674, -0.007148677483201027, -0.005758216604590416, -0.004218359477818012, -0.004708793014287949, -0.0051526520401239395]
ref [0.4015650749206543, 0.1476922333240509, 0.08620190620422363, 0.05688473954796791, 0.04503151401877403, 0.03877665475010872, 0.035422999411821365, 0.028307046741247177, 0.02878711372613907, 0.023442760109901428, 0.02083941176533699, 0.02260231412947178, 0.01981520839035511, 0.017488276585936546, 0.01652252860367298, 0.016105953603982925]
[0.29449766874313354, 0.12609350681304932, 0.07495588064193726, 0.04760206490755081, 0.03593655303120613, 0.03195146471261978, 0.027200980111956596, 0.023224791511893272, 0.021580899134278297, 0.01880892552435398, 0.017103714868426323, 0.015453636646270752, 0.014056991785764694, 0.013269917108118534, 0.011813735589385033, 0.010953301563858986]
Training time: 1315 	steps per sec: 12
Eval num_timesteps=16384, episode_reward=nan +/- nan
Eval num_timesteps=16384, episode_success=nan +/- nan
se
16 16384 1024
diff [-0.10706740617752075, -0.021598726511001587, -0.011246025562286377, -0.009282674640417099, -0.009094960987567902, -0.006825190037488937, -0.008222019299864769, -0.005082255229353905, -0.007206214591860771, -0.004633834585547447, -0.0037356968969106674, -0.007148677483201027, -0.005758216604590416, -0.004218359477818012, -0.004708793014287949, -0.0051526520401239395, -0.007151576690375805]
ref [0.4015650749206543, 0.1476922333240509, 0.08620190620422363, 0.05688473954796791, 0.04503151401877403, 0.03877665475010872, 0.035422999411821365, 0.028307046741247177, 0.02878711372613907, 0.023442760109901428, 0.02083941176533699, 0.02260231412947178, 0.01981520839035511, 0.017488276585936546, 0.01652252860367298, 0.016105953603982925, 0.017601128667593002]
[0.29449766874313354, 0.12609350681304932, 0.07495588064193726, 0.04760206490755081, 0.03593655303120613, 0.03195146471261978, 0.027200980111956596, 0.023224791511893272, 0.021580899134278297, 0.01880892552435398, 0.017103714868426323, 0.015453636646270752, 0.014056991785764694, 0.013269917108118534, 0.011813735589385033, 0.010953301563858986, 0.010449551977217197]
Training time: 1446 	steps per sec: 12
Eval num_timesteps=17408, episode_reward=nan +/- nan
Eval num_timesteps=17408, episode_success=nan +/- nan
se
16 16384 1024
diff [-0.10706740617752075, -0.021598726511001587, -0.011246025562286377, -0.009282674640417099, -0.009094960987567902, -0.006825190037488937, -0.008222019299864769, -0.005082255229353905, -0.007206214591860771, -0.004633834585547447, -0.0037356968969106674, -0.007148677483201027, -0.005758216604590416, -0.004218359477818012, -0.004708793014287949, -0.0051526520401239395, -0.007151576690375805, -0.005966097116470337]
ref [0.4015650749206543, 0.1476922333240509, 0.08620190620422363, 0.05688473954796791, 0.04503151401877403, 0.03877665475010872, 0.035422999411821365, 0.028307046741247177, 0.02878711372613907, 0.023442760109901428, 0.02083941176533699, 0.02260231412947178, 0.01981520839035511, 0.017488276585936546, 0.01652252860367298, 0.016105953603982925, 0.017601128667593002, 0.016308553516864777]
[0.29449766874313354, 0.12609350681304932, 0.07495588064193726, 0.04760206490755081, 0.03593655303120613, 0.03195146471261978, 0.027200980111956596, 0.023224791511893272, 0.021580899134278297, 0.01880892552435398, 0.017103714868426323, 0.015453636646270752, 0.014056991785764694, 0.013269917108118534, 0.011813735589385033, 0.010953301563858986, 0.010449551977217197, 0.01034245640039444]
Training time: 1563 	steps per sec: 11
Eval num_timesteps=18432, episode_reward=nan +/- nan
Eval num_timesteps=18432, episode_success=nan +/- nan
se
16 16384 1024
diff [-0.10706740617752075, -0.021598726511001587, -0.011246025562286377, -0.009282674640417099, -0.009094960987567902, -0.006825190037488937, -0.008222019299864769, -0.005082255229353905, -0.007206214591860771, -0.004633834585547447, -0.0037356968969106674, -0.007148677483201027, -0.005758216604590416, -0.004218359477818012, -0.004708793014287949, -0.0051526520401239395, -0.007151576690375805, -0.005966097116470337, -0.0062729595229029655]
ref [0.4015650749206543, 0.1476922333240509, 0.08620190620422363, 0.05688473954796791, 0.04503151401877403, 0.03877665475010872, 0.035422999411821365, 0.028307046741247177, 0.02878711372613907, 0.023442760109901428, 0.02083941176533699, 0.02260231412947178, 0.01981520839035511, 0.017488276585936546, 0.01652252860367298, 0.016105953603982925, 0.017601128667593002, 0.016308553516864777, 0.016244562342762947]
[0.29449766874313354, 0.12609350681304932, 0.07495588064193726, 0.04760206490755081, 0.03593655303120613, 0.03195146471261978, 0.027200980111956596, 0.023224791511893272, 0.021580899134278297, 0.01880892552435398, 0.017103714868426323, 0.015453636646270752, 0.014056991785764694, 0.013269917108118534, 0.011813735589385033, 0.010953301563858986, 0.010449551977217197, 0.01034245640039444, 0.009971602819859982]
Training time: 1675 	steps per sec: 11
Eval num_timesteps=19456, episode_reward=nan +/- nan
Eval num_timesteps=19456, episode_success=nan +/- nan
se
16 16384 1024
diff [-0.10706740617752075, -0.021598726511001587, -0.011246025562286377, -0.009282674640417099, -0.009094960987567902, -0.006825190037488937, -0.008222019299864769, -0.005082255229353905, -0.007206214591860771, -0.004633834585547447, -0.0037356968969106674, -0.007148677483201027, -0.005758216604590416, -0.004218359477818012, -0.004708793014287949, -0.0051526520401239395, -0.007151576690375805, -0.005966097116470337, -0.0062729595229029655, -0.004612677730619907]
ref [0.4015650749206543, 0.1476922333240509, 0.08620190620422363, 0.05688473954796791, 0.04503151401877403, 0.03877665475010872, 0.035422999411821365, 0.028307046741247177, 0.02878711372613907, 0.023442760109901428, 0.02083941176533699, 0.02260231412947178, 0.01981520839035511, 0.017488276585936546, 0.01652252860367298, 0.016105953603982925, 0.017601128667593002, 0.016308553516864777, 0.016244562342762947, 0.014884602278470993]
[0.29449766874313354, 0.12609350681304932, 0.07495588064193726, 0.04760206490755081, 0.03593655303120613, 0.03195146471261978, 0.027200980111956596, 0.023224791511893272, 0.021580899134278297, 0.01880892552435398, 0.017103714868426323, 0.015453636646270752, 0.014056991785764694, 0.013269917108118534, 0.011813735589385033, 0.010953301563858986, 0.010449551977217197, 0.01034245640039444, 0.009971602819859982, 0.010271924547851086]
Training time: 1796 	steps per sec: 11
Eval num_timesteps=20480, episode_reward=nan +/- nan
Eval num_timesteps=20480, episode_success=nan +/- nan
se
16 16384 1024
diff [-0.10706740617752075, -0.021598726511001587, -0.011246025562286377, -0.009282674640417099, -0.009094960987567902, -0.006825190037488937, -0.008222019299864769, -0.005082255229353905, -0.007206214591860771, -0.004633834585547447, -0.0037356968969106674, -0.007148677483201027, -0.005758216604590416, -0.004218359477818012, -0.004708793014287949, -0.0051526520401239395, -0.007151576690375805, -0.005966097116470337, -0.0062729595229029655, -0.004612677730619907, -0.004712440073490143]
ref [0.4015650749206543, 0.1476922333240509, 0.08620190620422363, 0.05688473954796791, 0.04503151401877403, 0.03877665475010872, 0.035422999411821365, 0.028307046741247177, 0.02878711372613907, 0.023442760109901428, 0.02083941176533699, 0.02260231412947178, 0.01981520839035511, 0.017488276585936546, 0.01652252860367298, 0.016105953603982925, 0.017601128667593002, 0.016308553516864777, 0.016244562342762947, 0.014884602278470993, 0.015929371118545532]
[0.29449766874313354, 0.12609350681304932, 0.07495588064193726, 0.04760206490755081, 0.03593655303120613, 0.03195146471261978, 0.027200980111956596, 0.023224791511893272, 0.021580899134278297, 0.01880892552435398, 0.017103714868426323, 0.015453636646270752, 0.014056991785764694, 0.013269917108118534, 0.011813735589385033, 0.010953301563858986, 0.010449551977217197, 0.01034245640039444, 0.009971602819859982, 0.010271924547851086, 0.01121693104505539]
Training time: 1921 	steps per sec: 11
Eval num_timesteps=21504, episode_reward=nan +/- nan
Eval num_timesteps=21504, episode_success=nan +/- nan
se
16 16384 1024
diff [-0.10706740617752075, -0.021598726511001587, -0.011246025562286377, -0.009282674640417099, -0.009094960987567902, -0.006825190037488937, -0.008222019299864769, -0.005082255229353905, -0.007206214591860771, -0.004633834585547447, -0.0037356968969106674, -0.007148677483201027, -0.005758216604590416, -0.004218359477818012, -0.004708793014287949, -0.0051526520401239395, -0.007151576690375805, -0.005966097116470337, -0.0062729595229029655, -0.004612677730619907, -0.004712440073490143, -0.005687474273145199]
ref [0.4015650749206543, 0.1476922333240509, 0.08620190620422363, 0.05688473954796791, 0.04503151401877403, 0.03877665475010872, 0.035422999411821365, 0.028307046741247177, 0.02878711372613907, 0.023442760109901428, 0.02083941176533699, 0.02260231412947178, 0.01981520839035511, 0.017488276585936546, 0.01652252860367298, 0.016105953603982925, 0.017601128667593002, 0.016308553516864777, 0.016244562342762947, 0.014884602278470993, 0.015929371118545532, 0.016533097252249718]
[0.29449766874313354, 0.12609350681304932, 0.07495588064193726, 0.04760206490755081, 0.03593655303120613, 0.03195146471261978, 0.027200980111956596, 0.023224791511893272, 0.021580899134278297, 0.01880892552435398, 0.017103714868426323, 0.015453636646270752, 0.014056991785764694, 0.013269917108118534, 0.011813735589385033, 0.010953301563858986, 0.010449551977217197, 0.01034245640039444, 0.009971602819859982, 0.010271924547851086, 0.01121693104505539, 0.010845622979104519]
Training time: 2055 	steps per sec: 10
Eval num_timesteps=22528, episode_reward=nan +/- nan
Eval num_timesteps=22528, episode_success=nan +/- nan
se
16 16384 1024
diff [-0.10706740617752075, -0.021598726511001587, -0.011246025562286377, -0.009282674640417099, -0.009094960987567902, -0.006825190037488937, -0.008222019299864769, -0.005082255229353905, -0.007206214591860771, -0.004633834585547447, -0.0037356968969106674, -0.007148677483201027, -0.005758216604590416, -0.004218359477818012, -0.004708793014287949, -0.0051526520401239395, -0.007151576690375805, -0.005966097116470337, -0.0062729595229029655, -0.004612677730619907, -0.004712440073490143, -0.005687474273145199, -0.0034321127459406853]
ref [0.4015650749206543, 0.1476922333240509, 0.08620190620422363, 0.05688473954796791, 0.04503151401877403, 0.03877665475010872, 0.035422999411821365, 0.028307046741247177, 0.02878711372613907, 0.023442760109901428, 0.02083941176533699, 0.02260231412947178, 0.01981520839035511, 0.017488276585936546, 0.01652252860367298, 0.016105953603982925, 0.017601128667593002, 0.016308553516864777, 0.016244562342762947, 0.014884602278470993, 0.015929371118545532, 0.016533097252249718, 0.014750921167433262]
[0.29449766874313354, 0.12609350681304932, 0.07495588064193726, 0.04760206490755081, 0.03593655303120613, 0.03195146471261978, 0.027200980111956596, 0.023224791511893272, 0.021580899134278297, 0.01880892552435398, 0.017103714868426323, 0.015453636646270752, 0.014056991785764694, 0.013269917108118534, 0.011813735589385033, 0.010953301563858986, 0.010449551977217197, 0.01034245640039444, 0.009971602819859982, 0.010271924547851086, 0.01121693104505539, 0.010845622979104519, 0.011318808421492577]
Training time: 2218 	steps per sec: 10
Eval num_timesteps=23552, episode_reward=nan +/- nan
Eval num_timesteps=23552, episode_success=nan +/- nan
se
16 16384 1024
diff [-0.10706740617752075, -0.021598726511001587, -0.011246025562286377, -0.009282674640417099, -0.009094960987567902, -0.006825190037488937, -0.008222019299864769, -0.005082255229353905, -0.007206214591860771, -0.004633834585547447, -0.0037356968969106674, -0.007148677483201027, -0.005758216604590416, -0.004218359477818012, -0.004708793014287949, -0.0051526520401239395, -0.007151576690375805, -0.005966097116470337, -0.0062729595229029655, -0.004612677730619907, -0.004712440073490143, -0.005687474273145199, -0.0034321127459406853, -0.002075131982564926]
ref [0.4015650749206543, 0.1476922333240509, 0.08620190620422363, 0.05688473954796791, 0.04503151401877403, 0.03877665475010872, 0.035422999411821365, 0.028307046741247177, 0.02878711372613907, 0.023442760109901428, 0.02083941176533699, 0.02260231412947178, 0.01981520839035511, 0.017488276585936546, 0.01652252860367298, 0.016105953603982925, 0.017601128667593002, 0.016308553516864777, 0.016244562342762947, 0.014884602278470993, 0.015929371118545532, 0.016533097252249718, 0.014750921167433262, 0.013588754460215569]
[0.29449766874313354, 0.12609350681304932, 0.07495588064193726, 0.04760206490755081, 0.03593655303120613, 0.03195146471261978, 0.027200980111956596, 0.023224791511893272, 0.021580899134278297, 0.01880892552435398, 0.017103714868426323, 0.015453636646270752, 0.014056991785764694, 0.013269917108118534, 0.011813735589385033, 0.010953301563858986, 0.010449551977217197, 0.01034245640039444, 0.009971602819859982, 0.010271924547851086, 0.01121693104505539, 0.010845622979104519, 0.011318808421492577, 0.011513622477650642]
Training time: 2375 	steps per sec: 10
Eval num_timesteps=24576, episode_reward=nan +/- nan
Eval num_timesteps=24576, episode_success=nan +/- nan
se
16 16384 1024
diff [-0.10706740617752075, -0.021598726511001587, -0.011246025562286377, -0.009282674640417099, -0.009094960987567902, -0.006825190037488937, -0.008222019299864769, -0.005082255229353905, -0.007206214591860771, -0.004633834585547447, -0.0037356968969106674, -0.007148677483201027, -0.005758216604590416, -0.004218359477818012, -0.004708793014287949, -0.0051526520401239395, -0.007151576690375805, -0.005966097116470337, -0.0062729595229029655, -0.004612677730619907, -0.004712440073490143, -0.005687474273145199, -0.0034321127459406853, -0.002075131982564926, -0.002484893426299095]
ref [0.4015650749206543, 0.1476922333240509, 0.08620190620422363, 0.05688473954796791, 0.04503151401877403, 0.03877665475010872, 0.035422999411821365, 0.028307046741247177, 0.02878711372613907, 0.023442760109901428, 0.02083941176533699, 0.02260231412947178, 0.01981520839035511, 0.017488276585936546, 0.01652252860367298, 0.016105953603982925, 0.017601128667593002, 0.016308553516864777, 0.016244562342762947, 0.014884602278470993, 0.015929371118545532, 0.016533097252249718, 0.014750921167433262, 0.013588754460215569, 0.014431033283472061]
[0.29449766874313354, 0.12609350681304932, 0.07495588064193726, 0.04760206490755081, 0.03593655303120613, 0.03195146471261978, 0.027200980111956596, 0.023224791511893272, 0.021580899134278297, 0.01880892552435398, 0.017103714868426323, 0.015453636646270752, 0.014056991785764694, 0.013269917108118534, 0.011813735589385033, 0.010953301563858986, 0.010449551977217197, 0.01034245640039444, 0.009971602819859982, 0.010271924547851086, 0.01121693104505539, 0.010845622979104519, 0.011318808421492577, 0.011513622477650642, 0.011946139857172966]
Training time: 2515 	steps per sec: 10
Eval num_timesteps=25600, episode_reward=nan +/- nan
Eval num_timesteps=25600, episode_success=nan +/- nan
se
16 16384 1024
diff [-0.10706740617752075, -0.021598726511001587, -0.011246025562286377, -0.009282674640417099, -0.009094960987567902, -0.006825190037488937, -0.008222019299864769, -0.005082255229353905, -0.007206214591860771, -0.004633834585547447, -0.0037356968969106674, -0.007148677483201027, -0.005758216604590416, -0.004218359477818012, -0.004708793014287949, -0.0051526520401239395, -0.007151576690375805, -0.005966097116470337, -0.0062729595229029655, -0.004612677730619907, -0.004712440073490143, -0.005687474273145199, -0.0034321127459406853, -0.002075131982564926, -0.002484893426299095, -0.0018751882016658783]
ref [0.4015650749206543, 0.1476922333240509, 0.08620190620422363, 0.05688473954796791, 0.04503151401877403, 0.03877665475010872, 0.035422999411821365, 0.028307046741247177, 0.02878711372613907, 0.023442760109901428, 0.02083941176533699, 0.02260231412947178, 0.01981520839035511, 0.017488276585936546, 0.01652252860367298, 0.016105953603982925, 0.017601128667593002, 0.016308553516864777, 0.016244562342762947, 0.014884602278470993, 0.015929371118545532, 0.016533097252249718, 0.014750921167433262, 0.013588754460215569, 0.014431033283472061, 0.014758837409317493]
[0.29449766874313354, 0.12609350681304932, 0.07495588064193726, 0.04760206490755081, 0.03593655303120613, 0.03195146471261978, 0.027200980111956596, 0.023224791511893272, 0.021580899134278297, 0.01880892552435398, 0.017103714868426323, 0.015453636646270752, 0.014056991785764694, 0.013269917108118534, 0.011813735589385033, 0.010953301563858986, 0.010449551977217197, 0.01034245640039444, 0.009971602819859982, 0.010271924547851086, 0.01121693104505539, 0.010845622979104519, 0.011318808421492577, 0.011513622477650642, 0.011946139857172966, 0.012883649207651615]
Training time: 2660 	steps per sec: 10
Eval num_timesteps=26624, episode_reward=nan +/- nan
Eval num_timesteps=26624, episode_success=nan +/- nan
se
16 16384 1024
diff [-0.10706740617752075, -0.021598726511001587, -0.011246025562286377, -0.009282674640417099, -0.009094960987567902, -0.006825190037488937, -0.008222019299864769, -0.005082255229353905, -0.007206214591860771, -0.004633834585547447, -0.0037356968969106674, -0.007148677483201027, -0.005758216604590416, -0.004218359477818012, -0.004708793014287949, -0.0051526520401239395, -0.007151576690375805, -0.005966097116470337, -0.0062729595229029655, -0.004612677730619907, -0.004712440073490143, -0.005687474273145199, -0.0034321127459406853, -0.002075131982564926, -0.002484893426299095, -0.0018751882016658783, -0.003595133312046528]
ref [0.4015650749206543, 0.1476922333240509, 0.08620190620422363, 0.05688473954796791, 0.04503151401877403, 0.03877665475010872, 0.035422999411821365, 0.028307046741247177, 0.02878711372613907, 0.023442760109901428, 0.02083941176533699, 0.02260231412947178, 0.01981520839035511, 0.017488276585936546, 0.01652252860367298, 0.016105953603982925, 0.017601128667593002, 0.016308553516864777, 0.016244562342762947, 0.014884602278470993, 0.015929371118545532, 0.016533097252249718, 0.014750921167433262, 0.013588754460215569, 0.014431033283472061, 0.014758837409317493, 0.016800716519355774]
[0.29449766874313354, 0.12609350681304932, 0.07495588064193726, 0.04760206490755081, 0.03593655303120613, 0.03195146471261978, 0.027200980111956596, 0.023224791511893272, 0.021580899134278297, 0.01880892552435398, 0.017103714868426323, 0.015453636646270752, 0.014056991785764694, 0.013269917108118534, 0.011813735589385033, 0.010953301563858986, 0.010449551977217197, 0.01034245640039444, 0.009971602819859982, 0.010271924547851086, 0.01121693104505539, 0.010845622979104519, 0.011318808421492577, 0.011513622477650642, 0.011946139857172966, 0.012883649207651615, 0.013205583207309246]
Training time: 2801 	steps per sec: 9
Eval num_timesteps=27648, episode_reward=nan +/- nan
Eval num_timesteps=27648, episode_success=nan +/- nan
se
16 16384 1024
diff [-0.10706740617752075, -0.021598726511001587, -0.011246025562286377, -0.009282674640417099, -0.009094960987567902, -0.006825190037488937, -0.008222019299864769, -0.005082255229353905, -0.007206214591860771, -0.004633834585547447, -0.0037356968969106674, -0.007148677483201027, -0.005758216604590416, -0.004218359477818012, -0.004708793014287949, -0.0051526520401239395, -0.007151576690375805, -0.005966097116470337, -0.0062729595229029655, -0.004612677730619907, -0.004712440073490143, -0.005687474273145199, -0.0034321127459406853, -0.002075131982564926, -0.002484893426299095, -0.0018751882016658783, -0.003595133312046528, -0.0035283053293824196]
ref [0.4015650749206543, 0.1476922333240509, 0.08620190620422363, 0.05688473954796791, 0.04503151401877403, 0.03877665475010872, 0.035422999411821365, 0.028307046741247177, 0.02878711372613907, 0.023442760109901428, 0.02083941176533699, 0.02260231412947178, 0.01981520839035511, 0.017488276585936546, 0.01652252860367298, 0.016105953603982925, 0.017601128667593002, 0.016308553516864777, 0.016244562342762947, 0.014884602278470993, 0.015929371118545532, 0.016533097252249718, 0.014750921167433262, 0.013588754460215569, 0.014431033283472061, 0.014758837409317493, 0.016800716519355774, 0.01781250163912773]
[0.29449766874313354, 0.12609350681304932, 0.07495588064193726, 0.04760206490755081, 0.03593655303120613, 0.03195146471261978, 0.027200980111956596, 0.023224791511893272, 0.021580899134278297, 0.01880892552435398, 0.017103714868426323, 0.015453636646270752, 0.014056991785764694, 0.013269917108118534, 0.011813735589385033, 0.010953301563858986, 0.010449551977217197, 0.01034245640039444, 0.009971602819859982, 0.010271924547851086, 0.01121693104505539, 0.010845622979104519, 0.011318808421492577, 0.011513622477650642, 0.011946139857172966, 0.012883649207651615, 0.013205583207309246, 0.014284196309745312]
Training time: 2937 	steps per sec: 9
Eval num_timesteps=28672, episode_reward=nan +/- nan
Eval num_timesteps=28672, episode_success=nan +/- nan
se
16 16384 1024
diff [-0.10706740617752075, -0.021598726511001587, -0.011246025562286377, -0.009282674640417099, -0.009094960987567902, -0.006825190037488937, -0.008222019299864769, -0.005082255229353905, -0.007206214591860771, -0.004633834585547447, -0.0037356968969106674, -0.007148677483201027, -0.005758216604590416, -0.004218359477818012, -0.004708793014287949, -0.0051526520401239395, -0.007151576690375805, -0.005966097116470337, -0.0062729595229029655, -0.004612677730619907, -0.004712440073490143, -0.005687474273145199, -0.0034321127459406853, -0.002075131982564926, -0.002484893426299095, -0.0018751882016658783, -0.003595133312046528, -0.0035283053293824196, -0.002106623724102974]
ref [0.4015650749206543, 0.1476922333240509, 0.08620190620422363, 0.05688473954796791, 0.04503151401877403, 0.03877665475010872, 0.035422999411821365, 0.028307046741247177, 0.02878711372613907, 0.023442760109901428, 0.02083941176533699, 0.02260231412947178, 0.01981520839035511, 0.017488276585936546, 0.01652252860367298, 0.016105953603982925, 0.017601128667593002, 0.016308553516864777, 0.016244562342762947, 0.014884602278470993, 0.015929371118545532, 0.016533097252249718, 0.014750921167433262, 0.013588754460215569, 0.014431033283472061, 0.014758837409317493, 0.016800716519355774, 0.01781250163912773, 0.01637336052954197]
[0.29449766874313354, 0.12609350681304932, 0.07495588064193726, 0.04760206490755081, 0.03593655303120613, 0.03195146471261978, 0.027200980111956596, 0.023224791511893272, 0.021580899134278297, 0.01880892552435398, 0.017103714868426323, 0.015453636646270752, 0.014056991785764694, 0.013269917108118534, 0.011813735589385033, 0.010953301563858986, 0.010449551977217197, 0.01034245640039444, 0.009971602819859982, 0.010271924547851086, 0.01121693104505539, 0.010845622979104519, 0.011318808421492577, 0.011513622477650642, 0.011946139857172966, 0.012883649207651615, 0.013205583207309246, 0.014284196309745312, 0.014266736805438995]
Training time: 3081 	steps per sec: 9
Eval num_timesteps=29696, episode_reward=nan +/- nan
Eval num_timesteps=29696, episode_success=nan +/- nan
se
16 16384 1024
diff [-0.10706740617752075, -0.021598726511001587, -0.011246025562286377, -0.009282674640417099, -0.009094960987567902, -0.006825190037488937, -0.008222019299864769, -0.005082255229353905, -0.007206214591860771, -0.004633834585547447, -0.0037356968969106674, -0.007148677483201027, -0.005758216604590416, -0.004218359477818012, -0.004708793014287949, -0.0051526520401239395, -0.007151576690375805, -0.005966097116470337, -0.0062729595229029655, -0.004612677730619907, -0.004712440073490143, -0.005687474273145199, -0.0034321127459406853, -0.002075131982564926, -0.002484893426299095, -0.0018751882016658783, -0.003595133312046528, -0.0035283053293824196, -0.002106623724102974, -0.002382088452577591]
ref [0.4015650749206543, 0.1476922333240509, 0.08620190620422363, 0.05688473954796791, 0.04503151401877403, 0.03877665475010872, 0.035422999411821365, 0.028307046741247177, 0.02878711372613907, 0.023442760109901428, 0.02083941176533699, 0.02260231412947178, 0.01981520839035511, 0.017488276585936546, 0.01652252860367298, 0.016105953603982925, 0.017601128667593002, 0.016308553516864777, 0.016244562342762947, 0.014884602278470993, 0.015929371118545532, 0.016533097252249718, 0.014750921167433262, 0.013588754460215569, 0.014431033283472061, 0.014758837409317493, 0.016800716519355774, 0.01781250163912773, 0.01637336052954197, 0.01730658859014511]
[0.29449766874313354, 0.12609350681304932, 0.07495588064193726, 0.04760206490755081, 0.03593655303120613, 0.03195146471261978, 0.027200980111956596, 0.023224791511893272, 0.021580899134278297, 0.01880892552435398, 0.017103714868426323, 0.015453636646270752, 0.014056991785764694, 0.013269917108118534, 0.011813735589385033, 0.010953301563858986, 0.010449551977217197, 0.01034245640039444, 0.009971602819859982, 0.010271924547851086, 0.01121693104505539, 0.010845622979104519, 0.011318808421492577, 0.011513622477650642, 0.011946139857172966, 0.012883649207651615, 0.013205583207309246, 0.014284196309745312, 0.014266736805438995, 0.01492450013756752]
Training time: 3225 	steps per sec: 9
Eval num_timesteps=30720, episode_reward=nan +/- nan
Eval num_timesteps=30720, episode_success=nan +/- nan
se
16 16384 1024
diff [-0.10706740617752075, -0.021598726511001587, -0.011246025562286377, -0.009282674640417099, -0.009094960987567902, -0.006825190037488937, -0.008222019299864769, -0.005082255229353905, -0.007206214591860771, -0.004633834585547447, -0.0037356968969106674, -0.007148677483201027, -0.005758216604590416, -0.004218359477818012, -0.004708793014287949, -0.0051526520401239395, -0.007151576690375805, -0.005966097116470337, -0.0062729595229029655, -0.004612677730619907, -0.004712440073490143, -0.005687474273145199, -0.0034321127459406853, -0.002075131982564926, -0.002484893426299095, -0.0018751882016658783, -0.003595133312046528, -0.0035283053293824196, -0.002106623724102974, -0.002382088452577591, -0.002742336131632328]
ref [0.4015650749206543, 0.1476922333240509, 0.08620190620422363, 0.05688473954796791, 0.04503151401877403, 0.03877665475010872, 0.035422999411821365, 0.028307046741247177, 0.02878711372613907, 0.023442760109901428, 0.02083941176533699, 0.02260231412947178, 0.01981520839035511, 0.017488276585936546, 0.01652252860367298, 0.016105953603982925, 0.017601128667593002, 0.016308553516864777, 0.016244562342762947, 0.014884602278470993, 0.015929371118545532, 0.016533097252249718, 0.014750921167433262, 0.013588754460215569, 0.014431033283472061, 0.014758837409317493, 0.016800716519355774, 0.01781250163912773, 0.01637336052954197, 0.01730658859014511, 0.017409274354577065]
[0.29449766874313354, 0.12609350681304932, 0.07495588064193726, 0.04760206490755081, 0.03593655303120613, 0.03195146471261978, 0.027200980111956596, 0.023224791511893272, 0.021580899134278297, 0.01880892552435398, 0.017103714868426323, 0.015453636646270752, 0.014056991785764694, 0.013269917108118534, 0.011813735589385033, 0.010953301563858986, 0.010449551977217197, 0.01034245640039444, 0.009971602819859982, 0.010271924547851086, 0.01121693104505539, 0.010845622979104519, 0.011318808421492577, 0.011513622477650642, 0.011946139857172966, 0.012883649207651615, 0.013205583207309246, 0.014284196309745312, 0.014266736805438995, 0.01492450013756752, 0.014666938222944736]
Training time: 3361 	steps per sec: 9
Eval num_timesteps=31744, episode_reward=nan +/- nan
Eval num_timesteps=31744, episode_success=nan +/- nan
se
16 16384 1024
diff [-0.10706740617752075, -0.021598726511001587, -0.011246025562286377, -0.009282674640417099, -0.009094960987567902, -0.006825190037488937, -0.008222019299864769, -0.005082255229353905, -0.007206214591860771, -0.004633834585547447, -0.0037356968969106674, -0.007148677483201027, -0.005758216604590416, -0.004218359477818012, -0.004708793014287949, -0.0051526520401239395, -0.007151576690375805, -0.005966097116470337, -0.0062729595229029655, -0.004612677730619907, -0.004712440073490143, -0.005687474273145199, -0.0034321127459406853, -0.002075131982564926, -0.002484893426299095, -0.0018751882016658783, -0.003595133312046528, -0.0035283053293824196, -0.002106623724102974, -0.002382088452577591, -0.002742336131632328, -0.00032854825258255005]
ref [0.4015650749206543, 0.1476922333240509, 0.08620190620422363, 0.05688473954796791, 0.04503151401877403, 0.03877665475010872, 0.035422999411821365, 0.028307046741247177, 0.02878711372613907, 0.023442760109901428, 0.02083941176533699, 0.02260231412947178, 0.01981520839035511, 0.017488276585936546, 0.01652252860367298, 0.016105953603982925, 0.017601128667593002, 0.016308553516864777, 0.016244562342762947, 0.014884602278470993, 0.015929371118545532, 0.016533097252249718, 0.014750921167433262, 0.013588754460215569, 0.014431033283472061, 0.014758837409317493, 0.016800716519355774, 0.01781250163912773, 0.01637336052954197, 0.01730658859014511, 0.017409274354577065, 0.014756709337234497]
[0.29449766874313354, 0.12609350681304932, 0.07495588064193726, 0.04760206490755081, 0.03593655303120613, 0.03195146471261978, 0.027200980111956596, 0.023224791511893272, 0.021580899134278297, 0.01880892552435398, 0.017103714868426323, 0.015453636646270752, 0.014056991785764694, 0.013269917108118534, 0.011813735589385033, 0.010953301563858986, 0.010449551977217197, 0.01034245640039444, 0.009971602819859982, 0.010271924547851086, 0.01121693104505539, 0.010845622979104519, 0.011318808421492577, 0.011513622477650642, 0.011946139857172966, 0.012883649207651615, 0.013205583207309246, 0.014284196309745312, 0.014266736805438995, 0.01492450013756752, 0.014666938222944736, 0.014428161084651947]
Training time: 3485 	steps per sec: 9
Eval num_timesteps=32768, episode_reward=nan +/- nan
Eval num_timesteps=32768, episode_success=nan +/- nan
results/HalfCheetah-v4/
results/HalfCheetah-v4/ppo_ros/
results/HalfCheetah-v4/ppo_ros/expert/
results/HalfCheetah-v4/ppo_ros/expert/b_16/
results/HalfCheetah-v4/ppo_ros/expert/b_16/no_clip/
results/HalfCheetah-v4/ppo_ros/expert/b_16/no_clip/run_2/
results/HalfCheetah-v4/ppo_ros/expert/b_16/no_clip/run_2/evaluations.npz
results/HalfCheetah-v4/ppo_ros/expert/b_16/no_clip/run_2/config.yml
results/HalfCheetah-v4/ppo_ros/expert/b_16/no_clip/run_2/stats.npz
