ppo_ros_continuous.py --env-id Hopper-v4 -s expert/b_16/no_clip --total-timesteps 32768 --eval-freq 1 --eval-episodes 0 -b 16 --num-steps 1024 -lr 0 --update-epochs 0 --anneal-lr 0 --ros-num-steps 256 --ros-update-epochs 16 --ros-target-kl 0.05 --ros-clip-coef 999999999 --ros-lambda 0.1 -ros-lr 0.001 --ros-anneal-lr 0 --se 1 --se-freq 1 --se-lr 1e-3 --se-epochs 1000 --policy-path policies/Hopper-v4/best_model.zip --normalization-dir policies/Hopper-v4
Obtaining file:///var/lib/condor/execute/slot1/dir_1889215/PPOROS/PPOROS/custom-envs
  Preparing metadata (setup.py): started
  Preparing metadata (setup.py): finished with status 'done'
Requirement already satisfied: gym in /var/lib/condor/execute/slot1/dir_1889215/PPOROS/ppo-ros_env/lib/python3.9/site-packages (from custom-envs==0.0.1) (0.21.0)
Requirement already satisfied: numpy>=1.18.0 in /var/lib/condor/execute/slot1/dir_1889215/PPOROS/ppo-ros_env/lib/python3.9/site-packages (from gym->custom-envs==0.0.1) (1.24.2)
Requirement already satisfied: cloudpickle>=1.2.0 in /var/lib/condor/execute/slot1/dir_1889215/PPOROS/ppo-ros_env/lib/python3.9/site-packages (from gym->custom-envs==0.0.1) (2.2.1)
Installing collected packages: custom-envs
  Running setup.py develop for custom-envs
Successfully installed custom-envs-0.0.1
seed: 4
Eval num_timesteps=0, episode_reward=nan +/- nan
Eval num_timesteps=0, episode_success=nan +/- nan
se
1 1024 1024
diff [0.03757651895284653]
ref [0.08667617291212082]
[0.12425269186496735]
Training time: 8 	steps per sec: 123
Eval num_timesteps=1024, episode_reward=nan +/- nan
Eval num_timesteps=1024, episode_success=nan +/- nan
se
2 2048 1024
diff [0.03757651895284653, 0.03479287028312683]
ref [0.08667617291212082, 0.0576770156621933]
[0.12425269186496735, 0.09246988594532013]
Training time: 19 	steps per sec: 103
Eval num_timesteps=2048, episode_reward=nan +/- nan
Eval num_timesteps=2048, episode_success=nan +/- nan
se
3 3072 1024
diff [0.03757651895284653, 0.03479287028312683, 0.017653435468673706]
ref [0.08667617291212082, 0.0576770156621933, 0.031845610588788986]
[0.12425269186496735, 0.09246988594532013, 0.04949904605746269]
Training time: 35 	steps per sec: 85
Eval num_timesteps=3072, episode_reward=nan +/- nan
Eval num_timesteps=3072, episode_success=nan +/- nan
se
4 4096 1024
diff [0.03757651895284653, 0.03479287028312683, 0.017653435468673706, 0.006746994331479073]
ref [0.08667617291212082, 0.0576770156621933, 0.031845610588788986, 0.02377926930785179]
[0.12425269186496735, 0.09246988594532013, 0.04949904605746269, 0.030526263639330864]
Training time: 55 	steps per sec: 73
Eval num_timesteps=4096, episode_reward=nan +/- nan
Eval num_timesteps=4096, episode_success=nan +/- nan
se
5 5120 1024
diff [0.03757651895284653, 0.03479287028312683, 0.017653435468673706, 0.006746994331479073, 2.5831162929534912e-05]
ref [0.08667617291212082, 0.0576770156621933, 0.031845610588788986, 0.02377926930785179, 0.020616400986909866]
[0.12425269186496735, 0.09246988594532013, 0.04949904605746269, 0.030526263639330864, 0.0206422321498394]
Training time: 80 	steps per sec: 63
Eval num_timesteps=5120, episode_reward=nan +/- nan
Eval num_timesteps=5120, episode_success=nan +/- nan
se
6 6144 1024
diff [0.03757651895284653, 0.03479287028312683, 0.017653435468673706, 0.006746994331479073, 2.5831162929534912e-05, -0.0014309491962194443]
ref [0.08667617291212082, 0.0576770156621933, 0.031845610588788986, 0.02377926930785179, 0.020616400986909866, 0.0183534175157547]
[0.12425269186496735, 0.09246988594532013, 0.04949904605746269, 0.030526263639330864, 0.0206422321498394, 0.016922468319535255]
Training time: 108 	steps per sec: 56
Eval num_timesteps=6144, episode_reward=nan +/- nan
Eval num_timesteps=6144, episode_success=nan +/- nan
se
7 7168 1024
diff [0.03757651895284653, 0.03479287028312683, 0.017653435468673706, 0.006746994331479073, 2.5831162929534912e-05, -0.0014309491962194443, 0.0007916828617453575]
ref [0.08667617291212082, 0.0576770156621933, 0.031845610588788986, 0.02377926930785179, 0.020616400986909866, 0.0183534175157547, 0.013767493888735771]
[0.12425269186496735, 0.09246988594532013, 0.04949904605746269, 0.030526263639330864, 0.0206422321498394, 0.016922468319535255, 0.014559176750481129]
Training time: 142 	steps per sec: 50
Eval num_timesteps=7168, episode_reward=nan +/- nan
Eval num_timesteps=7168, episode_success=nan +/- nan
se
8 8192 1024
diff [0.03757651895284653, 0.03479287028312683, 0.017653435468673706, 0.006746994331479073, 2.5831162929534912e-05, -0.0014309491962194443, 0.0007916828617453575, -0.0009824400767683983]
ref [0.08667617291212082, 0.0576770156621933, 0.031845610588788986, 0.02377926930785179, 0.020616400986909866, 0.0183534175157547, 0.013767493888735771, 0.013304491527378559]
[0.12425269186496735, 0.09246988594532013, 0.04949904605746269, 0.030526263639330864, 0.0206422321498394, 0.016922468319535255, 0.014559176750481129, 0.01232205145061016]
Training time: 179 	steps per sec: 45
Eval num_timesteps=8192, episode_reward=nan +/- nan
Eval num_timesteps=8192, episode_success=nan +/- nan
se
9 9216 1024
diff [0.03757651895284653, 0.03479287028312683, 0.017653435468673706, 0.006746994331479073, 2.5831162929534912e-05, -0.0014309491962194443, 0.0007916828617453575, -0.0009824400767683983, -0.003935057669878006]
ref [0.08667617291212082, 0.0576770156621933, 0.031845610588788986, 0.02377926930785179, 0.020616400986909866, 0.0183534175157547, 0.013767493888735771, 0.013304491527378559, 0.012956768274307251]
[0.12425269186496735, 0.09246988594532013, 0.04949904605746269, 0.030526263639330864, 0.0206422321498394, 0.016922468319535255, 0.014559176750481129, 0.01232205145061016, 0.009021710604429245]
Training time: 221 	steps per sec: 41
Eval num_timesteps=9216, episode_reward=nan +/- nan
Eval num_timesteps=9216, episode_success=nan +/- nan
se
10 10240 1024
diff [0.03757651895284653, 0.03479287028312683, 0.017653435468673706, 0.006746994331479073, 2.5831162929534912e-05, -0.0014309491962194443, 0.0007916828617453575, -0.0009824400767683983, -0.003935057669878006, -0.002735021524131298]
ref [0.08667617291212082, 0.0576770156621933, 0.031845610588788986, 0.02377926930785179, 0.020616400986909866, 0.0183534175157547, 0.013767493888735771, 0.013304491527378559, 0.012956768274307251, 0.011166602373123169]
[0.12425269186496735, 0.09246988594532013, 0.04949904605746269, 0.030526263639330864, 0.0206422321498394, 0.016922468319535255, 0.014559176750481129, 0.01232205145061016, 0.009021710604429245, 0.008431580848991871]
Training time: 266 	steps per sec: 38
Eval num_timesteps=10240, episode_reward=nan +/- nan
Eval num_timesteps=10240, episode_success=nan +/- nan
se
11 11264 1024
diff [0.03757651895284653, 0.03479287028312683, 0.017653435468673706, 0.006746994331479073, 2.5831162929534912e-05, -0.0014309491962194443, 0.0007916828617453575, -0.0009824400767683983, -0.003935057669878006, -0.002735021524131298, -0.0004004416987299919]
ref [0.08667617291212082, 0.0576770156621933, 0.031845610588788986, 0.02377926930785179, 0.020616400986909866, 0.0183534175157547, 0.013767493888735771, 0.013304491527378559, 0.012956768274307251, 0.011166602373123169, 0.008673708885908127]
[0.12425269186496735, 0.09246988594532013, 0.04949904605746269, 0.030526263639330864, 0.0206422321498394, 0.016922468319535255, 0.014559176750481129, 0.01232205145061016, 0.009021710604429245, 0.008431580848991871, 0.008273267187178135]
Training time: 316 	steps per sec: 35
Eval num_timesteps=11264, episode_reward=nan +/- nan
Eval num_timesteps=11264, episode_success=nan +/- nan
se
12 12288 1024
diff [0.03757651895284653, 0.03479287028312683, 0.017653435468673706, 0.006746994331479073, 2.5831162929534912e-05, -0.0014309491962194443, 0.0007916828617453575, -0.0009824400767683983, -0.003935057669878006, -0.002735021524131298, -0.0004004416987299919, -0.002528778277337551]
ref [0.08667617291212082, 0.0576770156621933, 0.031845610588788986, 0.02377926930785179, 0.020616400986909866, 0.0183534175157547, 0.013767493888735771, 0.013304491527378559, 0.012956768274307251, 0.011166602373123169, 0.008673708885908127, 0.010173543356359005]
[0.12425269186496735, 0.09246988594532013, 0.04949904605746269, 0.030526263639330864, 0.0206422321498394, 0.016922468319535255, 0.014559176750481129, 0.01232205145061016, 0.009021710604429245, 0.008431580848991871, 0.008273267187178135, 0.007644765079021454]
Training time: 368 	steps per sec: 33
Eval num_timesteps=12288, episode_reward=nan +/- nan
Eval num_timesteps=12288, episode_success=nan +/- nan
se
13 13312 1024
diff [0.03757651895284653, 0.03479287028312683, 0.017653435468673706, 0.006746994331479073, 2.5831162929534912e-05, -0.0014309491962194443, 0.0007916828617453575, -0.0009824400767683983, -0.003935057669878006, -0.002735021524131298, -0.0004004416987299919, -0.002528778277337551, -0.0007003368809819221]
ref [0.08667617291212082, 0.0576770156621933, 0.031845610588788986, 0.02377926930785179, 0.020616400986909866, 0.0183534175157547, 0.013767493888735771, 0.013304491527378559, 0.012956768274307251, 0.011166602373123169, 0.008673708885908127, 0.010173543356359005, 0.008125485852360725]
[0.12425269186496735, 0.09246988594532013, 0.04949904605746269, 0.030526263639330864, 0.0206422321498394, 0.016922468319535255, 0.014559176750481129, 0.01232205145061016, 0.009021710604429245, 0.008431580848991871, 0.008273267187178135, 0.007644765079021454, 0.007425148971378803]
Training time: 423 	steps per sec: 31
Eval num_timesteps=13312, episode_reward=nan +/- nan
Eval num_timesteps=13312, episode_success=nan +/- nan
se
14 14336 1024
diff [0.03757651895284653, 0.03479287028312683, 0.017653435468673706, 0.006746994331479073, 2.5831162929534912e-05, -0.0014309491962194443, 0.0007916828617453575, -0.0009824400767683983, -0.003935057669878006, -0.002735021524131298, -0.0004004416987299919, -0.002528778277337551, -0.0007003368809819221, -0.0003953860141336918]
ref [0.08667617291212082, 0.0576770156621933, 0.031845610588788986, 0.02377926930785179, 0.020616400986909866, 0.0183534175157547, 0.013767493888735771, 0.013304491527378559, 0.012956768274307251, 0.011166602373123169, 0.008673708885908127, 0.010173543356359005, 0.008125485852360725, 0.007170709781348705]
[0.12425269186496735, 0.09246988594532013, 0.04949904605746269, 0.030526263639330864, 0.0206422321498394, 0.016922468319535255, 0.014559176750481129, 0.01232205145061016, 0.009021710604429245, 0.008431580848991871, 0.008273267187178135, 0.007644765079021454, 0.007425148971378803, 0.0067753237672150135]
Training time: 481 	steps per sec: 29
Eval num_timesteps=14336, episode_reward=nan +/- nan
Eval num_timesteps=14336, episode_success=nan +/- nan
se
15 15360 1024
diff [0.03757651895284653, 0.03479287028312683, 0.017653435468673706, 0.006746994331479073, 2.5831162929534912e-05, -0.0014309491962194443, 0.0007916828617453575, -0.0009824400767683983, -0.003935057669878006, -0.002735021524131298, -0.0004004416987299919, -0.002528778277337551, -0.0007003368809819221, -0.0003953860141336918, -0.0005121370777487755]
ref [0.08667617291212082, 0.0576770156621933, 0.031845610588788986, 0.02377926930785179, 0.020616400986909866, 0.0183534175157547, 0.013767493888735771, 0.013304491527378559, 0.012956768274307251, 0.011166602373123169, 0.008673708885908127, 0.010173543356359005, 0.008125485852360725, 0.007170709781348705, 0.006922794505953789]
[0.12425269186496735, 0.09246988594532013, 0.04949904605746269, 0.030526263639330864, 0.0206422321498394, 0.016922468319535255, 0.014559176750481129, 0.01232205145061016, 0.009021710604429245, 0.008431580848991871, 0.008273267187178135, 0.007644765079021454, 0.007425148971378803, 0.0067753237672150135, 0.006410657428205013]
Training time: 541 	steps per sec: 28
Eval num_timesteps=15360, episode_reward=nan +/- nan
Eval num_timesteps=15360, episode_success=nan +/- nan
se
16 16384 1024
diff [0.03757651895284653, 0.03479287028312683, 0.017653435468673706, 0.006746994331479073, 2.5831162929534912e-05, -0.0014309491962194443, 0.0007916828617453575, -0.0009824400767683983, -0.003935057669878006, -0.002735021524131298, -0.0004004416987299919, -0.002528778277337551, -0.0007003368809819221, -0.0003953860141336918, -0.0005121370777487755, -0.0011039236560463905]
ref [0.08667617291212082, 0.0576770156621933, 0.031845610588788986, 0.02377926930785179, 0.020616400986909866, 0.0183534175157547, 0.013767493888735771, 0.013304491527378559, 0.012956768274307251, 0.011166602373123169, 0.008673708885908127, 0.010173543356359005, 0.008125485852360725, 0.007170709781348705, 0.006922794505953789, 0.006885784678161144]
[0.12425269186496735, 0.09246988594532013, 0.04949904605746269, 0.030526263639330864, 0.0206422321498394, 0.016922468319535255, 0.014559176750481129, 0.01232205145061016, 0.009021710604429245, 0.008431580848991871, 0.008273267187178135, 0.007644765079021454, 0.007425148971378803, 0.0067753237672150135, 0.006410657428205013, 0.005781861022114754]
Training time: 606 	steps per sec: 27
Eval num_timesteps=16384, episode_reward=nan +/- nan
Eval num_timesteps=16384, episode_success=nan +/- nan
se
16 16384 1024
diff [0.03757651895284653, 0.03479287028312683, 0.017653435468673706, 0.006746994331479073, 2.5831162929534912e-05, -0.0014309491962194443, 0.0007916828617453575, -0.0009824400767683983, -0.003935057669878006, -0.002735021524131298, -0.0004004416987299919, -0.002528778277337551, -0.0007003368809819221, -0.0003953860141336918, -0.0005121370777487755, -0.0011039236560463905, -0.0009204247035086155]
ref [0.08667617291212082, 0.0576770156621933, 0.031845610588788986, 0.02377926930785179, 0.020616400986909866, 0.0183534175157547, 0.013767493888735771, 0.013304491527378559, 0.012956768274307251, 0.011166602373123169, 0.008673708885908127, 0.010173543356359005, 0.008125485852360725, 0.007170709781348705, 0.006922794505953789, 0.006885784678161144, 0.006065618246793747]
[0.12425269186496735, 0.09246988594532013, 0.04949904605746269, 0.030526263639330864, 0.0206422321498394, 0.016922468319535255, 0.014559176750481129, 0.01232205145061016, 0.009021710604429245, 0.008431580848991871, 0.008273267187178135, 0.007644765079021454, 0.007425148971378803, 0.0067753237672150135, 0.006410657428205013, 0.005781861022114754, 0.0051451935432851315]
Training time: 670 	steps per sec: 25
Eval num_timesteps=17408, episode_reward=nan +/- nan
Eval num_timesteps=17408, episode_success=nan +/- nan
se
16 16384 1024
diff [0.03757651895284653, 0.03479287028312683, 0.017653435468673706, 0.006746994331479073, 2.5831162929534912e-05, -0.0014309491962194443, 0.0007916828617453575, -0.0009824400767683983, -0.003935057669878006, -0.002735021524131298, -0.0004004416987299919, -0.002528778277337551, -0.0007003368809819221, -0.0003953860141336918, -0.0005121370777487755, -0.0011039236560463905, -0.0009204247035086155, -0.0022943224757909775]
ref [0.08667617291212082, 0.0576770156621933, 0.031845610588788986, 0.02377926930785179, 0.020616400986909866, 0.0183534175157547, 0.013767493888735771, 0.013304491527378559, 0.012956768274307251, 0.011166602373123169, 0.008673708885908127, 0.010173543356359005, 0.008125485852360725, 0.007170709781348705, 0.006922794505953789, 0.006885784678161144, 0.006065618246793747, 0.007877320982515812]
[0.12425269186496735, 0.09246988594532013, 0.04949904605746269, 0.030526263639330864, 0.0206422321498394, 0.016922468319535255, 0.014559176750481129, 0.01232205145061016, 0.009021710604429245, 0.008431580848991871, 0.008273267187178135, 0.007644765079021454, 0.007425148971378803, 0.0067753237672150135, 0.006410657428205013, 0.005781861022114754, 0.0051451935432851315, 0.0055829985067248344]
Training time: 735 	steps per sec: 25
Eval num_timesteps=18432, episode_reward=nan +/- nan
Eval num_timesteps=18432, episode_success=nan +/- nan
se
16 16384 1024
diff [0.03757651895284653, 0.03479287028312683, 0.017653435468673706, 0.006746994331479073, 2.5831162929534912e-05, -0.0014309491962194443, 0.0007916828617453575, -0.0009824400767683983, -0.003935057669878006, -0.002735021524131298, -0.0004004416987299919, -0.002528778277337551, -0.0007003368809819221, -0.0003953860141336918, -0.0005121370777487755, -0.0011039236560463905, -0.0009204247035086155, -0.0022943224757909775, -0.0016457694582641125]
ref [0.08667617291212082, 0.0576770156621933, 0.031845610588788986, 0.02377926930785179, 0.020616400986909866, 0.0183534175157547, 0.013767493888735771, 0.013304491527378559, 0.012956768274307251, 0.011166602373123169, 0.008673708885908127, 0.010173543356359005, 0.008125485852360725, 0.007170709781348705, 0.006922794505953789, 0.006885784678161144, 0.006065618246793747, 0.007877320982515812, 0.007450353819876909]
[0.12425269186496735, 0.09246988594532013, 0.04949904605746269, 0.030526263639330864, 0.0206422321498394, 0.016922468319535255, 0.014559176750481129, 0.01232205145061016, 0.009021710604429245, 0.008431580848991871, 0.008273267187178135, 0.007644765079021454, 0.007425148971378803, 0.0067753237672150135, 0.006410657428205013, 0.005781861022114754, 0.0051451935432851315, 0.0055829985067248344, 0.005804584361612797]
Training time: 800 	steps per sec: 24
Eval num_timesteps=19456, episode_reward=nan +/- nan
Eval num_timesteps=19456, episode_success=nan +/- nan
se
16 16384 1024
diff [0.03757651895284653, 0.03479287028312683, 0.017653435468673706, 0.006746994331479073, 2.5831162929534912e-05, -0.0014309491962194443, 0.0007916828617453575, -0.0009824400767683983, -0.003935057669878006, -0.002735021524131298, -0.0004004416987299919, -0.002528778277337551, -0.0007003368809819221, -0.0003953860141336918, -0.0005121370777487755, -0.0011039236560463905, -0.0009204247035086155, -0.0022943224757909775, -0.0016457694582641125, -0.0006018583662807941]
ref [0.08667617291212082, 0.0576770156621933, 0.031845610588788986, 0.02377926930785179, 0.020616400986909866, 0.0183534175157547, 0.013767493888735771, 0.013304491527378559, 0.012956768274307251, 0.011166602373123169, 0.008673708885908127, 0.010173543356359005, 0.008125485852360725, 0.007170709781348705, 0.006922794505953789, 0.006885784678161144, 0.006065618246793747, 0.007877320982515812, 0.007450353819876909, 0.006735092028975487]
[0.12425269186496735, 0.09246988594532013, 0.04949904605746269, 0.030526263639330864, 0.0206422321498394, 0.016922468319535255, 0.014559176750481129, 0.01232205145061016, 0.009021710604429245, 0.008431580848991871, 0.008273267187178135, 0.007644765079021454, 0.007425148971378803, 0.0067753237672150135, 0.006410657428205013, 0.005781861022114754, 0.0051451935432851315, 0.0055829985067248344, 0.005804584361612797, 0.006133233662694693]
Training time: 865 	steps per sec: 23
Eval num_timesteps=20480, episode_reward=nan +/- nan
Eval num_timesteps=20480, episode_success=nan +/- nan
se
16 16384 1024
diff [0.03757651895284653, 0.03479287028312683, 0.017653435468673706, 0.006746994331479073, 2.5831162929534912e-05, -0.0014309491962194443, 0.0007916828617453575, -0.0009824400767683983, -0.003935057669878006, -0.002735021524131298, -0.0004004416987299919, -0.002528778277337551, -0.0007003368809819221, -0.0003953860141336918, -0.0005121370777487755, -0.0011039236560463905, -0.0009204247035086155, -0.0022943224757909775, -0.0016457694582641125, -0.0006018583662807941, -0.0008124019950628281]
ref [0.08667617291212082, 0.0576770156621933, 0.031845610588788986, 0.02377926930785179, 0.020616400986909866, 0.0183534175157547, 0.013767493888735771, 0.013304491527378559, 0.012956768274307251, 0.011166602373123169, 0.008673708885908127, 0.010173543356359005, 0.008125485852360725, 0.007170709781348705, 0.006922794505953789, 0.006885784678161144, 0.006065618246793747, 0.007877320982515812, 0.007450353819876909, 0.006735092028975487, 0.007228409871459007]
[0.12425269186496735, 0.09246988594532013, 0.04949904605746269, 0.030526263639330864, 0.0206422321498394, 0.016922468319535255, 0.014559176750481129, 0.01232205145061016, 0.009021710604429245, 0.008431580848991871, 0.008273267187178135, 0.007644765079021454, 0.007425148971378803, 0.0067753237672150135, 0.006410657428205013, 0.005781861022114754, 0.0051451935432851315, 0.0055829985067248344, 0.005804584361612797, 0.006133233662694693, 0.006416007876396179]
Training time: 931 	steps per sec: 23
Eval num_timesteps=21504, episode_reward=nan +/- nan
Eval num_timesteps=21504, episode_success=nan +/- nan
se
16 16384 1024
diff [0.03757651895284653, 0.03479287028312683, 0.017653435468673706, 0.006746994331479073, 2.5831162929534912e-05, -0.0014309491962194443, 0.0007916828617453575, -0.0009824400767683983, -0.003935057669878006, -0.002735021524131298, -0.0004004416987299919, -0.002528778277337551, -0.0007003368809819221, -0.0003953860141336918, -0.0005121370777487755, -0.0011039236560463905, -0.0009204247035086155, -0.0022943224757909775, -0.0016457694582641125, -0.0006018583662807941, -0.0008124019950628281, -0.0006068698130548]
ref [0.08667617291212082, 0.0576770156621933, 0.031845610588788986, 0.02377926930785179, 0.020616400986909866, 0.0183534175157547, 0.013767493888735771, 0.013304491527378559, 0.012956768274307251, 0.011166602373123169, 0.008673708885908127, 0.010173543356359005, 0.008125485852360725, 0.007170709781348705, 0.006922794505953789, 0.006885784678161144, 0.006065618246793747, 0.007877320982515812, 0.007450353819876909, 0.006735092028975487, 0.007228409871459007, 0.00683074863627553]
[0.12425269186496735, 0.09246988594532013, 0.04949904605746269, 0.030526263639330864, 0.0206422321498394, 0.016922468319535255, 0.014559176750481129, 0.01232205145061016, 0.009021710604429245, 0.008431580848991871, 0.008273267187178135, 0.007644765079021454, 0.007425148971378803, 0.0067753237672150135, 0.006410657428205013, 0.005781861022114754, 0.0051451935432851315, 0.0055829985067248344, 0.005804584361612797, 0.006133233662694693, 0.006416007876396179, 0.00622387882322073]
Training time: 996 	steps per sec: 22
Eval num_timesteps=22528, episode_reward=nan +/- nan
Eval num_timesteps=22528, episode_success=nan +/- nan
se
16 16384 1024
diff [0.03757651895284653, 0.03479287028312683, 0.017653435468673706, 0.006746994331479073, 2.5831162929534912e-05, -0.0014309491962194443, 0.0007916828617453575, -0.0009824400767683983, -0.003935057669878006, -0.002735021524131298, -0.0004004416987299919, -0.002528778277337551, -0.0007003368809819221, -0.0003953860141336918, -0.0005121370777487755, -0.0011039236560463905, -0.0009204247035086155, -0.0022943224757909775, -0.0016457694582641125, -0.0006018583662807941, -0.0008124019950628281, -0.0006068698130548, -0.0013520913198590279]
ref [0.08667617291212082, 0.0576770156621933, 0.031845610588788986, 0.02377926930785179, 0.020616400986909866, 0.0183534175157547, 0.013767493888735771, 0.013304491527378559, 0.012956768274307251, 0.011166602373123169, 0.008673708885908127, 0.010173543356359005, 0.008125485852360725, 0.007170709781348705, 0.006922794505953789, 0.006885784678161144, 0.006065618246793747, 0.007877320982515812, 0.007450353819876909, 0.006735092028975487, 0.007228409871459007, 0.00683074863627553, 0.007422174327075481]
[0.12425269186496735, 0.09246988594532013, 0.04949904605746269, 0.030526263639330864, 0.0206422321498394, 0.016922468319535255, 0.014559176750481129, 0.01232205145061016, 0.009021710604429245, 0.008431580848991871, 0.008273267187178135, 0.007644765079021454, 0.007425148971378803, 0.0067753237672150135, 0.006410657428205013, 0.005781861022114754, 0.0051451935432851315, 0.0055829985067248344, 0.005804584361612797, 0.006133233662694693, 0.006416007876396179, 0.00622387882322073, 0.0060700830072164536]
Training time: 1061 	steps per sec: 22
Eval num_timesteps=23552, episode_reward=nan +/- nan
Eval num_timesteps=23552, episode_success=nan +/- nan
se
16 16384 1024
diff [0.03757651895284653, 0.03479287028312683, 0.017653435468673706, 0.006746994331479073, 2.5831162929534912e-05, -0.0014309491962194443, 0.0007916828617453575, -0.0009824400767683983, -0.003935057669878006, -0.002735021524131298, -0.0004004416987299919, -0.002528778277337551, -0.0007003368809819221, -0.0003953860141336918, -0.0005121370777487755, -0.0011039236560463905, -0.0009204247035086155, -0.0022943224757909775, -0.0016457694582641125, -0.0006018583662807941, -0.0008124019950628281, -0.0006068698130548, -0.0013520913198590279, -0.0012936415150761604]
ref [0.08667617291212082, 0.0576770156621933, 0.031845610588788986, 0.02377926930785179, 0.020616400986909866, 0.0183534175157547, 0.013767493888735771, 0.013304491527378559, 0.012956768274307251, 0.011166602373123169, 0.008673708885908127, 0.010173543356359005, 0.008125485852360725, 0.007170709781348705, 0.006922794505953789, 0.006885784678161144, 0.006065618246793747, 0.007877320982515812, 0.007450353819876909, 0.006735092028975487, 0.007228409871459007, 0.00683074863627553, 0.007422174327075481, 0.007289855740964413]
[0.12425269186496735, 0.09246988594532013, 0.04949904605746269, 0.030526263639330864, 0.0206422321498394, 0.016922468319535255, 0.014559176750481129, 0.01232205145061016, 0.009021710604429245, 0.008431580848991871, 0.008273267187178135, 0.007644765079021454, 0.007425148971378803, 0.0067753237672150135, 0.006410657428205013, 0.005781861022114754, 0.0051451935432851315, 0.0055829985067248344, 0.005804584361612797, 0.006133233662694693, 0.006416007876396179, 0.00622387882322073, 0.0060700830072164536, 0.005996214225888252]
Training time: 1126 	steps per sec: 21
Eval num_timesteps=24576, episode_reward=nan +/- nan
Eval num_timesteps=24576, episode_success=nan +/- nan
se
16 16384 1024
diff [0.03757651895284653, 0.03479287028312683, 0.017653435468673706, 0.006746994331479073, 2.5831162929534912e-05, -0.0014309491962194443, 0.0007916828617453575, -0.0009824400767683983, -0.003935057669878006, -0.002735021524131298, -0.0004004416987299919, -0.002528778277337551, -0.0007003368809819221, -0.0003953860141336918, -0.0005121370777487755, -0.0011039236560463905, -0.0009204247035086155, -0.0022943224757909775, -0.0016457694582641125, -0.0006018583662807941, -0.0008124019950628281, -0.0006068698130548, -0.0013520913198590279, -0.0012936415150761604, -0.0011882949620485306]
ref [0.08667617291212082, 0.0576770156621933, 0.031845610588788986, 0.02377926930785179, 0.020616400986909866, 0.0183534175157547, 0.013767493888735771, 0.013304491527378559, 0.012956768274307251, 0.011166602373123169, 0.008673708885908127, 0.010173543356359005, 0.008125485852360725, 0.007170709781348705, 0.006922794505953789, 0.006885784678161144, 0.006065618246793747, 0.007877320982515812, 0.007450353819876909, 0.006735092028975487, 0.007228409871459007, 0.00683074863627553, 0.007422174327075481, 0.007289855740964413, 0.007067226339131594]
[0.12425269186496735, 0.09246988594532013, 0.04949904605746269, 0.030526263639330864, 0.0206422321498394, 0.016922468319535255, 0.014559176750481129, 0.01232205145061016, 0.009021710604429245, 0.008431580848991871, 0.008273267187178135, 0.007644765079021454, 0.007425148971378803, 0.0067753237672150135, 0.006410657428205013, 0.005781861022114754, 0.0051451935432851315, 0.0055829985067248344, 0.005804584361612797, 0.006133233662694693, 0.006416007876396179, 0.00622387882322073, 0.0060700830072164536, 0.005996214225888252, 0.005878931377083063]
Training time: 1193 	steps per sec: 21
Eval num_timesteps=25600, episode_reward=nan +/- nan
Eval num_timesteps=25600, episode_success=nan +/- nan
se
16 16384 1024
diff [0.03757651895284653, 0.03479287028312683, 0.017653435468673706, 0.006746994331479073, 2.5831162929534912e-05, -0.0014309491962194443, 0.0007916828617453575, -0.0009824400767683983, -0.003935057669878006, -0.002735021524131298, -0.0004004416987299919, -0.002528778277337551, -0.0007003368809819221, -0.0003953860141336918, -0.0005121370777487755, -0.0011039236560463905, -0.0009204247035086155, -0.0022943224757909775, -0.0016457694582641125, -0.0006018583662807941, -0.0008124019950628281, -0.0006068698130548, -0.0013520913198590279, -0.0012936415150761604, -0.0011882949620485306, -0.00214195204898715]
ref [0.08667617291212082, 0.0576770156621933, 0.031845610588788986, 0.02377926930785179, 0.020616400986909866, 0.0183534175157547, 0.013767493888735771, 0.013304491527378559, 0.012956768274307251, 0.011166602373123169, 0.008673708885908127, 0.010173543356359005, 0.008125485852360725, 0.007170709781348705, 0.006922794505953789, 0.006885784678161144, 0.006065618246793747, 0.007877320982515812, 0.007450353819876909, 0.006735092028975487, 0.007228409871459007, 0.00683074863627553, 0.007422174327075481, 0.007289855740964413, 0.007067226339131594, 0.007733661215752363]
[0.12425269186496735, 0.09246988594532013, 0.04949904605746269, 0.030526263639330864, 0.0206422321498394, 0.016922468319535255, 0.014559176750481129, 0.01232205145061016, 0.009021710604429245, 0.008431580848991871, 0.008273267187178135, 0.007644765079021454, 0.007425148971378803, 0.0067753237672150135, 0.006410657428205013, 0.005781861022114754, 0.0051451935432851315, 0.0055829985067248344, 0.005804584361612797, 0.006133233662694693, 0.006416007876396179, 0.00622387882322073, 0.0060700830072164536, 0.005996214225888252, 0.005878931377083063, 0.005591709166765213]
Training time: 1258 	steps per sec: 21
Eval num_timesteps=26624, episode_reward=nan +/- nan
Eval num_timesteps=26624, episode_success=nan +/- nan
se
16 16384 1024
diff [0.03757651895284653, 0.03479287028312683, 0.017653435468673706, 0.006746994331479073, 2.5831162929534912e-05, -0.0014309491962194443, 0.0007916828617453575, -0.0009824400767683983, -0.003935057669878006, -0.002735021524131298, -0.0004004416987299919, -0.002528778277337551, -0.0007003368809819221, -0.0003953860141336918, -0.0005121370777487755, -0.0011039236560463905, -0.0009204247035086155, -0.0022943224757909775, -0.0016457694582641125, -0.0006018583662807941, -0.0008124019950628281, -0.0006068698130548, -0.0013520913198590279, -0.0012936415150761604, -0.0011882949620485306, -0.00214195204898715, -0.002022060099989176]
ref [0.08667617291212082, 0.0576770156621933, 0.031845610588788986, 0.02377926930785179, 0.020616400986909866, 0.0183534175157547, 0.013767493888735771, 0.013304491527378559, 0.012956768274307251, 0.011166602373123169, 0.008673708885908127, 0.010173543356359005, 0.008125485852360725, 0.007170709781348705, 0.006922794505953789, 0.006885784678161144, 0.006065618246793747, 0.007877320982515812, 0.007450353819876909, 0.006735092028975487, 0.007228409871459007, 0.00683074863627553, 0.007422174327075481, 0.007289855740964413, 0.007067226339131594, 0.007733661215752363, 0.006968009285628796]
[0.12425269186496735, 0.09246988594532013, 0.04949904605746269, 0.030526263639330864, 0.0206422321498394, 0.016922468319535255, 0.014559176750481129, 0.01232205145061016, 0.009021710604429245, 0.008431580848991871, 0.008273267187178135, 0.007644765079021454, 0.007425148971378803, 0.0067753237672150135, 0.006410657428205013, 0.005781861022114754, 0.0051451935432851315, 0.0055829985067248344, 0.005804584361612797, 0.006133233662694693, 0.006416007876396179, 0.00622387882322073, 0.0060700830072164536, 0.005996214225888252, 0.005878931377083063, 0.005591709166765213, 0.00494594918563962]
Training time: 1323 	steps per sec: 20
Eval num_timesteps=27648, episode_reward=nan +/- nan
Eval num_timesteps=27648, episode_success=nan +/- nan
se
16 16384 1024
diff [0.03757651895284653, 0.03479287028312683, 0.017653435468673706, 0.006746994331479073, 2.5831162929534912e-05, -0.0014309491962194443, 0.0007916828617453575, -0.0009824400767683983, -0.003935057669878006, -0.002735021524131298, -0.0004004416987299919, -0.002528778277337551, -0.0007003368809819221, -0.0003953860141336918, -0.0005121370777487755, -0.0011039236560463905, -0.0009204247035086155, -0.0022943224757909775, -0.0016457694582641125, -0.0006018583662807941, -0.0008124019950628281, -0.0006068698130548, -0.0013520913198590279, -0.0012936415150761604, -0.0011882949620485306, -0.00214195204898715, -0.002022060099989176, -0.0019534677267074585]
ref [0.08667617291212082, 0.0576770156621933, 0.031845610588788986, 0.02377926930785179, 0.020616400986909866, 0.0183534175157547, 0.013767493888735771, 0.013304491527378559, 0.012956768274307251, 0.011166602373123169, 0.008673708885908127, 0.010173543356359005, 0.008125485852360725, 0.007170709781348705, 0.006922794505953789, 0.006885784678161144, 0.006065618246793747, 0.007877320982515812, 0.007450353819876909, 0.006735092028975487, 0.007228409871459007, 0.00683074863627553, 0.007422174327075481, 0.007289855740964413, 0.007067226339131594, 0.007733661215752363, 0.006968009285628796, 0.006836536806076765]
[0.12425269186496735, 0.09246988594532013, 0.04949904605746269, 0.030526263639330864, 0.0206422321498394, 0.016922468319535255, 0.014559176750481129, 0.01232205145061016, 0.009021710604429245, 0.008431580848991871, 0.008273267187178135, 0.007644765079021454, 0.007425148971378803, 0.0067753237672150135, 0.006410657428205013, 0.005781861022114754, 0.0051451935432851315, 0.0055829985067248344, 0.005804584361612797, 0.006133233662694693, 0.006416007876396179, 0.00622387882322073, 0.0060700830072164536, 0.005996214225888252, 0.005878931377083063, 0.005591709166765213, 0.00494594918563962, 0.0048830690793693066]
Training time: 1388 	steps per sec: 20
Eval num_timesteps=28672, episode_reward=nan +/- nan
Eval num_timesteps=28672, episode_success=nan +/- nan
se
16 16384 1024
diff [0.03757651895284653, 0.03479287028312683, 0.017653435468673706, 0.006746994331479073, 2.5831162929534912e-05, -0.0014309491962194443, 0.0007916828617453575, -0.0009824400767683983, -0.003935057669878006, -0.002735021524131298, -0.0004004416987299919, -0.002528778277337551, -0.0007003368809819221, -0.0003953860141336918, -0.0005121370777487755, -0.0011039236560463905, -0.0009204247035086155, -0.0022943224757909775, -0.0016457694582641125, -0.0006018583662807941, -0.0008124019950628281, -0.0006068698130548, -0.0013520913198590279, -0.0012936415150761604, -0.0011882949620485306, -0.00214195204898715, -0.002022060099989176, -0.0019534677267074585, -0.001634477637708187]
ref [0.08667617291212082, 0.0576770156621933, 0.031845610588788986, 0.02377926930785179, 0.020616400986909866, 0.0183534175157547, 0.013767493888735771, 0.013304491527378559, 0.012956768274307251, 0.011166602373123169, 0.008673708885908127, 0.010173543356359005, 0.008125485852360725, 0.007170709781348705, 0.006922794505953789, 0.006885784678161144, 0.006065618246793747, 0.007877320982515812, 0.007450353819876909, 0.006735092028975487, 0.007228409871459007, 0.00683074863627553, 0.007422174327075481, 0.007289855740964413, 0.007067226339131594, 0.007733661215752363, 0.006968009285628796, 0.006836536806076765, 0.006474240217357874]
[0.12425269186496735, 0.09246988594532013, 0.04949904605746269, 0.030526263639330864, 0.0206422321498394, 0.016922468319535255, 0.014559176750481129, 0.01232205145061016, 0.009021710604429245, 0.008431580848991871, 0.008273267187178135, 0.007644765079021454, 0.007425148971378803, 0.0067753237672150135, 0.006410657428205013, 0.005781861022114754, 0.0051451935432851315, 0.0055829985067248344, 0.005804584361612797, 0.006133233662694693, 0.006416007876396179, 0.00622387882322073, 0.0060700830072164536, 0.005996214225888252, 0.005878931377083063, 0.005591709166765213, 0.00494594918563962, 0.0048830690793693066, 0.004839762579649687]
Training time: 1454 	steps per sec: 20
Eval num_timesteps=29696, episode_reward=nan +/- nan
Eval num_timesteps=29696, episode_success=nan +/- nan
se
16 16384 1024
diff [0.03757651895284653, 0.03479287028312683, 0.017653435468673706, 0.006746994331479073, 2.5831162929534912e-05, -0.0014309491962194443, 0.0007916828617453575, -0.0009824400767683983, -0.003935057669878006, -0.002735021524131298, -0.0004004416987299919, -0.002528778277337551, -0.0007003368809819221, -0.0003953860141336918, -0.0005121370777487755, -0.0011039236560463905, -0.0009204247035086155, -0.0022943224757909775, -0.0016457694582641125, -0.0006018583662807941, -0.0008124019950628281, -0.0006068698130548, -0.0013520913198590279, -0.0012936415150761604, -0.0011882949620485306, -0.00214195204898715, -0.002022060099989176, -0.0019534677267074585, -0.001634477637708187, -0.0003741784021258354]
ref [0.08667617291212082, 0.0576770156621933, 0.031845610588788986, 0.02377926930785179, 0.020616400986909866, 0.0183534175157547, 0.013767493888735771, 0.013304491527378559, 0.012956768274307251, 0.011166602373123169, 0.008673708885908127, 0.010173543356359005, 0.008125485852360725, 0.007170709781348705, 0.006922794505953789, 0.006885784678161144, 0.006065618246793747, 0.007877320982515812, 0.007450353819876909, 0.006735092028975487, 0.007228409871459007, 0.00683074863627553, 0.007422174327075481, 0.007289855740964413, 0.007067226339131594, 0.007733661215752363, 0.006968009285628796, 0.006836536806076765, 0.006474240217357874, 0.005702360533177853]
[0.12425269186496735, 0.09246988594532013, 0.04949904605746269, 0.030526263639330864, 0.0206422321498394, 0.016922468319535255, 0.014559176750481129, 0.01232205145061016, 0.009021710604429245, 0.008431580848991871, 0.008273267187178135, 0.007644765079021454, 0.007425148971378803, 0.0067753237672150135, 0.006410657428205013, 0.005781861022114754, 0.0051451935432851315, 0.0055829985067248344, 0.005804584361612797, 0.006133233662694693, 0.006416007876396179, 0.00622387882322073, 0.0060700830072164536, 0.005996214225888252, 0.005878931377083063, 0.005591709166765213, 0.00494594918563962, 0.0048830690793693066, 0.004839762579649687, 0.005328182131052017]
Training time: 1520 	steps per sec: 20
Eval num_timesteps=30720, episode_reward=nan +/- nan
Eval num_timesteps=30720, episode_success=nan +/- nan
se
16 16384 1024
diff [0.03757651895284653, 0.03479287028312683, 0.017653435468673706, 0.006746994331479073, 2.5831162929534912e-05, -0.0014309491962194443, 0.0007916828617453575, -0.0009824400767683983, -0.003935057669878006, -0.002735021524131298, -0.0004004416987299919, -0.002528778277337551, -0.0007003368809819221, -0.0003953860141336918, -0.0005121370777487755, -0.0011039236560463905, -0.0009204247035086155, -0.0022943224757909775, -0.0016457694582641125, -0.0006018583662807941, -0.0008124019950628281, -0.0006068698130548, -0.0013520913198590279, -0.0012936415150761604, -0.0011882949620485306, -0.00214195204898715, -0.002022060099989176, -0.0019534677267074585, -0.001634477637708187, -0.0003741784021258354, -0.0012270910665392876]
ref [0.08667617291212082, 0.0576770156621933, 0.031845610588788986, 0.02377926930785179, 0.020616400986909866, 0.0183534175157547, 0.013767493888735771, 0.013304491527378559, 0.012956768274307251, 0.011166602373123169, 0.008673708885908127, 0.010173543356359005, 0.008125485852360725, 0.007170709781348705, 0.006922794505953789, 0.006885784678161144, 0.006065618246793747, 0.007877320982515812, 0.007450353819876909, 0.006735092028975487, 0.007228409871459007, 0.00683074863627553, 0.007422174327075481, 0.007289855740964413, 0.007067226339131594, 0.007733661215752363, 0.006968009285628796, 0.006836536806076765, 0.006474240217357874, 0.005702360533177853, 0.0069015598855912685]
[0.12425269186496735, 0.09246988594532013, 0.04949904605746269, 0.030526263639330864, 0.0206422321498394, 0.016922468319535255, 0.014559176750481129, 0.01232205145061016, 0.009021710604429245, 0.008431580848991871, 0.008273267187178135, 0.007644765079021454, 0.007425148971378803, 0.0067753237672150135, 0.006410657428205013, 0.005781861022114754, 0.0051451935432851315, 0.0055829985067248344, 0.005804584361612797, 0.006133233662694693, 0.006416007876396179, 0.00622387882322073, 0.0060700830072164536, 0.005996214225888252, 0.005878931377083063, 0.005591709166765213, 0.00494594918563962, 0.0048830690793693066, 0.004839762579649687, 0.005328182131052017, 0.005674468819051981]
Training time: 1586 	steps per sec: 20
Eval num_timesteps=31744, episode_reward=nan +/- nan
Eval num_timesteps=31744, episode_success=nan +/- nan
se
16 16384 1024
diff [0.03757651895284653, 0.03479287028312683, 0.017653435468673706, 0.006746994331479073, 2.5831162929534912e-05, -0.0014309491962194443, 0.0007916828617453575, -0.0009824400767683983, -0.003935057669878006, -0.002735021524131298, -0.0004004416987299919, -0.002528778277337551, -0.0007003368809819221, -0.0003953860141336918, -0.0005121370777487755, -0.0011039236560463905, -0.0009204247035086155, -0.0022943224757909775, -0.0016457694582641125, -0.0006018583662807941, -0.0008124019950628281, -0.0006068698130548, -0.0013520913198590279, -0.0012936415150761604, -0.0011882949620485306, -0.00214195204898715, -0.002022060099989176, -0.0019534677267074585, -0.001634477637708187, -0.0003741784021258354, -0.0012270910665392876, -0.0009003677405416965]
ref [0.08667617291212082, 0.0576770156621933, 0.031845610588788986, 0.02377926930785179, 0.020616400986909866, 0.0183534175157547, 0.013767493888735771, 0.013304491527378559, 0.012956768274307251, 0.011166602373123169, 0.008673708885908127, 0.010173543356359005, 0.008125485852360725, 0.007170709781348705, 0.006922794505953789, 0.006885784678161144, 0.006065618246793747, 0.007877320982515812, 0.007450353819876909, 0.006735092028975487, 0.007228409871459007, 0.00683074863627553, 0.007422174327075481, 0.007289855740964413, 0.007067226339131594, 0.007733661215752363, 0.006968009285628796, 0.006836536806076765, 0.006474240217357874, 0.005702360533177853, 0.0069015598855912685, 0.006439769174903631]
[0.12425269186496735, 0.09246988594532013, 0.04949904605746269, 0.030526263639330864, 0.0206422321498394, 0.016922468319535255, 0.014559176750481129, 0.01232205145061016, 0.009021710604429245, 0.008431580848991871, 0.008273267187178135, 0.007644765079021454, 0.007425148971378803, 0.0067753237672150135, 0.006410657428205013, 0.005781861022114754, 0.0051451935432851315, 0.0055829985067248344, 0.005804584361612797, 0.006133233662694693, 0.006416007876396179, 0.00622387882322073, 0.0060700830072164536, 0.005996214225888252, 0.005878931377083063, 0.005591709166765213, 0.00494594918563962, 0.0048830690793693066, 0.004839762579649687, 0.005328182131052017, 0.005674468819051981, 0.005539401434361935]
Training time: 1651 	steps per sec: 19
Eval num_timesteps=32768, episode_reward=nan +/- nan
Eval num_timesteps=32768, episode_success=nan +/- nan
results/Hopper-v4/
results/Hopper-v4/ppo_ros/
results/Hopper-v4/ppo_ros/expert/
results/Hopper-v4/ppo_ros/expert/b_16/
results/Hopper-v4/ppo_ros/expert/b_16/no_clip/
results/Hopper-v4/ppo_ros/expert/b_16/no_clip/run_4/
results/Hopper-v4/ppo_ros/expert/b_16/no_clip/run_4/config.yml
results/Hopper-v4/ppo_ros/expert/b_16/no_clip/run_4/stats.npz
results/Hopper-v4/ppo_ros/expert/b_16/no_clip/run_4/evaluations.npz
