ppo_ros_continuous.py --env-id Hopper-v4 -s expert/b_16/no_clip_lambda --total-timesteps 32768 --eval-freq 1 --eval-episodes 0 -b 16 --num-steps 1024 -lr 0 --update-epochs 0 --anneal-lr 0 --ros-num-steps 256 --ros-update-epochs 16 --ros-target-kl 0.05 --ros-clip-coef 999999999 --ros-lambda 0 -ros-lr 0.001 --ros-anneal-lr 0 --se 1 --se-freq 1 --se-lr 1e-3 --se-epochs 1000 --policy-path policies/Hopper-v4/best_model.zip --normalization-dir policies/Hopper-v4
Obtaining file:///var/lib/condor/execute/slot1/dir_3351796/PPOROS/PPOROS/custom-envs
  Preparing metadata (setup.py): started
  Preparing metadata (setup.py): finished with status 'done'
Requirement already satisfied: gym in /var/lib/condor/execute/slot1/dir_3351796/PPOROS/ppo-ros_env/lib/python3.9/site-packages (from custom-envs==0.0.1) (0.21.0)
Requirement already satisfied: cloudpickle>=1.2.0 in /var/lib/condor/execute/slot1/dir_3351796/PPOROS/ppo-ros_env/lib/python3.9/site-packages (from gym->custom-envs==0.0.1) (2.2.1)
Requirement already satisfied: numpy>=1.18.0 in /var/lib/condor/execute/slot1/dir_3351796/PPOROS/ppo-ros_env/lib/python3.9/site-packages (from gym->custom-envs==0.0.1) (1.24.2)
Installing collected packages: custom-envs
  Running setup.py develop for custom-envs
Successfully installed custom-envs-0.0.1
seed: 0
Eval num_timesteps=0, episode_reward=nan +/- nan
Eval num_timesteps=0, episode_success=nan +/- nan
se
1 1024 1024
diff [-0.015397809445858002]
ref [0.08886239677667618]
[0.07346458733081818]
Training time: 7 	steps per sec: 132
Eval num_timesteps=1024, episode_reward=nan +/- nan
Eval num_timesteps=1024, episode_success=nan +/- nan
se
2 2048 1024
diff [-0.015397809445858002, -0.004677560180425644]
ref [0.08886239677667618, 0.05298076197504997]
[0.07346458733081818, 0.04830320179462433]
Training time: 18 	steps per sec: 111
Eval num_timesteps=2048, episode_reward=nan +/- nan
Eval num_timesteps=2048, episode_success=nan +/- nan
se
3 3072 1024
diff [-0.015397809445858002, -0.004677560180425644, -0.00025817006826400757]
ref [0.08886239677667618, 0.05298076197504997, 0.034274596720933914]
[0.07346458733081818, 0.04830320179462433, 0.03401642665266991]
Training time: 31 	steps per sec: 96
Eval num_timesteps=3072, episode_reward=nan +/- nan
Eval num_timesteps=3072, episode_success=nan +/- nan
se
4 4096 1024
diff [-0.015397809445858002, -0.004677560180425644, -0.00025817006826400757, 0.0034991148859262466]
ref [0.08886239677667618, 0.05298076197504997, 0.034274596720933914, 0.023464323952794075]
[0.07346458733081818, 0.04830320179462433, 0.03401642665266991, 0.02696343883872032]
Training time: 48 	steps per sec: 84
Eval num_timesteps=4096, episode_reward=nan +/- nan
Eval num_timesteps=4096, episode_success=nan +/- nan
se
5 5120 1024
diff [-0.015397809445858002, -0.004677560180425644, -0.00025817006826400757, 0.0034991148859262466, -0.0007983539253473282]
ref [0.08886239677667618, 0.05298076197504997, 0.034274596720933914, 0.023464323952794075, 0.021323516964912415]
[0.07346458733081818, 0.04830320179462433, 0.03401642665266991, 0.02696343883872032, 0.020525163039565086]
Training time: 67 	steps per sec: 76
Eval num_timesteps=5120, episode_reward=nan +/- nan
Eval num_timesteps=5120, episode_success=nan +/- nan
se
6 6144 1024
diff [-0.015397809445858002, -0.004677560180425644, -0.00025817006826400757, 0.0034991148859262466, -0.0007983539253473282, -0.0021367212757468224]
ref [0.08886239677667618, 0.05298076197504997, 0.034274596720933914, 0.023464323952794075, 0.021323516964912415, 0.017572443932294846]
[0.07346458733081818, 0.04830320179462433, 0.03401642665266991, 0.02696343883872032, 0.020525163039565086, 0.015435722656548023]
Training time: 89 	steps per sec: 68
Eval num_timesteps=6144, episode_reward=nan +/- nan
Eval num_timesteps=6144, episode_success=nan +/- nan
se
7 7168 1024
diff [-0.015397809445858002, -0.004677560180425644, -0.00025817006826400757, 0.0034991148859262466, -0.0007983539253473282, -0.0021367212757468224, 4.026014357805252e-05]
ref [0.08886239677667618, 0.05298076197504997, 0.034274596720933914, 0.023464323952794075, 0.021323516964912415, 0.017572443932294846, 0.013529730960726738]
[0.07346458733081818, 0.04830320179462433, 0.03401642665266991, 0.02696343883872032, 0.020525163039565086, 0.015435722656548023, 0.01356999110430479]
Training time: 114 	steps per sec: 62
Eval num_timesteps=7168, episode_reward=nan +/- nan
Eval num_timesteps=7168, episode_success=nan +/- nan
se
8 8192 1024
diff [-0.015397809445858002, -0.004677560180425644, -0.00025817006826400757, 0.0034991148859262466, -0.0007983539253473282, -0.0021367212757468224, 4.026014357805252e-05, -0.0010882522910833359]
ref [0.08886239677667618, 0.05298076197504997, 0.034274596720933914, 0.023464323952794075, 0.021323516964912415, 0.017572443932294846, 0.013529730960726738, 0.012758010998368263]
[0.07346458733081818, 0.04830320179462433, 0.03401642665266991, 0.02696343883872032, 0.020525163039565086, 0.015435722656548023, 0.01356999110430479, 0.011669758707284927]
Training time: 142 	steps per sec: 57
Eval num_timesteps=8192, episode_reward=nan +/- nan
Eval num_timesteps=8192, episode_success=nan +/- nan
se
9 9216 1024
diff [-0.015397809445858002, -0.004677560180425644, -0.00025817006826400757, 0.0034991148859262466, -0.0007983539253473282, -0.0021367212757468224, 4.026014357805252e-05, -0.0010882522910833359, -0.0019371714442968369]
ref [0.08886239677667618, 0.05298076197504997, 0.034274596720933914, 0.023464323952794075, 0.021323516964912415, 0.017572443932294846, 0.013529730960726738, 0.012758010998368263, 0.011283215135335922]
[0.07346458733081818, 0.04830320179462433, 0.03401642665266991, 0.02696343883872032, 0.020525163039565086, 0.015435722656548023, 0.01356999110430479, 0.011669758707284927, 0.009346043691039085]
Training time: 174 	steps per sec: 52
Eval num_timesteps=9216, episode_reward=nan +/- nan
Eval num_timesteps=9216, episode_success=nan +/- nan
se
10 10240 1024
diff [-0.015397809445858002, -0.004677560180425644, -0.00025817006826400757, 0.0034991148859262466, -0.0007983539253473282, -0.0021367212757468224, 4.026014357805252e-05, -0.0010882522910833359, -0.0019371714442968369, -0.0006142668426036835]
ref [0.08886239677667618, 0.05298076197504997, 0.034274596720933914, 0.023464323952794075, 0.021323516964912415, 0.017572443932294846, 0.013529730960726738, 0.012758010998368263, 0.011283215135335922, 0.008908305317163467]
[0.07346458733081818, 0.04830320179462433, 0.03401642665266991, 0.02696343883872032, 0.020525163039565086, 0.015435722656548023, 0.01356999110430479, 0.011669758707284927, 0.009346043691039085, 0.008294038474559784]
Training time: 208 	steps per sec: 49
Eval num_timesteps=10240, episode_reward=nan +/- nan
Eval num_timesteps=10240, episode_success=nan +/- nan
se
11 11264 1024
diff [-0.015397809445858002, -0.004677560180425644, -0.00025817006826400757, 0.0034991148859262466, -0.0007983539253473282, -0.0021367212757468224, 4.026014357805252e-05, -0.0010882522910833359, -0.0019371714442968369, -0.0006142668426036835, -0.0015351083129644394]
ref [0.08886239677667618, 0.05298076197504997, 0.034274596720933914, 0.023464323952794075, 0.021323516964912415, 0.017572443932294846, 0.013529730960726738, 0.012758010998368263, 0.011283215135335922, 0.008908305317163467, 0.009472105652093887]
[0.07346458733081818, 0.04830320179462433, 0.03401642665266991, 0.02696343883872032, 0.020525163039565086, 0.015435722656548023, 0.01356999110430479, 0.011669758707284927, 0.009346043691039085, 0.008294038474559784, 0.007936997339129448]
Training time: 245 	steps per sec: 45
Eval num_timesteps=11264, episode_reward=nan +/- nan
Eval num_timesteps=11264, episode_success=nan +/- nan
se
12 12288 1024
diff [-0.015397809445858002, -0.004677560180425644, -0.00025817006826400757, 0.0034991148859262466, -0.0007983539253473282, -0.0021367212757468224, 4.026014357805252e-05, -0.0010882522910833359, -0.0019371714442968369, -0.0006142668426036835, -0.0015351083129644394, -0.002290201373398304]
ref [0.08886239677667618, 0.05298076197504997, 0.034274596720933914, 0.023464323952794075, 0.021323516964912415, 0.017572443932294846, 0.013529730960726738, 0.012758010998368263, 0.011283215135335922, 0.008908305317163467, 0.009472105652093887, 0.009630461223423481]
[0.07346458733081818, 0.04830320179462433, 0.03401642665266991, 0.02696343883872032, 0.020525163039565086, 0.015435722656548023, 0.01356999110430479, 0.011669758707284927, 0.009346043691039085, 0.008294038474559784, 0.007936997339129448, 0.007340259850025177]
Training time: 285 	steps per sec: 43
Eval num_timesteps=12288, episode_reward=nan +/- nan
Eval num_timesteps=12288, episode_success=nan +/- nan
se
13 13312 1024
diff [-0.015397809445858002, -0.004677560180425644, -0.00025817006826400757, 0.0034991148859262466, -0.0007983539253473282, -0.0021367212757468224, 4.026014357805252e-05, -0.0010882522910833359, -0.0019371714442968369, -0.0006142668426036835, -0.0015351083129644394, -0.002290201373398304, -0.0025112214498221874]
ref [0.08886239677667618, 0.05298076197504997, 0.034274596720933914, 0.023464323952794075, 0.021323516964912415, 0.017572443932294846, 0.013529730960726738, 0.012758010998368263, 0.011283215135335922, 0.008908305317163467, 0.009472105652093887, 0.009630461223423481, 0.009016002528369427]
[0.07346458733081818, 0.04830320179462433, 0.03401642665266991, 0.02696343883872032, 0.020525163039565086, 0.015435722656548023, 0.01356999110430479, 0.011669758707284927, 0.009346043691039085, 0.008294038474559784, 0.007936997339129448, 0.007340259850025177, 0.006504781078547239]
Training time: 327 	steps per sec: 40
Eval num_timesteps=13312, episode_reward=nan +/- nan
Eval num_timesteps=13312, episode_success=nan +/- nan
se
14 14336 1024
diff [-0.015397809445858002, -0.004677560180425644, -0.00025817006826400757, 0.0034991148859262466, -0.0007983539253473282, -0.0021367212757468224, 4.026014357805252e-05, -0.0010882522910833359, -0.0019371714442968369, -0.0006142668426036835, -0.0015351083129644394, -0.002290201373398304, -0.0025112214498221874, -0.0015632295981049538]
ref [0.08886239677667618, 0.05298076197504997, 0.034274596720933914, 0.023464323952794075, 0.021323516964912415, 0.017572443932294846, 0.013529730960726738, 0.012758010998368263, 0.011283215135335922, 0.008908305317163467, 0.009472105652093887, 0.009630461223423481, 0.009016002528369427, 0.008209423162043095]
[0.07346458733081818, 0.04830320179462433, 0.03401642665266991, 0.02696343883872032, 0.020525163039565086, 0.015435722656548023, 0.01356999110430479, 0.011669758707284927, 0.009346043691039085, 0.008294038474559784, 0.007936997339129448, 0.007340259850025177, 0.006504781078547239, 0.006646193563938141]
Training time: 372 	steps per sec: 38
Eval num_timesteps=14336, episode_reward=nan +/- nan
Eval num_timesteps=14336, episode_success=nan +/- nan
se
15 15360 1024
diff [-0.015397809445858002, -0.004677560180425644, -0.00025817006826400757, 0.0034991148859262466, -0.0007983539253473282, -0.0021367212757468224, 4.026014357805252e-05, -0.0010882522910833359, -0.0019371714442968369, -0.0006142668426036835, -0.0015351083129644394, -0.002290201373398304, -0.0025112214498221874, -0.0015632295981049538, -0.0022579701617360115]
ref [0.08886239677667618, 0.05298076197504997, 0.034274596720933914, 0.023464323952794075, 0.021323516964912415, 0.017572443932294846, 0.013529730960726738, 0.012758010998368263, 0.011283215135335922, 0.008908305317163467, 0.009472105652093887, 0.009630461223423481, 0.009016002528369427, 0.008209423162043095, 0.008376630023121834]
[0.07346458733081818, 0.04830320179462433, 0.03401642665266991, 0.02696343883872032, 0.020525163039565086, 0.015435722656548023, 0.01356999110430479, 0.011669758707284927, 0.009346043691039085, 0.008294038474559784, 0.007936997339129448, 0.007340259850025177, 0.006504781078547239, 0.006646193563938141, 0.006118659861385822]
Training time: 422 	steps per sec: 36
Eval num_timesteps=15360, episode_reward=nan +/- nan
Eval num_timesteps=15360, episode_success=nan +/- nan
se
16 16384 1024
diff [-0.015397809445858002, -0.004677560180425644, -0.00025817006826400757, 0.0034991148859262466, -0.0007983539253473282, -0.0021367212757468224, 4.026014357805252e-05, -0.0010882522910833359, -0.0019371714442968369, -0.0006142668426036835, -0.0015351083129644394, -0.002290201373398304, -0.0025112214498221874, -0.0015632295981049538, -0.0022579701617360115, -0.0014224289916455746]
ref [0.08886239677667618, 0.05298076197504997, 0.034274596720933914, 0.023464323952794075, 0.021323516964912415, 0.017572443932294846, 0.013529730960726738, 0.012758010998368263, 0.011283215135335922, 0.008908305317163467, 0.009472105652093887, 0.009630461223423481, 0.009016002528369427, 0.008209423162043095, 0.008376630023121834, 0.007044024765491486]
[0.07346458733081818, 0.04830320179462433, 0.03401642665266991, 0.02696343883872032, 0.020525163039565086, 0.015435722656548023, 0.01356999110430479, 0.011669758707284927, 0.009346043691039085, 0.008294038474559784, 0.007936997339129448, 0.007340259850025177, 0.006504781078547239, 0.006646193563938141, 0.006118659861385822, 0.005621595773845911]
Training time: 474 	steps per sec: 34
Eval num_timesteps=16384, episode_reward=nan +/- nan
Eval num_timesteps=16384, episode_success=nan +/- nan
se
16 16384 1024
diff [-0.015397809445858002, -0.004677560180425644, -0.00025817006826400757, 0.0034991148859262466, -0.0007983539253473282, -0.0021367212757468224, 4.026014357805252e-05, -0.0010882522910833359, -0.0019371714442968369, -0.0006142668426036835, -0.0015351083129644394, -0.002290201373398304, -0.0025112214498221874, -0.0015632295981049538, -0.0022579701617360115, -0.0014224289916455746, -0.0003596832975745201]
ref [0.08886239677667618, 0.05298076197504997, 0.034274596720933914, 0.023464323952794075, 0.021323516964912415, 0.017572443932294846, 0.013529730960726738, 0.012758010998368263, 0.011283215135335922, 0.008908305317163467, 0.009472105652093887, 0.009630461223423481, 0.009016002528369427, 0.008209423162043095, 0.008376630023121834, 0.007044024765491486, 0.006217770744115114]
[0.07346458733081818, 0.04830320179462433, 0.03401642665266991, 0.02696343883872032, 0.020525163039565086, 0.015435722656548023, 0.01356999110430479, 0.011669758707284927, 0.009346043691039085, 0.008294038474559784, 0.007936997339129448, 0.007340259850025177, 0.006504781078547239, 0.006646193563938141, 0.006118659861385822, 0.005621595773845911, 0.005858087446540594]
Training time: 529 	steps per sec: 32
Eval num_timesteps=17408, episode_reward=nan +/- nan
Eval num_timesteps=17408, episode_success=nan +/- nan
se
16 16384 1024
diff [-0.015397809445858002, -0.004677560180425644, -0.00025817006826400757, 0.0034991148859262466, -0.0007983539253473282, -0.0021367212757468224, 4.026014357805252e-05, -0.0010882522910833359, -0.0019371714442968369, -0.0006142668426036835, -0.0015351083129644394, -0.002290201373398304, -0.0025112214498221874, -0.0015632295981049538, -0.0022579701617360115, -0.0014224289916455746, -0.0003596832975745201, -0.002140840981155634]
ref [0.08886239677667618, 0.05298076197504997, 0.034274596720933914, 0.023464323952794075, 0.021323516964912415, 0.017572443932294846, 0.013529730960726738, 0.012758010998368263, 0.011283215135335922, 0.008908305317163467, 0.009472105652093887, 0.009630461223423481, 0.009016002528369427, 0.008209423162043095, 0.008376630023121834, 0.007044024765491486, 0.006217770744115114, 0.008035104721784592]
[0.07346458733081818, 0.04830320179462433, 0.03401642665266991, 0.02696343883872032, 0.020525163039565086, 0.015435722656548023, 0.01356999110430479, 0.011669758707284927, 0.009346043691039085, 0.008294038474559784, 0.007936997339129448, 0.007340259850025177, 0.006504781078547239, 0.006646193563938141, 0.006118659861385822, 0.005621595773845911, 0.005858087446540594, 0.005894263740628958]
Training time: 584 	steps per sec: 31
Eval num_timesteps=18432, episode_reward=nan +/- nan
Eval num_timesteps=18432, episode_success=nan +/- nan
se
16 16384 1024
diff [-0.015397809445858002, -0.004677560180425644, -0.00025817006826400757, 0.0034991148859262466, -0.0007983539253473282, -0.0021367212757468224, 4.026014357805252e-05, -0.0010882522910833359, -0.0019371714442968369, -0.0006142668426036835, -0.0015351083129644394, -0.002290201373398304, -0.0025112214498221874, -0.0015632295981049538, -0.0022579701617360115, -0.0014224289916455746, -0.0003596832975745201, -0.002140840981155634, -0.0011546066962182522]
ref [0.08886239677667618, 0.05298076197504997, 0.034274596720933914, 0.023464323952794075, 0.021323516964912415, 0.017572443932294846, 0.013529730960726738, 0.012758010998368263, 0.011283215135335922, 0.008908305317163467, 0.009472105652093887, 0.009630461223423481, 0.009016002528369427, 0.008209423162043095, 0.008376630023121834, 0.007044024765491486, 0.006217770744115114, 0.008035104721784592, 0.007350567262619734]
[0.07346458733081818, 0.04830320179462433, 0.03401642665266991, 0.02696343883872032, 0.020525163039565086, 0.015435722656548023, 0.01356999110430479, 0.011669758707284927, 0.009346043691039085, 0.008294038474559784, 0.007936997339129448, 0.007340259850025177, 0.006504781078547239, 0.006646193563938141, 0.006118659861385822, 0.005621595773845911, 0.005858087446540594, 0.005894263740628958, 0.006195960566401482]
Training time: 638 	steps per sec: 30
Eval num_timesteps=19456, episode_reward=nan +/- nan
Eval num_timesteps=19456, episode_success=nan +/- nan
se
16 16384 1024
diff [-0.015397809445858002, -0.004677560180425644, -0.00025817006826400757, 0.0034991148859262466, -0.0007983539253473282, -0.0021367212757468224, 4.026014357805252e-05, -0.0010882522910833359, -0.0019371714442968369, -0.0006142668426036835, -0.0015351083129644394, -0.002290201373398304, -0.0025112214498221874, -0.0015632295981049538, -0.0022579701617360115, -0.0014224289916455746, -0.0003596832975745201, -0.002140840981155634, -0.0011546066962182522, -0.0013842745684087276]
ref [0.08886239677667618, 0.05298076197504997, 0.034274596720933914, 0.023464323952794075, 0.021323516964912415, 0.017572443932294846, 0.013529730960726738, 0.012758010998368263, 0.011283215135335922, 0.008908305317163467, 0.009472105652093887, 0.009630461223423481, 0.009016002528369427, 0.008209423162043095, 0.008376630023121834, 0.007044024765491486, 0.006217770744115114, 0.008035104721784592, 0.007350567262619734, 0.007084188051521778]
[0.07346458733081818, 0.04830320179462433, 0.03401642665266991, 0.02696343883872032, 0.020525163039565086, 0.015435722656548023, 0.01356999110430479, 0.011669758707284927, 0.009346043691039085, 0.008294038474559784, 0.007936997339129448, 0.007340259850025177, 0.006504781078547239, 0.006646193563938141, 0.006118659861385822, 0.005621595773845911, 0.005858087446540594, 0.005894263740628958, 0.006195960566401482, 0.0056999134831130505]
Training time: 691 	steps per sec: 29
Eval num_timesteps=20480, episode_reward=nan +/- nan
Eval num_timesteps=20480, episode_success=nan +/- nan
se
16 16384 1024
diff [-0.015397809445858002, -0.004677560180425644, -0.00025817006826400757, 0.0034991148859262466, -0.0007983539253473282, -0.0021367212757468224, 4.026014357805252e-05, -0.0010882522910833359, -0.0019371714442968369, -0.0006142668426036835, -0.0015351083129644394, -0.002290201373398304, -0.0025112214498221874, -0.0015632295981049538, -0.0022579701617360115, -0.0014224289916455746, -0.0003596832975745201, -0.002140840981155634, -0.0011546066962182522, -0.0013842745684087276, -0.0007160520181059837]
ref [0.08886239677667618, 0.05298076197504997, 0.034274596720933914, 0.023464323952794075, 0.021323516964912415, 0.017572443932294846, 0.013529730960726738, 0.012758010998368263, 0.011283215135335922, 0.008908305317163467, 0.009472105652093887, 0.009630461223423481, 0.009016002528369427, 0.008209423162043095, 0.008376630023121834, 0.007044024765491486, 0.006217770744115114, 0.008035104721784592, 0.007350567262619734, 0.007084188051521778, 0.00635132659226656]
[0.07346458733081818, 0.04830320179462433, 0.03401642665266991, 0.02696343883872032, 0.020525163039565086, 0.015435722656548023, 0.01356999110430479, 0.011669758707284927, 0.009346043691039085, 0.008294038474559784, 0.007936997339129448, 0.007340259850025177, 0.006504781078547239, 0.006646193563938141, 0.006118659861385822, 0.005621595773845911, 0.005858087446540594, 0.005894263740628958, 0.006195960566401482, 0.0056999134831130505, 0.005635274574160576]
Training time: 743 	steps per sec: 28
Eval num_timesteps=21504, episode_reward=nan +/- nan
Eval num_timesteps=21504, episode_success=nan +/- nan
se
16 16384 1024
diff [-0.015397809445858002, -0.004677560180425644, -0.00025817006826400757, 0.0034991148859262466, -0.0007983539253473282, -0.0021367212757468224, 4.026014357805252e-05, -0.0010882522910833359, -0.0019371714442968369, -0.0006142668426036835, -0.0015351083129644394, -0.002290201373398304, -0.0025112214498221874, -0.0015632295981049538, -0.0022579701617360115, -0.0014224289916455746, -0.0003596832975745201, -0.002140840981155634, -0.0011546066962182522, -0.0013842745684087276, -0.0007160520181059837, -0.0009704730473458767]
ref [0.08886239677667618, 0.05298076197504997, 0.034274596720933914, 0.023464323952794075, 0.021323516964912415, 0.017572443932294846, 0.013529730960726738, 0.012758010998368263, 0.011283215135335922, 0.008908305317163467, 0.009472105652093887, 0.009630461223423481, 0.009016002528369427, 0.008209423162043095, 0.008376630023121834, 0.007044024765491486, 0.006217770744115114, 0.008035104721784592, 0.007350567262619734, 0.007084188051521778, 0.00635132659226656, 0.006499480456113815]
[0.07346458733081818, 0.04830320179462433, 0.03401642665266991, 0.02696343883872032, 0.020525163039565086, 0.015435722656548023, 0.01356999110430479, 0.011669758707284927, 0.009346043691039085, 0.008294038474559784, 0.007936997339129448, 0.007340259850025177, 0.006504781078547239, 0.006646193563938141, 0.006118659861385822, 0.005621595773845911, 0.005858087446540594, 0.005894263740628958, 0.006195960566401482, 0.0056999134831130505, 0.005635274574160576, 0.005529007408767939]
Training time: 797 	steps per sec: 28
Eval num_timesteps=22528, episode_reward=nan +/- nan
Eval num_timesteps=22528, episode_success=nan +/- nan
se
16 16384 1024
diff [-0.015397809445858002, -0.004677560180425644, -0.00025817006826400757, 0.0034991148859262466, -0.0007983539253473282, -0.0021367212757468224, 4.026014357805252e-05, -0.0010882522910833359, -0.0019371714442968369, -0.0006142668426036835, -0.0015351083129644394, -0.002290201373398304, -0.0025112214498221874, -0.0015632295981049538, -0.0022579701617360115, -0.0014224289916455746, -0.0003596832975745201, -0.002140840981155634, -0.0011546066962182522, -0.0013842745684087276, -0.0007160520181059837, -0.0009704730473458767, -0.0009714579209685326]
ref [0.08886239677667618, 0.05298076197504997, 0.034274596720933914, 0.023464323952794075, 0.021323516964912415, 0.017572443932294846, 0.013529730960726738, 0.012758010998368263, 0.011283215135335922, 0.008908305317163467, 0.009472105652093887, 0.009630461223423481, 0.009016002528369427, 0.008209423162043095, 0.008376630023121834, 0.007044024765491486, 0.006217770744115114, 0.008035104721784592, 0.007350567262619734, 0.007084188051521778, 0.00635132659226656, 0.006499480456113815, 0.006905670277774334]
[0.07346458733081818, 0.04830320179462433, 0.03401642665266991, 0.02696343883872032, 0.020525163039565086, 0.015435722656548023, 0.01356999110430479, 0.011669758707284927, 0.009346043691039085, 0.008294038474559784, 0.007936997339129448, 0.007340259850025177, 0.006504781078547239, 0.006646193563938141, 0.006118659861385822, 0.005621595773845911, 0.005858087446540594, 0.005894263740628958, 0.006195960566401482, 0.0056999134831130505, 0.005635274574160576, 0.005529007408767939, 0.005934212356805801]
Training time: 850 	steps per sec: 27
Eval num_timesteps=23552, episode_reward=nan +/- nan
Eval num_timesteps=23552, episode_success=nan +/- nan
se
16 16384 1024
diff [-0.015397809445858002, -0.004677560180425644, -0.00025817006826400757, 0.0034991148859262466, -0.0007983539253473282, -0.0021367212757468224, 4.026014357805252e-05, -0.0010882522910833359, -0.0019371714442968369, -0.0006142668426036835, -0.0015351083129644394, -0.002290201373398304, -0.0025112214498221874, -0.0015632295981049538, -0.0022579701617360115, -0.0014224289916455746, -0.0003596832975745201, -0.002140840981155634, -0.0011546066962182522, -0.0013842745684087276, -0.0007160520181059837, -0.0009704730473458767, -0.0009714579209685326, -0.0027137459255754948]
ref [0.08886239677667618, 0.05298076197504997, 0.034274596720933914, 0.023464323952794075, 0.021323516964912415, 0.017572443932294846, 0.013529730960726738, 0.012758010998368263, 0.011283215135335922, 0.008908305317163467, 0.009472105652093887, 0.009630461223423481, 0.009016002528369427, 0.008209423162043095, 0.008376630023121834, 0.007044024765491486, 0.006217770744115114, 0.008035104721784592, 0.007350567262619734, 0.007084188051521778, 0.00635132659226656, 0.006499480456113815, 0.006905670277774334, 0.008425773121416569]
[0.07346458733081818, 0.04830320179462433, 0.03401642665266991, 0.02696343883872032, 0.020525163039565086, 0.015435722656548023, 0.01356999110430479, 0.011669758707284927, 0.009346043691039085, 0.008294038474559784, 0.007936997339129448, 0.007340259850025177, 0.006504781078547239, 0.006646193563938141, 0.006118659861385822, 0.005621595773845911, 0.005858087446540594, 0.005894263740628958, 0.006195960566401482, 0.0056999134831130505, 0.005635274574160576, 0.005529007408767939, 0.005934212356805801, 0.005712027195841074]
Training time: 903 	steps per sec: 27
Eval num_timesteps=24576, episode_reward=nan +/- nan
Eval num_timesteps=24576, episode_success=nan +/- nan
se
16 16384 1024
diff [-0.015397809445858002, -0.004677560180425644, -0.00025817006826400757, 0.0034991148859262466, -0.0007983539253473282, -0.0021367212757468224, 4.026014357805252e-05, -0.0010882522910833359, -0.0019371714442968369, -0.0006142668426036835, -0.0015351083129644394, -0.002290201373398304, -0.0025112214498221874, -0.0015632295981049538, -0.0022579701617360115, -0.0014224289916455746, -0.0003596832975745201, -0.002140840981155634, -0.0011546066962182522, -0.0013842745684087276, -0.0007160520181059837, -0.0009704730473458767, -0.0009714579209685326, -0.0027137459255754948, -0.00017761625349521637]
ref [0.08886239677667618, 0.05298076197504997, 0.034274596720933914, 0.023464323952794075, 0.021323516964912415, 0.017572443932294846, 0.013529730960726738, 0.012758010998368263, 0.011283215135335922, 0.008908305317163467, 0.009472105652093887, 0.009630461223423481, 0.009016002528369427, 0.008209423162043095, 0.008376630023121834, 0.007044024765491486, 0.006217770744115114, 0.008035104721784592, 0.007350567262619734, 0.007084188051521778, 0.00635132659226656, 0.006499480456113815, 0.006905670277774334, 0.008425773121416569, 0.006963924504816532]
[0.07346458733081818, 0.04830320179462433, 0.03401642665266991, 0.02696343883872032, 0.020525163039565086, 0.015435722656548023, 0.01356999110430479, 0.011669758707284927, 0.009346043691039085, 0.008294038474559784, 0.007936997339129448, 0.007340259850025177, 0.006504781078547239, 0.006646193563938141, 0.006118659861385822, 0.005621595773845911, 0.005858087446540594, 0.005894263740628958, 0.006195960566401482, 0.0056999134831130505, 0.005635274574160576, 0.005529007408767939, 0.005934212356805801, 0.005712027195841074, 0.006786308251321316]
Training time: 955 	steps per sec: 26
Eval num_timesteps=25600, episode_reward=nan +/- nan
Eval num_timesteps=25600, episode_success=nan +/- nan
se
16 16384 1024
diff [-0.015397809445858002, -0.004677560180425644, -0.00025817006826400757, 0.0034991148859262466, -0.0007983539253473282, -0.0021367212757468224, 4.026014357805252e-05, -0.0010882522910833359, -0.0019371714442968369, -0.0006142668426036835, -0.0015351083129644394, -0.002290201373398304, -0.0025112214498221874, -0.0015632295981049538, -0.0022579701617360115, -0.0014224289916455746, -0.0003596832975745201, -0.002140840981155634, -0.0011546066962182522, -0.0013842745684087276, -0.0007160520181059837, -0.0009704730473458767, -0.0009714579209685326, -0.0027137459255754948, -0.00017761625349521637, -0.0007978631183505058]
ref [0.08886239677667618, 0.05298076197504997, 0.034274596720933914, 0.023464323952794075, 0.021323516964912415, 0.017572443932294846, 0.013529730960726738, 0.012758010998368263, 0.011283215135335922, 0.008908305317163467, 0.009472105652093887, 0.009630461223423481, 0.009016002528369427, 0.008209423162043095, 0.008376630023121834, 0.007044024765491486, 0.006217770744115114, 0.008035104721784592, 0.007350567262619734, 0.007084188051521778, 0.00635132659226656, 0.006499480456113815, 0.006905670277774334, 0.008425773121416569, 0.006963924504816532, 0.007528671994805336]
[0.07346458733081818, 0.04830320179462433, 0.03401642665266991, 0.02696343883872032, 0.020525163039565086, 0.015435722656548023, 0.01356999110430479, 0.011669758707284927, 0.009346043691039085, 0.008294038474559784, 0.007936997339129448, 0.007340259850025177, 0.006504781078547239, 0.006646193563938141, 0.006118659861385822, 0.005621595773845911, 0.005858087446540594, 0.005894263740628958, 0.006195960566401482, 0.0056999134831130505, 0.005635274574160576, 0.005529007408767939, 0.005934212356805801, 0.005712027195841074, 0.006786308251321316, 0.00673080887645483]
Training time: 1007 	steps per sec: 26
Eval num_timesteps=26624, episode_reward=nan +/- nan
Eval num_timesteps=26624, episode_success=nan +/- nan
se
16 16384 1024
diff [-0.015397809445858002, -0.004677560180425644, -0.00025817006826400757, 0.0034991148859262466, -0.0007983539253473282, -0.0021367212757468224, 4.026014357805252e-05, -0.0010882522910833359, -0.0019371714442968369, -0.0006142668426036835, -0.0015351083129644394, -0.002290201373398304, -0.0025112214498221874, -0.0015632295981049538, -0.0022579701617360115, -0.0014224289916455746, -0.0003596832975745201, -0.002140840981155634, -0.0011546066962182522, -0.0013842745684087276, -0.0007160520181059837, -0.0009704730473458767, -0.0009714579209685326, -0.0027137459255754948, -0.00017761625349521637, -0.0007978631183505058, 0.0008525662124156952]
ref [0.08886239677667618, 0.05298076197504997, 0.034274596720933914, 0.023464323952794075, 0.021323516964912415, 0.017572443932294846, 0.013529730960726738, 0.012758010998368263, 0.011283215135335922, 0.008908305317163467, 0.009472105652093887, 0.009630461223423481, 0.009016002528369427, 0.008209423162043095, 0.008376630023121834, 0.007044024765491486, 0.006217770744115114, 0.008035104721784592, 0.007350567262619734, 0.007084188051521778, 0.00635132659226656, 0.006499480456113815, 0.006905670277774334, 0.008425773121416569, 0.006963924504816532, 0.007528671994805336, 0.006154936738312244]
[0.07346458733081818, 0.04830320179462433, 0.03401642665266991, 0.02696343883872032, 0.020525163039565086, 0.015435722656548023, 0.01356999110430479, 0.011669758707284927, 0.009346043691039085, 0.008294038474559784, 0.007936997339129448, 0.007340259850025177, 0.006504781078547239, 0.006646193563938141, 0.006118659861385822, 0.005621595773845911, 0.005858087446540594, 0.005894263740628958, 0.006195960566401482, 0.0056999134831130505, 0.005635274574160576, 0.005529007408767939, 0.005934212356805801, 0.005712027195841074, 0.006786308251321316, 0.00673080887645483, 0.00700750295072794]
Training time: 1061 	steps per sec: 26
Eval num_timesteps=27648, episode_reward=nan +/- nan
Eval num_timesteps=27648, episode_success=nan +/- nan
se
16 16384 1024
diff [-0.015397809445858002, -0.004677560180425644, -0.00025817006826400757, 0.0034991148859262466, -0.0007983539253473282, -0.0021367212757468224, 4.026014357805252e-05, -0.0010882522910833359, -0.0019371714442968369, -0.0006142668426036835, -0.0015351083129644394, -0.002290201373398304, -0.0025112214498221874, -0.0015632295981049538, -0.0022579701617360115, -0.0014224289916455746, -0.0003596832975745201, -0.002140840981155634, -0.0011546066962182522, -0.0013842745684087276, -0.0007160520181059837, -0.0009704730473458767, -0.0009714579209685326, -0.0027137459255754948, -0.00017761625349521637, -0.0007978631183505058, 0.0008525662124156952, -0.0009261816740036011]
ref [0.08886239677667618, 0.05298076197504997, 0.034274596720933914, 0.023464323952794075, 0.021323516964912415, 0.017572443932294846, 0.013529730960726738, 0.012758010998368263, 0.011283215135335922, 0.008908305317163467, 0.009472105652093887, 0.009630461223423481, 0.009016002528369427, 0.008209423162043095, 0.008376630023121834, 0.007044024765491486, 0.006217770744115114, 0.008035104721784592, 0.007350567262619734, 0.007084188051521778, 0.00635132659226656, 0.006499480456113815, 0.006905670277774334, 0.008425773121416569, 0.006963924504816532, 0.007528671994805336, 0.006154936738312244, 0.007842490449547768]
[0.07346458733081818, 0.04830320179462433, 0.03401642665266991, 0.02696343883872032, 0.020525163039565086, 0.015435722656548023, 0.01356999110430479, 0.011669758707284927, 0.009346043691039085, 0.008294038474559784, 0.007936997339129448, 0.007340259850025177, 0.006504781078547239, 0.006646193563938141, 0.006118659861385822, 0.005621595773845911, 0.005858087446540594, 0.005894263740628958, 0.006195960566401482, 0.0056999134831130505, 0.005635274574160576, 0.005529007408767939, 0.005934212356805801, 0.005712027195841074, 0.006786308251321316, 0.00673080887645483, 0.00700750295072794, 0.0069163087755441666]
Training time: 1114 	steps per sec: 25
Eval num_timesteps=28672, episode_reward=nan +/- nan
Eval num_timesteps=28672, episode_success=nan +/- nan
se
16 16384 1024
diff [-0.015397809445858002, -0.004677560180425644, -0.00025817006826400757, 0.0034991148859262466, -0.0007983539253473282, -0.0021367212757468224, 4.026014357805252e-05, -0.0010882522910833359, -0.0019371714442968369, -0.0006142668426036835, -0.0015351083129644394, -0.002290201373398304, -0.0025112214498221874, -0.0015632295981049538, -0.0022579701617360115, -0.0014224289916455746, -0.0003596832975745201, -0.002140840981155634, -0.0011546066962182522, -0.0013842745684087276, -0.0007160520181059837, -0.0009704730473458767, -0.0009714579209685326, -0.0027137459255754948, -0.00017761625349521637, -0.0007978631183505058, 0.0008525662124156952, -0.0009261816740036011, 0.0007744869217276573]
ref [0.08886239677667618, 0.05298076197504997, 0.034274596720933914, 0.023464323952794075, 0.021323516964912415, 0.017572443932294846, 0.013529730960726738, 0.012758010998368263, 0.011283215135335922, 0.008908305317163467, 0.009472105652093887, 0.009630461223423481, 0.009016002528369427, 0.008209423162043095, 0.008376630023121834, 0.007044024765491486, 0.006217770744115114, 0.008035104721784592, 0.007350567262619734, 0.007084188051521778, 0.00635132659226656, 0.006499480456113815, 0.006905670277774334, 0.008425773121416569, 0.006963924504816532, 0.007528671994805336, 0.006154936738312244, 0.007842490449547768, 0.006747839041054249]
[0.07346458733081818, 0.04830320179462433, 0.03401642665266991, 0.02696343883872032, 0.020525163039565086, 0.015435722656548023, 0.01356999110430479, 0.011669758707284927, 0.009346043691039085, 0.008294038474559784, 0.007936997339129448, 0.007340259850025177, 0.006504781078547239, 0.006646193563938141, 0.006118659861385822, 0.005621595773845911, 0.005858087446540594, 0.005894263740628958, 0.006195960566401482, 0.0056999134831130505, 0.005635274574160576, 0.005529007408767939, 0.005934212356805801, 0.005712027195841074, 0.006786308251321316, 0.00673080887645483, 0.00700750295072794, 0.0069163087755441666, 0.007522325962781906]
Training time: 1164 	steps per sec: 25
Eval num_timesteps=29696, episode_reward=nan +/- nan
Eval num_timesteps=29696, episode_success=nan +/- nan
se
16 16384 1024
diff [-0.015397809445858002, -0.004677560180425644, -0.00025817006826400757, 0.0034991148859262466, -0.0007983539253473282, -0.0021367212757468224, 4.026014357805252e-05, -0.0010882522910833359, -0.0019371714442968369, -0.0006142668426036835, -0.0015351083129644394, -0.002290201373398304, -0.0025112214498221874, -0.0015632295981049538, -0.0022579701617360115, -0.0014224289916455746, -0.0003596832975745201, -0.002140840981155634, -0.0011546066962182522, -0.0013842745684087276, -0.0007160520181059837, -0.0009704730473458767, -0.0009714579209685326, -0.0027137459255754948, -0.00017761625349521637, -0.0007978631183505058, 0.0008525662124156952, -0.0009261816740036011, 0.0007744869217276573, 0.0006843805313110352]
ref [0.08886239677667618, 0.05298076197504997, 0.034274596720933914, 0.023464323952794075, 0.021323516964912415, 0.017572443932294846, 0.013529730960726738, 0.012758010998368263, 0.011283215135335922, 0.008908305317163467, 0.009472105652093887, 0.009630461223423481, 0.009016002528369427, 0.008209423162043095, 0.008376630023121834, 0.007044024765491486, 0.006217770744115114, 0.008035104721784592, 0.007350567262619734, 0.007084188051521778, 0.00635132659226656, 0.006499480456113815, 0.006905670277774334, 0.008425773121416569, 0.006963924504816532, 0.007528671994805336, 0.006154936738312244, 0.007842490449547768, 0.006747839041054249, 0.006627940572798252]
[0.07346458733081818, 0.04830320179462433, 0.03401642665266991, 0.02696343883872032, 0.020525163039565086, 0.015435722656548023, 0.01356999110430479, 0.011669758707284927, 0.009346043691039085, 0.008294038474559784, 0.007936997339129448, 0.007340259850025177, 0.006504781078547239, 0.006646193563938141, 0.006118659861385822, 0.005621595773845911, 0.005858087446540594, 0.005894263740628958, 0.006195960566401482, 0.0056999134831130505, 0.005635274574160576, 0.005529007408767939, 0.005934212356805801, 0.005712027195841074, 0.006786308251321316, 0.00673080887645483, 0.00700750295072794, 0.0069163087755441666, 0.007522325962781906, 0.007312321104109287]
Training time: 1215 	steps per sec: 25
Eval num_timesteps=30720, episode_reward=nan +/- nan
Eval num_timesteps=30720, episode_success=nan +/- nan
se
16 16384 1024
diff [-0.015397809445858002, -0.004677560180425644, -0.00025817006826400757, 0.0034991148859262466, -0.0007983539253473282, -0.0021367212757468224, 4.026014357805252e-05, -0.0010882522910833359, -0.0019371714442968369, -0.0006142668426036835, -0.0015351083129644394, -0.002290201373398304, -0.0025112214498221874, -0.0015632295981049538, -0.0022579701617360115, -0.0014224289916455746, -0.0003596832975745201, -0.002140840981155634, -0.0011546066962182522, -0.0013842745684087276, -0.0007160520181059837, -0.0009704730473458767, -0.0009714579209685326, -0.0027137459255754948, -0.00017761625349521637, -0.0007978631183505058, 0.0008525662124156952, -0.0009261816740036011, 0.0007744869217276573, 0.0006843805313110352, -0.0011082934215664864]
ref [0.08886239677667618, 0.05298076197504997, 0.034274596720933914, 0.023464323952794075, 0.021323516964912415, 0.017572443932294846, 0.013529730960726738, 0.012758010998368263, 0.011283215135335922, 0.008908305317163467, 0.009472105652093887, 0.009630461223423481, 0.009016002528369427, 0.008209423162043095, 0.008376630023121834, 0.007044024765491486, 0.006217770744115114, 0.008035104721784592, 0.007350567262619734, 0.007084188051521778, 0.00635132659226656, 0.006499480456113815, 0.006905670277774334, 0.008425773121416569, 0.006963924504816532, 0.007528671994805336, 0.006154936738312244, 0.007842490449547768, 0.006747839041054249, 0.006627940572798252, 0.008399689570069313]
[0.07346458733081818, 0.04830320179462433, 0.03401642665266991, 0.02696343883872032, 0.020525163039565086, 0.015435722656548023, 0.01356999110430479, 0.011669758707284927, 0.009346043691039085, 0.008294038474559784, 0.007936997339129448, 0.007340259850025177, 0.006504781078547239, 0.006646193563938141, 0.006118659861385822, 0.005621595773845911, 0.005858087446540594, 0.005894263740628958, 0.006195960566401482, 0.0056999134831130505, 0.005635274574160576, 0.005529007408767939, 0.005934212356805801, 0.005712027195841074, 0.006786308251321316, 0.00673080887645483, 0.00700750295072794, 0.0069163087755441666, 0.007522325962781906, 0.007312321104109287, 0.007291396148502827]
Training time: 1266 	steps per sec: 25
Eval num_timesteps=31744, episode_reward=nan +/- nan
Eval num_timesteps=31744, episode_success=nan +/- nan
se
16 16384 1024
diff [-0.015397809445858002, -0.004677560180425644, -0.00025817006826400757, 0.0034991148859262466, -0.0007983539253473282, -0.0021367212757468224, 4.026014357805252e-05, -0.0010882522910833359, -0.0019371714442968369, -0.0006142668426036835, -0.0015351083129644394, -0.002290201373398304, -0.0025112214498221874, -0.0015632295981049538, -0.0022579701617360115, -0.0014224289916455746, -0.0003596832975745201, -0.002140840981155634, -0.0011546066962182522, -0.0013842745684087276, -0.0007160520181059837, -0.0009704730473458767, -0.0009714579209685326, -0.0027137459255754948, -0.00017761625349521637, -0.0007978631183505058, 0.0008525662124156952, -0.0009261816740036011, 0.0007744869217276573, 0.0006843805313110352, -0.0011082934215664864, 0.0001108911819756031]
ref [0.08886239677667618, 0.05298076197504997, 0.034274596720933914, 0.023464323952794075, 0.021323516964912415, 0.017572443932294846, 0.013529730960726738, 0.012758010998368263, 0.011283215135335922, 0.008908305317163467, 0.009472105652093887, 0.009630461223423481, 0.009016002528369427, 0.008209423162043095, 0.008376630023121834, 0.007044024765491486, 0.006217770744115114, 0.008035104721784592, 0.007350567262619734, 0.007084188051521778, 0.00635132659226656, 0.006499480456113815, 0.006905670277774334, 0.008425773121416569, 0.006963924504816532, 0.007528671994805336, 0.006154936738312244, 0.007842490449547768, 0.006747839041054249, 0.006627940572798252, 0.008399689570069313, 0.006897539831697941]
[0.07346458733081818, 0.04830320179462433, 0.03401642665266991, 0.02696343883872032, 0.020525163039565086, 0.015435722656548023, 0.01356999110430479, 0.011669758707284927, 0.009346043691039085, 0.008294038474559784, 0.007936997339129448, 0.007340259850025177, 0.006504781078547239, 0.006646193563938141, 0.006118659861385822, 0.005621595773845911, 0.005858087446540594, 0.005894263740628958, 0.006195960566401482, 0.0056999134831130505, 0.005635274574160576, 0.005529007408767939, 0.005934212356805801, 0.005712027195841074, 0.006786308251321316, 0.00673080887645483, 0.00700750295072794, 0.0069163087755441666, 0.007522325962781906, 0.007312321104109287, 0.007291396148502827, 0.007008431013673544]
Training time: 1316 	steps per sec: 24
Eval num_timesteps=32768, episode_reward=nan +/- nan
Eval num_timesteps=32768, episode_success=nan +/- nan
results/Hopper-v4/
results/Hopper-v4/ppo_ros/
results/Hopper-v4/ppo_ros/expert/
results/Hopper-v4/ppo_ros/expert/b_16/
results/Hopper-v4/ppo_ros/expert/b_16/no_clip_lambda/
results/Hopper-v4/ppo_ros/expert/b_16/no_clip_lambda/run_0/
results/Hopper-v4/ppo_ros/expert/b_16/no_clip_lambda/run_0/evaluations.npz
results/Hopper-v4/ppo_ros/expert/b_16/no_clip_lambda/run_0/stats.npz
results/Hopper-v4/ppo_ros/expert/b_16/no_clip_lambda/run_0/config.yml
