ppo_ros_continuous.py --env-id Ant-v4 -s expert/b_16/no_lambda --total-timesteps 32768 --eval-freq 1 --eval-episodes 0 -b 16 --num-steps 1024 -lr 0 --update-epochs 0 --anneal-lr 0 --ros-num-steps 256 --ros-update-epochs 16 --ros-target-kl 0.05 --ros-clip-coef 0.3 --ros-lambda 0 -ros-lr 0.0001 --ros-anneal-lr 0 --se 1 --se-freq 1 --se-lr 1e-3 --se-epochs 1000 --policy-path policies/Ant-v4/best_model.zip --normalization-dir policies/Ant-v4
Obtaining file:///var/lib/condor/execute/slot1/dir_2451192/PPOROS/PPOROS/custom-envs
  Preparing metadata (setup.py): started
  Preparing metadata (setup.py): finished with status 'done'
Requirement already satisfied: gym in /var/lib/condor/execute/slot1/dir_2451192/PPOROS/ppo-ros_env/lib/python3.9/site-packages (from custom-envs==0.0.1) (0.21.0)
Requirement already satisfied: numpy>=1.18.0 in /var/lib/condor/execute/slot1/dir_2451192/PPOROS/ppo-ros_env/lib/python3.9/site-packages (from gym->custom-envs==0.0.1) (1.24.2)
Requirement already satisfied: cloudpickle>=1.2.0 in /var/lib/condor/execute/slot1/dir_2451192/PPOROS/ppo-ros_env/lib/python3.9/site-packages (from gym->custom-envs==0.0.1) (2.2.1)
Installing collected packages: custom-envs
  Running setup.py develop for custom-envs
Successfully installed custom-envs-0.0.1
seed: 4
Eval num_timesteps=0, episode_reward=nan +/- nan
Eval num_timesteps=0, episode_success=nan +/- nan
se
1 1024 1024
diff [0.08706104755401611]
ref [0.5810949802398682]
[0.6681560277938843]
Training time: 12 	steps per sec: 79
Eval num_timesteps=1024, episode_reward=nan +/- nan
Eval num_timesteps=1024, episode_success=nan +/- nan
se
2 2048 1024
diff [0.08706104755401611, -0.035689398646354675]
ref [0.5810949802398682, 0.2504218816757202]
[0.6681560277938843, 0.21473248302936554]
Training time: 31 	steps per sec: 65
Eval num_timesteps=2048, episode_reward=nan +/- nan
Eval num_timesteps=2048, episode_success=nan +/- nan
se
3 3072 1024
diff [0.08706104755401611, -0.035689398646354675, 0.003918178379535675]
ref [0.5810949802398682, 0.2504218816757202, 0.1246228888630867]
[0.6681560277938843, 0.21473248302936554, 0.12854106724262238]
Training time: 59 	steps per sec: 51
Eval num_timesteps=3072, episode_reward=nan +/- nan
Eval num_timesteps=3072, episode_success=nan +/- nan
se
4 4096 1024
diff [0.08706104755401611, -0.035689398646354675, 0.003918178379535675, -0.018533632159233093]
ref [0.5810949802398682, 0.2504218816757202, 0.1246228888630867, 0.0958397164940834]
[0.6681560277938843, 0.21473248302936554, 0.12854106724262238, 0.07730608433485031]
Training time: 95 	steps per sec: 42
Eval num_timesteps=4096, episode_reward=nan +/- nan
Eval num_timesteps=4096, episode_success=nan +/- nan
se
5 5120 1024
diff [0.08706104755401611, -0.035689398646354675, 0.003918178379535675, -0.018533632159233093, -0.009938150644302368]
ref [0.5810949802398682, 0.2504218816757202, 0.1246228888630867, 0.0958397164940834, 0.06796655058860779]
[0.6681560277938843, 0.21473248302936554, 0.12854106724262238, 0.07730608433485031, 0.05802839994430542]
Training time: 134 	steps per sec: 38
Eval num_timesteps=5120, episode_reward=nan +/- nan
Eval num_timesteps=5120, episode_success=nan +/- nan
se
6 6144 1024
diff [0.08706104755401611, -0.035689398646354675, 0.003918178379535675, -0.018533632159233093, -0.009938150644302368, -0.01897123083472252]
ref [0.5810949802398682, 0.2504218816757202, 0.1246228888630867, 0.0958397164940834, 0.06796655058860779, 0.06339146941900253]
[0.6681560277938843, 0.21473248302936554, 0.12854106724262238, 0.07730608433485031, 0.05802839994430542, 0.044420238584280014]
Training time: 181 	steps per sec: 33
Eval num_timesteps=6144, episode_reward=nan +/- nan
Eval num_timesteps=6144, episode_success=nan +/- nan
se
7 7168 1024
diff [0.08706104755401611, -0.035689398646354675, 0.003918178379535675, -0.018533632159233093, -0.009938150644302368, -0.01897123083472252, -0.018292032182216644]
ref [0.5810949802398682, 0.2504218816757202, 0.1246228888630867, 0.0958397164940834, 0.06796655058860779, 0.06339146941900253, 0.054958462715148926]
[0.6681560277938843, 0.21473248302936554, 0.12854106724262238, 0.07730608433485031, 0.05802839994430542, 0.044420238584280014, 0.03666643053293228]
Training time: 235 	steps per sec: 30
Eval num_timesteps=7168, episode_reward=nan +/- nan
Eval num_timesteps=7168, episode_success=nan +/- nan
se
8 8192 1024
diff [0.08706104755401611, -0.035689398646354675, 0.003918178379535675, -0.018533632159233093, -0.009938150644302368, -0.01897123083472252, -0.018292032182216644, -0.01654703915119171]
ref [0.5810949802398682, 0.2504218816757202, 0.1246228888630867, 0.0958397164940834, 0.06796655058860779, 0.06339146941900253, 0.054958462715148926, 0.048929326236248016]
[0.6681560277938843, 0.21473248302936554, 0.12854106724262238, 0.07730608433485031, 0.05802839994430542, 0.044420238584280014, 0.03666643053293228, 0.032382287085056305]
Training time: 298 	steps per sec: 27
Eval num_timesteps=8192, episode_reward=nan +/- nan
Eval num_timesteps=8192, episode_success=nan +/- nan
se
9 9216 1024
diff [0.08706104755401611, -0.035689398646354675, 0.003918178379535675, -0.018533632159233093, -0.009938150644302368, -0.01897123083472252, -0.018292032182216644, -0.01654703915119171, -0.011732734739780426]
ref [0.5810949802398682, 0.2504218816757202, 0.1246228888630867, 0.0958397164940834, 0.06796655058860779, 0.06339146941900253, 0.054958462715148926, 0.048929326236248016, 0.038207635283470154]
[0.6681560277938843, 0.21473248302936554, 0.12854106724262238, 0.07730608433485031, 0.05802839994430542, 0.044420238584280014, 0.03666643053293228, 0.032382287085056305, 0.026474900543689728]
Training time: 368 	steps per sec: 25
Eval num_timesteps=9216, episode_reward=nan +/- nan
Eval num_timesteps=9216, episode_success=nan +/- nan
se
10 10240 1024
diff [0.08706104755401611, -0.035689398646354675, 0.003918178379535675, -0.018533632159233093, -0.009938150644302368, -0.01897123083472252, -0.018292032182216644, -0.01654703915119171, -0.011732734739780426, -0.012835267931222916]
ref [0.5810949802398682, 0.2504218816757202, 0.1246228888630867, 0.0958397164940834, 0.06796655058860779, 0.06339146941900253, 0.054958462715148926, 0.048929326236248016, 0.038207635283470154, 0.03588523715734482]
[0.6681560277938843, 0.21473248302936554, 0.12854106724262238, 0.07730608433485031, 0.05802839994430542, 0.044420238584280014, 0.03666643053293228, 0.032382287085056305, 0.026474900543689728, 0.023049969226121902]
Training time: 446 	steps per sec: 22
Eval num_timesteps=10240, episode_reward=nan +/- nan
Eval num_timesteps=10240, episode_success=nan +/- nan
se
11 11264 1024
diff [0.08706104755401611, -0.035689398646354675, 0.003918178379535675, -0.018533632159233093, -0.009938150644302368, -0.01897123083472252, -0.018292032182216644, -0.01654703915119171, -0.011732734739780426, -0.012835267931222916, -0.009173741564154625]
ref [0.5810949802398682, 0.2504218816757202, 0.1246228888630867, 0.0958397164940834, 0.06796655058860779, 0.06339146941900253, 0.054958462715148926, 0.048929326236248016, 0.038207635283470154, 0.03588523715734482, 0.030607067048549652]
[0.6681560277938843, 0.21473248302936554, 0.12854106724262238, 0.07730608433485031, 0.05802839994430542, 0.044420238584280014, 0.03666643053293228, 0.032382287085056305, 0.026474900543689728, 0.023049969226121902, 0.021433325484395027]
Training time: 528 	steps per sec: 21
Eval num_timesteps=11264, episode_reward=nan +/- nan
Eval num_timesteps=11264, episode_success=nan +/- nan
se
12 12288 1024
diff [0.08706104755401611, -0.035689398646354675, 0.003918178379535675, -0.018533632159233093, -0.009938150644302368, -0.01897123083472252, -0.018292032182216644, -0.01654703915119171, -0.011732734739780426, -0.012835267931222916, -0.009173741564154625, -0.010152339935302734]
ref [0.5810949802398682, 0.2504218816757202, 0.1246228888630867, 0.0958397164940834, 0.06796655058860779, 0.06339146941900253, 0.054958462715148926, 0.048929326236248016, 0.038207635283470154, 0.03588523715734482, 0.030607067048549652, 0.029611224308609962]
[0.6681560277938843, 0.21473248302936554, 0.12854106724262238, 0.07730608433485031, 0.05802839994430542, 0.044420238584280014, 0.03666643053293228, 0.032382287085056305, 0.026474900543689728, 0.023049969226121902, 0.021433325484395027, 0.019458884373307228]
Training time: 614 	steps per sec: 19
Eval num_timesteps=12288, episode_reward=nan +/- nan
Eval num_timesteps=12288, episode_success=nan +/- nan
se
13 13312 1024
diff [0.08706104755401611, -0.035689398646354675, 0.003918178379535675, -0.018533632159233093, -0.009938150644302368, -0.01897123083472252, -0.018292032182216644, -0.01654703915119171, -0.011732734739780426, -0.012835267931222916, -0.009173741564154625, -0.010152339935302734, -0.004085009917616844]
ref [0.5810949802398682, 0.2504218816757202, 0.1246228888630867, 0.0958397164940834, 0.06796655058860779, 0.06339146941900253, 0.054958462715148926, 0.048929326236248016, 0.038207635283470154, 0.03588523715734482, 0.030607067048549652, 0.029611224308609962, 0.023388633504509926]
[0.6681560277938843, 0.21473248302936554, 0.12854106724262238, 0.07730608433485031, 0.05802839994430542, 0.044420238584280014, 0.03666643053293228, 0.032382287085056305, 0.026474900543689728, 0.023049969226121902, 0.021433325484395027, 0.019458884373307228, 0.01930362358689308]
Training time: 706 	steps per sec: 18
Eval num_timesteps=13312, episode_reward=nan +/- nan
Eval num_timesteps=13312, episode_success=nan +/- nan
se
14 14336 1024
diff [0.08706104755401611, -0.035689398646354675, 0.003918178379535675, -0.018533632159233093, -0.009938150644302368, -0.01897123083472252, -0.018292032182216644, -0.01654703915119171, -0.011732734739780426, -0.012835267931222916, -0.009173741564154625, -0.010152339935302734, -0.004085009917616844, -0.007765157148241997]
ref [0.5810949802398682, 0.2504218816757202, 0.1246228888630867, 0.0958397164940834, 0.06796655058860779, 0.06339146941900253, 0.054958462715148926, 0.048929326236248016, 0.038207635283470154, 0.03588523715734482, 0.030607067048549652, 0.029611224308609962, 0.023388633504509926, 0.025125082582235336]
[0.6681560277938843, 0.21473248302936554, 0.12854106724262238, 0.07730608433485031, 0.05802839994430542, 0.044420238584280014, 0.03666643053293228, 0.032382287085056305, 0.026474900543689728, 0.023049969226121902, 0.021433325484395027, 0.019458884373307228, 0.01930362358689308, 0.01735992543399334]
Training time: 802 	steps per sec: 17
Eval num_timesteps=14336, episode_reward=nan +/- nan
Eval num_timesteps=14336, episode_success=nan +/- nan
se
15 15360 1024
diff [0.08706104755401611, -0.035689398646354675, 0.003918178379535675, -0.018533632159233093, -0.009938150644302368, -0.01897123083472252, -0.018292032182216644, -0.01654703915119171, -0.011732734739780426, -0.012835267931222916, -0.009173741564154625, -0.010152339935302734, -0.004085009917616844, -0.007765157148241997, -0.00724690780043602]
ref [0.5810949802398682, 0.2504218816757202, 0.1246228888630867, 0.0958397164940834, 0.06796655058860779, 0.06339146941900253, 0.054958462715148926, 0.048929326236248016, 0.038207635283470154, 0.03588523715734482, 0.030607067048549652, 0.029611224308609962, 0.023388633504509926, 0.025125082582235336, 0.02353328838944435]
[0.6681560277938843, 0.21473248302936554, 0.12854106724262238, 0.07730608433485031, 0.05802839994430542, 0.044420238584280014, 0.03666643053293228, 0.032382287085056305, 0.026474900543689728, 0.023049969226121902, 0.021433325484395027, 0.019458884373307228, 0.01930362358689308, 0.01735992543399334, 0.01628638058900833]
Training time: 903 	steps per sec: 17
Eval num_timesteps=15360, episode_reward=nan +/- nan
Eval num_timesteps=15360, episode_success=nan +/- nan
se
16 16384 1024
diff [0.08706104755401611, -0.035689398646354675, 0.003918178379535675, -0.018533632159233093, -0.009938150644302368, -0.01897123083472252, -0.018292032182216644, -0.01654703915119171, -0.011732734739780426, -0.012835267931222916, -0.009173741564154625, -0.010152339935302734, -0.004085009917616844, -0.007765157148241997, -0.00724690780043602, -0.007168598473072052]
ref [0.5810949802398682, 0.2504218816757202, 0.1246228888630867, 0.0958397164940834, 0.06796655058860779, 0.06339146941900253, 0.054958462715148926, 0.048929326236248016, 0.038207635283470154, 0.03588523715734482, 0.030607067048549652, 0.029611224308609962, 0.023388633504509926, 0.025125082582235336, 0.02353328838944435, 0.021954450756311417]
[0.6681560277938843, 0.21473248302936554, 0.12854106724262238, 0.07730608433485031, 0.05802839994430542, 0.044420238584280014, 0.03666643053293228, 0.032382287085056305, 0.026474900543689728, 0.023049969226121902, 0.021433325484395027, 0.019458884373307228, 0.01930362358689308, 0.01735992543399334, 0.01628638058900833, 0.014785852283239365]
Training time: 1012 	steps per sec: 16
Eval num_timesteps=16384, episode_reward=nan +/- nan
Eval num_timesteps=16384, episode_success=nan +/- nan
se
16 16384 1024
diff [0.08706104755401611, -0.035689398646354675, 0.003918178379535675, -0.018533632159233093, -0.009938150644302368, -0.01897123083472252, -0.018292032182216644, -0.01654703915119171, -0.011732734739780426, -0.012835267931222916, -0.009173741564154625, -0.010152339935302734, -0.004085009917616844, -0.007765157148241997, -0.00724690780043602, -0.007168598473072052, -0.005369873717427254]
ref [0.5810949802398682, 0.2504218816757202, 0.1246228888630867, 0.0958397164940834, 0.06796655058860779, 0.06339146941900253, 0.054958462715148926, 0.048929326236248016, 0.038207635283470154, 0.03588523715734482, 0.030607067048549652, 0.029611224308609962, 0.023388633504509926, 0.025125082582235336, 0.02353328838944435, 0.021954450756311417, 0.019990429282188416]
[0.6681560277938843, 0.21473248302936554, 0.12854106724262238, 0.07730608433485031, 0.05802839994430542, 0.044420238584280014, 0.03666643053293228, 0.032382287085056305, 0.026474900543689728, 0.023049969226121902, 0.021433325484395027, 0.019458884373307228, 0.01930362358689308, 0.01735992543399334, 0.01628638058900833, 0.014785852283239365, 0.014620555564761162]
Training time: 1125 	steps per sec: 15
Eval num_timesteps=17408, episode_reward=nan +/- nan
Eval num_timesteps=17408, episode_success=nan +/- nan
se
16 16384 1024
diff [0.08706104755401611, -0.035689398646354675, 0.003918178379535675, -0.018533632159233093, -0.009938150644302368, -0.01897123083472252, -0.018292032182216644, -0.01654703915119171, -0.011732734739780426, -0.012835267931222916, -0.009173741564154625, -0.010152339935302734, -0.004085009917616844, -0.007765157148241997, -0.00724690780043602, -0.007168598473072052, -0.005369873717427254, -0.008996413089334965]
ref [0.5810949802398682, 0.2504218816757202, 0.1246228888630867, 0.0958397164940834, 0.06796655058860779, 0.06339146941900253, 0.054958462715148926, 0.048929326236248016, 0.038207635283470154, 0.03588523715734482, 0.030607067048549652, 0.029611224308609962, 0.023388633504509926, 0.025125082582235336, 0.02353328838944435, 0.021954450756311417, 0.019990429282188416, 0.023431215435266495]
[0.6681560277938843, 0.21473248302936554, 0.12854106724262238, 0.07730608433485031, 0.05802839994430542, 0.044420238584280014, 0.03666643053293228, 0.032382287085056305, 0.026474900543689728, 0.023049969226121902, 0.021433325484395027, 0.019458884373307228, 0.01930362358689308, 0.01735992543399334, 0.01628638058900833, 0.014785852283239365, 0.014620555564761162, 0.01443480234593153]
Training time: 1236 	steps per sec: 14
Eval num_timesteps=18432, episode_reward=nan +/- nan
Eval num_timesteps=18432, episode_success=nan +/- nan
se
16 16384 1024
diff [0.08706104755401611, -0.035689398646354675, 0.003918178379535675, -0.018533632159233093, -0.009938150644302368, -0.01897123083472252, -0.018292032182216644, -0.01654703915119171, -0.011732734739780426, -0.012835267931222916, -0.009173741564154625, -0.010152339935302734, -0.004085009917616844, -0.007765157148241997, -0.00724690780043602, -0.007168598473072052, -0.005369873717427254, -0.008996413089334965, -0.006643097847700119]
ref [0.5810949802398682, 0.2504218816757202, 0.1246228888630867, 0.0958397164940834, 0.06796655058860779, 0.06339146941900253, 0.054958462715148926, 0.048929326236248016, 0.038207635283470154, 0.03588523715734482, 0.030607067048549652, 0.029611224308609962, 0.023388633504509926, 0.025125082582235336, 0.02353328838944435, 0.021954450756311417, 0.019990429282188416, 0.023431215435266495, 0.020915379747748375]
[0.6681560277938843, 0.21473248302936554, 0.12854106724262238, 0.07730608433485031, 0.05802839994430542, 0.044420238584280014, 0.03666643053293228, 0.032382287085056305, 0.026474900543689728, 0.023049969226121902, 0.021433325484395027, 0.019458884373307228, 0.01930362358689308, 0.01735992543399334, 0.01628638058900833, 0.014785852283239365, 0.014620555564761162, 0.01443480234593153, 0.014272281900048256]
Training time: 1345 	steps per sec: 14
Eval num_timesteps=19456, episode_reward=nan +/- nan
Eval num_timesteps=19456, episode_success=nan +/- nan
se
16 16384 1024
diff [0.08706104755401611, -0.035689398646354675, 0.003918178379535675, -0.018533632159233093, -0.009938150644302368, -0.01897123083472252, -0.018292032182216644, -0.01654703915119171, -0.011732734739780426, -0.012835267931222916, -0.009173741564154625, -0.010152339935302734, -0.004085009917616844, -0.007765157148241997, -0.00724690780043602, -0.007168598473072052, -0.005369873717427254, -0.008996413089334965, -0.006643097847700119, -0.006679220125079155]
ref [0.5810949802398682, 0.2504218816757202, 0.1246228888630867, 0.0958397164940834, 0.06796655058860779, 0.06339146941900253, 0.054958462715148926, 0.048929326236248016, 0.038207635283470154, 0.03588523715734482, 0.030607067048549652, 0.029611224308609962, 0.023388633504509926, 0.025125082582235336, 0.02353328838944435, 0.021954450756311417, 0.019990429282188416, 0.023431215435266495, 0.020915379747748375, 0.021096738055348396]
[0.6681560277938843, 0.21473248302936554, 0.12854106724262238, 0.07730608433485031, 0.05802839994430542, 0.044420238584280014, 0.03666643053293228, 0.032382287085056305, 0.026474900543689728, 0.023049969226121902, 0.021433325484395027, 0.019458884373307228, 0.01930362358689308, 0.01735992543399334, 0.01628638058900833, 0.014785852283239365, 0.014620555564761162, 0.01443480234593153, 0.014272281900048256, 0.014417517930269241]
Training time: 1454 	steps per sec: 14
Eval num_timesteps=20480, episode_reward=nan +/- nan
Eval num_timesteps=20480, episode_success=nan +/- nan
se
16 16384 1024
diff [0.08706104755401611, -0.035689398646354675, 0.003918178379535675, -0.018533632159233093, -0.009938150644302368, -0.01897123083472252, -0.018292032182216644, -0.01654703915119171, -0.011732734739780426, -0.012835267931222916, -0.009173741564154625, -0.010152339935302734, -0.004085009917616844, -0.007765157148241997, -0.00724690780043602, -0.007168598473072052, -0.005369873717427254, -0.008996413089334965, -0.006643097847700119, -0.006679220125079155, -0.004992138594388962]
ref [0.5810949802398682, 0.2504218816757202, 0.1246228888630867, 0.0958397164940834, 0.06796655058860779, 0.06339146941900253, 0.054958462715148926, 0.048929326236248016, 0.038207635283470154, 0.03588523715734482, 0.030607067048549652, 0.029611224308609962, 0.023388633504509926, 0.025125082582235336, 0.02353328838944435, 0.021954450756311417, 0.019990429282188416, 0.023431215435266495, 0.020915379747748375, 0.021096738055348396, 0.02044311724603176]
[0.6681560277938843, 0.21473248302936554, 0.12854106724262238, 0.07730608433485031, 0.05802839994430542, 0.044420238584280014, 0.03666643053293228, 0.032382287085056305, 0.026474900543689728, 0.023049969226121902, 0.021433325484395027, 0.019458884373307228, 0.01930362358689308, 0.01735992543399334, 0.01628638058900833, 0.014785852283239365, 0.014620555564761162, 0.01443480234593153, 0.014272281900048256, 0.014417517930269241, 0.0154509786516428]
Training time: 1564 	steps per sec: 13
Eval num_timesteps=21504, episode_reward=nan +/- nan
Eval num_timesteps=21504, episode_success=nan +/- nan
se
16 16384 1024
diff [0.08706104755401611, -0.035689398646354675, 0.003918178379535675, -0.018533632159233093, -0.009938150644302368, -0.01897123083472252, -0.018292032182216644, -0.01654703915119171, -0.011732734739780426, -0.012835267931222916, -0.009173741564154625, -0.010152339935302734, -0.004085009917616844, -0.007765157148241997, -0.00724690780043602, -0.007168598473072052, -0.005369873717427254, -0.008996413089334965, -0.006643097847700119, -0.006679220125079155, -0.004992138594388962, -0.008298545144498348]
ref [0.5810949802398682, 0.2504218816757202, 0.1246228888630867, 0.0958397164940834, 0.06796655058860779, 0.06339146941900253, 0.054958462715148926, 0.048929326236248016, 0.038207635283470154, 0.03588523715734482, 0.030607067048549652, 0.029611224308609962, 0.023388633504509926, 0.025125082582235336, 0.02353328838944435, 0.021954450756311417, 0.019990429282188416, 0.023431215435266495, 0.020915379747748375, 0.021096738055348396, 0.02044311724603176, 0.022771310061216354]
[0.6681560277938843, 0.21473248302936554, 0.12854106724262238, 0.07730608433485031, 0.05802839994430542, 0.044420238584280014, 0.03666643053293228, 0.032382287085056305, 0.026474900543689728, 0.023049969226121902, 0.021433325484395027, 0.019458884373307228, 0.01930362358689308, 0.01735992543399334, 0.01628638058900833, 0.014785852283239365, 0.014620555564761162, 0.01443480234593153, 0.014272281900048256, 0.014417517930269241, 0.0154509786516428, 0.014472764916718006]
Training time: 1677 	steps per sec: 13
Eval num_timesteps=22528, episode_reward=nan +/- nan
Eval num_timesteps=22528, episode_success=nan +/- nan
se
16 16384 1024
diff [0.08706104755401611, -0.035689398646354675, 0.003918178379535675, -0.018533632159233093, -0.009938150644302368, -0.01897123083472252, -0.018292032182216644, -0.01654703915119171, -0.011732734739780426, -0.012835267931222916, -0.009173741564154625, -0.010152339935302734, -0.004085009917616844, -0.007765157148241997, -0.00724690780043602, -0.007168598473072052, -0.005369873717427254, -0.008996413089334965, -0.006643097847700119, -0.006679220125079155, -0.004992138594388962, -0.008298545144498348, -0.008140732534229755]
ref [0.5810949802398682, 0.2504218816757202, 0.1246228888630867, 0.0958397164940834, 0.06796655058860779, 0.06339146941900253, 0.054958462715148926, 0.048929326236248016, 0.038207635283470154, 0.03588523715734482, 0.030607067048549652, 0.029611224308609962, 0.023388633504509926, 0.025125082582235336, 0.02353328838944435, 0.021954450756311417, 0.019990429282188416, 0.023431215435266495, 0.020915379747748375, 0.021096738055348396, 0.02044311724603176, 0.022771310061216354, 0.022505491971969604]
[0.6681560277938843, 0.21473248302936554, 0.12854106724262238, 0.07730608433485031, 0.05802839994430542, 0.044420238584280014, 0.03666643053293228, 0.032382287085056305, 0.026474900543689728, 0.023049969226121902, 0.021433325484395027, 0.019458884373307228, 0.01930362358689308, 0.01735992543399334, 0.01628638058900833, 0.014785852283239365, 0.014620555564761162, 0.01443480234593153, 0.014272281900048256, 0.014417517930269241, 0.0154509786516428, 0.014472764916718006, 0.014364759437739849]
Training time: 1792 	steps per sec: 13
Eval num_timesteps=23552, episode_reward=nan +/- nan
Eval num_timesteps=23552, episode_success=nan +/- nan
se
16 16384 1024
diff [0.08706104755401611, -0.035689398646354675, 0.003918178379535675, -0.018533632159233093, -0.009938150644302368, -0.01897123083472252, -0.018292032182216644, -0.01654703915119171, -0.011732734739780426, -0.012835267931222916, -0.009173741564154625, -0.010152339935302734, -0.004085009917616844, -0.007765157148241997, -0.00724690780043602, -0.007168598473072052, -0.005369873717427254, -0.008996413089334965, -0.006643097847700119, -0.006679220125079155, -0.004992138594388962, -0.008298545144498348, -0.008140732534229755, -0.007066325284540653]
ref [0.5810949802398682, 0.2504218816757202, 0.1246228888630867, 0.0958397164940834, 0.06796655058860779, 0.06339146941900253, 0.054958462715148926, 0.048929326236248016, 0.038207635283470154, 0.03588523715734482, 0.030607067048549652, 0.029611224308609962, 0.023388633504509926, 0.025125082582235336, 0.02353328838944435, 0.021954450756311417, 0.019990429282188416, 0.023431215435266495, 0.020915379747748375, 0.021096738055348396, 0.02044311724603176, 0.022771310061216354, 0.022505491971969604, 0.02203891985118389]
[0.6681560277938843, 0.21473248302936554, 0.12854106724262238, 0.07730608433485031, 0.05802839994430542, 0.044420238584280014, 0.03666643053293228, 0.032382287085056305, 0.026474900543689728, 0.023049969226121902, 0.021433325484395027, 0.019458884373307228, 0.01930362358689308, 0.01735992543399334, 0.01628638058900833, 0.014785852283239365, 0.014620555564761162, 0.01443480234593153, 0.014272281900048256, 0.014417517930269241, 0.0154509786516428, 0.014472764916718006, 0.014364759437739849, 0.014972594566643238]
Training time: 1901 	steps per sec: 12
Eval num_timesteps=24576, episode_reward=nan +/- nan
Eval num_timesteps=24576, episode_success=nan +/- nan
se
16 16384 1024
diff [0.08706104755401611, -0.035689398646354675, 0.003918178379535675, -0.018533632159233093, -0.009938150644302368, -0.01897123083472252, -0.018292032182216644, -0.01654703915119171, -0.011732734739780426, -0.012835267931222916, -0.009173741564154625, -0.010152339935302734, -0.004085009917616844, -0.007765157148241997, -0.00724690780043602, -0.007168598473072052, -0.005369873717427254, -0.008996413089334965, -0.006643097847700119, -0.006679220125079155, -0.004992138594388962, -0.008298545144498348, -0.008140732534229755, -0.007066325284540653, -0.008975781500339508]
ref [0.5810949802398682, 0.2504218816757202, 0.1246228888630867, 0.0958397164940834, 0.06796655058860779, 0.06339146941900253, 0.054958462715148926, 0.048929326236248016, 0.038207635283470154, 0.03588523715734482, 0.030607067048549652, 0.029611224308609962, 0.023388633504509926, 0.025125082582235336, 0.02353328838944435, 0.021954450756311417, 0.019990429282188416, 0.023431215435266495, 0.020915379747748375, 0.021096738055348396, 0.02044311724603176, 0.022771310061216354, 0.022505491971969604, 0.02203891985118389, 0.023715216666460037]
[0.6681560277938843, 0.21473248302936554, 0.12854106724262238, 0.07730608433485031, 0.05802839994430542, 0.044420238584280014, 0.03666643053293228, 0.032382287085056305, 0.026474900543689728, 0.023049969226121902, 0.021433325484395027, 0.019458884373307228, 0.01930362358689308, 0.01735992543399334, 0.01628638058900833, 0.014785852283239365, 0.014620555564761162, 0.01443480234593153, 0.014272281900048256, 0.014417517930269241, 0.0154509786516428, 0.014472764916718006, 0.014364759437739849, 0.014972594566643238, 0.01473943516612053]
Training time: 2012 	steps per sec: 12
Eval num_timesteps=25600, episode_reward=nan +/- nan
Eval num_timesteps=25600, episode_success=nan +/- nan
se
16 16384 1024
diff [0.08706104755401611, -0.035689398646354675, 0.003918178379535675, -0.018533632159233093, -0.009938150644302368, -0.01897123083472252, -0.018292032182216644, -0.01654703915119171, -0.011732734739780426, -0.012835267931222916, -0.009173741564154625, -0.010152339935302734, -0.004085009917616844, -0.007765157148241997, -0.00724690780043602, -0.007168598473072052, -0.005369873717427254, -0.008996413089334965, -0.006643097847700119, -0.006679220125079155, -0.004992138594388962, -0.008298545144498348, -0.008140732534229755, -0.007066325284540653, -0.008975781500339508, -0.005252820439636707]
ref [0.5810949802398682, 0.2504218816757202, 0.1246228888630867, 0.0958397164940834, 0.06796655058860779, 0.06339146941900253, 0.054958462715148926, 0.048929326236248016, 0.038207635283470154, 0.03588523715734482, 0.030607067048549652, 0.029611224308609962, 0.023388633504509926, 0.025125082582235336, 0.02353328838944435, 0.021954450756311417, 0.019990429282188416, 0.023431215435266495, 0.020915379747748375, 0.021096738055348396, 0.02044311724603176, 0.022771310061216354, 0.022505491971969604, 0.02203891985118389, 0.023715216666460037, 0.019854091107845306]
[0.6681560277938843, 0.21473248302936554, 0.12854106724262238, 0.07730608433485031, 0.05802839994430542, 0.044420238584280014, 0.03666643053293228, 0.032382287085056305, 0.026474900543689728, 0.023049969226121902, 0.021433325484395027, 0.019458884373307228, 0.01930362358689308, 0.01735992543399334, 0.01628638058900833, 0.014785852283239365, 0.014620555564761162, 0.01443480234593153, 0.014272281900048256, 0.014417517930269241, 0.0154509786516428, 0.014472764916718006, 0.014364759437739849, 0.014972594566643238, 0.01473943516612053, 0.014601270668208599]
Training time: 2122 	steps per sec: 12
Eval num_timesteps=26624, episode_reward=nan +/- nan
Eval num_timesteps=26624, episode_success=nan +/- nan
se
16 16384 1024
diff [0.08706104755401611, -0.035689398646354675, 0.003918178379535675, -0.018533632159233093, -0.009938150644302368, -0.01897123083472252, -0.018292032182216644, -0.01654703915119171, -0.011732734739780426, -0.012835267931222916, -0.009173741564154625, -0.010152339935302734, -0.004085009917616844, -0.007765157148241997, -0.00724690780043602, -0.007168598473072052, -0.005369873717427254, -0.008996413089334965, -0.006643097847700119, -0.006679220125079155, -0.004992138594388962, -0.008298545144498348, -0.008140732534229755, -0.007066325284540653, -0.008975781500339508, -0.005252820439636707, -0.0061749983578920364]
ref [0.5810949802398682, 0.2504218816757202, 0.1246228888630867, 0.0958397164940834, 0.06796655058860779, 0.06339146941900253, 0.054958462715148926, 0.048929326236248016, 0.038207635283470154, 0.03588523715734482, 0.030607067048549652, 0.029611224308609962, 0.023388633504509926, 0.025125082582235336, 0.02353328838944435, 0.021954450756311417, 0.019990429282188416, 0.023431215435266495, 0.020915379747748375, 0.021096738055348396, 0.02044311724603176, 0.022771310061216354, 0.022505491971969604, 0.02203891985118389, 0.023715216666460037, 0.019854091107845306, 0.021285925060510635]
[0.6681560277938843, 0.21473248302936554, 0.12854106724262238, 0.07730608433485031, 0.05802839994430542, 0.044420238584280014, 0.03666643053293228, 0.032382287085056305, 0.026474900543689728, 0.023049969226121902, 0.021433325484395027, 0.019458884373307228, 0.01930362358689308, 0.01735992543399334, 0.01628638058900833, 0.014785852283239365, 0.014620555564761162, 0.01443480234593153, 0.014272281900048256, 0.014417517930269241, 0.0154509786516428, 0.014472764916718006, 0.014364759437739849, 0.014972594566643238, 0.01473943516612053, 0.014601270668208599, 0.015110926702618599]
Training time: 2230 	steps per sec: 12
Eval num_timesteps=27648, episode_reward=nan +/- nan
Eval num_timesteps=27648, episode_success=nan +/- nan
se
16 16384 1024
diff [0.08706104755401611, -0.035689398646354675, 0.003918178379535675, -0.018533632159233093, -0.009938150644302368, -0.01897123083472252, -0.018292032182216644, -0.01654703915119171, -0.011732734739780426, -0.012835267931222916, -0.009173741564154625, -0.010152339935302734, -0.004085009917616844, -0.007765157148241997, -0.00724690780043602, -0.007168598473072052, -0.005369873717427254, -0.008996413089334965, -0.006643097847700119, -0.006679220125079155, -0.004992138594388962, -0.008298545144498348, -0.008140732534229755, -0.007066325284540653, -0.008975781500339508, -0.005252820439636707, -0.0061749983578920364, -0.005376534536480904]
ref [0.5810949802398682, 0.2504218816757202, 0.1246228888630867, 0.0958397164940834, 0.06796655058860779, 0.06339146941900253, 0.054958462715148926, 0.048929326236248016, 0.038207635283470154, 0.03588523715734482, 0.030607067048549652, 0.029611224308609962, 0.023388633504509926, 0.025125082582235336, 0.02353328838944435, 0.021954450756311417, 0.019990429282188416, 0.023431215435266495, 0.020915379747748375, 0.021096738055348396, 0.02044311724603176, 0.022771310061216354, 0.022505491971969604, 0.02203891985118389, 0.023715216666460037, 0.019854091107845306, 0.021285925060510635, 0.020547330379486084]
[0.6681560277938843, 0.21473248302936554, 0.12854106724262238, 0.07730608433485031, 0.05802839994430542, 0.044420238584280014, 0.03666643053293228, 0.032382287085056305, 0.026474900543689728, 0.023049969226121902, 0.021433325484395027, 0.019458884373307228, 0.01930362358689308, 0.01735992543399334, 0.01628638058900833, 0.014785852283239365, 0.014620555564761162, 0.01443480234593153, 0.014272281900048256, 0.014417517930269241, 0.0154509786516428, 0.014472764916718006, 0.014364759437739849, 0.014972594566643238, 0.01473943516612053, 0.014601270668208599, 0.015110926702618599, 0.01517079584300518]
Training time: 2343 	steps per sec: 12
Eval num_timesteps=28672, episode_reward=nan +/- nan
Eval num_timesteps=28672, episode_success=nan +/- nan
se
16 16384 1024
diff [0.08706104755401611, -0.035689398646354675, 0.003918178379535675, -0.018533632159233093, -0.009938150644302368, -0.01897123083472252, -0.018292032182216644, -0.01654703915119171, -0.011732734739780426, -0.012835267931222916, -0.009173741564154625, -0.010152339935302734, -0.004085009917616844, -0.007765157148241997, -0.00724690780043602, -0.007168598473072052, -0.005369873717427254, -0.008996413089334965, -0.006643097847700119, -0.006679220125079155, -0.004992138594388962, -0.008298545144498348, -0.008140732534229755, -0.007066325284540653, -0.008975781500339508, -0.005252820439636707, -0.0061749983578920364, -0.005376534536480904, -0.005280761979520321]
ref [0.5810949802398682, 0.2504218816757202, 0.1246228888630867, 0.0958397164940834, 0.06796655058860779, 0.06339146941900253, 0.054958462715148926, 0.048929326236248016, 0.038207635283470154, 0.03588523715734482, 0.030607067048549652, 0.029611224308609962, 0.023388633504509926, 0.025125082582235336, 0.02353328838944435, 0.021954450756311417, 0.019990429282188416, 0.023431215435266495, 0.020915379747748375, 0.021096738055348396, 0.02044311724603176, 0.022771310061216354, 0.022505491971969604, 0.02203891985118389, 0.023715216666460037, 0.019854091107845306, 0.021285925060510635, 0.020547330379486084, 0.020267367362976074]
[0.6681560277938843, 0.21473248302936554, 0.12854106724262238, 0.07730608433485031, 0.05802839994430542, 0.044420238584280014, 0.03666643053293228, 0.032382287085056305, 0.026474900543689728, 0.023049969226121902, 0.021433325484395027, 0.019458884373307228, 0.01930362358689308, 0.01735992543399334, 0.01628638058900833, 0.014785852283239365, 0.014620555564761162, 0.01443480234593153, 0.014272281900048256, 0.014417517930269241, 0.0154509786516428, 0.014472764916718006, 0.014364759437739849, 0.014972594566643238, 0.01473943516612053, 0.014601270668208599, 0.015110926702618599, 0.01517079584300518, 0.014986605383455753]
Training time: 2457 	steps per sec: 12
Eval num_timesteps=29696, episode_reward=nan +/- nan
Eval num_timesteps=29696, episode_success=nan +/- nan
se
16 16384 1024
diff [0.08706104755401611, -0.035689398646354675, 0.003918178379535675, -0.018533632159233093, -0.009938150644302368, -0.01897123083472252, -0.018292032182216644, -0.01654703915119171, -0.011732734739780426, -0.012835267931222916, -0.009173741564154625, -0.010152339935302734, -0.004085009917616844, -0.007765157148241997, -0.00724690780043602, -0.007168598473072052, -0.005369873717427254, -0.008996413089334965, -0.006643097847700119, -0.006679220125079155, -0.004992138594388962, -0.008298545144498348, -0.008140732534229755, -0.007066325284540653, -0.008975781500339508, -0.005252820439636707, -0.0061749983578920364, -0.005376534536480904, -0.005280761979520321, -0.004042556509375572]
ref [0.5810949802398682, 0.2504218816757202, 0.1246228888630867, 0.0958397164940834, 0.06796655058860779, 0.06339146941900253, 0.054958462715148926, 0.048929326236248016, 0.038207635283470154, 0.03588523715734482, 0.030607067048549652, 0.029611224308609962, 0.023388633504509926, 0.025125082582235336, 0.02353328838944435, 0.021954450756311417, 0.019990429282188416, 0.023431215435266495, 0.020915379747748375, 0.021096738055348396, 0.02044311724603176, 0.022771310061216354, 0.022505491971969604, 0.02203891985118389, 0.023715216666460037, 0.019854091107845306, 0.021285925060510635, 0.020547330379486084, 0.020267367362976074, 0.020099349319934845]
[0.6681560277938843, 0.21473248302936554, 0.12854106724262238, 0.07730608433485031, 0.05802839994430542, 0.044420238584280014, 0.03666643053293228, 0.032382287085056305, 0.026474900543689728, 0.023049969226121902, 0.021433325484395027, 0.019458884373307228, 0.01930362358689308, 0.01735992543399334, 0.01628638058900833, 0.014785852283239365, 0.014620555564761162, 0.01443480234593153, 0.014272281900048256, 0.014417517930269241, 0.0154509786516428, 0.014472764916718006, 0.014364759437739849, 0.014972594566643238, 0.01473943516612053, 0.014601270668208599, 0.015110926702618599, 0.01517079584300518, 0.014986605383455753, 0.016056792810559273]
Training time: 2569 	steps per sec: 11
Eval num_timesteps=30720, episode_reward=nan +/- nan
Eval num_timesteps=30720, episode_success=nan +/- nan
se
16 16384 1024
diff [0.08706104755401611, -0.035689398646354675, 0.003918178379535675, -0.018533632159233093, -0.009938150644302368, -0.01897123083472252, -0.018292032182216644, -0.01654703915119171, -0.011732734739780426, -0.012835267931222916, -0.009173741564154625, -0.010152339935302734, -0.004085009917616844, -0.007765157148241997, -0.00724690780043602, -0.007168598473072052, -0.005369873717427254, -0.008996413089334965, -0.006643097847700119, -0.006679220125079155, -0.004992138594388962, -0.008298545144498348, -0.008140732534229755, -0.007066325284540653, -0.008975781500339508, -0.005252820439636707, -0.0061749983578920364, -0.005376534536480904, -0.005280761979520321, -0.004042556509375572, -0.007344089448451996]
ref [0.5810949802398682, 0.2504218816757202, 0.1246228888630867, 0.0958397164940834, 0.06796655058860779, 0.06339146941900253, 0.054958462715148926, 0.048929326236248016, 0.038207635283470154, 0.03588523715734482, 0.030607067048549652, 0.029611224308609962, 0.023388633504509926, 0.025125082582235336, 0.02353328838944435, 0.021954450756311417, 0.019990429282188416, 0.023431215435266495, 0.020915379747748375, 0.021096738055348396, 0.02044311724603176, 0.022771310061216354, 0.022505491971969604, 0.02203891985118389, 0.023715216666460037, 0.019854091107845306, 0.021285925060510635, 0.020547330379486084, 0.020267367362976074, 0.020099349319934845, 0.023480700328946114]
[0.6681560277938843, 0.21473248302936554, 0.12854106724262238, 0.07730608433485031, 0.05802839994430542, 0.044420238584280014, 0.03666643053293228, 0.032382287085056305, 0.026474900543689728, 0.023049969226121902, 0.021433325484395027, 0.019458884373307228, 0.01930362358689308, 0.01735992543399334, 0.01628638058900833, 0.014785852283239365, 0.014620555564761162, 0.01443480234593153, 0.014272281900048256, 0.014417517930269241, 0.0154509786516428, 0.014472764916718006, 0.014364759437739849, 0.014972594566643238, 0.01473943516612053, 0.014601270668208599, 0.015110926702618599, 0.01517079584300518, 0.014986605383455753, 0.016056792810559273, 0.016136610880494118]
Training time: 2681 	steps per sec: 11
Eval num_timesteps=31744, episode_reward=nan +/- nan
Eval num_timesteps=31744, episode_success=nan +/- nan
se
16 16384 1024
diff [0.08706104755401611, -0.035689398646354675, 0.003918178379535675, -0.018533632159233093, -0.009938150644302368, -0.01897123083472252, -0.018292032182216644, -0.01654703915119171, -0.011732734739780426, -0.012835267931222916, -0.009173741564154625, -0.010152339935302734, -0.004085009917616844, -0.007765157148241997, -0.00724690780043602, -0.007168598473072052, -0.005369873717427254, -0.008996413089334965, -0.006643097847700119, -0.006679220125079155, -0.004992138594388962, -0.008298545144498348, -0.008140732534229755, -0.007066325284540653, -0.008975781500339508, -0.005252820439636707, -0.0061749983578920364, -0.005376534536480904, -0.005280761979520321, -0.004042556509375572, -0.007344089448451996, -0.003751741722226143]
ref [0.5810949802398682, 0.2504218816757202, 0.1246228888630867, 0.0958397164940834, 0.06796655058860779, 0.06339146941900253, 0.054958462715148926, 0.048929326236248016, 0.038207635283470154, 0.03588523715734482, 0.030607067048549652, 0.029611224308609962, 0.023388633504509926, 0.025125082582235336, 0.02353328838944435, 0.021954450756311417, 0.019990429282188416, 0.023431215435266495, 0.020915379747748375, 0.021096738055348396, 0.02044311724603176, 0.022771310061216354, 0.022505491971969604, 0.02203891985118389, 0.023715216666460037, 0.019854091107845306, 0.021285925060510635, 0.020547330379486084, 0.020267367362976074, 0.020099349319934845, 0.023480700328946114, 0.019560817629098892]
[0.6681560277938843, 0.21473248302936554, 0.12854106724262238, 0.07730608433485031, 0.05802839994430542, 0.044420238584280014, 0.03666643053293228, 0.032382287085056305, 0.026474900543689728, 0.023049969226121902, 0.021433325484395027, 0.019458884373307228, 0.01930362358689308, 0.01735992543399334, 0.01628638058900833, 0.014785852283239365, 0.014620555564761162, 0.01443480234593153, 0.014272281900048256, 0.014417517930269241, 0.0154509786516428, 0.014472764916718006, 0.014364759437739849, 0.014972594566643238, 0.01473943516612053, 0.014601270668208599, 0.015110926702618599, 0.01517079584300518, 0.014986605383455753, 0.016056792810559273, 0.016136610880494118, 0.01580907590687275]
Training time: 2788 	steps per sec: 11
Eval num_timesteps=32768, episode_reward=nan +/- nan
Eval num_timesteps=32768, episode_success=nan +/- nan
results/Ant-v4/
results/Ant-v4/ppo_ros/
results/Ant-v4/ppo_ros/expert/
results/Ant-v4/ppo_ros/expert/b_16/
results/Ant-v4/ppo_ros/expert/b_16/no_lambda/
results/Ant-v4/ppo_ros/expert/b_16/no_lambda/run_4/
results/Ant-v4/ppo_ros/expert/b_16/no_lambda/run_4/evaluations.npz
results/Ant-v4/ppo_ros/expert/b_16/no_lambda/run_4/stats.npz
results/Ant-v4/ppo_ros/expert/b_16/no_lambda/run_4/config.yml
