ppo_ros_continuous.py --env-id Ant-v4 -s expert/b_16/no_clip_lambda --total-timesteps 32768 --eval-freq 1 --eval-episodes 0 -b 16 --num-steps 1024 -lr 0 --update-epochs 0 --anneal-lr 0 --ros-num-steps 256 --ros-update-epochs 16 --ros-target-kl 0.05 --ros-clip-coef 999999999 --ros-lambda 0 -ros-lr 0.0001 --ros-anneal-lr 0 --se 1 --se-freq 1 --se-lr 1e-3 --se-epochs 1000 --policy-path policies/Ant-v4/best_model.zip --normalization-dir policies/Ant-v4
Obtaining file:///var/lib/condor/execute/slot1/dir_2575523/PPOROS/PPOROS/custom-envs
  Preparing metadata (setup.py): started
  Preparing metadata (setup.py): finished with status 'done'
Requirement already satisfied: gym in /var/lib/condor/execute/slot1/dir_2575523/PPOROS/ppo-ros_env/lib/python3.9/site-packages (from custom-envs==0.0.1) (0.21.0)
Requirement already satisfied: numpy>=1.18.0 in /var/lib/condor/execute/slot1/dir_2575523/PPOROS/ppo-ros_env/lib/python3.9/site-packages (from gym->custom-envs==0.0.1) (1.24.2)
Requirement already satisfied: cloudpickle>=1.2.0 in /var/lib/condor/execute/slot1/dir_2575523/PPOROS/ppo-ros_env/lib/python3.9/site-packages (from gym->custom-envs==0.0.1) (2.2.1)
Installing collected packages: custom-envs
  Running setup.py develop for custom-envs
Successfully installed custom-envs-0.0.1
seed: 3
Eval num_timesteps=0, episode_reward=nan +/- nan
Eval num_timesteps=0, episode_success=nan +/- nan
se
1 1024 1024
diff [-0.026876091957092285]
ref [0.727510929107666]
[0.7006348371505737]
Training time: 12 	steps per sec: 82
Eval num_timesteps=1024, episode_reward=nan +/- nan
Eval num_timesteps=1024, episode_success=nan +/- nan
se
2 2048 1024
diff [-0.026876091957092285, -0.05058978497982025]
ref [0.727510929107666, 0.2650200128555298]
[0.7006348371505737, 0.21443022787570953]
Training time: 28 	steps per sec: 71
Eval num_timesteps=2048, episode_reward=nan +/- nan
Eval num_timesteps=2048, episode_success=nan +/- nan
se
3 3072 1024
diff [-0.026876091957092285, -0.05058978497982025, -0.013089001178741455]
ref [0.727510929107666, 0.2650200128555298, 0.1386282593011856]
[0.7006348371505737, 0.21443022787570953, 0.12553925812244415]
Training time: 53 	steps per sec: 57
Eval num_timesteps=3072, episode_reward=nan +/- nan
Eval num_timesteps=3072, episode_success=nan +/- nan
se
4 4096 1024
diff [-0.026876091957092285, -0.05058978497982025, -0.013089001178741455, -0.012953519821166992]
ref [0.727510929107666, 0.2650200128555298, 0.1386282593011856, 0.10185310244560242]
[0.7006348371505737, 0.21443022787570953, 0.12553925812244415, 0.08889958262443542]
Training time: 81 	steps per sec: 50
Eval num_timesteps=4096, episode_reward=nan +/- nan
Eval num_timesteps=4096, episode_success=nan +/- nan
se
5 5120 1024
diff [-0.026876091957092285, -0.05058978497982025, -0.013089001178741455, -0.012953519821166992, -0.01938377320766449]
ref [0.727510929107666, 0.2650200128555298, 0.1386282593011856, 0.10185310244560242, 0.08320239186286926]
[0.7006348371505737, 0.21443022787570953, 0.12553925812244415, 0.08889958262443542, 0.06381861865520477]
Training time: 114 	steps per sec: 44
Eval num_timesteps=5120, episode_reward=nan +/- nan
Eval num_timesteps=5120, episode_success=nan +/- nan
se
6 6144 1024
diff [-0.026876091957092285, -0.05058978497982025, -0.013089001178741455, -0.012953519821166992, -0.01938377320766449, -0.007964834570884705]
ref [0.727510929107666, 0.2650200128555298, 0.1386282593011856, 0.10185310244560242, 0.08320239186286926, 0.05737936869263649]
[0.7006348371505737, 0.21443022787570953, 0.12553925812244415, 0.08889958262443542, 0.06381861865520477, 0.049414534121751785]
Training time: 152 	steps per sec: 40
Eval num_timesteps=6144, episode_reward=nan +/- nan
Eval num_timesteps=6144, episode_success=nan +/- nan
se
7 7168 1024
diff [-0.026876091957092285, -0.05058978497982025, -0.013089001178741455, -0.012953519821166992, -0.01938377320766449, -0.007964834570884705, -0.013350509107112885]
ref [0.727510929107666, 0.2650200128555298, 0.1386282593011856, 0.10185310244560242, 0.08320239186286926, 0.05737936869263649, 0.05289291590452194]
[0.7006348371505737, 0.21443022787570953, 0.12553925812244415, 0.08889958262443542, 0.06381861865520477, 0.049414534121751785, 0.03954240679740906]
Training time: 199 	steps per sec: 35
Eval num_timesteps=7168, episode_reward=nan +/- nan
Eval num_timesteps=7168, episode_success=nan +/- nan
se
8 8192 1024
diff [-0.026876091957092285, -0.05058978497982025, -0.013089001178741455, -0.012953519821166992, -0.01938377320766449, -0.007964834570884705, -0.013350509107112885, -0.002855699509382248]
ref [0.727510929107666, 0.2650200128555298, 0.1386282593011856, 0.10185310244560242, 0.08320239186286926, 0.05737936869263649, 0.05289291590452194, 0.03844621405005455]
[0.7006348371505737, 0.21443022787570953, 0.12553925812244415, 0.08889958262443542, 0.06381861865520477, 0.049414534121751785, 0.03954240679740906, 0.0355905145406723]
Training time: 251 	steps per sec: 32
Eval num_timesteps=8192, episode_reward=nan +/- nan
Eval num_timesteps=8192, episode_success=nan +/- nan
se
9 9216 1024
diff [-0.026876091957092285, -0.05058978497982025, -0.013089001178741455, -0.012953519821166992, -0.01938377320766449, -0.007964834570884705, -0.013350509107112885, -0.002855699509382248, -0.010962408035993576]
ref [0.727510929107666, 0.2650200128555298, 0.1386282593011856, 0.10185310244560242, 0.08320239186286926, 0.05737936869263649, 0.05289291590452194, 0.03844621405005455, 0.039330825209617615]
[0.7006348371505737, 0.21443022787570953, 0.12553925812244415, 0.08889958262443542, 0.06381861865520477, 0.049414534121751785, 0.03954240679740906, 0.0355905145406723, 0.02836841717362404]
Training time: 313 	steps per sec: 29
Eval num_timesteps=9216, episode_reward=nan +/- nan
Eval num_timesteps=9216, episode_success=nan +/- nan
se
10 10240 1024
diff [-0.026876091957092285, -0.05058978497982025, -0.013089001178741455, -0.012953519821166992, -0.01938377320766449, -0.007964834570884705, -0.013350509107112885, -0.002855699509382248, -0.010962408035993576, -0.004459016025066376]
ref [0.727510929107666, 0.2650200128555298, 0.1386282593011856, 0.10185310244560242, 0.08320239186286926, 0.05737936869263649, 0.05289291590452194, 0.03844621405005455, 0.039330825209617615, 0.029598955065011978]
[0.7006348371505737, 0.21443022787570953, 0.12553925812244415, 0.08889958262443542, 0.06381861865520477, 0.049414534121751785, 0.03954240679740906, 0.0355905145406723, 0.02836841717362404, 0.025139939039945602]
Training time: 382 	steps per sec: 26
Eval num_timesteps=10240, episode_reward=nan +/- nan
Eval num_timesteps=10240, episode_success=nan +/- nan
se
11 11264 1024
diff [-0.026876091957092285, -0.05058978497982025, -0.013089001178741455, -0.012953519821166992, -0.01938377320766449, -0.007964834570884705, -0.013350509107112885, -0.002855699509382248, -0.010962408035993576, -0.004459016025066376, -0.007871748879551888]
ref [0.727510929107666, 0.2650200128555298, 0.1386282593011856, 0.10185310244560242, 0.08320239186286926, 0.05737936869263649, 0.05289291590452194, 0.03844621405005455, 0.039330825209617615, 0.029598955065011978, 0.03205101191997528]
[0.7006348371505737, 0.21443022787570953, 0.12553925812244415, 0.08889958262443542, 0.06381861865520477, 0.049414534121751785, 0.03954240679740906, 0.0355905145406723, 0.02836841717362404, 0.025139939039945602, 0.024179263040423393]
Training time: 450 	steps per sec: 25
Eval num_timesteps=11264, episode_reward=nan +/- nan
Eval num_timesteps=11264, episode_success=nan +/- nan
se
12 12288 1024
diff [-0.026876091957092285, -0.05058978497982025, -0.013089001178741455, -0.012953519821166992, -0.01938377320766449, -0.007964834570884705, -0.013350509107112885, -0.002855699509382248, -0.010962408035993576, -0.004459016025066376, -0.007871748879551888, -0.0027764681726694107]
ref [0.727510929107666, 0.2650200128555298, 0.1386282593011856, 0.10185310244560242, 0.08320239186286926, 0.05737936869263649, 0.05289291590452194, 0.03844621405005455, 0.039330825209617615, 0.029598955065011978, 0.03205101191997528, 0.025082148611545563]
[0.7006348371505737, 0.21443022787570953, 0.12553925812244415, 0.08889958262443542, 0.06381861865520477, 0.049414534121751785, 0.03954240679740906, 0.0355905145406723, 0.02836841717362404, 0.025139939039945602, 0.024179263040423393, 0.022305680438876152]
Training time: 529 	steps per sec: 23
Eval num_timesteps=12288, episode_reward=nan +/- nan
Eval num_timesteps=12288, episode_success=nan +/- nan
se
13 13312 1024
diff [-0.026876091957092285, -0.05058978497982025, -0.013089001178741455, -0.012953519821166992, -0.01938377320766449, -0.007964834570884705, -0.013350509107112885, -0.002855699509382248, -0.010962408035993576, -0.004459016025066376, -0.007871748879551888, -0.0027764681726694107, -0.004863519221544266]
ref [0.727510929107666, 0.2650200128555298, 0.1386282593011856, 0.10185310244560242, 0.08320239186286926, 0.05737936869263649, 0.05289291590452194, 0.03844621405005455, 0.039330825209617615, 0.029598955065011978, 0.03205101191997528, 0.025082148611545563, 0.02502274140715599]
[0.7006348371505737, 0.21443022787570953, 0.12553925812244415, 0.08889958262443542, 0.06381861865520477, 0.049414534121751785, 0.03954240679740906, 0.0355905145406723, 0.02836841717362404, 0.025139939039945602, 0.024179263040423393, 0.022305680438876152, 0.020159222185611725]
Training time: 610 	steps per sec: 21
Eval num_timesteps=13312, episode_reward=nan +/- nan
Eval num_timesteps=13312, episode_success=nan +/- nan
se
14 14336 1024
diff [-0.026876091957092285, -0.05058978497982025, -0.013089001178741455, -0.012953519821166992, -0.01938377320766449, -0.007964834570884705, -0.013350509107112885, -0.002855699509382248, -0.010962408035993576, -0.004459016025066376, -0.007871748879551888, -0.0027764681726694107, -0.004863519221544266, -0.004739213734865189]
ref [0.727510929107666, 0.2650200128555298, 0.1386282593011856, 0.10185310244560242, 0.08320239186286926, 0.05737936869263649, 0.05289291590452194, 0.03844621405005455, 0.039330825209617615, 0.029598955065011978, 0.03205101191997528, 0.025082148611545563, 0.02502274140715599, 0.02358902432024479]
[0.7006348371505737, 0.21443022787570953, 0.12553925812244415, 0.08889958262443542, 0.06381861865520477, 0.049414534121751785, 0.03954240679740906, 0.0355905145406723, 0.02836841717362404, 0.025139939039945602, 0.024179263040423393, 0.022305680438876152, 0.020159222185611725, 0.0188498105853796]
Training time: 709 	steps per sec: 20
Eval num_timesteps=14336, episode_reward=nan +/- nan
Eval num_timesteps=14336, episode_success=nan +/- nan
se
15 15360 1024
diff [-0.026876091957092285, -0.05058978497982025, -0.013089001178741455, -0.012953519821166992, -0.01938377320766449, -0.007964834570884705, -0.013350509107112885, -0.002855699509382248, -0.010962408035993576, -0.004459016025066376, -0.007871748879551888, -0.0027764681726694107, -0.004863519221544266, -0.004739213734865189, -0.006473081186413765]
ref [0.727510929107666, 0.2650200128555298, 0.1386282593011856, 0.10185310244560242, 0.08320239186286926, 0.05737936869263649, 0.05289291590452194, 0.03844621405005455, 0.039330825209617615, 0.029598955065011978, 0.03205101191997528, 0.025082148611545563, 0.02502274140715599, 0.02358902432024479, 0.02317429706454277]
[0.7006348371505737, 0.21443022787570953, 0.12553925812244415, 0.08889958262443542, 0.06381861865520477, 0.049414534121751785, 0.03954240679740906, 0.0355905145406723, 0.02836841717362404, 0.025139939039945602, 0.024179263040423393, 0.022305680438876152, 0.020159222185611725, 0.0188498105853796, 0.016701215878129005]
Training time: 823 	steps per sec: 18
Eval num_timesteps=15360, episode_reward=nan +/- nan
Eval num_timesteps=15360, episode_success=nan +/- nan
se
16 16384 1024
diff [-0.026876091957092285, -0.05058978497982025, -0.013089001178741455, -0.012953519821166992, -0.01938377320766449, -0.007964834570884705, -0.013350509107112885, -0.002855699509382248, -0.010962408035993576, -0.004459016025066376, -0.007871748879551888, -0.0027764681726694107, -0.004863519221544266, -0.004739213734865189, -0.006473081186413765, -0.0033367611467838287]
ref [0.727510929107666, 0.2650200128555298, 0.1386282593011856, 0.10185310244560242, 0.08320239186286926, 0.05737936869263649, 0.05289291590452194, 0.03844621405005455, 0.039330825209617615, 0.029598955065011978, 0.03205101191997528, 0.025082148611545563, 0.02502274140715599, 0.02358902432024479, 0.02317429706454277, 0.020518258213996887]
[0.7006348371505737, 0.21443022787570953, 0.12553925812244415, 0.08889958262443542, 0.06381861865520477, 0.049414534121751785, 0.03954240679740906, 0.0355905145406723, 0.02836841717362404, 0.025139939039945602, 0.024179263040423393, 0.022305680438876152, 0.020159222185611725, 0.0188498105853796, 0.016701215878129005, 0.01718149706721306]
Training time: 928 	steps per sec: 17
Eval num_timesteps=16384, episode_reward=nan +/- nan
Eval num_timesteps=16384, episode_success=nan +/- nan
se
16 16384 1024
diff [-0.026876091957092285, -0.05058978497982025, -0.013089001178741455, -0.012953519821166992, -0.01938377320766449, -0.007964834570884705, -0.013350509107112885, -0.002855699509382248, -0.010962408035993576, -0.004459016025066376, -0.007871748879551888, -0.0027764681726694107, -0.004863519221544266, -0.004739213734865189, -0.006473081186413765, -0.0033367611467838287, -0.002046234905719757]
ref [0.727510929107666, 0.2650200128555298, 0.1386282593011856, 0.10185310244560242, 0.08320239186286926, 0.05737936869263649, 0.05289291590452194, 0.03844621405005455, 0.039330825209617615, 0.029598955065011978, 0.03205101191997528, 0.025082148611545563, 0.02502274140715599, 0.02358902432024479, 0.02317429706454277, 0.020518258213996887, 0.020611150190234184]
[0.7006348371505737, 0.21443022787570953, 0.12553925812244415, 0.08889958262443542, 0.06381861865520477, 0.049414534121751785, 0.03954240679740906, 0.0355905145406723, 0.02836841717362404, 0.025139939039945602, 0.024179263040423393, 0.022305680438876152, 0.020159222185611725, 0.0188498105853796, 0.016701215878129005, 0.01718149706721306, 0.018564915284514427]
Training time: 1049 	steps per sec: 16
Eval num_timesteps=17408, episode_reward=nan +/- nan
Eval num_timesteps=17408, episode_success=nan +/- nan
se
16 16384 1024
diff [-0.026876091957092285, -0.05058978497982025, -0.013089001178741455, -0.012953519821166992, -0.01938377320766449, -0.007964834570884705, -0.013350509107112885, -0.002855699509382248, -0.010962408035993576, -0.004459016025066376, -0.007871748879551888, -0.0027764681726694107, -0.004863519221544266, -0.004739213734865189, -0.006473081186413765, -0.0033367611467838287, -0.002046234905719757, -0.0011793319135904312]
ref [0.727510929107666, 0.2650200128555298, 0.1386282593011856, 0.10185310244560242, 0.08320239186286926, 0.05737936869263649, 0.05289291590452194, 0.03844621405005455, 0.039330825209617615, 0.029598955065011978, 0.03205101191997528, 0.025082148611545563, 0.02502274140715599, 0.02358902432024479, 0.02317429706454277, 0.020518258213996887, 0.020611150190234184, 0.019892074167728424]
[0.7006348371505737, 0.21443022787570953, 0.12553925812244415, 0.08889958262443542, 0.06381861865520477, 0.049414534121751785, 0.03954240679740906, 0.0355905145406723, 0.02836841717362404, 0.025139939039945602, 0.024179263040423393, 0.022305680438876152, 0.020159222185611725, 0.0188498105853796, 0.016701215878129005, 0.01718149706721306, 0.018564915284514427, 0.018712742254137993]
Training time: 1178 	steps per sec: 15
Eval num_timesteps=18432, episode_reward=nan +/- nan
Eval num_timesteps=18432, episode_success=nan +/- nan
se
16 16384 1024
diff [-0.026876091957092285, -0.05058978497982025, -0.013089001178741455, -0.012953519821166992, -0.01938377320766449, -0.007964834570884705, -0.013350509107112885, -0.002855699509382248, -0.010962408035993576, -0.004459016025066376, -0.007871748879551888, -0.0027764681726694107, -0.004863519221544266, -0.004739213734865189, -0.006473081186413765, -0.0033367611467838287, -0.002046234905719757, -0.0011793319135904312, -0.002045266330242157]
ref [0.727510929107666, 0.2650200128555298, 0.1386282593011856, 0.10185310244560242, 0.08320239186286926, 0.05737936869263649, 0.05289291590452194, 0.03844621405005455, 0.039330825209617615, 0.029598955065011978, 0.03205101191997528, 0.025082148611545563, 0.02502274140715599, 0.02358902432024479, 0.02317429706454277, 0.020518258213996887, 0.020611150190234184, 0.019892074167728424, 0.01945142261683941]
[0.7006348371505737, 0.21443022787570953, 0.12553925812244415, 0.08889958262443542, 0.06381861865520477, 0.049414534121751785, 0.03954240679740906, 0.0355905145406723, 0.02836841717362404, 0.025139939039945602, 0.024179263040423393, 0.022305680438876152, 0.020159222185611725, 0.0188498105853796, 0.016701215878129005, 0.01718149706721306, 0.018564915284514427, 0.018712742254137993, 0.017406156286597252]
Training time: 1310 	steps per sec: 14
Eval num_timesteps=19456, episode_reward=nan +/- nan
Eval num_timesteps=19456, episode_success=nan +/- nan
se
16 16384 1024
diff [-0.026876091957092285, -0.05058978497982025, -0.013089001178741455, -0.012953519821166992, -0.01938377320766449, -0.007964834570884705, -0.013350509107112885, -0.002855699509382248, -0.010962408035993576, -0.004459016025066376, -0.007871748879551888, -0.0027764681726694107, -0.004863519221544266, -0.004739213734865189, -0.006473081186413765, -0.0033367611467838287, -0.002046234905719757, -0.0011793319135904312, -0.002045266330242157, -0.0020303893834352493]
ref [0.727510929107666, 0.2650200128555298, 0.1386282593011856, 0.10185310244560242, 0.08320239186286926, 0.05737936869263649, 0.05289291590452194, 0.03844621405005455, 0.039330825209617615, 0.029598955065011978, 0.03205101191997528, 0.025082148611545563, 0.02502274140715599, 0.02358902432024479, 0.02317429706454277, 0.020518258213996887, 0.020611150190234184, 0.019892074167728424, 0.01945142261683941, 0.019851358607411385]
[0.7006348371505737, 0.21443022787570953, 0.12553925812244415, 0.08889958262443542, 0.06381861865520477, 0.049414534121751785, 0.03954240679740906, 0.0355905145406723, 0.02836841717362404, 0.025139939039945602, 0.024179263040423393, 0.022305680438876152, 0.020159222185611725, 0.0188498105853796, 0.016701215878129005, 0.01718149706721306, 0.018564915284514427, 0.018712742254137993, 0.017406156286597252, 0.017820969223976135]
Training time: 1445 	steps per sec: 14
Eval num_timesteps=20480, episode_reward=nan +/- nan
Eval num_timesteps=20480, episode_success=nan +/- nan
se
16 16384 1024
diff [-0.026876091957092285, -0.05058978497982025, -0.013089001178741455, -0.012953519821166992, -0.01938377320766449, -0.007964834570884705, -0.013350509107112885, -0.002855699509382248, -0.010962408035993576, -0.004459016025066376, -0.007871748879551888, -0.0027764681726694107, -0.004863519221544266, -0.004739213734865189, -0.006473081186413765, -0.0033367611467838287, -0.002046234905719757, -0.0011793319135904312, -0.002045266330242157, -0.0020303893834352493, -0.0006821360439062119]
ref [0.727510929107666, 0.2650200128555298, 0.1386282593011856, 0.10185310244560242, 0.08320239186286926, 0.05737936869263649, 0.05289291590452194, 0.03844621405005455, 0.039330825209617615, 0.029598955065011978, 0.03205101191997528, 0.025082148611545563, 0.02502274140715599, 0.02358902432024479, 0.02317429706454277, 0.020518258213996887, 0.020611150190234184, 0.019892074167728424, 0.01945142261683941, 0.019851358607411385, 0.019905883818864822]
[0.7006348371505737, 0.21443022787570953, 0.12553925812244415, 0.08889958262443542, 0.06381861865520477, 0.049414534121751785, 0.03954240679740906, 0.0355905145406723, 0.02836841717362404, 0.025139939039945602, 0.024179263040423393, 0.022305680438876152, 0.020159222185611725, 0.0188498105853796, 0.016701215878129005, 0.01718149706721306, 0.018564915284514427, 0.018712742254137993, 0.017406156286597252, 0.017820969223976135, 0.01922374777495861]
Training time: 1560 	steps per sec: 13
Eval num_timesteps=21504, episode_reward=nan +/- nan
Eval num_timesteps=21504, episode_success=nan +/- nan
se
16 16384 1024
diff [-0.026876091957092285, -0.05058978497982025, -0.013089001178741455, -0.012953519821166992, -0.01938377320766449, -0.007964834570884705, -0.013350509107112885, -0.002855699509382248, -0.010962408035993576, -0.004459016025066376, -0.007871748879551888, -0.0027764681726694107, -0.004863519221544266, -0.004739213734865189, -0.006473081186413765, -0.0033367611467838287, -0.002046234905719757, -0.0011793319135904312, -0.002045266330242157, -0.0020303893834352493, -0.0006821360439062119, -0.0027997270226478577]
ref [0.727510929107666, 0.2650200128555298, 0.1386282593011856, 0.10185310244560242, 0.08320239186286926, 0.05737936869263649, 0.05289291590452194, 0.03844621405005455, 0.039330825209617615, 0.029598955065011978, 0.03205101191997528, 0.025082148611545563, 0.02502274140715599, 0.02358902432024479, 0.02317429706454277, 0.020518258213996887, 0.020611150190234184, 0.019892074167728424, 0.01945142261683941, 0.019851358607411385, 0.019905883818864822, 0.02164909802377224]
[0.7006348371505737, 0.21443022787570953, 0.12553925812244415, 0.08889958262443542, 0.06381861865520477, 0.049414534121751785, 0.03954240679740906, 0.0355905145406723, 0.02836841717362404, 0.025139939039945602, 0.024179263040423393, 0.022305680438876152, 0.020159222185611725, 0.0188498105853796, 0.016701215878129005, 0.01718149706721306, 0.018564915284514427, 0.018712742254137993, 0.017406156286597252, 0.017820969223976135, 0.01922374777495861, 0.018849371001124382]
Training time: 1670 	steps per sec: 13
Eval num_timesteps=22528, episode_reward=nan +/- nan
Eval num_timesteps=22528, episode_success=nan +/- nan
se
16 16384 1024
diff [-0.026876091957092285, -0.05058978497982025, -0.013089001178741455, -0.012953519821166992, -0.01938377320766449, -0.007964834570884705, -0.013350509107112885, -0.002855699509382248, -0.010962408035993576, -0.004459016025066376, -0.007871748879551888, -0.0027764681726694107, -0.004863519221544266, -0.004739213734865189, -0.006473081186413765, -0.0033367611467838287, -0.002046234905719757, -0.0011793319135904312, -0.002045266330242157, -0.0020303893834352493, -0.0006821360439062119, -0.0027997270226478577, 0.0003076549619436264]
ref [0.727510929107666, 0.2650200128555298, 0.1386282593011856, 0.10185310244560242, 0.08320239186286926, 0.05737936869263649, 0.05289291590452194, 0.03844621405005455, 0.039330825209617615, 0.029598955065011978, 0.03205101191997528, 0.025082148611545563, 0.02502274140715599, 0.02358902432024479, 0.02317429706454277, 0.020518258213996887, 0.020611150190234184, 0.019892074167728424, 0.01945142261683941, 0.019851358607411385, 0.019905883818864822, 0.02164909802377224, 0.018173759803175926]
[0.7006348371505737, 0.21443022787570953, 0.12553925812244415, 0.08889958262443542, 0.06381861865520477, 0.049414534121751785, 0.03954240679740906, 0.0355905145406723, 0.02836841717362404, 0.025139939039945602, 0.024179263040423393, 0.022305680438876152, 0.020159222185611725, 0.0188498105853796, 0.016701215878129005, 0.01718149706721306, 0.018564915284514427, 0.018712742254137993, 0.017406156286597252, 0.017820969223976135, 0.01922374777495861, 0.018849371001124382, 0.018481414765119553]
Training time: 1776 	steps per sec: 13
Eval num_timesteps=23552, episode_reward=nan +/- nan
Eval num_timesteps=23552, episode_success=nan +/- nan
se
16 16384 1024
diff [-0.026876091957092285, -0.05058978497982025, -0.013089001178741455, -0.012953519821166992, -0.01938377320766449, -0.007964834570884705, -0.013350509107112885, -0.002855699509382248, -0.010962408035993576, -0.004459016025066376, -0.007871748879551888, -0.0027764681726694107, -0.004863519221544266, -0.004739213734865189, -0.006473081186413765, -0.0033367611467838287, -0.002046234905719757, -0.0011793319135904312, -0.002045266330242157, -0.0020303893834352493, -0.0006821360439062119, -0.0027997270226478577, 0.0003076549619436264, -0.002514287829399109]
ref [0.727510929107666, 0.2650200128555298, 0.1386282593011856, 0.10185310244560242, 0.08320239186286926, 0.05737936869263649, 0.05289291590452194, 0.03844621405005455, 0.039330825209617615, 0.029598955065011978, 0.03205101191997528, 0.025082148611545563, 0.02502274140715599, 0.02358902432024479, 0.02317429706454277, 0.020518258213996887, 0.020611150190234184, 0.019892074167728424, 0.01945142261683941, 0.019851358607411385, 0.019905883818864822, 0.02164909802377224, 0.018173759803175926, 0.022450968623161316]
[0.7006348371505737, 0.21443022787570953, 0.12553925812244415, 0.08889958262443542, 0.06381861865520477, 0.049414534121751785, 0.03954240679740906, 0.0355905145406723, 0.02836841717362404, 0.025139939039945602, 0.024179263040423393, 0.022305680438876152, 0.020159222185611725, 0.0188498105853796, 0.016701215878129005, 0.01718149706721306, 0.018564915284514427, 0.018712742254137993, 0.017406156286597252, 0.017820969223976135, 0.01922374777495861, 0.018849371001124382, 0.018481414765119553, 0.019936680793762207]
Training time: 1885 	steps per sec: 13
Eval num_timesteps=24576, episode_reward=nan +/- nan
Eval num_timesteps=24576, episode_success=nan +/- nan
se
16 16384 1024
diff [-0.026876091957092285, -0.05058978497982025, -0.013089001178741455, -0.012953519821166992, -0.01938377320766449, -0.007964834570884705, -0.013350509107112885, -0.002855699509382248, -0.010962408035993576, -0.004459016025066376, -0.007871748879551888, -0.0027764681726694107, -0.004863519221544266, -0.004739213734865189, -0.006473081186413765, -0.0033367611467838287, -0.002046234905719757, -0.0011793319135904312, -0.002045266330242157, -0.0020303893834352493, -0.0006821360439062119, -0.0027997270226478577, 0.0003076549619436264, -0.002514287829399109, -0.0011681057512760162]
ref [0.727510929107666, 0.2650200128555298, 0.1386282593011856, 0.10185310244560242, 0.08320239186286926, 0.05737936869263649, 0.05289291590452194, 0.03844621405005455, 0.039330825209617615, 0.029598955065011978, 0.03205101191997528, 0.025082148611545563, 0.02502274140715599, 0.02358902432024479, 0.02317429706454277, 0.020518258213996887, 0.020611150190234184, 0.019892074167728424, 0.01945142261683941, 0.019851358607411385, 0.019905883818864822, 0.02164909802377224, 0.018173759803175926, 0.022450968623161316, 0.0214584581553936]
[0.7006348371505737, 0.21443022787570953, 0.12553925812244415, 0.08889958262443542, 0.06381861865520477, 0.049414534121751785, 0.03954240679740906, 0.0355905145406723, 0.02836841717362404, 0.025139939039945602, 0.024179263040423393, 0.022305680438876152, 0.020159222185611725, 0.0188498105853796, 0.016701215878129005, 0.01718149706721306, 0.018564915284514427, 0.018712742254137993, 0.017406156286597252, 0.017820969223976135, 0.01922374777495861, 0.018849371001124382, 0.018481414765119553, 0.019936680793762207, 0.020290352404117584]
Training time: 1993 	steps per sec: 12
Eval num_timesteps=25600, episode_reward=nan +/- nan
Eval num_timesteps=25600, episode_success=nan +/- nan
se
16 16384 1024
diff [-0.026876091957092285, -0.05058978497982025, -0.013089001178741455, -0.012953519821166992, -0.01938377320766449, -0.007964834570884705, -0.013350509107112885, -0.002855699509382248, -0.010962408035993576, -0.004459016025066376, -0.007871748879551888, -0.0027764681726694107, -0.004863519221544266, -0.004739213734865189, -0.006473081186413765, -0.0033367611467838287, -0.002046234905719757, -0.0011793319135904312, -0.002045266330242157, -0.0020303893834352493, -0.0006821360439062119, -0.0027997270226478577, 0.0003076549619436264, -0.002514287829399109, -0.0011681057512760162, 0.0002518016844987869]
ref [0.727510929107666, 0.2650200128555298, 0.1386282593011856, 0.10185310244560242, 0.08320239186286926, 0.05737936869263649, 0.05289291590452194, 0.03844621405005455, 0.039330825209617615, 0.029598955065011978, 0.03205101191997528, 0.025082148611545563, 0.02502274140715599, 0.02358902432024479, 0.02317429706454277, 0.020518258213996887, 0.020611150190234184, 0.019892074167728424, 0.01945142261683941, 0.019851358607411385, 0.019905883818864822, 0.02164909802377224, 0.018173759803175926, 0.022450968623161316, 0.0214584581553936, 0.02129889652132988]
[0.7006348371505737, 0.21443022787570953, 0.12553925812244415, 0.08889958262443542, 0.06381861865520477, 0.049414534121751785, 0.03954240679740906, 0.0355905145406723, 0.02836841717362404, 0.025139939039945602, 0.024179263040423393, 0.022305680438876152, 0.020159222185611725, 0.0188498105853796, 0.016701215878129005, 0.01718149706721306, 0.018564915284514427, 0.018712742254137993, 0.017406156286597252, 0.017820969223976135, 0.01922374777495861, 0.018849371001124382, 0.018481414765119553, 0.019936680793762207, 0.020290352404117584, 0.021550698205828667]
Training time: 2101 	steps per sec: 12
Eval num_timesteps=26624, episode_reward=nan +/- nan
Eval num_timesteps=26624, episode_success=nan +/- nan
se
16 16384 1024
diff [-0.026876091957092285, -0.05058978497982025, -0.013089001178741455, -0.012953519821166992, -0.01938377320766449, -0.007964834570884705, -0.013350509107112885, -0.002855699509382248, -0.010962408035993576, -0.004459016025066376, -0.007871748879551888, -0.0027764681726694107, -0.004863519221544266, -0.004739213734865189, -0.006473081186413765, -0.0033367611467838287, -0.002046234905719757, -0.0011793319135904312, -0.002045266330242157, -0.0020303893834352493, -0.0006821360439062119, -0.0027997270226478577, 0.0003076549619436264, -0.002514287829399109, -0.0011681057512760162, 0.0002518016844987869, 0.00012503191828727722]
ref [0.727510929107666, 0.2650200128555298, 0.1386282593011856, 0.10185310244560242, 0.08320239186286926, 0.05737936869263649, 0.05289291590452194, 0.03844621405005455, 0.039330825209617615, 0.029598955065011978, 0.03205101191997528, 0.025082148611545563, 0.02502274140715599, 0.02358902432024479, 0.02317429706454277, 0.020518258213996887, 0.020611150190234184, 0.019892074167728424, 0.01945142261683941, 0.019851358607411385, 0.019905883818864822, 0.02164909802377224, 0.018173759803175926, 0.022450968623161316, 0.0214584581553936, 0.02129889652132988, 0.0202649999409914]
[0.7006348371505737, 0.21443022787570953, 0.12553925812244415, 0.08889958262443542, 0.06381861865520477, 0.049414534121751785, 0.03954240679740906, 0.0355905145406723, 0.02836841717362404, 0.025139939039945602, 0.024179263040423393, 0.022305680438876152, 0.020159222185611725, 0.0188498105853796, 0.016701215878129005, 0.01718149706721306, 0.018564915284514427, 0.018712742254137993, 0.017406156286597252, 0.017820969223976135, 0.01922374777495861, 0.018849371001124382, 0.018481414765119553, 0.019936680793762207, 0.020290352404117584, 0.021550698205828667, 0.02039003185927868]
Training time: 2218 	steps per sec: 12
Eval num_timesteps=27648, episode_reward=nan +/- nan
Eval num_timesteps=27648, episode_success=nan +/- nan
se
16 16384 1024
diff [-0.026876091957092285, -0.05058978497982025, -0.013089001178741455, -0.012953519821166992, -0.01938377320766449, -0.007964834570884705, -0.013350509107112885, -0.002855699509382248, -0.010962408035993576, -0.004459016025066376, -0.007871748879551888, -0.0027764681726694107, -0.004863519221544266, -0.004739213734865189, -0.006473081186413765, -0.0033367611467838287, -0.002046234905719757, -0.0011793319135904312, -0.002045266330242157, -0.0020303893834352493, -0.0006821360439062119, -0.0027997270226478577, 0.0003076549619436264, -0.002514287829399109, -0.0011681057512760162, 0.0002518016844987869, 0.00012503191828727722, -0.0002829432487487793]
ref [0.727510929107666, 0.2650200128555298, 0.1386282593011856, 0.10185310244560242, 0.08320239186286926, 0.05737936869263649, 0.05289291590452194, 0.03844621405005455, 0.039330825209617615, 0.029598955065011978, 0.03205101191997528, 0.025082148611545563, 0.02502274140715599, 0.02358902432024479, 0.02317429706454277, 0.020518258213996887, 0.020611150190234184, 0.019892074167728424, 0.01945142261683941, 0.019851358607411385, 0.019905883818864822, 0.02164909802377224, 0.018173759803175926, 0.022450968623161316, 0.0214584581553936, 0.02129889652132988, 0.0202649999409914, 0.020225824788212776]
[0.7006348371505737, 0.21443022787570953, 0.12553925812244415, 0.08889958262443542, 0.06381861865520477, 0.049414534121751785, 0.03954240679740906, 0.0355905145406723, 0.02836841717362404, 0.025139939039945602, 0.024179263040423393, 0.022305680438876152, 0.020159222185611725, 0.0188498105853796, 0.016701215878129005, 0.01718149706721306, 0.018564915284514427, 0.018712742254137993, 0.017406156286597252, 0.017820969223976135, 0.01922374777495861, 0.018849371001124382, 0.018481414765119553, 0.019936680793762207, 0.020290352404117584, 0.021550698205828667, 0.02039003185927868, 0.019942881539463997]
Training time: 2332 	steps per sec: 12
Eval num_timesteps=28672, episode_reward=nan +/- nan
Eval num_timesteps=28672, episode_success=nan +/- nan
se
16 16384 1024
diff [-0.026876091957092285, -0.05058978497982025, -0.013089001178741455, -0.012953519821166992, -0.01938377320766449, -0.007964834570884705, -0.013350509107112885, -0.002855699509382248, -0.010962408035993576, -0.004459016025066376, -0.007871748879551888, -0.0027764681726694107, -0.004863519221544266, -0.004739213734865189, -0.006473081186413765, -0.0033367611467838287, -0.002046234905719757, -0.0011793319135904312, -0.002045266330242157, -0.0020303893834352493, -0.0006821360439062119, -0.0027997270226478577, 0.0003076549619436264, -0.002514287829399109, -0.0011681057512760162, 0.0002518016844987869, 0.00012503191828727722, -0.0002829432487487793, -0.004629187285900116]
ref [0.727510929107666, 0.2650200128555298, 0.1386282593011856, 0.10185310244560242, 0.08320239186286926, 0.05737936869263649, 0.05289291590452194, 0.03844621405005455, 0.039330825209617615, 0.029598955065011978, 0.03205101191997528, 0.025082148611545563, 0.02502274140715599, 0.02358902432024479, 0.02317429706454277, 0.020518258213996887, 0.020611150190234184, 0.019892074167728424, 0.01945142261683941, 0.019851358607411385, 0.019905883818864822, 0.02164909802377224, 0.018173759803175926, 0.022450968623161316, 0.0214584581553936, 0.02129889652132988, 0.0202649999409914, 0.020225824788212776, 0.024037830531597137]
[0.7006348371505737, 0.21443022787570953, 0.12553925812244415, 0.08889958262443542, 0.06381861865520477, 0.049414534121751785, 0.03954240679740906, 0.0355905145406723, 0.02836841717362404, 0.025139939039945602, 0.024179263040423393, 0.022305680438876152, 0.020159222185611725, 0.0188498105853796, 0.016701215878129005, 0.01718149706721306, 0.018564915284514427, 0.018712742254137993, 0.017406156286597252, 0.017820969223976135, 0.01922374777495861, 0.018849371001124382, 0.018481414765119553, 0.019936680793762207, 0.020290352404117584, 0.021550698205828667, 0.02039003185927868, 0.019942881539463997, 0.01940864324569702]
Training time: 2455 	steps per sec: 12
Eval num_timesteps=29696, episode_reward=nan +/- nan
Eval num_timesteps=29696, episode_success=nan +/- nan
se
16 16384 1024
diff [-0.026876091957092285, -0.05058978497982025, -0.013089001178741455, -0.012953519821166992, -0.01938377320766449, -0.007964834570884705, -0.013350509107112885, -0.002855699509382248, -0.010962408035993576, -0.004459016025066376, -0.007871748879551888, -0.0027764681726694107, -0.004863519221544266, -0.004739213734865189, -0.006473081186413765, -0.0033367611467838287, -0.002046234905719757, -0.0011793319135904312, -0.002045266330242157, -0.0020303893834352493, -0.0006821360439062119, -0.0027997270226478577, 0.0003076549619436264, -0.002514287829399109, -0.0011681057512760162, 0.0002518016844987869, 0.00012503191828727722, -0.0002829432487487793, -0.004629187285900116, 0.00014773383736610413]
ref [0.727510929107666, 0.2650200128555298, 0.1386282593011856, 0.10185310244560242, 0.08320239186286926, 0.05737936869263649, 0.05289291590452194, 0.03844621405005455, 0.039330825209617615, 0.029598955065011978, 0.03205101191997528, 0.025082148611545563, 0.02502274140715599, 0.02358902432024479, 0.02317429706454277, 0.020518258213996887, 0.020611150190234184, 0.019892074167728424, 0.01945142261683941, 0.019851358607411385, 0.019905883818864822, 0.02164909802377224, 0.018173759803175926, 0.022450968623161316, 0.0214584581553936, 0.02129889652132988, 0.0202649999409914, 0.020225824788212776, 0.024037830531597137, 0.019361063838005066]
[0.7006348371505737, 0.21443022787570953, 0.12553925812244415, 0.08889958262443542, 0.06381861865520477, 0.049414534121751785, 0.03954240679740906, 0.0355905145406723, 0.02836841717362404, 0.025139939039945602, 0.024179263040423393, 0.022305680438876152, 0.020159222185611725, 0.0188498105853796, 0.016701215878129005, 0.01718149706721306, 0.018564915284514427, 0.018712742254137993, 0.017406156286597252, 0.017820969223976135, 0.01922374777495861, 0.018849371001124382, 0.018481414765119553, 0.019936680793762207, 0.020290352404117584, 0.021550698205828667, 0.02039003185927868, 0.019942881539463997, 0.01940864324569702, 0.01950879767537117]
Training time: 2572 	steps per sec: 11
Eval num_timesteps=30720, episode_reward=nan +/- nan
Eval num_timesteps=30720, episode_success=nan +/- nan
se
16 16384 1024
diff [-0.026876091957092285, -0.05058978497982025, -0.013089001178741455, -0.012953519821166992, -0.01938377320766449, -0.007964834570884705, -0.013350509107112885, -0.002855699509382248, -0.010962408035993576, -0.004459016025066376, -0.007871748879551888, -0.0027764681726694107, -0.004863519221544266, -0.004739213734865189, -0.006473081186413765, -0.0033367611467838287, -0.002046234905719757, -0.0011793319135904312, -0.002045266330242157, -0.0020303893834352493, -0.0006821360439062119, -0.0027997270226478577, 0.0003076549619436264, -0.002514287829399109, -0.0011681057512760162, 0.0002518016844987869, 0.00012503191828727722, -0.0002829432487487793, -0.004629187285900116, 0.00014773383736610413, -0.007398663088679314]
ref [0.727510929107666, 0.2650200128555298, 0.1386282593011856, 0.10185310244560242, 0.08320239186286926, 0.05737936869263649, 0.05289291590452194, 0.03844621405005455, 0.039330825209617615, 0.029598955065011978, 0.03205101191997528, 0.025082148611545563, 0.02502274140715599, 0.02358902432024479, 0.02317429706454277, 0.020518258213996887, 0.020611150190234184, 0.019892074167728424, 0.01945142261683941, 0.019851358607411385, 0.019905883818864822, 0.02164909802377224, 0.018173759803175926, 0.022450968623161316, 0.0214584581553936, 0.02129889652132988, 0.0202649999409914, 0.020225824788212776, 0.024037830531597137, 0.019361063838005066, 0.026824550703167915]
[0.7006348371505737, 0.21443022787570953, 0.12553925812244415, 0.08889958262443542, 0.06381861865520477, 0.049414534121751785, 0.03954240679740906, 0.0355905145406723, 0.02836841717362404, 0.025139939039945602, 0.024179263040423393, 0.022305680438876152, 0.020159222185611725, 0.0188498105853796, 0.016701215878129005, 0.01718149706721306, 0.018564915284514427, 0.018712742254137993, 0.017406156286597252, 0.017820969223976135, 0.01922374777495861, 0.018849371001124382, 0.018481414765119553, 0.019936680793762207, 0.020290352404117584, 0.021550698205828667, 0.02039003185927868, 0.019942881539463997, 0.01940864324569702, 0.01950879767537117, 0.0194258876144886]
Training time: 2672 	steps per sec: 11
Eval num_timesteps=31744, episode_reward=nan +/- nan
Eval num_timesteps=31744, episode_success=nan +/- nan
se
16 16384 1024
diff [-0.026876091957092285, -0.05058978497982025, -0.013089001178741455, -0.012953519821166992, -0.01938377320766449, -0.007964834570884705, -0.013350509107112885, -0.002855699509382248, -0.010962408035993576, -0.004459016025066376, -0.007871748879551888, -0.0027764681726694107, -0.004863519221544266, -0.004739213734865189, -0.006473081186413765, -0.0033367611467838287, -0.002046234905719757, -0.0011793319135904312, -0.002045266330242157, -0.0020303893834352493, -0.0006821360439062119, -0.0027997270226478577, 0.0003076549619436264, -0.002514287829399109, -0.0011681057512760162, 0.0002518016844987869, 0.00012503191828727722, -0.0002829432487487793, -0.004629187285900116, 0.00014773383736610413, -0.007398663088679314, -0.0008381754159927368]
ref [0.727510929107666, 0.2650200128555298, 0.1386282593011856, 0.10185310244560242, 0.08320239186286926, 0.05737936869263649, 0.05289291590452194, 0.03844621405005455, 0.039330825209617615, 0.029598955065011978, 0.03205101191997528, 0.025082148611545563, 0.02502274140715599, 0.02358902432024479, 0.02317429706454277, 0.020518258213996887, 0.020611150190234184, 0.019892074167728424, 0.01945142261683941, 0.019851358607411385, 0.019905883818864822, 0.02164909802377224, 0.018173759803175926, 0.022450968623161316, 0.0214584581553936, 0.02129889652132988, 0.0202649999409914, 0.020225824788212776, 0.024037830531597137, 0.019361063838005066, 0.026824550703167915, 0.021647300571203232]
[0.7006348371505737, 0.21443022787570953, 0.12553925812244415, 0.08889958262443542, 0.06381861865520477, 0.049414534121751785, 0.03954240679740906, 0.0355905145406723, 0.02836841717362404, 0.025139939039945602, 0.024179263040423393, 0.022305680438876152, 0.020159222185611725, 0.0188498105853796, 0.016701215878129005, 0.01718149706721306, 0.018564915284514427, 0.018712742254137993, 0.017406156286597252, 0.017820969223976135, 0.01922374777495861, 0.018849371001124382, 0.018481414765119553, 0.019936680793762207, 0.020290352404117584, 0.021550698205828667, 0.02039003185927868, 0.019942881539463997, 0.01940864324569702, 0.01950879767537117, 0.0194258876144886, 0.020809125155210495]
Training time: 2776 	steps per sec: 11
Eval num_timesteps=32768, episode_reward=nan +/- nan
Eval num_timesteps=32768, episode_success=nan +/- nan
results/Ant-v4/
results/Ant-v4/ppo_ros/
results/Ant-v4/ppo_ros/expert/
results/Ant-v4/ppo_ros/expert/b_16/
results/Ant-v4/ppo_ros/expert/b_16/no_clip_lambda/
results/Ant-v4/ppo_ros/expert/b_16/no_clip_lambda/run_3/
results/Ant-v4/ppo_ros/expert/b_16/no_clip_lambda/run_3/stats.npz
results/Ant-v4/ppo_ros/expert/b_16/no_clip_lambda/run_3/evaluations.npz
results/Ant-v4/ppo_ros/expert/b_16/no_clip_lambda/run_3/config.yml
