ppo_ros_continuous.py --env-id Ant-v4 -s expert/b_16/no_lambda --total-timesteps 32768 --eval-freq 1 --eval-episodes 0 -b 16 --num-steps 1024 -lr 0 --update-epochs 0 --anneal-lr 0 --ros-num-steps 256 --ros-update-epochs 16 --ros-target-kl 0.05 --ros-clip-coef 0.3 --ros-lambda 0 -ros-lr 0.0001 --ros-anneal-lr 0 --se 1 --se-freq 1 --se-lr 1e-3 --se-epochs 1000 --policy-path policies/Ant-v4/best_model.zip --normalization-dir policies/Ant-v4
Obtaining file:///var/lib/condor/execute/slot1/dir_10901/PPOROS/PPOROS/custom-envs
  Preparing metadata (setup.py): started
  Preparing metadata (setup.py): finished with status 'done'
Requirement already satisfied: gym in /var/lib/condor/execute/slot1/dir_10901/PPOROS/ppo-ros_env/lib/python3.9/site-packages (from custom-envs==0.0.1) (0.21.0)
Requirement already satisfied: cloudpickle>=1.2.0 in /var/lib/condor/execute/slot1/dir_10901/PPOROS/ppo-ros_env/lib/python3.9/site-packages (from gym->custom-envs==0.0.1) (2.2.1)
Requirement already satisfied: numpy>=1.18.0 in /var/lib/condor/execute/slot1/dir_10901/PPOROS/ppo-ros_env/lib/python3.9/site-packages (from gym->custom-envs==0.0.1) (1.24.2)
Installing collected packages: custom-envs
  Running setup.py develop for custom-envs
Successfully installed custom-envs-0.0.1
seed: 0
Eval num_timesteps=0, episode_reward=nan +/- nan
Eval num_timesteps=0, episode_success=nan +/- nan
se
1 1024 1024
diff [-0.05567699670791626]
ref [0.7056294083595276]
[0.6499524116516113]
Training time: 36 	steps per sec: 27
Eval num_timesteps=1024, episode_reward=nan +/- nan
Eval num_timesteps=1024, episode_success=nan +/- nan
se
2 2048 1024
diff [-0.05567699670791626, -0.0899297446012497]
ref [0.7056294083595276, 0.28768932819366455]
[0.6499524116516113, 0.19775958359241486]
Training time: 78 	steps per sec: 25
Eval num_timesteps=2048, episode_reward=nan +/- nan
Eval num_timesteps=2048, episode_success=nan +/- nan
se
3 3072 1024
diff [-0.05567699670791626, -0.0899297446012497, -0.01361655443906784]
ref [0.7056294083595276, 0.28768932819366455, 0.13378188014030457]
[0.6499524116516113, 0.19775958359241486, 0.12016532570123672]
Training time: 134 	steps per sec: 22
Eval num_timesteps=3072, episode_reward=nan +/- nan
Eval num_timesteps=3072, episode_success=nan +/- nan
se
4 4096 1024
diff [-0.05567699670791626, -0.0899297446012497, -0.01361655443906784, -0.027769163250923157]
ref [0.7056294083595276, 0.28768932819366455, 0.13378188014030457, 0.10506647825241089]
[0.6499524116516113, 0.19775958359241486, 0.12016532570123672, 0.07729731500148773]
Training time: 199 	steps per sec: 20
Eval num_timesteps=4096, episode_reward=nan +/- nan
Eval num_timesteps=4096, episode_success=nan +/- nan
se
5 5120 1024
diff [-0.05567699670791626, -0.0899297446012497, -0.01361655443906784, -0.027769163250923157, -0.015822410583496094]
ref [0.7056294083595276, 0.28768932819366455, 0.13378188014030457, 0.10506647825241089, 0.07721550017595291]
[0.6499524116516113, 0.19775958359241486, 0.12016532570123672, 0.07729731500148773, 0.06139308959245682]
Training time: 278 	steps per sec: 18
Eval num_timesteps=5120, episode_reward=nan +/- nan
Eval num_timesteps=5120, episode_success=nan +/- nan
se
6 6144 1024
diff [-0.05567699670791626, -0.0899297446012497, -0.01361655443906784, -0.027769163250923157, -0.015822410583496094, -0.01211453601717949]
ref [0.7056294083595276, 0.28768932819366455, 0.13378188014030457, 0.10506647825241089, 0.07721550017595291, 0.05865476652979851]
[0.6499524116516113, 0.19775958359241486, 0.12016532570123672, 0.07729731500148773, 0.06139308959245682, 0.04654023051261902]
Training time: 376 	steps per sec: 16
Eval num_timesteps=6144, episode_reward=nan +/- nan
Eval num_timesteps=6144, episode_success=nan +/- nan
se
7 7168 1024
diff [-0.05567699670791626, -0.0899297446012497, -0.01361655443906784, -0.027769163250923157, -0.015822410583496094, -0.01211453601717949, -0.0067753419280052185]
ref [0.7056294083595276, 0.28768932819366455, 0.13378188014030457, 0.10506647825241089, 0.07721550017595291, 0.05865476652979851, 0.043568190187215805]
[0.6499524116516113, 0.19775958359241486, 0.12016532570123672, 0.07729731500148773, 0.06139308959245682, 0.04654023051261902, 0.03679284825921059]
Training time: 487 	steps per sec: 14
Eval num_timesteps=7168, episode_reward=nan +/- nan
Eval num_timesteps=7168, episode_success=nan +/- nan
se
8 8192 1024
diff [-0.05567699670791626, -0.0899297446012497, -0.01361655443906784, -0.027769163250923157, -0.015822410583496094, -0.01211453601717949, -0.0067753419280052185, -0.012046091258525848]
ref [0.7056294083595276, 0.28768932819366455, 0.13378188014030457, 0.10506647825241089, 0.07721550017595291, 0.05865476652979851, 0.043568190187215805, 0.04385587200522423]
[0.6499524116516113, 0.19775958359241486, 0.12016532570123672, 0.07729731500148773, 0.06139308959245682, 0.04654023051261902, 0.03679284825921059, 0.03180978074669838]
Training time: 609 	steps per sec: 13
Eval num_timesteps=8192, episode_reward=nan +/- nan
Eval num_timesteps=8192, episode_success=nan +/- nan
se
9 9216 1024
diff [-0.05567699670791626, -0.0899297446012497, -0.01361655443906784, -0.027769163250923157, -0.015822410583496094, -0.01211453601717949, -0.0067753419280052185, -0.012046091258525848, -0.013970386236906052]
ref [0.7056294083595276, 0.28768932819366455, 0.13378188014030457, 0.10506647825241089, 0.07721550017595291, 0.05865476652979851, 0.043568190187215805, 0.04385587200522423, 0.04292492941021919]
[0.6499524116516113, 0.19775958359241486, 0.12016532570123672, 0.07729731500148773, 0.06139308959245682, 0.04654023051261902, 0.03679284825921059, 0.03180978074669838, 0.02895454317331314]
Training time: 740 	steps per sec: 12
Eval num_timesteps=9216, episode_reward=nan +/- nan
Eval num_timesteps=9216, episode_success=nan +/- nan
se
10 10240 1024
diff [-0.05567699670791626, -0.0899297446012497, -0.01361655443906784, -0.027769163250923157, -0.015822410583496094, -0.01211453601717949, -0.0067753419280052185, -0.012046091258525848, -0.013970386236906052, -0.008054539561271667]
ref [0.7056294083595276, 0.28768932819366455, 0.13378188014030457, 0.10506647825241089, 0.07721550017595291, 0.05865476652979851, 0.043568190187215805, 0.04385587200522423, 0.04292492941021919, 0.035139575600624084]
[0.6499524116516113, 0.19775958359241486, 0.12016532570123672, 0.07729731500148773, 0.06139308959245682, 0.04654023051261902, 0.03679284825921059, 0.03180978074669838, 0.02895454317331314, 0.027085036039352417]
Training time: 884 	steps per sec: 11
Eval num_timesteps=10240, episode_reward=nan +/- nan
Eval num_timesteps=10240, episode_success=nan +/- nan
se
11 11264 1024
diff [-0.05567699670791626, -0.0899297446012497, -0.01361655443906784, -0.027769163250923157, -0.015822410583496094, -0.01211453601717949, -0.0067753419280052185, -0.012046091258525848, -0.013970386236906052, -0.008054539561271667, -0.010084530338644981]
ref [0.7056294083595276, 0.28768932819366455, 0.13378188014030457, 0.10506647825241089, 0.07721550017595291, 0.05865476652979851, 0.043568190187215805, 0.04385587200522423, 0.04292492941021919, 0.035139575600624084, 0.03338278830051422]
[0.6499524116516113, 0.19775958359241486, 0.12016532570123672, 0.07729731500148773, 0.06139308959245682, 0.04654023051261902, 0.03679284825921059, 0.03180978074669838, 0.02895454317331314, 0.027085036039352417, 0.02329825796186924]
Training time: 1040 	steps per sec: 10
Eval num_timesteps=11264, episode_reward=nan +/- nan
Eval num_timesteps=11264, episode_success=nan +/- nan
se
12 12288 1024
diff [-0.05567699670791626, -0.0899297446012497, -0.01361655443906784, -0.027769163250923157, -0.015822410583496094, -0.01211453601717949, -0.0067753419280052185, -0.012046091258525848, -0.013970386236906052, -0.008054539561271667, -0.010084530338644981, -0.0057549625635147095]
ref [0.7056294083595276, 0.28768932819366455, 0.13378188014030457, 0.10506647825241089, 0.07721550017595291, 0.05865476652979851, 0.043568190187215805, 0.04385587200522423, 0.04292492941021919, 0.035139575600624084, 0.03338278830051422, 0.02635432966053486]
[0.6499524116516113, 0.19775958359241486, 0.12016532570123672, 0.07729731500148773, 0.06139308959245682, 0.04654023051261902, 0.03679284825921059, 0.03180978074669838, 0.02895454317331314, 0.027085036039352417, 0.02329825796186924, 0.02059936709702015]
Training time: 1204 	steps per sec: 10
Eval num_timesteps=12288, episode_reward=nan +/- nan
Eval num_timesteps=12288, episode_success=nan +/- nan
se
13 13312 1024
diff [-0.05567699670791626, -0.0899297446012497, -0.01361655443906784, -0.027769163250923157, -0.015822410583496094, -0.01211453601717949, -0.0067753419280052185, -0.012046091258525848, -0.013970386236906052, -0.008054539561271667, -0.010084530338644981, -0.0057549625635147095, -0.008480500429868698]
ref [0.7056294083595276, 0.28768932819366455, 0.13378188014030457, 0.10506647825241089, 0.07721550017595291, 0.05865476652979851, 0.043568190187215805, 0.04385587200522423, 0.04292492941021919, 0.035139575600624084, 0.03338278830051422, 0.02635432966053486, 0.02676185965538025]
[0.6499524116516113, 0.19775958359241486, 0.12016532570123672, 0.07729731500148773, 0.06139308959245682, 0.04654023051261902, 0.03679284825921059, 0.03180978074669838, 0.02895454317331314, 0.027085036039352417, 0.02329825796186924, 0.02059936709702015, 0.01828135922551155]
Training time: 1350 	steps per sec: 9
Eval num_timesteps=13312, episode_reward=nan +/- nan
Eval num_timesteps=13312, episode_success=nan +/- nan
se
14 14336 1024
diff [-0.05567699670791626, -0.0899297446012497, -0.01361655443906784, -0.027769163250923157, -0.015822410583496094, -0.01211453601717949, -0.0067753419280052185, -0.012046091258525848, -0.013970386236906052, -0.008054539561271667, -0.010084530338644981, -0.0057549625635147095, -0.008480500429868698, -0.005568202584981918]
ref [0.7056294083595276, 0.28768932819366455, 0.13378188014030457, 0.10506647825241089, 0.07721550017595291, 0.05865476652979851, 0.043568190187215805, 0.04385587200522423, 0.04292492941021919, 0.035139575600624084, 0.03338278830051422, 0.02635432966053486, 0.02676185965538025, 0.022629568353295326]
[0.6499524116516113, 0.19775958359241486, 0.12016532570123672, 0.07729731500148773, 0.06139308959245682, 0.04654023051261902, 0.03679284825921059, 0.03180978074669838, 0.02895454317331314, 0.027085036039352417, 0.02329825796186924, 0.02059936709702015, 0.01828135922551155, 0.017061365768313408]
Training time: 1506 	steps per sec: 9
Eval num_timesteps=14336, episode_reward=nan +/- nan
Eval num_timesteps=14336, episode_success=nan +/- nan
se
15 15360 1024
diff [-0.05567699670791626, -0.0899297446012497, -0.01361655443906784, -0.027769163250923157, -0.015822410583496094, -0.01211453601717949, -0.0067753419280052185, -0.012046091258525848, -0.013970386236906052, -0.008054539561271667, -0.010084530338644981, -0.0057549625635147095, -0.008480500429868698, -0.005568202584981918, -0.008270428515970707]
ref [0.7056294083595276, 0.28768932819366455, 0.13378188014030457, 0.10506647825241089, 0.07721550017595291, 0.05865476652979851, 0.043568190187215805, 0.04385587200522423, 0.04292492941021919, 0.035139575600624084, 0.03338278830051422, 0.02635432966053486, 0.02676185965538025, 0.022629568353295326, 0.02327514998614788]
[0.6499524116516113, 0.19775958359241486, 0.12016532570123672, 0.07729731500148773, 0.06139308959245682, 0.04654023051261902, 0.03679284825921059, 0.03180978074669838, 0.02895454317331314, 0.027085036039352417, 0.02329825796186924, 0.02059936709702015, 0.01828135922551155, 0.017061365768313408, 0.015004721470177174]
Training time: 1669 	steps per sec: 9
Eval num_timesteps=15360, episode_reward=nan +/- nan
Eval num_timesteps=15360, episode_success=nan +/- nan
se
16 16384 1024
diff [-0.05567699670791626, -0.0899297446012497, -0.01361655443906784, -0.027769163250923157, -0.015822410583496094, -0.01211453601717949, -0.0067753419280052185, -0.012046091258525848, -0.013970386236906052, -0.008054539561271667, -0.010084530338644981, -0.0057549625635147095, -0.008480500429868698, -0.005568202584981918, -0.008270428515970707, -0.005937239155173302]
ref [0.7056294083595276, 0.28768932819366455, 0.13378188014030457, 0.10506647825241089, 0.07721550017595291, 0.05865476652979851, 0.043568190187215805, 0.04385587200522423, 0.04292492941021919, 0.035139575600624084, 0.03338278830051422, 0.02635432966053486, 0.02676185965538025, 0.022629568353295326, 0.02327514998614788, 0.020426437258720398]
[0.6499524116516113, 0.19775958359241486, 0.12016532570123672, 0.07729731500148773, 0.06139308959245682, 0.04654023051261902, 0.03679284825921059, 0.03180978074669838, 0.02895454317331314, 0.027085036039352417, 0.02329825796186924, 0.02059936709702015, 0.01828135922551155, 0.017061365768313408, 0.015004721470177174, 0.014489198103547096]
Training time: 1846 	steps per sec: 8
Eval num_timesteps=16384, episode_reward=nan +/- nan
Eval num_timesteps=16384, episode_success=nan +/- nan
se
16 16384 1024
diff [-0.05567699670791626, -0.0899297446012497, -0.01361655443906784, -0.027769163250923157, -0.015822410583496094, -0.01211453601717949, -0.0067753419280052185, -0.012046091258525848, -0.013970386236906052, -0.008054539561271667, -0.010084530338644981, -0.0057549625635147095, -0.008480500429868698, -0.005568202584981918, -0.008270428515970707, -0.005937239155173302, -0.00545402429997921]
ref [0.7056294083595276, 0.28768932819366455, 0.13378188014030457, 0.10506647825241089, 0.07721550017595291, 0.05865476652979851, 0.043568190187215805, 0.04385587200522423, 0.04292492941021919, 0.035139575600624084, 0.03338278830051422, 0.02635432966053486, 0.02676185965538025, 0.022629568353295326, 0.02327514998614788, 0.020426437258720398, 0.020454909652471542]
[0.6499524116516113, 0.19775958359241486, 0.12016532570123672, 0.07729731500148773, 0.06139308959245682, 0.04654023051261902, 0.03679284825921059, 0.03180978074669838, 0.02895454317331314, 0.027085036039352417, 0.02329825796186924, 0.02059936709702015, 0.01828135922551155, 0.017061365768313408, 0.015004721470177174, 0.014489198103547096, 0.015000885352492332]
Training time: 2040 	steps per sec: 8
Eval num_timesteps=17408, episode_reward=nan +/- nan
Eval num_timesteps=17408, episode_success=nan +/- nan
se
16 16384 1024
diff [-0.05567699670791626, -0.0899297446012497, -0.01361655443906784, -0.027769163250923157, -0.015822410583496094, -0.01211453601717949, -0.0067753419280052185, -0.012046091258525848, -0.013970386236906052, -0.008054539561271667, -0.010084530338644981, -0.0057549625635147095, -0.008480500429868698, -0.005568202584981918, -0.008270428515970707, -0.005937239155173302, -0.00545402429997921, -0.004090212285518646]
ref [0.7056294083595276, 0.28768932819366455, 0.13378188014030457, 0.10506647825241089, 0.07721550017595291, 0.05865476652979851, 0.043568190187215805, 0.04385587200522423, 0.04292492941021919, 0.035139575600624084, 0.03338278830051422, 0.02635432966053486, 0.02676185965538025, 0.022629568353295326, 0.02327514998614788, 0.020426437258720398, 0.020454909652471542, 0.02003522217273712]
[0.6499524116516113, 0.19775958359241486, 0.12016532570123672, 0.07729731500148773, 0.06139308959245682, 0.04654023051261902, 0.03679284825921059, 0.03180978074669838, 0.02895454317331314, 0.027085036039352417, 0.02329825796186924, 0.02059936709702015, 0.01828135922551155, 0.017061365768313408, 0.015004721470177174, 0.014489198103547096, 0.015000885352492332, 0.015945009887218475]
Training time: 2223 	steps per sec: 8
Eval num_timesteps=18432, episode_reward=nan +/- nan
Eval num_timesteps=18432, episode_success=nan +/- nan
se
16 16384 1024
diff [-0.05567699670791626, -0.0899297446012497, -0.01361655443906784, -0.027769163250923157, -0.015822410583496094, -0.01211453601717949, -0.0067753419280052185, -0.012046091258525848, -0.013970386236906052, -0.008054539561271667, -0.010084530338644981, -0.0057549625635147095, -0.008480500429868698, -0.005568202584981918, -0.008270428515970707, -0.005937239155173302, -0.00545402429997921, -0.004090212285518646, -0.006236283108592033]
ref [0.7056294083595276, 0.28768932819366455, 0.13378188014030457, 0.10506647825241089, 0.07721550017595291, 0.05865476652979851, 0.043568190187215805, 0.04385587200522423, 0.04292492941021919, 0.035139575600624084, 0.03338278830051422, 0.02635432966053486, 0.02676185965538025, 0.022629568353295326, 0.02327514998614788, 0.020426437258720398, 0.020454909652471542, 0.02003522217273712, 0.02203436568379402]
[0.6499524116516113, 0.19775958359241486, 0.12016532570123672, 0.07729731500148773, 0.06139308959245682, 0.04654023051261902, 0.03679284825921059, 0.03180978074669838, 0.02895454317331314, 0.027085036039352417, 0.02329825796186924, 0.02059936709702015, 0.01828135922551155, 0.017061365768313408, 0.015004721470177174, 0.014489198103547096, 0.015000885352492332, 0.015945009887218475, 0.015798082575201988]
Training time: 2408 	steps per sec: 8
Eval num_timesteps=19456, episode_reward=nan +/- nan
Eval num_timesteps=19456, episode_success=nan +/- nan
se
16 16384 1024
diff [-0.05567699670791626, -0.0899297446012497, -0.01361655443906784, -0.027769163250923157, -0.015822410583496094, -0.01211453601717949, -0.0067753419280052185, -0.012046091258525848, -0.013970386236906052, -0.008054539561271667, -0.010084530338644981, -0.0057549625635147095, -0.008480500429868698, -0.005568202584981918, -0.008270428515970707, -0.005937239155173302, -0.00545402429997921, -0.004090212285518646, -0.006236283108592033, -0.0039641372859478]
ref [0.7056294083595276, 0.28768932819366455, 0.13378188014030457, 0.10506647825241089, 0.07721550017595291, 0.05865476652979851, 0.043568190187215805, 0.04385587200522423, 0.04292492941021919, 0.035139575600624084, 0.03338278830051422, 0.02635432966053486, 0.02676185965538025, 0.022629568353295326, 0.02327514998614788, 0.020426437258720398, 0.020454909652471542, 0.02003522217273712, 0.02203436568379402, 0.019055677577853203]
[0.6499524116516113, 0.19775958359241486, 0.12016532570123672, 0.07729731500148773, 0.06139308959245682, 0.04654023051261902, 0.03679284825921059, 0.03180978074669838, 0.02895454317331314, 0.027085036039352417, 0.02329825796186924, 0.02059936709702015, 0.01828135922551155, 0.017061365768313408, 0.015004721470177174, 0.014489198103547096, 0.015000885352492332, 0.015945009887218475, 0.015798082575201988, 0.015091540291905403]
Training time: 2603 	steps per sec: 7
Eval num_timesteps=20480, episode_reward=nan +/- nan
Eval num_timesteps=20480, episode_success=nan +/- nan
se
16 16384 1024
diff [-0.05567699670791626, -0.0899297446012497, -0.01361655443906784, -0.027769163250923157, -0.015822410583496094, -0.01211453601717949, -0.0067753419280052185, -0.012046091258525848, -0.013970386236906052, -0.008054539561271667, -0.010084530338644981, -0.0057549625635147095, -0.008480500429868698, -0.005568202584981918, -0.008270428515970707, -0.005937239155173302, -0.00545402429997921, -0.004090212285518646, -0.006236283108592033, -0.0039641372859478, -0.00784752145409584]
ref [0.7056294083595276, 0.28768932819366455, 0.13378188014030457, 0.10506647825241089, 0.07721550017595291, 0.05865476652979851, 0.043568190187215805, 0.04385587200522423, 0.04292492941021919, 0.035139575600624084, 0.03338278830051422, 0.02635432966053486, 0.02676185965538025, 0.022629568353295326, 0.02327514998614788, 0.020426437258720398, 0.020454909652471542, 0.02003522217273712, 0.02203436568379402, 0.019055677577853203, 0.022952256724238396]
[0.6499524116516113, 0.19775958359241486, 0.12016532570123672, 0.07729731500148773, 0.06139308959245682, 0.04654023051261902, 0.03679284825921059, 0.03180978074669838, 0.02895454317331314, 0.027085036039352417, 0.02329825796186924, 0.02059936709702015, 0.01828135922551155, 0.017061365768313408, 0.015004721470177174, 0.014489198103547096, 0.015000885352492332, 0.015945009887218475, 0.015798082575201988, 0.015091540291905403, 0.015104735270142555]
Training time: 2793 	steps per sec: 7
Eval num_timesteps=21504, episode_reward=nan +/- nan
Eval num_timesteps=21504, episode_success=nan +/- nan
se
16 16384 1024
diff [-0.05567699670791626, -0.0899297446012497, -0.01361655443906784, -0.027769163250923157, -0.015822410583496094, -0.01211453601717949, -0.0067753419280052185, -0.012046091258525848, -0.013970386236906052, -0.008054539561271667, -0.010084530338644981, -0.0057549625635147095, -0.008480500429868698, -0.005568202584981918, -0.008270428515970707, -0.005937239155173302, -0.00545402429997921, -0.004090212285518646, -0.006236283108592033, -0.0039641372859478, -0.00784752145409584, -0.006052841432392597]
ref [0.7056294083595276, 0.28768932819366455, 0.13378188014030457, 0.10506647825241089, 0.07721550017595291, 0.05865476652979851, 0.043568190187215805, 0.04385587200522423, 0.04292492941021919, 0.035139575600624084, 0.03338278830051422, 0.02635432966053486, 0.02676185965538025, 0.022629568353295326, 0.02327514998614788, 0.020426437258720398, 0.020454909652471542, 0.02003522217273712, 0.02203436568379402, 0.019055677577853203, 0.022952256724238396, 0.02076602354645729]
[0.6499524116516113, 0.19775958359241486, 0.12016532570123672, 0.07729731500148773, 0.06139308959245682, 0.04654023051261902, 0.03679284825921059, 0.03180978074669838, 0.02895454317331314, 0.027085036039352417, 0.02329825796186924, 0.02059936709702015, 0.01828135922551155, 0.017061365768313408, 0.015004721470177174, 0.014489198103547096, 0.015000885352492332, 0.015945009887218475, 0.015798082575201988, 0.015091540291905403, 0.015104735270142555, 0.014713182114064693]
Training time: 3012 	steps per sec: 7
Eval num_timesteps=22528, episode_reward=nan +/- nan
Eval num_timesteps=22528, episode_success=nan +/- nan
se
16 16384 1024
diff [-0.05567699670791626, -0.0899297446012497, -0.01361655443906784, -0.027769163250923157, -0.015822410583496094, -0.01211453601717949, -0.0067753419280052185, -0.012046091258525848, -0.013970386236906052, -0.008054539561271667, -0.010084530338644981, -0.0057549625635147095, -0.008480500429868698, -0.005568202584981918, -0.008270428515970707, -0.005937239155173302, -0.00545402429997921, -0.004090212285518646, -0.006236283108592033, -0.0039641372859478, -0.00784752145409584, -0.006052841432392597, -0.005619220435619354]
ref [0.7056294083595276, 0.28768932819366455, 0.13378188014030457, 0.10506647825241089, 0.07721550017595291, 0.05865476652979851, 0.043568190187215805, 0.04385587200522423, 0.04292492941021919, 0.035139575600624084, 0.03338278830051422, 0.02635432966053486, 0.02676185965538025, 0.022629568353295326, 0.02327514998614788, 0.020426437258720398, 0.020454909652471542, 0.02003522217273712, 0.02203436568379402, 0.019055677577853203, 0.022952256724238396, 0.02076602354645729, 0.02149345353245735]
[0.6499524116516113, 0.19775958359241486, 0.12016532570123672, 0.07729731500148773, 0.06139308959245682, 0.04654023051261902, 0.03679284825921059, 0.03180978074669838, 0.02895454317331314, 0.027085036039352417, 0.02329825796186924, 0.02059936709702015, 0.01828135922551155, 0.017061365768313408, 0.015004721470177174, 0.014489198103547096, 0.015000885352492332, 0.015945009887218475, 0.015798082575201988, 0.015091540291905403, 0.015104735270142555, 0.014713182114064693, 0.015874233096837997]
Training time: 3241 	steps per sec: 7
Eval num_timesteps=23552, episode_reward=nan +/- nan
Eval num_timesteps=23552, episode_success=nan +/- nan
se
16 16384 1024
diff [-0.05567699670791626, -0.0899297446012497, -0.01361655443906784, -0.027769163250923157, -0.015822410583496094, -0.01211453601717949, -0.0067753419280052185, -0.012046091258525848, -0.013970386236906052, -0.008054539561271667, -0.010084530338644981, -0.0057549625635147095, -0.008480500429868698, -0.005568202584981918, -0.008270428515970707, -0.005937239155173302, -0.00545402429997921, -0.004090212285518646, -0.006236283108592033, -0.0039641372859478, -0.00784752145409584, -0.006052841432392597, -0.005619220435619354, -0.0058517903089523315]
ref [0.7056294083595276, 0.28768932819366455, 0.13378188014030457, 0.10506647825241089, 0.07721550017595291, 0.05865476652979851, 0.043568190187215805, 0.04385587200522423, 0.04292492941021919, 0.035139575600624084, 0.03338278830051422, 0.02635432966053486, 0.02676185965538025, 0.022629568353295326, 0.02327514998614788, 0.020426437258720398, 0.020454909652471542, 0.02003522217273712, 0.02203436568379402, 0.019055677577853203, 0.022952256724238396, 0.02076602354645729, 0.02149345353245735, 0.02235300838947296]
[0.6499524116516113, 0.19775958359241486, 0.12016532570123672, 0.07729731500148773, 0.06139308959245682, 0.04654023051261902, 0.03679284825921059, 0.03180978074669838, 0.02895454317331314, 0.027085036039352417, 0.02329825796186924, 0.02059936709702015, 0.01828135922551155, 0.017061365768313408, 0.015004721470177174, 0.014489198103547096, 0.015000885352492332, 0.015945009887218475, 0.015798082575201988, 0.015091540291905403, 0.015104735270142555, 0.014713182114064693, 0.015874233096837997, 0.01650121808052063]
Training time: 3459 	steps per sec: 7
Eval num_timesteps=24576, episode_reward=nan +/- nan
Eval num_timesteps=24576, episode_success=nan +/- nan
se
16 16384 1024
diff [-0.05567699670791626, -0.0899297446012497, -0.01361655443906784, -0.027769163250923157, -0.015822410583496094, -0.01211453601717949, -0.0067753419280052185, -0.012046091258525848, -0.013970386236906052, -0.008054539561271667, -0.010084530338644981, -0.0057549625635147095, -0.008480500429868698, -0.005568202584981918, -0.008270428515970707, -0.005937239155173302, -0.00545402429997921, -0.004090212285518646, -0.006236283108592033, -0.0039641372859478, -0.00784752145409584, -0.006052841432392597, -0.005619220435619354, -0.0058517903089523315, -0.004357663914561272]
ref [0.7056294083595276, 0.28768932819366455, 0.13378188014030457, 0.10506647825241089, 0.07721550017595291, 0.05865476652979851, 0.043568190187215805, 0.04385587200522423, 0.04292492941021919, 0.035139575600624084, 0.03338278830051422, 0.02635432966053486, 0.02676185965538025, 0.022629568353295326, 0.02327514998614788, 0.020426437258720398, 0.020454909652471542, 0.02003522217273712, 0.02203436568379402, 0.019055677577853203, 0.022952256724238396, 0.02076602354645729, 0.02149345353245735, 0.02235300838947296, 0.02216530591249466]
[0.6499524116516113, 0.19775958359241486, 0.12016532570123672, 0.07729731500148773, 0.06139308959245682, 0.04654023051261902, 0.03679284825921059, 0.03180978074669838, 0.02895454317331314, 0.027085036039352417, 0.02329825796186924, 0.02059936709702015, 0.01828135922551155, 0.017061365768313408, 0.015004721470177174, 0.014489198103547096, 0.015000885352492332, 0.015945009887218475, 0.015798082575201988, 0.015091540291905403, 0.015104735270142555, 0.014713182114064693, 0.015874233096837997, 0.01650121808052063, 0.017807641997933388]
Training time: 3659 	steps per sec: 6
Eval num_timesteps=25600, episode_reward=nan +/- nan
Eval num_timesteps=25600, episode_success=nan +/- nan
se
16 16384 1024
diff [-0.05567699670791626, -0.0899297446012497, -0.01361655443906784, -0.027769163250923157, -0.015822410583496094, -0.01211453601717949, -0.0067753419280052185, -0.012046091258525848, -0.013970386236906052, -0.008054539561271667, -0.010084530338644981, -0.0057549625635147095, -0.008480500429868698, -0.005568202584981918, -0.008270428515970707, -0.005937239155173302, -0.00545402429997921, -0.004090212285518646, -0.006236283108592033, -0.0039641372859478, -0.00784752145409584, -0.006052841432392597, -0.005619220435619354, -0.0058517903089523315, -0.004357663914561272, -0.004696918651461601]
ref [0.7056294083595276, 0.28768932819366455, 0.13378188014030457, 0.10506647825241089, 0.07721550017595291, 0.05865476652979851, 0.043568190187215805, 0.04385587200522423, 0.04292492941021919, 0.035139575600624084, 0.03338278830051422, 0.02635432966053486, 0.02676185965538025, 0.022629568353295326, 0.02327514998614788, 0.020426437258720398, 0.020454909652471542, 0.02003522217273712, 0.02203436568379402, 0.019055677577853203, 0.022952256724238396, 0.02076602354645729, 0.02149345353245735, 0.02235300838947296, 0.02216530591249466, 0.021588467061519623]
[0.6499524116516113, 0.19775958359241486, 0.12016532570123672, 0.07729731500148773, 0.06139308959245682, 0.04654023051261902, 0.03679284825921059, 0.03180978074669838, 0.02895454317331314, 0.027085036039352417, 0.02329825796186924, 0.02059936709702015, 0.01828135922551155, 0.017061365768313408, 0.015004721470177174, 0.014489198103547096, 0.015000885352492332, 0.015945009887218475, 0.015798082575201988, 0.015091540291905403, 0.015104735270142555, 0.014713182114064693, 0.015874233096837997, 0.01650121808052063, 0.017807641997933388, 0.01689154841005802]
Training time: 3877 	steps per sec: 6
Eval num_timesteps=26624, episode_reward=nan +/- nan
Eval num_timesteps=26624, episode_success=nan +/- nan
se
16 16384 1024
diff [-0.05567699670791626, -0.0899297446012497, -0.01361655443906784, -0.027769163250923157, -0.015822410583496094, -0.01211453601717949, -0.0067753419280052185, -0.012046091258525848, -0.013970386236906052, -0.008054539561271667, -0.010084530338644981, -0.0057549625635147095, -0.008480500429868698, -0.005568202584981918, -0.008270428515970707, -0.005937239155173302, -0.00545402429997921, -0.004090212285518646, -0.006236283108592033, -0.0039641372859478, -0.00784752145409584, -0.006052841432392597, -0.005619220435619354, -0.0058517903089523315, -0.004357663914561272, -0.004696918651461601, -0.006232313811779022]
ref [0.7056294083595276, 0.28768932819366455, 0.13378188014030457, 0.10506647825241089, 0.07721550017595291, 0.05865476652979851, 0.043568190187215805, 0.04385587200522423, 0.04292492941021919, 0.035139575600624084, 0.03338278830051422, 0.02635432966053486, 0.02676185965538025, 0.022629568353295326, 0.02327514998614788, 0.020426437258720398, 0.020454909652471542, 0.02003522217273712, 0.02203436568379402, 0.019055677577853203, 0.022952256724238396, 0.02076602354645729, 0.02149345353245735, 0.02235300838947296, 0.02216530591249466, 0.021588467061519623, 0.02217935211956501]
[0.6499524116516113, 0.19775958359241486, 0.12016532570123672, 0.07729731500148773, 0.06139308959245682, 0.04654023051261902, 0.03679284825921059, 0.03180978074669838, 0.02895454317331314, 0.027085036039352417, 0.02329825796186924, 0.02059936709702015, 0.01828135922551155, 0.017061365768313408, 0.015004721470177174, 0.014489198103547096, 0.015000885352492332, 0.015945009887218475, 0.015798082575201988, 0.015091540291905403, 0.015104735270142555, 0.014713182114064693, 0.015874233096837997, 0.01650121808052063, 0.017807641997933388, 0.01689154841005802, 0.015947038307785988]
Training time: 4102 	steps per sec: 6
Eval num_timesteps=27648, episode_reward=nan +/- nan
Eval num_timesteps=27648, episode_success=nan +/- nan
se
16 16384 1024
diff [-0.05567699670791626, -0.0899297446012497, -0.01361655443906784, -0.027769163250923157, -0.015822410583496094, -0.01211453601717949, -0.0067753419280052185, -0.012046091258525848, -0.013970386236906052, -0.008054539561271667, -0.010084530338644981, -0.0057549625635147095, -0.008480500429868698, -0.005568202584981918, -0.008270428515970707, -0.005937239155173302, -0.00545402429997921, -0.004090212285518646, -0.006236283108592033, -0.0039641372859478, -0.00784752145409584, -0.006052841432392597, -0.005619220435619354, -0.0058517903089523315, -0.004357663914561272, -0.004696918651461601, -0.006232313811779022, -0.0034049414098262787]
ref [0.7056294083595276, 0.28768932819366455, 0.13378188014030457, 0.10506647825241089, 0.07721550017595291, 0.05865476652979851, 0.043568190187215805, 0.04385587200522423, 0.04292492941021919, 0.035139575600624084, 0.03338278830051422, 0.02635432966053486, 0.02676185965538025, 0.022629568353295326, 0.02327514998614788, 0.020426437258720398, 0.020454909652471542, 0.02003522217273712, 0.02203436568379402, 0.019055677577853203, 0.022952256724238396, 0.02076602354645729, 0.02149345353245735, 0.02235300838947296, 0.02216530591249466, 0.021588467061519623, 0.02217935211956501, 0.019156962633132935]
[0.6499524116516113, 0.19775958359241486, 0.12016532570123672, 0.07729731500148773, 0.06139308959245682, 0.04654023051261902, 0.03679284825921059, 0.03180978074669838, 0.02895454317331314, 0.027085036039352417, 0.02329825796186924, 0.02059936709702015, 0.01828135922551155, 0.017061365768313408, 0.015004721470177174, 0.014489198103547096, 0.015000885352492332, 0.015945009887218475, 0.015798082575201988, 0.015091540291905403, 0.015104735270142555, 0.014713182114064693, 0.015874233096837997, 0.01650121808052063, 0.017807641997933388, 0.01689154841005802, 0.015947038307785988, 0.015752021223306656]
Training time: 4330 	steps per sec: 6
Eval num_timesteps=28672, episode_reward=nan +/- nan
Eval num_timesteps=28672, episode_success=nan +/- nan
se
16 16384 1024
diff [-0.05567699670791626, -0.0899297446012497, -0.01361655443906784, -0.027769163250923157, -0.015822410583496094, -0.01211453601717949, -0.0067753419280052185, -0.012046091258525848, -0.013970386236906052, -0.008054539561271667, -0.010084530338644981, -0.0057549625635147095, -0.008480500429868698, -0.005568202584981918, -0.008270428515970707, -0.005937239155173302, -0.00545402429997921, -0.004090212285518646, -0.006236283108592033, -0.0039641372859478, -0.00784752145409584, -0.006052841432392597, -0.005619220435619354, -0.0058517903089523315, -0.004357663914561272, -0.004696918651461601, -0.006232313811779022, -0.0034049414098262787, -0.003831731155514717]
ref [0.7056294083595276, 0.28768932819366455, 0.13378188014030457, 0.10506647825241089, 0.07721550017595291, 0.05865476652979851, 0.043568190187215805, 0.04385587200522423, 0.04292492941021919, 0.035139575600624084, 0.03338278830051422, 0.02635432966053486, 0.02676185965538025, 0.022629568353295326, 0.02327514998614788, 0.020426437258720398, 0.020454909652471542, 0.02003522217273712, 0.02203436568379402, 0.019055677577853203, 0.022952256724238396, 0.02076602354645729, 0.02149345353245735, 0.02235300838947296, 0.02216530591249466, 0.021588467061519623, 0.02217935211956501, 0.019156962633132935, 0.019685184583067894]
[0.6499524116516113, 0.19775958359241486, 0.12016532570123672, 0.07729731500148773, 0.06139308959245682, 0.04654023051261902, 0.03679284825921059, 0.03180978074669838, 0.02895454317331314, 0.027085036039352417, 0.02329825796186924, 0.02059936709702015, 0.01828135922551155, 0.017061365768313408, 0.015004721470177174, 0.014489198103547096, 0.015000885352492332, 0.015945009887218475, 0.015798082575201988, 0.015091540291905403, 0.015104735270142555, 0.014713182114064693, 0.015874233096837997, 0.01650121808052063, 0.017807641997933388, 0.01689154841005802, 0.015947038307785988, 0.015752021223306656, 0.015853453427553177]
Training time: 4558 	steps per sec: 6
Eval num_timesteps=29696, episode_reward=nan +/- nan
Eval num_timesteps=29696, episode_success=nan +/- nan
se
16 16384 1024
diff [-0.05567699670791626, -0.0899297446012497, -0.01361655443906784, -0.027769163250923157, -0.015822410583496094, -0.01211453601717949, -0.0067753419280052185, -0.012046091258525848, -0.013970386236906052, -0.008054539561271667, -0.010084530338644981, -0.0057549625635147095, -0.008480500429868698, -0.005568202584981918, -0.008270428515970707, -0.005937239155173302, -0.00545402429997921, -0.004090212285518646, -0.006236283108592033, -0.0039641372859478, -0.00784752145409584, -0.006052841432392597, -0.005619220435619354, -0.0058517903089523315, -0.004357663914561272, -0.004696918651461601, -0.006232313811779022, -0.0034049414098262787, -0.003831731155514717, -0.0043218862265348434]
ref [0.7056294083595276, 0.28768932819366455, 0.13378188014030457, 0.10506647825241089, 0.07721550017595291, 0.05865476652979851, 0.043568190187215805, 0.04385587200522423, 0.04292492941021919, 0.035139575600624084, 0.03338278830051422, 0.02635432966053486, 0.02676185965538025, 0.022629568353295326, 0.02327514998614788, 0.020426437258720398, 0.020454909652471542, 0.02003522217273712, 0.02203436568379402, 0.019055677577853203, 0.022952256724238396, 0.02076602354645729, 0.02149345353245735, 0.02235300838947296, 0.02216530591249466, 0.021588467061519623, 0.02217935211956501, 0.019156962633132935, 0.019685184583067894, 0.019992977380752563]
[0.6499524116516113, 0.19775958359241486, 0.12016532570123672, 0.07729731500148773, 0.06139308959245682, 0.04654023051261902, 0.03679284825921059, 0.03180978074669838, 0.02895454317331314, 0.027085036039352417, 0.02329825796186924, 0.02059936709702015, 0.01828135922551155, 0.017061365768313408, 0.015004721470177174, 0.014489198103547096, 0.015000885352492332, 0.015945009887218475, 0.015798082575201988, 0.015091540291905403, 0.015104735270142555, 0.014713182114064693, 0.015874233096837997, 0.01650121808052063, 0.017807641997933388, 0.01689154841005802, 0.015947038307785988, 0.015752021223306656, 0.015853453427553177, 0.01567109115421772]
Training time: 4796 	steps per sec: 6
Eval num_timesteps=30720, episode_reward=nan +/- nan
Eval num_timesteps=30720, episode_success=nan +/- nan
se
16 16384 1024
diff [-0.05567699670791626, -0.0899297446012497, -0.01361655443906784, -0.027769163250923157, -0.015822410583496094, -0.01211453601717949, -0.0067753419280052185, -0.012046091258525848, -0.013970386236906052, -0.008054539561271667, -0.010084530338644981, -0.0057549625635147095, -0.008480500429868698, -0.005568202584981918, -0.008270428515970707, -0.005937239155173302, -0.00545402429997921, -0.004090212285518646, -0.006236283108592033, -0.0039641372859478, -0.00784752145409584, -0.006052841432392597, -0.005619220435619354, -0.0058517903089523315, -0.004357663914561272, -0.004696918651461601, -0.006232313811779022, -0.0034049414098262787, -0.003831731155514717, -0.0043218862265348434, -0.007413357496261597]
ref [0.7056294083595276, 0.28768932819366455, 0.13378188014030457, 0.10506647825241089, 0.07721550017595291, 0.05865476652979851, 0.043568190187215805, 0.04385587200522423, 0.04292492941021919, 0.035139575600624084, 0.03338278830051422, 0.02635432966053486, 0.02676185965538025, 0.022629568353295326, 0.02327514998614788, 0.020426437258720398, 0.020454909652471542, 0.02003522217273712, 0.02203436568379402, 0.019055677577853203, 0.022952256724238396, 0.02076602354645729, 0.02149345353245735, 0.02235300838947296, 0.02216530591249466, 0.021588467061519623, 0.02217935211956501, 0.019156962633132935, 0.019685184583067894, 0.019992977380752563, 0.02246810495853424]
[0.6499524116516113, 0.19775958359241486, 0.12016532570123672, 0.07729731500148773, 0.06139308959245682, 0.04654023051261902, 0.03679284825921059, 0.03180978074669838, 0.02895454317331314, 0.027085036039352417, 0.02329825796186924, 0.02059936709702015, 0.01828135922551155, 0.017061365768313408, 0.015004721470177174, 0.014489198103547096, 0.015000885352492332, 0.015945009887218475, 0.015798082575201988, 0.015091540291905403, 0.015104735270142555, 0.014713182114064693, 0.015874233096837997, 0.01650121808052063, 0.017807641997933388, 0.01689154841005802, 0.015947038307785988, 0.015752021223306656, 0.015853453427553177, 0.01567109115421772, 0.015054747462272644]
Training time: 5024 	steps per sec: 6
Eval num_timesteps=31744, episode_reward=nan +/- nan
Eval num_timesteps=31744, episode_success=nan +/- nan
se
16 16384 1024
diff [-0.05567699670791626, -0.0899297446012497, -0.01361655443906784, -0.027769163250923157, -0.015822410583496094, -0.01211453601717949, -0.0067753419280052185, -0.012046091258525848, -0.013970386236906052, -0.008054539561271667, -0.010084530338644981, -0.0057549625635147095, -0.008480500429868698, -0.005568202584981918, -0.008270428515970707, -0.005937239155173302, -0.00545402429997921, -0.004090212285518646, -0.006236283108592033, -0.0039641372859478, -0.00784752145409584, -0.006052841432392597, -0.005619220435619354, -0.0058517903089523315, -0.004357663914561272, -0.004696918651461601, -0.006232313811779022, -0.0034049414098262787, -0.003831731155514717, -0.0043218862265348434, -0.007413357496261597, -0.004014007747173309]
ref [0.7056294083595276, 0.28768932819366455, 0.13378188014030457, 0.10506647825241089, 0.07721550017595291, 0.05865476652979851, 0.043568190187215805, 0.04385587200522423, 0.04292492941021919, 0.035139575600624084, 0.03338278830051422, 0.02635432966053486, 0.02676185965538025, 0.022629568353295326, 0.02327514998614788, 0.020426437258720398, 0.020454909652471542, 0.02003522217273712, 0.02203436568379402, 0.019055677577853203, 0.022952256724238396, 0.02076602354645729, 0.02149345353245735, 0.02235300838947296, 0.02216530591249466, 0.021588467061519623, 0.02217935211956501, 0.019156962633132935, 0.019685184583067894, 0.019992977380752563, 0.02246810495853424, 0.019260413944721222]
[0.6499524116516113, 0.19775958359241486, 0.12016532570123672, 0.07729731500148773, 0.06139308959245682, 0.04654023051261902, 0.03679284825921059, 0.03180978074669838, 0.02895454317331314, 0.027085036039352417, 0.02329825796186924, 0.02059936709702015, 0.01828135922551155, 0.017061365768313408, 0.015004721470177174, 0.014489198103547096, 0.015000885352492332, 0.015945009887218475, 0.015798082575201988, 0.015091540291905403, 0.015104735270142555, 0.014713182114064693, 0.015874233096837997, 0.01650121808052063, 0.017807641997933388, 0.01689154841005802, 0.015947038307785988, 0.015752021223306656, 0.015853453427553177, 0.01567109115421772, 0.015054747462272644, 0.015246406197547913]
Training time: 5242 	steps per sec: 6
Eval num_timesteps=32768, episode_reward=nan +/- nan
Eval num_timesteps=32768, episode_success=nan +/- nan
results/Ant-v4/
results/Ant-v4/ppo_ros/
results/Ant-v4/ppo_ros/expert/
results/Ant-v4/ppo_ros/expert/b_16/
results/Ant-v4/ppo_ros/expert/b_16/no_lambda/
results/Ant-v4/ppo_ros/expert/b_16/no_lambda/run_0/
results/Ant-v4/ppo_ros/expert/b_16/no_lambda/run_0/evaluations.npz
results/Ant-v4/ppo_ros/expert/b_16/no_lambda/run_0/stats.npz
results/Ant-v4/ppo_ros/expert/b_16/no_lambda/run_0/config.yml
