ppo_ros_continuous.py --env-id Ant-v4 -s expert/b_16/no_clip_lambda --total-timesteps 32768 --eval-freq 1 --eval-episodes 0 -b 16 --num-steps 1024 -lr 0 --update-epochs 0 --anneal-lr 0 --ros-num-steps 256 --ros-update-epochs 16 --ros-target-kl 0.05 --ros-clip-coef 999999999 --ros-lambda 0 -ros-lr 0.0001 --ros-anneal-lr 0 --se 1 --se-freq 1 --se-lr 1e-3 --se-epochs 1000 --policy-path policies/Ant-v4/best_model.zip --normalization-dir policies/Ant-v4
Obtaining file:///var/lib/condor/execute/slot1/dir_394767/PPOROS/PPOROS/custom-envs
  Preparing metadata (setup.py): started
  Preparing metadata (setup.py): finished with status 'done'
Requirement already satisfied: gym in /var/lib/condor/execute/slot1/dir_394767/PPOROS/ppo-ros_env/lib/python3.9/site-packages (from custom-envs==0.0.1) (0.21.0)
Requirement already satisfied: cloudpickle>=1.2.0 in /var/lib/condor/execute/slot1/dir_394767/PPOROS/ppo-ros_env/lib/python3.9/site-packages (from gym->custom-envs==0.0.1) (2.2.1)
Requirement already satisfied: numpy>=1.18.0 in /var/lib/condor/execute/slot1/dir_394767/PPOROS/ppo-ros_env/lib/python3.9/site-packages (from gym->custom-envs==0.0.1) (1.24.2)
Installing collected packages: custom-envs
  Running setup.py develop for custom-envs
Successfully installed custom-envs-0.0.1
seed: 4
Eval num_timesteps=0, episode_reward=nan +/- nan
Eval num_timesteps=0, episode_success=nan +/- nan
se
1 1024 1024
diff [0.10724020004272461]
ref [0.7140989303588867]
[0.8213391304016113]
Training time: 31 	steps per sec: 32
Eval num_timesteps=1024, episode_reward=nan +/- nan
Eval num_timesteps=1024, episode_success=nan +/- nan
se
2 2048 1024
diff [0.10724020004272461, 0.029776543378829956]
ref [0.7140989303588867, 0.20636509358882904]
[0.8213391304016113, 0.236141636967659]
Training time: 63 	steps per sec: 32
Eval num_timesteps=2048, episode_reward=nan +/- nan
Eval num_timesteps=2048, episode_success=nan +/- nan
se
3 3072 1024
diff [0.10724020004272461, 0.029776543378829956, -0.01841682195663452]
ref [0.7140989303588867, 0.20636509358882904, 0.15366457402706146]
[0.8213391304016113, 0.236141636967659, 0.13524775207042694]
Training time: 105 	steps per sec: 29
Eval num_timesteps=3072, episode_reward=nan +/- nan
Eval num_timesteps=3072, episode_success=nan +/- nan
se
4 4096 1024
diff [0.10724020004272461, 0.029776543378829956, -0.01841682195663452, -0.02001318335533142]
ref [0.7140989303588867, 0.20636509358882904, 0.15366457402706146, 0.10155545175075531]
[0.8213391304016113, 0.236141636967659, 0.13524775207042694, 0.08154226839542389]
Training time: 152 	steps per sec: 26
Eval num_timesteps=4096, episode_reward=nan +/- nan
Eval num_timesteps=4096, episode_success=nan +/- nan
se
5 5120 1024
diff [0.10724020004272461, 0.029776543378829956, -0.01841682195663452, -0.02001318335533142, -0.014927275478839874]
ref [0.7140989303588867, 0.20636509358882904, 0.15366457402706146, 0.10155545175075531, 0.08164028823375702]
[0.8213391304016113, 0.236141636967659, 0.13524775207042694, 0.08154226839542389, 0.06671301275491714]
Training time: 209 	steps per sec: 24
Eval num_timesteps=5120, episode_reward=nan +/- nan
Eval num_timesteps=5120, episode_success=nan +/- nan
se
6 6144 1024
diff [0.10724020004272461, 0.029776543378829956, -0.01841682195663452, -0.02001318335533142, -0.014927275478839874, -0.0012519732117652893]
ref [0.7140989303588867, 0.20636509358882904, 0.15366457402706146, 0.10155545175075531, 0.08164028823375702, 0.05618240311741829]
[0.8213391304016113, 0.236141636967659, 0.13524775207042694, 0.08154226839542389, 0.06671301275491714, 0.054930429905653]
Training time: 302 	steps per sec: 20
Eval num_timesteps=6144, episode_reward=nan +/- nan
Eval num_timesteps=6144, episode_success=nan +/- nan
se
7 7168 1024
diff [0.10724020004272461, 0.029776543378829956, -0.01841682195663452, -0.02001318335533142, -0.014927275478839874, -0.0012519732117652893, -0.004503712058067322]
ref [0.7140989303588867, 0.20636509358882904, 0.15366457402706146, 0.10155545175075531, 0.08164028823375702, 0.05618240311741829, 0.0507635660469532]
[0.8213391304016113, 0.236141636967659, 0.13524775207042694, 0.08154226839542389, 0.06671301275491714, 0.054930429905653, 0.04625985398888588]
Training time: 393 	steps per sec: 18
Eval num_timesteps=7168, episode_reward=nan +/- nan
Eval num_timesteps=7168, episode_success=nan +/- nan
se
8 8192 1024
diff [0.10724020004272461, 0.029776543378829956, -0.01841682195663452, -0.02001318335533142, -0.014927275478839874, -0.0012519732117652893, -0.004503712058067322, -0.011033900082111359]
ref [0.7140989303588867, 0.20636509358882904, 0.15366457402706146, 0.10155545175075531, 0.08164028823375702, 0.05618240311741829, 0.0507635660469532, 0.05124596878886223]
[0.8213391304016113, 0.236141636967659, 0.13524775207042694, 0.08154226839542389, 0.06671301275491714, 0.054930429905653, 0.04625985398888588, 0.04021206870675087]
Training time: 491 	steps per sec: 16
Eval num_timesteps=8192, episode_reward=nan +/- nan
Eval num_timesteps=8192, episode_success=nan +/- nan
se
9 9216 1024
diff [0.10724020004272461, 0.029776543378829956, -0.01841682195663452, -0.02001318335533142, -0.014927275478839874, -0.0012519732117652893, -0.004503712058067322, -0.011033900082111359, -0.003592543303966522]
ref [0.7140989303588867, 0.20636509358882904, 0.15366457402706146, 0.10155545175075531, 0.08164028823375702, 0.05618240311741829, 0.0507635660469532, 0.05124596878886223, 0.03720370680093765]
[0.8213391304016113, 0.236141636967659, 0.13524775207042694, 0.08154226839542389, 0.06671301275491714, 0.054930429905653, 0.04625985398888588, 0.04021206870675087, 0.03361116349697113]
Training time: 597 	steps per sec: 15
Eval num_timesteps=9216, episode_reward=nan +/- nan
Eval num_timesteps=9216, episode_success=nan +/- nan
se
10 10240 1024
diff [0.10724020004272461, 0.029776543378829956, -0.01841682195663452, -0.02001318335533142, -0.014927275478839874, -0.0012519732117652893, -0.004503712058067322, -0.011033900082111359, -0.003592543303966522, -0.005501678213477135]
ref [0.7140989303588867, 0.20636509358882904, 0.15366457402706146, 0.10155545175075531, 0.08164028823375702, 0.05618240311741829, 0.0507635660469532, 0.05124596878886223, 0.03720370680093765, 0.03534093126654625]
[0.8213391304016113, 0.236141636967659, 0.13524775207042694, 0.08154226839542389, 0.06671301275491714, 0.054930429905653, 0.04625985398888588, 0.04021206870675087, 0.03361116349697113, 0.029839253053069115]
Training time: 709 	steps per sec: 14
Eval num_timesteps=10240, episode_reward=nan +/- nan
Eval num_timesteps=10240, episode_success=nan +/- nan
se
11 11264 1024
diff [0.10724020004272461, 0.029776543378829956, -0.01841682195663452, -0.02001318335533142, -0.014927275478839874, -0.0012519732117652893, -0.004503712058067322, -0.011033900082111359, -0.003592543303966522, -0.005501678213477135, -0.001529499888420105]
ref [0.7140989303588867, 0.20636509358882904, 0.15366457402706146, 0.10155545175075531, 0.08164028823375702, 0.05618240311741829, 0.0507635660469532, 0.05124596878886223, 0.03720370680093765, 0.03534093126654625, 0.02863556332886219]
[0.8213391304016113, 0.236141636967659, 0.13524775207042694, 0.08154226839542389, 0.06671301275491714, 0.054930429905653, 0.04625985398888588, 0.04021206870675087, 0.03361116349697113, 0.029839253053069115, 0.027106063440442085]
Training time: 835 	steps per sec: 13
Eval num_timesteps=11264, episode_reward=nan +/- nan
Eval num_timesteps=11264, episode_success=nan +/- nan
se
12 12288 1024
diff [0.10724020004272461, 0.029776543378829956, -0.01841682195663452, -0.02001318335533142, -0.014927275478839874, -0.0012519732117652893, -0.004503712058067322, -0.011033900082111359, -0.003592543303966522, -0.005501678213477135, -0.001529499888420105, -0.0013911779969930649]
ref [0.7140989303588867, 0.20636509358882904, 0.15366457402706146, 0.10155545175075531, 0.08164028823375702, 0.05618240311741829, 0.0507635660469532, 0.05124596878886223, 0.03720370680093765, 0.03534093126654625, 0.02863556332886219, 0.025578325614333153]
[0.8213391304016113, 0.236141636967659, 0.13524775207042694, 0.08154226839542389, 0.06671301275491714, 0.054930429905653, 0.04625985398888588, 0.04021206870675087, 0.03361116349697113, 0.029839253053069115, 0.027106063440442085, 0.024187147617340088]
Training time: 976 	steps per sec: 12
Eval num_timesteps=12288, episode_reward=nan +/- nan
Eval num_timesteps=12288, episode_success=nan +/- nan
se
13 13312 1024
diff [0.10724020004272461, 0.029776543378829956, -0.01841682195663452, -0.02001318335533142, -0.014927275478839874, -0.0012519732117652893, -0.004503712058067322, -0.011033900082111359, -0.003592543303966522, -0.005501678213477135, -0.001529499888420105, -0.0013911779969930649, -0.0029225777834653854]
ref [0.7140989303588867, 0.20636509358882904, 0.15366457402706146, 0.10155545175075531, 0.08164028823375702, 0.05618240311741829, 0.0507635660469532, 0.05124596878886223, 0.03720370680093765, 0.03534093126654625, 0.02863556332886219, 0.025578325614333153, 0.025768043473362923]
[0.8213391304016113, 0.236141636967659, 0.13524775207042694, 0.08154226839542389, 0.06671301275491714, 0.054930429905653, 0.04625985398888588, 0.04021206870675087, 0.03361116349697113, 0.029839253053069115, 0.027106063440442085, 0.024187147617340088, 0.022845465689897537]
Training time: 1130 	steps per sec: 11
Eval num_timesteps=13312, episode_reward=nan +/- nan
Eval num_timesteps=13312, episode_success=nan +/- nan
se
14 14336 1024
diff [0.10724020004272461, 0.029776543378829956, -0.01841682195663452, -0.02001318335533142, -0.014927275478839874, -0.0012519732117652893, -0.004503712058067322, -0.011033900082111359, -0.003592543303966522, -0.005501678213477135, -0.001529499888420105, -0.0013911779969930649, -0.0029225777834653854, -0.0036099813878536224]
ref [0.7140989303588867, 0.20636509358882904, 0.15366457402706146, 0.10155545175075531, 0.08164028823375702, 0.05618240311741829, 0.0507635660469532, 0.05124596878886223, 0.03720370680093765, 0.03534093126654625, 0.02863556332886219, 0.025578325614333153, 0.025768043473362923, 0.024516189470887184]
[0.8213391304016113, 0.236141636967659, 0.13524775207042694, 0.08154226839542389, 0.06671301275491714, 0.054930429905653, 0.04625985398888588, 0.04021206870675087, 0.03361116349697113, 0.029839253053069115, 0.027106063440442085, 0.024187147617340088, 0.022845465689897537, 0.02090620808303356]
Training time: 1296 	steps per sec: 11
Eval num_timesteps=14336, episode_reward=nan +/- nan
Eval num_timesteps=14336, episode_success=nan +/- nan
se
15 15360 1024
diff [0.10724020004272461, 0.029776543378829956, -0.01841682195663452, -0.02001318335533142, -0.014927275478839874, -0.0012519732117652893, -0.004503712058067322, -0.011033900082111359, -0.003592543303966522, -0.005501678213477135, -0.001529499888420105, -0.0013911779969930649, -0.0029225777834653854, -0.0036099813878536224, -0.003357723355293274]
ref [0.7140989303588867, 0.20636509358882904, 0.15366457402706146, 0.10155545175075531, 0.08164028823375702, 0.05618240311741829, 0.0507635660469532, 0.05124596878886223, 0.03720370680093765, 0.03534093126654625, 0.02863556332886219, 0.025578325614333153, 0.025768043473362923, 0.024516189470887184, 0.022362761199474335]
[0.8213391304016113, 0.236141636967659, 0.13524775207042694, 0.08154226839542389, 0.06671301275491714, 0.054930429905653, 0.04625985398888588, 0.04021206870675087, 0.03361116349697113, 0.029839253053069115, 0.027106063440442085, 0.024187147617340088, 0.022845465689897537, 0.02090620808303356, 0.01900503784418106]
Training time: 1462 	steps per sec: 10
Eval num_timesteps=15360, episode_reward=nan +/- nan
Eval num_timesteps=15360, episode_success=nan +/- nan
se
16 16384 1024
diff [0.10724020004272461, 0.029776543378829956, -0.01841682195663452, -0.02001318335533142, -0.014927275478839874, -0.0012519732117652893, -0.004503712058067322, -0.011033900082111359, -0.003592543303966522, -0.005501678213477135, -0.001529499888420105, -0.0013911779969930649, -0.0029225777834653854, -0.0036099813878536224, -0.003357723355293274, -0.004296427592635155]
ref [0.7140989303588867, 0.20636509358882904, 0.15366457402706146, 0.10155545175075531, 0.08164028823375702, 0.05618240311741829, 0.0507635660469532, 0.05124596878886223, 0.03720370680093765, 0.03534093126654625, 0.02863556332886219, 0.025578325614333153, 0.025768043473362923, 0.024516189470887184, 0.022362761199474335, 0.0216709952801466]
[0.8213391304016113, 0.236141636967659, 0.13524775207042694, 0.08154226839542389, 0.06671301275491714, 0.054930429905653, 0.04625985398888588, 0.04021206870675087, 0.03361116349697113, 0.029839253053069115, 0.027106063440442085, 0.024187147617340088, 0.022845465689897537, 0.02090620808303356, 0.01900503784418106, 0.017374567687511444]
Training time: 1643 	steps per sec: 9
Eval num_timesteps=16384, episode_reward=nan +/- nan
Eval num_timesteps=16384, episode_success=nan +/- nan
se
16 16384 1024
diff [0.10724020004272461, 0.029776543378829956, -0.01841682195663452, -0.02001318335533142, -0.014927275478839874, -0.0012519732117652893, -0.004503712058067322, -0.011033900082111359, -0.003592543303966522, -0.005501678213477135, -0.001529499888420105, -0.0013911779969930649, -0.0029225777834653854, -0.0036099813878536224, -0.003357723355293274, -0.004296427592635155, -0.006346151232719421]
ref [0.7140989303588867, 0.20636509358882904, 0.15366457402706146, 0.10155545175075531, 0.08164028823375702, 0.05618240311741829, 0.0507635660469532, 0.05124596878886223, 0.03720370680093765, 0.03534093126654625, 0.02863556332886219, 0.025578325614333153, 0.025768043473362923, 0.024516189470887184, 0.022362761199474335, 0.0216709952801466, 0.023425012826919556]
[0.8213391304016113, 0.236141636967659, 0.13524775207042694, 0.08154226839542389, 0.06671301275491714, 0.054930429905653, 0.04625985398888588, 0.04021206870675087, 0.03361116349697113, 0.029839253053069115, 0.027106063440442085, 0.024187147617340088, 0.022845465689897537, 0.02090620808303356, 0.01900503784418106, 0.017374567687511444, 0.017078861594200134]
Training time: 1801 	steps per sec: 9
Eval num_timesteps=17408, episode_reward=nan +/- nan
Eval num_timesteps=17408, episode_success=nan +/- nan
se
16 16384 1024
diff [0.10724020004272461, 0.029776543378829956, -0.01841682195663452, -0.02001318335533142, -0.014927275478839874, -0.0012519732117652893, -0.004503712058067322, -0.011033900082111359, -0.003592543303966522, -0.005501678213477135, -0.001529499888420105, -0.0013911779969930649, -0.0029225777834653854, -0.0036099813878536224, -0.003357723355293274, -0.004296427592635155, -0.006346151232719421, -0.004851216450333595]
ref [0.7140989303588867, 0.20636509358882904, 0.15366457402706146, 0.10155545175075531, 0.08164028823375702, 0.05618240311741829, 0.0507635660469532, 0.05124596878886223, 0.03720370680093765, 0.03534093126654625, 0.02863556332886219, 0.025578325614333153, 0.025768043473362923, 0.024516189470887184, 0.022362761199474335, 0.0216709952801466, 0.023425012826919556, 0.022281832993030548]
[0.8213391304016113, 0.236141636967659, 0.13524775207042694, 0.08154226839542389, 0.06671301275491714, 0.054930429905653, 0.04625985398888588, 0.04021206870675087, 0.03361116349697113, 0.029839253053069115, 0.027106063440442085, 0.024187147617340088, 0.022845465689897537, 0.02090620808303356, 0.01900503784418106, 0.017374567687511444, 0.017078861594200134, 0.017430616542696953]
Training time: 1934 	steps per sec: 9
Eval num_timesteps=18432, episode_reward=nan +/- nan
Eval num_timesteps=18432, episode_success=nan +/- nan
se
16 16384 1024
diff [0.10724020004272461, 0.029776543378829956, -0.01841682195663452, -0.02001318335533142, -0.014927275478839874, -0.0012519732117652893, -0.004503712058067322, -0.011033900082111359, -0.003592543303966522, -0.005501678213477135, -0.001529499888420105, -0.0013911779969930649, -0.0029225777834653854, -0.0036099813878536224, -0.003357723355293274, -0.004296427592635155, -0.006346151232719421, -0.004851216450333595, -0.003941737115383148]
ref [0.7140989303588867, 0.20636509358882904, 0.15366457402706146, 0.10155545175075531, 0.08164028823375702, 0.05618240311741829, 0.0507635660469532, 0.05124596878886223, 0.03720370680093765, 0.03534093126654625, 0.02863556332886219, 0.025578325614333153, 0.025768043473362923, 0.024516189470887184, 0.022362761199474335, 0.0216709952801466, 0.023425012826919556, 0.022281832993030548, 0.02171146124601364]
[0.8213391304016113, 0.236141636967659, 0.13524775207042694, 0.08154226839542389, 0.06671301275491714, 0.054930429905653, 0.04625985398888588, 0.04021206870675087, 0.03361116349697113, 0.029839253053069115, 0.027106063440442085, 0.024187147617340088, 0.022845465689897537, 0.02090620808303356, 0.01900503784418106, 0.017374567687511444, 0.017078861594200134, 0.017430616542696953, 0.017769724130630493]
Training time: 2065 	steps per sec: 9
Eval num_timesteps=19456, episode_reward=nan +/- nan
Eval num_timesteps=19456, episode_success=nan +/- nan
se
16 16384 1024
diff [0.10724020004272461, 0.029776543378829956, -0.01841682195663452, -0.02001318335533142, -0.014927275478839874, -0.0012519732117652893, -0.004503712058067322, -0.011033900082111359, -0.003592543303966522, -0.005501678213477135, -0.001529499888420105, -0.0013911779969930649, -0.0029225777834653854, -0.0036099813878536224, -0.003357723355293274, -0.004296427592635155, -0.006346151232719421, -0.004851216450333595, -0.003941737115383148, -0.0019504670053720474]
ref [0.7140989303588867, 0.20636509358882904, 0.15366457402706146, 0.10155545175075531, 0.08164028823375702, 0.05618240311741829, 0.0507635660469532, 0.05124596878886223, 0.03720370680093765, 0.03534093126654625, 0.02863556332886219, 0.025578325614333153, 0.025768043473362923, 0.024516189470887184, 0.022362761199474335, 0.0216709952801466, 0.023425012826919556, 0.022281832993030548, 0.02171146124601364, 0.019175931811332703]
[0.8213391304016113, 0.236141636967659, 0.13524775207042694, 0.08154226839542389, 0.06671301275491714, 0.054930429905653, 0.04625985398888588, 0.04021206870675087, 0.03361116349697113, 0.029839253053069115, 0.027106063440442085, 0.024187147617340088, 0.022845465689897537, 0.02090620808303356, 0.01900503784418106, 0.017374567687511444, 0.017078861594200134, 0.017430616542696953, 0.017769724130630493, 0.017225464805960655]
Training time: 2193 	steps per sec: 9
Eval num_timesteps=20480, episode_reward=nan +/- nan
Eval num_timesteps=20480, episode_success=nan +/- nan
se
16 16384 1024
diff [0.10724020004272461, 0.029776543378829956, -0.01841682195663452, -0.02001318335533142, -0.014927275478839874, -0.0012519732117652893, -0.004503712058067322, -0.011033900082111359, -0.003592543303966522, -0.005501678213477135, -0.001529499888420105, -0.0013911779969930649, -0.0029225777834653854, -0.0036099813878536224, -0.003357723355293274, -0.004296427592635155, -0.006346151232719421, -0.004851216450333595, -0.003941737115383148, -0.0019504670053720474, -0.0017668958753347397]
ref [0.7140989303588867, 0.20636509358882904, 0.15366457402706146, 0.10155545175075531, 0.08164028823375702, 0.05618240311741829, 0.0507635660469532, 0.05124596878886223, 0.03720370680093765, 0.03534093126654625, 0.02863556332886219, 0.025578325614333153, 0.025768043473362923, 0.024516189470887184, 0.022362761199474335, 0.0216709952801466, 0.023425012826919556, 0.022281832993030548, 0.02171146124601364, 0.019175931811332703, 0.019916677847504616]
[0.8213391304016113, 0.236141636967659, 0.13524775207042694, 0.08154226839542389, 0.06671301275491714, 0.054930429905653, 0.04625985398888588, 0.04021206870675087, 0.03361116349697113, 0.029839253053069115, 0.027106063440442085, 0.024187147617340088, 0.022845465689897537, 0.02090620808303356, 0.01900503784418106, 0.017374567687511444, 0.017078861594200134, 0.017430616542696953, 0.017769724130630493, 0.017225464805960655, 0.018149781972169876]
Training time: 2318 	steps per sec: 9
Eval num_timesteps=21504, episode_reward=nan +/- nan
Eval num_timesteps=21504, episode_success=nan +/- nan
se
16 16384 1024
diff [0.10724020004272461, 0.029776543378829956, -0.01841682195663452, -0.02001318335533142, -0.014927275478839874, -0.0012519732117652893, -0.004503712058067322, -0.011033900082111359, -0.003592543303966522, -0.005501678213477135, -0.001529499888420105, -0.0013911779969930649, -0.0029225777834653854, -0.0036099813878536224, -0.003357723355293274, -0.004296427592635155, -0.006346151232719421, -0.004851216450333595, -0.003941737115383148, -0.0019504670053720474, -0.0017668958753347397, -0.0022694990038871765]
ref [0.7140989303588867, 0.20636509358882904, 0.15366457402706146, 0.10155545175075531, 0.08164028823375702, 0.05618240311741829, 0.0507635660469532, 0.05124596878886223, 0.03720370680093765, 0.03534093126654625, 0.02863556332886219, 0.025578325614333153, 0.025768043473362923, 0.024516189470887184, 0.022362761199474335, 0.0216709952801466, 0.023425012826919556, 0.022281832993030548, 0.02171146124601364, 0.019175931811332703, 0.019916677847504616, 0.02098649926483631]
[0.8213391304016113, 0.236141636967659, 0.13524775207042694, 0.08154226839542389, 0.06671301275491714, 0.054930429905653, 0.04625985398888588, 0.04021206870675087, 0.03361116349697113, 0.029839253053069115, 0.027106063440442085, 0.024187147617340088, 0.022845465689897537, 0.02090620808303356, 0.01900503784418106, 0.017374567687511444, 0.017078861594200134, 0.017430616542696953, 0.017769724130630493, 0.017225464805960655, 0.018149781972169876, 0.018717000260949135]
Training time: 2447 	steps per sec: 9
Eval num_timesteps=22528, episode_reward=nan +/- nan
Eval num_timesteps=22528, episode_success=nan +/- nan
se
16 16384 1024
diff [0.10724020004272461, 0.029776543378829956, -0.01841682195663452, -0.02001318335533142, -0.014927275478839874, -0.0012519732117652893, -0.004503712058067322, -0.011033900082111359, -0.003592543303966522, -0.005501678213477135, -0.001529499888420105, -0.0013911779969930649, -0.0029225777834653854, -0.0036099813878536224, -0.003357723355293274, -0.004296427592635155, -0.006346151232719421, -0.004851216450333595, -0.003941737115383148, -0.0019504670053720474, -0.0017668958753347397, -0.0022694990038871765, -0.0007720235735177994]
ref [0.7140989303588867, 0.20636509358882904, 0.15366457402706146, 0.10155545175075531, 0.08164028823375702, 0.05618240311741829, 0.0507635660469532, 0.05124596878886223, 0.03720370680093765, 0.03534093126654625, 0.02863556332886219, 0.025578325614333153, 0.025768043473362923, 0.024516189470887184, 0.022362761199474335, 0.0216709952801466, 0.023425012826919556, 0.022281832993030548, 0.02171146124601364, 0.019175931811332703, 0.019916677847504616, 0.02098649926483631, 0.020095976069569588]
[0.8213391304016113, 0.236141636967659, 0.13524775207042694, 0.08154226839542389, 0.06671301275491714, 0.054930429905653, 0.04625985398888588, 0.04021206870675087, 0.03361116349697113, 0.029839253053069115, 0.027106063440442085, 0.024187147617340088, 0.022845465689897537, 0.02090620808303356, 0.01900503784418106, 0.017374567687511444, 0.017078861594200134, 0.017430616542696953, 0.017769724130630493, 0.017225464805960655, 0.018149781972169876, 0.018717000260949135, 0.01932395249605179]
Training time: 2578 	steps per sec: 9
Eval num_timesteps=23552, episode_reward=nan +/- nan
Eval num_timesteps=23552, episode_success=nan +/- nan
se
16 16384 1024
diff [0.10724020004272461, 0.029776543378829956, -0.01841682195663452, -0.02001318335533142, -0.014927275478839874, -0.0012519732117652893, -0.004503712058067322, -0.011033900082111359, -0.003592543303966522, -0.005501678213477135, -0.001529499888420105, -0.0013911779969930649, -0.0029225777834653854, -0.0036099813878536224, -0.003357723355293274, -0.004296427592635155, -0.006346151232719421, -0.004851216450333595, -0.003941737115383148, -0.0019504670053720474, -0.0017668958753347397, -0.0022694990038871765, -0.0007720235735177994, -0.00333288311958313]
ref [0.7140989303588867, 0.20636509358882904, 0.15366457402706146, 0.10155545175075531, 0.08164028823375702, 0.05618240311741829, 0.0507635660469532, 0.05124596878886223, 0.03720370680093765, 0.03534093126654625, 0.02863556332886219, 0.025578325614333153, 0.025768043473362923, 0.024516189470887184, 0.022362761199474335, 0.0216709952801466, 0.023425012826919556, 0.022281832993030548, 0.02171146124601364, 0.019175931811332703, 0.019916677847504616, 0.02098649926483631, 0.020095976069569588, 0.02332799695432186]
[0.8213391304016113, 0.236141636967659, 0.13524775207042694, 0.08154226839542389, 0.06671301275491714, 0.054930429905653, 0.04625985398888588, 0.04021206870675087, 0.03361116349697113, 0.029839253053069115, 0.027106063440442085, 0.024187147617340088, 0.022845465689897537, 0.02090620808303356, 0.01900503784418106, 0.017374567687511444, 0.017078861594200134, 0.017430616542696953, 0.017769724130630493, 0.017225464805960655, 0.018149781972169876, 0.018717000260949135, 0.01932395249605179, 0.01999511383473873]
Training time: 2713 	steps per sec: 9
Eval num_timesteps=24576, episode_reward=nan +/- nan
Eval num_timesteps=24576, episode_success=nan +/- nan
se
16 16384 1024
diff [0.10724020004272461, 0.029776543378829956, -0.01841682195663452, -0.02001318335533142, -0.014927275478839874, -0.0012519732117652893, -0.004503712058067322, -0.011033900082111359, -0.003592543303966522, -0.005501678213477135, -0.001529499888420105, -0.0013911779969930649, -0.0029225777834653854, -0.0036099813878536224, -0.003357723355293274, -0.004296427592635155, -0.006346151232719421, -0.004851216450333595, -0.003941737115383148, -0.0019504670053720474, -0.0017668958753347397, -0.0022694990038871765, -0.0007720235735177994, -0.00333288311958313, -0.005608735606074333]
ref [0.7140989303588867, 0.20636509358882904, 0.15366457402706146, 0.10155545175075531, 0.08164028823375702, 0.05618240311741829, 0.0507635660469532, 0.05124596878886223, 0.03720370680093765, 0.03534093126654625, 0.02863556332886219, 0.025578325614333153, 0.025768043473362923, 0.024516189470887184, 0.022362761199474335, 0.0216709952801466, 0.023425012826919556, 0.022281832993030548, 0.02171146124601364, 0.019175931811332703, 0.019916677847504616, 0.02098649926483631, 0.020095976069569588, 0.02332799695432186, 0.02484789304435253]
[0.8213391304016113, 0.236141636967659, 0.13524775207042694, 0.08154226839542389, 0.06671301275491714, 0.054930429905653, 0.04625985398888588, 0.04021206870675087, 0.03361116349697113, 0.029839253053069115, 0.027106063440442085, 0.024187147617340088, 0.022845465689897537, 0.02090620808303356, 0.01900503784418106, 0.017374567687511444, 0.017078861594200134, 0.017430616542696953, 0.017769724130630493, 0.017225464805960655, 0.018149781972169876, 0.018717000260949135, 0.01932395249605179, 0.01999511383473873, 0.019239157438278198]
Training time: 2845 	steps per sec: 8
Eval num_timesteps=25600, episode_reward=nan +/- nan
Eval num_timesteps=25600, episode_success=nan +/- nan
se
16 16384 1024
diff [0.10724020004272461, 0.029776543378829956, -0.01841682195663452, -0.02001318335533142, -0.014927275478839874, -0.0012519732117652893, -0.004503712058067322, -0.011033900082111359, -0.003592543303966522, -0.005501678213477135, -0.001529499888420105, -0.0013911779969930649, -0.0029225777834653854, -0.0036099813878536224, -0.003357723355293274, -0.004296427592635155, -0.006346151232719421, -0.004851216450333595, -0.003941737115383148, -0.0019504670053720474, -0.0017668958753347397, -0.0022694990038871765, -0.0007720235735177994, -0.00333288311958313, -0.005608735606074333, -0.00045962631702423096]
ref [0.7140989303588867, 0.20636509358882904, 0.15366457402706146, 0.10155545175075531, 0.08164028823375702, 0.05618240311741829, 0.0507635660469532, 0.05124596878886223, 0.03720370680093765, 0.03534093126654625, 0.02863556332886219, 0.025578325614333153, 0.025768043473362923, 0.024516189470887184, 0.022362761199474335, 0.0216709952801466, 0.023425012826919556, 0.022281832993030548, 0.02171146124601364, 0.019175931811332703, 0.019916677847504616, 0.02098649926483631, 0.020095976069569588, 0.02332799695432186, 0.02484789304435253, 0.020400358363986015]
[0.8213391304016113, 0.236141636967659, 0.13524775207042694, 0.08154226839542389, 0.06671301275491714, 0.054930429905653, 0.04625985398888588, 0.04021206870675087, 0.03361116349697113, 0.029839253053069115, 0.027106063440442085, 0.024187147617340088, 0.022845465689897537, 0.02090620808303356, 0.01900503784418106, 0.017374567687511444, 0.017078861594200134, 0.017430616542696953, 0.017769724130630493, 0.017225464805960655, 0.018149781972169876, 0.018717000260949135, 0.01932395249605179, 0.01999511383473873, 0.019239157438278198, 0.019940732046961784]
Training time: 2984 	steps per sec: 8
Eval num_timesteps=26624, episode_reward=nan +/- nan
Eval num_timesteps=26624, episode_success=nan +/- nan
se
16 16384 1024
diff [0.10724020004272461, 0.029776543378829956, -0.01841682195663452, -0.02001318335533142, -0.014927275478839874, -0.0012519732117652893, -0.004503712058067322, -0.011033900082111359, -0.003592543303966522, -0.005501678213477135, -0.001529499888420105, -0.0013911779969930649, -0.0029225777834653854, -0.0036099813878536224, -0.003357723355293274, -0.004296427592635155, -0.006346151232719421, -0.004851216450333595, -0.003941737115383148, -0.0019504670053720474, -0.0017668958753347397, -0.0022694990038871765, -0.0007720235735177994, -0.00333288311958313, -0.005608735606074333, -0.00045962631702423096, -0.0011886600404977798]
ref [0.7140989303588867, 0.20636509358882904, 0.15366457402706146, 0.10155545175075531, 0.08164028823375702, 0.05618240311741829, 0.0507635660469532, 0.05124596878886223, 0.03720370680093765, 0.03534093126654625, 0.02863556332886219, 0.025578325614333153, 0.025768043473362923, 0.024516189470887184, 0.022362761199474335, 0.0216709952801466, 0.023425012826919556, 0.022281832993030548, 0.02171146124601364, 0.019175931811332703, 0.019916677847504616, 0.02098649926483631, 0.020095976069569588, 0.02332799695432186, 0.02484789304435253, 0.020400358363986015, 0.02145274728536606]
[0.8213391304016113, 0.236141636967659, 0.13524775207042694, 0.08154226839542389, 0.06671301275491714, 0.054930429905653, 0.04625985398888588, 0.04021206870675087, 0.03361116349697113, 0.029839253053069115, 0.027106063440442085, 0.024187147617340088, 0.022845465689897537, 0.02090620808303356, 0.01900503784418106, 0.017374567687511444, 0.017078861594200134, 0.017430616542696953, 0.017769724130630493, 0.017225464805960655, 0.018149781972169876, 0.018717000260949135, 0.01932395249605179, 0.01999511383473873, 0.019239157438278198, 0.019940732046961784, 0.02026408724486828]
Training time: 3128 	steps per sec: 8
Eval num_timesteps=27648, episode_reward=nan +/- nan
Eval num_timesteps=27648, episode_success=nan +/- nan
se
16 16384 1024
diff [0.10724020004272461, 0.029776543378829956, -0.01841682195663452, -0.02001318335533142, -0.014927275478839874, -0.0012519732117652893, -0.004503712058067322, -0.011033900082111359, -0.003592543303966522, -0.005501678213477135, -0.001529499888420105, -0.0013911779969930649, -0.0029225777834653854, -0.0036099813878536224, -0.003357723355293274, -0.004296427592635155, -0.006346151232719421, -0.004851216450333595, -0.003941737115383148, -0.0019504670053720474, -0.0017668958753347397, -0.0022694990038871765, -0.0007720235735177994, -0.00333288311958313, -0.005608735606074333, -0.00045962631702423096, -0.0011886600404977798, -0.0007218066602945328]
ref [0.7140989303588867, 0.20636509358882904, 0.15366457402706146, 0.10155545175075531, 0.08164028823375702, 0.05618240311741829, 0.0507635660469532, 0.05124596878886223, 0.03720370680093765, 0.03534093126654625, 0.02863556332886219, 0.025578325614333153, 0.025768043473362923, 0.024516189470887184, 0.022362761199474335, 0.0216709952801466, 0.023425012826919556, 0.022281832993030548, 0.02171146124601364, 0.019175931811332703, 0.019916677847504616, 0.02098649926483631, 0.020095976069569588, 0.02332799695432186, 0.02484789304435253, 0.020400358363986015, 0.02145274728536606, 0.020290259271860123]
[0.8213391304016113, 0.236141636967659, 0.13524775207042694, 0.08154226839542389, 0.06671301275491714, 0.054930429905653, 0.04625985398888588, 0.04021206870675087, 0.03361116349697113, 0.029839253053069115, 0.027106063440442085, 0.024187147617340088, 0.022845465689897537, 0.02090620808303356, 0.01900503784418106, 0.017374567687511444, 0.017078861594200134, 0.017430616542696953, 0.017769724130630493, 0.017225464805960655, 0.018149781972169876, 0.018717000260949135, 0.01932395249605179, 0.01999511383473873, 0.019239157438278198, 0.019940732046961784, 0.02026408724486828, 0.01956845261156559]
Training time: 3274 	steps per sec: 8
Eval num_timesteps=28672, episode_reward=nan +/- nan
Eval num_timesteps=28672, episode_success=nan +/- nan
se
16 16384 1024
diff [0.10724020004272461, 0.029776543378829956, -0.01841682195663452, -0.02001318335533142, -0.014927275478839874, -0.0012519732117652893, -0.004503712058067322, -0.011033900082111359, -0.003592543303966522, -0.005501678213477135, -0.001529499888420105, -0.0013911779969930649, -0.0029225777834653854, -0.0036099813878536224, -0.003357723355293274, -0.004296427592635155, -0.006346151232719421, -0.004851216450333595, -0.003941737115383148, -0.0019504670053720474, -0.0017668958753347397, -0.0022694990038871765, -0.0007720235735177994, -0.00333288311958313, -0.005608735606074333, -0.00045962631702423096, -0.0011886600404977798, -0.0007218066602945328, -0.0009148288518190384]
ref [0.7140989303588867, 0.20636509358882904, 0.15366457402706146, 0.10155545175075531, 0.08164028823375702, 0.05618240311741829, 0.0507635660469532, 0.05124596878886223, 0.03720370680093765, 0.03534093126654625, 0.02863556332886219, 0.025578325614333153, 0.025768043473362923, 0.024516189470887184, 0.022362761199474335, 0.0216709952801466, 0.023425012826919556, 0.022281832993030548, 0.02171146124601364, 0.019175931811332703, 0.019916677847504616, 0.02098649926483631, 0.020095976069569588, 0.02332799695432186, 0.02484789304435253, 0.020400358363986015, 0.02145274728536606, 0.020290259271860123, 0.020168878138065338]
[0.8213391304016113, 0.236141636967659, 0.13524775207042694, 0.08154226839542389, 0.06671301275491714, 0.054930429905653, 0.04625985398888588, 0.04021206870675087, 0.03361116349697113, 0.029839253053069115, 0.027106063440442085, 0.024187147617340088, 0.022845465689897537, 0.02090620808303356, 0.01900503784418106, 0.017374567687511444, 0.017078861594200134, 0.017430616542696953, 0.017769724130630493, 0.017225464805960655, 0.018149781972169876, 0.018717000260949135, 0.01932395249605179, 0.01999511383473873, 0.019239157438278198, 0.019940732046961784, 0.02026408724486828, 0.01956845261156559, 0.0192540492862463]
Training time: 3412 	steps per sec: 8
Eval num_timesteps=29696, episode_reward=nan +/- nan
Eval num_timesteps=29696, episode_success=nan +/- nan
se
16 16384 1024
diff [0.10724020004272461, 0.029776543378829956, -0.01841682195663452, -0.02001318335533142, -0.014927275478839874, -0.0012519732117652893, -0.004503712058067322, -0.011033900082111359, -0.003592543303966522, -0.005501678213477135, -0.001529499888420105, -0.0013911779969930649, -0.0029225777834653854, -0.0036099813878536224, -0.003357723355293274, -0.004296427592635155, -0.006346151232719421, -0.004851216450333595, -0.003941737115383148, -0.0019504670053720474, -0.0017668958753347397, -0.0022694990038871765, -0.0007720235735177994, -0.00333288311958313, -0.005608735606074333, -0.00045962631702423096, -0.0011886600404977798, -0.0007218066602945328, -0.0009148288518190384, -0.004502220079302788]
ref [0.7140989303588867, 0.20636509358882904, 0.15366457402706146, 0.10155545175075531, 0.08164028823375702, 0.05618240311741829, 0.0507635660469532, 0.05124596878886223, 0.03720370680093765, 0.03534093126654625, 0.02863556332886219, 0.025578325614333153, 0.025768043473362923, 0.024516189470887184, 0.022362761199474335, 0.0216709952801466, 0.023425012826919556, 0.022281832993030548, 0.02171146124601364, 0.019175931811332703, 0.019916677847504616, 0.02098649926483631, 0.020095976069569588, 0.02332799695432186, 0.02484789304435253, 0.020400358363986015, 0.02145274728536606, 0.020290259271860123, 0.020168878138065338, 0.023057971149683]
[0.8213391304016113, 0.236141636967659, 0.13524775207042694, 0.08154226839542389, 0.06671301275491714, 0.054930429905653, 0.04625985398888588, 0.04021206870675087, 0.03361116349697113, 0.029839253053069115, 0.027106063440442085, 0.024187147617340088, 0.022845465689897537, 0.02090620808303356, 0.01900503784418106, 0.017374567687511444, 0.017078861594200134, 0.017430616542696953, 0.017769724130630493, 0.017225464805960655, 0.018149781972169876, 0.018717000260949135, 0.01932395249605179, 0.01999511383473873, 0.019239157438278198, 0.019940732046961784, 0.02026408724486828, 0.01956845261156559, 0.0192540492862463, 0.01855575107038021]
Training time: 3547 	steps per sec: 8
Eval num_timesteps=30720, episode_reward=nan +/- nan
Eval num_timesteps=30720, episode_success=nan +/- nan
se
16 16384 1024
diff [0.10724020004272461, 0.029776543378829956, -0.01841682195663452, -0.02001318335533142, -0.014927275478839874, -0.0012519732117652893, -0.004503712058067322, -0.011033900082111359, -0.003592543303966522, -0.005501678213477135, -0.001529499888420105, -0.0013911779969930649, -0.0029225777834653854, -0.0036099813878536224, -0.003357723355293274, -0.004296427592635155, -0.006346151232719421, -0.004851216450333595, -0.003941737115383148, -0.0019504670053720474, -0.0017668958753347397, -0.0022694990038871765, -0.0007720235735177994, -0.00333288311958313, -0.005608735606074333, -0.00045962631702423096, -0.0011886600404977798, -0.0007218066602945328, -0.0009148288518190384, -0.004502220079302788, -0.0038647986948490143]
ref [0.7140989303588867, 0.20636509358882904, 0.15366457402706146, 0.10155545175075531, 0.08164028823375702, 0.05618240311741829, 0.0507635660469532, 0.05124596878886223, 0.03720370680093765, 0.03534093126654625, 0.02863556332886219, 0.025578325614333153, 0.025768043473362923, 0.024516189470887184, 0.022362761199474335, 0.0216709952801466, 0.023425012826919556, 0.022281832993030548, 0.02171146124601364, 0.019175931811332703, 0.019916677847504616, 0.02098649926483631, 0.020095976069569588, 0.02332799695432186, 0.02484789304435253, 0.020400358363986015, 0.02145274728536606, 0.020290259271860123, 0.020168878138065338, 0.023057971149683, 0.02197274938225746]
[0.8213391304016113, 0.236141636967659, 0.13524775207042694, 0.08154226839542389, 0.06671301275491714, 0.054930429905653, 0.04625985398888588, 0.04021206870675087, 0.03361116349697113, 0.029839253053069115, 0.027106063440442085, 0.024187147617340088, 0.022845465689897537, 0.02090620808303356, 0.01900503784418106, 0.017374567687511444, 0.017078861594200134, 0.017430616542696953, 0.017769724130630493, 0.017225464805960655, 0.018149781972169876, 0.018717000260949135, 0.01932395249605179, 0.01999511383473873, 0.019239157438278198, 0.019940732046961784, 0.02026408724486828, 0.01956845261156559, 0.0192540492862463, 0.01855575107038021, 0.018107950687408447]
Training time: 3684 	steps per sec: 8
Eval num_timesteps=31744, episode_reward=nan +/- nan
Eval num_timesteps=31744, episode_success=nan +/- nan
se
16 16384 1024
diff [0.10724020004272461, 0.029776543378829956, -0.01841682195663452, -0.02001318335533142, -0.014927275478839874, -0.0012519732117652893, -0.004503712058067322, -0.011033900082111359, -0.003592543303966522, -0.005501678213477135, -0.001529499888420105, -0.0013911779969930649, -0.0029225777834653854, -0.0036099813878536224, -0.003357723355293274, -0.004296427592635155, -0.006346151232719421, -0.004851216450333595, -0.003941737115383148, -0.0019504670053720474, -0.0017668958753347397, -0.0022694990038871765, -0.0007720235735177994, -0.00333288311958313, -0.005608735606074333, -0.00045962631702423096, -0.0011886600404977798, -0.0007218066602945328, -0.0009148288518190384, -0.004502220079302788, -0.0038647986948490143, -0.0036945361644029617]
ref [0.7140989303588867, 0.20636509358882904, 0.15366457402706146, 0.10155545175075531, 0.08164028823375702, 0.05618240311741829, 0.0507635660469532, 0.05124596878886223, 0.03720370680093765, 0.03534093126654625, 0.02863556332886219, 0.025578325614333153, 0.025768043473362923, 0.024516189470887184, 0.022362761199474335, 0.0216709952801466, 0.023425012826919556, 0.022281832993030548, 0.02171146124601364, 0.019175931811332703, 0.019916677847504616, 0.02098649926483631, 0.020095976069569588, 0.02332799695432186, 0.02484789304435253, 0.020400358363986015, 0.02145274728536606, 0.020290259271860123, 0.020168878138065338, 0.023057971149683, 0.02197274938225746, 0.02078874595463276]
[0.8213391304016113, 0.236141636967659, 0.13524775207042694, 0.08154226839542389, 0.06671301275491714, 0.054930429905653, 0.04625985398888588, 0.04021206870675087, 0.03361116349697113, 0.029839253053069115, 0.027106063440442085, 0.024187147617340088, 0.022845465689897537, 0.02090620808303356, 0.01900503784418106, 0.017374567687511444, 0.017078861594200134, 0.017430616542696953, 0.017769724130630493, 0.017225464805960655, 0.018149781972169876, 0.018717000260949135, 0.01932395249605179, 0.01999511383473873, 0.019239157438278198, 0.019940732046961784, 0.02026408724486828, 0.01956845261156559, 0.0192540492862463, 0.01855575107038021, 0.018107950687408447, 0.017094209790229797]
Training time: 3815 	steps per sec: 8
Eval num_timesteps=32768, episode_reward=nan +/- nan
Eval num_timesteps=32768, episode_success=nan +/- nan
results/Ant-v4/
results/Ant-v4/ppo_ros/
results/Ant-v4/ppo_ros/expert/
results/Ant-v4/ppo_ros/expert/b_16/
results/Ant-v4/ppo_ros/expert/b_16/no_clip_lambda/
results/Ant-v4/ppo_ros/expert/b_16/no_clip_lambda/run_4/
results/Ant-v4/ppo_ros/expert/b_16/no_clip_lambda/run_4/evaluations.npz
results/Ant-v4/ppo_ros/expert/b_16/no_clip_lambda/run_4/config.yml
results/Ant-v4/ppo_ros/expert/b_16/no_clip_lambda/run_4/stats.npz
