ppo_ros_continuous.py --env-id Ant-v4 -s expert/b_16/no_clip --total-timesteps 32768 --eval-freq 1 --eval-episodes 0 -b 16 --num-steps 1024 -lr 0 --update-epochs 0 --anneal-lr 0 --ros-num-steps 256 --ros-update-epochs 16 --ros-target-kl 0.05 --ros-clip-coef 999999999 --ros-lambda 0.3 -ros-lr 0.0001 --ros-anneal-lr 0 --se 1 --se-freq 1 --se-lr 1e-3 --se-epochs 1000 --policy-path policies/Ant-v4/best_model.zip --normalization-dir policies/Ant-v4
Obtaining file:///var/lib/condor/execute/slot1/dir_23321/PPOROS/PPOROS/custom-envs
  Preparing metadata (setup.py): started
  Preparing metadata (setup.py): finished with status 'done'
Requirement already satisfied: gym in /var/lib/condor/execute/slot1/dir_23321/PPOROS/ppo-ros_env/lib/python3.9/site-packages (from custom-envs==0.0.1) (0.21.0)
Requirement already satisfied: cloudpickle>=1.2.0 in /var/lib/condor/execute/slot1/dir_23321/PPOROS/ppo-ros_env/lib/python3.9/site-packages (from gym->custom-envs==0.0.1) (2.2.1)
Requirement already satisfied: numpy>=1.18.0 in /var/lib/condor/execute/slot1/dir_23321/PPOROS/ppo-ros_env/lib/python3.9/site-packages (from gym->custom-envs==0.0.1) (1.24.2)
Installing collected packages: custom-envs
  Running setup.py develop for custom-envs
Successfully installed custom-envs-0.0.1
seed: 3
Eval num_timesteps=0, episode_reward=nan +/- nan
Eval num_timesteps=0, episode_success=nan +/- nan
se
1 1024 1024
diff [-0.04652965068817139]
ref [0.6675777435302734]
[0.621048092842102]
Training time: 25 	steps per sec: 39
Eval num_timesteps=1024, episode_reward=nan +/- nan
Eval num_timesteps=1024, episode_success=nan +/- nan
se
2 2048 1024
diff [-0.04652965068817139, -0.020704716444015503]
ref [0.6675777435302734, 0.24530866742134094]
[0.621048092842102, 0.22460395097732544]
Training time: 60 	steps per sec: 33
Eval num_timesteps=2048, episode_reward=nan +/- nan
Eval num_timesteps=2048, episode_success=nan +/- nan
se
3 3072 1024
diff [-0.04652965068817139, -0.020704716444015503, -0.007446900010108948]
ref [0.6675777435302734, 0.24530866742134094, 0.13564804196357727]
[0.621048092842102, 0.22460395097732544, 0.12820114195346832]
Training time: 104 	steps per sec: 29
Eval num_timesteps=3072, episode_reward=nan +/- nan
Eval num_timesteps=3072, episode_success=nan +/- nan
se
4 4096 1024
diff [-0.04652965068817139, -0.020704716444015503, -0.007446900010108948, 0.00708925724029541]
ref [0.6675777435302734, 0.24530866742134094, 0.13564804196357727, 0.10723733901977539]
[0.621048092842102, 0.22460395097732544, 0.12820114195346832, 0.1143265962600708]
Training time: 156 	steps per sec: 26
Eval num_timesteps=4096, episode_reward=nan +/- nan
Eval num_timesteps=4096, episode_success=nan +/- nan
se
5 5120 1024
diff [-0.04652965068817139, -0.020704716444015503, -0.007446900010108948, 0.00708925724029541, 0.0008165538311004639]
ref [0.6675777435302734, 0.24530866742134094, 0.13564804196357727, 0.10723733901977539, 0.08308156579732895]
[0.621048092842102, 0.22460395097732544, 0.12820114195346832, 0.1143265962600708, 0.08389811962842941]
Training time: 218 	steps per sec: 23
Eval num_timesteps=5120, episode_reward=nan +/- nan
Eval num_timesteps=5120, episode_success=nan +/- nan
se
6 6144 1024
diff [-0.04652965068817139, -0.020704716444015503, -0.007446900010108948, 0.00708925724029541, 0.0008165538311004639, 0.0061521343886852264]
ref [0.6675777435302734, 0.24530866742134094, 0.13564804196357727, 0.10723733901977539, 0.08308156579732895, 0.05983274057507515]
[0.621048092842102, 0.22460395097732544, 0.12820114195346832, 0.1143265962600708, 0.08389811962842941, 0.06598487496376038]
Training time: 290 	steps per sec: 21
Eval num_timesteps=6144, episode_reward=nan +/- nan
Eval num_timesteps=6144, episode_success=nan +/- nan
se
7 7168 1024
diff [-0.04652965068817139, -0.020704716444015503, -0.007446900010108948, 0.00708925724029541, 0.0008165538311004639, 0.0061521343886852264, -0.009455781430006027]
ref [0.6675777435302734, 0.24530866742134094, 0.13564804196357727, 0.10723733901977539, 0.08308156579732895, 0.05983274057507515, 0.06130821630358696]
[0.621048092842102, 0.22460395097732544, 0.12820114195346832, 0.1143265962600708, 0.08389811962842941, 0.06598487496376038, 0.05185243487358093]
Training time: 369 	steps per sec: 19
Eval num_timesteps=7168, episode_reward=nan +/- nan
Eval num_timesteps=7168, episode_success=nan +/- nan
se
8 8192 1024
diff [-0.04652965068817139, -0.020704716444015503, -0.007446900010108948, 0.00708925724029541, 0.0008165538311004639, 0.0061521343886852264, -0.009455781430006027, -0.0008670948445796967]
ref [0.6675777435302734, 0.24530866742134094, 0.13564804196357727, 0.10723733901977539, 0.08308156579732895, 0.05983274057507515, 0.06130821630358696, 0.04693381115794182]
[0.621048092842102, 0.22460395097732544, 0.12820114195346832, 0.1143265962600708, 0.08389811962842941, 0.06598487496376038, 0.05185243487358093, 0.04606671631336212]
Training time: 457 	steps per sec: 17
Eval num_timesteps=8192, episode_reward=nan +/- nan
Eval num_timesteps=8192, episode_success=nan +/- nan
se
9 9216 1024
diff [-0.04652965068817139, -0.020704716444015503, -0.007446900010108948, 0.00708925724029541, 0.0008165538311004639, 0.0061521343886852264, -0.009455781430006027, -0.0008670948445796967, 0.005466245114803314]
ref [0.6675777435302734, 0.24530866742134094, 0.13564804196357727, 0.10723733901977539, 0.08308156579732895, 0.05983274057507515, 0.06130821630358696, 0.04693381115794182, 0.03671732172369957]
[0.621048092842102, 0.22460395097732544, 0.12820114195346832, 0.1143265962600708, 0.08389811962842941, 0.06598487496376038, 0.05185243487358093, 0.04606671631336212, 0.042183566838502884]
Training time: 558 	steps per sec: 16
Eval num_timesteps=9216, episode_reward=nan +/- nan
Eval num_timesteps=9216, episode_success=nan +/- nan
se
10 10240 1024
diff [-0.04652965068817139, -0.020704716444015503, -0.007446900010108948, 0.00708925724029541, 0.0008165538311004639, 0.0061521343886852264, -0.009455781430006027, -0.0008670948445796967, 0.005466245114803314, -3.032386302947998e-05]
ref [0.6675777435302734, 0.24530866742134094, 0.13564804196357727, 0.10723733901977539, 0.08308156579732895, 0.05983274057507515, 0.06130821630358696, 0.04693381115794182, 0.03671732172369957, 0.03787636011838913]
[0.621048092842102, 0.22460395097732544, 0.12820114195346832, 0.1143265962600708, 0.08389811962842941, 0.06598487496376038, 0.05185243487358093, 0.04606671631336212, 0.042183566838502884, 0.03784603625535965]
Training time: 664 	steps per sec: 15
Eval num_timesteps=10240, episode_reward=nan +/- nan
Eval num_timesteps=10240, episode_success=nan +/- nan
se
11 11264 1024
diff [-0.04652965068817139, -0.020704716444015503, -0.007446900010108948, 0.00708925724029541, 0.0008165538311004639, 0.0061521343886852264, -0.009455781430006027, -0.0008670948445796967, 0.005466245114803314, -3.032386302947998e-05, -0.0014207921922206879]
ref [0.6675777435302734, 0.24530866742134094, 0.13564804196357727, 0.10723733901977539, 0.08308156579732895, 0.05983274057507515, 0.06130821630358696, 0.04693381115794182, 0.03671732172369957, 0.03787636011838913, 0.034076567739248276]
[0.621048092842102, 0.22460395097732544, 0.12820114195346832, 0.1143265962600708, 0.08389811962842941, 0.06598487496376038, 0.05185243487358093, 0.04606671631336212, 0.042183566838502884, 0.03784603625535965, 0.03265577554702759]
Training time: 777 	steps per sec: 14
Eval num_timesteps=11264, episode_reward=nan +/- nan
Eval num_timesteps=11264, episode_success=nan +/- nan
se
12 12288 1024
diff [-0.04652965068817139, -0.020704716444015503, -0.007446900010108948, 0.00708925724029541, 0.0008165538311004639, 0.0061521343886852264, -0.009455781430006027, -0.0008670948445796967, 0.005466245114803314, -3.032386302947998e-05, -0.0014207921922206879, -0.0022013969719409943]
ref [0.6675777435302734, 0.24530866742134094, 0.13564804196357727, 0.10723733901977539, 0.08308156579732895, 0.05983274057507515, 0.06130821630358696, 0.04693381115794182, 0.03671732172369957, 0.03787636011838913, 0.034076567739248276, 0.029904192313551903]
[0.621048092842102, 0.22460395097732544, 0.12820114195346832, 0.1143265962600708, 0.08389811962842941, 0.06598487496376038, 0.05185243487358093, 0.04606671631336212, 0.042183566838502884, 0.03784603625535965, 0.03265577554702759, 0.02770279534161091]
Training time: 899 	steps per sec: 13
Eval num_timesteps=12288, episode_reward=nan +/- nan
Eval num_timesteps=12288, episode_success=nan +/- nan
se
13 13312 1024
diff [-0.04652965068817139, -0.020704716444015503, -0.007446900010108948, 0.00708925724029541, 0.0008165538311004639, 0.0061521343886852264, -0.009455781430006027, -0.0008670948445796967, 0.005466245114803314, -3.032386302947998e-05, -0.0014207921922206879, -0.0022013969719409943, -0.0007720682770013809]
ref [0.6675777435302734, 0.24530866742134094, 0.13564804196357727, 0.10723733901977539, 0.08308156579732895, 0.05983274057507515, 0.06130821630358696, 0.04693381115794182, 0.03671732172369957, 0.03787636011838913, 0.034076567739248276, 0.029904192313551903, 0.025950836017727852]
[0.621048092842102, 0.22460395097732544, 0.12820114195346832, 0.1143265962600708, 0.08389811962842941, 0.06598487496376038, 0.05185243487358093, 0.04606671631336212, 0.042183566838502884, 0.03784603625535965, 0.03265577554702759, 0.02770279534161091, 0.02517876774072647]
Training time: 1031 	steps per sec: 12
Eval num_timesteps=13312, episode_reward=nan +/- nan
Eval num_timesteps=13312, episode_success=nan +/- nan
se
14 14336 1024
diff [-0.04652965068817139, -0.020704716444015503, -0.007446900010108948, 0.00708925724029541, 0.0008165538311004639, 0.0061521343886852264, -0.009455781430006027, -0.0008670948445796967, 0.005466245114803314, -3.032386302947998e-05, -0.0014207921922206879, -0.0022013969719409943, -0.0007720682770013809, -0.0010037533938884735]
ref [0.6675777435302734, 0.24530866742134094, 0.13564804196357727, 0.10723733901977539, 0.08308156579732895, 0.05983274057507515, 0.06130821630358696, 0.04693381115794182, 0.03671732172369957, 0.03787636011838913, 0.034076567739248276, 0.029904192313551903, 0.025950836017727852, 0.023673566058278084]
[0.621048092842102, 0.22460395097732544, 0.12820114195346832, 0.1143265962600708, 0.08389811962842941, 0.06598487496376038, 0.05185243487358093, 0.04606671631336212, 0.042183566838502884, 0.03784603625535965, 0.03265577554702759, 0.02770279534161091, 0.02517876774072647, 0.02266981266438961]
Training time: 1184 	steps per sec: 12
Eval num_timesteps=14336, episode_reward=nan +/- nan
Eval num_timesteps=14336, episode_success=nan +/- nan
se
15 15360 1024
diff [-0.04652965068817139, -0.020704716444015503, -0.007446900010108948, 0.00708925724029541, 0.0008165538311004639, 0.0061521343886852264, -0.009455781430006027, -0.0008670948445796967, 0.005466245114803314, -3.032386302947998e-05, -0.0014207921922206879, -0.0022013969719409943, -0.0007720682770013809, -0.0010037533938884735, -0.004265081137418747]
ref [0.6675777435302734, 0.24530866742134094, 0.13564804196357727, 0.10723733901977539, 0.08308156579732895, 0.05983274057507515, 0.06130821630358696, 0.04693381115794182, 0.03671732172369957, 0.03787636011838913, 0.034076567739248276, 0.029904192313551903, 0.025950836017727852, 0.023673566058278084, 0.024311773478984833]
[0.621048092842102, 0.22460395097732544, 0.12820114195346832, 0.1143265962600708, 0.08389811962842941, 0.06598487496376038, 0.05185243487358093, 0.04606671631336212, 0.042183566838502884, 0.03784603625535965, 0.03265577554702759, 0.02770279534161091, 0.02517876774072647, 0.02266981266438961, 0.020046692341566086]
Training time: 1351 	steps per sec: 11
Eval num_timesteps=15360, episode_reward=nan +/- nan
Eval num_timesteps=15360, episode_success=nan +/- nan
se
16 16384 1024
diff [-0.04652965068817139, -0.020704716444015503, -0.007446900010108948, 0.00708925724029541, 0.0008165538311004639, 0.0061521343886852264, -0.009455781430006027, -0.0008670948445796967, 0.005466245114803314, -3.032386302947998e-05, -0.0014207921922206879, -0.0022013969719409943, -0.0007720682770013809, -0.0010037533938884735, -0.004265081137418747, -0.002168303355574608]
ref [0.6675777435302734, 0.24530866742134094, 0.13564804196357727, 0.10723733901977539, 0.08308156579732895, 0.05983274057507515, 0.06130821630358696, 0.04693381115794182, 0.03671732172369957, 0.03787636011838913, 0.034076567739248276, 0.029904192313551903, 0.025950836017727852, 0.023673566058278084, 0.024311773478984833, 0.02015366032719612]
[0.621048092842102, 0.22460395097732544, 0.12820114195346832, 0.1143265962600708, 0.08389811962842941, 0.06598487496376038, 0.05185243487358093, 0.04606671631336212, 0.042183566838502884, 0.03784603625535965, 0.03265577554702759, 0.02770279534161091, 0.02517876774072647, 0.02266981266438961, 0.020046692341566086, 0.017985356971621513]
Training time: 1538 	steps per sec: 10
Eval num_timesteps=16384, episode_reward=nan +/- nan
Eval num_timesteps=16384, episode_success=nan +/- nan
se
16 16384 1024
diff [-0.04652965068817139, -0.020704716444015503, -0.007446900010108948, 0.00708925724029541, 0.0008165538311004639, 0.0061521343886852264, -0.009455781430006027, -0.0008670948445796967, 0.005466245114803314, -3.032386302947998e-05, -0.0014207921922206879, -0.0022013969719409943, -0.0007720682770013809, -0.0010037533938884735, -0.004265081137418747, -0.002168303355574608, -0.00213560089468956]
ref [0.6675777435302734, 0.24530866742134094, 0.13564804196357727, 0.10723733901977539, 0.08308156579732895, 0.05983274057507515, 0.06130821630358696, 0.04693381115794182, 0.03671732172369957, 0.03787636011838913, 0.034076567739248276, 0.029904192313551903, 0.025950836017727852, 0.023673566058278084, 0.024311773478984833, 0.02015366032719612, 0.020677199587225914]
[0.621048092842102, 0.22460395097732544, 0.12820114195346832, 0.1143265962600708, 0.08389811962842941, 0.06598487496376038, 0.05185243487358093, 0.04606671631336212, 0.042183566838502884, 0.03784603625535965, 0.03265577554702759, 0.02770279534161091, 0.02517876774072647, 0.02266981266438961, 0.020046692341566086, 0.017985356971621513, 0.018541598692536354]
Training time: 1742 	steps per sec: 9
Eval num_timesteps=17408, episode_reward=nan +/- nan
Eval num_timesteps=17408, episode_success=nan +/- nan
se
16 16384 1024
diff [-0.04652965068817139, -0.020704716444015503, -0.007446900010108948, 0.00708925724029541, 0.0008165538311004639, 0.0061521343886852264, -0.009455781430006027, -0.0008670948445796967, 0.005466245114803314, -3.032386302947998e-05, -0.0014207921922206879, -0.0022013969719409943, -0.0007720682770013809, -0.0010037533938884735, -0.004265081137418747, -0.002168303355574608, -0.00213560089468956, -0.0034001730382442474]
ref [0.6675777435302734, 0.24530866742134094, 0.13564804196357727, 0.10723733901977539, 0.08308156579732895, 0.05983274057507515, 0.06130821630358696, 0.04693381115794182, 0.03671732172369957, 0.03787636011838913, 0.034076567739248276, 0.029904192313551903, 0.025950836017727852, 0.023673566058278084, 0.024311773478984833, 0.02015366032719612, 0.020677199587225914, 0.022365190088748932]
[0.621048092842102, 0.22460395097732544, 0.12820114195346832, 0.1143265962600708, 0.08389811962842941, 0.06598487496376038, 0.05185243487358093, 0.04606671631336212, 0.042183566838502884, 0.03784603625535965, 0.03265577554702759, 0.02770279534161091, 0.02517876774072647, 0.02266981266438961, 0.020046692341566086, 0.017985356971621513, 0.018541598692536354, 0.018965017050504684]
Training time: 1947 	steps per sec: 9
Eval num_timesteps=18432, episode_reward=nan +/- nan
Eval num_timesteps=18432, episode_success=nan +/- nan
se
16 16384 1024
diff [-0.04652965068817139, -0.020704716444015503, -0.007446900010108948, 0.00708925724029541, 0.0008165538311004639, 0.0061521343886852264, -0.009455781430006027, -0.0008670948445796967, 0.005466245114803314, -3.032386302947998e-05, -0.0014207921922206879, -0.0022013969719409943, -0.0007720682770013809, -0.0010037533938884735, -0.004265081137418747, -0.002168303355574608, -0.00213560089468956, -0.0034001730382442474, -0.0017597861588001251]
ref [0.6675777435302734, 0.24530866742134094, 0.13564804196357727, 0.10723733901977539, 0.08308156579732895, 0.05983274057507515, 0.06130821630358696, 0.04693381115794182, 0.03671732172369957, 0.03787636011838913, 0.034076567739248276, 0.029904192313551903, 0.025950836017727852, 0.023673566058278084, 0.024311773478984833, 0.02015366032719612, 0.020677199587225914, 0.022365190088748932, 0.021378163248300552]
[0.621048092842102, 0.22460395097732544, 0.12820114195346832, 0.1143265962600708, 0.08389811962842941, 0.06598487496376038, 0.05185243487358093, 0.04606671631336212, 0.042183566838502884, 0.03784603625535965, 0.03265577554702759, 0.02770279534161091, 0.02517876774072647, 0.02266981266438961, 0.020046692341566086, 0.017985356971621513, 0.018541598692536354, 0.018965017050504684, 0.019618377089500427]
Training time: 2159 	steps per sec: 9
Eval num_timesteps=19456, episode_reward=nan +/- nan
Eval num_timesteps=19456, episode_success=nan +/- nan
se
16 16384 1024
diff [-0.04652965068817139, -0.020704716444015503, -0.007446900010108948, 0.00708925724029541, 0.0008165538311004639, 0.0061521343886852264, -0.009455781430006027, -0.0008670948445796967, 0.005466245114803314, -3.032386302947998e-05, -0.0014207921922206879, -0.0022013969719409943, -0.0007720682770013809, -0.0010037533938884735, -0.004265081137418747, -0.002168303355574608, -0.00213560089468956, -0.0034001730382442474, -0.0017597861588001251, -0.004937734454870224]
ref [0.6675777435302734, 0.24530866742134094, 0.13564804196357727, 0.10723733901977539, 0.08308156579732895, 0.05983274057507515, 0.06130821630358696, 0.04693381115794182, 0.03671732172369957, 0.03787636011838913, 0.034076567739248276, 0.029904192313551903, 0.025950836017727852, 0.023673566058278084, 0.024311773478984833, 0.02015366032719612, 0.020677199587225914, 0.022365190088748932, 0.021378163248300552, 0.02183457650244236]
[0.621048092842102, 0.22460395097732544, 0.12820114195346832, 0.1143265962600708, 0.08389811962842941, 0.06598487496376038, 0.05185243487358093, 0.04606671631336212, 0.042183566838502884, 0.03784603625535965, 0.03265577554702759, 0.02770279534161091, 0.02517876774072647, 0.02266981266438961, 0.020046692341566086, 0.017985356971621513, 0.018541598692536354, 0.018965017050504684, 0.019618377089500427, 0.016896842047572136]
Training time: 2374 	steps per sec: 8
Eval num_timesteps=20480, episode_reward=nan +/- nan
Eval num_timesteps=20480, episode_success=nan +/- nan
se
16 16384 1024
diff [-0.04652965068817139, -0.020704716444015503, -0.007446900010108948, 0.00708925724029541, 0.0008165538311004639, 0.0061521343886852264, -0.009455781430006027, -0.0008670948445796967, 0.005466245114803314, -3.032386302947998e-05, -0.0014207921922206879, -0.0022013969719409943, -0.0007720682770013809, -0.0010037533938884735, -0.004265081137418747, -0.002168303355574608, -0.00213560089468956, -0.0034001730382442474, -0.0017597861588001251, -0.004937734454870224, -0.0038233529776334763]
ref [0.6675777435302734, 0.24530866742134094, 0.13564804196357727, 0.10723733901977539, 0.08308156579732895, 0.05983274057507515, 0.06130821630358696, 0.04693381115794182, 0.03671732172369957, 0.03787636011838913, 0.034076567739248276, 0.029904192313551903, 0.025950836017727852, 0.023673566058278084, 0.024311773478984833, 0.02015366032719612, 0.020677199587225914, 0.022365190088748932, 0.021378163248300552, 0.02183457650244236, 0.02005527727305889]
[0.621048092842102, 0.22460395097732544, 0.12820114195346832, 0.1143265962600708, 0.08389811962842941, 0.06598487496376038, 0.05185243487358093, 0.04606671631336212, 0.042183566838502884, 0.03784603625535965, 0.03265577554702759, 0.02770279534161091, 0.02517876774072647, 0.02266981266438961, 0.020046692341566086, 0.017985356971621513, 0.018541598692536354, 0.018965017050504684, 0.019618377089500427, 0.016896842047572136, 0.016231924295425415]
Training time: 2585 	steps per sec: 8
Eval num_timesteps=21504, episode_reward=nan +/- nan
Eval num_timesteps=21504, episode_success=nan +/- nan
se
16 16384 1024
diff [-0.04652965068817139, -0.020704716444015503, -0.007446900010108948, 0.00708925724029541, 0.0008165538311004639, 0.0061521343886852264, -0.009455781430006027, -0.0008670948445796967, 0.005466245114803314, -3.032386302947998e-05, -0.0014207921922206879, -0.0022013969719409943, -0.0007720682770013809, -0.0010037533938884735, -0.004265081137418747, -0.002168303355574608, -0.00213560089468956, -0.0034001730382442474, -0.0017597861588001251, -0.004937734454870224, -0.0038233529776334763, -0.004981476813554764]
ref [0.6675777435302734, 0.24530866742134094, 0.13564804196357727, 0.10723733901977539, 0.08308156579732895, 0.05983274057507515, 0.06130821630358696, 0.04693381115794182, 0.03671732172369957, 0.03787636011838913, 0.034076567739248276, 0.029904192313551903, 0.025950836017727852, 0.023673566058278084, 0.024311773478984833, 0.02015366032719612, 0.020677199587225914, 0.022365190088748932, 0.021378163248300552, 0.02183457650244236, 0.02005527727305889, 0.02155984938144684]
[0.621048092842102, 0.22460395097732544, 0.12820114195346832, 0.1143265962600708, 0.08389811962842941, 0.06598487496376038, 0.05185243487358093, 0.04606671631336212, 0.042183566838502884, 0.03784603625535965, 0.03265577554702759, 0.02770279534161091, 0.02517876774072647, 0.02266981266438961, 0.020046692341566086, 0.017985356971621513, 0.018541598692536354, 0.018965017050504684, 0.019618377089500427, 0.016896842047572136, 0.016231924295425415, 0.016578372567892075]
Training time: 2789 	steps per sec: 8
Eval num_timesteps=22528, episode_reward=nan +/- nan
Eval num_timesteps=22528, episode_success=nan +/- nan
se
16 16384 1024
diff [-0.04652965068817139, -0.020704716444015503, -0.007446900010108948, 0.00708925724029541, 0.0008165538311004639, 0.0061521343886852264, -0.009455781430006027, -0.0008670948445796967, 0.005466245114803314, -3.032386302947998e-05, -0.0014207921922206879, -0.0022013969719409943, -0.0007720682770013809, -0.0010037533938884735, -0.004265081137418747, -0.002168303355574608, -0.00213560089468956, -0.0034001730382442474, -0.0017597861588001251, -0.004937734454870224, -0.0038233529776334763, -0.004981476813554764, -0.005154596641659737]
ref [0.6675777435302734, 0.24530866742134094, 0.13564804196357727, 0.10723733901977539, 0.08308156579732895, 0.05983274057507515, 0.06130821630358696, 0.04693381115794182, 0.03671732172369957, 0.03787636011838913, 0.034076567739248276, 0.029904192313551903, 0.025950836017727852, 0.023673566058278084, 0.024311773478984833, 0.02015366032719612, 0.020677199587225914, 0.022365190088748932, 0.021378163248300552, 0.02183457650244236, 0.02005527727305889, 0.02155984938144684, 0.02158627100288868]
[0.621048092842102, 0.22460395097732544, 0.12820114195346832, 0.1143265962600708, 0.08389811962842941, 0.06598487496376038, 0.05185243487358093, 0.04606671631336212, 0.042183566838502884, 0.03784603625535965, 0.03265577554702759, 0.02770279534161091, 0.02517876774072647, 0.02266981266438961, 0.020046692341566086, 0.017985356971621513, 0.018541598692536354, 0.018965017050504684, 0.019618377089500427, 0.016896842047572136, 0.016231924295425415, 0.016578372567892075, 0.016431674361228943]
Training time: 2995 	steps per sec: 7
Eval num_timesteps=23552, episode_reward=nan +/- nan
Eval num_timesteps=23552, episode_success=nan +/- nan
se
16 16384 1024
diff [-0.04652965068817139, -0.020704716444015503, -0.007446900010108948, 0.00708925724029541, 0.0008165538311004639, 0.0061521343886852264, -0.009455781430006027, -0.0008670948445796967, 0.005466245114803314, -3.032386302947998e-05, -0.0014207921922206879, -0.0022013969719409943, -0.0007720682770013809, -0.0010037533938884735, -0.004265081137418747, -0.002168303355574608, -0.00213560089468956, -0.0034001730382442474, -0.0017597861588001251, -0.004937734454870224, -0.0038233529776334763, -0.004981476813554764, -0.005154596641659737, -0.0030220337212085724]
ref [0.6675777435302734, 0.24530866742134094, 0.13564804196357727, 0.10723733901977539, 0.08308156579732895, 0.05983274057507515, 0.06130821630358696, 0.04693381115794182, 0.03671732172369957, 0.03787636011838913, 0.034076567739248276, 0.029904192313551903, 0.025950836017727852, 0.023673566058278084, 0.024311773478984833, 0.02015366032719612, 0.020677199587225914, 0.022365190088748932, 0.021378163248300552, 0.02183457650244236, 0.02005527727305889, 0.02155984938144684, 0.02158627100288868, 0.01921960525214672]
[0.621048092842102, 0.22460395097732544, 0.12820114195346832, 0.1143265962600708, 0.08389811962842941, 0.06598487496376038, 0.05185243487358093, 0.04606671631336212, 0.042183566838502884, 0.03784603625535965, 0.03265577554702759, 0.02770279534161091, 0.02517876774072647, 0.02266981266438961, 0.020046692341566086, 0.017985356971621513, 0.018541598692536354, 0.018965017050504684, 0.019618377089500427, 0.016896842047572136, 0.016231924295425415, 0.016578372567892075, 0.016431674361228943, 0.01619757153093815]
Training time: 3199 	steps per sec: 7
Eval num_timesteps=24576, episode_reward=nan +/- nan
Eval num_timesteps=24576, episode_success=nan +/- nan
se
16 16384 1024
diff [-0.04652965068817139, -0.020704716444015503, -0.007446900010108948, 0.00708925724029541, 0.0008165538311004639, 0.0061521343886852264, -0.009455781430006027, -0.0008670948445796967, 0.005466245114803314, -3.032386302947998e-05, -0.0014207921922206879, -0.0022013969719409943, -0.0007720682770013809, -0.0010037533938884735, -0.004265081137418747, -0.002168303355574608, -0.00213560089468956, -0.0034001730382442474, -0.0017597861588001251, -0.004937734454870224, -0.0038233529776334763, -0.004981476813554764, -0.005154596641659737, -0.0030220337212085724, -0.0051361750811338425]
ref [0.6675777435302734, 0.24530866742134094, 0.13564804196357727, 0.10723733901977539, 0.08308156579732895, 0.05983274057507515, 0.06130821630358696, 0.04693381115794182, 0.03671732172369957, 0.03787636011838913, 0.034076567739248276, 0.029904192313551903, 0.025950836017727852, 0.023673566058278084, 0.024311773478984833, 0.02015366032719612, 0.020677199587225914, 0.022365190088748932, 0.021378163248300552, 0.02183457650244236, 0.02005527727305889, 0.02155984938144684, 0.02158627100288868, 0.01921960525214672, 0.02070283144712448]
[0.621048092842102, 0.22460395097732544, 0.12820114195346832, 0.1143265962600708, 0.08389811962842941, 0.06598487496376038, 0.05185243487358093, 0.04606671631336212, 0.042183566838502884, 0.03784603625535965, 0.03265577554702759, 0.02770279534161091, 0.02517876774072647, 0.02266981266438961, 0.020046692341566086, 0.017985356971621513, 0.018541598692536354, 0.018965017050504684, 0.019618377089500427, 0.016896842047572136, 0.016231924295425415, 0.016578372567892075, 0.016431674361228943, 0.01619757153093815, 0.015566656365990639]
Training time: 3397 	steps per sec: 7
Eval num_timesteps=25600, episode_reward=nan +/- nan
Eval num_timesteps=25600, episode_success=nan +/- nan
se
16 16384 1024
diff [-0.04652965068817139, -0.020704716444015503, -0.007446900010108948, 0.00708925724029541, 0.0008165538311004639, 0.0061521343886852264, -0.009455781430006027, -0.0008670948445796967, 0.005466245114803314, -3.032386302947998e-05, -0.0014207921922206879, -0.0022013969719409943, -0.0007720682770013809, -0.0010037533938884735, -0.004265081137418747, -0.002168303355574608, -0.00213560089468956, -0.0034001730382442474, -0.0017597861588001251, -0.004937734454870224, -0.0038233529776334763, -0.004981476813554764, -0.005154596641659737, -0.0030220337212085724, -0.0051361750811338425, -0.006462949328124523]
ref [0.6675777435302734, 0.24530866742134094, 0.13564804196357727, 0.10723733901977539, 0.08308156579732895, 0.05983274057507515, 0.06130821630358696, 0.04693381115794182, 0.03671732172369957, 0.03787636011838913, 0.034076567739248276, 0.029904192313551903, 0.025950836017727852, 0.023673566058278084, 0.024311773478984833, 0.02015366032719612, 0.020677199587225914, 0.022365190088748932, 0.021378163248300552, 0.02183457650244236, 0.02005527727305889, 0.02155984938144684, 0.02158627100288868, 0.01921960525214672, 0.02070283144712448, 0.02179231494665146]
[0.621048092842102, 0.22460395097732544, 0.12820114195346832, 0.1143265962600708, 0.08389811962842941, 0.06598487496376038, 0.05185243487358093, 0.04606671631336212, 0.042183566838502884, 0.03784603625535965, 0.03265577554702759, 0.02770279534161091, 0.02517876774072647, 0.02266981266438961, 0.020046692341566086, 0.017985356971621513, 0.018541598692536354, 0.018965017050504684, 0.019618377089500427, 0.016896842047572136, 0.016231924295425415, 0.016578372567892075, 0.016431674361228943, 0.01619757153093815, 0.015566656365990639, 0.015329365618526936]
Training time: 3591 	steps per sec: 7
Eval num_timesteps=26624, episode_reward=nan +/- nan
Eval num_timesteps=26624, episode_success=nan +/- nan
se
16 16384 1024
diff [-0.04652965068817139, -0.020704716444015503, -0.007446900010108948, 0.00708925724029541, 0.0008165538311004639, 0.0061521343886852264, -0.009455781430006027, -0.0008670948445796967, 0.005466245114803314, -3.032386302947998e-05, -0.0014207921922206879, -0.0022013969719409943, -0.0007720682770013809, -0.0010037533938884735, -0.004265081137418747, -0.002168303355574608, -0.00213560089468956, -0.0034001730382442474, -0.0017597861588001251, -0.004937734454870224, -0.0038233529776334763, -0.004981476813554764, -0.005154596641659737, -0.0030220337212085724, -0.0051361750811338425, -0.006462949328124523, -0.006368154659867287]
ref [0.6675777435302734, 0.24530866742134094, 0.13564804196357727, 0.10723733901977539, 0.08308156579732895, 0.05983274057507515, 0.06130821630358696, 0.04693381115794182, 0.03671732172369957, 0.03787636011838913, 0.034076567739248276, 0.029904192313551903, 0.025950836017727852, 0.023673566058278084, 0.024311773478984833, 0.02015366032719612, 0.020677199587225914, 0.022365190088748932, 0.021378163248300552, 0.02183457650244236, 0.02005527727305889, 0.02155984938144684, 0.02158627100288868, 0.01921960525214672, 0.02070283144712448, 0.02179231494665146, 0.02201337181031704]
[0.621048092842102, 0.22460395097732544, 0.12820114195346832, 0.1143265962600708, 0.08389811962842941, 0.06598487496376038, 0.05185243487358093, 0.04606671631336212, 0.042183566838502884, 0.03784603625535965, 0.03265577554702759, 0.02770279534161091, 0.02517876774072647, 0.02266981266438961, 0.020046692341566086, 0.017985356971621513, 0.018541598692536354, 0.018965017050504684, 0.019618377089500427, 0.016896842047572136, 0.016231924295425415, 0.016578372567892075, 0.016431674361228943, 0.01619757153093815, 0.015566656365990639, 0.015329365618526936, 0.015645217150449753]
Training time: 3787 	steps per sec: 7
Eval num_timesteps=27648, episode_reward=nan +/- nan
Eval num_timesteps=27648, episode_success=nan +/- nan
se
16 16384 1024
diff [-0.04652965068817139, -0.020704716444015503, -0.007446900010108948, 0.00708925724029541, 0.0008165538311004639, 0.0061521343886852264, -0.009455781430006027, -0.0008670948445796967, 0.005466245114803314, -3.032386302947998e-05, -0.0014207921922206879, -0.0022013969719409943, -0.0007720682770013809, -0.0010037533938884735, -0.004265081137418747, -0.002168303355574608, -0.00213560089468956, -0.0034001730382442474, -0.0017597861588001251, -0.004937734454870224, -0.0038233529776334763, -0.004981476813554764, -0.005154596641659737, -0.0030220337212085724, -0.0051361750811338425, -0.006462949328124523, -0.006368154659867287, -0.006540907546877861]
ref [0.6675777435302734, 0.24530866742134094, 0.13564804196357727, 0.10723733901977539, 0.08308156579732895, 0.05983274057507515, 0.06130821630358696, 0.04693381115794182, 0.03671732172369957, 0.03787636011838913, 0.034076567739248276, 0.029904192313551903, 0.025950836017727852, 0.023673566058278084, 0.024311773478984833, 0.02015366032719612, 0.020677199587225914, 0.022365190088748932, 0.021378163248300552, 0.02183457650244236, 0.02005527727305889, 0.02155984938144684, 0.02158627100288868, 0.01921960525214672, 0.02070283144712448, 0.02179231494665146, 0.02201337181031704, 0.02275395765900612]
[0.621048092842102, 0.22460395097732544, 0.12820114195346832, 0.1143265962600708, 0.08389811962842941, 0.06598487496376038, 0.05185243487358093, 0.04606671631336212, 0.042183566838502884, 0.03784603625535965, 0.03265577554702759, 0.02770279534161091, 0.02517876774072647, 0.02266981266438961, 0.020046692341566086, 0.017985356971621513, 0.018541598692536354, 0.018965017050504684, 0.019618377089500427, 0.016896842047572136, 0.016231924295425415, 0.016578372567892075, 0.016431674361228943, 0.01619757153093815, 0.015566656365990639, 0.015329365618526936, 0.015645217150449753, 0.016213050112128258]
Training time: 3990 	steps per sec: 7
Eval num_timesteps=28672, episode_reward=nan +/- nan
Eval num_timesteps=28672, episode_success=nan +/- nan
se
16 16384 1024
diff [-0.04652965068817139, -0.020704716444015503, -0.007446900010108948, 0.00708925724029541, 0.0008165538311004639, 0.0061521343886852264, -0.009455781430006027, -0.0008670948445796967, 0.005466245114803314, -3.032386302947998e-05, -0.0014207921922206879, -0.0022013969719409943, -0.0007720682770013809, -0.0010037533938884735, -0.004265081137418747, -0.002168303355574608, -0.00213560089468956, -0.0034001730382442474, -0.0017597861588001251, -0.004937734454870224, -0.0038233529776334763, -0.004981476813554764, -0.005154596641659737, -0.0030220337212085724, -0.0051361750811338425, -0.006462949328124523, -0.006368154659867287, -0.006540907546877861, -0.007619762793183327]
ref [0.6675777435302734, 0.24530866742134094, 0.13564804196357727, 0.10723733901977539, 0.08308156579732895, 0.05983274057507515, 0.06130821630358696, 0.04693381115794182, 0.03671732172369957, 0.03787636011838913, 0.034076567739248276, 0.029904192313551903, 0.025950836017727852, 0.023673566058278084, 0.024311773478984833, 0.02015366032719612, 0.020677199587225914, 0.022365190088748932, 0.021378163248300552, 0.02183457650244236, 0.02005527727305889, 0.02155984938144684, 0.02158627100288868, 0.01921960525214672, 0.02070283144712448, 0.02179231494665146, 0.02201337181031704, 0.02275395765900612, 0.02309364266693592]
[0.621048092842102, 0.22460395097732544, 0.12820114195346832, 0.1143265962600708, 0.08389811962842941, 0.06598487496376038, 0.05185243487358093, 0.04606671631336212, 0.042183566838502884, 0.03784603625535965, 0.03265577554702759, 0.02770279534161091, 0.02517876774072647, 0.02266981266438961, 0.020046692341566086, 0.017985356971621513, 0.018541598692536354, 0.018965017050504684, 0.019618377089500427, 0.016896842047572136, 0.016231924295425415, 0.016578372567892075, 0.016431674361228943, 0.01619757153093815, 0.015566656365990639, 0.015329365618526936, 0.015645217150449753, 0.016213050112128258, 0.015473879873752594]
Training time: 4195 	steps per sec: 7
Eval num_timesteps=29696, episode_reward=nan +/- nan
Eval num_timesteps=29696, episode_success=nan +/- nan
se
16 16384 1024
diff [-0.04652965068817139, -0.020704716444015503, -0.007446900010108948, 0.00708925724029541, 0.0008165538311004639, 0.0061521343886852264, -0.009455781430006027, -0.0008670948445796967, 0.005466245114803314, -3.032386302947998e-05, -0.0014207921922206879, -0.0022013969719409943, -0.0007720682770013809, -0.0010037533938884735, -0.004265081137418747, -0.002168303355574608, -0.00213560089468956, -0.0034001730382442474, -0.0017597861588001251, -0.004937734454870224, -0.0038233529776334763, -0.004981476813554764, -0.005154596641659737, -0.0030220337212085724, -0.0051361750811338425, -0.006462949328124523, -0.006368154659867287, -0.006540907546877861, -0.007619762793183327, -0.005418987944722176]
ref [0.6675777435302734, 0.24530866742134094, 0.13564804196357727, 0.10723733901977539, 0.08308156579732895, 0.05983274057507515, 0.06130821630358696, 0.04693381115794182, 0.03671732172369957, 0.03787636011838913, 0.034076567739248276, 0.029904192313551903, 0.025950836017727852, 0.023673566058278084, 0.024311773478984833, 0.02015366032719612, 0.020677199587225914, 0.022365190088748932, 0.021378163248300552, 0.02183457650244236, 0.02005527727305889, 0.02155984938144684, 0.02158627100288868, 0.01921960525214672, 0.02070283144712448, 0.02179231494665146, 0.02201337181031704, 0.02275395765900612, 0.02309364266693592, 0.021468406543135643]
[0.621048092842102, 0.22460395097732544, 0.12820114195346832, 0.1143265962600708, 0.08389811962842941, 0.06598487496376038, 0.05185243487358093, 0.04606671631336212, 0.042183566838502884, 0.03784603625535965, 0.03265577554702759, 0.02770279534161091, 0.02517876774072647, 0.02266981266438961, 0.020046692341566086, 0.017985356971621513, 0.018541598692536354, 0.018965017050504684, 0.019618377089500427, 0.016896842047572136, 0.016231924295425415, 0.016578372567892075, 0.016431674361228943, 0.01619757153093815, 0.015566656365990639, 0.015329365618526936, 0.015645217150449753, 0.016213050112128258, 0.015473879873752594, 0.016049418598413467]
Training time: 4401 	steps per sec: 6
Eval num_timesteps=30720, episode_reward=nan +/- nan
Eval num_timesteps=30720, episode_success=nan +/- nan
se
16 16384 1024
diff [-0.04652965068817139, -0.020704716444015503, -0.007446900010108948, 0.00708925724029541, 0.0008165538311004639, 0.0061521343886852264, -0.009455781430006027, -0.0008670948445796967, 0.005466245114803314, -3.032386302947998e-05, -0.0014207921922206879, -0.0022013969719409943, -0.0007720682770013809, -0.0010037533938884735, -0.004265081137418747, -0.002168303355574608, -0.00213560089468956, -0.0034001730382442474, -0.0017597861588001251, -0.004937734454870224, -0.0038233529776334763, -0.004981476813554764, -0.005154596641659737, -0.0030220337212085724, -0.0051361750811338425, -0.006462949328124523, -0.006368154659867287, -0.006540907546877861, -0.007619762793183327, -0.005418987944722176, -0.005939895287156105]
ref [0.6675777435302734, 0.24530866742134094, 0.13564804196357727, 0.10723733901977539, 0.08308156579732895, 0.05983274057507515, 0.06130821630358696, 0.04693381115794182, 0.03671732172369957, 0.03787636011838913, 0.034076567739248276, 0.029904192313551903, 0.025950836017727852, 0.023673566058278084, 0.024311773478984833, 0.02015366032719612, 0.020677199587225914, 0.022365190088748932, 0.021378163248300552, 0.02183457650244236, 0.02005527727305889, 0.02155984938144684, 0.02158627100288868, 0.01921960525214672, 0.02070283144712448, 0.02179231494665146, 0.02201337181031704, 0.02275395765900612, 0.02309364266693592, 0.021468406543135643, 0.02135196514427662]
[0.621048092842102, 0.22460395097732544, 0.12820114195346832, 0.1143265962600708, 0.08389811962842941, 0.06598487496376038, 0.05185243487358093, 0.04606671631336212, 0.042183566838502884, 0.03784603625535965, 0.03265577554702759, 0.02770279534161091, 0.02517876774072647, 0.02266981266438961, 0.020046692341566086, 0.017985356971621513, 0.018541598692536354, 0.018965017050504684, 0.019618377089500427, 0.016896842047572136, 0.016231924295425415, 0.016578372567892075, 0.016431674361228943, 0.01619757153093815, 0.015566656365990639, 0.015329365618526936, 0.015645217150449753, 0.016213050112128258, 0.015473879873752594, 0.016049418598413467, 0.015412069857120514]
Training time: 4608 	steps per sec: 6
Eval num_timesteps=31744, episode_reward=nan +/- nan
Eval num_timesteps=31744, episode_success=nan +/- nan
se
16 16384 1024
diff [-0.04652965068817139, -0.020704716444015503, -0.007446900010108948, 0.00708925724029541, 0.0008165538311004639, 0.0061521343886852264, -0.009455781430006027, -0.0008670948445796967, 0.005466245114803314, -3.032386302947998e-05, -0.0014207921922206879, -0.0022013969719409943, -0.0007720682770013809, -0.0010037533938884735, -0.004265081137418747, -0.002168303355574608, -0.00213560089468956, -0.0034001730382442474, -0.0017597861588001251, -0.004937734454870224, -0.0038233529776334763, -0.004981476813554764, -0.005154596641659737, -0.0030220337212085724, -0.0051361750811338425, -0.006462949328124523, -0.006368154659867287, -0.006540907546877861, -0.007619762793183327, -0.005418987944722176, -0.005939895287156105, -0.001442955806851387]
ref [0.6675777435302734, 0.24530866742134094, 0.13564804196357727, 0.10723733901977539, 0.08308156579732895, 0.05983274057507515, 0.06130821630358696, 0.04693381115794182, 0.03671732172369957, 0.03787636011838913, 0.034076567739248276, 0.029904192313551903, 0.025950836017727852, 0.023673566058278084, 0.024311773478984833, 0.02015366032719612, 0.020677199587225914, 0.022365190088748932, 0.021378163248300552, 0.02183457650244236, 0.02005527727305889, 0.02155984938144684, 0.02158627100288868, 0.01921960525214672, 0.02070283144712448, 0.02179231494665146, 0.02201337181031704, 0.02275395765900612, 0.02309364266693592, 0.021468406543135643, 0.02135196514427662, 0.018417267128825188]
[0.621048092842102, 0.22460395097732544, 0.12820114195346832, 0.1143265962600708, 0.08389811962842941, 0.06598487496376038, 0.05185243487358093, 0.04606671631336212, 0.042183566838502884, 0.03784603625535965, 0.03265577554702759, 0.02770279534161091, 0.02517876774072647, 0.02266981266438961, 0.020046692341566086, 0.017985356971621513, 0.018541598692536354, 0.018965017050504684, 0.019618377089500427, 0.016896842047572136, 0.016231924295425415, 0.016578372567892075, 0.016431674361228943, 0.01619757153093815, 0.015566656365990639, 0.015329365618526936, 0.015645217150449753, 0.016213050112128258, 0.015473879873752594, 0.016049418598413467, 0.015412069857120514, 0.0169743113219738]
Training time: 4819 	steps per sec: 6
Eval num_timesteps=32768, episode_reward=nan +/- nan
Eval num_timesteps=32768, episode_success=nan +/- nan
results/Ant-v4/
results/Ant-v4/ppo_ros/
results/Ant-v4/ppo_ros/expert/
results/Ant-v4/ppo_ros/expert/b_16/
results/Ant-v4/ppo_ros/expert/b_16/no_clip/
results/Ant-v4/ppo_ros/expert/b_16/no_clip/run_3/
results/Ant-v4/ppo_ros/expert/b_16/no_clip/run_3/evaluations.npz
results/Ant-v4/ppo_ros/expert/b_16/no_clip/run_3/config.yml
results/Ant-v4/ppo_ros/expert/b_16/no_clip/run_3/stats.npz
