ppo_ros_continuous.py --env-id Walker2d-v4 -s expert/b_16/no_clip_lambda --total-timesteps 32768 --eval-freq 1 --eval-episodes 0 -b 16 --num-steps 1024 -lr 0 --update-epochs 0 --anneal-lr 0 --ros-num-steps 256 --ros-update-epochs 16 --ros-target-kl 0.05 --ros-clip-coef 999999999 --ros-lambda 0 -ros-lr 0.001 --ros-anneal-lr 0 --se 1 --se-freq 1 --se-lr 1e-3 --se-epochs 1000 --policy-path policies/Walker2d-v4/best_model.zip --normalization-dir policies/Walker2d-v4
Obtaining file:///var/lib/condor/execute/slot1/dir_394783/PPOROS/PPOROS/custom-envs
  Preparing metadata (setup.py): started
  Preparing metadata (setup.py): finished with status 'done'
Requirement already satisfied: gym in /var/lib/condor/execute/slot1/dir_394783/PPOROS/ppo-ros_env/lib/python3.9/site-packages (from custom-envs==0.0.1) (0.21.0)
Requirement already satisfied: cloudpickle>=1.2.0 in /var/lib/condor/execute/slot1/dir_394783/PPOROS/ppo-ros_env/lib/python3.9/site-packages (from gym->custom-envs==0.0.1) (2.2.1)
Requirement already satisfied: numpy>=1.18.0 in /var/lib/condor/execute/slot1/dir_394783/PPOROS/ppo-ros_env/lib/python3.9/site-packages (from gym->custom-envs==0.0.1) (1.24.2)
Installing collected packages: custom-envs
  Running setup.py develop for custom-envs
Successfully installed custom-envs-0.0.1
seed: 1
Eval num_timesteps=0, episode_reward=nan +/- nan
Eval num_timesteps=0, episode_success=nan +/- nan
se
1 1024 1024
diff [0.03332561254501343]
ref [0.26115965843200684]
[0.29448527097702026]
Training time: 14 	steps per sec: 72
Eval num_timesteps=1024, episode_reward=nan +/- nan
Eval num_timesteps=1024, episode_success=nan +/- nan
se
2 2048 1024
diff [0.03332561254501343, -0.07954142242670059]
ref [0.26115965843200684, 0.18153296411037445]
[0.29448527097702026, 0.10199154168367386]
Training time: 33 	steps per sec: 60
Eval num_timesteps=2048, episode_reward=nan +/- nan
Eval num_timesteps=2048, episode_success=nan +/- nan
se
3 3072 1024
diff [0.03332561254501343, -0.07954142242670059, -0.009431198239326477]
ref [0.26115965843200684, 0.18153296411037445, 0.0900515541434288]
[0.29448527097702026, 0.10199154168367386, 0.08062035590410233]
Training time: 61 	steps per sec: 49
Eval num_timesteps=3072, episode_reward=nan +/- nan
Eval num_timesteps=3072, episode_success=nan +/- nan
se
4 4096 1024
diff [0.03332561254501343, -0.07954142242670059, -0.009431198239326477, -0.020443417131900787]
ref [0.26115965843200684, 0.18153296411037445, 0.0900515541434288, 0.07193835824728012]
[0.29448527097702026, 0.10199154168367386, 0.08062035590410233, 0.051494941115379333]
Training time: 99 	steps per sec: 41
Eval num_timesteps=4096, episode_reward=nan +/- nan
Eval num_timesteps=4096, episode_success=nan +/- nan
se
5 5120 1024
diff [0.03332561254501343, -0.07954142242670059, -0.009431198239326477, -0.020443417131900787, -0.013883046805858612]
ref [0.26115965843200684, 0.18153296411037445, 0.0900515541434288, 0.07193835824728012, 0.056564878672361374]
[0.29448527097702026, 0.10199154168367386, 0.08062035590410233, 0.051494941115379333, 0.04268183186650276]
Training time: 149 	steps per sec: 34
Eval num_timesteps=5120, episode_reward=nan +/- nan
Eval num_timesteps=5120, episode_success=nan +/- nan
se
6 6144 1024
diff [0.03332561254501343, -0.07954142242670059, -0.009431198239326477, -0.020443417131900787, -0.013883046805858612, -0.009856194257736206]
ref [0.26115965843200684, 0.18153296411037445, 0.0900515541434288, 0.07193835824728012, 0.056564878672361374, 0.04748140648007393]
[0.29448527097702026, 0.10199154168367386, 0.08062035590410233, 0.051494941115379333, 0.04268183186650276, 0.03762521222233772]
Training time: 204 	steps per sec: 30
Eval num_timesteps=6144, episode_reward=nan +/- nan
Eval num_timesteps=6144, episode_success=nan +/- nan
se
7 7168 1024
diff [0.03332561254501343, -0.07954142242670059, -0.009431198239326477, -0.020443417131900787, -0.013883046805858612, -0.009856194257736206, -0.00470428541302681]
ref [0.26115965843200684, 0.18153296411037445, 0.0900515541434288, 0.07193835824728012, 0.056564878672361374, 0.04748140648007393, 0.03755678981542587]
[0.29448527097702026, 0.10199154168367386, 0.08062035590410233, 0.051494941115379333, 0.04268183186650276, 0.03762521222233772, 0.03285250440239906]
Training time: 265 	steps per sec: 27
Eval num_timesteps=7168, episode_reward=nan +/- nan
Eval num_timesteps=7168, episode_success=nan +/- nan
se
8 8192 1024
diff [0.03332561254501343, -0.07954142242670059, -0.009431198239326477, -0.020443417131900787, -0.013883046805858612, -0.009856194257736206, -0.00470428541302681, -0.002218162640929222]
ref [0.26115965843200684, 0.18153296411037445, 0.0900515541434288, 0.07193835824728012, 0.056564878672361374, 0.04748140648007393, 0.03755678981542587, 0.031688444316387177]
[0.29448527097702026, 0.10199154168367386, 0.08062035590410233, 0.051494941115379333, 0.04268183186650276, 0.03762521222233772, 0.03285250440239906, 0.029470281675457954]
Training time: 336 	steps per sec: 24
Eval num_timesteps=8192, episode_reward=nan +/- nan
Eval num_timesteps=8192, episode_success=nan +/- nan
se
9 9216 1024
diff [0.03332561254501343, -0.07954142242670059, -0.009431198239326477, -0.020443417131900787, -0.013883046805858612, -0.009856194257736206, -0.00470428541302681, -0.002218162640929222, -0.0023124702274799347]
ref [0.26115965843200684, 0.18153296411037445, 0.0900515541434288, 0.07193835824728012, 0.056564878672361374, 0.04748140648007393, 0.03755678981542587, 0.031688444316387177, 0.02651877887547016]
[0.29448527097702026, 0.10199154168367386, 0.08062035590410233, 0.051494941115379333, 0.04268183186650276, 0.03762521222233772, 0.03285250440239906, 0.029470281675457954, 0.024206308647990227]
Training time: 417 	steps per sec: 22
Eval num_timesteps=9216, episode_reward=nan +/- nan
Eval num_timesteps=9216, episode_success=nan +/- nan
se
10 10240 1024
diff [0.03332561254501343, -0.07954142242670059, -0.009431198239326477, -0.020443417131900787, -0.013883046805858612, -0.009856194257736206, -0.00470428541302681, -0.002218162640929222, -0.0023124702274799347, -0.0033533256500959396]
ref [0.26115965843200684, 0.18153296411037445, 0.0900515541434288, 0.07193835824728012, 0.056564878672361374, 0.04748140648007393, 0.03755678981542587, 0.031688444316387177, 0.02651877887547016, 0.024997200816869736]
[0.29448527097702026, 0.10199154168367386, 0.08062035590410233, 0.051494941115379333, 0.04268183186650276, 0.03762521222233772, 0.03285250440239906, 0.029470281675457954, 0.024206308647990227, 0.021643875166773796]
Training time: 501 	steps per sec: 20
Eval num_timesteps=10240, episode_reward=nan +/- nan
Eval num_timesteps=10240, episode_success=nan +/- nan
se
11 11264 1024
diff [0.03332561254501343, -0.07954142242670059, -0.009431198239326477, -0.020443417131900787, -0.013883046805858612, -0.009856194257736206, -0.00470428541302681, -0.002218162640929222, -0.0023124702274799347, -0.0033533256500959396, -0.004994399845600128]
ref [0.26115965843200684, 0.18153296411037445, 0.0900515541434288, 0.07193835824728012, 0.056564878672361374, 0.04748140648007393, 0.03755678981542587, 0.031688444316387177, 0.02651877887547016, 0.024997200816869736, 0.024451011791825294]
[0.29448527097702026, 0.10199154168367386, 0.08062035590410233, 0.051494941115379333, 0.04268183186650276, 0.03762521222233772, 0.03285250440239906, 0.029470281675457954, 0.024206308647990227, 0.021643875166773796, 0.019456611946225166]
Training time: 588 	steps per sec: 19
Eval num_timesteps=11264, episode_reward=nan +/- nan
Eval num_timesteps=11264, episode_success=nan +/- nan
se
12 12288 1024
diff [0.03332561254501343, -0.07954142242670059, -0.009431198239326477, -0.020443417131900787, -0.013883046805858612, -0.009856194257736206, -0.00470428541302681, -0.002218162640929222, -0.0023124702274799347, -0.0033533256500959396, -0.004994399845600128, -0.003207879140973091]
ref [0.26115965843200684, 0.18153296411037445, 0.0900515541434288, 0.07193835824728012, 0.056564878672361374, 0.04748140648007393, 0.03755678981542587, 0.031688444316387177, 0.02651877887547016, 0.024997200816869736, 0.024451011791825294, 0.020729925483465195]
[0.29448527097702026, 0.10199154168367386, 0.08062035590410233, 0.051494941115379333, 0.04268183186650276, 0.03762521222233772, 0.03285250440239906, 0.029470281675457954, 0.024206308647990227, 0.021643875166773796, 0.019456611946225166, 0.017522046342492104]
Training time: 687 	steps per sec: 17
Eval num_timesteps=12288, episode_reward=nan +/- nan
Eval num_timesteps=12288, episode_success=nan +/- nan
se
13 13312 1024
diff [0.03332561254501343, -0.07954142242670059, -0.009431198239326477, -0.020443417131900787, -0.013883046805858612, -0.009856194257736206, -0.00470428541302681, -0.002218162640929222, -0.0023124702274799347, -0.0033533256500959396, -0.004994399845600128, -0.003207879140973091, -0.002354467287659645]
ref [0.26115965843200684, 0.18153296411037445, 0.0900515541434288, 0.07193835824728012, 0.056564878672361374, 0.04748140648007393, 0.03755678981542587, 0.031688444316387177, 0.02651877887547016, 0.024997200816869736, 0.024451011791825294, 0.020729925483465195, 0.018057091161608696]
[0.29448527097702026, 0.10199154168367386, 0.08062035590410233, 0.051494941115379333, 0.04268183186650276, 0.03762521222233772, 0.03285250440239906, 0.029470281675457954, 0.024206308647990227, 0.021643875166773796, 0.019456611946225166, 0.017522046342492104, 0.01570262387394905]
Training time: 791 	steps per sec: 16
Eval num_timesteps=13312, episode_reward=nan +/- nan
Eval num_timesteps=13312, episode_success=nan +/- nan
se
14 14336 1024
diff [0.03332561254501343, -0.07954142242670059, -0.009431198239326477, -0.020443417131900787, -0.013883046805858612, -0.009856194257736206, -0.00470428541302681, -0.002218162640929222, -0.0023124702274799347, -0.0033533256500959396, -0.004994399845600128, -0.003207879140973091, -0.002354467287659645, -0.002457689493894577]
ref [0.26115965843200684, 0.18153296411037445, 0.0900515541434288, 0.07193835824728012, 0.056564878672361374, 0.04748140648007393, 0.03755678981542587, 0.031688444316387177, 0.02651877887547016, 0.024997200816869736, 0.024451011791825294, 0.020729925483465195, 0.018057091161608696, 0.017394186928868294]
[0.29448527097702026, 0.10199154168367386, 0.08062035590410233, 0.051494941115379333, 0.04268183186650276, 0.03762521222233772, 0.03285250440239906, 0.029470281675457954, 0.024206308647990227, 0.021643875166773796, 0.019456611946225166, 0.017522046342492104, 0.01570262387394905, 0.014936497434973717]
Training time: 905 	steps per sec: 15
Eval num_timesteps=14336, episode_reward=nan +/- nan
Eval num_timesteps=14336, episode_success=nan +/- nan
se
15 15360 1024
diff [0.03332561254501343, -0.07954142242670059, -0.009431198239326477, -0.020443417131900787, -0.013883046805858612, -0.009856194257736206, -0.00470428541302681, -0.002218162640929222, -0.0023124702274799347, -0.0033533256500959396, -0.004994399845600128, -0.003207879140973091, -0.002354467287659645, -0.002457689493894577, -0.004440741613507271]
ref [0.26115965843200684, 0.18153296411037445, 0.0900515541434288, 0.07193835824728012, 0.056564878672361374, 0.04748140648007393, 0.03755678981542587, 0.031688444316387177, 0.02651877887547016, 0.024997200816869736, 0.024451011791825294, 0.020729925483465195, 0.018057091161608696, 0.017394186928868294, 0.01807621866464615]
[0.29448527097702026, 0.10199154168367386, 0.08062035590410233, 0.051494941115379333, 0.04268183186650276, 0.03762521222233772, 0.03285250440239906, 0.029470281675457954, 0.024206308647990227, 0.021643875166773796, 0.019456611946225166, 0.017522046342492104, 0.01570262387394905, 0.014936497434973717, 0.013635477051138878]
Training time: 1035 	steps per sec: 14
Eval num_timesteps=15360, episode_reward=nan +/- nan
Eval num_timesteps=15360, episode_success=nan +/- nan
se
16 16384 1024
diff [0.03332561254501343, -0.07954142242670059, -0.009431198239326477, -0.020443417131900787, -0.013883046805858612, -0.009856194257736206, -0.00470428541302681, -0.002218162640929222, -0.0023124702274799347, -0.0033533256500959396, -0.004994399845600128, -0.003207879140973091, -0.002354467287659645, -0.002457689493894577, -0.004440741613507271, -0.0033211875706911087]
ref [0.26115965843200684, 0.18153296411037445, 0.0900515541434288, 0.07193835824728012, 0.056564878672361374, 0.04748140648007393, 0.03755678981542587, 0.031688444316387177, 0.02651877887547016, 0.024997200816869736, 0.024451011791825294, 0.020729925483465195, 0.018057091161608696, 0.017394186928868294, 0.01807621866464615, 0.016735829412937164]
[0.29448527097702026, 0.10199154168367386, 0.08062035590410233, 0.051494941115379333, 0.04268183186650276, 0.03762521222233772, 0.03285250440239906, 0.029470281675457954, 0.024206308647990227, 0.021643875166773796, 0.019456611946225166, 0.017522046342492104, 0.01570262387394905, 0.014936497434973717, 0.013635477051138878, 0.013414641842246056]
Training time: 1182 	steps per sec: 13
Eval num_timesteps=16384, episode_reward=nan +/- nan
Eval num_timesteps=16384, episode_success=nan +/- nan
se
16 16384 1024
diff [0.03332561254501343, -0.07954142242670059, -0.009431198239326477, -0.020443417131900787, -0.013883046805858612, -0.009856194257736206, -0.00470428541302681, -0.002218162640929222, -0.0023124702274799347, -0.0033533256500959396, -0.004994399845600128, -0.003207879140973091, -0.002354467287659645, -0.002457689493894577, -0.004440741613507271, -0.0033211875706911087, -0.005839422345161438]
ref [0.26115965843200684, 0.18153296411037445, 0.0900515541434288, 0.07193835824728012, 0.056564878672361374, 0.04748140648007393, 0.03755678981542587, 0.031688444316387177, 0.02651877887547016, 0.024997200816869736, 0.024451011791825294, 0.020729925483465195, 0.018057091161608696, 0.017394186928868294, 0.01807621866464615, 0.016735829412937164, 0.01859578676521778]
[0.29448527097702026, 0.10199154168367386, 0.08062035590410233, 0.051494941115379333, 0.04268183186650276, 0.03762521222233772, 0.03285250440239906, 0.029470281675457954, 0.024206308647990227, 0.021643875166773796, 0.019456611946225166, 0.017522046342492104, 0.01570262387394905, 0.014936497434973717, 0.013635477051138878, 0.013414641842246056, 0.012756364420056343]
Training time: 1334 	steps per sec: 13
Eval num_timesteps=17408, episode_reward=nan +/- nan
Eval num_timesteps=17408, episode_success=nan +/- nan
se
16 16384 1024
diff [0.03332561254501343, -0.07954142242670059, -0.009431198239326477, -0.020443417131900787, -0.013883046805858612, -0.009856194257736206, -0.00470428541302681, -0.002218162640929222, -0.0023124702274799347, -0.0033533256500959396, -0.004994399845600128, -0.003207879140973091, -0.002354467287659645, -0.002457689493894577, -0.004440741613507271, -0.0033211875706911087, -0.005839422345161438, -0.004864277318120003]
ref [0.26115965843200684, 0.18153296411037445, 0.0900515541434288, 0.07193835824728012, 0.056564878672361374, 0.04748140648007393, 0.03755678981542587, 0.031688444316387177, 0.02651877887547016, 0.024997200816869736, 0.024451011791825294, 0.020729925483465195, 0.018057091161608696, 0.017394186928868294, 0.01807621866464615, 0.016735829412937164, 0.01859578676521778, 0.017817895859479904]
[0.29448527097702026, 0.10199154168367386, 0.08062035590410233, 0.051494941115379333, 0.04268183186650276, 0.03762521222233772, 0.03285250440239906, 0.029470281675457954, 0.024206308647990227, 0.021643875166773796, 0.019456611946225166, 0.017522046342492104, 0.01570262387394905, 0.014936497434973717, 0.013635477051138878, 0.013414641842246056, 0.012756364420056343, 0.012953618541359901]
Training time: 1480 	steps per sec: 12
Eval num_timesteps=18432, episode_reward=nan +/- nan
Eval num_timesteps=18432, episode_success=nan +/- nan
se
16 16384 1024
diff [0.03332561254501343, -0.07954142242670059, -0.009431198239326477, -0.020443417131900787, -0.013883046805858612, -0.009856194257736206, -0.00470428541302681, -0.002218162640929222, -0.0023124702274799347, -0.0033533256500959396, -0.004994399845600128, -0.003207879140973091, -0.002354467287659645, -0.002457689493894577, -0.004440741613507271, -0.0033211875706911087, -0.005839422345161438, -0.004864277318120003, -0.0007052915170788765]
ref [0.26115965843200684, 0.18153296411037445, 0.0900515541434288, 0.07193835824728012, 0.056564878672361374, 0.04748140648007393, 0.03755678981542587, 0.031688444316387177, 0.02651877887547016, 0.024997200816869736, 0.024451011791825294, 0.020729925483465195, 0.018057091161608696, 0.017394186928868294, 0.01807621866464615, 0.016735829412937164, 0.01859578676521778, 0.017817895859479904, 0.013425663113594055]
[0.29448527097702026, 0.10199154168367386, 0.08062035590410233, 0.051494941115379333, 0.04268183186650276, 0.03762521222233772, 0.03285250440239906, 0.029470281675457954, 0.024206308647990227, 0.021643875166773796, 0.019456611946225166, 0.017522046342492104, 0.01570262387394905, 0.014936497434973717, 0.013635477051138878, 0.013414641842246056, 0.012756364420056343, 0.012953618541359901, 0.012720371596515179]
Training time: 1625 	steps per sec: 11
Eval num_timesteps=19456, episode_reward=nan +/- nan
Eval num_timesteps=19456, episode_success=nan +/- nan
se
16 16384 1024
diff [0.03332561254501343, -0.07954142242670059, -0.009431198239326477, -0.020443417131900787, -0.013883046805858612, -0.009856194257736206, -0.00470428541302681, -0.002218162640929222, -0.0023124702274799347, -0.0033533256500959396, -0.004994399845600128, -0.003207879140973091, -0.002354467287659645, -0.002457689493894577, -0.004440741613507271, -0.0033211875706911087, -0.005839422345161438, -0.004864277318120003, -0.0007052915170788765, -0.0038856593891978264]
ref [0.26115965843200684, 0.18153296411037445, 0.0900515541434288, 0.07193835824728012, 0.056564878672361374, 0.04748140648007393, 0.03755678981542587, 0.031688444316387177, 0.02651877887547016, 0.024997200816869736, 0.024451011791825294, 0.020729925483465195, 0.018057091161608696, 0.017394186928868294, 0.01807621866464615, 0.016735829412937164, 0.01859578676521778, 0.017817895859479904, 0.013425663113594055, 0.016253594309091568]
[0.29448527097702026, 0.10199154168367386, 0.08062035590410233, 0.051494941115379333, 0.04268183186650276, 0.03762521222233772, 0.03285250440239906, 0.029470281675457954, 0.024206308647990227, 0.021643875166773796, 0.019456611946225166, 0.017522046342492104, 0.01570262387394905, 0.014936497434973717, 0.013635477051138878, 0.013414641842246056, 0.012756364420056343, 0.012953618541359901, 0.012720371596515179, 0.012367934919893742]
Training time: 1773 	steps per sec: 11
Eval num_timesteps=20480, episode_reward=nan +/- nan
Eval num_timesteps=20480, episode_success=nan +/- nan
se
16 16384 1024
diff [0.03332561254501343, -0.07954142242670059, -0.009431198239326477, -0.020443417131900787, -0.013883046805858612, -0.009856194257736206, -0.00470428541302681, -0.002218162640929222, -0.0023124702274799347, -0.0033533256500959396, -0.004994399845600128, -0.003207879140973091, -0.002354467287659645, -0.002457689493894577, -0.004440741613507271, -0.0033211875706911087, -0.005839422345161438, -0.004864277318120003, -0.0007052915170788765, -0.0038856593891978264, -0.004769397899508476]
ref [0.26115965843200684, 0.18153296411037445, 0.0900515541434288, 0.07193835824728012, 0.056564878672361374, 0.04748140648007393, 0.03755678981542587, 0.031688444316387177, 0.02651877887547016, 0.024997200816869736, 0.024451011791825294, 0.020729925483465195, 0.018057091161608696, 0.017394186928868294, 0.01807621866464615, 0.016735829412937164, 0.01859578676521778, 0.017817895859479904, 0.013425663113594055, 0.016253594309091568, 0.017063941806554794]
[0.29448527097702026, 0.10199154168367386, 0.08062035590410233, 0.051494941115379333, 0.04268183186650276, 0.03762521222233772, 0.03285250440239906, 0.029470281675457954, 0.024206308647990227, 0.021643875166773796, 0.019456611946225166, 0.017522046342492104, 0.01570262387394905, 0.014936497434973717, 0.013635477051138878, 0.013414641842246056, 0.012756364420056343, 0.012953618541359901, 0.012720371596515179, 0.012367934919893742, 0.012294543907046318]
Training time: 1896 	steps per sec: 11
Eval num_timesteps=21504, episode_reward=nan +/- nan
Eval num_timesteps=21504, episode_success=nan +/- nan
se
16 16384 1024
diff [0.03332561254501343, -0.07954142242670059, -0.009431198239326477, -0.020443417131900787, -0.013883046805858612, -0.009856194257736206, -0.00470428541302681, -0.002218162640929222, -0.0023124702274799347, -0.0033533256500959396, -0.004994399845600128, -0.003207879140973091, -0.002354467287659645, -0.002457689493894577, -0.004440741613507271, -0.0033211875706911087, -0.005839422345161438, -0.004864277318120003, -0.0007052915170788765, -0.0038856593891978264, -0.004769397899508476, -0.0047720130532979965]
ref [0.26115965843200684, 0.18153296411037445, 0.0900515541434288, 0.07193835824728012, 0.056564878672361374, 0.04748140648007393, 0.03755678981542587, 0.031688444316387177, 0.02651877887547016, 0.024997200816869736, 0.024451011791825294, 0.020729925483465195, 0.018057091161608696, 0.017394186928868294, 0.01807621866464615, 0.016735829412937164, 0.01859578676521778, 0.017817895859479904, 0.013425663113594055, 0.016253594309091568, 0.017063941806554794, 0.01658632606267929]
[0.29448527097702026, 0.10199154168367386, 0.08062035590410233, 0.051494941115379333, 0.04268183186650276, 0.03762521222233772, 0.03285250440239906, 0.029470281675457954, 0.024206308647990227, 0.021643875166773796, 0.019456611946225166, 0.017522046342492104, 0.01570262387394905, 0.014936497434973717, 0.013635477051138878, 0.013414641842246056, 0.012756364420056343, 0.012953618541359901, 0.012720371596515179, 0.012367934919893742, 0.012294543907046318, 0.011814313009381294]
Training time: 2020 	steps per sec: 11
Eval num_timesteps=22528, episode_reward=nan +/- nan
Eval num_timesteps=22528, episode_success=nan +/- nan
se
16 16384 1024
diff [0.03332561254501343, -0.07954142242670059, -0.009431198239326477, -0.020443417131900787, -0.013883046805858612, -0.009856194257736206, -0.00470428541302681, -0.002218162640929222, -0.0023124702274799347, -0.0033533256500959396, -0.004994399845600128, -0.003207879140973091, -0.002354467287659645, -0.002457689493894577, -0.004440741613507271, -0.0033211875706911087, -0.005839422345161438, -0.004864277318120003, -0.0007052915170788765, -0.0038856593891978264, -0.004769397899508476, -0.0047720130532979965, -0.0054748039692640305]
ref [0.26115965843200684, 0.18153296411037445, 0.0900515541434288, 0.07193835824728012, 0.056564878672361374, 0.04748140648007393, 0.03755678981542587, 0.031688444316387177, 0.02651877887547016, 0.024997200816869736, 0.024451011791825294, 0.020729925483465195, 0.018057091161608696, 0.017394186928868294, 0.01807621866464615, 0.016735829412937164, 0.01859578676521778, 0.017817895859479904, 0.013425663113594055, 0.016253594309091568, 0.017063941806554794, 0.01658632606267929, 0.016909901052713394]
[0.29448527097702026, 0.10199154168367386, 0.08062035590410233, 0.051494941115379333, 0.04268183186650276, 0.03762521222233772, 0.03285250440239906, 0.029470281675457954, 0.024206308647990227, 0.021643875166773796, 0.019456611946225166, 0.017522046342492104, 0.01570262387394905, 0.014936497434973717, 0.013635477051138878, 0.013414641842246056, 0.012756364420056343, 0.012953618541359901, 0.012720371596515179, 0.012367934919893742, 0.012294543907046318, 0.011814313009381294, 0.011435097083449364]
Training time: 2156 	steps per sec: 10
Eval num_timesteps=23552, episode_reward=nan +/- nan
Eval num_timesteps=23552, episode_success=nan +/- nan
se
16 16384 1024
diff [0.03332561254501343, -0.07954142242670059, -0.009431198239326477, -0.020443417131900787, -0.013883046805858612, -0.009856194257736206, -0.00470428541302681, -0.002218162640929222, -0.0023124702274799347, -0.0033533256500959396, -0.004994399845600128, -0.003207879140973091, -0.002354467287659645, -0.002457689493894577, -0.004440741613507271, -0.0033211875706911087, -0.005839422345161438, -0.004864277318120003, -0.0007052915170788765, -0.0038856593891978264, -0.004769397899508476, -0.0047720130532979965, -0.0054748039692640305, -0.004543387331068516]
ref [0.26115965843200684, 0.18153296411037445, 0.0900515541434288, 0.07193835824728012, 0.056564878672361374, 0.04748140648007393, 0.03755678981542587, 0.031688444316387177, 0.02651877887547016, 0.024997200816869736, 0.024451011791825294, 0.020729925483465195, 0.018057091161608696, 0.017394186928868294, 0.01807621866464615, 0.016735829412937164, 0.01859578676521778, 0.017817895859479904, 0.013425663113594055, 0.016253594309091568, 0.017063941806554794, 0.01658632606267929, 0.016909901052713394, 0.01611735299229622]
[0.29448527097702026, 0.10199154168367386, 0.08062035590410233, 0.051494941115379333, 0.04268183186650276, 0.03762521222233772, 0.03285250440239906, 0.029470281675457954, 0.024206308647990227, 0.021643875166773796, 0.019456611946225166, 0.017522046342492104, 0.01570262387394905, 0.014936497434973717, 0.013635477051138878, 0.013414641842246056, 0.012756364420056343, 0.012953618541359901, 0.012720371596515179, 0.012367934919893742, 0.012294543907046318, 0.011814313009381294, 0.011435097083449364, 0.011573965661227703]
Training time: 2282 	steps per sec: 10
Eval num_timesteps=24576, episode_reward=nan +/- nan
Eval num_timesteps=24576, episode_success=nan +/- nan
se
16 16384 1024
diff [0.03332561254501343, -0.07954142242670059, -0.009431198239326477, -0.020443417131900787, -0.013883046805858612, -0.009856194257736206, -0.00470428541302681, -0.002218162640929222, -0.0023124702274799347, -0.0033533256500959396, -0.004994399845600128, -0.003207879140973091, -0.002354467287659645, -0.002457689493894577, -0.004440741613507271, -0.0033211875706911087, -0.005839422345161438, -0.004864277318120003, -0.0007052915170788765, -0.0038856593891978264, -0.004769397899508476, -0.0047720130532979965, -0.0054748039692640305, -0.004543387331068516, -0.004405849613249302]
ref [0.26115965843200684, 0.18153296411037445, 0.0900515541434288, 0.07193835824728012, 0.056564878672361374, 0.04748140648007393, 0.03755678981542587, 0.031688444316387177, 0.02651877887547016, 0.024997200816869736, 0.024451011791825294, 0.020729925483465195, 0.018057091161608696, 0.017394186928868294, 0.01807621866464615, 0.016735829412937164, 0.01859578676521778, 0.017817895859479904, 0.013425663113594055, 0.016253594309091568, 0.017063941806554794, 0.01658632606267929, 0.016909901052713394, 0.01611735299229622, 0.015732379630208015]
[0.29448527097702026, 0.10199154168367386, 0.08062035590410233, 0.051494941115379333, 0.04268183186650276, 0.03762521222233772, 0.03285250440239906, 0.029470281675457954, 0.024206308647990227, 0.021643875166773796, 0.019456611946225166, 0.017522046342492104, 0.01570262387394905, 0.014936497434973717, 0.013635477051138878, 0.013414641842246056, 0.012756364420056343, 0.012953618541359901, 0.012720371596515179, 0.012367934919893742, 0.012294543907046318, 0.011814313009381294, 0.011435097083449364, 0.011573965661227703, 0.011326530016958714]
Training time: 2406 	steps per sec: 10
Eval num_timesteps=25600, episode_reward=nan +/- nan
Eval num_timesteps=25600, episode_success=nan +/- nan
se
16 16384 1024
diff [0.03332561254501343, -0.07954142242670059, -0.009431198239326477, -0.020443417131900787, -0.013883046805858612, -0.009856194257736206, -0.00470428541302681, -0.002218162640929222, -0.0023124702274799347, -0.0033533256500959396, -0.004994399845600128, -0.003207879140973091, -0.002354467287659645, -0.002457689493894577, -0.004440741613507271, -0.0033211875706911087, -0.005839422345161438, -0.004864277318120003, -0.0007052915170788765, -0.0038856593891978264, -0.004769397899508476, -0.0047720130532979965, -0.0054748039692640305, -0.004543387331068516, -0.004405849613249302, -0.004893317818641663]
ref [0.26115965843200684, 0.18153296411037445, 0.0900515541434288, 0.07193835824728012, 0.056564878672361374, 0.04748140648007393, 0.03755678981542587, 0.031688444316387177, 0.02651877887547016, 0.024997200816869736, 0.024451011791825294, 0.020729925483465195, 0.018057091161608696, 0.017394186928868294, 0.01807621866464615, 0.016735829412937164, 0.01859578676521778, 0.017817895859479904, 0.013425663113594055, 0.016253594309091568, 0.017063941806554794, 0.01658632606267929, 0.016909901052713394, 0.01611735299229622, 0.015732379630208015, 0.0160746481269598]
[0.29448527097702026, 0.10199154168367386, 0.08062035590410233, 0.051494941115379333, 0.04268183186650276, 0.03762521222233772, 0.03285250440239906, 0.029470281675457954, 0.024206308647990227, 0.021643875166773796, 0.019456611946225166, 0.017522046342492104, 0.01570262387394905, 0.014936497434973717, 0.013635477051138878, 0.013414641842246056, 0.012756364420056343, 0.012953618541359901, 0.012720371596515179, 0.012367934919893742, 0.012294543907046318, 0.011814313009381294, 0.011435097083449364, 0.011573965661227703, 0.011326530016958714, 0.011181330308318138]
Training time: 2528 	steps per sec: 10
Eval num_timesteps=26624, episode_reward=nan +/- nan
Eval num_timesteps=26624, episode_success=nan +/- nan
se
16 16384 1024
diff [0.03332561254501343, -0.07954142242670059, -0.009431198239326477, -0.020443417131900787, -0.013883046805858612, -0.009856194257736206, -0.00470428541302681, -0.002218162640929222, -0.0023124702274799347, -0.0033533256500959396, -0.004994399845600128, -0.003207879140973091, -0.002354467287659645, -0.002457689493894577, -0.004440741613507271, -0.0033211875706911087, -0.005839422345161438, -0.004864277318120003, -0.0007052915170788765, -0.0038856593891978264, -0.004769397899508476, -0.0047720130532979965, -0.0054748039692640305, -0.004543387331068516, -0.004405849613249302, -0.004893317818641663, -0.003732500597834587]
ref [0.26115965843200684, 0.18153296411037445, 0.0900515541434288, 0.07193835824728012, 0.056564878672361374, 0.04748140648007393, 0.03755678981542587, 0.031688444316387177, 0.02651877887547016, 0.024997200816869736, 0.024451011791825294, 0.020729925483465195, 0.018057091161608696, 0.017394186928868294, 0.01807621866464615, 0.016735829412937164, 0.01859578676521778, 0.017817895859479904, 0.013425663113594055, 0.016253594309091568, 0.017063941806554794, 0.01658632606267929, 0.016909901052713394, 0.01611735299229622, 0.015732379630208015, 0.0160746481269598, 0.014946207404136658]
[0.29448527097702026, 0.10199154168367386, 0.08062035590410233, 0.051494941115379333, 0.04268183186650276, 0.03762521222233772, 0.03285250440239906, 0.029470281675457954, 0.024206308647990227, 0.021643875166773796, 0.019456611946225166, 0.017522046342492104, 0.01570262387394905, 0.014936497434973717, 0.013635477051138878, 0.013414641842246056, 0.012756364420056343, 0.012953618541359901, 0.012720371596515179, 0.012367934919893742, 0.012294543907046318, 0.011814313009381294, 0.011435097083449364, 0.011573965661227703, 0.011326530016958714, 0.011181330308318138, 0.01121370680630207]
Training time: 2663 	steps per sec: 10
Eval num_timesteps=27648, episode_reward=nan +/- nan
Eval num_timesteps=27648, episode_success=nan +/- nan
se
16 16384 1024
diff [0.03332561254501343, -0.07954142242670059, -0.009431198239326477, -0.020443417131900787, -0.013883046805858612, -0.009856194257736206, -0.00470428541302681, -0.002218162640929222, -0.0023124702274799347, -0.0033533256500959396, -0.004994399845600128, -0.003207879140973091, -0.002354467287659645, -0.002457689493894577, -0.004440741613507271, -0.0033211875706911087, -0.005839422345161438, -0.004864277318120003, -0.0007052915170788765, -0.0038856593891978264, -0.004769397899508476, -0.0047720130532979965, -0.0054748039692640305, -0.004543387331068516, -0.004405849613249302, -0.004893317818641663, -0.003732500597834587, -0.005964328534901142]
ref [0.26115965843200684, 0.18153296411037445, 0.0900515541434288, 0.07193835824728012, 0.056564878672361374, 0.04748140648007393, 0.03755678981542587, 0.031688444316387177, 0.02651877887547016, 0.024997200816869736, 0.024451011791825294, 0.020729925483465195, 0.018057091161608696, 0.017394186928868294, 0.01807621866464615, 0.016735829412937164, 0.01859578676521778, 0.017817895859479904, 0.013425663113594055, 0.016253594309091568, 0.017063941806554794, 0.01658632606267929, 0.016909901052713394, 0.01611735299229622, 0.015732379630208015, 0.0160746481269598, 0.014946207404136658, 0.01719241961836815]
[0.29448527097702026, 0.10199154168367386, 0.08062035590410233, 0.051494941115379333, 0.04268183186650276, 0.03762521222233772, 0.03285250440239906, 0.029470281675457954, 0.024206308647990227, 0.021643875166773796, 0.019456611946225166, 0.017522046342492104, 0.01570262387394905, 0.014936497434973717, 0.013635477051138878, 0.013414641842246056, 0.012756364420056343, 0.012953618541359901, 0.012720371596515179, 0.012367934919893742, 0.012294543907046318, 0.011814313009381294, 0.011435097083449364, 0.011573965661227703, 0.011326530016958714, 0.011181330308318138, 0.01121370680630207, 0.011228091083467007]
Training time: 2797 	steps per sec: 10
Eval num_timesteps=28672, episode_reward=nan +/- nan
Eval num_timesteps=28672, episode_success=nan +/- nan
se
16 16384 1024
diff [0.03332561254501343, -0.07954142242670059, -0.009431198239326477, -0.020443417131900787, -0.013883046805858612, -0.009856194257736206, -0.00470428541302681, -0.002218162640929222, -0.0023124702274799347, -0.0033533256500959396, -0.004994399845600128, -0.003207879140973091, -0.002354467287659645, -0.002457689493894577, -0.004440741613507271, -0.0033211875706911087, -0.005839422345161438, -0.004864277318120003, -0.0007052915170788765, -0.0038856593891978264, -0.004769397899508476, -0.0047720130532979965, -0.0054748039692640305, -0.004543387331068516, -0.004405849613249302, -0.004893317818641663, -0.003732500597834587, -0.005964328534901142, -0.0059556495398283005]
ref [0.26115965843200684, 0.18153296411037445, 0.0900515541434288, 0.07193835824728012, 0.056564878672361374, 0.04748140648007393, 0.03755678981542587, 0.031688444316387177, 0.02651877887547016, 0.024997200816869736, 0.024451011791825294, 0.020729925483465195, 0.018057091161608696, 0.017394186928868294, 0.01807621866464615, 0.016735829412937164, 0.01859578676521778, 0.017817895859479904, 0.013425663113594055, 0.016253594309091568, 0.017063941806554794, 0.01658632606267929, 0.016909901052713394, 0.01611735299229622, 0.015732379630208015, 0.0160746481269598, 0.014946207404136658, 0.01719241961836815, 0.016340261325240135]
[0.29448527097702026, 0.10199154168367386, 0.08062035590410233, 0.051494941115379333, 0.04268183186650276, 0.03762521222233772, 0.03285250440239906, 0.029470281675457954, 0.024206308647990227, 0.021643875166773796, 0.019456611946225166, 0.017522046342492104, 0.01570262387394905, 0.014936497434973717, 0.013635477051138878, 0.013414641842246056, 0.012756364420056343, 0.012953618541359901, 0.012720371596515179, 0.012367934919893742, 0.012294543907046318, 0.011814313009381294, 0.011435097083449364, 0.011573965661227703, 0.011326530016958714, 0.011181330308318138, 0.01121370680630207, 0.011228091083467007, 0.010384611785411835]
Training time: 2929 	steps per sec: 10
Eval num_timesteps=29696, episode_reward=nan +/- nan
Eval num_timesteps=29696, episode_success=nan +/- nan
se
16 16384 1024
diff [0.03332561254501343, -0.07954142242670059, -0.009431198239326477, -0.020443417131900787, -0.013883046805858612, -0.009856194257736206, -0.00470428541302681, -0.002218162640929222, -0.0023124702274799347, -0.0033533256500959396, -0.004994399845600128, -0.003207879140973091, -0.002354467287659645, -0.002457689493894577, -0.004440741613507271, -0.0033211875706911087, -0.005839422345161438, -0.004864277318120003, -0.0007052915170788765, -0.0038856593891978264, -0.004769397899508476, -0.0047720130532979965, -0.0054748039692640305, -0.004543387331068516, -0.004405849613249302, -0.004893317818641663, -0.003732500597834587, -0.005964328534901142, -0.0059556495398283005, -0.005394759587943554]
ref [0.26115965843200684, 0.18153296411037445, 0.0900515541434288, 0.07193835824728012, 0.056564878672361374, 0.04748140648007393, 0.03755678981542587, 0.031688444316387177, 0.02651877887547016, 0.024997200816869736, 0.024451011791825294, 0.020729925483465195, 0.018057091161608696, 0.017394186928868294, 0.01807621866464615, 0.016735829412937164, 0.01859578676521778, 0.017817895859479904, 0.013425663113594055, 0.016253594309091568, 0.017063941806554794, 0.01658632606267929, 0.016909901052713394, 0.01611735299229622, 0.015732379630208015, 0.0160746481269598, 0.014946207404136658, 0.01719241961836815, 0.016340261325240135, 0.016221249476075172]
[0.29448527097702026, 0.10199154168367386, 0.08062035590410233, 0.051494941115379333, 0.04268183186650276, 0.03762521222233772, 0.03285250440239906, 0.029470281675457954, 0.024206308647990227, 0.021643875166773796, 0.019456611946225166, 0.017522046342492104, 0.01570262387394905, 0.014936497434973717, 0.013635477051138878, 0.013414641842246056, 0.012756364420056343, 0.012953618541359901, 0.012720371596515179, 0.012367934919893742, 0.012294543907046318, 0.011814313009381294, 0.011435097083449364, 0.011573965661227703, 0.011326530016958714, 0.011181330308318138, 0.01121370680630207, 0.011228091083467007, 0.010384611785411835, 0.010826489888131618]
Training time: 3055 	steps per sec: 10
Eval num_timesteps=30720, episode_reward=nan +/- nan
Eval num_timesteps=30720, episode_success=nan +/- nan
se
16 16384 1024
diff [0.03332561254501343, -0.07954142242670059, -0.009431198239326477, -0.020443417131900787, -0.013883046805858612, -0.009856194257736206, -0.00470428541302681, -0.002218162640929222, -0.0023124702274799347, -0.0033533256500959396, -0.004994399845600128, -0.003207879140973091, -0.002354467287659645, -0.002457689493894577, -0.004440741613507271, -0.0033211875706911087, -0.005839422345161438, -0.004864277318120003, -0.0007052915170788765, -0.0038856593891978264, -0.004769397899508476, -0.0047720130532979965, -0.0054748039692640305, -0.004543387331068516, -0.004405849613249302, -0.004893317818641663, -0.003732500597834587, -0.005964328534901142, -0.0059556495398283005, -0.005394759587943554, -0.006199045106768608]
ref [0.26115965843200684, 0.18153296411037445, 0.0900515541434288, 0.07193835824728012, 0.056564878672361374, 0.04748140648007393, 0.03755678981542587, 0.031688444316387177, 0.02651877887547016, 0.024997200816869736, 0.024451011791825294, 0.020729925483465195, 0.018057091161608696, 0.017394186928868294, 0.01807621866464615, 0.016735829412937164, 0.01859578676521778, 0.017817895859479904, 0.013425663113594055, 0.016253594309091568, 0.017063941806554794, 0.01658632606267929, 0.016909901052713394, 0.01611735299229622, 0.015732379630208015, 0.0160746481269598, 0.014946207404136658, 0.01719241961836815, 0.016340261325240135, 0.016221249476075172, 0.01711832731962204]
[0.29448527097702026, 0.10199154168367386, 0.08062035590410233, 0.051494941115379333, 0.04268183186650276, 0.03762521222233772, 0.03285250440239906, 0.029470281675457954, 0.024206308647990227, 0.021643875166773796, 0.019456611946225166, 0.017522046342492104, 0.01570262387394905, 0.014936497434973717, 0.013635477051138878, 0.013414641842246056, 0.012756364420056343, 0.012953618541359901, 0.012720371596515179, 0.012367934919893742, 0.012294543907046318, 0.011814313009381294, 0.011435097083449364, 0.011573965661227703, 0.011326530016958714, 0.011181330308318138, 0.01121370680630207, 0.011228091083467007, 0.010384611785411835, 0.010826489888131618, 0.010919282212853432]
Training time: 3180 	steps per sec: 9
Eval num_timesteps=31744, episode_reward=nan +/- nan
Eval num_timesteps=31744, episode_success=nan +/- nan
se
16 16384 1024
diff [0.03332561254501343, -0.07954142242670059, -0.009431198239326477, -0.020443417131900787, -0.013883046805858612, -0.009856194257736206, -0.00470428541302681, -0.002218162640929222, -0.0023124702274799347, -0.0033533256500959396, -0.004994399845600128, -0.003207879140973091, -0.002354467287659645, -0.002457689493894577, -0.004440741613507271, -0.0033211875706911087, -0.005839422345161438, -0.004864277318120003, -0.0007052915170788765, -0.0038856593891978264, -0.004769397899508476, -0.0047720130532979965, -0.0054748039692640305, -0.004543387331068516, -0.004405849613249302, -0.004893317818641663, -0.003732500597834587, -0.005964328534901142, -0.0059556495398283005, -0.005394759587943554, -0.006199045106768608, -0.00399829912930727]
ref [0.26115965843200684, 0.18153296411037445, 0.0900515541434288, 0.07193835824728012, 0.056564878672361374, 0.04748140648007393, 0.03755678981542587, 0.031688444316387177, 0.02651877887547016, 0.024997200816869736, 0.024451011791825294, 0.020729925483465195, 0.018057091161608696, 0.017394186928868294, 0.01807621866464615, 0.016735829412937164, 0.01859578676521778, 0.017817895859479904, 0.013425663113594055, 0.016253594309091568, 0.017063941806554794, 0.01658632606267929, 0.016909901052713394, 0.01611735299229622, 0.015732379630208015, 0.0160746481269598, 0.014946207404136658, 0.01719241961836815, 0.016340261325240135, 0.016221249476075172, 0.01711832731962204, 0.015361521393060684]
[0.29448527097702026, 0.10199154168367386, 0.08062035590410233, 0.051494941115379333, 0.04268183186650276, 0.03762521222233772, 0.03285250440239906, 0.029470281675457954, 0.024206308647990227, 0.021643875166773796, 0.019456611946225166, 0.017522046342492104, 0.01570262387394905, 0.014936497434973717, 0.013635477051138878, 0.013414641842246056, 0.012756364420056343, 0.012953618541359901, 0.012720371596515179, 0.012367934919893742, 0.012294543907046318, 0.011814313009381294, 0.011435097083449364, 0.011573965661227703, 0.011326530016958714, 0.011181330308318138, 0.01121370680630207, 0.011228091083467007, 0.010384611785411835, 0.010826489888131618, 0.010919282212853432, 0.011363222263753414]
Training time: 3300 	steps per sec: 9
Eval num_timesteps=32768, episode_reward=nan +/- nan
Eval num_timesteps=32768, episode_success=nan +/- nan
results/Walker2d-v4/
results/Walker2d-v4/ppo_ros/
results/Walker2d-v4/ppo_ros/expert/
results/Walker2d-v4/ppo_ros/expert/b_16/
results/Walker2d-v4/ppo_ros/expert/b_16/no_clip_lambda/
results/Walker2d-v4/ppo_ros/expert/b_16/no_clip_lambda/run_1/
results/Walker2d-v4/ppo_ros/expert/b_16/no_clip_lambda/run_1/evaluations.npz
results/Walker2d-v4/ppo_ros/expert/b_16/no_clip_lambda/run_1/config.yml
results/Walker2d-v4/ppo_ros/expert/b_16/no_clip_lambda/run_1/stats.npz
