ppo_ros_continuous.py --env-id Swimmer-v4 -s expert/b_16/no_clip_lambda --total-timesteps 32768 --eval-freq 1 --eval-episodes 0 -b 16 --num-steps 1024 -lr 0 --update-epochs 0 --anneal-lr 0 --ros-num-steps 256 --ros-update-epochs 16 --ros-target-kl 0.05 --ros-clip-coef 999999999 --ros-lambda 0 -ros-lr 0.0001 --ros-anneal-lr 0 --se 1 --se-freq 1 --se-lr 1e-3 --se-epochs 1000 --policy-path policies/Swimmer-v4/best_model.zip --normalization-dir policies/Swimmer-v4
Obtaining file:///var/lib/condor/execute/slot1/dir_3553574/PPOROS/PPOROS/custom-envs
  Preparing metadata (setup.py): started
  Preparing metadata (setup.py): finished with status 'done'
Requirement already satisfied: gym in /var/lib/condor/execute/slot1/dir_3553574/PPOROS/ppo-ros_env/lib/python3.9/site-packages (from custom-envs==0.0.1) (0.21.0)
Requirement already satisfied: cloudpickle>=1.2.0 in /var/lib/condor/execute/slot1/dir_3553574/PPOROS/ppo-ros_env/lib/python3.9/site-packages (from gym->custom-envs==0.0.1) (2.2.1)
Requirement already satisfied: numpy>=1.18.0 in /var/lib/condor/execute/slot1/dir_3553574/PPOROS/ppo-ros_env/lib/python3.9/site-packages (from gym->custom-envs==0.0.1) (1.24.2)
Installing collected packages: custom-envs
  Running setup.py develop for custom-envs
Successfully installed custom-envs-0.0.1
seed: 4
Eval num_timesteps=0, episode_reward=nan +/- nan
Eval num_timesteps=0, episode_success=nan +/- nan
se
1 1024 1024
diff [0.15202584117650986]
ref [0.09061603993177414]
[0.242641881108284]
Training time: 12 	steps per sec: 81
Eval num_timesteps=1024, episode_reward=nan +/- nan
Eval num_timesteps=1024, episode_success=nan +/- nan
se
2 2048 1024
diff [0.15202584117650986, 0.023136354982852936]
ref [0.09061603993177414, 0.07166862487792969]
[0.242641881108284, 0.09480497986078262]
Training time: 30 	steps per sec: 67
Eval num_timesteps=2048, episode_reward=nan +/- nan
Eval num_timesteps=2048, episode_success=nan +/- nan
se
3 3072 1024
diff [0.15202584117650986, 0.023136354982852936, 0.0052678510546684265]
ref [0.09061603993177414, 0.07166862487792969, 0.05166641250252724]
[0.242641881108284, 0.09480497986078262, 0.05693426355719566]
Training time: 54 	steps per sec: 56
Eval num_timesteps=3072, episode_reward=nan +/- nan
Eval num_timesteps=3072, episode_success=nan +/- nan
se
4 4096 1024
diff [0.15202584117650986, 0.023136354982852936, 0.0052678510546684265, 0.0019593648612499237]
ref [0.09061603993177414, 0.07166862487792969, 0.05166641250252724, 0.038898006081581116]
[0.242641881108284, 0.09480497986078262, 0.05693426355719566, 0.04085737094283104]
Training time: 83 	steps per sec: 48
Eval num_timesteps=4096, episode_reward=nan +/- nan
Eval num_timesteps=4096, episode_success=nan +/- nan
se
5 5120 1024
diff [0.15202584117650986, 0.023136354982852936, 0.0052678510546684265, 0.0019593648612499237, 0.005206368863582611]
ref [0.09061603993177414, 0.07166862487792969, 0.05166641250252724, 0.038898006081581116, 0.02035122737288475]
[0.242641881108284, 0.09480497986078262, 0.05693426355719566, 0.04085737094283104, 0.02555759623646736]
Training time: 113 	steps per sec: 45
Eval num_timesteps=5120, episode_reward=nan +/- nan
Eval num_timesteps=5120, episode_success=nan +/- nan
se
6 6144 1024
diff [0.15202584117650986, 0.023136354982852936, 0.0052678510546684265, 0.0019593648612499237, 0.005206368863582611, 0.006566508673131466]
ref [0.09061603993177414, 0.07166862487792969, 0.05166641250252724, 0.038898006081581116, 0.02035122737288475, 0.012742112390697002]
[0.242641881108284, 0.09480497986078262, 0.05693426355719566, 0.04085737094283104, 0.02555759623646736, 0.01930862106382847]
Training time: 157 	steps per sec: 38
Eval num_timesteps=6144, episode_reward=nan +/- nan
Eval num_timesteps=6144, episode_success=nan +/- nan
se
7 7168 1024
diff [0.15202584117650986, 0.023136354982852936, 0.0052678510546684265, 0.0019593648612499237, 0.005206368863582611, 0.006566508673131466, 0.005329032428562641]
ref [0.09061603993177414, 0.07166862487792969, 0.05166641250252724, 0.038898006081581116, 0.02035122737288475, 0.012742112390697002, 0.012236158363521099]
[0.242641881108284, 0.09480497986078262, 0.05693426355719566, 0.04085737094283104, 0.02555759623646736, 0.01930862106382847, 0.01756519079208374]
Training time: 209 	steps per sec: 34
Eval num_timesteps=7168, episode_reward=nan +/- nan
Eval num_timesteps=7168, episode_success=nan +/- nan
se
8 8192 1024
diff [0.15202584117650986, 0.023136354982852936, 0.0052678510546684265, 0.0019593648612499237, 0.005206368863582611, 0.006566508673131466, 0.005329032428562641, 0.0017318138852715492]
ref [0.09061603993177414, 0.07166862487792969, 0.05166641250252724, 0.038898006081581116, 0.02035122737288475, 0.012742112390697002, 0.012236158363521099, 0.014335564337670803]
[0.242641881108284, 0.09480497986078262, 0.05693426355719566, 0.04085737094283104, 0.02555759623646736, 0.01930862106382847, 0.01756519079208374, 0.016067378222942352]
Training time: 251 	steps per sec: 32
Eval num_timesteps=8192, episode_reward=nan +/- nan
Eval num_timesteps=8192, episode_success=nan +/- nan
se
9 9216 1024
diff [0.15202584117650986, 0.023136354982852936, 0.0052678510546684265, 0.0019593648612499237, 0.005206368863582611, 0.006566508673131466, 0.005329032428562641, 0.0017318138852715492, -0.0006029680371284485]
ref [0.09061603993177414, 0.07166862487792969, 0.05166641250252724, 0.038898006081581116, 0.02035122737288475, 0.012742112390697002, 0.012236158363521099, 0.014335564337670803, 0.011822531931102276]
[0.242641881108284, 0.09480497986078262, 0.05693426355719566, 0.04085737094283104, 0.02555759623646736, 0.01930862106382847, 0.01756519079208374, 0.016067378222942352, 0.011219563893973827]
Training time: 298 	steps per sec: 30
Eval num_timesteps=9216, episode_reward=nan +/- nan
Eval num_timesteps=9216, episode_success=nan +/- nan
se
10 10240 1024
diff [0.15202584117650986, 0.023136354982852936, 0.0052678510546684265, 0.0019593648612499237, 0.005206368863582611, 0.006566508673131466, 0.005329032428562641, 0.0017318138852715492, -0.0006029680371284485, -0.0019400548189878464]
ref [0.09061603993177414, 0.07166862487792969, 0.05166641250252724, 0.038898006081581116, 0.02035122737288475, 0.012742112390697002, 0.012236158363521099, 0.014335564337670803, 0.011822531931102276, 0.010613903403282166]
[0.242641881108284, 0.09480497986078262, 0.05693426355719566, 0.04085737094283104, 0.02555759623646736, 0.01930862106382847, 0.01756519079208374, 0.016067378222942352, 0.011219563893973827, 0.00867384858429432]
Training time: 366 	steps per sec: 27
Eval num_timesteps=10240, episode_reward=nan +/- nan
Eval num_timesteps=10240, episode_success=nan +/- nan
se
11 11264 1024
diff [0.15202584117650986, 0.023136354982852936, 0.0052678510546684265, 0.0019593648612499237, 0.005206368863582611, 0.006566508673131466, 0.005329032428562641, 0.0017318138852715492, -0.0006029680371284485, -0.0019400548189878464, -0.0014285240322351456]
ref [0.09061603993177414, 0.07166862487792969, 0.05166641250252724, 0.038898006081581116, 0.02035122737288475, 0.012742112390697002, 0.012236158363521099, 0.014335564337670803, 0.011822531931102276, 0.010613903403282166, 0.008842268958687782]
[0.242641881108284, 0.09480497986078262, 0.05693426355719566, 0.04085737094283104, 0.02555759623646736, 0.01930862106382847, 0.01756519079208374, 0.016067378222942352, 0.011219563893973827, 0.00867384858429432, 0.007413744926452637]
Training time: 441 	steps per sec: 25
Eval num_timesteps=11264, episode_reward=nan +/- nan
Eval num_timesteps=11264, episode_success=nan +/- nan
se
12 12288 1024
diff [0.15202584117650986, 0.023136354982852936, 0.0052678510546684265, 0.0019593648612499237, 0.005206368863582611, 0.006566508673131466, 0.005329032428562641, 0.0017318138852715492, -0.0006029680371284485, -0.0019400548189878464, -0.0014285240322351456, -0.0006121546030044556]
ref [0.09061603993177414, 0.07166862487792969, 0.05166641250252724, 0.038898006081581116, 0.02035122737288475, 0.012742112390697002, 0.012236158363521099, 0.014335564337670803, 0.011822531931102276, 0.010613903403282166, 0.008842268958687782, 0.006916659418493509]
[0.242641881108284, 0.09480497986078262, 0.05693426355719566, 0.04085737094283104, 0.02555759623646736, 0.01930862106382847, 0.01756519079208374, 0.016067378222942352, 0.011219563893973827, 0.00867384858429432, 0.007413744926452637, 0.006304504815489054]
Training time: 525 	steps per sec: 23
Eval num_timesteps=12288, episode_reward=nan +/- nan
Eval num_timesteps=12288, episode_success=nan +/- nan
se
13 13312 1024
diff [0.15202584117650986, 0.023136354982852936, 0.0052678510546684265, 0.0019593648612499237, 0.005206368863582611, 0.006566508673131466, 0.005329032428562641, 0.0017318138852715492, -0.0006029680371284485, -0.0019400548189878464, -0.0014285240322351456, -0.0006121546030044556, -0.0006073350086808205]
ref [0.09061603993177414, 0.07166862487792969, 0.05166641250252724, 0.038898006081581116, 0.02035122737288475, 0.012742112390697002, 0.012236158363521099, 0.014335564337670803, 0.011822531931102276, 0.010613903403282166, 0.008842268958687782, 0.006916659418493509, 0.007625204045325518]
[0.242641881108284, 0.09480497986078262, 0.05693426355719566, 0.04085737094283104, 0.02555759623646736, 0.01930862106382847, 0.01756519079208374, 0.016067378222942352, 0.011219563893973827, 0.00867384858429432, 0.007413744926452637, 0.006304504815489054, 0.007017869036644697]
Training time: 614 	steps per sec: 21
Eval num_timesteps=13312, episode_reward=nan +/- nan
Eval num_timesteps=13312, episode_success=nan +/- nan
se
14 14336 1024
diff [0.15202584117650986, 0.023136354982852936, 0.0052678510546684265, 0.0019593648612499237, 0.005206368863582611, 0.006566508673131466, 0.005329032428562641, 0.0017318138852715492, -0.0006029680371284485, -0.0019400548189878464, -0.0014285240322351456, -0.0006121546030044556, -0.0006073350086808205, 0.0007253619842231274]
ref [0.09061603993177414, 0.07166862487792969, 0.05166641250252724, 0.038898006081581116, 0.02035122737288475, 0.012742112390697002, 0.012236158363521099, 0.014335564337670803, 0.011822531931102276, 0.010613903403282166, 0.008842268958687782, 0.006916659418493509, 0.007625204045325518, 0.005641066934913397]
[0.242641881108284, 0.09480497986078262, 0.05693426355719566, 0.04085737094283104, 0.02555759623646736, 0.01930862106382847, 0.01756519079208374, 0.016067378222942352, 0.011219563893973827, 0.00867384858429432, 0.007413744926452637, 0.006304504815489054, 0.007017869036644697, 0.006366428919136524]
Training time: 710 	steps per sec: 20
Eval num_timesteps=14336, episode_reward=nan +/- nan
Eval num_timesteps=14336, episode_success=nan +/- nan
se
15 15360 1024
diff [0.15202584117650986, 0.023136354982852936, 0.0052678510546684265, 0.0019593648612499237, 0.005206368863582611, 0.006566508673131466, 0.005329032428562641, 0.0017318138852715492, -0.0006029680371284485, -0.0019400548189878464, -0.0014285240322351456, -0.0006121546030044556, -0.0006073350086808205, 0.0007253619842231274, -0.0008852099999785423]
ref [0.09061603993177414, 0.07166862487792969, 0.05166641250252724, 0.038898006081581116, 0.02035122737288475, 0.012742112390697002, 0.012236158363521099, 0.014335564337670803, 0.011822531931102276, 0.010613903403282166, 0.008842268958687782, 0.006916659418493509, 0.007625204045325518, 0.005641066934913397, 0.005962207447737455]
[0.242641881108284, 0.09480497986078262, 0.05693426355719566, 0.04085737094283104, 0.02555759623646736, 0.01930862106382847, 0.01756519079208374, 0.016067378222942352, 0.011219563893973827, 0.00867384858429432, 0.007413744926452637, 0.006304504815489054, 0.007017869036644697, 0.006366428919136524, 0.005076997447758913]
Training time: 811 	steps per sec: 18
Eval num_timesteps=15360, episode_reward=nan +/- nan
Eval num_timesteps=15360, episode_success=nan +/- nan
se
16 16384 1024
diff [0.15202584117650986, 0.023136354982852936, 0.0052678510546684265, 0.0019593648612499237, 0.005206368863582611, 0.006566508673131466, 0.005329032428562641, 0.0017318138852715492, -0.0006029680371284485, -0.0019400548189878464, -0.0014285240322351456, -0.0006121546030044556, -0.0006073350086808205, 0.0007253619842231274, -0.0008852099999785423, -0.0007542148232460022]
ref [0.09061603993177414, 0.07166862487792969, 0.05166641250252724, 0.038898006081581116, 0.02035122737288475, 0.012742112390697002, 0.012236158363521099, 0.014335564337670803, 0.011822531931102276, 0.010613903403282166, 0.008842268958687782, 0.006916659418493509, 0.007625204045325518, 0.005641066934913397, 0.005962207447737455, 0.005151309072971344]
[0.242641881108284, 0.09480497986078262, 0.05693426355719566, 0.04085737094283104, 0.02555759623646736, 0.01930862106382847, 0.01756519079208374, 0.016067378222942352, 0.011219563893973827, 0.00867384858429432, 0.007413744926452637, 0.006304504815489054, 0.007017869036644697, 0.006366428919136524, 0.005076997447758913, 0.004397094249725342]
Training time: 914 	steps per sec: 17
Eval num_timesteps=16384, episode_reward=nan +/- nan
Eval num_timesteps=16384, episode_success=nan +/- nan
se
16 16384 1024
diff [0.15202584117650986, 0.023136354982852936, 0.0052678510546684265, 0.0019593648612499237, 0.005206368863582611, 0.006566508673131466, 0.005329032428562641, 0.0017318138852715492, -0.0006029680371284485, -0.0019400548189878464, -0.0014285240322351456, -0.0006121546030044556, -0.0006073350086808205, 0.0007253619842231274, -0.0008852099999785423, -0.0007542148232460022, -0.0014821351505815983]
ref [0.09061603993177414, 0.07166862487792969, 0.05166641250252724, 0.038898006081581116, 0.02035122737288475, 0.012742112390697002, 0.012236158363521099, 0.014335564337670803, 0.011822531931102276, 0.010613903403282166, 0.008842268958687782, 0.006916659418493509, 0.007625204045325518, 0.005641066934913397, 0.005962207447737455, 0.005151309072971344, 0.005578519310802221]
[0.242641881108284, 0.09480497986078262, 0.05693426355719566, 0.04085737094283104, 0.02555759623646736, 0.01930862106382847, 0.01756519079208374, 0.016067378222942352, 0.011219563893973827, 0.00867384858429432, 0.007413744926452637, 0.006304504815489054, 0.007017869036644697, 0.006366428919136524, 0.005076997447758913, 0.004397094249725342, 0.004096384160220623]
Training time: 997 	steps per sec: 17
Eval num_timesteps=17408, episode_reward=nan +/- nan
Eval num_timesteps=17408, episode_success=nan +/- nan
se
16 16384 1024
diff [0.15202584117650986, 0.023136354982852936, 0.0052678510546684265, 0.0019593648612499237, 0.005206368863582611, 0.006566508673131466, 0.005329032428562641, 0.0017318138852715492, -0.0006029680371284485, -0.0019400548189878464, -0.0014285240322351456, -0.0006121546030044556, -0.0006073350086808205, 0.0007253619842231274, -0.0008852099999785423, -0.0007542148232460022, -0.0014821351505815983, -0.0031401612795889378]
ref [0.09061603993177414, 0.07166862487792969, 0.05166641250252724, 0.038898006081581116, 0.02035122737288475, 0.012742112390697002, 0.012236158363521099, 0.014335564337670803, 0.011822531931102276, 0.010613903403282166, 0.008842268958687782, 0.006916659418493509, 0.007625204045325518, 0.005641066934913397, 0.005962207447737455, 0.005151309072971344, 0.005578519310802221, 0.0064957053400576115]
[0.242641881108284, 0.09480497986078262, 0.05693426355719566, 0.04085737094283104, 0.02555759623646736, 0.01930862106382847, 0.01756519079208374, 0.016067378222942352, 0.011219563893973827, 0.00867384858429432, 0.007413744926452637, 0.006304504815489054, 0.007017869036644697, 0.006366428919136524, 0.005076997447758913, 0.004397094249725342, 0.004096384160220623, 0.0033555440604686737]
Training time: 1074 	steps per sec: 17
Eval num_timesteps=18432, episode_reward=nan +/- nan
Eval num_timesteps=18432, episode_success=nan +/- nan
se
16 16384 1024
diff [0.15202584117650986, 0.023136354982852936, 0.0052678510546684265, 0.0019593648612499237, 0.005206368863582611, 0.006566508673131466, 0.005329032428562641, 0.0017318138852715492, -0.0006029680371284485, -0.0019400548189878464, -0.0014285240322351456, -0.0006121546030044556, -0.0006073350086808205, 0.0007253619842231274, -0.0008852099999785423, -0.0007542148232460022, -0.0014821351505815983, -0.0031401612795889378, -0.0025874630082398653]
ref [0.09061603993177414, 0.07166862487792969, 0.05166641250252724, 0.038898006081581116, 0.02035122737288475, 0.012742112390697002, 0.012236158363521099, 0.014335564337670803, 0.011822531931102276, 0.010613903403282166, 0.008842268958687782, 0.006916659418493509, 0.007625204045325518, 0.005641066934913397, 0.005962207447737455, 0.005151309072971344, 0.005578519310802221, 0.0064957053400576115, 0.006001919507980347]
[0.242641881108284, 0.09480497986078262, 0.05693426355719566, 0.04085737094283104, 0.02555759623646736, 0.01930862106382847, 0.01756519079208374, 0.016067378222942352, 0.011219563893973827, 0.00867384858429432, 0.007413744926452637, 0.006304504815489054, 0.007017869036644697, 0.006366428919136524, 0.005076997447758913, 0.004397094249725342, 0.004096384160220623, 0.0033555440604686737, 0.0034144564997404814]
Training time: 1155 	steps per sec: 16
Eval num_timesteps=19456, episode_reward=nan +/- nan
Eval num_timesteps=19456, episode_success=nan +/- nan
se
16 16384 1024
diff [0.15202584117650986, 0.023136354982852936, 0.0052678510546684265, 0.0019593648612499237, 0.005206368863582611, 0.006566508673131466, 0.005329032428562641, 0.0017318138852715492, -0.0006029680371284485, -0.0019400548189878464, -0.0014285240322351456, -0.0006121546030044556, -0.0006073350086808205, 0.0007253619842231274, -0.0008852099999785423, -0.0007542148232460022, -0.0014821351505815983, -0.0031401612795889378, -0.0025874630082398653, -0.003536074887961149]
ref [0.09061603993177414, 0.07166862487792969, 0.05166641250252724, 0.038898006081581116, 0.02035122737288475, 0.012742112390697002, 0.012236158363521099, 0.014335564337670803, 0.011822531931102276, 0.010613903403282166, 0.008842268958687782, 0.006916659418493509, 0.007625204045325518, 0.005641066934913397, 0.005962207447737455, 0.005151309072971344, 0.005578519310802221, 0.0064957053400576115, 0.006001919507980347, 0.007474561221897602]
[0.242641881108284, 0.09480497986078262, 0.05693426355719566, 0.04085737094283104, 0.02555759623646736, 0.01930862106382847, 0.01756519079208374, 0.016067378222942352, 0.011219563893973827, 0.00867384858429432, 0.007413744926452637, 0.006304504815489054, 0.007017869036644697, 0.006366428919136524, 0.005076997447758913, 0.004397094249725342, 0.004096384160220623, 0.0033555440604686737, 0.0034144564997404814, 0.003938486333936453]
Training time: 1237 	steps per sec: 16
Eval num_timesteps=20480, episode_reward=nan +/- nan
Eval num_timesteps=20480, episode_success=nan +/- nan
se
16 16384 1024
diff [0.15202584117650986, 0.023136354982852936, 0.0052678510546684265, 0.0019593648612499237, 0.005206368863582611, 0.006566508673131466, 0.005329032428562641, 0.0017318138852715492, -0.0006029680371284485, -0.0019400548189878464, -0.0014285240322351456, -0.0006121546030044556, -0.0006073350086808205, 0.0007253619842231274, -0.0008852099999785423, -0.0007542148232460022, -0.0014821351505815983, -0.0031401612795889378, -0.0025874630082398653, -0.003536074887961149, -0.0014110342599451542]
ref [0.09061603993177414, 0.07166862487792969, 0.05166641250252724, 0.038898006081581116, 0.02035122737288475, 0.012742112390697002, 0.012236158363521099, 0.014335564337670803, 0.011822531931102276, 0.010613903403282166, 0.008842268958687782, 0.006916659418493509, 0.007625204045325518, 0.005641066934913397, 0.005962207447737455, 0.005151309072971344, 0.005578519310802221, 0.0064957053400576115, 0.006001919507980347, 0.007474561221897602, 0.005556021351367235]
[0.242641881108284, 0.09480497986078262, 0.05693426355719566, 0.04085737094283104, 0.02555759623646736, 0.01930862106382847, 0.01756519079208374, 0.016067378222942352, 0.011219563893973827, 0.00867384858429432, 0.007413744926452637, 0.006304504815489054, 0.007017869036644697, 0.006366428919136524, 0.005076997447758913, 0.004397094249725342, 0.004096384160220623, 0.0033555440604686737, 0.0034144564997404814, 0.003938486333936453, 0.004144987091422081]
Training time: 1317 	steps per sec: 16
Eval num_timesteps=21504, episode_reward=nan +/- nan
Eval num_timesteps=21504, episode_success=nan +/- nan
se
16 16384 1024
diff [0.15202584117650986, 0.023136354982852936, 0.0052678510546684265, 0.0019593648612499237, 0.005206368863582611, 0.006566508673131466, 0.005329032428562641, 0.0017318138852715492, -0.0006029680371284485, -0.0019400548189878464, -0.0014285240322351456, -0.0006121546030044556, -0.0006073350086808205, 0.0007253619842231274, -0.0008852099999785423, -0.0007542148232460022, -0.0014821351505815983, -0.0031401612795889378, -0.0025874630082398653, -0.003536074887961149, -0.0014110342599451542, -0.002701860386878252]
ref [0.09061603993177414, 0.07166862487792969, 0.05166641250252724, 0.038898006081581116, 0.02035122737288475, 0.012742112390697002, 0.012236158363521099, 0.014335564337670803, 0.011822531931102276, 0.010613903403282166, 0.008842268958687782, 0.006916659418493509, 0.007625204045325518, 0.005641066934913397, 0.005962207447737455, 0.005151309072971344, 0.005578519310802221, 0.0064957053400576115, 0.006001919507980347, 0.007474561221897602, 0.005556021351367235, 0.006967951077967882]
[0.242641881108284, 0.09480497986078262, 0.05693426355719566, 0.04085737094283104, 0.02555759623646736, 0.01930862106382847, 0.01756519079208374, 0.016067378222942352, 0.011219563893973827, 0.00867384858429432, 0.007413744926452637, 0.006304504815489054, 0.007017869036644697, 0.006366428919136524, 0.005076997447758913, 0.004397094249725342, 0.004096384160220623, 0.0033555440604686737, 0.0034144564997404814, 0.003938486333936453, 0.004144987091422081, 0.00426609069108963]
Training time: 1400 	steps per sec: 16
Eval num_timesteps=22528, episode_reward=nan +/- nan
Eval num_timesteps=22528, episode_success=nan +/- nan
se
16 16384 1024
diff [0.15202584117650986, 0.023136354982852936, 0.0052678510546684265, 0.0019593648612499237, 0.005206368863582611, 0.006566508673131466, 0.005329032428562641, 0.0017318138852715492, -0.0006029680371284485, -0.0019400548189878464, -0.0014285240322351456, -0.0006121546030044556, -0.0006073350086808205, 0.0007253619842231274, -0.0008852099999785423, -0.0007542148232460022, -0.0014821351505815983, -0.0031401612795889378, -0.0025874630082398653, -0.003536074887961149, -0.0014110342599451542, -0.002701860386878252, -0.0016626417636871338]
ref [0.09061603993177414, 0.07166862487792969, 0.05166641250252724, 0.038898006081581116, 0.02035122737288475, 0.012742112390697002, 0.012236158363521099, 0.014335564337670803, 0.011822531931102276, 0.010613903403282166, 0.008842268958687782, 0.006916659418493509, 0.007625204045325518, 0.005641066934913397, 0.005962207447737455, 0.005151309072971344, 0.005578519310802221, 0.0064957053400576115, 0.006001919507980347, 0.007474561221897602, 0.005556021351367235, 0.006967951077967882, 0.00613936223089695]
[0.242641881108284, 0.09480497986078262, 0.05693426355719566, 0.04085737094283104, 0.02555759623646736, 0.01930862106382847, 0.01756519079208374, 0.016067378222942352, 0.011219563893973827, 0.00867384858429432, 0.007413744926452637, 0.006304504815489054, 0.007017869036644697, 0.006366428919136524, 0.005076997447758913, 0.004397094249725342, 0.004096384160220623, 0.0033555440604686737, 0.0034144564997404814, 0.003938486333936453, 0.004144987091422081, 0.00426609069108963, 0.004476720467209816]
Training time: 1479 	steps per sec: 15
Eval num_timesteps=23552, episode_reward=nan +/- nan
Eval num_timesteps=23552, episode_success=nan +/- nan
se
16 16384 1024
diff [0.15202584117650986, 0.023136354982852936, 0.0052678510546684265, 0.0019593648612499237, 0.005206368863582611, 0.006566508673131466, 0.005329032428562641, 0.0017318138852715492, -0.0006029680371284485, -0.0019400548189878464, -0.0014285240322351456, -0.0006121546030044556, -0.0006073350086808205, 0.0007253619842231274, -0.0008852099999785423, -0.0007542148232460022, -0.0014821351505815983, -0.0031401612795889378, -0.0025874630082398653, -0.003536074887961149, -0.0014110342599451542, -0.002701860386878252, -0.0016626417636871338, -0.002413397189229727]
ref [0.09061603993177414, 0.07166862487792969, 0.05166641250252724, 0.038898006081581116, 0.02035122737288475, 0.012742112390697002, 0.012236158363521099, 0.014335564337670803, 0.011822531931102276, 0.010613903403282166, 0.008842268958687782, 0.006916659418493509, 0.007625204045325518, 0.005641066934913397, 0.005962207447737455, 0.005151309072971344, 0.005578519310802221, 0.0064957053400576115, 0.006001919507980347, 0.007474561221897602, 0.005556021351367235, 0.006967951077967882, 0.00613936223089695, 0.006747950799763203]
[0.242641881108284, 0.09480497986078262, 0.05693426355719566, 0.04085737094283104, 0.02555759623646736, 0.01930862106382847, 0.01756519079208374, 0.016067378222942352, 0.011219563893973827, 0.00867384858429432, 0.007413744926452637, 0.006304504815489054, 0.007017869036644697, 0.006366428919136524, 0.005076997447758913, 0.004397094249725342, 0.004096384160220623, 0.0033555440604686737, 0.0034144564997404814, 0.003938486333936453, 0.004144987091422081, 0.00426609069108963, 0.004476720467209816, 0.004334553610533476]
Training time: 1564 	steps per sec: 15
Eval num_timesteps=24576, episode_reward=nan +/- nan
Eval num_timesteps=24576, episode_success=nan +/- nan
se
16 16384 1024
diff [0.15202584117650986, 0.023136354982852936, 0.0052678510546684265, 0.0019593648612499237, 0.005206368863582611, 0.006566508673131466, 0.005329032428562641, 0.0017318138852715492, -0.0006029680371284485, -0.0019400548189878464, -0.0014285240322351456, -0.0006121546030044556, -0.0006073350086808205, 0.0007253619842231274, -0.0008852099999785423, -0.0007542148232460022, -0.0014821351505815983, -0.0031401612795889378, -0.0025874630082398653, -0.003536074887961149, -0.0014110342599451542, -0.002701860386878252, -0.0016626417636871338, -0.002413397189229727, -0.0007235170342028141]
ref [0.09061603993177414, 0.07166862487792969, 0.05166641250252724, 0.038898006081581116, 0.02035122737288475, 0.012742112390697002, 0.012236158363521099, 0.014335564337670803, 0.011822531931102276, 0.010613903403282166, 0.008842268958687782, 0.006916659418493509, 0.007625204045325518, 0.005641066934913397, 0.005962207447737455, 0.005151309072971344, 0.005578519310802221, 0.0064957053400576115, 0.006001919507980347, 0.007474561221897602, 0.005556021351367235, 0.006967951077967882, 0.00613936223089695, 0.006747950799763203, 0.005145289935171604]
[0.242641881108284, 0.09480497986078262, 0.05693426355719566, 0.04085737094283104, 0.02555759623646736, 0.01930862106382847, 0.01756519079208374, 0.016067378222942352, 0.011219563893973827, 0.00867384858429432, 0.007413744926452637, 0.006304504815489054, 0.007017869036644697, 0.006366428919136524, 0.005076997447758913, 0.004397094249725342, 0.004096384160220623, 0.0033555440604686737, 0.0034144564997404814, 0.003938486333936453, 0.004144987091422081, 0.00426609069108963, 0.004476720467209816, 0.004334553610533476, 0.00442177290096879]
Training time: 1645 	steps per sec: 15
Eval num_timesteps=25600, episode_reward=nan +/- nan
Eval num_timesteps=25600, episode_success=nan +/- nan
se
16 16384 1024
diff [0.15202584117650986, 0.023136354982852936, 0.0052678510546684265, 0.0019593648612499237, 0.005206368863582611, 0.006566508673131466, 0.005329032428562641, 0.0017318138852715492, -0.0006029680371284485, -0.0019400548189878464, -0.0014285240322351456, -0.0006121546030044556, -0.0006073350086808205, 0.0007253619842231274, -0.0008852099999785423, -0.0007542148232460022, -0.0014821351505815983, -0.0031401612795889378, -0.0025874630082398653, -0.003536074887961149, -0.0014110342599451542, -0.002701860386878252, -0.0016626417636871338, -0.002413397189229727, -0.0007235170342028141, -0.00020614080131053925]
ref [0.09061603993177414, 0.07166862487792969, 0.05166641250252724, 0.038898006081581116, 0.02035122737288475, 0.012742112390697002, 0.012236158363521099, 0.014335564337670803, 0.011822531931102276, 0.010613903403282166, 0.008842268958687782, 0.006916659418493509, 0.007625204045325518, 0.005641066934913397, 0.005962207447737455, 0.005151309072971344, 0.005578519310802221, 0.0064957053400576115, 0.006001919507980347, 0.007474561221897602, 0.005556021351367235, 0.006967951077967882, 0.00613936223089695, 0.006747950799763203, 0.005145289935171604, 0.0047022621147334576]
[0.242641881108284, 0.09480497986078262, 0.05693426355719566, 0.04085737094283104, 0.02555759623646736, 0.01930862106382847, 0.01756519079208374, 0.016067378222942352, 0.011219563893973827, 0.00867384858429432, 0.007413744926452637, 0.006304504815489054, 0.007017869036644697, 0.006366428919136524, 0.005076997447758913, 0.004397094249725342, 0.004096384160220623, 0.0033555440604686737, 0.0034144564997404814, 0.003938486333936453, 0.004144987091422081, 0.00426609069108963, 0.004476720467209816, 0.004334553610533476, 0.00442177290096879, 0.004496121313422918]
Training time: 1750 	steps per sec: 15
Eval num_timesteps=26624, episode_reward=nan +/- nan
Eval num_timesteps=26624, episode_success=nan +/- nan
se
16 16384 1024
diff [0.15202584117650986, 0.023136354982852936, 0.0052678510546684265, 0.0019593648612499237, 0.005206368863582611, 0.006566508673131466, 0.005329032428562641, 0.0017318138852715492, -0.0006029680371284485, -0.0019400548189878464, -0.0014285240322351456, -0.0006121546030044556, -0.0006073350086808205, 0.0007253619842231274, -0.0008852099999785423, -0.0007542148232460022, -0.0014821351505815983, -0.0031401612795889378, -0.0025874630082398653, -0.003536074887961149, -0.0014110342599451542, -0.002701860386878252, -0.0016626417636871338, -0.002413397189229727, -0.0007235170342028141, -0.00020614080131053925, -0.0025217332877218723]
ref [0.09061603993177414, 0.07166862487792969, 0.05166641250252724, 0.038898006081581116, 0.02035122737288475, 0.012742112390697002, 0.012236158363521099, 0.014335564337670803, 0.011822531931102276, 0.010613903403282166, 0.008842268958687782, 0.006916659418493509, 0.007625204045325518, 0.005641066934913397, 0.005962207447737455, 0.005151309072971344, 0.005578519310802221, 0.0064957053400576115, 0.006001919507980347, 0.007474561221897602, 0.005556021351367235, 0.006967951077967882, 0.00613936223089695, 0.006747950799763203, 0.005145289935171604, 0.0047022621147334576, 0.006911838427186012]
[0.242641881108284, 0.09480497986078262, 0.05693426355719566, 0.04085737094283104, 0.02555759623646736, 0.01930862106382847, 0.01756519079208374, 0.016067378222942352, 0.011219563893973827, 0.00867384858429432, 0.007413744926452637, 0.006304504815489054, 0.007017869036644697, 0.006366428919136524, 0.005076997447758913, 0.004397094249725342, 0.004096384160220623, 0.0033555440604686737, 0.0034144564997404814, 0.003938486333936453, 0.004144987091422081, 0.00426609069108963, 0.004476720467209816, 0.004334553610533476, 0.00442177290096879, 0.004496121313422918, 0.00439010513946414]
Training time: 1880 	steps per sec: 14
Eval num_timesteps=27648, episode_reward=nan +/- nan
Eval num_timesteps=27648, episode_success=nan +/- nan
se
16 16384 1024
diff [0.15202584117650986, 0.023136354982852936, 0.0052678510546684265, 0.0019593648612499237, 0.005206368863582611, 0.006566508673131466, 0.005329032428562641, 0.0017318138852715492, -0.0006029680371284485, -0.0019400548189878464, -0.0014285240322351456, -0.0006121546030044556, -0.0006073350086808205, 0.0007253619842231274, -0.0008852099999785423, -0.0007542148232460022, -0.0014821351505815983, -0.0031401612795889378, -0.0025874630082398653, -0.003536074887961149, -0.0014110342599451542, -0.002701860386878252, -0.0016626417636871338, -0.002413397189229727, -0.0007235170342028141, -0.00020614080131053925, -0.0025217332877218723, -0.0029021482914686203]
ref [0.09061603993177414, 0.07166862487792969, 0.05166641250252724, 0.038898006081581116, 0.02035122737288475, 0.012742112390697002, 0.012236158363521099, 0.014335564337670803, 0.011822531931102276, 0.010613903403282166, 0.008842268958687782, 0.006916659418493509, 0.007625204045325518, 0.005641066934913397, 0.005962207447737455, 0.005151309072971344, 0.005578519310802221, 0.0064957053400576115, 0.006001919507980347, 0.007474561221897602, 0.005556021351367235, 0.006967951077967882, 0.00613936223089695, 0.006747950799763203, 0.005145289935171604, 0.0047022621147334576, 0.006911838427186012, 0.006980955600738525]
[0.242641881108284, 0.09480497986078262, 0.05693426355719566, 0.04085737094283104, 0.02555759623646736, 0.01930862106382847, 0.01756519079208374, 0.016067378222942352, 0.011219563893973827, 0.00867384858429432, 0.007413744926452637, 0.006304504815489054, 0.007017869036644697, 0.006366428919136524, 0.005076997447758913, 0.004397094249725342, 0.004096384160220623, 0.0033555440604686737, 0.0034144564997404814, 0.003938486333936453, 0.004144987091422081, 0.00426609069108963, 0.004476720467209816, 0.004334553610533476, 0.00442177290096879, 0.004496121313422918, 0.00439010513946414, 0.004078807309269905]
Training time: 2008 	steps per sec: 14
Eval num_timesteps=28672, episode_reward=nan +/- nan
Eval num_timesteps=28672, episode_success=nan +/- nan
se
16 16384 1024
diff [0.15202584117650986, 0.023136354982852936, 0.0052678510546684265, 0.0019593648612499237, 0.005206368863582611, 0.006566508673131466, 0.005329032428562641, 0.0017318138852715492, -0.0006029680371284485, -0.0019400548189878464, -0.0014285240322351456, -0.0006121546030044556, -0.0006073350086808205, 0.0007253619842231274, -0.0008852099999785423, -0.0007542148232460022, -0.0014821351505815983, -0.0031401612795889378, -0.0025874630082398653, -0.003536074887961149, -0.0014110342599451542, -0.002701860386878252, -0.0016626417636871338, -0.002413397189229727, -0.0007235170342028141, -0.00020614080131053925, -0.0025217332877218723, -0.0029021482914686203, -0.003301899414509535]
ref [0.09061603993177414, 0.07166862487792969, 0.05166641250252724, 0.038898006081581116, 0.02035122737288475, 0.012742112390697002, 0.012236158363521099, 0.014335564337670803, 0.011822531931102276, 0.010613903403282166, 0.008842268958687782, 0.006916659418493509, 0.007625204045325518, 0.005641066934913397, 0.005962207447737455, 0.005151309072971344, 0.005578519310802221, 0.0064957053400576115, 0.006001919507980347, 0.007474561221897602, 0.005556021351367235, 0.006967951077967882, 0.00613936223089695, 0.006747950799763203, 0.005145289935171604, 0.0047022621147334576, 0.006911838427186012, 0.006980955600738525, 0.007471096236258745]
[0.242641881108284, 0.09480497986078262, 0.05693426355719566, 0.04085737094283104, 0.02555759623646736, 0.01930862106382847, 0.01756519079208374, 0.016067378222942352, 0.011219563893973827, 0.00867384858429432, 0.007413744926452637, 0.006304504815489054, 0.007017869036644697, 0.006366428919136524, 0.005076997447758913, 0.004397094249725342, 0.004096384160220623, 0.0033555440604686737, 0.0034144564997404814, 0.003938486333936453, 0.004144987091422081, 0.00426609069108963, 0.004476720467209816, 0.004334553610533476, 0.00442177290096879, 0.004496121313422918, 0.00439010513946414, 0.004078807309269905, 0.00416919682174921]
Training time: 2103 	steps per sec: 14
Eval num_timesteps=29696, episode_reward=nan +/- nan
Eval num_timesteps=29696, episode_success=nan +/- nan
se
16 16384 1024
diff [0.15202584117650986, 0.023136354982852936, 0.0052678510546684265, 0.0019593648612499237, 0.005206368863582611, 0.006566508673131466, 0.005329032428562641, 0.0017318138852715492, -0.0006029680371284485, -0.0019400548189878464, -0.0014285240322351456, -0.0006121546030044556, -0.0006073350086808205, 0.0007253619842231274, -0.0008852099999785423, -0.0007542148232460022, -0.0014821351505815983, -0.0031401612795889378, -0.0025874630082398653, -0.003536074887961149, -0.0014110342599451542, -0.002701860386878252, -0.0016626417636871338, -0.002413397189229727, -0.0007235170342028141, -0.00020614080131053925, -0.0025217332877218723, -0.0029021482914686203, -0.003301899414509535, -0.0025891843251883984]
ref [0.09061603993177414, 0.07166862487792969, 0.05166641250252724, 0.038898006081581116, 0.02035122737288475, 0.012742112390697002, 0.012236158363521099, 0.014335564337670803, 0.011822531931102276, 0.010613903403282166, 0.008842268958687782, 0.006916659418493509, 0.007625204045325518, 0.005641066934913397, 0.005962207447737455, 0.005151309072971344, 0.005578519310802221, 0.0064957053400576115, 0.006001919507980347, 0.007474561221897602, 0.005556021351367235, 0.006967951077967882, 0.00613936223089695, 0.006747950799763203, 0.005145289935171604, 0.0047022621147334576, 0.006911838427186012, 0.006980955600738525, 0.007471096236258745, 0.00655925739556551]
[0.242641881108284, 0.09480497986078262, 0.05693426355719566, 0.04085737094283104, 0.02555759623646736, 0.01930862106382847, 0.01756519079208374, 0.016067378222942352, 0.011219563893973827, 0.00867384858429432, 0.007413744926452637, 0.006304504815489054, 0.007017869036644697, 0.006366428919136524, 0.005076997447758913, 0.004397094249725342, 0.004096384160220623, 0.0033555440604686737, 0.0034144564997404814, 0.003938486333936453, 0.004144987091422081, 0.00426609069108963, 0.004476720467209816, 0.004334553610533476, 0.00442177290096879, 0.004496121313422918, 0.00439010513946414, 0.004078807309269905, 0.00416919682174921, 0.0039700730703771114]
Training time: 2197 	steps per sec: 13
Eval num_timesteps=30720, episode_reward=nan +/- nan
Eval num_timesteps=30720, episode_success=nan +/- nan
se
16 16384 1024
diff [0.15202584117650986, 0.023136354982852936, 0.0052678510546684265, 0.0019593648612499237, 0.005206368863582611, 0.006566508673131466, 0.005329032428562641, 0.0017318138852715492, -0.0006029680371284485, -0.0019400548189878464, -0.0014285240322351456, -0.0006121546030044556, -0.0006073350086808205, 0.0007253619842231274, -0.0008852099999785423, -0.0007542148232460022, -0.0014821351505815983, -0.0031401612795889378, -0.0025874630082398653, -0.003536074887961149, -0.0014110342599451542, -0.002701860386878252, -0.0016626417636871338, -0.002413397189229727, -0.0007235170342028141, -0.00020614080131053925, -0.0025217332877218723, -0.0029021482914686203, -0.003301899414509535, -0.0025891843251883984, -0.001549555454403162]
ref [0.09061603993177414, 0.07166862487792969, 0.05166641250252724, 0.038898006081581116, 0.02035122737288475, 0.012742112390697002, 0.012236158363521099, 0.014335564337670803, 0.011822531931102276, 0.010613903403282166, 0.008842268958687782, 0.006916659418493509, 0.007625204045325518, 0.005641066934913397, 0.005962207447737455, 0.005151309072971344, 0.005578519310802221, 0.0064957053400576115, 0.006001919507980347, 0.007474561221897602, 0.005556021351367235, 0.006967951077967882, 0.00613936223089695, 0.006747950799763203, 0.005145289935171604, 0.0047022621147334576, 0.006911838427186012, 0.006980955600738525, 0.007471096236258745, 0.00655925739556551, 0.005824195686727762]
[0.242641881108284, 0.09480497986078262, 0.05693426355719566, 0.04085737094283104, 0.02555759623646736, 0.01930862106382847, 0.01756519079208374, 0.016067378222942352, 0.011219563893973827, 0.00867384858429432, 0.007413744926452637, 0.006304504815489054, 0.007017869036644697, 0.006366428919136524, 0.005076997447758913, 0.004397094249725342, 0.004096384160220623, 0.0033555440604686737, 0.0034144564997404814, 0.003938486333936453, 0.004144987091422081, 0.00426609069108963, 0.004476720467209816, 0.004334553610533476, 0.00442177290096879, 0.004496121313422918, 0.00439010513946414, 0.004078807309269905, 0.00416919682174921, 0.0039700730703771114, 0.0042746402323246]
Training time: 2301 	steps per sec: 13
Eval num_timesteps=31744, episode_reward=nan +/- nan
Eval num_timesteps=31744, episode_success=nan +/- nan
se
16 16384 1024
diff [0.15202584117650986, 0.023136354982852936, 0.0052678510546684265, 0.0019593648612499237, 0.005206368863582611, 0.006566508673131466, 0.005329032428562641, 0.0017318138852715492, -0.0006029680371284485, -0.0019400548189878464, -0.0014285240322351456, -0.0006121546030044556, -0.0006073350086808205, 0.0007253619842231274, -0.0008852099999785423, -0.0007542148232460022, -0.0014821351505815983, -0.0031401612795889378, -0.0025874630082398653, -0.003536074887961149, -0.0014110342599451542, -0.002701860386878252, -0.0016626417636871338, -0.002413397189229727, -0.0007235170342028141, -0.00020614080131053925, -0.0025217332877218723, -0.0029021482914686203, -0.003301899414509535, -0.0025891843251883984, -0.001549555454403162, -0.0025050295516848564]
ref [0.09061603993177414, 0.07166862487792969, 0.05166641250252724, 0.038898006081581116, 0.02035122737288475, 0.012742112390697002, 0.012236158363521099, 0.014335564337670803, 0.011822531931102276, 0.010613903403282166, 0.008842268958687782, 0.006916659418493509, 0.007625204045325518, 0.005641066934913397, 0.005962207447737455, 0.005151309072971344, 0.005578519310802221, 0.0064957053400576115, 0.006001919507980347, 0.007474561221897602, 0.005556021351367235, 0.006967951077967882, 0.00613936223089695, 0.006747950799763203, 0.005145289935171604, 0.0047022621147334576, 0.006911838427186012, 0.006980955600738525, 0.007471096236258745, 0.00655925739556551, 0.005824195686727762, 0.007323227357119322]
[0.242641881108284, 0.09480497986078262, 0.05693426355719566, 0.04085737094283104, 0.02555759623646736, 0.01930862106382847, 0.01756519079208374, 0.016067378222942352, 0.011219563893973827, 0.00867384858429432, 0.007413744926452637, 0.006304504815489054, 0.007017869036644697, 0.006366428919136524, 0.005076997447758913, 0.004397094249725342, 0.004096384160220623, 0.0033555440604686737, 0.0034144564997404814, 0.003938486333936453, 0.004144987091422081, 0.00426609069108963, 0.004476720467209816, 0.004334553610533476, 0.00442177290096879, 0.004496121313422918, 0.00439010513946414, 0.004078807309269905, 0.00416919682174921, 0.0039700730703771114, 0.0042746402323246, 0.004818197805434465]
Training time: 2402 	steps per sec: 13
Eval num_timesteps=32768, episode_reward=nan +/- nan
Eval num_timesteps=32768, episode_success=nan +/- nan
results/Swimmer-v4/
results/Swimmer-v4/ppo_ros/
results/Swimmer-v4/ppo_ros/expert/
results/Swimmer-v4/ppo_ros/expert/b_16/
results/Swimmer-v4/ppo_ros/expert/b_16/no_clip_lambda/
results/Swimmer-v4/ppo_ros/expert/b_16/no_clip_lambda/run_4/
results/Swimmer-v4/ppo_ros/expert/b_16/no_clip_lambda/run_4/config.yml
results/Swimmer-v4/ppo_ros/expert/b_16/no_clip_lambda/run_4/stats.npz
results/Swimmer-v4/ppo_ros/expert/b_16/no_clip_lambda/run_4/evaluations.npz
