ppo_ros_continuous.py --env-id HalfCheetah-v4 -s expert/b_16/no_clip_lambda --total-timesteps 32768 --eval-freq 1 --eval-episodes 0 -b 16 --num-steps 1024 -lr 0 --update-epochs 0 --anneal-lr 0 --ros-num-steps 256 --ros-update-epochs 16 --ros-target-kl 0.05 --ros-clip-coef 999999999 --ros-lambda 0 -ros-lr 0.001 --ros-anneal-lr 0 --se 1 --se-freq 1 --se-lr 1e-3 --se-epochs 1000 --policy-path policies/HalfCheetah-v4/best_model.zip --normalization-dir policies/HalfCheetah-v4
Obtaining file:///var/lib/condor/execute/slot1/dir_1387827/PPOROS/PPOROS/custom-envs
  Preparing metadata (setup.py): started
  Preparing metadata (setup.py): finished with status 'done'
Requirement already satisfied: gym in /var/lib/condor/execute/slot1/dir_1387827/PPOROS/ppo-ros_env/lib/python3.9/site-packages (from custom-envs==0.0.1) (0.21.0)
Requirement already satisfied: numpy>=1.18.0 in /var/lib/condor/execute/slot1/dir_1387827/PPOROS/ppo-ros_env/lib/python3.9/site-packages (from gym->custom-envs==0.0.1) (1.24.2)
Requirement already satisfied: cloudpickle>=1.2.0 in /var/lib/condor/execute/slot1/dir_1387827/PPOROS/ppo-ros_env/lib/python3.9/site-packages (from gym->custom-envs==0.0.1) (2.2.1)
Installing collected packages: custom-envs
  Running setup.py develop for custom-envs
Successfully installed custom-envs-0.0.1
seed: 3
Eval num_timesteps=0, episode_reward=nan +/- nan
Eval num_timesteps=0, episode_success=nan +/- nan
se
1 1024 1024
diff [0.03336942195892334]
ref [0.25983086228370667]
[0.29320028424263]
Training time: 7 	steps per sec: 141
Eval num_timesteps=1024, episode_reward=nan +/- nan
Eval num_timesteps=1024, episode_success=nan +/- nan
se
2 2048 1024
diff [0.03336942195892334, 0.03924606740474701]
ref [0.25983086228370667, 0.12783294916152954]
[0.29320028424263, 0.16707901656627655]
Training time: 17 	steps per sec: 118
Eval num_timesteps=2048, episode_reward=nan +/- nan
Eval num_timesteps=2048, episode_success=nan +/- nan
se
3 3072 1024
diff [0.03336942195892334, 0.03924606740474701, 0.0317695289850235]
ref [0.25983086228370667, 0.12783294916152954, 0.06453198939561844]
[0.29320028424263, 0.16707901656627655, 0.09630151838064194]
Training time: 30 	steps per sec: 101
Eval num_timesteps=3072, episode_reward=nan +/- nan
Eval num_timesteps=3072, episode_success=nan +/- nan
se
4 4096 1024
diff [0.03336942195892334, 0.03924606740474701, 0.0317695289850235, 0.012968257069587708]
ref [0.25983086228370667, 0.12783294916152954, 0.06453198939561844, 0.06466497480869293]
[0.29320028424263, 0.16707901656627655, 0.09630151838064194, 0.07763323187828064]
Training time: 46 	steps per sec: 88
Eval num_timesteps=4096, episode_reward=nan +/- nan
Eval num_timesteps=4096, episode_success=nan +/- nan
se
5 5120 1024
diff [0.03336942195892334, 0.03924606740474701, 0.0317695289850235, 0.012968257069587708, 0.01685551181435585]
ref [0.25983086228370667, 0.12783294916152954, 0.06453198939561844, 0.06466497480869293, 0.041961684823036194]
[0.29320028424263, 0.16707901656627655, 0.09630151838064194, 0.07763323187828064, 0.058817196637392044]
Training time: 65 	steps per sec: 78
Eval num_timesteps=5120, episode_reward=nan +/- nan
Eval num_timesteps=5120, episode_success=nan +/- nan
se
6 6144 1024
diff [0.03336942195892334, 0.03924606740474701, 0.0317695289850235, 0.012968257069587708, 0.01685551181435585, -0.000303708016872406]
ref [0.25983086228370667, 0.12783294916152954, 0.06453198939561844, 0.06466497480869293, 0.041961684823036194, 0.042714688926935196]
[0.29320028424263, 0.16707901656627655, 0.09630151838064194, 0.07763323187828064, 0.058817196637392044, 0.04241098091006279]
Training time: 89 	steps per sec: 68
Eval num_timesteps=6144, episode_reward=nan +/- nan
Eval num_timesteps=6144, episode_success=nan +/- nan
se
7 7168 1024
diff [0.03336942195892334, 0.03924606740474701, 0.0317695289850235, 0.012968257069587708, 0.01685551181435585, -0.000303708016872406, 0.0004954896867275238]
ref [0.25983086228370667, 0.12783294916152954, 0.06453198939561844, 0.06466497480869293, 0.041961684823036194, 0.042714688926935196, 0.031992293894290924]
[0.29320028424263, 0.16707901656627655, 0.09630151838064194, 0.07763323187828064, 0.058817196637392044, 0.04241098091006279, 0.03248778358101845]
Training time: 115 	steps per sec: 62
Eval num_timesteps=7168, episode_reward=nan +/- nan
Eval num_timesteps=7168, episode_success=nan +/- nan
se
8 8192 1024
diff [0.03336942195892334, 0.03924606740474701, 0.0317695289850235, 0.012968257069587708, 0.01685551181435585, -0.000303708016872406, 0.0004954896867275238, -0.0008037593215703964]
ref [0.25983086228370667, 0.12783294916152954, 0.06453198939561844, 0.06466497480869293, 0.041961684823036194, 0.042714688926935196, 0.031992293894290924, 0.029453573748469353]
[0.29320028424263, 0.16707901656627655, 0.09630151838064194, 0.07763323187828064, 0.058817196637392044, 0.04241098091006279, 0.03248778358101845, 0.028649814426898956]
Training time: 144 	steps per sec: 56
Eval num_timesteps=8192, episode_reward=nan +/- nan
Eval num_timesteps=8192, episode_success=nan +/- nan
se
9 9216 1024
diff [0.03336942195892334, 0.03924606740474701, 0.0317695289850235, 0.012968257069587708, 0.01685551181435585, -0.000303708016872406, 0.0004954896867275238, -0.0008037593215703964, 0.0015395544469356537]
ref [0.25983086228370667, 0.12783294916152954, 0.06453198939561844, 0.06466497480869293, 0.041961684823036194, 0.042714688926935196, 0.031992293894290924, 0.029453573748469353, 0.024506110697984695]
[0.29320028424263, 0.16707901656627655, 0.09630151838064194, 0.07763323187828064, 0.058817196637392044, 0.04241098091006279, 0.03248778358101845, 0.028649814426898956, 0.02604566514492035]
Training time: 177 	steps per sec: 51
Eval num_timesteps=9216, episode_reward=nan +/- nan
Eval num_timesteps=9216, episode_success=nan +/- nan
se
10 10240 1024
diff [0.03336942195892334, 0.03924606740474701, 0.0317695289850235, 0.012968257069587708, 0.01685551181435585, -0.000303708016872406, 0.0004954896867275238, -0.0008037593215703964, 0.0015395544469356537, -0.0039030276238918304]
ref [0.25983086228370667, 0.12783294916152954, 0.06453198939561844, 0.06466497480869293, 0.041961684823036194, 0.042714688926935196, 0.031992293894290924, 0.029453573748469353, 0.024506110697984695, 0.026460181921720505]
[0.29320028424263, 0.16707901656627655, 0.09630151838064194, 0.07763323187828064, 0.058817196637392044, 0.04241098091006279, 0.03248778358101845, 0.028649814426898956, 0.02604566514492035, 0.022557154297828674]
Training time: 213 	steps per sec: 47
Eval num_timesteps=10240, episode_reward=nan +/- nan
Eval num_timesteps=10240, episode_success=nan +/- nan
se
11 11264 1024
diff [0.03336942195892334, 0.03924606740474701, 0.0317695289850235, 0.012968257069587708, 0.01685551181435585, -0.000303708016872406, 0.0004954896867275238, -0.0008037593215703964, 0.0015395544469356537, -0.0039030276238918304, -0.0007733926177024841]
ref [0.25983086228370667, 0.12783294916152954, 0.06453198939561844, 0.06466497480869293, 0.041961684823036194, 0.042714688926935196, 0.031992293894290924, 0.029453573748469353, 0.024506110697984695, 0.026460181921720505, 0.021069204434752464]
[0.29320028424263, 0.16707901656627655, 0.09630151838064194, 0.07763323187828064, 0.058817196637392044, 0.04241098091006279, 0.03248778358101845, 0.028649814426898956, 0.02604566514492035, 0.022557154297828674, 0.02029581181704998]
Training time: 253 	steps per sec: 44
Eval num_timesteps=11264, episode_reward=nan +/- nan
Eval num_timesteps=11264, episode_success=nan +/- nan
se
12 12288 1024
diff [0.03336942195892334, 0.03924606740474701, 0.0317695289850235, 0.012968257069587708, 0.01685551181435585, -0.000303708016872406, 0.0004954896867275238, -0.0008037593215703964, 0.0015395544469356537, -0.0039030276238918304, -0.0007733926177024841, -0.0028169620782136917]
ref [0.25983086228370667, 0.12783294916152954, 0.06453198939561844, 0.06466497480869293, 0.041961684823036194, 0.042714688926935196, 0.031992293894290924, 0.029453573748469353, 0.024506110697984695, 0.026460181921720505, 0.021069204434752464, 0.02238006331026554]
[0.29320028424263, 0.16707901656627655, 0.09630151838064194, 0.07763323187828064, 0.058817196637392044, 0.04241098091006279, 0.03248778358101845, 0.028649814426898956, 0.02604566514492035, 0.022557154297828674, 0.02029581181704998, 0.01956310123205185]
Training time: 296 	steps per sec: 41
Eval num_timesteps=12288, episode_reward=nan +/- nan
Eval num_timesteps=12288, episode_success=nan +/- nan
se
13 13312 1024
diff [0.03336942195892334, 0.03924606740474701, 0.0317695289850235, 0.012968257069587708, 0.01685551181435585, -0.000303708016872406, 0.0004954896867275238, -0.0008037593215703964, 0.0015395544469356537, -0.0039030276238918304, -0.0007733926177024841, -0.0028169620782136917, -0.0008573457598686218]
ref [0.25983086228370667, 0.12783294916152954, 0.06453198939561844, 0.06466497480869293, 0.041961684823036194, 0.042714688926935196, 0.031992293894290924, 0.029453573748469353, 0.024506110697984695, 0.026460181921720505, 0.021069204434752464, 0.02238006331026554, 0.018961597234010696]
[0.29320028424263, 0.16707901656627655, 0.09630151838064194, 0.07763323187828064, 0.058817196637392044, 0.04241098091006279, 0.03248778358101845, 0.028649814426898956, 0.02604566514492035, 0.022557154297828674, 0.02029581181704998, 0.01956310123205185, 0.018104251474142075]
Training time: 342 	steps per sec: 38
Eval num_timesteps=13312, episode_reward=nan +/- nan
Eval num_timesteps=13312, episode_success=nan +/- nan
se
14 14336 1024
diff [0.03336942195892334, 0.03924606740474701, 0.0317695289850235, 0.012968257069587708, 0.01685551181435585, -0.000303708016872406, 0.0004954896867275238, -0.0008037593215703964, 0.0015395544469356537, -0.0039030276238918304, -0.0007733926177024841, -0.0028169620782136917, -0.0008573457598686218, -0.0020318254828453064]
ref [0.25983086228370667, 0.12783294916152954, 0.06453198939561844, 0.06466497480869293, 0.041961684823036194, 0.042714688926935196, 0.031992293894290924, 0.029453573748469353, 0.024506110697984695, 0.026460181921720505, 0.021069204434752464, 0.02238006331026554, 0.018961597234010696, 0.017863301560282707]
[0.29320028424263, 0.16707901656627655, 0.09630151838064194, 0.07763323187828064, 0.058817196637392044, 0.04241098091006279, 0.03248778358101845, 0.028649814426898956, 0.02604566514492035, 0.022557154297828674, 0.02029581181704998, 0.01956310123205185, 0.018104251474142075, 0.0158314760774374]
Training time: 392 	steps per sec: 36
Eval num_timesteps=14336, episode_reward=nan +/- nan
Eval num_timesteps=14336, episode_success=nan +/- nan
se
15 15360 1024
diff [0.03336942195892334, 0.03924606740474701, 0.0317695289850235, 0.012968257069587708, 0.01685551181435585, -0.000303708016872406, 0.0004954896867275238, -0.0008037593215703964, 0.0015395544469356537, -0.0039030276238918304, -0.0007733926177024841, -0.0028169620782136917, -0.0008573457598686218, -0.0020318254828453064, -0.0012832358479499817]
ref [0.25983086228370667, 0.12783294916152954, 0.06453198939561844, 0.06466497480869293, 0.041961684823036194, 0.042714688926935196, 0.031992293894290924, 0.029453573748469353, 0.024506110697984695, 0.026460181921720505, 0.021069204434752464, 0.02238006331026554, 0.018961597234010696, 0.017863301560282707, 0.016496416181325912]
[0.29320028424263, 0.16707901656627655, 0.09630151838064194, 0.07763323187828064, 0.058817196637392044, 0.04241098091006279, 0.03248778358101845, 0.028649814426898956, 0.02604566514492035, 0.022557154297828674, 0.02029581181704998, 0.01956310123205185, 0.018104251474142075, 0.0158314760774374, 0.01521318033337593]
Training time: 444 	steps per sec: 34
Eval num_timesteps=15360, episode_reward=nan +/- nan
Eval num_timesteps=15360, episode_success=nan +/- nan
se
16 16384 1024
diff [0.03336942195892334, 0.03924606740474701, 0.0317695289850235, 0.012968257069587708, 0.01685551181435585, -0.000303708016872406, 0.0004954896867275238, -0.0008037593215703964, 0.0015395544469356537, -0.0039030276238918304, -0.0007733926177024841, -0.0028169620782136917, -0.0008573457598686218, -0.0020318254828453064, -0.0012832358479499817, -0.0017692195251584053]
ref [0.25983086228370667, 0.12783294916152954, 0.06453198939561844, 0.06466497480869293, 0.041961684823036194, 0.042714688926935196, 0.031992293894290924, 0.029453573748469353, 0.024506110697984695, 0.026460181921720505, 0.021069204434752464, 0.02238006331026554, 0.018961597234010696, 0.017863301560282707, 0.016496416181325912, 0.016359999775886536]
[0.29320028424263, 0.16707901656627655, 0.09630151838064194, 0.07763323187828064, 0.058817196637392044, 0.04241098091006279, 0.03248778358101845, 0.028649814426898956, 0.02604566514492035, 0.022557154297828674, 0.02029581181704998, 0.01956310123205185, 0.018104251474142075, 0.0158314760774374, 0.01521318033337593, 0.01459078025072813]
Training time: 502 	steps per sec: 32
Eval num_timesteps=16384, episode_reward=nan +/- nan
Eval num_timesteps=16384, episode_success=nan +/- nan
se
16 16384 1024
diff [0.03336942195892334, 0.03924606740474701, 0.0317695289850235, 0.012968257069587708, 0.01685551181435585, -0.000303708016872406, 0.0004954896867275238, -0.0008037593215703964, 0.0015395544469356537, -0.0039030276238918304, -0.0007733926177024841, -0.0028169620782136917, -0.0008573457598686218, -0.0020318254828453064, -0.0012832358479499817, -0.0017692195251584053, -0.0031841546297073364]
ref [0.25983086228370667, 0.12783294916152954, 0.06453198939561844, 0.06466497480869293, 0.041961684823036194, 0.042714688926935196, 0.031992293894290924, 0.029453573748469353, 0.024506110697984695, 0.026460181921720505, 0.021069204434752464, 0.02238006331026554, 0.018961597234010696, 0.017863301560282707, 0.016496416181325912, 0.016359999775886536, 0.017948659136891365]
[0.29320028424263, 0.16707901656627655, 0.09630151838064194, 0.07763323187828064, 0.058817196637392044, 0.04241098091006279, 0.03248778358101845, 0.028649814426898956, 0.02604566514492035, 0.022557154297828674, 0.02029581181704998, 0.01956310123205185, 0.018104251474142075, 0.0158314760774374, 0.01521318033337593, 0.01459078025072813, 0.014764504507184029]
Training time: 570 	steps per sec: 30
Eval num_timesteps=17408, episode_reward=nan +/- nan
Eval num_timesteps=17408, episode_success=nan +/- nan
se
16 16384 1024
diff [0.03336942195892334, 0.03924606740474701, 0.0317695289850235, 0.012968257069587708, 0.01685551181435585, -0.000303708016872406, 0.0004954896867275238, -0.0008037593215703964, 0.0015395544469356537, -0.0039030276238918304, -0.0007733926177024841, -0.0028169620782136917, -0.0008573457598686218, -0.0020318254828453064, -0.0012832358479499817, -0.0017692195251584053, -0.0031841546297073364, -0.0015384973958134651]
ref [0.25983086228370667, 0.12783294916152954, 0.06453198939561844, 0.06466497480869293, 0.041961684823036194, 0.042714688926935196, 0.031992293894290924, 0.029453573748469353, 0.024506110697984695, 0.026460181921720505, 0.021069204434752464, 0.02238006331026554, 0.018961597234010696, 0.017863301560282707, 0.016496416181325912, 0.016359999775886536, 0.017948659136891365, 0.015520723536610603]
[0.29320028424263, 0.16707901656627655, 0.09630151838064194, 0.07763323187828064, 0.058817196637392044, 0.04241098091006279, 0.03248778358101845, 0.028649814426898956, 0.02604566514492035, 0.022557154297828674, 0.02029581181704998, 0.01956310123205185, 0.018104251474142075, 0.0158314760774374, 0.01521318033337593, 0.01459078025072813, 0.014764504507184029, 0.013982226140797138]
Training time: 634 	steps per sec: 29
Eval num_timesteps=18432, episode_reward=nan +/- nan
Eval num_timesteps=18432, episode_success=nan +/- nan
se
16 16384 1024
diff [0.03336942195892334, 0.03924606740474701, 0.0317695289850235, 0.012968257069587708, 0.01685551181435585, -0.000303708016872406, 0.0004954896867275238, -0.0008037593215703964, 0.0015395544469356537, -0.0039030276238918304, -0.0007733926177024841, -0.0028169620782136917, -0.0008573457598686218, -0.0020318254828453064, -0.0012832358479499817, -0.0017692195251584053, -0.0031841546297073364, -0.0015384973958134651, -0.001646420918405056]
ref [0.25983086228370667, 0.12783294916152954, 0.06453198939561844, 0.06466497480869293, 0.041961684823036194, 0.042714688926935196, 0.031992293894290924, 0.029453573748469353, 0.024506110697984695, 0.026460181921720505, 0.021069204434752464, 0.02238006331026554, 0.018961597234010696, 0.017863301560282707, 0.016496416181325912, 0.016359999775886536, 0.017948659136891365, 0.015520723536610603, 0.015476359985768795]
[0.29320028424263, 0.16707901656627655, 0.09630151838064194, 0.07763323187828064, 0.058817196637392044, 0.04241098091006279, 0.03248778358101845, 0.028649814426898956, 0.02604566514492035, 0.022557154297828674, 0.02029581181704998, 0.01956310123205185, 0.018104251474142075, 0.0158314760774374, 0.01521318033337593, 0.01459078025072813, 0.014764504507184029, 0.013982226140797138, 0.013829939067363739]
Training time: 693 	steps per sec: 28
Eval num_timesteps=19456, episode_reward=nan +/- nan
Eval num_timesteps=19456, episode_success=nan +/- nan
se
16 16384 1024
diff [0.03336942195892334, 0.03924606740474701, 0.0317695289850235, 0.012968257069587708, 0.01685551181435585, -0.000303708016872406, 0.0004954896867275238, -0.0008037593215703964, 0.0015395544469356537, -0.0039030276238918304, -0.0007733926177024841, -0.0028169620782136917, -0.0008573457598686218, -0.0020318254828453064, -0.0012832358479499817, -0.0017692195251584053, -0.0031841546297073364, -0.0015384973958134651, -0.001646420918405056, -0.0024245763197541237]
ref [0.25983086228370667, 0.12783294916152954, 0.06453198939561844, 0.06466497480869293, 0.041961684823036194, 0.042714688926935196, 0.031992293894290924, 0.029453573748469353, 0.024506110697984695, 0.026460181921720505, 0.021069204434752464, 0.02238006331026554, 0.018961597234010696, 0.017863301560282707, 0.016496416181325912, 0.016359999775886536, 0.017948659136891365, 0.015520723536610603, 0.015476359985768795, 0.017345255240797997]
[0.29320028424263, 0.16707901656627655, 0.09630151838064194, 0.07763323187828064, 0.058817196637392044, 0.04241098091006279, 0.03248778358101845, 0.028649814426898956, 0.02604566514492035, 0.022557154297828674, 0.02029581181704998, 0.01956310123205185, 0.018104251474142075, 0.0158314760774374, 0.01521318033337593, 0.01459078025072813, 0.014764504507184029, 0.013982226140797138, 0.013829939067363739, 0.014920678921043873]
Training time: 748 	steps per sec: 27
Eval num_timesteps=20480, episode_reward=nan +/- nan
Eval num_timesteps=20480, episode_success=nan +/- nan
se
16 16384 1024
diff [0.03336942195892334, 0.03924606740474701, 0.0317695289850235, 0.012968257069587708, 0.01685551181435585, -0.000303708016872406, 0.0004954896867275238, -0.0008037593215703964, 0.0015395544469356537, -0.0039030276238918304, -0.0007733926177024841, -0.0028169620782136917, -0.0008573457598686218, -0.0020318254828453064, -0.0012832358479499817, -0.0017692195251584053, -0.0031841546297073364, -0.0015384973958134651, -0.001646420918405056, -0.0024245763197541237, -6.156321614980698e-05]
ref [0.25983086228370667, 0.12783294916152954, 0.06453198939561844, 0.06466497480869293, 0.041961684823036194, 0.042714688926935196, 0.031992293894290924, 0.029453573748469353, 0.024506110697984695, 0.026460181921720505, 0.021069204434752464, 0.02238006331026554, 0.018961597234010696, 0.017863301560282707, 0.016496416181325912, 0.016359999775886536, 0.017948659136891365, 0.015520723536610603, 0.015476359985768795, 0.017345255240797997, 0.014040695503354073]
[0.29320028424263, 0.16707901656627655, 0.09630151838064194, 0.07763323187828064, 0.058817196637392044, 0.04241098091006279, 0.03248778358101845, 0.028649814426898956, 0.02604566514492035, 0.022557154297828674, 0.02029581181704998, 0.01956310123205185, 0.018104251474142075, 0.0158314760774374, 0.01521318033337593, 0.01459078025072813, 0.014764504507184029, 0.013982226140797138, 0.013829939067363739, 0.014920678921043873, 0.013979132287204266]
Training time: 804 	steps per sec: 26
Eval num_timesteps=21504, episode_reward=nan +/- nan
Eval num_timesteps=21504, episode_success=nan +/- nan
se
16 16384 1024
diff [0.03336942195892334, 0.03924606740474701, 0.0317695289850235, 0.012968257069587708, 0.01685551181435585, -0.000303708016872406, 0.0004954896867275238, -0.0008037593215703964, 0.0015395544469356537, -0.0039030276238918304, -0.0007733926177024841, -0.0028169620782136917, -0.0008573457598686218, -0.0020318254828453064, -0.0012832358479499817, -0.0017692195251584053, -0.0031841546297073364, -0.0015384973958134651, -0.001646420918405056, -0.0024245763197541237, -6.156321614980698e-05, -0.002303425222635269]
ref [0.25983086228370667, 0.12783294916152954, 0.06453198939561844, 0.06466497480869293, 0.041961684823036194, 0.042714688926935196, 0.031992293894290924, 0.029453573748469353, 0.024506110697984695, 0.026460181921720505, 0.021069204434752464, 0.02238006331026554, 0.018961597234010696, 0.017863301560282707, 0.016496416181325912, 0.016359999775886536, 0.017948659136891365, 0.015520723536610603, 0.015476359985768795, 0.017345255240797997, 0.014040695503354073, 0.016340751200914383]
[0.29320028424263, 0.16707901656627655, 0.09630151838064194, 0.07763323187828064, 0.058817196637392044, 0.04241098091006279, 0.03248778358101845, 0.028649814426898956, 0.02604566514492035, 0.022557154297828674, 0.02029581181704998, 0.01956310123205185, 0.018104251474142075, 0.0158314760774374, 0.01521318033337593, 0.01459078025072813, 0.014764504507184029, 0.013982226140797138, 0.013829939067363739, 0.014920678921043873, 0.013979132287204266, 0.014037325978279114]
Training time: 860 	steps per sec: 26
Eval num_timesteps=22528, episode_reward=nan +/- nan
Eval num_timesteps=22528, episode_success=nan +/- nan
se
16 16384 1024
diff [0.03336942195892334, 0.03924606740474701, 0.0317695289850235, 0.012968257069587708, 0.01685551181435585, -0.000303708016872406, 0.0004954896867275238, -0.0008037593215703964, 0.0015395544469356537, -0.0039030276238918304, -0.0007733926177024841, -0.0028169620782136917, -0.0008573457598686218, -0.0020318254828453064, -0.0012832358479499817, -0.0017692195251584053, -0.0031841546297073364, -0.0015384973958134651, -0.001646420918405056, -0.0024245763197541237, -6.156321614980698e-05, -0.002303425222635269, -0.0026007546111941338]
ref [0.25983086228370667, 0.12783294916152954, 0.06453198939561844, 0.06466497480869293, 0.041961684823036194, 0.042714688926935196, 0.031992293894290924, 0.029453573748469353, 0.024506110697984695, 0.026460181921720505, 0.021069204434752464, 0.02238006331026554, 0.018961597234010696, 0.017863301560282707, 0.016496416181325912, 0.016359999775886536, 0.017948659136891365, 0.015520723536610603, 0.015476359985768795, 0.017345255240797997, 0.014040695503354073, 0.016340751200914383, 0.016346348449587822]
[0.29320028424263, 0.16707901656627655, 0.09630151838064194, 0.07763323187828064, 0.058817196637392044, 0.04241098091006279, 0.03248778358101845, 0.028649814426898956, 0.02604566514492035, 0.022557154297828674, 0.02029581181704998, 0.01956310123205185, 0.018104251474142075, 0.0158314760774374, 0.01521318033337593, 0.01459078025072813, 0.014764504507184029, 0.013982226140797138, 0.013829939067363739, 0.014920678921043873, 0.013979132287204266, 0.014037325978279114, 0.013745593838393688]
Training time: 917 	steps per sec: 25
Eval num_timesteps=23552, episode_reward=nan +/- nan
Eval num_timesteps=23552, episode_success=nan +/- nan
se
16 16384 1024
diff [0.03336942195892334, 0.03924606740474701, 0.0317695289850235, 0.012968257069587708, 0.01685551181435585, -0.000303708016872406, 0.0004954896867275238, -0.0008037593215703964, 0.0015395544469356537, -0.0039030276238918304, -0.0007733926177024841, -0.0028169620782136917, -0.0008573457598686218, -0.0020318254828453064, -0.0012832358479499817, -0.0017692195251584053, -0.0031841546297073364, -0.0015384973958134651, -0.001646420918405056, -0.0024245763197541237, -6.156321614980698e-05, -0.002303425222635269, -0.0026007546111941338, -0.0006941575556993484]
ref [0.25983086228370667, 0.12783294916152954, 0.06453198939561844, 0.06466497480869293, 0.041961684823036194, 0.042714688926935196, 0.031992293894290924, 0.029453573748469353, 0.024506110697984695, 0.026460181921720505, 0.021069204434752464, 0.02238006331026554, 0.018961597234010696, 0.017863301560282707, 0.016496416181325912, 0.016359999775886536, 0.017948659136891365, 0.015520723536610603, 0.015476359985768795, 0.017345255240797997, 0.014040695503354073, 0.016340751200914383, 0.016346348449587822, 0.013999304734170437]
[0.29320028424263, 0.16707901656627655, 0.09630151838064194, 0.07763323187828064, 0.058817196637392044, 0.04241098091006279, 0.03248778358101845, 0.028649814426898956, 0.02604566514492035, 0.022557154297828674, 0.02029581181704998, 0.01956310123205185, 0.018104251474142075, 0.0158314760774374, 0.01521318033337593, 0.01459078025072813, 0.014764504507184029, 0.013982226140797138, 0.013829939067363739, 0.014920678921043873, 0.013979132287204266, 0.014037325978279114, 0.013745593838393688, 0.013305147178471088]
Training time: 974 	steps per sec: 25
Eval num_timesteps=24576, episode_reward=nan +/- nan
Eval num_timesteps=24576, episode_success=nan +/- nan
se
16 16384 1024
diff [0.03336942195892334, 0.03924606740474701, 0.0317695289850235, 0.012968257069587708, 0.01685551181435585, -0.000303708016872406, 0.0004954896867275238, -0.0008037593215703964, 0.0015395544469356537, -0.0039030276238918304, -0.0007733926177024841, -0.0028169620782136917, -0.0008573457598686218, -0.0020318254828453064, -0.0012832358479499817, -0.0017692195251584053, -0.0031841546297073364, -0.0015384973958134651, -0.001646420918405056, -0.0024245763197541237, -6.156321614980698e-05, -0.002303425222635269, -0.0026007546111941338, -0.0006941575556993484, -0.003414769656956196]
ref [0.25983086228370667, 0.12783294916152954, 0.06453198939561844, 0.06466497480869293, 0.041961684823036194, 0.042714688926935196, 0.031992293894290924, 0.029453573748469353, 0.024506110697984695, 0.026460181921720505, 0.021069204434752464, 0.02238006331026554, 0.018961597234010696, 0.017863301560282707, 0.016496416181325912, 0.016359999775886536, 0.017948659136891365, 0.015520723536610603, 0.015476359985768795, 0.017345255240797997, 0.014040695503354073, 0.016340751200914383, 0.016346348449587822, 0.013999304734170437, 0.01627146080136299]
[0.29320028424263, 0.16707901656627655, 0.09630151838064194, 0.07763323187828064, 0.058817196637392044, 0.04241098091006279, 0.03248778358101845, 0.028649814426898956, 0.02604566514492035, 0.022557154297828674, 0.02029581181704998, 0.01956310123205185, 0.018104251474142075, 0.0158314760774374, 0.01521318033337593, 0.01459078025072813, 0.014764504507184029, 0.013982226140797138, 0.013829939067363739, 0.014920678921043873, 0.013979132287204266, 0.014037325978279114, 0.013745593838393688, 0.013305147178471088, 0.012856691144406796]
Training time: 1032 	steps per sec: 24
Eval num_timesteps=25600, episode_reward=nan +/- nan
Eval num_timesteps=25600, episode_success=nan +/- nan
se
16 16384 1024
diff [0.03336942195892334, 0.03924606740474701, 0.0317695289850235, 0.012968257069587708, 0.01685551181435585, -0.000303708016872406, 0.0004954896867275238, -0.0008037593215703964, 0.0015395544469356537, -0.0039030276238918304, -0.0007733926177024841, -0.0028169620782136917, -0.0008573457598686218, -0.0020318254828453064, -0.0012832358479499817, -0.0017692195251584053, -0.0031841546297073364, -0.0015384973958134651, -0.001646420918405056, -0.0024245763197541237, -6.156321614980698e-05, -0.002303425222635269, -0.0026007546111941338, -0.0006941575556993484, -0.003414769656956196, -0.0036235516890883446]
ref [0.25983086228370667, 0.12783294916152954, 0.06453198939561844, 0.06466497480869293, 0.041961684823036194, 0.042714688926935196, 0.031992293894290924, 0.029453573748469353, 0.024506110697984695, 0.026460181921720505, 0.021069204434752464, 0.02238006331026554, 0.018961597234010696, 0.017863301560282707, 0.016496416181325912, 0.016359999775886536, 0.017948659136891365, 0.015520723536610603, 0.015476359985768795, 0.017345255240797997, 0.014040695503354073, 0.016340751200914383, 0.016346348449587822, 0.013999304734170437, 0.01627146080136299, 0.015837563201785088]
[0.29320028424263, 0.16707901656627655, 0.09630151838064194, 0.07763323187828064, 0.058817196637392044, 0.04241098091006279, 0.03248778358101845, 0.028649814426898956, 0.02604566514492035, 0.022557154297828674, 0.02029581181704998, 0.01956310123205185, 0.018104251474142075, 0.0158314760774374, 0.01521318033337593, 0.01459078025072813, 0.014764504507184029, 0.013982226140797138, 0.013829939067363739, 0.014920678921043873, 0.013979132287204266, 0.014037325978279114, 0.013745593838393688, 0.013305147178471088, 0.012856691144406796, 0.012214011512696743]
Training time: 1091 	steps per sec: 24
Eval num_timesteps=26624, episode_reward=nan +/- nan
Eval num_timesteps=26624, episode_success=nan +/- nan
se
16 16384 1024
diff [0.03336942195892334, 0.03924606740474701, 0.0317695289850235, 0.012968257069587708, 0.01685551181435585, -0.000303708016872406, 0.0004954896867275238, -0.0008037593215703964, 0.0015395544469356537, -0.0039030276238918304, -0.0007733926177024841, -0.0028169620782136917, -0.0008573457598686218, -0.0020318254828453064, -0.0012832358479499817, -0.0017692195251584053, -0.0031841546297073364, -0.0015384973958134651, -0.001646420918405056, -0.0024245763197541237, -6.156321614980698e-05, -0.002303425222635269, -0.0026007546111941338, -0.0006941575556993484, -0.003414769656956196, -0.0036235516890883446, -0.004623157903552055]
ref [0.25983086228370667, 0.12783294916152954, 0.06453198939561844, 0.06466497480869293, 0.041961684823036194, 0.042714688926935196, 0.031992293894290924, 0.029453573748469353, 0.024506110697984695, 0.026460181921720505, 0.021069204434752464, 0.02238006331026554, 0.018961597234010696, 0.017863301560282707, 0.016496416181325912, 0.016359999775886536, 0.017948659136891365, 0.015520723536610603, 0.015476359985768795, 0.017345255240797997, 0.014040695503354073, 0.016340751200914383, 0.016346348449587822, 0.013999304734170437, 0.01627146080136299, 0.015837563201785088, 0.017400436103343964]
[0.29320028424263, 0.16707901656627655, 0.09630151838064194, 0.07763323187828064, 0.058817196637392044, 0.04241098091006279, 0.03248778358101845, 0.028649814426898956, 0.02604566514492035, 0.022557154297828674, 0.02029581181704998, 0.01956310123205185, 0.018104251474142075, 0.0158314760774374, 0.01521318033337593, 0.01459078025072813, 0.014764504507184029, 0.013982226140797138, 0.013829939067363739, 0.014920678921043873, 0.013979132287204266, 0.014037325978279114, 0.013745593838393688, 0.013305147178471088, 0.012856691144406796, 0.012214011512696743, 0.012777278199791908]
Training time: 1149 	steps per sec: 24
Eval num_timesteps=27648, episode_reward=nan +/- nan
Eval num_timesteps=27648, episode_success=nan +/- nan
se
16 16384 1024
diff [0.03336942195892334, 0.03924606740474701, 0.0317695289850235, 0.012968257069587708, 0.01685551181435585, -0.000303708016872406, 0.0004954896867275238, -0.0008037593215703964, 0.0015395544469356537, -0.0039030276238918304, -0.0007733926177024841, -0.0028169620782136917, -0.0008573457598686218, -0.0020318254828453064, -0.0012832358479499817, -0.0017692195251584053, -0.0031841546297073364, -0.0015384973958134651, -0.001646420918405056, -0.0024245763197541237, -6.156321614980698e-05, -0.002303425222635269, -0.0026007546111941338, -0.0006941575556993484, -0.003414769656956196, -0.0036235516890883446, -0.004623157903552055, -0.003040873445570469]
ref [0.25983086228370667, 0.12783294916152954, 0.06453198939561844, 0.06466497480869293, 0.041961684823036194, 0.042714688926935196, 0.031992293894290924, 0.029453573748469353, 0.024506110697984695, 0.026460181921720505, 0.021069204434752464, 0.02238006331026554, 0.018961597234010696, 0.017863301560282707, 0.016496416181325912, 0.016359999775886536, 0.017948659136891365, 0.015520723536610603, 0.015476359985768795, 0.017345255240797997, 0.014040695503354073, 0.016340751200914383, 0.016346348449587822, 0.013999304734170437, 0.01627146080136299, 0.015837563201785088, 0.017400436103343964, 0.01480301097035408]
[0.29320028424263, 0.16707901656627655, 0.09630151838064194, 0.07763323187828064, 0.058817196637392044, 0.04241098091006279, 0.03248778358101845, 0.028649814426898956, 0.02604566514492035, 0.022557154297828674, 0.02029581181704998, 0.01956310123205185, 0.018104251474142075, 0.0158314760774374, 0.01521318033337593, 0.01459078025072813, 0.014764504507184029, 0.013982226140797138, 0.013829939067363739, 0.014920678921043873, 0.013979132287204266, 0.014037325978279114, 0.013745593838393688, 0.013305147178471088, 0.012856691144406796, 0.012214011512696743, 0.012777278199791908, 0.011762137524783611]
Training time: 1207 	steps per sec: 23
Eval num_timesteps=28672, episode_reward=nan +/- nan
Eval num_timesteps=28672, episode_success=nan +/- nan
se
16 16384 1024
diff [0.03336942195892334, 0.03924606740474701, 0.0317695289850235, 0.012968257069587708, 0.01685551181435585, -0.000303708016872406, 0.0004954896867275238, -0.0008037593215703964, 0.0015395544469356537, -0.0039030276238918304, -0.0007733926177024841, -0.0028169620782136917, -0.0008573457598686218, -0.0020318254828453064, -0.0012832358479499817, -0.0017692195251584053, -0.0031841546297073364, -0.0015384973958134651, -0.001646420918405056, -0.0024245763197541237, -6.156321614980698e-05, -0.002303425222635269, -0.0026007546111941338, -0.0006941575556993484, -0.003414769656956196, -0.0036235516890883446, -0.004623157903552055, -0.003040873445570469, -0.003482458181679249]
ref [0.25983086228370667, 0.12783294916152954, 0.06453198939561844, 0.06466497480869293, 0.041961684823036194, 0.042714688926935196, 0.031992293894290924, 0.029453573748469353, 0.024506110697984695, 0.026460181921720505, 0.021069204434752464, 0.02238006331026554, 0.018961597234010696, 0.017863301560282707, 0.016496416181325912, 0.016359999775886536, 0.017948659136891365, 0.015520723536610603, 0.015476359985768795, 0.017345255240797997, 0.014040695503354073, 0.016340751200914383, 0.016346348449587822, 0.013999304734170437, 0.01627146080136299, 0.015837563201785088, 0.017400436103343964, 0.01480301097035408, 0.0161406509578228]
[0.29320028424263, 0.16707901656627655, 0.09630151838064194, 0.07763323187828064, 0.058817196637392044, 0.04241098091006279, 0.03248778358101845, 0.028649814426898956, 0.02604566514492035, 0.022557154297828674, 0.02029581181704998, 0.01956310123205185, 0.018104251474142075, 0.0158314760774374, 0.01521318033337593, 0.01459078025072813, 0.014764504507184029, 0.013982226140797138, 0.013829939067363739, 0.014920678921043873, 0.013979132287204266, 0.014037325978279114, 0.013745593838393688, 0.013305147178471088, 0.012856691144406796, 0.012214011512696743, 0.012777278199791908, 0.011762137524783611, 0.012658192776143551]
Training time: 1264 	steps per sec: 23
Eval num_timesteps=29696, episode_reward=nan +/- nan
Eval num_timesteps=29696, episode_success=nan +/- nan
se
16 16384 1024
diff [0.03336942195892334, 0.03924606740474701, 0.0317695289850235, 0.012968257069587708, 0.01685551181435585, -0.000303708016872406, 0.0004954896867275238, -0.0008037593215703964, 0.0015395544469356537, -0.0039030276238918304, -0.0007733926177024841, -0.0028169620782136917, -0.0008573457598686218, -0.0020318254828453064, -0.0012832358479499817, -0.0017692195251584053, -0.0031841546297073364, -0.0015384973958134651, -0.001646420918405056, -0.0024245763197541237, -6.156321614980698e-05, -0.002303425222635269, -0.0026007546111941338, -0.0006941575556993484, -0.003414769656956196, -0.0036235516890883446, -0.004623157903552055, -0.003040873445570469, -0.003482458181679249, -0.0017223209142684937]
ref [0.25983086228370667, 0.12783294916152954, 0.06453198939561844, 0.06466497480869293, 0.041961684823036194, 0.042714688926935196, 0.031992293894290924, 0.029453573748469353, 0.024506110697984695, 0.026460181921720505, 0.021069204434752464, 0.02238006331026554, 0.018961597234010696, 0.017863301560282707, 0.016496416181325912, 0.016359999775886536, 0.017948659136891365, 0.015520723536610603, 0.015476359985768795, 0.017345255240797997, 0.014040695503354073, 0.016340751200914383, 0.016346348449587822, 0.013999304734170437, 0.01627146080136299, 0.015837563201785088, 0.017400436103343964, 0.01480301097035408, 0.0161406509578228, 0.014969282783567905]
[0.29320028424263, 0.16707901656627655, 0.09630151838064194, 0.07763323187828064, 0.058817196637392044, 0.04241098091006279, 0.03248778358101845, 0.028649814426898956, 0.02604566514492035, 0.022557154297828674, 0.02029581181704998, 0.01956310123205185, 0.018104251474142075, 0.0158314760774374, 0.01521318033337593, 0.01459078025072813, 0.014764504507184029, 0.013982226140797138, 0.013829939067363739, 0.014920678921043873, 0.013979132287204266, 0.014037325978279114, 0.013745593838393688, 0.013305147178471088, 0.012856691144406796, 0.012214011512696743, 0.012777278199791908, 0.011762137524783611, 0.012658192776143551, 0.013246961869299412]
Training time: 1320 	steps per sec: 23
Eval num_timesteps=30720, episode_reward=nan +/- nan
Eval num_timesteps=30720, episode_success=nan +/- nan
se
16 16384 1024
diff [0.03336942195892334, 0.03924606740474701, 0.0317695289850235, 0.012968257069587708, 0.01685551181435585, -0.000303708016872406, 0.0004954896867275238, -0.0008037593215703964, 0.0015395544469356537, -0.0039030276238918304, -0.0007733926177024841, -0.0028169620782136917, -0.0008573457598686218, -0.0020318254828453064, -0.0012832358479499817, -0.0017692195251584053, -0.0031841546297073364, -0.0015384973958134651, -0.001646420918405056, -0.0024245763197541237, -6.156321614980698e-05, -0.002303425222635269, -0.0026007546111941338, -0.0006941575556993484, -0.003414769656956196, -0.0036235516890883446, -0.004623157903552055, -0.003040873445570469, -0.003482458181679249, -0.0017223209142684937, -0.004005041904747486]
ref [0.25983086228370667, 0.12783294916152954, 0.06453198939561844, 0.06466497480869293, 0.041961684823036194, 0.042714688926935196, 0.031992293894290924, 0.029453573748469353, 0.024506110697984695, 0.026460181921720505, 0.021069204434752464, 0.02238006331026554, 0.018961597234010696, 0.017863301560282707, 0.016496416181325912, 0.016359999775886536, 0.017948659136891365, 0.015520723536610603, 0.015476359985768795, 0.017345255240797997, 0.014040695503354073, 0.016340751200914383, 0.016346348449587822, 0.013999304734170437, 0.01627146080136299, 0.015837563201785088, 0.017400436103343964, 0.01480301097035408, 0.0161406509578228, 0.014969282783567905, 0.01763211190700531]
[0.29320028424263, 0.16707901656627655, 0.09630151838064194, 0.07763323187828064, 0.058817196637392044, 0.04241098091006279, 0.03248778358101845, 0.028649814426898956, 0.02604566514492035, 0.022557154297828674, 0.02029581181704998, 0.01956310123205185, 0.018104251474142075, 0.0158314760774374, 0.01521318033337593, 0.01459078025072813, 0.014764504507184029, 0.013982226140797138, 0.013829939067363739, 0.014920678921043873, 0.013979132287204266, 0.014037325978279114, 0.013745593838393688, 0.013305147178471088, 0.012856691144406796, 0.012214011512696743, 0.012777278199791908, 0.011762137524783611, 0.012658192776143551, 0.013246961869299412, 0.013627070002257824]
Training time: 1376 	steps per sec: 23
Eval num_timesteps=31744, episode_reward=nan +/- nan
Eval num_timesteps=31744, episode_success=nan +/- nan
se
16 16384 1024
diff [0.03336942195892334, 0.03924606740474701, 0.0317695289850235, 0.012968257069587708, 0.01685551181435585, -0.000303708016872406, 0.0004954896867275238, -0.0008037593215703964, 0.0015395544469356537, -0.0039030276238918304, -0.0007733926177024841, -0.0028169620782136917, -0.0008573457598686218, -0.0020318254828453064, -0.0012832358479499817, -0.0017692195251584053, -0.0031841546297073364, -0.0015384973958134651, -0.001646420918405056, -0.0024245763197541237, -6.156321614980698e-05, -0.002303425222635269, -0.0026007546111941338, -0.0006941575556993484, -0.003414769656956196, -0.0036235516890883446, -0.004623157903552055, -0.003040873445570469, -0.003482458181679249, -0.0017223209142684937, -0.004005041904747486, -0.001505059190094471]
ref [0.25983086228370667, 0.12783294916152954, 0.06453198939561844, 0.06466497480869293, 0.041961684823036194, 0.042714688926935196, 0.031992293894290924, 0.029453573748469353, 0.024506110697984695, 0.026460181921720505, 0.021069204434752464, 0.02238006331026554, 0.018961597234010696, 0.017863301560282707, 0.016496416181325912, 0.016359999775886536, 0.017948659136891365, 0.015520723536610603, 0.015476359985768795, 0.017345255240797997, 0.014040695503354073, 0.016340751200914383, 0.016346348449587822, 0.013999304734170437, 0.01627146080136299, 0.015837563201785088, 0.017400436103343964, 0.01480301097035408, 0.0161406509578228, 0.014969282783567905, 0.01763211190700531, 0.015602865256369114]
[0.29320028424263, 0.16707901656627655, 0.09630151838064194, 0.07763323187828064, 0.058817196637392044, 0.04241098091006279, 0.03248778358101845, 0.028649814426898956, 0.02604566514492035, 0.022557154297828674, 0.02029581181704998, 0.01956310123205185, 0.018104251474142075, 0.0158314760774374, 0.01521318033337593, 0.01459078025072813, 0.014764504507184029, 0.013982226140797138, 0.013829939067363739, 0.014920678921043873, 0.013979132287204266, 0.014037325978279114, 0.013745593838393688, 0.013305147178471088, 0.012856691144406796, 0.012214011512696743, 0.012777278199791908, 0.011762137524783611, 0.012658192776143551, 0.013246961869299412, 0.013627070002257824, 0.014097806066274643]
Training time: 1443 	steps per sec: 22
Eval num_timesteps=32768, episode_reward=nan +/- nan
Eval num_timesteps=32768, episode_success=nan +/- nan
results/HalfCheetah-v4/
results/HalfCheetah-v4/ppo_ros/
results/HalfCheetah-v4/ppo_ros/expert/
results/HalfCheetah-v4/ppo_ros/expert/b_16/
results/HalfCheetah-v4/ppo_ros/expert/b_16/no_clip_lambda/
results/HalfCheetah-v4/ppo_ros/expert/b_16/no_clip_lambda/run_3/
results/HalfCheetah-v4/ppo_ros/expert/b_16/no_clip_lambda/run_3/evaluations.npz
results/HalfCheetah-v4/ppo_ros/expert/b_16/no_clip_lambda/run_3/stats.npz
results/HalfCheetah-v4/ppo_ros/expert/b_16/no_clip_lambda/run_3/config.yml
