ppo_ros_continuous.py --env-id HalfCheetah-v4 -s expert/b_16/no_clip_lambda --total-timesteps 32768 --eval-freq 1 --eval-episodes 0 -b 16 --num-steps 1024 -lr 0 --update-epochs 0 --anneal-lr 0 --ros-num-steps 256 --ros-update-epochs 16 --ros-target-kl 0.05 --ros-clip-coef 999999999 --ros-lambda 0 -ros-lr 0.001 --ros-anneal-lr 0 --se 1 --se-freq 1 --se-lr 1e-3 --se-epochs 1000 --policy-path policies/HalfCheetah-v4/best_model.zip --normalization-dir policies/HalfCheetah-v4
Obtaining file:///var/lib/condor/execute/slot1/dir_31379/PPOROS/PPOROS/custom-envs
  Preparing metadata (setup.py): started
  Preparing metadata (setup.py): finished with status 'done'
Requirement already satisfied: gym in /var/lib/condor/execute/slot1/dir_31379/PPOROS/ppo-ros_env/lib/python3.9/site-packages (from custom-envs==0.0.1) (0.21.0)
Requirement already satisfied: numpy>=1.18.0 in /var/lib/condor/execute/slot1/dir_31379/PPOROS/ppo-ros_env/lib/python3.9/site-packages (from gym->custom-envs==0.0.1) (1.24.2)
Requirement already satisfied: cloudpickle>=1.2.0 in /var/lib/condor/execute/slot1/dir_31379/PPOROS/ppo-ros_env/lib/python3.9/site-packages (from gym->custom-envs==0.0.1) (2.2.1)
Installing collected packages: custom-envs
  Running setup.py develop for custom-envs
Successfully installed custom-envs-0.0.1
seed: 4
Eval num_timesteps=0, episode_reward=nan +/- nan
Eval num_timesteps=0, episode_success=nan +/- nan
se
1 1024 1024
diff [-0.00031176209449768066]
ref [0.40245184302330017]
[0.4021400809288025]
Training time: 37 	steps per sec: 27
Eval num_timesteps=1024, episode_reward=nan +/- nan
Eval num_timesteps=1024, episode_success=nan +/- nan
se
2 2048 1024
diff [-0.00031176209449768066, -0.025621190667152405]
ref [0.40245184302330017, 0.1534269154071808]
[0.4021400809288025, 0.12780572474002838]
Training time: 85 	steps per sec: 23
Eval num_timesteps=2048, episode_reward=nan +/- nan
Eval num_timesteps=2048, episode_success=nan +/- nan
se
3 3072 1024
diff [-0.00031176209449768066, -0.025621190667152405, -0.0016182884573936462]
ref [0.40245184302330017, 0.1534269154071808, 0.08364829421043396]
[0.4021400809288025, 0.12780572474002838, 0.08203000575304031]
Training time: 139 	steps per sec: 22
Eval num_timesteps=3072, episode_reward=nan +/- nan
Eval num_timesteps=3072, episode_success=nan +/- nan
se
4 4096 1024
diff [-0.00031176209449768066, -0.025621190667152405, -0.0016182884573936462, -0.0036481954157352448]
ref [0.40245184302330017, 0.1534269154071808, 0.08364829421043396, 0.061923664063215256]
[0.4021400809288025, 0.12780572474002838, 0.08203000575304031, 0.05827546864748001]
Training time: 206 	steps per sec: 19
Eval num_timesteps=4096, episode_reward=nan +/- nan
Eval num_timesteps=4096, episode_success=nan +/- nan
se
5 5120 1024
diff [-0.00031176209449768066, -0.025621190667152405, -0.0016182884573936462, -0.0036481954157352448, -0.004164595156908035]
ref [0.40245184302330017, 0.1534269154071808, 0.08364829421043396, 0.061923664063215256, 0.04671209678053856]
[0.4021400809288025, 0.12780572474002838, 0.08203000575304031, 0.05827546864748001, 0.042547501623630524]
Training time: 284 	steps per sec: 18
Eval num_timesteps=5120, episode_reward=nan +/- nan
Eval num_timesteps=5120, episode_success=nan +/- nan
se
6 6144 1024
diff [-0.00031176209449768066, -0.025621190667152405, -0.0016182884573936462, -0.0036481954157352448, -0.004164595156908035, -0.0028906725347042084]
ref [0.40245184302330017, 0.1534269154071808, 0.08364829421043396, 0.061923664063215256, 0.04671209678053856, 0.03538396209478378]
[0.4021400809288025, 0.12780572474002838, 0.08203000575304031, 0.05827546864748001, 0.042547501623630524, 0.032493289560079575]
Training time: 382 	steps per sec: 16
Eval num_timesteps=6144, episode_reward=nan +/- nan
Eval num_timesteps=6144, episode_success=nan +/- nan
se
7 7168 1024
diff [-0.00031176209449768066, -0.025621190667152405, -0.0016182884573936462, -0.0036481954157352448, -0.004164595156908035, -0.0028906725347042084, -0.002884525805711746]
ref [0.40245184302330017, 0.1534269154071808, 0.08364829421043396, 0.061923664063215256, 0.04671209678053856, 0.03538396209478378, 0.038958657532930374]
[0.4021400809288025, 0.12780572474002838, 0.08203000575304031, 0.05827546864748001, 0.042547501623630524, 0.032493289560079575, 0.03607413172721863]
Training time: 495 	steps per sec: 14
Eval num_timesteps=7168, episode_reward=nan +/- nan
Eval num_timesteps=7168, episode_success=nan +/- nan
se
8 8192 1024
diff [-0.00031176209449768066, -0.025621190667152405, -0.0016182884573936462, -0.0036481954157352448, -0.004164595156908035, -0.0028906725347042084, -0.002884525805711746, -0.004539012908935547]
ref [0.40245184302330017, 0.1534269154071808, 0.08364829421043396, 0.061923664063215256, 0.04671209678053856, 0.03538396209478378, 0.038958657532930374, 0.031751908361911774]
[0.4021400809288025, 0.12780572474002838, 0.08203000575304031, 0.05827546864748001, 0.042547501623630524, 0.032493289560079575, 0.03607413172721863, 0.027212895452976227]
Training time: 614 	steps per sec: 13
Eval num_timesteps=8192, episode_reward=nan +/- nan
Eval num_timesteps=8192, episode_success=nan +/- nan
se
9 9216 1024
diff [-0.00031176209449768066, -0.025621190667152405, -0.0016182884573936462, -0.0036481954157352448, -0.004164595156908035, -0.0028906725347042084, -0.002884525805711746, -0.004539012908935547, -0.004110617563128471]
ref [0.40245184302330017, 0.1534269154071808, 0.08364829421043396, 0.061923664063215256, 0.04671209678053856, 0.03538396209478378, 0.038958657532930374, 0.031751908361911774, 0.0264121200889349]
[0.4021400809288025, 0.12780572474002838, 0.08203000575304031, 0.05827546864748001, 0.042547501623630524, 0.032493289560079575, 0.03607413172721863, 0.027212895452976227, 0.022301502525806427]
Training time: 725 	steps per sec: 12
Eval num_timesteps=9216, episode_reward=nan +/- nan
Eval num_timesteps=9216, episode_success=nan +/- nan
se
10 10240 1024
diff [-0.00031176209449768066, -0.025621190667152405, -0.0016182884573936462, -0.0036481954157352448, -0.004164595156908035, -0.0028906725347042084, -0.002884525805711746, -0.004539012908935547, -0.004110617563128471, -0.004505045711994171]
ref [0.40245184302330017, 0.1534269154071808, 0.08364829421043396, 0.061923664063215256, 0.04671209678053856, 0.03538396209478378, 0.038958657532930374, 0.031751908361911774, 0.0264121200889349, 0.0241519995033741]
[0.4021400809288025, 0.12780572474002838, 0.08203000575304031, 0.05827546864748001, 0.042547501623630524, 0.032493289560079575, 0.03607413172721863, 0.027212895452976227, 0.022301502525806427, 0.01964695379137993]
Training time: 853 	steps per sec: 11
Eval num_timesteps=10240, episode_reward=nan +/- nan
Eval num_timesteps=10240, episode_success=nan +/- nan
se
11 11264 1024
diff [-0.00031176209449768066, -0.025621190667152405, -0.0016182884573936462, -0.0036481954157352448, -0.004164595156908035, -0.0028906725347042084, -0.002884525805711746, -0.004539012908935547, -0.004110617563128471, -0.004505045711994171, -0.006208529695868492]
ref [0.40245184302330017, 0.1534269154071808, 0.08364829421043396, 0.061923664063215256, 0.04671209678053856, 0.03538396209478378, 0.038958657532930374, 0.031751908361911774, 0.0264121200889349, 0.0241519995033741, 0.024902449920773506]
[0.4021400809288025, 0.12780572474002838, 0.08203000575304031, 0.05827546864748001, 0.042547501623630524, 0.032493289560079575, 0.03607413172721863, 0.027212895452976227, 0.022301502525806427, 0.01964695379137993, 0.018693920224905014]
Training time: 988 	steps per sec: 11
Eval num_timesteps=11264, episode_reward=nan +/- nan
Eval num_timesteps=11264, episode_success=nan +/- nan
se
12 12288 1024
diff [-0.00031176209449768066, -0.025621190667152405, -0.0016182884573936462, -0.0036481954157352448, -0.004164595156908035, -0.0028906725347042084, -0.002884525805711746, -0.004539012908935547, -0.004110617563128471, -0.004505045711994171, -0.006208529695868492, -0.0019201412796974182]
ref [0.40245184302330017, 0.1534269154071808, 0.08364829421043396, 0.061923664063215256, 0.04671209678053856, 0.03538396209478378, 0.038958657532930374, 0.031751908361911774, 0.0264121200889349, 0.0241519995033741, 0.024902449920773506, 0.01966249756515026]
[0.4021400809288025, 0.12780572474002838, 0.08203000575304031, 0.05827546864748001, 0.042547501623630524, 0.032493289560079575, 0.03607413172721863, 0.027212895452976227, 0.022301502525806427, 0.01964695379137993, 0.018693920224905014, 0.017742356285452843]
Training time: 1159 	steps per sec: 10
Eval num_timesteps=12288, episode_reward=nan +/- nan
Eval num_timesteps=12288, episode_success=nan +/- nan
se
13 13312 1024
diff [-0.00031176209449768066, -0.025621190667152405, -0.0016182884573936462, -0.0036481954157352448, -0.004164595156908035, -0.0028906725347042084, -0.002884525805711746, -0.004539012908935547, -0.004110617563128471, -0.004505045711994171, -0.006208529695868492, -0.0019201412796974182, -0.004489175975322723]
ref [0.40245184302330017, 0.1534269154071808, 0.08364829421043396, 0.061923664063215256, 0.04671209678053856, 0.03538396209478378, 0.038958657532930374, 0.031751908361911774, 0.0264121200889349, 0.0241519995033741, 0.024902449920773506, 0.01966249756515026, 0.019950639456510544]
[0.4021400809288025, 0.12780572474002838, 0.08203000575304031, 0.05827546864748001, 0.042547501623630524, 0.032493289560079575, 0.03607413172721863, 0.027212895452976227, 0.022301502525806427, 0.01964695379137993, 0.018693920224905014, 0.017742356285452843, 0.01546146348118782]
Training time: 1323 	steps per sec: 10
Eval num_timesteps=13312, episode_reward=nan +/- nan
Eval num_timesteps=13312, episode_success=nan +/- nan
se
14 14336 1024
diff [-0.00031176209449768066, -0.025621190667152405, -0.0016182884573936462, -0.0036481954157352448, -0.004164595156908035, -0.0028906725347042084, -0.002884525805711746, -0.004539012908935547, -0.004110617563128471, -0.004505045711994171, -0.006208529695868492, -0.0019201412796974182, -0.004489175975322723, -0.005948014557361603]
ref [0.40245184302330017, 0.1534269154071808, 0.08364829421043396, 0.061923664063215256, 0.04671209678053856, 0.03538396209478378, 0.038958657532930374, 0.031751908361911774, 0.0264121200889349, 0.0241519995033741, 0.024902449920773506, 0.01966249756515026, 0.019950639456510544, 0.01985015533864498]
[0.4021400809288025, 0.12780572474002838, 0.08203000575304031, 0.05827546864748001, 0.042547501623630524, 0.032493289560079575, 0.03607413172721863, 0.027212895452976227, 0.022301502525806427, 0.01964695379137993, 0.018693920224905014, 0.017742356285452843, 0.01546146348118782, 0.013902140781283379]
Training time: 1509 	steps per sec: 9
Eval num_timesteps=14336, episode_reward=nan +/- nan
Eval num_timesteps=14336, episode_success=nan +/- nan
se
15 15360 1024
diff [-0.00031176209449768066, -0.025621190667152405, -0.0016182884573936462, -0.0036481954157352448, -0.004164595156908035, -0.0028906725347042084, -0.002884525805711746, -0.004539012908935547, -0.004110617563128471, -0.004505045711994171, -0.006208529695868492, -0.0019201412796974182, -0.004489175975322723, -0.005948014557361603, -0.002736457623541355]
ref [0.40245184302330017, 0.1534269154071808, 0.08364829421043396, 0.061923664063215256, 0.04671209678053856, 0.03538396209478378, 0.038958657532930374, 0.031751908361911774, 0.0264121200889349, 0.0241519995033741, 0.024902449920773506, 0.01966249756515026, 0.019950639456510544, 0.01985015533864498, 0.016138797625899315]
[0.4021400809288025, 0.12780572474002838, 0.08203000575304031, 0.05827546864748001, 0.042547501623630524, 0.032493289560079575, 0.03607413172721863, 0.027212895452976227, 0.022301502525806427, 0.01964695379137993, 0.018693920224905014, 0.017742356285452843, 0.01546146348118782, 0.013902140781283379, 0.01340234000235796]
Training time: 1698 	steps per sec: 9
Eval num_timesteps=15360, episode_reward=nan +/- nan
Eval num_timesteps=15360, episode_success=nan +/- nan
se
16 16384 1024
diff [-0.00031176209449768066, -0.025621190667152405, -0.0016182884573936462, -0.0036481954157352448, -0.004164595156908035, -0.0028906725347042084, -0.002884525805711746, -0.004539012908935547, -0.004110617563128471, -0.004505045711994171, -0.006208529695868492, -0.0019201412796974182, -0.004489175975322723, -0.005948014557361603, -0.002736457623541355, -0.005062690004706383]
ref [0.40245184302330017, 0.1534269154071808, 0.08364829421043396, 0.061923664063215256, 0.04671209678053856, 0.03538396209478378, 0.038958657532930374, 0.031751908361911774, 0.0264121200889349, 0.0241519995033741, 0.024902449920773506, 0.01966249756515026, 0.019950639456510544, 0.01985015533864498, 0.016138797625899315, 0.017888063564896584]
[0.4021400809288025, 0.12780572474002838, 0.08203000575304031, 0.05827546864748001, 0.042547501623630524, 0.032493289560079575, 0.03607413172721863, 0.027212895452976227, 0.022301502525806427, 0.01964695379137993, 0.018693920224905014, 0.017742356285452843, 0.01546146348118782, 0.013902140781283379, 0.01340234000235796, 0.0128253735601902]
Training time: 1915 	steps per sec: 8
Eval num_timesteps=16384, episode_reward=nan +/- nan
Eval num_timesteps=16384, episode_success=nan +/- nan
se
16 16384 1024
diff [-0.00031176209449768066, -0.025621190667152405, -0.0016182884573936462, -0.0036481954157352448, -0.004164595156908035, -0.0028906725347042084, -0.002884525805711746, -0.004539012908935547, -0.004110617563128471, -0.004505045711994171, -0.006208529695868492, -0.0019201412796974182, -0.004489175975322723, -0.005948014557361603, -0.002736457623541355, -0.005062690004706383, -0.001937221735715866]
ref [0.40245184302330017, 0.1534269154071808, 0.08364829421043396, 0.061923664063215256, 0.04671209678053856, 0.03538396209478378, 0.038958657532930374, 0.031751908361911774, 0.0264121200889349, 0.0241519995033741, 0.024902449920773506, 0.01966249756515026, 0.019950639456510544, 0.01985015533864498, 0.016138797625899315, 0.017888063564896584, 0.014286885038018227]
[0.4021400809288025, 0.12780572474002838, 0.08203000575304031, 0.05827546864748001, 0.042547501623630524, 0.032493289560079575, 0.03607413172721863, 0.027212895452976227, 0.022301502525806427, 0.01964695379137993, 0.018693920224905014, 0.017742356285452843, 0.01546146348118782, 0.013902140781283379, 0.01340234000235796, 0.0128253735601902, 0.01234966330230236]
Training time: 2115 	steps per sec: 8
Eval num_timesteps=17408, episode_reward=nan +/- nan
Eval num_timesteps=17408, episode_success=nan +/- nan
se
16 16384 1024
diff [-0.00031176209449768066, -0.025621190667152405, -0.0016182884573936462, -0.0036481954157352448, -0.004164595156908035, -0.0028906725347042084, -0.002884525805711746, -0.004539012908935547, -0.004110617563128471, -0.004505045711994171, -0.006208529695868492, -0.0019201412796974182, -0.004489175975322723, -0.005948014557361603, -0.002736457623541355, -0.005062690004706383, -0.001937221735715866, -0.003184131346642971]
ref [0.40245184302330017, 0.1534269154071808, 0.08364829421043396, 0.061923664063215256, 0.04671209678053856, 0.03538396209478378, 0.038958657532930374, 0.031751908361911774, 0.0264121200889349, 0.0241519995033741, 0.024902449920773506, 0.01966249756515026, 0.019950639456510544, 0.01985015533864498, 0.016138797625899315, 0.017888063564896584, 0.014286885038018227, 0.01568356528878212]
[0.4021400809288025, 0.12780572474002838, 0.08203000575304031, 0.05827546864748001, 0.042547501623630524, 0.032493289560079575, 0.03607413172721863, 0.027212895452976227, 0.022301502525806427, 0.01964695379137993, 0.018693920224905014, 0.017742356285452843, 0.01546146348118782, 0.013902140781283379, 0.01340234000235796, 0.0128253735601902, 0.01234966330230236, 0.012499433942139149]
Training time: 2307 	steps per sec: 7
Eval num_timesteps=18432, episode_reward=nan +/- nan
Eval num_timesteps=18432, episode_success=nan +/- nan
se
16 16384 1024
diff [-0.00031176209449768066, -0.025621190667152405, -0.0016182884573936462, -0.0036481954157352448, -0.004164595156908035, -0.0028906725347042084, -0.002884525805711746, -0.004539012908935547, -0.004110617563128471, -0.004505045711994171, -0.006208529695868492, -0.0019201412796974182, -0.004489175975322723, -0.005948014557361603, -0.002736457623541355, -0.005062690004706383, -0.001937221735715866, -0.003184131346642971, -0.0021799206733703613]
ref [0.40245184302330017, 0.1534269154071808, 0.08364829421043396, 0.061923664063215256, 0.04671209678053856, 0.03538396209478378, 0.038958657532930374, 0.031751908361911774, 0.0264121200889349, 0.0241519995033741, 0.024902449920773506, 0.01966249756515026, 0.019950639456510544, 0.01985015533864498, 0.016138797625899315, 0.017888063564896584, 0.014286885038018227, 0.01568356528878212, 0.014775779098272324]
[0.4021400809288025, 0.12780572474002838, 0.08203000575304031, 0.05827546864748001, 0.042547501623630524, 0.032493289560079575, 0.03607413172721863, 0.027212895452976227, 0.022301502525806427, 0.01964695379137993, 0.018693920224905014, 0.017742356285452843, 0.01546146348118782, 0.013902140781283379, 0.01340234000235796, 0.0128253735601902, 0.01234966330230236, 0.012499433942139149, 0.012595858424901962]
Training time: 2499 	steps per sec: 7
Eval num_timesteps=19456, episode_reward=nan +/- nan
Eval num_timesteps=19456, episode_success=nan +/- nan
se
16 16384 1024
diff [-0.00031176209449768066, -0.025621190667152405, -0.0016182884573936462, -0.0036481954157352448, -0.004164595156908035, -0.0028906725347042084, -0.002884525805711746, -0.004539012908935547, -0.004110617563128471, -0.004505045711994171, -0.006208529695868492, -0.0019201412796974182, -0.004489175975322723, -0.005948014557361603, -0.002736457623541355, -0.005062690004706383, -0.001937221735715866, -0.003184131346642971, -0.0021799206733703613, -0.002443474717438221]
ref [0.40245184302330017, 0.1534269154071808, 0.08364829421043396, 0.061923664063215256, 0.04671209678053856, 0.03538396209478378, 0.038958657532930374, 0.031751908361911774, 0.0264121200889349, 0.0241519995033741, 0.024902449920773506, 0.01966249756515026, 0.019950639456510544, 0.01985015533864498, 0.016138797625899315, 0.017888063564896584, 0.014286885038018227, 0.01568356528878212, 0.014775779098272324, 0.015616783872246742]
[0.4021400809288025, 0.12780572474002838, 0.08203000575304031, 0.05827546864748001, 0.042547501623630524, 0.032493289560079575, 0.03607413172721863, 0.027212895452976227, 0.022301502525806427, 0.01964695379137993, 0.018693920224905014, 0.017742356285452843, 0.01546146348118782, 0.013902140781283379, 0.01340234000235796, 0.0128253735601902, 0.01234966330230236, 0.012499433942139149, 0.012595858424901962, 0.013173309154808521]
Training time: 2684 	steps per sec: 7
Eval num_timesteps=20480, episode_reward=nan +/- nan
Eval num_timesteps=20480, episode_success=nan +/- nan
se
16 16384 1024
diff [-0.00031176209449768066, -0.025621190667152405, -0.0016182884573936462, -0.0036481954157352448, -0.004164595156908035, -0.0028906725347042084, -0.002884525805711746, -0.004539012908935547, -0.004110617563128471, -0.004505045711994171, -0.006208529695868492, -0.0019201412796974182, -0.004489175975322723, -0.005948014557361603, -0.002736457623541355, -0.005062690004706383, -0.001937221735715866, -0.003184131346642971, -0.0021799206733703613, -0.002443474717438221, -0.0016588512808084488]
ref [0.40245184302330017, 0.1534269154071808, 0.08364829421043396, 0.061923664063215256, 0.04671209678053856, 0.03538396209478378, 0.038958657532930374, 0.031751908361911774, 0.0264121200889349, 0.0241519995033741, 0.024902449920773506, 0.01966249756515026, 0.019950639456510544, 0.01985015533864498, 0.016138797625899315, 0.017888063564896584, 0.014286885038018227, 0.01568356528878212, 0.014775779098272324, 0.015616783872246742, 0.014544257894158363]
[0.4021400809288025, 0.12780572474002838, 0.08203000575304031, 0.05827546864748001, 0.042547501623630524, 0.032493289560079575, 0.03607413172721863, 0.027212895452976227, 0.022301502525806427, 0.01964695379137993, 0.018693920224905014, 0.017742356285452843, 0.01546146348118782, 0.013902140781283379, 0.01340234000235796, 0.0128253735601902, 0.01234966330230236, 0.012499433942139149, 0.012595858424901962, 0.013173309154808521, 0.012885406613349915]
Training time: 2865 	steps per sec: 7
Eval num_timesteps=21504, episode_reward=nan +/- nan
Eval num_timesteps=21504, episode_success=nan +/- nan
se
16 16384 1024
diff [-0.00031176209449768066, -0.025621190667152405, -0.0016182884573936462, -0.0036481954157352448, -0.004164595156908035, -0.0028906725347042084, -0.002884525805711746, -0.004539012908935547, -0.004110617563128471, -0.004505045711994171, -0.006208529695868492, -0.0019201412796974182, -0.004489175975322723, -0.005948014557361603, -0.002736457623541355, -0.005062690004706383, -0.001937221735715866, -0.003184131346642971, -0.0021799206733703613, -0.002443474717438221, -0.0016588512808084488, -0.003866695798933506]
ref [0.40245184302330017, 0.1534269154071808, 0.08364829421043396, 0.061923664063215256, 0.04671209678053856, 0.03538396209478378, 0.038958657532930374, 0.031751908361911774, 0.0264121200889349, 0.0241519995033741, 0.024902449920773506, 0.01966249756515026, 0.019950639456510544, 0.01985015533864498, 0.016138797625899315, 0.017888063564896584, 0.014286885038018227, 0.01568356528878212, 0.014775779098272324, 0.015616783872246742, 0.014544257894158363, 0.016837816685438156]
[0.4021400809288025, 0.12780572474002838, 0.08203000575304031, 0.05827546864748001, 0.042547501623630524, 0.032493289560079575, 0.03607413172721863, 0.027212895452976227, 0.022301502525806427, 0.01964695379137993, 0.018693920224905014, 0.017742356285452843, 0.01546146348118782, 0.013902140781283379, 0.01340234000235796, 0.0128253735601902, 0.01234966330230236, 0.012499433942139149, 0.012595858424901962, 0.013173309154808521, 0.012885406613349915, 0.01297112088650465]
Training time: 3045 	steps per sec: 7
Eval num_timesteps=22528, episode_reward=nan +/- nan
Eval num_timesteps=22528, episode_success=nan +/- nan
se
16 16384 1024
diff [-0.00031176209449768066, -0.025621190667152405, -0.0016182884573936462, -0.0036481954157352448, -0.004164595156908035, -0.0028906725347042084, -0.002884525805711746, -0.004539012908935547, -0.004110617563128471, -0.004505045711994171, -0.006208529695868492, -0.0019201412796974182, -0.004489175975322723, -0.005948014557361603, -0.002736457623541355, -0.005062690004706383, -0.001937221735715866, -0.003184131346642971, -0.0021799206733703613, -0.002443474717438221, -0.0016588512808084488, -0.003866695798933506, -0.003960930742323399]
ref [0.40245184302330017, 0.1534269154071808, 0.08364829421043396, 0.061923664063215256, 0.04671209678053856, 0.03538396209478378, 0.038958657532930374, 0.031751908361911774, 0.0264121200889349, 0.0241519995033741, 0.024902449920773506, 0.01966249756515026, 0.019950639456510544, 0.01985015533864498, 0.016138797625899315, 0.017888063564896584, 0.014286885038018227, 0.01568356528878212, 0.014775779098272324, 0.015616783872246742, 0.014544257894158363, 0.016837816685438156, 0.017150860279798508]
[0.4021400809288025, 0.12780572474002838, 0.08203000575304031, 0.05827546864748001, 0.042547501623630524, 0.032493289560079575, 0.03607413172721863, 0.027212895452976227, 0.022301502525806427, 0.01964695379137993, 0.018693920224905014, 0.017742356285452843, 0.01546146348118782, 0.013902140781283379, 0.01340234000235796, 0.0128253735601902, 0.01234966330230236, 0.012499433942139149, 0.012595858424901962, 0.013173309154808521, 0.012885406613349915, 0.01297112088650465, 0.013189929537475109]
Training time: 3225 	steps per sec: 7
Eval num_timesteps=23552, episode_reward=nan +/- nan
Eval num_timesteps=23552, episode_success=nan +/- nan
se
16 16384 1024
diff [-0.00031176209449768066, -0.025621190667152405, -0.0016182884573936462, -0.0036481954157352448, -0.004164595156908035, -0.0028906725347042084, -0.002884525805711746, -0.004539012908935547, -0.004110617563128471, -0.004505045711994171, -0.006208529695868492, -0.0019201412796974182, -0.004489175975322723, -0.005948014557361603, -0.002736457623541355, -0.005062690004706383, -0.001937221735715866, -0.003184131346642971, -0.0021799206733703613, -0.002443474717438221, -0.0016588512808084488, -0.003866695798933506, -0.003960930742323399, -0.0038094129413366318]
ref [0.40245184302330017, 0.1534269154071808, 0.08364829421043396, 0.061923664063215256, 0.04671209678053856, 0.03538396209478378, 0.038958657532930374, 0.031751908361911774, 0.0264121200889349, 0.0241519995033741, 0.024902449920773506, 0.01966249756515026, 0.019950639456510544, 0.01985015533864498, 0.016138797625899315, 0.017888063564896584, 0.014286885038018227, 0.01568356528878212, 0.014775779098272324, 0.015616783872246742, 0.014544257894158363, 0.016837816685438156, 0.017150860279798508, 0.0165502168238163]
[0.4021400809288025, 0.12780572474002838, 0.08203000575304031, 0.05827546864748001, 0.042547501623630524, 0.032493289560079575, 0.03607413172721863, 0.027212895452976227, 0.022301502525806427, 0.01964695379137993, 0.018693920224905014, 0.017742356285452843, 0.01546146348118782, 0.013902140781283379, 0.01340234000235796, 0.0128253735601902, 0.01234966330230236, 0.012499433942139149, 0.012595858424901962, 0.013173309154808521, 0.012885406613349915, 0.01297112088650465, 0.013189929537475109, 0.012740803882479668]
Training time: 3408 	steps per sec: 7
Eval num_timesteps=24576, episode_reward=nan +/- nan
Eval num_timesteps=24576, episode_success=nan +/- nan
se
16 16384 1024
diff [-0.00031176209449768066, -0.025621190667152405, -0.0016182884573936462, -0.0036481954157352448, -0.004164595156908035, -0.0028906725347042084, -0.002884525805711746, -0.004539012908935547, -0.004110617563128471, -0.004505045711994171, -0.006208529695868492, -0.0019201412796974182, -0.004489175975322723, -0.005948014557361603, -0.002736457623541355, -0.005062690004706383, -0.001937221735715866, -0.003184131346642971, -0.0021799206733703613, -0.002443474717438221, -0.0016588512808084488, -0.003866695798933506, -0.003960930742323399, -0.0038094129413366318, -0.0023506321012973785]
ref [0.40245184302330017, 0.1534269154071808, 0.08364829421043396, 0.061923664063215256, 0.04671209678053856, 0.03538396209478378, 0.038958657532930374, 0.031751908361911774, 0.0264121200889349, 0.0241519995033741, 0.024902449920773506, 0.01966249756515026, 0.019950639456510544, 0.01985015533864498, 0.016138797625899315, 0.017888063564896584, 0.014286885038018227, 0.01568356528878212, 0.014775779098272324, 0.015616783872246742, 0.014544257894158363, 0.016837816685438156, 0.017150860279798508, 0.0165502168238163, 0.015322990715503693]
[0.4021400809288025, 0.12780572474002838, 0.08203000575304031, 0.05827546864748001, 0.042547501623630524, 0.032493289560079575, 0.03607413172721863, 0.027212895452976227, 0.022301502525806427, 0.01964695379137993, 0.018693920224905014, 0.017742356285452843, 0.01546146348118782, 0.013902140781283379, 0.01340234000235796, 0.0128253735601902, 0.01234966330230236, 0.012499433942139149, 0.012595858424901962, 0.013173309154808521, 0.012885406613349915, 0.01297112088650465, 0.013189929537475109, 0.012740803882479668, 0.012972358614206314]
Training time: 3591 	steps per sec: 7
Eval num_timesteps=25600, episode_reward=nan +/- nan
Eval num_timesteps=25600, episode_success=nan +/- nan
se
16 16384 1024
diff [-0.00031176209449768066, -0.025621190667152405, -0.0016182884573936462, -0.0036481954157352448, -0.004164595156908035, -0.0028906725347042084, -0.002884525805711746, -0.004539012908935547, -0.004110617563128471, -0.004505045711994171, -0.006208529695868492, -0.0019201412796974182, -0.004489175975322723, -0.005948014557361603, -0.002736457623541355, -0.005062690004706383, -0.001937221735715866, -0.003184131346642971, -0.0021799206733703613, -0.002443474717438221, -0.0016588512808084488, -0.003866695798933506, -0.003960930742323399, -0.0038094129413366318, -0.0023506321012973785, -0.003005475737154484]
ref [0.40245184302330017, 0.1534269154071808, 0.08364829421043396, 0.061923664063215256, 0.04671209678053856, 0.03538396209478378, 0.038958657532930374, 0.031751908361911774, 0.0264121200889349, 0.0241519995033741, 0.024902449920773506, 0.01966249756515026, 0.019950639456510544, 0.01985015533864498, 0.016138797625899315, 0.017888063564896584, 0.014286885038018227, 0.01568356528878212, 0.014775779098272324, 0.015616783872246742, 0.014544257894158363, 0.016837816685438156, 0.017150860279798508, 0.0165502168238163, 0.015322990715503693, 0.01612420193850994]
[0.4021400809288025, 0.12780572474002838, 0.08203000575304031, 0.05827546864748001, 0.042547501623630524, 0.032493289560079575, 0.03607413172721863, 0.027212895452976227, 0.022301502525806427, 0.01964695379137993, 0.018693920224905014, 0.017742356285452843, 0.01546146348118782, 0.013902140781283379, 0.01340234000235796, 0.0128253735601902, 0.01234966330230236, 0.012499433942139149, 0.012595858424901962, 0.013173309154808521, 0.012885406613349915, 0.01297112088650465, 0.013189929537475109, 0.012740803882479668, 0.012972358614206314, 0.013118726201355457]
Training time: 3773 	steps per sec: 7
Eval num_timesteps=26624, episode_reward=nan +/- nan
Eval num_timesteps=26624, episode_success=nan +/- nan
se
16 16384 1024
diff [-0.00031176209449768066, -0.025621190667152405, -0.0016182884573936462, -0.0036481954157352448, -0.004164595156908035, -0.0028906725347042084, -0.002884525805711746, -0.004539012908935547, -0.004110617563128471, -0.004505045711994171, -0.006208529695868492, -0.0019201412796974182, -0.004489175975322723, -0.005948014557361603, -0.002736457623541355, -0.005062690004706383, -0.001937221735715866, -0.003184131346642971, -0.0021799206733703613, -0.002443474717438221, -0.0016588512808084488, -0.003866695798933506, -0.003960930742323399, -0.0038094129413366318, -0.0023506321012973785, -0.003005475737154484, -0.0019611408933997154]
ref [0.40245184302330017, 0.1534269154071808, 0.08364829421043396, 0.061923664063215256, 0.04671209678053856, 0.03538396209478378, 0.038958657532930374, 0.031751908361911774, 0.0264121200889349, 0.0241519995033741, 0.024902449920773506, 0.01966249756515026, 0.019950639456510544, 0.01985015533864498, 0.016138797625899315, 0.017888063564896584, 0.014286885038018227, 0.01568356528878212, 0.014775779098272324, 0.015616783872246742, 0.014544257894158363, 0.016837816685438156, 0.017150860279798508, 0.0165502168238163, 0.015322990715503693, 0.01612420193850994, 0.01609557867050171]
[0.4021400809288025, 0.12780572474002838, 0.08203000575304031, 0.05827546864748001, 0.042547501623630524, 0.032493289560079575, 0.03607413172721863, 0.027212895452976227, 0.022301502525806427, 0.01964695379137993, 0.018693920224905014, 0.017742356285452843, 0.01546146348118782, 0.013902140781283379, 0.01340234000235796, 0.0128253735601902, 0.01234966330230236, 0.012499433942139149, 0.012595858424901962, 0.013173309154808521, 0.012885406613349915, 0.01297112088650465, 0.013189929537475109, 0.012740803882479668, 0.012972358614206314, 0.013118726201355457, 0.014134437777101994]
Training time: 3968 	steps per sec: 6
Eval num_timesteps=27648, episode_reward=nan +/- nan
Eval num_timesteps=27648, episode_success=nan +/- nan
se
16 16384 1024
diff [-0.00031176209449768066, -0.025621190667152405, -0.0016182884573936462, -0.0036481954157352448, -0.004164595156908035, -0.0028906725347042084, -0.002884525805711746, -0.004539012908935547, -0.004110617563128471, -0.004505045711994171, -0.006208529695868492, -0.0019201412796974182, -0.004489175975322723, -0.005948014557361603, -0.002736457623541355, -0.005062690004706383, -0.001937221735715866, -0.003184131346642971, -0.0021799206733703613, -0.002443474717438221, -0.0016588512808084488, -0.003866695798933506, -0.003960930742323399, -0.0038094129413366318, -0.0023506321012973785, -0.003005475737154484, -0.0019611408933997154, -0.0027668606489896774]
ref [0.40245184302330017, 0.1534269154071808, 0.08364829421043396, 0.061923664063215256, 0.04671209678053856, 0.03538396209478378, 0.038958657532930374, 0.031751908361911774, 0.0264121200889349, 0.0241519995033741, 0.024902449920773506, 0.01966249756515026, 0.019950639456510544, 0.01985015533864498, 0.016138797625899315, 0.017888063564896584, 0.014286885038018227, 0.01568356528878212, 0.014775779098272324, 0.015616783872246742, 0.014544257894158363, 0.016837816685438156, 0.017150860279798508, 0.0165502168238163, 0.015322990715503693, 0.01612420193850994, 0.01609557867050171, 0.016794025897979736]
[0.4021400809288025, 0.12780572474002838, 0.08203000575304031, 0.05827546864748001, 0.042547501623630524, 0.032493289560079575, 0.03607413172721863, 0.027212895452976227, 0.022301502525806427, 0.01964695379137993, 0.018693920224905014, 0.017742356285452843, 0.01546146348118782, 0.013902140781283379, 0.01340234000235796, 0.0128253735601902, 0.01234966330230236, 0.012499433942139149, 0.012595858424901962, 0.013173309154808521, 0.012885406613349915, 0.01297112088650465, 0.013189929537475109, 0.012740803882479668, 0.012972358614206314, 0.013118726201355457, 0.014134437777101994, 0.014027165248990059]
Training time: 4155 	steps per sec: 6
Eval num_timesteps=28672, episode_reward=nan +/- nan
Eval num_timesteps=28672, episode_success=nan +/- nan
se
16 16384 1024
diff [-0.00031176209449768066, -0.025621190667152405, -0.0016182884573936462, -0.0036481954157352448, -0.004164595156908035, -0.0028906725347042084, -0.002884525805711746, -0.004539012908935547, -0.004110617563128471, -0.004505045711994171, -0.006208529695868492, -0.0019201412796974182, -0.004489175975322723, -0.005948014557361603, -0.002736457623541355, -0.005062690004706383, -0.001937221735715866, -0.003184131346642971, -0.0021799206733703613, -0.002443474717438221, -0.0016588512808084488, -0.003866695798933506, -0.003960930742323399, -0.0038094129413366318, -0.0023506321012973785, -0.003005475737154484, -0.0019611408933997154, -0.0027668606489896774, -0.003193417564034462]
ref [0.40245184302330017, 0.1534269154071808, 0.08364829421043396, 0.061923664063215256, 0.04671209678053856, 0.03538396209478378, 0.038958657532930374, 0.031751908361911774, 0.0264121200889349, 0.0241519995033741, 0.024902449920773506, 0.01966249756515026, 0.019950639456510544, 0.01985015533864498, 0.016138797625899315, 0.017888063564896584, 0.014286885038018227, 0.01568356528878212, 0.014775779098272324, 0.015616783872246742, 0.014544257894158363, 0.016837816685438156, 0.017150860279798508, 0.0165502168238163, 0.015322990715503693, 0.01612420193850994, 0.01609557867050171, 0.016794025897979736, 0.016343597322702408]
[0.4021400809288025, 0.12780572474002838, 0.08203000575304031, 0.05827546864748001, 0.042547501623630524, 0.032493289560079575, 0.03607413172721863, 0.027212895452976227, 0.022301502525806427, 0.01964695379137993, 0.018693920224905014, 0.017742356285452843, 0.01546146348118782, 0.013902140781283379, 0.01340234000235796, 0.0128253735601902, 0.01234966330230236, 0.012499433942139149, 0.012595858424901962, 0.013173309154808521, 0.012885406613349915, 0.01297112088650465, 0.013189929537475109, 0.012740803882479668, 0.012972358614206314, 0.013118726201355457, 0.014134437777101994, 0.014027165248990059, 0.013150179758667946]
Training time: 4343 	steps per sec: 6
Eval num_timesteps=29696, episode_reward=nan +/- nan
Eval num_timesteps=29696, episode_success=nan +/- nan
se
16 16384 1024
diff [-0.00031176209449768066, -0.025621190667152405, -0.0016182884573936462, -0.0036481954157352448, -0.004164595156908035, -0.0028906725347042084, -0.002884525805711746, -0.004539012908935547, -0.004110617563128471, -0.004505045711994171, -0.006208529695868492, -0.0019201412796974182, -0.004489175975322723, -0.005948014557361603, -0.002736457623541355, -0.005062690004706383, -0.001937221735715866, -0.003184131346642971, -0.0021799206733703613, -0.002443474717438221, -0.0016588512808084488, -0.003866695798933506, -0.003960930742323399, -0.0038094129413366318, -0.0023506321012973785, -0.003005475737154484, -0.0019611408933997154, -0.0027668606489896774, -0.003193417564034462, -0.0034756194800138474]
ref [0.40245184302330017, 0.1534269154071808, 0.08364829421043396, 0.061923664063215256, 0.04671209678053856, 0.03538396209478378, 0.038958657532930374, 0.031751908361911774, 0.0264121200889349, 0.0241519995033741, 0.024902449920773506, 0.01966249756515026, 0.019950639456510544, 0.01985015533864498, 0.016138797625899315, 0.017888063564896584, 0.014286885038018227, 0.01568356528878212, 0.014775779098272324, 0.015616783872246742, 0.014544257894158363, 0.016837816685438156, 0.017150860279798508, 0.0165502168238163, 0.015322990715503693, 0.01612420193850994, 0.01609557867050171, 0.016794025897979736, 0.016343597322702408, 0.017420785501599312]
[0.4021400809288025, 0.12780572474002838, 0.08203000575304031, 0.05827546864748001, 0.042547501623630524, 0.032493289560079575, 0.03607413172721863, 0.027212895452976227, 0.022301502525806427, 0.01964695379137993, 0.018693920224905014, 0.017742356285452843, 0.01546146348118782, 0.013902140781283379, 0.01340234000235796, 0.0128253735601902, 0.01234966330230236, 0.012499433942139149, 0.012595858424901962, 0.013173309154808521, 0.012885406613349915, 0.01297112088650465, 0.013189929537475109, 0.012740803882479668, 0.012972358614206314, 0.013118726201355457, 0.014134437777101994, 0.014027165248990059, 0.013150179758667946, 0.013945166021585464]
Training time: 4550 	steps per sec: 6
Eval num_timesteps=30720, episode_reward=nan +/- nan
Eval num_timesteps=30720, episode_success=nan +/- nan
se
16 16384 1024
diff [-0.00031176209449768066, -0.025621190667152405, -0.0016182884573936462, -0.0036481954157352448, -0.004164595156908035, -0.0028906725347042084, -0.002884525805711746, -0.004539012908935547, -0.004110617563128471, -0.004505045711994171, -0.006208529695868492, -0.0019201412796974182, -0.004489175975322723, -0.005948014557361603, -0.002736457623541355, -0.005062690004706383, -0.001937221735715866, -0.003184131346642971, -0.0021799206733703613, -0.002443474717438221, -0.0016588512808084488, -0.003866695798933506, -0.003960930742323399, -0.0038094129413366318, -0.0023506321012973785, -0.003005475737154484, -0.0019611408933997154, -0.0027668606489896774, -0.003193417564034462, -0.0034756194800138474, -0.0013669319450855255]
ref [0.40245184302330017, 0.1534269154071808, 0.08364829421043396, 0.061923664063215256, 0.04671209678053856, 0.03538396209478378, 0.038958657532930374, 0.031751908361911774, 0.0264121200889349, 0.0241519995033741, 0.024902449920773506, 0.01966249756515026, 0.019950639456510544, 0.01985015533864498, 0.016138797625899315, 0.017888063564896584, 0.014286885038018227, 0.01568356528878212, 0.014775779098272324, 0.015616783872246742, 0.014544257894158363, 0.016837816685438156, 0.017150860279798508, 0.0165502168238163, 0.015322990715503693, 0.01612420193850994, 0.01609557867050171, 0.016794025897979736, 0.016343597322702408, 0.017420785501599312, 0.014814306050539017]
[0.4021400809288025, 0.12780572474002838, 0.08203000575304031, 0.05827546864748001, 0.042547501623630524, 0.032493289560079575, 0.03607413172721863, 0.027212895452976227, 0.022301502525806427, 0.01964695379137993, 0.018693920224905014, 0.017742356285452843, 0.01546146348118782, 0.013902140781283379, 0.01340234000235796, 0.0128253735601902, 0.01234966330230236, 0.012499433942139149, 0.012595858424901962, 0.013173309154808521, 0.012885406613349915, 0.01297112088650465, 0.013189929537475109, 0.012740803882479668, 0.012972358614206314, 0.013118726201355457, 0.014134437777101994, 0.014027165248990059, 0.013150179758667946, 0.013945166021585464, 0.013447374105453491]
Training time: 4746 	steps per sec: 6
Eval num_timesteps=31744, episode_reward=nan +/- nan
Eval num_timesteps=31744, episode_success=nan +/- nan
se
16 16384 1024
diff [-0.00031176209449768066, -0.025621190667152405, -0.0016182884573936462, -0.0036481954157352448, -0.004164595156908035, -0.0028906725347042084, -0.002884525805711746, -0.004539012908935547, -0.004110617563128471, -0.004505045711994171, -0.006208529695868492, -0.0019201412796974182, -0.004489175975322723, -0.005948014557361603, -0.002736457623541355, -0.005062690004706383, -0.001937221735715866, -0.003184131346642971, -0.0021799206733703613, -0.002443474717438221, -0.0016588512808084488, -0.003866695798933506, -0.003960930742323399, -0.0038094129413366318, -0.0023506321012973785, -0.003005475737154484, -0.0019611408933997154, -0.0027668606489896774, -0.003193417564034462, -0.0034756194800138474, -0.0013669319450855255, -0.0029283110052347183]
ref [0.40245184302330017, 0.1534269154071808, 0.08364829421043396, 0.061923664063215256, 0.04671209678053856, 0.03538396209478378, 0.038958657532930374, 0.031751908361911774, 0.0264121200889349, 0.0241519995033741, 0.024902449920773506, 0.01966249756515026, 0.019950639456510544, 0.01985015533864498, 0.016138797625899315, 0.017888063564896584, 0.014286885038018227, 0.01568356528878212, 0.014775779098272324, 0.015616783872246742, 0.014544257894158363, 0.016837816685438156, 0.017150860279798508, 0.0165502168238163, 0.015322990715503693, 0.01612420193850994, 0.01609557867050171, 0.016794025897979736, 0.016343597322702408, 0.017420785501599312, 0.014814306050539017, 0.016646478325128555]
[0.4021400809288025, 0.12780572474002838, 0.08203000575304031, 0.05827546864748001, 0.042547501623630524, 0.032493289560079575, 0.03607413172721863, 0.027212895452976227, 0.022301502525806427, 0.01964695379137993, 0.018693920224905014, 0.017742356285452843, 0.01546146348118782, 0.013902140781283379, 0.01340234000235796, 0.0128253735601902, 0.01234966330230236, 0.012499433942139149, 0.012595858424901962, 0.013173309154808521, 0.012885406613349915, 0.01297112088650465, 0.013189929537475109, 0.012740803882479668, 0.012972358614206314, 0.013118726201355457, 0.014134437777101994, 0.014027165248990059, 0.013150179758667946, 0.013945166021585464, 0.013447374105453491, 0.013718167319893837]
Training time: 4925 	steps per sec: 6
Eval num_timesteps=32768, episode_reward=nan +/- nan
Eval num_timesteps=32768, episode_success=nan +/- nan
results/HalfCheetah-v4/
results/HalfCheetah-v4/ppo_ros/
results/HalfCheetah-v4/ppo_ros/expert/
results/HalfCheetah-v4/ppo_ros/expert/b_16/
results/HalfCheetah-v4/ppo_ros/expert/b_16/no_clip_lambda/
results/HalfCheetah-v4/ppo_ros/expert/b_16/no_clip_lambda/run_4/
results/HalfCheetah-v4/ppo_ros/expert/b_16/no_clip_lambda/run_4/stats.npz
results/HalfCheetah-v4/ppo_ros/expert/b_16/no_clip_lambda/run_4/config.yml
results/HalfCheetah-v4/ppo_ros/expert/b_16/no_clip_lambda/run_4/evaluations.npz
