ppo_ros_continuous.py --env-id Ant-v4 -s expert/b_16/no_clip --total-timesteps 32768 --eval-freq 1 --eval-episodes 0 -b 16 --num-steps 1024 -lr 0 --update-epochs 0 --anneal-lr 0 --ros-num-steps 256 --ros-update-epochs 16 --ros-target-kl 0.05 --ros-clip-coef 999999999 --ros-lambda 0.3 -ros-lr 0.0001 --ros-anneal-lr 0 --se 1 --se-freq 1 --se-lr 1e-3 --se-epochs 1000 --policy-path policies/Ant-v4/best_model.zip --normalization-dir policies/Ant-v4
Obtaining file:///var/lib/condor/execute/slot1/dir_39568/PPOROS/PPOROS/custom-envs
  Preparing metadata (setup.py): started
  Preparing metadata (setup.py): finished with status 'done'
Requirement already satisfied: gym in /var/lib/condor/execute/slot1/dir_39568/PPOROS/ppo-ros_env/lib/python3.9/site-packages (from custom-envs==0.0.1) (0.21.0)
Requirement already satisfied: numpy>=1.18.0 in /var/lib/condor/execute/slot1/dir_39568/PPOROS/ppo-ros_env/lib/python3.9/site-packages (from gym->custom-envs==0.0.1) (1.24.2)
Requirement already satisfied: cloudpickle>=1.2.0 in /var/lib/condor/execute/slot1/dir_39568/PPOROS/ppo-ros_env/lib/python3.9/site-packages (from gym->custom-envs==0.0.1) (2.2.1)
Installing collected packages: custom-envs
  Running setup.py develop for custom-envs
Successfully installed custom-envs-0.0.1
seed: 2
Eval num_timesteps=0, episode_reward=nan +/- nan
Eval num_timesteps=0, episode_success=nan +/- nan
se
1 1024 1024
diff [0.12981808185577393]
ref [0.6948157548904419]
[0.8246338367462158]
Training time: 30 	steps per sec: 33
Eval num_timesteps=1024, episode_reward=nan +/- nan
Eval num_timesteps=1024, episode_success=nan +/- nan
se
2 2048 1024
diff [0.12981808185577393, 0.0015894174575805664]
ref [0.6948157548904419, 0.25299274921417236]
[0.8246338367462158, 0.25458216667175293]
Training time: 78 	steps per sec: 25
Eval num_timesteps=2048, episode_reward=nan +/- nan
Eval num_timesteps=2048, episode_success=nan +/- nan
se
3 3072 1024
diff [0.12981808185577393, 0.0015894174575805664, -0.0006288141012191772]
ref [0.6948157548904419, 0.25299274921417236, 0.13779163360595703]
[0.8246338367462158, 0.25458216667175293, 0.13716281950473785]
Training time: 138 	steps per sec: 22
Eval num_timesteps=3072, episode_reward=nan +/- nan
Eval num_timesteps=3072, episode_success=nan +/- nan
se
4 4096 1024
diff [0.12981808185577393, 0.0015894174575805664, -0.0006288141012191772, 0.005739651620388031]
ref [0.6948157548904419, 0.25299274921417236, 0.13779163360595703, 0.09181393682956696]
[0.8246338367462158, 0.25458216667175293, 0.13716281950473785, 0.09755358844995499]
Training time: 214 	steps per sec: 19
Eval num_timesteps=4096, episode_reward=nan +/- nan
Eval num_timesteps=4096, episode_success=nan +/- nan
se
5 5120 1024
diff [0.12981808185577393, 0.0015894174575805664, -0.0006288141012191772, 0.005739651620388031, -0.00472521036863327]
ref [0.6948157548904419, 0.25299274921417236, 0.13779163360595703, 0.09181393682956696, 0.07608802616596222]
[0.8246338367462158, 0.25458216667175293, 0.13716281950473785, 0.09755358844995499, 0.07136281579732895]
Training time: 305 	steps per sec: 16
Eval num_timesteps=5120, episode_reward=nan +/- nan
Eval num_timesteps=5120, episode_success=nan +/- nan
se
6 6144 1024
diff [0.12981808185577393, 0.0015894174575805664, -0.0006288141012191772, 0.005739651620388031, -0.00472521036863327, -0.003363426774740219]
ref [0.6948157548904419, 0.25299274921417236, 0.13779163360595703, 0.09181393682956696, 0.07608802616596222, 0.05798013135790825]
[0.8246338367462158, 0.25458216667175293, 0.13716281950473785, 0.09755358844995499, 0.07136281579732895, 0.05461670458316803]
Training time: 404 	steps per sec: 15
Eval num_timesteps=6144, episode_reward=nan +/- nan
Eval num_timesteps=6144, episode_success=nan +/- nan
se
7 7168 1024
diff [0.12981808185577393, 0.0015894174575805664, -0.0006288141012191772, 0.005739651620388031, -0.00472521036863327, -0.003363426774740219, -0.009022556245326996]
ref [0.6948157548904419, 0.25299274921417236, 0.13779163360595703, 0.09181393682956696, 0.07608802616596222, 0.05798013135790825, 0.055119823664426804]
[0.8246338367462158, 0.25458216667175293, 0.13716281950473785, 0.09755358844995499, 0.07136281579732895, 0.05461670458316803, 0.04609726741909981]
Training time: 520 	steps per sec: 13
Eval num_timesteps=7168, episode_reward=nan +/- nan
Eval num_timesteps=7168, episode_success=nan +/- nan
se
8 8192 1024
diff [0.12981808185577393, 0.0015894174575805664, -0.0006288141012191772, 0.005739651620388031, -0.00472521036863327, -0.003363426774740219, -0.009022556245326996, -0.008453618735074997]
ref [0.6948157548904419, 0.25299274921417236, 0.13779163360595703, 0.09181393682956696, 0.07608802616596222, 0.05798013135790825, 0.055119823664426804, 0.04731382802128792]
[0.8246338367462158, 0.25458216667175293, 0.13716281950473785, 0.09755358844995499, 0.07136281579732895, 0.05461670458316803, 0.04609726741909981, 0.03886020928621292]
Training time: 650 	steps per sec: 12
Eval num_timesteps=8192, episode_reward=nan +/- nan
Eval num_timesteps=8192, episode_success=nan +/- nan
se
9 9216 1024
diff [0.12981808185577393, 0.0015894174575805664, -0.0006288141012191772, 0.005739651620388031, -0.00472521036863327, -0.003363426774740219, -0.009022556245326996, -0.008453618735074997, -0.011316340416669846]
ref [0.6948157548904419, 0.25299274921417236, 0.13779163360595703, 0.09181393682956696, 0.07608802616596222, 0.05798013135790825, 0.055119823664426804, 0.04731382802128792, 0.04262915626168251]
[0.8246338367462158, 0.25458216667175293, 0.13716281950473785, 0.09755358844995499, 0.07136281579732895, 0.05461670458316803, 0.04609726741909981, 0.03886020928621292, 0.031312815845012665]
Training time: 791 	steps per sec: 11
Eval num_timesteps=9216, episode_reward=nan +/- nan
Eval num_timesteps=9216, episode_success=nan +/- nan
se
10 10240 1024
diff [0.12981808185577393, 0.0015894174575805664, -0.0006288141012191772, 0.005739651620388031, -0.00472521036863327, -0.003363426774740219, -0.009022556245326996, -0.008453618735074997, -0.011316340416669846, -0.00877666100859642]
ref [0.6948157548904419, 0.25299274921417236, 0.13779163360595703, 0.09181393682956696, 0.07608802616596222, 0.05798013135790825, 0.055119823664426804, 0.04731382802128792, 0.04262915626168251, 0.035674747079610825]
[0.8246338367462158, 0.25458216667175293, 0.13716281950473785, 0.09755358844995499, 0.07136281579732895, 0.05461670458316803, 0.04609726741909981, 0.03886020928621292, 0.031312815845012665, 0.026898086071014404]
Training time: 945 	steps per sec: 10
Eval num_timesteps=10240, episode_reward=nan +/- nan
Eval num_timesteps=10240, episode_success=nan +/- nan
se
11 11264 1024
diff [0.12981808185577393, 0.0015894174575805664, -0.0006288141012191772, 0.005739651620388031, -0.00472521036863327, -0.003363426774740219, -0.009022556245326996, -0.008453618735074997, -0.011316340416669846, -0.00877666100859642, -0.013265881687402725]
ref [0.6948157548904419, 0.25299274921417236, 0.13779163360595703, 0.09181393682956696, 0.07608802616596222, 0.05798013135790825, 0.055119823664426804, 0.04731382802128792, 0.04262915626168251, 0.035674747079610825, 0.03574284538626671]
[0.8246338367462158, 0.25458216667175293, 0.13716281950473785, 0.09755358844995499, 0.07136281579732895, 0.05461670458316803, 0.04609726741909981, 0.03886020928621292, 0.031312815845012665, 0.026898086071014404, 0.022476963698863983]
Training time: 1113 	steps per sec: 10
Eval num_timesteps=11264, episode_reward=nan +/- nan
Eval num_timesteps=11264, episode_success=nan +/- nan
se
12 12288 1024
diff [0.12981808185577393, 0.0015894174575805664, -0.0006288141012191772, 0.005739651620388031, -0.00472521036863327, -0.003363426774740219, -0.009022556245326996, -0.008453618735074997, -0.011316340416669846, -0.00877666100859642, -0.013265881687402725, -0.010164352133870125]
ref [0.6948157548904419, 0.25299274921417236, 0.13779163360595703, 0.09181393682956696, 0.07608802616596222, 0.05798013135790825, 0.055119823664426804, 0.04731382802128792, 0.04262915626168251, 0.035674747079610825, 0.03574284538626671, 0.030149726197123528]
[0.8246338367462158, 0.25458216667175293, 0.13716281950473785, 0.09755358844995499, 0.07136281579732895, 0.05461670458316803, 0.04609726741909981, 0.03886020928621292, 0.031312815845012665, 0.026898086071014404, 0.022476963698863983, 0.019985374063253403]
Training time: 1295 	steps per sec: 9
Eval num_timesteps=12288, episode_reward=nan +/- nan
Eval num_timesteps=12288, episode_success=nan +/- nan
se
13 13312 1024
diff [0.12981808185577393, 0.0015894174575805664, -0.0006288141012191772, 0.005739651620388031, -0.00472521036863327, -0.003363426774740219, -0.009022556245326996, -0.008453618735074997, -0.011316340416669846, -0.00877666100859642, -0.013265881687402725, -0.010164352133870125, -0.006910931318998337]
ref [0.6948157548904419, 0.25299274921417236, 0.13779163360595703, 0.09181393682956696, 0.07608802616596222, 0.05798013135790825, 0.055119823664426804, 0.04731382802128792, 0.04262915626168251, 0.035674747079610825, 0.03574284538626671, 0.030149726197123528, 0.026224108412861824]
[0.8246338367462158, 0.25458216667175293, 0.13716281950473785, 0.09755358844995499, 0.07136281579732895, 0.05461670458316803, 0.04609726741909981, 0.03886020928621292, 0.031312815845012665, 0.026898086071014404, 0.022476963698863983, 0.019985374063253403, 0.019313177093863487]
Training time: 1486 	steps per sec: 8
Eval num_timesteps=13312, episode_reward=nan +/- nan
Eval num_timesteps=13312, episode_success=nan +/- nan
se
14 14336 1024
diff [0.12981808185577393, 0.0015894174575805664, -0.0006288141012191772, 0.005739651620388031, -0.00472521036863327, -0.003363426774740219, -0.009022556245326996, -0.008453618735074997, -0.011316340416669846, -0.00877666100859642, -0.013265881687402725, -0.010164352133870125, -0.006910931318998337, -0.00851932168006897]
ref [0.6948157548904419, 0.25299274921417236, 0.13779163360595703, 0.09181393682956696, 0.07608802616596222, 0.05798013135790825, 0.055119823664426804, 0.04731382802128792, 0.04262915626168251, 0.035674747079610825, 0.03574284538626671, 0.030149726197123528, 0.026224108412861824, 0.026189716532826424]
[0.8246338367462158, 0.25458216667175293, 0.13716281950473785, 0.09755358844995499, 0.07136281579732895, 0.05461670458316803, 0.04609726741909981, 0.03886020928621292, 0.031312815845012665, 0.026898086071014404, 0.022476963698863983, 0.019985374063253403, 0.019313177093863487, 0.017670394852757454]
Training time: 1690 	steps per sec: 8
Eval num_timesteps=14336, episode_reward=nan +/- nan
Eval num_timesteps=14336, episode_success=nan +/- nan
se
15 15360 1024
diff [0.12981808185577393, 0.0015894174575805664, -0.0006288141012191772, 0.005739651620388031, -0.00472521036863327, -0.003363426774740219, -0.009022556245326996, -0.008453618735074997, -0.011316340416669846, -0.00877666100859642, -0.013265881687402725, -0.010164352133870125, -0.006910931318998337, -0.00851932168006897, -0.005209134891629219]
ref [0.6948157548904419, 0.25299274921417236, 0.13779163360595703, 0.09181393682956696, 0.07608802616596222, 0.05798013135790825, 0.055119823664426804, 0.04731382802128792, 0.04262915626168251, 0.035674747079610825, 0.03574284538626671, 0.030149726197123528, 0.026224108412861824, 0.026189716532826424, 0.02126193977892399]
[0.8246338367462158, 0.25458216667175293, 0.13716281950473785, 0.09755358844995499, 0.07136281579732895, 0.05461670458316803, 0.04609726741909981, 0.03886020928621292, 0.031312815845012665, 0.026898086071014404, 0.022476963698863983, 0.019985374063253403, 0.019313177093863487, 0.017670394852757454, 0.01605280488729477]
Training time: 1906 	steps per sec: 8
Eval num_timesteps=15360, episode_reward=nan +/- nan
Eval num_timesteps=15360, episode_success=nan +/- nan
se
16 16384 1024
diff [0.12981808185577393, 0.0015894174575805664, -0.0006288141012191772, 0.005739651620388031, -0.00472521036863327, -0.003363426774740219, -0.009022556245326996, -0.008453618735074997, -0.011316340416669846, -0.00877666100859642, -0.013265881687402725, -0.010164352133870125, -0.006910931318998337, -0.00851932168006897, -0.005209134891629219, -0.006436778232455254]
ref [0.6948157548904419, 0.25299274921417236, 0.13779163360595703, 0.09181393682956696, 0.07608802616596222, 0.05798013135790825, 0.055119823664426804, 0.04731382802128792, 0.04262915626168251, 0.035674747079610825, 0.03574284538626671, 0.030149726197123528, 0.026224108412861824, 0.026189716532826424, 0.02126193977892399, 0.021680807694792747]
[0.8246338367462158, 0.25458216667175293, 0.13716281950473785, 0.09755358844995499, 0.07136281579732895, 0.05461670458316803, 0.04609726741909981, 0.03886020928621292, 0.031312815845012665, 0.026898086071014404, 0.022476963698863983, 0.019985374063253403, 0.019313177093863487, 0.017670394852757454, 0.01605280488729477, 0.015244029462337494]
Training time: 2169 	steps per sec: 7
Eval num_timesteps=16384, episode_reward=nan +/- nan
Eval num_timesteps=16384, episode_success=nan +/- nan
se
16 16384 1024
diff [0.12981808185577393, 0.0015894174575805664, -0.0006288141012191772, 0.005739651620388031, -0.00472521036863327, -0.003363426774740219, -0.009022556245326996, -0.008453618735074997, -0.011316340416669846, -0.00877666100859642, -0.013265881687402725, -0.010164352133870125, -0.006910931318998337, -0.00851932168006897, -0.005209134891629219, -0.006436778232455254, -0.009524660184979439]
ref [0.6948157548904419, 0.25299274921417236, 0.13779163360595703, 0.09181393682956696, 0.07608802616596222, 0.05798013135790825, 0.055119823664426804, 0.04731382802128792, 0.04262915626168251, 0.035674747079610825, 0.03574284538626671, 0.030149726197123528, 0.026224108412861824, 0.026189716532826424, 0.02126193977892399, 0.021680807694792747, 0.02414836548268795]
[0.8246338367462158, 0.25458216667175293, 0.13716281950473785, 0.09755358844995499, 0.07136281579732895, 0.05461670458316803, 0.04609726741909981, 0.03886020928621292, 0.031312815845012665, 0.026898086071014404, 0.022476963698863983, 0.019985374063253403, 0.019313177093863487, 0.017670394852757454, 0.01605280488729477, 0.015244029462337494, 0.014623705297708511]
Training time: 2434 	steps per sec: 7
Eval num_timesteps=17408, episode_reward=nan +/- nan
Eval num_timesteps=17408, episode_success=nan +/- nan
se
16 16384 1024
diff [0.12981808185577393, 0.0015894174575805664, -0.0006288141012191772, 0.005739651620388031, -0.00472521036863327, -0.003363426774740219, -0.009022556245326996, -0.008453618735074997, -0.011316340416669846, -0.00877666100859642, -0.013265881687402725, -0.010164352133870125, -0.006910931318998337, -0.00851932168006897, -0.005209134891629219, -0.006436778232455254, -0.009524660184979439, -0.005871167406439781]
ref [0.6948157548904419, 0.25299274921417236, 0.13779163360595703, 0.09181393682956696, 0.07608802616596222, 0.05798013135790825, 0.055119823664426804, 0.04731382802128792, 0.04262915626168251, 0.035674747079610825, 0.03574284538626671, 0.030149726197123528, 0.026224108412861824, 0.026189716532826424, 0.02126193977892399, 0.021680807694792747, 0.02414836548268795, 0.020848410204052925]
[0.8246338367462158, 0.25458216667175293, 0.13716281950473785, 0.09755358844995499, 0.07136281579732895, 0.05461670458316803, 0.04609726741909981, 0.03886020928621292, 0.031312815845012665, 0.026898086071014404, 0.022476963698863983, 0.019985374063253403, 0.019313177093863487, 0.017670394852757454, 0.01605280488729477, 0.015244029462337494, 0.014623705297708511, 0.014977242797613144]
Training time: 2692 	steps per sec: 6
Eval num_timesteps=18432, episode_reward=nan +/- nan
Eval num_timesteps=18432, episode_success=nan +/- nan
se
16 16384 1024
diff [0.12981808185577393, 0.0015894174575805664, -0.0006288141012191772, 0.005739651620388031, -0.00472521036863327, -0.003363426774740219, -0.009022556245326996, -0.008453618735074997, -0.011316340416669846, -0.00877666100859642, -0.013265881687402725, -0.010164352133870125, -0.006910931318998337, -0.00851932168006897, -0.005209134891629219, -0.006436778232455254, -0.009524660184979439, -0.005871167406439781, -0.008381135761737823]
ref [0.6948157548904419, 0.25299274921417236, 0.13779163360595703, 0.09181393682956696, 0.07608802616596222, 0.05798013135790825, 0.055119823664426804, 0.04731382802128792, 0.04262915626168251, 0.035674747079610825, 0.03574284538626671, 0.030149726197123528, 0.026224108412861824, 0.026189716532826424, 0.02126193977892399, 0.021680807694792747, 0.02414836548268795, 0.020848410204052925, 0.022752249613404274]
[0.8246338367462158, 0.25458216667175293, 0.13716281950473785, 0.09755358844995499, 0.07136281579732895, 0.05461670458316803, 0.04609726741909981, 0.03886020928621292, 0.031312815845012665, 0.026898086071014404, 0.022476963698863983, 0.019985374063253403, 0.019313177093863487, 0.017670394852757454, 0.01605280488729477, 0.015244029462337494, 0.014623705297708511, 0.014977242797613144, 0.01437111385166645]
Training time: 2951 	steps per sec: 6
Eval num_timesteps=19456, episode_reward=nan +/- nan
Eval num_timesteps=19456, episode_success=nan +/- nan
se
16 16384 1024
diff [0.12981808185577393, 0.0015894174575805664, -0.0006288141012191772, 0.005739651620388031, -0.00472521036863327, -0.003363426774740219, -0.009022556245326996, -0.008453618735074997, -0.011316340416669846, -0.00877666100859642, -0.013265881687402725, -0.010164352133870125, -0.006910931318998337, -0.00851932168006897, -0.005209134891629219, -0.006436778232455254, -0.009524660184979439, -0.005871167406439781, -0.008381135761737823, -0.00514394324272871]
ref [0.6948157548904419, 0.25299274921417236, 0.13779163360595703, 0.09181393682956696, 0.07608802616596222, 0.05798013135790825, 0.055119823664426804, 0.04731382802128792, 0.04262915626168251, 0.035674747079610825, 0.03574284538626671, 0.030149726197123528, 0.026224108412861824, 0.026189716532826424, 0.02126193977892399, 0.021680807694792747, 0.02414836548268795, 0.020848410204052925, 0.022752249613404274, 0.019700486212968826]
[0.8246338367462158, 0.25458216667175293, 0.13716281950473785, 0.09755358844995499, 0.07136281579732895, 0.05461670458316803, 0.04609726741909981, 0.03886020928621292, 0.031312815845012665, 0.026898086071014404, 0.022476963698863983, 0.019985374063253403, 0.019313177093863487, 0.017670394852757454, 0.01605280488729477, 0.015244029462337494, 0.014623705297708511, 0.014977242797613144, 0.01437111385166645, 0.014556542970240116]
Training time: 3211 	steps per sec: 6
Eval num_timesteps=20480, episode_reward=nan +/- nan
Eval num_timesteps=20480, episode_success=nan +/- nan
se
16 16384 1024
diff [0.12981808185577393, 0.0015894174575805664, -0.0006288141012191772, 0.005739651620388031, -0.00472521036863327, -0.003363426774740219, -0.009022556245326996, -0.008453618735074997, -0.011316340416669846, -0.00877666100859642, -0.013265881687402725, -0.010164352133870125, -0.006910931318998337, -0.00851932168006897, -0.005209134891629219, -0.006436778232455254, -0.009524660184979439, -0.005871167406439781, -0.008381135761737823, -0.00514394324272871, -0.007983027957379818]
ref [0.6948157548904419, 0.25299274921417236, 0.13779163360595703, 0.09181393682956696, 0.07608802616596222, 0.05798013135790825, 0.055119823664426804, 0.04731382802128792, 0.04262915626168251, 0.035674747079610825, 0.03574284538626671, 0.030149726197123528, 0.026224108412861824, 0.026189716532826424, 0.02126193977892399, 0.021680807694792747, 0.02414836548268795, 0.020848410204052925, 0.022752249613404274, 0.019700486212968826, 0.022365083917975426]
[0.8246338367462158, 0.25458216667175293, 0.13716281950473785, 0.09755358844995499, 0.07136281579732895, 0.05461670458316803, 0.04609726741909981, 0.03886020928621292, 0.031312815845012665, 0.026898086071014404, 0.022476963698863983, 0.019985374063253403, 0.019313177093863487, 0.017670394852757454, 0.01605280488729477, 0.015244029462337494, 0.014623705297708511, 0.014977242797613144, 0.01437111385166645, 0.014556542970240116, 0.014382055960595608]
Training time: 3473 	steps per sec: 6
Eval num_timesteps=21504, episode_reward=nan +/- nan
Eval num_timesteps=21504, episode_success=nan +/- nan
se
16 16384 1024
diff [0.12981808185577393, 0.0015894174575805664, -0.0006288141012191772, 0.005739651620388031, -0.00472521036863327, -0.003363426774740219, -0.009022556245326996, -0.008453618735074997, -0.011316340416669846, -0.00877666100859642, -0.013265881687402725, -0.010164352133870125, -0.006910931318998337, -0.00851932168006897, -0.005209134891629219, -0.006436778232455254, -0.009524660184979439, -0.005871167406439781, -0.008381135761737823, -0.00514394324272871, -0.007983027957379818, -0.004786286503076553]
ref [0.6948157548904419, 0.25299274921417236, 0.13779163360595703, 0.09181393682956696, 0.07608802616596222, 0.05798013135790825, 0.055119823664426804, 0.04731382802128792, 0.04262915626168251, 0.035674747079610825, 0.03574284538626671, 0.030149726197123528, 0.026224108412861824, 0.026189716532826424, 0.02126193977892399, 0.021680807694792747, 0.02414836548268795, 0.020848410204052925, 0.022752249613404274, 0.019700486212968826, 0.022365083917975426, 0.020183410495519638]
[0.8246338367462158, 0.25458216667175293, 0.13716281950473785, 0.09755358844995499, 0.07136281579732895, 0.05461670458316803, 0.04609726741909981, 0.03886020928621292, 0.031312815845012665, 0.026898086071014404, 0.022476963698863983, 0.019985374063253403, 0.019313177093863487, 0.017670394852757454, 0.01605280488729477, 0.015244029462337494, 0.014623705297708511, 0.014977242797613144, 0.01437111385166645, 0.014556542970240116, 0.014382055960595608, 0.015397123992443085]
Training time: 3742 	steps per sec: 6
Eval num_timesteps=22528, episode_reward=nan +/- nan
Eval num_timesteps=22528, episode_success=nan +/- nan
se
16 16384 1024
diff [0.12981808185577393, 0.0015894174575805664, -0.0006288141012191772, 0.005739651620388031, -0.00472521036863327, -0.003363426774740219, -0.009022556245326996, -0.008453618735074997, -0.011316340416669846, -0.00877666100859642, -0.013265881687402725, -0.010164352133870125, -0.006910931318998337, -0.00851932168006897, -0.005209134891629219, -0.006436778232455254, -0.009524660184979439, -0.005871167406439781, -0.008381135761737823, -0.00514394324272871, -0.007983027957379818, -0.004786286503076553, -0.006554079242050648]
ref [0.6948157548904419, 0.25299274921417236, 0.13779163360595703, 0.09181393682956696, 0.07608802616596222, 0.05798013135790825, 0.055119823664426804, 0.04731382802128792, 0.04262915626168251, 0.035674747079610825, 0.03574284538626671, 0.030149726197123528, 0.026224108412861824, 0.026189716532826424, 0.02126193977892399, 0.021680807694792747, 0.02414836548268795, 0.020848410204052925, 0.022752249613404274, 0.019700486212968826, 0.022365083917975426, 0.020183410495519638, 0.021878773346543312]
[0.8246338367462158, 0.25458216667175293, 0.13716281950473785, 0.09755358844995499, 0.07136281579732895, 0.05461670458316803, 0.04609726741909981, 0.03886020928621292, 0.031312815845012665, 0.026898086071014404, 0.022476963698863983, 0.019985374063253403, 0.019313177093863487, 0.017670394852757454, 0.01605280488729477, 0.015244029462337494, 0.014623705297708511, 0.014977242797613144, 0.01437111385166645, 0.014556542970240116, 0.014382055960595608, 0.015397123992443085, 0.015324694104492664]
Training time: 4019 	steps per sec: 5
Eval num_timesteps=23552, episode_reward=nan +/- nan
Eval num_timesteps=23552, episode_success=nan +/- nan
se
16 16384 1024
diff [0.12981808185577393, 0.0015894174575805664, -0.0006288141012191772, 0.005739651620388031, -0.00472521036863327, -0.003363426774740219, -0.009022556245326996, -0.008453618735074997, -0.011316340416669846, -0.00877666100859642, -0.013265881687402725, -0.010164352133870125, -0.006910931318998337, -0.00851932168006897, -0.005209134891629219, -0.006436778232455254, -0.009524660184979439, -0.005871167406439781, -0.008381135761737823, -0.00514394324272871, -0.007983027957379818, -0.004786286503076553, -0.006554079242050648, -0.005630792118608952]
ref [0.6948157548904419, 0.25299274921417236, 0.13779163360595703, 0.09181393682956696, 0.07608802616596222, 0.05798013135790825, 0.055119823664426804, 0.04731382802128792, 0.04262915626168251, 0.035674747079610825, 0.03574284538626671, 0.030149726197123528, 0.026224108412861824, 0.026189716532826424, 0.02126193977892399, 0.021680807694792747, 0.02414836548268795, 0.020848410204052925, 0.022752249613404274, 0.019700486212968826, 0.022365083917975426, 0.020183410495519638, 0.021878773346543312, 0.020663904026150703]
[0.8246338367462158, 0.25458216667175293, 0.13716281950473785, 0.09755358844995499, 0.07136281579732895, 0.05461670458316803, 0.04609726741909981, 0.03886020928621292, 0.031312815845012665, 0.026898086071014404, 0.022476963698863983, 0.019985374063253403, 0.019313177093863487, 0.017670394852757454, 0.01605280488729477, 0.015244029462337494, 0.014623705297708511, 0.014977242797613144, 0.01437111385166645, 0.014556542970240116, 0.014382055960595608, 0.015397123992443085, 0.015324694104492664, 0.015033111907541752]
Training time: 4310 	steps per sec: 5
Eval num_timesteps=24576, episode_reward=nan +/- nan
Eval num_timesteps=24576, episode_success=nan +/- nan
se
16 16384 1024
diff [0.12981808185577393, 0.0015894174575805664, -0.0006288141012191772, 0.005739651620388031, -0.00472521036863327, -0.003363426774740219, -0.009022556245326996, -0.008453618735074997, -0.011316340416669846, -0.00877666100859642, -0.013265881687402725, -0.010164352133870125, -0.006910931318998337, -0.00851932168006897, -0.005209134891629219, -0.006436778232455254, -0.009524660184979439, -0.005871167406439781, -0.008381135761737823, -0.00514394324272871, -0.007983027957379818, -0.004786286503076553, -0.006554079242050648, -0.005630792118608952, -0.005263868719339371]
ref [0.6948157548904419, 0.25299274921417236, 0.13779163360595703, 0.09181393682956696, 0.07608802616596222, 0.05798013135790825, 0.055119823664426804, 0.04731382802128792, 0.04262915626168251, 0.035674747079610825, 0.03574284538626671, 0.030149726197123528, 0.026224108412861824, 0.026189716532826424, 0.02126193977892399, 0.021680807694792747, 0.02414836548268795, 0.020848410204052925, 0.022752249613404274, 0.019700486212968826, 0.022365083917975426, 0.020183410495519638, 0.021878773346543312, 0.020663904026150703, 0.021678246557712555]
[0.8246338367462158, 0.25458216667175293, 0.13716281950473785, 0.09755358844995499, 0.07136281579732895, 0.05461670458316803, 0.04609726741909981, 0.03886020928621292, 0.031312815845012665, 0.026898086071014404, 0.022476963698863983, 0.019985374063253403, 0.019313177093863487, 0.017670394852757454, 0.01605280488729477, 0.015244029462337494, 0.014623705297708511, 0.014977242797613144, 0.01437111385166645, 0.014556542970240116, 0.014382055960595608, 0.015397123992443085, 0.015324694104492664, 0.015033111907541752, 0.016414377838373184]
Training time: 4575 	steps per sec: 5
Eval num_timesteps=25600, episode_reward=nan +/- nan
Eval num_timesteps=25600, episode_success=nan +/- nan
se
16 16384 1024
diff [0.12981808185577393, 0.0015894174575805664, -0.0006288141012191772, 0.005739651620388031, -0.00472521036863327, -0.003363426774740219, -0.009022556245326996, -0.008453618735074997, -0.011316340416669846, -0.00877666100859642, -0.013265881687402725, -0.010164352133870125, -0.006910931318998337, -0.00851932168006897, -0.005209134891629219, -0.006436778232455254, -0.009524660184979439, -0.005871167406439781, -0.008381135761737823, -0.00514394324272871, -0.007983027957379818, -0.004786286503076553, -0.006554079242050648, -0.005630792118608952, -0.005263868719339371, -0.008096655830740929]
ref [0.6948157548904419, 0.25299274921417236, 0.13779163360595703, 0.09181393682956696, 0.07608802616596222, 0.05798013135790825, 0.055119823664426804, 0.04731382802128792, 0.04262915626168251, 0.035674747079610825, 0.03574284538626671, 0.030149726197123528, 0.026224108412861824, 0.026189716532826424, 0.02126193977892399, 0.021680807694792747, 0.02414836548268795, 0.020848410204052925, 0.022752249613404274, 0.019700486212968826, 0.022365083917975426, 0.020183410495519638, 0.021878773346543312, 0.020663904026150703, 0.021678246557712555, 0.024653593078255653]
[0.8246338367462158, 0.25458216667175293, 0.13716281950473785, 0.09755358844995499, 0.07136281579732895, 0.05461670458316803, 0.04609726741909981, 0.03886020928621292, 0.031312815845012665, 0.026898086071014404, 0.022476963698863983, 0.019985374063253403, 0.019313177093863487, 0.017670394852757454, 0.01605280488729477, 0.015244029462337494, 0.014623705297708511, 0.014977242797613144, 0.01437111385166645, 0.014556542970240116, 0.014382055960595608, 0.015397123992443085, 0.015324694104492664, 0.015033111907541752, 0.016414377838373184, 0.016556937247514725]
Training time: 4848 	steps per sec: 5
Eval num_timesteps=26624, episode_reward=nan +/- nan
Eval num_timesteps=26624, episode_success=nan +/- nan
se
16 16384 1024
diff [0.12981808185577393, 0.0015894174575805664, -0.0006288141012191772, 0.005739651620388031, -0.00472521036863327, -0.003363426774740219, -0.009022556245326996, -0.008453618735074997, -0.011316340416669846, -0.00877666100859642, -0.013265881687402725, -0.010164352133870125, -0.006910931318998337, -0.00851932168006897, -0.005209134891629219, -0.006436778232455254, -0.009524660184979439, -0.005871167406439781, -0.008381135761737823, -0.00514394324272871, -0.007983027957379818, -0.004786286503076553, -0.006554079242050648, -0.005630792118608952, -0.005263868719339371, -0.008096655830740929, -0.0015246644616127014]
ref [0.6948157548904419, 0.25299274921417236, 0.13779163360595703, 0.09181393682956696, 0.07608802616596222, 0.05798013135790825, 0.055119823664426804, 0.04731382802128792, 0.04262915626168251, 0.035674747079610825, 0.03574284538626671, 0.030149726197123528, 0.026224108412861824, 0.026189716532826424, 0.02126193977892399, 0.021680807694792747, 0.02414836548268795, 0.020848410204052925, 0.022752249613404274, 0.019700486212968826, 0.022365083917975426, 0.020183410495519638, 0.021878773346543312, 0.020663904026150703, 0.021678246557712555, 0.024653593078255653, 0.019758228212594986]
[0.8246338367462158, 0.25458216667175293, 0.13716281950473785, 0.09755358844995499, 0.07136281579732895, 0.05461670458316803, 0.04609726741909981, 0.03886020928621292, 0.031312815845012665, 0.026898086071014404, 0.022476963698863983, 0.019985374063253403, 0.019313177093863487, 0.017670394852757454, 0.01605280488729477, 0.015244029462337494, 0.014623705297708511, 0.014977242797613144, 0.01437111385166645, 0.014556542970240116, 0.014382055960595608, 0.015397123992443085, 0.015324694104492664, 0.015033111907541752, 0.016414377838373184, 0.016556937247514725, 0.018233563750982285]
Training time: 5111 	steps per sec: 5
Eval num_timesteps=27648, episode_reward=nan +/- nan
Eval num_timesteps=27648, episode_success=nan +/- nan
se
16 16384 1024
diff [0.12981808185577393, 0.0015894174575805664, -0.0006288141012191772, 0.005739651620388031, -0.00472521036863327, -0.003363426774740219, -0.009022556245326996, -0.008453618735074997, -0.011316340416669846, -0.00877666100859642, -0.013265881687402725, -0.010164352133870125, -0.006910931318998337, -0.00851932168006897, -0.005209134891629219, -0.006436778232455254, -0.009524660184979439, -0.005871167406439781, -0.008381135761737823, -0.00514394324272871, -0.007983027957379818, -0.004786286503076553, -0.006554079242050648, -0.005630792118608952, -0.005263868719339371, -0.008096655830740929, -0.0015246644616127014, -0.001478586345911026]
ref [0.6948157548904419, 0.25299274921417236, 0.13779163360595703, 0.09181393682956696, 0.07608802616596222, 0.05798013135790825, 0.055119823664426804, 0.04731382802128792, 0.04262915626168251, 0.035674747079610825, 0.03574284538626671, 0.030149726197123528, 0.026224108412861824, 0.026189716532826424, 0.02126193977892399, 0.021680807694792747, 0.02414836548268795, 0.020848410204052925, 0.022752249613404274, 0.019700486212968826, 0.022365083917975426, 0.020183410495519638, 0.021878773346543312, 0.020663904026150703, 0.021678246557712555, 0.024653593078255653, 0.019758228212594986, 0.020417194813489914]
[0.8246338367462158, 0.25458216667175293, 0.13716281950473785, 0.09755358844995499, 0.07136281579732895, 0.05461670458316803, 0.04609726741909981, 0.03886020928621292, 0.031312815845012665, 0.026898086071014404, 0.022476963698863983, 0.019985374063253403, 0.019313177093863487, 0.017670394852757454, 0.01605280488729477, 0.015244029462337494, 0.014623705297708511, 0.014977242797613144, 0.01437111385166645, 0.014556542970240116, 0.014382055960595608, 0.015397123992443085, 0.015324694104492664, 0.015033111907541752, 0.016414377838373184, 0.016556937247514725, 0.018233563750982285, 0.018938608467578888]
Training time: 5372 	steps per sec: 5
Eval num_timesteps=28672, episode_reward=nan +/- nan
Eval num_timesteps=28672, episode_success=nan +/- nan
se
16 16384 1024
diff [0.12981808185577393, 0.0015894174575805664, -0.0006288141012191772, 0.005739651620388031, -0.00472521036863327, -0.003363426774740219, -0.009022556245326996, -0.008453618735074997, -0.011316340416669846, -0.00877666100859642, -0.013265881687402725, -0.010164352133870125, -0.006910931318998337, -0.00851932168006897, -0.005209134891629219, -0.006436778232455254, -0.009524660184979439, -0.005871167406439781, -0.008381135761737823, -0.00514394324272871, -0.007983027957379818, -0.004786286503076553, -0.006554079242050648, -0.005630792118608952, -0.005263868719339371, -0.008096655830740929, -0.0015246644616127014, -0.001478586345911026, -0.0038406606763601303]
ref [0.6948157548904419, 0.25299274921417236, 0.13779163360595703, 0.09181393682956696, 0.07608802616596222, 0.05798013135790825, 0.055119823664426804, 0.04731382802128792, 0.04262915626168251, 0.035674747079610825, 0.03574284538626671, 0.030149726197123528, 0.026224108412861824, 0.026189716532826424, 0.02126193977892399, 0.021680807694792747, 0.02414836548268795, 0.020848410204052925, 0.022752249613404274, 0.019700486212968826, 0.022365083917975426, 0.020183410495519638, 0.021878773346543312, 0.020663904026150703, 0.021678246557712555, 0.024653593078255653, 0.019758228212594986, 0.020417194813489914, 0.022131292149424553]
[0.8246338367462158, 0.25458216667175293, 0.13716281950473785, 0.09755358844995499, 0.07136281579732895, 0.05461670458316803, 0.04609726741909981, 0.03886020928621292, 0.031312815845012665, 0.026898086071014404, 0.022476963698863983, 0.019985374063253403, 0.019313177093863487, 0.017670394852757454, 0.01605280488729477, 0.015244029462337494, 0.014623705297708511, 0.014977242797613144, 0.01437111385166645, 0.014556542970240116, 0.014382055960595608, 0.015397123992443085, 0.015324694104492664, 0.015033111907541752, 0.016414377838373184, 0.016556937247514725, 0.018233563750982285, 0.018938608467578888, 0.018290631473064423]
Training time: 5633 	steps per sec: 5
Eval num_timesteps=29696, episode_reward=nan +/- nan
Eval num_timesteps=29696, episode_success=nan +/- nan
se
16 16384 1024
diff [0.12981808185577393, 0.0015894174575805664, -0.0006288141012191772, 0.005739651620388031, -0.00472521036863327, -0.003363426774740219, -0.009022556245326996, -0.008453618735074997, -0.011316340416669846, -0.00877666100859642, -0.013265881687402725, -0.010164352133870125, -0.006910931318998337, -0.00851932168006897, -0.005209134891629219, -0.006436778232455254, -0.009524660184979439, -0.005871167406439781, -0.008381135761737823, -0.00514394324272871, -0.007983027957379818, -0.004786286503076553, -0.006554079242050648, -0.005630792118608952, -0.005263868719339371, -0.008096655830740929, -0.0015246644616127014, -0.001478586345911026, -0.0038406606763601303, -0.004205767065286636]
ref [0.6948157548904419, 0.25299274921417236, 0.13779163360595703, 0.09181393682956696, 0.07608802616596222, 0.05798013135790825, 0.055119823664426804, 0.04731382802128792, 0.04262915626168251, 0.035674747079610825, 0.03574284538626671, 0.030149726197123528, 0.026224108412861824, 0.026189716532826424, 0.02126193977892399, 0.021680807694792747, 0.02414836548268795, 0.020848410204052925, 0.022752249613404274, 0.019700486212968826, 0.022365083917975426, 0.020183410495519638, 0.021878773346543312, 0.020663904026150703, 0.021678246557712555, 0.024653593078255653, 0.019758228212594986, 0.020417194813489914, 0.022131292149424553, 0.022401275113224983]
[0.8246338367462158, 0.25458216667175293, 0.13716281950473785, 0.09755358844995499, 0.07136281579732895, 0.05461670458316803, 0.04609726741909981, 0.03886020928621292, 0.031312815845012665, 0.026898086071014404, 0.022476963698863983, 0.019985374063253403, 0.019313177093863487, 0.017670394852757454, 0.01605280488729477, 0.015244029462337494, 0.014623705297708511, 0.014977242797613144, 0.01437111385166645, 0.014556542970240116, 0.014382055960595608, 0.015397123992443085, 0.015324694104492664, 0.015033111907541752, 0.016414377838373184, 0.016556937247514725, 0.018233563750982285, 0.018938608467578888, 0.018290631473064423, 0.018195508047938347]
Training time: 5896 	steps per sec: 5
Eval num_timesteps=30720, episode_reward=nan +/- nan
Eval num_timesteps=30720, episode_success=nan +/- nan
se
16 16384 1024
diff [0.12981808185577393, 0.0015894174575805664, -0.0006288141012191772, 0.005739651620388031, -0.00472521036863327, -0.003363426774740219, -0.009022556245326996, -0.008453618735074997, -0.011316340416669846, -0.00877666100859642, -0.013265881687402725, -0.010164352133870125, -0.006910931318998337, -0.00851932168006897, -0.005209134891629219, -0.006436778232455254, -0.009524660184979439, -0.005871167406439781, -0.008381135761737823, -0.00514394324272871, -0.007983027957379818, -0.004786286503076553, -0.006554079242050648, -0.005630792118608952, -0.005263868719339371, -0.008096655830740929, -0.0015246644616127014, -0.001478586345911026, -0.0038406606763601303, -0.004205767065286636, -0.004089243710041046]
ref [0.6948157548904419, 0.25299274921417236, 0.13779163360595703, 0.09181393682956696, 0.07608802616596222, 0.05798013135790825, 0.055119823664426804, 0.04731382802128792, 0.04262915626168251, 0.035674747079610825, 0.03574284538626671, 0.030149726197123528, 0.026224108412861824, 0.026189716532826424, 0.02126193977892399, 0.021680807694792747, 0.02414836548268795, 0.020848410204052925, 0.022752249613404274, 0.019700486212968826, 0.022365083917975426, 0.020183410495519638, 0.021878773346543312, 0.020663904026150703, 0.021678246557712555, 0.024653593078255653, 0.019758228212594986, 0.020417194813489914, 0.022131292149424553, 0.022401275113224983, 0.022043729200959206]
[0.8246338367462158, 0.25458216667175293, 0.13716281950473785, 0.09755358844995499, 0.07136281579732895, 0.05461670458316803, 0.04609726741909981, 0.03886020928621292, 0.031312815845012665, 0.026898086071014404, 0.022476963698863983, 0.019985374063253403, 0.019313177093863487, 0.017670394852757454, 0.01605280488729477, 0.015244029462337494, 0.014623705297708511, 0.014977242797613144, 0.01437111385166645, 0.014556542970240116, 0.014382055960595608, 0.015397123992443085, 0.015324694104492664, 0.015033111907541752, 0.016414377838373184, 0.016556937247514725, 0.018233563750982285, 0.018938608467578888, 0.018290631473064423, 0.018195508047938347, 0.01795448549091816]
Training time: 6160 	steps per sec: 5
Eval num_timesteps=31744, episode_reward=nan +/- nan
Eval num_timesteps=31744, episode_success=nan +/- nan
se
16 16384 1024
diff [0.12981808185577393, 0.0015894174575805664, -0.0006288141012191772, 0.005739651620388031, -0.00472521036863327, -0.003363426774740219, -0.009022556245326996, -0.008453618735074997, -0.011316340416669846, -0.00877666100859642, -0.013265881687402725, -0.010164352133870125, -0.006910931318998337, -0.00851932168006897, -0.005209134891629219, -0.006436778232455254, -0.009524660184979439, -0.005871167406439781, -0.008381135761737823, -0.00514394324272871, -0.007983027957379818, -0.004786286503076553, -0.006554079242050648, -0.005630792118608952, -0.005263868719339371, -0.008096655830740929, -0.0015246644616127014, -0.001478586345911026, -0.0038406606763601303, -0.004205767065286636, -0.004089243710041046, -0.004543174058198929]
ref [0.6948157548904419, 0.25299274921417236, 0.13779163360595703, 0.09181393682956696, 0.07608802616596222, 0.05798013135790825, 0.055119823664426804, 0.04731382802128792, 0.04262915626168251, 0.035674747079610825, 0.03574284538626671, 0.030149726197123528, 0.026224108412861824, 0.026189716532826424, 0.02126193977892399, 0.021680807694792747, 0.02414836548268795, 0.020848410204052925, 0.022752249613404274, 0.019700486212968826, 0.022365083917975426, 0.020183410495519638, 0.021878773346543312, 0.020663904026150703, 0.021678246557712555, 0.024653593078255653, 0.019758228212594986, 0.020417194813489914, 0.022131292149424553, 0.022401275113224983, 0.022043729200959206, 0.023353494703769684]
[0.8246338367462158, 0.25458216667175293, 0.13716281950473785, 0.09755358844995499, 0.07136281579732895, 0.05461670458316803, 0.04609726741909981, 0.03886020928621292, 0.031312815845012665, 0.026898086071014404, 0.022476963698863983, 0.019985374063253403, 0.019313177093863487, 0.017670394852757454, 0.01605280488729477, 0.015244029462337494, 0.014623705297708511, 0.014977242797613144, 0.01437111385166645, 0.014556542970240116, 0.014382055960595608, 0.015397123992443085, 0.015324694104492664, 0.015033111907541752, 0.016414377838373184, 0.016556937247514725, 0.018233563750982285, 0.018938608467578888, 0.018290631473064423, 0.018195508047938347, 0.01795448549091816, 0.018810320645570755]
Training time: 6416 	steps per sec: 5
Eval num_timesteps=32768, episode_reward=nan +/- nan
Eval num_timesteps=32768, episode_success=nan +/- nan
results/Ant-v4/
results/Ant-v4/ppo_ros/
results/Ant-v4/ppo_ros/expert/
results/Ant-v4/ppo_ros/expert/b_16/
results/Ant-v4/ppo_ros/expert/b_16/no_clip/
results/Ant-v4/ppo_ros/expert/b_16/no_clip/run_2/
results/Ant-v4/ppo_ros/expert/b_16/no_clip/run_2/evaluations.npz
results/Ant-v4/ppo_ros/expert/b_16/no_clip/run_2/stats.npz
results/Ant-v4/ppo_ros/expert/b_16/no_clip/run_2/config.yml
