ppo_ros_continuous.py --env-id Hopper-v4 -s expert/b_16/no_clip --total-timesteps 32768 --eval-freq 1 --eval-episodes 0 -b 16 --num-steps 1024 -lr 0 --update-epochs 0 --anneal-lr 0 --ros-num-steps 256 --ros-update-epochs 16 --ros-target-kl 0.05 --ros-clip-coef 999999999 --ros-lambda 0.1 -ros-lr 0.001 --ros-anneal-lr 0 --se 1 --se-freq 1 --se-lr 1e-3 --se-epochs 1000 --policy-path policies/Hopper-v4/best_model.zip --normalization-dir policies/Hopper-v4
Obtaining file:///var/lib/condor/execute/slot1/dir_2647551/PPOROS/PPOROS/custom-envs
  Preparing metadata (setup.py): started
  Preparing metadata (setup.py): finished with status 'done'
Requirement already satisfied: gym in /var/lib/condor/execute/slot1/dir_2647551/PPOROS/ppo-ros_env/lib/python3.9/site-packages (from custom-envs==0.0.1) (0.21.0)
Requirement already satisfied: cloudpickle>=1.2.0 in /var/lib/condor/execute/slot1/dir_2647551/PPOROS/ppo-ros_env/lib/python3.9/site-packages (from gym->custom-envs==0.0.1) (2.2.1)
Requirement already satisfied: numpy>=1.18.0 in /var/lib/condor/execute/slot1/dir_2647551/PPOROS/ppo-ros_env/lib/python3.9/site-packages (from gym->custom-envs==0.0.1) (1.24.2)
Installing collected packages: custom-envs
  Running setup.py develop for custom-envs
Successfully installed custom-envs-0.0.1
seed: 1
Eval num_timesteps=0, episode_reward=nan +/- nan
Eval num_timesteps=0, episode_success=nan +/- nan
se
1 1024 1024
diff [-0.024054065346717834]
ref [0.09893232583999634]
[0.0748782604932785]
Training time: 7 	steps per sec: 128
Eval num_timesteps=1024, episode_reward=nan +/- nan
Eval num_timesteps=1024, episode_success=nan +/- nan
se
2 2048 1024
diff [-0.024054065346717834, 0.000988651067018509]
ref [0.09893232583999634, 0.042485181242227554]
[0.0748782604932785, 0.04347383230924606]
Training time: 18 	steps per sec: 108
Eval num_timesteps=2048, episode_reward=nan +/- nan
Eval num_timesteps=2048, episode_success=nan +/- nan
se
3 3072 1024
diff [-0.024054065346717834, 0.000988651067018509, -0.0034949127584695816]
ref [0.09893232583999634, 0.042485181242227554, 0.03443341702222824]
[0.0748782604932785, 0.04347383230924606, 0.03093850426375866]
Training time: 32 	steps per sec: 93
Eval num_timesteps=3072, episode_reward=nan +/- nan
Eval num_timesteps=3072, episode_success=nan +/- nan
se
4 4096 1024
diff [-0.024054065346717834, 0.000988651067018509, -0.0034949127584695816, -0.0003114081919193268]
ref [0.09893232583999634, 0.042485181242227554, 0.03443341702222824, 0.024826515465974808]
[0.0748782604932785, 0.04347383230924606, 0.03093850426375866, 0.02451510727405548]
Training time: 50 	steps per sec: 81
Eval num_timesteps=4096, episode_reward=nan +/- nan
Eval num_timesteps=4096, episode_success=nan +/- nan
se
5 5120 1024
diff [-0.024054065346717834, 0.000988651067018509, -0.0034949127584695816, -0.0003114081919193268, 0.0033455584198236465]
ref [0.09893232583999634, 0.042485181242227554, 0.03443341702222824, 0.024826515465974808, 0.017511900514364243]
[0.0748782604932785, 0.04347383230924606, 0.03093850426375866, 0.02451510727405548, 0.02085745893418789]
Training time: 70 	steps per sec: 72
Eval num_timesteps=5120, episode_reward=nan +/- nan
Eval num_timesteps=5120, episode_success=nan +/- nan
se
6 6144 1024
diff [-0.024054065346717834, 0.000988651067018509, -0.0034949127584695816, -0.0003114081919193268, 0.0033455584198236465, -0.0002071000635623932]
ref [0.09893232583999634, 0.042485181242227554, 0.03443341702222824, 0.024826515465974808, 0.017511900514364243, 0.01801486872136593]
[0.0748782604932785, 0.04347383230924606, 0.03093850426375866, 0.02451510727405548, 0.02085745893418789, 0.017807768657803535]
Training time: 96 	steps per sec: 63
Eval num_timesteps=6144, episode_reward=nan +/- nan
Eval num_timesteps=6144, episode_success=nan +/- nan
se
7 7168 1024
diff [-0.024054065346717834, 0.000988651067018509, -0.0034949127584695816, -0.0003114081919193268, 0.0033455584198236465, -0.0002071000635623932, 0.002738174982368946]
ref [0.09893232583999634, 0.042485181242227554, 0.03443341702222824, 0.024826515465974808, 0.017511900514364243, 0.01801486872136593, 0.013313938863575459]
[0.0748782604932785, 0.04347383230924606, 0.03093850426375866, 0.02451510727405548, 0.02085745893418789, 0.017807768657803535, 0.016052113845944405]
Training time: 126 	steps per sec: 56
Eval num_timesteps=7168, episode_reward=nan +/- nan
Eval num_timesteps=7168, episode_success=nan +/- nan
se
8 8192 1024
diff [-0.024054065346717834, 0.000988651067018509, -0.0034949127584695816, -0.0003114081919193268, 0.0033455584198236465, -0.0002071000635623932, 0.002738174982368946, -0.0002856682986021042]
ref [0.09893232583999634, 0.042485181242227554, 0.03443341702222824, 0.024826515465974808, 0.017511900514364243, 0.01801486872136593, 0.013313938863575459, 0.01317834947258234]
[0.0748782604932785, 0.04347383230924606, 0.03093850426375866, 0.02451510727405548, 0.02085745893418789, 0.017807768657803535, 0.016052113845944405, 0.012892681173980236]
Training time: 160 	steps per sec: 50
Eval num_timesteps=8192, episode_reward=nan +/- nan
Eval num_timesteps=8192, episode_success=nan +/- nan
se
9 9216 1024
diff [-0.024054065346717834, 0.000988651067018509, -0.0034949127584695816, -0.0003114081919193268, 0.0033455584198236465, -0.0002071000635623932, 0.002738174982368946, -0.0002856682986021042, 0.0015737209469079971]
ref [0.09893232583999634, 0.042485181242227554, 0.03443341702222824, 0.024826515465974808, 0.017511900514364243, 0.01801486872136593, 0.013313938863575459, 0.01317834947258234, 0.009546514600515366]
[0.0748782604932785, 0.04347383230924606, 0.03093850426375866, 0.02451510727405548, 0.02085745893418789, 0.017807768657803535, 0.016052113845944405, 0.012892681173980236, 0.011120235547423363]
Training time: 200 	steps per sec: 46
Eval num_timesteps=9216, episode_reward=nan +/- nan
Eval num_timesteps=9216, episode_success=nan +/- nan
se
10 10240 1024
diff [-0.024054065346717834, 0.000988651067018509, -0.0034949127584695816, -0.0003114081919193268, 0.0033455584198236465, -0.0002071000635623932, 0.002738174982368946, -0.0002856682986021042, 0.0015737209469079971, -0.0015050200745463371]
ref [0.09893232583999634, 0.042485181242227554, 0.03443341702222824, 0.024826515465974808, 0.017511900514364243, 0.01801486872136593, 0.013313938863575459, 0.01317834947258234, 0.009546514600515366, 0.011668828316032887]
[0.0748782604932785, 0.04347383230924606, 0.03093850426375866, 0.02451510727405548, 0.02085745893418789, 0.017807768657803535, 0.016052113845944405, 0.012892681173980236, 0.011120235547423363, 0.01016380824148655]
Training time: 246 	steps per sec: 41
Eval num_timesteps=10240, episode_reward=nan +/- nan
Eval num_timesteps=10240, episode_success=nan +/- nan
se
11 11264 1024
diff [-0.024054065346717834, 0.000988651067018509, -0.0034949127584695816, -0.0003114081919193268, 0.0033455584198236465, -0.0002071000635623932, 0.002738174982368946, -0.0002856682986021042, 0.0015737209469079971, -0.0015050200745463371, -0.0009232098236680031]
ref [0.09893232583999634, 0.042485181242227554, 0.03443341702222824, 0.024826515465974808, 0.017511900514364243, 0.01801486872136593, 0.013313938863575459, 0.01317834947258234, 0.009546514600515366, 0.011668828316032887, 0.00975557416677475]
[0.0748782604932785, 0.04347383230924606, 0.03093850426375866, 0.02451510727405548, 0.02085745893418789, 0.017807768657803535, 0.016052113845944405, 0.012892681173980236, 0.011120235547423363, 0.01016380824148655, 0.008832364343106747]
Training time: 300 	steps per sec: 37
Eval num_timesteps=11264, episode_reward=nan +/- nan
Eval num_timesteps=11264, episode_success=nan +/- nan
se
12 12288 1024
diff [-0.024054065346717834, 0.000988651067018509, -0.0034949127584695816, -0.0003114081919193268, 0.0033455584198236465, -0.0002071000635623932, 0.002738174982368946, -0.0002856682986021042, 0.0015737209469079971, -0.0015050200745463371, -0.0009232098236680031, -0.0006671138107776642]
ref [0.09893232583999634, 0.042485181242227554, 0.03443341702222824, 0.024826515465974808, 0.017511900514364243, 0.01801486872136593, 0.013313938863575459, 0.01317834947258234, 0.009546514600515366, 0.011668828316032887, 0.00975557416677475, 0.009558322839438915]
[0.0748782604932785, 0.04347383230924606, 0.03093850426375866, 0.02451510727405548, 0.02085745893418789, 0.017807768657803535, 0.016052113845944405, 0.012892681173980236, 0.011120235547423363, 0.01016380824148655, 0.008832364343106747, 0.008891209028661251]
Training time: 357 	steps per sec: 34
Eval num_timesteps=12288, episode_reward=nan +/- nan
Eval num_timesteps=12288, episode_success=nan +/- nan
se
13 13312 1024
diff [-0.024054065346717834, 0.000988651067018509, -0.0034949127584695816, -0.0003114081919193268, 0.0033455584198236465, -0.0002071000635623932, 0.002738174982368946, -0.0002856682986021042, 0.0015737209469079971, -0.0015050200745463371, -0.0009232098236680031, -0.0006671138107776642, 0.0002636844292283058]
ref [0.09893232583999634, 0.042485181242227554, 0.03443341702222824, 0.024826515465974808, 0.017511900514364243, 0.01801486872136593, 0.013313938863575459, 0.01317834947258234, 0.009546514600515366, 0.011668828316032887, 0.00975557416677475, 0.009558322839438915, 0.008353868499398232]
[0.0748782604932785, 0.04347383230924606, 0.03093850426375866, 0.02451510727405548, 0.02085745893418789, 0.017807768657803535, 0.016052113845944405, 0.012892681173980236, 0.011120235547423363, 0.01016380824148655, 0.008832364343106747, 0.008891209028661251, 0.008617552928626537]
Training time: 420 	steps per sec: 31
Eval num_timesteps=13312, episode_reward=nan +/- nan
Eval num_timesteps=13312, episode_success=nan +/- nan
se
14 14336 1024
diff [-0.024054065346717834, 0.000988651067018509, -0.0034949127584695816, -0.0003114081919193268, 0.0033455584198236465, -0.0002071000635623932, 0.002738174982368946, -0.0002856682986021042, 0.0015737209469079971, -0.0015050200745463371, -0.0009232098236680031, -0.0006671138107776642, 0.0002636844292283058, -0.0005000275559723377]
ref [0.09893232583999634, 0.042485181242227554, 0.03443341702222824, 0.024826515465974808, 0.017511900514364243, 0.01801486872136593, 0.013313938863575459, 0.01317834947258234, 0.009546514600515366, 0.011668828316032887, 0.00975557416677475, 0.009558322839438915, 0.008353868499398232, 0.008095919154584408]
[0.0748782604932785, 0.04347383230924606, 0.03093850426375866, 0.02451510727405548, 0.02085745893418789, 0.017807768657803535, 0.016052113845944405, 0.012892681173980236, 0.011120235547423363, 0.01016380824148655, 0.008832364343106747, 0.008891209028661251, 0.008617552928626537, 0.00759589159861207]
Training time: 485 	steps per sec: 29
Eval num_timesteps=14336, episode_reward=nan +/- nan
Eval num_timesteps=14336, episode_success=nan +/- nan
se
15 15360 1024
diff [-0.024054065346717834, 0.000988651067018509, -0.0034949127584695816, -0.0003114081919193268, 0.0033455584198236465, -0.0002071000635623932, 0.002738174982368946, -0.0002856682986021042, 0.0015737209469079971, -0.0015050200745463371, -0.0009232098236680031, -0.0006671138107776642, 0.0002636844292283058, -0.0005000275559723377, -0.0009437520056962967]
ref [0.09893232583999634, 0.042485181242227554, 0.03443341702222824, 0.024826515465974808, 0.017511900514364243, 0.01801486872136593, 0.013313938863575459, 0.01317834947258234, 0.009546514600515366, 0.011668828316032887, 0.00975557416677475, 0.009558322839438915, 0.008353868499398232, 0.008095919154584408, 0.007615429814904928]
[0.0748782604932785, 0.04347383230924606, 0.03093850426375866, 0.02451510727405548, 0.02085745893418789, 0.017807768657803535, 0.016052113845944405, 0.012892681173980236, 0.011120235547423363, 0.01016380824148655, 0.008832364343106747, 0.008891209028661251, 0.008617552928626537, 0.00759589159861207, 0.0066716778092086315]
Training time: 552 	steps per sec: 27
Eval num_timesteps=15360, episode_reward=nan +/- nan
Eval num_timesteps=15360, episode_success=nan +/- nan
se
16 16384 1024
diff [-0.024054065346717834, 0.000988651067018509, -0.0034949127584695816, -0.0003114081919193268, 0.0033455584198236465, -0.0002071000635623932, 0.002738174982368946, -0.0002856682986021042, 0.0015737209469079971, -0.0015050200745463371, -0.0009232098236680031, -0.0006671138107776642, 0.0002636844292283058, -0.0005000275559723377, -0.0009437520056962967, -0.0012099500745534897]
ref [0.09893232583999634, 0.042485181242227554, 0.03443341702222824, 0.024826515465974808, 0.017511900514364243, 0.01801486872136593, 0.013313938863575459, 0.01317834947258234, 0.009546514600515366, 0.011668828316032887, 0.00975557416677475, 0.009558322839438915, 0.008353868499398232, 0.008095919154584408, 0.007615429814904928, 0.007363381329923868]
[0.0748782604932785, 0.04347383230924606, 0.03093850426375866, 0.02451510727405548, 0.02085745893418789, 0.017807768657803535, 0.016052113845944405, 0.012892681173980236, 0.011120235547423363, 0.01016380824148655, 0.008832364343106747, 0.008891209028661251, 0.008617552928626537, 0.00759589159861207, 0.0066716778092086315, 0.0061534312553703785]
Training time: 624 	steps per sec: 26
Eval num_timesteps=16384, episode_reward=nan +/- nan
Eval num_timesteps=16384, episode_success=nan +/- nan
se
16 16384 1024
diff [-0.024054065346717834, 0.000988651067018509, -0.0034949127584695816, -0.0003114081919193268, 0.0033455584198236465, -0.0002071000635623932, 0.002738174982368946, -0.0002856682986021042, 0.0015737209469079971, -0.0015050200745463371, -0.0009232098236680031, -0.0006671138107776642, 0.0002636844292283058, -0.0005000275559723377, -0.0009437520056962967, -0.0012099500745534897, -0.0019785603508353233]
ref [0.09893232583999634, 0.042485181242227554, 0.03443341702222824, 0.024826515465974808, 0.017511900514364243, 0.01801486872136593, 0.013313938863575459, 0.01317834947258234, 0.009546514600515366, 0.011668828316032887, 0.00975557416677475, 0.009558322839438915, 0.008353868499398232, 0.008095919154584408, 0.007615429814904928, 0.007363381329923868, 0.008646806702017784]
[0.0748782604932785, 0.04347383230924606, 0.03093850426375866, 0.02451510727405548, 0.02085745893418789, 0.017807768657803535, 0.016052113845944405, 0.012892681173980236, 0.011120235547423363, 0.01016380824148655, 0.008832364343106747, 0.008891209028661251, 0.008617552928626537, 0.00759589159861207, 0.0066716778092086315, 0.0061534312553703785, 0.006668246351182461]
Training time: 693 	steps per sec: 25
Eval num_timesteps=17408, episode_reward=nan +/- nan
Eval num_timesteps=17408, episode_success=nan +/- nan
se
16 16384 1024
diff [-0.024054065346717834, 0.000988651067018509, -0.0034949127584695816, -0.0003114081919193268, 0.0033455584198236465, -0.0002071000635623932, 0.002738174982368946, -0.0002856682986021042, 0.0015737209469079971, -0.0015050200745463371, -0.0009232098236680031, -0.0006671138107776642, 0.0002636844292283058, -0.0005000275559723377, -0.0009437520056962967, -0.0012099500745534897, -0.0019785603508353233, -0.0016719265840947628]
ref [0.09893232583999634, 0.042485181242227554, 0.03443341702222824, 0.024826515465974808, 0.017511900514364243, 0.01801486872136593, 0.013313938863575459, 0.01317834947258234, 0.009546514600515366, 0.011668828316032887, 0.00975557416677475, 0.009558322839438915, 0.008353868499398232, 0.008095919154584408, 0.007615429814904928, 0.007363381329923868, 0.008646806702017784, 0.0076975696720182896]
[0.0748782604932785, 0.04347383230924606, 0.03093850426375866, 0.02451510727405548, 0.02085745893418789, 0.017807768657803535, 0.016052113845944405, 0.012892681173980236, 0.011120235547423363, 0.01016380824148655, 0.008832364343106747, 0.008891209028661251, 0.008617552928626537, 0.00759589159861207, 0.0066716778092086315, 0.0061534312553703785, 0.006668246351182461, 0.006025643087923527]
Training time: 760 	steps per sec: 24
Eval num_timesteps=18432, episode_reward=nan +/- nan
Eval num_timesteps=18432, episode_success=nan +/- nan
se
16 16384 1024
diff [-0.024054065346717834, 0.000988651067018509, -0.0034949127584695816, -0.0003114081919193268, 0.0033455584198236465, -0.0002071000635623932, 0.002738174982368946, -0.0002856682986021042, 0.0015737209469079971, -0.0015050200745463371, -0.0009232098236680031, -0.0006671138107776642, 0.0002636844292283058, -0.0005000275559723377, -0.0009437520056962967, -0.0012099500745534897, -0.0019785603508353233, -0.0016719265840947628, -0.00032720668241381645]
ref [0.09893232583999634, 0.042485181242227554, 0.03443341702222824, 0.024826515465974808, 0.017511900514364243, 0.01801486872136593, 0.013313938863575459, 0.01317834947258234, 0.009546514600515366, 0.011668828316032887, 0.00975557416677475, 0.009558322839438915, 0.008353868499398232, 0.008095919154584408, 0.007615429814904928, 0.007363381329923868, 0.008646806702017784, 0.0076975696720182896, 0.00610137265175581]
[0.0748782604932785, 0.04347383230924606, 0.03093850426375866, 0.02451510727405548, 0.02085745893418789, 0.017807768657803535, 0.016052113845944405, 0.012892681173980236, 0.011120235547423363, 0.01016380824148655, 0.008832364343106747, 0.008891209028661251, 0.008617552928626537, 0.00759589159861207, 0.0066716778092086315, 0.0061534312553703785, 0.006668246351182461, 0.006025643087923527, 0.005774165969341993]
Training time: 826 	steps per sec: 23
Eval num_timesteps=19456, episode_reward=nan +/- nan
Eval num_timesteps=19456, episode_success=nan +/- nan
se
16 16384 1024
diff [-0.024054065346717834, 0.000988651067018509, -0.0034949127584695816, -0.0003114081919193268, 0.0033455584198236465, -0.0002071000635623932, 0.002738174982368946, -0.0002856682986021042, 0.0015737209469079971, -0.0015050200745463371, -0.0009232098236680031, -0.0006671138107776642, 0.0002636844292283058, -0.0005000275559723377, -0.0009437520056962967, -0.0012099500745534897, -0.0019785603508353233, -0.0016719265840947628, -0.00032720668241381645, -0.002079792320728302]
ref [0.09893232583999634, 0.042485181242227554, 0.03443341702222824, 0.024826515465974808, 0.017511900514364243, 0.01801486872136593, 0.013313938863575459, 0.01317834947258234, 0.009546514600515366, 0.011668828316032887, 0.00975557416677475, 0.009558322839438915, 0.008353868499398232, 0.008095919154584408, 0.007615429814904928, 0.007363381329923868, 0.008646806702017784, 0.0076975696720182896, 0.00610137265175581, 0.0077346982434391975]
[0.0748782604932785, 0.04347383230924606, 0.03093850426375866, 0.02451510727405548, 0.02085745893418789, 0.017807768657803535, 0.016052113845944405, 0.012892681173980236, 0.011120235547423363, 0.01016380824148655, 0.008832364343106747, 0.008891209028661251, 0.008617552928626537, 0.00759589159861207, 0.0066716778092086315, 0.0061534312553703785, 0.006668246351182461, 0.006025643087923527, 0.005774165969341993, 0.0056549059227108955]
Training time: 894 	steps per sec: 22
Eval num_timesteps=20480, episode_reward=nan +/- nan
Eval num_timesteps=20480, episode_success=nan +/- nan
se
16 16384 1024
diff [-0.024054065346717834, 0.000988651067018509, -0.0034949127584695816, -0.0003114081919193268, 0.0033455584198236465, -0.0002071000635623932, 0.002738174982368946, -0.0002856682986021042, 0.0015737209469079971, -0.0015050200745463371, -0.0009232098236680031, -0.0006671138107776642, 0.0002636844292283058, -0.0005000275559723377, -0.0009437520056962967, -0.0012099500745534897, -0.0019785603508353233, -0.0016719265840947628, -0.00032720668241381645, -0.002079792320728302, -0.0027097989805042744]
ref [0.09893232583999634, 0.042485181242227554, 0.03443341702222824, 0.024826515465974808, 0.017511900514364243, 0.01801486872136593, 0.013313938863575459, 0.01317834947258234, 0.009546514600515366, 0.011668828316032887, 0.00975557416677475, 0.009558322839438915, 0.008353868499398232, 0.008095919154584408, 0.007615429814904928, 0.007363381329923868, 0.008646806702017784, 0.0076975696720182896, 0.00610137265175581, 0.0077346982434391975, 0.008088486269116402]
[0.0748782604932785, 0.04347383230924606, 0.03093850426375866, 0.02451510727405548, 0.02085745893418789, 0.017807768657803535, 0.016052113845944405, 0.012892681173980236, 0.011120235547423363, 0.01016380824148655, 0.008832364343106747, 0.008891209028661251, 0.008617552928626537, 0.00759589159861207, 0.0066716778092086315, 0.0061534312553703785, 0.006668246351182461, 0.006025643087923527, 0.005774165969341993, 0.0056549059227108955, 0.005378687288612127]
Training time: 964 	steps per sec: 22
Eval num_timesteps=21504, episode_reward=nan +/- nan
Eval num_timesteps=21504, episode_success=nan +/- nan
se
16 16384 1024
diff [-0.024054065346717834, 0.000988651067018509, -0.0034949127584695816, -0.0003114081919193268, 0.0033455584198236465, -0.0002071000635623932, 0.002738174982368946, -0.0002856682986021042, 0.0015737209469079971, -0.0015050200745463371, -0.0009232098236680031, -0.0006671138107776642, 0.0002636844292283058, -0.0005000275559723377, -0.0009437520056962967, -0.0012099500745534897, -0.0019785603508353233, -0.0016719265840947628, -0.00032720668241381645, -0.002079792320728302, -0.0027097989805042744, -0.0015895343385636806]
ref [0.09893232583999634, 0.042485181242227554, 0.03443341702222824, 0.024826515465974808, 0.017511900514364243, 0.01801486872136593, 0.013313938863575459, 0.01317834947258234, 0.009546514600515366, 0.011668828316032887, 0.00975557416677475, 0.009558322839438915, 0.008353868499398232, 0.008095919154584408, 0.007615429814904928, 0.007363381329923868, 0.008646806702017784, 0.0076975696720182896, 0.00610137265175581, 0.0077346982434391975, 0.008088486269116402, 0.0068824393674731255]
[0.0748782604932785, 0.04347383230924606, 0.03093850426375866, 0.02451510727405548, 0.02085745893418789, 0.017807768657803535, 0.016052113845944405, 0.012892681173980236, 0.011120235547423363, 0.01016380824148655, 0.008832364343106747, 0.008891209028661251, 0.008617552928626537, 0.00759589159861207, 0.0066716778092086315, 0.0061534312553703785, 0.006668246351182461, 0.006025643087923527, 0.005774165969341993, 0.0056549059227108955, 0.005378687288612127, 0.005292905028909445]
Training time: 1035 	steps per sec: 21
Eval num_timesteps=22528, episode_reward=nan +/- nan
Eval num_timesteps=22528, episode_success=nan +/- nan
se
16 16384 1024
diff [-0.024054065346717834, 0.000988651067018509, -0.0034949127584695816, -0.0003114081919193268, 0.0033455584198236465, -0.0002071000635623932, 0.002738174982368946, -0.0002856682986021042, 0.0015737209469079971, -0.0015050200745463371, -0.0009232098236680031, -0.0006671138107776642, 0.0002636844292283058, -0.0005000275559723377, -0.0009437520056962967, -0.0012099500745534897, -0.0019785603508353233, -0.0016719265840947628, -0.00032720668241381645, -0.002079792320728302, -0.0027097989805042744, -0.0015895343385636806, -0.0027619232423603535]
ref [0.09893232583999634, 0.042485181242227554, 0.03443341702222824, 0.024826515465974808, 0.017511900514364243, 0.01801486872136593, 0.013313938863575459, 0.01317834947258234, 0.009546514600515366, 0.011668828316032887, 0.00975557416677475, 0.009558322839438915, 0.008353868499398232, 0.008095919154584408, 0.007615429814904928, 0.007363381329923868, 0.008646806702017784, 0.0076975696720182896, 0.00610137265175581, 0.0077346982434391975, 0.008088486269116402, 0.0068824393674731255, 0.008101563900709152]
[0.0748782604932785, 0.04347383230924606, 0.03093850426375866, 0.02451510727405548, 0.02085745893418789, 0.017807768657803535, 0.016052113845944405, 0.012892681173980236, 0.011120235547423363, 0.01016380824148655, 0.008832364343106747, 0.008891209028661251, 0.008617552928626537, 0.00759589159861207, 0.0066716778092086315, 0.0061534312553703785, 0.006668246351182461, 0.006025643087923527, 0.005774165969341993, 0.0056549059227108955, 0.005378687288612127, 0.005292905028909445, 0.005339640658348799]
Training time: 1105 	steps per sec: 21
Eval num_timesteps=23552, episode_reward=nan +/- nan
Eval num_timesteps=23552, episode_success=nan +/- nan
se
16 16384 1024
diff [-0.024054065346717834, 0.000988651067018509, -0.0034949127584695816, -0.0003114081919193268, 0.0033455584198236465, -0.0002071000635623932, 0.002738174982368946, -0.0002856682986021042, 0.0015737209469079971, -0.0015050200745463371, -0.0009232098236680031, -0.0006671138107776642, 0.0002636844292283058, -0.0005000275559723377, -0.0009437520056962967, -0.0012099500745534897, -0.0019785603508353233, -0.0016719265840947628, -0.00032720668241381645, -0.002079792320728302, -0.0027097989805042744, -0.0015895343385636806, -0.0027619232423603535, -0.0004831836558878422]
ref [0.09893232583999634, 0.042485181242227554, 0.03443341702222824, 0.024826515465974808, 0.017511900514364243, 0.01801486872136593, 0.013313938863575459, 0.01317834947258234, 0.009546514600515366, 0.011668828316032887, 0.00975557416677475, 0.009558322839438915, 0.008353868499398232, 0.008095919154584408, 0.007615429814904928, 0.007363381329923868, 0.008646806702017784, 0.0076975696720182896, 0.00610137265175581, 0.0077346982434391975, 0.008088486269116402, 0.0068824393674731255, 0.008101563900709152, 0.0060915411449968815]
[0.0748782604932785, 0.04347383230924606, 0.03093850426375866, 0.02451510727405548, 0.02085745893418789, 0.017807768657803535, 0.016052113845944405, 0.012892681173980236, 0.011120235547423363, 0.01016380824148655, 0.008832364343106747, 0.008891209028661251, 0.008617552928626537, 0.00759589159861207, 0.0066716778092086315, 0.0061534312553703785, 0.006668246351182461, 0.006025643087923527, 0.005774165969341993, 0.0056549059227108955, 0.005378687288612127, 0.005292905028909445, 0.005339640658348799, 0.005608357489109039]
Training time: 1175 	steps per sec: 20
Eval num_timesteps=24576, episode_reward=nan +/- nan
Eval num_timesteps=24576, episode_success=nan +/- nan
se
16 16384 1024
diff [-0.024054065346717834, 0.000988651067018509, -0.0034949127584695816, -0.0003114081919193268, 0.0033455584198236465, -0.0002071000635623932, 0.002738174982368946, -0.0002856682986021042, 0.0015737209469079971, -0.0015050200745463371, -0.0009232098236680031, -0.0006671138107776642, 0.0002636844292283058, -0.0005000275559723377, -0.0009437520056962967, -0.0012099500745534897, -0.0019785603508353233, -0.0016719265840947628, -0.00032720668241381645, -0.002079792320728302, -0.0027097989805042744, -0.0015895343385636806, -0.0027619232423603535, -0.0004831836558878422, -0.0011008130386471748]
ref [0.09893232583999634, 0.042485181242227554, 0.03443341702222824, 0.024826515465974808, 0.017511900514364243, 0.01801486872136593, 0.013313938863575459, 0.01317834947258234, 0.009546514600515366, 0.011668828316032887, 0.00975557416677475, 0.009558322839438915, 0.008353868499398232, 0.008095919154584408, 0.007615429814904928, 0.007363381329923868, 0.008646806702017784, 0.0076975696720182896, 0.00610137265175581, 0.0077346982434391975, 0.008088486269116402, 0.0068824393674731255, 0.008101563900709152, 0.0060915411449968815, 0.006405498832464218]
[0.0748782604932785, 0.04347383230924606, 0.03093850426375866, 0.02451510727405548, 0.02085745893418789, 0.017807768657803535, 0.016052113845944405, 0.012892681173980236, 0.011120235547423363, 0.01016380824148655, 0.008832364343106747, 0.008891209028661251, 0.008617552928626537, 0.00759589159861207, 0.0066716778092086315, 0.0061534312553703785, 0.006668246351182461, 0.006025643087923527, 0.005774165969341993, 0.0056549059227108955, 0.005378687288612127, 0.005292905028909445, 0.005339640658348799, 0.005608357489109039, 0.005304685793817043]
Training time: 1245 	steps per sec: 20
Eval num_timesteps=25600, episode_reward=nan +/- nan
Eval num_timesteps=25600, episode_success=nan +/- nan
se
16 16384 1024
diff [-0.024054065346717834, 0.000988651067018509, -0.0034949127584695816, -0.0003114081919193268, 0.0033455584198236465, -0.0002071000635623932, 0.002738174982368946, -0.0002856682986021042, 0.0015737209469079971, -0.0015050200745463371, -0.0009232098236680031, -0.0006671138107776642, 0.0002636844292283058, -0.0005000275559723377, -0.0009437520056962967, -0.0012099500745534897, -0.0019785603508353233, -0.0016719265840947628, -0.00032720668241381645, -0.002079792320728302, -0.0027097989805042744, -0.0015895343385636806, -0.0027619232423603535, -0.0004831836558878422, -0.0011008130386471748, -0.0023256978020071983]
ref [0.09893232583999634, 0.042485181242227554, 0.03443341702222824, 0.024826515465974808, 0.017511900514364243, 0.01801486872136593, 0.013313938863575459, 0.01317834947258234, 0.009546514600515366, 0.011668828316032887, 0.00975557416677475, 0.009558322839438915, 0.008353868499398232, 0.008095919154584408, 0.007615429814904928, 0.007363381329923868, 0.008646806702017784, 0.0076975696720182896, 0.00610137265175581, 0.0077346982434391975, 0.008088486269116402, 0.0068824393674731255, 0.008101563900709152, 0.0060915411449968815, 0.006405498832464218, 0.00780189223587513]
[0.0748782604932785, 0.04347383230924606, 0.03093850426375866, 0.02451510727405548, 0.02085745893418789, 0.017807768657803535, 0.016052113845944405, 0.012892681173980236, 0.011120235547423363, 0.01016380824148655, 0.008832364343106747, 0.008891209028661251, 0.008617552928626537, 0.00759589159861207, 0.0066716778092086315, 0.0061534312553703785, 0.006668246351182461, 0.006025643087923527, 0.005774165969341993, 0.0056549059227108955, 0.005378687288612127, 0.005292905028909445, 0.005339640658348799, 0.005608357489109039, 0.005304685793817043, 0.005476194433867931]
Training time: 1314 	steps per sec: 20
Eval num_timesteps=26624, episode_reward=nan +/- nan
Eval num_timesteps=26624, episode_success=nan +/- nan
se
16 16384 1024
diff [-0.024054065346717834, 0.000988651067018509, -0.0034949127584695816, -0.0003114081919193268, 0.0033455584198236465, -0.0002071000635623932, 0.002738174982368946, -0.0002856682986021042, 0.0015737209469079971, -0.0015050200745463371, -0.0009232098236680031, -0.0006671138107776642, 0.0002636844292283058, -0.0005000275559723377, -0.0009437520056962967, -0.0012099500745534897, -0.0019785603508353233, -0.0016719265840947628, -0.00032720668241381645, -0.002079792320728302, -0.0027097989805042744, -0.0015895343385636806, -0.0027619232423603535, -0.0004831836558878422, -0.0011008130386471748, -0.0023256978020071983, -0.0009687552228569984]
ref [0.09893232583999634, 0.042485181242227554, 0.03443341702222824, 0.024826515465974808, 0.017511900514364243, 0.01801486872136593, 0.013313938863575459, 0.01317834947258234, 0.009546514600515366, 0.011668828316032887, 0.00975557416677475, 0.009558322839438915, 0.008353868499398232, 0.008095919154584408, 0.007615429814904928, 0.007363381329923868, 0.008646806702017784, 0.0076975696720182896, 0.00610137265175581, 0.0077346982434391975, 0.008088486269116402, 0.0068824393674731255, 0.008101563900709152, 0.0060915411449968815, 0.006405498832464218, 0.00780189223587513, 0.0064504630863666534]
[0.0748782604932785, 0.04347383230924606, 0.03093850426375866, 0.02451510727405548, 0.02085745893418789, 0.017807768657803535, 0.016052113845944405, 0.012892681173980236, 0.011120235547423363, 0.01016380824148655, 0.008832364343106747, 0.008891209028661251, 0.008617552928626537, 0.00759589159861207, 0.0066716778092086315, 0.0061534312553703785, 0.006668246351182461, 0.006025643087923527, 0.005774165969341993, 0.0056549059227108955, 0.005378687288612127, 0.005292905028909445, 0.005339640658348799, 0.005608357489109039, 0.005304685793817043, 0.005476194433867931, 0.005481707863509655]
Training time: 1384 	steps per sec: 19
Eval num_timesteps=27648, episode_reward=nan +/- nan
Eval num_timesteps=27648, episode_success=nan +/- nan
se
16 16384 1024
diff [-0.024054065346717834, 0.000988651067018509, -0.0034949127584695816, -0.0003114081919193268, 0.0033455584198236465, -0.0002071000635623932, 0.002738174982368946, -0.0002856682986021042, 0.0015737209469079971, -0.0015050200745463371, -0.0009232098236680031, -0.0006671138107776642, 0.0002636844292283058, -0.0005000275559723377, -0.0009437520056962967, -0.0012099500745534897, -0.0019785603508353233, -0.0016719265840947628, -0.00032720668241381645, -0.002079792320728302, -0.0027097989805042744, -0.0015895343385636806, -0.0027619232423603535, -0.0004831836558878422, -0.0011008130386471748, -0.0023256978020071983, -0.0009687552228569984, -0.000535585917532444]
ref [0.09893232583999634, 0.042485181242227554, 0.03443341702222824, 0.024826515465974808, 0.017511900514364243, 0.01801486872136593, 0.013313938863575459, 0.01317834947258234, 0.009546514600515366, 0.011668828316032887, 0.00975557416677475, 0.009558322839438915, 0.008353868499398232, 0.008095919154584408, 0.007615429814904928, 0.007363381329923868, 0.008646806702017784, 0.0076975696720182896, 0.00610137265175581, 0.0077346982434391975, 0.008088486269116402, 0.0068824393674731255, 0.008101563900709152, 0.0060915411449968815, 0.006405498832464218, 0.00780189223587513, 0.0064504630863666534, 0.006138266529887915]
[0.0748782604932785, 0.04347383230924606, 0.03093850426375866, 0.02451510727405548, 0.02085745893418789, 0.017807768657803535, 0.016052113845944405, 0.012892681173980236, 0.011120235547423363, 0.01016380824148655, 0.008832364343106747, 0.008891209028661251, 0.008617552928626537, 0.00759589159861207, 0.0066716778092086315, 0.0061534312553703785, 0.006668246351182461, 0.006025643087923527, 0.005774165969341993, 0.0056549059227108955, 0.005378687288612127, 0.005292905028909445, 0.005339640658348799, 0.005608357489109039, 0.005304685793817043, 0.005476194433867931, 0.005481707863509655, 0.005602680612355471]
Training time: 1452 	steps per sec: 19
Eval num_timesteps=28672, episode_reward=nan +/- nan
Eval num_timesteps=28672, episode_success=nan +/- nan
se
16 16384 1024
diff [-0.024054065346717834, 0.000988651067018509, -0.0034949127584695816, -0.0003114081919193268, 0.0033455584198236465, -0.0002071000635623932, 0.002738174982368946, -0.0002856682986021042, 0.0015737209469079971, -0.0015050200745463371, -0.0009232098236680031, -0.0006671138107776642, 0.0002636844292283058, -0.0005000275559723377, -0.0009437520056962967, -0.0012099500745534897, -0.0019785603508353233, -0.0016719265840947628, -0.00032720668241381645, -0.002079792320728302, -0.0027097989805042744, -0.0015895343385636806, -0.0027619232423603535, -0.0004831836558878422, -0.0011008130386471748, -0.0023256978020071983, -0.0009687552228569984, -0.000535585917532444, -0.0018217740580439568]
ref [0.09893232583999634, 0.042485181242227554, 0.03443341702222824, 0.024826515465974808, 0.017511900514364243, 0.01801486872136593, 0.013313938863575459, 0.01317834947258234, 0.009546514600515366, 0.011668828316032887, 0.00975557416677475, 0.009558322839438915, 0.008353868499398232, 0.008095919154584408, 0.007615429814904928, 0.007363381329923868, 0.008646806702017784, 0.0076975696720182896, 0.00610137265175581, 0.0077346982434391975, 0.008088486269116402, 0.0068824393674731255, 0.008101563900709152, 0.0060915411449968815, 0.006405498832464218, 0.00780189223587513, 0.0064504630863666534, 0.006138266529887915, 0.0074632856994867325]
[0.0748782604932785, 0.04347383230924606, 0.03093850426375866, 0.02451510727405548, 0.02085745893418789, 0.017807768657803535, 0.016052113845944405, 0.012892681173980236, 0.011120235547423363, 0.01016380824148655, 0.008832364343106747, 0.008891209028661251, 0.008617552928626537, 0.00759589159861207, 0.0066716778092086315, 0.0061534312553703785, 0.006668246351182461, 0.006025643087923527, 0.005774165969341993, 0.0056549059227108955, 0.005378687288612127, 0.005292905028909445, 0.005339640658348799, 0.005608357489109039, 0.005304685793817043, 0.005476194433867931, 0.005481707863509655, 0.005602680612355471, 0.005641511641442776]
Training time: 1523 	steps per sec: 19
Eval num_timesteps=29696, episode_reward=nan +/- nan
Eval num_timesteps=29696, episode_success=nan +/- nan
se
16 16384 1024
diff [-0.024054065346717834, 0.000988651067018509, -0.0034949127584695816, -0.0003114081919193268, 0.0033455584198236465, -0.0002071000635623932, 0.002738174982368946, -0.0002856682986021042, 0.0015737209469079971, -0.0015050200745463371, -0.0009232098236680031, -0.0006671138107776642, 0.0002636844292283058, -0.0005000275559723377, -0.0009437520056962967, -0.0012099500745534897, -0.0019785603508353233, -0.0016719265840947628, -0.00032720668241381645, -0.002079792320728302, -0.0027097989805042744, -0.0015895343385636806, -0.0027619232423603535, -0.0004831836558878422, -0.0011008130386471748, -0.0023256978020071983, -0.0009687552228569984, -0.000535585917532444, -0.0018217740580439568, -0.002149039413779974]
ref [0.09893232583999634, 0.042485181242227554, 0.03443341702222824, 0.024826515465974808, 0.017511900514364243, 0.01801486872136593, 0.013313938863575459, 0.01317834947258234, 0.009546514600515366, 0.011668828316032887, 0.00975557416677475, 0.009558322839438915, 0.008353868499398232, 0.008095919154584408, 0.007615429814904928, 0.007363381329923868, 0.008646806702017784, 0.0076975696720182896, 0.00610137265175581, 0.0077346982434391975, 0.008088486269116402, 0.0068824393674731255, 0.008101563900709152, 0.0060915411449968815, 0.006405498832464218, 0.00780189223587513, 0.0064504630863666534, 0.006138266529887915, 0.0074632856994867325, 0.008061700500547886]
[0.0748782604932785, 0.04347383230924606, 0.03093850426375866, 0.02451510727405548, 0.02085745893418789, 0.017807768657803535, 0.016052113845944405, 0.012892681173980236, 0.011120235547423363, 0.01016380824148655, 0.008832364343106747, 0.008891209028661251, 0.008617552928626537, 0.00759589159861207, 0.0066716778092086315, 0.0061534312553703785, 0.006668246351182461, 0.006025643087923527, 0.005774165969341993, 0.0056549059227108955, 0.005378687288612127, 0.005292905028909445, 0.005339640658348799, 0.005608357489109039, 0.005304685793817043, 0.005476194433867931, 0.005481707863509655, 0.005602680612355471, 0.005641511641442776, 0.005912661086767912]
Training time: 1589 	steps per sec: 19
Eval num_timesteps=30720, episode_reward=nan +/- nan
Eval num_timesteps=30720, episode_success=nan +/- nan
se
16 16384 1024
diff [-0.024054065346717834, 0.000988651067018509, -0.0034949127584695816, -0.0003114081919193268, 0.0033455584198236465, -0.0002071000635623932, 0.002738174982368946, -0.0002856682986021042, 0.0015737209469079971, -0.0015050200745463371, -0.0009232098236680031, -0.0006671138107776642, 0.0002636844292283058, -0.0005000275559723377, -0.0009437520056962967, -0.0012099500745534897, -0.0019785603508353233, -0.0016719265840947628, -0.00032720668241381645, -0.002079792320728302, -0.0027097989805042744, -0.0015895343385636806, -0.0027619232423603535, -0.0004831836558878422, -0.0011008130386471748, -0.0023256978020071983, -0.0009687552228569984, -0.000535585917532444, -0.0018217740580439568, -0.002149039413779974, -0.0003385506570339203]
ref [0.09893232583999634, 0.042485181242227554, 0.03443341702222824, 0.024826515465974808, 0.017511900514364243, 0.01801486872136593, 0.013313938863575459, 0.01317834947258234, 0.009546514600515366, 0.011668828316032887, 0.00975557416677475, 0.009558322839438915, 0.008353868499398232, 0.008095919154584408, 0.007615429814904928, 0.007363381329923868, 0.008646806702017784, 0.0076975696720182896, 0.00610137265175581, 0.0077346982434391975, 0.008088486269116402, 0.0068824393674731255, 0.008101563900709152, 0.0060915411449968815, 0.006405498832464218, 0.00780189223587513, 0.0064504630863666534, 0.006138266529887915, 0.0074632856994867325, 0.008061700500547886, 0.0065842801705002785]
[0.0748782604932785, 0.04347383230924606, 0.03093850426375866, 0.02451510727405548, 0.02085745893418789, 0.017807768657803535, 0.016052113845944405, 0.012892681173980236, 0.011120235547423363, 0.01016380824148655, 0.008832364343106747, 0.008891209028661251, 0.008617552928626537, 0.00759589159861207, 0.0066716778092086315, 0.0061534312553703785, 0.006668246351182461, 0.006025643087923527, 0.005774165969341993, 0.0056549059227108955, 0.005378687288612127, 0.005292905028909445, 0.005339640658348799, 0.005608357489109039, 0.005304685793817043, 0.005476194433867931, 0.005481707863509655, 0.005602680612355471, 0.005641511641442776, 0.005912661086767912, 0.006245729513466358]
Training time: 1658 	steps per sec: 19
Eval num_timesteps=31744, episode_reward=nan +/- nan
Eval num_timesteps=31744, episode_success=nan +/- nan
se
16 16384 1024
diff [-0.024054065346717834, 0.000988651067018509, -0.0034949127584695816, -0.0003114081919193268, 0.0033455584198236465, -0.0002071000635623932, 0.002738174982368946, -0.0002856682986021042, 0.0015737209469079971, -0.0015050200745463371, -0.0009232098236680031, -0.0006671138107776642, 0.0002636844292283058, -0.0005000275559723377, -0.0009437520056962967, -0.0012099500745534897, -0.0019785603508353233, -0.0016719265840947628, -0.00032720668241381645, -0.002079792320728302, -0.0027097989805042744, -0.0015895343385636806, -0.0027619232423603535, -0.0004831836558878422, -0.0011008130386471748, -0.0023256978020071983, -0.0009687552228569984, -0.000535585917532444, -0.0018217740580439568, -0.002149039413779974, -0.0003385506570339203, -0.0014690342359244823]
ref [0.09893232583999634, 0.042485181242227554, 0.03443341702222824, 0.024826515465974808, 0.017511900514364243, 0.01801486872136593, 0.013313938863575459, 0.01317834947258234, 0.009546514600515366, 0.011668828316032887, 0.00975557416677475, 0.009558322839438915, 0.008353868499398232, 0.008095919154584408, 0.007615429814904928, 0.007363381329923868, 0.008646806702017784, 0.0076975696720182896, 0.00610137265175581, 0.0077346982434391975, 0.008088486269116402, 0.0068824393674731255, 0.008101563900709152, 0.0060915411449968815, 0.006405498832464218, 0.00780189223587513, 0.0064504630863666534, 0.006138266529887915, 0.0074632856994867325, 0.008061700500547886, 0.0065842801705002785, 0.007949626073241234]
[0.0748782604932785, 0.04347383230924606, 0.03093850426375866, 0.02451510727405548, 0.02085745893418789, 0.017807768657803535, 0.016052113845944405, 0.012892681173980236, 0.011120235547423363, 0.01016380824148655, 0.008832364343106747, 0.008891209028661251, 0.008617552928626537, 0.00759589159861207, 0.0066716778092086315, 0.0061534312553703785, 0.006668246351182461, 0.006025643087923527, 0.005774165969341993, 0.0056549059227108955, 0.005378687288612127, 0.005292905028909445, 0.005339640658348799, 0.005608357489109039, 0.005304685793817043, 0.005476194433867931, 0.005481707863509655, 0.005602680612355471, 0.005641511641442776, 0.005912661086767912, 0.006245729513466358, 0.0064805918373167515]
Training time: 1731 	steps per sec: 18
Eval num_timesteps=32768, episode_reward=nan +/- nan
Eval num_timesteps=32768, episode_success=nan +/- nan
results/Hopper-v4/
results/Hopper-v4/ppo_ros/
results/Hopper-v4/ppo_ros/expert/
results/Hopper-v4/ppo_ros/expert/b_16/
results/Hopper-v4/ppo_ros/expert/b_16/no_clip/
results/Hopper-v4/ppo_ros/expert/b_16/no_clip/run_1/
results/Hopper-v4/ppo_ros/expert/b_16/no_clip/run_1/stats.npz
results/Hopper-v4/ppo_ros/expert/b_16/no_clip/run_1/evaluations.npz
results/Hopper-v4/ppo_ros/expert/b_16/no_clip/run_1/config.yml
