ppo_ros_continuous.py --env-id Walker2d-v4 -s expert/b_16/no_lambda --total-timesteps 32768 --eval-freq 1 --eval-episodes 0 -b 16 --num-steps 1024 -lr 0 --update-epochs 0 --anneal-lr 0 --ros-num-steps 256 --ros-update-epochs 16 --ros-target-kl 0.05 --ros-clip-coef 0.3 --ros-lambda 0 -ros-lr 0.001 --ros-anneal-lr 0 --se 1 --se-freq 1 --se-lr 1e-3 --se-epochs 1000 --policy-path policies/Walker2d-v4/best_model.zip --normalization-dir policies/Walker2d-v4
Obtaining file:///var/lib/condor/execute/slot1/dir_3167223/PPOROS/PPOROS/custom-envs
  Preparing metadata (setup.py): started
  Preparing metadata (setup.py): finished with status 'done'
Requirement already satisfied: gym in /var/lib/condor/execute/slot1/dir_3167223/PPOROS/ppo-ros_env/lib/python3.9/site-packages (from custom-envs==0.0.1) (0.21.0)
Requirement already satisfied: numpy>=1.18.0 in /var/lib/condor/execute/slot1/dir_3167223/PPOROS/ppo-ros_env/lib/python3.9/site-packages (from gym->custom-envs==0.0.1) (1.24.2)
Requirement already satisfied: cloudpickle>=1.2.0 in /var/lib/condor/execute/slot1/dir_3167223/PPOROS/ppo-ros_env/lib/python3.9/site-packages (from gym->custom-envs==0.0.1) (2.2.1)
Installing collected packages: custom-envs
  Running setup.py develop for custom-envs
Successfully installed custom-envs-0.0.1
seed: 3
Eval num_timesteps=0, episode_reward=nan +/- nan
Eval num_timesteps=0, episode_success=nan +/- nan
se
1 1024 1024
diff [-0.00418621301651001]
ref [0.2692160904407501]
[0.2650298774242401]
Training time: 13 	steps per sec: 74
Eval num_timesteps=1024, episode_reward=nan +/- nan
Eval num_timesteps=1024, episode_success=nan +/- nan
se
2 2048 1024
diff [-0.00418621301651001, -0.04335533082485199]
ref [0.2692160904407501, 0.14542783796787262]
[0.2650298774242401, 0.10207250714302063]
Training time: 34 	steps per sec: 59
Eval num_timesteps=2048, episode_reward=nan +/- nan
Eval num_timesteps=2048, episode_success=nan +/- nan
se
3 3072 1024
diff [-0.00418621301651001, -0.04335533082485199, -0.036043185740709305]
ref [0.2692160904407501, 0.14542783796787262, 0.09593402594327927]
[0.2650298774242401, 0.10207250714302063, 0.05989084020256996]
Training time: 64 	steps per sec: 47
Eval num_timesteps=3072, episode_reward=nan +/- nan
Eval num_timesteps=3072, episode_success=nan +/- nan
se
4 4096 1024
diff [-0.00418621301651001, -0.04335533082485199, -0.036043185740709305, -0.028875872492790222]
ref [0.2692160904407501, 0.14542783796787262, 0.09593402594327927, 0.07447947561740875]
[0.2650298774242401, 0.10207250714302063, 0.05989084020256996, 0.04560360312461853]
Training time: 109 	steps per sec: 37
Eval num_timesteps=4096, episode_reward=nan +/- nan
Eval num_timesteps=4096, episode_success=nan +/- nan
se
5 5120 1024
diff [-0.00418621301651001, -0.04335533082485199, -0.036043185740709305, -0.028875872492790222, -0.01965782791376114]
ref [0.2692160904407501, 0.14542783796787262, 0.09593402594327927, 0.07447947561740875, 0.05652216821908951]
[0.2650298774242401, 0.10207250714302063, 0.05989084020256996, 0.04560360312461853, 0.03686434030532837]
Training time: 162 	steps per sec: 31
Eval num_timesteps=5120, episode_reward=nan +/- nan
Eval num_timesteps=5120, episode_success=nan +/- nan
se
6 6144 1024
diff [-0.00418621301651001, -0.04335533082485199, -0.036043185740709305, -0.028875872492790222, -0.01965782791376114, -0.014861902222037315]
ref [0.2692160904407501, 0.14542783796787262, 0.09593402594327927, 0.07447947561740875, 0.05652216821908951, 0.04511523246765137]
[0.2650298774242401, 0.10207250714302063, 0.05989084020256996, 0.04560360312461853, 0.03686434030532837, 0.030253330245614052]
Training time: 221 	steps per sec: 27
Eval num_timesteps=6144, episode_reward=nan +/- nan
Eval num_timesteps=6144, episode_success=nan +/- nan
se
7 7168 1024
diff [-0.00418621301651001, -0.04335533082485199, -0.036043185740709305, -0.028875872492790222, -0.01965782791376114, -0.014861902222037315, -0.012633847072720528]
ref [0.2692160904407501, 0.14542783796787262, 0.09593402594327927, 0.07447947561740875, 0.05652216821908951, 0.04511523246765137, 0.036758147180080414]
[0.2650298774242401, 0.10207250714302063, 0.05989084020256996, 0.04560360312461853, 0.03686434030532837, 0.030253330245614052, 0.024124300107359886]
Training time: 280 	steps per sec: 25
Eval num_timesteps=7168, episode_reward=nan +/- nan
Eval num_timesteps=7168, episode_success=nan +/- nan
se
8 8192 1024
diff [-0.00418621301651001, -0.04335533082485199, -0.036043185740709305, -0.028875872492790222, -0.01965782791376114, -0.014861902222037315, -0.012633847072720528, -0.013026552274823189]
ref [0.2692160904407501, 0.14542783796787262, 0.09593402594327927, 0.07447947561740875, 0.05652216821908951, 0.04511523246765137, 0.036758147180080414, 0.032557494938373566]
[0.2650298774242401, 0.10207250714302063, 0.05989084020256996, 0.04560360312461853, 0.03686434030532837, 0.030253330245614052, 0.024124300107359886, 0.019530942663550377]
Training time: 334 	steps per sec: 24
Eval num_timesteps=8192, episode_reward=nan +/- nan
Eval num_timesteps=8192, episode_success=nan +/- nan
se
9 9216 1024
diff [-0.00418621301651001, -0.04335533082485199, -0.036043185740709305, -0.028875872492790222, -0.01965782791376114, -0.014861902222037315, -0.012633847072720528, -0.013026552274823189, -0.009120028465986252]
ref [0.2692160904407501, 0.14542783796787262, 0.09593402594327927, 0.07447947561740875, 0.05652216821908951, 0.04511523246765137, 0.036758147180080414, 0.032557494938373566, 0.026854461058974266]
[0.2650298774242401, 0.10207250714302063, 0.05989084020256996, 0.04560360312461853, 0.03686434030532837, 0.030253330245614052, 0.024124300107359886, 0.019530942663550377, 0.017734432592988014]
Training time: 394 	steps per sec: 23
Eval num_timesteps=9216, episode_reward=nan +/- nan
Eval num_timesteps=9216, episode_success=nan +/- nan
se
10 10240 1024
diff [-0.00418621301651001, -0.04335533082485199, -0.036043185740709305, -0.028875872492790222, -0.01965782791376114, -0.014861902222037315, -0.012633847072720528, -0.013026552274823189, -0.009120028465986252, -0.011142316274344921]
ref [0.2692160904407501, 0.14542783796787262, 0.09593402594327927, 0.07447947561740875, 0.05652216821908951, 0.04511523246765137, 0.036758147180080414, 0.032557494938373566, 0.026854461058974266, 0.026483088731765747]
[0.2650298774242401, 0.10207250714302063, 0.05989084020256996, 0.04560360312461853, 0.03686434030532837, 0.030253330245614052, 0.024124300107359886, 0.019530942663550377, 0.017734432592988014, 0.015340772457420826]
Training time: 476 	steps per sec: 21
Eval num_timesteps=10240, episode_reward=nan +/- nan
Eval num_timesteps=10240, episode_success=nan +/- nan
se
11 11264 1024
diff [-0.00418621301651001, -0.04335533082485199, -0.036043185740709305, -0.028875872492790222, -0.01965782791376114, -0.014861902222037315, -0.012633847072720528, -0.013026552274823189, -0.009120028465986252, -0.011142316274344921, -0.009475670754909515]
ref [0.2692160904407501, 0.14542783796787262, 0.09593402594327927, 0.07447947561740875, 0.05652216821908951, 0.04511523246765137, 0.036758147180080414, 0.032557494938373566, 0.026854461058974266, 0.026483088731765747, 0.02346784621477127]
[0.2650298774242401, 0.10207250714302063, 0.05989084020256996, 0.04560360312461853, 0.03686434030532837, 0.030253330245614052, 0.024124300107359886, 0.019530942663550377, 0.017734432592988014, 0.015340772457420826, 0.013992175459861755]
Training time: 552 	steps per sec: 20
Eval num_timesteps=11264, episode_reward=nan +/- nan
Eval num_timesteps=11264, episode_success=nan +/- nan
se
12 12288 1024
diff [-0.00418621301651001, -0.04335533082485199, -0.036043185740709305, -0.028875872492790222, -0.01965782791376114, -0.014861902222037315, -0.012633847072720528, -0.013026552274823189, -0.009120028465986252, -0.011142316274344921, -0.009475670754909515, -0.011093520559370518]
ref [0.2692160904407501, 0.14542783796787262, 0.09593402594327927, 0.07447947561740875, 0.05652216821908951, 0.04511523246765137, 0.036758147180080414, 0.032557494938373566, 0.026854461058974266, 0.026483088731765747, 0.02346784621477127, 0.023810535669326782]
[0.2650298774242401, 0.10207250714302063, 0.05989084020256996, 0.04560360312461853, 0.03686434030532837, 0.030253330245614052, 0.024124300107359886, 0.019530942663550377, 0.017734432592988014, 0.015340772457420826, 0.013992175459861755, 0.012717015109956264]
Training time: 643 	steps per sec: 19
Eval num_timesteps=12288, episode_reward=nan +/- nan
Eval num_timesteps=12288, episode_success=nan +/- nan
se
13 13312 1024
diff [-0.00418621301651001, -0.04335533082485199, -0.036043185740709305, -0.028875872492790222, -0.01965782791376114, -0.014861902222037315, -0.012633847072720528, -0.013026552274823189, -0.009120028465986252, -0.011142316274344921, -0.009475670754909515, -0.011093520559370518, -0.008700437843799591]
ref [0.2692160904407501, 0.14542783796787262, 0.09593402594327927, 0.07447947561740875, 0.05652216821908951, 0.04511523246765137, 0.036758147180080414, 0.032557494938373566, 0.026854461058974266, 0.026483088731765747, 0.02346784621477127, 0.023810535669326782, 0.020845282822847366]
[0.2650298774242401, 0.10207250714302063, 0.05989084020256996, 0.04560360312461853, 0.03686434030532837, 0.030253330245614052, 0.024124300107359886, 0.019530942663550377, 0.017734432592988014, 0.015340772457420826, 0.013992175459861755, 0.012717015109956264, 0.012144844979047775]
Training time: 725 	steps per sec: 18
Eval num_timesteps=13312, episode_reward=nan +/- nan
Eval num_timesteps=13312, episode_success=nan +/- nan
se
14 14336 1024
diff [-0.00418621301651001, -0.04335533082485199, -0.036043185740709305, -0.028875872492790222, -0.01965782791376114, -0.014861902222037315, -0.012633847072720528, -0.013026552274823189, -0.009120028465986252, -0.011142316274344921, -0.009475670754909515, -0.011093520559370518, -0.008700437843799591, -0.006315805949270725]
ref [0.2692160904407501, 0.14542783796787262, 0.09593402594327927, 0.07447947561740875, 0.05652216821908951, 0.04511523246765137, 0.036758147180080414, 0.032557494938373566, 0.026854461058974266, 0.026483088731765747, 0.02346784621477127, 0.023810535669326782, 0.020845282822847366, 0.017994040623307228]
[0.2650298774242401, 0.10207250714302063, 0.05989084020256996, 0.04560360312461853, 0.03686434030532837, 0.030253330245614052, 0.024124300107359886, 0.019530942663550377, 0.017734432592988014, 0.015340772457420826, 0.013992175459861755, 0.012717015109956264, 0.012144844979047775, 0.011678234674036503]
Training time: 832 	steps per sec: 17
Eval num_timesteps=14336, episode_reward=nan +/- nan
Eval num_timesteps=14336, episode_success=nan +/- nan
se
15 15360 1024
diff [-0.00418621301651001, -0.04335533082485199, -0.036043185740709305, -0.028875872492790222, -0.01965782791376114, -0.014861902222037315, -0.012633847072720528, -0.013026552274823189, -0.009120028465986252, -0.011142316274344921, -0.009475670754909515, -0.011093520559370518, -0.008700437843799591, -0.006315805949270725, -0.007936458103358746]
ref [0.2692160904407501, 0.14542783796787262, 0.09593402594327927, 0.07447947561740875, 0.05652216821908951, 0.04511523246765137, 0.036758147180080414, 0.032557494938373566, 0.026854461058974266, 0.026483088731765747, 0.02346784621477127, 0.023810535669326782, 0.020845282822847366, 0.017994040623307228, 0.01840631291270256]
[0.2650298774242401, 0.10207250714302063, 0.05989084020256996, 0.04560360312461853, 0.03686434030532837, 0.030253330245614052, 0.024124300107359886, 0.019530942663550377, 0.017734432592988014, 0.015340772457420826, 0.013992175459861755, 0.012717015109956264, 0.012144844979047775, 0.011678234674036503, 0.010469854809343815]
Training time: 916 	steps per sec: 16
Eval num_timesteps=15360, episode_reward=nan +/- nan
Eval num_timesteps=15360, episode_success=nan +/- nan
se
16 16384 1024
diff [-0.00418621301651001, -0.04335533082485199, -0.036043185740709305, -0.028875872492790222, -0.01965782791376114, -0.014861902222037315, -0.012633847072720528, -0.013026552274823189, -0.009120028465986252, -0.011142316274344921, -0.009475670754909515, -0.011093520559370518, -0.008700437843799591, -0.006315805949270725, -0.007936458103358746, -0.004334689117968082]
ref [0.2692160904407501, 0.14542783796787262, 0.09593402594327927, 0.07447947561740875, 0.05652216821908951, 0.04511523246765137, 0.036758147180080414, 0.032557494938373566, 0.026854461058974266, 0.026483088731765747, 0.02346784621477127, 0.023810535669326782, 0.020845282822847366, 0.017994040623307228, 0.01840631291270256, 0.014174899086356163]
[0.2650298774242401, 0.10207250714302063, 0.05989084020256996, 0.04560360312461853, 0.03686434030532837, 0.030253330245614052, 0.024124300107359886, 0.019530942663550377, 0.017734432592988014, 0.015340772457420826, 0.013992175459861755, 0.012717015109956264, 0.012144844979047775, 0.011678234674036503, 0.010469854809343815, 0.00984020996838808]
Training time: 1004 	steps per sec: 16
Eval num_timesteps=16384, episode_reward=nan +/- nan
Eval num_timesteps=16384, episode_success=nan +/- nan
se
16 16384 1024
diff [-0.00418621301651001, -0.04335533082485199, -0.036043185740709305, -0.028875872492790222, -0.01965782791376114, -0.014861902222037315, -0.012633847072720528, -0.013026552274823189, -0.009120028465986252, -0.011142316274344921, -0.009475670754909515, -0.011093520559370518, -0.008700437843799591, -0.006315805949270725, -0.007936458103358746, -0.004334689117968082, -0.004485155455768108]
ref [0.2692160904407501, 0.14542783796787262, 0.09593402594327927, 0.07447947561740875, 0.05652216821908951, 0.04511523246765137, 0.036758147180080414, 0.032557494938373566, 0.026854461058974266, 0.026483088731765747, 0.02346784621477127, 0.023810535669326782, 0.020845282822847366, 0.017994040623307228, 0.01840631291270256, 0.014174899086356163, 0.014607636258006096]
[0.2650298774242401, 0.10207250714302063, 0.05989084020256996, 0.04560360312461853, 0.03686434030532837, 0.030253330245614052, 0.024124300107359886, 0.019530942663550377, 0.017734432592988014, 0.015340772457420826, 0.013992175459861755, 0.012717015109956264, 0.012144844979047775, 0.011678234674036503, 0.010469854809343815, 0.00984020996838808, 0.010122480802237988]
Training time: 1114 	steps per sec: 15
Eval num_timesteps=17408, episode_reward=nan +/- nan
Eval num_timesteps=17408, episode_success=nan +/- nan
se
16 16384 1024
diff [-0.00418621301651001, -0.04335533082485199, -0.036043185740709305, -0.028875872492790222, -0.01965782791376114, -0.014861902222037315, -0.012633847072720528, -0.013026552274823189, -0.009120028465986252, -0.011142316274344921, -0.009475670754909515, -0.011093520559370518, -0.008700437843799591, -0.006315805949270725, -0.007936458103358746, -0.004334689117968082, -0.004485155455768108, -0.005473962984979153]
ref [0.2692160904407501, 0.14542783796787262, 0.09593402594327927, 0.07447947561740875, 0.05652216821908951, 0.04511523246765137, 0.036758147180080414, 0.032557494938373566, 0.026854461058974266, 0.026483088731765747, 0.02346784621477127, 0.023810535669326782, 0.020845282822847366, 0.017994040623307228, 0.01840631291270256, 0.014174899086356163, 0.014607636258006096, 0.015602201223373413]
[0.2650298774242401, 0.10207250714302063, 0.05989084020256996, 0.04560360312461853, 0.03686434030532837, 0.030253330245614052, 0.024124300107359886, 0.019530942663550377, 0.017734432592988014, 0.015340772457420826, 0.013992175459861755, 0.012717015109956264, 0.012144844979047775, 0.011678234674036503, 0.010469854809343815, 0.00984020996838808, 0.010122480802237988, 0.01012823823839426]
Training time: 1215 	steps per sec: 15
Eval num_timesteps=18432, episode_reward=nan +/- nan
Eval num_timesteps=18432, episode_success=nan +/- nan
se
16 16384 1024
diff [-0.00418621301651001, -0.04335533082485199, -0.036043185740709305, -0.028875872492790222, -0.01965782791376114, -0.014861902222037315, -0.012633847072720528, -0.013026552274823189, -0.009120028465986252, -0.011142316274344921, -0.009475670754909515, -0.011093520559370518, -0.008700437843799591, -0.006315805949270725, -0.007936458103358746, -0.004334689117968082, -0.004485155455768108, -0.005473962984979153, -0.004987500607967377]
ref [0.2692160904407501, 0.14542783796787262, 0.09593402594327927, 0.07447947561740875, 0.05652216821908951, 0.04511523246765137, 0.036758147180080414, 0.032557494938373566, 0.026854461058974266, 0.026483088731765747, 0.02346784621477127, 0.023810535669326782, 0.020845282822847366, 0.017994040623307228, 0.01840631291270256, 0.014174899086356163, 0.014607636258006096, 0.015602201223373413, 0.015314070507884026]
[0.2650298774242401, 0.10207250714302063, 0.05989084020256996, 0.04560360312461853, 0.03686434030532837, 0.030253330245614052, 0.024124300107359886, 0.019530942663550377, 0.017734432592988014, 0.015340772457420826, 0.013992175459861755, 0.012717015109956264, 0.012144844979047775, 0.011678234674036503, 0.010469854809343815, 0.00984020996838808, 0.010122480802237988, 0.01012823823839426, 0.010326569899916649]
Training time: 1309 	steps per sec: 14
Eval num_timesteps=19456, episode_reward=nan +/- nan
Eval num_timesteps=19456, episode_success=nan +/- nan
se
16 16384 1024
diff [-0.00418621301651001, -0.04335533082485199, -0.036043185740709305, -0.028875872492790222, -0.01965782791376114, -0.014861902222037315, -0.012633847072720528, -0.013026552274823189, -0.009120028465986252, -0.011142316274344921, -0.009475670754909515, -0.011093520559370518, -0.008700437843799591, -0.006315805949270725, -0.007936458103358746, -0.004334689117968082, -0.004485155455768108, -0.005473962984979153, -0.004987500607967377, -0.0073622241616249084]
ref [0.2692160904407501, 0.14542783796787262, 0.09593402594327927, 0.07447947561740875, 0.05652216821908951, 0.04511523246765137, 0.036758147180080414, 0.032557494938373566, 0.026854461058974266, 0.026483088731765747, 0.02346784621477127, 0.023810535669326782, 0.020845282822847366, 0.017994040623307228, 0.01840631291270256, 0.014174899086356163, 0.014607636258006096, 0.015602201223373413, 0.015314070507884026, 0.018114745616912842]
[0.2650298774242401, 0.10207250714302063, 0.05989084020256996, 0.04560360312461853, 0.03686434030532837, 0.030253330245614052, 0.024124300107359886, 0.019530942663550377, 0.017734432592988014, 0.015340772457420826, 0.013992175459861755, 0.012717015109956264, 0.012144844979047775, 0.011678234674036503, 0.010469854809343815, 0.00984020996838808, 0.010122480802237988, 0.01012823823839426, 0.010326569899916649, 0.010752521455287933]
Training time: 1410 	steps per sec: 14
Eval num_timesteps=20480, episode_reward=nan +/- nan
Eval num_timesteps=20480, episode_success=nan +/- nan
se
16 16384 1024
diff [-0.00418621301651001, -0.04335533082485199, -0.036043185740709305, -0.028875872492790222, -0.01965782791376114, -0.014861902222037315, -0.012633847072720528, -0.013026552274823189, -0.009120028465986252, -0.011142316274344921, -0.009475670754909515, -0.011093520559370518, -0.008700437843799591, -0.006315805949270725, -0.007936458103358746, -0.004334689117968082, -0.004485155455768108, -0.005473962984979153, -0.004987500607967377, -0.0073622241616249084, -0.00766405276954174]
ref [0.2692160904407501, 0.14542783796787262, 0.09593402594327927, 0.07447947561740875, 0.05652216821908951, 0.04511523246765137, 0.036758147180080414, 0.032557494938373566, 0.026854461058974266, 0.026483088731765747, 0.02346784621477127, 0.023810535669326782, 0.020845282822847366, 0.017994040623307228, 0.01840631291270256, 0.014174899086356163, 0.014607636258006096, 0.015602201223373413, 0.015314070507884026, 0.018114745616912842, 0.017349403351545334]
[0.2650298774242401, 0.10207250714302063, 0.05989084020256996, 0.04560360312461853, 0.03686434030532837, 0.030253330245614052, 0.024124300107359886, 0.019530942663550377, 0.017734432592988014, 0.015340772457420826, 0.013992175459861755, 0.012717015109956264, 0.012144844979047775, 0.011678234674036503, 0.010469854809343815, 0.00984020996838808, 0.010122480802237988, 0.01012823823839426, 0.010326569899916649, 0.010752521455287933, 0.009685350582003593]
Training time: 1508 	steps per sec: 14
Eval num_timesteps=21504, episode_reward=nan +/- nan
Eval num_timesteps=21504, episode_success=nan +/- nan
se
16 16384 1024
diff [-0.00418621301651001, -0.04335533082485199, -0.036043185740709305, -0.028875872492790222, -0.01965782791376114, -0.014861902222037315, -0.012633847072720528, -0.013026552274823189, -0.009120028465986252, -0.011142316274344921, -0.009475670754909515, -0.011093520559370518, -0.008700437843799591, -0.006315805949270725, -0.007936458103358746, -0.004334689117968082, -0.004485155455768108, -0.005473962984979153, -0.004987500607967377, -0.0073622241616249084, -0.00766405276954174, -0.005207926034927368]
ref [0.2692160904407501, 0.14542783796787262, 0.09593402594327927, 0.07447947561740875, 0.05652216821908951, 0.04511523246765137, 0.036758147180080414, 0.032557494938373566, 0.026854461058974266, 0.026483088731765747, 0.02346784621477127, 0.023810535669326782, 0.020845282822847366, 0.017994040623307228, 0.01840631291270256, 0.014174899086356163, 0.014607636258006096, 0.015602201223373413, 0.015314070507884026, 0.018114745616912842, 0.017349403351545334, 0.01516010146588087]
[0.2650298774242401, 0.10207250714302063, 0.05989084020256996, 0.04560360312461853, 0.03686434030532837, 0.030253330245614052, 0.024124300107359886, 0.019530942663550377, 0.017734432592988014, 0.015340772457420826, 0.013992175459861755, 0.012717015109956264, 0.012144844979047775, 0.011678234674036503, 0.010469854809343815, 0.00984020996838808, 0.010122480802237988, 0.01012823823839426, 0.010326569899916649, 0.010752521455287933, 0.009685350582003593, 0.009952175430953503]
Training time: 1619 	steps per sec: 13
Eval num_timesteps=22528, episode_reward=nan +/- nan
Eval num_timesteps=22528, episode_success=nan +/- nan
se
16 16384 1024
diff [-0.00418621301651001, -0.04335533082485199, -0.036043185740709305, -0.028875872492790222, -0.01965782791376114, -0.014861902222037315, -0.012633847072720528, -0.013026552274823189, -0.009120028465986252, -0.011142316274344921, -0.009475670754909515, -0.011093520559370518, -0.008700437843799591, -0.006315805949270725, -0.007936458103358746, -0.004334689117968082, -0.004485155455768108, -0.005473962984979153, -0.004987500607967377, -0.0073622241616249084, -0.00766405276954174, -0.005207926034927368, -0.004793170839548111]
ref [0.2692160904407501, 0.14542783796787262, 0.09593402594327927, 0.07447947561740875, 0.05652216821908951, 0.04511523246765137, 0.036758147180080414, 0.032557494938373566, 0.026854461058974266, 0.026483088731765747, 0.02346784621477127, 0.023810535669326782, 0.020845282822847366, 0.017994040623307228, 0.01840631291270256, 0.014174899086356163, 0.014607636258006096, 0.015602201223373413, 0.015314070507884026, 0.018114745616912842, 0.017349403351545334, 0.01516010146588087, 0.015566774643957615]
[0.2650298774242401, 0.10207250714302063, 0.05989084020256996, 0.04560360312461853, 0.03686434030532837, 0.030253330245614052, 0.024124300107359886, 0.019530942663550377, 0.017734432592988014, 0.015340772457420826, 0.013992175459861755, 0.012717015109956264, 0.012144844979047775, 0.011678234674036503, 0.010469854809343815, 0.00984020996838808, 0.010122480802237988, 0.01012823823839426, 0.010326569899916649, 0.010752521455287933, 0.009685350582003593, 0.009952175430953503, 0.010773603804409504]
Training time: 1728 	steps per sec: 13
Eval num_timesteps=23552, episode_reward=nan +/- nan
Eval num_timesteps=23552, episode_success=nan +/- nan
se
16 16384 1024
diff [-0.00418621301651001, -0.04335533082485199, -0.036043185740709305, -0.028875872492790222, -0.01965782791376114, -0.014861902222037315, -0.012633847072720528, -0.013026552274823189, -0.009120028465986252, -0.011142316274344921, -0.009475670754909515, -0.011093520559370518, -0.008700437843799591, -0.006315805949270725, -0.007936458103358746, -0.004334689117968082, -0.004485155455768108, -0.005473962984979153, -0.004987500607967377, -0.0073622241616249084, -0.00766405276954174, -0.005207926034927368, -0.004793170839548111, -0.005868448875844479]
ref [0.2692160904407501, 0.14542783796787262, 0.09593402594327927, 0.07447947561740875, 0.05652216821908951, 0.04511523246765137, 0.036758147180080414, 0.032557494938373566, 0.026854461058974266, 0.026483088731765747, 0.02346784621477127, 0.023810535669326782, 0.020845282822847366, 0.017994040623307228, 0.01840631291270256, 0.014174899086356163, 0.014607636258006096, 0.015602201223373413, 0.015314070507884026, 0.018114745616912842, 0.017349403351545334, 0.01516010146588087, 0.015566774643957615, 0.01625686325132847]
[0.2650298774242401, 0.10207250714302063, 0.05989084020256996, 0.04560360312461853, 0.03686434030532837, 0.030253330245614052, 0.024124300107359886, 0.019530942663550377, 0.017734432592988014, 0.015340772457420826, 0.013992175459861755, 0.012717015109956264, 0.012144844979047775, 0.011678234674036503, 0.010469854809343815, 0.00984020996838808, 0.010122480802237988, 0.01012823823839426, 0.010326569899916649, 0.010752521455287933, 0.009685350582003593, 0.009952175430953503, 0.010773603804409504, 0.01038841437548399]
Training time: 1839 	steps per sec: 13
Eval num_timesteps=24576, episode_reward=nan +/- nan
Eval num_timesteps=24576, episode_success=nan +/- nan
se
16 16384 1024
diff [-0.00418621301651001, -0.04335533082485199, -0.036043185740709305, -0.028875872492790222, -0.01965782791376114, -0.014861902222037315, -0.012633847072720528, -0.013026552274823189, -0.009120028465986252, -0.011142316274344921, -0.009475670754909515, -0.011093520559370518, -0.008700437843799591, -0.006315805949270725, -0.007936458103358746, -0.004334689117968082, -0.004485155455768108, -0.005473962984979153, -0.004987500607967377, -0.0073622241616249084, -0.00766405276954174, -0.005207926034927368, -0.004793170839548111, -0.005868448875844479, -0.00323446374386549]
ref [0.2692160904407501, 0.14542783796787262, 0.09593402594327927, 0.07447947561740875, 0.05652216821908951, 0.04511523246765137, 0.036758147180080414, 0.032557494938373566, 0.026854461058974266, 0.026483088731765747, 0.02346784621477127, 0.023810535669326782, 0.020845282822847366, 0.017994040623307228, 0.01840631291270256, 0.014174899086356163, 0.014607636258006096, 0.015602201223373413, 0.015314070507884026, 0.018114745616912842, 0.017349403351545334, 0.01516010146588087, 0.015566774643957615, 0.01625686325132847, 0.013942264951765537]
[0.2650298774242401, 0.10207250714302063, 0.05989084020256996, 0.04560360312461853, 0.03686434030532837, 0.030253330245614052, 0.024124300107359886, 0.019530942663550377, 0.017734432592988014, 0.015340772457420826, 0.013992175459861755, 0.012717015109956264, 0.012144844979047775, 0.011678234674036503, 0.010469854809343815, 0.00984020996838808, 0.010122480802237988, 0.01012823823839426, 0.010326569899916649, 0.010752521455287933, 0.009685350582003593, 0.009952175430953503, 0.010773603804409504, 0.01038841437548399, 0.010707801207900047]
Training time: 1951 	steps per sec: 13
Eval num_timesteps=25600, episode_reward=nan +/- nan
Eval num_timesteps=25600, episode_success=nan +/- nan
se
16 16384 1024
diff [-0.00418621301651001, -0.04335533082485199, -0.036043185740709305, -0.028875872492790222, -0.01965782791376114, -0.014861902222037315, -0.012633847072720528, -0.013026552274823189, -0.009120028465986252, -0.011142316274344921, -0.009475670754909515, -0.011093520559370518, -0.008700437843799591, -0.006315805949270725, -0.007936458103358746, -0.004334689117968082, -0.004485155455768108, -0.005473962984979153, -0.004987500607967377, -0.0073622241616249084, -0.00766405276954174, -0.005207926034927368, -0.004793170839548111, -0.005868448875844479, -0.00323446374386549, -0.00596859585493803]
ref [0.2692160904407501, 0.14542783796787262, 0.09593402594327927, 0.07447947561740875, 0.05652216821908951, 0.04511523246765137, 0.036758147180080414, 0.032557494938373566, 0.026854461058974266, 0.026483088731765747, 0.02346784621477127, 0.023810535669326782, 0.020845282822847366, 0.017994040623307228, 0.01840631291270256, 0.014174899086356163, 0.014607636258006096, 0.015602201223373413, 0.015314070507884026, 0.018114745616912842, 0.017349403351545334, 0.01516010146588087, 0.015566774643957615, 0.01625686325132847, 0.013942264951765537, 0.017266064882278442]
[0.2650298774242401, 0.10207250714302063, 0.05989084020256996, 0.04560360312461853, 0.03686434030532837, 0.030253330245614052, 0.024124300107359886, 0.019530942663550377, 0.017734432592988014, 0.015340772457420826, 0.013992175459861755, 0.012717015109956264, 0.012144844979047775, 0.011678234674036503, 0.010469854809343815, 0.00984020996838808, 0.010122480802237988, 0.01012823823839426, 0.010326569899916649, 0.010752521455287933, 0.009685350582003593, 0.009952175430953503, 0.010773603804409504, 0.01038841437548399, 0.010707801207900047, 0.011297469027340412]
Training time: 2053 	steps per sec: 12
Eval num_timesteps=26624, episode_reward=nan +/- nan
Eval num_timesteps=26624, episode_success=nan +/- nan
se
16 16384 1024
diff [-0.00418621301651001, -0.04335533082485199, -0.036043185740709305, -0.028875872492790222, -0.01965782791376114, -0.014861902222037315, -0.012633847072720528, -0.013026552274823189, -0.009120028465986252, -0.011142316274344921, -0.009475670754909515, -0.011093520559370518, -0.008700437843799591, -0.006315805949270725, -0.007936458103358746, -0.004334689117968082, -0.004485155455768108, -0.005473962984979153, -0.004987500607967377, -0.0073622241616249084, -0.00766405276954174, -0.005207926034927368, -0.004793170839548111, -0.005868448875844479, -0.00323446374386549, -0.00596859585493803, -0.0052810898050665855]
ref [0.2692160904407501, 0.14542783796787262, 0.09593402594327927, 0.07447947561740875, 0.05652216821908951, 0.04511523246765137, 0.036758147180080414, 0.032557494938373566, 0.026854461058974266, 0.026483088731765747, 0.02346784621477127, 0.023810535669326782, 0.020845282822847366, 0.017994040623307228, 0.01840631291270256, 0.014174899086356163, 0.014607636258006096, 0.015602201223373413, 0.015314070507884026, 0.018114745616912842, 0.017349403351545334, 0.01516010146588087, 0.015566774643957615, 0.01625686325132847, 0.013942264951765537, 0.017266064882278442, 0.016951123252511024]
[0.2650298774242401, 0.10207250714302063, 0.05989084020256996, 0.04560360312461853, 0.03686434030532837, 0.030253330245614052, 0.024124300107359886, 0.019530942663550377, 0.017734432592988014, 0.015340772457420826, 0.013992175459861755, 0.012717015109956264, 0.012144844979047775, 0.011678234674036503, 0.010469854809343815, 0.00984020996838808, 0.010122480802237988, 0.01012823823839426, 0.010326569899916649, 0.010752521455287933, 0.009685350582003593, 0.009952175430953503, 0.010773603804409504, 0.01038841437548399, 0.010707801207900047, 0.011297469027340412, 0.011670033447444439]
Training time: 2159 	steps per sec: 12
Eval num_timesteps=27648, episode_reward=nan +/- nan
Eval num_timesteps=27648, episode_success=nan +/- nan
se
16 16384 1024
diff [-0.00418621301651001, -0.04335533082485199, -0.036043185740709305, -0.028875872492790222, -0.01965782791376114, -0.014861902222037315, -0.012633847072720528, -0.013026552274823189, -0.009120028465986252, -0.011142316274344921, -0.009475670754909515, -0.011093520559370518, -0.008700437843799591, -0.006315805949270725, -0.007936458103358746, -0.004334689117968082, -0.004485155455768108, -0.005473962984979153, -0.004987500607967377, -0.0073622241616249084, -0.00766405276954174, -0.005207926034927368, -0.004793170839548111, -0.005868448875844479, -0.00323446374386549, -0.00596859585493803, -0.0052810898050665855, -0.005107209086418152]
ref [0.2692160904407501, 0.14542783796787262, 0.09593402594327927, 0.07447947561740875, 0.05652216821908951, 0.04511523246765137, 0.036758147180080414, 0.032557494938373566, 0.026854461058974266, 0.026483088731765747, 0.02346784621477127, 0.023810535669326782, 0.020845282822847366, 0.017994040623307228, 0.01840631291270256, 0.014174899086356163, 0.014607636258006096, 0.015602201223373413, 0.015314070507884026, 0.018114745616912842, 0.017349403351545334, 0.01516010146588087, 0.015566774643957615, 0.01625686325132847, 0.013942264951765537, 0.017266064882278442, 0.016951123252511024, 0.016984526067972183]
[0.2650298774242401, 0.10207250714302063, 0.05989084020256996, 0.04560360312461853, 0.03686434030532837, 0.030253330245614052, 0.024124300107359886, 0.019530942663550377, 0.017734432592988014, 0.015340772457420826, 0.013992175459861755, 0.012717015109956264, 0.012144844979047775, 0.011678234674036503, 0.010469854809343815, 0.00984020996838808, 0.010122480802237988, 0.01012823823839426, 0.010326569899916649, 0.010752521455287933, 0.009685350582003593, 0.009952175430953503, 0.010773603804409504, 0.01038841437548399, 0.010707801207900047, 0.011297469027340412, 0.011670033447444439, 0.011877316981554031]
Training time: 2265 	steps per sec: 12
Eval num_timesteps=28672, episode_reward=nan +/- nan
Eval num_timesteps=28672, episode_success=nan +/- nan
se
16 16384 1024
diff [-0.00418621301651001, -0.04335533082485199, -0.036043185740709305, -0.028875872492790222, -0.01965782791376114, -0.014861902222037315, -0.012633847072720528, -0.013026552274823189, -0.009120028465986252, -0.011142316274344921, -0.009475670754909515, -0.011093520559370518, -0.008700437843799591, -0.006315805949270725, -0.007936458103358746, -0.004334689117968082, -0.004485155455768108, -0.005473962984979153, -0.004987500607967377, -0.0073622241616249084, -0.00766405276954174, -0.005207926034927368, -0.004793170839548111, -0.005868448875844479, -0.00323446374386549, -0.00596859585493803, -0.0052810898050665855, -0.005107209086418152, -0.0054015424102544785]
ref [0.2692160904407501, 0.14542783796787262, 0.09593402594327927, 0.07447947561740875, 0.05652216821908951, 0.04511523246765137, 0.036758147180080414, 0.032557494938373566, 0.026854461058974266, 0.026483088731765747, 0.02346784621477127, 0.023810535669326782, 0.020845282822847366, 0.017994040623307228, 0.01840631291270256, 0.014174899086356163, 0.014607636258006096, 0.015602201223373413, 0.015314070507884026, 0.018114745616912842, 0.017349403351545334, 0.01516010146588087, 0.015566774643957615, 0.01625686325132847, 0.013942264951765537, 0.017266064882278442, 0.016951123252511024, 0.016984526067972183, 0.016423964872956276]
[0.2650298774242401, 0.10207250714302063, 0.05989084020256996, 0.04560360312461853, 0.03686434030532837, 0.030253330245614052, 0.024124300107359886, 0.019530942663550377, 0.017734432592988014, 0.015340772457420826, 0.013992175459861755, 0.012717015109956264, 0.012144844979047775, 0.011678234674036503, 0.010469854809343815, 0.00984020996838808, 0.010122480802237988, 0.01012823823839426, 0.010326569899916649, 0.010752521455287933, 0.009685350582003593, 0.009952175430953503, 0.010773603804409504, 0.01038841437548399, 0.010707801207900047, 0.011297469027340412, 0.011670033447444439, 0.011877316981554031, 0.011022422462701797]
Training time: 2370 	steps per sec: 12
Eval num_timesteps=29696, episode_reward=nan +/- nan
Eval num_timesteps=29696, episode_success=nan +/- nan
se
16 16384 1024
diff [-0.00418621301651001, -0.04335533082485199, -0.036043185740709305, -0.028875872492790222, -0.01965782791376114, -0.014861902222037315, -0.012633847072720528, -0.013026552274823189, -0.009120028465986252, -0.011142316274344921, -0.009475670754909515, -0.011093520559370518, -0.008700437843799591, -0.006315805949270725, -0.007936458103358746, -0.004334689117968082, -0.004485155455768108, -0.005473962984979153, -0.004987500607967377, -0.0073622241616249084, -0.00766405276954174, -0.005207926034927368, -0.004793170839548111, -0.005868448875844479, -0.00323446374386549, -0.00596859585493803, -0.0052810898050665855, -0.005107209086418152, -0.0054015424102544785, -0.003838564269244671]
ref [0.2692160904407501, 0.14542783796787262, 0.09593402594327927, 0.07447947561740875, 0.05652216821908951, 0.04511523246765137, 0.036758147180080414, 0.032557494938373566, 0.026854461058974266, 0.026483088731765747, 0.02346784621477127, 0.023810535669326782, 0.020845282822847366, 0.017994040623307228, 0.01840631291270256, 0.014174899086356163, 0.014607636258006096, 0.015602201223373413, 0.015314070507884026, 0.018114745616912842, 0.017349403351545334, 0.01516010146588087, 0.015566774643957615, 0.01625686325132847, 0.013942264951765537, 0.017266064882278442, 0.016951123252511024, 0.016984526067972183, 0.016423964872956276, 0.015341179445385933]
[0.2650298774242401, 0.10207250714302063, 0.05989084020256996, 0.04560360312461853, 0.03686434030532837, 0.030253330245614052, 0.024124300107359886, 0.019530942663550377, 0.017734432592988014, 0.015340772457420826, 0.013992175459861755, 0.012717015109956264, 0.012144844979047775, 0.011678234674036503, 0.010469854809343815, 0.00984020996838808, 0.010122480802237988, 0.01012823823839426, 0.010326569899916649, 0.010752521455287933, 0.009685350582003593, 0.009952175430953503, 0.010773603804409504, 0.01038841437548399, 0.010707801207900047, 0.011297469027340412, 0.011670033447444439, 0.011877316981554031, 0.011022422462701797, 0.011502615176141262]
Training time: 2484 	steps per sec: 12
Eval num_timesteps=30720, episode_reward=nan +/- nan
Eval num_timesteps=30720, episode_success=nan +/- nan
se
16 16384 1024
diff [-0.00418621301651001, -0.04335533082485199, -0.036043185740709305, -0.028875872492790222, -0.01965782791376114, -0.014861902222037315, -0.012633847072720528, -0.013026552274823189, -0.009120028465986252, -0.011142316274344921, -0.009475670754909515, -0.011093520559370518, -0.008700437843799591, -0.006315805949270725, -0.007936458103358746, -0.004334689117968082, -0.004485155455768108, -0.005473962984979153, -0.004987500607967377, -0.0073622241616249084, -0.00766405276954174, -0.005207926034927368, -0.004793170839548111, -0.005868448875844479, -0.00323446374386549, -0.00596859585493803, -0.0052810898050665855, -0.005107209086418152, -0.0054015424102544785, -0.003838564269244671, -0.005227632820606232]
ref [0.2692160904407501, 0.14542783796787262, 0.09593402594327927, 0.07447947561740875, 0.05652216821908951, 0.04511523246765137, 0.036758147180080414, 0.032557494938373566, 0.026854461058974266, 0.026483088731765747, 0.02346784621477127, 0.023810535669326782, 0.020845282822847366, 0.017994040623307228, 0.01840631291270256, 0.014174899086356163, 0.014607636258006096, 0.015602201223373413, 0.015314070507884026, 0.018114745616912842, 0.017349403351545334, 0.01516010146588087, 0.015566774643957615, 0.01625686325132847, 0.013942264951765537, 0.017266064882278442, 0.016951123252511024, 0.016984526067972183, 0.016423964872956276, 0.015341179445385933, 0.01683318242430687]
[0.2650298774242401, 0.10207250714302063, 0.05989084020256996, 0.04560360312461853, 0.03686434030532837, 0.030253330245614052, 0.024124300107359886, 0.019530942663550377, 0.017734432592988014, 0.015340772457420826, 0.013992175459861755, 0.012717015109956264, 0.012144844979047775, 0.011678234674036503, 0.010469854809343815, 0.00984020996838808, 0.010122480802237988, 0.01012823823839426, 0.010326569899916649, 0.010752521455287933, 0.009685350582003593, 0.009952175430953503, 0.010773603804409504, 0.01038841437548399, 0.010707801207900047, 0.011297469027340412, 0.011670033447444439, 0.011877316981554031, 0.011022422462701797, 0.011502615176141262, 0.011605549603700638]
Training time: 2593 	steps per sec: 12
Eval num_timesteps=31744, episode_reward=nan +/- nan
Eval num_timesteps=31744, episode_success=nan +/- nan
se
16 16384 1024
diff [-0.00418621301651001, -0.04335533082485199, -0.036043185740709305, -0.028875872492790222, -0.01965782791376114, -0.014861902222037315, -0.012633847072720528, -0.013026552274823189, -0.009120028465986252, -0.011142316274344921, -0.009475670754909515, -0.011093520559370518, -0.008700437843799591, -0.006315805949270725, -0.007936458103358746, -0.004334689117968082, -0.004485155455768108, -0.005473962984979153, -0.004987500607967377, -0.0073622241616249084, -0.00766405276954174, -0.005207926034927368, -0.004793170839548111, -0.005868448875844479, -0.00323446374386549, -0.00596859585493803, -0.0052810898050665855, -0.005107209086418152, -0.0054015424102544785, -0.003838564269244671, -0.005227632820606232, -0.004945235326886177]
ref [0.2692160904407501, 0.14542783796787262, 0.09593402594327927, 0.07447947561740875, 0.05652216821908951, 0.04511523246765137, 0.036758147180080414, 0.032557494938373566, 0.026854461058974266, 0.026483088731765747, 0.02346784621477127, 0.023810535669326782, 0.020845282822847366, 0.017994040623307228, 0.01840631291270256, 0.014174899086356163, 0.014607636258006096, 0.015602201223373413, 0.015314070507884026, 0.018114745616912842, 0.017349403351545334, 0.01516010146588087, 0.015566774643957615, 0.01625686325132847, 0.013942264951765537, 0.017266064882278442, 0.016951123252511024, 0.016984526067972183, 0.016423964872956276, 0.015341179445385933, 0.01683318242430687, 0.016049569472670555]
[0.2650298774242401, 0.10207250714302063, 0.05989084020256996, 0.04560360312461853, 0.03686434030532837, 0.030253330245614052, 0.024124300107359886, 0.019530942663550377, 0.017734432592988014, 0.015340772457420826, 0.013992175459861755, 0.012717015109956264, 0.012144844979047775, 0.011678234674036503, 0.010469854809343815, 0.00984020996838808, 0.010122480802237988, 0.01012823823839426, 0.010326569899916649, 0.010752521455287933, 0.009685350582003593, 0.009952175430953503, 0.010773603804409504, 0.01038841437548399, 0.010707801207900047, 0.011297469027340412, 0.011670033447444439, 0.011877316981554031, 0.011022422462701797, 0.011502615176141262, 0.011605549603700638, 0.011104334145784378]
Training time: 2703 	steps per sec: 12
Eval num_timesteps=32768, episode_reward=nan +/- nan
Eval num_timesteps=32768, episode_success=nan +/- nan
results/Walker2d-v4/
results/Walker2d-v4/ppo_ros/
results/Walker2d-v4/ppo_ros/expert/
results/Walker2d-v4/ppo_ros/expert/b_16/
results/Walker2d-v4/ppo_ros/expert/b_16/no_lambda/
results/Walker2d-v4/ppo_ros/expert/b_16/no_lambda/run_3/
results/Walker2d-v4/ppo_ros/expert/b_16/no_lambda/run_3/stats.npz
results/Walker2d-v4/ppo_ros/expert/b_16/no_lambda/run_3/evaluations.npz
results/Walker2d-v4/ppo_ros/expert/b_16/no_lambda/run_3/config.yml
