ppo_ros_continuous.py --env-id Ant-v4 -s expert/b_16/no_clip_lambda --total-timesteps 32768 --eval-freq 1 --eval-episodes 0 -b 16 --num-steps 1024 -lr 0 --update-epochs 0 --anneal-lr 0 --ros-num-steps 256 --ros-update-epochs 16 --ros-target-kl 0.05 --ros-clip-coef 999999999 --ros-lambda 0 -ros-lr 0.0001 --ros-anneal-lr 0 --se 1 --se-freq 1 --se-lr 1e-3 --se-epochs 1000 --policy-path policies/Ant-v4/best_model.zip --normalization-dir policies/Ant-v4
Obtaining file:///var/lib/condor/execute/slot1/dir_476889/PPOROS/PPOROS/custom-envs
  Preparing metadata (setup.py): started
  Preparing metadata (setup.py): finished with status 'done'
Requirement already satisfied: gym in /var/lib/condor/execute/slot1/dir_476889/PPOROS/ppo-ros_env/lib/python3.9/site-packages (from custom-envs==0.0.1) (0.21.0)
Requirement already satisfied: cloudpickle>=1.2.0 in /var/lib/condor/execute/slot1/dir_476889/PPOROS/ppo-ros_env/lib/python3.9/site-packages (from gym->custom-envs==0.0.1) (2.2.1)
Requirement already satisfied: numpy>=1.18.0 in /var/lib/condor/execute/slot1/dir_476889/PPOROS/ppo-ros_env/lib/python3.9/site-packages (from gym->custom-envs==0.0.1) (1.24.2)
Installing collected packages: custom-envs
  Running setup.py develop for custom-envs
Successfully installed custom-envs-0.0.1
seed: 2
Eval num_timesteps=0, episode_reward=nan +/- nan
Eval num_timesteps=0, episode_success=nan +/- nan
se
1 1024 1024
diff [-0.01223599910736084]
ref [0.8622123003005981]
[0.8499763011932373]
Training time: 12 	steps per sec: 81
Eval num_timesteps=1024, episode_reward=nan +/- nan
Eval num_timesteps=1024, episode_success=nan +/- nan
se
2 2048 1024
diff [-0.01223599910736084, -0.047352373600006104]
ref [0.8622123003005981, 0.2829724848270416]
[0.8499763011932373, 0.23562011122703552]
Training time: 35 	steps per sec: 57
Eval num_timesteps=2048, episode_reward=nan +/- nan
Eval num_timesteps=2048, episode_success=nan +/- nan
se
3 3072 1024
diff [-0.01223599910736084, -0.047352373600006104, 0.004959464073181152]
ref [0.8622123003005981, 0.2829724848270416, 0.13509829342365265]
[0.8499763011932373, 0.23562011122703552, 0.1400577574968338]
Training time: 64 	steps per sec: 47
Eval num_timesteps=3072, episode_reward=nan +/- nan
Eval num_timesteps=3072, episode_success=nan +/- nan
se
4 4096 1024
diff [-0.01223599910736084, -0.047352373600006104, 0.004959464073181152, 0.01793624460697174]
ref [0.8622123003005981, 0.2829724848270416, 0.13509829342365265, 0.09051994234323502]
[0.8499763011932373, 0.23562011122703552, 0.1400577574968338, 0.10845618695020676]
Training time: 101 	steps per sec: 40
Eval num_timesteps=4096, episode_reward=nan +/- nan
Eval num_timesteps=4096, episode_success=nan +/- nan
se
5 5120 1024
diff [-0.01223599910736084, -0.047352373600006104, 0.004959464073181152, 0.01793624460697174, -0.0018330663442611694]
ref [0.8622123003005981, 0.2829724848270416, 0.13509829342365265, 0.09051994234323502, 0.0819861888885498]
[0.8499763011932373, 0.23562011122703552, 0.1400577574968338, 0.10845618695020676, 0.08015312254428864]
Training time: 144 	steps per sec: 35
Eval num_timesteps=5120, episode_reward=nan +/- nan
Eval num_timesteps=5120, episode_success=nan +/- nan
se
6 6144 1024
diff [-0.01223599910736084, -0.047352373600006104, 0.004959464073181152, 0.01793624460697174, -0.0018330663442611694, -0.004597410559654236]
ref [0.8622123003005981, 0.2829724848270416, 0.13509829342365265, 0.09051994234323502, 0.0819861888885498, 0.06900662928819656]
[0.8499763011932373, 0.23562011122703552, 0.1400577574968338, 0.10845618695020676, 0.08015312254428864, 0.06440921872854233]
Training time: 194 	steps per sec: 31
Eval num_timesteps=6144, episode_reward=nan +/- nan
Eval num_timesteps=6144, episode_success=nan +/- nan
se
7 7168 1024
diff [-0.01223599910736084, -0.047352373600006104, 0.004959464073181152, 0.01793624460697174, -0.0018330663442611694, -0.004597410559654236, 0.0002664700150489807]
ref [0.8622123003005981, 0.2829724848270416, 0.13509829342365265, 0.09051994234323502, 0.0819861888885498, 0.06900662928819656, 0.0509522370994091]
[0.8499763011932373, 0.23562011122703552, 0.1400577574968338, 0.10845618695020676, 0.08015312254428864, 0.06440921872854233, 0.051218707114458084]
Training time: 251 	steps per sec: 28
Eval num_timesteps=7168, episode_reward=nan +/- nan
Eval num_timesteps=7168, episode_success=nan +/- nan
se
8 8192 1024
diff [-0.01223599910736084, -0.047352373600006104, 0.004959464073181152, 0.01793624460697174, -0.0018330663442611694, -0.004597410559654236, 0.0002664700150489807, -0.004044719040393829]
ref [0.8622123003005981, 0.2829724848270416, 0.13509829342365265, 0.09051994234323502, 0.0819861888885498, 0.06900662928819656, 0.0509522370994091, 0.045365843921899796]
[0.8499763011932373, 0.23562011122703552, 0.1400577574968338, 0.10845618695020676, 0.08015312254428864, 0.06440921872854233, 0.051218707114458084, 0.041321124881505966]
Training time: 319 	steps per sec: 25
Eval num_timesteps=8192, episode_reward=nan +/- nan
Eval num_timesteps=8192, episode_success=nan +/- nan
se
9 9216 1024
diff [-0.01223599910736084, -0.047352373600006104, 0.004959464073181152, 0.01793624460697174, -0.0018330663442611694, -0.004597410559654236, 0.0002664700150489807, -0.004044719040393829, -0.0020481981337070465]
ref [0.8622123003005981, 0.2829724848270416, 0.13509829342365265, 0.09051994234323502, 0.0819861888885498, 0.06900662928819656, 0.0509522370994091, 0.045365843921899796, 0.036662157624959946]
[0.8499763011932373, 0.23562011122703552, 0.1400577574968338, 0.10845618695020676, 0.08015312254428864, 0.06440921872854233, 0.051218707114458084, 0.041321124881505966, 0.0346139594912529]
Training time: 393 	steps per sec: 23
Eval num_timesteps=9216, episode_reward=nan +/- nan
Eval num_timesteps=9216, episode_success=nan +/- nan
se
10 10240 1024
diff [-0.01223599910736084, -0.047352373600006104, 0.004959464073181152, 0.01793624460697174, -0.0018330663442611694, -0.004597410559654236, 0.0002664700150489807, -0.004044719040393829, -0.0020481981337070465, -0.004693068563938141]
ref [0.8622123003005981, 0.2829724848270416, 0.13509829342365265, 0.09051994234323502, 0.0819861888885498, 0.06900662928819656, 0.0509522370994091, 0.045365843921899796, 0.036662157624959946, 0.0354011245071888]
[0.8499763011932373, 0.23562011122703552, 0.1400577574968338, 0.10845618695020676, 0.08015312254428864, 0.06440921872854233, 0.051218707114458084, 0.041321124881505966, 0.0346139594912529, 0.030708055943250656]
Training time: 476 	steps per sec: 21
Eval num_timesteps=10240, episode_reward=nan +/- nan
Eval num_timesteps=10240, episode_success=nan +/- nan
se
11 11264 1024
diff [-0.01223599910736084, -0.047352373600006104, 0.004959464073181152, 0.01793624460697174, -0.0018330663442611694, -0.004597410559654236, 0.0002664700150489807, -0.004044719040393829, -0.0020481981337070465, -0.004693068563938141, -0.005394019186496735]
ref [0.8622123003005981, 0.2829724848270416, 0.13509829342365265, 0.09051994234323502, 0.0819861888885498, 0.06900662928819656, 0.0509522370994091, 0.045365843921899796, 0.036662157624959946, 0.0354011245071888, 0.03257359564304352]
[0.8499763011932373, 0.23562011122703552, 0.1400577574968338, 0.10845618695020676, 0.08015312254428864, 0.06440921872854233, 0.051218707114458084, 0.041321124881505966, 0.0346139594912529, 0.030708055943250656, 0.027179576456546783]
Training time: 571 	steps per sec: 19
Eval num_timesteps=11264, episode_reward=nan +/- nan
Eval num_timesteps=11264, episode_success=nan +/- nan
se
12 12288 1024
diff [-0.01223599910736084, -0.047352373600006104, 0.004959464073181152, 0.01793624460697174, -0.0018330663442611694, -0.004597410559654236, 0.0002664700150489807, -0.004044719040393829, -0.0020481981337070465, -0.004693068563938141, -0.005394019186496735, -0.007114935666322708]
ref [0.8622123003005981, 0.2829724848270416, 0.13509829342365265, 0.09051994234323502, 0.0819861888885498, 0.06900662928819656, 0.0509522370994091, 0.045365843921899796, 0.036662157624959946, 0.0354011245071888, 0.03257359564304352, 0.030541928485035896]
[0.8499763011932373, 0.23562011122703552, 0.1400577574968338, 0.10845618695020676, 0.08015312254428864, 0.06440921872854233, 0.051218707114458084, 0.041321124881505966, 0.0346139594912529, 0.030708055943250656, 0.027179576456546783, 0.023426992818713188]
Training time: 673 	steps per sec: 18
Eval num_timesteps=12288, episode_reward=nan +/- nan
Eval num_timesteps=12288, episode_success=nan +/- nan
se
13 13312 1024
diff [-0.01223599910736084, -0.047352373600006104, 0.004959464073181152, 0.01793624460697174, -0.0018330663442611694, -0.004597410559654236, 0.0002664700150489807, -0.004044719040393829, -0.0020481981337070465, -0.004693068563938141, -0.005394019186496735, -0.007114935666322708, -0.0037214551120996475]
ref [0.8622123003005981, 0.2829724848270416, 0.13509829342365265, 0.09051994234323502, 0.0819861888885498, 0.06900662928819656, 0.0509522370994091, 0.045365843921899796, 0.036662157624959946, 0.0354011245071888, 0.03257359564304352, 0.030541928485035896, 0.025458183139562607]
[0.8499763011932373, 0.23562011122703552, 0.1400577574968338, 0.10845618695020676, 0.08015312254428864, 0.06440921872854233, 0.051218707114458084, 0.041321124881505966, 0.0346139594912529, 0.030708055943250656, 0.027179576456546783, 0.023426992818713188, 0.02173672802746296]
Training time: 782 	steps per sec: 17
Eval num_timesteps=13312, episode_reward=nan +/- nan
Eval num_timesteps=13312, episode_success=nan +/- nan
se
14 14336 1024
diff [-0.01223599910736084, -0.047352373600006104, 0.004959464073181152, 0.01793624460697174, -0.0018330663442611694, -0.004597410559654236, 0.0002664700150489807, -0.004044719040393829, -0.0020481981337070465, -0.004693068563938141, -0.005394019186496735, -0.007114935666322708, -0.0037214551120996475, -0.008263053372502327]
ref [0.8622123003005981, 0.2829724848270416, 0.13509829342365265, 0.09051994234323502, 0.0819861888885498, 0.06900662928819656, 0.0509522370994091, 0.045365843921899796, 0.036662157624959946, 0.0354011245071888, 0.03257359564304352, 0.030541928485035896, 0.025458183139562607, 0.02727838233113289]
[0.8499763011932373, 0.23562011122703552, 0.1400577574968338, 0.10845618695020676, 0.08015312254428864, 0.06440921872854233, 0.051218707114458084, 0.041321124881505966, 0.0346139594912529, 0.030708055943250656, 0.027179576456546783, 0.023426992818713188, 0.02173672802746296, 0.019015328958630562]
Training time: 895 	steps per sec: 16
Eval num_timesteps=14336, episode_reward=nan +/- nan
Eval num_timesteps=14336, episode_success=nan +/- nan
se
15 15360 1024
diff [-0.01223599910736084, -0.047352373600006104, 0.004959464073181152, 0.01793624460697174, -0.0018330663442611694, -0.004597410559654236, 0.0002664700150489807, -0.004044719040393829, -0.0020481981337070465, -0.004693068563938141, -0.005394019186496735, -0.007114935666322708, -0.0037214551120996475, -0.008263053372502327, -0.005968749523162842]
ref [0.8622123003005981, 0.2829724848270416, 0.13509829342365265, 0.09051994234323502, 0.0819861888885498, 0.06900662928819656, 0.0509522370994091, 0.045365843921899796, 0.036662157624959946, 0.0354011245071888, 0.03257359564304352, 0.030541928485035896, 0.025458183139562607, 0.02727838233113289, 0.0234957467764616]
[0.8499763011932373, 0.23562011122703552, 0.1400577574968338, 0.10845618695020676, 0.08015312254428864, 0.06440921872854233, 0.051218707114458084, 0.041321124881505966, 0.0346139594912529, 0.030708055943250656, 0.027179576456546783, 0.023426992818713188, 0.02173672802746296, 0.019015328958630562, 0.01752699725329876]
Training time: 1012 	steps per sec: 15
Eval num_timesteps=15360, episode_reward=nan +/- nan
Eval num_timesteps=15360, episode_success=nan +/- nan
se
16 16384 1024
diff [-0.01223599910736084, -0.047352373600006104, 0.004959464073181152, 0.01793624460697174, -0.0018330663442611694, -0.004597410559654236, 0.0002664700150489807, -0.004044719040393829, -0.0020481981337070465, -0.004693068563938141, -0.005394019186496735, -0.007114935666322708, -0.0037214551120996475, -0.008263053372502327, -0.005968749523162842, -0.005921429023146629]
ref [0.8622123003005981, 0.2829724848270416, 0.13509829342365265, 0.09051994234323502, 0.0819861888885498, 0.06900662928819656, 0.0509522370994091, 0.045365843921899796, 0.036662157624959946, 0.0354011245071888, 0.03257359564304352, 0.030541928485035896, 0.025458183139562607, 0.02727838233113289, 0.0234957467764616, 0.02280743233859539]
[0.8499763011932373, 0.23562011122703552, 0.1400577574968338, 0.10845618695020676, 0.08015312254428864, 0.06440921872854233, 0.051218707114458084, 0.041321124881505966, 0.0346139594912529, 0.030708055943250656, 0.027179576456546783, 0.023426992818713188, 0.02173672802746296, 0.019015328958630562, 0.01752699725329876, 0.01688600331544876]
Training time: 1147 	steps per sec: 14
Eval num_timesteps=16384, episode_reward=nan +/- nan
Eval num_timesteps=16384, episode_success=nan +/- nan
se
16 16384 1024
diff [-0.01223599910736084, -0.047352373600006104, 0.004959464073181152, 0.01793624460697174, -0.0018330663442611694, -0.004597410559654236, 0.0002664700150489807, -0.004044719040393829, -0.0020481981337070465, -0.004693068563938141, -0.005394019186496735, -0.007114935666322708, -0.0037214551120996475, -0.008263053372502327, -0.005968749523162842, -0.005921429023146629, -0.0046682897955179214]
ref [0.8622123003005981, 0.2829724848270416, 0.13509829342365265, 0.09051994234323502, 0.0819861888885498, 0.06900662928819656, 0.0509522370994091, 0.045365843921899796, 0.036662157624959946, 0.0354011245071888, 0.03257359564304352, 0.030541928485035896, 0.025458183139562607, 0.02727838233113289, 0.0234957467764616, 0.02280743233859539, 0.021994875743985176]
[0.8499763011932373, 0.23562011122703552, 0.1400577574968338, 0.10845618695020676, 0.08015312254428864, 0.06440921872854233, 0.051218707114458084, 0.041321124881505966, 0.0346139594912529, 0.030708055943250656, 0.027179576456546783, 0.023426992818713188, 0.02173672802746296, 0.019015328958630562, 0.01752699725329876, 0.01688600331544876, 0.017326585948467255]
Training time: 1289 	steps per sec: 13
Eval num_timesteps=17408, episode_reward=nan +/- nan
Eval num_timesteps=17408, episode_success=nan +/- nan
se
16 16384 1024
diff [-0.01223599910736084, -0.047352373600006104, 0.004959464073181152, 0.01793624460697174, -0.0018330663442611694, -0.004597410559654236, 0.0002664700150489807, -0.004044719040393829, -0.0020481981337070465, -0.004693068563938141, -0.005394019186496735, -0.007114935666322708, -0.0037214551120996475, -0.008263053372502327, -0.005968749523162842, -0.005921429023146629, -0.0046682897955179214, -0.004455482587218285]
ref [0.8622123003005981, 0.2829724848270416, 0.13509829342365265, 0.09051994234323502, 0.0819861888885498, 0.06900662928819656, 0.0509522370994091, 0.045365843921899796, 0.036662157624959946, 0.0354011245071888, 0.03257359564304352, 0.030541928485035896, 0.025458183139562607, 0.02727838233113289, 0.0234957467764616, 0.02280743233859539, 0.021994875743985176, 0.021429387852549553]
[0.8499763011932373, 0.23562011122703552, 0.1400577574968338, 0.10845618695020676, 0.08015312254428864, 0.06440921872854233, 0.051218707114458084, 0.041321124881505966, 0.0346139594912529, 0.030708055943250656, 0.027179576456546783, 0.023426992818713188, 0.02173672802746296, 0.019015328958630562, 0.01752699725329876, 0.01688600331544876, 0.017326585948467255, 0.01697390526533127]
Training time: 1430 	steps per sec: 12
Eval num_timesteps=18432, episode_reward=nan +/- nan
Eval num_timesteps=18432, episode_success=nan +/- nan
se
16 16384 1024
diff [-0.01223599910736084, -0.047352373600006104, 0.004959464073181152, 0.01793624460697174, -0.0018330663442611694, -0.004597410559654236, 0.0002664700150489807, -0.004044719040393829, -0.0020481981337070465, -0.004693068563938141, -0.005394019186496735, -0.007114935666322708, -0.0037214551120996475, -0.008263053372502327, -0.005968749523162842, -0.005921429023146629, -0.0046682897955179214, -0.004455482587218285, -0.006205281242728233]
ref [0.8622123003005981, 0.2829724848270416, 0.13509829342365265, 0.09051994234323502, 0.0819861888885498, 0.06900662928819656, 0.0509522370994091, 0.045365843921899796, 0.036662157624959946, 0.0354011245071888, 0.03257359564304352, 0.030541928485035896, 0.025458183139562607, 0.02727838233113289, 0.0234957467764616, 0.02280743233859539, 0.021994875743985176, 0.021429387852549553, 0.021766526624560356]
[0.8499763011932373, 0.23562011122703552, 0.1400577574968338, 0.10845618695020676, 0.08015312254428864, 0.06440921872854233, 0.051218707114458084, 0.041321124881505966, 0.0346139594912529, 0.030708055943250656, 0.027179576456546783, 0.023426992818713188, 0.02173672802746296, 0.019015328958630562, 0.01752699725329876, 0.01688600331544876, 0.017326585948467255, 0.01697390526533127, 0.015561245381832123]
Training time: 1570 	steps per sec: 12
Eval num_timesteps=19456, episode_reward=nan +/- nan
Eval num_timesteps=19456, episode_success=nan +/- nan
se
16 16384 1024
diff [-0.01223599910736084, -0.047352373600006104, 0.004959464073181152, 0.01793624460697174, -0.0018330663442611694, -0.004597410559654236, 0.0002664700150489807, -0.004044719040393829, -0.0020481981337070465, -0.004693068563938141, -0.005394019186496735, -0.007114935666322708, -0.0037214551120996475, -0.008263053372502327, -0.005968749523162842, -0.005921429023146629, -0.0046682897955179214, -0.004455482587218285, -0.006205281242728233, -0.0047422293573617935]
ref [0.8622123003005981, 0.2829724848270416, 0.13509829342365265, 0.09051994234323502, 0.0819861888885498, 0.06900662928819656, 0.0509522370994091, 0.045365843921899796, 0.036662157624959946, 0.0354011245071888, 0.03257359564304352, 0.030541928485035896, 0.025458183139562607, 0.02727838233113289, 0.0234957467764616, 0.02280743233859539, 0.021994875743985176, 0.021429387852549553, 0.021766526624560356, 0.020992500707507133]
[0.8499763011932373, 0.23562011122703552, 0.1400577574968338, 0.10845618695020676, 0.08015312254428864, 0.06440921872854233, 0.051218707114458084, 0.041321124881505966, 0.0346139594912529, 0.030708055943250656, 0.027179576456546783, 0.023426992818713188, 0.02173672802746296, 0.019015328958630562, 0.01752699725329876, 0.01688600331544876, 0.017326585948467255, 0.01697390526533127, 0.015561245381832123, 0.01625027135014534]
Training time: 1725 	steps per sec: 11
Eval num_timesteps=20480, episode_reward=nan +/- nan
Eval num_timesteps=20480, episode_success=nan +/- nan
se
16 16384 1024
diff [-0.01223599910736084, -0.047352373600006104, 0.004959464073181152, 0.01793624460697174, -0.0018330663442611694, -0.004597410559654236, 0.0002664700150489807, -0.004044719040393829, -0.0020481981337070465, -0.004693068563938141, -0.005394019186496735, -0.007114935666322708, -0.0037214551120996475, -0.008263053372502327, -0.005968749523162842, -0.005921429023146629, -0.0046682897955179214, -0.004455482587218285, -0.006205281242728233, -0.0047422293573617935, -0.004668492823839188]
ref [0.8622123003005981, 0.2829724848270416, 0.13509829342365265, 0.09051994234323502, 0.0819861888885498, 0.06900662928819656, 0.0509522370994091, 0.045365843921899796, 0.036662157624959946, 0.0354011245071888, 0.03257359564304352, 0.030541928485035896, 0.025458183139562607, 0.02727838233113289, 0.0234957467764616, 0.02280743233859539, 0.021994875743985176, 0.021429387852549553, 0.021766526624560356, 0.020992500707507133, 0.020451568067073822]
[0.8499763011932373, 0.23562011122703552, 0.1400577574968338, 0.10845618695020676, 0.08015312254428864, 0.06440921872854233, 0.051218707114458084, 0.041321124881505966, 0.0346139594912529, 0.030708055943250656, 0.027179576456546783, 0.023426992818713188, 0.02173672802746296, 0.019015328958630562, 0.01752699725329876, 0.01688600331544876, 0.017326585948467255, 0.01697390526533127, 0.015561245381832123, 0.01625027135014534, 0.015783075243234634]
Training time: 1869 	steps per sec: 11
Eval num_timesteps=21504, episode_reward=nan +/- nan
Eval num_timesteps=21504, episode_success=nan +/- nan
se
16 16384 1024
diff [-0.01223599910736084, -0.047352373600006104, 0.004959464073181152, 0.01793624460697174, -0.0018330663442611694, -0.004597410559654236, 0.0002664700150489807, -0.004044719040393829, -0.0020481981337070465, -0.004693068563938141, -0.005394019186496735, -0.007114935666322708, -0.0037214551120996475, -0.008263053372502327, -0.005968749523162842, -0.005921429023146629, -0.0046682897955179214, -0.004455482587218285, -0.006205281242728233, -0.0047422293573617935, -0.004668492823839188, -0.006136089563369751]
ref [0.8622123003005981, 0.2829724848270416, 0.13509829342365265, 0.09051994234323502, 0.0819861888885498, 0.06900662928819656, 0.0509522370994091, 0.045365843921899796, 0.036662157624959946, 0.0354011245071888, 0.03257359564304352, 0.030541928485035896, 0.025458183139562607, 0.02727838233113289, 0.0234957467764616, 0.02280743233859539, 0.021994875743985176, 0.021429387852549553, 0.021766526624560356, 0.020992500707507133, 0.020451568067073822, 0.021879956126213074]
[0.8499763011932373, 0.23562011122703552, 0.1400577574968338, 0.10845618695020676, 0.08015312254428864, 0.06440921872854233, 0.051218707114458084, 0.041321124881505966, 0.0346139594912529, 0.030708055943250656, 0.027179576456546783, 0.023426992818713188, 0.02173672802746296, 0.019015328958630562, 0.01752699725329876, 0.01688600331544876, 0.017326585948467255, 0.01697390526533127, 0.015561245381832123, 0.01625027135014534, 0.015783075243234634, 0.015743866562843323]
Training time: 2001 	steps per sec: 11
Eval num_timesteps=22528, episode_reward=nan +/- nan
Eval num_timesteps=22528, episode_success=nan +/- nan
se
16 16384 1024
diff [-0.01223599910736084, -0.047352373600006104, 0.004959464073181152, 0.01793624460697174, -0.0018330663442611694, -0.004597410559654236, 0.0002664700150489807, -0.004044719040393829, -0.0020481981337070465, -0.004693068563938141, -0.005394019186496735, -0.007114935666322708, -0.0037214551120996475, -0.008263053372502327, -0.005968749523162842, -0.005921429023146629, -0.0046682897955179214, -0.004455482587218285, -0.006205281242728233, -0.0047422293573617935, -0.004668492823839188, -0.006136089563369751, -0.006147028878331184]
ref [0.8622123003005981, 0.2829724848270416, 0.13509829342365265, 0.09051994234323502, 0.0819861888885498, 0.06900662928819656, 0.0509522370994091, 0.045365843921899796, 0.036662157624959946, 0.0354011245071888, 0.03257359564304352, 0.030541928485035896, 0.025458183139562607, 0.02727838233113289, 0.0234957467764616, 0.02280743233859539, 0.021994875743985176, 0.021429387852549553, 0.021766526624560356, 0.020992500707507133, 0.020451568067073822, 0.021879956126213074, 0.02172492817044258]
[0.8499763011932373, 0.23562011122703552, 0.1400577574968338, 0.10845618695020676, 0.08015312254428864, 0.06440921872854233, 0.051218707114458084, 0.041321124881505966, 0.0346139594912529, 0.030708055943250656, 0.027179576456546783, 0.023426992818713188, 0.02173672802746296, 0.019015328958630562, 0.01752699725329876, 0.01688600331544876, 0.017326585948467255, 0.01697390526533127, 0.015561245381832123, 0.01625027135014534, 0.015783075243234634, 0.015743866562843323, 0.015577899292111397]
Training time: 2116 	steps per sec: 11
Eval num_timesteps=23552, episode_reward=nan +/- nan
Eval num_timesteps=23552, episode_success=nan +/- nan
se
16 16384 1024
diff [-0.01223599910736084, -0.047352373600006104, 0.004959464073181152, 0.01793624460697174, -0.0018330663442611694, -0.004597410559654236, 0.0002664700150489807, -0.004044719040393829, -0.0020481981337070465, -0.004693068563938141, -0.005394019186496735, -0.007114935666322708, -0.0037214551120996475, -0.008263053372502327, -0.005968749523162842, -0.005921429023146629, -0.0046682897955179214, -0.004455482587218285, -0.006205281242728233, -0.0047422293573617935, -0.004668492823839188, -0.006136089563369751, -0.006147028878331184, -0.005751984193921089]
ref [0.8622123003005981, 0.2829724848270416, 0.13509829342365265, 0.09051994234323502, 0.0819861888885498, 0.06900662928819656, 0.0509522370994091, 0.045365843921899796, 0.036662157624959946, 0.0354011245071888, 0.03257359564304352, 0.030541928485035896, 0.025458183139562607, 0.02727838233113289, 0.0234957467764616, 0.02280743233859539, 0.021994875743985176, 0.021429387852549553, 0.021766526624560356, 0.020992500707507133, 0.020451568067073822, 0.021879956126213074, 0.02172492817044258, 0.022556088864803314]
[0.8499763011932373, 0.23562011122703552, 0.1400577574968338, 0.10845618695020676, 0.08015312254428864, 0.06440921872854233, 0.051218707114458084, 0.041321124881505966, 0.0346139594912529, 0.030708055943250656, 0.027179576456546783, 0.023426992818713188, 0.02173672802746296, 0.019015328958630562, 0.01752699725329876, 0.01688600331544876, 0.017326585948467255, 0.01697390526533127, 0.015561245381832123, 0.01625027135014534, 0.015783075243234634, 0.015743866562843323, 0.015577899292111397, 0.016804104670882225]
Training time: 2217 	steps per sec: 11
Eval num_timesteps=24576, episode_reward=nan +/- nan
Eval num_timesteps=24576, episode_success=nan +/- nan
se
16 16384 1024
diff [-0.01223599910736084, -0.047352373600006104, 0.004959464073181152, 0.01793624460697174, -0.0018330663442611694, -0.004597410559654236, 0.0002664700150489807, -0.004044719040393829, -0.0020481981337070465, -0.004693068563938141, -0.005394019186496735, -0.007114935666322708, -0.0037214551120996475, -0.008263053372502327, -0.005968749523162842, -0.005921429023146629, -0.0046682897955179214, -0.004455482587218285, -0.006205281242728233, -0.0047422293573617935, -0.004668492823839188, -0.006136089563369751, -0.006147028878331184, -0.005751984193921089, -0.0046264734119176865]
ref [0.8622123003005981, 0.2829724848270416, 0.13509829342365265, 0.09051994234323502, 0.0819861888885498, 0.06900662928819656, 0.0509522370994091, 0.045365843921899796, 0.036662157624959946, 0.0354011245071888, 0.03257359564304352, 0.030541928485035896, 0.025458183139562607, 0.02727838233113289, 0.0234957467764616, 0.02280743233859539, 0.021994875743985176, 0.021429387852549553, 0.021766526624560356, 0.020992500707507133, 0.020451568067073822, 0.021879956126213074, 0.02172492817044258, 0.022556088864803314, 0.021949369460344315]
[0.8499763011932373, 0.23562011122703552, 0.1400577574968338, 0.10845618695020676, 0.08015312254428864, 0.06440921872854233, 0.051218707114458084, 0.041321124881505966, 0.0346139594912529, 0.030708055943250656, 0.027179576456546783, 0.023426992818713188, 0.02173672802746296, 0.019015328958630562, 0.01752699725329876, 0.01688600331544876, 0.017326585948467255, 0.01697390526533127, 0.015561245381832123, 0.01625027135014534, 0.015783075243234634, 0.015743866562843323, 0.015577899292111397, 0.016804104670882225, 0.017322896048426628]
Training time: 2314 	steps per sec: 11
Eval num_timesteps=25600, episode_reward=nan +/- nan
Eval num_timesteps=25600, episode_success=nan +/- nan
se
16 16384 1024
diff [-0.01223599910736084, -0.047352373600006104, 0.004959464073181152, 0.01793624460697174, -0.0018330663442611694, -0.004597410559654236, 0.0002664700150489807, -0.004044719040393829, -0.0020481981337070465, -0.004693068563938141, -0.005394019186496735, -0.007114935666322708, -0.0037214551120996475, -0.008263053372502327, -0.005968749523162842, -0.005921429023146629, -0.0046682897955179214, -0.004455482587218285, -0.006205281242728233, -0.0047422293573617935, -0.004668492823839188, -0.006136089563369751, -0.006147028878331184, -0.005751984193921089, -0.0046264734119176865, -0.006764013320207596]
ref [0.8622123003005981, 0.2829724848270416, 0.13509829342365265, 0.09051994234323502, 0.0819861888885498, 0.06900662928819656, 0.0509522370994091, 0.045365843921899796, 0.036662157624959946, 0.0354011245071888, 0.03257359564304352, 0.030541928485035896, 0.025458183139562607, 0.02727838233113289, 0.0234957467764616, 0.02280743233859539, 0.021994875743985176, 0.021429387852549553, 0.021766526624560356, 0.020992500707507133, 0.020451568067073822, 0.021879956126213074, 0.02172492817044258, 0.022556088864803314, 0.021949369460344315, 0.02413196675479412]
[0.8499763011932373, 0.23562011122703552, 0.1400577574968338, 0.10845618695020676, 0.08015312254428864, 0.06440921872854233, 0.051218707114458084, 0.041321124881505966, 0.0346139594912529, 0.030708055943250656, 0.027179576456546783, 0.023426992818713188, 0.02173672802746296, 0.019015328958630562, 0.01752699725329876, 0.01688600331544876, 0.017326585948467255, 0.01697390526533127, 0.015561245381832123, 0.01625027135014534, 0.015783075243234634, 0.015743866562843323, 0.015577899292111397, 0.016804104670882225, 0.017322896048426628, 0.017367953434586525]
Training time: 2401 	steps per sec: 11
Eval num_timesteps=26624, episode_reward=nan +/- nan
Eval num_timesteps=26624, episode_success=nan +/- nan
se
16 16384 1024
diff [-0.01223599910736084, -0.047352373600006104, 0.004959464073181152, 0.01793624460697174, -0.0018330663442611694, -0.004597410559654236, 0.0002664700150489807, -0.004044719040393829, -0.0020481981337070465, -0.004693068563938141, -0.005394019186496735, -0.007114935666322708, -0.0037214551120996475, -0.008263053372502327, -0.005968749523162842, -0.005921429023146629, -0.0046682897955179214, -0.004455482587218285, -0.006205281242728233, -0.0047422293573617935, -0.004668492823839188, -0.006136089563369751, -0.006147028878331184, -0.005751984193921089, -0.0046264734119176865, -0.006764013320207596, -0.00627821683883667]
ref [0.8622123003005981, 0.2829724848270416, 0.13509829342365265, 0.09051994234323502, 0.0819861888885498, 0.06900662928819656, 0.0509522370994091, 0.045365843921899796, 0.036662157624959946, 0.0354011245071888, 0.03257359564304352, 0.030541928485035896, 0.025458183139562607, 0.02727838233113289, 0.0234957467764616, 0.02280743233859539, 0.021994875743985176, 0.021429387852549553, 0.021766526624560356, 0.020992500707507133, 0.020451568067073822, 0.021879956126213074, 0.02172492817044258, 0.022556088864803314, 0.021949369460344315, 0.02413196675479412, 0.02409190684556961]
[0.8499763011932373, 0.23562011122703552, 0.1400577574968338, 0.10845618695020676, 0.08015312254428864, 0.06440921872854233, 0.051218707114458084, 0.041321124881505966, 0.0346139594912529, 0.030708055943250656, 0.027179576456546783, 0.023426992818713188, 0.02173672802746296, 0.019015328958630562, 0.01752699725329876, 0.01688600331544876, 0.017326585948467255, 0.01697390526533127, 0.015561245381832123, 0.01625027135014534, 0.015783075243234634, 0.015743866562843323, 0.015577899292111397, 0.016804104670882225, 0.017322896048426628, 0.017367953434586525, 0.01781369000673294]
Training time: 2503 	steps per sec: 11
Eval num_timesteps=27648, episode_reward=nan +/- nan
Eval num_timesteps=27648, episode_success=nan +/- nan
se
16 16384 1024
diff [-0.01223599910736084, -0.047352373600006104, 0.004959464073181152, 0.01793624460697174, -0.0018330663442611694, -0.004597410559654236, 0.0002664700150489807, -0.004044719040393829, -0.0020481981337070465, -0.004693068563938141, -0.005394019186496735, -0.007114935666322708, -0.0037214551120996475, -0.008263053372502327, -0.005968749523162842, -0.005921429023146629, -0.0046682897955179214, -0.004455482587218285, -0.006205281242728233, -0.0047422293573617935, -0.004668492823839188, -0.006136089563369751, -0.006147028878331184, -0.005751984193921089, -0.0046264734119176865, -0.006764013320207596, -0.00627821683883667, -0.004498420283198357]
ref [0.8622123003005981, 0.2829724848270416, 0.13509829342365265, 0.09051994234323502, 0.0819861888885498, 0.06900662928819656, 0.0509522370994091, 0.045365843921899796, 0.036662157624959946, 0.0354011245071888, 0.03257359564304352, 0.030541928485035896, 0.025458183139562607, 0.02727838233113289, 0.0234957467764616, 0.02280743233859539, 0.021994875743985176, 0.021429387852549553, 0.021766526624560356, 0.020992500707507133, 0.020451568067073822, 0.021879956126213074, 0.02172492817044258, 0.022556088864803314, 0.021949369460344315, 0.02413196675479412, 0.02409190684556961, 0.021893002092838287]
[0.8499763011932373, 0.23562011122703552, 0.1400577574968338, 0.10845618695020676, 0.08015312254428864, 0.06440921872854233, 0.051218707114458084, 0.041321124881505966, 0.0346139594912529, 0.030708055943250656, 0.027179576456546783, 0.023426992818713188, 0.02173672802746296, 0.019015328958630562, 0.01752699725329876, 0.01688600331544876, 0.017326585948467255, 0.01697390526533127, 0.015561245381832123, 0.01625027135014534, 0.015783075243234634, 0.015743866562843323, 0.015577899292111397, 0.016804104670882225, 0.017322896048426628, 0.017367953434586525, 0.01781369000673294, 0.01739458180963993]
Training time: 2615 	steps per sec: 10
Eval num_timesteps=28672, episode_reward=nan +/- nan
Eval num_timesteps=28672, episode_success=nan +/- nan
se
16 16384 1024
diff [-0.01223599910736084, -0.047352373600006104, 0.004959464073181152, 0.01793624460697174, -0.0018330663442611694, -0.004597410559654236, 0.0002664700150489807, -0.004044719040393829, -0.0020481981337070465, -0.004693068563938141, -0.005394019186496735, -0.007114935666322708, -0.0037214551120996475, -0.008263053372502327, -0.005968749523162842, -0.005921429023146629, -0.0046682897955179214, -0.004455482587218285, -0.006205281242728233, -0.0047422293573617935, -0.004668492823839188, -0.006136089563369751, -0.006147028878331184, -0.005751984193921089, -0.0046264734119176865, -0.006764013320207596, -0.00627821683883667, -0.004498420283198357, -0.003537822514772415]
ref [0.8622123003005981, 0.2829724848270416, 0.13509829342365265, 0.09051994234323502, 0.0819861888885498, 0.06900662928819656, 0.0509522370994091, 0.045365843921899796, 0.036662157624959946, 0.0354011245071888, 0.03257359564304352, 0.030541928485035896, 0.025458183139562607, 0.02727838233113289, 0.0234957467764616, 0.02280743233859539, 0.021994875743985176, 0.021429387852549553, 0.021766526624560356, 0.020992500707507133, 0.020451568067073822, 0.021879956126213074, 0.02172492817044258, 0.022556088864803314, 0.021949369460344315, 0.02413196675479412, 0.02409190684556961, 0.021893002092838287, 0.020705195143818855]
[0.8499763011932373, 0.23562011122703552, 0.1400577574968338, 0.10845618695020676, 0.08015312254428864, 0.06440921872854233, 0.051218707114458084, 0.041321124881505966, 0.0346139594912529, 0.030708055943250656, 0.027179576456546783, 0.023426992818713188, 0.02173672802746296, 0.019015328958630562, 0.01752699725329876, 0.01688600331544876, 0.017326585948467255, 0.01697390526533127, 0.015561245381832123, 0.01625027135014534, 0.015783075243234634, 0.015743866562843323, 0.015577899292111397, 0.016804104670882225, 0.017322896048426628, 0.017367953434586525, 0.01781369000673294, 0.01739458180963993, 0.01716737262904644]
Training time: 2727 	steps per sec: 10
Eval num_timesteps=29696, episode_reward=nan +/- nan
Eval num_timesteps=29696, episode_success=nan +/- nan
se
16 16384 1024
diff [-0.01223599910736084, -0.047352373600006104, 0.004959464073181152, 0.01793624460697174, -0.0018330663442611694, -0.004597410559654236, 0.0002664700150489807, -0.004044719040393829, -0.0020481981337070465, -0.004693068563938141, -0.005394019186496735, -0.007114935666322708, -0.0037214551120996475, -0.008263053372502327, -0.005968749523162842, -0.005921429023146629, -0.0046682897955179214, -0.004455482587218285, -0.006205281242728233, -0.0047422293573617935, -0.004668492823839188, -0.006136089563369751, -0.006147028878331184, -0.005751984193921089, -0.0046264734119176865, -0.006764013320207596, -0.00627821683883667, -0.004498420283198357, -0.003537822514772415, -0.0038185250014066696]
ref [0.8622123003005981, 0.2829724848270416, 0.13509829342365265, 0.09051994234323502, 0.0819861888885498, 0.06900662928819656, 0.0509522370994091, 0.045365843921899796, 0.036662157624959946, 0.0354011245071888, 0.03257359564304352, 0.030541928485035896, 0.025458183139562607, 0.02727838233113289, 0.0234957467764616, 0.02280743233859539, 0.021994875743985176, 0.021429387852549553, 0.021766526624560356, 0.020992500707507133, 0.020451568067073822, 0.021879956126213074, 0.02172492817044258, 0.022556088864803314, 0.021949369460344315, 0.02413196675479412, 0.02409190684556961, 0.021893002092838287, 0.020705195143818855, 0.020753756165504456]
[0.8499763011932373, 0.23562011122703552, 0.1400577574968338, 0.10845618695020676, 0.08015312254428864, 0.06440921872854233, 0.051218707114458084, 0.041321124881505966, 0.0346139594912529, 0.030708055943250656, 0.027179576456546783, 0.023426992818713188, 0.02173672802746296, 0.019015328958630562, 0.01752699725329876, 0.01688600331544876, 0.017326585948467255, 0.01697390526533127, 0.015561245381832123, 0.01625027135014534, 0.015783075243234634, 0.015743866562843323, 0.015577899292111397, 0.016804104670882225, 0.017322896048426628, 0.017367953434586525, 0.01781369000673294, 0.01739458180963993, 0.01716737262904644, 0.016935231164097786]
Training time: 2818 	steps per sec: 10
Eval num_timesteps=30720, episode_reward=nan +/- nan
Eval num_timesteps=30720, episode_success=nan +/- nan
se
16 16384 1024
diff [-0.01223599910736084, -0.047352373600006104, 0.004959464073181152, 0.01793624460697174, -0.0018330663442611694, -0.004597410559654236, 0.0002664700150489807, -0.004044719040393829, -0.0020481981337070465, -0.004693068563938141, -0.005394019186496735, -0.007114935666322708, -0.0037214551120996475, -0.008263053372502327, -0.005968749523162842, -0.005921429023146629, -0.0046682897955179214, -0.004455482587218285, -0.006205281242728233, -0.0047422293573617935, -0.004668492823839188, -0.006136089563369751, -0.006147028878331184, -0.005751984193921089, -0.0046264734119176865, -0.006764013320207596, -0.00627821683883667, -0.004498420283198357, -0.003537822514772415, -0.0038185250014066696, -0.003041701391339302]
ref [0.8622123003005981, 0.2829724848270416, 0.13509829342365265, 0.09051994234323502, 0.0819861888885498, 0.06900662928819656, 0.0509522370994091, 0.045365843921899796, 0.036662157624959946, 0.0354011245071888, 0.03257359564304352, 0.030541928485035896, 0.025458183139562607, 0.02727838233113289, 0.0234957467764616, 0.02280743233859539, 0.021994875743985176, 0.021429387852549553, 0.021766526624560356, 0.020992500707507133, 0.020451568067073822, 0.021879956126213074, 0.02172492817044258, 0.022556088864803314, 0.021949369460344315, 0.02413196675479412, 0.02409190684556961, 0.021893002092838287, 0.020705195143818855, 0.020753756165504456, 0.01927228271961212]
[0.8499763011932373, 0.23562011122703552, 0.1400577574968338, 0.10845618695020676, 0.08015312254428864, 0.06440921872854233, 0.051218707114458084, 0.041321124881505966, 0.0346139594912529, 0.030708055943250656, 0.027179576456546783, 0.023426992818713188, 0.02173672802746296, 0.019015328958630562, 0.01752699725329876, 0.01688600331544876, 0.017326585948467255, 0.01697390526533127, 0.015561245381832123, 0.01625027135014534, 0.015783075243234634, 0.015743866562843323, 0.015577899292111397, 0.016804104670882225, 0.017322896048426628, 0.017367953434586525, 0.01781369000673294, 0.01739458180963993, 0.01716737262904644, 0.016935231164097786, 0.01623058132827282]
Training time: 2907 	steps per sec: 10
Eval num_timesteps=31744, episode_reward=nan +/- nan
Eval num_timesteps=31744, episode_success=nan +/- nan
se
16 16384 1024
diff [-0.01223599910736084, -0.047352373600006104, 0.004959464073181152, 0.01793624460697174, -0.0018330663442611694, -0.004597410559654236, 0.0002664700150489807, -0.004044719040393829, -0.0020481981337070465, -0.004693068563938141, -0.005394019186496735, -0.007114935666322708, -0.0037214551120996475, -0.008263053372502327, -0.005968749523162842, -0.005921429023146629, -0.0046682897955179214, -0.004455482587218285, -0.006205281242728233, -0.0047422293573617935, -0.004668492823839188, -0.006136089563369751, -0.006147028878331184, -0.005751984193921089, -0.0046264734119176865, -0.006764013320207596, -0.00627821683883667, -0.004498420283198357, -0.003537822514772415, -0.0038185250014066696, -0.003041701391339302, -0.004254572093486786]
ref [0.8622123003005981, 0.2829724848270416, 0.13509829342365265, 0.09051994234323502, 0.0819861888885498, 0.06900662928819656, 0.0509522370994091, 0.045365843921899796, 0.036662157624959946, 0.0354011245071888, 0.03257359564304352, 0.030541928485035896, 0.025458183139562607, 0.02727838233113289, 0.0234957467764616, 0.02280743233859539, 0.021994875743985176, 0.021429387852549553, 0.021766526624560356, 0.020992500707507133, 0.020451568067073822, 0.021879956126213074, 0.02172492817044258, 0.022556088864803314, 0.021949369460344315, 0.02413196675479412, 0.02409190684556961, 0.021893002092838287, 0.020705195143818855, 0.020753756165504456, 0.01927228271961212, 0.020882152020931244]
[0.8499763011932373, 0.23562011122703552, 0.1400577574968338, 0.10845618695020676, 0.08015312254428864, 0.06440921872854233, 0.051218707114458084, 0.041321124881505966, 0.0346139594912529, 0.030708055943250656, 0.027179576456546783, 0.023426992818713188, 0.02173672802746296, 0.019015328958630562, 0.01752699725329876, 0.01688600331544876, 0.017326585948467255, 0.01697390526533127, 0.015561245381832123, 0.01625027135014534, 0.015783075243234634, 0.015743866562843323, 0.015577899292111397, 0.016804104670882225, 0.017322896048426628, 0.017367953434586525, 0.01781369000673294, 0.01739458180963993, 0.01716737262904644, 0.016935231164097786, 0.01623058132827282, 0.016627579927444458]
Training time: 2995 	steps per sec: 10
Eval num_timesteps=32768, episode_reward=nan +/- nan
Eval num_timesteps=32768, episode_success=nan +/- nan
results/Ant-v4/
results/Ant-v4/ppo_ros/
results/Ant-v4/ppo_ros/expert/
results/Ant-v4/ppo_ros/expert/b_16/
results/Ant-v4/ppo_ros/expert/b_16/no_clip_lambda/
results/Ant-v4/ppo_ros/expert/b_16/no_clip_lambda/run_2/
results/Ant-v4/ppo_ros/expert/b_16/no_clip_lambda/run_2/stats.npz
results/Ant-v4/ppo_ros/expert/b_16/no_clip_lambda/run_2/evaluations.npz
results/Ant-v4/ppo_ros/expert/b_16/no_clip_lambda/run_2/config.yml
