ppo_ros_continuous.py --env-id Ant-v4 -s expert/b_16/no_lambda --total-timesteps 32768 --eval-freq 1 --eval-episodes 0 -b 16 --num-steps 1024 -lr 0 --update-epochs 0 --anneal-lr 0 --ros-num-steps 256 --ros-update-epochs 16 --ros-target-kl 0.05 --ros-clip-coef 0.3 --ros-lambda 0 -ros-lr 0.0001 --ros-anneal-lr 0 --se 1 --se-freq 1 --se-lr 1e-3 --se-epochs 1000 --policy-path policies/Ant-v4/best_model.zip --normalization-dir policies/Ant-v4
Obtaining file:///var/lib/condor/execute/slot1/dir_37994/PPOROS/PPOROS/custom-envs
  Preparing metadata (setup.py): started
  Preparing metadata (setup.py): finished with status 'done'
Requirement already satisfied: gym in /var/lib/condor/execute/slot1/dir_37994/PPOROS/ppo-ros_env/lib/python3.9/site-packages (from custom-envs==0.0.1) (0.21.0)
Requirement already satisfied: numpy>=1.18.0 in /var/lib/condor/execute/slot1/dir_37994/PPOROS/ppo-ros_env/lib/python3.9/site-packages (from gym->custom-envs==0.0.1) (1.24.2)
Requirement already satisfied: cloudpickle>=1.2.0 in /var/lib/condor/execute/slot1/dir_37994/PPOROS/ppo-ros_env/lib/python3.9/site-packages (from gym->custom-envs==0.0.1) (2.2.1)
Installing collected packages: custom-envs
  Running setup.py develop for custom-envs
Successfully installed custom-envs-0.0.1
seed: 2
Eval num_timesteps=0, episode_reward=nan +/- nan
Eval num_timesteps=0, episode_success=nan +/- nan
se
1 1024 1024
diff [0.1778547167778015]
ref [0.7762328386306763]
[0.9540875554084778]
Training time: 52 	steps per sec: 19
Eval num_timesteps=1024, episode_reward=nan +/- nan
Eval num_timesteps=1024, episode_success=nan +/- nan
se
2 2048 1024
diff [0.1778547167778015, -0.018196284770965576]
ref [0.7762328386306763, 0.22984468936920166]
[0.9540875554084778, 0.21164840459823608]
Training time: 110 	steps per sec: 18
Eval num_timesteps=2048, episode_reward=nan +/- nan
Eval num_timesteps=2048, episode_success=nan +/- nan
se
3 3072 1024
diff [0.1778547167778015, -0.018196284770965576, -0.015127256512641907]
ref [0.7762328386306763, 0.22984468936920166, 0.1402130275964737]
[0.9540875554084778, 0.21164840459823608, 0.1250857710838318]
Training time: 194 	steps per sec: 15
Eval num_timesteps=3072, episode_reward=nan +/- nan
Eval num_timesteps=3072, episode_success=nan +/- nan
se
4 4096 1024
diff [0.1778547167778015, -0.018196284770965576, -0.015127256512641907, -0.021597929298877716]
ref [0.7762328386306763, 0.22984468936920166, 0.1402130275964737, 0.1077934131026268]
[0.9540875554084778, 0.21164840459823608, 0.1250857710838318, 0.08619548380374908]
Training time: 296 	steps per sec: 13
Eval num_timesteps=4096, episode_reward=nan +/- nan
Eval num_timesteps=4096, episode_success=nan +/- nan
se
5 5120 1024
diff [0.1778547167778015, -0.018196284770965576, -0.015127256512641907, -0.021597929298877716, -0.011195965111255646]
ref [0.7762328386306763, 0.22984468936920166, 0.1402130275964737, 0.1077934131026268, 0.07491155713796616]
[0.9540875554084778, 0.21164840459823608, 0.1250857710838318, 0.08619548380374908, 0.06371559202671051]
Training time: 420 	steps per sec: 12
Eval num_timesteps=5120, episode_reward=nan +/- nan
Eval num_timesteps=5120, episode_success=nan +/- nan
se
6 6144 1024
diff [0.1778547167778015, -0.018196284770965576, -0.015127256512641907, -0.021597929298877716, -0.011195965111255646, -0.015014540404081345]
ref [0.7762328386306763, 0.22984468936920166, 0.1402130275964737, 0.1077934131026268, 0.07491155713796616, 0.06601240485906601]
[0.9540875554084778, 0.21164840459823608, 0.1250857710838318, 0.08619548380374908, 0.06371559202671051, 0.050997864454984665]
Training time: 550 	steps per sec: 11
Eval num_timesteps=6144, episode_reward=nan +/- nan
Eval num_timesteps=6144, episode_success=nan +/- nan
se
7 7168 1024
diff [0.1778547167778015, -0.018196284770965576, -0.015127256512641907, -0.021597929298877716, -0.011195965111255646, -0.015014540404081345, -0.008582703769207]
ref [0.7762328386306763, 0.22984468936920166, 0.1402130275964737, 0.1077934131026268, 0.07491155713796616, 0.06601240485906601, 0.050933290272951126]
[0.9540875554084778, 0.21164840459823608, 0.1250857710838318, 0.08619548380374908, 0.06371559202671051, 0.050997864454984665, 0.042350586503744125]
Training time: 686 	steps per sec: 10
Eval num_timesteps=7168, episode_reward=nan +/- nan
Eval num_timesteps=7168, episode_success=nan +/- nan
se
8 8192 1024
diff [0.1778547167778015, -0.018196284770965576, -0.015127256512641907, -0.021597929298877716, -0.011195965111255646, -0.015014540404081345, -0.008582703769207, -0.009048320353031158]
ref [0.7762328386306763, 0.22984468936920166, 0.1402130275964737, 0.1077934131026268, 0.07491155713796616, 0.06601240485906601, 0.050933290272951126, 0.044560693204402924]
[0.9540875554084778, 0.21164840459823608, 0.1250857710838318, 0.08619548380374908, 0.06371559202671051, 0.050997864454984665, 0.042350586503744125, 0.035512372851371765]
Training time: 843 	steps per sec: 9
Eval num_timesteps=8192, episode_reward=nan +/- nan
Eval num_timesteps=8192, episode_success=nan +/- nan
se
9 9216 1024
diff [0.1778547167778015, -0.018196284770965576, -0.015127256512641907, -0.021597929298877716, -0.011195965111255646, -0.015014540404081345, -0.008582703769207, -0.009048320353031158, -0.011423390358686447]
ref [0.7762328386306763, 0.22984468936920166, 0.1402130275964737, 0.1077934131026268, 0.07491155713796616, 0.06601240485906601, 0.050933290272951126, 0.044560693204402924, 0.04118843004107475]
[0.9540875554084778, 0.21164840459823608, 0.1250857710838318, 0.08619548380374908, 0.06371559202671051, 0.050997864454984665, 0.042350586503744125, 0.035512372851371765, 0.029765039682388306]
Training time: 1034 	steps per sec: 8
Eval num_timesteps=9216, episode_reward=nan +/- nan
Eval num_timesteps=9216, episode_success=nan +/- nan
se
10 10240 1024
diff [0.1778547167778015, -0.018196284770965576, -0.015127256512641907, -0.021597929298877716, -0.011195965111255646, -0.015014540404081345, -0.008582703769207, -0.009048320353031158, -0.011423390358686447, -0.008862815797328949]
ref [0.7762328386306763, 0.22984468936920166, 0.1402130275964737, 0.1077934131026268, 0.07491155713796616, 0.06601240485906601, 0.050933290272951126, 0.044560693204402924, 0.04118843004107475, 0.03494289889931679]
[0.9540875554084778, 0.21164840459823608, 0.1250857710838318, 0.08619548380374908, 0.06371559202671051, 0.050997864454984665, 0.042350586503744125, 0.035512372851371765, 0.029765039682388306, 0.02608008310198784]
Training time: 1219 	steps per sec: 8
Eval num_timesteps=10240, episode_reward=nan +/- nan
Eval num_timesteps=10240, episode_success=nan +/- nan
se
11 11264 1024
diff [0.1778547167778015, -0.018196284770965576, -0.015127256512641907, -0.021597929298877716, -0.011195965111255646, -0.015014540404081345, -0.008582703769207, -0.009048320353031158, -0.011423390358686447, -0.008862815797328949, -0.006711270660161972]
ref [0.7762328386306763, 0.22984468936920166, 0.1402130275964737, 0.1077934131026268, 0.07491155713796616, 0.06601240485906601, 0.050933290272951126, 0.044560693204402924, 0.04118843004107475, 0.03494289889931679, 0.029567750170826912]
[0.9540875554084778, 0.21164840459823608, 0.1250857710838318, 0.08619548380374908, 0.06371559202671051, 0.050997864454984665, 0.042350586503744125, 0.035512372851371765, 0.029765039682388306, 0.02608008310198784, 0.02285647951066494]
Training time: 1410 	steps per sec: 7
Eval num_timesteps=11264, episode_reward=nan +/- nan
Eval num_timesteps=11264, episode_success=nan +/- nan
se
12 12288 1024
diff [0.1778547167778015, -0.018196284770965576, -0.015127256512641907, -0.021597929298877716, -0.011195965111255646, -0.015014540404081345, -0.008582703769207, -0.009048320353031158, -0.011423390358686447, -0.008862815797328949, -0.006711270660161972, -0.011014990508556366]
ref [0.7762328386306763, 0.22984468936920166, 0.1402130275964737, 0.1077934131026268, 0.07491155713796616, 0.06601240485906601, 0.050933290272951126, 0.044560693204402924, 0.04118843004107475, 0.03494289889931679, 0.029567750170826912, 0.03117392025887966]
[0.9540875554084778, 0.21164840459823608, 0.1250857710838318, 0.08619548380374908, 0.06371559202671051, 0.050997864454984665, 0.042350586503744125, 0.035512372851371765, 0.029765039682388306, 0.02608008310198784, 0.02285647951066494, 0.020158929750323296]
Training time: 1629 	steps per sec: 7
Eval num_timesteps=12288, episode_reward=nan +/- nan
Eval num_timesteps=12288, episode_success=nan +/- nan
se
13 13312 1024
diff [0.1778547167778015, -0.018196284770965576, -0.015127256512641907, -0.021597929298877716, -0.011195965111255646, -0.015014540404081345, -0.008582703769207, -0.009048320353031158, -0.011423390358686447, -0.008862815797328949, -0.006711270660161972, -0.011014990508556366, -0.00703052431344986]
ref [0.7762328386306763, 0.22984468936920166, 0.1402130275964737, 0.1077934131026268, 0.07491155713796616, 0.06601240485906601, 0.050933290272951126, 0.044560693204402924, 0.04118843004107475, 0.03494289889931679, 0.029567750170826912, 0.03117392025887966, 0.025044014677405357]
[0.9540875554084778, 0.21164840459823608, 0.1250857710838318, 0.08619548380374908, 0.06371559202671051, 0.050997864454984665, 0.042350586503744125, 0.035512372851371765, 0.029765039682388306, 0.02608008310198784, 0.02285647951066494, 0.020158929750323296, 0.018013490363955498]
Training time: 1866 	steps per sec: 7
Eval num_timesteps=13312, episode_reward=nan +/- nan
Eval num_timesteps=13312, episode_success=nan +/- nan
se
14 14336 1024
diff [0.1778547167778015, -0.018196284770965576, -0.015127256512641907, -0.021597929298877716, -0.011195965111255646, -0.015014540404081345, -0.008582703769207, -0.009048320353031158, -0.011423390358686447, -0.008862815797328949, -0.006711270660161972, -0.011014990508556366, -0.00703052431344986, -0.009193606674671173]
ref [0.7762328386306763, 0.22984468936920166, 0.1402130275964737, 0.1077934131026268, 0.07491155713796616, 0.06601240485906601, 0.050933290272951126, 0.044560693204402924, 0.04118843004107475, 0.03494289889931679, 0.029567750170826912, 0.03117392025887966, 0.025044014677405357, 0.025889452546834946]
[0.9540875554084778, 0.21164840459823608, 0.1250857710838318, 0.08619548380374908, 0.06371559202671051, 0.050997864454984665, 0.042350586503744125, 0.035512372851371765, 0.029765039682388306, 0.02608008310198784, 0.02285647951066494, 0.020158929750323296, 0.018013490363955498, 0.016695845872163773]
Training time: 2110 	steps per sec: 6
Eval num_timesteps=14336, episode_reward=nan +/- nan
Eval num_timesteps=14336, episode_success=nan +/- nan
se
15 15360 1024
diff [0.1778547167778015, -0.018196284770965576, -0.015127256512641907, -0.021597929298877716, -0.011195965111255646, -0.015014540404081345, -0.008582703769207, -0.009048320353031158, -0.011423390358686447, -0.008862815797328949, -0.006711270660161972, -0.011014990508556366, -0.00703052431344986, -0.009193606674671173, -0.006264911964535713]
ref [0.7762328386306763, 0.22984468936920166, 0.1402130275964737, 0.1077934131026268, 0.07491155713796616, 0.06601240485906601, 0.050933290272951126, 0.044560693204402924, 0.04118843004107475, 0.03494289889931679, 0.029567750170826912, 0.03117392025887966, 0.025044014677405357, 0.025889452546834946, 0.02120794542133808]
[0.9540875554084778, 0.21164840459823608, 0.1250857710838318, 0.08619548380374908, 0.06371559202671051, 0.050997864454984665, 0.042350586503744125, 0.035512372851371765, 0.029765039682388306, 0.02608008310198784, 0.02285647951066494, 0.020158929750323296, 0.018013490363955498, 0.016695845872163773, 0.014943033456802368]
Training time: 2385 	steps per sec: 6
Eval num_timesteps=15360, episode_reward=nan +/- nan
Eval num_timesteps=15360, episode_success=nan +/- nan
se
16 16384 1024
diff [0.1778547167778015, -0.018196284770965576, -0.015127256512641907, -0.021597929298877716, -0.011195965111255646, -0.015014540404081345, -0.008582703769207, -0.009048320353031158, -0.011423390358686447, -0.008862815797328949, -0.006711270660161972, -0.011014990508556366, -0.00703052431344986, -0.009193606674671173, -0.006264911964535713, -0.008273704908788204]
ref [0.7762328386306763, 0.22984468936920166, 0.1402130275964737, 0.1077934131026268, 0.07491155713796616, 0.06601240485906601, 0.050933290272951126, 0.044560693204402924, 0.04118843004107475, 0.03494289889931679, 0.029567750170826912, 0.03117392025887966, 0.025044014677405357, 0.025889452546834946, 0.02120794542133808, 0.02271454967558384]
[0.9540875554084778, 0.21164840459823608, 0.1250857710838318, 0.08619548380374908, 0.06371559202671051, 0.050997864454984665, 0.042350586503744125, 0.035512372851371765, 0.029765039682388306, 0.02608008310198784, 0.02285647951066494, 0.020158929750323296, 0.018013490363955498, 0.016695845872163773, 0.014943033456802368, 0.014440844766795635]
Training time: 2670 	steps per sec: 6
Eval num_timesteps=16384, episode_reward=nan +/- nan
Eval num_timesteps=16384, episode_success=nan +/- nan
se
16 16384 1024
diff [0.1778547167778015, -0.018196284770965576, -0.015127256512641907, -0.021597929298877716, -0.011195965111255646, -0.015014540404081345, -0.008582703769207, -0.009048320353031158, -0.011423390358686447, -0.008862815797328949, -0.006711270660161972, -0.011014990508556366, -0.00703052431344986, -0.009193606674671173, -0.006264911964535713, -0.008273704908788204, -0.005989903584122658]
ref [0.7762328386306763, 0.22984468936920166, 0.1402130275964737, 0.1077934131026268, 0.07491155713796616, 0.06601240485906601, 0.050933290272951126, 0.044560693204402924, 0.04118843004107475, 0.03494289889931679, 0.029567750170826912, 0.03117392025887966, 0.025044014677405357, 0.025889452546834946, 0.02120794542133808, 0.02271454967558384, 0.02078736200928688]
[0.9540875554084778, 0.21164840459823608, 0.1250857710838318, 0.08619548380374908, 0.06371559202671051, 0.050997864454984665, 0.042350586503744125, 0.035512372851371765, 0.029765039682388306, 0.02608008310198784, 0.02285647951066494, 0.020158929750323296, 0.018013490363955498, 0.016695845872163773, 0.014943033456802368, 0.014440844766795635, 0.014797458425164223]
Training time: 2961 	steps per sec: 5
Eval num_timesteps=17408, episode_reward=nan +/- nan
Eval num_timesteps=17408, episode_success=nan +/- nan
se
16 16384 1024
diff [0.1778547167778015, -0.018196284770965576, -0.015127256512641907, -0.021597929298877716, -0.011195965111255646, -0.015014540404081345, -0.008582703769207, -0.009048320353031158, -0.011423390358686447, -0.008862815797328949, -0.006711270660161972, -0.011014990508556366, -0.00703052431344986, -0.009193606674671173, -0.006264911964535713, -0.008273704908788204, -0.005989903584122658, -0.00790646206587553]
ref [0.7762328386306763, 0.22984468936920166, 0.1402130275964737, 0.1077934131026268, 0.07491155713796616, 0.06601240485906601, 0.050933290272951126, 0.044560693204402924, 0.04118843004107475, 0.03494289889931679, 0.029567750170826912, 0.03117392025887966, 0.025044014677405357, 0.025889452546834946, 0.02120794542133808, 0.02271454967558384, 0.02078736200928688, 0.022370468825101852]
[0.9540875554084778, 0.21164840459823608, 0.1250857710838318, 0.08619548380374908, 0.06371559202671051, 0.050997864454984665, 0.042350586503744125, 0.035512372851371765, 0.029765039682388306, 0.02608008310198784, 0.02285647951066494, 0.020158929750323296, 0.018013490363955498, 0.016695845872163773, 0.014943033456802368, 0.014440844766795635, 0.014797458425164223, 0.014464006759226322]
Training time: 3232 	steps per sec: 5
Eval num_timesteps=18432, episode_reward=nan +/- nan
Eval num_timesteps=18432, episode_success=nan +/- nan
se
16 16384 1024
diff [0.1778547167778015, -0.018196284770965576, -0.015127256512641907, -0.021597929298877716, -0.011195965111255646, -0.015014540404081345, -0.008582703769207, -0.009048320353031158, -0.011423390358686447, -0.008862815797328949, -0.006711270660161972, -0.011014990508556366, -0.00703052431344986, -0.009193606674671173, -0.006264911964535713, -0.008273704908788204, -0.005989903584122658, -0.00790646206587553, -0.007221409119665623]
ref [0.7762328386306763, 0.22984468936920166, 0.1402130275964737, 0.1077934131026268, 0.07491155713796616, 0.06601240485906601, 0.050933290272951126, 0.044560693204402924, 0.04118843004107475, 0.03494289889931679, 0.029567750170826912, 0.03117392025887966, 0.025044014677405357, 0.025889452546834946, 0.02120794542133808, 0.02271454967558384, 0.02078736200928688, 0.022370468825101852, 0.021836165338754654]
[0.9540875554084778, 0.21164840459823608, 0.1250857710838318, 0.08619548380374908, 0.06371559202671051, 0.050997864454984665, 0.042350586503744125, 0.035512372851371765, 0.029765039682388306, 0.02608008310198784, 0.02285647951066494, 0.020158929750323296, 0.018013490363955498, 0.016695845872163773, 0.014943033456802368, 0.014440844766795635, 0.014797458425164223, 0.014464006759226322, 0.014614756219089031]
Training time: 3520 	steps per sec: 5
Eval num_timesteps=19456, episode_reward=nan +/- nan
Eval num_timesteps=19456, episode_success=nan +/- nan
se
16 16384 1024
diff [0.1778547167778015, -0.018196284770965576, -0.015127256512641907, -0.021597929298877716, -0.011195965111255646, -0.015014540404081345, -0.008582703769207, -0.009048320353031158, -0.011423390358686447, -0.008862815797328949, -0.006711270660161972, -0.011014990508556366, -0.00703052431344986, -0.009193606674671173, -0.006264911964535713, -0.008273704908788204, -0.005989903584122658, -0.00790646206587553, -0.007221409119665623, -0.0048158541321754456]
ref [0.7762328386306763, 0.22984468936920166, 0.1402130275964737, 0.1077934131026268, 0.07491155713796616, 0.06601240485906601, 0.050933290272951126, 0.044560693204402924, 0.04118843004107475, 0.03494289889931679, 0.029567750170826912, 0.03117392025887966, 0.025044014677405357, 0.025889452546834946, 0.02120794542133808, 0.02271454967558384, 0.02078736200928688, 0.022370468825101852, 0.021836165338754654, 0.020652059465646744]
[0.9540875554084778, 0.21164840459823608, 0.1250857710838318, 0.08619548380374908, 0.06371559202671051, 0.050997864454984665, 0.042350586503744125, 0.035512372851371765, 0.029765039682388306, 0.02608008310198784, 0.02285647951066494, 0.020158929750323296, 0.018013490363955498, 0.016695845872163773, 0.014943033456802368, 0.014440844766795635, 0.014797458425164223, 0.014464006759226322, 0.014614756219089031, 0.015836205333471298]
Training time: 3812 	steps per sec: 5
Eval num_timesteps=20480, episode_reward=nan +/- nan
Eval num_timesteps=20480, episode_success=nan +/- nan
se
16 16384 1024
diff [0.1778547167778015, -0.018196284770965576, -0.015127256512641907, -0.021597929298877716, -0.011195965111255646, -0.015014540404081345, -0.008582703769207, -0.009048320353031158, -0.011423390358686447, -0.008862815797328949, -0.006711270660161972, -0.011014990508556366, -0.00703052431344986, -0.009193606674671173, -0.006264911964535713, -0.008273704908788204, -0.005989903584122658, -0.00790646206587553, -0.007221409119665623, -0.0048158541321754456, -0.006567069329321384]
ref [0.7762328386306763, 0.22984468936920166, 0.1402130275964737, 0.1077934131026268, 0.07491155713796616, 0.06601240485906601, 0.050933290272951126, 0.044560693204402924, 0.04118843004107475, 0.03494289889931679, 0.029567750170826912, 0.03117392025887966, 0.025044014677405357, 0.025889452546834946, 0.02120794542133808, 0.02271454967558384, 0.02078736200928688, 0.022370468825101852, 0.021836165338754654, 0.020652059465646744, 0.021054476499557495]
[0.9540875554084778, 0.21164840459823608, 0.1250857710838318, 0.08619548380374908, 0.06371559202671051, 0.050997864454984665, 0.042350586503744125, 0.035512372851371765, 0.029765039682388306, 0.02608008310198784, 0.02285647951066494, 0.020158929750323296, 0.018013490363955498, 0.016695845872163773, 0.014943033456802368, 0.014440844766795635, 0.014797458425164223, 0.014464006759226322, 0.014614756219089031, 0.015836205333471298, 0.01448740717023611]
Training time: 4091 	steps per sec: 5
Eval num_timesteps=21504, episode_reward=nan +/- nan
Eval num_timesteps=21504, episode_success=nan +/- nan
se
16 16384 1024
diff [0.1778547167778015, -0.018196284770965576, -0.015127256512641907, -0.021597929298877716, -0.011195965111255646, -0.015014540404081345, -0.008582703769207, -0.009048320353031158, -0.011423390358686447, -0.008862815797328949, -0.006711270660161972, -0.011014990508556366, -0.00703052431344986, -0.009193606674671173, -0.006264911964535713, -0.008273704908788204, -0.005989903584122658, -0.00790646206587553, -0.007221409119665623, -0.0048158541321754456, -0.006567069329321384, -0.0060105109587311745]
ref [0.7762328386306763, 0.22984468936920166, 0.1402130275964737, 0.1077934131026268, 0.07491155713796616, 0.06601240485906601, 0.050933290272951126, 0.044560693204402924, 0.04118843004107475, 0.03494289889931679, 0.029567750170826912, 0.03117392025887966, 0.025044014677405357, 0.025889452546834946, 0.02120794542133808, 0.02271454967558384, 0.02078736200928688, 0.022370468825101852, 0.021836165338754654, 0.020652059465646744, 0.021054476499557495, 0.02104227989912033]
[0.9540875554084778, 0.21164840459823608, 0.1250857710838318, 0.08619548380374908, 0.06371559202671051, 0.050997864454984665, 0.042350586503744125, 0.035512372851371765, 0.029765039682388306, 0.02608008310198784, 0.02285647951066494, 0.020158929750323296, 0.018013490363955498, 0.016695845872163773, 0.014943033456802368, 0.014440844766795635, 0.014797458425164223, 0.014464006759226322, 0.014614756219089031, 0.015836205333471298, 0.01448740717023611, 0.015031768940389156]
Training time: 4375 	steps per sec: 5
Eval num_timesteps=22528, episode_reward=nan +/- nan
Eval num_timesteps=22528, episode_success=nan +/- nan
se
16 16384 1024
diff [0.1778547167778015, -0.018196284770965576, -0.015127256512641907, -0.021597929298877716, -0.011195965111255646, -0.015014540404081345, -0.008582703769207, -0.009048320353031158, -0.011423390358686447, -0.008862815797328949, -0.006711270660161972, -0.011014990508556366, -0.00703052431344986, -0.009193606674671173, -0.006264911964535713, -0.008273704908788204, -0.005989903584122658, -0.00790646206587553, -0.007221409119665623, -0.0048158541321754456, -0.006567069329321384, -0.0060105109587311745, -0.005409421399235725]
ref [0.7762328386306763, 0.22984468936920166, 0.1402130275964737, 0.1077934131026268, 0.07491155713796616, 0.06601240485906601, 0.050933290272951126, 0.044560693204402924, 0.04118843004107475, 0.03494289889931679, 0.029567750170826912, 0.03117392025887966, 0.025044014677405357, 0.025889452546834946, 0.02120794542133808, 0.02271454967558384, 0.02078736200928688, 0.022370468825101852, 0.021836165338754654, 0.020652059465646744, 0.021054476499557495, 0.02104227989912033, 0.019645608961582184]
[0.9540875554084778, 0.21164840459823608, 0.1250857710838318, 0.08619548380374908, 0.06371559202671051, 0.050997864454984665, 0.042350586503744125, 0.035512372851371765, 0.029765039682388306, 0.02608008310198784, 0.02285647951066494, 0.020158929750323296, 0.018013490363955498, 0.016695845872163773, 0.014943033456802368, 0.014440844766795635, 0.014797458425164223, 0.014464006759226322, 0.014614756219089031, 0.015836205333471298, 0.01448740717023611, 0.015031768940389156, 0.014236187562346458]
Training time: 4661 	steps per sec: 5
Eval num_timesteps=23552, episode_reward=nan +/- nan
Eval num_timesteps=23552, episode_success=nan +/- nan
se
16 16384 1024
diff [0.1778547167778015, -0.018196284770965576, -0.015127256512641907, -0.021597929298877716, -0.011195965111255646, -0.015014540404081345, -0.008582703769207, -0.009048320353031158, -0.011423390358686447, -0.008862815797328949, -0.006711270660161972, -0.011014990508556366, -0.00703052431344986, -0.009193606674671173, -0.006264911964535713, -0.008273704908788204, -0.005989903584122658, -0.00790646206587553, -0.007221409119665623, -0.0048158541321754456, -0.006567069329321384, -0.0060105109587311745, -0.005409421399235725, -0.00802480150014162]
ref [0.7762328386306763, 0.22984468936920166, 0.1402130275964737, 0.1077934131026268, 0.07491155713796616, 0.06601240485906601, 0.050933290272951126, 0.044560693204402924, 0.04118843004107475, 0.03494289889931679, 0.029567750170826912, 0.03117392025887966, 0.025044014677405357, 0.025889452546834946, 0.02120794542133808, 0.02271454967558384, 0.02078736200928688, 0.022370468825101852, 0.021836165338754654, 0.020652059465646744, 0.021054476499557495, 0.02104227989912033, 0.019645608961582184, 0.021994968876242638]
[0.9540875554084778, 0.21164840459823608, 0.1250857710838318, 0.08619548380374908, 0.06371559202671051, 0.050997864454984665, 0.042350586503744125, 0.035512372851371765, 0.029765039682388306, 0.02608008310198784, 0.02285647951066494, 0.020158929750323296, 0.018013490363955498, 0.016695845872163773, 0.014943033456802368, 0.014440844766795635, 0.014797458425164223, 0.014464006759226322, 0.014614756219089031, 0.015836205333471298, 0.01448740717023611, 0.015031768940389156, 0.014236187562346458, 0.013970167376101017]
Training time: 4966 	steps per sec: 4
Eval num_timesteps=24576, episode_reward=nan +/- nan
Eval num_timesteps=24576, episode_success=nan +/- nan
se
16 16384 1024
diff [0.1778547167778015, -0.018196284770965576, -0.015127256512641907, -0.021597929298877716, -0.011195965111255646, -0.015014540404081345, -0.008582703769207, -0.009048320353031158, -0.011423390358686447, -0.008862815797328949, -0.006711270660161972, -0.011014990508556366, -0.00703052431344986, -0.009193606674671173, -0.006264911964535713, -0.008273704908788204, -0.005989903584122658, -0.00790646206587553, -0.007221409119665623, -0.0048158541321754456, -0.006567069329321384, -0.0060105109587311745, -0.005409421399235725, -0.00802480150014162, -0.007931221276521683]
ref [0.7762328386306763, 0.22984468936920166, 0.1402130275964737, 0.1077934131026268, 0.07491155713796616, 0.06601240485906601, 0.050933290272951126, 0.044560693204402924, 0.04118843004107475, 0.03494289889931679, 0.029567750170826912, 0.03117392025887966, 0.025044014677405357, 0.025889452546834946, 0.02120794542133808, 0.02271454967558384, 0.02078736200928688, 0.022370468825101852, 0.021836165338754654, 0.020652059465646744, 0.021054476499557495, 0.02104227989912033, 0.019645608961582184, 0.021994968876242638, 0.02196807786822319]
[0.9540875554084778, 0.21164840459823608, 0.1250857710838318, 0.08619548380374908, 0.06371559202671051, 0.050997864454984665, 0.042350586503744125, 0.035512372851371765, 0.029765039682388306, 0.02608008310198784, 0.02285647951066494, 0.020158929750323296, 0.018013490363955498, 0.016695845872163773, 0.014943033456802368, 0.014440844766795635, 0.014797458425164223, 0.014464006759226322, 0.014614756219089031, 0.015836205333471298, 0.01448740717023611, 0.015031768940389156, 0.014236187562346458, 0.013970167376101017, 0.014036856591701508]
Training time: 5258 	steps per sec: 4
Eval num_timesteps=25600, episode_reward=nan +/- nan
Eval num_timesteps=25600, episode_success=nan +/- nan
se
16 16384 1024
diff [0.1778547167778015, -0.018196284770965576, -0.015127256512641907, -0.021597929298877716, -0.011195965111255646, -0.015014540404081345, -0.008582703769207, -0.009048320353031158, -0.011423390358686447, -0.008862815797328949, -0.006711270660161972, -0.011014990508556366, -0.00703052431344986, -0.009193606674671173, -0.006264911964535713, -0.008273704908788204, -0.005989903584122658, -0.00790646206587553, -0.007221409119665623, -0.0048158541321754456, -0.006567069329321384, -0.0060105109587311745, -0.005409421399235725, -0.00802480150014162, -0.007931221276521683, -0.005897406488656998]
ref [0.7762328386306763, 0.22984468936920166, 0.1402130275964737, 0.1077934131026268, 0.07491155713796616, 0.06601240485906601, 0.050933290272951126, 0.044560693204402924, 0.04118843004107475, 0.03494289889931679, 0.029567750170826912, 0.03117392025887966, 0.025044014677405357, 0.025889452546834946, 0.02120794542133808, 0.02271454967558384, 0.02078736200928688, 0.022370468825101852, 0.021836165338754654, 0.020652059465646744, 0.021054476499557495, 0.02104227989912033, 0.019645608961582184, 0.021994968876242638, 0.02196807786822319, 0.02075011469423771]
[0.9540875554084778, 0.21164840459823608, 0.1250857710838318, 0.08619548380374908, 0.06371559202671051, 0.050997864454984665, 0.042350586503744125, 0.035512372851371765, 0.029765039682388306, 0.02608008310198784, 0.02285647951066494, 0.020158929750323296, 0.018013490363955498, 0.016695845872163773, 0.014943033456802368, 0.014440844766795635, 0.014797458425164223, 0.014464006759226322, 0.014614756219089031, 0.015836205333471298, 0.01448740717023611, 0.015031768940389156, 0.014236187562346458, 0.013970167376101017, 0.014036856591701508, 0.014852708205580711]
Training time: 5549 	steps per sec: 4
Eval num_timesteps=26624, episode_reward=nan +/- nan
Eval num_timesteps=26624, episode_success=nan +/- nan
se
16 16384 1024
diff [0.1778547167778015, -0.018196284770965576, -0.015127256512641907, -0.021597929298877716, -0.011195965111255646, -0.015014540404081345, -0.008582703769207, -0.009048320353031158, -0.011423390358686447, -0.008862815797328949, -0.006711270660161972, -0.011014990508556366, -0.00703052431344986, -0.009193606674671173, -0.006264911964535713, -0.008273704908788204, -0.005989903584122658, -0.00790646206587553, -0.007221409119665623, -0.0048158541321754456, -0.006567069329321384, -0.0060105109587311745, -0.005409421399235725, -0.00802480150014162, -0.007931221276521683, -0.005897406488656998, -0.00864854734390974]
ref [0.7762328386306763, 0.22984468936920166, 0.1402130275964737, 0.1077934131026268, 0.07491155713796616, 0.06601240485906601, 0.050933290272951126, 0.044560693204402924, 0.04118843004107475, 0.03494289889931679, 0.029567750170826912, 0.03117392025887966, 0.025044014677405357, 0.025889452546834946, 0.02120794542133808, 0.02271454967558384, 0.02078736200928688, 0.022370468825101852, 0.021836165338754654, 0.020652059465646744, 0.021054476499557495, 0.02104227989912033, 0.019645608961582184, 0.021994968876242638, 0.02196807786822319, 0.02075011469423771, 0.022407986223697662]
[0.9540875554084778, 0.21164840459823608, 0.1250857710838318, 0.08619548380374908, 0.06371559202671051, 0.050997864454984665, 0.042350586503744125, 0.035512372851371765, 0.029765039682388306, 0.02608008310198784, 0.02285647951066494, 0.020158929750323296, 0.018013490363955498, 0.016695845872163773, 0.014943033456802368, 0.014440844766795635, 0.014797458425164223, 0.014464006759226322, 0.014614756219089031, 0.015836205333471298, 0.01448740717023611, 0.015031768940389156, 0.014236187562346458, 0.013970167376101017, 0.014036856591701508, 0.014852708205580711, 0.013759438879787922]
Training time: 5843 	steps per sec: 4
Eval num_timesteps=27648, episode_reward=nan +/- nan
Eval num_timesteps=27648, episode_success=nan +/- nan
se
16 16384 1024
diff [0.1778547167778015, -0.018196284770965576, -0.015127256512641907, -0.021597929298877716, -0.011195965111255646, -0.015014540404081345, -0.008582703769207, -0.009048320353031158, -0.011423390358686447, -0.008862815797328949, -0.006711270660161972, -0.011014990508556366, -0.00703052431344986, -0.009193606674671173, -0.006264911964535713, -0.008273704908788204, -0.005989903584122658, -0.00790646206587553, -0.007221409119665623, -0.0048158541321754456, -0.006567069329321384, -0.0060105109587311745, -0.005409421399235725, -0.00802480150014162, -0.007931221276521683, -0.005897406488656998, -0.00864854734390974, -0.006692411378026009]
ref [0.7762328386306763, 0.22984468936920166, 0.1402130275964737, 0.1077934131026268, 0.07491155713796616, 0.06601240485906601, 0.050933290272951126, 0.044560693204402924, 0.04118843004107475, 0.03494289889931679, 0.029567750170826912, 0.03117392025887966, 0.025044014677405357, 0.025889452546834946, 0.02120794542133808, 0.02271454967558384, 0.02078736200928688, 0.022370468825101852, 0.021836165338754654, 0.020652059465646744, 0.021054476499557495, 0.02104227989912033, 0.019645608961582184, 0.021994968876242638, 0.02196807786822319, 0.02075011469423771, 0.022407986223697662, 0.0221465565264225]
[0.9540875554084778, 0.21164840459823608, 0.1250857710838318, 0.08619548380374908, 0.06371559202671051, 0.050997864454984665, 0.042350586503744125, 0.035512372851371765, 0.029765039682388306, 0.02608008310198784, 0.02285647951066494, 0.020158929750323296, 0.018013490363955498, 0.016695845872163773, 0.014943033456802368, 0.014440844766795635, 0.014797458425164223, 0.014464006759226322, 0.014614756219089031, 0.015836205333471298, 0.01448740717023611, 0.015031768940389156, 0.014236187562346458, 0.013970167376101017, 0.014036856591701508, 0.014852708205580711, 0.013759438879787922, 0.015454145148396492]
Training time: 6133 	steps per sec: 4
Eval num_timesteps=28672, episode_reward=nan +/- nan
Eval num_timesteps=28672, episode_success=nan +/- nan
se
16 16384 1024
diff [0.1778547167778015, -0.018196284770965576, -0.015127256512641907, -0.021597929298877716, -0.011195965111255646, -0.015014540404081345, -0.008582703769207, -0.009048320353031158, -0.011423390358686447, -0.008862815797328949, -0.006711270660161972, -0.011014990508556366, -0.00703052431344986, -0.009193606674671173, -0.006264911964535713, -0.008273704908788204, -0.005989903584122658, -0.00790646206587553, -0.007221409119665623, -0.0048158541321754456, -0.006567069329321384, -0.0060105109587311745, -0.005409421399235725, -0.00802480150014162, -0.007931221276521683, -0.005897406488656998, -0.00864854734390974, -0.006692411378026009, -0.00458156131207943]
ref [0.7762328386306763, 0.22984468936920166, 0.1402130275964737, 0.1077934131026268, 0.07491155713796616, 0.06601240485906601, 0.050933290272951126, 0.044560693204402924, 0.04118843004107475, 0.03494289889931679, 0.029567750170826912, 0.03117392025887966, 0.025044014677405357, 0.025889452546834946, 0.02120794542133808, 0.02271454967558384, 0.02078736200928688, 0.022370468825101852, 0.021836165338754654, 0.020652059465646744, 0.021054476499557495, 0.02104227989912033, 0.019645608961582184, 0.021994968876242638, 0.02196807786822319, 0.02075011469423771, 0.022407986223697662, 0.0221465565264225, 0.02022688090801239]
[0.9540875554084778, 0.21164840459823608, 0.1250857710838318, 0.08619548380374908, 0.06371559202671051, 0.050997864454984665, 0.042350586503744125, 0.035512372851371765, 0.029765039682388306, 0.02608008310198784, 0.02285647951066494, 0.020158929750323296, 0.018013490363955498, 0.016695845872163773, 0.014943033456802368, 0.014440844766795635, 0.014797458425164223, 0.014464006759226322, 0.014614756219089031, 0.015836205333471298, 0.01448740717023611, 0.015031768940389156, 0.014236187562346458, 0.013970167376101017, 0.014036856591701508, 0.014852708205580711, 0.013759438879787922, 0.015454145148396492, 0.01564531959593296]
Training time: 6427 	steps per sec: 4
Eval num_timesteps=29696, episode_reward=nan +/- nan
Eval num_timesteps=29696, episode_success=nan +/- nan
se
16 16384 1024
diff [0.1778547167778015, -0.018196284770965576, -0.015127256512641907, -0.021597929298877716, -0.011195965111255646, -0.015014540404081345, -0.008582703769207, -0.009048320353031158, -0.011423390358686447, -0.008862815797328949, -0.006711270660161972, -0.011014990508556366, -0.00703052431344986, -0.009193606674671173, -0.006264911964535713, -0.008273704908788204, -0.005989903584122658, -0.00790646206587553, -0.007221409119665623, -0.0048158541321754456, -0.006567069329321384, -0.0060105109587311745, -0.005409421399235725, -0.00802480150014162, -0.007931221276521683, -0.005897406488656998, -0.00864854734390974, -0.006692411378026009, -0.00458156131207943, -0.0035931766033172607]
ref [0.7762328386306763, 0.22984468936920166, 0.1402130275964737, 0.1077934131026268, 0.07491155713796616, 0.06601240485906601, 0.050933290272951126, 0.044560693204402924, 0.04118843004107475, 0.03494289889931679, 0.029567750170826912, 0.03117392025887966, 0.025044014677405357, 0.025889452546834946, 0.02120794542133808, 0.02271454967558384, 0.02078736200928688, 0.022370468825101852, 0.021836165338754654, 0.020652059465646744, 0.021054476499557495, 0.02104227989912033, 0.019645608961582184, 0.021994968876242638, 0.02196807786822319, 0.02075011469423771, 0.022407986223697662, 0.0221465565264225, 0.02022688090801239, 0.019606541842222214]
[0.9540875554084778, 0.21164840459823608, 0.1250857710838318, 0.08619548380374908, 0.06371559202671051, 0.050997864454984665, 0.042350586503744125, 0.035512372851371765, 0.029765039682388306, 0.02608008310198784, 0.02285647951066494, 0.020158929750323296, 0.018013490363955498, 0.016695845872163773, 0.014943033456802368, 0.014440844766795635, 0.014797458425164223, 0.014464006759226322, 0.014614756219089031, 0.015836205333471298, 0.01448740717023611, 0.015031768940389156, 0.014236187562346458, 0.013970167376101017, 0.014036856591701508, 0.014852708205580711, 0.013759438879787922, 0.015454145148396492, 0.01564531959593296, 0.016013365238904953]
Training time: 6729 	steps per sec: 4
Eval num_timesteps=30720, episode_reward=nan +/- nan
Eval num_timesteps=30720, episode_success=nan +/- nan
se
16 16384 1024
diff [0.1778547167778015, -0.018196284770965576, -0.015127256512641907, -0.021597929298877716, -0.011195965111255646, -0.015014540404081345, -0.008582703769207, -0.009048320353031158, -0.011423390358686447, -0.008862815797328949, -0.006711270660161972, -0.011014990508556366, -0.00703052431344986, -0.009193606674671173, -0.006264911964535713, -0.008273704908788204, -0.005989903584122658, -0.00790646206587553, -0.007221409119665623, -0.0048158541321754456, -0.006567069329321384, -0.0060105109587311745, -0.005409421399235725, -0.00802480150014162, -0.007931221276521683, -0.005897406488656998, -0.00864854734390974, -0.006692411378026009, -0.00458156131207943, -0.0035931766033172607, -0.005798541009426117]
ref [0.7762328386306763, 0.22984468936920166, 0.1402130275964737, 0.1077934131026268, 0.07491155713796616, 0.06601240485906601, 0.050933290272951126, 0.044560693204402924, 0.04118843004107475, 0.03494289889931679, 0.029567750170826912, 0.03117392025887966, 0.025044014677405357, 0.025889452546834946, 0.02120794542133808, 0.02271454967558384, 0.02078736200928688, 0.022370468825101852, 0.021836165338754654, 0.020652059465646744, 0.021054476499557495, 0.02104227989912033, 0.019645608961582184, 0.021994968876242638, 0.02196807786822319, 0.02075011469423771, 0.022407986223697662, 0.0221465565264225, 0.02022688090801239, 0.019606541842222214, 0.02151617407798767]
[0.9540875554084778, 0.21164840459823608, 0.1250857710838318, 0.08619548380374908, 0.06371559202671051, 0.050997864454984665, 0.042350586503744125, 0.035512372851371765, 0.029765039682388306, 0.02608008310198784, 0.02285647951066494, 0.020158929750323296, 0.018013490363955498, 0.016695845872163773, 0.014943033456802368, 0.014440844766795635, 0.014797458425164223, 0.014464006759226322, 0.014614756219089031, 0.015836205333471298, 0.01448740717023611, 0.015031768940389156, 0.014236187562346458, 0.013970167376101017, 0.014036856591701508, 0.014852708205580711, 0.013759438879787922, 0.015454145148396492, 0.01564531959593296, 0.016013365238904953, 0.015717633068561554]
Training time: 7028 	steps per sec: 4
Eval num_timesteps=31744, episode_reward=nan +/- nan
Eval num_timesteps=31744, episode_success=nan +/- nan
se
16 16384 1024
diff [0.1778547167778015, -0.018196284770965576, -0.015127256512641907, -0.021597929298877716, -0.011195965111255646, -0.015014540404081345, -0.008582703769207, -0.009048320353031158, -0.011423390358686447, -0.008862815797328949, -0.006711270660161972, -0.011014990508556366, -0.00703052431344986, -0.009193606674671173, -0.006264911964535713, -0.008273704908788204, -0.005989903584122658, -0.00790646206587553, -0.007221409119665623, -0.0048158541321754456, -0.006567069329321384, -0.0060105109587311745, -0.005409421399235725, -0.00802480150014162, -0.007931221276521683, -0.005897406488656998, -0.00864854734390974, -0.006692411378026009, -0.00458156131207943, -0.0035931766033172607, -0.005798541009426117, -0.0062229204922914505]
ref [0.7762328386306763, 0.22984468936920166, 0.1402130275964737, 0.1077934131026268, 0.07491155713796616, 0.06601240485906601, 0.050933290272951126, 0.044560693204402924, 0.04118843004107475, 0.03494289889931679, 0.029567750170826912, 0.03117392025887966, 0.025044014677405357, 0.025889452546834946, 0.02120794542133808, 0.02271454967558384, 0.02078736200928688, 0.022370468825101852, 0.021836165338754654, 0.020652059465646744, 0.021054476499557495, 0.02104227989912033, 0.019645608961582184, 0.021994968876242638, 0.02196807786822319, 0.02075011469423771, 0.022407986223697662, 0.0221465565264225, 0.02022688090801239, 0.019606541842222214, 0.02151617407798767, 0.022330649197101593]
[0.9540875554084778, 0.21164840459823608, 0.1250857710838318, 0.08619548380374908, 0.06371559202671051, 0.050997864454984665, 0.042350586503744125, 0.035512372851371765, 0.029765039682388306, 0.02608008310198784, 0.02285647951066494, 0.020158929750323296, 0.018013490363955498, 0.016695845872163773, 0.014943033456802368, 0.014440844766795635, 0.014797458425164223, 0.014464006759226322, 0.014614756219089031, 0.015836205333471298, 0.01448740717023611, 0.015031768940389156, 0.014236187562346458, 0.013970167376101017, 0.014036856591701508, 0.014852708205580711, 0.013759438879787922, 0.015454145148396492, 0.01564531959593296, 0.016013365238904953, 0.015717633068561554, 0.016107728704810143]
Training time: 7335 	steps per sec: 4
Eval num_timesteps=32768, episode_reward=nan +/- nan
Eval num_timesteps=32768, episode_success=nan +/- nan
results/Ant-v4/
results/Ant-v4/ppo_ros/
results/Ant-v4/ppo_ros/expert/
results/Ant-v4/ppo_ros/expert/b_16/
results/Ant-v4/ppo_ros/expert/b_16/no_lambda/
results/Ant-v4/ppo_ros/expert/b_16/no_lambda/run_2/
results/Ant-v4/ppo_ros/expert/b_16/no_lambda/run_2/config.yml
results/Ant-v4/ppo_ros/expert/b_16/no_lambda/run_2/evaluations.npz
results/Ant-v4/ppo_ros/expert/b_16/no_lambda/run_2/stats.npz
