ppo_ros_continuous.py --env-id Swimmer-v4 -s expert/b_16/no_lambda --total-timesteps 32768 --eval-freq 1 --eval-episodes 0 -b 16 --num-steps 1024 -lr 0 --update-epochs 0 --anneal-lr 0 --ros-num-steps 256 --ros-update-epochs 16 --ros-target-kl 0.05 --ros-clip-coef 0.3 --ros-lambda 0 -ros-lr 0.0001 --ros-anneal-lr 0 --se 1 --se-freq 1 --se-lr 1e-3 --se-epochs 1000 --policy-path policies/Swimmer-v4/best_model.zip --normalization-dir policies/Swimmer-v4
Obtaining file:///var/lib/condor/execute/slot1/dir_5039/PPOROS/PPOROS/custom-envs
  Preparing metadata (setup.py): started
  Preparing metadata (setup.py): finished with status 'done'
Requirement already satisfied: gym in /var/lib/condor/execute/slot1/dir_5039/PPOROS/ppo-ros_env/lib/python3.9/site-packages (from custom-envs==0.0.1) (0.21.0)
Requirement already satisfied: numpy>=1.18.0 in /var/lib/condor/execute/slot1/dir_5039/PPOROS/ppo-ros_env/lib/python3.9/site-packages (from gym->custom-envs==0.0.1) (1.24.2)
Requirement already satisfied: cloudpickle>=1.2.0 in /var/lib/condor/execute/slot1/dir_5039/PPOROS/ppo-ros_env/lib/python3.9/site-packages (from gym->custom-envs==0.0.1) (2.2.1)
Installing collected packages: custom-envs
  Running setup.py develop for custom-envs
Successfully installed custom-envs-0.0.1
seed: 2
Eval num_timesteps=0, episode_reward=nan +/- nan
Eval num_timesteps=0, episode_success=nan +/- nan
se
1 1024 1024
diff [0.0126228928565979]
ref [0.12075185775756836]
[0.13337475061416626]
Training time: 30 	steps per sec: 33
Eval num_timesteps=1024, episode_reward=nan +/- nan
Eval num_timesteps=1024, episode_success=nan +/- nan
se
2 2048 1024
diff [0.0126228928565979, 0.02219756692647934]
ref [0.12075185775756836, 0.0412832647562027]
[0.13337475061416626, 0.06348083168268204]
Training time: 70 	steps per sec: 29
Eval num_timesteps=2048, episode_reward=nan +/- nan
Eval num_timesteps=2048, episode_success=nan +/- nan
se
3 3072 1024
diff [0.0126228928565979, 0.02219756692647934, 0.0084463432431221]
ref [0.12075185775756836, 0.0412832647562027, 0.0190057922154665]
[0.13337475061416626, 0.06348083168268204, 0.0274521354585886]
Training time: 120 	steps per sec: 25
Eval num_timesteps=3072, episode_reward=nan +/- nan
Eval num_timesteps=3072, episode_success=nan +/- nan
se
4 4096 1024
diff [0.0126228928565979, 0.02219756692647934, 0.0084463432431221, -0.01179313100874424]
ref [0.12075185775756836, 0.0412832647562027, 0.0190057922154665, 0.03036581352353096]
[0.13337475061416626, 0.06348083168268204, 0.0274521354585886, 0.01857268251478672]
Training time: 180 	steps per sec: 22
Eval num_timesteps=4096, episode_reward=nan +/- nan
Eval num_timesteps=4096, episode_success=nan +/- nan
se
5 5120 1024
diff [0.0126228928565979, 0.02219756692647934, 0.0084463432431221, -0.01179313100874424, -0.008311101235449314]
ref [0.12075185775756836, 0.0412832647562027, 0.0190057922154665, 0.03036581352353096, 0.02252459153532982]
[0.13337475061416626, 0.06348083168268204, 0.0274521354585886, 0.01857268251478672, 0.014213490299880505]
Training time: 249 	steps per sec: 20
Eval num_timesteps=5120, episode_reward=nan +/- nan
Eval num_timesteps=5120, episode_success=nan +/- nan
se
6 6144 1024
diff [0.0126228928565979, 0.02219756692647934, 0.0084463432431221, -0.01179313100874424, -0.008311101235449314, -0.0013303905725479126]
ref [0.12075185775756836, 0.0412832647562027, 0.0190057922154665, 0.03036581352353096, 0.02252459153532982, 0.013599668629467487]
[0.13337475061416626, 0.06348083168268204, 0.0274521354585886, 0.01857268251478672, 0.014213490299880505, 0.012269278056919575]
Training time: 326 	steps per sec: 18
Eval num_timesteps=6144, episode_reward=nan +/- nan
Eval num_timesteps=6144, episode_success=nan +/- nan
se
7 7168 1024
diff [0.0126228928565979, 0.02219756692647934, 0.0084463432431221, -0.01179313100874424, -0.008311101235449314, -0.0013303905725479126, -0.0029968926683068275]
ref [0.12075185775756836, 0.0412832647562027, 0.0190057922154665, 0.03036581352353096, 0.02252459153532982, 0.013599668629467487, 0.01300283707678318]
[0.13337475061416626, 0.06348083168268204, 0.0274521354585886, 0.01857268251478672, 0.014213490299880505, 0.012269278056919575, 0.010005944408476353]
Training time: 413 	steps per sec: 17
Eval num_timesteps=7168, episode_reward=nan +/- nan
Eval num_timesteps=7168, episode_success=nan +/- nan
se
8 8192 1024
diff [0.0126228928565979, 0.02219756692647934, 0.0084463432431221, -0.01179313100874424, -0.008311101235449314, -0.0013303905725479126, -0.0029968926683068275, -0.004656162112951279]
ref [0.12075185775756836, 0.0412832647562027, 0.0190057922154665, 0.03036581352353096, 0.02252459153532982, 0.013599668629467487, 0.01300283707678318, 0.013196557760238647]
[0.13337475061416626, 0.06348083168268204, 0.0274521354585886, 0.01857268251478672, 0.014213490299880505, 0.012269278056919575, 0.010005944408476353, 0.008540395647287369]
Training time: 506 	steps per sec: 16
Eval num_timesteps=8192, episode_reward=nan +/- nan
Eval num_timesteps=8192, episode_success=nan +/- nan
se
9 9216 1024
diff [0.0126228928565979, 0.02219756692647934, 0.0084463432431221, -0.01179313100874424, -0.008311101235449314, -0.0013303905725479126, -0.0029968926683068275, -0.004656162112951279, -0.00149087468162179]
ref [0.12075185775756836, 0.0412832647562027, 0.0190057922154665, 0.03036581352353096, 0.02252459153532982, 0.013599668629467487, 0.01300283707678318, 0.013196557760238647, 0.008583832532167435]
[0.13337475061416626, 0.06348083168268204, 0.0274521354585886, 0.01857268251478672, 0.014213490299880505, 0.012269278056919575, 0.010005944408476353, 0.008540395647287369, 0.007092957850545645]
Training time: 610 	steps per sec: 15
Eval num_timesteps=9216, episode_reward=nan +/- nan
Eval num_timesteps=9216, episode_success=nan +/- nan
se
10 10240 1024
diff [0.0126228928565979, 0.02219756692647934, 0.0084463432431221, -0.01179313100874424, -0.008311101235449314, -0.0013303905725479126, -0.0029968926683068275, -0.004656162112951279, -0.00149087468162179, -0.0019104178063571453]
ref [0.12075185775756836, 0.0412832647562027, 0.0190057922154665, 0.03036581352353096, 0.02252459153532982, 0.013599668629467487, 0.01300283707678318, 0.013196557760238647, 0.008583832532167435, 0.008765475824475288]
[0.13337475061416626, 0.06348083168268204, 0.0274521354585886, 0.01857268251478672, 0.014213490299880505, 0.012269278056919575, 0.010005944408476353, 0.008540395647287369, 0.007092957850545645, 0.006855058018118143]
Training time: 722 	steps per sec: 14
Eval num_timesteps=10240, episode_reward=nan +/- nan
Eval num_timesteps=10240, episode_success=nan +/- nan
se
11 11264 1024
diff [0.0126228928565979, 0.02219756692647934, 0.0084463432431221, -0.01179313100874424, -0.008311101235449314, -0.0013303905725479126, -0.0029968926683068275, -0.004656162112951279, -0.00149087468162179, -0.0019104178063571453, -0.0033360663801431656]
ref [0.12075185775756836, 0.0412832647562027, 0.0190057922154665, 0.03036581352353096, 0.02252459153532982, 0.013599668629467487, 0.01300283707678318, 0.013196557760238647, 0.008583832532167435, 0.008765475824475288, 0.009481888264417648]
[0.13337475061416626, 0.06348083168268204, 0.0274521354585886, 0.01857268251478672, 0.014213490299880505, 0.012269278056919575, 0.010005944408476353, 0.008540395647287369, 0.007092957850545645, 0.006855058018118143, 0.006145821884274483]
Training time: 843 	steps per sec: 13
Eval num_timesteps=11264, episode_reward=nan +/- nan
Eval num_timesteps=11264, episode_success=nan +/- nan
se
12 12288 1024
diff [0.0126228928565979, 0.02219756692647934, 0.0084463432431221, -0.01179313100874424, -0.008311101235449314, -0.0013303905725479126, -0.0029968926683068275, -0.004656162112951279, -0.00149087468162179, -0.0019104178063571453, -0.0033360663801431656, -0.048420559614896774]
ref [0.12075185775756836, 0.0412832647562027, 0.0190057922154665, 0.03036581352353096, 0.02252459153532982, 0.013599668629467487, 0.01300283707678318, 0.013196557760238647, 0.008583832532167435, 0.008765475824475288, 0.009481888264417648, 0.05418431758880615]
[0.13337475061416626, 0.06348083168268204, 0.0274521354585886, 0.01857268251478672, 0.014213490299880505, 0.012269278056919575, 0.010005944408476353, 0.008540395647287369, 0.007092957850545645, 0.006855058018118143, 0.006145821884274483, 0.005763757973909378]
Training time: 973 	steps per sec: 12
Eval num_timesteps=12288, episode_reward=nan +/- nan
Eval num_timesteps=12288, episode_success=nan +/- nan
se
13 13312 1024
diff [0.0126228928565979, 0.02219756692647934, 0.0084463432431221, -0.01179313100874424, -0.008311101235449314, -0.0013303905725479126, -0.0029968926683068275, -0.004656162112951279, -0.00149087468162179, -0.0019104178063571453, -0.0033360663801431656, -0.048420559614896774, -0.0051714833825826645]
ref [0.12075185775756836, 0.0412832647562027, 0.0190057922154665, 0.03036581352353096, 0.02252459153532982, 0.013599668629467487, 0.01300283707678318, 0.013196557760238647, 0.008583832532167435, 0.008765475824475288, 0.009481888264417648, 0.05418431758880615, 0.010763430036604404]
[0.13337475061416626, 0.06348083168268204, 0.0274521354585886, 0.01857268251478672, 0.014213490299880505, 0.012269278056919575, 0.010005944408476353, 0.008540395647287369, 0.007092957850545645, 0.006855058018118143, 0.006145821884274483, 0.005763757973909378, 0.00559194665402174]
Training time: 1114 	steps per sec: 11
Eval num_timesteps=13312, episode_reward=nan +/- nan
Eval num_timesteps=13312, episode_success=nan +/- nan
se
14 14336 1024
diff [0.0126228928565979, 0.02219756692647934, 0.0084463432431221, -0.01179313100874424, -0.008311101235449314, -0.0013303905725479126, -0.0029968926683068275, -0.004656162112951279, -0.00149087468162179, -0.0019104178063571453, -0.0033360663801431656, -0.048420559614896774, -0.0051714833825826645, 0.00039449380710721016]
ref [0.12075185775756836, 0.0412832647562027, 0.0190057922154665, 0.03036581352353096, 0.02252459153532982, 0.013599668629467487, 0.01300283707678318, 0.013196557760238647, 0.008583832532167435, 0.008765475824475288, 0.009481888264417648, 0.05418431758880615, 0.010763430036604404, 0.005367583129554987]
[0.13337475061416626, 0.06348083168268204, 0.0274521354585886, 0.01857268251478672, 0.014213490299880505, 0.012269278056919575, 0.010005944408476353, 0.008540395647287369, 0.007092957850545645, 0.006855058018118143, 0.006145821884274483, 0.005763757973909378, 0.00559194665402174, 0.005762076936662197]
Training time: 1269 	steps per sec: 11
Eval num_timesteps=14336, episode_reward=nan +/- nan
Eval num_timesteps=14336, episode_success=nan +/- nan
se
15 15360 1024
diff [0.0126228928565979, 0.02219756692647934, 0.0084463432431221, -0.01179313100874424, -0.008311101235449314, -0.0013303905725479126, -0.0029968926683068275, -0.004656162112951279, -0.00149087468162179, -0.0019104178063571453, -0.0033360663801431656, -0.048420559614896774, -0.0051714833825826645, 0.00039449380710721016, -0.000375302042812109]
ref [0.12075185775756836, 0.0412832647562027, 0.0190057922154665, 0.03036581352353096, 0.02252459153532982, 0.013599668629467487, 0.01300283707678318, 0.013196557760238647, 0.008583832532167435, 0.008765475824475288, 0.009481888264417648, 0.05418431758880615, 0.010763430036604404, 0.005367583129554987, 0.005264605861157179]
[0.13337475061416626, 0.06348083168268204, 0.0274521354585886, 0.01857268251478672, 0.014213490299880505, 0.012269278056919575, 0.010005944408476353, 0.008540395647287369, 0.007092957850545645, 0.006855058018118143, 0.006145821884274483, 0.005763757973909378, 0.00559194665402174, 0.005762076936662197, 0.00488930381834507]
Training time: 1430 	steps per sec: 10
Eval num_timesteps=15360, episode_reward=nan +/- nan
Eval num_timesteps=15360, episode_success=nan +/- nan
se
16 16384 1024
diff [0.0126228928565979, 0.02219756692647934, 0.0084463432431221, -0.01179313100874424, -0.008311101235449314, -0.0013303905725479126, -0.0029968926683068275, -0.004656162112951279, -0.00149087468162179, -0.0019104178063571453, -0.0033360663801431656, -0.048420559614896774, -0.0051714833825826645, 0.00039449380710721016, -0.000375302042812109, -0.0010073180310428143]
ref [0.12075185775756836, 0.0412832647562027, 0.0190057922154665, 0.03036581352353096, 0.02252459153532982, 0.013599668629467487, 0.01300283707678318, 0.013196557760238647, 0.008583832532167435, 0.008765475824475288, 0.009481888264417648, 0.05418431758880615, 0.010763430036604404, 0.005367583129554987, 0.005264605861157179, 0.005508179310709238]
[0.13337475061416626, 0.06348083168268204, 0.0274521354585886, 0.01857268251478672, 0.014213490299880505, 0.012269278056919575, 0.010005944408476353, 0.008540395647287369, 0.007092957850545645, 0.006855058018118143, 0.006145821884274483, 0.005763757973909378, 0.00559194665402174, 0.005762076936662197, 0.00488930381834507, 0.004500861279666424]
Training time: 1602 	steps per sec: 10
Eval num_timesteps=16384, episode_reward=nan +/- nan
Eval num_timesteps=16384, episode_success=nan +/- nan
se
16 16384 1024
diff [0.0126228928565979, 0.02219756692647934, 0.0084463432431221, -0.01179313100874424, -0.008311101235449314, -0.0013303905725479126, -0.0029968926683068275, -0.004656162112951279, -0.00149087468162179, -0.0019104178063571453, -0.0033360663801431656, -0.048420559614896774, -0.0051714833825826645, 0.00039449380710721016, -0.000375302042812109, -0.0010073180310428143, -0.002241038251668215]
ref [0.12075185775756836, 0.0412832647562027, 0.0190057922154665, 0.03036581352353096, 0.02252459153532982, 0.013599668629467487, 0.01300283707678318, 0.013196557760238647, 0.008583832532167435, 0.008765475824475288, 0.009481888264417648, 0.05418431758880615, 0.010763430036604404, 0.005367583129554987, 0.005264605861157179, 0.005508179310709238, 0.007011693902313709]
[0.13337475061416626, 0.06348083168268204, 0.0274521354585886, 0.01857268251478672, 0.014213490299880505, 0.012269278056919575, 0.010005944408476353, 0.008540395647287369, 0.007092957850545645, 0.006855058018118143, 0.006145821884274483, 0.005763757973909378, 0.00559194665402174, 0.005762076936662197, 0.00488930381834507, 0.004500861279666424, 0.0047706556506454945]
Training time: 1774 	steps per sec: 9
Eval num_timesteps=17408, episode_reward=nan +/- nan
Eval num_timesteps=17408, episode_success=nan +/- nan
se
16 16384 1024
diff [0.0126228928565979, 0.02219756692647934, 0.0084463432431221, -0.01179313100874424, -0.008311101235449314, -0.0013303905725479126, -0.0029968926683068275, -0.004656162112951279, -0.00149087468162179, -0.0019104178063571453, -0.0033360663801431656, -0.048420559614896774, -0.0051714833825826645, 0.00039449380710721016, -0.000375302042812109, -0.0010073180310428143, -0.002241038251668215, 0.0002391883172094822]
ref [0.12075185775756836, 0.0412832647562027, 0.0190057922154665, 0.03036581352353096, 0.02252459153532982, 0.013599668629467487, 0.01300283707678318, 0.013196557760238647, 0.008583832532167435, 0.008765475824475288, 0.009481888264417648, 0.05418431758880615, 0.010763430036604404, 0.005367583129554987, 0.005264605861157179, 0.005508179310709238, 0.007011693902313709, 0.004788878373801708]
[0.13337475061416626, 0.06348083168268204, 0.0274521354585886, 0.01857268251478672, 0.014213490299880505, 0.012269278056919575, 0.010005944408476353, 0.008540395647287369, 0.007092957850545645, 0.006855058018118143, 0.006145821884274483, 0.005763757973909378, 0.00559194665402174, 0.005762076936662197, 0.00488930381834507, 0.004500861279666424, 0.0047706556506454945, 0.00502806669101119]
Training time: 1944 	steps per sec: 9
Eval num_timesteps=18432, episode_reward=nan +/- nan
Eval num_timesteps=18432, episode_success=nan +/- nan
se
16 16384 1024
diff [0.0126228928565979, 0.02219756692647934, 0.0084463432431221, -0.01179313100874424, -0.008311101235449314, -0.0013303905725479126, -0.0029968926683068275, -0.004656162112951279, -0.00149087468162179, -0.0019104178063571453, -0.0033360663801431656, -0.048420559614896774, -0.0051714833825826645, 0.00039449380710721016, -0.000375302042812109, -0.0010073180310428143, -0.002241038251668215, 0.0002391883172094822, -0.0008950321935117245]
ref [0.12075185775756836, 0.0412832647562027, 0.0190057922154665, 0.03036581352353096, 0.02252459153532982, 0.013599668629467487, 0.01300283707678318, 0.013196557760238647, 0.008583832532167435, 0.008765475824475288, 0.009481888264417648, 0.05418431758880615, 0.010763430036604404, 0.005367583129554987, 0.005264605861157179, 0.005508179310709238, 0.007011693902313709, 0.004788878373801708, 0.005573050118982792]
[0.13337475061416626, 0.06348083168268204, 0.0274521354585886, 0.01857268251478672, 0.014213490299880505, 0.012269278056919575, 0.010005944408476353, 0.008540395647287369, 0.007092957850545645, 0.006855058018118143, 0.006145821884274483, 0.005763757973909378, 0.00559194665402174, 0.005762076936662197, 0.00488930381834507, 0.004500861279666424, 0.0047706556506454945, 0.00502806669101119, 0.004678017925471067]
Training time: 2117 	steps per sec: 9
Eval num_timesteps=19456, episode_reward=nan +/- nan
Eval num_timesteps=19456, episode_success=nan +/- nan
se
16 16384 1024
diff [0.0126228928565979, 0.02219756692647934, 0.0084463432431221, -0.01179313100874424, -0.008311101235449314, -0.0013303905725479126, -0.0029968926683068275, -0.004656162112951279, -0.00149087468162179, -0.0019104178063571453, -0.0033360663801431656, -0.048420559614896774, -0.0051714833825826645, 0.00039449380710721016, -0.000375302042812109, -0.0010073180310428143, -0.002241038251668215, 0.0002391883172094822, -0.0008950321935117245, -0.00040646549314260483]
ref [0.12075185775756836, 0.0412832647562027, 0.0190057922154665, 0.03036581352353096, 0.02252459153532982, 0.013599668629467487, 0.01300283707678318, 0.013196557760238647, 0.008583832532167435, 0.008765475824475288, 0.009481888264417648, 0.05418431758880615, 0.010763430036604404, 0.005367583129554987, 0.005264605861157179, 0.005508179310709238, 0.007011693902313709, 0.004788878373801708, 0.005573050118982792, 0.005429360084235668]
[0.13337475061416626, 0.06348083168268204, 0.0274521354585886, 0.01857268251478672, 0.014213490299880505, 0.012269278056919575, 0.010005944408476353, 0.008540395647287369, 0.007092957850545645, 0.006855058018118143, 0.006145821884274483, 0.005763757973909378, 0.00559194665402174, 0.005762076936662197, 0.00488930381834507, 0.004500861279666424, 0.0047706556506454945, 0.00502806669101119, 0.004678017925471067, 0.005022894591093063]
Training time: 2283 	steps per sec: 8
Eval num_timesteps=20480, episode_reward=nan +/- nan
Eval num_timesteps=20480, episode_success=nan +/- nan
se
16 16384 1024
diff [0.0126228928565979, 0.02219756692647934, 0.0084463432431221, -0.01179313100874424, -0.008311101235449314, -0.0013303905725479126, -0.0029968926683068275, -0.004656162112951279, -0.00149087468162179, -0.0019104178063571453, -0.0033360663801431656, -0.048420559614896774, -0.0051714833825826645, 0.00039449380710721016, -0.000375302042812109, -0.0010073180310428143, -0.002241038251668215, 0.0002391883172094822, -0.0008950321935117245, -0.00040646549314260483, 0.00020652124658226967]
ref [0.12075185775756836, 0.0412832647562027, 0.0190057922154665, 0.03036581352353096, 0.02252459153532982, 0.013599668629467487, 0.01300283707678318, 0.013196557760238647, 0.008583832532167435, 0.008765475824475288, 0.009481888264417648, 0.05418431758880615, 0.010763430036604404, 0.005367583129554987, 0.005264605861157179, 0.005508179310709238, 0.007011693902313709, 0.004788878373801708, 0.005573050118982792, 0.005429360084235668, 0.005304374732077122]
[0.13337475061416626, 0.06348083168268204, 0.0274521354585886, 0.01857268251478672, 0.014213490299880505, 0.012269278056919575, 0.010005944408476353, 0.008540395647287369, 0.007092957850545645, 0.006855058018118143, 0.006145821884274483, 0.005763757973909378, 0.00559194665402174, 0.005762076936662197, 0.00488930381834507, 0.004500861279666424, 0.0047706556506454945, 0.00502806669101119, 0.004678017925471067, 0.005022894591093063, 0.005510895978659391]
Training time: 2449 	steps per sec: 8
Eval num_timesteps=21504, episode_reward=nan +/- nan
Eval num_timesteps=21504, episode_success=nan +/- nan
se
16 16384 1024
diff [0.0126228928565979, 0.02219756692647934, 0.0084463432431221, -0.01179313100874424, -0.008311101235449314, -0.0013303905725479126, -0.0029968926683068275, -0.004656162112951279, -0.00149087468162179, -0.0019104178063571453, -0.0033360663801431656, -0.048420559614896774, -0.0051714833825826645, 0.00039449380710721016, -0.000375302042812109, -0.0010073180310428143, -0.002241038251668215, 0.0002391883172094822, -0.0008950321935117245, -0.00040646549314260483, 0.00020652124658226967, -0.0009178156033158302]
ref [0.12075185775756836, 0.0412832647562027, 0.0190057922154665, 0.03036581352353096, 0.02252459153532982, 0.013599668629467487, 0.01300283707678318, 0.013196557760238647, 0.008583832532167435, 0.008765475824475288, 0.009481888264417648, 0.05418431758880615, 0.010763430036604404, 0.005367583129554987, 0.005264605861157179, 0.005508179310709238, 0.007011693902313709, 0.004788878373801708, 0.005573050118982792, 0.005429360084235668, 0.005304374732077122, 0.006137696094810963]
[0.13337475061416626, 0.06348083168268204, 0.0274521354585886, 0.01857268251478672, 0.014213490299880505, 0.012269278056919575, 0.010005944408476353, 0.008540395647287369, 0.007092957850545645, 0.006855058018118143, 0.006145821884274483, 0.005763757973909378, 0.00559194665402174, 0.005762076936662197, 0.00488930381834507, 0.004500861279666424, 0.0047706556506454945, 0.00502806669101119, 0.004678017925471067, 0.005022894591093063, 0.005510895978659391, 0.0052198804914951324]
Training time: 2614 	steps per sec: 8
Eval num_timesteps=22528, episode_reward=nan +/- nan
Eval num_timesteps=22528, episode_success=nan +/- nan
se
16 16384 1024
diff [0.0126228928565979, 0.02219756692647934, 0.0084463432431221, -0.01179313100874424, -0.008311101235449314, -0.0013303905725479126, -0.0029968926683068275, -0.004656162112951279, -0.00149087468162179, -0.0019104178063571453, -0.0033360663801431656, -0.048420559614896774, -0.0051714833825826645, 0.00039449380710721016, -0.000375302042812109, -0.0010073180310428143, -0.002241038251668215, 0.0002391883172094822, -0.0008950321935117245, -0.00040646549314260483, 0.00020652124658226967, -0.0009178156033158302, 0.00010887766256928444]
ref [0.12075185775756836, 0.0412832647562027, 0.0190057922154665, 0.03036581352353096, 0.02252459153532982, 0.013599668629467487, 0.01300283707678318, 0.013196557760238647, 0.008583832532167435, 0.008765475824475288, 0.009481888264417648, 0.05418431758880615, 0.010763430036604404, 0.005367583129554987, 0.005264605861157179, 0.005508179310709238, 0.007011693902313709, 0.004788878373801708, 0.005573050118982792, 0.005429360084235668, 0.005304374732077122, 0.006137696094810963, 0.005363951437175274]
[0.13337475061416626, 0.06348083168268204, 0.0274521354585886, 0.01857268251478672, 0.014213490299880505, 0.012269278056919575, 0.010005944408476353, 0.008540395647287369, 0.007092957850545645, 0.006855058018118143, 0.006145821884274483, 0.005763757973909378, 0.00559194665402174, 0.005762076936662197, 0.00488930381834507, 0.004500861279666424, 0.0047706556506454945, 0.00502806669101119, 0.004678017925471067, 0.005022894591093063, 0.005510895978659391, 0.0052198804914951324, 0.005472829099744558]
Training time: 2781 	steps per sec: 8
Eval num_timesteps=23552, episode_reward=nan +/- nan
Eval num_timesteps=23552, episode_success=nan +/- nan
se
16 16384 1024
diff [0.0126228928565979, 0.02219756692647934, 0.0084463432431221, -0.01179313100874424, -0.008311101235449314, -0.0013303905725479126, -0.0029968926683068275, -0.004656162112951279, -0.00149087468162179, -0.0019104178063571453, -0.0033360663801431656, -0.048420559614896774, -0.0051714833825826645, 0.00039449380710721016, -0.000375302042812109, -0.0010073180310428143, -0.002241038251668215, 0.0002391883172094822, -0.0008950321935117245, -0.00040646549314260483, 0.00020652124658226967, -0.0009178156033158302, 0.00010887766256928444, -0.0008797389455139637]
ref [0.12075185775756836, 0.0412832647562027, 0.0190057922154665, 0.03036581352353096, 0.02252459153532982, 0.013599668629467487, 0.01300283707678318, 0.013196557760238647, 0.008583832532167435, 0.008765475824475288, 0.009481888264417648, 0.05418431758880615, 0.010763430036604404, 0.005367583129554987, 0.005264605861157179, 0.005508179310709238, 0.007011693902313709, 0.004788878373801708, 0.005573050118982792, 0.005429360084235668, 0.005304374732077122, 0.006137696094810963, 0.005363951437175274, 0.006194606423377991]
[0.13337475061416626, 0.06348083168268204, 0.0274521354585886, 0.01857268251478672, 0.014213490299880505, 0.012269278056919575, 0.010005944408476353, 0.008540395647287369, 0.007092957850545645, 0.006855058018118143, 0.006145821884274483, 0.005763757973909378, 0.00559194665402174, 0.005762076936662197, 0.00488930381834507, 0.004500861279666424, 0.0047706556506454945, 0.00502806669101119, 0.004678017925471067, 0.005022894591093063, 0.005510895978659391, 0.0052198804914951324, 0.005472829099744558, 0.005314867477864027]
Training time: 2950 	steps per sec: 8
Eval num_timesteps=24576, episode_reward=nan +/- nan
Eval num_timesteps=24576, episode_success=nan +/- nan
se
16 16384 1024
diff [0.0126228928565979, 0.02219756692647934, 0.0084463432431221, -0.01179313100874424, -0.008311101235449314, -0.0013303905725479126, -0.0029968926683068275, -0.004656162112951279, -0.00149087468162179, -0.0019104178063571453, -0.0033360663801431656, -0.048420559614896774, -0.0051714833825826645, 0.00039449380710721016, -0.000375302042812109, -0.0010073180310428143, -0.002241038251668215, 0.0002391883172094822, -0.0008950321935117245, -0.00040646549314260483, 0.00020652124658226967, -0.0009178156033158302, 0.00010887766256928444, -0.0008797389455139637, -0.0015169000253081322]
ref [0.12075185775756836, 0.0412832647562027, 0.0190057922154665, 0.03036581352353096, 0.02252459153532982, 0.013599668629467487, 0.01300283707678318, 0.013196557760238647, 0.008583832532167435, 0.008765475824475288, 0.009481888264417648, 0.05418431758880615, 0.010763430036604404, 0.005367583129554987, 0.005264605861157179, 0.005508179310709238, 0.007011693902313709, 0.004788878373801708, 0.005573050118982792, 0.005429360084235668, 0.005304374732077122, 0.006137696094810963, 0.005363951437175274, 0.006194606423377991, 0.006529731675982475]
[0.13337475061416626, 0.06348083168268204, 0.0274521354585886, 0.01857268251478672, 0.014213490299880505, 0.012269278056919575, 0.010005944408476353, 0.008540395647287369, 0.007092957850545645, 0.006855058018118143, 0.006145821884274483, 0.005763757973909378, 0.00559194665402174, 0.005762076936662197, 0.00488930381834507, 0.004500861279666424, 0.0047706556506454945, 0.00502806669101119, 0.004678017925471067, 0.005022894591093063, 0.005510895978659391, 0.0052198804914951324, 0.005472829099744558, 0.005314867477864027, 0.005012831650674343]
Training time: 3120 	steps per sec: 8
Eval num_timesteps=25600, episode_reward=nan +/- nan
Eval num_timesteps=25600, episode_success=nan +/- nan
se
16 16384 1024
diff [0.0126228928565979, 0.02219756692647934, 0.0084463432431221, -0.01179313100874424, -0.008311101235449314, -0.0013303905725479126, -0.0029968926683068275, -0.004656162112951279, -0.00149087468162179, -0.0019104178063571453, -0.0033360663801431656, -0.048420559614896774, -0.0051714833825826645, 0.00039449380710721016, -0.000375302042812109, -0.0010073180310428143, -0.002241038251668215, 0.0002391883172094822, -0.0008950321935117245, -0.00040646549314260483, 0.00020652124658226967, -0.0009178156033158302, 0.00010887766256928444, -0.0008797389455139637, -0.0015169000253081322, -0.0005300967022776604]
ref [0.12075185775756836, 0.0412832647562027, 0.0190057922154665, 0.03036581352353096, 0.02252459153532982, 0.013599668629467487, 0.01300283707678318, 0.013196557760238647, 0.008583832532167435, 0.008765475824475288, 0.009481888264417648, 0.05418431758880615, 0.010763430036604404, 0.005367583129554987, 0.005264605861157179, 0.005508179310709238, 0.007011693902313709, 0.004788878373801708, 0.005573050118982792, 0.005429360084235668, 0.005304374732077122, 0.006137696094810963, 0.005363951437175274, 0.006194606423377991, 0.006529731675982475, 0.005733603145927191]
[0.13337475061416626, 0.06348083168268204, 0.0274521354585886, 0.01857268251478672, 0.014213490299880505, 0.012269278056919575, 0.010005944408476353, 0.008540395647287369, 0.007092957850545645, 0.006855058018118143, 0.006145821884274483, 0.005763757973909378, 0.00559194665402174, 0.005762076936662197, 0.00488930381834507, 0.004500861279666424, 0.0047706556506454945, 0.00502806669101119, 0.004678017925471067, 0.005022894591093063, 0.005510895978659391, 0.0052198804914951324, 0.005472829099744558, 0.005314867477864027, 0.005012831650674343, 0.00520350644364953]
Training time: 3260 	steps per sec: 8
Eval num_timesteps=26624, episode_reward=nan +/- nan
Eval num_timesteps=26624, episode_success=nan +/- nan
se
16 16384 1024
diff [0.0126228928565979, 0.02219756692647934, 0.0084463432431221, -0.01179313100874424, -0.008311101235449314, -0.0013303905725479126, -0.0029968926683068275, -0.004656162112951279, -0.00149087468162179, -0.0019104178063571453, -0.0033360663801431656, -0.048420559614896774, -0.0051714833825826645, 0.00039449380710721016, -0.000375302042812109, -0.0010073180310428143, -0.002241038251668215, 0.0002391883172094822, -0.0008950321935117245, -0.00040646549314260483, 0.00020652124658226967, -0.0009178156033158302, 0.00010887766256928444, -0.0008797389455139637, -0.0015169000253081322, -0.0005300967022776604, -0.0018334281630814075]
ref [0.12075185775756836, 0.0412832647562027, 0.0190057922154665, 0.03036581352353096, 0.02252459153532982, 0.013599668629467487, 0.01300283707678318, 0.013196557760238647, 0.008583832532167435, 0.008765475824475288, 0.009481888264417648, 0.05418431758880615, 0.010763430036604404, 0.005367583129554987, 0.005264605861157179, 0.005508179310709238, 0.007011693902313709, 0.004788878373801708, 0.005573050118982792, 0.005429360084235668, 0.005304374732077122, 0.006137696094810963, 0.005363951437175274, 0.006194606423377991, 0.006529731675982475, 0.005733603145927191, 0.007361708674579859]
[0.13337475061416626, 0.06348083168268204, 0.0274521354585886, 0.01857268251478672, 0.014213490299880505, 0.012269278056919575, 0.010005944408476353, 0.008540395647287369, 0.007092957850545645, 0.006855058018118143, 0.006145821884274483, 0.005763757973909378, 0.00559194665402174, 0.005762076936662197, 0.00488930381834507, 0.004500861279666424, 0.0047706556506454945, 0.00502806669101119, 0.004678017925471067, 0.005022894591093063, 0.005510895978659391, 0.0052198804914951324, 0.005472829099744558, 0.005314867477864027, 0.005012831650674343, 0.00520350644364953, 0.005528280511498451]
Training time: 3385 	steps per sec: 8
Eval num_timesteps=27648, episode_reward=nan +/- nan
Eval num_timesteps=27648, episode_success=nan +/- nan
se
16 16384 1024
diff [0.0126228928565979, 0.02219756692647934, 0.0084463432431221, -0.01179313100874424, -0.008311101235449314, -0.0013303905725479126, -0.0029968926683068275, -0.004656162112951279, -0.00149087468162179, -0.0019104178063571453, -0.0033360663801431656, -0.048420559614896774, -0.0051714833825826645, 0.00039449380710721016, -0.000375302042812109, -0.0010073180310428143, -0.002241038251668215, 0.0002391883172094822, -0.0008950321935117245, -0.00040646549314260483, 0.00020652124658226967, -0.0009178156033158302, 0.00010887766256928444, -0.0008797389455139637, -0.0015169000253081322, -0.0005300967022776604, -0.0018334281630814075, -0.0010883035138249397]
ref [0.12075185775756836, 0.0412832647562027, 0.0190057922154665, 0.03036581352353096, 0.02252459153532982, 0.013599668629467487, 0.01300283707678318, 0.013196557760238647, 0.008583832532167435, 0.008765475824475288, 0.009481888264417648, 0.05418431758880615, 0.010763430036604404, 0.005367583129554987, 0.005264605861157179, 0.005508179310709238, 0.007011693902313709, 0.004788878373801708, 0.005573050118982792, 0.005429360084235668, 0.005304374732077122, 0.006137696094810963, 0.005363951437175274, 0.006194606423377991, 0.006529731675982475, 0.005733603145927191, 0.007361708674579859, 0.0065912711434066296]
[0.13337475061416626, 0.06348083168268204, 0.0274521354585886, 0.01857268251478672, 0.014213490299880505, 0.012269278056919575, 0.010005944408476353, 0.008540395647287369, 0.007092957850545645, 0.006855058018118143, 0.006145821884274483, 0.005763757973909378, 0.00559194665402174, 0.005762076936662197, 0.00488930381834507, 0.004500861279666424, 0.0047706556506454945, 0.00502806669101119, 0.004678017925471067, 0.005022894591093063, 0.005510895978659391, 0.0052198804914951324, 0.005472829099744558, 0.005314867477864027, 0.005012831650674343, 0.00520350644364953, 0.005528280511498451, 0.00550296762958169]
Training time: 3510 	steps per sec: 8
Eval num_timesteps=28672, episode_reward=nan +/- nan
Eval num_timesteps=28672, episode_success=nan +/- nan
se
16 16384 1024
diff [0.0126228928565979, 0.02219756692647934, 0.0084463432431221, -0.01179313100874424, -0.008311101235449314, -0.0013303905725479126, -0.0029968926683068275, -0.004656162112951279, -0.00149087468162179, -0.0019104178063571453, -0.0033360663801431656, -0.048420559614896774, -0.0051714833825826645, 0.00039449380710721016, -0.000375302042812109, -0.0010073180310428143, -0.002241038251668215, 0.0002391883172094822, -0.0008950321935117245, -0.00040646549314260483, 0.00020652124658226967, -0.0009178156033158302, 0.00010887766256928444, -0.0008797389455139637, -0.0015169000253081322, -0.0005300967022776604, -0.0018334281630814075, -0.0010883035138249397, -0.00015603238716721535]
ref [0.12075185775756836, 0.0412832647562027, 0.0190057922154665, 0.03036581352353096, 0.02252459153532982, 0.013599668629467487, 0.01300283707678318, 0.013196557760238647, 0.008583832532167435, 0.008765475824475288, 0.009481888264417648, 0.05418431758880615, 0.010763430036604404, 0.005367583129554987, 0.005264605861157179, 0.005508179310709238, 0.007011693902313709, 0.004788878373801708, 0.005573050118982792, 0.005429360084235668, 0.005304374732077122, 0.006137696094810963, 0.005363951437175274, 0.006194606423377991, 0.006529731675982475, 0.005733603145927191, 0.007361708674579859, 0.0065912711434066296, 0.005477369762957096]
[0.13337475061416626, 0.06348083168268204, 0.0274521354585886, 0.01857268251478672, 0.014213490299880505, 0.012269278056919575, 0.010005944408476353, 0.008540395647287369, 0.007092957850545645, 0.006855058018118143, 0.006145821884274483, 0.005763757973909378, 0.00559194665402174, 0.005762076936662197, 0.00488930381834507, 0.004500861279666424, 0.0047706556506454945, 0.00502806669101119, 0.004678017925471067, 0.005022894591093063, 0.005510895978659391, 0.0052198804914951324, 0.005472829099744558, 0.005314867477864027, 0.005012831650674343, 0.00520350644364953, 0.005528280511498451, 0.00550296762958169, 0.005321337375789881]
Training time: 3653 	steps per sec: 8
Eval num_timesteps=29696, episode_reward=nan +/- nan
Eval num_timesteps=29696, episode_success=nan +/- nan
se
16 16384 1024
diff [0.0126228928565979, 0.02219756692647934, 0.0084463432431221, -0.01179313100874424, -0.008311101235449314, -0.0013303905725479126, -0.0029968926683068275, -0.004656162112951279, -0.00149087468162179, -0.0019104178063571453, -0.0033360663801431656, -0.048420559614896774, -0.0051714833825826645, 0.00039449380710721016, -0.000375302042812109, -0.0010073180310428143, -0.002241038251668215, 0.0002391883172094822, -0.0008950321935117245, -0.00040646549314260483, 0.00020652124658226967, -0.0009178156033158302, 0.00010887766256928444, -0.0008797389455139637, -0.0015169000253081322, -0.0005300967022776604, -0.0018334281630814075, -0.0010883035138249397, -0.00015603238716721535, -0.0015951255336403847]
ref [0.12075185775756836, 0.0412832647562027, 0.0190057922154665, 0.03036581352353096, 0.02252459153532982, 0.013599668629467487, 0.01300283707678318, 0.013196557760238647, 0.008583832532167435, 0.008765475824475288, 0.009481888264417648, 0.05418431758880615, 0.010763430036604404, 0.005367583129554987, 0.005264605861157179, 0.005508179310709238, 0.007011693902313709, 0.004788878373801708, 0.005573050118982792, 0.005429360084235668, 0.005304374732077122, 0.006137696094810963, 0.005363951437175274, 0.006194606423377991, 0.006529731675982475, 0.005733603145927191, 0.007361708674579859, 0.0065912711434066296, 0.005477369762957096, 0.006792185828089714]
[0.13337475061416626, 0.06348083168268204, 0.0274521354585886, 0.01857268251478672, 0.014213490299880505, 0.012269278056919575, 0.010005944408476353, 0.008540395647287369, 0.007092957850545645, 0.006855058018118143, 0.006145821884274483, 0.005763757973909378, 0.00559194665402174, 0.005762076936662197, 0.00488930381834507, 0.004500861279666424, 0.0047706556506454945, 0.00502806669101119, 0.004678017925471067, 0.005022894591093063, 0.005510895978659391, 0.0052198804914951324, 0.005472829099744558, 0.005314867477864027, 0.005012831650674343, 0.00520350644364953, 0.005528280511498451, 0.00550296762958169, 0.005321337375789881, 0.005197060294449329]
Training time: 3800 	steps per sec: 8
Eval num_timesteps=30720, episode_reward=nan +/- nan
Eval num_timesteps=30720, episode_success=nan +/- nan
se
16 16384 1024
diff [0.0126228928565979, 0.02219756692647934, 0.0084463432431221, -0.01179313100874424, -0.008311101235449314, -0.0013303905725479126, -0.0029968926683068275, -0.004656162112951279, -0.00149087468162179, -0.0019104178063571453, -0.0033360663801431656, -0.048420559614896774, -0.0051714833825826645, 0.00039449380710721016, -0.000375302042812109, -0.0010073180310428143, -0.002241038251668215, 0.0002391883172094822, -0.0008950321935117245, -0.00040646549314260483, 0.00020652124658226967, -0.0009178156033158302, 0.00010887766256928444, -0.0008797389455139637, -0.0015169000253081322, -0.0005300967022776604, -0.0018334281630814075, -0.0010883035138249397, -0.00015603238716721535, -0.0015951255336403847, 0.0004530237056314945]
ref [0.12075185775756836, 0.0412832647562027, 0.0190057922154665, 0.03036581352353096, 0.02252459153532982, 0.013599668629467487, 0.01300283707678318, 0.013196557760238647, 0.008583832532167435, 0.008765475824475288, 0.009481888264417648, 0.05418431758880615, 0.010763430036604404, 0.005367583129554987, 0.005264605861157179, 0.005508179310709238, 0.007011693902313709, 0.004788878373801708, 0.005573050118982792, 0.005429360084235668, 0.005304374732077122, 0.006137696094810963, 0.005363951437175274, 0.006194606423377991, 0.006529731675982475, 0.005733603145927191, 0.007361708674579859, 0.0065912711434066296, 0.005477369762957096, 0.006792185828089714, 0.004724142607301474]
[0.13337475061416626, 0.06348083168268204, 0.0274521354585886, 0.01857268251478672, 0.014213490299880505, 0.012269278056919575, 0.010005944408476353, 0.008540395647287369, 0.007092957850545645, 0.006855058018118143, 0.006145821884274483, 0.005763757973909378, 0.00559194665402174, 0.005762076936662197, 0.00488930381834507, 0.004500861279666424, 0.0047706556506454945, 0.00502806669101119, 0.004678017925471067, 0.005022894591093063, 0.005510895978659391, 0.0052198804914951324, 0.005472829099744558, 0.005314867477864027, 0.005012831650674343, 0.00520350644364953, 0.005528280511498451, 0.00550296762958169, 0.005321337375789881, 0.005197060294449329, 0.005177166312932968]
Training time: 3945 	steps per sec: 8
Eval num_timesteps=31744, episode_reward=nan +/- nan
Eval num_timesteps=31744, episode_success=nan +/- nan
se
16 16384 1024
diff [0.0126228928565979, 0.02219756692647934, 0.0084463432431221, -0.01179313100874424, -0.008311101235449314, -0.0013303905725479126, -0.0029968926683068275, -0.004656162112951279, -0.00149087468162179, -0.0019104178063571453, -0.0033360663801431656, -0.048420559614896774, -0.0051714833825826645, 0.00039449380710721016, -0.000375302042812109, -0.0010073180310428143, -0.002241038251668215, 0.0002391883172094822, -0.0008950321935117245, -0.00040646549314260483, 0.00020652124658226967, -0.0009178156033158302, 0.00010887766256928444, -0.0008797389455139637, -0.0015169000253081322, -0.0005300967022776604, -0.0018334281630814075, -0.0010883035138249397, -0.00015603238716721535, -0.0015951255336403847, 0.0004530237056314945, -0.001290538813918829]
ref [0.12075185775756836, 0.0412832647562027, 0.0190057922154665, 0.03036581352353096, 0.02252459153532982, 0.013599668629467487, 0.01300283707678318, 0.013196557760238647, 0.008583832532167435, 0.008765475824475288, 0.009481888264417648, 0.05418431758880615, 0.010763430036604404, 0.005367583129554987, 0.005264605861157179, 0.005508179310709238, 0.007011693902313709, 0.004788878373801708, 0.005573050118982792, 0.005429360084235668, 0.005304374732077122, 0.006137696094810963, 0.005363951437175274, 0.006194606423377991, 0.006529731675982475, 0.005733603145927191, 0.007361708674579859, 0.0065912711434066296, 0.005477369762957096, 0.006792185828089714, 0.004724142607301474, 0.006306938361376524]
[0.13337475061416626, 0.06348083168268204, 0.0274521354585886, 0.01857268251478672, 0.014213490299880505, 0.012269278056919575, 0.010005944408476353, 0.008540395647287369, 0.007092957850545645, 0.006855058018118143, 0.006145821884274483, 0.005763757973909378, 0.00559194665402174, 0.005762076936662197, 0.00488930381834507, 0.004500861279666424, 0.0047706556506454945, 0.00502806669101119, 0.004678017925471067, 0.005022894591093063, 0.005510895978659391, 0.0052198804914951324, 0.005472829099744558, 0.005314867477864027, 0.005012831650674343, 0.00520350644364953, 0.005528280511498451, 0.00550296762958169, 0.005321337375789881, 0.005197060294449329, 0.005177166312932968, 0.005016399547457695]
Training time: 4095 	steps per sec: 8
Eval num_timesteps=32768, episode_reward=nan +/- nan
Eval num_timesteps=32768, episode_success=nan +/- nan
results/Swimmer-v4/
results/Swimmer-v4/ppo_ros/
results/Swimmer-v4/ppo_ros/expert/
results/Swimmer-v4/ppo_ros/expert/b_16/
results/Swimmer-v4/ppo_ros/expert/b_16/no_lambda/
results/Swimmer-v4/ppo_ros/expert/b_16/no_lambda/run_2/
results/Swimmer-v4/ppo_ros/expert/b_16/no_lambda/run_2/stats.npz
results/Swimmer-v4/ppo_ros/expert/b_16/no_lambda/run_2/config.yml
results/Swimmer-v4/ppo_ros/expert/b_16/no_lambda/run_2/evaluations.npz
