ppo_ros_continuous.py --env-id Walker2d-v4 -s expert/b_16/no_lambda --total-timesteps 32768 --eval-freq 1 --eval-episodes 0 -b 16 --num-steps 1024 -lr 0 --update-epochs 0 --anneal-lr 0 --ros-num-steps 256 --ros-update-epochs 16 --ros-target-kl 0.05 --ros-clip-coef 0.3 --ros-lambda 0 -ros-lr 0.001 --ros-anneal-lr 0 --se 1 --se-freq 1 --se-lr 1e-3 --se-epochs 1000 --policy-path policies/Walker2d-v4/best_model.zip --normalization-dir policies/Walker2d-v4
Obtaining file:///var/lib/condor/execute/slot1/dir_394782/PPOROS/PPOROS/custom-envs
  Preparing metadata (setup.py): started
  Preparing metadata (setup.py): finished with status 'done'
Requirement already satisfied: gym in /var/lib/condor/execute/slot1/dir_394782/PPOROS/ppo-ros_env/lib/python3.9/site-packages (from custom-envs==0.0.1) (0.21.0)
Requirement already satisfied: cloudpickle>=1.2.0 in /var/lib/condor/execute/slot1/dir_394782/PPOROS/ppo-ros_env/lib/python3.9/site-packages (from gym->custom-envs==0.0.1) (2.2.1)
Requirement already satisfied: numpy>=1.18.0 in /var/lib/condor/execute/slot1/dir_394782/PPOROS/ppo-ros_env/lib/python3.9/site-packages (from gym->custom-envs==0.0.1) (1.24.2)
Installing collected packages: custom-envs
  Running setup.py develop for custom-envs
Successfully installed custom-envs-0.0.1
seed: 4
Eval num_timesteps=0, episode_reward=nan +/- nan
Eval num_timesteps=0, episode_success=nan +/- nan
se
1 1024 1024
diff [0.016940712928771973]
ref [0.3023373782634735]
[0.3192780911922455]
Training time: 14 	steps per sec: 69
Eval num_timesteps=1024, episode_reward=nan +/- nan
Eval num_timesteps=1024, episode_success=nan +/- nan
se
2 2048 1024
diff [0.016940712928771973, -0.032615140080451965]
ref [0.3023373782634735, 0.15336206555366516]
[0.3192780911922455, 0.1207469254732132]
Training time: 37 	steps per sec: 55
Eval num_timesteps=2048, episode_reward=nan +/- nan
Eval num_timesteps=2048, episode_success=nan +/- nan
se
3 3072 1024
diff [0.016940712928771973, -0.032615140080451965, -0.0015050768852233887]
ref [0.3023373782634735, 0.15336206555366516, 0.08277369290590286]
[0.3192780911922455, 0.1207469254732132, 0.08126861602067947]
Training time: 66 	steps per sec: 46
Eval num_timesteps=3072, episode_reward=nan +/- nan
Eval num_timesteps=3072, episode_success=nan +/- nan
se
4 4096 1024
diff [0.016940712928771973, -0.032615140080451965, -0.0015050768852233887, -0.020554833114147186]
ref [0.3023373782634735, 0.15336206555366516, 0.08277369290590286, 0.07132929563522339]
[0.3192780911922455, 0.1207469254732132, 0.08126861602067947, 0.0507744625210762]
Training time: 112 	steps per sec: 36
Eval num_timesteps=4096, episode_reward=nan +/- nan
Eval num_timesteps=4096, episode_success=nan +/- nan
se
5 5120 1024
diff [0.016940712928771973, -0.032615140080451965, -0.0015050768852233887, -0.020554833114147186, -0.008640360087156296]
ref [0.3023373782634735, 0.15336206555366516, 0.08277369290590286, 0.07132929563522339, 0.04600384086370468]
[0.3192780911922455, 0.1207469254732132, 0.08126861602067947, 0.0507744625210762, 0.037363480776548386]
Training time: 168 	steps per sec: 30
Eval num_timesteps=5120, episode_reward=nan +/- nan
Eval num_timesteps=5120, episode_success=nan +/- nan
se
6 6144 1024
diff [0.016940712928771973, -0.032615140080451965, -0.0015050768852233887, -0.020554833114147186, -0.008640360087156296, -0.019764026626944542]
ref [0.3023373782634735, 0.15336206555366516, 0.08277369290590286, 0.07132929563522339, 0.04600384086370468, 0.0495925210416317]
[0.3192780911922455, 0.1207469254732132, 0.08126861602067947, 0.0507744625210762, 0.037363480776548386, 0.029828494414687157]
Training time: 233 	steps per sec: 26
Eval num_timesteps=6144, episode_reward=nan +/- nan
Eval num_timesteps=6144, episode_success=nan +/- nan
se
7 7168 1024
diff [0.016940712928771973, -0.032615140080451965, -0.0015050768852233887, -0.020554833114147186, -0.008640360087156296, -0.019764026626944542, -0.01170920766890049]
ref [0.3023373782634735, 0.15336206555366516, 0.08277369290590286, 0.07132929563522339, 0.04600384086370468, 0.0495925210416317, 0.03562450036406517]
[0.3192780911922455, 0.1207469254732132, 0.08126861602067947, 0.0507744625210762, 0.037363480776548386, 0.029828494414687157, 0.02391529269516468]
Training time: 312 	steps per sec: 22
Eval num_timesteps=7168, episode_reward=nan +/- nan
Eval num_timesteps=7168, episode_success=nan +/- nan
se
8 8192 1024
diff [0.016940712928771973, -0.032615140080451965, -0.0015050768852233887, -0.020554833114147186, -0.008640360087156296, -0.019764026626944542, -0.01170920766890049, -0.010534539818763733]
ref [0.3023373782634735, 0.15336206555366516, 0.08277369290590286, 0.07132929563522339, 0.04600384086370468, 0.0495925210416317, 0.03562450036406517, 0.03266119956970215]
[0.3192780911922455, 0.1207469254732132, 0.08126861602067947, 0.0507744625210762, 0.037363480776548386, 0.029828494414687157, 0.02391529269516468, 0.022126659750938416]
Training time: 400 	steps per sec: 20
Eval num_timesteps=8192, episode_reward=nan +/- nan
Eval num_timesteps=8192, episode_success=nan +/- nan
se
9 9216 1024
diff [0.016940712928771973, -0.032615140080451965, -0.0015050768852233887, -0.020554833114147186, -0.008640360087156296, -0.019764026626944542, -0.01170920766890049, -0.010534539818763733, -0.005165545269846916]
ref [0.3023373782634735, 0.15336206555366516, 0.08277369290590286, 0.07132929563522339, 0.04600384086370468, 0.0495925210416317, 0.03562450036406517, 0.03266119956970215, 0.025295773521065712]
[0.3192780911922455, 0.1207469254732132, 0.08126861602067947, 0.0507744625210762, 0.037363480776548386, 0.029828494414687157, 0.02391529269516468, 0.022126659750938416, 0.020130228251218796]
Training time: 500 	steps per sec: 18
Eval num_timesteps=9216, episode_reward=nan +/- nan
Eval num_timesteps=9216, episode_success=nan +/- nan
se
10 10240 1024
diff [0.016940712928771973, -0.032615140080451965, -0.0015050768852233887, -0.020554833114147186, -0.008640360087156296, -0.019764026626944542, -0.01170920766890049, -0.010534539818763733, -0.005165545269846916, -0.011807515285909176]
ref [0.3023373782634735, 0.15336206555366516, 0.08277369290590286, 0.07132929563522339, 0.04600384086370468, 0.0495925210416317, 0.03562450036406517, 0.03266119956970215, 0.025295773521065712, 0.027281055226922035]
[0.3192780911922455, 0.1207469254732132, 0.08126861602067947, 0.0507744625210762, 0.037363480776548386, 0.029828494414687157, 0.02391529269516468, 0.022126659750938416, 0.020130228251218796, 0.01547353994101286]
Training time: 611 	steps per sec: 16
Eval num_timesteps=10240, episode_reward=nan +/- nan
Eval num_timesteps=10240, episode_success=nan +/- nan
se
11 11264 1024
diff [0.016940712928771973, -0.032615140080451965, -0.0015050768852233887, -0.020554833114147186, -0.008640360087156296, -0.019764026626944542, -0.01170920766890049, -0.010534539818763733, -0.005165545269846916, -0.011807515285909176, -0.010626326315104961]
ref [0.3023373782634735, 0.15336206555366516, 0.08277369290590286, 0.07132929563522339, 0.04600384086370468, 0.0495925210416317, 0.03562450036406517, 0.03266119956970215, 0.025295773521065712, 0.027281055226922035, 0.02483854442834854]
[0.3192780911922455, 0.1207469254732132, 0.08126861602067947, 0.0507744625210762, 0.037363480776548386, 0.029828494414687157, 0.02391529269516468, 0.022126659750938416, 0.020130228251218796, 0.01547353994101286, 0.01421221811324358]
Training time: 731 	steps per sec: 15
Eval num_timesteps=11264, episode_reward=nan +/- nan
Eval num_timesteps=11264, episode_success=nan +/- nan
se
12 12288 1024
diff [0.016940712928771973, -0.032615140080451965, -0.0015050768852233887, -0.020554833114147186, -0.008640360087156296, -0.019764026626944542, -0.01170920766890049, -0.010534539818763733, -0.005165545269846916, -0.011807515285909176, -0.010626326315104961, -0.009869327768683434]
ref [0.3023373782634735, 0.15336206555366516, 0.08277369290590286, 0.07132929563522339, 0.04600384086370468, 0.0495925210416317, 0.03562450036406517, 0.03266119956970215, 0.025295773521065712, 0.027281055226922035, 0.02483854442834854, 0.021488072350621223]
[0.3192780911922455, 0.1207469254732132, 0.08126861602067947, 0.0507744625210762, 0.037363480776548386, 0.029828494414687157, 0.02391529269516468, 0.022126659750938416, 0.020130228251218796, 0.01547353994101286, 0.01421221811324358, 0.01161874458193779]
Training time: 857 	steps per sec: 14
Eval num_timesteps=12288, episode_reward=nan +/- nan
Eval num_timesteps=12288, episode_success=nan +/- nan
se
13 13312 1024
diff [0.016940712928771973, -0.032615140080451965, -0.0015050768852233887, -0.020554833114147186, -0.008640360087156296, -0.019764026626944542, -0.01170920766890049, -0.010534539818763733, -0.005165545269846916, -0.011807515285909176, -0.010626326315104961, -0.009869327768683434, -0.006860149092972279]
ref [0.3023373782634735, 0.15336206555366516, 0.08277369290590286, 0.07132929563522339, 0.04600384086370468, 0.0495925210416317, 0.03562450036406517, 0.03266119956970215, 0.025295773521065712, 0.027281055226922035, 0.02483854442834854, 0.021488072350621223, 0.01770985871553421]
[0.3192780911922455, 0.1207469254732132, 0.08126861602067947, 0.0507744625210762, 0.037363480776548386, 0.029828494414687157, 0.02391529269516468, 0.022126659750938416, 0.020130228251218796, 0.01547353994101286, 0.01421221811324358, 0.01161874458193779, 0.010849709622561932]
Training time: 1057 	steps per sec: 12
Eval num_timesteps=13312, episode_reward=nan +/- nan
Eval num_timesteps=13312, episode_success=nan +/- nan
se
14 14336 1024
diff [0.016940712928771973, -0.032615140080451965, -0.0015050768852233887, -0.020554833114147186, -0.008640360087156296, -0.019764026626944542, -0.01170920766890049, -0.010534539818763733, -0.005165545269846916, -0.011807515285909176, -0.010626326315104961, -0.009869327768683434, -0.006860149092972279, -0.009128434583544731]
ref [0.3023373782634735, 0.15336206555366516, 0.08277369290590286, 0.07132929563522339, 0.04600384086370468, 0.0495925210416317, 0.03562450036406517, 0.03266119956970215, 0.025295773521065712, 0.027281055226922035, 0.02483854442834854, 0.021488072350621223, 0.01770985871553421, 0.0187215656042099]
[0.3192780911922455, 0.1207469254732132, 0.08126861602067947, 0.0507744625210762, 0.037363480776548386, 0.029828494414687157, 0.02391529269516468, 0.022126659750938416, 0.020130228251218796, 0.01547353994101286, 0.01421221811324358, 0.01161874458193779, 0.010849709622561932, 0.009593131020665169]
Training time: 1201 	steps per sec: 11
Eval num_timesteps=14336, episode_reward=nan +/- nan
Eval num_timesteps=14336, episode_success=nan +/- nan
se
15 15360 1024
diff [0.016940712928771973, -0.032615140080451965, -0.0015050768852233887, -0.020554833114147186, -0.008640360087156296, -0.019764026626944542, -0.01170920766890049, -0.010534539818763733, -0.005165545269846916, -0.011807515285909176, -0.010626326315104961, -0.009869327768683434, -0.006860149092972279, -0.009128434583544731, -0.010666978545486927]
ref [0.3023373782634735, 0.15336206555366516, 0.08277369290590286, 0.07132929563522339, 0.04600384086370468, 0.0495925210416317, 0.03562450036406517, 0.03266119956970215, 0.025295773521065712, 0.027281055226922035, 0.02483854442834854, 0.021488072350621223, 0.01770985871553421, 0.0187215656042099, 0.019764896482229233]
[0.3192780911922455, 0.1207469254732132, 0.08126861602067947, 0.0507744625210762, 0.037363480776548386, 0.029828494414687157, 0.02391529269516468, 0.022126659750938416, 0.020130228251218796, 0.01547353994101286, 0.01421221811324358, 0.01161874458193779, 0.010849709622561932, 0.009593131020665169, 0.009097917936742306]
Training time: 1337 	steps per sec: 11
Eval num_timesteps=15360, episode_reward=nan +/- nan
Eval num_timesteps=15360, episode_success=nan +/- nan
se
16 16384 1024
diff [0.016940712928771973, -0.032615140080451965, -0.0015050768852233887, -0.020554833114147186, -0.008640360087156296, -0.019764026626944542, -0.01170920766890049, -0.010534539818763733, -0.005165545269846916, -0.011807515285909176, -0.010626326315104961, -0.009869327768683434, -0.006860149092972279, -0.009128434583544731, -0.010666978545486927, -0.007171904668211937]
ref [0.3023373782634735, 0.15336206555366516, 0.08277369290590286, 0.07132929563522339, 0.04600384086370468, 0.0495925210416317, 0.03562450036406517, 0.03266119956970215, 0.025295773521065712, 0.027281055226922035, 0.02483854442834854, 0.021488072350621223, 0.01770985871553421, 0.0187215656042099, 0.019764896482229233, 0.015842651948332787]
[0.3192780911922455, 0.1207469254732132, 0.08126861602067947, 0.0507744625210762, 0.037363480776548386, 0.029828494414687157, 0.02391529269516468, 0.022126659750938416, 0.020130228251218796, 0.01547353994101286, 0.01421221811324358, 0.01161874458193779, 0.010849709622561932, 0.009593131020665169, 0.009097917936742306, 0.00867074728012085]
Training time: 1477 	steps per sec: 11
Eval num_timesteps=16384, episode_reward=nan +/- nan
Eval num_timesteps=16384, episode_success=nan +/- nan
se
16 16384 1024
diff [0.016940712928771973, -0.032615140080451965, -0.0015050768852233887, -0.020554833114147186, -0.008640360087156296, -0.019764026626944542, -0.01170920766890049, -0.010534539818763733, -0.005165545269846916, -0.011807515285909176, -0.010626326315104961, -0.009869327768683434, -0.006860149092972279, -0.009128434583544731, -0.010666978545486927, -0.007171904668211937, -0.00448241364210844]
ref [0.3023373782634735, 0.15336206555366516, 0.08277369290590286, 0.07132929563522339, 0.04600384086370468, 0.0495925210416317, 0.03562450036406517, 0.03266119956970215, 0.025295773521065712, 0.027281055226922035, 0.02483854442834854, 0.021488072350621223, 0.01770985871553421, 0.0187215656042099, 0.019764896482229233, 0.015842651948332787, 0.014116615056991577]
[0.3192780911922455, 0.1207469254732132, 0.08126861602067947, 0.0507744625210762, 0.037363480776548386, 0.029828494414687157, 0.02391529269516468, 0.022126659750938416, 0.020130228251218796, 0.01547353994101286, 0.01421221811324358, 0.01161874458193779, 0.010849709622561932, 0.009593131020665169, 0.009097917936742306, 0.00867074728012085, 0.009634201414883137]
Training time: 1615 	steps per sec: 10
Eval num_timesteps=17408, episode_reward=nan +/- nan
Eval num_timesteps=17408, episode_success=nan +/- nan
se
16 16384 1024
diff [0.016940712928771973, -0.032615140080451965, -0.0015050768852233887, -0.020554833114147186, -0.008640360087156296, -0.019764026626944542, -0.01170920766890049, -0.010534539818763733, -0.005165545269846916, -0.011807515285909176, -0.010626326315104961, -0.009869327768683434, -0.006860149092972279, -0.009128434583544731, -0.010666978545486927, -0.007171904668211937, -0.00448241364210844, -0.007297530770301819]
ref [0.3023373782634735, 0.15336206555366516, 0.08277369290590286, 0.07132929563522339, 0.04600384086370468, 0.0495925210416317, 0.03562450036406517, 0.03266119956970215, 0.025295773521065712, 0.027281055226922035, 0.02483854442834854, 0.021488072350621223, 0.01770985871553421, 0.0187215656042099, 0.019764896482229233, 0.015842651948332787, 0.014116615056991577, 0.01781427301466465]
[0.3192780911922455, 0.1207469254732132, 0.08126861602067947, 0.0507744625210762, 0.037363480776548386, 0.029828494414687157, 0.02391529269516468, 0.022126659750938416, 0.020130228251218796, 0.01547353994101286, 0.01421221811324358, 0.01161874458193779, 0.010849709622561932, 0.009593131020665169, 0.009097917936742306, 0.00867074728012085, 0.009634201414883137, 0.010516742244362831]
Training time: 1747 	steps per sec: 10
Eval num_timesteps=18432, episode_reward=nan +/- nan
Eval num_timesteps=18432, episode_success=nan +/- nan
se
16 16384 1024
diff [0.016940712928771973, -0.032615140080451965, -0.0015050768852233887, -0.020554833114147186, -0.008640360087156296, -0.019764026626944542, -0.01170920766890049, -0.010534539818763733, -0.005165545269846916, -0.011807515285909176, -0.010626326315104961, -0.009869327768683434, -0.006860149092972279, -0.009128434583544731, -0.010666978545486927, -0.007171904668211937, -0.00448241364210844, -0.007297530770301819, -0.004006490111351013]
ref [0.3023373782634735, 0.15336206555366516, 0.08277369290590286, 0.07132929563522339, 0.04600384086370468, 0.0495925210416317, 0.03562450036406517, 0.03266119956970215, 0.025295773521065712, 0.027281055226922035, 0.02483854442834854, 0.021488072350621223, 0.01770985871553421, 0.0187215656042099, 0.019764896482229233, 0.015842651948332787, 0.014116615056991577, 0.01781427301466465, 0.014757242985069752]
[0.3192780911922455, 0.1207469254732132, 0.08126861602067947, 0.0507744625210762, 0.037363480776548386, 0.029828494414687157, 0.02391529269516468, 0.022126659750938416, 0.020130228251218796, 0.01547353994101286, 0.01421221811324358, 0.01161874458193779, 0.010849709622561932, 0.009593131020665169, 0.009097917936742306, 0.00867074728012085, 0.009634201414883137, 0.010516742244362831, 0.010750752873718739]
Training time: 1899 	steps per sec: 10
Eval num_timesteps=19456, episode_reward=nan +/- nan
Eval num_timesteps=19456, episode_success=nan +/- nan
se
16 16384 1024
diff [0.016940712928771973, -0.032615140080451965, -0.0015050768852233887, -0.020554833114147186, -0.008640360087156296, -0.019764026626944542, -0.01170920766890049, -0.010534539818763733, -0.005165545269846916, -0.011807515285909176, -0.010626326315104961, -0.009869327768683434, -0.006860149092972279, -0.009128434583544731, -0.010666978545486927, -0.007171904668211937, -0.00448241364210844, -0.007297530770301819, -0.004006490111351013, -0.0074571119621396065]
ref [0.3023373782634735, 0.15336206555366516, 0.08277369290590286, 0.07132929563522339, 0.04600384086370468, 0.0495925210416317, 0.03562450036406517, 0.03266119956970215, 0.025295773521065712, 0.027281055226922035, 0.02483854442834854, 0.021488072350621223, 0.01770985871553421, 0.0187215656042099, 0.019764896482229233, 0.015842651948332787, 0.014116615056991577, 0.01781427301466465, 0.014757242985069752, 0.017841532826423645]
[0.3192780911922455, 0.1207469254732132, 0.08126861602067947, 0.0507744625210762, 0.037363480776548386, 0.029828494414687157, 0.02391529269516468, 0.022126659750938416, 0.020130228251218796, 0.01547353994101286, 0.01421221811324358, 0.01161874458193779, 0.010849709622561932, 0.009593131020665169, 0.009097917936742306, 0.00867074728012085, 0.009634201414883137, 0.010516742244362831, 0.010750752873718739, 0.010384420864284039]
Training time: 2050 	steps per sec: 9
Eval num_timesteps=20480, episode_reward=nan +/- nan
Eval num_timesteps=20480, episode_success=nan +/- nan
se
16 16384 1024
diff [0.016940712928771973, -0.032615140080451965, -0.0015050768852233887, -0.020554833114147186, -0.008640360087156296, -0.019764026626944542, -0.01170920766890049, -0.010534539818763733, -0.005165545269846916, -0.011807515285909176, -0.010626326315104961, -0.009869327768683434, -0.006860149092972279, -0.009128434583544731, -0.010666978545486927, -0.007171904668211937, -0.00448241364210844, -0.007297530770301819, -0.004006490111351013, -0.0074571119621396065, -0.0038553662598133087]
ref [0.3023373782634735, 0.15336206555366516, 0.08277369290590286, 0.07132929563522339, 0.04600384086370468, 0.0495925210416317, 0.03562450036406517, 0.03266119956970215, 0.025295773521065712, 0.027281055226922035, 0.02483854442834854, 0.021488072350621223, 0.01770985871553421, 0.0187215656042099, 0.019764896482229233, 0.015842651948332787, 0.014116615056991577, 0.01781427301466465, 0.014757242985069752, 0.017841532826423645, 0.014681301079690456]
[0.3192780911922455, 0.1207469254732132, 0.08126861602067947, 0.0507744625210762, 0.037363480776548386, 0.029828494414687157, 0.02391529269516468, 0.022126659750938416, 0.020130228251218796, 0.01547353994101286, 0.01421221811324358, 0.01161874458193779, 0.010849709622561932, 0.009593131020665169, 0.009097917936742306, 0.00867074728012085, 0.009634201414883137, 0.010516742244362831, 0.010750752873718739, 0.010384420864284039, 0.010825934819877148]
Training time: 2198 	steps per sec: 9
Eval num_timesteps=21504, episode_reward=nan +/- nan
Eval num_timesteps=21504, episode_success=nan +/- nan
se
16 16384 1024
diff [0.016940712928771973, -0.032615140080451965, -0.0015050768852233887, -0.020554833114147186, -0.008640360087156296, -0.019764026626944542, -0.01170920766890049, -0.010534539818763733, -0.005165545269846916, -0.011807515285909176, -0.010626326315104961, -0.009869327768683434, -0.006860149092972279, -0.009128434583544731, -0.010666978545486927, -0.007171904668211937, -0.00448241364210844, -0.007297530770301819, -0.004006490111351013, -0.0074571119621396065, -0.0038553662598133087, -0.004337134771049023]
ref [0.3023373782634735, 0.15336206555366516, 0.08277369290590286, 0.07132929563522339, 0.04600384086370468, 0.0495925210416317, 0.03562450036406517, 0.03266119956970215, 0.025295773521065712, 0.027281055226922035, 0.02483854442834854, 0.021488072350621223, 0.01770985871553421, 0.0187215656042099, 0.019764896482229233, 0.015842651948332787, 0.014116615056991577, 0.01781427301466465, 0.014757242985069752, 0.017841532826423645, 0.014681301079690456, 0.014493136666715145]
[0.3192780911922455, 0.1207469254732132, 0.08126861602067947, 0.0507744625210762, 0.037363480776548386, 0.029828494414687157, 0.02391529269516468, 0.022126659750938416, 0.020130228251218796, 0.01547353994101286, 0.01421221811324358, 0.01161874458193779, 0.010849709622561932, 0.009593131020665169, 0.009097917936742306, 0.00867074728012085, 0.009634201414883137, 0.010516742244362831, 0.010750752873718739, 0.010384420864284039, 0.010825934819877148, 0.010156001895666122]
Training time: 2325 	steps per sec: 9
Eval num_timesteps=22528, episode_reward=nan +/- nan
Eval num_timesteps=22528, episode_success=nan +/- nan
se
16 16384 1024
diff [0.016940712928771973, -0.032615140080451965, -0.0015050768852233887, -0.020554833114147186, -0.008640360087156296, -0.019764026626944542, -0.01170920766890049, -0.010534539818763733, -0.005165545269846916, -0.011807515285909176, -0.010626326315104961, -0.009869327768683434, -0.006860149092972279, -0.009128434583544731, -0.010666978545486927, -0.007171904668211937, -0.00448241364210844, -0.007297530770301819, -0.004006490111351013, -0.0074571119621396065, -0.0038553662598133087, -0.004337134771049023, -0.006310845725238323]
ref [0.3023373782634735, 0.15336206555366516, 0.08277369290590286, 0.07132929563522339, 0.04600384086370468, 0.0495925210416317, 0.03562450036406517, 0.03266119956970215, 0.025295773521065712, 0.027281055226922035, 0.02483854442834854, 0.021488072350621223, 0.01770985871553421, 0.0187215656042099, 0.019764896482229233, 0.015842651948332787, 0.014116615056991577, 0.01781427301466465, 0.014757242985069752, 0.017841532826423645, 0.014681301079690456, 0.014493136666715145, 0.01635841652750969]
[0.3192780911922455, 0.1207469254732132, 0.08126861602067947, 0.0507744625210762, 0.037363480776548386, 0.029828494414687157, 0.02391529269516468, 0.022126659750938416, 0.020130228251218796, 0.01547353994101286, 0.01421221811324358, 0.01161874458193779, 0.010849709622561932, 0.009593131020665169, 0.009097917936742306, 0.00867074728012085, 0.009634201414883137, 0.010516742244362831, 0.010750752873718739, 0.010384420864284039, 0.010825934819877148, 0.010156001895666122, 0.010047570802271366]
Training time: 2449 	steps per sec: 9
Eval num_timesteps=23552, episode_reward=nan +/- nan
Eval num_timesteps=23552, episode_success=nan +/- nan
se
16 16384 1024
diff [0.016940712928771973, -0.032615140080451965, -0.0015050768852233887, -0.020554833114147186, -0.008640360087156296, -0.019764026626944542, -0.01170920766890049, -0.010534539818763733, -0.005165545269846916, -0.011807515285909176, -0.010626326315104961, -0.009869327768683434, -0.006860149092972279, -0.009128434583544731, -0.010666978545486927, -0.007171904668211937, -0.00448241364210844, -0.007297530770301819, -0.004006490111351013, -0.0074571119621396065, -0.0038553662598133087, -0.004337134771049023, -0.006310845725238323, -0.0054560378193855286]
ref [0.3023373782634735, 0.15336206555366516, 0.08277369290590286, 0.07132929563522339, 0.04600384086370468, 0.0495925210416317, 0.03562450036406517, 0.03266119956970215, 0.025295773521065712, 0.027281055226922035, 0.02483854442834854, 0.021488072350621223, 0.01770985871553421, 0.0187215656042099, 0.019764896482229233, 0.015842651948332787, 0.014116615056991577, 0.01781427301466465, 0.014757242985069752, 0.017841532826423645, 0.014681301079690456, 0.014493136666715145, 0.01635841652750969, 0.015354525297880173]
[0.3192780911922455, 0.1207469254732132, 0.08126861602067947, 0.0507744625210762, 0.037363480776548386, 0.029828494414687157, 0.02391529269516468, 0.022126659750938416, 0.020130228251218796, 0.01547353994101286, 0.01421221811324358, 0.01161874458193779, 0.010849709622561932, 0.009593131020665169, 0.009097917936742306, 0.00867074728012085, 0.009634201414883137, 0.010516742244362831, 0.010750752873718739, 0.010384420864284039, 0.010825934819877148, 0.010156001895666122, 0.010047570802271366, 0.009898487478494644]
Training time: 2582 	steps per sec: 9
Eval num_timesteps=24576, episode_reward=nan +/- nan
Eval num_timesteps=24576, episode_success=nan +/- nan
se
16 16384 1024
diff [0.016940712928771973, -0.032615140080451965, -0.0015050768852233887, -0.020554833114147186, -0.008640360087156296, -0.019764026626944542, -0.01170920766890049, -0.010534539818763733, -0.005165545269846916, -0.011807515285909176, -0.010626326315104961, -0.009869327768683434, -0.006860149092972279, -0.009128434583544731, -0.010666978545486927, -0.007171904668211937, -0.00448241364210844, -0.007297530770301819, -0.004006490111351013, -0.0074571119621396065, -0.0038553662598133087, -0.004337134771049023, -0.006310845725238323, -0.0054560378193855286, -0.004294217564165592]
ref [0.3023373782634735, 0.15336206555366516, 0.08277369290590286, 0.07132929563522339, 0.04600384086370468, 0.0495925210416317, 0.03562450036406517, 0.03266119956970215, 0.025295773521065712, 0.027281055226922035, 0.02483854442834854, 0.021488072350621223, 0.01770985871553421, 0.0187215656042099, 0.019764896482229233, 0.015842651948332787, 0.014116615056991577, 0.01781427301466465, 0.014757242985069752, 0.017841532826423645, 0.014681301079690456, 0.014493136666715145, 0.01635841652750969, 0.015354525297880173, 0.014874218963086605]
[0.3192780911922455, 0.1207469254732132, 0.08126861602067947, 0.0507744625210762, 0.037363480776548386, 0.029828494414687157, 0.02391529269516468, 0.022126659750938416, 0.020130228251218796, 0.01547353994101286, 0.01421221811324358, 0.01161874458193779, 0.010849709622561932, 0.009593131020665169, 0.009097917936742306, 0.00867074728012085, 0.009634201414883137, 0.010516742244362831, 0.010750752873718739, 0.010384420864284039, 0.010825934819877148, 0.010156001895666122, 0.010047570802271366, 0.009898487478494644, 0.010580001398921013]
Training time: 2713 	steps per sec: 9
Eval num_timesteps=25600, episode_reward=nan +/- nan
Eval num_timesteps=25600, episode_success=nan +/- nan
se
16 16384 1024
diff [0.016940712928771973, -0.032615140080451965, -0.0015050768852233887, -0.020554833114147186, -0.008640360087156296, -0.019764026626944542, -0.01170920766890049, -0.010534539818763733, -0.005165545269846916, -0.011807515285909176, -0.010626326315104961, -0.009869327768683434, -0.006860149092972279, -0.009128434583544731, -0.010666978545486927, -0.007171904668211937, -0.00448241364210844, -0.007297530770301819, -0.004006490111351013, -0.0074571119621396065, -0.0038553662598133087, -0.004337134771049023, -0.006310845725238323, -0.0054560378193855286, -0.004294217564165592, -0.00372955109924078]
ref [0.3023373782634735, 0.15336206555366516, 0.08277369290590286, 0.07132929563522339, 0.04600384086370468, 0.0495925210416317, 0.03562450036406517, 0.03266119956970215, 0.025295773521065712, 0.027281055226922035, 0.02483854442834854, 0.021488072350621223, 0.01770985871553421, 0.0187215656042099, 0.019764896482229233, 0.015842651948332787, 0.014116615056991577, 0.01781427301466465, 0.014757242985069752, 0.017841532826423645, 0.014681301079690456, 0.014493136666715145, 0.01635841652750969, 0.015354525297880173, 0.014874218963086605, 0.01542612724006176]
[0.3192780911922455, 0.1207469254732132, 0.08126861602067947, 0.0507744625210762, 0.037363480776548386, 0.029828494414687157, 0.02391529269516468, 0.022126659750938416, 0.020130228251218796, 0.01547353994101286, 0.01421221811324358, 0.01161874458193779, 0.010849709622561932, 0.009593131020665169, 0.009097917936742306, 0.00867074728012085, 0.009634201414883137, 0.010516742244362831, 0.010750752873718739, 0.010384420864284039, 0.010825934819877148, 0.010156001895666122, 0.010047570802271366, 0.009898487478494644, 0.010580001398921013, 0.01169657614082098]
Training time: 2858 	steps per sec: 9
Eval num_timesteps=26624, episode_reward=nan +/- nan
Eval num_timesteps=26624, episode_success=nan +/- nan
se
16 16384 1024
diff [0.016940712928771973, -0.032615140080451965, -0.0015050768852233887, -0.020554833114147186, -0.008640360087156296, -0.019764026626944542, -0.01170920766890049, -0.010534539818763733, -0.005165545269846916, -0.011807515285909176, -0.010626326315104961, -0.009869327768683434, -0.006860149092972279, -0.009128434583544731, -0.010666978545486927, -0.007171904668211937, -0.00448241364210844, -0.007297530770301819, -0.004006490111351013, -0.0074571119621396065, -0.0038553662598133087, -0.004337134771049023, -0.006310845725238323, -0.0054560378193855286, -0.004294217564165592, -0.00372955109924078, -0.0035563120618462563]
ref [0.3023373782634735, 0.15336206555366516, 0.08277369290590286, 0.07132929563522339, 0.04600384086370468, 0.0495925210416317, 0.03562450036406517, 0.03266119956970215, 0.025295773521065712, 0.027281055226922035, 0.02483854442834854, 0.021488072350621223, 0.01770985871553421, 0.0187215656042099, 0.019764896482229233, 0.015842651948332787, 0.014116615056991577, 0.01781427301466465, 0.014757242985069752, 0.017841532826423645, 0.014681301079690456, 0.014493136666715145, 0.01635841652750969, 0.015354525297880173, 0.014874218963086605, 0.01542612724006176, 0.0157764945179224]
[0.3192780911922455, 0.1207469254732132, 0.08126861602067947, 0.0507744625210762, 0.037363480776548386, 0.029828494414687157, 0.02391529269516468, 0.022126659750938416, 0.020130228251218796, 0.01547353994101286, 0.01421221811324358, 0.01161874458193779, 0.010849709622561932, 0.009593131020665169, 0.009097917936742306, 0.00867074728012085, 0.009634201414883137, 0.010516742244362831, 0.010750752873718739, 0.010384420864284039, 0.010825934819877148, 0.010156001895666122, 0.010047570802271366, 0.009898487478494644, 0.010580001398921013, 0.01169657614082098, 0.012220182456076145]
Training time: 2993 	steps per sec: 9
Eval num_timesteps=27648, episode_reward=nan +/- nan
Eval num_timesteps=27648, episode_success=nan +/- nan
se
16 16384 1024
diff [0.016940712928771973, -0.032615140080451965, -0.0015050768852233887, -0.020554833114147186, -0.008640360087156296, -0.019764026626944542, -0.01170920766890049, -0.010534539818763733, -0.005165545269846916, -0.011807515285909176, -0.010626326315104961, -0.009869327768683434, -0.006860149092972279, -0.009128434583544731, -0.010666978545486927, -0.007171904668211937, -0.00448241364210844, -0.007297530770301819, -0.004006490111351013, -0.0074571119621396065, -0.0038553662598133087, -0.004337134771049023, -0.006310845725238323, -0.0054560378193855286, -0.004294217564165592, -0.00372955109924078, -0.0035563120618462563, -0.004580027423799038]
ref [0.3023373782634735, 0.15336206555366516, 0.08277369290590286, 0.07132929563522339, 0.04600384086370468, 0.0495925210416317, 0.03562450036406517, 0.03266119956970215, 0.025295773521065712, 0.027281055226922035, 0.02483854442834854, 0.021488072350621223, 0.01770985871553421, 0.0187215656042099, 0.019764896482229233, 0.015842651948332787, 0.014116615056991577, 0.01781427301466465, 0.014757242985069752, 0.017841532826423645, 0.014681301079690456, 0.014493136666715145, 0.01635841652750969, 0.015354525297880173, 0.014874218963086605, 0.01542612724006176, 0.0157764945179224, 0.016259949654340744]
[0.3192780911922455, 0.1207469254732132, 0.08126861602067947, 0.0507744625210762, 0.037363480776548386, 0.029828494414687157, 0.02391529269516468, 0.022126659750938416, 0.020130228251218796, 0.01547353994101286, 0.01421221811324358, 0.01161874458193779, 0.010849709622561932, 0.009593131020665169, 0.009097917936742306, 0.00867074728012085, 0.009634201414883137, 0.010516742244362831, 0.010750752873718739, 0.010384420864284039, 0.010825934819877148, 0.010156001895666122, 0.010047570802271366, 0.009898487478494644, 0.010580001398921013, 0.01169657614082098, 0.012220182456076145, 0.011679922230541706]
Training time: 3117 	steps per sec: 9
Eval num_timesteps=28672, episode_reward=nan +/- nan
Eval num_timesteps=28672, episode_success=nan +/- nan
se
16 16384 1024
diff [0.016940712928771973, -0.032615140080451965, -0.0015050768852233887, -0.020554833114147186, -0.008640360087156296, -0.019764026626944542, -0.01170920766890049, -0.010534539818763733, -0.005165545269846916, -0.011807515285909176, -0.010626326315104961, -0.009869327768683434, -0.006860149092972279, -0.009128434583544731, -0.010666978545486927, -0.007171904668211937, -0.00448241364210844, -0.007297530770301819, -0.004006490111351013, -0.0074571119621396065, -0.0038553662598133087, -0.004337134771049023, -0.006310845725238323, -0.0054560378193855286, -0.004294217564165592, -0.00372955109924078, -0.0035563120618462563, -0.004580027423799038, -0.004639811813831329]
ref [0.3023373782634735, 0.15336206555366516, 0.08277369290590286, 0.07132929563522339, 0.04600384086370468, 0.0495925210416317, 0.03562450036406517, 0.03266119956970215, 0.025295773521065712, 0.027281055226922035, 0.02483854442834854, 0.021488072350621223, 0.01770985871553421, 0.0187215656042099, 0.019764896482229233, 0.015842651948332787, 0.014116615056991577, 0.01781427301466465, 0.014757242985069752, 0.017841532826423645, 0.014681301079690456, 0.014493136666715145, 0.01635841652750969, 0.015354525297880173, 0.014874218963086605, 0.01542612724006176, 0.0157764945179224, 0.016259949654340744, 0.015948954969644547]
[0.3192780911922455, 0.1207469254732132, 0.08126861602067947, 0.0507744625210762, 0.037363480776548386, 0.029828494414687157, 0.02391529269516468, 0.022126659750938416, 0.020130228251218796, 0.01547353994101286, 0.01421221811324358, 0.01161874458193779, 0.010849709622561932, 0.009593131020665169, 0.009097917936742306, 0.00867074728012085, 0.009634201414883137, 0.010516742244362831, 0.010750752873718739, 0.010384420864284039, 0.010825934819877148, 0.010156001895666122, 0.010047570802271366, 0.009898487478494644, 0.010580001398921013, 0.01169657614082098, 0.012220182456076145, 0.011679922230541706, 0.011309143155813217]
Training time: 3243 	steps per sec: 9
Eval num_timesteps=29696, episode_reward=nan +/- nan
Eval num_timesteps=29696, episode_success=nan +/- nan
se
16 16384 1024
diff [0.016940712928771973, -0.032615140080451965, -0.0015050768852233887, -0.020554833114147186, -0.008640360087156296, -0.019764026626944542, -0.01170920766890049, -0.010534539818763733, -0.005165545269846916, -0.011807515285909176, -0.010626326315104961, -0.009869327768683434, -0.006860149092972279, -0.009128434583544731, -0.010666978545486927, -0.007171904668211937, -0.00448241364210844, -0.007297530770301819, -0.004006490111351013, -0.0074571119621396065, -0.0038553662598133087, -0.004337134771049023, -0.006310845725238323, -0.0054560378193855286, -0.004294217564165592, -0.00372955109924078, -0.0035563120618462563, -0.004580027423799038, -0.004639811813831329, -0.005713816732168198]
ref [0.3023373782634735, 0.15336206555366516, 0.08277369290590286, 0.07132929563522339, 0.04600384086370468, 0.0495925210416317, 0.03562450036406517, 0.03266119956970215, 0.025295773521065712, 0.027281055226922035, 0.02483854442834854, 0.021488072350621223, 0.01770985871553421, 0.0187215656042099, 0.019764896482229233, 0.015842651948332787, 0.014116615056991577, 0.01781427301466465, 0.014757242985069752, 0.017841532826423645, 0.014681301079690456, 0.014493136666715145, 0.01635841652750969, 0.015354525297880173, 0.014874218963086605, 0.01542612724006176, 0.0157764945179224, 0.016259949654340744, 0.015948954969644547, 0.017154183238744736]
[0.3192780911922455, 0.1207469254732132, 0.08126861602067947, 0.0507744625210762, 0.037363480776548386, 0.029828494414687157, 0.02391529269516468, 0.022126659750938416, 0.020130228251218796, 0.01547353994101286, 0.01421221811324358, 0.01161874458193779, 0.010849709622561932, 0.009593131020665169, 0.009097917936742306, 0.00867074728012085, 0.009634201414883137, 0.010516742244362831, 0.010750752873718739, 0.010384420864284039, 0.010825934819877148, 0.010156001895666122, 0.010047570802271366, 0.009898487478494644, 0.010580001398921013, 0.01169657614082098, 0.012220182456076145, 0.011679922230541706, 0.011309143155813217, 0.011440366506576538]
Training time: 3365 	steps per sec: 9
Eval num_timesteps=30720, episode_reward=nan +/- nan
Eval num_timesteps=30720, episode_success=nan +/- nan
se
16 16384 1024
diff [0.016940712928771973, -0.032615140080451965, -0.0015050768852233887, -0.020554833114147186, -0.008640360087156296, -0.019764026626944542, -0.01170920766890049, -0.010534539818763733, -0.005165545269846916, -0.011807515285909176, -0.010626326315104961, -0.009869327768683434, -0.006860149092972279, -0.009128434583544731, -0.010666978545486927, -0.007171904668211937, -0.00448241364210844, -0.007297530770301819, -0.004006490111351013, -0.0074571119621396065, -0.0038553662598133087, -0.004337134771049023, -0.006310845725238323, -0.0054560378193855286, -0.004294217564165592, -0.00372955109924078, -0.0035563120618462563, -0.004580027423799038, -0.004639811813831329, -0.005713816732168198, -0.004765267483890057]
ref [0.3023373782634735, 0.15336206555366516, 0.08277369290590286, 0.07132929563522339, 0.04600384086370468, 0.0495925210416317, 0.03562450036406517, 0.03266119956970215, 0.025295773521065712, 0.027281055226922035, 0.02483854442834854, 0.021488072350621223, 0.01770985871553421, 0.0187215656042099, 0.019764896482229233, 0.015842651948332787, 0.014116615056991577, 0.01781427301466465, 0.014757242985069752, 0.017841532826423645, 0.014681301079690456, 0.014493136666715145, 0.01635841652750969, 0.015354525297880173, 0.014874218963086605, 0.01542612724006176, 0.0157764945179224, 0.016259949654340744, 0.015948954969644547, 0.017154183238744736, 0.01606084406375885]
[0.3192780911922455, 0.1207469254732132, 0.08126861602067947, 0.0507744625210762, 0.037363480776548386, 0.029828494414687157, 0.02391529269516468, 0.022126659750938416, 0.020130228251218796, 0.01547353994101286, 0.01421221811324358, 0.01161874458193779, 0.010849709622561932, 0.009593131020665169, 0.009097917936742306, 0.00867074728012085, 0.009634201414883137, 0.010516742244362831, 0.010750752873718739, 0.010384420864284039, 0.010825934819877148, 0.010156001895666122, 0.010047570802271366, 0.009898487478494644, 0.010580001398921013, 0.01169657614082098, 0.012220182456076145, 0.011679922230541706, 0.011309143155813217, 0.011440366506576538, 0.011295576579868793]
Training time: 3491 	steps per sec: 9
Eval num_timesteps=31744, episode_reward=nan +/- nan
Eval num_timesteps=31744, episode_success=nan +/- nan
se
16 16384 1024
diff [0.016940712928771973, -0.032615140080451965, -0.0015050768852233887, -0.020554833114147186, -0.008640360087156296, -0.019764026626944542, -0.01170920766890049, -0.010534539818763733, -0.005165545269846916, -0.011807515285909176, -0.010626326315104961, -0.009869327768683434, -0.006860149092972279, -0.009128434583544731, -0.010666978545486927, -0.007171904668211937, -0.00448241364210844, -0.007297530770301819, -0.004006490111351013, -0.0074571119621396065, -0.0038553662598133087, -0.004337134771049023, -0.006310845725238323, -0.0054560378193855286, -0.004294217564165592, -0.00372955109924078, -0.0035563120618462563, -0.004580027423799038, -0.004639811813831329, -0.005713816732168198, -0.004765267483890057, -0.004140566103160381]
ref [0.3023373782634735, 0.15336206555366516, 0.08277369290590286, 0.07132929563522339, 0.04600384086370468, 0.0495925210416317, 0.03562450036406517, 0.03266119956970215, 0.025295773521065712, 0.027281055226922035, 0.02483854442834854, 0.021488072350621223, 0.01770985871553421, 0.0187215656042099, 0.019764896482229233, 0.015842651948332787, 0.014116615056991577, 0.01781427301466465, 0.014757242985069752, 0.017841532826423645, 0.014681301079690456, 0.014493136666715145, 0.01635841652750969, 0.015354525297880173, 0.014874218963086605, 0.01542612724006176, 0.0157764945179224, 0.016259949654340744, 0.015948954969644547, 0.017154183238744736, 0.01606084406375885, 0.015455340035259724]
[0.3192780911922455, 0.1207469254732132, 0.08126861602067947, 0.0507744625210762, 0.037363480776548386, 0.029828494414687157, 0.02391529269516468, 0.022126659750938416, 0.020130228251218796, 0.01547353994101286, 0.01421221811324358, 0.01161874458193779, 0.010849709622561932, 0.009593131020665169, 0.009097917936742306, 0.00867074728012085, 0.009634201414883137, 0.010516742244362831, 0.010750752873718739, 0.010384420864284039, 0.010825934819877148, 0.010156001895666122, 0.010047570802271366, 0.009898487478494644, 0.010580001398921013, 0.01169657614082098, 0.012220182456076145, 0.011679922230541706, 0.011309143155813217, 0.011440366506576538, 0.011295576579868793, 0.011314773932099342]
Training time: 3606 	steps per sec: 9
Eval num_timesteps=32768, episode_reward=nan +/- nan
Eval num_timesteps=32768, episode_success=nan +/- nan
results/Walker2d-v4/
results/Walker2d-v4/ppo_ros/
results/Walker2d-v4/ppo_ros/expert/
results/Walker2d-v4/ppo_ros/expert/b_16/
results/Walker2d-v4/ppo_ros/expert/b_16/no_lambda/
results/Walker2d-v4/ppo_ros/expert/b_16/no_lambda/run_4/
results/Walker2d-v4/ppo_ros/expert/b_16/no_lambda/run_4/evaluations.npz
results/Walker2d-v4/ppo_ros/expert/b_16/no_lambda/run_4/config.yml
results/Walker2d-v4/ppo_ros/expert/b_16/no_lambda/run_4/stats.npz
