ppo_ros_continuous.py --env-id Walker2d-v4 -s expert/b_16/no_clip_lambda --total-timesteps 32768 --eval-freq 1 --eval-episodes 0 -b 16 --num-steps 1024 -lr 0 --update-epochs 0 --anneal-lr 0 --ros-num-steps 256 --ros-update-epochs 16 --ros-target-kl 0.05 --ros-clip-coef 999999999 --ros-lambda 0 -ros-lr 0.001 --ros-anneal-lr 0 --se 1 --se-freq 1 --se-lr 1e-3 --se-epochs 1000 --policy-path policies/Walker2d-v4/best_model.zip --normalization-dir policies/Walker2d-v4
Obtaining file:///var/lib/condor/execute/slot1/dir_3167340/PPOROS/PPOROS/custom-envs
  Preparing metadata (setup.py): started
  Preparing metadata (setup.py): finished with status 'done'
Requirement already satisfied: gym in /var/lib/condor/execute/slot1/dir_3167340/PPOROS/ppo-ros_env/lib/python3.9/site-packages (from custom-envs==0.0.1) (0.21.0)
Requirement already satisfied: numpy>=1.18.0 in /var/lib/condor/execute/slot1/dir_3167340/PPOROS/ppo-ros_env/lib/python3.9/site-packages (from gym->custom-envs==0.0.1) (1.24.2)
Requirement already satisfied: cloudpickle>=1.2.0 in /var/lib/condor/execute/slot1/dir_3167340/PPOROS/ppo-ros_env/lib/python3.9/site-packages (from gym->custom-envs==0.0.1) (2.2.1)
Installing collected packages: custom-envs
  Running setup.py develop for custom-envs
Successfully installed custom-envs-0.0.1
seed: 0
Eval num_timesteps=0, episode_reward=nan +/- nan
Eval num_timesteps=0, episode_success=nan +/- nan
se
1 1024 1024
diff [0.010972052812576294]
ref [0.293720006942749]
[0.3046920597553253]
Training time: 13 	steps per sec: 78
Eval num_timesteps=1024, episode_reward=nan +/- nan
Eval num_timesteps=1024, episode_success=nan +/- nan
se
2 2048 1024
diff [0.010972052812576294, -0.020289450883865356]
ref [0.293720006942749, 0.13483065366744995]
[0.3046920597553253, 0.1145412027835846]
Training time: 32 	steps per sec: 63
Eval num_timesteps=2048, episode_reward=nan +/- nan
Eval num_timesteps=2048, episode_success=nan +/- nan
se
3 3072 1024
diff [0.010972052812576294, -0.020289450883865356, -0.006127767264842987]
ref [0.293720006942749, 0.13483065366744995, 0.09647222608327866]
[0.3046920597553253, 0.1145412027835846, 0.09034445881843567]
Training time: 61 	steps per sec: 50
Eval num_timesteps=3072, episode_reward=nan +/- nan
Eval num_timesteps=3072, episode_success=nan +/- nan
se
4 4096 1024
diff [0.010972052812576294, -0.020289450883865356, -0.006127767264842987, -0.015040922909975052]
ref [0.293720006942749, 0.13483065366744995, 0.09647222608327866, 0.07609600573778152]
[0.3046920597553253, 0.1145412027835846, 0.09034445881843567, 0.06105508282780647]
Training time: 102 	steps per sec: 39
Eval num_timesteps=4096, episode_reward=nan +/- nan
Eval num_timesteps=4096, episode_success=nan +/- nan
se
5 5120 1024
diff [0.010972052812576294, -0.020289450883865356, -0.006127767264842987, -0.015040922909975052, -0.004188515245914459]
ref [0.293720006942749, 0.13483065366744995, 0.09647222608327866, 0.07609600573778152, 0.054686784744262695]
[0.3046920597553253, 0.1145412027835846, 0.09034445881843567, 0.06105508282780647, 0.050498269498348236]
Training time: 148 	steps per sec: 34
Eval num_timesteps=5120, episode_reward=nan +/- nan
Eval num_timesteps=5120, episode_success=nan +/- nan
se
6 6144 1024
diff [0.010972052812576294, -0.020289450883865356, -0.006127767264842987, -0.015040922909975052, -0.004188515245914459, -0.005602449178695679]
ref [0.293720006942749, 0.13483065366744995, 0.09647222608327866, 0.07609600573778152, 0.054686784744262695, 0.04451288655400276]
[0.3046920597553253, 0.1145412027835846, 0.09034445881843567, 0.06105508282780647, 0.050498269498348236, 0.03891043737530708]
Training time: 205 	steps per sec: 29
Eval num_timesteps=6144, episode_reward=nan +/- nan
Eval num_timesteps=6144, episode_success=nan +/- nan
se
7 7168 1024
diff [0.010972052812576294, -0.020289450883865356, -0.006127767264842987, -0.015040922909975052, -0.004188515245914459, -0.005602449178695679, -0.006182800978422165]
ref [0.293720006942749, 0.13483065366744995, 0.09647222608327866, 0.07609600573778152, 0.054686784744262695, 0.04451288655400276, 0.03808893635869026]
[0.3046920597553253, 0.1145412027835846, 0.09034445881843567, 0.06105508282780647, 0.050498269498348236, 0.03891043737530708, 0.0319061353802681]
Training time: 255 	steps per sec: 28
Eval num_timesteps=7168, episode_reward=nan +/- nan
Eval num_timesteps=7168, episode_success=nan +/- nan
se
8 8192 1024
diff [0.010972052812576294, -0.020289450883865356, -0.006127767264842987, -0.015040922909975052, -0.004188515245914459, -0.005602449178695679, -0.006182800978422165, -0.0029214154928922653]
ref [0.293720006942749, 0.13483065366744995, 0.09647222608327866, 0.07609600573778152, 0.054686784744262695, 0.04451288655400276, 0.03808893635869026, 0.031208692118525505]
[0.3046920597553253, 0.1145412027835846, 0.09034445881843567, 0.06105508282780647, 0.050498269498348236, 0.03891043737530708, 0.0319061353802681, 0.02828727662563324]
Training time: 312 	steps per sec: 26
Eval num_timesteps=8192, episode_reward=nan +/- nan
Eval num_timesteps=8192, episode_success=nan +/- nan
se
9 9216 1024
diff [0.010972052812576294, -0.020289450883865356, -0.006127767264842987, -0.015040922909975052, -0.004188515245914459, -0.005602449178695679, -0.006182800978422165, -0.0029214154928922653, -0.01068214699625969]
ref [0.293720006942749, 0.13483065366744995, 0.09647222608327866, 0.07609600573778152, 0.054686784744262695, 0.04451288655400276, 0.03808893635869026, 0.031208692118525505, 0.03546418622136116]
[0.3046920597553253, 0.1145412027835846, 0.09034445881843567, 0.06105508282780647, 0.050498269498348236, 0.03891043737530708, 0.0319061353802681, 0.02828727662563324, 0.02478203922510147]
Training time: 375 	steps per sec: 24
Eval num_timesteps=9216, episode_reward=nan +/- nan
Eval num_timesteps=9216, episode_success=nan +/- nan
se
10 10240 1024
diff [0.010972052812576294, -0.020289450883865356, -0.006127767264842987, -0.015040922909975052, -0.004188515245914459, -0.005602449178695679, -0.006182800978422165, -0.0029214154928922653, -0.01068214699625969, -0.00700744055211544]
ref [0.293720006942749, 0.13483065366744995, 0.09647222608327866, 0.07609600573778152, 0.054686784744262695, 0.04451288655400276, 0.03808893635869026, 0.031208692118525505, 0.03546418622136116, 0.027131760492920876]
[0.3046920597553253, 0.1145412027835846, 0.09034445881843567, 0.06105508282780647, 0.050498269498348236, 0.03891043737530708, 0.0319061353802681, 0.02828727662563324, 0.02478203922510147, 0.020124319940805435]
Training time: 444 	steps per sec: 23
Eval num_timesteps=10240, episode_reward=nan +/- nan
Eval num_timesteps=10240, episode_success=nan +/- nan
se
11 11264 1024
diff [0.010972052812576294, -0.020289450883865356, -0.006127767264842987, -0.015040922909975052, -0.004188515245914459, -0.005602449178695679, -0.006182800978422165, -0.0029214154928922653, -0.01068214699625969, -0.00700744055211544, -0.0070538148283958435]
ref [0.293720006942749, 0.13483065366744995, 0.09647222608327866, 0.07609600573778152, 0.054686784744262695, 0.04451288655400276, 0.03808893635869026, 0.031208692118525505, 0.03546418622136116, 0.027131760492920876, 0.02449803240597248]
[0.3046920597553253, 0.1145412027835846, 0.09034445881843567, 0.06105508282780647, 0.050498269498348236, 0.03891043737530708, 0.0319061353802681, 0.02828727662563324, 0.02478203922510147, 0.020124319940805435, 0.017444217577576637]
Training time: 517 	steps per sec: 21
Eval num_timesteps=11264, episode_reward=nan +/- nan
Eval num_timesteps=11264, episode_success=nan +/- nan
se
12 12288 1024
diff [0.010972052812576294, -0.020289450883865356, -0.006127767264842987, -0.015040922909975052, -0.004188515245914459, -0.005602449178695679, -0.006182800978422165, -0.0029214154928922653, -0.01068214699625969, -0.00700744055211544, -0.0070538148283958435, -0.005163077265024185]
ref [0.293720006942749, 0.13483065366744995, 0.09647222608327866, 0.07609600573778152, 0.054686784744262695, 0.04451288655400276, 0.03808893635869026, 0.031208692118525505, 0.03546418622136116, 0.027131760492920876, 0.02449803240597248, 0.021408194676041603]
[0.3046920597553253, 0.1145412027835846, 0.09034445881843567, 0.06105508282780647, 0.050498269498348236, 0.03891043737530708, 0.0319061353802681, 0.02828727662563324, 0.02478203922510147, 0.020124319940805435, 0.017444217577576637, 0.016245117411017418]
Training time: 595 	steps per sec: 20
Eval num_timesteps=12288, episode_reward=nan +/- nan
Eval num_timesteps=12288, episode_success=nan +/- nan
se
13 13312 1024
diff [0.010972052812576294, -0.020289450883865356, -0.006127767264842987, -0.015040922909975052, -0.004188515245914459, -0.005602449178695679, -0.006182800978422165, -0.0029214154928922653, -0.01068214699625969, -0.00700744055211544, -0.0070538148283958435, -0.005163077265024185, -0.002400224097073078]
ref [0.293720006942749, 0.13483065366744995, 0.09647222608327866, 0.07609600573778152, 0.054686784744262695, 0.04451288655400276, 0.03808893635869026, 0.031208692118525505, 0.03546418622136116, 0.027131760492920876, 0.02449803240597248, 0.021408194676041603, 0.01706983521580696]
[0.3046920597553253, 0.1145412027835846, 0.09034445881843567, 0.06105508282780647, 0.050498269498348236, 0.03891043737530708, 0.0319061353802681, 0.02828727662563324, 0.02478203922510147, 0.020124319940805435, 0.017444217577576637, 0.016245117411017418, 0.014669611118733883]
Training time: 660 	steps per sec: 20
Eval num_timesteps=13312, episode_reward=nan +/- nan
Eval num_timesteps=13312, episode_success=nan +/- nan
se
14 14336 1024
diff [0.010972052812576294, -0.020289450883865356, -0.006127767264842987, -0.015040922909975052, -0.004188515245914459, -0.005602449178695679, -0.006182800978422165, -0.0029214154928922653, -0.01068214699625969, -0.00700744055211544, -0.0070538148283958435, -0.005163077265024185, -0.002400224097073078, -0.005990938283503056]
ref [0.293720006942749, 0.13483065366744995, 0.09647222608327866, 0.07609600573778152, 0.054686784744262695, 0.04451288655400276, 0.03808893635869026, 0.031208692118525505, 0.03546418622136116, 0.027131760492920876, 0.02449803240597248, 0.021408194676041603, 0.01706983521580696, 0.01861000992357731]
[0.3046920597553253, 0.1145412027835846, 0.09034445881843567, 0.06105508282780647, 0.050498269498348236, 0.03891043737530708, 0.0319061353802681, 0.02828727662563324, 0.02478203922510147, 0.020124319940805435, 0.017444217577576637, 0.016245117411017418, 0.014669611118733883, 0.012619071640074253]
Training time: 734 	steps per sec: 19
Eval num_timesteps=14336, episode_reward=nan +/- nan
Eval num_timesteps=14336, episode_success=nan +/- nan
se
15 15360 1024
diff [0.010972052812576294, -0.020289450883865356, -0.006127767264842987, -0.015040922909975052, -0.004188515245914459, -0.005602449178695679, -0.006182800978422165, -0.0029214154928922653, -0.01068214699625969, -0.00700744055211544, -0.0070538148283958435, -0.005163077265024185, -0.002400224097073078, -0.005990938283503056, -0.007597487419843674]
ref [0.293720006942749, 0.13483065366744995, 0.09647222608327866, 0.07609600573778152, 0.054686784744262695, 0.04451288655400276, 0.03808893635869026, 0.031208692118525505, 0.03546418622136116, 0.027131760492920876, 0.02449803240597248, 0.021408194676041603, 0.01706983521580696, 0.01861000992357731, 0.019237162545323372]
[0.3046920597553253, 0.1145412027835846, 0.09034445881843567, 0.06105508282780647, 0.050498269498348236, 0.03891043737530708, 0.0319061353802681, 0.02828727662563324, 0.02478203922510147, 0.020124319940805435, 0.017444217577576637, 0.016245117411017418, 0.014669611118733883, 0.012619071640074253, 0.011639675125479698]
Training time: 832 	steps per sec: 18
Eval num_timesteps=15360, episode_reward=nan +/- nan
Eval num_timesteps=15360, episode_success=nan +/- nan
se
16 16384 1024
diff [0.010972052812576294, -0.020289450883865356, -0.006127767264842987, -0.015040922909975052, -0.004188515245914459, -0.005602449178695679, -0.006182800978422165, -0.0029214154928922653, -0.01068214699625969, -0.00700744055211544, -0.0070538148283958435, -0.005163077265024185, -0.002400224097073078, -0.005990938283503056, -0.007597487419843674, -0.0065766023471951485]
ref [0.293720006942749, 0.13483065366744995, 0.09647222608327866, 0.07609600573778152, 0.054686784744262695, 0.04451288655400276, 0.03808893635869026, 0.031208692118525505, 0.03546418622136116, 0.027131760492920876, 0.02449803240597248, 0.021408194676041603, 0.01706983521580696, 0.01861000992357731, 0.019237162545323372, 0.01828521117568016]
[0.3046920597553253, 0.1145412027835846, 0.09034445881843567, 0.06105508282780647, 0.050498269498348236, 0.03891043737530708, 0.0319061353802681, 0.02828727662563324, 0.02478203922510147, 0.020124319940805435, 0.017444217577576637, 0.016245117411017418, 0.014669611118733883, 0.012619071640074253, 0.011639675125479698, 0.011708608828485012]
Training time: 939 	steps per sec: 17
Eval num_timesteps=16384, episode_reward=nan +/- nan
Eval num_timesteps=16384, episode_success=nan +/- nan
se
16 16384 1024
diff [0.010972052812576294, -0.020289450883865356, -0.006127767264842987, -0.015040922909975052, -0.004188515245914459, -0.005602449178695679, -0.006182800978422165, -0.0029214154928922653, -0.01068214699625969, -0.00700744055211544, -0.0070538148283958435, -0.005163077265024185, -0.002400224097073078, -0.005990938283503056, -0.007597487419843674, -0.0065766023471951485, -0.00412285141646862]
ref [0.293720006942749, 0.13483065366744995, 0.09647222608327866, 0.07609600573778152, 0.054686784744262695, 0.04451288655400276, 0.03808893635869026, 0.031208692118525505, 0.03546418622136116, 0.027131760492920876, 0.02449803240597248, 0.021408194676041603, 0.01706983521580696, 0.01861000992357731, 0.019237162545323372, 0.01828521117568016, 0.015887310728430748]
[0.3046920597553253, 0.1145412027835846, 0.09034445881843567, 0.06105508282780647, 0.050498269498348236, 0.03891043737530708, 0.0319061353802681, 0.02828727662563324, 0.02478203922510147, 0.020124319940805435, 0.017444217577576637, 0.016245117411017418, 0.014669611118733883, 0.012619071640074253, 0.011639675125479698, 0.011708608828485012, 0.011764459311962128]
Training time: 1041 	steps per sec: 16
Eval num_timesteps=17408, episode_reward=nan +/- nan
Eval num_timesteps=17408, episode_success=nan +/- nan
se
16 16384 1024
diff [0.010972052812576294, -0.020289450883865356, -0.006127767264842987, -0.015040922909975052, -0.004188515245914459, -0.005602449178695679, -0.006182800978422165, -0.0029214154928922653, -0.01068214699625969, -0.00700744055211544, -0.0070538148283958435, -0.005163077265024185, -0.002400224097073078, -0.005990938283503056, -0.007597487419843674, -0.0065766023471951485, -0.00412285141646862, -0.00312754325568676]
ref [0.293720006942749, 0.13483065366744995, 0.09647222608327866, 0.07609600573778152, 0.054686784744262695, 0.04451288655400276, 0.03808893635869026, 0.031208692118525505, 0.03546418622136116, 0.027131760492920876, 0.02449803240597248, 0.021408194676041603, 0.01706983521580696, 0.01861000992357731, 0.019237162545323372, 0.01828521117568016, 0.015887310728430748, 0.01556728221476078]
[0.3046920597553253, 0.1145412027835846, 0.09034445881843567, 0.06105508282780647, 0.050498269498348236, 0.03891043737530708, 0.0319061353802681, 0.02828727662563324, 0.02478203922510147, 0.020124319940805435, 0.017444217577576637, 0.016245117411017418, 0.014669611118733883, 0.012619071640074253, 0.011639675125479698, 0.011708608828485012, 0.011764459311962128, 0.01243973895907402]
Training time: 1142 	steps per sec: 16
Eval num_timesteps=18432, episode_reward=nan +/- nan
Eval num_timesteps=18432, episode_success=nan +/- nan
se
16 16384 1024
diff [0.010972052812576294, -0.020289450883865356, -0.006127767264842987, -0.015040922909975052, -0.004188515245914459, -0.005602449178695679, -0.006182800978422165, -0.0029214154928922653, -0.01068214699625969, -0.00700744055211544, -0.0070538148283958435, -0.005163077265024185, -0.002400224097073078, -0.005990938283503056, -0.007597487419843674, -0.0065766023471951485, -0.00412285141646862, -0.00312754325568676, -0.0019630948081612587]
ref [0.293720006942749, 0.13483065366744995, 0.09647222608327866, 0.07609600573778152, 0.054686784744262695, 0.04451288655400276, 0.03808893635869026, 0.031208692118525505, 0.03546418622136116, 0.027131760492920876, 0.02449803240597248, 0.021408194676041603, 0.01706983521580696, 0.01861000992357731, 0.019237162545323372, 0.01828521117568016, 0.015887310728430748, 0.01556728221476078, 0.015443354845046997]
[0.3046920597553253, 0.1145412027835846, 0.09034445881843567, 0.06105508282780647, 0.050498269498348236, 0.03891043737530708, 0.0319061353802681, 0.02828727662563324, 0.02478203922510147, 0.020124319940805435, 0.017444217577576637, 0.016245117411017418, 0.014669611118733883, 0.012619071640074253, 0.011639675125479698, 0.011708608828485012, 0.011764459311962128, 0.01243973895907402, 0.013480260036885738]
Training time: 1252 	steps per sec: 15
Eval num_timesteps=19456, episode_reward=nan +/- nan
Eval num_timesteps=19456, episode_success=nan +/- nan
se
16 16384 1024
diff [0.010972052812576294, -0.020289450883865356, -0.006127767264842987, -0.015040922909975052, -0.004188515245914459, -0.005602449178695679, -0.006182800978422165, -0.0029214154928922653, -0.01068214699625969, -0.00700744055211544, -0.0070538148283958435, -0.005163077265024185, -0.002400224097073078, -0.005990938283503056, -0.007597487419843674, -0.0065766023471951485, -0.00412285141646862, -0.00312754325568676, -0.0019630948081612587, -0.0023781778290867805]
ref [0.293720006942749, 0.13483065366744995, 0.09647222608327866, 0.07609600573778152, 0.054686784744262695, 0.04451288655400276, 0.03808893635869026, 0.031208692118525505, 0.03546418622136116, 0.027131760492920876, 0.02449803240597248, 0.021408194676041603, 0.01706983521580696, 0.01861000992357731, 0.019237162545323372, 0.01828521117568016, 0.015887310728430748, 0.01556728221476078, 0.015443354845046997, 0.016490740701556206]
[0.3046920597553253, 0.1145412027835846, 0.09034445881843567, 0.06105508282780647, 0.050498269498348236, 0.03891043737530708, 0.0319061353802681, 0.02828727662563324, 0.02478203922510147, 0.020124319940805435, 0.017444217577576637, 0.016245117411017418, 0.014669611118733883, 0.012619071640074253, 0.011639675125479698, 0.011708608828485012, 0.011764459311962128, 0.01243973895907402, 0.013480260036885738, 0.014112562872469425]
Training time: 1361 	steps per sec: 15
Eval num_timesteps=20480, episode_reward=nan +/- nan
Eval num_timesteps=20480, episode_success=nan +/- nan
se
16 16384 1024
diff [0.010972052812576294, -0.020289450883865356, -0.006127767264842987, -0.015040922909975052, -0.004188515245914459, -0.005602449178695679, -0.006182800978422165, -0.0029214154928922653, -0.01068214699625969, -0.00700744055211544, -0.0070538148283958435, -0.005163077265024185, -0.002400224097073078, -0.005990938283503056, -0.007597487419843674, -0.0065766023471951485, -0.00412285141646862, -0.00312754325568676, -0.0019630948081612587, -0.0023781778290867805, -0.0015818271785974503]
ref [0.293720006942749, 0.13483065366744995, 0.09647222608327866, 0.07609600573778152, 0.054686784744262695, 0.04451288655400276, 0.03808893635869026, 0.031208692118525505, 0.03546418622136116, 0.027131760492920876, 0.02449803240597248, 0.021408194676041603, 0.01706983521580696, 0.01861000992357731, 0.019237162545323372, 0.01828521117568016, 0.015887310728430748, 0.01556728221476078, 0.015443354845046997, 0.016490740701556206, 0.015988273546099663]
[0.3046920597553253, 0.1145412027835846, 0.09034445881843567, 0.06105508282780647, 0.050498269498348236, 0.03891043737530708, 0.0319061353802681, 0.02828727662563324, 0.02478203922510147, 0.020124319940805435, 0.017444217577576637, 0.016245117411017418, 0.014669611118733883, 0.012619071640074253, 0.011639675125479698, 0.011708608828485012, 0.011764459311962128, 0.01243973895907402, 0.013480260036885738, 0.014112562872469425, 0.014406446367502213]
Training time: 1447 	steps per sec: 14
Eval num_timesteps=21504, episode_reward=nan +/- nan
Eval num_timesteps=21504, episode_success=nan +/- nan
se
16 16384 1024
diff [0.010972052812576294, -0.020289450883865356, -0.006127767264842987, -0.015040922909975052, -0.004188515245914459, -0.005602449178695679, -0.006182800978422165, -0.0029214154928922653, -0.01068214699625969, -0.00700744055211544, -0.0070538148283958435, -0.005163077265024185, -0.002400224097073078, -0.005990938283503056, -0.007597487419843674, -0.0065766023471951485, -0.00412285141646862, -0.00312754325568676, -0.0019630948081612587, -0.0023781778290867805, -0.0015818271785974503, -0.001973169855773449]
ref [0.293720006942749, 0.13483065366744995, 0.09647222608327866, 0.07609600573778152, 0.054686784744262695, 0.04451288655400276, 0.03808893635869026, 0.031208692118525505, 0.03546418622136116, 0.027131760492920876, 0.02449803240597248, 0.021408194676041603, 0.01706983521580696, 0.01861000992357731, 0.019237162545323372, 0.01828521117568016, 0.015887310728430748, 0.01556728221476078, 0.015443354845046997, 0.016490740701556206, 0.015988273546099663, 0.015998773276805878]
[0.3046920597553253, 0.1145412027835846, 0.09034445881843567, 0.06105508282780647, 0.050498269498348236, 0.03891043737530708, 0.0319061353802681, 0.02828727662563324, 0.02478203922510147, 0.020124319940805435, 0.017444217577576637, 0.016245117411017418, 0.014669611118733883, 0.012619071640074253, 0.011639675125479698, 0.011708608828485012, 0.011764459311962128, 0.01243973895907402, 0.013480260036885738, 0.014112562872469425, 0.014406446367502213, 0.014025603421032429]
Training time: 1548 	steps per sec: 14
Eval num_timesteps=22528, episode_reward=nan +/- nan
Eval num_timesteps=22528, episode_success=nan +/- nan
se
16 16384 1024
diff [0.010972052812576294, -0.020289450883865356, -0.006127767264842987, -0.015040922909975052, -0.004188515245914459, -0.005602449178695679, -0.006182800978422165, -0.0029214154928922653, -0.01068214699625969, -0.00700744055211544, -0.0070538148283958435, -0.005163077265024185, -0.002400224097073078, -0.005990938283503056, -0.007597487419843674, -0.0065766023471951485, -0.00412285141646862, -0.00312754325568676, -0.0019630948081612587, -0.0023781778290867805, -0.0015818271785974503, -0.001973169855773449, -0.0007040770724415779]
ref [0.293720006942749, 0.13483065366744995, 0.09647222608327866, 0.07609600573778152, 0.054686784744262695, 0.04451288655400276, 0.03808893635869026, 0.031208692118525505, 0.03546418622136116, 0.027131760492920876, 0.02449803240597248, 0.021408194676041603, 0.01706983521580696, 0.01861000992357731, 0.019237162545323372, 0.01828521117568016, 0.015887310728430748, 0.01556728221476078, 0.015443354845046997, 0.016490740701556206, 0.015988273546099663, 0.015998773276805878, 0.015760060399770737]
[0.3046920597553253, 0.1145412027835846, 0.09034445881843567, 0.06105508282780647, 0.050498269498348236, 0.03891043737530708, 0.0319061353802681, 0.02828727662563324, 0.02478203922510147, 0.020124319940805435, 0.017444217577576637, 0.016245117411017418, 0.014669611118733883, 0.012619071640074253, 0.011639675125479698, 0.011708608828485012, 0.011764459311962128, 0.01243973895907402, 0.013480260036885738, 0.014112562872469425, 0.014406446367502213, 0.014025603421032429, 0.015055983327329159]
Training time: 1653 	steps per sec: 14
Eval num_timesteps=23552, episode_reward=nan +/- nan
Eval num_timesteps=23552, episode_success=nan +/- nan
se
16 16384 1024
diff [0.010972052812576294, -0.020289450883865356, -0.006127767264842987, -0.015040922909975052, -0.004188515245914459, -0.005602449178695679, -0.006182800978422165, -0.0029214154928922653, -0.01068214699625969, -0.00700744055211544, -0.0070538148283958435, -0.005163077265024185, -0.002400224097073078, -0.005990938283503056, -0.007597487419843674, -0.0065766023471951485, -0.00412285141646862, -0.00312754325568676, -0.0019630948081612587, -0.0023781778290867805, -0.0015818271785974503, -0.001973169855773449, -0.0007040770724415779, -0.0011473866179585457]
ref [0.293720006942749, 0.13483065366744995, 0.09647222608327866, 0.07609600573778152, 0.054686784744262695, 0.04451288655400276, 0.03808893635869026, 0.031208692118525505, 0.03546418622136116, 0.027131760492920876, 0.02449803240597248, 0.021408194676041603, 0.01706983521580696, 0.01861000992357731, 0.019237162545323372, 0.01828521117568016, 0.015887310728430748, 0.01556728221476078, 0.015443354845046997, 0.016490740701556206, 0.015988273546099663, 0.015998773276805878, 0.015760060399770737, 0.016169585287570953]
[0.3046920597553253, 0.1145412027835846, 0.09034445881843567, 0.06105508282780647, 0.050498269498348236, 0.03891043737530708, 0.0319061353802681, 0.02828727662563324, 0.02478203922510147, 0.020124319940805435, 0.017444217577576637, 0.016245117411017418, 0.014669611118733883, 0.012619071640074253, 0.011639675125479698, 0.011708608828485012, 0.011764459311962128, 0.01243973895907402, 0.013480260036885738, 0.014112562872469425, 0.014406446367502213, 0.014025603421032429, 0.015055983327329159, 0.015022198669612408]
Training time: 1756 	steps per sec: 13
Eval num_timesteps=24576, episode_reward=nan +/- nan
Eval num_timesteps=24576, episode_success=nan +/- nan
se
16 16384 1024
diff [0.010972052812576294, -0.020289450883865356, -0.006127767264842987, -0.015040922909975052, -0.004188515245914459, -0.005602449178695679, -0.006182800978422165, -0.0029214154928922653, -0.01068214699625969, -0.00700744055211544, -0.0070538148283958435, -0.005163077265024185, -0.002400224097073078, -0.005990938283503056, -0.007597487419843674, -0.0065766023471951485, -0.00412285141646862, -0.00312754325568676, -0.0019630948081612587, -0.0023781778290867805, -0.0015818271785974503, -0.001973169855773449, -0.0007040770724415779, -0.0011473866179585457, 0.0002477336674928665]
ref [0.293720006942749, 0.13483065366744995, 0.09647222608327866, 0.07609600573778152, 0.054686784744262695, 0.04451288655400276, 0.03808893635869026, 0.031208692118525505, 0.03546418622136116, 0.027131760492920876, 0.02449803240597248, 0.021408194676041603, 0.01706983521580696, 0.01861000992357731, 0.019237162545323372, 0.01828521117568016, 0.015887310728430748, 0.01556728221476078, 0.015443354845046997, 0.016490740701556206, 0.015988273546099663, 0.015998773276805878, 0.015760060399770737, 0.016169585287570953, 0.014509099535644054]
[0.3046920597553253, 0.1145412027835846, 0.09034445881843567, 0.06105508282780647, 0.050498269498348236, 0.03891043737530708, 0.0319061353802681, 0.02828727662563324, 0.02478203922510147, 0.020124319940805435, 0.017444217577576637, 0.016245117411017418, 0.014669611118733883, 0.012619071640074253, 0.011639675125479698, 0.011708608828485012, 0.011764459311962128, 0.01243973895907402, 0.013480260036885738, 0.014112562872469425, 0.014406446367502213, 0.014025603421032429, 0.015055983327329159, 0.015022198669612408, 0.014756833203136921]
Training time: 1842 	steps per sec: 13
Eval num_timesteps=25600, episode_reward=nan +/- nan
Eval num_timesteps=25600, episode_success=nan +/- nan
se
16 16384 1024
diff [0.010972052812576294, -0.020289450883865356, -0.006127767264842987, -0.015040922909975052, -0.004188515245914459, -0.005602449178695679, -0.006182800978422165, -0.0029214154928922653, -0.01068214699625969, -0.00700744055211544, -0.0070538148283958435, -0.005163077265024185, -0.002400224097073078, -0.005990938283503056, -0.007597487419843674, -0.0065766023471951485, -0.00412285141646862, -0.00312754325568676, -0.0019630948081612587, -0.0023781778290867805, -0.0015818271785974503, -0.001973169855773449, -0.0007040770724415779, -0.0011473866179585457, 0.0002477336674928665, -0.0019722990691661835]
ref [0.293720006942749, 0.13483065366744995, 0.09647222608327866, 0.07609600573778152, 0.054686784744262695, 0.04451288655400276, 0.03808893635869026, 0.031208692118525505, 0.03546418622136116, 0.027131760492920876, 0.02449803240597248, 0.021408194676041603, 0.01706983521580696, 0.01861000992357731, 0.019237162545323372, 0.01828521117568016, 0.015887310728430748, 0.01556728221476078, 0.015443354845046997, 0.016490740701556206, 0.015988273546099663, 0.015998773276805878, 0.015760060399770737, 0.016169585287570953, 0.014509099535644054, 0.016508668661117554]
[0.3046920597553253, 0.1145412027835846, 0.09034445881843567, 0.06105508282780647, 0.050498269498348236, 0.03891043737530708, 0.0319061353802681, 0.02828727662563324, 0.02478203922510147, 0.020124319940805435, 0.017444217577576637, 0.016245117411017418, 0.014669611118733883, 0.012619071640074253, 0.011639675125479698, 0.011708608828485012, 0.011764459311962128, 0.01243973895907402, 0.013480260036885738, 0.014112562872469425, 0.014406446367502213, 0.014025603421032429, 0.015055983327329159, 0.015022198669612408, 0.014756833203136921, 0.01453636959195137]
Training time: 1929 	steps per sec: 13
Eval num_timesteps=26624, episode_reward=nan +/- nan
Eval num_timesteps=26624, episode_success=nan +/- nan
se
16 16384 1024
diff [0.010972052812576294, -0.020289450883865356, -0.006127767264842987, -0.015040922909975052, -0.004188515245914459, -0.005602449178695679, -0.006182800978422165, -0.0029214154928922653, -0.01068214699625969, -0.00700744055211544, -0.0070538148283958435, -0.005163077265024185, -0.002400224097073078, -0.005990938283503056, -0.007597487419843674, -0.0065766023471951485, -0.00412285141646862, -0.00312754325568676, -0.0019630948081612587, -0.0023781778290867805, -0.0015818271785974503, -0.001973169855773449, -0.0007040770724415779, -0.0011473866179585457, 0.0002477336674928665, -0.0019722990691661835, -0.0039929598569869995]
ref [0.293720006942749, 0.13483065366744995, 0.09647222608327866, 0.07609600573778152, 0.054686784744262695, 0.04451288655400276, 0.03808893635869026, 0.031208692118525505, 0.03546418622136116, 0.027131760492920876, 0.02449803240597248, 0.021408194676041603, 0.01706983521580696, 0.01861000992357731, 0.019237162545323372, 0.01828521117568016, 0.015887310728430748, 0.01556728221476078, 0.015443354845046997, 0.016490740701556206, 0.015988273546099663, 0.015998773276805878, 0.015760060399770737, 0.016169585287570953, 0.014509099535644054, 0.016508668661117554, 0.018464064225554466]
[0.3046920597553253, 0.1145412027835846, 0.09034445881843567, 0.06105508282780647, 0.050498269498348236, 0.03891043737530708, 0.0319061353802681, 0.02828727662563324, 0.02478203922510147, 0.020124319940805435, 0.017444217577576637, 0.016245117411017418, 0.014669611118733883, 0.012619071640074253, 0.011639675125479698, 0.011708608828485012, 0.011764459311962128, 0.01243973895907402, 0.013480260036885738, 0.014112562872469425, 0.014406446367502213, 0.014025603421032429, 0.015055983327329159, 0.015022198669612408, 0.014756833203136921, 0.01453636959195137, 0.014471104368567467]
Training time: 2040 	steps per sec: 13
Eval num_timesteps=27648, episode_reward=nan +/- nan
Eval num_timesteps=27648, episode_success=nan +/- nan
se
16 16384 1024
diff [0.010972052812576294, -0.020289450883865356, -0.006127767264842987, -0.015040922909975052, -0.004188515245914459, -0.005602449178695679, -0.006182800978422165, -0.0029214154928922653, -0.01068214699625969, -0.00700744055211544, -0.0070538148283958435, -0.005163077265024185, -0.002400224097073078, -0.005990938283503056, -0.007597487419843674, -0.0065766023471951485, -0.00412285141646862, -0.00312754325568676, -0.0019630948081612587, -0.0023781778290867805, -0.0015818271785974503, -0.001973169855773449, -0.0007040770724415779, -0.0011473866179585457, 0.0002477336674928665, -0.0019722990691661835, -0.0039929598569869995, -0.002095152623951435]
ref [0.293720006942749, 0.13483065366744995, 0.09647222608327866, 0.07609600573778152, 0.054686784744262695, 0.04451288655400276, 0.03808893635869026, 0.031208692118525505, 0.03546418622136116, 0.027131760492920876, 0.02449803240597248, 0.021408194676041603, 0.01706983521580696, 0.01861000992357731, 0.019237162545323372, 0.01828521117568016, 0.015887310728430748, 0.01556728221476078, 0.015443354845046997, 0.016490740701556206, 0.015988273546099663, 0.015998773276805878, 0.015760060399770737, 0.016169585287570953, 0.014509099535644054, 0.016508668661117554, 0.018464064225554466, 0.01618526689708233]
[0.3046920597553253, 0.1145412027835846, 0.09034445881843567, 0.06105508282780647, 0.050498269498348236, 0.03891043737530708, 0.0319061353802681, 0.02828727662563324, 0.02478203922510147, 0.020124319940805435, 0.017444217577576637, 0.016245117411017418, 0.014669611118733883, 0.012619071640074253, 0.011639675125479698, 0.011708608828485012, 0.011764459311962128, 0.01243973895907402, 0.013480260036885738, 0.014112562872469425, 0.014406446367502213, 0.014025603421032429, 0.015055983327329159, 0.015022198669612408, 0.014756833203136921, 0.01453636959195137, 0.014471104368567467, 0.014090114273130894]
Training time: 2145 	steps per sec: 13
Eval num_timesteps=28672, episode_reward=nan +/- nan
Eval num_timesteps=28672, episode_success=nan +/- nan
se
16 16384 1024
diff [0.010972052812576294, -0.020289450883865356, -0.006127767264842987, -0.015040922909975052, -0.004188515245914459, -0.005602449178695679, -0.006182800978422165, -0.0029214154928922653, -0.01068214699625969, -0.00700744055211544, -0.0070538148283958435, -0.005163077265024185, -0.002400224097073078, -0.005990938283503056, -0.007597487419843674, -0.0065766023471951485, -0.00412285141646862, -0.00312754325568676, -0.0019630948081612587, -0.0023781778290867805, -0.0015818271785974503, -0.001973169855773449, -0.0007040770724415779, -0.0011473866179585457, 0.0002477336674928665, -0.0019722990691661835, -0.0039929598569869995, -0.002095152623951435, -0.004049122333526611]
ref [0.293720006942749, 0.13483065366744995, 0.09647222608327866, 0.07609600573778152, 0.054686784744262695, 0.04451288655400276, 0.03808893635869026, 0.031208692118525505, 0.03546418622136116, 0.027131760492920876, 0.02449803240597248, 0.021408194676041603, 0.01706983521580696, 0.01861000992357731, 0.019237162545323372, 0.01828521117568016, 0.015887310728430748, 0.01556728221476078, 0.015443354845046997, 0.016490740701556206, 0.015988273546099663, 0.015998773276805878, 0.015760060399770737, 0.016169585287570953, 0.014509099535644054, 0.016508668661117554, 0.018464064225554466, 0.01618526689708233, 0.017835427075624466]
[0.3046920597553253, 0.1145412027835846, 0.09034445881843567, 0.06105508282780647, 0.050498269498348236, 0.03891043737530708, 0.0319061353802681, 0.02828727662563324, 0.02478203922510147, 0.020124319940805435, 0.017444217577576637, 0.016245117411017418, 0.014669611118733883, 0.012619071640074253, 0.011639675125479698, 0.011708608828485012, 0.011764459311962128, 0.01243973895907402, 0.013480260036885738, 0.014112562872469425, 0.014406446367502213, 0.014025603421032429, 0.015055983327329159, 0.015022198669612408, 0.014756833203136921, 0.01453636959195137, 0.014471104368567467, 0.014090114273130894, 0.013786304742097855]
Training time: 2240 	steps per sec: 13
Eval num_timesteps=29696, episode_reward=nan +/- nan
Eval num_timesteps=29696, episode_success=nan +/- nan
se
16 16384 1024
diff [0.010972052812576294, -0.020289450883865356, -0.006127767264842987, -0.015040922909975052, -0.004188515245914459, -0.005602449178695679, -0.006182800978422165, -0.0029214154928922653, -0.01068214699625969, -0.00700744055211544, -0.0070538148283958435, -0.005163077265024185, -0.002400224097073078, -0.005990938283503056, -0.007597487419843674, -0.0065766023471951485, -0.00412285141646862, -0.00312754325568676, -0.0019630948081612587, -0.0023781778290867805, -0.0015818271785974503, -0.001973169855773449, -0.0007040770724415779, -0.0011473866179585457, 0.0002477336674928665, -0.0019722990691661835, -0.0039929598569869995, -0.002095152623951435, -0.004049122333526611, -0.003911573439836502]
ref [0.293720006942749, 0.13483065366744995, 0.09647222608327866, 0.07609600573778152, 0.054686784744262695, 0.04451288655400276, 0.03808893635869026, 0.031208692118525505, 0.03546418622136116, 0.027131760492920876, 0.02449803240597248, 0.021408194676041603, 0.01706983521580696, 0.01861000992357731, 0.019237162545323372, 0.01828521117568016, 0.015887310728430748, 0.01556728221476078, 0.015443354845046997, 0.016490740701556206, 0.015988273546099663, 0.015998773276805878, 0.015760060399770737, 0.016169585287570953, 0.014509099535644054, 0.016508668661117554, 0.018464064225554466, 0.01618526689708233, 0.017835427075624466, 0.017066944390535355]
[0.3046920597553253, 0.1145412027835846, 0.09034445881843567, 0.06105508282780647, 0.050498269498348236, 0.03891043737530708, 0.0319061353802681, 0.02828727662563324, 0.02478203922510147, 0.020124319940805435, 0.017444217577576637, 0.016245117411017418, 0.014669611118733883, 0.012619071640074253, 0.011639675125479698, 0.011708608828485012, 0.011764459311962128, 0.01243973895907402, 0.013480260036885738, 0.014112562872469425, 0.014406446367502213, 0.014025603421032429, 0.015055983327329159, 0.015022198669612408, 0.014756833203136921, 0.01453636959195137, 0.014471104368567467, 0.014090114273130894, 0.013786304742097855, 0.013155370950698853]
Training time: 2343 	steps per sec: 13
Eval num_timesteps=30720, episode_reward=nan +/- nan
Eval num_timesteps=30720, episode_success=nan +/- nan
se
16 16384 1024
diff [0.010972052812576294, -0.020289450883865356, -0.006127767264842987, -0.015040922909975052, -0.004188515245914459, -0.005602449178695679, -0.006182800978422165, -0.0029214154928922653, -0.01068214699625969, -0.00700744055211544, -0.0070538148283958435, -0.005163077265024185, -0.002400224097073078, -0.005990938283503056, -0.007597487419843674, -0.0065766023471951485, -0.00412285141646862, -0.00312754325568676, -0.0019630948081612587, -0.0023781778290867805, -0.0015818271785974503, -0.001973169855773449, -0.0007040770724415779, -0.0011473866179585457, 0.0002477336674928665, -0.0019722990691661835, -0.0039929598569869995, -0.002095152623951435, -0.004049122333526611, -0.003911573439836502, -0.0021734219044446945]
ref [0.293720006942749, 0.13483065366744995, 0.09647222608327866, 0.07609600573778152, 0.054686784744262695, 0.04451288655400276, 0.03808893635869026, 0.031208692118525505, 0.03546418622136116, 0.027131760492920876, 0.02449803240597248, 0.021408194676041603, 0.01706983521580696, 0.01861000992357731, 0.019237162545323372, 0.01828521117568016, 0.015887310728430748, 0.01556728221476078, 0.015443354845046997, 0.016490740701556206, 0.015988273546099663, 0.015998773276805878, 0.015760060399770737, 0.016169585287570953, 0.014509099535644054, 0.016508668661117554, 0.018464064225554466, 0.01618526689708233, 0.017835427075624466, 0.017066944390535355, 0.014632564038038254]
[0.3046920597553253, 0.1145412027835846, 0.09034445881843567, 0.06105508282780647, 0.050498269498348236, 0.03891043737530708, 0.0319061353802681, 0.02828727662563324, 0.02478203922510147, 0.020124319940805435, 0.017444217577576637, 0.016245117411017418, 0.014669611118733883, 0.012619071640074253, 0.011639675125479698, 0.011708608828485012, 0.011764459311962128, 0.01243973895907402, 0.013480260036885738, 0.014112562872469425, 0.014406446367502213, 0.014025603421032429, 0.015055983327329159, 0.015022198669612408, 0.014756833203136921, 0.01453636959195137, 0.014471104368567467, 0.014090114273130894, 0.013786304742097855, 0.013155370950698853, 0.01245914213359356]
Training time: 2448 	steps per sec: 12
Eval num_timesteps=31744, episode_reward=nan +/- nan
Eval num_timesteps=31744, episode_success=nan +/- nan
se
16 16384 1024
diff [0.010972052812576294, -0.020289450883865356, -0.006127767264842987, -0.015040922909975052, -0.004188515245914459, -0.005602449178695679, -0.006182800978422165, -0.0029214154928922653, -0.01068214699625969, -0.00700744055211544, -0.0070538148283958435, -0.005163077265024185, -0.002400224097073078, -0.005990938283503056, -0.007597487419843674, -0.0065766023471951485, -0.00412285141646862, -0.00312754325568676, -0.0019630948081612587, -0.0023781778290867805, -0.0015818271785974503, -0.001973169855773449, -0.0007040770724415779, -0.0011473866179585457, 0.0002477336674928665, -0.0019722990691661835, -0.0039929598569869995, -0.002095152623951435, -0.004049122333526611, -0.003911573439836502, -0.0021734219044446945, -0.005327597260475159]
ref [0.293720006942749, 0.13483065366744995, 0.09647222608327866, 0.07609600573778152, 0.054686784744262695, 0.04451288655400276, 0.03808893635869026, 0.031208692118525505, 0.03546418622136116, 0.027131760492920876, 0.02449803240597248, 0.021408194676041603, 0.01706983521580696, 0.01861000992357731, 0.019237162545323372, 0.01828521117568016, 0.015887310728430748, 0.01556728221476078, 0.015443354845046997, 0.016490740701556206, 0.015988273546099663, 0.015998773276805878, 0.015760060399770737, 0.016169585287570953, 0.014509099535644054, 0.016508668661117554, 0.018464064225554466, 0.01618526689708233, 0.017835427075624466, 0.017066944390535355, 0.014632564038038254, 0.01784416288137436]
[0.3046920597553253, 0.1145412027835846, 0.09034445881843567, 0.06105508282780647, 0.050498269498348236, 0.03891043737530708, 0.0319061353802681, 0.02828727662563324, 0.02478203922510147, 0.020124319940805435, 0.017444217577576637, 0.016245117411017418, 0.014669611118733883, 0.012619071640074253, 0.011639675125479698, 0.011708608828485012, 0.011764459311962128, 0.01243973895907402, 0.013480260036885738, 0.014112562872469425, 0.014406446367502213, 0.014025603421032429, 0.015055983327329159, 0.015022198669612408, 0.014756833203136921, 0.01453636959195137, 0.014471104368567467, 0.014090114273130894, 0.013786304742097855, 0.013155370950698853, 0.01245914213359356, 0.0125165656208992]
Training time: 2562 	steps per sec: 12
Eval num_timesteps=32768, episode_reward=nan +/- nan
Eval num_timesteps=32768, episode_success=nan +/- nan
results/Walker2d-v4/
results/Walker2d-v4/ppo_ros/
results/Walker2d-v4/ppo_ros/expert/
results/Walker2d-v4/ppo_ros/expert/b_16/
results/Walker2d-v4/ppo_ros/expert/b_16/no_clip_lambda/
results/Walker2d-v4/ppo_ros/expert/b_16/no_clip_lambda/run_0/
results/Walker2d-v4/ppo_ros/expert/b_16/no_clip_lambda/run_0/evaluations.npz
results/Walker2d-v4/ppo_ros/expert/b_16/no_clip_lambda/run_0/stats.npz
results/Walker2d-v4/ppo_ros/expert/b_16/no_clip_lambda/run_0/config.yml
