ppo_ros_continuous.py --env-id Hopper-v4 -s expert/b_16/no_clip --total-timesteps 32768 --eval-freq 1 --eval-episodes 0 -b 16 --num-steps 1024 -lr 0 --update-epochs 0 --anneal-lr 0 --ros-num-steps 256 --ros-update-epochs 16 --ros-target-kl 0.05 --ros-clip-coef 999999999 --ros-lambda 0.1 -ros-lr 0.001 --ros-anneal-lr 0 --se 1 --se-freq 1 --se-lr 1e-3 --se-epochs 1000 --policy-path policies/Hopper-v4/best_model.zip --normalization-dir policies/Hopper-v4
Obtaining file:///var/lib/condor/execute/slot1/dir_646712/PPOROS/PPOROS/custom-envs
  Preparing metadata (setup.py): started
  Preparing metadata (setup.py): finished with status 'done'
Requirement already satisfied: gym in /var/lib/condor/execute/slot1/dir_646712/PPOROS/ppo-ros_env/lib/python3.9/site-packages (from custom-envs==0.0.1) (0.21.0)
Requirement already satisfied: numpy>=1.18.0 in /var/lib/condor/execute/slot1/dir_646712/PPOROS/ppo-ros_env/lib/python3.9/site-packages (from gym->custom-envs==0.0.1) (1.24.2)
Requirement already satisfied: cloudpickle>=1.2.0 in /var/lib/condor/execute/slot1/dir_646712/PPOROS/ppo-ros_env/lib/python3.9/site-packages (from gym->custom-envs==0.0.1) (2.2.1)
Installing collected packages: custom-envs
  Running setup.py develop for custom-envs
Successfully installed custom-envs-0.0.1
seed: 0
Eval num_timesteps=0, episode_reward=nan +/- nan
Eval num_timesteps=0, episode_success=nan +/- nan
se
1 1024 1024
diff [-0.008375577628612518]
ref [0.1027321144938469]
[0.09435653686523438]
Training time: 10 	steps per sec: 94
Eval num_timesteps=1024, episode_reward=nan +/- nan
Eval num_timesteps=1024, episode_success=nan +/- nan
se
2 2048 1024
diff [-0.008375577628612518, -0.001439414918422699]
ref [0.1027321144938469, 0.04293033480644226]
[0.09435653686523438, 0.04149091988801956]
Training time: 23 	steps per sec: 88
Eval num_timesteps=2048, episode_reward=nan +/- nan
Eval num_timesteps=2048, episode_success=nan +/- nan
se
3 3072 1024
diff [-0.008375577628612518, -0.001439414918422699, -0.00130530446767807]
ref [0.1027321144938469, 0.04293033480644226, 0.03292820230126381]
[0.09435653686523438, 0.04149091988801956, 0.03162289783358574]
Training time: 37 	steps per sec: 81
Eval num_timesteps=3072, episode_reward=nan +/- nan
Eval num_timesteps=3072, episode_success=nan +/- nan
se
4 4096 1024
diff [-0.008375577628612518, -0.001439414918422699, -0.00130530446767807, -0.0015604402869939804]
ref [0.1027321144938469, 0.04293033480644226, 0.03292820230126381, 0.0271618589758873]
[0.09435653686523438, 0.04149091988801956, 0.03162289783358574, 0.025601418688893318]
Training time: 55 	steps per sec: 73
Eval num_timesteps=4096, episode_reward=nan +/- nan
Eval num_timesteps=4096, episode_success=nan +/- nan
se
5 5120 1024
diff [-0.008375577628612518, -0.001439414918422699, -0.00130530446767807, -0.0015604402869939804, -0.0021221842616796494]
ref [0.1027321144938469, 0.04293033480644226, 0.03292820230126381, 0.0271618589758873, 0.02128351293504238]
[0.09435653686523438, 0.04149091988801956, 0.03162289783358574, 0.025601418688893318, 0.019161328673362732]
Training time: 76 	steps per sec: 66
Eval num_timesteps=5120, episode_reward=nan +/- nan
Eval num_timesteps=5120, episode_success=nan +/- nan
se
6 6144 1024
diff [-0.008375577628612518, -0.001439414918422699, -0.00130530446767807, -0.0015604402869939804, -0.0021221842616796494, -0.003223770298063755]
ref [0.1027321144938469, 0.04293033480644226, 0.03292820230126381, 0.0271618589758873, 0.02128351293504238, 0.018789716064929962]
[0.09435653686523438, 0.04149091988801956, 0.03162289783358574, 0.025601418688893318, 0.019161328673362732, 0.015565945766866207]
Training time: 101 	steps per sec: 60
Eval num_timesteps=6144, episode_reward=nan +/- nan
Eval num_timesteps=6144, episode_success=nan +/- nan
se
7 7168 1024
diff [-0.008375577628612518, -0.001439414918422699, -0.00130530446767807, -0.0015604402869939804, -0.0021221842616796494, -0.003223770298063755, -0.0005999971181154251]
ref [0.1027321144938469, 0.04293033480644226, 0.03292820230126381, 0.0271618589758873, 0.02128351293504238, 0.018789716064929962, 0.014669455587863922]
[0.09435653686523438, 0.04149091988801956, 0.03162289783358574, 0.025601418688893318, 0.019161328673362732, 0.015565945766866207, 0.014069458469748497]
Training time: 129 	steps per sec: 55
Eval num_timesteps=7168, episode_reward=nan +/- nan
Eval num_timesteps=7168, episode_success=nan +/- nan
se
8 8192 1024
diff [-0.008375577628612518, -0.001439414918422699, -0.00130530446767807, -0.0015604402869939804, -0.0021221842616796494, -0.003223770298063755, -0.0005999971181154251, -0.002535528503358364]
ref [0.1027321144938469, 0.04293033480644226, 0.03292820230126381, 0.0271618589758873, 0.02128351293504238, 0.018789716064929962, 0.014669455587863922, 0.015132865868508816]
[0.09435653686523438, 0.04149091988801956, 0.03162289783358574, 0.025601418688893318, 0.019161328673362732, 0.015565945766866207, 0.014069458469748497, 0.012597337365150452]
Training time: 160 	steps per sec: 50
Eval num_timesteps=8192, episode_reward=nan +/- nan
Eval num_timesteps=8192, episode_success=nan +/- nan
se
9 9216 1024
diff [-0.008375577628612518, -0.001439414918422699, -0.00130530446767807, -0.0015604402869939804, -0.0021221842616796494, -0.003223770298063755, -0.0005999971181154251, -0.002535528503358364, -0.0014461558312177658]
ref [0.1027321144938469, 0.04293033480644226, 0.03292820230126381, 0.0271618589758873, 0.02128351293504238, 0.018789716064929962, 0.014669455587863922, 0.015132865868508816, 0.011513153091073036]
[0.09435653686523438, 0.04149091988801956, 0.03162289783358574, 0.025601418688893318, 0.019161328673362732, 0.015565945766866207, 0.014069458469748497, 0.012597337365150452, 0.01006699725985527]
Training time: 195 	steps per sec: 47
Eval num_timesteps=9216, episode_reward=nan +/- nan
Eval num_timesteps=9216, episode_success=nan +/- nan
se
10 10240 1024
diff [-0.008375577628612518, -0.001439414918422699, -0.00130530446767807, -0.0015604402869939804, -0.0021221842616796494, -0.003223770298063755, -0.0005999971181154251, -0.002535528503358364, -0.0014461558312177658, -0.0019059628248214722]
ref [0.1027321144938469, 0.04293033480644226, 0.03292820230126381, 0.0271618589758873, 0.02128351293504238, 0.018789716064929962, 0.014669455587863922, 0.015132865868508816, 0.011513153091073036, 0.011313024908304214]
[0.09435653686523438, 0.04149091988801956, 0.03162289783358574, 0.025601418688893318, 0.019161328673362732, 0.015565945766866207, 0.014069458469748497, 0.012597337365150452, 0.01006699725985527, 0.009407062083482742]
Training time: 233 	steps per sec: 43
Eval num_timesteps=10240, episode_reward=nan +/- nan
Eval num_timesteps=10240, episode_success=nan +/- nan
se
11 11264 1024
diff [-0.008375577628612518, -0.001439414918422699, -0.00130530446767807, -0.0015604402869939804, -0.0021221842616796494, -0.003223770298063755, -0.0005999971181154251, -0.002535528503358364, -0.0014461558312177658, -0.0019059628248214722, -0.0002053976058959961]
ref [0.1027321144938469, 0.04293033480644226, 0.03292820230126381, 0.0271618589758873, 0.02128351293504238, 0.018789716064929962, 0.014669455587863922, 0.015132865868508816, 0.011513153091073036, 0.011313024908304214, 0.008422505110502243]
[0.09435653686523438, 0.04149091988801956, 0.03162289783358574, 0.025601418688893318, 0.019161328673362732, 0.015565945766866207, 0.014069458469748497, 0.012597337365150452, 0.01006699725985527, 0.009407062083482742, 0.008217107504606247]
Training time: 274 	steps per sec: 41
Eval num_timesteps=11264, episode_reward=nan +/- nan
Eval num_timesteps=11264, episode_success=nan +/- nan
se
12 12288 1024
diff [-0.008375577628612518, -0.001439414918422699, -0.00130530446767807, -0.0015604402869939804, -0.0021221842616796494, -0.003223770298063755, -0.0005999971181154251, -0.002535528503358364, -0.0014461558312177658, -0.0019059628248214722, -0.0002053976058959961, -0.0009220633655786514]
ref [0.1027321144938469, 0.04293033480644226, 0.03292820230126381, 0.0271618589758873, 0.02128351293504238, 0.018789716064929962, 0.014669455587863922, 0.015132865868508816, 0.011513153091073036, 0.011313024908304214, 0.008422505110502243, 0.008514611050486565]
[0.09435653686523438, 0.04149091988801956, 0.03162289783358574, 0.025601418688893318, 0.019161328673362732, 0.015565945766866207, 0.014069458469748497, 0.012597337365150452, 0.01006699725985527, 0.009407062083482742, 0.008217107504606247, 0.007592547684907913]
Training time: 319 	steps per sec: 38
Eval num_timesteps=12288, episode_reward=nan +/- nan
Eval num_timesteps=12288, episode_success=nan +/- nan
se
13 13312 1024
diff [-0.008375577628612518, -0.001439414918422699, -0.00130530446767807, -0.0015604402869939804, -0.0021221842616796494, -0.003223770298063755, -0.0005999971181154251, -0.002535528503358364, -0.0014461558312177658, -0.0019059628248214722, -0.0002053976058959961, -0.0009220633655786514, -0.0009418805129826069]
ref [0.1027321144938469, 0.04293033480644226, 0.03292820230126381, 0.0271618589758873, 0.02128351293504238, 0.018789716064929962, 0.014669455587863922, 0.015132865868508816, 0.011513153091073036, 0.011313024908304214, 0.008422505110502243, 0.008514611050486565, 0.007866304367780685]
[0.09435653686523438, 0.04149091988801956, 0.03162289783358574, 0.025601418688893318, 0.019161328673362732, 0.015565945766866207, 0.014069458469748497, 0.012597337365150452, 0.01006699725985527, 0.009407062083482742, 0.008217107504606247, 0.007592547684907913, 0.0069244238547980785]
Training time: 381 	steps per sec: 34
Eval num_timesteps=13312, episode_reward=nan +/- nan
Eval num_timesteps=13312, episode_success=nan +/- nan
se
14 14336 1024
diff [-0.008375577628612518, -0.001439414918422699, -0.00130530446767807, -0.0015604402869939804, -0.0021221842616796494, -0.003223770298063755, -0.0005999971181154251, -0.002535528503358364, -0.0014461558312177658, -0.0019059628248214722, -0.0002053976058959961, -0.0009220633655786514, -0.0009418805129826069, -0.0015953839756548405]
ref [0.1027321144938469, 0.04293033480644226, 0.03292820230126381, 0.0271618589758873, 0.02128351293504238, 0.018789716064929962, 0.014669455587863922, 0.015132865868508816, 0.011513153091073036, 0.011313024908304214, 0.008422505110502243, 0.008514611050486565, 0.007866304367780685, 0.008022596128284931]
[0.09435653686523438, 0.04149091988801956, 0.03162289783358574, 0.025601418688893318, 0.019161328673362732, 0.015565945766866207, 0.014069458469748497, 0.012597337365150452, 0.01006699725985527, 0.009407062083482742, 0.008217107504606247, 0.007592547684907913, 0.0069244238547980785, 0.006427212152630091]
Training time: 458 	steps per sec: 31
Eval num_timesteps=14336, episode_reward=nan +/- nan
Eval num_timesteps=14336, episode_success=nan +/- nan
se
15 15360 1024
diff [-0.008375577628612518, -0.001439414918422699, -0.00130530446767807, -0.0015604402869939804, -0.0021221842616796494, -0.003223770298063755, -0.0005999971181154251, -0.002535528503358364, -0.0014461558312177658, -0.0019059628248214722, -0.0002053976058959961, -0.0009220633655786514, -0.0009418805129826069, -0.0015953839756548405, -0.0013192635960876942]
ref [0.1027321144938469, 0.04293033480644226, 0.03292820230126381, 0.0271618589758873, 0.02128351293504238, 0.018789716064929962, 0.014669455587863922, 0.015132865868508816, 0.011513153091073036, 0.011313024908304214, 0.008422505110502243, 0.008514611050486565, 0.007866304367780685, 0.008022596128284931, 0.007297252770513296]
[0.09435653686523438, 0.04149091988801956, 0.03162289783358574, 0.025601418688893318, 0.019161328673362732, 0.015565945766866207, 0.014069458469748497, 0.012597337365150452, 0.01006699725985527, 0.009407062083482742, 0.008217107504606247, 0.007592547684907913, 0.0069244238547980785, 0.006427212152630091, 0.005977989174425602]
Training time: 532 	steps per sec: 28
Eval num_timesteps=15360, episode_reward=nan +/- nan
Eval num_timesteps=15360, episode_success=nan +/- nan
se
16 16384 1024
diff [-0.008375577628612518, -0.001439414918422699, -0.00130530446767807, -0.0015604402869939804, -0.0021221842616796494, -0.003223770298063755, -0.0005999971181154251, -0.002535528503358364, -0.0014461558312177658, -0.0019059628248214722, -0.0002053976058959961, -0.0009220633655786514, -0.0009418805129826069, -0.0015953839756548405, -0.0013192635960876942, -0.0005345395766198635]
ref [0.1027321144938469, 0.04293033480644226, 0.03292820230126381, 0.0271618589758873, 0.02128351293504238, 0.018789716064929962, 0.014669455587863922, 0.015132865868508816, 0.011513153091073036, 0.011313024908304214, 0.008422505110502243, 0.008514611050486565, 0.007866304367780685, 0.008022596128284931, 0.007297252770513296, 0.006663737818598747]
[0.09435653686523438, 0.04149091988801956, 0.03162289783358574, 0.025601418688893318, 0.019161328673362732, 0.015565945766866207, 0.014069458469748497, 0.012597337365150452, 0.01006699725985527, 0.009407062083482742, 0.008217107504606247, 0.007592547684907913, 0.0069244238547980785, 0.006427212152630091, 0.005977989174425602, 0.006129198241978884]
Training time: 598 	steps per sec: 27
Eval num_timesteps=16384, episode_reward=nan +/- nan
Eval num_timesteps=16384, episode_success=nan +/- nan
se
16 16384 1024
diff [-0.008375577628612518, -0.001439414918422699, -0.00130530446767807, -0.0015604402869939804, -0.0021221842616796494, -0.003223770298063755, -0.0005999971181154251, -0.002535528503358364, -0.0014461558312177658, -0.0019059628248214722, -0.0002053976058959961, -0.0009220633655786514, -0.0009418805129826069, -0.0015953839756548405, -0.0013192635960876942, -0.0005345395766198635, -0.0012065148912370205]
ref [0.1027321144938469, 0.04293033480644226, 0.03292820230126381, 0.0271618589758873, 0.02128351293504238, 0.018789716064929962, 0.014669455587863922, 0.015132865868508816, 0.011513153091073036, 0.011313024908304214, 0.008422505110502243, 0.008514611050486565, 0.007866304367780685, 0.008022596128284931, 0.007297252770513296, 0.006663737818598747, 0.007802898995578289]
[0.09435653686523438, 0.04149091988801956, 0.03162289783358574, 0.025601418688893318, 0.019161328673362732, 0.015565945766866207, 0.014069458469748497, 0.012597337365150452, 0.01006699725985527, 0.009407062083482742, 0.008217107504606247, 0.007592547684907913, 0.0069244238547980785, 0.006427212152630091, 0.005977989174425602, 0.006129198241978884, 0.0065963841043412685]
Training time: 664 	steps per sec: 26
Eval num_timesteps=17408, episode_reward=nan +/- nan
Eval num_timesteps=17408, episode_success=nan +/- nan
se
16 16384 1024
diff [-0.008375577628612518, -0.001439414918422699, -0.00130530446767807, -0.0015604402869939804, -0.0021221842616796494, -0.003223770298063755, -0.0005999971181154251, -0.002535528503358364, -0.0014461558312177658, -0.0019059628248214722, -0.0002053976058959961, -0.0009220633655786514, -0.0009418805129826069, -0.0015953839756548405, -0.0013192635960876942, -0.0005345395766198635, -0.0012065148912370205, -0.0002637077122926712]
ref [0.1027321144938469, 0.04293033480644226, 0.03292820230126381, 0.0271618589758873, 0.02128351293504238, 0.018789716064929962, 0.014669455587863922, 0.015132865868508816, 0.011513153091073036, 0.011313024908304214, 0.008422505110502243, 0.008514611050486565, 0.007866304367780685, 0.008022596128284931, 0.007297252770513296, 0.006663737818598747, 0.007802898995578289, 0.006868110969662666]
[0.09435653686523438, 0.04149091988801956, 0.03162289783358574, 0.025601418688893318, 0.019161328673362732, 0.015565945766866207, 0.014069458469748497, 0.012597337365150452, 0.01006699725985527, 0.009407062083482742, 0.008217107504606247, 0.007592547684907913, 0.0069244238547980785, 0.006427212152630091, 0.005977989174425602, 0.006129198241978884, 0.0065963841043412685, 0.006604403257369995]
Training time: 729 	steps per sec: 25
Eval num_timesteps=18432, episode_reward=nan +/- nan
Eval num_timesteps=18432, episode_success=nan +/- nan
se
16 16384 1024
diff [-0.008375577628612518, -0.001439414918422699, -0.00130530446767807, -0.0015604402869939804, -0.0021221842616796494, -0.003223770298063755, -0.0005999971181154251, -0.002535528503358364, -0.0014461558312177658, -0.0019059628248214722, -0.0002053976058959961, -0.0009220633655786514, -0.0009418805129826069, -0.0015953839756548405, -0.0013192635960876942, -0.0005345395766198635, -0.0012065148912370205, -0.0002637077122926712, 0.00010019633919000626]
ref [0.1027321144938469, 0.04293033480644226, 0.03292820230126381, 0.0271618589758873, 0.02128351293504238, 0.018789716064929962, 0.014669455587863922, 0.015132865868508816, 0.011513153091073036, 0.011313024908304214, 0.008422505110502243, 0.008514611050486565, 0.007866304367780685, 0.008022596128284931, 0.007297252770513296, 0.006663737818598747, 0.007802898995578289, 0.006868110969662666, 0.006841366644948721]
[0.09435653686523438, 0.04149091988801956, 0.03162289783358574, 0.025601418688893318, 0.019161328673362732, 0.015565945766866207, 0.014069458469748497, 0.012597337365150452, 0.01006699725985527, 0.009407062083482742, 0.008217107504606247, 0.007592547684907913, 0.0069244238547980785, 0.006427212152630091, 0.005977989174425602, 0.006129198241978884, 0.0065963841043412685, 0.006604403257369995, 0.006941562984138727]
Training time: 796 	steps per sec: 24
Eval num_timesteps=19456, episode_reward=nan +/- nan
Eval num_timesteps=19456, episode_success=nan +/- nan
se
16 16384 1024
diff [-0.008375577628612518, -0.001439414918422699, -0.00130530446767807, -0.0015604402869939804, -0.0021221842616796494, -0.003223770298063755, -0.0005999971181154251, -0.002535528503358364, -0.0014461558312177658, -0.0019059628248214722, -0.0002053976058959961, -0.0009220633655786514, -0.0009418805129826069, -0.0015953839756548405, -0.0013192635960876942, -0.0005345395766198635, -0.0012065148912370205, -0.0002637077122926712, 0.00010019633919000626, 0.0007324586622416973]
ref [0.1027321144938469, 0.04293033480644226, 0.03292820230126381, 0.0271618589758873, 0.02128351293504238, 0.018789716064929962, 0.014669455587863922, 0.015132865868508816, 0.011513153091073036, 0.011313024908304214, 0.008422505110502243, 0.008514611050486565, 0.007866304367780685, 0.008022596128284931, 0.007297252770513296, 0.006663737818598747, 0.007802898995578289, 0.006868110969662666, 0.006841366644948721, 0.006071125622838736]
[0.09435653686523438, 0.04149091988801956, 0.03162289783358574, 0.025601418688893318, 0.019161328673362732, 0.015565945766866207, 0.014069458469748497, 0.012597337365150452, 0.01006699725985527, 0.009407062083482742, 0.008217107504606247, 0.007592547684907913, 0.0069244238547980785, 0.006427212152630091, 0.005977989174425602, 0.006129198241978884, 0.0065963841043412685, 0.006604403257369995, 0.006941562984138727, 0.006803584285080433]
Training time: 862 	steps per sec: 23
Eval num_timesteps=20480, episode_reward=nan +/- nan
Eval num_timesteps=20480, episode_success=nan +/- nan
se
16 16384 1024
diff [-0.008375577628612518, -0.001439414918422699, -0.00130530446767807, -0.0015604402869939804, -0.0021221842616796494, -0.003223770298063755, -0.0005999971181154251, -0.002535528503358364, -0.0014461558312177658, -0.0019059628248214722, -0.0002053976058959961, -0.0009220633655786514, -0.0009418805129826069, -0.0015953839756548405, -0.0013192635960876942, -0.0005345395766198635, -0.0012065148912370205, -0.0002637077122926712, 0.00010019633919000626, 0.0007324586622416973, 3.976374864578247e-05]
ref [0.1027321144938469, 0.04293033480644226, 0.03292820230126381, 0.0271618589758873, 0.02128351293504238, 0.018789716064929962, 0.014669455587863922, 0.015132865868508816, 0.011513153091073036, 0.011313024908304214, 0.008422505110502243, 0.008514611050486565, 0.007866304367780685, 0.008022596128284931, 0.007297252770513296, 0.006663737818598747, 0.007802898995578289, 0.006868110969662666, 0.006841366644948721, 0.006071125622838736, 0.007021045312285423]
[0.09435653686523438, 0.04149091988801956, 0.03162289783358574, 0.025601418688893318, 0.019161328673362732, 0.015565945766866207, 0.014069458469748497, 0.012597337365150452, 0.01006699725985527, 0.009407062083482742, 0.008217107504606247, 0.007592547684907913, 0.0069244238547980785, 0.006427212152630091, 0.005977989174425602, 0.006129198241978884, 0.0065963841043412685, 0.006604403257369995, 0.006941562984138727, 0.006803584285080433, 0.007060809060931206]
Training time: 942 	steps per sec: 22
Eval num_timesteps=21504, episode_reward=nan +/- nan
Eval num_timesteps=21504, episode_success=nan +/- nan
se
16 16384 1024
diff [-0.008375577628612518, -0.001439414918422699, -0.00130530446767807, -0.0015604402869939804, -0.0021221842616796494, -0.003223770298063755, -0.0005999971181154251, -0.002535528503358364, -0.0014461558312177658, -0.0019059628248214722, -0.0002053976058959961, -0.0009220633655786514, -0.0009418805129826069, -0.0015953839756548405, -0.0013192635960876942, -0.0005345395766198635, -0.0012065148912370205, -0.0002637077122926712, 0.00010019633919000626, 0.0007324586622416973, 3.976374864578247e-05, 0.0012703877873718739]
ref [0.1027321144938469, 0.04293033480644226, 0.03292820230126381, 0.0271618589758873, 0.02128351293504238, 0.018789716064929962, 0.014669455587863922, 0.015132865868508816, 0.011513153091073036, 0.011313024908304214, 0.008422505110502243, 0.008514611050486565, 0.007866304367780685, 0.008022596128284931, 0.007297252770513296, 0.006663737818598747, 0.007802898995578289, 0.006868110969662666, 0.006841366644948721, 0.006071125622838736, 0.007021045312285423, 0.006166302133351564]
[0.09435653686523438, 0.04149091988801956, 0.03162289783358574, 0.025601418688893318, 0.019161328673362732, 0.015565945766866207, 0.014069458469748497, 0.012597337365150452, 0.01006699725985527, 0.009407062083482742, 0.008217107504606247, 0.007592547684907913, 0.0069244238547980785, 0.006427212152630091, 0.005977989174425602, 0.006129198241978884, 0.0065963841043412685, 0.006604403257369995, 0.006941562984138727, 0.006803584285080433, 0.007060809060931206, 0.007436689920723438]
Training time: 1023 	steps per sec: 22
Eval num_timesteps=22528, episode_reward=nan +/- nan
Eval num_timesteps=22528, episode_success=nan +/- nan
se
16 16384 1024
diff [-0.008375577628612518, -0.001439414918422699, -0.00130530446767807, -0.0015604402869939804, -0.0021221842616796494, -0.003223770298063755, -0.0005999971181154251, -0.002535528503358364, -0.0014461558312177658, -0.0019059628248214722, -0.0002053976058959961, -0.0009220633655786514, -0.0009418805129826069, -0.0015953839756548405, -0.0013192635960876942, -0.0005345395766198635, -0.0012065148912370205, -0.0002637077122926712, 0.00010019633919000626, 0.0007324586622416973, 3.976374864578247e-05, 0.0012703877873718739, 0.0006653126329183578]
ref [0.1027321144938469, 0.04293033480644226, 0.03292820230126381, 0.0271618589758873, 0.02128351293504238, 0.018789716064929962, 0.014669455587863922, 0.015132865868508816, 0.011513153091073036, 0.011313024908304214, 0.008422505110502243, 0.008514611050486565, 0.007866304367780685, 0.008022596128284931, 0.007297252770513296, 0.006663737818598747, 0.007802898995578289, 0.006868110969662666, 0.006841366644948721, 0.006071125622838736, 0.007021045312285423, 0.006166302133351564, 0.006950597278773785]
[0.09435653686523438, 0.04149091988801956, 0.03162289783358574, 0.025601418688893318, 0.019161328673362732, 0.015565945766866207, 0.014069458469748497, 0.012597337365150452, 0.01006699725985527, 0.009407062083482742, 0.008217107504606247, 0.007592547684907913, 0.0069244238547980785, 0.006427212152630091, 0.005977989174425602, 0.006129198241978884, 0.0065963841043412685, 0.006604403257369995, 0.006941562984138727, 0.006803584285080433, 0.007060809060931206, 0.007436689920723438, 0.0076159099116921425]
Training time: 1106 	steps per sec: 21
Eval num_timesteps=23552, episode_reward=nan +/- nan
Eval num_timesteps=23552, episode_success=nan +/- nan
se
16 16384 1024
diff [-0.008375577628612518, -0.001439414918422699, -0.00130530446767807, -0.0015604402869939804, -0.0021221842616796494, -0.003223770298063755, -0.0005999971181154251, -0.002535528503358364, -0.0014461558312177658, -0.0019059628248214722, -0.0002053976058959961, -0.0009220633655786514, -0.0009418805129826069, -0.0015953839756548405, -0.0013192635960876942, -0.0005345395766198635, -0.0012065148912370205, -0.0002637077122926712, 0.00010019633919000626, 0.0007324586622416973, 3.976374864578247e-05, 0.0012703877873718739, 0.0006653126329183578, 6.374064832925797e-05]
ref [0.1027321144938469, 0.04293033480644226, 0.03292820230126381, 0.0271618589758873, 0.02128351293504238, 0.018789716064929962, 0.014669455587863922, 0.015132865868508816, 0.011513153091073036, 0.011313024908304214, 0.008422505110502243, 0.008514611050486565, 0.007866304367780685, 0.008022596128284931, 0.007297252770513296, 0.006663737818598747, 0.007802898995578289, 0.006868110969662666, 0.006841366644948721, 0.006071125622838736, 0.007021045312285423, 0.006166302133351564, 0.006950597278773785, 0.006936258170753717]
[0.09435653686523438, 0.04149091988801956, 0.03162289783358574, 0.025601418688893318, 0.019161328673362732, 0.015565945766866207, 0.014069458469748497, 0.012597337365150452, 0.01006699725985527, 0.009407062083482742, 0.008217107504606247, 0.007592547684907913, 0.0069244238547980785, 0.006427212152630091, 0.005977989174425602, 0.006129198241978884, 0.0065963841043412685, 0.006604403257369995, 0.006941562984138727, 0.006803584285080433, 0.007060809060931206, 0.007436689920723438, 0.0076159099116921425, 0.006999998819082975]
Training time: 1191 	steps per sec: 20
Eval num_timesteps=24576, episode_reward=nan +/- nan
Eval num_timesteps=24576, episode_success=nan +/- nan
se
16 16384 1024
diff [-0.008375577628612518, -0.001439414918422699, -0.00130530446767807, -0.0015604402869939804, -0.0021221842616796494, -0.003223770298063755, -0.0005999971181154251, -0.002535528503358364, -0.0014461558312177658, -0.0019059628248214722, -0.0002053976058959961, -0.0009220633655786514, -0.0009418805129826069, -0.0015953839756548405, -0.0013192635960876942, -0.0005345395766198635, -0.0012065148912370205, -0.0002637077122926712, 0.00010019633919000626, 0.0007324586622416973, 3.976374864578247e-05, 0.0012703877873718739, 0.0006653126329183578, 6.374064832925797e-05, -0.0003203367814421654]
ref [0.1027321144938469, 0.04293033480644226, 0.03292820230126381, 0.0271618589758873, 0.02128351293504238, 0.018789716064929962, 0.014669455587863922, 0.015132865868508816, 0.011513153091073036, 0.011313024908304214, 0.008422505110502243, 0.008514611050486565, 0.007866304367780685, 0.008022596128284931, 0.007297252770513296, 0.006663737818598747, 0.007802898995578289, 0.006868110969662666, 0.006841366644948721, 0.006071125622838736, 0.007021045312285423, 0.006166302133351564, 0.006950597278773785, 0.006936258170753717, 0.007320733740925789]
[0.09435653686523438, 0.04149091988801956, 0.03162289783358574, 0.025601418688893318, 0.019161328673362732, 0.015565945766866207, 0.014069458469748497, 0.012597337365150452, 0.01006699725985527, 0.009407062083482742, 0.008217107504606247, 0.007592547684907913, 0.0069244238547980785, 0.006427212152630091, 0.005977989174425602, 0.006129198241978884, 0.0065963841043412685, 0.006604403257369995, 0.006941562984138727, 0.006803584285080433, 0.007060809060931206, 0.007436689920723438, 0.0076159099116921425, 0.006999998819082975, 0.0070003969594836235]
Training time: 1276 	steps per sec: 20
Eval num_timesteps=25600, episode_reward=nan +/- nan
Eval num_timesteps=25600, episode_success=nan +/- nan
se
16 16384 1024
diff [-0.008375577628612518, -0.001439414918422699, -0.00130530446767807, -0.0015604402869939804, -0.0021221842616796494, -0.003223770298063755, -0.0005999971181154251, -0.002535528503358364, -0.0014461558312177658, -0.0019059628248214722, -0.0002053976058959961, -0.0009220633655786514, -0.0009418805129826069, -0.0015953839756548405, -0.0013192635960876942, -0.0005345395766198635, -0.0012065148912370205, -0.0002637077122926712, 0.00010019633919000626, 0.0007324586622416973, 3.976374864578247e-05, 0.0012703877873718739, 0.0006653126329183578, 6.374064832925797e-05, -0.0003203367814421654, 0.0005877045914530754]
ref [0.1027321144938469, 0.04293033480644226, 0.03292820230126381, 0.0271618589758873, 0.02128351293504238, 0.018789716064929962, 0.014669455587863922, 0.015132865868508816, 0.011513153091073036, 0.011313024908304214, 0.008422505110502243, 0.008514611050486565, 0.007866304367780685, 0.008022596128284931, 0.007297252770513296, 0.006663737818598747, 0.007802898995578289, 0.006868110969662666, 0.006841366644948721, 0.006071125622838736, 0.007021045312285423, 0.006166302133351564, 0.006950597278773785, 0.006936258170753717, 0.007320733740925789, 0.006014495622366667]
[0.09435653686523438, 0.04149091988801956, 0.03162289783358574, 0.025601418688893318, 0.019161328673362732, 0.015565945766866207, 0.014069458469748497, 0.012597337365150452, 0.01006699725985527, 0.009407062083482742, 0.008217107504606247, 0.007592547684907913, 0.0069244238547980785, 0.006427212152630091, 0.005977989174425602, 0.006129198241978884, 0.0065963841043412685, 0.006604403257369995, 0.006941562984138727, 0.006803584285080433, 0.007060809060931206, 0.007436689920723438, 0.0076159099116921425, 0.006999998819082975, 0.0070003969594836235, 0.006602200213819742]
Training time: 1360 	steps per sec: 19
Eval num_timesteps=26624, episode_reward=nan +/- nan
Eval num_timesteps=26624, episode_success=nan +/- nan
se
16 16384 1024
diff [-0.008375577628612518, -0.001439414918422699, -0.00130530446767807, -0.0015604402869939804, -0.0021221842616796494, -0.003223770298063755, -0.0005999971181154251, -0.002535528503358364, -0.0014461558312177658, -0.0019059628248214722, -0.0002053976058959961, -0.0009220633655786514, -0.0009418805129826069, -0.0015953839756548405, -0.0013192635960876942, -0.0005345395766198635, -0.0012065148912370205, -0.0002637077122926712, 0.00010019633919000626, 0.0007324586622416973, 3.976374864578247e-05, 0.0012703877873718739, 0.0006653126329183578, 6.374064832925797e-05, -0.0003203367814421654, 0.0005877045914530754, 0.00034263916313648224]
ref [0.1027321144938469, 0.04293033480644226, 0.03292820230126381, 0.0271618589758873, 0.02128351293504238, 0.018789716064929962, 0.014669455587863922, 0.015132865868508816, 0.011513153091073036, 0.011313024908304214, 0.008422505110502243, 0.008514611050486565, 0.007866304367780685, 0.008022596128284931, 0.007297252770513296, 0.006663737818598747, 0.007802898995578289, 0.006868110969662666, 0.006841366644948721, 0.006071125622838736, 0.007021045312285423, 0.006166302133351564, 0.006950597278773785, 0.006936258170753717, 0.007320733740925789, 0.006014495622366667, 0.006581931374967098]
[0.09435653686523438, 0.04149091988801956, 0.03162289783358574, 0.025601418688893318, 0.019161328673362732, 0.015565945766866207, 0.014069458469748497, 0.012597337365150452, 0.01006699725985527, 0.009407062083482742, 0.008217107504606247, 0.007592547684907913, 0.0069244238547980785, 0.006427212152630091, 0.005977989174425602, 0.006129198241978884, 0.0065963841043412685, 0.006604403257369995, 0.006941562984138727, 0.006803584285080433, 0.007060809060931206, 0.007436689920723438, 0.0076159099116921425, 0.006999998819082975, 0.0070003969594836235, 0.006602200213819742, 0.0069245705381035805]
Training time: 1448 	steps per sec: 19
Eval num_timesteps=27648, episode_reward=nan +/- nan
Eval num_timesteps=27648, episode_success=nan +/- nan
se
16 16384 1024
diff [-0.008375577628612518, -0.001439414918422699, -0.00130530446767807, -0.0015604402869939804, -0.0021221842616796494, -0.003223770298063755, -0.0005999971181154251, -0.002535528503358364, -0.0014461558312177658, -0.0019059628248214722, -0.0002053976058959961, -0.0009220633655786514, -0.0009418805129826069, -0.0015953839756548405, -0.0013192635960876942, -0.0005345395766198635, -0.0012065148912370205, -0.0002637077122926712, 0.00010019633919000626, 0.0007324586622416973, 3.976374864578247e-05, 0.0012703877873718739, 0.0006653126329183578, 6.374064832925797e-05, -0.0003203367814421654, 0.0005877045914530754, 0.00034263916313648224, -0.0008775494061410427]
ref [0.1027321144938469, 0.04293033480644226, 0.03292820230126381, 0.0271618589758873, 0.02128351293504238, 0.018789716064929962, 0.014669455587863922, 0.015132865868508816, 0.011513153091073036, 0.011313024908304214, 0.008422505110502243, 0.008514611050486565, 0.007866304367780685, 0.008022596128284931, 0.007297252770513296, 0.006663737818598747, 0.007802898995578289, 0.006868110969662666, 0.006841366644948721, 0.006071125622838736, 0.007021045312285423, 0.006166302133351564, 0.006950597278773785, 0.006936258170753717, 0.007320733740925789, 0.006014495622366667, 0.006581931374967098, 0.007276642136275768]
[0.09435653686523438, 0.04149091988801956, 0.03162289783358574, 0.025601418688893318, 0.019161328673362732, 0.015565945766866207, 0.014069458469748497, 0.012597337365150452, 0.01006699725985527, 0.009407062083482742, 0.008217107504606247, 0.007592547684907913, 0.0069244238547980785, 0.006427212152630091, 0.005977989174425602, 0.006129198241978884, 0.0065963841043412685, 0.006604403257369995, 0.006941562984138727, 0.006803584285080433, 0.007060809060931206, 0.007436689920723438, 0.0076159099116921425, 0.006999998819082975, 0.0070003969594836235, 0.006602200213819742, 0.0069245705381035805, 0.006399092730134726]
Training time: 1533 	steps per sec: 18
Eval num_timesteps=28672, episode_reward=nan +/- nan
Eval num_timesteps=28672, episode_success=nan +/- nan
se
16 16384 1024
diff [-0.008375577628612518, -0.001439414918422699, -0.00130530446767807, -0.0015604402869939804, -0.0021221842616796494, -0.003223770298063755, -0.0005999971181154251, -0.002535528503358364, -0.0014461558312177658, -0.0019059628248214722, -0.0002053976058959961, -0.0009220633655786514, -0.0009418805129826069, -0.0015953839756548405, -0.0013192635960876942, -0.0005345395766198635, -0.0012065148912370205, -0.0002637077122926712, 0.00010019633919000626, 0.0007324586622416973, 3.976374864578247e-05, 0.0012703877873718739, 0.0006653126329183578, 6.374064832925797e-05, -0.0003203367814421654, 0.0005877045914530754, 0.00034263916313648224, -0.0008775494061410427, -1.2186821550130844e-05]
ref [0.1027321144938469, 0.04293033480644226, 0.03292820230126381, 0.0271618589758873, 0.02128351293504238, 0.018789716064929962, 0.014669455587863922, 0.015132865868508816, 0.011513153091073036, 0.011313024908304214, 0.008422505110502243, 0.008514611050486565, 0.007866304367780685, 0.008022596128284931, 0.007297252770513296, 0.006663737818598747, 0.007802898995578289, 0.006868110969662666, 0.006841366644948721, 0.006071125622838736, 0.007021045312285423, 0.006166302133351564, 0.006950597278773785, 0.006936258170753717, 0.007320733740925789, 0.006014495622366667, 0.006581931374967098, 0.007276642136275768, 0.00697154738008976]
[0.09435653686523438, 0.04149091988801956, 0.03162289783358574, 0.025601418688893318, 0.019161328673362732, 0.015565945766866207, 0.014069458469748497, 0.012597337365150452, 0.01006699725985527, 0.009407062083482742, 0.008217107504606247, 0.007592547684907913, 0.0069244238547980785, 0.006427212152630091, 0.005977989174425602, 0.006129198241978884, 0.0065963841043412685, 0.006604403257369995, 0.006941562984138727, 0.006803584285080433, 0.007060809060931206, 0.007436689920723438, 0.0076159099116921425, 0.006999998819082975, 0.0070003969594836235, 0.006602200213819742, 0.0069245705381035805, 0.006399092730134726, 0.006959360558539629]
Training time: 1616 	steps per sec: 18
Eval num_timesteps=29696, episode_reward=nan +/- nan
Eval num_timesteps=29696, episode_success=nan +/- nan
se
16 16384 1024
diff [-0.008375577628612518, -0.001439414918422699, -0.00130530446767807, -0.0015604402869939804, -0.0021221842616796494, -0.003223770298063755, -0.0005999971181154251, -0.002535528503358364, -0.0014461558312177658, -0.0019059628248214722, -0.0002053976058959961, -0.0009220633655786514, -0.0009418805129826069, -0.0015953839756548405, -0.0013192635960876942, -0.0005345395766198635, -0.0012065148912370205, -0.0002637077122926712, 0.00010019633919000626, 0.0007324586622416973, 3.976374864578247e-05, 0.0012703877873718739, 0.0006653126329183578, 6.374064832925797e-05, -0.0003203367814421654, 0.0005877045914530754, 0.00034263916313648224, -0.0008775494061410427, -1.2186821550130844e-05, -0.0006623412482440472]
ref [0.1027321144938469, 0.04293033480644226, 0.03292820230126381, 0.0271618589758873, 0.02128351293504238, 0.018789716064929962, 0.014669455587863922, 0.015132865868508816, 0.011513153091073036, 0.011313024908304214, 0.008422505110502243, 0.008514611050486565, 0.007866304367780685, 0.008022596128284931, 0.007297252770513296, 0.006663737818598747, 0.007802898995578289, 0.006868110969662666, 0.006841366644948721, 0.006071125622838736, 0.007021045312285423, 0.006166302133351564, 0.006950597278773785, 0.006936258170753717, 0.007320733740925789, 0.006014495622366667, 0.006581931374967098, 0.007276642136275768, 0.00697154738008976, 0.007213912438601255]
[0.09435653686523438, 0.04149091988801956, 0.03162289783358574, 0.025601418688893318, 0.019161328673362732, 0.015565945766866207, 0.014069458469748497, 0.012597337365150452, 0.01006699725985527, 0.009407062083482742, 0.008217107504606247, 0.007592547684907913, 0.0069244238547980785, 0.006427212152630091, 0.005977989174425602, 0.006129198241978884, 0.0065963841043412685, 0.006604403257369995, 0.006941562984138727, 0.006803584285080433, 0.007060809060931206, 0.007436689920723438, 0.0076159099116921425, 0.006999998819082975, 0.0070003969594836235, 0.006602200213819742, 0.0069245705381035805, 0.006399092730134726, 0.006959360558539629, 0.006551571190357208]
Training time: 1700 	steps per sec: 18
Eval num_timesteps=30720, episode_reward=nan +/- nan
Eval num_timesteps=30720, episode_success=nan +/- nan
se
16 16384 1024
diff [-0.008375577628612518, -0.001439414918422699, -0.00130530446767807, -0.0015604402869939804, -0.0021221842616796494, -0.003223770298063755, -0.0005999971181154251, -0.002535528503358364, -0.0014461558312177658, -0.0019059628248214722, -0.0002053976058959961, -0.0009220633655786514, -0.0009418805129826069, -0.0015953839756548405, -0.0013192635960876942, -0.0005345395766198635, -0.0012065148912370205, -0.0002637077122926712, 0.00010019633919000626, 0.0007324586622416973, 3.976374864578247e-05, 0.0012703877873718739, 0.0006653126329183578, 6.374064832925797e-05, -0.0003203367814421654, 0.0005877045914530754, 0.00034263916313648224, -0.0008775494061410427, -1.2186821550130844e-05, -0.0006623412482440472, -0.0013550897128880024]
ref [0.1027321144938469, 0.04293033480644226, 0.03292820230126381, 0.0271618589758873, 0.02128351293504238, 0.018789716064929962, 0.014669455587863922, 0.015132865868508816, 0.011513153091073036, 0.011313024908304214, 0.008422505110502243, 0.008514611050486565, 0.007866304367780685, 0.008022596128284931, 0.007297252770513296, 0.006663737818598747, 0.007802898995578289, 0.006868110969662666, 0.006841366644948721, 0.006071125622838736, 0.007021045312285423, 0.006166302133351564, 0.006950597278773785, 0.006936258170753717, 0.007320733740925789, 0.006014495622366667, 0.006581931374967098, 0.007276642136275768, 0.00697154738008976, 0.007213912438601255, 0.007643487770110369]
[0.09435653686523438, 0.04149091988801956, 0.03162289783358574, 0.025601418688893318, 0.019161328673362732, 0.015565945766866207, 0.014069458469748497, 0.012597337365150452, 0.01006699725985527, 0.009407062083482742, 0.008217107504606247, 0.007592547684907913, 0.0069244238547980785, 0.006427212152630091, 0.005977989174425602, 0.006129198241978884, 0.0065963841043412685, 0.006604403257369995, 0.006941562984138727, 0.006803584285080433, 0.007060809060931206, 0.007436689920723438, 0.0076159099116921425, 0.006999998819082975, 0.0070003969594836235, 0.006602200213819742, 0.0069245705381035805, 0.006399092730134726, 0.006959360558539629, 0.006551571190357208, 0.006288398057222366]
Training time: 1786 	steps per sec: 17
Eval num_timesteps=31744, episode_reward=nan +/- nan
Eval num_timesteps=31744, episode_success=nan +/- nan
se
16 16384 1024
diff [-0.008375577628612518, -0.001439414918422699, -0.00130530446767807, -0.0015604402869939804, -0.0021221842616796494, -0.003223770298063755, -0.0005999971181154251, -0.002535528503358364, -0.0014461558312177658, -0.0019059628248214722, -0.0002053976058959961, -0.0009220633655786514, -0.0009418805129826069, -0.0015953839756548405, -0.0013192635960876942, -0.0005345395766198635, -0.0012065148912370205, -0.0002637077122926712, 0.00010019633919000626, 0.0007324586622416973, 3.976374864578247e-05, 0.0012703877873718739, 0.0006653126329183578, 6.374064832925797e-05, -0.0003203367814421654, 0.0005877045914530754, 0.00034263916313648224, -0.0008775494061410427, -1.2186821550130844e-05, -0.0006623412482440472, -0.0013550897128880024, 0.0008460571989417076]
ref [0.1027321144938469, 0.04293033480644226, 0.03292820230126381, 0.0271618589758873, 0.02128351293504238, 0.018789716064929962, 0.014669455587863922, 0.015132865868508816, 0.011513153091073036, 0.011313024908304214, 0.008422505110502243, 0.008514611050486565, 0.007866304367780685, 0.008022596128284931, 0.007297252770513296, 0.006663737818598747, 0.007802898995578289, 0.006868110969662666, 0.006841366644948721, 0.006071125622838736, 0.007021045312285423, 0.006166302133351564, 0.006950597278773785, 0.006936258170753717, 0.007320733740925789, 0.006014495622366667, 0.006581931374967098, 0.007276642136275768, 0.00697154738008976, 0.007213912438601255, 0.007643487770110369, 0.006088044494390488]
[0.09435653686523438, 0.04149091988801956, 0.03162289783358574, 0.025601418688893318, 0.019161328673362732, 0.015565945766866207, 0.014069458469748497, 0.012597337365150452, 0.01006699725985527, 0.009407062083482742, 0.008217107504606247, 0.007592547684907913, 0.0069244238547980785, 0.006427212152630091, 0.005977989174425602, 0.006129198241978884, 0.0065963841043412685, 0.006604403257369995, 0.006941562984138727, 0.006803584285080433, 0.007060809060931206, 0.007436689920723438, 0.0076159099116921425, 0.006999998819082975, 0.0070003969594836235, 0.006602200213819742, 0.0069245705381035805, 0.006399092730134726, 0.006959360558539629, 0.006551571190357208, 0.006288398057222366, 0.006934101693332195]
Training time: 1873 	steps per sec: 17
Eval num_timesteps=32768, episode_reward=nan +/- nan
Eval num_timesteps=32768, episode_success=nan +/- nan
results/Hopper-v4/
results/Hopper-v4/ppo_ros/
results/Hopper-v4/ppo_ros/expert/
results/Hopper-v4/ppo_ros/expert/b_16/
results/Hopper-v4/ppo_ros/expert/b_16/no_clip/
results/Hopper-v4/ppo_ros/expert/b_16/no_clip/run_0/
results/Hopper-v4/ppo_ros/expert/b_16/no_clip/run_0/evaluations.npz
results/Hopper-v4/ppo_ros/expert/b_16/no_clip/run_0/config.yml
results/Hopper-v4/ppo_ros/expert/b_16/no_clip/run_0/stats.npz
