ppo_ros_continuous.py --env-id Walker2d-v4 -s expert/b_16/no_clip_lambda --total-timesteps 32768 --eval-freq 1 --eval-episodes 0 -b 16 --num-steps 1024 -lr 0 --update-epochs 0 --anneal-lr 0 --ros-num-steps 256 --ros-update-epochs 16 --ros-target-kl 0.05 --ros-clip-coef 999999999 --ros-lambda 0 -ros-lr 0.001 --ros-anneal-lr 0 --se 1 --se-freq 1 --se-lr 1e-3 --se-epochs 1000 --policy-path policies/Walker2d-v4/best_model.zip --normalization-dir policies/Walker2d-v4
Obtaining file:///var/lib/condor/execute/slot1/dir_394788/PPOROS/PPOROS/custom-envs
  Preparing metadata (setup.py): started
  Preparing metadata (setup.py): finished with status 'done'
Requirement already satisfied: gym in /var/lib/condor/execute/slot1/dir_394788/PPOROS/ppo-ros_env/lib/python3.9/site-packages (from custom-envs==0.0.1) (0.21.0)
Requirement already satisfied: numpy>=1.18.0 in /var/lib/condor/execute/slot1/dir_394788/PPOROS/ppo-ros_env/lib/python3.9/site-packages (from gym->custom-envs==0.0.1) (1.24.2)
Requirement already satisfied: cloudpickle>=1.2.0 in /var/lib/condor/execute/slot1/dir_394788/PPOROS/ppo-ros_env/lib/python3.9/site-packages (from gym->custom-envs==0.0.1) (2.2.1)
Installing collected packages: custom-envs
  Running setup.py develop for custom-envs
Successfully installed custom-envs-0.0.1
seed: 3
Eval num_timesteps=0, episode_reward=nan +/- nan
Eval num_timesteps=0, episode_success=nan +/- nan
se
1 1024 1024
diff [-0.08423614501953125]
ref [0.35076695680618286]
[0.2665308117866516]
Training time: 15 	steps per sec: 67
Eval num_timesteps=1024, episode_reward=nan +/- nan
Eval num_timesteps=1024, episode_success=nan +/- nan
se
2 2048 1024
diff [-0.08423614501953125, 0.008889101445674896]
ref [0.35076695680618286, 0.12496218830347061]
[0.2665308117866516, 0.1338512897491455]
Training time: 37 	steps per sec: 55
Eval num_timesteps=2048, episode_reward=nan +/- nan
Eval num_timesteps=2048, episode_success=nan +/- nan
se
3 3072 1024
diff [-0.08423614501953125, 0.008889101445674896, -0.017028316855430603]
ref [0.35076695680618286, 0.12496218830347061, 0.09662242978811264]
[0.2665308117866516, 0.1338512897491455, 0.07959411293268204]
Training time: 66 	steps per sec: 45
Eval num_timesteps=3072, episode_reward=nan +/- nan
Eval num_timesteps=3072, episode_success=nan +/- nan
se
4 4096 1024
diff [-0.08423614501953125, 0.008889101445674896, -0.017028316855430603, -0.007858507335186005]
ref [0.35076695680618286, 0.12496218830347061, 0.09662242978811264, 0.059170231223106384]
[0.2665308117866516, 0.1338512897491455, 0.07959411293268204, 0.05131172388792038]
Training time: 107 	steps per sec: 37
Eval num_timesteps=4096, episode_reward=nan +/- nan
Eval num_timesteps=4096, episode_success=nan +/- nan
se
5 5120 1024
diff [-0.08423614501953125, 0.008889101445674896, -0.017028316855430603, -0.007858507335186005, -0.01126072183251381]
ref [0.35076695680618286, 0.12496218830347061, 0.09662242978811264, 0.059170231223106384, 0.05234323814511299]
[0.2665308117866516, 0.1338512897491455, 0.07959411293268204, 0.05131172388792038, 0.04108251631259918]
Training time: 156 	steps per sec: 32
Eval num_timesteps=5120, episode_reward=nan +/- nan
Eval num_timesteps=5120, episode_success=nan +/- nan
se
6 6144 1024
diff [-0.08423614501953125, 0.008889101445674896, -0.017028316855430603, -0.007858507335186005, -0.01126072183251381, -0.010743208229541779]
ref [0.35076695680618286, 0.12496218830347061, 0.09662242978811264, 0.059170231223106384, 0.05234323814511299, 0.04594332352280617]
[0.2665308117866516, 0.1338512897491455, 0.07959411293268204, 0.05131172388792038, 0.04108251631259918, 0.03520011529326439]
Training time: 212 	steps per sec: 28
Eval num_timesteps=6144, episode_reward=nan +/- nan
Eval num_timesteps=6144, episode_success=nan +/- nan
se
7 7168 1024
diff [-0.08423614501953125, 0.008889101445674896, -0.017028316855430603, -0.007858507335186005, -0.01126072183251381, -0.010743208229541779, -0.005745798349380493]
ref [0.35076695680618286, 0.12496218830347061, 0.09662242978811264, 0.059170231223106384, 0.05234323814511299, 0.04594332352280617, 0.037025902420282364]
[0.2665308117866516, 0.1338512897491455, 0.07959411293268204, 0.05131172388792038, 0.04108251631259918, 0.03520011529326439, 0.03128010407090187]
Training time: 274 	steps per sec: 26
Eval num_timesteps=7168, episode_reward=nan +/- nan
Eval num_timesteps=7168, episode_success=nan +/- nan
se
8 8192 1024
diff [-0.08423614501953125, 0.008889101445674896, -0.017028316855430603, -0.007858507335186005, -0.01126072183251381, -0.010743208229541779, -0.005745798349380493, -0.005968749523162842]
ref [0.35076695680618286, 0.12496218830347061, 0.09662242978811264, 0.059170231223106384, 0.05234323814511299, 0.04594332352280617, 0.037025902420282364, 0.032862309366464615]
[0.2665308117866516, 0.1338512897491455, 0.07959411293268204, 0.05131172388792038, 0.04108251631259918, 0.03520011529326439, 0.03128010407090187, 0.026893559843301773]
Training time: 345 	steps per sec: 23
Eval num_timesteps=8192, episode_reward=nan +/- nan
Eval num_timesteps=8192, episode_success=nan +/- nan
se
9 9216 1024
diff [-0.08423614501953125, 0.008889101445674896, -0.017028316855430603, -0.007858507335186005, -0.01126072183251381, -0.010743208229541779, -0.005745798349380493, -0.005968749523162842, -0.0071489401161670685]
ref [0.35076695680618286, 0.12496218830347061, 0.09662242978811264, 0.059170231223106384, 0.05234323814511299, 0.04594332352280617, 0.037025902420282364, 0.032862309366464615, 0.030722610652446747]
[0.2665308117866516, 0.1338512897491455, 0.07959411293268204, 0.05131172388792038, 0.04108251631259918, 0.03520011529326439, 0.03128010407090187, 0.026893559843301773, 0.02357367053627968]
Training time: 422 	steps per sec: 21
Eval num_timesteps=9216, episode_reward=nan +/- nan
Eval num_timesteps=9216, episode_success=nan +/- nan
se
10 10240 1024
diff [-0.08423614501953125, 0.008889101445674896, -0.017028316855430603, -0.007858507335186005, -0.01126072183251381, -0.010743208229541779, -0.005745798349380493, -0.005968749523162842, -0.0071489401161670685, -0.0028832629323005676]
ref [0.35076695680618286, 0.12496218830347061, 0.09662242978811264, 0.059170231223106384, 0.05234323814511299, 0.04594332352280617, 0.037025902420282364, 0.032862309366464615, 0.030722610652446747, 0.023025067523121834]
[0.2665308117866516, 0.1338512897491455, 0.07959411293268204, 0.05131172388792038, 0.04108251631259918, 0.03520011529326439, 0.03128010407090187, 0.026893559843301773, 0.02357367053627968, 0.020141804590821266]
Training time: 503 	steps per sec: 20
Eval num_timesteps=10240, episode_reward=nan +/- nan
Eval num_timesteps=10240, episode_success=nan +/- nan
se
11 11264 1024
diff [-0.08423614501953125, 0.008889101445674896, -0.017028316855430603, -0.007858507335186005, -0.01126072183251381, -0.010743208229541779, -0.005745798349380493, -0.005968749523162842, -0.0071489401161670685, -0.0028832629323005676, -0.005560167133808136]
ref [0.35076695680618286, 0.12496218830347061, 0.09662242978811264, 0.059170231223106384, 0.05234323814511299, 0.04594332352280617, 0.037025902420282364, 0.032862309366464615, 0.030722610652446747, 0.023025067523121834, 0.02299981750547886]
[0.2665308117866516, 0.1338512897491455, 0.07959411293268204, 0.05131172388792038, 0.04108251631259918, 0.03520011529326439, 0.03128010407090187, 0.026893559843301773, 0.02357367053627968, 0.020141804590821266, 0.017439650371670723]
Training time: 582 	steps per sec: 19
Eval num_timesteps=11264, episode_reward=nan +/- nan
Eval num_timesteps=11264, episode_success=nan +/- nan
se
12 12288 1024
diff [-0.08423614501953125, 0.008889101445674896, -0.017028316855430603, -0.007858507335186005, -0.01126072183251381, -0.010743208229541779, -0.005745798349380493, -0.005968749523162842, -0.0071489401161670685, -0.0028832629323005676, -0.005560167133808136, -0.0018237587064504623]
ref [0.35076695680618286, 0.12496218830347061, 0.09662242978811264, 0.059170231223106384, 0.05234323814511299, 0.04594332352280617, 0.037025902420282364, 0.032862309366464615, 0.030722610652446747, 0.023025067523121834, 0.02299981750547886, 0.018456725403666496]
[0.2665308117866516, 0.1338512897491455, 0.07959411293268204, 0.05131172388792038, 0.04108251631259918, 0.03520011529326439, 0.03128010407090187, 0.026893559843301773, 0.02357367053627968, 0.020141804590821266, 0.017439650371670723, 0.016632966697216034]
Training time: 679 	steps per sec: 18
Eval num_timesteps=12288, episode_reward=nan +/- nan
Eval num_timesteps=12288, episode_success=nan +/- nan
se
13 13312 1024
diff [-0.08423614501953125, 0.008889101445674896, -0.017028316855430603, -0.007858507335186005, -0.01126072183251381, -0.010743208229541779, -0.005745798349380493, -0.005968749523162842, -0.0071489401161670685, -0.0028832629323005676, -0.005560167133808136, -0.0018237587064504623, -0.003745008260011673]
ref [0.35076695680618286, 0.12496218830347061, 0.09662242978811264, 0.059170231223106384, 0.05234323814511299, 0.04594332352280617, 0.037025902420282364, 0.032862309366464615, 0.030722610652446747, 0.023025067523121834, 0.02299981750547886, 0.018456725403666496, 0.019618110731244087]
[0.2665308117866516, 0.1338512897491455, 0.07959411293268204, 0.05131172388792038, 0.04108251631259918, 0.03520011529326439, 0.03128010407090187, 0.026893559843301773, 0.02357367053627968, 0.020141804590821266, 0.017439650371670723, 0.016632966697216034, 0.015873102471232414]
Training time: 788 	steps per sec: 16
Eval num_timesteps=13312, episode_reward=nan +/- nan
Eval num_timesteps=13312, episode_success=nan +/- nan
se
14 14336 1024
diff [-0.08423614501953125, 0.008889101445674896, -0.017028316855430603, -0.007858507335186005, -0.01126072183251381, -0.010743208229541779, -0.005745798349380493, -0.005968749523162842, -0.0071489401161670685, -0.0028832629323005676, -0.005560167133808136, -0.0018237587064504623, -0.003745008260011673, -0.005712413229048252]
ref [0.35076695680618286, 0.12496218830347061, 0.09662242978811264, 0.059170231223106384, 0.05234323814511299, 0.04594332352280617, 0.037025902420282364, 0.032862309366464615, 0.030722610652446747, 0.023025067523121834, 0.02299981750547886, 0.018456725403666496, 0.019618110731244087, 0.020280422642827034]
[0.2665308117866516, 0.1338512897491455, 0.07959411293268204, 0.05131172388792038, 0.04108251631259918, 0.03520011529326439, 0.03128010407090187, 0.026893559843301773, 0.02357367053627968, 0.020141804590821266, 0.017439650371670723, 0.016632966697216034, 0.015873102471232414, 0.014568009413778782]
Training time: 907 	steps per sec: 15
Eval num_timesteps=14336, episode_reward=nan +/- nan
Eval num_timesteps=14336, episode_success=nan +/- nan
se
15 15360 1024
diff [-0.08423614501953125, 0.008889101445674896, -0.017028316855430603, -0.007858507335186005, -0.01126072183251381, -0.010743208229541779, -0.005745798349380493, -0.005968749523162842, -0.0071489401161670685, -0.0028832629323005676, -0.005560167133808136, -0.0018237587064504623, -0.003745008260011673, -0.005712413229048252, -0.0033113835379481316]
ref [0.35076695680618286, 0.12496218830347061, 0.09662242978811264, 0.059170231223106384, 0.05234323814511299, 0.04594332352280617, 0.037025902420282364, 0.032862309366464615, 0.030722610652446747, 0.023025067523121834, 0.02299981750547886, 0.018456725403666496, 0.019618110731244087, 0.020280422642827034, 0.016766704618930817]
[0.2665308117866516, 0.1338512897491455, 0.07959411293268204, 0.05131172388792038, 0.04108251631259918, 0.03520011529326439, 0.03128010407090187, 0.026893559843301773, 0.02357367053627968, 0.020141804590821266, 0.017439650371670723, 0.016632966697216034, 0.015873102471232414, 0.014568009413778782, 0.013455321080982685]
Training time: 1018 	steps per sec: 15
Eval num_timesteps=15360, episode_reward=nan +/- nan
Eval num_timesteps=15360, episode_success=nan +/- nan
se
16 16384 1024
diff [-0.08423614501953125, 0.008889101445674896, -0.017028316855430603, -0.007858507335186005, -0.01126072183251381, -0.010743208229541779, -0.005745798349380493, -0.005968749523162842, -0.0071489401161670685, -0.0028832629323005676, -0.005560167133808136, -0.0018237587064504623, -0.003745008260011673, -0.005712413229048252, -0.0033113835379481316, -0.0028135282918810844]
ref [0.35076695680618286, 0.12496218830347061, 0.09662242978811264, 0.059170231223106384, 0.05234323814511299, 0.04594332352280617, 0.037025902420282364, 0.032862309366464615, 0.030722610652446747, 0.023025067523121834, 0.02299981750547886, 0.018456725403666496, 0.019618110731244087, 0.020280422642827034, 0.016766704618930817, 0.014907743781805038]
[0.2665308117866516, 0.1338512897491455, 0.07959411293268204, 0.05131172388792038, 0.04108251631259918, 0.03520011529326439, 0.03128010407090187, 0.026893559843301773, 0.02357367053627968, 0.020141804590821266, 0.017439650371670723, 0.016632966697216034, 0.015873102471232414, 0.014568009413778782, 0.013455321080982685, 0.012094215489923954]
Training time: 1149 	steps per sec: 14
Eval num_timesteps=16384, episode_reward=nan +/- nan
Eval num_timesteps=16384, episode_success=nan +/- nan
se
16 16384 1024
diff [-0.08423614501953125, 0.008889101445674896, -0.017028316855430603, -0.007858507335186005, -0.01126072183251381, -0.010743208229541779, -0.005745798349380493, -0.005968749523162842, -0.0071489401161670685, -0.0028832629323005676, -0.005560167133808136, -0.0018237587064504623, -0.003745008260011673, -0.005712413229048252, -0.0033113835379481316, -0.0028135282918810844, -0.0034095793962478638]
ref [0.35076695680618286, 0.12496218830347061, 0.09662242978811264, 0.059170231223106384, 0.05234323814511299, 0.04594332352280617, 0.037025902420282364, 0.032862309366464615, 0.030722610652446747, 0.023025067523121834, 0.02299981750547886, 0.018456725403666496, 0.019618110731244087, 0.020280422642827034, 0.016766704618930817, 0.014907743781805038, 0.016200227662920952]
[0.2665308117866516, 0.1338512897491455, 0.07959411293268204, 0.05131172388792038, 0.04108251631259918, 0.03520011529326439, 0.03128010407090187, 0.026893559843301773, 0.02357367053627968, 0.020141804590821266, 0.017439650371670723, 0.016632966697216034, 0.015873102471232414, 0.014568009413778782, 0.013455321080982685, 0.012094215489923954, 0.012790648266673088]
Training time: 1285 	steps per sec: 13
Eval num_timesteps=17408, episode_reward=nan +/- nan
Eval num_timesteps=17408, episode_success=nan +/- nan
se
16 16384 1024
diff [-0.08423614501953125, 0.008889101445674896, -0.017028316855430603, -0.007858507335186005, -0.01126072183251381, -0.010743208229541779, -0.005745798349380493, -0.005968749523162842, -0.0071489401161670685, -0.0028832629323005676, -0.005560167133808136, -0.0018237587064504623, -0.003745008260011673, -0.005712413229048252, -0.0033113835379481316, -0.0028135282918810844, -0.0034095793962478638, -0.005627121776342392]
ref [0.35076695680618286, 0.12496218830347061, 0.09662242978811264, 0.059170231223106384, 0.05234323814511299, 0.04594332352280617, 0.037025902420282364, 0.032862309366464615, 0.030722610652446747, 0.023025067523121834, 0.02299981750547886, 0.018456725403666496, 0.019618110731244087, 0.020280422642827034, 0.016766704618930817, 0.014907743781805038, 0.016200227662920952, 0.017486438155174255]
[0.2665308117866516, 0.1338512897491455, 0.07959411293268204, 0.05131172388792038, 0.04108251631259918, 0.03520011529326439, 0.03128010407090187, 0.026893559843301773, 0.02357367053627968, 0.020141804590821266, 0.017439650371670723, 0.016632966697216034, 0.015873102471232414, 0.014568009413778782, 0.013455321080982685, 0.012094215489923954, 0.012790648266673088, 0.011859316378831863]
Training time: 1428 	steps per sec: 12
Eval num_timesteps=18432, episode_reward=nan +/- nan
Eval num_timesteps=18432, episode_success=nan +/- nan
se
16 16384 1024
diff [-0.08423614501953125, 0.008889101445674896, -0.017028316855430603, -0.007858507335186005, -0.01126072183251381, -0.010743208229541779, -0.005745798349380493, -0.005968749523162842, -0.0071489401161670685, -0.0028832629323005676, -0.005560167133808136, -0.0018237587064504623, -0.003745008260011673, -0.005712413229048252, -0.0033113835379481316, -0.0028135282918810844, -0.0034095793962478638, -0.005627121776342392, -0.006368723697960377]
ref [0.35076695680618286, 0.12496218830347061, 0.09662242978811264, 0.059170231223106384, 0.05234323814511299, 0.04594332352280617, 0.037025902420282364, 0.032862309366464615, 0.030722610652446747, 0.023025067523121834, 0.02299981750547886, 0.018456725403666496, 0.019618110731244087, 0.020280422642827034, 0.016766704618930817, 0.014907743781805038, 0.016200227662920952, 0.017486438155174255, 0.018221961334347725]
[0.2665308117866516, 0.1338512897491455, 0.07959411293268204, 0.05131172388792038, 0.04108251631259918, 0.03520011529326439, 0.03128010407090187, 0.026893559843301773, 0.02357367053627968, 0.020141804590821266, 0.017439650371670723, 0.016632966697216034, 0.015873102471232414, 0.014568009413778782, 0.013455321080982685, 0.012094215489923954, 0.012790648266673088, 0.011859316378831863, 0.011853237636387348]
Training time: 1572 	steps per sec: 12
Eval num_timesteps=19456, episode_reward=nan +/- nan
Eval num_timesteps=19456, episode_success=nan +/- nan
se
16 16384 1024
diff [-0.08423614501953125, 0.008889101445674896, -0.017028316855430603, -0.007858507335186005, -0.01126072183251381, -0.010743208229541779, -0.005745798349380493, -0.005968749523162842, -0.0071489401161670685, -0.0028832629323005676, -0.005560167133808136, -0.0018237587064504623, -0.003745008260011673, -0.005712413229048252, -0.0033113835379481316, -0.0028135282918810844, -0.0034095793962478638, -0.005627121776342392, -0.006368723697960377, -0.004360990598797798]
ref [0.35076695680618286, 0.12496218830347061, 0.09662242978811264, 0.059170231223106384, 0.05234323814511299, 0.04594332352280617, 0.037025902420282364, 0.032862309366464615, 0.030722610652446747, 0.023025067523121834, 0.02299981750547886, 0.018456725403666496, 0.019618110731244087, 0.020280422642827034, 0.016766704618930817, 0.014907743781805038, 0.016200227662920952, 0.017486438155174255, 0.018221961334347725, 0.01675906777381897]
[0.2665308117866516, 0.1338512897491455, 0.07959411293268204, 0.05131172388792038, 0.04108251631259918, 0.03520011529326439, 0.03128010407090187, 0.026893559843301773, 0.02357367053627968, 0.020141804590821266, 0.017439650371670723, 0.016632966697216034, 0.015873102471232414, 0.014568009413778782, 0.013455321080982685, 0.012094215489923954, 0.012790648266673088, 0.011859316378831863, 0.011853237636387348, 0.012398077175021172]
Training time: 1720 	steps per sec: 11
Eval num_timesteps=20480, episode_reward=nan +/- nan
Eval num_timesteps=20480, episode_success=nan +/- nan
se
16 16384 1024
diff [-0.08423614501953125, 0.008889101445674896, -0.017028316855430603, -0.007858507335186005, -0.01126072183251381, -0.010743208229541779, -0.005745798349380493, -0.005968749523162842, -0.0071489401161670685, -0.0028832629323005676, -0.005560167133808136, -0.0018237587064504623, -0.003745008260011673, -0.005712413229048252, -0.0033113835379481316, -0.0028135282918810844, -0.0034095793962478638, -0.005627121776342392, -0.006368723697960377, -0.004360990598797798, -0.003172687254846096]
ref [0.35076695680618286, 0.12496218830347061, 0.09662242978811264, 0.059170231223106384, 0.05234323814511299, 0.04594332352280617, 0.037025902420282364, 0.032862309366464615, 0.030722610652446747, 0.023025067523121834, 0.02299981750547886, 0.018456725403666496, 0.019618110731244087, 0.020280422642827034, 0.016766704618930817, 0.014907743781805038, 0.016200227662920952, 0.017486438155174255, 0.018221961334347725, 0.01675906777381897, 0.015627721324563026]
[0.2665308117866516, 0.1338512897491455, 0.07959411293268204, 0.05131172388792038, 0.04108251631259918, 0.03520011529326439, 0.03128010407090187, 0.026893559843301773, 0.02357367053627968, 0.020141804590821266, 0.017439650371670723, 0.016632966697216034, 0.015873102471232414, 0.014568009413778782, 0.013455321080982685, 0.012094215489923954, 0.012790648266673088, 0.011859316378831863, 0.011853237636387348, 0.012398077175021172, 0.01245503406971693]
Training time: 1862 	steps per sec: 11
Eval num_timesteps=21504, episode_reward=nan +/- nan
Eval num_timesteps=21504, episode_success=nan +/- nan
se
16 16384 1024
diff [-0.08423614501953125, 0.008889101445674896, -0.017028316855430603, -0.007858507335186005, -0.01126072183251381, -0.010743208229541779, -0.005745798349380493, -0.005968749523162842, -0.0071489401161670685, -0.0028832629323005676, -0.005560167133808136, -0.0018237587064504623, -0.003745008260011673, -0.005712413229048252, -0.0033113835379481316, -0.0028135282918810844, -0.0034095793962478638, -0.005627121776342392, -0.006368723697960377, -0.004360990598797798, -0.003172687254846096, -0.002595791593194008]
ref [0.35076695680618286, 0.12496218830347061, 0.09662242978811264, 0.059170231223106384, 0.05234323814511299, 0.04594332352280617, 0.037025902420282364, 0.032862309366464615, 0.030722610652446747, 0.023025067523121834, 0.02299981750547886, 0.018456725403666496, 0.019618110731244087, 0.020280422642827034, 0.016766704618930817, 0.014907743781805038, 0.016200227662920952, 0.017486438155174255, 0.018221961334347725, 0.01675906777381897, 0.015627721324563026, 0.015306474640965462]
[0.2665308117866516, 0.1338512897491455, 0.07959411293268204, 0.05131172388792038, 0.04108251631259918, 0.03520011529326439, 0.03128010407090187, 0.026893559843301773, 0.02357367053627968, 0.020141804590821266, 0.017439650371670723, 0.016632966697216034, 0.015873102471232414, 0.014568009413778782, 0.013455321080982685, 0.012094215489923954, 0.012790648266673088, 0.011859316378831863, 0.011853237636387348, 0.012398077175021172, 0.01245503406971693, 0.012710683047771454]
Training time: 2008 	steps per sec: 11
Eval num_timesteps=22528, episode_reward=nan +/- nan
Eval num_timesteps=22528, episode_success=nan +/- nan
se
16 16384 1024
diff [-0.08423614501953125, 0.008889101445674896, -0.017028316855430603, -0.007858507335186005, -0.01126072183251381, -0.010743208229541779, -0.005745798349380493, -0.005968749523162842, -0.0071489401161670685, -0.0028832629323005676, -0.005560167133808136, -0.0018237587064504623, -0.003745008260011673, -0.005712413229048252, -0.0033113835379481316, -0.0028135282918810844, -0.0034095793962478638, -0.005627121776342392, -0.006368723697960377, -0.004360990598797798, -0.003172687254846096, -0.002595791593194008, -0.0031322073191404343]
ref [0.35076695680618286, 0.12496218830347061, 0.09662242978811264, 0.059170231223106384, 0.05234323814511299, 0.04594332352280617, 0.037025902420282364, 0.032862309366464615, 0.030722610652446747, 0.023025067523121834, 0.02299981750547886, 0.018456725403666496, 0.019618110731244087, 0.020280422642827034, 0.016766704618930817, 0.014907743781805038, 0.016200227662920952, 0.017486438155174255, 0.018221961334347725, 0.01675906777381897, 0.015627721324563026, 0.015306474640965462, 0.016391845420002937]
[0.2665308117866516, 0.1338512897491455, 0.07959411293268204, 0.05131172388792038, 0.04108251631259918, 0.03520011529326439, 0.03128010407090187, 0.026893559843301773, 0.02357367053627968, 0.020141804590821266, 0.017439650371670723, 0.016632966697216034, 0.015873102471232414, 0.014568009413778782, 0.013455321080982685, 0.012094215489923954, 0.012790648266673088, 0.011859316378831863, 0.011853237636387348, 0.012398077175021172, 0.01245503406971693, 0.012710683047771454, 0.013259638100862503]
Training time: 2154 	steps per sec: 10
Eval num_timesteps=23552, episode_reward=nan +/- nan
Eval num_timesteps=23552, episode_success=nan +/- nan
se
16 16384 1024
diff [-0.08423614501953125, 0.008889101445674896, -0.017028316855430603, -0.007858507335186005, -0.01126072183251381, -0.010743208229541779, -0.005745798349380493, -0.005968749523162842, -0.0071489401161670685, -0.0028832629323005676, -0.005560167133808136, -0.0018237587064504623, -0.003745008260011673, -0.005712413229048252, -0.0033113835379481316, -0.0028135282918810844, -0.0034095793962478638, -0.005627121776342392, -0.006368723697960377, -0.004360990598797798, -0.003172687254846096, -0.002595791593194008, -0.0031322073191404343, -0.002260761335492134]
ref [0.35076695680618286, 0.12496218830347061, 0.09662242978811264, 0.059170231223106384, 0.05234323814511299, 0.04594332352280617, 0.037025902420282364, 0.032862309366464615, 0.030722610652446747, 0.023025067523121834, 0.02299981750547886, 0.018456725403666496, 0.019618110731244087, 0.020280422642827034, 0.016766704618930817, 0.014907743781805038, 0.016200227662920952, 0.017486438155174255, 0.018221961334347725, 0.01675906777381897, 0.015627721324563026, 0.015306474640965462, 0.016391845420002937, 0.01555065717548132]
[0.2665308117866516, 0.1338512897491455, 0.07959411293268204, 0.05131172388792038, 0.04108251631259918, 0.03520011529326439, 0.03128010407090187, 0.026893559843301773, 0.02357367053627968, 0.020141804590821266, 0.017439650371670723, 0.016632966697216034, 0.015873102471232414, 0.014568009413778782, 0.013455321080982685, 0.012094215489923954, 0.012790648266673088, 0.011859316378831863, 0.011853237636387348, 0.012398077175021172, 0.01245503406971693, 0.012710683047771454, 0.013259638100862503, 0.013289895839989185]
Training time: 2296 	steps per sec: 10
Eval num_timesteps=24576, episode_reward=nan +/- nan
Eval num_timesteps=24576, episode_success=nan +/- nan
se
16 16384 1024
diff [-0.08423614501953125, 0.008889101445674896, -0.017028316855430603, -0.007858507335186005, -0.01126072183251381, -0.010743208229541779, -0.005745798349380493, -0.005968749523162842, -0.0071489401161670685, -0.0028832629323005676, -0.005560167133808136, -0.0018237587064504623, -0.003745008260011673, -0.005712413229048252, -0.0033113835379481316, -0.0028135282918810844, -0.0034095793962478638, -0.005627121776342392, -0.006368723697960377, -0.004360990598797798, -0.003172687254846096, -0.002595791593194008, -0.0031322073191404343, -0.002260761335492134, -0.004622640088200569]
ref [0.35076695680618286, 0.12496218830347061, 0.09662242978811264, 0.059170231223106384, 0.05234323814511299, 0.04594332352280617, 0.037025902420282364, 0.032862309366464615, 0.030722610652446747, 0.023025067523121834, 0.02299981750547886, 0.018456725403666496, 0.019618110731244087, 0.020280422642827034, 0.016766704618930817, 0.014907743781805038, 0.016200227662920952, 0.017486438155174255, 0.018221961334347725, 0.01675906777381897, 0.015627721324563026, 0.015306474640965462, 0.016391845420002937, 0.01555065717548132, 0.017317086458206177]
[0.2665308117866516, 0.1338512897491455, 0.07959411293268204, 0.05131172388792038, 0.04108251631259918, 0.03520011529326439, 0.03128010407090187, 0.026893559843301773, 0.02357367053627968, 0.020141804590821266, 0.017439650371670723, 0.016632966697216034, 0.015873102471232414, 0.014568009413778782, 0.013455321080982685, 0.012094215489923954, 0.012790648266673088, 0.011859316378831863, 0.011853237636387348, 0.012398077175021172, 0.01245503406971693, 0.012710683047771454, 0.013259638100862503, 0.013289895839989185, 0.012694446370005608]
Training time: 2442 	steps per sec: 10
Eval num_timesteps=25600, episode_reward=nan +/- nan
Eval num_timesteps=25600, episode_success=nan +/- nan
se
16 16384 1024
diff [-0.08423614501953125, 0.008889101445674896, -0.017028316855430603, -0.007858507335186005, -0.01126072183251381, -0.010743208229541779, -0.005745798349380493, -0.005968749523162842, -0.0071489401161670685, -0.0028832629323005676, -0.005560167133808136, -0.0018237587064504623, -0.003745008260011673, -0.005712413229048252, -0.0033113835379481316, -0.0028135282918810844, -0.0034095793962478638, -0.005627121776342392, -0.006368723697960377, -0.004360990598797798, -0.003172687254846096, -0.002595791593194008, -0.0031322073191404343, -0.002260761335492134, -0.004622640088200569, -0.0033248011022806168]
ref [0.35076695680618286, 0.12496218830347061, 0.09662242978811264, 0.059170231223106384, 0.05234323814511299, 0.04594332352280617, 0.037025902420282364, 0.032862309366464615, 0.030722610652446747, 0.023025067523121834, 0.02299981750547886, 0.018456725403666496, 0.019618110731244087, 0.020280422642827034, 0.016766704618930817, 0.014907743781805038, 0.016200227662920952, 0.017486438155174255, 0.018221961334347725, 0.01675906777381897, 0.015627721324563026, 0.015306474640965462, 0.016391845420002937, 0.01555065717548132, 0.017317086458206177, 0.01711573451757431]
[0.2665308117866516, 0.1338512897491455, 0.07959411293268204, 0.05131172388792038, 0.04108251631259918, 0.03520011529326439, 0.03128010407090187, 0.026893559843301773, 0.02357367053627968, 0.020141804590821266, 0.017439650371670723, 0.016632966697216034, 0.015873102471232414, 0.014568009413778782, 0.013455321080982685, 0.012094215489923954, 0.012790648266673088, 0.011859316378831863, 0.011853237636387348, 0.012398077175021172, 0.01245503406971693, 0.012710683047771454, 0.013259638100862503, 0.013289895839989185, 0.012694446370005608, 0.013790933415293694]
Training time: 2584 	steps per sec: 10
Eval num_timesteps=26624, episode_reward=nan +/- nan
Eval num_timesteps=26624, episode_success=nan +/- nan
se
16 16384 1024
diff [-0.08423614501953125, 0.008889101445674896, -0.017028316855430603, -0.007858507335186005, -0.01126072183251381, -0.010743208229541779, -0.005745798349380493, -0.005968749523162842, -0.0071489401161670685, -0.0028832629323005676, -0.005560167133808136, -0.0018237587064504623, -0.003745008260011673, -0.005712413229048252, -0.0033113835379481316, -0.0028135282918810844, -0.0034095793962478638, -0.005627121776342392, -0.006368723697960377, -0.004360990598797798, -0.003172687254846096, -0.002595791593194008, -0.0031322073191404343, -0.002260761335492134, -0.004622640088200569, -0.0033248011022806168, -0.0023699095472693443]
ref [0.35076695680618286, 0.12496218830347061, 0.09662242978811264, 0.059170231223106384, 0.05234323814511299, 0.04594332352280617, 0.037025902420282364, 0.032862309366464615, 0.030722610652446747, 0.023025067523121834, 0.02299981750547886, 0.018456725403666496, 0.019618110731244087, 0.020280422642827034, 0.016766704618930817, 0.014907743781805038, 0.016200227662920952, 0.017486438155174255, 0.018221961334347725, 0.01675906777381897, 0.015627721324563026, 0.015306474640965462, 0.016391845420002937, 0.01555065717548132, 0.017317086458206177, 0.01711573451757431, 0.016177181154489517]
[0.2665308117866516, 0.1338512897491455, 0.07959411293268204, 0.05131172388792038, 0.04108251631259918, 0.03520011529326439, 0.03128010407090187, 0.026893559843301773, 0.02357367053627968, 0.020141804590821266, 0.017439650371670723, 0.016632966697216034, 0.015873102471232414, 0.014568009413778782, 0.013455321080982685, 0.012094215489923954, 0.012790648266673088, 0.011859316378831863, 0.011853237636387348, 0.012398077175021172, 0.01245503406971693, 0.012710683047771454, 0.013259638100862503, 0.013289895839989185, 0.012694446370005608, 0.013790933415293694, 0.013807271607220173]
Training time: 2730 	steps per sec: 10
Eval num_timesteps=27648, episode_reward=nan +/- nan
Eval num_timesteps=27648, episode_success=nan +/- nan
se
16 16384 1024
diff [-0.08423614501953125, 0.008889101445674896, -0.017028316855430603, -0.007858507335186005, -0.01126072183251381, -0.010743208229541779, -0.005745798349380493, -0.005968749523162842, -0.0071489401161670685, -0.0028832629323005676, -0.005560167133808136, -0.0018237587064504623, -0.003745008260011673, -0.005712413229048252, -0.0033113835379481316, -0.0028135282918810844, -0.0034095793962478638, -0.005627121776342392, -0.006368723697960377, -0.004360990598797798, -0.003172687254846096, -0.002595791593194008, -0.0031322073191404343, -0.002260761335492134, -0.004622640088200569, -0.0033248011022806168, -0.0023699095472693443, -0.0026974622160196304]
ref [0.35076695680618286, 0.12496218830347061, 0.09662242978811264, 0.059170231223106384, 0.05234323814511299, 0.04594332352280617, 0.037025902420282364, 0.032862309366464615, 0.030722610652446747, 0.023025067523121834, 0.02299981750547886, 0.018456725403666496, 0.019618110731244087, 0.020280422642827034, 0.016766704618930817, 0.014907743781805038, 0.016200227662920952, 0.017486438155174255, 0.018221961334347725, 0.01675906777381897, 0.015627721324563026, 0.015306474640965462, 0.016391845420002937, 0.01555065717548132, 0.017317086458206177, 0.01711573451757431, 0.016177181154489517, 0.016774194315075874]
[0.2665308117866516, 0.1338512897491455, 0.07959411293268204, 0.05131172388792038, 0.04108251631259918, 0.03520011529326439, 0.03128010407090187, 0.026893559843301773, 0.02357367053627968, 0.020141804590821266, 0.017439650371670723, 0.016632966697216034, 0.015873102471232414, 0.014568009413778782, 0.013455321080982685, 0.012094215489923954, 0.012790648266673088, 0.011859316378831863, 0.011853237636387348, 0.012398077175021172, 0.01245503406971693, 0.012710683047771454, 0.013259638100862503, 0.013289895839989185, 0.012694446370005608, 0.013790933415293694, 0.013807271607220173, 0.014076732099056244]
Training time: 2896 	steps per sec: 9
Eval num_timesteps=28672, episode_reward=nan +/- nan
Eval num_timesteps=28672, episode_success=nan +/- nan
se
16 16384 1024
diff [-0.08423614501953125, 0.008889101445674896, -0.017028316855430603, -0.007858507335186005, -0.01126072183251381, -0.010743208229541779, -0.005745798349380493, -0.005968749523162842, -0.0071489401161670685, -0.0028832629323005676, -0.005560167133808136, -0.0018237587064504623, -0.003745008260011673, -0.005712413229048252, -0.0033113835379481316, -0.0028135282918810844, -0.0034095793962478638, -0.005627121776342392, -0.006368723697960377, -0.004360990598797798, -0.003172687254846096, -0.002595791593194008, -0.0031322073191404343, -0.002260761335492134, -0.004622640088200569, -0.0033248011022806168, -0.0023699095472693443, -0.0026974622160196304, -0.00032552704215049744]
ref [0.35076695680618286, 0.12496218830347061, 0.09662242978811264, 0.059170231223106384, 0.05234323814511299, 0.04594332352280617, 0.037025902420282364, 0.032862309366464615, 0.030722610652446747, 0.023025067523121834, 0.02299981750547886, 0.018456725403666496, 0.019618110731244087, 0.020280422642827034, 0.016766704618930817, 0.014907743781805038, 0.016200227662920952, 0.017486438155174255, 0.018221961334347725, 0.01675906777381897, 0.015627721324563026, 0.015306474640965462, 0.016391845420002937, 0.01555065717548132, 0.017317086458206177, 0.01711573451757431, 0.016177181154489517, 0.016774194315075874, 0.01504364050924778]
[0.2665308117866516, 0.1338512897491455, 0.07959411293268204, 0.05131172388792038, 0.04108251631259918, 0.03520011529326439, 0.03128010407090187, 0.026893559843301773, 0.02357367053627968, 0.020141804590821266, 0.017439650371670723, 0.016632966697216034, 0.015873102471232414, 0.014568009413778782, 0.013455321080982685, 0.012094215489923954, 0.012790648266673088, 0.011859316378831863, 0.011853237636387348, 0.012398077175021172, 0.01245503406971693, 0.012710683047771454, 0.013259638100862503, 0.013289895839989185, 0.012694446370005608, 0.013790933415293694, 0.013807271607220173, 0.014076732099056244, 0.014718113467097282]
Training time: 3056 	steps per sec: 9
Eval num_timesteps=29696, episode_reward=nan +/- nan
Eval num_timesteps=29696, episode_success=nan +/- nan
se
16 16384 1024
diff [-0.08423614501953125, 0.008889101445674896, -0.017028316855430603, -0.007858507335186005, -0.01126072183251381, -0.010743208229541779, -0.005745798349380493, -0.005968749523162842, -0.0071489401161670685, -0.0028832629323005676, -0.005560167133808136, -0.0018237587064504623, -0.003745008260011673, -0.005712413229048252, -0.0033113835379481316, -0.0028135282918810844, -0.0034095793962478638, -0.005627121776342392, -0.006368723697960377, -0.004360990598797798, -0.003172687254846096, -0.002595791593194008, -0.0031322073191404343, -0.002260761335492134, -0.004622640088200569, -0.0033248011022806168, -0.0023699095472693443, -0.0026974622160196304, -0.00032552704215049744, -0.0011791707947850227]
ref [0.35076695680618286, 0.12496218830347061, 0.09662242978811264, 0.059170231223106384, 0.05234323814511299, 0.04594332352280617, 0.037025902420282364, 0.032862309366464615, 0.030722610652446747, 0.023025067523121834, 0.02299981750547886, 0.018456725403666496, 0.019618110731244087, 0.020280422642827034, 0.016766704618930817, 0.014907743781805038, 0.016200227662920952, 0.017486438155174255, 0.018221961334347725, 0.01675906777381897, 0.015627721324563026, 0.015306474640965462, 0.016391845420002937, 0.01555065717548132, 0.017317086458206177, 0.01711573451757431, 0.016177181154489517, 0.016774194315075874, 0.01504364050924778, 0.015709882602095604]
[0.2665308117866516, 0.1338512897491455, 0.07959411293268204, 0.05131172388792038, 0.04108251631259918, 0.03520011529326439, 0.03128010407090187, 0.026893559843301773, 0.02357367053627968, 0.020141804590821266, 0.017439650371670723, 0.016632966697216034, 0.015873102471232414, 0.014568009413778782, 0.013455321080982685, 0.012094215489923954, 0.012790648266673088, 0.011859316378831863, 0.011853237636387348, 0.012398077175021172, 0.01245503406971693, 0.012710683047771454, 0.013259638100862503, 0.013289895839989185, 0.012694446370005608, 0.013790933415293694, 0.013807271607220173, 0.014076732099056244, 0.014718113467097282, 0.014530711807310581]
Training time: 3215 	steps per sec: 9
Eval num_timesteps=30720, episode_reward=nan +/- nan
Eval num_timesteps=30720, episode_success=nan +/- nan
se
16 16384 1024
diff [-0.08423614501953125, 0.008889101445674896, -0.017028316855430603, -0.007858507335186005, -0.01126072183251381, -0.010743208229541779, -0.005745798349380493, -0.005968749523162842, -0.0071489401161670685, -0.0028832629323005676, -0.005560167133808136, -0.0018237587064504623, -0.003745008260011673, -0.005712413229048252, -0.0033113835379481316, -0.0028135282918810844, -0.0034095793962478638, -0.005627121776342392, -0.006368723697960377, -0.004360990598797798, -0.003172687254846096, -0.002595791593194008, -0.0031322073191404343, -0.002260761335492134, -0.004622640088200569, -0.0033248011022806168, -0.0023699095472693443, -0.0026974622160196304, -0.00032552704215049744, -0.0011791707947850227, -0.0015476541593670845]
ref [0.35076695680618286, 0.12496218830347061, 0.09662242978811264, 0.059170231223106384, 0.05234323814511299, 0.04594332352280617, 0.037025902420282364, 0.032862309366464615, 0.030722610652446747, 0.023025067523121834, 0.02299981750547886, 0.018456725403666496, 0.019618110731244087, 0.020280422642827034, 0.016766704618930817, 0.014907743781805038, 0.016200227662920952, 0.017486438155174255, 0.018221961334347725, 0.01675906777381897, 0.015627721324563026, 0.015306474640965462, 0.016391845420002937, 0.01555065717548132, 0.017317086458206177, 0.01711573451757431, 0.016177181154489517, 0.016774194315075874, 0.01504364050924778, 0.015709882602095604, 0.0162239670753479]
[0.2665308117866516, 0.1338512897491455, 0.07959411293268204, 0.05131172388792038, 0.04108251631259918, 0.03520011529326439, 0.03128010407090187, 0.026893559843301773, 0.02357367053627968, 0.020141804590821266, 0.017439650371670723, 0.016632966697216034, 0.015873102471232414, 0.014568009413778782, 0.013455321080982685, 0.012094215489923954, 0.012790648266673088, 0.011859316378831863, 0.011853237636387348, 0.012398077175021172, 0.01245503406971693, 0.012710683047771454, 0.013259638100862503, 0.013289895839989185, 0.012694446370005608, 0.013790933415293694, 0.013807271607220173, 0.014076732099056244, 0.014718113467097282, 0.014530711807310581, 0.014676312915980816]
Training time: 3359 	steps per sec: 9
Eval num_timesteps=31744, episode_reward=nan +/- nan
Eval num_timesteps=31744, episode_success=nan +/- nan
se
16 16384 1024
diff [-0.08423614501953125, 0.008889101445674896, -0.017028316855430603, -0.007858507335186005, -0.01126072183251381, -0.010743208229541779, -0.005745798349380493, -0.005968749523162842, -0.0071489401161670685, -0.0028832629323005676, -0.005560167133808136, -0.0018237587064504623, -0.003745008260011673, -0.005712413229048252, -0.0033113835379481316, -0.0028135282918810844, -0.0034095793962478638, -0.005627121776342392, -0.006368723697960377, -0.004360990598797798, -0.003172687254846096, -0.002595791593194008, -0.0031322073191404343, -0.002260761335492134, -0.004622640088200569, -0.0033248011022806168, -0.0023699095472693443, -0.0026974622160196304, -0.00032552704215049744, -0.0011791707947850227, -0.0015476541593670845, -0.0015778262168169022]
ref [0.35076695680618286, 0.12496218830347061, 0.09662242978811264, 0.059170231223106384, 0.05234323814511299, 0.04594332352280617, 0.037025902420282364, 0.032862309366464615, 0.030722610652446747, 0.023025067523121834, 0.02299981750547886, 0.018456725403666496, 0.019618110731244087, 0.020280422642827034, 0.016766704618930817, 0.014907743781805038, 0.016200227662920952, 0.017486438155174255, 0.018221961334347725, 0.01675906777381897, 0.015627721324563026, 0.015306474640965462, 0.016391845420002937, 0.01555065717548132, 0.017317086458206177, 0.01711573451757431, 0.016177181154489517, 0.016774194315075874, 0.01504364050924778, 0.015709882602095604, 0.0162239670753479, 0.015676062554121017]
[0.2665308117866516, 0.1338512897491455, 0.07959411293268204, 0.05131172388792038, 0.04108251631259918, 0.03520011529326439, 0.03128010407090187, 0.026893559843301773, 0.02357367053627968, 0.020141804590821266, 0.017439650371670723, 0.016632966697216034, 0.015873102471232414, 0.014568009413778782, 0.013455321080982685, 0.012094215489923954, 0.012790648266673088, 0.011859316378831863, 0.011853237636387348, 0.012398077175021172, 0.01245503406971693, 0.012710683047771454, 0.013259638100862503, 0.013289895839989185, 0.012694446370005608, 0.013790933415293694, 0.013807271607220173, 0.014076732099056244, 0.014718113467097282, 0.014530711807310581, 0.014676312915980816, 0.014098236337304115]
Training time: 3483 	steps per sec: 9
Eval num_timesteps=32768, episode_reward=nan +/- nan
Eval num_timesteps=32768, episode_success=nan +/- nan
results/Walker2d-v4/
results/Walker2d-v4/ppo_ros/
results/Walker2d-v4/ppo_ros/expert/
results/Walker2d-v4/ppo_ros/expert/b_16/
results/Walker2d-v4/ppo_ros/expert/b_16/no_clip_lambda/
results/Walker2d-v4/ppo_ros/expert/b_16/no_clip_lambda/run_3/
results/Walker2d-v4/ppo_ros/expert/b_16/no_clip_lambda/run_3/evaluations.npz
results/Walker2d-v4/ppo_ros/expert/b_16/no_clip_lambda/run_3/config.yml
results/Walker2d-v4/ppo_ros/expert/b_16/no_clip_lambda/run_3/stats.npz
