ppo_ros_continuous.py --env-id HalfCheetah-v4 -s expert/b_16/no_clip --total-timesteps 32768 --eval-freq 1 --eval-episodes 0 -b 16 --num-steps 1024 -lr 0 --update-epochs 0 --anneal-lr 0 --ros-num-steps 256 --ros-update-epochs 16 --ros-target-kl 0.05 --ros-clip-coef 999999999 --ros-lambda 0.1 -ros-lr 0.001 --ros-anneal-lr 0 --se 1 --se-freq 1 --se-lr 1e-3 --se-epochs 1000 --policy-path policies/HalfCheetah-v4/best_model.zip --normalization-dir policies/HalfCheetah-v4
Obtaining file:///var/lib/condor/execute/slot1/dir_394853/PPOROS/PPOROS/custom-envs
  Preparing metadata (setup.py): started
  Preparing metadata (setup.py): finished with status 'done'
Requirement already satisfied: gym in /var/lib/condor/execute/slot1/dir_394853/PPOROS/ppo-ros_env/lib/python3.9/site-packages (from custom-envs==0.0.1) (0.21.0)
Requirement already satisfied: numpy>=1.18.0 in /var/lib/condor/execute/slot1/dir_394853/PPOROS/ppo-ros_env/lib/python3.9/site-packages (from gym->custom-envs==0.0.1) (1.24.2)
Requirement already satisfied: cloudpickle>=1.2.0 in /var/lib/condor/execute/slot1/dir_394853/PPOROS/ppo-ros_env/lib/python3.9/site-packages (from gym->custom-envs==0.0.1) (2.2.1)
Installing collected packages: custom-envs
  Running setup.py develop for custom-envs
Successfully installed custom-envs-0.0.1
seed: 3
Eval num_timesteps=0, episode_reward=nan +/- nan
Eval num_timesteps=0, episode_success=nan +/- nan
se
1 1024 1024
diff [-0.07437485456466675]
ref [0.29523470997810364]
[0.2208598554134369]
Training time: 12 	steps per sec: 84
Eval num_timesteps=1024, episode_reward=nan +/- nan
Eval num_timesteps=1024, episode_success=nan +/- nan
se
2 2048 1024
diff [-0.07437485456466675, 0.0031892359256744385]
ref [0.29523470997810364, 0.13689979910850525]
[0.2208598554134369, 0.1400890350341797]
Training time: 30 	steps per sec: 67
Eval num_timesteps=2048, episode_reward=nan +/- nan
Eval num_timesteps=2048, episode_success=nan +/- nan
se
3 3072 1024
diff [-0.07437485456466675, 0.0031892359256744385, 0.004594027996063232]
ref [0.29523470997810364, 0.13689979910850525, 0.0790751650929451]
[0.2208598554134369, 0.1400890350341797, 0.08366919308900833]
Training time: 56 	steps per sec: 54
Eval num_timesteps=3072, episode_reward=nan +/- nan
Eval num_timesteps=3072, episode_success=nan +/- nan
se
4 4096 1024
diff [-0.07437485456466675, 0.0031892359256744385, 0.004594027996063232, -0.014318697154521942]
ref [0.29523470997810364, 0.13689979910850525, 0.0790751650929451, 0.07437512278556824]
[0.2208598554134369, 0.1400890350341797, 0.08366919308900833, 0.060056425631046295]
Training time: 91 	steps per sec: 44
Eval num_timesteps=4096, episode_reward=nan +/- nan
Eval num_timesteps=4096, episode_success=nan +/- nan
se
5 5120 1024
diff [-0.07437485456466675, 0.0031892359256744385, 0.004594027996063232, -0.014318697154521942, -0.004710506647825241]
ref [0.29523470997810364, 0.13689979910850525, 0.0790751650929451, 0.07437512278556824, 0.04932714253664017]
[0.2208598554134369, 0.1400890350341797, 0.08366919308900833, 0.060056425631046295, 0.044616635888814926]
Training time: 138 	steps per sec: 37
Eval num_timesteps=5120, episode_reward=nan +/- nan
Eval num_timesteps=5120, episode_success=nan +/- nan
se
6 6144 1024
diff [-0.07437485456466675, 0.0031892359256744385, 0.004594027996063232, -0.014318697154521942, -0.004710506647825241, -0.008071273565292358]
ref [0.29523470997810364, 0.13689979910850525, 0.0790751650929451, 0.07437512278556824, 0.04932714253664017, 0.04096348211169243]
[0.2208598554134369, 0.1400890350341797, 0.08366919308900833, 0.060056425631046295, 0.044616635888814926, 0.03289220854640007]
Training time: 192 	steps per sec: 31
Eval num_timesteps=6144, episode_reward=nan +/- nan
Eval num_timesteps=6144, episode_success=nan +/- nan
se
7 7168 1024
diff [-0.07437485456466675, 0.0031892359256744385, 0.004594027996063232, -0.014318697154521942, -0.004710506647825241, -0.008071273565292358, -0.009555807337164879]
ref [0.29523470997810364, 0.13689979910850525, 0.0790751650929451, 0.07437512278556824, 0.04932714253664017, 0.04096348211169243, 0.035884082317352295]
[0.2208598554134369, 0.1400890350341797, 0.08366919308900833, 0.060056425631046295, 0.044616635888814926, 0.03289220854640007, 0.026328274980187416]
Training time: 257 	steps per sec: 27
Eval num_timesteps=7168, episode_reward=nan +/- nan
Eval num_timesteps=7168, episode_success=nan +/- nan
se
8 8192 1024
diff [-0.07437485456466675, 0.0031892359256744385, 0.004594027996063232, -0.014318697154521942, -0.004710506647825241, -0.008071273565292358, -0.009555807337164879, -0.005478523671627045]
ref [0.29523470997810364, 0.13689979910850525, 0.0790751650929451, 0.07437512278556824, 0.04932714253664017, 0.04096348211169243, 0.035884082317352295, 0.028045911341905594]
[0.2208598554134369, 0.1400890350341797, 0.08366919308900833, 0.060056425631046295, 0.044616635888814926, 0.03289220854640007, 0.026328274980187416, 0.02256738767027855]
Training time: 321 	steps per sec: 25
Eval num_timesteps=8192, episode_reward=nan +/- nan
Eval num_timesteps=8192, episode_success=nan +/- nan
se
9 9216 1024
diff [-0.07437485456466675, 0.0031892359256744385, 0.004594027996063232, -0.014318697154521942, -0.004710506647825241, -0.008071273565292358, -0.009555807337164879, -0.005478523671627045, -0.006201006472110748]
ref [0.29523470997810364, 0.13689979910850525, 0.0790751650929451, 0.07437512278556824, 0.04932714253664017, 0.04096348211169243, 0.035884082317352295, 0.028045911341905594, 0.02700928784906864]
[0.2208598554134369, 0.1400890350341797, 0.08366919308900833, 0.060056425631046295, 0.044616635888814926, 0.03289220854640007, 0.026328274980187416, 0.02256738767027855, 0.020808281376957893]
Training time: 396 	steps per sec: 23
Eval num_timesteps=9216, episode_reward=nan +/- nan
Eval num_timesteps=9216, episode_success=nan +/- nan
se
10 10240 1024
diff [-0.07437485456466675, 0.0031892359256744385, 0.004594027996063232, -0.014318697154521942, -0.004710506647825241, -0.008071273565292358, -0.009555807337164879, -0.005478523671627045, -0.006201006472110748, -0.003386380150914192]
ref [0.29523470997810364, 0.13689979910850525, 0.0790751650929451, 0.07437512278556824, 0.04932714253664017, 0.04096348211169243, 0.035884082317352295, 0.028045911341905594, 0.02700928784906864, 0.02346907928586006]
[0.2208598554134369, 0.1400890350341797, 0.08366919308900833, 0.060056425631046295, 0.044616635888814926, 0.03289220854640007, 0.026328274980187416, 0.02256738767027855, 0.020808281376957893, 0.02008269913494587]
Training time: 476 	steps per sec: 21
Eval num_timesteps=10240, episode_reward=nan +/- nan
Eval num_timesteps=10240, episode_success=nan +/- nan
se
11 11264 1024
diff [-0.07437485456466675, 0.0031892359256744385, 0.004594027996063232, -0.014318697154521942, -0.004710506647825241, -0.008071273565292358, -0.009555807337164879, -0.005478523671627045, -0.006201006472110748, -0.003386380150914192, -0.004170853644609451]
ref [0.29523470997810364, 0.13689979910850525, 0.0790751650929451, 0.07437512278556824, 0.04932714253664017, 0.04096348211169243, 0.035884082317352295, 0.028045911341905594, 0.02700928784906864, 0.02346907928586006, 0.023229675367474556]
[0.2208598554134369, 0.1400890350341797, 0.08366919308900833, 0.060056425631046295, 0.044616635888814926, 0.03289220854640007, 0.026328274980187416, 0.02256738767027855, 0.020808281376957893, 0.02008269913494587, 0.019058821722865105]
Training time: 563 	steps per sec: 19
Eval num_timesteps=11264, episode_reward=nan +/- nan
Eval num_timesteps=11264, episode_success=nan +/- nan
se
12 12288 1024
diff [-0.07437485456466675, 0.0031892359256744385, 0.004594027996063232, -0.014318697154521942, -0.004710506647825241, -0.008071273565292358, -0.009555807337164879, -0.005478523671627045, -0.006201006472110748, -0.003386380150914192, -0.004170853644609451, -0.005963103845715523]
ref [0.29523470997810364, 0.13689979910850525, 0.0790751650929451, 0.07437512278556824, 0.04932714253664017, 0.04096348211169243, 0.035884082317352295, 0.028045911341905594, 0.02700928784906864, 0.02346907928586006, 0.023229675367474556, 0.023641042411327362]
[0.2208598554134369, 0.1400890350341797, 0.08366919308900833, 0.060056425631046295, 0.044616635888814926, 0.03289220854640007, 0.026328274980187416, 0.02256738767027855, 0.020808281376957893, 0.02008269913494587, 0.019058821722865105, 0.01767793856561184]
Training time: 657 	steps per sec: 18
Eval num_timesteps=12288, episode_reward=nan +/- nan
Eval num_timesteps=12288, episode_success=nan +/- nan
se
13 13312 1024
diff [-0.07437485456466675, 0.0031892359256744385, 0.004594027996063232, -0.014318697154521942, -0.004710506647825241, -0.008071273565292358, -0.009555807337164879, -0.005478523671627045, -0.006201006472110748, -0.003386380150914192, -0.004170853644609451, -0.005963103845715523, -0.0025180894881486893]
ref [0.29523470997810364, 0.13689979910850525, 0.0790751650929451, 0.07437512278556824, 0.04932714253664017, 0.04096348211169243, 0.035884082317352295, 0.028045911341905594, 0.02700928784906864, 0.02346907928586006, 0.023229675367474556, 0.023641042411327362, 0.018859252333641052]
[0.2208598554134369, 0.1400890350341797, 0.08366919308900833, 0.060056425631046295, 0.044616635888814926, 0.03289220854640007, 0.026328274980187416, 0.02256738767027855, 0.020808281376957893, 0.02008269913494587, 0.019058821722865105, 0.01767793856561184, 0.016341162845492363]
Training time: 759 	steps per sec: 17
Eval num_timesteps=13312, episode_reward=nan +/- nan
Eval num_timesteps=13312, episode_success=nan +/- nan
se
14 14336 1024
diff [-0.07437485456466675, 0.0031892359256744385, 0.004594027996063232, -0.014318697154521942, -0.004710506647825241, -0.008071273565292358, -0.009555807337164879, -0.005478523671627045, -0.006201006472110748, -0.003386380150914192, -0.004170853644609451, -0.005963103845715523, -0.0025180894881486893, -0.0023534148931503296]
ref [0.29523470997810364, 0.13689979910850525, 0.0790751650929451, 0.07437512278556824, 0.04932714253664017, 0.04096348211169243, 0.035884082317352295, 0.028045911341905594, 0.02700928784906864, 0.02346907928586006, 0.023229675367474556, 0.023641042411327362, 0.018859252333641052, 0.016828177496790886]
[0.2208598554134369, 0.1400890350341797, 0.08366919308900833, 0.060056425631046295, 0.044616635888814926, 0.03289220854640007, 0.026328274980187416, 0.02256738767027855, 0.020808281376957893, 0.02008269913494587, 0.019058821722865105, 0.01767793856561184, 0.016341162845492363, 0.014474762603640556]
Training time: 869 	steps per sec: 16
Eval num_timesteps=14336, episode_reward=nan +/- nan
Eval num_timesteps=14336, episode_success=nan +/- nan
se
15 15360 1024
diff [-0.07437485456466675, 0.0031892359256744385, 0.004594027996063232, -0.014318697154521942, -0.004710506647825241, -0.008071273565292358, -0.009555807337164879, -0.005478523671627045, -0.006201006472110748, -0.003386380150914192, -0.004170853644609451, -0.005963103845715523, -0.0025180894881486893, -0.0023534148931503296, -0.002668832428753376]
ref [0.29523470997810364, 0.13689979910850525, 0.0790751650929451, 0.07437512278556824, 0.04932714253664017, 0.04096348211169243, 0.035884082317352295, 0.028045911341905594, 0.02700928784906864, 0.02346907928586006, 0.023229675367474556, 0.023641042411327362, 0.018859252333641052, 0.016828177496790886, 0.015454152598977089]
[0.2208598554134369, 0.1400890350341797, 0.08366919308900833, 0.060056425631046295, 0.044616635888814926, 0.03289220854640007, 0.026328274980187416, 0.02256738767027855, 0.020808281376957893, 0.02008269913494587, 0.019058821722865105, 0.01767793856561184, 0.016341162845492363, 0.014474762603640556, 0.012785320170223713]
Training time: 986 	steps per sec: 15
Eval num_timesteps=15360, episode_reward=nan +/- nan
Eval num_timesteps=15360, episode_success=nan +/- nan
se
16 16384 1024
diff [-0.07437485456466675, 0.0031892359256744385, 0.004594027996063232, -0.014318697154521942, -0.004710506647825241, -0.008071273565292358, -0.009555807337164879, -0.005478523671627045, -0.006201006472110748, -0.003386380150914192, -0.004170853644609451, -0.005963103845715523, -0.0025180894881486893, -0.0023534148931503296, -0.002668832428753376, -0.0034362655133008957]
ref [0.29523470997810364, 0.13689979910850525, 0.0790751650929451, 0.07437512278556824, 0.04932714253664017, 0.04096348211169243, 0.035884082317352295, 0.028045911341905594, 0.02700928784906864, 0.02346907928586006, 0.023229675367474556, 0.023641042411327362, 0.018859252333641052, 0.016828177496790886, 0.015454152598977089, 0.014624686911702156]
[0.2208598554134369, 0.1400890350341797, 0.08366919308900833, 0.060056425631046295, 0.044616635888814926, 0.03289220854640007, 0.026328274980187416, 0.02256738767027855, 0.020808281376957893, 0.02008269913494587, 0.019058821722865105, 0.01767793856561184, 0.016341162845492363, 0.014474762603640556, 0.012785320170223713, 0.01118842139840126]
Training time: 1114 	steps per sec: 14
Eval num_timesteps=16384, episode_reward=nan +/- nan
Eval num_timesteps=16384, episode_success=nan +/- nan
se
16 16384 1024
diff [-0.07437485456466675, 0.0031892359256744385, 0.004594027996063232, -0.014318697154521942, -0.004710506647825241, -0.008071273565292358, -0.009555807337164879, -0.005478523671627045, -0.006201006472110748, -0.003386380150914192, -0.004170853644609451, -0.005963103845715523, -0.0025180894881486893, -0.0023534148931503296, -0.002668832428753376, -0.0034362655133008957, -0.004131319932639599]
ref [0.29523470997810364, 0.13689979910850525, 0.0790751650929451, 0.07437512278556824, 0.04932714253664017, 0.04096348211169243, 0.035884082317352295, 0.028045911341905594, 0.02700928784906864, 0.02346907928586006, 0.023229675367474556, 0.023641042411327362, 0.018859252333641052, 0.016828177496790886, 0.015454152598977089, 0.014624686911702156, 0.01578819565474987]
[0.2208598554134369, 0.1400890350341797, 0.08366919308900833, 0.060056425631046295, 0.044616635888814926, 0.03289220854640007, 0.026328274980187416, 0.02256738767027855, 0.020808281376957893, 0.02008269913494587, 0.019058821722865105, 0.01767793856561184, 0.016341162845492363, 0.014474762603640556, 0.012785320170223713, 0.01118842139840126, 0.011656875722110271]
Training time: 1220 	steps per sec: 14
Eval num_timesteps=17408, episode_reward=nan +/- nan
Eval num_timesteps=17408, episode_success=nan +/- nan
se
16 16384 1024
diff [-0.07437485456466675, 0.0031892359256744385, 0.004594027996063232, -0.014318697154521942, -0.004710506647825241, -0.008071273565292358, -0.009555807337164879, -0.005478523671627045, -0.006201006472110748, -0.003386380150914192, -0.004170853644609451, -0.005963103845715523, -0.0025180894881486893, -0.0023534148931503296, -0.002668832428753376, -0.0034362655133008957, -0.004131319932639599, -0.0032848818227648735]
ref [0.29523470997810364, 0.13689979910850525, 0.0790751650929451, 0.07437512278556824, 0.04932714253664017, 0.04096348211169243, 0.035884082317352295, 0.028045911341905594, 0.02700928784906864, 0.02346907928586006, 0.023229675367474556, 0.023641042411327362, 0.018859252333641052, 0.016828177496790886, 0.015454152598977089, 0.014624686911702156, 0.01578819565474987, 0.015290040522813797]
[0.2208598554134369, 0.1400890350341797, 0.08366919308900833, 0.060056425631046295, 0.044616635888814926, 0.03289220854640007, 0.026328274980187416, 0.02256738767027855, 0.020808281376957893, 0.02008269913494587, 0.019058821722865105, 0.01767793856561184, 0.016341162845492363, 0.014474762603640556, 0.012785320170223713, 0.01118842139840126, 0.011656875722110271, 0.012005158700048923]
Training time: 1345 	steps per sec: 13
Eval num_timesteps=18432, episode_reward=nan +/- nan
Eval num_timesteps=18432, episode_success=nan +/- nan
se
16 16384 1024
diff [-0.07437485456466675, 0.0031892359256744385, 0.004594027996063232, -0.014318697154521942, -0.004710506647825241, -0.008071273565292358, -0.009555807337164879, -0.005478523671627045, -0.006201006472110748, -0.003386380150914192, -0.004170853644609451, -0.005963103845715523, -0.0025180894881486893, -0.0023534148931503296, -0.002668832428753376, -0.0034362655133008957, -0.004131319932639599, -0.0032848818227648735, -0.004987873136997223]
ref [0.29523470997810364, 0.13689979910850525, 0.0790751650929451, 0.07437512278556824, 0.04932714253664017, 0.04096348211169243, 0.035884082317352295, 0.028045911341905594, 0.02700928784906864, 0.02346907928586006, 0.023229675367474556, 0.023641042411327362, 0.018859252333641052, 0.016828177496790886, 0.015454152598977089, 0.014624686911702156, 0.01578819565474987, 0.015290040522813797, 0.01659460924565792]
[0.2208598554134369, 0.1400890350341797, 0.08366919308900833, 0.060056425631046295, 0.044616635888814926, 0.03289220854640007, 0.026328274980187416, 0.02256738767027855, 0.020808281376957893, 0.02008269913494587, 0.019058821722865105, 0.01767793856561184, 0.016341162845492363, 0.014474762603640556, 0.012785320170223713, 0.01118842139840126, 0.011656875722110271, 0.012005158700048923, 0.011606736108660698]
Training time: 1467 	steps per sec: 13
Eval num_timesteps=19456, episode_reward=nan +/- nan
Eval num_timesteps=19456, episode_success=nan +/- nan
se
16 16384 1024
diff [-0.07437485456466675, 0.0031892359256744385, 0.004594027996063232, -0.014318697154521942, -0.004710506647825241, -0.008071273565292358, -0.009555807337164879, -0.005478523671627045, -0.006201006472110748, -0.003386380150914192, -0.004170853644609451, -0.005963103845715523, -0.0025180894881486893, -0.0023534148931503296, -0.002668832428753376, -0.0034362655133008957, -0.004131319932639599, -0.0032848818227648735, -0.004987873136997223, -0.0015736222267150879]
ref [0.29523470997810364, 0.13689979910850525, 0.0790751650929451, 0.07437512278556824, 0.04932714253664017, 0.04096348211169243, 0.035884082317352295, 0.028045911341905594, 0.02700928784906864, 0.02346907928586006, 0.023229675367474556, 0.023641042411327362, 0.018859252333641052, 0.016828177496790886, 0.015454152598977089, 0.014624686911702156, 0.01578819565474987, 0.015290040522813797, 0.01659460924565792, 0.01333921030163765]
[0.2208598554134369, 0.1400890350341797, 0.08366919308900833, 0.060056425631046295, 0.044616635888814926, 0.03289220854640007, 0.026328274980187416, 0.02256738767027855, 0.020808281376957893, 0.02008269913494587, 0.019058821722865105, 0.01767793856561184, 0.016341162845492363, 0.014474762603640556, 0.012785320170223713, 0.01118842139840126, 0.011656875722110271, 0.012005158700048923, 0.011606736108660698, 0.011765588074922562]
Training time: 1593 	steps per sec: 12
Eval num_timesteps=20480, episode_reward=nan +/- nan
Eval num_timesteps=20480, episode_success=nan +/- nan
se
16 16384 1024
diff [-0.07437485456466675, 0.0031892359256744385, 0.004594027996063232, -0.014318697154521942, -0.004710506647825241, -0.008071273565292358, -0.009555807337164879, -0.005478523671627045, -0.006201006472110748, -0.003386380150914192, -0.004170853644609451, -0.005963103845715523, -0.0025180894881486893, -0.0023534148931503296, -0.002668832428753376, -0.0034362655133008957, -0.004131319932639599, -0.0032848818227648735, -0.004987873136997223, -0.0015736222267150879, -0.003847244195640087]
ref [0.29523470997810364, 0.13689979910850525, 0.0790751650929451, 0.07437512278556824, 0.04932714253664017, 0.04096348211169243, 0.035884082317352295, 0.028045911341905594, 0.02700928784906864, 0.02346907928586006, 0.023229675367474556, 0.023641042411327362, 0.018859252333641052, 0.016828177496790886, 0.015454152598977089, 0.014624686911702156, 0.01578819565474987, 0.015290040522813797, 0.01659460924565792, 0.01333921030163765, 0.01550898514688015]
[0.2208598554134369, 0.1400890350341797, 0.08366919308900833, 0.060056425631046295, 0.044616635888814926, 0.03289220854640007, 0.026328274980187416, 0.02256738767027855, 0.020808281376957893, 0.02008269913494587, 0.019058821722865105, 0.01767793856561184, 0.016341162845492363, 0.014474762603640556, 0.012785320170223713, 0.01118842139840126, 0.011656875722110271, 0.012005158700048923, 0.011606736108660698, 0.011765588074922562, 0.011661740951240063]
Training time: 1716 	steps per sec: 12
Eval num_timesteps=21504, episode_reward=nan +/- nan
Eval num_timesteps=21504, episode_success=nan +/- nan
se
16 16384 1024
diff [-0.07437485456466675, 0.0031892359256744385, 0.004594027996063232, -0.014318697154521942, -0.004710506647825241, -0.008071273565292358, -0.009555807337164879, -0.005478523671627045, -0.006201006472110748, -0.003386380150914192, -0.004170853644609451, -0.005963103845715523, -0.0025180894881486893, -0.0023534148931503296, -0.002668832428753376, -0.0034362655133008957, -0.004131319932639599, -0.0032848818227648735, -0.004987873136997223, -0.0015736222267150879, -0.003847244195640087, -0.002461722120642662]
ref [0.29523470997810364, 0.13689979910850525, 0.0790751650929451, 0.07437512278556824, 0.04932714253664017, 0.04096348211169243, 0.035884082317352295, 0.028045911341905594, 0.02700928784906864, 0.02346907928586006, 0.023229675367474556, 0.023641042411327362, 0.018859252333641052, 0.016828177496790886, 0.015454152598977089, 0.014624686911702156, 0.01578819565474987, 0.015290040522813797, 0.01659460924565792, 0.01333921030163765, 0.01550898514688015, 0.014304032549262047]
[0.2208598554134369, 0.1400890350341797, 0.08366919308900833, 0.060056425631046295, 0.044616635888814926, 0.03289220854640007, 0.026328274980187416, 0.02256738767027855, 0.020808281376957893, 0.02008269913494587, 0.019058821722865105, 0.01767793856561184, 0.016341162845492363, 0.014474762603640556, 0.012785320170223713, 0.01118842139840126, 0.011656875722110271, 0.012005158700048923, 0.011606736108660698, 0.011765588074922562, 0.011661740951240063, 0.011842310428619385]
Training time: 1835 	steps per sec: 12
Eval num_timesteps=22528, episode_reward=nan +/- nan
Eval num_timesteps=22528, episode_success=nan +/- nan
se
16 16384 1024
diff [-0.07437485456466675, 0.0031892359256744385, 0.004594027996063232, -0.014318697154521942, -0.004710506647825241, -0.008071273565292358, -0.009555807337164879, -0.005478523671627045, -0.006201006472110748, -0.003386380150914192, -0.004170853644609451, -0.005963103845715523, -0.0025180894881486893, -0.0023534148931503296, -0.002668832428753376, -0.0034362655133008957, -0.004131319932639599, -0.0032848818227648735, -0.004987873136997223, -0.0015736222267150879, -0.003847244195640087, -0.002461722120642662, -0.002936204895377159]
ref [0.29523470997810364, 0.13689979910850525, 0.0790751650929451, 0.07437512278556824, 0.04932714253664017, 0.04096348211169243, 0.035884082317352295, 0.028045911341905594, 0.02700928784906864, 0.02346907928586006, 0.023229675367474556, 0.023641042411327362, 0.018859252333641052, 0.016828177496790886, 0.015454152598977089, 0.014624686911702156, 0.01578819565474987, 0.015290040522813797, 0.01659460924565792, 0.01333921030163765, 0.01550898514688015, 0.014304032549262047, 0.015218758955597878]
[0.2208598554134369, 0.1400890350341797, 0.08366919308900833, 0.060056425631046295, 0.044616635888814926, 0.03289220854640007, 0.026328274980187416, 0.02256738767027855, 0.020808281376957893, 0.02008269913494587, 0.019058821722865105, 0.01767793856561184, 0.016341162845492363, 0.014474762603640556, 0.012785320170223713, 0.01118842139840126, 0.011656875722110271, 0.012005158700048923, 0.011606736108660698, 0.011765588074922562, 0.011661740951240063, 0.011842310428619385, 0.012282554060220718]
Training time: 1954 	steps per sec: 12
Eval num_timesteps=23552, episode_reward=nan +/- nan
Eval num_timesteps=23552, episode_success=nan +/- nan
se
16 16384 1024
diff [-0.07437485456466675, 0.0031892359256744385, 0.004594027996063232, -0.014318697154521942, -0.004710506647825241, -0.008071273565292358, -0.009555807337164879, -0.005478523671627045, -0.006201006472110748, -0.003386380150914192, -0.004170853644609451, -0.005963103845715523, -0.0025180894881486893, -0.0023534148931503296, -0.002668832428753376, -0.0034362655133008957, -0.004131319932639599, -0.0032848818227648735, -0.004987873136997223, -0.0015736222267150879, -0.003847244195640087, -0.002461722120642662, -0.002936204895377159, -0.0034796912223100662]
ref [0.29523470997810364, 0.13689979910850525, 0.0790751650929451, 0.07437512278556824, 0.04932714253664017, 0.04096348211169243, 0.035884082317352295, 0.028045911341905594, 0.02700928784906864, 0.02346907928586006, 0.023229675367474556, 0.023641042411327362, 0.018859252333641052, 0.016828177496790886, 0.015454152598977089, 0.014624686911702156, 0.01578819565474987, 0.015290040522813797, 0.01659460924565792, 0.01333921030163765, 0.01550898514688015, 0.014304032549262047, 0.015218758955597878, 0.015462718904018402]
[0.2208598554134369, 0.1400890350341797, 0.08366919308900833, 0.060056425631046295, 0.044616635888814926, 0.03289220854640007, 0.026328274980187416, 0.02256738767027855, 0.020808281376957893, 0.02008269913494587, 0.019058821722865105, 0.01767793856561184, 0.016341162845492363, 0.014474762603640556, 0.012785320170223713, 0.01118842139840126, 0.011656875722110271, 0.012005158700048923, 0.011606736108660698, 0.011765588074922562, 0.011661740951240063, 0.011842310428619385, 0.012282554060220718, 0.011983027681708336]
Training time: 2074 	steps per sec: 11
Eval num_timesteps=24576, episode_reward=nan +/- nan
Eval num_timesteps=24576, episode_success=nan +/- nan
se
16 16384 1024
diff [-0.07437485456466675, 0.0031892359256744385, 0.004594027996063232, -0.014318697154521942, -0.004710506647825241, -0.008071273565292358, -0.009555807337164879, -0.005478523671627045, -0.006201006472110748, -0.003386380150914192, -0.004170853644609451, -0.005963103845715523, -0.0025180894881486893, -0.0023534148931503296, -0.002668832428753376, -0.0034362655133008957, -0.004131319932639599, -0.0032848818227648735, -0.004987873136997223, -0.0015736222267150879, -0.003847244195640087, -0.002461722120642662, -0.002936204895377159, -0.0034796912223100662, -0.001489865593612194]
ref [0.29523470997810364, 0.13689979910850525, 0.0790751650929451, 0.07437512278556824, 0.04932714253664017, 0.04096348211169243, 0.035884082317352295, 0.028045911341905594, 0.02700928784906864, 0.02346907928586006, 0.023229675367474556, 0.023641042411327362, 0.018859252333641052, 0.016828177496790886, 0.015454152598977089, 0.014624686911702156, 0.01578819565474987, 0.015290040522813797, 0.01659460924565792, 0.01333921030163765, 0.01550898514688015, 0.014304032549262047, 0.015218758955597878, 0.015462718904018402, 0.013493118807673454]
[0.2208598554134369, 0.1400890350341797, 0.08366919308900833, 0.060056425631046295, 0.044616635888814926, 0.03289220854640007, 0.026328274980187416, 0.02256738767027855, 0.020808281376957893, 0.02008269913494587, 0.019058821722865105, 0.01767793856561184, 0.016341162845492363, 0.014474762603640556, 0.012785320170223713, 0.01118842139840126, 0.011656875722110271, 0.012005158700048923, 0.011606736108660698, 0.011765588074922562, 0.011661740951240063, 0.011842310428619385, 0.012282554060220718, 0.011983027681708336, 0.01200325321406126]
Training time: 2200 	steps per sec: 11
Eval num_timesteps=25600, episode_reward=nan +/- nan
Eval num_timesteps=25600, episode_success=nan +/- nan
se
16 16384 1024
diff [-0.07437485456466675, 0.0031892359256744385, 0.004594027996063232, -0.014318697154521942, -0.004710506647825241, -0.008071273565292358, -0.009555807337164879, -0.005478523671627045, -0.006201006472110748, -0.003386380150914192, -0.004170853644609451, -0.005963103845715523, -0.0025180894881486893, -0.0023534148931503296, -0.002668832428753376, -0.0034362655133008957, -0.004131319932639599, -0.0032848818227648735, -0.004987873136997223, -0.0015736222267150879, -0.003847244195640087, -0.002461722120642662, -0.002936204895377159, -0.0034796912223100662, -0.001489865593612194, -0.0040582455694675446]
ref [0.29523470997810364, 0.13689979910850525, 0.0790751650929451, 0.07437512278556824, 0.04932714253664017, 0.04096348211169243, 0.035884082317352295, 0.028045911341905594, 0.02700928784906864, 0.02346907928586006, 0.023229675367474556, 0.023641042411327362, 0.018859252333641052, 0.016828177496790886, 0.015454152598977089, 0.014624686911702156, 0.01578819565474987, 0.015290040522813797, 0.01659460924565792, 0.01333921030163765, 0.01550898514688015, 0.014304032549262047, 0.015218758955597878, 0.015462718904018402, 0.013493118807673454, 0.01699857786297798]
[0.2208598554134369, 0.1400890350341797, 0.08366919308900833, 0.060056425631046295, 0.044616635888814926, 0.03289220854640007, 0.026328274980187416, 0.02256738767027855, 0.020808281376957893, 0.02008269913494587, 0.019058821722865105, 0.01767793856561184, 0.016341162845492363, 0.014474762603640556, 0.012785320170223713, 0.01118842139840126, 0.011656875722110271, 0.012005158700048923, 0.011606736108660698, 0.011765588074922562, 0.011661740951240063, 0.011842310428619385, 0.012282554060220718, 0.011983027681708336, 0.01200325321406126, 0.012940332293510437]
Training time: 2330 	steps per sec: 11
Eval num_timesteps=26624, episode_reward=nan +/- nan
Eval num_timesteps=26624, episode_success=nan +/- nan
se
16 16384 1024
diff [-0.07437485456466675, 0.0031892359256744385, 0.004594027996063232, -0.014318697154521942, -0.004710506647825241, -0.008071273565292358, -0.009555807337164879, -0.005478523671627045, -0.006201006472110748, -0.003386380150914192, -0.004170853644609451, -0.005963103845715523, -0.0025180894881486893, -0.0023534148931503296, -0.002668832428753376, -0.0034362655133008957, -0.004131319932639599, -0.0032848818227648735, -0.004987873136997223, -0.0015736222267150879, -0.003847244195640087, -0.002461722120642662, -0.002936204895377159, -0.0034796912223100662, -0.001489865593612194, -0.0040582455694675446, -0.004634961485862732]
ref [0.29523470997810364, 0.13689979910850525, 0.0790751650929451, 0.07437512278556824, 0.04932714253664017, 0.04096348211169243, 0.035884082317352295, 0.028045911341905594, 0.02700928784906864, 0.02346907928586006, 0.023229675367474556, 0.023641042411327362, 0.018859252333641052, 0.016828177496790886, 0.015454152598977089, 0.014624686911702156, 0.01578819565474987, 0.015290040522813797, 0.01659460924565792, 0.01333921030163765, 0.01550898514688015, 0.014304032549262047, 0.015218758955597878, 0.015462718904018402, 0.013493118807673454, 0.01699857786297798, 0.018094655126333237]
[0.2208598554134369, 0.1400890350341797, 0.08366919308900833, 0.060056425631046295, 0.044616635888814926, 0.03289220854640007, 0.026328274980187416, 0.02256738767027855, 0.020808281376957893, 0.02008269913494587, 0.019058821722865105, 0.01767793856561184, 0.016341162845492363, 0.014474762603640556, 0.012785320170223713, 0.01118842139840126, 0.011656875722110271, 0.012005158700048923, 0.011606736108660698, 0.011765588074922562, 0.011661740951240063, 0.011842310428619385, 0.012282554060220718, 0.011983027681708336, 0.01200325321406126, 0.012940332293510437, 0.013459693640470505]
Training time: 2463 	steps per sec: 11
Eval num_timesteps=27648, episode_reward=nan +/- nan
Eval num_timesteps=27648, episode_success=nan +/- nan
se
16 16384 1024
diff [-0.07437485456466675, 0.0031892359256744385, 0.004594027996063232, -0.014318697154521942, -0.004710506647825241, -0.008071273565292358, -0.009555807337164879, -0.005478523671627045, -0.006201006472110748, -0.003386380150914192, -0.004170853644609451, -0.005963103845715523, -0.0025180894881486893, -0.0023534148931503296, -0.002668832428753376, -0.0034362655133008957, -0.004131319932639599, -0.0032848818227648735, -0.004987873136997223, -0.0015736222267150879, -0.003847244195640087, -0.002461722120642662, -0.002936204895377159, -0.0034796912223100662, -0.001489865593612194, -0.0040582455694675446, -0.004634961485862732, -0.0023146262392401695]
ref [0.29523470997810364, 0.13689979910850525, 0.0790751650929451, 0.07437512278556824, 0.04932714253664017, 0.04096348211169243, 0.035884082317352295, 0.028045911341905594, 0.02700928784906864, 0.02346907928586006, 0.023229675367474556, 0.023641042411327362, 0.018859252333641052, 0.016828177496790886, 0.015454152598977089, 0.014624686911702156, 0.01578819565474987, 0.015290040522813797, 0.01659460924565792, 0.01333921030163765, 0.01550898514688015, 0.014304032549262047, 0.015218758955597878, 0.015462718904018402, 0.013493118807673454, 0.01699857786297798, 0.018094655126333237, 0.01611259952187538]
[0.2208598554134369, 0.1400890350341797, 0.08366919308900833, 0.060056425631046295, 0.044616635888814926, 0.03289220854640007, 0.026328274980187416, 0.02256738767027855, 0.020808281376957893, 0.02008269913494587, 0.019058821722865105, 0.01767793856561184, 0.016341162845492363, 0.014474762603640556, 0.012785320170223713, 0.01118842139840126, 0.011656875722110271, 0.012005158700048923, 0.011606736108660698, 0.011765588074922562, 0.011661740951240063, 0.011842310428619385, 0.012282554060220718, 0.011983027681708336, 0.01200325321406126, 0.012940332293510437, 0.013459693640470505, 0.013797973282635212]
Training time: 2589 	steps per sec: 11
Eval num_timesteps=28672, episode_reward=nan +/- nan
Eval num_timesteps=28672, episode_success=nan +/- nan
se
16 16384 1024
diff [-0.07437485456466675, 0.0031892359256744385, 0.004594027996063232, -0.014318697154521942, -0.004710506647825241, -0.008071273565292358, -0.009555807337164879, -0.005478523671627045, -0.006201006472110748, -0.003386380150914192, -0.004170853644609451, -0.005963103845715523, -0.0025180894881486893, -0.0023534148931503296, -0.002668832428753376, -0.0034362655133008957, -0.004131319932639599, -0.0032848818227648735, -0.004987873136997223, -0.0015736222267150879, -0.003847244195640087, -0.002461722120642662, -0.002936204895377159, -0.0034796912223100662, -0.001489865593612194, -0.0040582455694675446, -0.004634961485862732, -0.0023146262392401695, -0.002452540211379528]
ref [0.29523470997810364, 0.13689979910850525, 0.0790751650929451, 0.07437512278556824, 0.04932714253664017, 0.04096348211169243, 0.035884082317352295, 0.028045911341905594, 0.02700928784906864, 0.02346907928586006, 0.023229675367474556, 0.023641042411327362, 0.018859252333641052, 0.016828177496790886, 0.015454152598977089, 0.014624686911702156, 0.01578819565474987, 0.015290040522813797, 0.01659460924565792, 0.01333921030163765, 0.01550898514688015, 0.014304032549262047, 0.015218758955597878, 0.015462718904018402, 0.013493118807673454, 0.01699857786297798, 0.018094655126333237, 0.01611259952187538, 0.015960123389959335]
[0.2208598554134369, 0.1400890350341797, 0.08366919308900833, 0.060056425631046295, 0.044616635888814926, 0.03289220854640007, 0.026328274980187416, 0.02256738767027855, 0.020808281376957893, 0.02008269913494587, 0.019058821722865105, 0.01767793856561184, 0.016341162845492363, 0.014474762603640556, 0.012785320170223713, 0.01118842139840126, 0.011656875722110271, 0.012005158700048923, 0.011606736108660698, 0.011765588074922562, 0.011661740951240063, 0.011842310428619385, 0.012282554060220718, 0.011983027681708336, 0.01200325321406126, 0.012940332293510437, 0.013459693640470505, 0.013797973282635212, 0.013507583178579807]
Training time: 2714 	steps per sec: 10
Eval num_timesteps=29696, episode_reward=nan +/- nan
Eval num_timesteps=29696, episode_success=nan +/- nan
se
16 16384 1024
diff [-0.07437485456466675, 0.0031892359256744385, 0.004594027996063232, -0.014318697154521942, -0.004710506647825241, -0.008071273565292358, -0.009555807337164879, -0.005478523671627045, -0.006201006472110748, -0.003386380150914192, -0.004170853644609451, -0.005963103845715523, -0.0025180894881486893, -0.0023534148931503296, -0.002668832428753376, -0.0034362655133008957, -0.004131319932639599, -0.0032848818227648735, -0.004987873136997223, -0.0015736222267150879, -0.003847244195640087, -0.002461722120642662, -0.002936204895377159, -0.0034796912223100662, -0.001489865593612194, -0.0040582455694675446, -0.004634961485862732, -0.0023146262392401695, -0.002452540211379528, -0.002198818139731884]
ref [0.29523470997810364, 0.13689979910850525, 0.0790751650929451, 0.07437512278556824, 0.04932714253664017, 0.04096348211169243, 0.035884082317352295, 0.028045911341905594, 0.02700928784906864, 0.02346907928586006, 0.023229675367474556, 0.023641042411327362, 0.018859252333641052, 0.016828177496790886, 0.015454152598977089, 0.014624686911702156, 0.01578819565474987, 0.015290040522813797, 0.01659460924565792, 0.01333921030163765, 0.01550898514688015, 0.014304032549262047, 0.015218758955597878, 0.015462718904018402, 0.013493118807673454, 0.01699857786297798, 0.018094655126333237, 0.01611259952187538, 0.015960123389959335, 0.01609688438475132]
[0.2208598554134369, 0.1400890350341797, 0.08366919308900833, 0.060056425631046295, 0.044616635888814926, 0.03289220854640007, 0.026328274980187416, 0.02256738767027855, 0.020808281376957893, 0.02008269913494587, 0.019058821722865105, 0.01767793856561184, 0.016341162845492363, 0.014474762603640556, 0.012785320170223713, 0.01118842139840126, 0.011656875722110271, 0.012005158700048923, 0.011606736108660698, 0.011765588074922562, 0.011661740951240063, 0.011842310428619385, 0.012282554060220718, 0.011983027681708336, 0.01200325321406126, 0.012940332293510437, 0.013459693640470505, 0.013797973282635212, 0.013507583178579807, 0.013898066245019436]
Training time: 2854 	steps per sec: 10
Eval num_timesteps=30720, episode_reward=nan +/- nan
Eval num_timesteps=30720, episode_success=nan +/- nan
se
16 16384 1024
diff [-0.07437485456466675, 0.0031892359256744385, 0.004594027996063232, -0.014318697154521942, -0.004710506647825241, -0.008071273565292358, -0.009555807337164879, -0.005478523671627045, -0.006201006472110748, -0.003386380150914192, -0.004170853644609451, -0.005963103845715523, -0.0025180894881486893, -0.0023534148931503296, -0.002668832428753376, -0.0034362655133008957, -0.004131319932639599, -0.0032848818227648735, -0.004987873136997223, -0.0015736222267150879, -0.003847244195640087, -0.002461722120642662, -0.002936204895377159, -0.0034796912223100662, -0.001489865593612194, -0.0040582455694675446, -0.004634961485862732, -0.0023146262392401695, -0.002452540211379528, -0.002198818139731884, -0.0008982978761196136]
ref [0.29523470997810364, 0.13689979910850525, 0.0790751650929451, 0.07437512278556824, 0.04932714253664017, 0.04096348211169243, 0.035884082317352295, 0.028045911341905594, 0.02700928784906864, 0.02346907928586006, 0.023229675367474556, 0.023641042411327362, 0.018859252333641052, 0.016828177496790886, 0.015454152598977089, 0.014624686911702156, 0.01578819565474987, 0.015290040522813797, 0.01659460924565792, 0.01333921030163765, 0.01550898514688015, 0.014304032549262047, 0.015218758955597878, 0.015462718904018402, 0.013493118807673454, 0.01699857786297798, 0.018094655126333237, 0.01611259952187538, 0.015960123389959335, 0.01609688438475132, 0.014757039025425911]
[0.2208598554134369, 0.1400890350341797, 0.08366919308900833, 0.060056425631046295, 0.044616635888814926, 0.03289220854640007, 0.026328274980187416, 0.02256738767027855, 0.020808281376957893, 0.02008269913494587, 0.019058821722865105, 0.01767793856561184, 0.016341162845492363, 0.014474762603640556, 0.012785320170223713, 0.01118842139840126, 0.011656875722110271, 0.012005158700048923, 0.011606736108660698, 0.011765588074922562, 0.011661740951240063, 0.011842310428619385, 0.012282554060220718, 0.011983027681708336, 0.01200325321406126, 0.012940332293510437, 0.013459693640470505, 0.013797973282635212, 0.013507583178579807, 0.013898066245019436, 0.013858741149306297]
Training time: 2990 	steps per sec: 10
Eval num_timesteps=31744, episode_reward=nan +/- nan
Eval num_timesteps=31744, episode_success=nan +/- nan
se
16 16384 1024
diff [-0.07437485456466675, 0.0031892359256744385, 0.004594027996063232, -0.014318697154521942, -0.004710506647825241, -0.008071273565292358, -0.009555807337164879, -0.005478523671627045, -0.006201006472110748, -0.003386380150914192, -0.004170853644609451, -0.005963103845715523, -0.0025180894881486893, -0.0023534148931503296, -0.002668832428753376, -0.0034362655133008957, -0.004131319932639599, -0.0032848818227648735, -0.004987873136997223, -0.0015736222267150879, -0.003847244195640087, -0.002461722120642662, -0.002936204895377159, -0.0034796912223100662, -0.001489865593612194, -0.0040582455694675446, -0.004634961485862732, -0.0023146262392401695, -0.002452540211379528, -0.002198818139731884, -0.0008982978761196136, -0.0029723113402724266]
ref [0.29523470997810364, 0.13689979910850525, 0.0790751650929451, 0.07437512278556824, 0.04932714253664017, 0.04096348211169243, 0.035884082317352295, 0.028045911341905594, 0.02700928784906864, 0.02346907928586006, 0.023229675367474556, 0.023641042411327362, 0.018859252333641052, 0.016828177496790886, 0.015454152598977089, 0.014624686911702156, 0.01578819565474987, 0.015290040522813797, 0.01659460924565792, 0.01333921030163765, 0.01550898514688015, 0.014304032549262047, 0.015218758955597878, 0.015462718904018402, 0.013493118807673454, 0.01699857786297798, 0.018094655126333237, 0.01611259952187538, 0.015960123389959335, 0.01609688438475132, 0.014757039025425911, 0.01683075726032257]
[0.2208598554134369, 0.1400890350341797, 0.08366919308900833, 0.060056425631046295, 0.044616635888814926, 0.03289220854640007, 0.026328274980187416, 0.02256738767027855, 0.020808281376957893, 0.02008269913494587, 0.019058821722865105, 0.01767793856561184, 0.016341162845492363, 0.014474762603640556, 0.012785320170223713, 0.01118842139840126, 0.011656875722110271, 0.012005158700048923, 0.011606736108660698, 0.011765588074922562, 0.011661740951240063, 0.011842310428619385, 0.012282554060220718, 0.011983027681708336, 0.01200325321406126, 0.012940332293510437, 0.013459693640470505, 0.013797973282635212, 0.013507583178579807, 0.013898066245019436, 0.013858741149306297, 0.013858445920050144]
Training time: 3117 	steps per sec: 10
Eval num_timesteps=32768, episode_reward=nan +/- nan
Eval num_timesteps=32768, episode_success=nan +/- nan
results/HalfCheetah-v4/
results/HalfCheetah-v4/ppo_ros/
results/HalfCheetah-v4/ppo_ros/expert/
results/HalfCheetah-v4/ppo_ros/expert/b_16/
results/HalfCheetah-v4/ppo_ros/expert/b_16/no_clip/
results/HalfCheetah-v4/ppo_ros/expert/b_16/no_clip/run_3/
results/HalfCheetah-v4/ppo_ros/expert/b_16/no_clip/run_3/evaluations.npz
results/HalfCheetah-v4/ppo_ros/expert/b_16/no_clip/run_3/config.yml
results/HalfCheetah-v4/ppo_ros/expert/b_16/no_clip/run_3/stats.npz
