ppo_ros_continuous.py --env-id Ant-v4 -s expert/b_16/no_clip_lambda --total-timesteps 32768 --eval-freq 1 --eval-episodes 0 -b 16 --num-steps 1024 -lr 0 --update-epochs 0 --anneal-lr 0 --ros-num-steps 256 --ros-update-epochs 16 --ros-target-kl 0.05 --ros-clip-coef 999999999 --ros-lambda 0 -ros-lr 0.0001 --ros-anneal-lr 0 --se 1 --se-freq 1 --se-lr 1e-3 --se-epochs 1000 --policy-path policies/Ant-v4/best_model.zip --normalization-dir policies/Ant-v4
Obtaining file:///var/lib/condor/execute/slot1/dir_4059513/PPOROS/PPOROS/custom-envs
  Preparing metadata (setup.py): started
  Preparing metadata (setup.py): finished with status 'done'
Requirement already satisfied: gym in /var/lib/condor/execute/slot1/dir_4059513/PPOROS/ppo-ros_env/lib/python3.9/site-packages (from custom-envs==0.0.1) (0.21.0)
Requirement already satisfied: cloudpickle>=1.2.0 in /var/lib/condor/execute/slot1/dir_4059513/PPOROS/ppo-ros_env/lib/python3.9/site-packages (from gym->custom-envs==0.0.1) (2.2.1)
Requirement already satisfied: numpy>=1.18.0 in /var/lib/condor/execute/slot1/dir_4059513/PPOROS/ppo-ros_env/lib/python3.9/site-packages (from gym->custom-envs==0.0.1) (1.24.2)
Installing collected packages: custom-envs
  Running setup.py develop for custom-envs
Successfully installed custom-envs-0.0.1
seed: 0
Eval num_timesteps=0, episode_reward=nan +/- nan
Eval num_timesteps=0, episode_success=nan +/- nan
se
1 1024 1024
diff [-0.44981083273887634]
ref [0.9180951714515686]
[0.46828433871269226]
Training time: 15 	steps per sec: 67
Eval num_timesteps=1024, episode_reward=nan +/- nan
Eval num_timesteps=1024, episode_success=nan +/- nan
se
2 2048 1024
diff [-0.44981083273887634, -0.09771303832530975]
ref [0.9180951714515686, 0.3013083338737488]
[0.46828433871269226, 0.20359529554843903]
Training time: 36 	steps per sec: 56
Eval num_timesteps=2048, episode_reward=nan +/- nan
Eval num_timesteps=2048, episode_success=nan +/- nan
se
3 3072 1024
diff [-0.44981083273887634, -0.09771303832530975, -0.00029750168323516846]
ref [0.9180951714515686, 0.3013083338737488, 0.13977542519569397]
[0.46828433871269226, 0.20359529554843903, 0.1394779235124588]
Training time: 64 	steps per sec: 47
Eval num_timesteps=3072, episode_reward=nan +/- nan
Eval num_timesteps=3072, episode_success=nan +/- nan
se
4 4096 1024
diff [-0.44981083273887634, -0.09771303832530975, -0.00029750168323516846, -0.02239827811717987]
ref [0.9180951714515686, 0.3013083338737488, 0.13977542519569397, 0.11213816702365875]
[0.46828433871269226, 0.20359529554843903, 0.1394779235124588, 0.08973988890647888]
Training time: 99 	steps per sec: 41
Eval num_timesteps=4096, episode_reward=nan +/- nan
Eval num_timesteps=4096, episode_success=nan +/- nan
se
5 5120 1024
diff [-0.44981083273887634, -0.09771303832530975, -0.00029750168323516846, -0.02239827811717987, -0.004953451454639435]
ref [0.9180951714515686, 0.3013083338737488, 0.13977542519569397, 0.11213816702365875, 0.07374875247478485]
[0.46828433871269226, 0.20359529554843903, 0.1394779235124588, 0.08973988890647888, 0.06879530102014542]
Training time: 141 	steps per sec: 36
Eval num_timesteps=5120, episode_reward=nan +/- nan
Eval num_timesteps=5120, episode_success=nan +/- nan
se
6 6144 1024
diff [-0.44981083273887634, -0.09771303832530975, -0.00029750168323516846, -0.02239827811717987, -0.004953451454639435, 0.00029299408197402954]
ref [0.9180951714515686, 0.3013083338737488, 0.13977542519569397, 0.11213816702365875, 0.07374875247478485, 0.053372930735349655]
[0.46828433871269226, 0.20359529554843903, 0.1394779235124588, 0.08973988890647888, 0.06879530102014542, 0.053665924817323685]
Training time: 191 	steps per sec: 32
Eval num_timesteps=6144, episode_reward=nan +/- nan
Eval num_timesteps=6144, episode_success=nan +/- nan
se
7 7168 1024
diff [-0.44981083273887634, -0.09771303832530975, -0.00029750168323516846, -0.02239827811717987, -0.004953451454639435, 0.00029299408197402954, -0.006149221211671829]
ref [0.9180951714515686, 0.3013083338737488, 0.13977542519569397, 0.11213816702365875, 0.07374875247478485, 0.053372930735349655, 0.051158495247364044]
[0.46828433871269226, 0.20359529554843903, 0.1394779235124588, 0.08973988890647888, 0.06879530102014542, 0.053665924817323685, 0.045009274035692215]
Training time: 247 	steps per sec: 28
Eval num_timesteps=7168, episode_reward=nan +/- nan
Eval num_timesteps=7168, episode_success=nan +/- nan
se
8 8192 1024
diff [-0.44981083273887634, -0.09771303832530975, -0.00029750168323516846, -0.02239827811717987, -0.004953451454639435, 0.00029299408197402954, -0.006149221211671829, -0.008950956165790558]
ref [0.9180951714515686, 0.3013083338737488, 0.13977542519569397, 0.11213816702365875, 0.07374875247478485, 0.053372930735349655, 0.051158495247364044, 0.045625120401382446]
[0.46828433871269226, 0.20359529554843903, 0.1394779235124588, 0.08973988890647888, 0.06879530102014542, 0.053665924817323685, 0.045009274035692215, 0.03667416423559189]
Training time: 309 	steps per sec: 26
Eval num_timesteps=8192, episode_reward=nan +/- nan
Eval num_timesteps=8192, episode_success=nan +/- nan
se
9 9216 1024
diff [-0.44981083273887634, -0.09771303832530975, -0.00029750168323516846, -0.02239827811717987, -0.004953451454639435, 0.00029299408197402954, -0.006149221211671829, -0.008950956165790558, -0.005543943494558334]
ref [0.9180951714515686, 0.3013083338737488, 0.13977542519569397, 0.11213816702365875, 0.07374875247478485, 0.053372930735349655, 0.051158495247364044, 0.045625120401382446, 0.036999206990003586]
[0.46828433871269226, 0.20359529554843903, 0.1394779235124588, 0.08973988890647888, 0.06879530102014542, 0.053665924817323685, 0.045009274035692215, 0.03667416423559189, 0.03145526349544525]
Training time: 378 	steps per sec: 24
Eval num_timesteps=9216, episode_reward=nan +/- nan
Eval num_timesteps=9216, episode_success=nan +/- nan
se
10 10240 1024
diff [-0.44981083273887634, -0.09771303832530975, -0.00029750168323516846, -0.02239827811717987, -0.004953451454639435, 0.00029299408197402954, -0.006149221211671829, -0.008950956165790558, -0.005543943494558334, -0.007784711197018623]
ref [0.9180951714515686, 0.3013083338737488, 0.13977542519569397, 0.11213816702365875, 0.07374875247478485, 0.053372930735349655, 0.051158495247364044, 0.045625120401382446, 0.036999206990003586, 0.03382708877325058]
[0.46828433871269226, 0.20359529554843903, 0.1394779235124588, 0.08973988890647888, 0.06879530102014542, 0.053665924817323685, 0.045009274035692215, 0.03667416423559189, 0.03145526349544525, 0.026042377576231956]
Training time: 451 	steps per sec: 22
Eval num_timesteps=10240, episode_reward=nan +/- nan
Eval num_timesteps=10240, episode_success=nan +/- nan
se
11 11264 1024
diff [-0.44981083273887634, -0.09771303832530975, -0.00029750168323516846, -0.02239827811717987, -0.004953451454639435, 0.00029299408197402954, -0.006149221211671829, -0.008950956165790558, -0.005543943494558334, -0.007784711197018623, -0.007903143763542175]
ref [0.9180951714515686, 0.3013083338737488, 0.13977542519569397, 0.11213816702365875, 0.07374875247478485, 0.053372930735349655, 0.051158495247364044, 0.045625120401382446, 0.036999206990003586, 0.03382708877325058, 0.031724218279123306]
[0.46828433871269226, 0.20359529554843903, 0.1394779235124588, 0.08973988890647888, 0.06879530102014542, 0.053665924817323685, 0.045009274035692215, 0.03667416423559189, 0.03145526349544525, 0.026042377576231956, 0.02382107451558113]
Training time: 531 	steps per sec: 21
Eval num_timesteps=11264, episode_reward=nan +/- nan
Eval num_timesteps=11264, episode_success=nan +/- nan
se
12 12288 1024
diff [-0.44981083273887634, -0.09771303832530975, -0.00029750168323516846, -0.02239827811717987, -0.004953451454639435, 0.00029299408197402954, -0.006149221211671829, -0.008950956165790558, -0.005543943494558334, -0.007784711197018623, -0.007903143763542175, -0.006182646378874779]
ref [0.9180951714515686, 0.3013083338737488, 0.13977542519569397, 0.11213816702365875, 0.07374875247478485, 0.053372930735349655, 0.051158495247364044, 0.045625120401382446, 0.036999206990003586, 0.03382708877325058, 0.031724218279123306, 0.02809472195804119]
[0.46828433871269226, 0.20359529554843903, 0.1394779235124588, 0.08973988890647888, 0.06879530102014542, 0.053665924817323685, 0.045009274035692215, 0.03667416423559189, 0.03145526349544525, 0.026042377576231956, 0.02382107451558113, 0.021912075579166412]
Training time: 618 	steps per sec: 19
Eval num_timesteps=12288, episode_reward=nan +/- nan
Eval num_timesteps=12288, episode_success=nan +/- nan
se
13 13312 1024
diff [-0.44981083273887634, -0.09771303832530975, -0.00029750168323516846, -0.02239827811717987, -0.004953451454639435, 0.00029299408197402954, -0.006149221211671829, -0.008950956165790558, -0.005543943494558334, -0.007784711197018623, -0.007903143763542175, -0.006182646378874779, -0.008312785997986794]
ref [0.9180951714515686, 0.3013083338737488, 0.13977542519569397, 0.11213816702365875, 0.07374875247478485, 0.053372930735349655, 0.051158495247364044, 0.045625120401382446, 0.036999206990003586, 0.03382708877325058, 0.031724218279123306, 0.02809472195804119, 0.027766747400164604]
[0.46828433871269226, 0.20359529554843903, 0.1394779235124588, 0.08973988890647888, 0.06879530102014542, 0.053665924817323685, 0.045009274035692215, 0.03667416423559189, 0.03145526349544525, 0.026042377576231956, 0.02382107451558113, 0.021912075579166412, 0.01945396140217781]
Training time: 712 	steps per sec: 18
Eval num_timesteps=13312, episode_reward=nan +/- nan
Eval num_timesteps=13312, episode_success=nan +/- nan
se
14 14336 1024
diff [-0.44981083273887634, -0.09771303832530975, -0.00029750168323516846, -0.02239827811717987, -0.004953451454639435, 0.00029299408197402954, -0.006149221211671829, -0.008950956165790558, -0.005543943494558334, -0.007784711197018623, -0.007903143763542175, -0.006182646378874779, -0.008312785997986794, -0.006961306557059288]
ref [0.9180951714515686, 0.3013083338737488, 0.13977542519569397, 0.11213816702365875, 0.07374875247478485, 0.053372930735349655, 0.051158495247364044, 0.045625120401382446, 0.036999206990003586, 0.03382708877325058, 0.031724218279123306, 0.02809472195804119, 0.027766747400164604, 0.024815378710627556]
[0.46828433871269226, 0.20359529554843903, 0.1394779235124588, 0.08973988890647888, 0.06879530102014542, 0.053665924817323685, 0.045009274035692215, 0.03667416423559189, 0.03145526349544525, 0.026042377576231956, 0.02382107451558113, 0.021912075579166412, 0.01945396140217781, 0.017854072153568268]
Training time: 814 	steps per sec: 17
Eval num_timesteps=14336, episode_reward=nan +/- nan
Eval num_timesteps=14336, episode_success=nan +/- nan
se
15 15360 1024
diff [-0.44981083273887634, -0.09771303832530975, -0.00029750168323516846, -0.02239827811717987, -0.004953451454639435, 0.00029299408197402954, -0.006149221211671829, -0.008950956165790558, -0.005543943494558334, -0.007784711197018623, -0.007903143763542175, -0.006182646378874779, -0.008312785997986794, -0.006961306557059288, -0.004767654463648796]
ref [0.9180951714515686, 0.3013083338737488, 0.13977542519569397, 0.11213816702365875, 0.07374875247478485, 0.053372930735349655, 0.051158495247364044, 0.045625120401382446, 0.036999206990003586, 0.03382708877325058, 0.031724218279123306, 0.02809472195804119, 0.027766747400164604, 0.024815378710627556, 0.020938068628311157]
[0.46828433871269226, 0.20359529554843903, 0.1394779235124588, 0.08973988890647888, 0.06879530102014542, 0.053665924817323685, 0.045009274035692215, 0.03667416423559189, 0.03145526349544525, 0.026042377576231956, 0.02382107451558113, 0.021912075579166412, 0.01945396140217781, 0.017854072153568268, 0.01617041416466236]
Training time: 919 	steps per sec: 16
Eval num_timesteps=15360, episode_reward=nan +/- nan
Eval num_timesteps=15360, episode_success=nan +/- nan
se
16 16384 1024
diff [-0.44981083273887634, -0.09771303832530975, -0.00029750168323516846, -0.02239827811717987, -0.004953451454639435, 0.00029299408197402954, -0.006149221211671829, -0.008950956165790558, -0.005543943494558334, -0.007784711197018623, -0.007903143763542175, -0.006182646378874779, -0.008312785997986794, -0.006961306557059288, -0.004767654463648796, -0.006294967606663704]
ref [0.9180951714515686, 0.3013083338737488, 0.13977542519569397, 0.11213816702365875, 0.07374875247478485, 0.053372930735349655, 0.051158495247364044, 0.045625120401382446, 0.036999206990003586, 0.03382708877325058, 0.031724218279123306, 0.02809472195804119, 0.027766747400164604, 0.024815378710627556, 0.020938068628311157, 0.021557500585913658]
[0.46828433871269226, 0.20359529554843903, 0.1394779235124588, 0.08973988890647888, 0.06879530102014542, 0.053665924817323685, 0.045009274035692215, 0.03667416423559189, 0.03145526349544525, 0.026042377576231956, 0.02382107451558113, 0.021912075579166412, 0.01945396140217781, 0.017854072153568268, 0.01617041416466236, 0.015262532979249954]
Training time: 1027 	steps per sec: 15
Eval num_timesteps=16384, episode_reward=nan +/- nan
Eval num_timesteps=16384, episode_success=nan +/- nan
se
16 16384 1024
diff [-0.44981083273887634, -0.09771303832530975, -0.00029750168323516846, -0.02239827811717987, -0.004953451454639435, 0.00029299408197402954, -0.006149221211671829, -0.008950956165790558, -0.005543943494558334, -0.007784711197018623, -0.007903143763542175, -0.006182646378874779, -0.008312785997986794, -0.006961306557059288, -0.004767654463648796, -0.006294967606663704, -0.0073278117924928665]
ref [0.9180951714515686, 0.3013083338737488, 0.13977542519569397, 0.11213816702365875, 0.07374875247478485, 0.053372930735349655, 0.051158495247364044, 0.045625120401382446, 0.036999206990003586, 0.03382708877325058, 0.031724218279123306, 0.02809472195804119, 0.027766747400164604, 0.024815378710627556, 0.020938068628311157, 0.021557500585913658, 0.02293713204562664]
[0.46828433871269226, 0.20359529554843903, 0.1394779235124588, 0.08973988890647888, 0.06879530102014542, 0.053665924817323685, 0.045009274035692215, 0.03667416423559189, 0.03145526349544525, 0.026042377576231956, 0.02382107451558113, 0.021912075579166412, 0.01945396140217781, 0.017854072153568268, 0.01617041416466236, 0.015262532979249954, 0.015609320253133774]
Training time: 1140 	steps per sec: 15
Eval num_timesteps=17408, episode_reward=nan +/- nan
Eval num_timesteps=17408, episode_success=nan +/- nan
se
16 16384 1024
diff [-0.44981083273887634, -0.09771303832530975, -0.00029750168323516846, -0.02239827811717987, -0.004953451454639435, 0.00029299408197402954, -0.006149221211671829, -0.008950956165790558, -0.005543943494558334, -0.007784711197018623, -0.007903143763542175, -0.006182646378874779, -0.008312785997986794, -0.006961306557059288, -0.004767654463648796, -0.006294967606663704, -0.0073278117924928665, -0.0051709627732634544]
ref [0.9180951714515686, 0.3013083338737488, 0.13977542519569397, 0.11213816702365875, 0.07374875247478485, 0.053372930735349655, 0.051158495247364044, 0.045625120401382446, 0.036999206990003586, 0.03382708877325058, 0.031724218279123306, 0.02809472195804119, 0.027766747400164604, 0.024815378710627556, 0.020938068628311157, 0.021557500585913658, 0.02293713204562664, 0.020356949418783188]
[0.46828433871269226, 0.20359529554843903, 0.1394779235124588, 0.08973988890647888, 0.06879530102014542, 0.053665924817323685, 0.045009274035692215, 0.03667416423559189, 0.03145526349544525, 0.026042377576231956, 0.02382107451558113, 0.021912075579166412, 0.01945396140217781, 0.017854072153568268, 0.01617041416466236, 0.015262532979249954, 0.015609320253133774, 0.015185986645519733]
Training time: 1260 	steps per sec: 14
Eval num_timesteps=18432, episode_reward=nan +/- nan
Eval num_timesteps=18432, episode_success=nan +/- nan
se
16 16384 1024
diff [-0.44981083273887634, -0.09771303832530975, -0.00029750168323516846, -0.02239827811717987, -0.004953451454639435, 0.00029299408197402954, -0.006149221211671829, -0.008950956165790558, -0.005543943494558334, -0.007784711197018623, -0.007903143763542175, -0.006182646378874779, -0.008312785997986794, -0.006961306557059288, -0.004767654463648796, -0.006294967606663704, -0.0073278117924928665, -0.0051709627732634544, -0.00565633550286293]
ref [0.9180951714515686, 0.3013083338737488, 0.13977542519569397, 0.11213816702365875, 0.07374875247478485, 0.053372930735349655, 0.051158495247364044, 0.045625120401382446, 0.036999206990003586, 0.03382708877325058, 0.031724218279123306, 0.02809472195804119, 0.027766747400164604, 0.024815378710627556, 0.020938068628311157, 0.021557500585913658, 0.02293713204562664, 0.020356949418783188, 0.021410368382930756]
[0.46828433871269226, 0.20359529554843903, 0.1394779235124588, 0.08973988890647888, 0.06879530102014542, 0.053665924817323685, 0.045009274035692215, 0.03667416423559189, 0.03145526349544525, 0.026042377576231956, 0.02382107451558113, 0.021912075579166412, 0.01945396140217781, 0.017854072153568268, 0.01617041416466236, 0.015262532979249954, 0.015609320253133774, 0.015185986645519733, 0.015754032880067825]
Training time: 1383 	steps per sec: 14
Eval num_timesteps=19456, episode_reward=nan +/- nan
Eval num_timesteps=19456, episode_success=nan +/- nan
se
16 16384 1024
diff [-0.44981083273887634, -0.09771303832530975, -0.00029750168323516846, -0.02239827811717987, -0.004953451454639435, 0.00029299408197402954, -0.006149221211671829, -0.008950956165790558, -0.005543943494558334, -0.007784711197018623, -0.007903143763542175, -0.006182646378874779, -0.008312785997986794, -0.006961306557059288, -0.004767654463648796, -0.006294967606663704, -0.0073278117924928665, -0.0051709627732634544, -0.00565633550286293, -0.0062847863882780075]
ref [0.9180951714515686, 0.3013083338737488, 0.13977542519569397, 0.11213816702365875, 0.07374875247478485, 0.053372930735349655, 0.051158495247364044, 0.045625120401382446, 0.036999206990003586, 0.03382708877325058, 0.031724218279123306, 0.02809472195804119, 0.027766747400164604, 0.024815378710627556, 0.020938068628311157, 0.021557500585913658, 0.02293713204562664, 0.020356949418783188, 0.021410368382930756, 0.02131904847919941]
[0.46828433871269226, 0.20359529554843903, 0.1394779235124588, 0.08973988890647888, 0.06879530102014542, 0.053665924817323685, 0.045009274035692215, 0.03667416423559189, 0.03145526349544525, 0.026042377576231956, 0.02382107451558113, 0.021912075579166412, 0.01945396140217781, 0.017854072153568268, 0.01617041416466236, 0.015262532979249954, 0.015609320253133774, 0.015185986645519733, 0.015754032880067825, 0.015034262090921402]
Training time: 1497 	steps per sec: 13
Eval num_timesteps=20480, episode_reward=nan +/- nan
Eval num_timesteps=20480, episode_success=nan +/- nan
se
16 16384 1024
diff [-0.44981083273887634, -0.09771303832530975, -0.00029750168323516846, -0.02239827811717987, -0.004953451454639435, 0.00029299408197402954, -0.006149221211671829, -0.008950956165790558, -0.005543943494558334, -0.007784711197018623, -0.007903143763542175, -0.006182646378874779, -0.008312785997986794, -0.006961306557059288, -0.004767654463648796, -0.006294967606663704, -0.0073278117924928665, -0.0051709627732634544, -0.00565633550286293, -0.0062847863882780075, -0.0060224393382668495]
ref [0.9180951714515686, 0.3013083338737488, 0.13977542519569397, 0.11213816702365875, 0.07374875247478485, 0.053372930735349655, 0.051158495247364044, 0.045625120401382446, 0.036999206990003586, 0.03382708877325058, 0.031724218279123306, 0.02809472195804119, 0.027766747400164604, 0.024815378710627556, 0.020938068628311157, 0.021557500585913658, 0.02293713204562664, 0.020356949418783188, 0.021410368382930756, 0.02131904847919941, 0.02102459780871868]
[0.46828433871269226, 0.20359529554843903, 0.1394779235124588, 0.08973988890647888, 0.06879530102014542, 0.053665924817323685, 0.045009274035692215, 0.03667416423559189, 0.03145526349544525, 0.026042377576231956, 0.02382107451558113, 0.021912075579166412, 0.01945396140217781, 0.017854072153568268, 0.01617041416466236, 0.015262532979249954, 0.015609320253133774, 0.015185986645519733, 0.015754032880067825, 0.015034262090921402, 0.015002158470451832]
Training time: 1607 	steps per sec: 13
Eval num_timesteps=21504, episode_reward=nan +/- nan
Eval num_timesteps=21504, episode_success=nan +/- nan
se
16 16384 1024
diff [-0.44981083273887634, -0.09771303832530975, -0.00029750168323516846, -0.02239827811717987, -0.004953451454639435, 0.00029299408197402954, -0.006149221211671829, -0.008950956165790558, -0.005543943494558334, -0.007784711197018623, -0.007903143763542175, -0.006182646378874779, -0.008312785997986794, -0.006961306557059288, -0.004767654463648796, -0.006294967606663704, -0.0073278117924928665, -0.0051709627732634544, -0.00565633550286293, -0.0062847863882780075, -0.0060224393382668495, -0.006481853313744068]
ref [0.9180951714515686, 0.3013083338737488, 0.13977542519569397, 0.11213816702365875, 0.07374875247478485, 0.053372930735349655, 0.051158495247364044, 0.045625120401382446, 0.036999206990003586, 0.03382708877325058, 0.031724218279123306, 0.02809472195804119, 0.027766747400164604, 0.024815378710627556, 0.020938068628311157, 0.021557500585913658, 0.02293713204562664, 0.020356949418783188, 0.021410368382930756, 0.02131904847919941, 0.02102459780871868, 0.021382153034210205]
[0.46828433871269226, 0.20359529554843903, 0.1394779235124588, 0.08973988890647888, 0.06879530102014542, 0.053665924817323685, 0.045009274035692215, 0.03667416423559189, 0.03145526349544525, 0.026042377576231956, 0.02382107451558113, 0.021912075579166412, 0.01945396140217781, 0.017854072153568268, 0.01617041416466236, 0.015262532979249954, 0.015609320253133774, 0.015185986645519733, 0.015754032880067825, 0.015034262090921402, 0.015002158470451832, 0.014900299720466137]
Training time: 1721 	steps per sec: 13
Eval num_timesteps=22528, episode_reward=nan +/- nan
Eval num_timesteps=22528, episode_success=nan +/- nan
se
16 16384 1024
diff [-0.44981083273887634, -0.09771303832530975, -0.00029750168323516846, -0.02239827811717987, -0.004953451454639435, 0.00029299408197402954, -0.006149221211671829, -0.008950956165790558, -0.005543943494558334, -0.007784711197018623, -0.007903143763542175, -0.006182646378874779, -0.008312785997986794, -0.006961306557059288, -0.004767654463648796, -0.006294967606663704, -0.0073278117924928665, -0.0051709627732634544, -0.00565633550286293, -0.0062847863882780075, -0.0060224393382668495, -0.006481853313744068, -0.006017000414431095]
ref [0.9180951714515686, 0.3013083338737488, 0.13977542519569397, 0.11213816702365875, 0.07374875247478485, 0.053372930735349655, 0.051158495247364044, 0.045625120401382446, 0.036999206990003586, 0.03382708877325058, 0.031724218279123306, 0.02809472195804119, 0.027766747400164604, 0.024815378710627556, 0.020938068628311157, 0.021557500585913658, 0.02293713204562664, 0.020356949418783188, 0.021410368382930756, 0.02131904847919941, 0.02102459780871868, 0.021382153034210205, 0.020582949742674828]
[0.46828433871269226, 0.20359529554843903, 0.1394779235124588, 0.08973988890647888, 0.06879530102014542, 0.053665924817323685, 0.045009274035692215, 0.03667416423559189, 0.03145526349544525, 0.026042377576231956, 0.02382107451558113, 0.021912075579166412, 0.01945396140217781, 0.017854072153568268, 0.01617041416466236, 0.015262532979249954, 0.015609320253133774, 0.015185986645519733, 0.015754032880067825, 0.015034262090921402, 0.015002158470451832, 0.014900299720466137, 0.014565949328243732]
Training time: 1847 	steps per sec: 12
Eval num_timesteps=23552, episode_reward=nan +/- nan
Eval num_timesteps=23552, episode_success=nan +/- nan
se
16 16384 1024
diff [-0.44981083273887634, -0.09771303832530975, -0.00029750168323516846, -0.02239827811717987, -0.004953451454639435, 0.00029299408197402954, -0.006149221211671829, -0.008950956165790558, -0.005543943494558334, -0.007784711197018623, -0.007903143763542175, -0.006182646378874779, -0.008312785997986794, -0.006961306557059288, -0.004767654463648796, -0.006294967606663704, -0.0073278117924928665, -0.0051709627732634544, -0.00565633550286293, -0.0062847863882780075, -0.0060224393382668495, -0.006481853313744068, -0.006017000414431095, -0.006270693615078926]
ref [0.9180951714515686, 0.3013083338737488, 0.13977542519569397, 0.11213816702365875, 0.07374875247478485, 0.053372930735349655, 0.051158495247364044, 0.045625120401382446, 0.036999206990003586, 0.03382708877325058, 0.031724218279123306, 0.02809472195804119, 0.027766747400164604, 0.024815378710627556, 0.020938068628311157, 0.021557500585913658, 0.02293713204562664, 0.020356949418783188, 0.021410368382930756, 0.02131904847919941, 0.02102459780871868, 0.021382153034210205, 0.020582949742674828, 0.020907428115606308]
[0.46828433871269226, 0.20359529554843903, 0.1394779235124588, 0.08973988890647888, 0.06879530102014542, 0.053665924817323685, 0.045009274035692215, 0.03667416423559189, 0.03145526349544525, 0.026042377576231956, 0.02382107451558113, 0.021912075579166412, 0.01945396140217781, 0.017854072153568268, 0.01617041416466236, 0.015262532979249954, 0.015609320253133774, 0.015185986645519733, 0.015754032880067825, 0.015034262090921402, 0.015002158470451832, 0.014900299720466137, 0.014565949328243732, 0.014636734500527382]
Training time: 1968 	steps per sec: 12
Eval num_timesteps=24576, episode_reward=nan +/- nan
Eval num_timesteps=24576, episode_success=nan +/- nan
se
16 16384 1024
diff [-0.44981083273887634, -0.09771303832530975, -0.00029750168323516846, -0.02239827811717987, -0.004953451454639435, 0.00029299408197402954, -0.006149221211671829, -0.008950956165790558, -0.005543943494558334, -0.007784711197018623, -0.007903143763542175, -0.006182646378874779, -0.008312785997986794, -0.006961306557059288, -0.004767654463648796, -0.006294967606663704, -0.0073278117924928665, -0.0051709627732634544, -0.00565633550286293, -0.0062847863882780075, -0.0060224393382668495, -0.006481853313744068, -0.006017000414431095, -0.006270693615078926, -0.006855182349681854]
ref [0.9180951714515686, 0.3013083338737488, 0.13977542519569397, 0.11213816702365875, 0.07374875247478485, 0.053372930735349655, 0.051158495247364044, 0.045625120401382446, 0.036999206990003586, 0.03382708877325058, 0.031724218279123306, 0.02809472195804119, 0.027766747400164604, 0.024815378710627556, 0.020938068628311157, 0.021557500585913658, 0.02293713204562664, 0.020356949418783188, 0.021410368382930756, 0.02131904847919941, 0.02102459780871868, 0.021382153034210205, 0.020582949742674828, 0.020907428115606308, 0.021314453333616257]
[0.46828433871269226, 0.20359529554843903, 0.1394779235124588, 0.08973988890647888, 0.06879530102014542, 0.053665924817323685, 0.045009274035692215, 0.03667416423559189, 0.03145526349544525, 0.026042377576231956, 0.02382107451558113, 0.021912075579166412, 0.01945396140217781, 0.017854072153568268, 0.01617041416466236, 0.015262532979249954, 0.015609320253133774, 0.015185986645519733, 0.015754032880067825, 0.015034262090921402, 0.015002158470451832, 0.014900299720466137, 0.014565949328243732, 0.014636734500527382, 0.014459270983934402]
Training time: 2091 	steps per sec: 12
Eval num_timesteps=25600, episode_reward=nan +/- nan
Eval num_timesteps=25600, episode_success=nan +/- nan
se
16 16384 1024
diff [-0.44981083273887634, -0.09771303832530975, -0.00029750168323516846, -0.02239827811717987, -0.004953451454639435, 0.00029299408197402954, -0.006149221211671829, -0.008950956165790558, -0.005543943494558334, -0.007784711197018623, -0.007903143763542175, -0.006182646378874779, -0.008312785997986794, -0.006961306557059288, -0.004767654463648796, -0.006294967606663704, -0.0073278117924928665, -0.0051709627732634544, -0.00565633550286293, -0.0062847863882780075, -0.0060224393382668495, -0.006481853313744068, -0.006017000414431095, -0.006270693615078926, -0.006855182349681854, -0.006559818051755428]
ref [0.9180951714515686, 0.3013083338737488, 0.13977542519569397, 0.11213816702365875, 0.07374875247478485, 0.053372930735349655, 0.051158495247364044, 0.045625120401382446, 0.036999206990003586, 0.03382708877325058, 0.031724218279123306, 0.02809472195804119, 0.027766747400164604, 0.024815378710627556, 0.020938068628311157, 0.021557500585913658, 0.02293713204562664, 0.020356949418783188, 0.021410368382930756, 0.02131904847919941, 0.02102459780871868, 0.021382153034210205, 0.020582949742674828, 0.020907428115606308, 0.021314453333616257, 0.020393863320350647]
[0.46828433871269226, 0.20359529554843903, 0.1394779235124588, 0.08973988890647888, 0.06879530102014542, 0.053665924817323685, 0.045009274035692215, 0.03667416423559189, 0.03145526349544525, 0.026042377576231956, 0.02382107451558113, 0.021912075579166412, 0.01945396140217781, 0.017854072153568268, 0.01617041416466236, 0.015262532979249954, 0.015609320253133774, 0.015185986645519733, 0.015754032880067825, 0.015034262090921402, 0.015002158470451832, 0.014900299720466137, 0.014565949328243732, 0.014636734500527382, 0.014459270983934402, 0.013834045268595219]
Training time: 2210 	steps per sec: 12
Eval num_timesteps=26624, episode_reward=nan +/- nan
Eval num_timesteps=26624, episode_success=nan +/- nan
se
16 16384 1024
diff [-0.44981083273887634, -0.09771303832530975, -0.00029750168323516846, -0.02239827811717987, -0.004953451454639435, 0.00029299408197402954, -0.006149221211671829, -0.008950956165790558, -0.005543943494558334, -0.007784711197018623, -0.007903143763542175, -0.006182646378874779, -0.008312785997986794, -0.006961306557059288, -0.004767654463648796, -0.006294967606663704, -0.0073278117924928665, -0.0051709627732634544, -0.00565633550286293, -0.0062847863882780075, -0.0060224393382668495, -0.006481853313744068, -0.006017000414431095, -0.006270693615078926, -0.006855182349681854, -0.006559818051755428, -0.00651838444173336]
ref [0.9180951714515686, 0.3013083338737488, 0.13977542519569397, 0.11213816702365875, 0.07374875247478485, 0.053372930735349655, 0.051158495247364044, 0.045625120401382446, 0.036999206990003586, 0.03382708877325058, 0.031724218279123306, 0.02809472195804119, 0.027766747400164604, 0.024815378710627556, 0.020938068628311157, 0.021557500585913658, 0.02293713204562664, 0.020356949418783188, 0.021410368382930756, 0.02131904847919941, 0.02102459780871868, 0.021382153034210205, 0.020582949742674828, 0.020907428115606308, 0.021314453333616257, 0.020393863320350647, 0.021141303703188896]
[0.46828433871269226, 0.20359529554843903, 0.1394779235124588, 0.08973988890647888, 0.06879530102014542, 0.053665924817323685, 0.045009274035692215, 0.03667416423559189, 0.03145526349544525, 0.026042377576231956, 0.02382107451558113, 0.021912075579166412, 0.01945396140217781, 0.017854072153568268, 0.01617041416466236, 0.015262532979249954, 0.015609320253133774, 0.015185986645519733, 0.015754032880067825, 0.015034262090921402, 0.015002158470451832, 0.014900299720466137, 0.014565949328243732, 0.014636734500527382, 0.014459270983934402, 0.013834045268595219, 0.014622919261455536]
Training time: 2333 	steps per sec: 11
Eval num_timesteps=27648, episode_reward=nan +/- nan
Eval num_timesteps=27648, episode_success=nan +/- nan
se
16 16384 1024
diff [-0.44981083273887634, -0.09771303832530975, -0.00029750168323516846, -0.02239827811717987, -0.004953451454639435, 0.00029299408197402954, -0.006149221211671829, -0.008950956165790558, -0.005543943494558334, -0.007784711197018623, -0.007903143763542175, -0.006182646378874779, -0.008312785997986794, -0.006961306557059288, -0.004767654463648796, -0.006294967606663704, -0.0073278117924928665, -0.0051709627732634544, -0.00565633550286293, -0.0062847863882780075, -0.0060224393382668495, -0.006481853313744068, -0.006017000414431095, -0.006270693615078926, -0.006855182349681854, -0.006559818051755428, -0.00651838444173336, -0.0061228591948747635]
ref [0.9180951714515686, 0.3013083338737488, 0.13977542519569397, 0.11213816702365875, 0.07374875247478485, 0.053372930735349655, 0.051158495247364044, 0.045625120401382446, 0.036999206990003586, 0.03382708877325058, 0.031724218279123306, 0.02809472195804119, 0.027766747400164604, 0.024815378710627556, 0.020938068628311157, 0.021557500585913658, 0.02293713204562664, 0.020356949418783188, 0.021410368382930756, 0.02131904847919941, 0.02102459780871868, 0.021382153034210205, 0.020582949742674828, 0.020907428115606308, 0.021314453333616257, 0.020393863320350647, 0.021141303703188896, 0.021553033962845802]
[0.46828433871269226, 0.20359529554843903, 0.1394779235124588, 0.08973988890647888, 0.06879530102014542, 0.053665924817323685, 0.045009274035692215, 0.03667416423559189, 0.03145526349544525, 0.026042377576231956, 0.02382107451558113, 0.021912075579166412, 0.01945396140217781, 0.017854072153568268, 0.01617041416466236, 0.015262532979249954, 0.015609320253133774, 0.015185986645519733, 0.015754032880067825, 0.015034262090921402, 0.015002158470451832, 0.014900299720466137, 0.014565949328243732, 0.014636734500527382, 0.014459270983934402, 0.013834045268595219, 0.014622919261455536, 0.015430174767971039]
Training time: 2456 	steps per sec: 11
Eval num_timesteps=28672, episode_reward=nan +/- nan
Eval num_timesteps=28672, episode_success=nan +/- nan
se
16 16384 1024
diff [-0.44981083273887634, -0.09771303832530975, -0.00029750168323516846, -0.02239827811717987, -0.004953451454639435, 0.00029299408197402954, -0.006149221211671829, -0.008950956165790558, -0.005543943494558334, -0.007784711197018623, -0.007903143763542175, -0.006182646378874779, -0.008312785997986794, -0.006961306557059288, -0.004767654463648796, -0.006294967606663704, -0.0073278117924928665, -0.0051709627732634544, -0.00565633550286293, -0.0062847863882780075, -0.0060224393382668495, -0.006481853313744068, -0.006017000414431095, -0.006270693615078926, -0.006855182349681854, -0.006559818051755428, -0.00651838444173336, -0.0061228591948747635, -0.009265672415494919]
ref [0.9180951714515686, 0.3013083338737488, 0.13977542519569397, 0.11213816702365875, 0.07374875247478485, 0.053372930735349655, 0.051158495247364044, 0.045625120401382446, 0.036999206990003586, 0.03382708877325058, 0.031724218279123306, 0.02809472195804119, 0.027766747400164604, 0.024815378710627556, 0.020938068628311157, 0.021557500585913658, 0.02293713204562664, 0.020356949418783188, 0.021410368382930756, 0.02131904847919941, 0.02102459780871868, 0.021382153034210205, 0.020582949742674828, 0.020907428115606308, 0.021314453333616257, 0.020393863320350647, 0.021141303703188896, 0.021553033962845802, 0.02467990666627884]
[0.46828433871269226, 0.20359529554843903, 0.1394779235124588, 0.08973988890647888, 0.06879530102014542, 0.053665924817323685, 0.045009274035692215, 0.03667416423559189, 0.03145526349544525, 0.026042377576231956, 0.02382107451558113, 0.021912075579166412, 0.01945396140217781, 0.017854072153568268, 0.01617041416466236, 0.015262532979249954, 0.015609320253133774, 0.015185986645519733, 0.015754032880067825, 0.015034262090921402, 0.015002158470451832, 0.014900299720466137, 0.014565949328243732, 0.014636734500527382, 0.014459270983934402, 0.013834045268595219, 0.014622919261455536, 0.015430174767971039, 0.01541423425078392]
Training time: 2580 	steps per sec: 11
Eval num_timesteps=29696, episode_reward=nan +/- nan
Eval num_timesteps=29696, episode_success=nan +/- nan
se
16 16384 1024
diff [-0.44981083273887634, -0.09771303832530975, -0.00029750168323516846, -0.02239827811717987, -0.004953451454639435, 0.00029299408197402954, -0.006149221211671829, -0.008950956165790558, -0.005543943494558334, -0.007784711197018623, -0.007903143763542175, -0.006182646378874779, -0.008312785997986794, -0.006961306557059288, -0.004767654463648796, -0.006294967606663704, -0.0073278117924928665, -0.0051709627732634544, -0.00565633550286293, -0.0062847863882780075, -0.0060224393382668495, -0.006481853313744068, -0.006017000414431095, -0.006270693615078926, -0.006855182349681854, -0.006559818051755428, -0.00651838444173336, -0.0061228591948747635, -0.009265672415494919, -0.00553741492331028]
ref [0.9180951714515686, 0.3013083338737488, 0.13977542519569397, 0.11213816702365875, 0.07374875247478485, 0.053372930735349655, 0.051158495247364044, 0.045625120401382446, 0.036999206990003586, 0.03382708877325058, 0.031724218279123306, 0.02809472195804119, 0.027766747400164604, 0.024815378710627556, 0.020938068628311157, 0.021557500585913658, 0.02293713204562664, 0.020356949418783188, 0.021410368382930756, 0.02131904847919941, 0.02102459780871868, 0.021382153034210205, 0.020582949742674828, 0.020907428115606308, 0.021314453333616257, 0.020393863320350647, 0.021141303703188896, 0.021553033962845802, 0.02467990666627884, 0.021437475457787514]
[0.46828433871269226, 0.20359529554843903, 0.1394779235124588, 0.08973988890647888, 0.06879530102014542, 0.053665924817323685, 0.045009274035692215, 0.03667416423559189, 0.03145526349544525, 0.026042377576231956, 0.02382107451558113, 0.021912075579166412, 0.01945396140217781, 0.017854072153568268, 0.01617041416466236, 0.015262532979249954, 0.015609320253133774, 0.015185986645519733, 0.015754032880067825, 0.015034262090921402, 0.015002158470451832, 0.014900299720466137, 0.014565949328243732, 0.014636734500527382, 0.014459270983934402, 0.013834045268595219, 0.014622919261455536, 0.015430174767971039, 0.01541423425078392, 0.015900060534477234]
Training time: 2701 	steps per sec: 11
Eval num_timesteps=30720, episode_reward=nan +/- nan
Eval num_timesteps=30720, episode_success=nan +/- nan
se
16 16384 1024
diff [-0.44981083273887634, -0.09771303832530975, -0.00029750168323516846, -0.02239827811717987, -0.004953451454639435, 0.00029299408197402954, -0.006149221211671829, -0.008950956165790558, -0.005543943494558334, -0.007784711197018623, -0.007903143763542175, -0.006182646378874779, -0.008312785997986794, -0.006961306557059288, -0.004767654463648796, -0.006294967606663704, -0.0073278117924928665, -0.0051709627732634544, -0.00565633550286293, -0.0062847863882780075, -0.0060224393382668495, -0.006481853313744068, -0.006017000414431095, -0.006270693615078926, -0.006855182349681854, -0.006559818051755428, -0.00651838444173336, -0.0061228591948747635, -0.009265672415494919, -0.00553741492331028, -0.006805348210036755]
ref [0.9180951714515686, 0.3013083338737488, 0.13977542519569397, 0.11213816702365875, 0.07374875247478485, 0.053372930735349655, 0.051158495247364044, 0.045625120401382446, 0.036999206990003586, 0.03382708877325058, 0.031724218279123306, 0.02809472195804119, 0.027766747400164604, 0.024815378710627556, 0.020938068628311157, 0.021557500585913658, 0.02293713204562664, 0.020356949418783188, 0.021410368382930756, 0.02131904847919941, 0.02102459780871868, 0.021382153034210205, 0.020582949742674828, 0.020907428115606308, 0.021314453333616257, 0.020393863320350647, 0.021141303703188896, 0.021553033962845802, 0.02467990666627884, 0.021437475457787514, 0.022122375667095184]
[0.46828433871269226, 0.20359529554843903, 0.1394779235124588, 0.08973988890647888, 0.06879530102014542, 0.053665924817323685, 0.045009274035692215, 0.03667416423559189, 0.03145526349544525, 0.026042377576231956, 0.02382107451558113, 0.021912075579166412, 0.01945396140217781, 0.017854072153568268, 0.01617041416466236, 0.015262532979249954, 0.015609320253133774, 0.015185986645519733, 0.015754032880067825, 0.015034262090921402, 0.015002158470451832, 0.014900299720466137, 0.014565949328243732, 0.014636734500527382, 0.014459270983934402, 0.013834045268595219, 0.014622919261455536, 0.015430174767971039, 0.01541423425078392, 0.015900060534477234, 0.01531702745705843]
Training time: 2825 	steps per sec: 11
Eval num_timesteps=31744, episode_reward=nan +/- nan
Eval num_timesteps=31744, episode_success=nan +/- nan
se
16 16384 1024
diff [-0.44981083273887634, -0.09771303832530975, -0.00029750168323516846, -0.02239827811717987, -0.004953451454639435, 0.00029299408197402954, -0.006149221211671829, -0.008950956165790558, -0.005543943494558334, -0.007784711197018623, -0.007903143763542175, -0.006182646378874779, -0.008312785997986794, -0.006961306557059288, -0.004767654463648796, -0.006294967606663704, -0.0073278117924928665, -0.0051709627732634544, -0.00565633550286293, -0.0062847863882780075, -0.0060224393382668495, -0.006481853313744068, -0.006017000414431095, -0.006270693615078926, -0.006855182349681854, -0.006559818051755428, -0.00651838444173336, -0.0061228591948747635, -0.009265672415494919, -0.00553741492331028, -0.006805348210036755, -0.007840353064239025]
ref [0.9180951714515686, 0.3013083338737488, 0.13977542519569397, 0.11213816702365875, 0.07374875247478485, 0.053372930735349655, 0.051158495247364044, 0.045625120401382446, 0.036999206990003586, 0.03382708877325058, 0.031724218279123306, 0.02809472195804119, 0.027766747400164604, 0.024815378710627556, 0.020938068628311157, 0.021557500585913658, 0.02293713204562664, 0.020356949418783188, 0.021410368382930756, 0.02131904847919941, 0.02102459780871868, 0.021382153034210205, 0.020582949742674828, 0.020907428115606308, 0.021314453333616257, 0.020393863320350647, 0.021141303703188896, 0.021553033962845802, 0.02467990666627884, 0.021437475457787514, 0.022122375667095184, 0.022345898672938347]
[0.46828433871269226, 0.20359529554843903, 0.1394779235124588, 0.08973988890647888, 0.06879530102014542, 0.053665924817323685, 0.045009274035692215, 0.03667416423559189, 0.03145526349544525, 0.026042377576231956, 0.02382107451558113, 0.021912075579166412, 0.01945396140217781, 0.017854072153568268, 0.01617041416466236, 0.015262532979249954, 0.015609320253133774, 0.015185986645519733, 0.015754032880067825, 0.015034262090921402, 0.015002158470451832, 0.014900299720466137, 0.014565949328243732, 0.014636734500527382, 0.014459270983934402, 0.013834045268595219, 0.014622919261455536, 0.015430174767971039, 0.01541423425078392, 0.015900060534477234, 0.01531702745705843, 0.014505545608699322]
Training time: 2953 	steps per sec: 11
Eval num_timesteps=32768, episode_reward=nan +/- nan
Eval num_timesteps=32768, episode_success=nan +/- nan
results/Ant-v4/
results/Ant-v4/ppo_ros/
results/Ant-v4/ppo_ros/expert/
results/Ant-v4/ppo_ros/expert/b_16/
results/Ant-v4/ppo_ros/expert/b_16/no_clip_lambda/
results/Ant-v4/ppo_ros/expert/b_16/no_clip_lambda/run_0/
results/Ant-v4/ppo_ros/expert/b_16/no_clip_lambda/run_0/config.yml
results/Ant-v4/ppo_ros/expert/b_16/no_clip_lambda/run_0/evaluations.npz
results/Ant-v4/ppo_ros/expert/b_16/no_clip_lambda/run_0/stats.npz
