ppo_ros_continuous.py --env-id Ant-v4 -s expert/b_16/no_lambda --total-timesteps 32768 --eval-freq 1 --eval-episodes 0 -b 16 --num-steps 1024 -lr 0 --update-epochs 0 --anneal-lr 0 --ros-num-steps 256 --ros-update-epochs 16 --ros-target-kl 0.05 --ros-clip-coef 0.3 --ros-lambda 0 -ros-lr 0.0001 --ros-anneal-lr 0 --se 1 --se-freq 1 --se-lr 1e-3 --se-epochs 1000 --policy-path policies/Ant-v4/best_model.zip --normalization-dir policies/Ant-v4
Obtaining file:///var/lib/condor/execute/slot1/dir_30662/PPOROS/PPOROS/custom-envs
  Preparing metadata (setup.py): started
  Preparing metadata (setup.py): finished with status 'done'
Requirement already satisfied: gym in /var/lib/condor/execute/slot1/dir_30662/PPOROS/ppo-ros_env/lib/python3.9/site-packages (from custom-envs==0.0.1) (0.21.0)
Requirement already satisfied: numpy>=1.18.0 in /var/lib/condor/execute/slot1/dir_30662/PPOROS/ppo-ros_env/lib/python3.9/site-packages (from gym->custom-envs==0.0.1) (1.24.2)
Requirement already satisfied: cloudpickle>=1.2.0 in /var/lib/condor/execute/slot1/dir_30662/PPOROS/ppo-ros_env/lib/python3.9/site-packages (from gym->custom-envs==0.0.1) (2.2.1)
Installing collected packages: custom-envs
  Running setup.py develop for custom-envs
Successfully installed custom-envs-0.0.1
seed: 3
Eval num_timesteps=0, episode_reward=nan +/- nan
Eval num_timesteps=0, episode_success=nan +/- nan
se
1 1024 1024
diff [-0.5568516254425049]
ref [1.1749897003173828]
[0.6181380748748779]
Training time: 37 	steps per sec: 27
Eval num_timesteps=1024, episode_reward=nan +/- nan
Eval num_timesteps=1024, episode_success=nan +/- nan
se
2 2048 1024
diff [-0.5568516254425049, -0.05423919856548309]
ref [1.1749897003173828, 0.2478519082069397]
[0.6181380748748779, 0.1936127096414566]
Training time: 82 	steps per sec: 24
Eval num_timesteps=2048, episode_reward=nan +/- nan
Eval num_timesteps=2048, episode_success=nan +/- nan
se
3 3072 1024
diff [-0.5568516254425049, -0.05423919856548309, -0.0347287580370903]
ref [1.1749897003173828, 0.2478519082069397, 0.13685040175914764]
[0.6181380748748779, 0.1936127096414566, 0.10212164372205734]
Training time: 142 	steps per sec: 21
Eval num_timesteps=3072, episode_reward=nan +/- nan
Eval num_timesteps=3072, episode_success=nan +/- nan
se
4 4096 1024
diff [-0.5568516254425049, -0.05423919856548309, -0.0347287580370903, -0.03397294133901596]
ref [1.1749897003173828, 0.2478519082069397, 0.13685040175914764, 0.10191614925861359]
[0.6181380748748779, 0.1936127096414566, 0.10212164372205734, 0.06794320791959763]
Training time: 214 	steps per sec: 19
Eval num_timesteps=4096, episode_reward=nan +/- nan
Eval num_timesteps=4096, episode_success=nan +/- nan
se
5 5120 1024
diff [-0.5568516254425049, -0.05423919856548309, -0.0347287580370903, -0.03397294133901596, -0.022323820739984512]
ref [1.1749897003173828, 0.2478519082069397, 0.13685040175914764, 0.10191614925861359, 0.07877354323863983]
[0.6181380748748779, 0.1936127096414566, 0.10212164372205734, 0.06794320791959763, 0.05644972249865532]
Training time: 298 	steps per sec: 17
Eval num_timesteps=5120, episode_reward=nan +/- nan
Eval num_timesteps=5120, episode_success=nan +/- nan
se
6 6144 1024
diff [-0.5568516254425049, -0.05423919856548309, -0.0347287580370903, -0.03397294133901596, -0.022323820739984512, -0.019008789211511612]
ref [1.1749897003173828, 0.2478519082069397, 0.13685040175914764, 0.10191614925861359, 0.07877354323863983, 0.06454179435968399]
[0.6181380748748779, 0.1936127096414566, 0.10212164372205734, 0.06794320791959763, 0.05644972249865532, 0.04553300514817238]
Training time: 402 	steps per sec: 15
Eval num_timesteps=6144, episode_reward=nan +/- nan
Eval num_timesteps=6144, episode_success=nan +/- nan
se
7 7168 1024
diff [-0.5568516254425049, -0.05423919856548309, -0.0347287580370903, -0.03397294133901596, -0.022323820739984512, -0.019008789211511612, -0.016580484807491302]
ref [1.1749897003173828, 0.2478519082069397, 0.13685040175914764, 0.10191614925861359, 0.07877354323863983, 0.06454179435968399, 0.055163558572530746]
[0.6181380748748779, 0.1936127096414566, 0.10212164372205734, 0.06794320791959763, 0.05644972249865532, 0.04553300514817238, 0.038583073765039444]
Training time: 517 	steps per sec: 13
Eval num_timesteps=7168, episode_reward=nan +/- nan
Eval num_timesteps=7168, episode_success=nan +/- nan
se
8 8192 1024
diff [-0.5568516254425049, -0.05423919856548309, -0.0347287580370903, -0.03397294133901596, -0.022323820739984512, -0.019008789211511612, -0.016580484807491302, -0.015532422810792923]
ref [1.1749897003173828, 0.2478519082069397, 0.13685040175914764, 0.10191614925861359, 0.07877354323863983, 0.06454179435968399, 0.055163558572530746, 0.04833624139428139]
[0.6181380748748779, 0.1936127096414566, 0.10212164372205734, 0.06794320791959763, 0.05644972249865532, 0.04553300514817238, 0.038583073765039444, 0.032803818583488464]
Training time: 641 	steps per sec: 12
Eval num_timesteps=8192, episode_reward=nan +/- nan
Eval num_timesteps=8192, episode_success=nan +/- nan
se
9 9216 1024
diff [-0.5568516254425049, -0.05423919856548309, -0.0347287580370903, -0.03397294133901596, -0.022323820739984512, -0.019008789211511612, -0.016580484807491302, -0.015532422810792923, -0.00922359898686409]
ref [1.1749897003173828, 0.2478519082069397, 0.13685040175914764, 0.10191614925861359, 0.07877354323863983, 0.06454179435968399, 0.055163558572530746, 0.04833624139428139, 0.03748827427625656]
[0.6181380748748779, 0.1936127096414566, 0.10212164372205734, 0.06794320791959763, 0.05644972249865532, 0.04553300514817238, 0.038583073765039444, 0.032803818583488464, 0.02826467528939247]
Training time: 774 	steps per sec: 11
Eval num_timesteps=9216, episode_reward=nan +/- nan
Eval num_timesteps=9216, episode_success=nan +/- nan
se
10 10240 1024
diff [-0.5568516254425049, -0.05423919856548309, -0.0347287580370903, -0.03397294133901596, -0.022323820739984512, -0.019008789211511612, -0.016580484807491302, -0.015532422810792923, -0.00922359898686409, -0.01354810781776905]
ref [1.1749897003173828, 0.2478519082069397, 0.13685040175914764, 0.10191614925861359, 0.07877354323863983, 0.06454179435968399, 0.055163558572530746, 0.04833624139428139, 0.03748827427625656, 0.037665702402591705]
[0.6181380748748779, 0.1936127096414566, 0.10212164372205734, 0.06794320791959763, 0.05644972249865532, 0.04553300514817238, 0.038583073765039444, 0.032803818583488464, 0.02826467528939247, 0.024117594584822655]
Training time: 922 	steps per sec: 11
Eval num_timesteps=10240, episode_reward=nan +/- nan
Eval num_timesteps=10240, episode_success=nan +/- nan
se
11 11264 1024
diff [-0.5568516254425049, -0.05423919856548309, -0.0347287580370903, -0.03397294133901596, -0.022323820739984512, -0.019008789211511612, -0.016580484807491302, -0.015532422810792923, -0.00922359898686409, -0.01354810781776905, -0.007836610078811646]
ref [1.1749897003173828, 0.2478519082069397, 0.13685040175914764, 0.10191614925861359, 0.07877354323863983, 0.06454179435968399, 0.055163558572530746, 0.04833624139428139, 0.03748827427625656, 0.037665702402591705, 0.02842872031033039]
[0.6181380748748779, 0.1936127096414566, 0.10212164372205734, 0.06794320791959763, 0.05644972249865532, 0.04553300514817238, 0.038583073765039444, 0.032803818583488464, 0.02826467528939247, 0.024117594584822655, 0.020592110231518745]
Training time: 1090 	steps per sec: 10
Eval num_timesteps=11264, episode_reward=nan +/- nan
Eval num_timesteps=11264, episode_success=nan +/- nan
se
12 12288 1024
diff [-0.5568516254425049, -0.05423919856548309, -0.0347287580370903, -0.03397294133901596, -0.022323820739984512, -0.019008789211511612, -0.016580484807491302, -0.015532422810792923, -0.00922359898686409, -0.01354810781776905, -0.007836610078811646, -0.010487502440810204]
ref [1.1749897003173828, 0.2478519082069397, 0.13685040175914764, 0.10191614925861359, 0.07877354323863983, 0.06454179435968399, 0.055163558572530746, 0.04833624139428139, 0.03748827427625656, 0.037665702402591705, 0.02842872031033039, 0.029271839186549187]
[0.6181380748748779, 0.1936127096414566, 0.10212164372205734, 0.06794320791959763, 0.05644972249865532, 0.04553300514817238, 0.038583073765039444, 0.032803818583488464, 0.02826467528939247, 0.024117594584822655, 0.020592110231518745, 0.018784336745738983]
Training time: 1249 	steps per sec: 9
Eval num_timesteps=12288, episode_reward=nan +/- nan
Eval num_timesteps=12288, episode_success=nan +/- nan
se
13 13312 1024
diff [-0.5568516254425049, -0.05423919856548309, -0.0347287580370903, -0.03397294133901596, -0.022323820739984512, -0.019008789211511612, -0.016580484807491302, -0.015532422810792923, -0.00922359898686409, -0.01354810781776905, -0.007836610078811646, -0.010487502440810204, -0.010093437507748604]
ref [1.1749897003173828, 0.2478519082069397, 0.13685040175914764, 0.10191614925861359, 0.07877354323863983, 0.06454179435968399, 0.055163558572530746, 0.04833624139428139, 0.03748827427625656, 0.037665702402591705, 0.02842872031033039, 0.029271839186549187, 0.027131427079439163]
[0.6181380748748779, 0.1936127096414566, 0.10212164372205734, 0.06794320791959763, 0.05644972249865532, 0.04553300514817238, 0.038583073765039444, 0.032803818583488464, 0.02826467528939247, 0.024117594584822655, 0.020592110231518745, 0.018784336745738983, 0.01703798957169056]
Training time: 1426 	steps per sec: 9
Eval num_timesteps=13312, episode_reward=nan +/- nan
Eval num_timesteps=13312, episode_success=nan +/- nan
se
14 14336 1024
diff [-0.5568516254425049, -0.05423919856548309, -0.0347287580370903, -0.03397294133901596, -0.022323820739984512, -0.019008789211511612, -0.016580484807491302, -0.015532422810792923, -0.00922359898686409, -0.01354810781776905, -0.007836610078811646, -0.010487502440810204, -0.010093437507748604, -0.007998894900083542]
ref [1.1749897003173828, 0.2478519082069397, 0.13685040175914764, 0.10191614925861359, 0.07877354323863983, 0.06454179435968399, 0.055163558572530746, 0.04833624139428139, 0.03748827427625656, 0.037665702402591705, 0.02842872031033039, 0.029271839186549187, 0.027131427079439163, 0.024762196466326714]
[0.6181380748748779, 0.1936127096414566, 0.10212164372205734, 0.06794320791959763, 0.05644972249865532, 0.04553300514817238, 0.038583073765039444, 0.032803818583488464, 0.02826467528939247, 0.024117594584822655, 0.020592110231518745, 0.018784336745738983, 0.01703798957169056, 0.01676330156624317]
Training time: 1639 	steps per sec: 8
Eval num_timesteps=14336, episode_reward=nan +/- nan
Eval num_timesteps=14336, episode_success=nan +/- nan
se
15 15360 1024
diff [-0.5568516254425049, -0.05423919856548309, -0.0347287580370903, -0.03397294133901596, -0.022323820739984512, -0.019008789211511612, -0.016580484807491302, -0.015532422810792923, -0.00922359898686409, -0.01354810781776905, -0.007836610078811646, -0.010487502440810204, -0.010093437507748604, -0.007998894900083542, -0.0057228803634643555]
ref [1.1749897003173828, 0.2478519082069397, 0.13685040175914764, 0.10191614925861359, 0.07877354323863983, 0.06454179435968399, 0.055163558572530746, 0.04833624139428139, 0.03748827427625656, 0.037665702402591705, 0.02842872031033039, 0.029271839186549187, 0.027131427079439163, 0.024762196466326714, 0.020106228068470955]
[0.6181380748748779, 0.1936127096414566, 0.10212164372205734, 0.06794320791959763, 0.05644972249865532, 0.04553300514817238, 0.038583073765039444, 0.032803818583488464, 0.02826467528939247, 0.024117594584822655, 0.020592110231518745, 0.018784336745738983, 0.01703798957169056, 0.01676330156624317, 0.0143833477050066]
Training time: 1860 	steps per sec: 8
Eval num_timesteps=15360, episode_reward=nan +/- nan
Eval num_timesteps=15360, episode_success=nan +/- nan
se
16 16384 1024
diff [-0.5568516254425049, -0.05423919856548309, -0.0347287580370903, -0.03397294133901596, -0.022323820739984512, -0.019008789211511612, -0.016580484807491302, -0.015532422810792923, -0.00922359898686409, -0.01354810781776905, -0.007836610078811646, -0.010487502440810204, -0.010093437507748604, -0.007998894900083542, -0.0057228803634643555, -0.008304495364427567]
ref [1.1749897003173828, 0.2478519082069397, 0.13685040175914764, 0.10191614925861359, 0.07877354323863983, 0.06454179435968399, 0.055163558572530746, 0.04833624139428139, 0.03748827427625656, 0.037665702402591705, 0.02842872031033039, 0.029271839186549187, 0.027131427079439163, 0.024762196466326714, 0.020106228068470955, 0.021096939221024513]
[0.6181380748748779, 0.1936127096414566, 0.10212164372205734, 0.06794320791959763, 0.05644972249865532, 0.04553300514817238, 0.038583073765039444, 0.032803818583488464, 0.02826467528939247, 0.024117594584822655, 0.020592110231518745, 0.018784336745738983, 0.01703798957169056, 0.01676330156624317, 0.0143833477050066, 0.012792443856596947]
Training time: 2047 	steps per sec: 8
Eval num_timesteps=16384, episode_reward=nan +/- nan
Eval num_timesteps=16384, episode_success=nan +/- nan
se
16 16384 1024
diff [-0.5568516254425049, -0.05423919856548309, -0.0347287580370903, -0.03397294133901596, -0.022323820739984512, -0.019008789211511612, -0.016580484807491302, -0.015532422810792923, -0.00922359898686409, -0.01354810781776905, -0.007836610078811646, -0.010487502440810204, -0.010093437507748604, -0.007998894900083542, -0.0057228803634643555, -0.008304495364427567, -0.006267748773097992]
ref [1.1749897003173828, 0.2478519082069397, 0.13685040175914764, 0.10191614925861359, 0.07877354323863983, 0.06454179435968399, 0.055163558572530746, 0.04833624139428139, 0.03748827427625656, 0.037665702402591705, 0.02842872031033039, 0.029271839186549187, 0.027131427079439163, 0.024762196466326714, 0.020106228068470955, 0.021096939221024513, 0.019919708371162415]
[0.6181380748748779, 0.1936127096414566, 0.10212164372205734, 0.06794320791959763, 0.05644972249865532, 0.04553300514817238, 0.038583073765039444, 0.032803818583488464, 0.02826467528939247, 0.024117594584822655, 0.020592110231518745, 0.018784336745738983, 0.01703798957169056, 0.01676330156624317, 0.0143833477050066, 0.012792443856596947, 0.013651959598064423]
Training time: 2278 	steps per sec: 7
Eval num_timesteps=17408, episode_reward=nan +/- nan
Eval num_timesteps=17408, episode_success=nan +/- nan
se
16 16384 1024
diff [-0.5568516254425049, -0.05423919856548309, -0.0347287580370903, -0.03397294133901596, -0.022323820739984512, -0.019008789211511612, -0.016580484807491302, -0.015532422810792923, -0.00922359898686409, -0.01354810781776905, -0.007836610078811646, -0.010487502440810204, -0.010093437507748604, -0.007998894900083542, -0.0057228803634643555, -0.008304495364427567, -0.006267748773097992, -0.00649593211710453]
ref [1.1749897003173828, 0.2478519082069397, 0.13685040175914764, 0.10191614925861359, 0.07877354323863983, 0.06454179435968399, 0.055163558572530746, 0.04833624139428139, 0.03748827427625656, 0.037665702402591705, 0.02842872031033039, 0.029271839186549187, 0.027131427079439163, 0.024762196466326714, 0.020106228068470955, 0.021096939221024513, 0.019919708371162415, 0.020777137950062752]
[0.6181380748748779, 0.1936127096414566, 0.10212164372205734, 0.06794320791959763, 0.05644972249865532, 0.04553300514817238, 0.038583073765039444, 0.032803818583488464, 0.02826467528939247, 0.024117594584822655, 0.020592110231518745, 0.018784336745738983, 0.01703798957169056, 0.01676330156624317, 0.0143833477050066, 0.012792443856596947, 0.013651959598064423, 0.014281205832958221]
Training time: 2533 	steps per sec: 7
Eval num_timesteps=18432, episode_reward=nan +/- nan
Eval num_timesteps=18432, episode_success=nan +/- nan
se
16 16384 1024
diff [-0.5568516254425049, -0.05423919856548309, -0.0347287580370903, -0.03397294133901596, -0.022323820739984512, -0.019008789211511612, -0.016580484807491302, -0.015532422810792923, -0.00922359898686409, -0.01354810781776905, -0.007836610078811646, -0.010487502440810204, -0.010093437507748604, -0.007998894900083542, -0.0057228803634643555, -0.008304495364427567, -0.006267748773097992, -0.00649593211710453, -0.005648929625749588]
ref [1.1749897003173828, 0.2478519082069397, 0.13685040175914764, 0.10191614925861359, 0.07877354323863983, 0.06454179435968399, 0.055163558572530746, 0.04833624139428139, 0.03748827427625656, 0.037665702402591705, 0.02842872031033039, 0.029271839186549187, 0.027131427079439163, 0.024762196466326714, 0.020106228068470955, 0.021096939221024513, 0.019919708371162415, 0.020777137950062752, 0.02021043375134468]
[0.6181380748748779, 0.1936127096414566, 0.10212164372205734, 0.06794320791959763, 0.05644972249865532, 0.04553300514817238, 0.038583073765039444, 0.032803818583488464, 0.02826467528939247, 0.024117594584822655, 0.020592110231518745, 0.018784336745738983, 0.01703798957169056, 0.01676330156624317, 0.0143833477050066, 0.012792443856596947, 0.013651959598064423, 0.014281205832958221, 0.014561504125595093]
Training time: 2779 	steps per sec: 6
Eval num_timesteps=19456, episode_reward=nan +/- nan
Eval num_timesteps=19456, episode_success=nan +/- nan
se
16 16384 1024
diff [-0.5568516254425049, -0.05423919856548309, -0.0347287580370903, -0.03397294133901596, -0.022323820739984512, -0.019008789211511612, -0.016580484807491302, -0.015532422810792923, -0.00922359898686409, -0.01354810781776905, -0.007836610078811646, -0.010487502440810204, -0.010093437507748604, -0.007998894900083542, -0.0057228803634643555, -0.008304495364427567, -0.006267748773097992, -0.00649593211710453, -0.005648929625749588, -0.011415734887123108]
ref [1.1749897003173828, 0.2478519082069397, 0.13685040175914764, 0.10191614925861359, 0.07877354323863983, 0.06454179435968399, 0.055163558572530746, 0.04833624139428139, 0.03748827427625656, 0.037665702402591705, 0.02842872031033039, 0.029271839186549187, 0.027131427079439163, 0.024762196466326714, 0.020106228068470955, 0.021096939221024513, 0.019919708371162415, 0.020777137950062752, 0.02021043375134468, 0.02644658088684082]
[0.6181380748748779, 0.1936127096414566, 0.10212164372205734, 0.06794320791959763, 0.05644972249865532, 0.04553300514817238, 0.038583073765039444, 0.032803818583488464, 0.02826467528939247, 0.024117594584822655, 0.020592110231518745, 0.018784336745738983, 0.01703798957169056, 0.01676330156624317, 0.0143833477050066, 0.012792443856596947, 0.013651959598064423, 0.014281205832958221, 0.014561504125595093, 0.015030845999717712]
Training time: 3015 	steps per sec: 6
Eval num_timesteps=20480, episode_reward=nan +/- nan
Eval num_timesteps=20480, episode_success=nan +/- nan
se
16 16384 1024
diff [-0.5568516254425049, -0.05423919856548309, -0.0347287580370903, -0.03397294133901596, -0.022323820739984512, -0.019008789211511612, -0.016580484807491302, -0.015532422810792923, -0.00922359898686409, -0.01354810781776905, -0.007836610078811646, -0.010487502440810204, -0.010093437507748604, -0.007998894900083542, -0.0057228803634643555, -0.008304495364427567, -0.006267748773097992, -0.00649593211710453, -0.005648929625749588, -0.011415734887123108, -0.006293099373579025]
ref [1.1749897003173828, 0.2478519082069397, 0.13685040175914764, 0.10191614925861359, 0.07877354323863983, 0.06454179435968399, 0.055163558572530746, 0.04833624139428139, 0.03748827427625656, 0.037665702402591705, 0.02842872031033039, 0.029271839186549187, 0.027131427079439163, 0.024762196466326714, 0.020106228068470955, 0.021096939221024513, 0.019919708371162415, 0.020777137950062752, 0.02021043375134468, 0.02644658088684082, 0.021489854902029037]
[0.6181380748748779, 0.1936127096414566, 0.10212164372205734, 0.06794320791959763, 0.05644972249865532, 0.04553300514817238, 0.038583073765039444, 0.032803818583488464, 0.02826467528939247, 0.024117594584822655, 0.020592110231518745, 0.018784336745738983, 0.01703798957169056, 0.01676330156624317, 0.0143833477050066, 0.012792443856596947, 0.013651959598064423, 0.014281205832958221, 0.014561504125595093, 0.015030845999717712, 0.015196755528450012]
Training time: 3228 	steps per sec: 6
Eval num_timesteps=21504, episode_reward=nan +/- nan
Eval num_timesteps=21504, episode_success=nan +/- nan
se
16 16384 1024
diff [-0.5568516254425049, -0.05423919856548309, -0.0347287580370903, -0.03397294133901596, -0.022323820739984512, -0.019008789211511612, -0.016580484807491302, -0.015532422810792923, -0.00922359898686409, -0.01354810781776905, -0.007836610078811646, -0.010487502440810204, -0.010093437507748604, -0.007998894900083542, -0.0057228803634643555, -0.008304495364427567, -0.006267748773097992, -0.00649593211710453, -0.005648929625749588, -0.011415734887123108, -0.006293099373579025, -0.006733542308211327]
ref [1.1749897003173828, 0.2478519082069397, 0.13685040175914764, 0.10191614925861359, 0.07877354323863983, 0.06454179435968399, 0.055163558572530746, 0.04833624139428139, 0.03748827427625656, 0.037665702402591705, 0.02842872031033039, 0.029271839186549187, 0.027131427079439163, 0.024762196466326714, 0.020106228068470955, 0.021096939221024513, 0.019919708371162415, 0.020777137950062752, 0.02021043375134468, 0.02644658088684082, 0.021489854902029037, 0.02250327728688717]
[0.6181380748748779, 0.1936127096414566, 0.10212164372205734, 0.06794320791959763, 0.05644972249865532, 0.04553300514817238, 0.038583073765039444, 0.032803818583488464, 0.02826467528939247, 0.024117594584822655, 0.020592110231518745, 0.018784336745738983, 0.01703798957169056, 0.01676330156624317, 0.0143833477050066, 0.012792443856596947, 0.013651959598064423, 0.014281205832958221, 0.014561504125595093, 0.015030845999717712, 0.015196755528450012, 0.015769734978675842]
Training time: 3444 	steps per sec: 6
Eval num_timesteps=22528, episode_reward=nan +/- nan
Eval num_timesteps=22528, episode_success=nan +/- nan
se
16 16384 1024
diff [-0.5568516254425049, -0.05423919856548309, -0.0347287580370903, -0.03397294133901596, -0.022323820739984512, -0.019008789211511612, -0.016580484807491302, -0.015532422810792923, -0.00922359898686409, -0.01354810781776905, -0.007836610078811646, -0.010487502440810204, -0.010093437507748604, -0.007998894900083542, -0.0057228803634643555, -0.008304495364427567, -0.006267748773097992, -0.00649593211710453, -0.005648929625749588, -0.011415734887123108, -0.006293099373579025, -0.006733542308211327, -0.005210846662521362]
ref [1.1749897003173828, 0.2478519082069397, 0.13685040175914764, 0.10191614925861359, 0.07877354323863983, 0.06454179435968399, 0.055163558572530746, 0.04833624139428139, 0.03748827427625656, 0.037665702402591705, 0.02842872031033039, 0.029271839186549187, 0.027131427079439163, 0.024762196466326714, 0.020106228068470955, 0.021096939221024513, 0.019919708371162415, 0.020777137950062752, 0.02021043375134468, 0.02644658088684082, 0.021489854902029037, 0.02250327728688717, 0.021518167108297348]
[0.6181380748748779, 0.1936127096414566, 0.10212164372205734, 0.06794320791959763, 0.05644972249865532, 0.04553300514817238, 0.038583073765039444, 0.032803818583488464, 0.02826467528939247, 0.024117594584822655, 0.020592110231518745, 0.018784336745738983, 0.01703798957169056, 0.01676330156624317, 0.0143833477050066, 0.012792443856596947, 0.013651959598064423, 0.014281205832958221, 0.014561504125595093, 0.015030845999717712, 0.015196755528450012, 0.015769734978675842, 0.016307320445775986]
Training time: 3692 	steps per sec: 6
Eval num_timesteps=23552, episode_reward=nan +/- nan
Eval num_timesteps=23552, episode_success=nan +/- nan
se
16 16384 1024
diff [-0.5568516254425049, -0.05423919856548309, -0.0347287580370903, -0.03397294133901596, -0.022323820739984512, -0.019008789211511612, -0.016580484807491302, -0.015532422810792923, -0.00922359898686409, -0.01354810781776905, -0.007836610078811646, -0.010487502440810204, -0.010093437507748604, -0.007998894900083542, -0.0057228803634643555, -0.008304495364427567, -0.006267748773097992, -0.00649593211710453, -0.005648929625749588, -0.011415734887123108, -0.006293099373579025, -0.006733542308211327, -0.005210846662521362, -0.00412081740796566]
ref [1.1749897003173828, 0.2478519082069397, 0.13685040175914764, 0.10191614925861359, 0.07877354323863983, 0.06454179435968399, 0.055163558572530746, 0.04833624139428139, 0.03748827427625656, 0.037665702402591705, 0.02842872031033039, 0.029271839186549187, 0.027131427079439163, 0.024762196466326714, 0.020106228068470955, 0.021096939221024513, 0.019919708371162415, 0.020777137950062752, 0.02021043375134468, 0.02644658088684082, 0.021489854902029037, 0.02250327728688717, 0.021518167108297348, 0.020466934889554977]
[0.6181380748748779, 0.1936127096414566, 0.10212164372205734, 0.06794320791959763, 0.05644972249865532, 0.04553300514817238, 0.038583073765039444, 0.032803818583488464, 0.02826467528939247, 0.024117594584822655, 0.020592110231518745, 0.018784336745738983, 0.01703798957169056, 0.01676330156624317, 0.0143833477050066, 0.012792443856596947, 0.013651959598064423, 0.014281205832958221, 0.014561504125595093, 0.015030845999717712, 0.015196755528450012, 0.015769734978675842, 0.016307320445775986, 0.016346117481589317]
Training time: 3942 	steps per sec: 6
Eval num_timesteps=24576, episode_reward=nan +/- nan
Eval num_timesteps=24576, episode_success=nan +/- nan
se
16 16384 1024
diff [-0.5568516254425049, -0.05423919856548309, -0.0347287580370903, -0.03397294133901596, -0.022323820739984512, -0.019008789211511612, -0.016580484807491302, -0.015532422810792923, -0.00922359898686409, -0.01354810781776905, -0.007836610078811646, -0.010487502440810204, -0.010093437507748604, -0.007998894900083542, -0.0057228803634643555, -0.008304495364427567, -0.006267748773097992, -0.00649593211710453, -0.005648929625749588, -0.011415734887123108, -0.006293099373579025, -0.006733542308211327, -0.005210846662521362, -0.00412081740796566, -0.004420999437570572]
ref [1.1749897003173828, 0.2478519082069397, 0.13685040175914764, 0.10191614925861359, 0.07877354323863983, 0.06454179435968399, 0.055163558572530746, 0.04833624139428139, 0.03748827427625656, 0.037665702402591705, 0.02842872031033039, 0.029271839186549187, 0.027131427079439163, 0.024762196466326714, 0.020106228068470955, 0.021096939221024513, 0.019919708371162415, 0.020777137950062752, 0.02021043375134468, 0.02644658088684082, 0.021489854902029037, 0.02250327728688717, 0.021518167108297348, 0.020466934889554977, 0.02013208158314228]
[0.6181380748748779, 0.1936127096414566, 0.10212164372205734, 0.06794320791959763, 0.05644972249865532, 0.04553300514817238, 0.038583073765039444, 0.032803818583488464, 0.02826467528939247, 0.024117594584822655, 0.020592110231518745, 0.018784336745738983, 0.01703798957169056, 0.01676330156624317, 0.0143833477050066, 0.012792443856596947, 0.013651959598064423, 0.014281205832958221, 0.014561504125595093, 0.015030845999717712, 0.015196755528450012, 0.015769734978675842, 0.016307320445775986, 0.016346117481589317, 0.01571108214557171]
Training time: 4217 	steps per sec: 6
Eval num_timesteps=25600, episode_reward=nan +/- nan
Eval num_timesteps=25600, episode_success=nan +/- nan
se
16 16384 1024
diff [-0.5568516254425049, -0.05423919856548309, -0.0347287580370903, -0.03397294133901596, -0.022323820739984512, -0.019008789211511612, -0.016580484807491302, -0.015532422810792923, -0.00922359898686409, -0.01354810781776905, -0.007836610078811646, -0.010487502440810204, -0.010093437507748604, -0.007998894900083542, -0.0057228803634643555, -0.008304495364427567, -0.006267748773097992, -0.00649593211710453, -0.005648929625749588, -0.011415734887123108, -0.006293099373579025, -0.006733542308211327, -0.005210846662521362, -0.00412081740796566, -0.004420999437570572, -0.0043792761862277985]
ref [1.1749897003173828, 0.2478519082069397, 0.13685040175914764, 0.10191614925861359, 0.07877354323863983, 0.06454179435968399, 0.055163558572530746, 0.04833624139428139, 0.03748827427625656, 0.037665702402591705, 0.02842872031033039, 0.029271839186549187, 0.027131427079439163, 0.024762196466326714, 0.020106228068470955, 0.021096939221024513, 0.019919708371162415, 0.020777137950062752, 0.02021043375134468, 0.02644658088684082, 0.021489854902029037, 0.02250327728688717, 0.021518167108297348, 0.020466934889554977, 0.02013208158314228, 0.01887805201113224]
[0.6181380748748779, 0.1936127096414566, 0.10212164372205734, 0.06794320791959763, 0.05644972249865532, 0.04553300514817238, 0.038583073765039444, 0.032803818583488464, 0.02826467528939247, 0.024117594584822655, 0.020592110231518745, 0.018784336745738983, 0.01703798957169056, 0.01676330156624317, 0.0143833477050066, 0.012792443856596947, 0.013651959598064423, 0.014281205832958221, 0.014561504125595093, 0.015030845999717712, 0.015196755528450012, 0.015769734978675842, 0.016307320445775986, 0.016346117481589317, 0.01571108214557171, 0.014498775824904442]
Training time: 4480 	steps per sec: 5
Eval num_timesteps=26624, episode_reward=nan +/- nan
Eval num_timesteps=26624, episode_success=nan +/- nan
se
16 16384 1024
diff [-0.5568516254425049, -0.05423919856548309, -0.0347287580370903, -0.03397294133901596, -0.022323820739984512, -0.019008789211511612, -0.016580484807491302, -0.015532422810792923, -0.00922359898686409, -0.01354810781776905, -0.007836610078811646, -0.010487502440810204, -0.010093437507748604, -0.007998894900083542, -0.0057228803634643555, -0.008304495364427567, -0.006267748773097992, -0.00649593211710453, -0.005648929625749588, -0.011415734887123108, -0.006293099373579025, -0.006733542308211327, -0.005210846662521362, -0.00412081740796566, -0.004420999437570572, -0.0043792761862277985, -0.00802315678447485]
ref [1.1749897003173828, 0.2478519082069397, 0.13685040175914764, 0.10191614925861359, 0.07877354323863983, 0.06454179435968399, 0.055163558572530746, 0.04833624139428139, 0.03748827427625656, 0.037665702402591705, 0.02842872031033039, 0.029271839186549187, 0.027131427079439163, 0.024762196466326714, 0.020106228068470955, 0.021096939221024513, 0.019919708371162415, 0.020777137950062752, 0.02021043375134468, 0.02644658088684082, 0.021489854902029037, 0.02250327728688717, 0.021518167108297348, 0.020466934889554977, 0.02013208158314228, 0.01887805201113224, 0.02252003364264965]
[0.6181380748748779, 0.1936127096414566, 0.10212164372205734, 0.06794320791959763, 0.05644972249865532, 0.04553300514817238, 0.038583073765039444, 0.032803818583488464, 0.02826467528939247, 0.024117594584822655, 0.020592110231518745, 0.018784336745738983, 0.01703798957169056, 0.01676330156624317, 0.0143833477050066, 0.012792443856596947, 0.013651959598064423, 0.014281205832958221, 0.014561504125595093, 0.015030845999717712, 0.015196755528450012, 0.015769734978675842, 0.016307320445775986, 0.016346117481589317, 0.01571108214557171, 0.014498775824904442, 0.014496876858174801]
Training time: 4738 	steps per sec: 5
Eval num_timesteps=27648, episode_reward=nan +/- nan
Eval num_timesteps=27648, episode_success=nan +/- nan
se
16 16384 1024
diff [-0.5568516254425049, -0.05423919856548309, -0.0347287580370903, -0.03397294133901596, -0.022323820739984512, -0.019008789211511612, -0.016580484807491302, -0.015532422810792923, -0.00922359898686409, -0.01354810781776905, -0.007836610078811646, -0.010487502440810204, -0.010093437507748604, -0.007998894900083542, -0.0057228803634643555, -0.008304495364427567, -0.006267748773097992, -0.00649593211710453, -0.005648929625749588, -0.011415734887123108, -0.006293099373579025, -0.006733542308211327, -0.005210846662521362, -0.00412081740796566, -0.004420999437570572, -0.0043792761862277985, -0.00802315678447485, -0.00648047961294651]
ref [1.1749897003173828, 0.2478519082069397, 0.13685040175914764, 0.10191614925861359, 0.07877354323863983, 0.06454179435968399, 0.055163558572530746, 0.04833624139428139, 0.03748827427625656, 0.037665702402591705, 0.02842872031033039, 0.029271839186549187, 0.027131427079439163, 0.024762196466326714, 0.020106228068470955, 0.021096939221024513, 0.019919708371162415, 0.020777137950062752, 0.02021043375134468, 0.02644658088684082, 0.021489854902029037, 0.02250327728688717, 0.021518167108297348, 0.020466934889554977, 0.02013208158314228, 0.01887805201113224, 0.02252003364264965, 0.021091537550091743]
[0.6181380748748779, 0.1936127096414566, 0.10212164372205734, 0.06794320791959763, 0.05644972249865532, 0.04553300514817238, 0.038583073765039444, 0.032803818583488464, 0.02826467528939247, 0.024117594584822655, 0.020592110231518745, 0.018784336745738983, 0.01703798957169056, 0.01676330156624317, 0.0143833477050066, 0.012792443856596947, 0.013651959598064423, 0.014281205832958221, 0.014561504125595093, 0.015030845999717712, 0.015196755528450012, 0.015769734978675842, 0.016307320445775986, 0.016346117481589317, 0.01571108214557171, 0.014498775824904442, 0.014496876858174801, 0.014611057937145233]
Training time: 4969 	steps per sec: 5
Eval num_timesteps=28672, episode_reward=nan +/- nan
Eval num_timesteps=28672, episode_success=nan +/- nan
se
16 16384 1024
diff [-0.5568516254425049, -0.05423919856548309, -0.0347287580370903, -0.03397294133901596, -0.022323820739984512, -0.019008789211511612, -0.016580484807491302, -0.015532422810792923, -0.00922359898686409, -0.01354810781776905, -0.007836610078811646, -0.010487502440810204, -0.010093437507748604, -0.007998894900083542, -0.0057228803634643555, -0.008304495364427567, -0.006267748773097992, -0.00649593211710453, -0.005648929625749588, -0.011415734887123108, -0.006293099373579025, -0.006733542308211327, -0.005210846662521362, -0.00412081740796566, -0.004420999437570572, -0.0043792761862277985, -0.00802315678447485, -0.00648047961294651, -0.005665501579642296]
ref [1.1749897003173828, 0.2478519082069397, 0.13685040175914764, 0.10191614925861359, 0.07877354323863983, 0.06454179435968399, 0.055163558572530746, 0.04833624139428139, 0.03748827427625656, 0.037665702402591705, 0.02842872031033039, 0.029271839186549187, 0.027131427079439163, 0.024762196466326714, 0.020106228068470955, 0.021096939221024513, 0.019919708371162415, 0.020777137950062752, 0.02021043375134468, 0.02644658088684082, 0.021489854902029037, 0.02250327728688717, 0.021518167108297348, 0.020466934889554977, 0.02013208158314228, 0.01887805201113224, 0.02252003364264965, 0.021091537550091743, 0.021094979718327522]
[0.6181380748748779, 0.1936127096414566, 0.10212164372205734, 0.06794320791959763, 0.05644972249865532, 0.04553300514817238, 0.038583073765039444, 0.032803818583488464, 0.02826467528939247, 0.024117594584822655, 0.020592110231518745, 0.018784336745738983, 0.01703798957169056, 0.01676330156624317, 0.0143833477050066, 0.012792443856596947, 0.013651959598064423, 0.014281205832958221, 0.014561504125595093, 0.015030845999717712, 0.015196755528450012, 0.015769734978675842, 0.016307320445775986, 0.016346117481589317, 0.01571108214557171, 0.014498775824904442, 0.014496876858174801, 0.014611057937145233, 0.015429478138685226]
Training time: 5200 	steps per sec: 5
Eval num_timesteps=29696, episode_reward=nan +/- nan
Eval num_timesteps=29696, episode_success=nan +/- nan
se
16 16384 1024
diff [-0.5568516254425049, -0.05423919856548309, -0.0347287580370903, -0.03397294133901596, -0.022323820739984512, -0.019008789211511612, -0.016580484807491302, -0.015532422810792923, -0.00922359898686409, -0.01354810781776905, -0.007836610078811646, -0.010487502440810204, -0.010093437507748604, -0.007998894900083542, -0.0057228803634643555, -0.008304495364427567, -0.006267748773097992, -0.00649593211710453, -0.005648929625749588, -0.011415734887123108, -0.006293099373579025, -0.006733542308211327, -0.005210846662521362, -0.00412081740796566, -0.004420999437570572, -0.0043792761862277985, -0.00802315678447485, -0.00648047961294651, -0.005665501579642296, -0.0051278844475746155]
ref [1.1749897003173828, 0.2478519082069397, 0.13685040175914764, 0.10191614925861359, 0.07877354323863983, 0.06454179435968399, 0.055163558572530746, 0.04833624139428139, 0.03748827427625656, 0.037665702402591705, 0.02842872031033039, 0.029271839186549187, 0.027131427079439163, 0.024762196466326714, 0.020106228068470955, 0.021096939221024513, 0.019919708371162415, 0.020777137950062752, 0.02021043375134468, 0.02644658088684082, 0.021489854902029037, 0.02250327728688717, 0.021518167108297348, 0.020466934889554977, 0.02013208158314228, 0.01887805201113224, 0.02252003364264965, 0.021091537550091743, 0.021094979718327522, 0.02108839340507984]
[0.6181380748748779, 0.1936127096414566, 0.10212164372205734, 0.06794320791959763, 0.05644972249865532, 0.04553300514817238, 0.038583073765039444, 0.032803818583488464, 0.02826467528939247, 0.024117594584822655, 0.020592110231518745, 0.018784336745738983, 0.01703798957169056, 0.01676330156624317, 0.0143833477050066, 0.012792443856596947, 0.013651959598064423, 0.014281205832958221, 0.014561504125595093, 0.015030845999717712, 0.015196755528450012, 0.015769734978675842, 0.016307320445775986, 0.016346117481589317, 0.01571108214557171, 0.014498775824904442, 0.014496876858174801, 0.014611057937145233, 0.015429478138685226, 0.015960508957505226]
Training time: 5452 	steps per sec: 5
Eval num_timesteps=30720, episode_reward=nan +/- nan
Eval num_timesteps=30720, episode_success=nan +/- nan
se
16 16384 1024
diff [-0.5568516254425049, -0.05423919856548309, -0.0347287580370903, -0.03397294133901596, -0.022323820739984512, -0.019008789211511612, -0.016580484807491302, -0.015532422810792923, -0.00922359898686409, -0.01354810781776905, -0.007836610078811646, -0.010487502440810204, -0.010093437507748604, -0.007998894900083542, -0.0057228803634643555, -0.008304495364427567, -0.006267748773097992, -0.00649593211710453, -0.005648929625749588, -0.011415734887123108, -0.006293099373579025, -0.006733542308211327, -0.005210846662521362, -0.00412081740796566, -0.004420999437570572, -0.0043792761862277985, -0.00802315678447485, -0.00648047961294651, -0.005665501579642296, -0.0051278844475746155, -0.004120234400033951]
ref [1.1749897003173828, 0.2478519082069397, 0.13685040175914764, 0.10191614925861359, 0.07877354323863983, 0.06454179435968399, 0.055163558572530746, 0.04833624139428139, 0.03748827427625656, 0.037665702402591705, 0.02842872031033039, 0.029271839186549187, 0.027131427079439163, 0.024762196466326714, 0.020106228068470955, 0.021096939221024513, 0.019919708371162415, 0.020777137950062752, 0.02021043375134468, 0.02644658088684082, 0.021489854902029037, 0.02250327728688717, 0.021518167108297348, 0.020466934889554977, 0.02013208158314228, 0.01887805201113224, 0.02252003364264965, 0.021091537550091743, 0.021094979718327522, 0.02108839340507984, 0.020099470391869545]
[0.6181380748748779, 0.1936127096414566, 0.10212164372205734, 0.06794320791959763, 0.05644972249865532, 0.04553300514817238, 0.038583073765039444, 0.032803818583488464, 0.02826467528939247, 0.024117594584822655, 0.020592110231518745, 0.018784336745738983, 0.01703798957169056, 0.01676330156624317, 0.0143833477050066, 0.012792443856596947, 0.013651959598064423, 0.014281205832958221, 0.014561504125595093, 0.015030845999717712, 0.015196755528450012, 0.015769734978675842, 0.016307320445775986, 0.016346117481589317, 0.01571108214557171, 0.014498775824904442, 0.014496876858174801, 0.014611057937145233, 0.015429478138685226, 0.015960508957505226, 0.015979235991835594]
Training time: 5710 	steps per sec: 5
Eval num_timesteps=31744, episode_reward=nan +/- nan
Eval num_timesteps=31744, episode_success=nan +/- nan
se
16 16384 1024
diff [-0.5568516254425049, -0.05423919856548309, -0.0347287580370903, -0.03397294133901596, -0.022323820739984512, -0.019008789211511612, -0.016580484807491302, -0.015532422810792923, -0.00922359898686409, -0.01354810781776905, -0.007836610078811646, -0.010487502440810204, -0.010093437507748604, -0.007998894900083542, -0.0057228803634643555, -0.008304495364427567, -0.006267748773097992, -0.00649593211710453, -0.005648929625749588, -0.011415734887123108, -0.006293099373579025, -0.006733542308211327, -0.005210846662521362, -0.00412081740796566, -0.004420999437570572, -0.0043792761862277985, -0.00802315678447485, -0.00648047961294651, -0.005665501579642296, -0.0051278844475746155, -0.004120234400033951, -0.0032714512199163437]
ref [1.1749897003173828, 0.2478519082069397, 0.13685040175914764, 0.10191614925861359, 0.07877354323863983, 0.06454179435968399, 0.055163558572530746, 0.04833624139428139, 0.03748827427625656, 0.037665702402591705, 0.02842872031033039, 0.029271839186549187, 0.027131427079439163, 0.024762196466326714, 0.020106228068470955, 0.021096939221024513, 0.019919708371162415, 0.020777137950062752, 0.02021043375134468, 0.02644658088684082, 0.021489854902029037, 0.02250327728688717, 0.021518167108297348, 0.020466934889554977, 0.02013208158314228, 0.01887805201113224, 0.02252003364264965, 0.021091537550091743, 0.021094979718327522, 0.02108839340507984, 0.020099470391869545, 0.01980002224445343]
[0.6181380748748779, 0.1936127096414566, 0.10212164372205734, 0.06794320791959763, 0.05644972249865532, 0.04553300514817238, 0.038583073765039444, 0.032803818583488464, 0.02826467528939247, 0.024117594584822655, 0.020592110231518745, 0.018784336745738983, 0.01703798957169056, 0.01676330156624317, 0.0143833477050066, 0.012792443856596947, 0.013651959598064423, 0.014281205832958221, 0.014561504125595093, 0.015030845999717712, 0.015196755528450012, 0.015769734978675842, 0.016307320445775986, 0.016346117481589317, 0.01571108214557171, 0.014498775824904442, 0.014496876858174801, 0.014611057937145233, 0.015429478138685226, 0.015960508957505226, 0.015979235991835594, 0.016528571024537086]
Training time: 5955 	steps per sec: 5
Eval num_timesteps=32768, episode_reward=nan +/- nan
Eval num_timesteps=32768, episode_success=nan +/- nan
results/Ant-v4/
results/Ant-v4/ppo_ros/
results/Ant-v4/ppo_ros/expert/
results/Ant-v4/ppo_ros/expert/b_16/
results/Ant-v4/ppo_ros/expert/b_16/no_lambda/
results/Ant-v4/ppo_ros/expert/b_16/no_lambda/run_3/
results/Ant-v4/ppo_ros/expert/b_16/no_lambda/run_3/evaluations.npz
results/Ant-v4/ppo_ros/expert/b_16/no_lambda/run_3/stats.npz
results/Ant-v4/ppo_ros/expert/b_16/no_lambda/run_3/config.yml
