ppo_ros_continuous.py --env-id Humanoid-v4 -s expert/b_16/no_lambda --total-timesteps 32768 --eval-freq 1 --eval-episodes 0 -b 16 --num-steps 1024 -lr 0 --update-epochs 0 --anneal-lr 0 --ros-num-steps 256 --ros-update-epochs 16 --ros-target-kl 0.05 --ros-clip-coef 0.3 --ros-lambda 0 -ros-lr 0.0001 --ros-anneal-lr 0 --se 1 --se-freq 1 --se-lr 1e-3 --se-epochs 1000 --policy-path policies/Humanoid-v4/best_model.zip --normalization-dir policies/Humanoid-v4
Obtaining file:///var/lib/condor/execute/slot1/dir_1225693/PPOROS/PPOROS/custom-envs
  Preparing metadata (setup.py): started
  Preparing metadata (setup.py): finished with status 'done'
Requirement already satisfied: gym in /var/lib/condor/execute/slot1/dir_1225693/PPOROS/ppo-ros_env/lib/python3.9/site-packages (from custom-envs==0.0.1) (0.21.0)
Requirement already satisfied: numpy>=1.18.0 in /var/lib/condor/execute/slot1/dir_1225693/PPOROS/ppo-ros_env/lib/python3.9/site-packages (from gym->custom-envs==0.0.1) (1.24.2)
Requirement already satisfied: cloudpickle>=1.2.0 in /var/lib/condor/execute/slot1/dir_1225693/PPOROS/ppo-ros_env/lib/python3.9/site-packages (from gym->custom-envs==0.0.1) (2.2.1)
Installing collected packages: custom-envs
  Running setup.py develop for custom-envs
Successfully installed custom-envs-0.0.1
seed: 2
Eval num_timesteps=0, episode_reward=nan +/- nan
Eval num_timesteps=0, episode_success=nan +/- nan
se
1 1024 1024
diff [1.4099235534667969]
ref [2.2777373790740967]
[3.6876609325408936]
Training time: 22 	steps per sec: 45
Eval num_timesteps=1024, episode_reward=nan +/- nan
Eval num_timesteps=1024, episode_success=nan +/- nan
se
2 2048 1024
diff [1.4099235534667969, 0.020278453826904297]
ref [2.2777373790740967, 0.6690961122512817]
[3.6876609325408936, 0.689374566078186]
Training time: 59 	steps per sec: 34
Eval num_timesteps=2048, episode_reward=nan +/- nan
Eval num_timesteps=2048, episode_success=nan +/- nan
se
3 3072 1024
diff [1.4099235534667969, 0.020278453826904297, -0.08848622441291809]
ref [2.2777373790740967, 0.6690961122512817, 0.4468684196472168]
[3.6876609325408936, 0.689374566078186, 0.3583821952342987]
Training time: 111 	steps per sec: 27
Eval num_timesteps=3072, episode_reward=nan +/- nan
Eval num_timesteps=3072, episode_success=nan +/- nan
se
4 4096 1024
diff [1.4099235534667969, 0.020278453826904297, -0.08848622441291809, 0.008588641881942749]
ref [2.2777373790740967, 0.6690961122512817, 0.4468684196472168, 0.2610071003437042]
[3.6876609325408936, 0.689374566078186, 0.3583821952342987, 0.269595742225647]
Training time: 178 	steps per sec: 22
Eval num_timesteps=4096, episode_reward=nan +/- nan
Eval num_timesteps=4096, episode_success=nan +/- nan
se
5 5120 1024
diff [1.4099235534667969, 0.020278453826904297, -0.08848622441291809, 0.008588641881942749, 0.008053019642829895]
ref [2.2777373790740967, 0.6690961122512817, 0.4468684196472168, 0.2610071003437042, 0.1791277825832367]
[3.6876609325408936, 0.689374566078186, 0.3583821952342987, 0.269595742225647, 0.1871808022260666]
Training time: 260 	steps per sec: 19
Eval num_timesteps=5120, episode_reward=nan +/- nan
Eval num_timesteps=5120, episode_success=nan +/- nan
se
6 6144 1024
diff [1.4099235534667969, 0.020278453826904297, -0.08848622441291809, 0.008588641881942749, 0.008053019642829895, -0.025590062141418457]
ref [2.2777373790740967, 0.6690961122512817, 0.4468684196472168, 0.2610071003437042, 0.1791277825832367, 0.1669912487268448]
[3.6876609325408936, 0.689374566078186, 0.3583821952342987, 0.269595742225647, 0.1871808022260666, 0.14140118658542633]
Training time: 348 	steps per sec: 17
Eval num_timesteps=6144, episode_reward=nan +/- nan
Eval num_timesteps=6144, episode_success=nan +/- nan
se
7 7168 1024
diff [1.4099235534667969, 0.020278453826904297, -0.08848622441291809, 0.008588641881942749, 0.008053019642829895, -0.025590062141418457, -0.007428325712680817]
ref [2.2777373790740967, 0.6690961122512817, 0.4468684196472168, 0.2610071003437042, 0.1791277825832367, 0.1669912487268448, 0.11678556352853775]
[3.6876609325408936, 0.689374566078186, 0.3583821952342987, 0.269595742225647, 0.1871808022260666, 0.14140118658542633, 0.10935723781585693]
Training time: 444 	steps per sec: 16
Eval num_timesteps=7168, episode_reward=nan +/- nan
Eval num_timesteps=7168, episode_success=nan +/- nan
se
8 8192 1024
diff [1.4099235534667969, 0.020278453826904297, -0.08848622441291809, 0.008588641881942749, 0.008053019642829895, -0.025590062141418457, -0.007428325712680817, -0.01851285994052887]
ref [2.2777373790740967, 0.6690961122512817, 0.4468684196472168, 0.2610071003437042, 0.1791277825832367, 0.1669912487268448, 0.11678556352853775, 0.10583566129207611]
[3.6876609325408936, 0.689374566078186, 0.3583821952342987, 0.269595742225647, 0.1871808022260666, 0.14140118658542633, 0.10935723781585693, 0.08732280135154724]
Training time: 546 	steps per sec: 14
Eval num_timesteps=8192, episode_reward=nan +/- nan
Eval num_timesteps=8192, episode_success=nan +/- nan
se
9 9216 1024
diff [1.4099235534667969, 0.020278453826904297, -0.08848622441291809, 0.008588641881942749, 0.008053019642829895, -0.025590062141418457, -0.007428325712680817, -0.01851285994052887, -0.022941991686820984]
ref [2.2777373790740967, 0.6690961122512817, 0.4468684196472168, 0.2610071003437042, 0.1791277825832367, 0.1669912487268448, 0.11678556352853775, 0.10583566129207611, 0.09921018779277802]
[3.6876609325408936, 0.689374566078186, 0.3583821952342987, 0.269595742225647, 0.1871808022260666, 0.14140118658542633, 0.10935723781585693, 0.08732280135154724, 0.07626819610595703]
Training time: 659 	steps per sec: 13
Eval num_timesteps=9216, episode_reward=nan +/- nan
Eval num_timesteps=9216, episode_success=nan +/- nan
se
10 10240 1024
diff [1.4099235534667969, 0.020278453826904297, -0.08848622441291809, 0.008588641881942749, 0.008053019642829895, -0.025590062141418457, -0.007428325712680817, -0.01851285994052887, -0.022941991686820984, -0.012900307774543762]
ref [2.2777373790740967, 0.6690961122512817, 0.4468684196472168, 0.2610071003437042, 0.1791277825832367, 0.1669912487268448, 0.11678556352853775, 0.10583566129207611, 0.09921018779277802, 0.08000896871089935]
[3.6876609325408936, 0.689374566078186, 0.3583821952342987, 0.269595742225647, 0.1871808022260666, 0.14140118658542633, 0.10935723781585693, 0.08732280135154724, 0.07626819610595703, 0.06710866093635559]
Training time: 785 	steps per sec: 13
Eval num_timesteps=10240, episode_reward=nan +/- nan
Eval num_timesteps=10240, episode_success=nan +/- nan
se
11 11264 1024
diff [1.4099235534667969, 0.020278453826904297, -0.08848622441291809, 0.008588641881942749, 0.008053019642829895, -0.025590062141418457, -0.007428325712680817, -0.01851285994052887, -0.022941991686820984, -0.012900307774543762, -0.02072170376777649]
ref [2.2777373790740967, 0.6690961122512817, 0.4468684196472168, 0.2610071003437042, 0.1791277825832367, 0.1669912487268448, 0.11678556352853775, 0.10583566129207611, 0.09921018779277802, 0.08000896871089935, 0.0767408087849617]
[3.6876609325408936, 0.689374566078186, 0.3583821952342987, 0.269595742225647, 0.1871808022260666, 0.14140118658542633, 0.10935723781585693, 0.08732280135154724, 0.07626819610595703, 0.06710866093635559, 0.05601910501718521]
Training time: 932 	steps per sec: 12
Eval num_timesteps=11264, episode_reward=nan +/- nan
Eval num_timesteps=11264, episode_success=nan +/- nan
se
12 12288 1024
diff [1.4099235534667969, 0.020278453826904297, -0.08848622441291809, 0.008588641881942749, 0.008053019642829895, -0.025590062141418457, -0.007428325712680817, -0.01851285994052887, -0.022941991686820984, -0.012900307774543762, -0.02072170376777649, -0.01485668495297432]
ref [2.2777373790740967, 0.6690961122512817, 0.4468684196472168, 0.2610071003437042, 0.1791277825832367, 0.1669912487268448, 0.11678556352853775, 0.10583566129207611, 0.09921018779277802, 0.08000896871089935, 0.0767408087849617, 0.06349912285804749]
[3.6876609325408936, 0.689374566078186, 0.3583821952342987, 0.269595742225647, 0.1871808022260666, 0.14140118658542633, 0.10935723781585693, 0.08732280135154724, 0.07626819610595703, 0.06710866093635559, 0.05601910501718521, 0.048642437905073166]
Training time: 1090 	steps per sec: 11
Eval num_timesteps=12288, episode_reward=nan +/- nan
Eval num_timesteps=12288, episode_success=nan +/- nan
se
13 13312 1024
diff [1.4099235534667969, 0.020278453826904297, -0.08848622441291809, 0.008588641881942749, 0.008053019642829895, -0.025590062141418457, -0.007428325712680817, -0.01851285994052887, -0.022941991686820984, -0.012900307774543762, -0.02072170376777649, -0.01485668495297432, -0.015369072556495667]
ref [2.2777373790740967, 0.6690961122512817, 0.4468684196472168, 0.2610071003437042, 0.1791277825832367, 0.1669912487268448, 0.11678556352853775, 0.10583566129207611, 0.09921018779277802, 0.08000896871089935, 0.0767408087849617, 0.06349912285804749, 0.059108950197696686]
[3.6876609325408936, 0.689374566078186, 0.3583821952342987, 0.269595742225647, 0.1871808022260666, 0.14140118658542633, 0.10935723781585693, 0.08732280135154724, 0.07626819610595703, 0.06710866093635559, 0.05601910501718521, 0.048642437905073166, 0.04373987764120102]
Training time: 1258 	steps per sec: 10
Eval num_timesteps=13312, episode_reward=nan +/- nan
Eval num_timesteps=13312, episode_success=nan +/- nan
se
14 14336 1024
diff [1.4099235534667969, 0.020278453826904297, -0.08848622441291809, 0.008588641881942749, 0.008053019642829895, -0.025590062141418457, -0.007428325712680817, -0.01851285994052887, -0.022941991686820984, -0.012900307774543762, -0.02072170376777649, -0.01485668495297432, -0.015369072556495667, -0.014016170054674149]
ref [2.2777373790740967, 0.6690961122512817, 0.4468684196472168, 0.2610071003437042, 0.1791277825832367, 0.1669912487268448, 0.11678556352853775, 0.10583566129207611, 0.09921018779277802, 0.08000896871089935, 0.0767408087849617, 0.06349912285804749, 0.059108950197696686, 0.05507855489850044]
[3.6876609325408936, 0.689374566078186, 0.3583821952342987, 0.269595742225647, 0.1871808022260666, 0.14140118658542633, 0.10935723781585693, 0.08732280135154724, 0.07626819610595703, 0.06710866093635559, 0.05601910501718521, 0.048642437905073166, 0.04373987764120102, 0.041062384843826294]
Training time: 1446 	steps per sec: 9
Eval num_timesteps=14336, episode_reward=nan +/- nan
Eval num_timesteps=14336, episode_success=nan +/- nan
se
15 15360 1024
diff [1.4099235534667969, 0.020278453826904297, -0.08848622441291809, 0.008588641881942749, 0.008053019642829895, -0.025590062141418457, -0.007428325712680817, -0.01851285994052887, -0.022941991686820984, -0.012900307774543762, -0.02072170376777649, -0.01485668495297432, -0.015369072556495667, -0.014016170054674149, -0.009488467127084732]
ref [2.2777373790740967, 0.6690961122512817, 0.4468684196472168, 0.2610071003437042, 0.1791277825832367, 0.1669912487268448, 0.11678556352853775, 0.10583566129207611, 0.09921018779277802, 0.08000896871089935, 0.0767408087849617, 0.06349912285804749, 0.059108950197696686, 0.05507855489850044, 0.047266408801078796]
[3.6876609325408936, 0.689374566078186, 0.3583821952342987, 0.269595742225647, 0.1871808022260666, 0.14140118658542633, 0.10935723781585693, 0.08732280135154724, 0.07626819610595703, 0.06710866093635559, 0.05601910501718521, 0.048642437905073166, 0.04373987764120102, 0.041062384843826294, 0.037777941673994064]
Training time: 1608 	steps per sec: 9
Eval num_timesteps=15360, episode_reward=nan +/- nan
Eval num_timesteps=15360, episode_success=nan +/- nan
se
16 16384 1024
diff [1.4099235534667969, 0.020278453826904297, -0.08848622441291809, 0.008588641881942749, 0.008053019642829895, -0.025590062141418457, -0.007428325712680817, -0.01851285994052887, -0.022941991686820984, -0.012900307774543762, -0.02072170376777649, -0.01485668495297432, -0.015369072556495667, -0.014016170054674149, -0.009488467127084732, -0.009880922734737396]
ref [2.2777373790740967, 0.6690961122512817, 0.4468684196472168, 0.2610071003437042, 0.1791277825832367, 0.1669912487268448, 0.11678556352853775, 0.10583566129207611, 0.09921018779277802, 0.08000896871089935, 0.0767408087849617, 0.06349912285804749, 0.059108950197696686, 0.05507855489850044, 0.047266408801078796, 0.044316913932561874]
[3.6876609325408936, 0.689374566078186, 0.3583821952342987, 0.269595742225647, 0.1871808022260666, 0.14140118658542633, 0.10935723781585693, 0.08732280135154724, 0.07626819610595703, 0.06710866093635559, 0.05601910501718521, 0.048642437905073166, 0.04373987764120102, 0.041062384843826294, 0.037777941673994064, 0.03443599119782448]
Training time: 1792 	steps per sec: 9
Eval num_timesteps=16384, episode_reward=nan +/- nan
Eval num_timesteps=16384, episode_success=nan +/- nan
se
16 16384 1024
diff [1.4099235534667969, 0.020278453826904297, -0.08848622441291809, 0.008588641881942749, 0.008053019642829895, -0.025590062141418457, -0.007428325712680817, -0.01851285994052887, -0.022941991686820984, -0.012900307774543762, -0.02072170376777649, -0.01485668495297432, -0.015369072556495667, -0.014016170054674149, -0.009488467127084732, -0.009880922734737396, -0.009199943393468857]
ref [2.2777373790740967, 0.6690961122512817, 0.4468684196472168, 0.2610071003437042, 0.1791277825832367, 0.1669912487268448, 0.11678556352853775, 0.10583566129207611, 0.09921018779277802, 0.08000896871089935, 0.0767408087849617, 0.06349912285804749, 0.059108950197696686, 0.05507855489850044, 0.047266408801078796, 0.044316913932561874, 0.04316827654838562]
[3.6876609325408936, 0.689374566078186, 0.3583821952342987, 0.269595742225647, 0.1871808022260666, 0.14140118658542633, 0.10935723781585693, 0.08732280135154724, 0.07626819610595703, 0.06710866093635559, 0.05601910501718521, 0.048642437905073166, 0.04373987764120102, 0.041062384843826294, 0.037777941673994064, 0.03443599119782448, 0.03396833315491676]
Training time: 1993 	steps per sec: 8
Eval num_timesteps=17408, episode_reward=nan +/- nan
Eval num_timesteps=17408, episode_success=nan +/- nan
se
16 16384 1024
diff [1.4099235534667969, 0.020278453826904297, -0.08848622441291809, 0.008588641881942749, 0.008053019642829895, -0.025590062141418457, -0.007428325712680817, -0.01851285994052887, -0.022941991686820984, -0.012900307774543762, -0.02072170376777649, -0.01485668495297432, -0.015369072556495667, -0.014016170054674149, -0.009488467127084732, -0.009880922734737396, -0.009199943393468857, -0.01198507845401764]
ref [2.2777373790740967, 0.6690961122512817, 0.4468684196472168, 0.2610071003437042, 0.1791277825832367, 0.1669912487268448, 0.11678556352853775, 0.10583566129207611, 0.09921018779277802, 0.08000896871089935, 0.0767408087849617, 0.06349912285804749, 0.059108950197696686, 0.05507855489850044, 0.047266408801078796, 0.044316913932561874, 0.04316827654838562, 0.04676423221826553]
[3.6876609325408936, 0.689374566078186, 0.3583821952342987, 0.269595742225647, 0.1871808022260666, 0.14140118658542633, 0.10935723781585693, 0.08732280135154724, 0.07626819610595703, 0.06710866093635559, 0.05601910501718521, 0.048642437905073166, 0.04373987764120102, 0.041062384843826294, 0.037777941673994064, 0.03443599119782448, 0.03396833315491676, 0.034779153764247894]
Training time: 2209 	steps per sec: 8
Eval num_timesteps=18432, episode_reward=nan +/- nan
Eval num_timesteps=18432, episode_success=nan +/- nan
se
16 16384 1024
diff [1.4099235534667969, 0.020278453826904297, -0.08848622441291809, 0.008588641881942749, 0.008053019642829895, -0.025590062141418457, -0.007428325712680817, -0.01851285994052887, -0.022941991686820984, -0.012900307774543762, -0.02072170376777649, -0.01485668495297432, -0.015369072556495667, -0.014016170054674149, -0.009488467127084732, -0.009880922734737396, -0.009199943393468857, -0.01198507845401764, -0.010368973016738892]
ref [2.2777373790740967, 0.6690961122512817, 0.4468684196472168, 0.2610071003437042, 0.1791277825832367, 0.1669912487268448, 0.11678556352853775, 0.10583566129207611, 0.09921018779277802, 0.08000896871089935, 0.0767408087849617, 0.06349912285804749, 0.059108950197696686, 0.05507855489850044, 0.047266408801078796, 0.044316913932561874, 0.04316827654838562, 0.04676423221826553, 0.04519897699356079]
[3.6876609325408936, 0.689374566078186, 0.3583821952342987, 0.269595742225647, 0.1871808022260666, 0.14140118658542633, 0.10935723781585693, 0.08732280135154724, 0.07626819610595703, 0.06710866093635559, 0.05601910501718521, 0.048642437905073166, 0.04373987764120102, 0.041062384843826294, 0.037777941673994064, 0.03443599119782448, 0.03396833315491676, 0.034779153764247894, 0.0348300039768219]
Training time: 2447 	steps per sec: 7
Eval num_timesteps=19456, episode_reward=nan +/- nan
Eval num_timesteps=19456, episode_success=nan +/- nan
se
16 16384 1024
diff [1.4099235534667969, 0.020278453826904297, -0.08848622441291809, 0.008588641881942749, 0.008053019642829895, -0.025590062141418457, -0.007428325712680817, -0.01851285994052887, -0.022941991686820984, -0.012900307774543762, -0.02072170376777649, -0.01485668495297432, -0.015369072556495667, -0.014016170054674149, -0.009488467127084732, -0.009880922734737396, -0.009199943393468857, -0.01198507845401764, -0.010368973016738892, -0.010145466774702072]
ref [2.2777373790740967, 0.6690961122512817, 0.4468684196472168, 0.2610071003437042, 0.1791277825832367, 0.1669912487268448, 0.11678556352853775, 0.10583566129207611, 0.09921018779277802, 0.08000896871089935, 0.0767408087849617, 0.06349912285804749, 0.059108950197696686, 0.05507855489850044, 0.047266408801078796, 0.044316913932561874, 0.04316827654838562, 0.04676423221826553, 0.04519897699356079, 0.045570485293865204]
[3.6876609325408936, 0.689374566078186, 0.3583821952342987, 0.269595742225647, 0.1871808022260666, 0.14140118658542633, 0.10935723781585693, 0.08732280135154724, 0.07626819610595703, 0.06710866093635559, 0.05601910501718521, 0.048642437905073166, 0.04373987764120102, 0.041062384843826294, 0.037777941673994064, 0.03443599119782448, 0.03396833315491676, 0.034779153764247894, 0.0348300039768219, 0.03542501851916313]
Training time: 2659 	steps per sec: 7
Eval num_timesteps=20480, episode_reward=nan +/- nan
Eval num_timesteps=20480, episode_success=nan +/- nan
se
16 16384 1024
diff [1.4099235534667969, 0.020278453826904297, -0.08848622441291809, 0.008588641881942749, 0.008053019642829895, -0.025590062141418457, -0.007428325712680817, -0.01851285994052887, -0.022941991686820984, -0.012900307774543762, -0.02072170376777649, -0.01485668495297432, -0.015369072556495667, -0.014016170054674149, -0.009488467127084732, -0.009880922734737396, -0.009199943393468857, -0.01198507845401764, -0.010368973016738892, -0.010145466774702072, -0.009801052510738373]
ref [2.2777373790740967, 0.6690961122512817, 0.4468684196472168, 0.2610071003437042, 0.1791277825832367, 0.1669912487268448, 0.11678556352853775, 0.10583566129207611, 0.09921018779277802, 0.08000896871089935, 0.0767408087849617, 0.06349912285804749, 0.059108950197696686, 0.05507855489850044, 0.047266408801078796, 0.044316913932561874, 0.04316827654838562, 0.04676423221826553, 0.04519897699356079, 0.045570485293865204, 0.043829191476106644]
[3.6876609325408936, 0.689374566078186, 0.3583821952342987, 0.269595742225647, 0.1871808022260666, 0.14140118658542633, 0.10935723781585693, 0.08732280135154724, 0.07626819610595703, 0.06710866093635559, 0.05601910501718521, 0.048642437905073166, 0.04373987764120102, 0.041062384843826294, 0.037777941673994064, 0.03443599119782448, 0.03396833315491676, 0.034779153764247894, 0.0348300039768219, 0.03542501851916313, 0.03402813896536827]
Training time: 2860 	steps per sec: 7
Eval num_timesteps=21504, episode_reward=nan +/- nan
Eval num_timesteps=21504, episode_success=nan +/- nan
se
16 16384 1024
diff [1.4099235534667969, 0.020278453826904297, -0.08848622441291809, 0.008588641881942749, 0.008053019642829895, -0.025590062141418457, -0.007428325712680817, -0.01851285994052887, -0.022941991686820984, -0.012900307774543762, -0.02072170376777649, -0.01485668495297432, -0.015369072556495667, -0.014016170054674149, -0.009488467127084732, -0.009880922734737396, -0.009199943393468857, -0.01198507845401764, -0.010368973016738892, -0.010145466774702072, -0.009801052510738373, -0.009259026497602463]
ref [2.2777373790740967, 0.6690961122512817, 0.4468684196472168, 0.2610071003437042, 0.1791277825832367, 0.1669912487268448, 0.11678556352853775, 0.10583566129207611, 0.09921018779277802, 0.08000896871089935, 0.0767408087849617, 0.06349912285804749, 0.059108950197696686, 0.05507855489850044, 0.047266408801078796, 0.044316913932561874, 0.04316827654838562, 0.04676423221826553, 0.04519897699356079, 0.045570485293865204, 0.043829191476106644, 0.04422982409596443]
[3.6876609325408936, 0.689374566078186, 0.3583821952342987, 0.269595742225647, 0.1871808022260666, 0.14140118658542633, 0.10935723781585693, 0.08732280135154724, 0.07626819610595703, 0.06710866093635559, 0.05601910501718521, 0.048642437905073166, 0.04373987764120102, 0.041062384843826294, 0.037777941673994064, 0.03443599119782448, 0.03396833315491676, 0.034779153764247894, 0.0348300039768219, 0.03542501851916313, 0.03402813896536827, 0.03497079759836197]
Training time: 3076 	steps per sec: 7
Eval num_timesteps=22528, episode_reward=nan +/- nan
Eval num_timesteps=22528, episode_success=nan +/- nan
se
16 16384 1024
diff [1.4099235534667969, 0.020278453826904297, -0.08848622441291809, 0.008588641881942749, 0.008053019642829895, -0.025590062141418457, -0.007428325712680817, -0.01851285994052887, -0.022941991686820984, -0.012900307774543762, -0.02072170376777649, -0.01485668495297432, -0.015369072556495667, -0.014016170054674149, -0.009488467127084732, -0.009880922734737396, -0.009199943393468857, -0.01198507845401764, -0.010368973016738892, -0.010145466774702072, -0.009801052510738373, -0.009259026497602463, -0.007094584405422211]
ref [2.2777373790740967, 0.6690961122512817, 0.4468684196472168, 0.2610071003437042, 0.1791277825832367, 0.1669912487268448, 0.11678556352853775, 0.10583566129207611, 0.09921018779277802, 0.08000896871089935, 0.0767408087849617, 0.06349912285804749, 0.059108950197696686, 0.05507855489850044, 0.047266408801078796, 0.044316913932561874, 0.04316827654838562, 0.04676423221826553, 0.04519897699356079, 0.045570485293865204, 0.043829191476106644, 0.04422982409596443, 0.04261837899684906]
[3.6876609325408936, 0.689374566078186, 0.3583821952342987, 0.269595742225647, 0.1871808022260666, 0.14140118658542633, 0.10935723781585693, 0.08732280135154724, 0.07626819610595703, 0.06710866093635559, 0.05601910501718521, 0.048642437905073166, 0.04373987764120102, 0.041062384843826294, 0.037777941673994064, 0.03443599119782448, 0.03396833315491676, 0.034779153764247894, 0.0348300039768219, 0.03542501851916313, 0.03402813896536827, 0.03497079759836197, 0.03552379459142685]
Training time: 3307 	steps per sec: 7
Eval num_timesteps=23552, episode_reward=nan +/- nan
Eval num_timesteps=23552, episode_success=nan +/- nan
se
16 16384 1024
diff [1.4099235534667969, 0.020278453826904297, -0.08848622441291809, 0.008588641881942749, 0.008053019642829895, -0.025590062141418457, -0.007428325712680817, -0.01851285994052887, -0.022941991686820984, -0.012900307774543762, -0.02072170376777649, -0.01485668495297432, -0.015369072556495667, -0.014016170054674149, -0.009488467127084732, -0.009880922734737396, -0.009199943393468857, -0.01198507845401764, -0.010368973016738892, -0.010145466774702072, -0.009801052510738373, -0.009259026497602463, -0.007094584405422211, -0.008720997720956802]
ref [2.2777373790740967, 0.6690961122512817, 0.4468684196472168, 0.2610071003437042, 0.1791277825832367, 0.1669912487268448, 0.11678556352853775, 0.10583566129207611, 0.09921018779277802, 0.08000896871089935, 0.0767408087849617, 0.06349912285804749, 0.059108950197696686, 0.05507855489850044, 0.047266408801078796, 0.044316913932561874, 0.04316827654838562, 0.04676423221826553, 0.04519897699356079, 0.045570485293865204, 0.043829191476106644, 0.04422982409596443, 0.04261837899684906, 0.0450851209461689]
[3.6876609325408936, 0.689374566078186, 0.3583821952342987, 0.269595742225647, 0.1871808022260666, 0.14140118658542633, 0.10935723781585693, 0.08732280135154724, 0.07626819610595703, 0.06710866093635559, 0.05601910501718521, 0.048642437905073166, 0.04373987764120102, 0.041062384843826294, 0.037777941673994064, 0.03443599119782448, 0.03396833315491676, 0.034779153764247894, 0.0348300039768219, 0.03542501851916313, 0.03402813896536827, 0.03497079759836197, 0.03552379459142685, 0.0363641232252121]
Training time: 3527 	steps per sec: 6
Eval num_timesteps=24576, episode_reward=nan +/- nan
Eval num_timesteps=24576, episode_success=nan +/- nan
se
16 16384 1024
diff [1.4099235534667969, 0.020278453826904297, -0.08848622441291809, 0.008588641881942749, 0.008053019642829895, -0.025590062141418457, -0.007428325712680817, -0.01851285994052887, -0.022941991686820984, -0.012900307774543762, -0.02072170376777649, -0.01485668495297432, -0.015369072556495667, -0.014016170054674149, -0.009488467127084732, -0.009880922734737396, -0.009199943393468857, -0.01198507845401764, -0.010368973016738892, -0.010145466774702072, -0.009801052510738373, -0.009259026497602463, -0.007094584405422211, -0.008720997720956802, -0.010742716491222382]
ref [2.2777373790740967, 0.6690961122512817, 0.4468684196472168, 0.2610071003437042, 0.1791277825832367, 0.1669912487268448, 0.11678556352853775, 0.10583566129207611, 0.09921018779277802, 0.08000896871089935, 0.0767408087849617, 0.06349912285804749, 0.059108950197696686, 0.05507855489850044, 0.047266408801078796, 0.044316913932561874, 0.04316827654838562, 0.04676423221826553, 0.04519897699356079, 0.045570485293865204, 0.043829191476106644, 0.04422982409596443, 0.04261837899684906, 0.0450851209461689, 0.046167243272066116]
[3.6876609325408936, 0.689374566078186, 0.3583821952342987, 0.269595742225647, 0.1871808022260666, 0.14140118658542633, 0.10935723781585693, 0.08732280135154724, 0.07626819610595703, 0.06710866093635559, 0.05601910501718521, 0.048642437905073166, 0.04373987764120102, 0.041062384843826294, 0.037777941673994064, 0.03443599119782448, 0.03396833315491676, 0.034779153764247894, 0.0348300039768219, 0.03542501851916313, 0.03402813896536827, 0.03497079759836197, 0.03552379459142685, 0.0363641232252121, 0.035424526780843735]
Training time: 3745 	steps per sec: 6
Eval num_timesteps=25600, episode_reward=nan +/- nan
Eval num_timesteps=25600, episode_success=nan +/- nan
se
16 16384 1024
diff [1.4099235534667969, 0.020278453826904297, -0.08848622441291809, 0.008588641881942749, 0.008053019642829895, -0.025590062141418457, -0.007428325712680817, -0.01851285994052887, -0.022941991686820984, -0.012900307774543762, -0.02072170376777649, -0.01485668495297432, -0.015369072556495667, -0.014016170054674149, -0.009488467127084732, -0.009880922734737396, -0.009199943393468857, -0.01198507845401764, -0.010368973016738892, -0.010145466774702072, -0.009801052510738373, -0.009259026497602463, -0.007094584405422211, -0.008720997720956802, -0.010742716491222382, -0.01083497703075409]
ref [2.2777373790740967, 0.6690961122512817, 0.4468684196472168, 0.2610071003437042, 0.1791277825832367, 0.1669912487268448, 0.11678556352853775, 0.10583566129207611, 0.09921018779277802, 0.08000896871089935, 0.0767408087849617, 0.06349912285804749, 0.059108950197696686, 0.05507855489850044, 0.047266408801078796, 0.044316913932561874, 0.04316827654838562, 0.04676423221826553, 0.04519897699356079, 0.045570485293865204, 0.043829191476106644, 0.04422982409596443, 0.04261837899684906, 0.0450851209461689, 0.046167243272066116, 0.04605269432067871]
[3.6876609325408936, 0.689374566078186, 0.3583821952342987, 0.269595742225647, 0.1871808022260666, 0.14140118658542633, 0.10935723781585693, 0.08732280135154724, 0.07626819610595703, 0.06710866093635559, 0.05601910501718521, 0.048642437905073166, 0.04373987764120102, 0.041062384843826294, 0.037777941673994064, 0.03443599119782448, 0.03396833315491676, 0.034779153764247894, 0.0348300039768219, 0.03542501851916313, 0.03402813896536827, 0.03497079759836197, 0.03552379459142685, 0.0363641232252121, 0.035424526780843735, 0.03521771728992462]
Training time: 3977 	steps per sec: 6
Eval num_timesteps=26624, episode_reward=nan +/- nan
Eval num_timesteps=26624, episode_success=nan +/- nan
se
16 16384 1024
diff [1.4099235534667969, 0.020278453826904297, -0.08848622441291809, 0.008588641881942749, 0.008053019642829895, -0.025590062141418457, -0.007428325712680817, -0.01851285994052887, -0.022941991686820984, -0.012900307774543762, -0.02072170376777649, -0.01485668495297432, -0.015369072556495667, -0.014016170054674149, -0.009488467127084732, -0.009880922734737396, -0.009199943393468857, -0.01198507845401764, -0.010368973016738892, -0.010145466774702072, -0.009801052510738373, -0.009259026497602463, -0.007094584405422211, -0.008720997720956802, -0.010742716491222382, -0.01083497703075409, -0.007298335433006287]
ref [2.2777373790740967, 0.6690961122512817, 0.4468684196472168, 0.2610071003437042, 0.1791277825832367, 0.1669912487268448, 0.11678556352853775, 0.10583566129207611, 0.09921018779277802, 0.08000896871089935, 0.0767408087849617, 0.06349912285804749, 0.059108950197696686, 0.05507855489850044, 0.047266408801078796, 0.044316913932561874, 0.04316827654838562, 0.04676423221826553, 0.04519897699356079, 0.045570485293865204, 0.043829191476106644, 0.04422982409596443, 0.04261837899684906, 0.0450851209461689, 0.046167243272066116, 0.04605269432067871, 0.041902244091033936]
[3.6876609325408936, 0.689374566078186, 0.3583821952342987, 0.269595742225647, 0.1871808022260666, 0.14140118658542633, 0.10935723781585693, 0.08732280135154724, 0.07626819610595703, 0.06710866093635559, 0.05601910501718521, 0.048642437905073166, 0.04373987764120102, 0.041062384843826294, 0.037777941673994064, 0.03443599119782448, 0.03396833315491676, 0.034779153764247894, 0.0348300039768219, 0.03542501851916313, 0.03402813896536827, 0.03497079759836197, 0.03552379459142685, 0.0363641232252121, 0.035424526780843735, 0.03521771728992462, 0.03460390865802765]
Training time: 4157 	steps per sec: 6
Eval num_timesteps=27648, episode_reward=nan +/- nan
Eval num_timesteps=27648, episode_success=nan +/- nan
se
16 16384 1024
diff [1.4099235534667969, 0.020278453826904297, -0.08848622441291809, 0.008588641881942749, 0.008053019642829895, -0.025590062141418457, -0.007428325712680817, -0.01851285994052887, -0.022941991686820984, -0.012900307774543762, -0.02072170376777649, -0.01485668495297432, -0.015369072556495667, -0.014016170054674149, -0.009488467127084732, -0.009880922734737396, -0.009199943393468857, -0.01198507845401764, -0.010368973016738892, -0.010145466774702072, -0.009801052510738373, -0.009259026497602463, -0.007094584405422211, -0.008720997720956802, -0.010742716491222382, -0.01083497703075409, -0.007298335433006287, -0.014012463390827179]
ref [2.2777373790740967, 0.6690961122512817, 0.4468684196472168, 0.2610071003437042, 0.1791277825832367, 0.1669912487268448, 0.11678556352853775, 0.10583566129207611, 0.09921018779277802, 0.08000896871089935, 0.0767408087849617, 0.06349912285804749, 0.059108950197696686, 0.05507855489850044, 0.047266408801078796, 0.044316913932561874, 0.04316827654838562, 0.04676423221826553, 0.04519897699356079, 0.045570485293865204, 0.043829191476106644, 0.04422982409596443, 0.04261837899684906, 0.0450851209461689, 0.046167243272066116, 0.04605269432067871, 0.041902244091033936, 0.04824107140302658]
[3.6876609325408936, 0.689374566078186, 0.3583821952342987, 0.269595742225647, 0.1871808022260666, 0.14140118658542633, 0.10935723781585693, 0.08732280135154724, 0.07626819610595703, 0.06710866093635559, 0.05601910501718521, 0.048642437905073166, 0.04373987764120102, 0.041062384843826294, 0.037777941673994064, 0.03443599119782448, 0.03396833315491676, 0.034779153764247894, 0.0348300039768219, 0.03542501851916313, 0.03402813896536827, 0.03497079759836197, 0.03552379459142685, 0.0363641232252121, 0.035424526780843735, 0.03521771728992462, 0.03460390865802765, 0.0342286080121994]
Training time: 4375 	steps per sec: 6
Eval num_timesteps=28672, episode_reward=nan +/- nan
Eval num_timesteps=28672, episode_success=nan +/- nan
se
16 16384 1024
diff [1.4099235534667969, 0.020278453826904297, -0.08848622441291809, 0.008588641881942749, 0.008053019642829895, -0.025590062141418457, -0.007428325712680817, -0.01851285994052887, -0.022941991686820984, -0.012900307774543762, -0.02072170376777649, -0.01485668495297432, -0.015369072556495667, -0.014016170054674149, -0.009488467127084732, -0.009880922734737396, -0.009199943393468857, -0.01198507845401764, -0.010368973016738892, -0.010145466774702072, -0.009801052510738373, -0.009259026497602463, -0.007094584405422211, -0.008720997720956802, -0.010742716491222382, -0.01083497703075409, -0.007298335433006287, -0.014012463390827179, -0.009077426046133041]
ref [2.2777373790740967, 0.6690961122512817, 0.4468684196472168, 0.2610071003437042, 0.1791277825832367, 0.1669912487268448, 0.11678556352853775, 0.10583566129207611, 0.09921018779277802, 0.08000896871089935, 0.0767408087849617, 0.06349912285804749, 0.059108950197696686, 0.05507855489850044, 0.047266408801078796, 0.044316913932561874, 0.04316827654838562, 0.04676423221826553, 0.04519897699356079, 0.045570485293865204, 0.043829191476106644, 0.04422982409596443, 0.04261837899684906, 0.0450851209461689, 0.046167243272066116, 0.04605269432067871, 0.041902244091033936, 0.04824107140302658, 0.04342665895819664]
[3.6876609325408936, 0.689374566078186, 0.3583821952342987, 0.269595742225647, 0.1871808022260666, 0.14140118658542633, 0.10935723781585693, 0.08732280135154724, 0.07626819610595703, 0.06710866093635559, 0.05601910501718521, 0.048642437905073166, 0.04373987764120102, 0.041062384843826294, 0.037777941673994064, 0.03443599119782448, 0.03396833315491676, 0.034779153764247894, 0.0348300039768219, 0.03542501851916313, 0.03402813896536827, 0.03497079759836197, 0.03552379459142685, 0.0363641232252121, 0.035424526780843735, 0.03521771728992462, 0.03460390865802765, 0.0342286080121994, 0.0343492329120636]
Training time: 4575 	steps per sec: 6
Eval num_timesteps=29696, episode_reward=nan +/- nan
Eval num_timesteps=29696, episode_success=nan +/- nan
se
16 16384 1024
diff [1.4099235534667969, 0.020278453826904297, -0.08848622441291809, 0.008588641881942749, 0.008053019642829895, -0.025590062141418457, -0.007428325712680817, -0.01851285994052887, -0.022941991686820984, -0.012900307774543762, -0.02072170376777649, -0.01485668495297432, -0.015369072556495667, -0.014016170054674149, -0.009488467127084732, -0.009880922734737396, -0.009199943393468857, -0.01198507845401764, -0.010368973016738892, -0.010145466774702072, -0.009801052510738373, -0.009259026497602463, -0.007094584405422211, -0.008720997720956802, -0.010742716491222382, -0.01083497703075409, -0.007298335433006287, -0.014012463390827179, -0.009077426046133041, -0.010300487279891968]
ref [2.2777373790740967, 0.6690961122512817, 0.4468684196472168, 0.2610071003437042, 0.1791277825832367, 0.1669912487268448, 0.11678556352853775, 0.10583566129207611, 0.09921018779277802, 0.08000896871089935, 0.0767408087849617, 0.06349912285804749, 0.059108950197696686, 0.05507855489850044, 0.047266408801078796, 0.044316913932561874, 0.04316827654838562, 0.04676423221826553, 0.04519897699356079, 0.045570485293865204, 0.043829191476106644, 0.04422982409596443, 0.04261837899684906, 0.0450851209461689, 0.046167243272066116, 0.04605269432067871, 0.041902244091033936, 0.04824107140302658, 0.04342665895819664, 0.045734819024801254]
[3.6876609325408936, 0.689374566078186, 0.3583821952342987, 0.269595742225647, 0.1871808022260666, 0.14140118658542633, 0.10935723781585693, 0.08732280135154724, 0.07626819610595703, 0.06710866093635559, 0.05601910501718521, 0.048642437905073166, 0.04373987764120102, 0.041062384843826294, 0.037777941673994064, 0.03443599119782448, 0.03396833315491676, 0.034779153764247894, 0.0348300039768219, 0.03542501851916313, 0.03402813896536827, 0.03497079759836197, 0.03552379459142685, 0.0363641232252121, 0.035424526780843735, 0.03521771728992462, 0.03460390865802765, 0.0342286080121994, 0.0343492329120636, 0.035434331744909286]
Training time: 4773 	steps per sec: 6
Eval num_timesteps=30720, episode_reward=nan +/- nan
Eval num_timesteps=30720, episode_success=nan +/- nan
se
16 16384 1024
diff [1.4099235534667969, 0.020278453826904297, -0.08848622441291809, 0.008588641881942749, 0.008053019642829895, -0.025590062141418457, -0.007428325712680817, -0.01851285994052887, -0.022941991686820984, -0.012900307774543762, -0.02072170376777649, -0.01485668495297432, -0.015369072556495667, -0.014016170054674149, -0.009488467127084732, -0.009880922734737396, -0.009199943393468857, -0.01198507845401764, -0.010368973016738892, -0.010145466774702072, -0.009801052510738373, -0.009259026497602463, -0.007094584405422211, -0.008720997720956802, -0.010742716491222382, -0.01083497703075409, -0.007298335433006287, -0.014012463390827179, -0.009077426046133041, -0.010300487279891968, -0.010707233101129532]
ref [2.2777373790740967, 0.6690961122512817, 0.4468684196472168, 0.2610071003437042, 0.1791277825832367, 0.1669912487268448, 0.11678556352853775, 0.10583566129207611, 0.09921018779277802, 0.08000896871089935, 0.0767408087849617, 0.06349912285804749, 0.059108950197696686, 0.05507855489850044, 0.047266408801078796, 0.044316913932561874, 0.04316827654838562, 0.04676423221826553, 0.04519897699356079, 0.045570485293865204, 0.043829191476106644, 0.04422982409596443, 0.04261837899684906, 0.0450851209461689, 0.046167243272066116, 0.04605269432067871, 0.041902244091033936, 0.04824107140302658, 0.04342665895819664, 0.045734819024801254, 0.04789508506655693]
[3.6876609325408936, 0.689374566078186, 0.3583821952342987, 0.269595742225647, 0.1871808022260666, 0.14140118658542633, 0.10935723781585693, 0.08732280135154724, 0.07626819610595703, 0.06710866093635559, 0.05601910501718521, 0.048642437905073166, 0.04373987764120102, 0.041062384843826294, 0.037777941673994064, 0.03443599119782448, 0.03396833315491676, 0.034779153764247894, 0.0348300039768219, 0.03542501851916313, 0.03402813896536827, 0.03497079759836197, 0.03552379459142685, 0.0363641232252121, 0.035424526780843735, 0.03521771728992462, 0.03460390865802765, 0.0342286080121994, 0.0343492329120636, 0.035434331744909286, 0.0371878519654274]
Training time: 4957 	steps per sec: 6
Eval num_timesteps=31744, episode_reward=nan +/- nan
Eval num_timesteps=31744, episode_success=nan +/- nan
se
16 16384 1024
diff [1.4099235534667969, 0.020278453826904297, -0.08848622441291809, 0.008588641881942749, 0.008053019642829895, -0.025590062141418457, -0.007428325712680817, -0.01851285994052887, -0.022941991686820984, -0.012900307774543762, -0.02072170376777649, -0.01485668495297432, -0.015369072556495667, -0.014016170054674149, -0.009488467127084732, -0.009880922734737396, -0.009199943393468857, -0.01198507845401764, -0.010368973016738892, -0.010145466774702072, -0.009801052510738373, -0.009259026497602463, -0.007094584405422211, -0.008720997720956802, -0.010742716491222382, -0.01083497703075409, -0.007298335433006287, -0.014012463390827179, -0.009077426046133041, -0.010300487279891968, -0.010707233101129532, -0.006291784346103668]
ref [2.2777373790740967, 0.6690961122512817, 0.4468684196472168, 0.2610071003437042, 0.1791277825832367, 0.1669912487268448, 0.11678556352853775, 0.10583566129207611, 0.09921018779277802, 0.08000896871089935, 0.0767408087849617, 0.06349912285804749, 0.059108950197696686, 0.05507855489850044, 0.047266408801078796, 0.044316913932561874, 0.04316827654838562, 0.04676423221826553, 0.04519897699356079, 0.045570485293865204, 0.043829191476106644, 0.04422982409596443, 0.04261837899684906, 0.0450851209461689, 0.046167243272066116, 0.04605269432067871, 0.041902244091033936, 0.04824107140302658, 0.04342665895819664, 0.045734819024801254, 0.04789508506655693, 0.04490631818771362]
[3.6876609325408936, 0.689374566078186, 0.3583821952342987, 0.269595742225647, 0.1871808022260666, 0.14140118658542633, 0.10935723781585693, 0.08732280135154724, 0.07626819610595703, 0.06710866093635559, 0.05601910501718521, 0.048642437905073166, 0.04373987764120102, 0.041062384843826294, 0.037777941673994064, 0.03443599119782448, 0.03396833315491676, 0.034779153764247894, 0.0348300039768219, 0.03542501851916313, 0.03402813896536827, 0.03497079759836197, 0.03552379459142685, 0.0363641232252121, 0.035424526780843735, 0.03521771728992462, 0.03460390865802765, 0.0342286080121994, 0.0343492329120636, 0.035434331744909286, 0.0371878519654274, 0.038614533841609955]
Training time: 5154 	steps per sec: 6
Eval num_timesteps=32768, episode_reward=nan +/- nan
Eval num_timesteps=32768, episode_success=nan +/- nan
results/Humanoid-v4/
results/Humanoid-v4/ppo_ros/
results/Humanoid-v4/ppo_ros/expert/
results/Humanoid-v4/ppo_ros/expert/b_16/
results/Humanoid-v4/ppo_ros/expert/b_16/no_lambda/
results/Humanoid-v4/ppo_ros/expert/b_16/no_lambda/run_2/
results/Humanoid-v4/ppo_ros/expert/b_16/no_lambda/run_2/evaluations.npz
results/Humanoid-v4/ppo_ros/expert/b_16/no_lambda/run_2/config.yml
results/Humanoid-v4/ppo_ros/expert/b_16/no_lambda/run_2/stats.npz
